--- BRKGA-MP-IPR for HHCRSP ---
Instance: new-instances/HHCRSP_75_15_77_0.8_C_RC.txt
Seed: 1

Reading data... Problem contains 75 patients  and 15 caregivers.

Summary of supply x demand for each service type:
Skill 0 has supply = 5 and demand = 20, ratio = 0.25
Skill 1 has supply = 7 and demand = 24, ratio = 0.291667
Skill 2 has supply = 4 and demand = 8, ratio = 0.5
Skill 3 has supply = 3 and demand = 9, ratio = 0.333333
Skill 4 has supply = 5 and demand = 12, ratio = 0.416667
Skill 5 has supply = 7 and demand = 26, ratio = 0.269231

Reading parameters...
Inferred distance function by PR type: kendall-tau
Building BRKGA data and initializing...
Evolving 448 generations...

  Gens  Rem    Local   ElDiv NoImpr             Best solution            Time  Op
                                       Cost     Dist    Tard    TMax 
*    0  448  3115.67  314.85      0  3115.67  2028.00  6878.0   441.0     0.0    
*    2  446  2384.33  323.14      0  2384.33  1844.00  4432.0   415.0     0.0    
*    3  445  2230.33  271.49      0  2230.33  1844.00  4432.0   415.0     0.0    
*    5  443  2074.33  197.19      0  2074.33  1831.00  3735.0   358.0     0.0    
*    6  442  1974.67  214.26      0  1974.67  1786.00  2567.0   389.0     0.0    
*    7  441  1580.67  193.67      0  1580.67  1786.00  2567.0   389.0     0.0    
*    9  439  1514.33  162.02      0  1514.33  1821.00  1854.0   244.0     0.0    
*   10  438  1306.33  148.13      0  1306.33  1833.00  1636.0   182.0     0.0    
*   11  437  1217.00  135.24      0  1217.00  1833.00  1636.0   182.0     0.0    
*   13  435   953.00  128.50      0   953.00  1709.00   923.0   227.0     0.0    
*   17  431   854.33   80.97      0   854.33  1660.00   770.0   133.0     0.0    
*   19  429   852.00   65.22      0   852.00  1634.00   631.0   151.0     0.0    
*   20  428   805.33   63.37      0   805.33  1721.00   560.0   106.0     0.0    
*   21  427   795.67   54.19      0   795.67  1687.00   496.0   136.0     0.0    
*   22  426   773.00   49.08      0   773.00  1722.00   311.0    87.0     0.0    

  Gens  Rem    Local   ElDiv NoImpr             Best solution            Time  Op
                                       Cost     Dist    Tard    TMax 
*   23  425   706.67   46.03      0   706.67  1722.00   311.0    87.0     0.0    
*   25  423   650.67   41.75      0   650.67  1588.00   200.0    93.0     0.1    
*   26  422   627.00   42.83      0   627.00  1729.00    54.0    54.0     0.1    
*   27  421   612.33   42.86      0   612.33  1581.00    42.0    25.0     0.1    
*   28  420   549.33   45.50      0   549.33  1581.00    42.0    25.0     0.1    
*   31  417   535.33   29.55      0   535.33  1576.00    18.0    12.0     0.1    
*   37  411   523.67   16.37      0   523.67  1528.00     2.0     2.0     0.1    
*   38  410   510.67   14.21      0   510.67  1528.00     2.0     2.0     0.1    
*   40  408   501.00   11.57      0   501.00  1503.00     0.0     0.0     0.1    
*   47  401   495.33    8.47      0   495.33  1464.00     1.0     1.0     0.1    
*   48  400   488.67    7.16      0   488.67  1464.00     1.0     1.0     0.1    
*   50  398   477.33    7.82      0   477.33  1428.00     2.0     2.0     0.1    
*   61  387   474.33    6.70      0   474.33  1402.00    13.0     8.0     0.1    
*   68  380   471.33    6.25      0   471.33  1410.00     1.0     1.0     0.1    
*   69  379   470.67    5.91      0   470.67  1410.00     1.0     1.0     0.1    
*   73  375   464.33    5.51      0   464.33  1384.00     5.0     4.0     0.1    

  Gens  Rem    Local   ElDiv NoImpr             Best solution            Time  Op
                                       Cost     Dist    Tard    TMax 
*   83  365   456.00    5.15      0   456.00  1368.00     0.0     0.0     0.2    
*   96  352   453.67    4.16      0   453.67  1354.00     1.0     1.0     0.2    
Path relinking result: too homogeneous.
    96  352   452.00    4.16      0   453.67  1354.00     1.0     1.0     0.2   P
*   97  351   452.00    3.98      0   452.00  1354.00     1.0     1.0     0.2    
   100  348   452.00    3.17      3   452.00  1354.00     1.0     1.0     0.2    
*  102  346   450.00    3.78      0   450.00  1329.00     7.0     5.0     0.2    
*  103  345   447.00    3.88      0   447.00  1338.00     0.0     0.0     0.2    
*  104  344   446.00    3.89      0   446.00  1316.00     4.0     4.0     0.2    
*  105  343   441.33    3.78      0   441.33  1316.00     4.0     4.0     0.2    
*  107  341   439.00    4.15      0   439.00  1311.00     0.0     0.0     0.2    
*  108  340   437.00    4.24      0   437.00  1304.00     0.0     0.0     0.2    
*  109  339   434.67    3.75      0   434.67  1304.00     0.0     0.0     0.2    
*  120  328   434.33    1.72      0   434.33  1303.00     0.0     0.0     0.2    
*  122  326   434.00    1.29      0   434.00  1302.00     0.0     0.0     0.2    
*  124  324   433.33    0.32      0   433.33  1300.00     0.0     0.0     0.2    
*  134  314   433.00    0.10      0   433.00  1298.00     0.0     0.0     0.2    

  Gens  Rem    Local   ElDiv NoImpr             Best solution            Time  Op
                                       Cost     Dist    Tard    TMax 
*  135  313   432.67    0.34      0   432.67  1292.00     0.0     0.0     0.2    
*  136  312   430.67    0.35      0   430.67  1292.00     0.0     0.0     0.2    
*  142  306   430.33    0.78      0   430.33  1291.00     0.0     0.0     0.2    
   150  298   430.33    0.00      8   430.33  1291.00     0.0     0.0     0.2    
Path relinking result: too homogeneous.
   192  256   430.33    0.00     51   430.33  1291.00     0.0     0.0     0.3   P
   200  248   430.33    0.00     58   430.33  1291.00     0.0     0.0     0.3    
*  205  243   430.00    0.07      0   430.00  1290.00     0.0     0.0     0.3    
*  243  205   426.33    0.45      0   426.33  1279.00     0.0     0.0     0.4    
   250  198   426.33    0.00      7   426.33  1279.00     0.0     0.0     0.4    
Path relinking result: too homogeneous.
   288  160   426.33    0.00     46   426.33  1279.00     0.0     0.0     0.4   P
   300  148   426.33    0.00     57   426.33  1279.00     0.0     0.0     0.5    
   310  138      inf  429.97      0   426.33  1279.00     0.0     0.0     0.5   R
   311  137  2597.00  356.99      0   426.33  1279.00     0.0     0.0     0.5    
   350   98   547.67   16.14      0   426.33  1279.00     0.0     0.0     0.5    
Path relinking result: too homogeneous.
   384   64   464.00    3.99      9   426.33  1279.00     0.0     0.0     0.6   P
   400   48   458.33    1.79      0   426.33  1279.00     0.0     0.0     0.6    

  Gens  Rem    Local   ElDiv NoImpr             Best solution            Time  Op
                                       Cost     Dist    Tard    TMax 
   448    0   447.67    0.00     16   426.33  1279.00     0.0     0.0     0.7    
Evolutionary process finished.
Solution written to 'solution-37532.txt'.

Sorted sequence of worst to best tardiness value:
Task for patient = 18 with skills = {0,-1} and cost = 270.3
   Vehicle #0 = 6, leaving at = 805.0
   Vehicle #1 = -1, leaving at = inf
   Increment on distance indicator: 15.0
   Increment on tard indicator:     0.0
   Value of tmax indicator:         15.0

Task for patient = 61 with skills = {0,-1} and cost = 265.3
   Vehicle #0 = 4, leaving at = 797.0
   Vehicle #1 = -1, leaving at = inf
   Increment on distance indicator: 13.0
   Increment on tard indicator:     0.0
   Value of tmax indicator:         13.0

Task for patient = 48 with skills = {0,-1} and cost = 261.0
   Vehicle #0 = 5, leaving at = 934.0
   Vehicle #1 = -1, leaving at = inf
   Increment on distance indicator: 10.0
   Increment on tard indicator:     0.0
   Value of tmax indicator:         10.0

Task for patient = 24 with skills = {0,-1} and cost = 257.7
   Vehicle #0 = 5, leaving at = 902.0
   Vehicle #1 = -1, leaving at = inf
   Increment on distance indicator: 10.0
   Increment on tard indicator:     0.0
   Value of tmax indicator:         10.0

Task for patient = 52 with skills = {2,5} and cost = 254.3
   Vehicle #0 = 2, leaving at = 836.0
   Vehicle #1 = 11, leaving at = 833.0
   Increment on distance indicator: 34.0
   Increment on tard indicator:     0.0
   Value of tmax indicator:         34.0

Task for patient = 23 with skills = {1,-1} and cost = 243.0
   Vehicle #0 = 2, leaving at = 759.0
   Vehicle #1 = -1, leaving at = inf
   Increment on distance indicator: 12.0
   Increment on tard indicator:     0.0
   Value of tmax indicator:         12.0

Task for patient = 15 with skills = {1,5} and cost = 239.0
   Vehicle #0 = 3, leaving at = 832.0
   Vehicle #1 = 7, leaving at = 837.0
   Increment on distance indicator: 19.0
   Increment on tard indicator:     0.0
   Value of tmax indicator:         19.0

Task for patient = 1 with skills = {0,-1} and cost = 232.7
   Vehicle #0 = 4, leaving at = 726.0
   Vehicle #1 = -1, leaving at = inf
   Increment on distance indicator: 3.0
   Increment on tard indicator:     0.0
   Value of tmax indicator:         3.0

Task for patient = 55 with skills = {0,5} and cost = 357.7
   Vehicle #0 = 5, leaving at = 1010.0
   Vehicle #1 = 12, leaving at = 1000.0
   Increment on distance indicator: 27.0
   Increment on tard indicator:     0.0
   Value of tmax indicator:         27.0

Task for patient = 22 with skills = {4,-1} and cost = 229.7
   Vehicle #0 = 10, leaving at = 852.0
   Vehicle #1 = -1, leaving at = inf
   Increment on distance indicator: 3.0
   Increment on tard indicator:     0.0
   Value of tmax indicator:         3.0

Task for patient = 50 with skills = {0,5} and cost = 228.7
   Vehicle #0 = 1, leaving at = 927.0
   Vehicle #1 = 9, leaving at = 924.0
   Increment on distance indicator: 21.0
   Increment on tard indicator:     0.0
   Value of tmax indicator:         21.0

Task for patient = 27 with skills = {0,-1} and cost = 221.7
   Vehicle #0 = 5, leaving at = 875.0
   Vehicle #1 = -1, leaving at = inf
   Increment on distance indicator: 5.0
   Increment on tard indicator:     0.0
   Value of tmax indicator:         5.0

Task for patient = 39 with skills = {5,-1} and cost = 220.0
   Vehicle #0 = 10, leaving at = 815.0
   Vehicle #1 = -1, leaving at = inf
   Increment on distance indicator: 4.0
   Increment on tard indicator:     0.0
   Value of tmax indicator:         4.0

Task for patient = 53 with skills = {1,5} and cost = 218.7
   Vehicle #0 = 5, leaving at = 774.0
   Vehicle #1 = 7, leaving at = 794.0
   Increment on distance indicator: 12.0
   Increment on tard indicator:     0.0
   Value of tmax indicator:         12.0

Task for patient = 4 with skills = {4,-1} and cost = 214.7
   Vehicle #0 = 9, leaving at = 868.0
   Vehicle #1 = -1, leaving at = inf
   Increment on distance indicator: 5.0
   Increment on tard indicator:     0.0
   Value of tmax indicator:         5.0

Task for patient = 62 with skills = {1,-1} and cost = 213.0
   Vehicle #0 = 1, leaving at = 876.0
   Vehicle #1 = -1, leaving at = inf
   Increment on distance indicator: 4.0
   Increment on tard indicator:     0.0
   Value of tmax indicator:         4.0

Task for patient = 38 with skills = {0,-1} and cost = 211.7
   Vehicle #0 = 6, leaving at = 732.0
   Vehicle #1 = -1, leaving at = inf
   Increment on distance indicator: 17.0
   Increment on tard indicator:     0.0
   Value of tmax indicator:         17.0

Task for patient = 7 with skills = {2,-1} and cost = 231.7
   Vehicle #0 = 0, leaving at = 909.0
   Vehicle #1 = -1, leaving at = inf
   Increment on distance indicator: 6.0
   Increment on tard indicator:     0.0
   Value of tmax indicator:         6.0

Task for patient = 33 with skills = {3,-1} and cost = 348.7
   Vehicle #0 = 7, leaving at = 952.0
   Vehicle #1 = -1, leaving at = inf
   Increment on distance indicator: 22.0
   Increment on tard indicator:     0.0
   Value of tmax indicator:         22.0

Task for patient = 42 with skills = {2,4} and cost = 341.3
   Vehicle #0 = 0, leaving at = 1049.0
   Vehicle #1 = 10, leaving at = 1026.0
   Increment on distance indicator: 8.0
   Increment on tard indicator:     0.0
   Value of tmax indicator:         8.0

Task for patient = 43 with skills = {1,-1} and cost = 338.7
   Vehicle #0 = 1, leaving at = 986.0
   Vehicle #1 = -1, leaving at = inf
   Increment on distance indicator: 10.0
   Increment on tard indicator:     0.0
   Value of tmax indicator:         10.0

Task for patient = 32 with skills = {1,-1} and cost = 335.3
   Vehicle #0 = 3, leaving at = 980.0
   Vehicle #1 = -1, leaving at = inf
   Increment on distance indicator: 10.0
   Increment on tard indicator:     0.0
   Value of tmax indicator:         10.0

Task for patient = 56 with skills = {0,5} and cost = 332.0
   Vehicle #0 = 4, leaving at = 1054.0
   Vehicle #1 = 14, leaving at = 1091.0
   Increment on distance indicator: 27.0
   Increment on tard indicator:     0.0
   Value of tmax indicator:         27.0

Task for patient = 37 with skills = {1,4} and cost = 323.0
   Vehicle #0 = 3, leaving at = 913.0
   Vehicle #1 = 12, leaving at = 935.0
   Increment on distance indicator: 24.0
   Increment on tard indicator:     0.0
   Value of tmax indicator:         24.0

Task for patient = 47 with skills = {1,-1} and cost = 315.0
   Vehicle #0 = 1, leaving at = 952.0
   Vehicle #1 = -1, leaving at = inf
   Increment on distance indicator: 8.0
   Increment on tard indicator:     0.0
   Value of tmax indicator:         8.0

Task for patient = 60 with skills = {0,-1} and cost = 312.3
   Vehicle #0 = 4, leaving at = 1012.0
   Vehicle #1 = -1, leaving at = inf
   Increment on distance indicator: 2.0
   Increment on tard indicator:     0.0
   Value of tmax indicator:         2.0

Task for patient = 45 with skills = {4,-1} and cost = 271.3
   Vehicle #0 = 14, leaving at = 966.0
   Vehicle #1 = -1, leaving at = inf
   Increment on distance indicator: 3.0
   Increment on tard indicator:     0.0
   Value of tmax indicator:         3.0

Task for patient = 21 with skills = {1,-1} and cost = 308.0
   Vehicle #0 = 2, leaving at = 887.0
   Vehicle #1 = -1, leaving at = inf
   Increment on distance indicator: 6.0
   Increment on tard indicator:     0.0
   Value of tmax indicator:         6.0

Task for patient = 36 with skills = {4,-1} and cost = 306.0
   Vehicle #0 = 9, leaving at = 1014.0
   Vehicle #1 = -1, leaving at = inf
   Increment on distance indicator: 5.0
   Increment on tard indicator:     0.0
   Value of tmax indicator:         5.0

Task for patient = 49 with skills = {5,-1} and cost = 304.3
   Vehicle #0 = 9, leaving at = 977.0
   Vehicle #1 = -1, leaving at = inf
   Increment on distance indicator: 6.0
   Increment on tard indicator:     0.0
   Value of tmax indicator:         6.0

Task for patient = 28 with skills = {5,-1} and cost = 302.3
   Vehicle #0 = 10, leaving at = 987.0
   Vehicle #1 = -1, leaving at = inf
   Increment on distance indicator: 5.0
   Increment on tard indicator:     0.0
   Value of tmax indicator:         5.0

Task for patient = 54 with skills = {1,-1} and cost = 300.7
   Vehicle #0 = 4, leaving at = 970.0
   Vehicle #1 = -1, leaving at = inf
   Increment on distance indicator: 11.0
   Increment on tard indicator:     0.0
   Value of tmax indicator:         11.0

Task for patient = 16 with skills = {2,3} and cost = 297.0
   Vehicle #0 = 6, leaving at = 892.0
   Vehicle #1 = 7, leaving at = 876.0
   Increment on distance indicator: 50.0
   Increment on tard indicator:     0.0
   Value of tmax indicator:         50.0

Task for patient = 2 with skills = {0,-1} and cost = 280.3
   Vehicle #0 = 0, leaving at = 960.0
   Vehicle #1 = -1, leaving at = inf
   Increment on distance indicator: 6.0
   Increment on tard indicator:     0.0
   Value of tmax indicator:         6.0

Task for patient = 67 with skills = {5,-1} and cost = 278.3
   Vehicle #0 = 10, leaving at = 894.0
   Vehicle #1 = -1, leaving at = inf
   Increment on distance indicator: 3.0
   Increment on tard indicator:     0.0
   Value of tmax indicator:         3.0

Task for patient = 34 with skills = {0,-1} and cost = 277.3
   Vehicle #0 = 4, leaving at = 872.0
   Vehicle #1 = -1, leaving at = inf
   Increment on distance indicator: 18.0
   Increment on tard indicator:     0.0
   Value of tmax indicator:         18.0

Task for patient = 35 with skills = {2,-1} and cost = 311.7
   Vehicle #0 = 2, leaving at = 976.0
   Vehicle #1 = -1, leaving at = inf
   Increment on distance indicator: 11.0
   Increment on tard indicator:     0.0
   Value of tmax indicator:         11.0

Task for patient = 25 with skills = {3,-1} and cost = 136.7
   Vehicle #0 = 8, leaving at = 623.0
   Vehicle #1 = -1, leaving at = inf
   Increment on distance indicator: 9.0
   Increment on tard indicator:     0.0
   Value of tmax indicator:         9.0

Task for patient = 46 with skills = {1,4} and cost = 133.7
   Vehicle #0 = 1, leaving at = 739.0
   Vehicle #1 = 10, leaving at = 717.0
   Increment on distance indicator: 18.0
   Increment on tard indicator:     0.0
   Value of tmax indicator:         18.0

Task for patient = 14 with skills = {5,-1} and cost = 127.7
   Vehicle #0 = 9, leaving at = 728.0
   Vehicle #1 = -1, leaving at = inf
   Increment on distance indicator: 7.0
   Increment on tard indicator:     0.0
   Value of tmax indicator:         7.0

Task for patient = 9 with skills = {1,4} and cost = 125.3
   Vehicle #0 = 4, leaving at = 538.0
   Vehicle #1 = 12, leaving at = 559.0
   Increment on distance indicator: 44.0
   Increment on tard indicator:     0.0
   Value of tmax indicator:         44.0

Task for patient = 66 with skills = {1,-1} and cost = 110.7
   Vehicle #0 = 3, leaving at = 624.0
   Vehicle #1 = -1, leaving at = inf
   Increment on distance indicator: 2.0
   Increment on tard indicator:     0.0
   Value of tmax indicator:         2.0

Task for patient = 41 with skills = {1,-1} and cost = 110.0
   Vehicle #0 = 3, leaving at = 545.0
   Vehicle #1 = -1, leaving at = inf
   Increment on distance indicator: 18.0
   Increment on tard indicator:     0.0
   Value of tmax indicator:         18.0

Task for patient = 73 with skills = {1,5} and cost = 104.0
   Vehicle #0 = 0, leaving at = 657.0
   Vehicle #1 = 11, leaving at = 619.0
   Increment on distance indicator: 26.0
   Increment on tard indicator:     0.0
   Value of tmax indicator:         26.0

Task for patient = 44 with skills = {3,-1} and cost = 95.3
   Vehicle #0 = 9, leaving at = 680.0
   Vehicle #1 = -1, leaving at = inf
   Increment on distance indicator: 11.0
   Increment on tard indicator:     0.0
   Value of tmax indicator:         11.0

Task for patient = 19 with skills = {4,-1} and cost = 206.0
   Vehicle #0 = 12, leaving at = 883.0
   Vehicle #1 = -1, leaving at = inf
   Increment on distance indicator: 13.0
   Increment on tard indicator:     0.0
   Value of tmax indicator:         13.0

Task for patient = 6 with skills = {1,-1} and cost = 84.3
   Vehicle #0 = 0, leaving at = 596.0
   Vehicle #1 = -1, leaving at = inf
   Increment on distance indicator: 11.0
   Increment on tard indicator:     0.0
   Value of tmax indicator:         11.0

Task for patient = 69 with skills = {2,5} and cost = 80.7
   Vehicle #0 = 6, leaving at = 584.0
   Vehicle #1 = 8, leaving at = 568.0
   Increment on distance indicator: 54.0
   Increment on tard indicator:     0.0
   Value of tmax indicator:         54.0

Task for patient = 59 with skills = {1,3} and cost = 62.7
   Vehicle #0 = 2, leaving at = 690.0
   Vehicle #1 = 7, leaving at = 702.0
   Increment on distance indicator: 30.0
   Increment on tard indicator:     0.0
   Value of tmax indicator:         30.0

Task for patient = 17 with skills = {1,4} and cost = 52.7
   Vehicle #0 = 1, leaving at = 679.0
   Vehicle #1 = 10, leaving at = 641.0
   Increment on distance indicator: 22.0
   Increment on tard indicator:     0.0
   Value of tmax indicator:         22.0

Task for patient = 31 with skills = {2,5} and cost = 45.3
   Vehicle #0 = 1, leaving at = 608.0
   Vehicle #1 = 10, leaving at = 598.0
   Increment on distance indicator: 30.0
   Increment on tard indicator:     0.0
   Value of tmax indicator:         30.0

Task for patient = 11 with skills = {5,-1} and cost = 35.3
   Vehicle #0 = 7, leaving at = 606.0
   Vehicle #1 = -1, leaving at = inf
   Increment on distance indicator: 17.0
   Increment on tard indicator:     0.0
   Value of tmax indicator:         17.0

Task for patient = 12 with skills = {4,-1} and cost = 29.7
   Vehicle #0 = 10, leaving at = 540.0
   Vehicle #1 = -1, leaving at = inf
   Increment on distance indicator: 19.0
   Increment on tard indicator:     0.0
   Value of tmax indicator:         19.0

Task for patient = 20 with skills = {0,-1} and cost = 23.3
   Vehicle #0 = 1, leaving at = 512.0
   Vehicle #1 = -1, leaving at = inf
   Increment on distance indicator: 16.0
   Increment on tard indicator:     0.0
   Value of tmax indicator:         16.0

Task for patient = 58 with skills = {2,4} and cost = 18.0
   Vehicle #0 = 0, leaving at = 540.0
   Vehicle #1 = 9, leaving at = 511.0
   Increment on distance indicator: 54.0
   Increment on tard indicator:     0.0
   Value of tmax indicator:         54.0

Task for patient = 40 with skills = {0,-1} and cost = 91.7
   Vehicle #0 = 6, leaving at = 665.0
   Vehicle #1 = -1, leaving at = inf
   Increment on distance indicator: 22.0
   Increment on tard indicator:     0.0
   Value of tmax indicator:         22.0

Task for patient = 70 with skills = {1,5} and cost = 201.7
   Vehicle #0 = 4, leaving at = 672.0
   Vehicle #1 = 11, leaving at = 671.0
   Increment on distance indicator: 8.0
   Increment on tard indicator:     0.0
   Value of tmax indicator:         8.0

Task for patient = 74 with skills = {0,-1} and cost = 199.0
   Vehicle #0 = 5, leaving at = 734.0
   Vehicle #1 = -1, leaving at = inf
   Increment on distance indicator: 8.0
   Increment on tard indicator:     0.0
   Value of tmax indicator:         8.0

Task for patient = 63 with skills = {5,-1} and cost = 196.3
   Vehicle #0 = 12, leaving at = 847.0
   Vehicle #1 = -1, leaving at = inf
   Increment on distance indicator: 3.0
   Increment on tard indicator:     0.0
   Value of tmax indicator:         3.0

Task for patient = 71 with skills = {3,-1} and cost = 195.3
   Vehicle #0 = 8, leaving at = 795.0
   Vehicle #1 = -1, leaving at = inf
   Increment on distance indicator: 8.0
   Increment on tard indicator:     0.0
   Value of tmax indicator:         8.0

Task for patient = 29 with skills = {1,3} and cost = 192.7
   Vehicle #0 = 1, leaving at = 850.0
   Vehicle #1 = 9, leaving at = 815.0
   Increment on distance indicator: 8.0
   Increment on tard indicator:     0.0
   Value of tmax indicator:         8.0

Task for patient = 30 with skills = {0,5} and cost = 190.0
   Vehicle #0 = 0, leaving at = 777.0
   Vehicle #1 = 10, leaving at = 759.0
   Increment on distance indicator: 14.0
   Increment on tard indicator:     0.0
   Value of tmax indicator:         14.0

Task for patient = 10 with skills = {5,-1} and cost = 185.3
   Vehicle #0 = 12, leaving at = 792.0
   Vehicle #1 = -1, leaving at = inf
   Increment on distance indicator: 5.0
   Increment on tard indicator:     0.0
   Value of tmax indicator:         5.0

Task for patient = 13 with skills = {3,-1} and cost = 183.7
   Vehicle #0 = 9, leaving at = 791.0
   Vehicle #1 = -1, leaving at = inf
   Increment on distance indicator: 17.0
   Increment on tard indicator:     0.0
   Value of tmax indicator:         17.0

Task for patient = 51 with skills = {5,-1} and cost = 138.7
   Vehicle #0 = 12, leaving at = 624.0
   Vehicle #1 = -1, leaving at = inf
   Increment on distance indicator: 6.0
   Increment on tard indicator:     0.0
   Value of tmax indicator:         6.0

Task for patient = 72 with skills = {1,-1} and cost = 176.7
   Vehicle #0 = 3, leaving at = 695.0
   Vehicle #1 = -1, leaving at = inf
   Increment on distance indicator: 12.0
   Increment on tard indicator:     0.0
   Value of tmax indicator:         12.0

Task for patient = 8 with skills = {0,5} and cost = 172.7
   Vehicle #0 = 0, leaving at = 700.0
   Vehicle #1 = 12, leaving at = 730.0
   Increment on distance indicator: 20.0
   Increment on tard indicator:     0.0
   Value of tmax indicator:         20.0

Task for patient = 5 with skills = {5,-1} and cost = 166.0
   Vehicle #0 = 8, leaving at = 663.0
   Vehicle #1 = -1, leaving at = inf
   Increment on distance indicator: 2.0
   Increment on tard indicator:     0.0
   Value of tmax indicator:         2.0

Task for patient = 68 with skills = {5,-1} and cost = 165.3
   Vehicle #0 = 14, leaving at = 906.0
   Vehicle #1 = -1, leaving at = inf
   Increment on distance indicator: 3.0
   Increment on tard indicator:     0.0
   Value of tmax indicator:         3.0

Task for patient = 64 with skills = {1,-1} and cost = 164.3
   Vehicle #0 = 3, leaving at = 661.0
   Vehicle #1 = -1, leaving at = inf
   Increment on distance indicator: 14.0
   Increment on tard indicator:     0.0
   Value of tmax indicator:         14.0

Task for patient = 3 with skills = {1,5} and cost = 159.7
   Vehicle #0 = 4, leaving at = 631.0
   Vehicle #1 = 11, leaving at = 644.0
   Increment on distance indicator: 14.0
   Increment on tard indicator:     0.0
   Value of tmax indicator:         14.0

Task for patient = 57 with skills = {0,-1} and cost = 155.0
   Vehicle #0 = 5, leaving at = 677.0
   Vehicle #1 = -1, leaving at = inf
   Increment on distance indicator: 1.0
   Increment on tard indicator:     0.0
   Value of tmax indicator:         1.0

Task for patient = 75 with skills = {1,5} and cost = 154.7
   Vehicle #0 = 5, leaving at = 600.0
   Vehicle #1 = 14, leaving at = 596.0
   Increment on distance indicator: 14.0
   Increment on tard indicator:     0.0
   Value of tmax indicator:         14.0

Task for patient = 26 with skills = {0,5} and cost = 150.0
   Vehicle #0 = 5, leaving at = 531.0
   Vehicle #1 = 14, leaving at = 562.0
   Increment on distance indicator: 34.0
   Increment on tard indicator:     0.0
   Value of tmax indicator:         34.0

Task for patient = 65 with skills = {3,-1} and cost = 178.0
   Vehicle #0 = 7, leaving at = 744.0
   Vehicle #1 = -1, leaving at = inf
   Increment on distance indicator: 4.0
   Increment on tard indicator:     0.0
   Value of tmax indicator:         4.0


Unused vehicle list: 13 (total = 1 out of 15)

---
Search finished.
Total of 448 generations in 0.7 seconds.
Exchange elite runs: 0
Implicit path relinking runs: 4
Reset attempts: 1

Best solution found:
   Cost: 426.3
   Total travel time: 1279.0
   Total tardiness time: 0.0
   Largest tardiness: 0.0


426.3
