--- BRKGA-MP-IPR for HHCRSP ---
Instance: new-instances/HHCRSP_75_15_15_1.0_R_R.txt
Seed: 1

Reading data... Problem contains 75 patients  and 15 caregivers.

Summary of supply x demand for each service type:
Skill 0 has supply = 7 and demand = 17, ratio = 0.411765
Skill 1 has supply = 5 and demand = 18, ratio = 0.277778
Skill 2 has supply = 6 and demand = 11, ratio = 0.545455
Skill 3 has supply = 6 and demand = 21, ratio = 0.285714
Skill 4 has supply = 6 and demand = 14, ratio = 0.428571
Skill 5 has supply = 6 and demand = 18, ratio = 0.333333

Reading parameters...
Inferred distance function by PR type: kendall-tau
Building BRKGA data and initializing...
Evolving 448 generations...

  Gens  Rem    Local   ElDiv NoImpr             Best solution            Time  Op
                                       Cost     Dist    Tard    TMax 
*    0  448  2404.67  277.73      0  2404.67  1698.00  5132.0   384.0     0.0    
*    2  446  2193.33  240.31      0  2193.33  1692.00  3738.0   305.0     0.0    
*    3  445  1911.67  251.08      0  1911.67  1680.00  2649.0   298.0     0.0    
*    4  444  1542.33  218.18      0  1542.33  1650.00  2229.0   271.0     0.0    
*    5  443  1383.33  180.71      0  1383.33  1650.00  2229.0   271.0     0.0    
*    8  440  1266.00  167.55      0  1266.00  1653.00  1336.0   179.0     0.0    
*    9  439  1056.00  133.94      0  1056.00  1653.00  1336.0   179.0     0.0    
*   11  437   712.00  128.04      0   712.00  1565.00   430.0   141.0     0.0    
*   16  432   655.67   81.90      0   655.67  1550.00   158.0    85.0     0.0    
*   17  431   597.67   83.63      0   597.67  1437.00    66.0    26.0     0.0    
*   18  430   509.67   74.32      0   509.67  1437.00    66.0    26.0     0.0    
*   23  425   497.67   31.44      0   497.67  1459.00    24.0    10.0     0.1    
*   29  419   491.33   15.53      0   491.33  1431.00     9.0     8.0     0.1    
*   30  418   482.67   14.72      0   482.67  1420.00     8.0     4.0     0.1    
*   31  417   477.33   13.43      0   477.33  1420.00     8.0     4.0     0.1    

  Gens  Rem    Local   ElDiv NoImpr             Best solution            Time  Op
                                       Cost     Dist    Tard    TMax 
*   33  415   476.67    9.69      0   476.67  1428.00     1.0     1.0     0.1    
*   35  413   454.00   10.25      0   454.00  1354.00     4.0     4.0     0.1    
*   42  406   450.67    8.78      0   450.67  1330.00    10.0     6.0     0.1    
*   43  405   448.67    8.34      0   448.67  1330.00    10.0     6.0     0.1    
*   45  403   432.33   10.39      0   432.33  1289.00     0.0     0.0     0.1    
*   46  402   429.67   10.42      0   429.67  1289.00     0.0     0.0     0.1    
    50  398   429.67    9.67      4   429.67  1289.00     0.0     0.0     0.1    
*   51  397   426.67    8.66      0   426.67  1280.00     0.0     0.0     0.1    
*   54  394   412.33    8.60      0   412.33  1237.00     0.0     0.0     0.1    
*   77  371   406.67    4.68      0   406.67  1212.00     4.0     4.0     0.2    
*   79  369   404.33    4.78      0   404.33  1211.00     1.0     1.0     0.2    
*   81  367   400.67    5.30      0   400.67  1202.00     0.0     0.0     0.2    
*   88  360   399.33    4.72      0   399.33  1185.00     0.0     0.0     0.2    
*   89  359   395.00    4.58      0   395.00  1185.00     0.0     0.0     0.2    
*   94  354   393.67    3.79      0   393.67  1175.00     0.0     0.0     0.2    
*   95  353   391.67    3.50      0   391.67  1175.00     0.0     0.0     0.2    
Path relinking result: too homogeneous.

  Gens  Rem    Local   ElDiv NoImpr             Best solution            Time  Op
                                       Cost     Dist    Tard    TMax 
    96  352   389.67    3.42      0   391.67  1175.00     0.0     0.0     0.2   P
*   97  351   389.67    3.12      0   389.67  1169.00     0.0     0.0     0.2    
*   99  349   384.00    3.30      0   384.00  1152.00     0.0     0.0     0.2    
   100  348   384.00    3.19      1   384.00  1152.00     0.0     0.0     0.2    
*  110  338   382.33    0.96      0   382.33  1147.00     0.0     0.0     0.2    
*  113  335   381.67    0.57      0   381.67  1145.00     0.0     0.0     0.2    
*  116  332   381.00    0.59      0   381.00  1143.00     0.0     0.0     0.2    
*  118  330   380.67    0.46      0   380.67  1142.00     0.0     0.0     0.2    
*  121  327   380.00    0.31      0   380.00  1140.00     0.0     0.0     0.3    
*  132  316   377.33    0.58      0   377.33  1131.00     0.0     0.0     0.3    
*  133  315   377.00    0.68      0   377.00  1131.00     0.0     0.0     0.3    
*  137  311   376.67    0.18      0   376.67  1130.00     0.0     0.0     0.3    
   150  298   376.67    0.00     13   376.67  1130.00     0.0     0.0     0.3    
*  161  287   374.33    0.37      0   374.33  1123.00     0.0     0.0     0.3    
*  165  283   373.67    0.75      0   373.67  1119.00     0.0     0.0     0.3    
*  166  282   373.00    0.57      0   373.00  1119.00     0.0     0.0     0.3    

  Gens  Rem    Local   ElDiv NoImpr             Best solution            Time  Op
                                       Cost     Dist    Tard    TMax 
*  168  280   372.33    0.62      0   372.33  1113.00     2.0     2.0     0.3    
*  186  262   372.00    0.04      0   372.00  1116.00     0.0     0.0     0.4    
Path relinking result: too homogeneous.
   192  256   372.00    0.11      7   372.00  1116.00     0.0     0.0     0.4   P
*  199  249   371.33    0.38      0   371.33  1107.00     0.0     0.0     0.4    
*  200  248   369.00    0.38      0   369.00  1107.00     0.0     0.0     0.4    
   250  198   369.00    0.45     50   369.00  1107.00     0.0     0.0     0.5    
*  251  197   365.33    0.45      0   365.33  1096.00     0.0     0.0     0.5    
*  272  176   364.67    0.12      0   364.67  1094.00     0.0     0.0     0.6    
Path relinking result: too homogeneous.
   288  160   364.67    0.00     17   364.67  1094.00     0.0     0.0     0.6   P
   300  148   364.67    0.00     28   364.67  1094.00     0.0     0.0     0.6    
   339  109      inf  300.51      0   364.67  1094.00     0.0     0.0     0.7   R
   340  108  1954.33  270.96      0   364.67  1094.00     0.0     0.0     0.7    
   350   98  1185.67  155.01      2   364.67  1094.00     0.0     0.0     0.7    
Path relinking result: too homogeneous.
   384   64   451.67    8.99      0   364.67  1094.00     0.0     0.0     0.8   P
   400   48   432.67    7.22      1   364.67  1094.00     0.0     0.0     0.8    
   448    0   386.67    3.46      3   364.67  1094.00     0.0     0.0     0.9    
Evolutionary process finished.
Solution written to 'solution-20309.txt'.

Sorted sequence of worst to best tardiness value:
Task for patient = 1 with skills = {1,3} and cost = 228.7
   Vehicle #0 = 1, leaving at = 904.0
   Vehicle #1 = 8, leaving at = 916.0
   Increment on distance indicator: 15.0
   Increment on tard indicator:     0.0
   Value of tmax indicator:         15.0

Task for patient = 46 with skills = {5,-1} and cost = 223.7
   Vehicle #0 = 9, leaving at = 921.0
   Vehicle #1 = -1, leaving at = inf
   Increment on distance indicator: 10.0
   Increment on tard indicator:     0.0
   Value of tmax indicator:         10.0

Task for patient = 4 with skills = {1,-1} and cost = 220.3
   Vehicle #0 = 5, leaving at = 904.0
   Vehicle #1 = -1, leaving at = inf
   Increment on distance indicator: 5.0
   Increment on tard indicator:     0.0
   Value of tmax indicator:         5.0

Task for patient = 17 with skills = {2,-1} and cost = 218.7
   Vehicle #0 = 3, leaving at = 873.0
   Vehicle #1 = -1, leaving at = inf
   Increment on distance indicator: 7.0
   Increment on tard indicator:     0.0
   Value of tmax indicator:         7.0

Task for patient = 60 with skills = {0,-1} and cost = 216.3
   Vehicle #0 = 3, leaving at = 844.0
   Vehicle #1 = -1, leaving at = inf
   Increment on distance indicator: 7.0
   Increment on tard indicator:     0.0
   Value of tmax indicator:         7.0

Task for patient = 21 with skills = {0,-1} and cost = 214.0
   Vehicle #0 = 2, leaving at = 772.0
   Vehicle #1 = -1, leaving at = inf
   Increment on distance indicator: 4.0
   Increment on tard indicator:     0.0
   Value of tmax indicator:         4.0

Task for patient = 70 with skills = {5,-1} and cost = 212.7
   Vehicle #0 = 13, leaving at = 755.0
   Vehicle #1 = -1, leaving at = inf
   Increment on distance indicator: 7.0
   Increment on tard indicator:     0.0
   Value of tmax indicator:         7.0

Task for patient = 63 with skills = {1,4} and cost = 210.3
   Vehicle #0 = 0, leaving at = 859.0
   Vehicle #1 = 9, leaving at = 896.0
   Increment on distance indicator: 17.0
   Increment on tard indicator:     0.0
   Value of tmax indicator:         17.0

Task for patient = 59 with skills = {2,4} and cost = 307.0
   Vehicle #0 = 0, leaving at = 1089.0
   Vehicle #1 = 9, leaving at = 1083.0
   Increment on distance indicator: 14.0
   Increment on tard indicator:     0.0
   Value of tmax indicator:         14.0

Task for patient = 42 with skills = {2,-1} and cost = 203.7
   Vehicle #0 = 3, leaving at = 809.0
   Vehicle #1 = -1, leaving at = inf
   Increment on distance indicator: 15.0
   Increment on tard indicator:     0.0
   Value of tmax indicator:         15.0

Task for patient = 48 with skills = {0,5} and cost = 198.7
   Vehicle #0 = 2, leaving at = 735.0
   Vehicle #1 = 11, leaving at = 780.0
   Increment on distance indicator: 2.0
   Increment on tard indicator:     0.0
   Value of tmax indicator:         2.0

Task for patient = 10 with skills = {3,-1} and cost = 198.0
   Vehicle #0 = 7, leaving at = 705.0
   Vehicle #1 = -1, leaving at = inf
   Increment on distance indicator: 5.0
   Increment on tard indicator:     0.0
   Value of tmax indicator:         5.0

Task for patient = 5 with skills = {3,-1} and cost = 196.3
   Vehicle #0 = 14, leaving at = 850.0
   Vehicle #1 = -1, leaving at = inf
   Increment on distance indicator: 5.0
   Increment on tard indicator:     0.0
   Value of tmax indicator:         5.0

Task for patient = 15 with skills = {3,-1} and cost = 194.7
   Vehicle #0 = 9, leaving at = 836.0
   Vehicle #1 = -1, leaving at = inf
   Increment on distance indicator: 2.0
   Increment on tard indicator:     0.0
   Value of tmax indicator:         2.0

Task for patient = 27 with skills = {1,-1} and cost = 194.0
   Vehicle #0 = 1, leaving at = 846.0
   Vehicle #1 = -1, leaving at = inf
   Increment on distance indicator: 19.0
   Increment on tard indicator:     0.0
   Value of tmax indicator:         19.0

Task for patient = 11 with skills = {3,-1} and cost = 187.7
   Vehicle #0 = 14, leaving at = 813.0
   Vehicle #1 = -1, leaving at = inf
   Increment on distance indicator: 8.0
   Increment on tard indicator:     0.0
   Value of tmax indicator:         8.0

Task for patient = 66 with skills = {0,-1} and cost = 185.0
   Vehicle #0 = 4, leaving at = 813.0
   Vehicle #1 = -1, leaving at = inf
   Increment on distance indicator: 20.0
   Increment on tard indicator:     0.0
   Value of tmax indicator:         20.0

Task for patient = 16 with skills = {5,-1} and cost = 204.7
   Vehicle #0 = 14, leaving at = 883.0
   Vehicle #1 = -1, leaving at = inf
   Increment on distance indicator: 3.0
   Increment on tard indicator:     0.0
   Value of tmax indicator:         3.0

Task for patient = 25 with skills = {0,4} and cost = 302.3
   Vehicle #0 = 3, leaving at = 990.0
   Vehicle #1 = 11, leaving at = 990.0
   Increment on distance indicator: 27.0
   Increment on tard indicator:     0.0
   Value of tmax indicator:         27.0

Task for patient = 33 with skills = {0,3} and cost = 293.3
   Vehicle #0 = 6, leaving at = 931.0
   Vehicle #1 = 14, leaving at = 925.0
   Increment on distance indicator: 8.0
   Increment on tard indicator:     0.0
   Value of tmax indicator:         8.0

Task for patient = 49 with skills = {1,3} and cost = 290.7
   Vehicle #0 = 5, leaving at = 996.0
   Vehicle #1 = 7, leaving at = 1013.0
   Increment on distance indicator: 12.0
   Increment on tard indicator:     0.0
   Value of tmax indicator:         12.0

Task for patient = 62 with skills = {1,3} and cost = 286.7
   Vehicle #0 = 4, leaving at = 968.0
   Vehicle #1 = 13, leaving at = 990.0
   Increment on distance indicator: 9.0
   Increment on tard indicator:     0.0
   Value of tmax indicator:         9.0

Task for patient = 71 with skills = {5,-1} and cost = 283.7
   Vehicle #0 = 12, leaving at = 1042.0
   Vehicle #1 = -1, leaving at = inf
   Increment on distance indicator: 15.0
   Increment on tard indicator:     0.0
   Value of tmax indicator:         15.0

Task for patient = 67 with skills = {0,-1} and cost = 278.7
   Vehicle #0 = 2, leaving at = 1012.0
   Vehicle #1 = -1, leaving at = inf
   Increment on distance indicator: 8.0
   Increment on tard indicator:     0.0
   Value of tmax indicator:         8.0

Task for patient = 12 with skills = {4,-1} and cost = 276.0
   Vehicle #0 = 13, leaving at = 954.0
   Vehicle #1 = -1, leaving at = inf
   Increment on distance indicator: 5.0
   Increment on tard indicator:     0.0
   Value of tmax indicator:         5.0

Task for patient = 39 with skills = {0,-1} and cost = 274.3
   Vehicle #0 = 3, leaving at = 919.0
   Vehicle #1 = -1, leaving at = inf
   Increment on distance indicator: 12.0
   Increment on tard indicator:     0.0
   Value of tmax indicator:         12.0

Task for patient = 26 with skills = {2,5} and cost = 230.0
   Vehicle #0 = 5, leaving at = 921.0
   Vehicle #1 = 9, leaving at = 974.0
   Increment on distance indicator: 4.0
   Increment on tard indicator:     0.0
   Value of tmax indicator:         4.0

Task for patient = 43 with skills = {1,5} and cost = 267.0
   Vehicle #0 = 0, leaving at = 914.0
   Vehicle #1 = 12, leaving at = 900.0
   Increment on distance indicator: 21.0
   Increment on tard indicator:     0.0
   Value of tmax indicator:         21.0

Task for patient = 35 with skills = {0,3} and cost = 260.0
   Vehicle #0 = 2, leaving at = 952.0
   Vehicle #1 = 11, leaving at = 946.0
   Increment on distance indicator: 15.0
   Increment on tard indicator:     0.0
   Value of tmax indicator:         15.0

Task for patient = 7 with skills = {3,-1} and cost = 255.0
   Vehicle #0 = 11, leaving at = 908.0
   Vehicle #1 = -1, leaving at = inf
   Increment on distance indicator: 13.0
   Increment on tard indicator:     0.0
   Value of tmax indicator:         13.0

Task for patient = 23 with skills = {1,-1} and cost = 250.7
   Vehicle #0 = 5, leaving at = 964.0
   Vehicle #1 = -1, leaving at = inf
   Increment on distance indicator: 9.0
   Increment on tard indicator:     0.0
   Value of tmax indicator:         9.0

Task for patient = 14 with skills = {0,-1} and cost = 247.7
   Vehicle #0 = 2, leaving at = 849.0
   Vehicle #1 = -1, leaving at = inf
   Increment on distance indicator: 8.0
   Increment on tard indicator:     0.0
   Value of tmax indicator:         8.0

Task for patient = 54 with skills = {5,-1} and cost = 245.0
   Vehicle #0 = 9, leaving at = 1029.0
   Vehicle #1 = -1, leaving at = inf
   Increment on distance indicator: 8.0
   Increment on tard indicator:     0.0
   Value of tmax indicator:         8.0

Task for patient = 75 with skills = {0,-1} and cost = 242.3
   Vehicle #0 = 2, leaving at = 798.0
   Vehicle #1 = -1, leaving at = inf
   Increment on distance indicator: 8.0
   Increment on tard indicator:     0.0
   Value of tmax indicator:         8.0

Task for patient = 38 with skills = {1,4} and cost = 239.7
   Vehicle #0 = 1, leaving at = 940.0
   Vehicle #1 = 8, leaving at = 986.0
   Increment on distance indicator: 22.0
   Increment on tard indicator:     0.0
   Value of tmax indicator:         22.0

Task for patient = 36 with skills = {3,-1} and cost = 232.3
   Vehicle #0 = 11, leaving at = 838.0
   Vehicle #1 = -1, leaving at = inf
   Increment on distance indicator: 7.0
   Increment on tard indicator:     0.0
   Value of tmax indicator:         7.0

Task for patient = 20 with skills = {2,4} and cost = 270.3
   Vehicle #0 = 0, leaving at = 973.0
   Vehicle #1 = 12, leaving at = 982.0
   Increment on distance indicator: 10.0
   Increment on tard indicator:     0.0
   Value of tmax indicator:         10.0

Task for patient = 68 with skills = {2,-1} and cost = 95.3
   Vehicle #0 = 4, leaving at = 514.0
   Vehicle #1 = -1, leaving at = inf
   Increment on distance indicator: 3.0
   Increment on tard indicator:     0.0
   Value of tmax indicator:         3.0

Task for patient = 6 with skills = {0,-1} and cost = 94.3
   Vehicle #0 = 3, leaving at = 559.0
   Vehicle #1 = -1, leaving at = inf
   Increment on distance indicator: 9.0
   Increment on tard indicator:     0.0
   Value of tmax indicator:         9.0

Task for patient = 50 with skills = {5,-1} and cost = 91.3
   Vehicle #0 = 13, leaving at = 643.0
   Vehicle #1 = -1, leaving at = inf
   Increment on distance indicator: 6.0
   Increment on tard indicator:     0.0
   Value of tmax indicator:         6.0

Task for patient = 32 with skills = {5,-1} and cost = 89.3
   Vehicle #0 = 13, leaving at = 608.0
   Vehicle #1 = -1, leaving at = inf
   Increment on distance indicator: 8.0
   Increment on tard indicator:     0.0
   Value of tmax indicator:         8.0

Task for patient = 61 with skills = {1,5} and cost = 86.7
   Vehicle #0 = 2, leaving at = 657.0
   Vehicle #1 = 9, leaving at = 650.0
   Increment on distance indicator: 23.0
   Increment on tard indicator:     0.0
   Value of tmax indicator:         23.0

Task for patient = 69 with skills = {3,-1} and cost = 79.0
   Vehicle #0 = 14, leaving at = 632.0
   Vehicle #1 = -1, leaving at = inf
   Increment on distance indicator: 0.0
   Increment on tard indicator:     0.0
   Value of tmax indicator:         0.0

Task for patient = 3 with skills = {3,-1} and cost = 79.0
   Vehicle #0 = 13, leaving at = 565.0
   Vehicle #1 = -1, leaving at = inf
   Increment on distance indicator: 12.0
   Increment on tard indicator:     0.0
   Value of tmax indicator:         12.0

Task for patient = 41 with skills = {4,-1} and cost = 75.0
   Vehicle #0 = 11, leaving at = 578.0
   Vehicle #1 = -1, leaving at = inf
   Increment on distance indicator: 8.0
   Increment on tard indicator:     0.0
   Value of tmax indicator:         8.0

Task for patient = 51 with skills = {2,3} and cost = 178.3
   Vehicle #0 = 3, leaving at = 774.0
   Vehicle #1 = 14, leaving at = 770.0
   Increment on distance indicator: 11.0
   Increment on tard indicator:     0.0
   Value of tmax indicator:         11.0

Task for patient = 8 with skills = {4,-1} and cost = 71.3
   Vehicle #0 = 8, leaving at = 601.0
   Vehicle #1 = -1, leaving at = inf
   Increment on distance indicator: 22.0
   Increment on tard indicator:     0.0
   Value of tmax indicator:         22.0

Task for patient = 37 with skills = {2,-1} and cost = 64.0
   Vehicle #0 = 2, leaving at = 605.0
   Vehicle #1 = -1, leaving at = inf
   Increment on distance indicator: 9.0
   Increment on tard indicator:     0.0
   Value of tmax indicator:         9.0

Task for patient = 28 with skills = {2,3} and cost = 61.0
   Vehicle #0 = 2, leaving at = 559.0
   Vehicle #1 = 11, leaving at = 537.0
   Increment on distance indicator: 37.0
   Increment on tard indicator:     0.0
   Value of tmax indicator:         37.0

Task for patient = 9 with skills = {0,-1} and cost = 48.7
   Vehicle #0 = 2, leaving at = 501.0
   Vehicle #1 = -1, leaving at = inf
   Increment on distance indicator: 11.0
   Increment on tard indicator:     0.0
   Value of tmax indicator:         11.0

Task for patient = 30 with skills = {1,-1} and cost = 45.0
   Vehicle #0 = 1, leaving at = 663.0
   Vehicle #1 = -1, leaving at = inf
   Increment on distance indicator: 11.0
   Increment on tard indicator:     0.0
   Value of tmax indicator:         11.0

Task for patient = 72 with skills = {0,5} and cost = 41.3
   Vehicle #0 = 0, leaving at = 644.0
   Vehicle #1 = 9, leaving at = 605.0
   Increment on distance indicator: 36.0
   Increment on tard indicator:     0.0
   Value of tmax indicator:         36.0

Task for patient = 56 with skills = {4,-1} and cost = 29.3
   Vehicle #0 = 8, leaving at = 520.0
   Vehicle #1 = -1, leaving at = inf
   Increment on distance indicator: 14.0
   Increment on tard indicator:     0.0
   Value of tmax indicator:         14.0

Task for patient = 31 with skills = {1,3} and cost = 24.7
   Vehicle #0 = 0, leaving at = 572.0
   Vehicle #1 = 7, leaving at = 591.0
   Increment on distance indicator: 44.0
   Increment on tard indicator:     0.0
   Value of tmax indicator:         44.0

Task for patient = 13 with skills = {2,4} and cost = 10.0
   Vehicle #0 = 0, leaving at = 535.0
   Vehicle #1 = 7, leaving at = 541.0
   Increment on distance indicator: 30.0
   Increment on tard indicator:     0.0
   Value of tmax indicator:         30.0

Task for patient = 34 with skills = {4,-1} and cost = 72.3
   Vehicle #0 = 12, leaving at = 600.0
   Vehicle #1 = -1, leaving at = inf
   Increment on distance indicator: 3.0
   Increment on tard indicator:     0.0
   Value of tmax indicator:         3.0

Task for patient = 73 with skills = {5,-1} and cost = 174.7
   Vehicle #0 = 10, leaving at = 663.0
   Vehicle #1 = -1, leaving at = inf
   Increment on distance indicator: 6.0
   Increment on tard indicator:     0.0
   Value of tmax indicator:         6.0

Task for patient = 22 with skills = {5,-1} and cost = 172.7
   Vehicle #0 = 12, leaving at = 752.0
   Vehicle #1 = -1, leaving at = inf
   Increment on distance indicator: 10.0
   Increment on tard indicator:     0.0
   Value of tmax indicator:         10.0

Task for patient = 55 with skills = {1,-1} and cost = 169.3
   Vehicle #0 = 1, leaving at = 778.0
   Vehicle #1 = -1, leaving at = inf
   Increment on distance indicator: 9.0
   Increment on tard indicator:     0.0
   Value of tmax indicator:         9.0

Task for patient = 74 with skills = {0,4} and cost = 166.3
   Vehicle #0 = 0, leaving at = 780.0
   Vehicle #1 = 9, leaving at = 782.0
   Increment on distance indicator: 12.0
   Increment on tard indicator:     0.0
   Value of tmax indicator:         12.0

Task for patient = 29 with skills = {3,-1} and cost = 162.3
   Vehicle #0 = 7, leaving at = 675.0
   Vehicle #1 = -1, leaving at = inf
   Increment on distance indicator: 3.0
   Increment on tard indicator:     0.0
   Value of tmax indicator:         3.0

Task for patient = 24 with skills = {3,-1} and cost = 161.3
   Vehicle #0 = 8, leaving at = 740.0
   Vehicle #1 = -1, leaving at = inf
   Increment on distance indicator: 7.0
   Increment on tard indicator:     0.0
   Value of tmax indicator:         7.0

Task for patient = 44 with skills = {3,-1} and cost = 159.0
   Vehicle #0 = 7, leaving at = 650.0
   Vehicle #1 = -1, leaving at = inf
   Increment on distance indicator: 32.0
   Increment on tard indicator:     0.0
   Value of tmax indicator:         32.0

Task for patient = 64 with skills = {0,-1} and cost = 148.3
   Vehicle #0 = 4, leaving at = 749.0
   Vehicle #1 = -1, leaving at = inf
   Increment on distance indicator: 11.0
   Increment on tard indicator:     0.0
   Value of tmax indicator:         11.0

Task for patient = 47 with skills = {0,5} and cost = 101.7
   Vehicle #0 = 2, leaving at = 689.0
   Vehicle #1 = 11, leaving at = 706.0
   Increment on distance indicator: 19.0
   Increment on tard indicator:     0.0
   Value of tmax indicator:         19.0

Task for patient = 53 with skills = {1,-1} and cost = 137.3
   Vehicle #0 = 1, leaving at = 721.0
   Vehicle #1 = -1, leaving at = inf
   Increment on distance indicator: 9.0
   Increment on tard indicator:     0.0
   Value of tmax indicator:         9.0

Task for patient = 45 with skills = {1,-1} and cost = 134.3
   Vehicle #0 = 5, leaving at = 639.0
   Vehicle #1 = -1, leaving at = inf
   Increment on distance indicator: 21.0
   Increment on tard indicator:     0.0
   Value of tmax indicator:         21.0

Task for patient = 58 with skills = {4,-1} and cost = 127.3
   Vehicle #0 = 13, leaving at = 679.0
   Vehicle #1 = -1, leaving at = inf
   Increment on distance indicator: 13.0
   Increment on tard indicator:     0.0
   Value of tmax indicator:         13.0

Task for patient = 65 with skills = {1,4} and cost = 123.0
   Vehicle #0 = 4, leaving at = 708.0
   Vehicle #1 = 12, leaving at = 714.0
   Increment on distance indicator: 14.0
   Increment on tard indicator:     0.0
   Value of tmax indicator:         14.0

Task for patient = 19 with skills = {1,-1} and cost = 118.3
   Vehicle #0 = 5, leaving at = 575.0
   Vehicle #1 = -1, leaving at = inf
   Increment on distance indicator: 10.0
   Increment on tard indicator:     0.0
   Value of tmax indicator:         10.0

Task for patient = 2 with skills = {2,5} and cost = 115.0
   Vehicle #0 = 0, leaving at = 712.0
   Vehicle #1 = 9, leaving at = 683.0
   Increment on distance indicator: 14.0
   Increment on tard indicator:     0.0
   Value of tmax indicator:         14.0

Task for patient = 18 with skills = {1,5} and cost = 110.3
   Vehicle #0 = 1, leaving at = 697.0
   Vehicle #1 = 14, leaving at = 724.0
   Increment on distance indicator: 12.0
   Increment on tard indicator:     0.0
   Value of tmax indicator:         12.0

Task for patient = 57 with skills = {5,-1} and cost = 106.3
   Vehicle #0 = 12, leaving at = 646.0
   Vehicle #1 = -1, leaving at = inf
   Increment on distance indicator: 8.0
   Increment on tard indicator:     0.0
   Value of tmax indicator:         8.0

Task for patient = 40 with skills = {3,-1} and cost = 103.7
   Vehicle #0 = 14, leaving at = 691.0
   Vehicle #1 = -1, leaving at = inf
   Increment on distance indicator: 6.0
   Increment on tard indicator:     0.0
   Value of tmax indicator:         6.0

Task for patient = 52 with skills = {3,-1} and cost = 144.7
   Vehicle #0 = 8, leaving at = 676.0
   Vehicle #1 = -1, leaving at = inf
   Increment on distance indicator: 22.0
   Increment on tard indicator:     0.0
   Value of tmax indicator:         22.0


Unused vehicle list: (total = 0 out of 15)

---
Search finished.
Total of 448 generations in 0.9 seconds.
Exchange elite runs: 0
Implicit path relinking runs: 4
Reset attempts: 1

Best solution found:
   Cost: 364.7
   Total travel time: 1094.0
   Total tardiness time: 0.0
   Largest tardiness: 0.0


364.7
