--- BRKGA-MP-IPR for HHCRSP ---
Instance: new-instances/HHCRSP_75_15_72_0.8_R_C.txt
Seed: 1

Reading data... Problem contains 75 patients  and 15 caregivers.

Summary of supply x demand for each service type:
Skill 0 has supply = 5 and demand = 18, ratio = 0.277778
Skill 1 has supply = 7 and demand = 23, ratio = 0.304348
Skill 2 has supply = 5 and demand = 16, ratio = 0.3125
Skill 3 has supply = 6 and demand = 21, ratio = 0.285714
Skill 4 has supply = 6 and demand = 12, ratio = 0.5
Skill 5 has supply = 2 and demand = 9, ratio = 0.222222

Reading parameters...
Inferred distance function by PR type: kendall-tau
Building BRKGA data and initializing...
Evolving 448 generations...

  Gens  Rem    Local   ElDiv NoImpr             Best solution            Time  Op
                                       Cost     Dist    Tard    TMax 
*    0  448  2899.00  342.71      0  2899.00  1630.00  6577.0   490.0     0.0    
*    2  446  2729.67  277.50      0  2729.67  1585.00  6187.0   417.0     0.0    
*    4  444  2259.00  237.85      0  2259.00  1347.00  4997.0   419.0     0.0    
*    5  443  2254.33  222.65      0  2254.33  1492.00  4307.0   456.0     0.0    
*    6  442  2085.00  187.96      0  2085.00  1546.00  3570.0   376.0     0.0    
*    7  441  1830.67  187.92      0  1830.67  1546.00  3570.0   376.0     0.0    
*    9  439  1523.33  157.48      0  1523.33  1591.00  2434.0   438.0     0.0    
*   10  438  1487.67  174.80      0  1487.67  1413.00  1894.0   354.0     0.0    
*   11  437  1220.33  151.39      0  1220.33  1422.00  1913.0   241.0     0.0    
*   12  436  1192.00  135.86      0  1192.00  1576.00  1546.0   191.0     0.0    
*   13  435  1104.33  120.81      0  1104.33  1576.00  1546.0   191.0     0.0    
*   15  433   809.33  118.40      0   809.33  1437.00   706.0   285.0     0.0    
*   17  431   736.67  126.85      0   736.67  1398.00   627.0   185.0     0.0    
*   19  429   691.67   99.35      0   691.67  1411.00   497.0   167.0     0.0    
*   21  427   670.00   80.34      0   670.00  1304.00   481.0   120.0     0.0    

  Gens  Rem    Local   ElDiv NoImpr             Best solution            Time  Op
                                       Cost     Dist    Tard    TMax 
*   22  426   635.00   62.42      0   635.00  1304.00   481.0   120.0     0.0    
*   25  423   568.00   41.48      0   568.00  1399.00   239.0    66.0     0.0    
*   27  421   555.33   38.39      0   555.33  1320.00   245.0    68.0     0.0    
*   28  420   544.33   40.11      0   544.33  1390.00    70.0    42.0     0.0    
*   29  419   500.67   35.34      0   500.67  1266.00    15.0    11.0     0.0    
*   30  418   430.67   32.38      0   430.67  1266.00    15.0    11.0     0.0    
*   36  412   429.00   19.37      0   429.00  1219.00    33.0     9.0     0.1    
*   37  411   420.33   15.88      0   420.33  1219.00    33.0     9.0     0.1    
*   39  409   403.33   15.78      0   403.33  1206.00     2.0     2.0     0.1    
*   42  406   399.00    9.83      0   399.00  1191.00     3.0     3.0     0.1    
*   44  404   395.00    8.77      0   395.00  1170.00     2.0     2.0     0.1    
*   45  403   391.33    7.46      0   391.33  1170.00     2.0     2.0     0.1    
*   47  401   384.33    6.99      0   384.33  1153.00     0.0     0.0     0.1    
    50  398   384.33    6.10      3   384.33  1153.00     0.0     0.0     0.1    
*   53  395   377.67    5.50      0   377.67  1127.00     4.0     2.0     0.1    
*   57  391   376.00    4.72      0   376.00  1105.00     3.0     2.0     0.1    

  Gens  Rem    Local   ElDiv NoImpr             Best solution            Time  Op
                                       Cost     Dist    Tard    TMax 
*   58  390   370.00    4.63      0   370.00  1105.00     3.0     2.0     0.1    
*   62  386   369.00    3.86      0   369.00  1102.00     3.0     2.0     0.1    
*   71  377   367.67    2.28      0   367.67  1099.00     2.0     2.0     0.1    
*   73  375   367.33    2.03      0   367.33  1098.00     2.0     2.0     0.1    
*   76  372   365.00    1.74      0   365.00  1091.00     2.0     2.0     0.1    
*   79  369   363.67    1.62      0   363.67  1087.00     2.0     2.0     0.1    
*   82  366   363.00    1.70      0   363.00  1084.00     0.0     0.0     0.1    
*   83  365   361.33    1.65      0   361.33  1084.00     0.0     0.0     0.1    
*   85  363   359.67    1.73      0   359.67  1079.00     0.0     0.0     0.1    
*   88  360   359.00    1.37      0   359.00  1064.00     0.0     0.0     0.1    
*   89  359   354.67    1.50      0   354.67  1064.00     0.0     0.0     0.1    
*   96  352   354.33    0.56      0   354.33  1063.00     0.0     0.0     0.1    
Path relinking result: too homogeneous.
    96  352   354.33    0.56      1   354.33  1063.00     0.0     0.0     0.1   P
*   98  350   354.00    0.63      0   354.00  1058.00     0.0     0.0     0.1    
*   99  349   352.67    0.66      0   352.67  1058.00     0.0     0.0     0.1    
   100  348   352.67    0.88      1   352.67  1058.00     0.0     0.0     0.1    

  Gens  Rem    Local   ElDiv NoImpr             Best solution            Time  Op
                                       Cost     Dist    Tard    TMax 
*  101  347   352.33    0.98      0   352.33  1053.00     0.0     0.0     0.1    
*  102  346   351.00    0.88      0   351.00  1053.00     0.0     0.0     0.1    
*  108  340   350.00    0.95      0   350.00  1045.00     0.0     0.0     0.1    
*  109  339   348.33    1.03      0   348.33  1045.00     0.0     0.0     0.2    
*  114  334   348.00    1.02      0   348.00  1044.00     0.0     0.0     0.2    
*  142  306   347.67    0.04      0   347.67  1043.00     0.0     0.0     0.2    
   150  298   347.67    0.00      8   347.67  1043.00     0.0     0.0     0.2    
*  186  262   347.33    0.04      0   347.33  1042.00     0.0     0.0     0.3    
Path relinking result: too homogeneous.
   192  256   347.33    0.16      7   347.33  1042.00     0.0     0.0     0.3   P
   200  248   347.33    0.00     14   347.33  1042.00     0.0     0.0     0.3    
*  216  232   346.67    0.12      0   346.67  1040.00     0.0     0.0     0.3    
   250  198   346.67    0.00     34   346.67  1040.00     0.0     0.0     0.3    
   283  165      inf  425.14      0   346.67  1040.00     0.0     0.0     0.4   R
   284  164  2598.67  351.53      0   346.67  1040.00     0.0     0.0     0.4    
Path relinking result: too homogeneous.
   288  160  2393.67  229.76      2   346.67  1040.00     0.0     0.0     0.4   P
   300  148   983.00  105.95      0   346.67  1040.00     0.0     0.0     0.4    

  Gens  Rem    Local   ElDiv NoImpr             Best solution            Time  Op
                                       Cost     Dist    Tard    TMax 
   350   98   384.00    5.06      2   346.67  1040.00     0.0     0.0     0.5    
Path relinking result: too homogeneous.
   384   64   353.00    0.87      1   346.67  1040.00     0.0     0.0     0.5   P
   400   48   351.00    0.00      9   346.67  1040.00     0.0     0.0     0.5    
   448    0   349.00    0.00     34   346.67  1040.00     0.0     0.0     0.6    
Evolutionary process finished.
Solution written to 'solution-36287.txt'.

Sorted sequence of worst to best tardiness value:
Task for patient = 33 with skills = {5,-1} and cost = 214.7
   Vehicle #0 = 11, leaving at = 946.0
   Vehicle #1 = -1, leaving at = inf
   Increment on distance indicator: 13.0
   Increment on tard indicator:     0.0
   Value of tmax indicator:         13.0

Task for patient = 9 with skills = {0,4} and cost = 210.3
   Vehicle #0 = 6, leaving at = 928.0
   Vehicle #1 = 7, leaving at = 933.0
   Increment on distance indicator: 4.0
   Increment on tard indicator:     0.0
   Value of tmax indicator:         4.0

Task for patient = 6 with skills = {1,-1} and cost = 209.0
   Vehicle #0 = 0, leaving at = 885.0
   Vehicle #1 = -1, leaving at = inf
   Increment on distance indicator: 11.0
   Increment on tard indicator:     0.0
   Value of tmax indicator:         11.0

Task for patient = 7 with skills = {0,-1} and cost = 205.3
   Vehicle #0 = 3, leaving at = 956.0
   Vehicle #1 = -1, leaving at = inf
   Increment on distance indicator: 11.0
   Increment on tard indicator:     0.0
   Value of tmax indicator:         11.0

Task for patient = 51 with skills = {1,-1} and cost = 201.7
   Vehicle #0 = 2, leaving at = 935.0
   Vehicle #1 = -1, leaving at = inf
   Increment on distance indicator: 6.0
   Increment on tard indicator:     0.0
   Value of tmax indicator:         6.0

Task for patient = 28 with skills = {0,-1} and cost = 199.7
   Vehicle #0 = 0, leaving at = 851.0
   Vehicle #1 = -1, leaving at = inf
   Increment on distance indicator: 1.0
   Increment on tard indicator:     0.0
   Value of tmax indicator:         1.0

Task for patient = 26 with skills = {0,3} and cost = 199.3
   Vehicle #0 = 5, leaving at = 923.0
   Vehicle #1 = 10, leaving at = 941.0
   Increment on distance indicator: 25.0
   Increment on tard indicator:     0.0
   Value of tmax indicator:         25.0

Task for patient = 22 with skills = {4,-1} and cost = 191.0
   Vehicle #0 = 12, leaving at = 985.0
   Vehicle #1 = -1, leaving at = inf
   Increment on distance indicator: 9.0
   Increment on tard indicator:     0.0
   Value of tmax indicator:         9.0

Task for patient = 24 with skills = {3,-1} and cost = 269.0
   Vehicle #0 = 8, leaving at = 973.0
   Vehicle #1 = -1, leaving at = inf
   Increment on distance indicator: 7.0
   Increment on tard indicator:     0.0
   Value of tmax indicator:         7.0

Task for patient = 62 with skills = {1,3} and cost = 186.7
   Vehicle #0 = 4, leaving at = 880.0
   Vehicle #1 = 14, leaving at = 891.0
   Increment on distance indicator: 4.0
   Increment on tard indicator:     0.0
   Value of tmax indicator:         4.0

Task for patient = 74 with skills = {4,-1} and cost = 185.3
   Vehicle #0 = 12, leaving at = 902.0
   Vehicle #1 = -1, leaving at = inf
   Increment on distance indicator: 11.0
   Increment on tard indicator:     0.0
   Value of tmax indicator:         11.0

Task for patient = 21 with skills = {1,-1} and cost = 181.7
   Vehicle #0 = 3, leaving at = 886.0
   Vehicle #1 = -1, leaving at = inf
   Increment on distance indicator: 5.0
   Increment on tard indicator:     0.0
   Value of tmax indicator:         5.0

Task for patient = 58 with skills = {1,5} and cost = 180.0
   Vehicle #0 = 4, leaving at = 810.0
   Vehicle #1 = 14, leaving at = 846.0
   Increment on distance indicator: 17.0
   Increment on tard indicator:     0.0
   Value of tmax indicator:         17.0

Task for patient = 2 with skills = {0,4} and cost = 174.3
   Vehicle #0 = 2, leaving at = 853.0
   Vehicle #1 = 12, leaving at = 855.0
   Increment on distance indicator: 33.0
   Increment on tard indicator:     0.0
   Value of tmax indicator:         33.0

Task for patient = 4 with skills = {0,-1} and cost = 163.3
   Vehicle #0 = 5, leaving at = 855.0
   Vehicle #1 = -1, leaving at = inf
   Increment on distance indicator: 18.0
   Increment on tard indicator:     0.0
   Value of tmax indicator:         18.0

Task for patient = 50 with skills = {1,4} and cost = 157.3
   Vehicle #0 = 3, leaving at = 823.0
   Vehicle #1 = 9, leaving at = 860.0
   Increment on distance indicator: 11.0
   Increment on tard indicator:     0.0
   Value of tmax indicator:         11.0

Task for patient = 67 with skills = {0,-1} and cost = 153.7
   Vehicle #0 = 2, leaving at = 809.0
   Vehicle #1 = -1, leaving at = inf
   Increment on distance indicator: 2.0
   Increment on tard indicator:     0.0
   Value of tmax indicator:         2.0

Task for patient = 70 with skills = {3,-1} and cost = 188.0
   Vehicle #0 = 10, leaving at = 850.0
   Vehicle #1 = -1, leaving at = inf
   Increment on distance indicator: 4.0
   Increment on tard indicator:     0.0
   Value of tmax indicator:         4.0

Task for patient = 14 with skills = {2,5} and cost = 266.7
   Vehicle #0 = 1, leaving at = 1058.0
   Vehicle #1 = 11, leaving at = 1110.0
   Increment on distance indicator: 8.0
   Increment on tard indicator:     0.0
   Value of tmax indicator:         8.0

Task for patient = 29 with skills = {2,3} and cost = 264.0
   Vehicle #0 = 6, leaving at = 1071.0
   Vehicle #1 = 14, leaving at = 1055.0
   Increment on distance indicator: 12.0
   Increment on tard indicator:     0.0
   Value of tmax indicator:         12.0

Task for patient = 49 with skills = {3,-1} and cost = 260.0
   Vehicle #0 = 8, leaving at = 945.0
   Vehicle #1 = -1, leaving at = inf
   Increment on distance indicator: 10.0
   Increment on tard indicator:     0.0
   Value of tmax indicator:         10.0

Task for patient = 47 with skills = {1,-1} and cost = 256.7
   Vehicle #0 = 0, leaving at = 1000.0
   Vehicle #1 = -1, leaving at = inf
   Increment on distance indicator: 8.0
   Increment on tard indicator:     0.0
   Value of tmax indicator:         8.0

Task for patient = 27 with skills = {2,-1} and cost = 254.0
   Vehicle #0 = 0, leaving at = 972.0
   Vehicle #1 = -1, leaving at = inf
   Increment on distance indicator: 6.0
   Increment on tard indicator:     0.0
   Value of tmax indicator:         6.0

Task for patient = 57 with skills = {1,-1} and cost = 252.0
   Vehicle #0 = 6, leaving at = 1011.0
   Vehicle #1 = -1, leaving at = inf
   Increment on distance indicator: 2.0
   Increment on tard indicator:     0.0
   Value of tmax indicator:         2.0

Task for patient = 60 with skills = {1,4} and cost = 251.3
   Vehicle #0 = 1, leaving at = 1030.0
   Vehicle #1 = 11, leaving at = 1006.0
   Increment on distance indicator: 9.0
   Increment on tard indicator:     0.0
   Value of tmax indicator:         9.0

Task for patient = 64 with skills = {0,3} and cost = 248.3
   Vehicle #0 = 5, leaving at = 985.0
   Vehicle #1 = 10, leaving at = 1027.0
   Increment on distance indicator: 5.0
   Increment on tard indicator:     0.0
   Value of tmax indicator:         5.0

Task for patient = 39 with skills = {1,3} and cost = 218.0
   Vehicle #0 = 2, leaving at = 980.0
   Vehicle #1 = 11, leaving at = 990.0
   Increment on distance indicator: 10.0
   Increment on tard indicator:     0.0
   Value of tmax indicator:         10.0

Task for patient = 42 with skills = {4,-1} and cost = 245.3
   Vehicle #0 = 7, leaving at = 1005.0
   Vehicle #1 = -1, leaving at = inf
   Increment on distance indicator: 3.0
   Increment on tard indicator:     0.0
   Value of tmax indicator:         3.0

Task for patient = 46 with skills = {2,-1} and cost = 244.3
   Vehicle #0 = 5, leaving at = 965.0
   Vehicle #1 = -1, leaving at = inf
   Increment on distance indicator: 2.0
   Increment on tard indicator:     0.0
   Value of tmax indicator:         2.0

Task for patient = 8 with skills = {3,-1} and cost = 243.7
   Vehicle #0 = 12, leaving at = 1011.0
   Vehicle #1 = -1, leaving at = inf
   Increment on distance indicator: 9.0
   Increment on tard indicator:     0.0
   Value of tmax indicator:         9.0

Task for patient = 32 with skills = {3,-1} and cost = 240.7
   Vehicle #0 = 8, leaving at = 887.0
   Vehicle #1 = -1, leaving at = inf
   Increment on distance indicator: 3.0
   Increment on tard indicator:     0.0
   Value of tmax indicator:         3.0

Task for patient = 56 with skills = {2,-1} and cost = 239.7
   Vehicle #0 = 1, leaving at = 973.0
   Vehicle #1 = -1, leaving at = inf
   Increment on distance indicator: 4.0
   Increment on tard indicator:     0.0
   Value of tmax indicator:         4.0

Task for patient = 52 with skills = {1,-1} and cost = 238.3
   Vehicle #0 = 2, leaving at = 1090.0
   Vehicle #1 = -1, leaving at = inf
   Increment on distance indicator: 4.0
   Increment on tard indicator:     0.0
   Value of tmax indicator:         4.0

Task for patient = 71 with skills = {0,-1} and cost = 237.0
   Vehicle #0 = 6, leaving at = 982.0
   Vehicle #1 = -1, leaving at = inf
   Increment on distance indicator: 4.0
   Increment on tard indicator:     0.0
   Value of tmax indicator:         4.0

Task for patient = 31 with skills = {1,3} and cost = 235.7
   Vehicle #0 = 1, leaving at = 823.0
   Vehicle #1 = 8, leaving at = 789.0
   Increment on distance indicator: 47.0
   Increment on tard indicator:     0.0
   Value of tmax indicator:         47.0

Task for patient = 72 with skills = {0,-1} and cost = 220.0
   Vehicle #0 = 2, leaving at = 1031.0
   Vehicle #1 = -1, leaving at = inf
   Increment on distance indicator: 6.0
   Increment on tard indicator:     0.0
   Value of tmax indicator:         6.0

Task for patient = 5 with skills = {0,-1} and cost = 246.7
   Vehicle #0 = 0, leaving at = 928.0
   Vehicle #1 = -1, leaving at = inf
   Increment on distance indicator: 4.0
   Increment on tard indicator:     0.0
   Value of tmax indicator:         4.0

Task for patient = 69 with skills = {0,3} and cost = 96.3
   Vehicle #0 = 0, leaving at = 731.0
   Vehicle #1 = 8, leaving at = 761.0
   Increment on distance indicator: 16.0
   Increment on tard indicator:     0.0
   Value of tmax indicator:         16.0

Task for patient = 34 with skills = {2,-1} and cost = 91.0
   Vehicle #0 = 0, leaving at = 708.0
   Vehicle #1 = -1, leaving at = inf
   Increment on distance indicator: 6.0
   Increment on tard indicator:     0.0
   Value of tmax indicator:         6.0

Task for patient = 73 with skills = {4,-1} and cost = 89.0
   Vehicle #0 = 11, leaving at = 819.0
   Vehicle #1 = -1, leaving at = inf
   Increment on distance indicator: 11.0
   Increment on tard indicator:     0.0
   Value of tmax indicator:         11.0

Task for patient = 65 with skills = {5,-1} and cost = 85.3
   Vehicle #0 = 14, leaving at = 581.0
   Vehicle #1 = -1, leaving at = inf
   Increment on distance indicator: 10.0
   Increment on tard indicator:     0.0
   Value of tmax indicator:         10.0

Task for patient = 12 with skills = {2,-1} and cost = 82.0
   Vehicle #0 = 6, leaving at = 516.0
   Vehicle #1 = -1, leaving at = inf
   Increment on distance indicator: 12.0
   Increment on tard indicator:     0.0
   Value of tmax indicator:         12.0

Task for patient = 38 with skills = {2,-1} and cost = 78.0
   Vehicle #0 = 5, leaving at = 641.0
   Vehicle #1 = -1, leaving at = inf
   Increment on distance indicator: 5.0
   Increment on tard indicator:     0.0
   Value of tmax indicator:         5.0

Task for patient = 75 with skills = {0,3} and cost = 76.3
   Vehicle #0 = 5, leaving at = 590.0
   Vehicle #1 = 8, leaving at = 583.0
   Increment on distance indicator: 17.0
   Increment on tard indicator:     0.0
   Value of tmax indicator:         17.0

Task for patient = 54 with skills = {1,-1} and cost = 70.7
   Vehicle #0 = 0, leaving at = 674.0
   Vehicle #1 = -1, leaving at = inf
   Increment on distance indicator: 8.0
   Increment on tard indicator:     0.0
   Value of tmax indicator:         8.0

Task for patient = 44 with skills = {1,-1} and cost = 153.0
   Vehicle #0 = 2, leaving at = 768.0
   Vehicle #1 = -1, leaving at = inf
   Increment on distance indicator: 9.0
   Increment on tard indicator:     0.0
   Value of tmax indicator:         9.0

Task for patient = 10 with skills = {1,3} and cost = 68.0
   Vehicle #0 = 3, leaving at = 669.0
   Vehicle #1 = 11, leaving at = 666.0
   Increment on distance indicator: 32.0
   Increment on tard indicator:     0.0
   Value of tmax indicator:         32.0

Task for patient = 48 with skills = {2,-1} and cost = 57.3
   Vehicle #0 = 2, leaving at = 652.0
   Vehicle #1 = -1, leaving at = inf
   Increment on distance indicator: 9.0
   Increment on tard indicator:     0.0
   Value of tmax indicator:         9.0

Task for patient = 11 with skills = {2,3} and cost = 54.3
   Vehicle #0 = 2, leaving at = 600.0
   Vehicle #1 = 11, leaving at = 599.0
   Increment on distance indicator: 16.0
   Increment on tard indicator:     0.0
   Value of tmax indicator:         16.0

Task for patient = 41 with skills = {2,4} and cost = 49.0
   Vehicle #0 = 1, leaving at = 686.0
   Vehicle #1 = 10, leaving at = 682.0
   Increment on distance indicator: 8.0
   Increment on tard indicator:     0.0
   Value of tmax indicator:         8.0

Task for patient = 37 with skills = {1,5} and cost = 46.3
   Vehicle #0 = 2, leaving at = 533.0
   Vehicle #1 = 11, leaving at = 548.0
   Increment on distance indicator: 32.0
   Increment on tard indicator:     0.0
   Value of tmax indicator:         32.0

Task for patient = 19 with skills = {4,-1} and cost = 35.7
   Vehicle #0 = 7, leaving at = 779.0
   Vehicle #1 = -1, leaving at = inf
   Increment on distance indicator: 12.0
   Increment on tard indicator:     0.0
   Value of tmax indicator:         12.0

Task for patient = 25 with skills = {2,-1} and cost = 31.7
   Vehicle #0 = 0, leaving at = 620.0
   Vehicle #1 = -1, leaving at = inf
   Increment on distance indicator: 7.0
   Increment on tard indicator:     0.0
   Value of tmax indicator:         7.0

Task for patient = 13 with skills = {2,3} and cost = 29.3
   Vehicle #0 = 1, leaving at = 618.0
   Vehicle #1 = 10, leaving at = 641.0
   Increment on distance indicator: 72.0
   Increment on tard indicator:     0.0
   Value of tmax indicator:         72.0

Task for patient = 1 with skills = {2,3} and cost = 5.3
   Vehicle #0 = 0, leaving at = 539.0
   Vehicle #1 = 8, leaving at = 552.0
   Increment on distance indicator: 16.0
   Increment on tard indicator:     0.0
   Value of tmax indicator:         16.0

Task for patient = 63 with skills = {3,-1} and cost = 68.0
   Vehicle #0 = 12, leaving at = 581.0
   Vehicle #1 = -1, leaving at = inf
   Increment on distance indicator: 0.0
   Increment on tard indicator:     0.0
   Value of tmax indicator:         0.0

Task for patient = 23 with skills = {0,-1} and cost = 150.0
   Vehicle #0 = 6, leaving at = 891.0
   Vehicle #1 = -1, leaving at = inf
   Increment on distance indicator: 2.0
   Increment on tard indicator:     0.0
   Value of tmax indicator:         2.0

Task for patient = 18 with skills = {1,3} and cost = 149.3
   Vehicle #0 = 1, leaving at = 736.0
   Vehicle #1 = 10, leaving at = 795.0
   Increment on distance indicator: 11.0
   Increment on tard indicator:     0.0
   Value of tmax indicator:         11.0

Task for patient = 36 with skills = {1,-1} and cost = 145.7
   Vehicle #0 = 3, leaving at = 771.0
   Vehicle #1 = -1, leaving at = inf
   Increment on distance indicator: 6.0
   Increment on tard indicator:     0.0
   Value of tmax indicator:         6.0

Task for patient = 40 with skills = {5,-1} and cost = 143.7
   Vehicle #0 = 11, leaving at = 878.0
   Vehicle #1 = -1, leaving at = inf
   Increment on distance indicator: 6.0
   Increment on tard indicator:     0.0
   Value of tmax indicator:         6.0

Task for patient = 16 with skills = {1,-1} and cost = 141.7
   Vehicle #0 = 6, leaving at = 769.0
   Vehicle #1 = -1, leaving at = inf
   Increment on distance indicator: 17.0
   Increment on tard indicator:     0.0
   Value of tmax indicator:         17.0

Task for patient = 45 with skills = {3,-1} and cost = 136.0
   Vehicle #0 = 10, leaving at = 729.0
   Vehicle #1 = -1, leaving at = inf
   Increment on distance indicator: 10.0
   Increment on tard indicator:     0.0
   Value of tmax indicator:         10.0

Task for patient = 68 with skills = {0,-1} and cost = 132.7
   Vehicle #0 = 0, leaving at = 783.0
   Vehicle #1 = -1, leaving at = inf
   Increment on distance indicator: 4.0
   Increment on tard indicator:     0.0
   Value of tmax indicator:         4.0

Task for patient = 55 with skills = {1,-1} and cost = 131.3
   Vehicle #0 = 4, leaving at = 772.0
   Vehicle #1 = -1, leaving at = inf
   Increment on distance indicator: 6.0
   Increment on tard indicator:     0.0
   Value of tmax indicator:         6.0

Task for patient = 66 with skills = {1,3} and cost = 98.7
   Vehicle #0 = 6, leaving at = 614.0
   Vehicle #1 = 14, leaving at = 603.0
   Increment on distance indicator: 7.0
   Increment on tard indicator:     0.0
   Value of tmax indicator:         7.0

Task for patient = 59 with skills = {1,-1} and cost = 123.7
   Vehicle #0 = 2, leaving at = 715.0
   Vehicle #1 = -1, leaving at = inf
   Increment on distance indicator: 8.0
   Increment on tard indicator:     0.0
   Value of tmax indicator:         8.0

Task for patient = 61 with skills = {4,-1} and cost = 121.0
   Vehicle #0 = 9, leaving at = 823.0
   Vehicle #1 = -1, leaving at = inf
   Increment on distance indicator: 2.0
   Increment on tard indicator:     0.0
   Value of tmax indicator:         2.0

Task for patient = 3 with skills = {5,-1} and cost = 120.3
   Vehicle #0 = 14, leaving at = 680.0
   Vehicle #1 = -1, leaving at = inf
   Increment on distance indicator: 6.0
   Increment on tard indicator:     0.0
   Value of tmax indicator:         6.0

Task for patient = 15 with skills = {4,-1} and cost = 118.3
   Vehicle #0 = 9, leaving at = 805.0
   Vehicle #1 = -1, leaving at = inf
   Increment on distance indicator: 12.0
   Increment on tard indicator:     0.0
   Value of tmax indicator:         12.0

Task for patient = 35 with skills = {1,5} and cost = 114.3
   Vehicle #0 = 4, leaving at = 611.0
   Vehicle #1 = 14, leaving at = 634.0
   Increment on distance indicator: 14.0
   Increment on tard indicator:     0.0
   Value of tmax indicator:         14.0

Task for patient = 43 with skills = {0,-1} and cost = 109.7
   Vehicle #0 = 6, leaving at = 695.0
   Vehicle #1 = -1, leaving at = inf
   Increment on distance indicator: 18.0
   Increment on tard indicator:     0.0
   Value of tmax indicator:         18.0

Task for patient = 17 with skills = {0,-1} and cost = 103.7
   Vehicle #0 = 5, leaving at = 756.0
   Vehicle #1 = -1, leaving at = inf
   Increment on distance indicator: 3.0
   Increment on tard indicator:     0.0
   Value of tmax indicator:         3.0

Task for patient = 20 with skills = {2,-1} and cost = 102.7
   Vehicle #0 = 5, leaving at = 738.0
   Vehicle #1 = -1, leaving at = inf
   Increment on distance indicator: 6.0
   Increment on tard indicator:     0.0
   Value of tmax indicator:         6.0

Task for patient = 30 with skills = {0,-1} and cost = 100.7
   Vehicle #0 = 5, leaving at = 701.0
   Vehicle #1 = -1, leaving at = inf
   Increment on distance indicator: 6.0
   Increment on tard indicator:     0.0
   Value of tmax indicator:         6.0

Task for patient = 53 with skills = {2,5} and cost = 129.3
   Vehicle #0 = 5, leaving at = 799.0
   Vehicle #1 = 14, leaving at = 793.0
   Increment on distance indicator: 17.0
   Increment on tard indicator:     0.0
   Value of tmax indicator:         17.0


Unused vehicle list: 13 (total = 1 out of 15)

---
Search finished.
Total of 448 generations in 0.6 seconds.
Exchange elite runs: 0
Implicit path relinking runs: 4
Reset attempts: 1

Best solution found:
   Cost: 346.7
   Total travel time: 1040.0
   Total tardiness time: 0.0
   Largest tardiness: 0.0


346.7
