--- BRKGA-MP-IPR for HHCRSP ---
Instance: new-instances/HHCRSP_75_15_59_0.4_R_RC.txt
Seed: 1

Reading data... Problem contains 75 patients  and 15 caregivers.

Summary of supply x demand for each service type:
Skill 0 has supply = 5 and demand = 14, ratio = 0.357143
Skill 1 has supply = 3 and demand = 14, ratio = 0.214286
Skill 2 has supply = 5 and demand = 13, ratio = 0.384615
Skill 3 has supply = 4 and demand = 11, ratio = 0.363636
Skill 4 has supply = 8 and demand = 20, ratio = 0.4
Skill 5 has supply = 7 and demand = 27, ratio = 0.259259

Reading parameters...
Inferred distance function by PR type: kendall-tau
Building BRKGA data and initializing...
Evolving 448 generations...

  Gens  Rem    Local   ElDiv NoImpr             Best solution            Time  Op
                                       Cost     Dist    Tard    TMax 
*    0  448  3245.67  241.99      0  3245.67  1896.00  7328.0   513.0     0.0    
*    2  446  2380.00  297.74      0  2380.00  1664.00  3683.0   351.0     0.0    
*    3  445  1899.33  244.40      0  1899.33  1664.00  3683.0   351.0     0.0    
*    6  442  1762.67  207.80      0  1762.67  1700.00  3273.0   315.0     0.0    
*    8  440  1432.00  236.18      0  1432.00  1772.00  2178.0   346.0     0.0    
*   10  438  1316.00  170.69      0  1316.00  1596.00  2138.0   214.0     0.0    
*   12  436  1297.33  136.68      0  1297.33  1682.00  1326.0   285.0     0.0    
*   13  435  1097.67  116.37      0  1097.67  1668.00  1344.0   151.0     0.0    
*   14  434  1054.33   94.89      0  1054.33  1668.00  1344.0   151.0     0.0    
*   16  432   845.00  106.43      0   845.00  1621.00   751.0   163.0     0.0    
*   21  427   764.67   55.72      0   764.67  1564.00   448.0   147.0     0.0    
*   22  426   719.67   57.75      0   719.67  1564.00   448.0   147.0     0.0    
*   24  424   649.67   57.77      0   649.67  1672.00   192.0    85.0     0.0    
*   26  422   614.67   45.91      0   614.67  1592.00   190.0    62.0     0.0    
*   28  420   580.00   39.78      0   580.00  1512.00   171.0    57.0     0.0    

  Gens  Rem    Local   ElDiv NoImpr             Best solution            Time  Op
                                       Cost     Dist    Tard    TMax 
*   30  418   558.00   31.62      0   558.00  1567.00    71.0    36.0     0.0    
*   32  416   517.67   28.51      0   517.67  1451.00    66.0    36.0     0.0    
*   40  408   510.00   16.46      0   510.00  1491.00    29.0    10.0     0.1    
*   43  405   508.00   13.90      0   508.00  1472.00    35.0    17.0     0.1    
*   48  400   488.00   10.83      0   488.00  1462.00     1.0     1.0     0.1    
    50  398   488.00    9.31      2   488.00  1462.00     1.0     1.0     0.1    
*   57  391   485.00   10.13      0   485.00  1409.00    21.0    20.0     0.1    
*   58  390   483.33   10.39      0   483.33  1383.00    34.0    24.0     0.1    
*   59  389   480.33    9.35      0   480.33  1383.00    34.0    24.0     0.1    
*   62  386   477.00    8.60      0   477.00  1431.00     0.0     0.0     0.1    
*   66  382   466.33    7.42      0   466.33  1397.00     1.0     1.0     0.1    
*   73  375   463.00    6.89      0   463.00  1370.00    10.0     9.0     0.1    
*   76  372   457.67    6.28      0   457.67  1365.00     4.0     4.0     0.1    
*   82  366   454.00    6.04      0   454.00  1357.00     3.0     2.0     0.1    
Path relinking result: too homogeneous.
    96  352   452.67    3.90      0   454.00  1357.00     3.0     2.0     0.1   P
*   97  351   452.67    3.73      0   452.67  1356.00     1.0     1.0     0.1    

  Gens  Rem    Local   ElDiv NoImpr             Best solution            Time  Op
                                       Cost     Dist    Tard    TMax 
   100  348   452.67    3.15      3   452.67  1356.00     1.0     1.0     0.1    
*  101  347   448.33    3.40      0   448.33  1326.00    10.0     9.0     0.1    
*  105  343   439.67    3.82      0   439.67  1319.00     0.0     0.0     0.1    
*  124  324   439.33    2.32      0   439.33  1316.00     1.0     1.0     0.2    
*  126  322   439.00    1.90      0   439.00  1309.00     1.0     1.0     0.2    
*  127  321   437.00    1.51      0   437.00  1309.00     1.0     1.0     0.2    
*  129  319   435.67    1.19      0   435.67  1303.00     1.0     1.0     0.2    
*  130  318   435.00    1.01      0   435.00  1303.00     1.0     1.0     0.2    
*  135  313   431.00    1.48      0   431.00  1281.00     0.0     0.0     0.2    
*  136  312   427.00    1.32      0   427.00  1281.00     0.0     0.0     0.2    
*  139  309   426.00    2.99      0   426.00  1278.00     0.0     0.0     0.2    
   150  298   426.00    0.00     11   426.00  1278.00     0.0     0.0     0.2    
*  163  285   425.33    0.08      0   425.33  1276.00     0.0     0.0     0.2    
*  182  266   425.00    0.04      0   425.00  1275.00     0.0     0.0     0.2    
*  192  256   424.67    0.12      0   424.67  1274.00     0.0     0.0     0.3    
Path relinking result: too homogeneous.
   192  256   424.67    0.12      1   424.67  1274.00     0.0     0.0     0.3   P

  Gens  Rem    Local   ElDiv NoImpr             Best solution            Time  Op
                                       Cost     Dist    Tard    TMax 
*  200  248   424.00    0.12      0   424.00  1272.00     0.0     0.0     0.3    
*  219  229   422.00    0.35      0   422.00  1266.00     0.0     0.0     0.3    
   250  198   422.00    0.00     31   422.00  1266.00     0.0     0.0     0.3    
   286  162      inf  352.20      0   422.00  1266.00     0.0     0.0     0.4   R
   287  161  2847.33  280.66      0   422.00  1266.00     0.0     0.0     0.4    
Path relinking result: too homogeneous.
   288  160  2847.33  227.45      2   422.00  1266.00     0.0     0.0     0.4   P
   300  148  1091.33   93.32      0   422.00  1266.00     0.0     0.0     0.4    
   350   98   457.67    7.96      2   422.00  1266.00     0.0     0.0     0.5    
Path relinking result: too homogeneous.
   384   64   442.67    4.26      1   422.00  1266.00     0.0     0.0     0.5   P
   400   48   425.00    4.14      2   422.00  1266.00     0.0     0.0     0.5    
*  434   14   419.33    0.75      0   419.33  1249.00     4.0     2.0     0.6    
*  435   13   418.33    1.12      0   418.33  1249.00     4.0     2.0     0.6    
   448    0   418.33    0.00     13   418.33  1249.00     4.0     2.0     0.6    
Evolutionary process finished.
Solution written to 'solution-32470.txt'.

Sorted sequence of worst to best tardiness value:
Task for patient = 31 with skills = {2,5} and cost = 248.0
   Vehicle #0 = 4, leaving at = 917.0
   Vehicle #1 = 12, leaving at = 892.0
   Increment on distance indicator: 14.0
   Increment on tard indicator:     4.0
   Value of tmax indicator:         14.0

Task for patient = 63 with skills = {0,3} and cost = 238.0
   Vehicle #0 = 0, leaving at = 865.0
   Vehicle #1 = 12, leaving at = 856.0
   Increment on distance indicator: 28.0
   Increment on tard indicator:     0.0
   Value of tmax indicator:         28.0

Task for patient = 71 with skills = {1,5} and cost = 228.7
   Vehicle #0 = 1, leaving at = 864.0
   Vehicle #1 = 14, leaving at = 863.0
   Increment on distance indicator: 25.0
   Increment on tard indicator:     0.0
   Value of tmax indicator:         25.0

Task for patient = 33 with skills = {2,-1} and cost = 220.3
   Vehicle #0 = 6, leaving at = 962.0
   Vehicle #1 = -1, leaving at = inf
   Increment on distance indicator: 8.0
   Increment on tard indicator:     0.0
   Value of tmax indicator:         8.0

Task for patient = 56 with skills = {5,-1} and cost = 217.7
   Vehicle #0 = 14, leaving at = 832.0
   Vehicle #1 = -1, leaving at = inf
   Increment on distance indicator: 9.0
   Increment on tard indicator:     0.0
   Value of tmax indicator:         9.0

Task for patient = 68 with skills = {3,-1} and cost = 214.7
   Vehicle #0 = 8, leaving at = 884.0
   Vehicle #1 = -1, leaving at = inf
   Increment on distance indicator: 7.0
   Increment on tard indicator:     0.0
   Value of tmax indicator:         7.0

Task for patient = 72 with skills = {4,-1} and cost = 212.3
   Vehicle #0 = 9, leaving at = 968.0
   Vehicle #1 = -1, leaving at = inf
   Increment on distance indicator: 3.0
   Increment on tard indicator:     0.0
   Value of tmax indicator:         3.0

Task for patient = 27 with skills = {5,-1} and cost = 211.3
   Vehicle #0 = 7, leaving at = 912.0
   Vehicle #1 = -1, leaving at = inf
   Increment on distance indicator: 12.0
   Increment on tard indicator:     0.0
   Value of tmax indicator:         12.0

Task for patient = 50 with skills = {1,-1} and cost = 314.0
   Vehicle #0 = 5, leaving at = 1042.0
   Vehicle #1 = -1, leaving at = inf
   Increment on distance indicator: 8.0
   Increment on tard indicator:     0.0
   Value of tmax indicator:         8.0

Task for patient = 20 with skills = {3,-1} and cost = 202.3
   Vehicle #0 = 9, leaving at = 935.0
   Vehicle #1 = -1, leaving at = inf
   Increment on distance indicator: 10.0
   Increment on tard indicator:     0.0
   Value of tmax indicator:         10.0

Task for patient = 28 with skills = {4,-1} and cost = 199.0
   Vehicle #0 = 9, leaving at = 868.0
   Vehicle #1 = -1, leaving at = inf
   Increment on distance indicator: 6.0
   Increment on tard indicator:     0.0
   Value of tmax indicator:         6.0

Task for patient = 49 with skills = {4,-1} and cost = 197.0
   Vehicle #0 = 8, leaving at = 842.0
   Vehicle #1 = -1, leaving at = inf
   Increment on distance indicator: 6.0
   Increment on tard indicator:     0.0
   Value of tmax indicator:         6.0

Task for patient = 8 with skills = {5,-1} and cost = 195.0
   Vehicle #0 = 8, leaving at = 800.0
   Vehicle #1 = -1, leaving at = inf
   Increment on distance indicator: 10.0
   Increment on tard indicator:     0.0
   Value of tmax indicator:         10.0

Task for patient = 52 with skills = {5,-1} and cost = 191.7
   Vehicle #0 = 14, leaving at = 807.0
   Vehicle #1 = -1, leaving at = inf
   Increment on distance indicator: 5.0
   Increment on tard indicator:     0.0
   Value of tmax indicator:         5.0

Task for patient = 73 with skills = {2,-1} and cost = 190.0
   Vehicle #0 = 4, leaving at = 831.0
   Vehicle #1 = -1, leaving at = inf
   Increment on distance indicator: 13.0
   Increment on tard indicator:     0.0
   Value of tmax indicator:         13.0

Task for patient = 51 with skills = {4,-1} and cost = 185.7
   Vehicle #0 = 10, leaving at = 758.0
   Vehicle #1 = -1, leaving at = inf
   Increment on distance indicator: 20.0
   Increment on tard indicator:     0.0
   Value of tmax indicator:         20.0

Task for patient = 54 with skills = {0,5} and cost = 179.0
   Vehicle #0 = 5, leaving at = 901.0
   Vehicle #1 = 11, leaving at = 878.0
   Increment on distance indicator: 17.0
   Increment on tard indicator:     0.0
   Value of tmax indicator:         17.0

Task for patient = 23 with skills = {4,-1} and cost = 173.3
   Vehicle #0 = 7, leaving at = 862.0
   Vehicle #1 = -1, leaving at = inf
   Increment on distance indicator: 9.0
   Increment on tard indicator:     0.0
   Value of tmax indicator:         9.0

Task for patient = 64 with skills = {0,4} and cost = 207.3
   Vehicle #0 = 1, leaving at = 768.0
   Vehicle #1 = 13, leaving at = 755.0
   Increment on distance indicator: 15.0
   Increment on tard indicator:     0.0
   Value of tmax indicator:         15.0

Task for patient = 70 with skills = {5,-1} and cost = 311.3
   Vehicle #0 = 14, leaving at = 985.0
   Vehicle #1 = -1, leaving at = inf
   Increment on distance indicator: 9.0
   Increment on tard indicator:     0.0
   Value of tmax indicator:         9.0

Task for patient = 60 with skills = {2,-1} and cost = 308.3
   Vehicle #0 = 3, leaving at = 961.0
   Vehicle #1 = -1, leaving at = inf
   Increment on distance indicator: 2.0
   Increment on tard indicator:     0.0
   Value of tmax indicator:         2.0

Task for patient = 69 with skills = {1,5} and cost = 307.7
   Vehicle #0 = 5, leaving at = 992.0
   Vehicle #1 = 11, leaving at = 1034.0
   Increment on distance indicator: 16.0
   Increment on tard indicator:     0.0
   Value of tmax indicator:         16.0

Task for patient = 47 with skills = {5,-1} and cost = 302.3
   Vehicle #0 = 13, leaving at = 960.0
   Vehicle #1 = -1, leaving at = inf
   Increment on distance indicator: 11.0
   Increment on tard indicator:     0.0
   Value of tmax indicator:         11.0

Task for patient = 55 with skills = {2,5} and cost = 298.7
   Vehicle #0 = 3, leaving at = 907.0
   Vehicle #1 = 14, leaving at = 926.0
   Increment on distance indicator: 27.0
   Increment on tard indicator:     0.0
   Value of tmax indicator:         27.0

Task for patient = 15 with skills = {1,-1} and cost = 289.7
   Vehicle #0 = 1, leaving at = 1008.0
   Vehicle #1 = -1, leaving at = inf
   Increment on distance indicator: 13.0
   Increment on tard indicator:     0.0
   Value of tmax indicator:         13.0

Task for patient = 6 with skills = {0,4} and cost = 285.3
   Vehicle #0 = 6, leaving at = 1005.0
   Vehicle #1 = 8, leaving at = 1030.0
   Increment on distance indicator: 9.0
   Increment on tard indicator:     0.0
   Value of tmax indicator:         9.0

Task for patient = 24 with skills = {5,-1} and cost = 282.3
   Vehicle #0 = 11, leaving at = 976.0
   Vehicle #1 = -1, leaving at = inf
   Increment on distance indicator: 5.0
   Increment on tard indicator:     0.0
   Value of tmax indicator:         5.0

Task for patient = 1 with skills = {5,-1} and cost = 239.3
   Vehicle #0 = 7, leaving at = 947.0
   Vehicle #1 = -1, leaving at = inf
   Increment on distance indicator: 4.0
   Increment on tard indicator:     0.0
   Value of tmax indicator:         4.0

Task for patient = 32 with skills = {4,-1} and cost = 276.0
   Vehicle #0 = 9, leaving at = 1019.0
   Vehicle #1 = -1, leaving at = inf
   Increment on distance indicator: 16.0
   Increment on tard indicator:     0.0
   Value of tmax indicator:         16.0

Task for patient = 17 with skills = {1,3} and cost = 270.7
   Vehicle #0 = 1, leaving at = 963.0
   Vehicle #1 = 12, leaving at = 1008.0
   Increment on distance indicator: 10.0
   Increment on tard indicator:     0.0
   Value of tmax indicator:         10.0

Task for patient = 9 with skills = {5,-1} and cost = 267.3
   Vehicle #0 = 8, leaving at = 933.0
   Vehicle #1 = -1, leaving at = inf
   Increment on distance indicator: 6.0
   Increment on tard indicator:     0.0
   Value of tmax indicator:         6.0

Task for patient = 22 with skills = {3,-1} and cost = 265.3
   Vehicle #0 = 11, leaving at = 924.0
   Vehicle #1 = -1, leaving at = inf
   Increment on distance indicator: 8.0
   Increment on tard indicator:     0.0
   Value of tmax indicator:         8.0

Task for patient = 48 with skills = {1,5} and cost = 262.7
   Vehicle #0 = 1, leaving at = 932.0
   Vehicle #1 = 12, leaving at = 919.0
   Increment on distance indicator: 18.0
   Increment on tard indicator:     0.0
   Value of tmax indicator:         18.0

Task for patient = 74 with skills = {4,-1} and cost = 256.7
   Vehicle #0 = 13, leaving at = 911.0
   Vehicle #1 = -1, leaving at = inf
   Increment on distance indicator: 9.0
   Increment on tard indicator:     0.0
   Value of tmax indicator:         9.0

Task for patient = 45 with skills = {1,-1} and cost = 253.7
   Vehicle #0 = 2, leaving at = 955.0
   Vehicle #1 = -1, leaving at = inf
   Increment on distance indicator: 17.0
   Increment on tard indicator:     0.0
   Value of tmax indicator:         17.0

Task for patient = 10 with skills = {4,-1} and cost = 241.3
   Vehicle #0 = 13, leaving at = 849.0
   Vehicle #1 = -1, leaving at = inf
   Increment on distance indicator: 6.0
   Increment on tard indicator:     0.0
   Value of tmax indicator:         6.0

Task for patient = 3 with skills = {4,-1} and cost = 280.7
   Vehicle #0 = 8, leaving at = 984.0
   Vehicle #1 = -1, leaving at = inf
   Increment on distance indicator: 14.0
   Increment on tard indicator:     0.0
   Value of tmax indicator:         14.0

Task for patient = 35 with skills = {5,-1} and cost = 78.7
   Vehicle #0 = 12, leaving at = 539.0
   Vehicle #1 = -1, leaving at = inf
   Increment on distance indicator: 15.0
   Increment on tard indicator:     0.0
   Value of tmax indicator:         15.0

Task for patient = 75 with skills = {1,4} and cost = 73.7
   Vehicle #0 = 5, leaving at = 679.0
   Vehicle #1 = 9, leaving at = 682.0
   Increment on distance indicator: 5.0
   Increment on tard indicator:     0.0
   Value of tmax indicator:         5.0

Task for patient = 18 with skills = {0,-1} and cost = 72.0
   Vehicle #0 = 0, leaving at = 627.0
   Vehicle #1 = -1, leaving at = inf
   Increment on distance indicator: 10.0
   Increment on tard indicator:     0.0
   Value of tmax indicator:         10.0

Task for patient = 13 with skills = {2,5} and cost = 68.7
   Vehicle #0 = 4, leaving at = 665.0
   Vehicle #1 = 10, leaving at = 688.0
   Increment on distance indicator: 6.0
   Increment on tard indicator:     0.0
   Value of tmax indicator:         6.0

Task for patient = 61 with skills = {3,-1} and cost = 66.7
   Vehicle #0 = 8, leaving at = 650.0
   Vehicle #1 = -1, leaving at = inf
   Increment on distance indicator: 4.0
   Increment on tard indicator:     0.0
   Value of tmax indicator:         4.0

Task for patient = 59 with skills = {3,-1} and cost = 65.3
   Vehicle #0 = 9, leaving at = 598.0
   Vehicle #1 = -1, leaving at = inf
   Increment on distance indicator: 2.0
   Increment on tard indicator:     0.0
   Value of tmax indicator:         2.0

Task for patient = 11 with skills = {5,-1} and cost = 64.7
   Vehicle #0 = 7, leaving at = 687.0
   Vehicle #1 = -1, leaving at = inf
   Increment on distance indicator: 10.0
   Increment on tard indicator:     0.0
   Value of tmax indicator:         10.0

Task for patient = 41 with skills = {0,4} and cost = 61.3
   Vehicle #0 = 1, leaving at = 615.0
   Vehicle #1 = 8, leaving at = 623.0
   Increment on distance indicator: 14.0
   Increment on tard indicator:     0.0
   Value of tmax indicator:         14.0

Task for patient = 21 with skills = {2,5} and cost = 170.3
   Vehicle #0 = 6, leaving at = 750.0
   Vehicle #1 = 8, leaving at = 741.0
   Increment on distance indicator: 22.0
   Increment on tard indicator:     0.0
   Value of tmax indicator:         22.0

Task for patient = 66 with skills = {0,-1} and cost = 54.0
   Vehicle #0 = 2, leaving at = 664.0
   Vehicle #1 = -1, leaving at = inf
   Increment on distance indicator: 5.0
   Increment on tard indicator:     0.0
   Value of tmax indicator:         5.0

Task for patient = 29 with skills = {2,4} and cost = 52.3
   Vehicle #0 = 3, leaving at = 613.0
   Vehicle #1 = 11, leaving at = 673.0
   Increment on distance indicator: 12.0
   Increment on tard indicator:     0.0
   Value of tmax indicator:         12.0

Task for patient = 37 with skills = {2,5} and cost = 48.3
   Vehicle #0 = 3, leaving at = 517.0
   Vehicle #1 = 11, leaving at = 528.0
   Increment on distance indicator: 38.0
   Increment on tard indicator:     0.0
   Value of tmax indicator:         38.0

Task for patient = 43 with skills = {1,5} and cost = 35.7
   Vehicle #0 = 5, leaving at = 646.0
   Vehicle #1 = 10, leaving at = 636.0
   Increment on distance indicator: 0.0
   Increment on tard indicator:     0.0
   Value of tmax indicator:         0.0

Task for patient = 57 with skills = {4,-1} and cost = 35.7
   Vehicle #0 = 7, leaving at = 642.0
   Vehicle #1 = -1, leaving at = inf
   Increment on distance indicator: 7.0
   Increment on tard indicator:     0.0
   Value of tmax indicator:         7.0

Task for patient = 39 with skills = {2,-1} and cost = 33.3
   Vehicle #0 = 2, leaving at = 599.0
   Vehicle #1 = -1, leaving at = inf
   Increment on distance indicator: 14.0
   Increment on tard indicator:     0.0
   Value of tmax indicator:         14.0

Task for patient = 34 with skills = {1,3} and cost = 28.7
   Vehicle #0 = 2, leaving at = 510.0
   Vehicle #1 = 9, leaving at = 530.0
   Increment on distance indicator: 4.0
   Increment on tard indicator:     0.0
   Value of tmax indicator:         4.0

Task for patient = 67 with skills = {5,-1} and cost = 27.3
   Vehicle #0 = 7, leaving at = 585.0
   Vehicle #1 = -1, leaving at = inf
   Increment on distance indicator: 16.0
   Increment on tard indicator:     0.0
   Value of tmax indicator:         16.0

Task for patient = 19 with skills = {1,3} and cost = 22.0
   Vehicle #0 = 1, leaving at = 504.0
   Vehicle #1 = 8, leaving at = 561.0
   Increment on distance indicator: 66.0
   Increment on tard indicator:     0.0
   Value of tmax indicator:         66.0

Task for patient = 44 with skills = {4,-1} and cost = 56.7
   Vehicle #0 = 11, leaving at = 702.0
   Vehicle #1 = -1, leaving at = inf
   Increment on distance indicator: 8.0
   Increment on tard indicator:     0.0
   Value of tmax indicator:         8.0

Task for patient = 53 with skills = {1,-1} and cost = 163.0
   Vehicle #0 = 2, leaving at = 884.0
   Vehicle #1 = -1, leaving at = inf
   Increment on distance indicator: 5.0
   Increment on tard indicator:     0.0
   Value of tmax indicator:         5.0

Task for patient = 58 with skills = {0,-1} and cost = 161.3
   Vehicle #0 = 5, leaving at = 835.0
   Vehicle #1 = -1, leaving at = inf
   Increment on distance indicator: 3.0
   Increment on tard indicator:     0.0
   Value of tmax indicator:         3.0

Task for patient = 14 with skills = {4,-1} and cost = 160.3
   Vehicle #0 = 14, leaving at = 770.0
   Vehicle #1 = -1, leaving at = inf
   Increment on distance indicator: 6.0
   Increment on tard indicator:     0.0
   Value of tmax indicator:         6.0

Task for patient = 38 with skills = {0,-1} and cost = 158.3
   Vehicle #0 = 6, leaving at = 586.0
   Vehicle #1 = -1, leaving at = inf
   Increment on distance indicator: 34.0
   Increment on tard indicator:     0.0
   Value of tmax indicator:         34.0

Task for patient = 7 with skills = {2,4} and cost = 147.0
   Vehicle #0 = 2, leaving at = 820.0
   Vehicle #1 = 7, leaving at = 813.0
   Increment on distance indicator: 53.0
   Increment on tard indicator:     0.0
   Value of tmax indicator:         53.0

Task for patient = 26 with skills = {0,-1} and cost = 129.3
   Vehicle #0 = 0, leaving at = 780.0
   Vehicle #1 = -1, leaving at = inf
   Increment on distance indicator: 5.0
   Increment on tard indicator:     0.0
   Value of tmax indicator:         5.0

Task for patient = 16 with skills = {0,5} and cost = 127.7
   Vehicle #0 = 5, leaving at = 801.0
   Vehicle #1 = 11, leaving at = 836.0
   Increment on distance indicator: 12.0
   Increment on tard indicator:     0.0
   Value of tmax indicator:         12.0

Task for patient = 2 with skills = {1,3} and cost = 123.7
   Vehicle #0 = 1, leaving at = 705.0
   Vehicle #1 = 8, leaving at = 692.0
   Increment on distance indicator: 23.0
   Increment on tard indicator:     0.0
   Value of tmax indicator:         23.0

Task for patient = 36 with skills = {5,-1} and cost = 81.3
   Vehicle #0 = 12, leaving at = 623.0
   Vehicle #1 = -1, leaving at = inf
   Increment on distance indicator: 8.0
   Increment on tard indicator:     0.0
   Value of tmax indicator:         8.0

Task for patient = 65 with skills = {5,-1} and cost = 112.3
   Vehicle #0 = 14, leaving at = 534.0
   Vehicle #1 = -1, leaving at = inf
   Increment on distance indicator: 14.0
   Increment on tard indicator:     0.0
   Value of tmax indicator:         14.0

Task for patient = 4 with skills = {0,-1} and cost = 107.7
   Vehicle #0 = 1, leaving at = 646.0
   Vehicle #1 = -1, leaving at = inf
   Increment on distance indicator: 3.0
   Increment on tard indicator:     0.0
   Value of tmax indicator:         3.0

Task for patient = 62 with skills = {1,5} and cost = 106.7
   Vehicle #0 = 5, leaving at = 772.0
   Vehicle #1 = 12, leaving at = 793.0
   Increment on distance indicator: 17.0
   Increment on tard indicator:     0.0
   Value of tmax indicator:         17.0

Task for patient = 25 with skills = {0,-1} and cost = 101.0
   Vehicle #0 = 2, leaving at = 697.0
   Vehicle #1 = -1, leaving at = inf
   Increment on distance indicator: 12.0
   Increment on tard indicator:     0.0
   Value of tmax indicator:         12.0

Task for patient = 40 with skills = {2,-1} and cost = 97.0
   Vehicle #0 = 3, leaving at = 714.0
   Vehicle #1 = -1, leaving at = inf
   Increment on distance indicator: 8.0
   Increment on tard indicator:     0.0
   Value of tmax indicator:         8.0

Task for patient = 5 with skills = {4,-1} and cost = 94.3
   Vehicle #0 = 12, leaving at = 701.0
   Vehicle #1 = -1, leaving at = inf
   Increment on distance indicator: 6.0
   Increment on tard indicator:     0.0
   Value of tmax indicator:         6.0

Task for patient = 12 with skills = {0,3} and cost = 92.3
   Vehicle #0 = 0, leaving at = 688.0
   Vehicle #1 = 9, leaving at = 729.0
   Increment on distance indicator: 14.0
   Increment on tard indicator:     0.0
   Value of tmax indicator:         14.0

Task for patient = 30 with skills = {5,-1} and cost = 87.7
   Vehicle #0 = 13, leaving at = 642.0
   Vehicle #1 = -1, leaving at = inf
   Increment on distance indicator: 12.0
   Increment on tard indicator:     0.0
   Value of tmax indicator:         12.0

Task for patient = 42 with skills = {4,-1} and cost = 83.7
   Vehicle #0 = 13, leaving at = 581.0
   Vehicle #1 = -1, leaving at = inf
   Increment on distance indicator: 7.0
   Increment on tard indicator:     0.0
   Value of tmax indicator:         7.0

Task for patient = 46 with skills = {2,-1} and cost = 116.0
   Vehicle #0 = 4, leaving at = 721.0
   Vehicle #1 = -1, leaving at = inf
   Increment on distance indicator: 11.0
   Increment on tard indicator:     0.0
   Value of tmax indicator:         11.0


Unused vehicle list: (total = 0 out of 15)

---
Search finished.
Total of 448 generations in 0.6 seconds.
Exchange elite runs: 0
Implicit path relinking runs: 4
Reset attempts: 1

Best solution found:
   Cost: 418.3
   Total travel time: 1249.0
   Total tardiness time: 4.0
   Largest tardiness: 2.0


418.3
