#######################################
### Exact MIP solver for the HHCRSP ###
#######################################
-- Instance file: new-instances/HHCRSP_75_15_89_1.2_C_C.txt
-- Max threads: 4
-- Time limit: 999999 seconds
-- Use initial solution: No
Trivial flow violations prevented generating 21060 variables.
Model exported.
Version identifier: 20.1.0.0 | 2020-11-10 | 9bedb6d68
CPXPARAM_Threads                                 4
CPXPARAM_TimeLimit                               999999
Parallel mode: deterministic, using up to 4 threads for concurrent optimization:
 * Starting dual Simplex on 1 thread...
 * Starting Barrier on 3 threads...
Tried aggregator 1 time.
LP Presolve eliminated 3408 rows and 907 columns.
Reduced LP has 25572 rows, 24467 columns, and 269372 nonzeros.
Presolve time = 0.13 sec. (72.25 ticks)
Symmetry aggregator did 24966 additional substitutions.

Iteration log . . .
Iteration:     1   Dual objective     =             0.000000
Iteration:   379   Dual objective     =           133.666667

Dual crossover.
  Dual:  Fixing 207 variables.
      206 DMoves:  Infeasibility  1.49213975e-13  Objective  1.34000000e+02
        0 DMoves:  Infeasibility  9.07052220e-14  Objective  1.34000000e+02
  Dual:  Pushed 7, exchanged 200.
  Primal:  Fixing 74 variables.
       73 PMoves:  Infeasibility  0.00000000e+00  Objective  1.34000000e+02
        0 PMoves:  Infeasibility  0.00000000e+00  Objective  1.34000000e+02
  Primal:  Pushed 44, exchanged 30.

Dual simplex solved model.


Solution status from MIP model:
-- Processing time: 0.234 sec.
-- Memory used: 88.2246 MB
-- Best bound: inf
-- Obj value: 134
-- Gap: inf%
-- Total distance: 402
-- Total tardiness: 0
-- Largest tardiness: 0
