--- BRKGA-MP-IPR for HHCRSP ---
Instance: new-instances/HHCRSP_200_40_40_0.4_C_C.txt
Seed: 1

Reading data... Problem contains 200 patients  and 40 caregivers.

Summary of supply x demand for each service type:
Skill 0 has supply = 14 and demand = 52, ratio = 0.269231
Skill 1 has supply = 8 and demand = 31, ratio = 0.258065
Skill 2 has supply = 12 and demand = 38, ratio = 0.315789
Skill 3 has supply = 14 and demand = 51, ratio = 0.27451
Skill 4 has supply = 16 and demand = 53, ratio = 0.301887
Skill 5 has supply = 13 and demand = 35, ratio = 0.371429

Reading parameters...
Inferred distance function by PR type: kendall-tau
Building BRKGA data and initializing...
Evolving 448 generations...

  Gens  Rem    Local   ElDiv NoImpr             Best solution            Time  Op
                                       Cost     Dist    Tard    TMax 
*    0  448  5528.00  397.25      0  5528.00  3210.00 12980.0   394.0     0.0    
*    3  445  4779.67  332.27      0  4779.67  2951.00 10970.0   418.0     0.1    
*    5  443  4622.67  320.82      0  4622.67  3080.00  8920.0   388.0     0.1    
*    6  442  4129.33  315.01      0  4129.33  3049.00  8393.0   368.0     0.1    
*    7  441  3936.67  332.68      0  3936.67  3021.00  7374.0   427.0     0.2    
*    8  440  3607.33  306.15      0  3607.33  3021.00  7374.0   427.0     0.2    
*   10  438  3277.00  259.58      0  3277.00  2998.00  6441.0   392.0     0.2    
*   13  435  3107.33  233.71      0  3107.33  2980.00  3860.0   326.0     0.3    
*   14  434  2388.67  242.59      0  2388.67  2980.00  3860.0   326.0     0.3    
*   17  431  2315.67  212.18      0  2315.67  2807.00  3319.0   241.0     0.3    
*   18  430  2122.33  201.92      0  2122.33  2977.00  2663.0   279.0     0.4    
*   19  429  1973.00  169.70      0  1973.00  2844.00  2444.0   194.0     0.4    
*   20  428  1827.33  168.60      0  1827.33  2844.00  2444.0   194.0     0.4    
*   23  425  1549.67  154.82      0  1549.67  2936.00  1309.0   209.0     0.4    
*   24  424  1484.67  136.63      0  1484.67  2918.00  1307.0   164.0     0.5    

  Gens  Rem    Local   ElDiv NoImpr             Best solution            Time  Op
                                       Cost     Dist    Tard    TMax 
*   25  423  1463.00  142.60      0  1463.00  2921.00  1238.0   225.0     0.5    
*   26  422  1461.33  111.54      0  1461.33  2827.00  1211.0   197.0     0.5    
*   27  421  1411.67  101.65      0  1411.67  2833.00  1075.0   205.0     0.5    
*   28  420  1371.00   85.80      0  1371.00  2857.00  1087.0   160.0     0.5    
*   29  419  1368.00   86.37      0  1368.00  2809.00   788.0   139.0     0.6    
*   30  418  1245.33   72.03      0  1245.33  2809.00   788.0   139.0     0.6    
*   32  416  1097.67   64.45      0  1097.67  2770.00   352.0   171.0     0.6    
*   34  414  1062.33   75.91      0  1062.33  2853.00   161.0    56.0     0.7    
*   35  413  1023.33   58.36      0  1023.33  2853.00   161.0    56.0     0.7    
*   37  411  1014.33   44.61      0  1014.33  2789.00   207.0    47.0     0.7    
*   39  409  1002.67   34.83      0  1002.67  2880.00    91.0    37.0     0.7    
*   41  407   999.33   33.96      0   999.33  2752.00    41.0    21.0     0.8    
*   42  406   938.00   33.72      0   938.00  2781.00     0.0     0.0     0.8    
*   43  405   927.00   27.92      0   927.00  2781.00     0.0     0.0     0.8    
*   46  402   896.33   28.65      0   896.33  2652.00    27.0    10.0     0.9    
    50  398   896.33   19.05      4   896.33  2652.00    27.0    10.0     0.9    

  Gens  Rem    Local   ElDiv NoImpr             Best solution            Time  Op
                                       Cost     Dist    Tard    TMax 
*   53  395   888.67   14.81      0   888.67  2621.00    30.0    15.0     1.0    
*   56  392   874.67   14.58      0   874.67  2616.00     4.0     4.0     1.1    
*   58  390   869.33   14.27      0   869.33  2598.00     7.0     3.0     1.1    
*   62  386   866.33    9.94      0   866.33  2587.00     7.0     5.0     1.2    
*   66  382   864.67    9.45      0   864.67  2585.00     6.0     3.0     1.3    
*   74  374   855.67    7.33      0   855.67  2567.00     0.0     0.0     1.4    
*   85  363   848.67    5.90      0   848.67  2529.00    12.0     5.0     1.6    
*   90  358   837.33    6.78      0   837.33  2503.00     6.0     3.0     1.7    
Path relinking result: too homogeneous.
    96  352   837.33    6.45      7   837.33  2503.00     6.0     3.0     1.8   P
   100  348   837.33    6.53     10   837.33  2503.00     6.0     3.0     1.9    
*  109  339   834.33    5.66      0   834.33  2479.00     7.0     7.0     2.1    
*  110  338   831.00    6.29      0   831.00  2455.00     4.0     1.0     2.1    
*  111  337   820.00    6.26      0   820.00  2455.00     4.0     1.0     2.1    
*  113  335   818.33    6.83      0   818.33  2450.00     3.0     2.0     2.1    
*  120  328   816.67    6.65      0   816.67  2430.00    10.0    10.0     2.3    
*  128  320   813.33    6.16      0   813.33  2436.00     2.0     2.0     2.4    

  Gens  Rem    Local   ElDiv NoImpr             Best solution            Time  Op
                                       Cost     Dist    Tard    TMax 
*  135  313   807.00    6.33      0   807.00  2418.00     2.0     1.0     2.6    
*  143  305   791.00    6.78      0   791.00  2373.00     0.0     0.0     2.7    
   150  298   791.00    6.18      7   791.00  2373.00     0.0     0.0     2.8    
*  162  286   790.00    6.04      0   790.00  2359.00     9.0     2.0     3.1    
*  169  279   785.00    5.94      0   785.00  2355.00     0.0     0.0     3.2    
*  185  263   782.33    5.76      0   782.33  2322.00     4.0     4.0     3.5    
*  186  262   776.67    6.08      0   776.67  2329.00     0.0     0.0     3.5    
*  187  261   776.33    6.07      0   776.33  2329.00     0.0     0.0     3.5    
Path relinking result: too homogeneous.
   192  256   773.00    5.84      0   776.33  2329.00     0.0     0.0     3.6   P
*  193  255   773.00    5.49      0   773.00  2317.00     1.0     1.0     3.6    
   200  248   773.00    4.35      7   773.00  2317.00     1.0     1.0     3.8    
*  218  230   764.33    3.88      0   764.33  2281.00     8.0     4.0     4.1    
*  235  213   760.00    4.54      0   760.00  2277.00     2.0     1.0     4.5    
*  243  205   758.00    4.52      0   758.00  2274.00     0.0     0.0     4.6    
*  245  203   756.00    4.46      0   756.00  2266.00     1.0     1.0     4.6    
*  248  200   747.33    5.02      0   747.33  2230.00     8.0     4.0     4.7    

  Gens  Rem    Local   ElDiv NoImpr             Best solution            Time  Op
                                       Cost     Dist    Tard    TMax 
   250  198   747.33    5.24      2   747.33  2230.00     8.0     4.0     4.7    
*  260  188   745.67    4.24      0   745.67  2223.00     9.0     5.0     4.9    
*  271  177   745.00    3.44      0   745.00  2214.00     9.0     4.0     5.1    
*  272  176   742.33    3.69      0   742.33  2209.00     4.0     4.0     5.1    
*  273  175   739.00    3.24      0   739.00  2209.00     4.0     4.0     5.2    
*  278  170   736.33    3.17      0   736.33  2209.00     0.0     0.0     5.2    
*  283  165   735.67    2.64      0   735.67  2206.00     0.0     0.0     5.3    
*  284  164   735.33    2.38      0   735.33  2206.00     0.0     0.0     5.3    
*  286  162   734.67    2.04      0   734.67  2203.00     0.0     0.0     5.4    
*  287  161   734.33    2.13      0   734.33  2197.00     0.0     0.0     5.4    
*  288  160   732.33    2.04      0   732.33  2197.00     0.0     0.0     5.4    
Path relinking result: too homogeneous.
   288  160   732.33    2.04      1   732.33  2197.00     0.0     0.0     5.4   P
*  290  158   730.67    2.07      0   730.67  2192.00     0.0     0.0     5.5    
*  292  156   729.67    1.65      0   729.67  2189.00     0.0     0.0     5.5    
*  298  150   728.67    0.94      0   728.67  2183.00     0.0     0.0     5.6    
*  299  149   727.67    0.89      0   727.67  2183.00     0.0     0.0     5.6    

  Gens  Rem    Local   ElDiv NoImpr             Best solution            Time  Op
                                       Cost     Dist    Tard    TMax 
   300  148   727.67    0.75      1   727.67  2183.00     0.0     0.0     5.6    
*  303  145   727.00    0.55      0   727.00  2178.00     0.0     0.0     5.7    
*  304  144   726.00    0.52      0   726.00  2178.00     0.0     0.0     5.7    
*  306  142   725.33    0.80      0   725.33  2176.00     0.0     0.0     5.7    
*  310  138   724.67    0.50      0   724.67  2174.00     0.0     0.0     5.8    
*  312  136   724.33    0.41      0   724.33  2171.00     0.0     0.0     5.9    
*  313  135   723.67    0.39      0   723.67  2169.00     0.0     0.0     5.9    
*  314  134   723.00    0.54      0   723.00  2165.00     0.0     0.0     5.9    
*  315  133   721.67    0.57      0   721.67  2165.00     0.0     0.0     5.9    
*  318  130   721.00    0.71      0   721.00  2163.00     0.0     0.0     6.0    
*  334  114   720.67    0.08      0   720.67  2162.00     0.0     0.0     6.3    
*  339  109   719.67    0.17      0   719.67  2159.00     0.0     0.0     6.4    
*  342  106   719.33    0.53      0   719.33  2158.00     0.0     0.0     6.5    
   350   98   719.33    0.00      8   719.33  2158.00     0.0     0.0     6.6    
*  379   69   718.67    0.08      0   718.67  2156.00     0.0     0.0     7.2    
Path relinking result: too homogeneous.
   384   64   718.67    0.22      6   718.67  2156.00     0.0     0.0     7.2   P

  Gens  Rem    Local   ElDiv NoImpr             Best solution            Time  Op
                                       Cost     Dist    Tard    TMax 
*  399   49   718.00    0.12      0   718.00  2154.00     0.0     0.0     7.5    
   400   48   718.00    0.12      1   718.00  2154.00     0.0     0.0     7.5    
*  444    4   716.67    0.23      0   716.67  2150.00     0.0     0.0     8.3    
   448    0   716.67    0.50      4   716.67  2150.00     0.0     0.0     8.4    
Evolutionary process finished.
Solution written to 'solution-13160.txt'.

Sorted sequence of worst to best tardiness value:
Task for patient = 4 with skills = {3,-1} and cost = 368.7
   Vehicle #0 = 25, leaving at = 833.0
   Vehicle #1 = -1, leaving at = inf
   Increment on distance indicator: 6.0
   Increment on tard indicator:     0.0
   Value of tmax indicator:         6.0

Task for patient = 124 with skills = {4,-1} and cost = 372.3
   Vehicle #0 = 25, leaving at = 862.0
   Vehicle #1 = -1, leaving at = inf
   Increment on distance indicator: 11.0
   Increment on tard indicator:     0.0
   Value of tmax indicator:         11.0

Task for patient = 172 with skills = {0,-1} and cost = 374.3
   Vehicle #0 = 12, leaving at = 915.0
   Vehicle #1 = -1, leaving at = inf
   Increment on distance indicator: 6.0
   Increment on tard indicator:     0.0
   Value of tmax indicator:         6.0

Task for patient = 134 with skills = {1,5} and cost = 377.3
   Vehicle #0 = 14, leaving at = 873.0
   Vehicle #1 = 23, leaving at = 910.0
   Increment on distance indicator: 9.0
   Increment on tard indicator:     0.0
   Value of tmax indicator:         9.0

Task for patient = 97 with skills = {1,4} and cost = 380.0
   Vehicle #0 = 12, leaving at = 959.0
   Vehicle #1 = 26, leaving at = 960.0
   Increment on distance indicator: 8.0
   Increment on tard indicator:     0.0
   Value of tmax indicator:         8.0

Task for patient = 33 with skills = {3,-1} and cost = 381.0
   Vehicle #0 = 33, leaving at = 942.0
   Vehicle #1 = -1, leaving at = inf
   Increment on distance indicator: 3.0
   Increment on tard indicator:     0.0
   Value of tmax indicator:         3.0

Task for patient = 37 with skills = {0,4} and cost = 386.0
   Vehicle #0 = 5, leaving at = 796.0
   Vehicle #1 = 28, leaving at = 834.0
   Increment on distance indicator: 15.0
   Increment on tard indicator:     0.0
   Value of tmax indicator:         15.0

Task for patient = 108 with skills = {1,-1} and cost = 386.7
   Vehicle #0 = 16, leaving at = 847.0
   Vehicle #1 = -1, leaving at = inf
   Increment on distance indicator: 2.0
   Increment on tard indicator:     0.0
   Value of tmax indicator:         2.0

Task for patient = 112 with skills = {1,5} and cost = 388.7
   Vehicle #0 = 14, leaving at = 947.0
   Vehicle #1 = 23, leaving at = 961.0
   Increment on distance indicator: 6.0
   Increment on tard indicator:     0.0
   Value of tmax indicator:         6.0

Task for patient = 81 with skills = {0,-1} and cost = 390.7
   Vehicle #0 = 2, leaving at = 911.0
   Vehicle #1 = -1, leaving at = inf
   Increment on distance indicator: 6.0
   Increment on tard indicator:     0.0
   Value of tmax indicator:         6.0

Task for patient = 10 with skills = {1,-1} and cost = 392.0
   Vehicle #0 = 10, leaving at = 829.0
   Vehicle #1 = -1, leaving at = inf
   Increment on distance indicator: 4.0
   Increment on tard indicator:     0.0
   Value of tmax indicator:         4.0

Task for patient = 153 with skills = {1,-1} and cost = 556.3
   Vehicle #0 = 14, leaving at = 1069.0
   Vehicle #1 = -1, leaving at = inf
   Increment on distance indicator: 4.0
   Increment on tard indicator:     0.0
   Value of tmax indicator:         4.0

Task for patient = 176 with skills = {2,3} and cost = 398.0
   Vehicle #0 = 4, leaving at = 917.0
   Vehicle #1 = 27, leaving at = 925.0
   Increment on distance indicator: 9.0
   Increment on tard indicator:     0.0
   Value of tmax indicator:         9.0

Task for patient = 183 with skills = {4,-1} and cost = 399.7
   Vehicle #0 = 21, leaving at = 968.0
   Vehicle #1 = -1, leaving at = inf
   Increment on distance indicator: 5.0
   Increment on tard indicator:     0.0
   Value of tmax indicator:         5.0

Task for patient = 44 with skills = {5,-1} and cost = 402.3
   Vehicle #0 = 34, leaving at = 754.0
   Vehicle #1 = -1, leaving at = inf
   Increment on distance indicator: 8.0
   Increment on tard indicator:     0.0
   Value of tmax indicator:         8.0

Task for patient = 64 with skills = {4,-1} and cost = 403.7
   Vehicle #0 = 26, leaving at = 1006.0
   Vehicle #1 = -1, leaving at = inf
   Increment on distance indicator: 4.0
   Increment on tard indicator:     0.0
   Value of tmax indicator:         4.0

Task for patient = 187 with skills = {0,-1} and cost = 406.0
   Vehicle #0 = 11, leaving at = 858.0
   Vehicle #1 = -1, leaving at = inf
   Increment on distance indicator: 7.0
   Increment on tard indicator:     0.0
   Value of tmax indicator:         7.0

Task for patient = 154 with skills = {2,-1} and cost = 407.3
   Vehicle #0 = 7, leaving at = 901.0
   Vehicle #1 = -1, leaving at = inf
   Increment on distance indicator: 4.0
   Increment on tard indicator:     0.0
   Value of tmax indicator:         4.0

Task for patient = 157 with skills = {4,-1} and cost = 408.0
   Vehicle #0 = 31, leaving at = 901.0
   Vehicle #1 = -1, leaving at = inf
   Increment on distance indicator: 2.0
   Increment on tard indicator:     0.0
   Value of tmax indicator:         2.0

Task for patient = 9 with skills = {1,3} and cost = 412.3
   Vehicle #0 = 9, leaving at = 1013.0
   Vehicle #1 = 30, leaving at = 1004.0
   Increment on distance indicator: 13.0
   Increment on tard indicator:     0.0
   Value of tmax indicator:         13.0

Task for patient = 116 with skills = {0,4} and cost = 414.7
   Vehicle #0 = 10, leaving at = 983.0
   Vehicle #1 = 22, leaving at = 975.0
   Increment on distance indicator: 7.0
   Increment on tard indicator:     0.0
   Value of tmax indicator:         7.0

Task for patient = 156 with skills = {2,-1} and cost = 418.0
   Vehicle #0 = 6, leaving at = 842.0
   Vehicle #1 = -1, leaving at = inf
   Increment on distance indicator: 10.0
   Increment on tard indicator:     0.0
   Value of tmax indicator:         10.0

Task for patient = 120 with skills = {5,-1} and cost = 421.0
   Vehicle #0 = 37, leaving at = 842.0
   Vehicle #1 = -1, leaving at = inf
   Increment on distance indicator: 9.0
   Increment on tard indicator:     0.0
   Value of tmax indicator:         9.0

Task for patient = 111 with skills = {4,-1} and cost = 423.0
   Vehicle #0 = 32, leaving at = 880.0
   Vehicle #1 = -1, leaving at = inf
   Increment on distance indicator: 6.0
   Increment on tard indicator:     0.0
   Value of tmax indicator:         6.0

Task for patient = 109 with skills = {3,-1} and cost = 395.0
   Vehicle #0 = 30, leaving at = 856.0
   Vehicle #1 = -1, leaving at = inf
   Increment on distance indicator: 9.0
   Increment on tard indicator:     0.0
   Value of tmax indicator:         9.0

Task for patient = 79 with skills = {2,4} and cost = 318.7
   Vehicle #0 = 15, leaving at = 769.0
   Vehicle #1 = 28, leaving at = 754.0
   Increment on distance indicator: 12.0
   Increment on tard indicator:     0.0
   Value of tmax indicator:         12.0

Task for patient = 130 with skills = {0,3} and cost = 320.0
   Vehicle #0 = 2, leaving at = 866.0
   Vehicle #1 = 20, leaving at = 897.0
   Increment on distance indicator: 4.0
   Increment on tard indicator:     0.0
   Value of tmax indicator:         4.0

Task for patient = 73 with skills = {2,4} and cost = 324.7
   Vehicle #0 = 15, leaving at = 813.0
   Vehicle #1 = 23, leaving at = 865.0
   Increment on distance indicator: 14.0
   Increment on tard indicator:     0.0
   Value of tmax indicator:         14.0

Task for patient = 121 with skills = {2,-1} and cost = 328.0
   Vehicle #0 = 17, leaving at = 608.0
   Vehicle #1 = -1, leaving at = inf
   Increment on distance indicator: 10.0
   Increment on tard indicator:     0.0
   Value of tmax indicator:         10.0

Task for patient = 155 with skills = {5,-1} and cost = 329.3
   Vehicle #0 = 22, leaving at = 885.0
   Vehicle #1 = -1, leaving at = inf
   Increment on distance indicator: 4.0
   Increment on tard indicator:     0.0
   Value of tmax indicator:         4.0

Task for patient = 23 with skills = {4,-1} and cost = 330.3
   Vehicle #0 = 22, leaving at = 948.0
   Vehicle #1 = -1, leaving at = inf
   Increment on distance indicator: 3.0
   Increment on tard indicator:     0.0
   Value of tmax indicator:         3.0

Task for patient = 25 with skills = {5,-1} and cost = 332.0
   Vehicle #0 = 34, leaving at = 708.0
   Vehicle #1 = -1, leaving at = inf
   Increment on distance indicator: 5.0
   Increment on tard indicator:     0.0
   Value of tmax indicator:         5.0

Task for patient = 169 with skills = {1,5} and cost = 334.0
   Vehicle #0 = 8, leaving at = 940.0
   Vehicle #1 = 20, leaving at = 933.0
   Increment on distance indicator: 6.0
   Increment on tard indicator:     0.0
   Value of tmax indicator:         6.0

Task for patient = 194 with skills = {4,-1} and cost = 335.3
   Vehicle #0 = 28, leaving at = 789.0
   Vehicle #1 = -1, leaving at = inf
   Increment on distance indicator: 4.0
   Increment on tard indicator:     0.0
   Value of tmax indicator:         4.0

Task for patient = 17 with skills = {4,-1} and cost = 336.7
   Vehicle #0 = 33, leaving at = 869.0
   Vehicle #1 = -1, leaving at = inf
   Increment on distance indicator: 4.0
   Increment on tard indicator:     0.0
   Value of tmax indicator:         4.0

Task for patient = 106 with skills = {4,-1} and cost = 338.7
   Vehicle #0 = 31, leaving at = 759.0
   Vehicle #1 = -1, leaving at = inf
   Increment on distance indicator: 6.0
   Increment on tard indicator:     0.0
   Value of tmax indicator:         6.0

Task for patient = 140 with skills = {3,-1} and cost = 366.7
   Vehicle #0 = 21, leaving at = 944.0
   Vehicle #1 = -1, leaving at = inf
   Increment on distance indicator: 1.0
   Increment on tard indicator:     0.0
   Value of tmax indicator:         1.0

Task for patient = 8 with skills = {3,-1} and cost = 342.7
   Vehicle #0 = 38, leaving at = 757.0
   Vehicle #1 = -1, leaving at = inf
   Increment on distance indicator: 8.0
   Increment on tard indicator:     0.0
   Value of tmax indicator:         8.0

Task for patient = 46 with skills = {1,-1} and cost = 343.7
   Vehicle #0 = 18, leaving at = 761.0
   Vehicle #1 = -1, leaving at = inf
   Increment on distance indicator: 3.0
   Increment on tard indicator:     0.0
   Value of tmax indicator:         3.0

Task for patient = 96 with skills = {5,-1} and cost = 348.7
   Vehicle #0 = 38, leaving at = 833.0
   Vehicle #1 = -1, leaving at = inf
   Increment on distance indicator: 15.0
   Increment on tard indicator:     0.0
   Value of tmax indicator:         15.0

Task for patient = 74 with skills = {0,-1} and cost = 350.7
   Vehicle #0 = 4, leaving at = 893.0
   Vehicle #1 = -1, leaving at = inf
   Increment on distance indicator: 6.0
   Increment on tard indicator:     0.0
   Value of tmax indicator:         6.0

Task for patient = 27 with skills = {4,-1} and cost = 352.3
   Vehicle #0 = 32, leaving at = 824.0
   Vehicle #1 = -1, leaving at = inf
   Increment on distance indicator: 5.0
   Increment on tard indicator:     0.0
   Value of tmax indicator:         5.0

Task for patient = 200 with skills = {0,-1} and cost = 353.7
   Vehicle #0 = 15, leaving at = 865.0
   Vehicle #1 = -1, leaving at = inf
   Increment on distance indicator: 4.0
   Increment on tard indicator:     0.0
   Value of tmax indicator:         4.0

Task for patient = 125 with skills = {1,3} and cost = 356.7
   Vehicle #0 = 17, leaving at = 902.0
   Vehicle #1 = 33, leaving at = 894.0
   Increment on distance indicator: 9.0
   Increment on tard indicator:     0.0
   Value of tmax indicator:         9.0

Task for patient = 105 with skills = {1,-1} and cost = 360.3
   Vehicle #0 = 18, leaving at = 807.0
   Vehicle #1 = -1, leaving at = inf
   Increment on distance indicator: 11.0
   Increment on tard indicator:     0.0
   Value of tmax indicator:         11.0

Task for patient = 65 with skills = {0,-1} and cost = 363.0
   Vehicle #0 = 11, leaving at = 833.0
   Vehicle #1 = -1, leaving at = inf
   Increment on distance indicator: 8.0
   Increment on tard indicator:     0.0
   Value of tmax indicator:         8.0

Task for patient = 163 with skills = {4,-1} and cost = 364.7
   Vehicle #0 = 27, leaving at = 850.0
   Vehicle #1 = -1, leaving at = inf
   Increment on distance indicator: 5.0
   Increment on tard indicator:     0.0
   Value of tmax indicator:         5.0

Task for patient = 182 with skills = {2,-1} and cost = 365.3
   Vehicle #0 = 10, leaving at = 751.0
   Vehicle #1 = -1, leaving at = inf
   Increment on distance indicator: 2.0
   Increment on tard indicator:     0.0
   Value of tmax indicator:         2.0

Task for patient = 6 with skills = {2,-1} and cost = 366.3
   Vehicle #0 = 1, leaving at = 777.0
   Vehicle #1 = -1, leaving at = inf
   Increment on distance indicator: 3.0
   Increment on tard indicator:     0.0
   Value of tmax indicator:         3.0

Task for patient = 199 with skills = {4,-1} and cost = 340.0
   Vehicle #0 = 21, leaving at = 905.0
   Vehicle #1 = -1, leaving at = inf
   Increment on distance indicator: 4.0
   Increment on tard indicator:     0.0
   Value of tmax indicator:         4.0

Task for patient = 34 with skills = {1,-1} and cost = 492.3
   Vehicle #0 = 8, leaving at = 1005.0
   Vehicle #1 = -1, leaving at = inf
   Increment on distance indicator: 6.0
   Increment on tard indicator:     0.0
   Value of tmax indicator:         6.0

Task for patient = 80 with skills = {2,-1} and cost = 495.0
   Vehicle #0 = 6, leaving at = 870.0
   Vehicle #1 = -1, leaving at = inf
   Increment on distance indicator: 8.0
   Increment on tard indicator:     0.0
   Value of tmax indicator:         8.0

Task for patient = 94 with skills = {0,4} and cost = 499.3
   Vehicle #0 = 3, leaving at = 1008.0
   Vehicle #1 = 31, leaving at = 975.0
   Increment on distance indicator: 13.0
   Increment on tard indicator:     0.0
   Value of tmax indicator:         13.0

Task for patient = 123 with skills = {2,3} and cost = 501.7
   Vehicle #0 = 1, leaving at = 910.0
   Vehicle #1 = 32, leaving at = 963.0
   Increment on distance indicator: 7.0
   Increment on tard indicator:     0.0
   Value of tmax indicator:         7.0

Task for patient = 29 with skills = {2,-1} and cost = 503.7
   Vehicle #0 = 17, leaving at = 984.0
   Vehicle #1 = -1, leaving at = inf
   Increment on distance indicator: 6.0
   Increment on tard indicator:     0.0
   Value of tmax indicator:         6.0

Task for patient = 84 with skills = {0,-1} and cost = 505.0
   Vehicle #0 = 10, leaving at = 1053.0
   Vehicle #1 = -1, leaving at = inf
   Increment on distance indicator: 4.0
   Increment on tard indicator:     0.0
   Value of tmax indicator:         4.0

Task for patient = 67 with skills = {0,5} and cost = 507.7
   Vehicle #0 = 16, leaving at = 963.0
   Vehicle #1 = 34, leaving at = 985.0
   Increment on distance indicator: 8.0
   Increment on tard indicator:     0.0
   Value of tmax indicator:         8.0

Task for patient = 30 with skills = {3,-1} and cost = 510.0
   Vehicle #0 = 20, leaving at = 1034.0
   Vehicle #1 = -1, leaving at = inf
   Increment on distance indicator: 7.0
   Increment on tard indicator:     0.0
   Value of tmax indicator:         7.0

Task for patient = 184 with skills = {0,-1} and cost = 511.7
   Vehicle #0 = 10, leaving at = 1082.0
   Vehicle #1 = -1, leaving at = inf
   Increment on distance indicator: 5.0
   Increment on tard indicator:     0.0
   Value of tmax indicator:         5.0

Task for patient = 43 with skills = {5,-1} and cost = 513.0
   Vehicle #0 = 37, leaving at = 993.0
   Vehicle #1 = -1, leaving at = inf
   Increment on distance indicator: 4.0
   Increment on tard indicator:     0.0
   Value of tmax indicator:         4.0

Task for patient = 7 with skills = {3,-1} and cost = 516.0
   Vehicle #0 = 25, leaving at = 993.0
   Vehicle #1 = -1, leaving at = inf
   Increment on distance indicator: 9.0
   Increment on tard indicator:     0.0
   Value of tmax indicator:         9.0

Task for patient = 185 with skills = {0,3} and cost = 423.7
   Vehicle #0 = 9, leaving at = 1037.0
   Vehicle #1 = 30, leaving at = 1086.0
   Increment on distance indicator: 2.0
   Increment on tard indicator:     0.0
   Value of tmax indicator:         2.0

Task for patient = 45 with skills = {0,5} and cost = 523.0
   Vehicle #0 = 3, leaving at = 1060.0
   Vehicle #1 = 20, leaving at = 1085.0
   Increment on distance indicator: 16.0
   Increment on tard indicator:     0.0
   Value of tmax indicator:         16.0

Task for patient = 146 with skills = {3,-1} and cost = 524.0
   Vehicle #0 = 21, leaving at = 992.0
   Vehicle #1 = -1, leaving at = inf
   Increment on distance indicator: 3.0
   Increment on tard indicator:     0.0
   Value of tmax indicator:         3.0

Task for patient = 122 with skills = {1,-1} and cost = 525.0
   Vehicle #0 = 8, leaving at = 1037.0
   Vehicle #1 = -1, leaving at = inf
   Increment on distance indicator: 3.0
   Increment on tard indicator:     0.0
   Value of tmax indicator:         3.0

Task for patient = 100 with skills = {2,3} and cost = 530.7
   Vehicle #0 = 7, leaving at = 958.0
   Vehicle #1 = 29, leaving at = 938.0
   Increment on distance indicator: 17.0
   Increment on tard indicator:     0.0
   Value of tmax indicator:         17.0

Task for patient = 13 with skills = {4,-1} and cost = 532.7
   Vehicle #0 = 31, leaving at = 1030.0
   Vehicle #1 = -1, leaving at = inf
   Increment on distance indicator: 6.0
   Increment on tard indicator:     0.0
   Value of tmax indicator:         6.0

Task for patient = 197 with skills = {3,-1} and cost = 536.0
   Vehicle #0 = 29, leaving at = 998.0
   Vehicle #1 = -1, leaving at = inf
   Increment on distance indicator: 10.0
   Increment on tard indicator:     0.0
   Value of tmax indicator:         10.0

Task for patient = 78 with skills = {0,4} and cost = 538.0
   Vehicle #0 = 4, leaving at = 1053.0
   Vehicle #1 = 23, leaving at = 1032.0
   Increment on distance indicator: 6.0
   Increment on tard indicator:     0.0
   Value of tmax indicator:         6.0

Task for patient = 168 with skills = {2,3} and cost = 541.0
   Vehicle #0 = 15, leaving at = 1041.0
   Vehicle #1 = 37, leaving at = 1011.0
   Increment on distance indicator: 9.0
   Increment on tard indicator:     0.0
   Value of tmax indicator:         9.0

Task for patient = 47 with skills = {1,-1} and cost = 545.0
   Vehicle #0 = 14, leaving at = 1013.0
   Vehicle #1 = -1, leaving at = inf
   Increment on distance indicator: 12.0
   Increment on tard indicator:     0.0
   Value of tmax indicator:         12.0

Task for patient = 42 with skills = {1,-1} and cost = 550.0
   Vehicle #0 = 18, leaving at = 1018.0
   Vehicle #1 = -1, leaving at = inf
   Increment on distance indicator: 15.0
   Increment on tard indicator:     0.0
   Value of tmax indicator:         15.0

Task for patient = 83 with skills = {4,-1} and cost = 552.0
   Vehicle #0 = 28, leaving at = 940.0
   Vehicle #1 = -1, leaving at = inf
   Increment on distance indicator: 6.0
   Increment on tard indicator:     0.0
   Value of tmax indicator:         6.0

Task for patient = 1 with skills = {2,-1} and cost = 555.0
   Vehicle #0 = 11, leaving at = 1030.0
   Vehicle #1 = -1, leaving at = inf
   Increment on distance indicator: 9.0
   Increment on tard indicator:     0.0
   Value of tmax indicator:         9.0

Task for patient = 136 with skills = {4,-1} and cost = 517.7
   Vehicle #0 = 39, leaving at = 926.0
   Vehicle #1 = -1, leaving at = inf
   Increment on distance indicator: 5.0
   Increment on tard indicator:     0.0
   Value of tmax indicator:         5.0

Task for patient = 16 with skills = {4,-1} and cost = 425.0
   Vehicle #0 = 22, leaving at = 1032.0
   Vehicle #1 = -1, leaving at = inf
   Increment on distance indicator: 4.0
   Increment on tard indicator:     0.0
   Value of tmax indicator:         4.0

Task for patient = 192 with skills = {2,-1} and cost = 427.0
   Vehicle #0 = 0, leaving at = 1065.0
   Vehicle #1 = -1, leaving at = inf
   Increment on distance indicator: 6.0
   Increment on tard indicator:     0.0
   Value of tmax indicator:         6.0

Task for patient = 104 with skills = {0,-1} and cost = 429.3
   Vehicle #0 = 11, leaving at = 923.0
   Vehicle #1 = -1, leaving at = inf
   Increment on distance indicator: 7.0
   Increment on tard indicator:     0.0
   Value of tmax indicator:         7.0

Task for patient = 63 with skills = {5,-1} and cost = 430.7
   Vehicle #0 = 33, leaving at = 1005.0
   Vehicle #1 = -1, leaving at = inf
   Increment on distance indicator: 4.0
   Increment on tard indicator:     0.0
   Value of tmax indicator:         4.0

Task for patient = 127 with skills = {0,-1} and cost = 433.0
   Vehicle #0 = 3, leaving at = 859.0
   Vehicle #1 = -1, leaving at = inf
   Increment on distance indicator: 7.0
   Increment on tard indicator:     0.0
   Value of tmax indicator:         7.0

Task for patient = 85 with skills = {0,5} and cost = 439.0
   Vehicle #0 = 13, leaving at = 898.0
   Vehicle #1 = 25, leaving at = 930.0
   Increment on distance indicator: 18.0
   Increment on tard indicator:     0.0
   Value of tmax indicator:         18.0

Task for patient = 21 with skills = {2,3} and cost = 447.0
   Vehicle #0 = 18, leaving at = 863.0
   Vehicle #1 = 38, leaving at = 904.0
   Increment on distance indicator: 24.0
   Increment on tard indicator:     0.0
   Value of tmax indicator:         24.0

Task for patient = 161 with skills = {0,4} and cost = 450.7
   Vehicle #0 = 15, leaving at = 925.0
   Vehicle #1 = 37, leaving at = 935.0
   Increment on distance indicator: 11.0
   Increment on tard indicator:     0.0
   Value of tmax indicator:         11.0

Task for patient = 62 with skills = {2,-1} and cost = 451.0
   Vehicle #0 = 12, leaving at = 990.0
   Vehicle #1 = -1, leaving at = inf
   Increment on distance indicator: 1.0
   Increment on tard indicator:     0.0
   Value of tmax indicator:         1.0

Task for patient = 20 with skills = {0,-1} and cost = 452.7
   Vehicle #0 = 5, leaving at = 1010.0
   Vehicle #1 = -1, leaving at = inf
   Increment on distance indicator: 5.0
   Increment on tard indicator:     0.0
   Value of tmax indicator:         5.0

Task for patient = 18 with skills = {4,-1} and cost = 453.3
   Vehicle #0 = 31, leaving at = 948.0
   Vehicle #1 = -1, leaving at = inf
   Increment on distance indicator: 2.0
   Increment on tard indicator:     0.0
   Value of tmax indicator:         2.0

Task for patient = 90 with skills = {5,-1} and cost = 490.3
   Vehicle #0 = 24, leaving at = 1027.0
   Vehicle #1 = -1, leaving at = inf
   Increment on distance indicator: 5.0
   Increment on tard indicator:     0.0
   Value of tmax indicator:         5.0

Task for patient = 2 with skills = {2,-1} and cost = 457.3
   Vehicle #0 = 11, leaving at = 977.0
   Vehicle #1 = -1, leaving at = inf
   Increment on distance indicator: 6.0
   Increment on tard indicator:     0.0
   Value of tmax indicator:         6.0

Task for patient = 180 with skills = {0,4} and cost = 459.3
   Vehicle #0 = 4, leaving at = 964.0
   Vehicle #1 = 27, leaving at = 969.0
   Increment on distance indicator: 6.0
   Increment on tard indicator:     0.0
   Value of tmax indicator:         6.0

Task for patient = 170 with skills = {2,4} and cost = 467.7
   Vehicle #0 = 18, leaving at = 892.0
   Vehicle #1 = 28, leaving at = 907.0
   Increment on distance indicator: 25.0
   Increment on tard indicator:     0.0
   Value of tmax indicator:         25.0

Task for patient = 93 with skills = {1,-1} and cost = 470.0
   Vehicle #0 = 18, leaving at = 948.0
   Vehicle #1 = -1, leaving at = inf
   Increment on distance indicator: 7.0
   Increment on tard indicator:     0.0
   Value of tmax indicator:         7.0

Task for patient = 141 with skills = {0,3} and cost = 474.3
   Vehicle #0 = 3, leaving at = 896.0
   Vehicle #1 = 24, leaving at = 939.0
   Increment on distance indicator: 13.0
   Increment on tard indicator:     0.0
   Value of tmax indicator:         13.0

Task for patient = 101 with skills = {3,-1} and cost = 475.3
   Vehicle #0 = 24, leaving at = 1000.0
   Vehicle #1 = -1, leaving at = inf
   Increment on distance indicator: 3.0
   Increment on tard indicator:     0.0
   Value of tmax indicator:         3.0

Task for patient = 19 with skills = {1,-1} and cost = 476.7
   Vehicle #0 = 10, leaving at = 1025.0
   Vehicle #1 = -1, leaving at = inf
   Increment on distance indicator: 4.0
   Increment on tard indicator:     0.0
   Value of tmax indicator:         4.0

Task for patient = 114 with skills = {2,-1} and cost = 479.7
   Vehicle #0 = 4, leaving at = 1011.0
   Vehicle #1 = -1, leaving at = inf
   Increment on distance indicator: 9.0
   Increment on tard indicator:     0.0
   Value of tmax indicator:         9.0

Task for patient = 196 with skills = {5,-1} and cost = 481.3
   Vehicle #0 = 37, leaving at = 964.0
   Vehicle #1 = -1, leaving at = inf
   Increment on distance indicator: 5.0
   Increment on tard indicator:     0.0
   Value of tmax indicator:         5.0

Task for patient = 92 with skills = {2,-1} and cost = 483.3
   Vehicle #0 = 18, leaving at = 985.0
   Vehicle #1 = -1, leaving at = inf
   Increment on distance indicator: 6.0
   Increment on tard indicator:     0.0
   Value of tmax indicator:         6.0

Task for patient = 99 with skills = {1,3} and cost = 487.7
   Vehicle #0 = 12, leaving at = 1052.0
   Vehicle #1 = 36, leaving at = 1027.0
   Increment on distance indicator: 13.0
   Increment on tard indicator:     0.0
   Value of tmax indicator:         13.0

Task for patient = 68 with skills = {4,-1} and cost = 488.7
   Vehicle #0 = 20, leaving at = 969.0
   Vehicle #1 = -1, leaving at = inf
   Increment on distance indicator: 3.0
   Increment on tard indicator:     0.0
   Value of tmax indicator:         3.0

Task for patient = 31 with skills = {3,-1} and cost = 455.3
   Vehicle #0 = 33, leaving at = 1071.0
   Vehicle #1 = -1, leaving at = inf
   Increment on distance indicator: 6.0
   Increment on tard indicator:     0.0
   Value of tmax indicator:         6.0

Task for patient = 86 with skills = {1,-1} and cost = 103.0
   Vehicle #0 = 9, leaving at = 570.0
   Vehicle #1 = -1, leaving at = inf
   Increment on distance indicator: 7.0
   Increment on tard indicator:     0.0
   Value of tmax indicator:         7.0

Task for patient = 174 with skills = {0,3} and cost = 111.0
   Vehicle #0 = 9, leaving at = 628.0
   Vehicle #1 = 29, leaving at = 629.0
   Increment on distance indicator: 24.0
   Increment on tard indicator:     0.0
   Value of tmax indicator:         24.0

Task for patient = 138 with skills = {5,-1} and cost = 112.7
   Vehicle #0 = 21, leaving at = 755.0
   Vehicle #1 = -1, leaving at = inf
   Increment on distance indicator: 5.0
   Increment on tard indicator:     0.0
   Value of tmax indicator:         5.0

Task for patient = 193 with skills = {5,-1} and cost = 117.7
   Vehicle #0 = 31, leaving at = 557.0
   Vehicle #1 = -1, leaving at = inf
   Increment on distance indicator: 15.0
   Increment on tard indicator:     0.0
   Value of tmax indicator:         15.0

Task for patient = 144 with skills = {3,-1} and cost = 121.7
   Vehicle #0 = 30, leaving at = 528.0
   Vehicle #1 = -1, leaving at = inf
   Increment on distance indicator: 12.0
   Increment on tard indicator:     0.0
   Value of tmax indicator:         12.0

Task for patient = 189 with skills = {3,-1} and cost = 122.7
   Vehicle #0 = 29, leaving at = 681.0
   Vehicle #1 = -1, leaving at = inf
   Increment on distance indicator: 3.0
   Increment on tard indicator:     0.0
   Value of tmax indicator:         3.0

Task for patient = 166 with skills = {1,-1} and cost = 123.3
   Vehicle #0 = 9, leaving at = 651.0
   Vehicle #1 = -1, leaving at = inf
   Increment on distance indicator: 2.0
   Increment on tard indicator:     0.0
   Value of tmax indicator:         2.0

Task for patient = 15 with skills = {2,-1} and cost = 127.3
   Vehicle #0 = 6, leaving at = 537.0
   Vehicle #1 = -1, leaving at = inf
   Increment on distance indicator: 12.0
   Increment on tard indicator:     0.0
   Value of tmax indicator:         12.0

Task for patient = 72 with skills = {2,-1} and cost = 128.7
   Vehicle #0 = 7, leaving at = 568.0
   Vehicle #1 = -1, leaving at = inf
   Increment on distance indicator: 4.0
   Increment on tard indicator:     0.0
   Value of tmax indicator:         4.0

Task for patient = 103 with skills = {0,3} and cost = 130.0
   Vehicle #0 = 3, leaving at = 704.0
   Vehicle #1 = 29, leaving at = 718.0
   Increment on distance indicator: 4.0
   Increment on tard indicator:     0.0
   Value of tmax indicator:         4.0

Task for patient = 179 with skills = {0,-1} and cost = 132.3
   Vehicle #0 = 5, leaving at = 651.0
   Vehicle #1 = -1, leaving at = inf
   Increment on distance indicator: 7.0
   Increment on tard indicator:     0.0
   Value of tmax indicator:         7.0

Task for patient = 164 with skills = {1,-1} and cost = 314.7
   Vehicle #0 = 17, leaving at = 577.0
   Vehicle #1 = -1, leaving at = inf
   Increment on distance indicator: 10.0
   Increment on tard indicator:     0.0
   Value of tmax indicator:         10.0

Task for patient = 52 with skills = {3,-1} and cost = 140.0
   Vehicle #0 = 32, leaving at = 580.0
   Vehicle #1 = -1, leaving at = inf
   Increment on distance indicator: 11.0
   Increment on tard indicator:     0.0
   Value of tmax indicator:         11.0

Task for patient = 24 with skills = {2,5} and cost = 142.7
   Vehicle #0 = 4, leaving at = 761.0
   Vehicle #1 = 25, leaving at = 758.0
   Increment on distance indicator: 8.0
   Increment on tard indicator:     0.0
   Value of tmax indicator:         8.0

Task for patient = 41 with skills = {4,-1} and cost = 144.7
   Vehicle #0 = 32, leaving at = 648.0
   Vehicle #1 = -1, leaving at = inf
   Increment on distance indicator: 6.0
   Increment on tard indicator:     0.0
   Value of tmax indicator:         6.0

Task for patient = 160 with skills = {4,-1} and cost = 145.7
   Vehicle #0 = 21, leaving at = 814.0
   Vehicle #1 = -1, leaving at = inf
   Increment on distance indicator: 3.0
   Increment on tard indicator:     0.0
   Value of tmax indicator:         3.0

Task for patient = 148 with skills = {2,-1} and cost = 149.0
   Vehicle #0 = 7, leaving at = 712.0
   Vehicle #1 = -1, leaving at = inf
   Increment on distance indicator: 10.0
   Increment on tard indicator:     0.0
   Value of tmax indicator:         10.0

Task for patient = 12 with skills = {4,-1} and cost = 150.3
   Vehicle #0 = 26, leaving at = 654.0
   Vehicle #1 = -1, leaving at = inf
   Increment on distance indicator: 4.0
   Increment on tard indicator:     0.0
   Value of tmax indicator:         4.0

Task for patient = 133 with skills = {0,3} and cost = 154.0
   Vehicle #0 = 10, leaving at = 671.0
   Vehicle #1 = 32, leaving at = 682.0
   Increment on distance indicator: 11.0
   Increment on tard indicator:     0.0
   Value of tmax indicator:         11.0

Task for patient = 88 with skills = {2,3} and cost = 156.0
   Vehicle #0 = 9, leaving at = 703.0
   Vehicle #1 = 30, leaving at = 701.0
   Increment on distance indicator: 6.0
   Increment on tard indicator:     0.0
   Value of tmax indicator:         6.0

Task for patient = 118 with skills = {2,4} and cost = 160.3
   Vehicle #0 = 6, leaving at = 715.0
   Vehicle #1 = 24, leaving at = 726.0
   Increment on distance indicator: 13.0
   Increment on tard indicator:     0.0
   Value of tmax indicator:         13.0

Task for patient = 55 with skills = {4,-1} and cost = 164.7
   Vehicle #0 = 28, leaving at = 536.0
   Vehicle #1 = -1, leaving at = inf
   Increment on distance indicator: 13.0
   Increment on tard indicator:     0.0
   Value of tmax indicator:         13.0

Task for patient = 77 with skills = {5,-1} and cost = 166.3
   Vehicle #0 = 31, leaving at = 605.0
   Vehicle #1 = -1, leaving at = inf
   Increment on distance indicator: 5.0
   Increment on tard indicator:     0.0
   Value of tmax indicator:         5.0

Task for patient = 58 with skills = {0,4} and cost = 170.7
   Vehicle #0 = 5, leaving at = 713.0
   Vehicle #1 = 22, leaving at = 724.0
   Increment on distance indicator: 13.0
   Increment on tard indicator:     0.0
   Value of tmax indicator:         13.0

Task for patient = 11 with skills = {3,-1} and cost = 136.3
   Vehicle #0 = 30, leaving at = 584.0
   Vehicle #1 = -1, leaving at = inf
   Increment on distance indicator: 12.0
   Increment on tard indicator:     0.0
   Value of tmax indicator:         12.0

Task for patient = 151 with skills = {2,-1} and cost = 3.7
   Vehicle #0 = 0, leaving at = 522.0
   Vehicle #1 = -1, leaving at = inf
   Increment on distance indicator: 11.0
   Increment on tard indicator:     0.0
   Value of tmax indicator:         11.0

Task for patient = 178 with skills = {1,4} and cost = 11.0
   Vehicle #0 = 8, leaving at = 593.0
   Vehicle #1 = 20, leaving at = 585.0
   Increment on distance indicator: 22.0
   Increment on tard indicator:     0.0
   Value of tmax indicator:         22.0

Task for patient = 39 with skills = {4,-1} and cost = 14.3
   Vehicle #0 = 21, leaving at = 691.0
   Vehicle #1 = -1, leaving at = inf
   Increment on distance indicator: 10.0
   Increment on tard indicator:     0.0
   Value of tmax indicator:         10.0

Task for patient = 162 with skills = {0,5} and cost = 18.3
   Vehicle #0 = 2, leaving at = 607.0
   Vehicle #1 = 22, leaving at = 626.0
   Increment on distance indicator: 12.0
   Increment on tard indicator:     0.0
   Value of tmax indicator:         12.0

Task for patient = 98 with skills = {0,3} and cost = 24.0
   Vehicle #0 = 2, leaving at = 686.0
   Vehicle #1 = 20, leaving at = 717.0
   Increment on distance indicator: 17.0
   Increment on tard indicator:     0.0
   Value of tmax indicator:         17.0

Task for patient = 38 with skills = {5,-1} and cost = 28.0
   Vehicle #0 = 23, leaving at = 581.0
   Vehicle #1 = -1, leaving at = inf
   Increment on distance indicator: 12.0
   Increment on tard indicator:     0.0
   Value of tmax indicator:         12.0

Task for patient = 195 with skills = {3,-1} and cost = 29.0
   Vehicle #0 = 23, leaving at = 642.0
   Vehicle #1 = -1, leaving at = inf
   Increment on distance indicator: 3.0
   Increment on tard indicator:     0.0
   Value of tmax indicator:         3.0

Task for patient = 152 with skills = {3,-1} and cost = 31.0
   Vehicle #0 = 22, leaving at = 656.0
   Vehicle #1 = -1, leaving at = inf
   Increment on distance indicator: 6.0
   Increment on tard indicator:     0.0
   Value of tmax indicator:         6.0

Task for patient = 107 with skills = {0,5} and cost = 42.3
   Vehicle #0 = 3, leaving at = 587.0
   Vehicle #1 = 24, leaving at = 598.0
   Increment on distance indicator: 34.0
   Increment on tard indicator:     0.0
   Value of tmax indicator:         34.0

Task for patient = 137 with skills = {5,-1} and cost = 43.7
   Vehicle #0 = 24, leaving at = 627.0
   Vehicle #1 = -1, leaving at = inf
   Increment on distance indicator: 4.0
   Increment on tard indicator:     0.0
   Value of tmax indicator:         4.0

Task for patient = 113 with skills = {0,3} and cost = 47.0
   Vehicle #0 = 4, leaving at = 702.0
   Vehicle #1 = 25, leaving at = 723.0
   Increment on distance indicator: 10.0
   Increment on tard indicator:     0.0
   Value of tmax indicator:         10.0

Task for patient = 191 with skills = {0,-1} and cost = 100.7
   Vehicle #0 = 0, leaving at = 959.0
   Vehicle #1 = -1, leaving at = inf
   Increment on distance indicator: 5.0
   Increment on tard indicator:     0.0
   Value of tmax indicator:         5.0

Task for patient = 181 with skills = {0,3} and cost = 58.3
   Vehicle #0 = 5, leaving at = 550.0
   Vehicle #1 = 27, leaving at = 534.0
   Increment on distance indicator: 30.0
   Increment on tard indicator:     0.0
   Value of tmax indicator:         30.0

Task for patient = 87 with skills = {2,3} and cost = 65.3
   Vehicle #0 = 1, leaving at = 553.0
   Vehicle #1 = 27, leaving at = 596.0
   Increment on distance indicator: 21.0
   Increment on tard indicator:     0.0
   Value of tmax indicator:         21.0

Task for patient = 188 with skills = {4,-1} and cost = 66.0
   Vehicle #0 = 27, leaving at = 669.0
   Vehicle #1 = -1, leaving at = inf
   Increment on distance indicator: 2.0
   Increment on tard indicator:     0.0
   Value of tmax indicator:         2.0

Task for patient = 89 with skills = {0,-1} and cost = 69.7
   Vehicle #0 = 3, leaving at = 629.0
   Vehicle #1 = -1, leaving at = inf
   Increment on distance indicator: 11.0
   Increment on tard indicator:     0.0
   Value of tmax indicator:         11.0

Task for patient = 159 with skills = {3,-1} and cost = 71.3
   Vehicle #0 = 20, leaving at = 766.0
   Vehicle #1 = -1, leaving at = inf
   Increment on distance indicator: 5.0
   Increment on tard indicator:     0.0
   Value of tmax indicator:         5.0

Task for patient = 143 with skills = {1,4} and cost = 84.0
   Vehicle #0 = 9, leaving at = 523.0
   Vehicle #1 = 26, leaving at = 547.0
   Increment on distance indicator: 38.0
   Increment on tard indicator:     0.0
   Value of tmax indicator:         38.0

Task for patient = 82 with skills = {1,-1} and cost = 86.0
   Vehicle #0 = 8, leaving at = 644.0
   Vehicle #1 = -1, leaving at = inf
   Increment on distance indicator: 6.0
   Increment on tard indicator:     0.0
   Value of tmax indicator:         6.0

Task for patient = 131 with skills = {5,-1} and cost = 89.0
   Vehicle #0 = 24, leaving at = 675.0
   Vehicle #1 = -1, leaving at = inf
   Increment on distance indicator: 9.0
   Increment on tard indicator:     0.0
   Value of tmax indicator:         9.0

Task for patient = 119 with skills = {0,3} and cost = 93.0
   Vehicle #0 = 2, leaving at = 821.0
   Vehicle #1 = 20, leaving at = 789.0
   Increment on distance indicator: 12.0
   Increment on tard indicator:     0.0
   Value of tmax indicator:         12.0

Task for patient = 53 with skills = {4,-1} and cost = 94.0
   Vehicle #0 = 26, leaving at = 609.0
   Vehicle #1 = -1, leaving at = inf
   Increment on distance indicator: 3.0
   Increment on tard indicator:     0.0
   Value of tmax indicator:         3.0

Task for patient = 145 with skills = {1,3} and cost = 97.0
   Vehicle #0 = 8, leaving at = 849.0
   Vehicle #1 = 20, leaving at = 814.0
   Increment on distance indicator: 9.0
   Increment on tard indicator:     0.0
   Value of tmax indicator:         9.0

Task for patient = 36 with skills = {2,5} and cost = 99.0
   Vehicle #0 = 1, leaving at = 676.0
   Vehicle #1 = 27, leaving at = 709.0
   Increment on distance indicator: 6.0
   Increment on tard indicator:     0.0
   Value of tmax indicator:         6.0

Task for patient = 32 with skills = {0,-1} and cost = 48.3
   Vehicle #0 = 0, leaving at = 908.0
   Vehicle #1 = -1, leaving at = inf
   Increment on distance indicator: 4.0
   Increment on tard indicator:     0.0
   Value of tmax indicator:         4.0

Task for patient = 198 with skills = {1,4} and cost = 256.0
   Vehicle #0 = 14, leaving at = 590.0
   Vehicle #1 = 28, leaving at = 580.0
   Increment on distance indicator: 18.0
   Increment on tard indicator:     0.0
   Value of tmax indicator:         18.0

Task for patient = 126 with skills = {2,-1} and cost = 259.0
   Vehicle #0 = 11, leaving at = 606.0
   Vehicle #1 = -1, leaving at = inf
   Increment on distance indicator: 9.0
   Increment on tard indicator:     0.0
   Value of tmax indicator:         9.0

Task for patient = 186 with skills = {4,-1} and cost = 260.7
   Vehicle #0 = 35, leaving at = 705.0
   Vehicle #1 = -1, leaving at = inf
   Increment on distance indicator: 5.0
   Increment on tard indicator:     0.0
   Value of tmax indicator:         5.0

Task for patient = 76 with skills = {3,-1} and cost = 261.3
   Vehicle #0 = 29, leaving at = 747.0
   Vehicle #1 = -1, leaving at = inf
   Increment on distance indicator: 2.0
   Increment on tard indicator:     0.0
   Value of tmax indicator:         2.0

Task for patient = 70 with skills = {2,-1} and cost = 262.0
   Vehicle #0 = 7, leaving at = 756.0
   Vehicle #1 = -1, leaving at = inf
   Increment on distance indicator: 2.0
   Increment on tard indicator:     0.0
   Value of tmax indicator:         2.0

Task for patient = 51 with skills = {5,-1} and cost = 264.0
   Vehicle #0 = 37, leaving at = 631.0
   Vehicle #1 = -1, leaving at = inf
   Increment on distance indicator: 6.0
   Increment on tard indicator:     0.0
   Value of tmax indicator:         6.0

Task for patient = 3 with skills = {0,-1} and cost = 265.7
   Vehicle #0 = 15, leaving at = 659.0
   Vehicle #1 = -1, leaving at = inf
   Increment on distance indicator: 5.0
   Increment on tard indicator:     0.0
   Value of tmax indicator:         5.0

Task for patient = 147 with skills = {5,-1} and cost = 268.7
   Vehicle #0 = 37, leaving at = 779.0
   Vehicle #1 = -1, leaving at = inf
   Increment on distance indicator: 9.0
   Increment on tard indicator:     0.0
   Value of tmax indicator:         9.0

Task for patient = 71 with skills = {4,-1} and cost = 270.0
   Vehicle #0 = 32, leaving at = 715.0
   Vehicle #1 = -1, leaving at = inf
   Increment on distance indicator: 4.0
   Increment on tard indicator:     0.0
   Value of tmax indicator:         4.0

Task for patient = 75 with skills = {3,-1} and cost = 272.0
   Vehicle #0 = 22, leaving at = 790.0
   Vehicle #1 = -1, leaving at = inf
   Increment on distance indicator: 6.0
   Increment on tard indicator:     0.0
   Value of tmax indicator:         6.0

Task for patient = 190 with skills = {2,4} and cost = 275.0
   Vehicle #0 = 7, leaving at = 879.0
   Vehicle #1 = 20, leaving at = 861.0
   Increment on distance indicator: 9.0
   Increment on tard indicator:     0.0
   Value of tmax indicator:         9.0

Task for patient = 14 with skills = {2,5} and cost = 174.0
   Vehicle #0 = 6, leaving at = 755.0
   Vehicle #1 = 24, leaving at = 754.0
   Increment on distance indicator: 10.0
   Increment on tard indicator:     0.0
   Value of tmax indicator:         10.0

Task for patient = 102 with skills = {2,4} and cost = 279.7
   Vehicle #0 = 11, leaving at = 721.0
   Vehicle #1 = 31, leaving at = 704.0
   Increment on distance indicator: 9.0
   Increment on tard indicator:     0.0
   Value of tmax indicator:         9.0

Task for patient = 173 with skills = {2,4} and cost = 282.7
   Vehicle #0 = 6, leaving at = 810.0
   Vehicle #1 = 33, leaving at = 820.0
   Increment on distance indicator: 9.0
   Increment on tard indicator:     0.0
   Value of tmax indicator:         9.0

Task for patient = 177 with skills = {2,3} and cost = 289.3
   Vehicle #0 = 1, leaving at = 717.0
   Vehicle #1 = 30, leaving at = 736.0
   Increment on distance indicator: 20.0
   Increment on tard indicator:     0.0
   Value of tmax indicator:         20.0

Task for patient = 129 with skills = {1,-1} and cost = 290.7
   Vehicle #0 = 12, leaving at = 827.0
   Vehicle #1 = -1, leaving at = inf
   Increment on distance indicator: 4.0
   Increment on tard indicator:     0.0
   Value of tmax indicator:         4.0

Task for patient = 110 with skills = {5,-1} and cost = 292.0
   Vehicle #0 = 22, leaving at = 830.0
   Vehicle #1 = -1, leaving at = inf
   Increment on distance indicator: 4.0
   Increment on tard indicator:     0.0
   Value of tmax indicator:         4.0

Task for patient = 50 with skills = {1,-1} and cost = 294.0
   Vehicle #0 = 16, leaving at = 710.0
   Vehicle #1 = -1, leaving at = inf
   Increment on distance indicator: 6.0
   Increment on tard indicator:     0.0
   Value of tmax indicator:         6.0

Task for patient = 56 with skills = {0,5} and cost = 297.3
   Vehicle #0 = 12, leaving at = 888.0
   Vehicle #1 = 24, leaving at = 865.0
   Increment on distance indicator: 10.0
   Increment on tard indicator:     0.0
   Value of tmax indicator:         10.0

Task for patient = 142 with skills = {3,-1} and cost = 300.3
   Vehicle #0 = 23, leaving at = 815.0
   Vehicle #1 = -1, leaving at = inf
   Increment on distance indicator: 9.0
   Increment on tard indicator:     0.0
   Value of tmax indicator:         9.0

Task for patient = 139 with skills = {3,-1} and cost = 304.7
   Vehicle #0 = 29, leaving at = 799.0
   Vehicle #1 = -1, leaving at = inf
   Increment on distance indicator: 13.0
   Increment on tard indicator:     0.0
   Value of tmax indicator:         13.0

Task for patient = 49 with skills = {4,-1} and cost = 306.7
   Vehicle #0 = 32, leaving at = 774.0
   Vehicle #1 = -1, leaving at = inf
   Increment on distance indicator: 6.0
   Increment on tard indicator:     0.0
   Value of tmax indicator:         6.0

Task for patient = 59 with skills = {0,-1} and cost = 308.7
   Vehicle #0 = 11, leaving at = 785.0
   Vehicle #1 = -1, leaving at = inf
   Increment on distance indicator: 6.0
   Increment on tard indicator:     0.0
   Value of tmax indicator:         6.0

Task for patient = 69 with skills = {1,3} and cost = 311.3
   Vehicle #0 = 9, leaving at = 948.0
   Vehicle #1 = 36, leaving at = 965.0
   Increment on distance indicator: 8.0
   Increment on tard indicator:     0.0
   Value of tmax indicator:         8.0

Task for patient = 60 with skills = {0,-1} and cost = 276.7
   Vehicle #0 = 15, leaving at = 712.0
   Vehicle #1 = -1, leaving at = inf
   Increment on distance indicator: 5.0
   Increment on tard indicator:     0.0
   Value of tmax indicator:         5.0

Task for patient = 158 with skills = {0,-1} and cost = 176.0
   Vehicle #0 = 10, leaving at = 731.0
   Vehicle #1 = -1, leaving at = inf
   Increment on distance indicator: 6.0
   Increment on tard indicator:     0.0
   Value of tmax indicator:         6.0

Task for patient = 66 with skills = {3,-1} and cost = 177.7
   Vehicle #0 = 20, leaving at = 834.0
   Vehicle #1 = -1, leaving at = inf
   Increment on distance indicator: 5.0
   Increment on tard indicator:     0.0
   Value of tmax indicator:         5.0

Task for patient = 35 with skills = {3,-1} and cost = 182.3
   Vehicle #0 = 33, leaving at = 600.0
   Vehicle #1 = -1, leaving at = inf
   Increment on distance indicator: 14.0
   Increment on tard indicator:     0.0
   Value of tmax indicator:         14.0

Task for patient = 149 with skills = {0,-1} and cost = 184.3
   Vehicle #0 = 4, leaving at = 814.0
   Vehicle #1 = -1, leaving at = inf
   Increment on distance indicator: 6.0
   Increment on tard indicator:     0.0
   Value of tmax indicator:         6.0

Task for patient = 57 with skills = {1,3} and cost = 190.0
   Vehicle #0 = 12, leaving at = 639.0
   Vehicle #1 = 33, leaving at = 658.0
   Increment on distance indicator: 17.0
   Increment on tard indicator:     0.0
   Value of tmax indicator:         17.0

Task for patient = 48 with skills = {5,-1} and cost = 191.7
   Vehicle #0 = 33, leaving at = 695.0
   Vehicle #1 = -1, leaving at = inf
   Increment on distance indicator: 5.0
   Increment on tard indicator:     0.0
   Value of tmax indicator:         5.0

Task for patient = 132 with skills = {5,-1} and cost = 193.0
   Vehicle #0 = 34, leaving at = 534.0
   Vehicle #1 = -1, leaving at = inf
   Increment on distance indicator: 4.0
   Increment on tard indicator:     0.0
   Value of tmax indicator:         4.0

Task for patient = 167 with skills = {0,5} and cost = 197.0
   Vehicle #0 = 5, leaving at = 754.0
   Vehicle #1 = 27, leaving at = 780.0
   Increment on distance indicator: 12.0
   Increment on tard indicator:     0.0
   Value of tmax indicator:         12.0

Task for patient = 61 with skills = {0,4} and cost = 199.3
   Vehicle #0 = 9, leaving at = 754.0
   Vehicle #1 = 26, leaving at = 760.0
   Increment on distance indicator: 7.0
   Increment on tard indicator:     0.0
   Value of tmax indicator:         7.0

Task for patient = 128 with skills = {0,4} and cost = 202.3
   Vehicle #0 = 12, leaving at = 725.0
   Vehicle #1 = 33, leaving at = 715.0
   Increment on distance indicator: 9.0
   Increment on tard indicator:     0.0
   Value of tmax indicator:         9.0

Task for patient = 28 with skills = {0,-1} and cost = 207.3
   Vehicle #0 = 11, leaving at = 513.0
   Vehicle #1 = -1, leaving at = inf
   Increment on distance indicator: 15.0
   Increment on tard indicator:     0.0
   Value of tmax indicator:         15.0

Task for patient = 91 with skills = {0,-1} and cost = 250.0
   Vehicle #0 = 0, leaving at = 1000.0
   Vehicle #1 = -1, leaving at = inf
   Increment on distance indicator: 5.0
   Increment on tard indicator:     0.0
   Value of tmax indicator:         5.0

Task for patient = 135 with skills = {3,-1} and cost = 214.7
   Vehicle #0 = 36, leaving at = 591.0
   Vehicle #1 = -1, leaving at = inf
   Increment on distance indicator: 17.0
   Increment on tard indicator:     0.0
   Value of tmax indicator:         17.0

Task for patient = 115 with skills = {1,3} and cost = 218.3
   Vehicle #0 = 9, leaving at = 860.0
   Vehicle #1 = 36, leaving at = 895.0
   Increment on distance indicator: 11.0
   Increment on tard indicator:     0.0
   Value of tmax indicator:         11.0

Task for patient = 150 with skills = {0,-1} and cost = 222.0
   Vehicle #0 = 3, leaving at = 751.0
   Vehicle #1 = -1, leaving at = inf
   Increment on distance indicator: 11.0
   Increment on tard indicator:     0.0
   Value of tmax indicator:         11.0

Task for patient = 26 with skills = {5,-1} and cost = 223.7
   Vehicle #0 = 21, leaving at = 865.0
   Vehicle #1 = -1, leaving at = inf
   Increment on distance indicator: 5.0
   Increment on tard indicator:     0.0
   Value of tmax indicator:         5.0

Task for patient = 175 with skills = {4,-1} and cost = 226.0
   Vehicle #0 = 23, leaving at = 669.0
   Vehicle #1 = -1, leaving at = inf
   Increment on distance indicator: 7.0
   Increment on tard indicator:     0.0
   Value of tmax indicator:         7.0

Task for patient = 165 with skills = {0,4} and cost = 230.0
   Vehicle #0 = 12, leaving at = 784.0
   Vehicle #1 = 26, leaving at = 820.0
   Increment on distance indicator: 12.0
   Increment on tard indicator:     0.0
   Value of tmax indicator:         12.0

Task for patient = 117 with skills = {4,-1} and cost = 232.3
   Vehicle #0 = 31, leaving at = 669.0
   Vehicle #1 = -1, leaving at = inf
   Increment on distance indicator: 7.0
   Increment on tard indicator:     0.0
   Value of tmax indicator:         7.0

Task for patient = 171 with skills = {0,5} and cost = 239.0
   Vehicle #0 = 3, leaving at = 820.0
   Vehicle #1 = 24, leaving at = 843.0
   Increment on distance indicator: 20.0
   Increment on tard indicator:     0.0
   Value of tmax indicator:         20.0

Task for patient = 22 with skills = {4,-1} and cost = 240.3
   Vehicle #0 = 27, leaving at = 803.0
   Vehicle #1 = -1, leaving at = inf
   Increment on distance indicator: 4.0
   Increment on tard indicator:     0.0
   Value of tmax indicator:         4.0

Task for patient = 54 with skills = {4,-1} and cost = 241.3
   Vehicle #0 = 23, leaving at = 748.0
   Vehicle #1 = -1, leaving at = inf
   Increment on distance indicator: 3.0
   Increment on tard indicator:     0.0
   Value of tmax indicator:         3.0

Task for patient = 40 with skills = {3,-1} and cost = 246.7
   Vehicle #0 = 37, leaving at = 531.0
   Vehicle #1 = -1, leaving at = inf
   Increment on distance indicator: 16.0
   Increment on tard indicator:     0.0
   Value of tmax indicator:         16.0

Task for patient = 95 with skills = {2,-1} and cost = 248.3
   Vehicle #0 = 15, leaving at = 617.0
   Vehicle #1 = -1, leaving at = inf
   Increment on distance indicator: 5.0
   Increment on tard indicator:     0.0
   Value of tmax indicator:         5.0

Task for patient = 5 with skills = {0,-1} and cost = 209.0
   Vehicle #0 = 11, leaving at = 559.0
   Vehicle #1 = -1, leaving at = inf
   Increment on distance indicator: 5.0
   Increment on tard indicator:     0.0
   Value of tmax indicator:         5.0


Unused vehicle list: 19 (total = 1 out of 40)

---
Search finished.
Total of 448 generations in 8.4 seconds.
Exchange elite runs: 0
Implicit path relinking runs: 4
Reset attempts: 0

Best solution found:
   Cost: 716.7
   Total travel time: 2150.0
   Total tardiness time: 0.0
   Largest tardiness: 0.0


716.7
