--- BRKGA-MP-IPR for HHCRSP ---
Instance: new-instances/HHCRSP_200_40_75_0.8_C_RC.txt
Seed: 1

Reading data... Problem contains 200 patients  and 40 caregivers.

Summary of supply x demand for each service type:
Skill 0 has supply = 15 and demand = 45, ratio = 0.333333
Skill 1 has supply = 16 and demand = 53, ratio = 0.301887
Skill 2 has supply = 11 and demand = 43, ratio = 0.255814
Skill 3 has supply = 12 and demand = 41, ratio = 0.292683
Skill 4 has supply = 12 and demand = 44, ratio = 0.272727
Skill 5 has supply = 10 and demand = 34, ratio = 0.294118

Reading parameters...
Inferred distance function by PR type: kendall-tau
Building BRKGA data and initializing...
Evolving 448 generations...

  Gens  Rem    Local   ElDiv NoImpr             Best solution            Time  Op
                                       Cost     Dist    Tard    TMax 
*    0  448  5967.00  418.69      0  5967.00  4438.00 13062.0   401.0     0.0    
*    3  445  5851.67  408.79      0  5851.67  4245.00 11420.0   394.0     0.1    
*    4  444  5353.00  319.58      0  5353.00  4245.00 11420.0   394.0     0.1    
*    6  442  5152.67  316.76      0  5152.67  4403.00  9326.0   381.0     0.1    
*    7  441  4703.33  273.44      0  4703.33  4173.00  8457.0   393.0     0.1    
*    8  440  4341.00  274.81      0  4341.00  4277.00  7835.0   418.0     0.2    
*    9  439  4176.67  273.52      0  4176.67  4277.00  7835.0   418.0     0.2    
*   11  437  3578.33  351.68      0  3578.33  4206.00  5600.0   322.0     0.2    
*   12  436  3376.00  309.56      0  3376.00  4206.00  5600.0   322.0     0.2    
*   16  432  3036.33  207.30      0  3036.33  4207.00  3980.0   324.0     0.3    
*   17  431  2837.00  208.51      0  2837.00  4154.00  3458.0   299.0     0.3    
*   18  430  2637.00  205.04      0  2637.00  4154.00  3458.0   299.0     0.3    
*   20  428  2433.00  161.23      0  2433.00  4086.00  2984.0   229.0     0.4    
*   22  426  2340.67  158.71      0  2340.67  4271.00  2485.0   266.0     0.4    
*   24  424  2276.67  116.62      0  2276.67  4290.00  2048.0   187.0     0.5    

  Gens  Rem    Local   ElDiv NoImpr             Best solution            Time  Op
                                       Cost     Dist    Tard    TMax 
*   25  423  2175.00  113.14      0  2175.00  3975.00  1805.0   295.0     0.5    
*   26  422  2025.00  101.69      0  2025.00  3975.00  1805.0   295.0     0.5    
*   28  420  1956.33   91.56      0  1956.33  4101.00  1558.0   209.0     0.5    
*   29  419  1956.00  108.86      0  1956.00  4085.00   947.0   211.0     0.5    
*   30  418  1747.67  115.90      0  1747.67  4107.00   994.0   134.0     0.6    
*   31  417  1745.00  102.61      0  1745.00  3977.00   965.0   180.0     0.6    
*   32  416  1707.33   86.91      0  1707.33  3977.00   965.0   180.0     0.6    
*   35  413  1696.67   66.02      0  1696.67  4051.00   670.0   109.0     0.7    
*   36  412  1610.00   60.74      0  1610.00  4065.00   500.0    97.0     0.7    
*   37  411  1554.00   61.50      0  1554.00  3877.00   425.0   154.0     0.7    
*   38  410  1485.33   57.99      0  1485.33  3877.00   425.0   154.0     0.7    
*   40  408  1419.67   60.54      0  1419.67  3898.00   287.0    74.0     0.7    
*   43  405  1412.33   50.60      0  1412.33  3772.00   191.0    40.0     0.8    
*   44  404  1334.33   48.38      0  1334.33  3772.00   191.0    40.0     0.8    
*   48  400  1298.00   31.36      0  1298.00  3740.00   105.0    49.0     0.9    
    50  398  1298.00   30.55      2  1298.00  3740.00   105.0    49.0     0.9    

  Gens  Rem    Local   ElDiv NoImpr             Best solution            Time  Op
                                       Cost     Dist    Tard    TMax 
*   51  397  1294.67   29.07      0  1294.67  3793.00    73.0    18.0     0.9    
*   53  395  1278.00   22.84      0  1278.00  3737.00    85.0    12.0     1.0    
*   55  393  1271.33   17.35      0  1271.33  3768.00    28.0    13.0     1.0    
*   56  392  1269.67   15.32      0  1269.67  3768.00    28.0    13.0     1.0    
*   58  390  1242.00   14.92      0  1242.00  3696.00    22.0     8.0     1.1    
*   61  387  1220.33   15.32      0  1220.33  3587.00    57.0    17.0     1.1    
*   71  377  1188.67   13.94      0  1188.67  3545.00    14.0     7.0     1.3    
*   88  360  1183.67   10.23      0  1183.67  3544.00     5.0     2.0     1.6    
*   93  355  1179.33    9.48      0  1179.33  3487.00    37.0    14.0     1.7    
Path relinking result: too homogeneous.
    96  352  1171.67    9.21      0  1179.33  3487.00    37.0    14.0     1.7   P
*   97  351  1171.67    8.90      0  1171.67  3495.00    15.0     5.0     1.7    
   100  348  1171.67    8.40      3  1171.67  3495.00    15.0     5.0     1.8    
*  101  347  1169.00    7.98      0  1169.00  3485.00    14.0     8.0     1.8    
*  107  341  1151.00    8.79      0  1151.00  3448.00     3.0     2.0     1.9    
*  115  333  1150.00    9.05      0  1150.00  3432.00    13.0     5.0     2.0    
*  118  330  1136.67   10.16      0  1136.67  3366.00    35.0     9.0     2.1    

  Gens  Rem    Local   ElDiv NoImpr             Best solution            Time  Op
                                       Cost     Dist    Tard    TMax 
*  139  309  1133.33    8.06      0  1133.33  3374.00    14.0    12.0     2.4    
*  150  298  1131.67    6.17      0  1131.67  3391.00     2.0     2.0     2.7    
*  152  296  1118.33    6.62      0  1118.33  3333.00    18.0     4.0     2.7    
*  164  284  1116.33    7.35      0  1116.33  3306.00    31.0    12.0     2.9    
*  169  279  1107.67    9.78      0  1107.67  3235.00    10.0     4.0     3.0    
*  170  278  1083.00    9.63      0  1083.00  3235.00    10.0     4.0     3.0    
Path relinking result: too homogeneous.
   192  256  1083.00    8.32     23  1083.00  3235.00    10.0     4.0     3.3   P
*  197  251  1066.67    8.68      0  1066.67  3185.00    11.0     4.0     3.4    
   200  248  1066.67    8.93      3  1066.67  3185.00    11.0     4.0     3.4    
*  218  230  1065.67    7.88      0  1065.67  3155.00    20.0     9.0     3.7    
*  219  229  1061.33    7.92      0  1061.33  3136.00    19.0     6.0     3.7    
*  220  228  1053.67    7.36      0  1053.67  3136.00    19.0     6.0     3.7    
*  222  226  1052.00    7.51      0  1052.00  3154.00     1.0     1.0     3.8    
*  228  220  1049.33    7.25      0  1049.33  3140.00     6.0     2.0     3.9    
*  236  212  1046.67    6.00      0  1046.67  3102.00    16.0     6.0     4.0    
*  237  211  1041.33    5.66      0  1041.33  3102.00    16.0     6.0     4.0    

  Gens  Rem    Local   ElDiv NoImpr             Best solution            Time  Op
                                       Cost     Dist    Tard    TMax 
*  249  199  1038.00    3.23      0  1038.00  3087.00    21.0     6.0     4.3    
   250  198  1038.00    3.39      1  1038.00  3087.00    21.0     6.0     4.3    
*  251  197  1036.67    3.34      0  1036.67  3092.00    13.0     5.0     4.3    
*  256  192  1034.67    3.01      0  1034.67  3098.00     4.0     2.0     4.4    
*  259  189  1029.33    2.84      0  1029.33  3049.00    32.0     7.0     4.5    
*  266  182  1028.33    3.37      0  1028.33  3033.00    11.0     6.0     4.6    
*  267  181  1016.67    3.41      0  1016.67  3033.00    11.0     6.0     4.6    
*  273  175  1014.67    3.03      0  1014.67  3037.00     5.0     2.0     4.7    
*  275  173  1014.00    3.15      0  1014.00  3035.00     5.0     2.0     4.8    
*  278  170  1013.67    3.32      0  1013.67  3029.00     4.0     2.0     4.8    
*  279  169  1011.67    3.34      0  1011.67  3029.00     4.0     2.0     4.8    
*  286  162  1010.33    0.75      0  1010.33  3025.00     4.0     2.0     5.0    
Path relinking result: too homogeneous.
   288  160  1010.33    0.50      3  1010.33  3025.00     4.0     2.0     5.0   P
*  292  156  1008.33    0.42      0  1008.33  3019.00     4.0     2.0     5.1    
*  297  151  1008.00    0.07      0  1008.00  3018.00     4.0     2.0     5.2    
   300  148  1008.00    0.07      3  1008.00  3018.00     4.0     2.0     5.3    

  Gens  Rem    Local   ElDiv NoImpr             Best solution            Time  Op
                                       Cost     Dist    Tard    TMax 
*  306  142  1007.33    0.08      0  1007.33  3016.00     4.0     2.0     5.4    
*  328  120  1005.67    0.21      0  1005.67  3011.00     4.0     2.0     5.7    
*  339  109  1005.33    0.06      0  1005.33  3010.00     4.0     2.0     5.9    
   350   98  1005.33    0.00     11  1005.33  3010.00     4.0     2.0     6.1    
Path relinking result: too homogeneous.
   384   64  1005.33    0.00     46  1005.33  3010.00     4.0     2.0     6.5   P
*  398   50  1004.67    0.14      0  1004.67  3008.00     4.0     2.0     6.8    
   400   48  1004.67    0.26      2  1004.67  3008.00     4.0     2.0     6.8    
*  428   20  1003.67    0.12      0  1003.67  3005.00     4.0     2.0     7.2    
   448    0  1003.67    0.00     20  1003.67  3005.00     4.0     2.0     7.6    
Evolutionary process finished.
Solution written to 'solution-24172.txt'.

Sorted sequence of worst to best tardiness value:
Task for patient = 191 with skills = {1,5} and cost = 744.3
   Vehicle #0 = 16, leaving at = 1080.0
   Vehicle #1 = 36, leaving at = 1128.0
   Increment on distance indicator: 14.0
   Increment on tard indicator:     2.0
   Value of tmax indicator:         14.0

Task for patient = 145 with skills = {4,-1} and cost = 525.0
   Vehicle #0 = 21, leaving at = 853.0
   Vehicle #1 = -1, leaving at = inf
   Increment on distance indicator: 12.0
   Increment on tard indicator:     2.0
   Value of tmax indicator:         12.0

Task for patient = 182 with skills = {2,3} and cost = 512.3
   Vehicle #0 = 6, leaving at = 878.0
   Vehicle #1 = 29, leaving at = 873.0
   Increment on distance indicator: 10.0
   Increment on tard indicator:     0.0
   Value of tmax indicator:         10.0

Task for patient = 109 with skills = {1,-1} and cost = 519.7
   Vehicle #0 = 16, leaving at = 771.0
   Vehicle #1 = -1, leaving at = inf
   Increment on distance indicator: 10.0
   Increment on tard indicator:     0.0
   Value of tmax indicator:         10.0

Task for patient = 48 with skills = {3,-1} and cost = 528.0
   Vehicle #0 = 23, leaving at = 994.0
   Vehicle #1 = -1, leaving at = inf
   Increment on distance indicator: 9.0
   Increment on tard indicator:     0.0
   Value of tmax indicator:         9.0

Task for patient = 75 with skills = {1,-1} and cost = 531.3
   Vehicle #0 = 0, leaving at = 813.0
   Vehicle #1 = -1, leaving at = inf
   Increment on distance indicator: 10.0
   Increment on tard indicator:     0.0
   Value of tmax indicator:         10.0

Task for patient = 128 with skills = {1,-1} and cost = 533.7
   Vehicle #0 = 3, leaving at = 890.0
   Vehicle #1 = -1, leaving at = inf
   Increment on distance indicator: 7.0
   Increment on tard indicator:     0.0
   Value of tmax indicator:         7.0

Task for patient = 178 with skills = {2,-1} and cost = 534.7
   Vehicle #0 = 2, leaving at = 919.0
   Vehicle #1 = -1, leaving at = inf
   Increment on distance indicator: 3.0
   Increment on tard indicator:     0.0
   Value of tmax indicator:         3.0

Task for patient = 20 with skills = {4,-1} and cost = 536.3
   Vehicle #0 = 27, leaving at = 933.0
   Vehicle #1 = -1, leaving at = inf
   Increment on distance indicator: 5.0
   Increment on tard indicator:     0.0
   Value of tmax indicator:         5.0

Task for patient = 141 with skills = {1,5} and cost = 539.3
   Vehicle #0 = 0, leaving at = 924.0
   Vehicle #1 = 28, leaving at = 914.0
   Increment on distance indicator: 9.0
   Increment on tard indicator:     0.0
   Value of tmax indicator:         9.0

Task for patient = 87 with skills = {2,3} and cost = 541.3
   Vehicle #0 = 6, leaving at = 908.0
   Vehicle #1 = 29, leaving at = 912.0
   Increment on distance indicator: 6.0
   Increment on tard indicator:     0.0
   Value of tmax indicator:         6.0

Task for patient = 156 with skills = {0,3} and cost = 543.3
   Vehicle #0 = 3, leaving at = 948.0
   Vehicle #1 = 31, leaving at = 913.0
   Increment on distance indicator: 6.0
   Increment on tard indicator:     0.0
   Value of tmax indicator:         6.0

Task for patient = 84 with skills = {1,5} and cost = 548.3
   Vehicle #0 = 5, leaving at = 919.0
   Vehicle #1 = 38, leaving at = 942.0
   Increment on distance indicator: 15.0
   Increment on tard indicator:     0.0
   Value of tmax indicator:         15.0

Task for patient = 89 with skills = {4,-1} and cost = 551.0
   Vehicle #0 = 30, leaving at = 894.0
   Vehicle #1 = -1, leaving at = inf
   Increment on distance indicator: 8.0
   Increment on tard indicator:     0.0
   Value of tmax indicator:         8.0

Task for patient = 164 with skills = {1,-1} and cost = 557.0
   Vehicle #0 = 18, leaving at = 710.0
   Vehicle #1 = -1, leaving at = inf
   Increment on distance indicator: 18.0
   Increment on tard indicator:     0.0
   Value of tmax indicator:         18.0

Task for patient = 35 with skills = {0,3} and cost = 559.7
   Vehicle #0 = 8, leaving at = 877.0
   Vehicle #1 = 24, leaving at = 864.0
   Increment on distance indicator: 8.0
   Increment on tard indicator:     0.0
   Value of tmax indicator:         8.0

Task for patient = 107 with skills = {2,-1} and cost = 561.0
   Vehicle #0 = 16, leaving at = 818.0
   Vehicle #1 = -1, leaving at = inf
   Increment on distance indicator: 4.0
   Increment on tard indicator:     0.0
   Value of tmax indicator:         4.0

Task for patient = 59 with skills = {1,-1} and cost = 563.7
   Vehicle #0 = 4, leaving at = 880.0
   Vehicle #1 = -1, leaving at = inf
   Increment on distance indicator: 8.0
   Increment on tard indicator:     0.0
   Value of tmax indicator:         8.0

Task for patient = 6 with skills = {5,-1} and cost = 565.0
   Vehicle #0 = 25, leaving at = 889.0
   Vehicle #1 = -1, leaving at = inf
   Increment on distance indicator: 4.0
   Increment on tard indicator:     0.0
   Value of tmax indicator:         4.0

Task for patient = 139 with skills = {4,-1} and cost = 569.0
   Vehicle #0 = 38, leaving at = 1008.0
   Vehicle #1 = -1, leaving at = inf
   Increment on distance indicator: 12.0
   Increment on tard indicator:     0.0
   Value of tmax indicator:         12.0

Task for patient = 58 with skills = {5,-1} and cost = 570.7
   Vehicle #0 = 31, leaving at = 983.0
   Vehicle #1 = -1, leaving at = inf
   Increment on distance indicator: 5.0
   Increment on tard indicator:     0.0
   Value of tmax indicator:         5.0

Task for patient = 127 with skills = {1,-1} and cost = 572.7
   Vehicle #0 = 9, leaving at = 978.0
   Vehicle #1 = -1, leaving at = inf
   Increment on distance indicator: 6.0
   Increment on tard indicator:     0.0
   Value of tmax indicator:         6.0

Task for patient = 17 with skills = {0,-1} and cost = 574.7
   Vehicle #0 = 3, leaving at = 989.0
   Vehicle #1 = -1, leaving at = inf
   Increment on distance indicator: 6.0
   Increment on tard indicator:     0.0
   Value of tmax indicator:         6.0

Task for patient = 118 with skills = {1,-1} and cost = 578.3
   Vehicle #0 = 15, leaving at = 877.0
   Vehicle #1 = -1, leaving at = inf
   Increment on distance indicator: 5.0
   Increment on tard indicator:     0.0
   Value of tmax indicator:         5.0

Task for patient = 43 with skills = {1,5} and cost = 516.3
   Vehicle #0 = 1, leaving at = 987.0
   Vehicle #1 = 23, leaving at = 947.0
   Increment on distance indicator: 12.0
   Increment on tard indicator:     0.0
   Value of tmax indicator:         12.0

Task for patient = 111 with skills = {0,-1} and cost = 748.3
   Vehicle #0 = 6, leaving at = 1015.0
   Vehicle #1 = -1, leaving at = inf
   Increment on distance indicator: 12.0
   Increment on tard indicator:     0.0
   Value of tmax indicator:         12.0

Task for patient = 50 with skills = {1,-1} and cost = 435.3
   Vehicle #0 = 17, leaving at = 614.0
   Vehicle #1 = -1, leaving at = inf
   Increment on distance indicator: 6.0
   Increment on tard indicator:     0.0
   Value of tmax indicator:         6.0

Task for patient = 19 with skills = {3,-1} and cost = 438.0
   Vehicle #0 = 23, leaving at = 895.0
   Vehicle #1 = -1, leaving at = inf
   Increment on distance indicator: 8.0
   Increment on tard indicator:     0.0
   Value of tmax indicator:         8.0

Task for patient = 64 with skills = {5,-1} and cost = 438.7
   Vehicle #0 = 27, leaving at = 876.0
   Vehicle #1 = -1, leaving at = inf
   Increment on distance indicator: 2.0
   Increment on tard indicator:     0.0
   Value of tmax indicator:         2.0

Task for patient = 47 with skills = {0,-1} and cost = 439.7
   Vehicle #0 = 6, leaving at = 848.0
   Vehicle #1 = -1, leaving at = inf
   Increment on distance indicator: 3.0
   Increment on tard indicator:     0.0
   Value of tmax indicator:         3.0

Task for patient = 149 with skills = {0,3} and cost = 444.3
   Vehicle #0 = 9, leaving at = 922.0
   Vehicle #1 = 23, leaving at = 920.0
   Increment on distance indicator: 14.0
   Increment on tard indicator:     0.0
   Value of tmax indicator:         14.0

Task for patient = 200 with skills = {1,-1} and cost = 448.0
   Vehicle #0 = 15, leaving at = 757.0
   Vehicle #1 = -1, leaving at = inf
   Increment on distance indicator: 11.0
   Increment on tard indicator:     0.0
   Value of tmax indicator:         11.0

Task for patient = 98 with skills = {1,4} and cost = 451.0
   Vehicle #0 = 17, leaving at = 806.0
   Vehicle #1 = 29, leaving at = 829.0
   Increment on distance indicator: 9.0
   Increment on tard indicator:     0.0
   Value of tmax indicator:         9.0

Task for patient = 176 with skills = {0,-1} and cost = 453.0
   Vehicle #0 = 13, leaving at = 858.0
   Vehicle #1 = -1, leaving at = inf
   Increment on distance indicator: 6.0
   Increment on tard indicator:     0.0
   Value of tmax indicator:         6.0

Task for patient = 115 with skills = {0,-1} and cost = 459.7
   Vehicle #0 = 8, leaving at = 625.0
   Vehicle #1 = -1, leaving at = inf
   Increment on distance indicator: 20.0
   Increment on tard indicator:     0.0
   Value of tmax indicator:         20.0

Task for patient = 79 with skills = {0,4} and cost = 463.3
   Vehicle #0 = 11, leaving at = 835.0
   Vehicle #1 = 30, leaving at = 832.0
   Increment on distance indicator: 11.0
   Increment on tard indicator:     0.0
   Value of tmax indicator:         11.0

Task for patient = 78 with skills = {1,-1} and cost = 576.7
   Vehicle #0 = 5, leaving at = 953.0
   Vehicle #1 = -1, leaving at = inf
   Increment on distance indicator: 6.0
   Increment on tard indicator:     0.0
   Value of tmax indicator:         6.0

Task for patient = 90 with skills = {4,-1} and cost = 474.0
   Vehicle #0 = 38, leaving at = 775.0
   Vehicle #1 = -1, leaving at = inf
   Increment on distance indicator: 27.0
   Increment on tard indicator:     0.0
   Value of tmax indicator:         27.0

Task for patient = 106 with skills = {5,-1} and cost = 475.7
   Vehicle #0 = 24, leaving at = 842.0
   Vehicle #1 = -1, leaving at = inf
   Increment on distance indicator: 5.0
   Increment on tard indicator:     0.0
   Value of tmax indicator:         5.0

Task for patient = 147 with skills = {1,-1} and cost = 477.0
   Vehicle #0 = 5, leaving at = 886.0
   Vehicle #1 = -1, leaving at = inf
   Increment on distance indicator: 4.0
   Increment on tard indicator:     0.0
   Value of tmax indicator:         4.0

Task for patient = 116 with skills = {1,-1} and cost = 478.0
   Vehicle #0 = 13, leaving at = 912.0
   Vehicle #1 = -1, leaving at = inf
   Increment on distance indicator: 3.0
   Increment on tard indicator:     0.0
   Value of tmax indicator:         3.0

Task for patient = 16 with skills = {1,-1} and cost = 479.7
   Vehicle #0 = 13, leaving at = 968.0
   Vehicle #1 = -1, leaving at = inf
   Increment on distance indicator: 5.0
   Increment on tard indicator:     0.0
   Value of tmax indicator:         5.0

Task for patient = 162 with skills = {0,3} and cost = 495.7
   Vehicle #0 = 7, leaving at = 808.0
   Vehicle #1 = 22, leaving at = 833.0
   Increment on distance indicator: 48.0
   Increment on tard indicator:     0.0
   Value of tmax indicator:         48.0

Task for patient = 29 with skills = {1,-1} and cost = 498.0
   Vehicle #0 = 0, leaving at = 760.0
   Vehicle #1 = -1, leaving at = inf
   Increment on distance indicator: 7.0
   Increment on tard indicator:     0.0
   Value of tmax indicator:         7.0

Task for patient = 82 with skills = {5,-1} and cost = 500.7
   Vehicle #0 = 25, leaving at = 741.0
   Vehicle #1 = -1, leaving at = inf
   Increment on distance indicator: 8.0
   Increment on tard indicator:     0.0
   Value of tmax indicator:         8.0

Task for patient = 189 with skills = {1,-1} and cost = 501.7
   Vehicle #0 = 15, leaving at = 816.0
   Vehicle #1 = -1, leaving at = inf
   Increment on distance indicator: 3.0
   Increment on tard indicator:     0.0
   Value of tmax indicator:         3.0

Task for patient = 66 with skills = {3,-1} and cost = 503.0
   Vehicle #0 = 22, leaving at = 940.0
   Vehicle #1 = -1, leaving at = inf
   Increment on distance indicator: 4.0
   Increment on tard indicator:     0.0
   Value of tmax indicator:         4.0

Task for patient = 39 with skills = {5,-1} and cost = 508.7
   Vehicle #0 = 38, leaving at = 894.0
   Vehicle #1 = -1, leaving at = inf
   Increment on distance indicator: 17.0
   Increment on tard indicator:     0.0
   Value of tmax indicator:         17.0

Task for patient = 81 with skills = {3,-1} and cost = 509.0
   Vehicle #0 = 27, leaving at = 902.0
   Vehicle #1 = -1, leaving at = inf
   Increment on distance indicator: 1.0
   Increment on tard indicator:     0.0
   Value of tmax indicator:         1.0

Task for patient = 74 with skills = {3,-1} and cost = 465.0
   Vehicle #0 = 32, leaving at = 880.0
   Vehicle #1 = -1, leaving at = inf
   Increment on distance indicator: 5.0
   Increment on tard indicator:     0.0
   Value of tmax indicator:         5.0

Task for patient = 131 with skills = {0,-1} and cost = 668.7
   Vehicle #0 = 8, leaving at = 1001.0
   Vehicle #1 = -1, leaving at = inf
   Increment on distance indicator: 7.0
   Increment on tard indicator:     0.0
   Value of tmax indicator:         7.0

Task for patient = 102 with skills = {3,-1} and cost = 671.3
   Vehicle #0 = 32, leaving at = 976.0
   Vehicle #1 = -1, leaving at = inf
   Increment on distance indicator: 8.0
   Increment on tard indicator:     0.0
   Value of tmax indicator:         8.0

Task for patient = 130 with skills = {0,-1} and cost = 673.7
   Vehicle #0 = 4, leaving at = 1024.0
   Vehicle #1 = -1, leaving at = inf
   Increment on distance indicator: 7.0
   Increment on tard indicator:     0.0
   Value of tmax indicator:         7.0

Task for patient = 72 with skills = {2,3} and cost = 677.0
   Vehicle #0 = 13, leaving at = 991.0
   Vehicle #1 = 36, leaving at = 1012.0
   Increment on distance indicator: 10.0
   Increment on tard indicator:     0.0
   Value of tmax indicator:         10.0

Task for patient = 137 with skills = {0,-1} and cost = 679.0
   Vehicle #0 = 16, leaving at = 904.0
   Vehicle #1 = -1, leaving at = inf
   Increment on distance indicator: 6.0
   Increment on tard indicator:     0.0
   Value of tmax indicator:         6.0

Task for patient = 51 with skills = {1,4} and cost = 682.0
   Vehicle #0 = 16, leaving at = 1039.0
   Vehicle #1 = 36, leaving at = 1072.0
   Increment on distance indicator: 9.0
   Increment on tard indicator:     0.0
   Value of tmax indicator:         9.0

Task for patient = 168 with skills = {1,-1} and cost = 682.3
   Vehicle #0 = 11, leaving at = 973.0
   Vehicle #1 = -1, leaving at = inf
   Increment on distance indicator: 1.0
   Increment on tard indicator:     0.0
   Value of tmax indicator:         1.0

Task for patient = 132 with skills = {4,-1} and cost = 685.0
   Vehicle #0 = 33, leaving at = 877.0
   Vehicle #1 = -1, leaving at = inf
   Increment on distance indicator: 8.0
   Increment on tard indicator:     0.0
   Value of tmax indicator:         8.0

Task for patient = 92 with skills = {1,4} and cost = 688.3
   Vehicle #0 = 17, leaving at = 949.0
   Vehicle #1 = 21, leaving at = 980.0
   Increment on distance indicator: 10.0
   Increment on tard indicator:     0.0
   Value of tmax indicator:         10.0

Task for patient = 45 with skills = {0,-1} and cost = 688.7
   Vehicle #0 = 13, leaving at = 1047.0
   Vehicle #1 = -1, leaving at = inf
   Increment on distance indicator: 1.0
   Increment on tard indicator:     0.0
   Value of tmax indicator:         1.0

Task for patient = 173 with skills = {1,4} and cost = 693.3
   Vehicle #0 = 11, leaving at = 1028.0
   Vehicle #1 = 30, leaving at = 1033.0
   Increment on distance indicator: 14.0
   Increment on tard indicator:     0.0
   Value of tmax indicator:         14.0

Task for patient = 165 with skills = {5,-1} and cost = 433.3
   Vehicle #0 = 36, leaving at = 863.0
   Vehicle #1 = -1, leaving at = inf
   Increment on distance indicator: 8.0
   Increment on tard indicator:     0.0
   Value of tmax indicator:         8.0

Task for patient = 52 with skills = {1,3} and cost = 704.7
   Vehicle #0 = 7, leaving at = 960.0
   Vehicle #1 = 22, leaving at = 977.0
   Increment on distance indicator: 25.0
   Increment on tard indicator:     0.0
   Value of tmax indicator:         25.0

Task for patient = 152 with skills = {0,-1} and cost = 708.0
   Vehicle #0 = 9, leaving at = 1037.0
   Vehicle #1 = -1, leaving at = inf
   Increment on distance indicator: 10.0
   Increment on tard indicator:     0.0
   Value of tmax indicator:         10.0

Task for patient = 22 with skills = {0,-1} and cost = 709.3
   Vehicle #0 = 5, leaving at = 1115.0
   Vehicle #1 = -1, leaving at = inf
   Increment on distance indicator: 4.0
   Increment on tard indicator:     0.0
   Value of tmax indicator:         4.0

Task for patient = 193 with skills = {0,-1} and cost = 711.7
   Vehicle #0 = 10, leaving at = 953.0
   Vehicle #1 = -1, leaving at = inf
   Increment on distance indicator: 7.0
   Increment on tard indicator:     0.0
   Value of tmax indicator:         7.0

Task for patient = 88 with skills = {1,-1} and cost = 713.0
   Vehicle #0 = 3, leaving at = 1051.0
   Vehicle #1 = -1, leaving at = inf
   Increment on distance indicator: 4.0
   Increment on tard indicator:     0.0
   Value of tmax indicator:         4.0

Task for patient = 42 with skills = {3,-1} and cost = 715.7
   Vehicle #0 = 29, leaving at = 996.0
   Vehicle #1 = -1, leaving at = inf
   Increment on distance indicator: 8.0
   Increment on tard indicator:     0.0
   Value of tmax indicator:         8.0

Task for patient = 15 with skills = {1,-1} and cost = 717.3
   Vehicle #0 = 0, leaving at = 985.0
   Vehicle #1 = -1, leaving at = inf
   Increment on distance indicator: 5.0
   Increment on tard indicator:     0.0
   Value of tmax indicator:         5.0

Task for patient = 121 with skills = {5,-1} and cost = 718.7
   Vehicle #0 = 28, leaving at = 955.0
   Vehicle #1 = -1, leaving at = inf
   Increment on distance indicator: 4.0
   Increment on tard indicator:     0.0
   Value of tmax indicator:         4.0

Task for patient = 67 with skills = {2,4} and cost = 726.0
   Vehicle #0 = 1, leaving at = 1033.0
   Vehicle #1 = 35, leaving at = 1080.0
   Increment on distance indicator: 22.0
   Increment on tard indicator:     0.0
   Value of tmax indicator:         22.0

Task for patient = 86 with skills = {1,5} and cost = 730.7
   Vehicle #0 = 14, leaving at = 1052.0
   Vehicle #1 = 31, leaving at = 1042.0
   Increment on distance indicator: 14.0
   Increment on tard indicator:     0.0
   Value of tmax indicator:         14.0

Task for patient = 142 with skills = {4,-1} and cost = 735.3
   Vehicle #0 = 28, leaving at = 1022.0
   Vehicle #1 = -1, leaving at = inf
   Increment on distance indicator: 14.0
   Increment on tard indicator:     0.0
   Value of tmax indicator:         14.0

Task for patient = 144 with skills = {4,-1} and cost = 739.0
   Vehicle #0 = 28, leaving at = 1069.0
   Vehicle #1 = -1, leaving at = inf
   Increment on distance indicator: 11.0
   Increment on tard indicator:     0.0
   Value of tmax indicator:         11.0

Task for patient = 177 with skills = {2,4} and cost = 696.3
   Vehicle #0 = 5, leaving at = 1064.0
   Vehicle #1 = 37, leaving at = 1081.0
   Increment on distance indicator: 9.0
   Increment on tard indicator:     0.0
   Value of tmax indicator:         9.0

Task for patient = 62 with skills = {0,-1} and cost = 580.3
   Vehicle #0 = 16, leaving at = 872.0
   Vehicle #1 = -1, leaving at = inf
   Increment on distance indicator: 6.0
   Increment on tard indicator:     0.0
   Value of tmax indicator:         6.0

Task for patient = 122 with skills = {2,3} and cost = 582.7
   Vehicle #0 = 2, leaving at = 954.0
   Vehicle #1 = 27, leaving at = 975.0
   Increment on distance indicator: 7.0
   Increment on tard indicator:     0.0
   Value of tmax indicator:         7.0

Task for patient = 1 with skills = {0,4} and cost = 589.3
   Vehicle #0 = 10, leaving at = 888.0
   Vehicle #1 = 39, leaving at = 867.0
   Increment on distance indicator: 20.0
   Increment on tard indicator:     0.0
   Value of tmax indicator:         20.0

Task for patient = 159 with skills = {0,5} and cost = 594.0
   Vehicle #0 = 2, leaving at = 986.0
   Vehicle #1 = 27, leaving at = 1003.0
   Increment on distance indicator: 14.0
   Increment on tard indicator:     0.0
   Value of tmax indicator:         14.0

Task for patient = 32 with skills = {0,-1} and cost = 597.3
   Vehicle #0 = 12, leaving at = 788.0
   Vehicle #1 = -1, leaving at = inf
   Increment on distance indicator: 10.0
   Increment on tard indicator:     0.0
   Value of tmax indicator:         10.0

Task for patient = 12 with skills = {0,5} and cost = 606.7
   Vehicle #0 = 12, leaving at = 1000.0
   Vehicle #1 = 31, leaving at = 1021.0
   Increment on distance indicator: 28.0
   Increment on tard indicator:     0.0
   Value of tmax indicator:         28.0

Task for patient = 93 with skills = {1,-1} and cost = 608.7
   Vehicle #0 = 5, leaving at = 1012.0
   Vehicle #1 = -1, leaving at = inf
   Increment on distance indicator: 6.0
   Increment on tard indicator:     0.0
   Value of tmax indicator:         6.0

Task for patient = 135 with skills = {5,-1} and cost = 610.3
   Vehicle #0 = 27, leaving at = 1023.0
   Vehicle #1 = -1, leaving at = inf
   Increment on distance indicator: 5.0
   Increment on tard indicator:     0.0
   Value of tmax indicator:         5.0

Task for patient = 153 with skills = {2,4} and cost = 614.0
   Vehicle #0 = 1, leaving at = 1009.0
   Vehicle #1 = 20, leaving at = 1062.0
   Increment on distance indicator: 11.0
   Increment on tard indicator:     0.0
   Value of tmax indicator:         11.0

Task for patient = 169 with skills = {0,3} and cost = 617.3
   Vehicle #0 = 10, leaving at = 911.0
   Vehicle #1 = 39, leaving at = 916.0
   Increment on distance indicator: 10.0
   Increment on tard indicator:     0.0
   Value of tmax indicator:         10.0

Task for patient = 10 with skills = {1,-1} and cost = 619.7
   Vehicle #0 = 17, leaving at = 875.0
   Vehicle #1 = -1, leaving at = inf
   Increment on distance indicator: 7.0
   Increment on tard indicator:     0.0
   Value of tmax indicator:         7.0

Task for patient = 199 with skills = {2,-1} and cost = 666.3
   Vehicle #0 = 6, leaving at = 967.0
   Vehicle #1 = -1, leaving at = inf
   Increment on distance indicator: 4.0
   Increment on tard indicator:     0.0
   Value of tmax indicator:         4.0

Task for patient = 30 with skills = {5,-1} and cost = 626.0
   Vehicle #0 = 38, leaving at = 1071.0
   Vehicle #1 = -1, leaving at = inf
   Increment on distance indicator: 15.0
   Increment on tard indicator:     0.0
   Value of tmax indicator:         15.0

Task for patient = 28 with skills = {0,5} and cost = 632.0
   Vehicle #0 = 8, leaving at = 937.0
   Vehicle #1 = 24, leaving at = 916.0
   Increment on distance indicator: 18.0
   Increment on tard indicator:     0.0
   Value of tmax indicator:         18.0

Task for patient = 38 with skills = {1,-1} and cost = 633.7
   Vehicle #0 = 17, leaving at = 922.0
   Vehicle #1 = -1, leaving at = inf
   Increment on distance indicator: 5.0
   Increment on tard indicator:     0.0
   Value of tmax indicator:         5.0

Task for patient = 34 with skills = {1,5} and cost = 636.3
   Vehicle #0 = 19, leaving at = 819.0
   Vehicle #1 = 34, leaving at = 861.0
   Increment on distance indicator: 8.0
   Increment on tard indicator:     0.0
   Value of tmax indicator:         8.0

Task for patient = 71 with skills = {0,3} and cost = 641.0
   Vehicle #0 = 4, leaving at = 909.0
   Vehicle #1 = 21, leaving at = 916.0
   Increment on distance indicator: 14.0
   Increment on tard indicator:     0.0
   Value of tmax indicator:         14.0

Task for patient = 196 with skills = {2,3} and cost = 643.7
   Vehicle #0 = 18, leaving at = 970.0
   Vehicle #1 = 26, leaving at = 965.0
   Increment on distance indicator: 8.0
   Increment on tard indicator:     0.0
   Value of tmax indicator:         8.0

Task for patient = 172 with skills = {2,3} and cost = 649.3
   Vehicle #0 = 14, leaving at = 937.0
   Vehicle #1 = 32, leaving at = 908.0
   Increment on distance indicator: 17.0
   Increment on tard indicator:     0.0
   Value of tmax indicator:         17.0

Task for patient = 134 with skills = {0,5} and cost = 653.0
   Vehicle #0 = 4, leaving at = 960.0
   Vehicle #1 = 25, leaving at = 934.0
   Increment on distance indicator: 11.0
   Increment on tard indicator:     0.0
   Value of tmax indicator:         11.0

Task for patient = 170 with skills = {3,-1} and cost = 656.0
   Vehicle #0 = 32, leaving at = 952.0
   Vehicle #1 = -1, leaving at = inf
   Increment on distance indicator: 9.0
   Increment on tard indicator:     0.0
   Value of tmax indicator:         9.0

Task for patient = 171 with skills = {1,3} and cost = 658.7
   Vehicle #0 = 0, leaving at = 949.0
   Vehicle #1 = 29, leaving at = 952.0
   Increment on distance indicator: 8.0
   Increment on tard indicator:     0.0
   Value of tmax indicator:         8.0

Task for patient = 140 with skills = {1,-1} and cost = 660.7
   Vehicle #0 = 11, leaving at = 882.0
   Vehicle #1 = -1, leaving at = inf
   Increment on distance indicator: 6.0
   Increment on tard indicator:     0.0
   Value of tmax indicator:         6.0

Task for patient = 77 with skills = {2,4} and cost = 665.0
   Vehicle #0 = 15, leaving at = 950.0
   Vehicle #1 = 30, leaving at = 991.0
   Increment on distance indicator: 13.0
   Increment on tard indicator:     0.0
   Value of tmax indicator:         13.0

Task for patient = 100 with skills = {5,-1} and cost = 621.0
   Vehicle #0 = 27, leaving at = 1056.0
   Vehicle #1 = -1, leaving at = inf
   Increment on distance indicator: 4.0
   Increment on tard indicator:     0.0
   Value of tmax indicator:         4.0

Task for patient = 41 with skills = {2,4} and cost = 158.0
   Vehicle #0 = 6, leaving at = 670.0
   Vehicle #1 = 28, leaving at = 679.0
   Increment on distance indicator: 46.0
   Increment on tard indicator:     0.0
   Value of tmax indicator:         46.0

Task for patient = 69 with skills = {0,-1} and cost = 162.7
   Vehicle #0 = 4, leaving at = 656.0
   Vehicle #1 = -1, leaving at = inf
   Increment on distance indicator: 14.0
   Increment on tard indicator:     0.0
   Value of tmax indicator:         14.0

Task for patient = 146 with skills = {1,5} and cost = 169.0
   Vehicle #0 = 3, leaving at = 752.0
   Vehicle #1 = 31, leaving at = 774.0
   Increment on distance indicator: 19.0
   Increment on tard indicator:     0.0
   Value of tmax indicator:         19.0

Task for patient = 158 with skills = {0,-1} and cost = 170.3
   Vehicle #0 = 4, leaving at = 690.0
   Vehicle #1 = -1, leaving at = inf
   Increment on distance indicator: 4.0
   Increment on tard indicator:     0.0
   Value of tmax indicator:         4.0

Task for patient = 27 with skills = {2,3} and cost = 179.0
   Vehicle #0 = 9, leaving at = 702.0
   Vehicle #1 = 24, leaving at = 699.0
   Increment on distance indicator: 26.0
   Increment on tard indicator:     0.0
   Value of tmax indicator:         26.0

Task for patient = 65 with skills = {1,-1} and cost = 179.3
   Vehicle #0 = 5, leaving at = 699.0
   Vehicle #1 = -1, leaving at = inf
   Increment on distance indicator: 1.0
   Increment on tard indicator:     0.0
   Value of tmax indicator:         1.0

Task for patient = 163 with skills = {2,-1} and cost = 185.3
   Vehicle #0 = 11, leaving at = 585.0
   Vehicle #1 = -1, leaving at = inf
   Increment on distance indicator: 18.0
   Increment on tard indicator:     0.0
   Value of tmax indicator:         18.0

Task for patient = 49 with skills = {4,-1} and cost = 194.7
   Vehicle #0 = 29, leaving at = 538.0
   Vehicle #1 = -1, leaving at = inf
   Increment on distance indicator: 28.0
   Increment on tard indicator:     0.0
   Value of tmax indicator:         28.0

Task for patient = 31 with skills = {2,-1} and cost = 198.0
   Vehicle #0 = 6, leaving at = 714.0
   Vehicle #1 = -1, leaving at = inf
   Increment on distance indicator: 10.0
   Increment on tard indicator:     0.0
   Value of tmax indicator:         10.0

Task for patient = 113 with skills = {2,-1} and cost = 201.0
   Vehicle #0 = 1, leaving at = 738.0
   Vehicle #1 = -1, leaving at = inf
   Increment on distance indicator: 9.0
   Increment on tard indicator:     0.0
   Value of tmax indicator:         9.0

Task for patient = 148 with skills = {0,-1} and cost = 202.3
   Vehicle #0 = 5, leaving at = 750.0
   Vehicle #1 = -1, leaving at = inf
   Increment on distance indicator: 4.0
   Increment on tard indicator:     0.0
   Value of tmax indicator:         4.0

Task for patient = 54 with skills = {4,-1} and cost = 430.7
   Vehicle #0 = 36, leaving at = 809.0
   Vehicle #1 = -1, leaving at = inf
   Increment on distance indicator: 10.0
   Increment on tard indicator:     0.0
   Value of tmax indicator:         10.0

Task for patient = 112 with skills = {1,-1} and cost = 205.0
   Vehicle #0 = 0, leaving at = 659.0
   Vehicle #1 = -1, leaving at = inf
   Increment on distance indicator: 5.0
   Increment on tard indicator:     0.0
   Value of tmax indicator:         5.0

Task for patient = 37 with skills = {0,-1} and cost = 206.0
   Vehicle #0 = 11, leaving at = 623.0
   Vehicle #1 = -1, leaving at = inf
   Increment on distance indicator: 3.0
   Increment on tard indicator:     0.0
   Value of tmax indicator:         3.0

Task for patient = 108 with skills = {2,-1} and cost = 208.3
   Vehicle #0 = 6, leaving at = 779.0
   Vehicle #1 = -1, leaving at = inf
   Increment on distance indicator: 7.0
   Increment on tard indicator:     0.0
   Value of tmax indicator:         7.0

Task for patient = 186 with skills = {1,3} and cost = 217.3
   Vehicle #0 = 11, leaving at = 688.0
   Vehicle #1 = 32, leaving at = 710.0
   Increment on distance indicator: 27.0
   Increment on tard indicator:     0.0
   Value of tmax indicator:         27.0

Task for patient = 154 with skills = {4,-1} and cost = 223.3
   Vehicle #0 = 30, leaving at = 589.0
   Vehicle #1 = -1, leaving at = inf
   Increment on distance indicator: 18.0
   Increment on tard indicator:     0.0
   Value of tmax indicator:         18.0

Task for patient = 13 with skills = {5,-1} and cost = 225.3
   Vehicle #0 = 24, leaving at = 812.0
   Vehicle #1 = -1, leaving at = inf
   Increment on distance indicator: 6.0
   Increment on tard indicator:     0.0
   Value of tmax indicator:         6.0

Task for patient = 68 with skills = {4,-1} and cost = 229.0
   Vehicle #0 = 30, leaving at = 654.0
   Vehicle #1 = -1, leaving at = inf
   Increment on distance indicator: 11.0
   Increment on tard indicator:     0.0
   Value of tmax indicator:         11.0

Task for patient = 175 with skills = {0,-1} and cost = 230.0
   Vehicle #0 = 5, leaving at = 773.0
   Vehicle #1 = -1, leaving at = inf
   Increment on distance indicator: 3.0
   Increment on tard indicator:     0.0
   Value of tmax indicator:         3.0

Task for patient = 8 with skills = {2,5} and cost = 236.0
   Vehicle #0 = 9, leaving at = 771.0
   Vehicle #1 = 31, leaving at = 810.0
   Increment on distance indicator: 18.0
   Increment on tard indicator:     0.0
   Value of tmax indicator:         18.0

Task for patient = 33 with skills = {3,-1} and cost = 241.3
   Vehicle #0 = 35, leaving at = 558.0
   Vehicle #1 = -1, leaving at = inf
   Increment on distance indicator: 16.0
   Increment on tard indicator:     0.0
   Value of tmax indicator:         16.0

Task for patient = 119 with skills = {2,-1} and cost = 249.0
   Vehicle #0 = 13, leaving at = 592.0
   Vehicle #1 = -1, leaving at = inf
   Increment on distance indicator: 23.0
   Increment on tard indicator:     0.0
   Value of tmax indicator:         23.0

Task for patient = 117 with skills = {3,-1} and cost = 255.0
   Vehicle #0 = 29, leaving at = 612.0
   Vehicle #1 = -1, leaving at = inf
   Increment on distance indicator: 18.0
   Increment on tard indicator:     0.0
   Value of tmax indicator:         18.0

Task for patient = 11 with skills = {3,-1} and cost = 203.3
   Vehicle #0 = 27, leaving at = 855.0
   Vehicle #1 = -1, leaving at = inf
   Increment on distance indicator: 3.0
   Increment on tard indicator:     0.0
   Value of tmax indicator:         3.0

Task for patient = 5 with skills = {1,-1} and cost = 10.3
   Vehicle #0 = 0, leaving at = 619.0
   Vehicle #1 = -1, leaving at = inf
   Increment on distance indicator: 31.0
   Increment on tard indicator:     0.0
   Value of tmax indicator:         31.0

Task for patient = 23 with skills = {3,-1} and cost = 18.0
   Vehicle #0 = 21, leaving at = 587.0
   Vehicle #1 = -1, leaving at = inf
   Increment on distance indicator: 23.0
   Increment on tard indicator:     0.0
   Value of tmax indicator:         23.0

Task for patient = 181 with skills = {2,3} and cost = 28.7
   Vehicle #0 = 1, leaving at = 668.0
   Vehicle #1 = 22, leaving at = 696.0
   Increment on distance indicator: 32.0
   Increment on tard indicator:     0.0
   Value of tmax indicator:         32.0

Task for patient = 55 with skills = {2,4} and cost = 38.0
   Vehicle #0 = 2, leaving at = 691.0
   Vehicle #1 = 21, leaving at = 717.0
   Increment on distance indicator: 28.0
   Increment on tard indicator:     0.0
   Value of tmax indicator:         28.0

Task for patient = 44 with skills = {4,-1} and cost = 44.3
   Vehicle #0 = 20, leaving at = 710.0
   Vehicle #1 = -1, leaving at = inf
   Increment on distance indicator: 19.0
   Increment on tard indicator:     0.0
   Value of tmax indicator:         19.0

Task for patient = 192 with skills = {2,3} and cost = 56.3
   Vehicle #0 = 5, leaving at = 566.0
   Vehicle #1 = 23, leaving at = 601.0
   Increment on distance indicator: 36.0
   Increment on tard indicator:     0.0
   Value of tmax indicator:         36.0

Task for patient = 103 with skills = {0,-1} and cost = 62.0
   Vehicle #0 = 3, leaving at = 583.0
   Vehicle #1 = -1, leaving at = inf
   Increment on distance indicator: 17.0
   Increment on tard indicator:     0.0
   Value of tmax indicator:         17.0

Task for patient = 26 with skills = {0,-1} and cost = 63.0
   Vehicle #0 = 5, leaving at = 585.0
   Vehicle #1 = -1, leaving at = inf
   Increment on distance indicator: 3.0
   Increment on tard indicator:     0.0
   Value of tmax indicator:         3.0

Task for patient = 101 with skills = {2,-1} and cost = 66.3
   Vehicle #0 = 2, leaving at = 750.0
   Vehicle #1 = -1, leaving at = inf
   Increment on distance indicator: 10.0
   Increment on tard indicator:     0.0
   Value of tmax indicator:         10.0

Task for patient = 14 with skills = {3,-1} and cost = 70.0
   Vehicle #0 = 22, leaving at = 765.0
   Vehicle #1 = -1, leaving at = inf
   Increment on distance indicator: 11.0
   Increment on tard indicator:     0.0
   Value of tmax indicator:         11.0

Task for patient = 3 with skills = {0,-1} and cost = 73.3
   Vehicle #0 = 3, leaving at = 642.0
   Vehicle #1 = -1, leaving at = inf
   Increment on distance indicator: 10.0
   Increment on tard indicator:     0.0
   Value of tmax indicator:         10.0

Task for patient = 160 with skills = {2,-1} and cost = 142.7
   Vehicle #0 = 1, leaving at = 694.0
   Vehicle #1 = -1, leaving at = inf
   Increment on distance indicator: 4.0
   Increment on tard indicator:     0.0
   Value of tmax indicator:         4.0

Task for patient = 125 with skills = {0,-1} and cost = 85.3
   Vehicle #0 = 4, leaving at = 582.0
   Vehicle #1 = -1, leaving at = inf
   Increment on distance indicator: 9.0
   Increment on tard indicator:     0.0
   Value of tmax indicator:         9.0

Task for patient = 7 with skills = {2,5} and cost = 96.0
   Vehicle #0 = 6, leaving at = 562.0
   Vehicle #1 = 24, leaving at = 562.0
   Increment on distance indicator: 32.0
   Increment on tard indicator:     0.0
   Value of tmax indicator:         32.0

Task for patient = 21 with skills = {0,4} and cost = 101.0
   Vehicle #0 = 3, leaving at = 703.0
   Vehicle #1 = 27, leaving at = 714.0
   Increment on distance indicator: 15.0
   Increment on tard indicator:     0.0
   Value of tmax indicator:         15.0

Task for patient = 95 with skills = {4,-1} and cost = 103.7
   Vehicle #0 = 21, leaving at = 763.0
   Vehicle #1 = -1, leaving at = inf
   Increment on distance indicator: 8.0
   Increment on tard indicator:     0.0
   Value of tmax indicator:         8.0

Task for patient = 166 with skills = {4,-1} and cost = 106.7
   Vehicle #0 = 21, leaving at = 797.0
   Vehicle #1 = -1, leaving at = inf
   Increment on distance indicator: 9.0
   Increment on tard indicator:     0.0
   Value of tmax indicator:         9.0

Task for patient = 18 with skills = {1,3} and cost = 112.0
   Vehicle #0 = 7, leaving at = 706.0
   Vehicle #1 = 26, leaving at = 725.0
   Increment on distance indicator: 16.0
   Increment on tard indicator:     0.0
   Value of tmax indicator:         16.0

Task for patient = 136 with skills = {1,3} and cost = 116.7
   Vehicle #0 = 6, leaving at = 593.0
   Vehicle #1 = 24, leaving at = 596.0
   Increment on distance indicator: 14.0
   Increment on tard indicator:     0.0
   Value of tmax indicator:         14.0

Task for patient = 120 with skills = {4,-1} and cost = 118.0
   Vehicle #0 = 20, leaving at = 735.0
   Vehicle #1 = -1, leaving at = inf
   Increment on distance indicator: 4.0
   Increment on tard indicator:     0.0
   Value of tmax indicator:         4.0

Task for patient = 197 with skills = {2,4} and cost = 128.7
   Vehicle #0 = 2, leaving at = 774.0
   Vehicle #1 = 27, leaving at = 826.0
   Increment on distance indicator: 32.0
   Increment on tard indicator:     0.0
   Value of tmax indicator:         32.0

Task for patient = 94 with skills = {1,-1} and cost = 131.7
   Vehicle #0 = 5, leaving at = 618.0
   Vehicle #1 = -1, leaving at = inf
   Increment on distance indicator: 9.0
   Increment on tard indicator:     0.0
   Value of tmax indicator:         9.0

Task for patient = 183 with skills = {2,3} and cost = 133.0
   Vehicle #0 = 6, leaving at = 620.0
   Vehicle #1 = 24, leaving at = 666.0
   Increment on distance indicator: 4.0
   Increment on tard indicator:     0.0
   Value of tmax indicator:         4.0

Task for patient = 187 with skills = {5,-1} and cost = 141.3
   Vehicle #0 = 25, leaving at = 531.0
   Vehicle #1 = -1, leaving at = inf
   Increment on distance indicator: 25.0
   Increment on tard indicator:     0.0
   Value of tmax indicator:         25.0

Task for patient = 99 with skills = {1,-1} and cost = 82.3
   Vehicle #0 = 4, leaving at = 544.0
   Vehicle #1 = -1, leaving at = inf
   Increment on distance indicator: 27.0
   Increment on tard indicator:     0.0
   Value of tmax indicator:         27.0

Task for patient = 184 with skills = {1,-1} and cost = 344.3
   Vehicle #0 = 15, leaving at = 689.0
   Vehicle #1 = -1, leaving at = inf
   Increment on distance indicator: 15.0
   Increment on tard indicator:     0.0
   Value of tmax indicator:         15.0

Task for patient = 57 with skills = {3,-1} and cost = 348.7
   Vehicle #0 = 36, leaving at = 712.0
   Vehicle #1 = -1, leaving at = inf
   Increment on distance indicator: 13.0
   Increment on tard indicator:     0.0
   Value of tmax indicator:         13.0

Task for patient = 129 with skills = {2,-1} and cost = 354.0
   Vehicle #0 = 13, leaving at = 696.0
   Vehicle #1 = -1, leaving at = inf
   Increment on distance indicator: 16.0
   Increment on tard indicator:     0.0
   Value of tmax indicator:         16.0

Task for patient = 91 with skills = {2,3} and cost = 360.0
   Vehicle #0 = 13, leaving at = 754.0
   Vehicle #1 = 36, leaving at = 762.0
   Increment on distance indicator: 18.0
   Increment on tard indicator:     0.0
   Value of tmax indicator:         18.0

Task for patient = 83 with skills = {1,4} and cost = 363.3
   Vehicle #0 = 3, leaving at = 867.0
   Vehicle #1 = 35, leaving at = 909.0
   Increment on distance indicator: 10.0
   Increment on tard indicator:     0.0
   Value of tmax indicator:         10.0

Task for patient = 70 with skills = {4,-1} and cost = 365.3
   Vehicle #0 = 33, leaving at = 676.0
   Vehicle #1 = -1, leaving at = inf
   Increment on distance indicator: 6.0
   Increment on tard indicator:     0.0
   Value of tmax indicator:         6.0

Task for patient = 123 with skills = {2,-1} and cost = 368.7
   Vehicle #0 = 13, leaving at = 804.0
   Vehicle #1 = -1, leaving at = inf
   Increment on distance indicator: 10.0
   Increment on tard indicator:     0.0
   Value of tmax indicator:         10.0

Task for patient = 96 with skills = {4,-1} and cost = 371.0
   Vehicle #0 = 28, leaving at = 864.0
   Vehicle #1 = -1, leaving at = inf
   Increment on distance indicator: 7.0
   Increment on tard indicator:     0.0
   Value of tmax indicator:         7.0

Task for patient = 188 with skills = {0,-1} and cost = 373.3
   Vehicle #0 = 4, leaving at = 722.0
   Vehicle #1 = -1, leaving at = inf
   Increment on distance indicator: 7.0
   Increment on tard indicator:     0.0
   Value of tmax indicator:         7.0

Task for patient = 180 with skills = {5,-1} and cost = 374.7
   Vehicle #0 = 25, leaving at = 710.0
   Vehicle #1 = -1, leaving at = inf
   Increment on distance indicator: 4.0
   Increment on tard indicator:     0.0
   Value of tmax indicator:         4.0

Task for patient = 195 with skills = {0,4} and cost = 380.0
   Vehicle #0 = 9, leaving at = 868.0
   Vehicle #1 = 20, leaving at = 865.0
   Increment on distance indicator: 16.0
   Increment on tard indicator:     0.0
   Value of tmax indicator:         16.0

Task for patient = 60 with skills = {3,-1} and cost = 257.7
   Vehicle #0 = 23, leaving at = 635.0
   Vehicle #1 = -1, leaving at = inf
   Increment on distance indicator: 8.0
   Increment on tard indicator:     0.0
   Value of tmax indicator:         8.0

Task for patient = 124 with skills = {1,-1} and cost = 389.3
   Vehicle #0 = 16, leaving at = 678.0
   Vehicle #1 = -1, leaving at = inf
   Increment on distance indicator: 12.0
   Increment on tard indicator:     0.0
   Value of tmax indicator:         12.0

Task for patient = 76 with skills = {2,-1} and cost = 390.3
   Vehicle #0 = 5, leaving at = 837.0
   Vehicle #1 = -1, leaving at = inf
   Increment on distance indicator: 3.0
   Increment on tard indicator:     0.0
   Value of tmax indicator:         3.0

Task for patient = 157 with skills = {2,-1} and cost = 391.0
   Vehicle #0 = 14, leaving at = 790.0
   Vehicle #1 = -1, leaving at = inf
   Increment on distance indicator: 2.0
   Increment on tard indicator:     0.0
   Value of tmax indicator:         2.0

Task for patient = 155 with skills = {4,-1} and cost = 391.3
   Vehicle #0 = 30, leaving at = 762.0
   Vehicle #1 = -1, leaving at = inf
   Increment on distance indicator: 1.0
   Increment on tard indicator:     0.0
   Value of tmax indicator:         1.0

Task for patient = 40 with skills = {1,-1} and cost = 401.7
   Vehicle #0 = 17, leaving at = 576.0
   Vehicle #1 = -1, leaving at = inf
   Increment on distance indicator: 31.0
   Increment on tard indicator:     0.0
   Value of tmax indicator:         31.0

Task for patient = 73 with skills = {0,3} and cost = 409.0
   Vehicle #0 = 7, leaving at = 754.0
   Vehicle #1 = 26, leaving at = 794.0
   Increment on distance indicator: 22.0
   Increment on tard indicator:     0.0
   Value of tmax indicator:         22.0

Task for patient = 161 with skills = {2,4} and cost = 419.0
   Vehicle #0 = 1, leaving at = 838.0
   Vehicle #1 = 37, leaving at = 837.0
   Increment on distance indicator: 30.0
   Increment on tard indicator:     0.0
   Value of tmax indicator:         30.0

Task for patient = 56 with skills = {5,-1} and cost = 421.0
   Vehicle #0 = 23, leaving at = 711.0
   Vehicle #1 = -1, leaving at = inf
   Increment on distance indicator: 6.0
   Increment on tard indicator:     0.0
   Value of tmax indicator:         6.0

Task for patient = 61 with skills = {1,-1} and cost = 421.7
   Vehicle #0 = 16, leaving at = 730.0
   Vehicle #1 = -1, leaving at = inf
   Increment on distance indicator: 2.0
   Increment on tard indicator:     0.0
   Value of tmax indicator:         2.0

Task for patient = 46 with skills = {2,-1} and cost = 422.7
   Vehicle #0 = 1, leaving at = 874.0
   Vehicle #1 = -1, leaving at = inf
   Increment on distance indicator: 3.0
   Increment on tard indicator:     0.0
   Value of tmax indicator:         3.0

Task for patient = 110 with skills = {4,-1} and cost = 426.0
   Vehicle #0 = 20, leaving at = 939.0
   Vehicle #1 = -1, leaving at = inf
   Increment on distance indicator: 10.0
   Increment on tard indicator:     0.0
   Value of tmax indicator:         10.0

Task for patient = 174 with skills = {1,-1} and cost = 427.3
   Vehicle #0 = 11, leaving at = 770.0
   Vehicle #1 = -1, leaving at = inf
   Increment on distance indicator: 4.0
   Increment on tard indicator:     0.0
   Value of tmax indicator:         4.0

Task for patient = 143 with skills = {1,3} and cost = 385.3
   Vehicle #0 = 4, leaving at = 790.0
   Vehicle #1 = 29, leaving at = 768.0
   Increment on distance indicator: 16.0
   Increment on tard indicator:     0.0
   Value of tmax indicator:         16.0

Task for patient = 167 with skills = {1,-1} and cost = 262.0
   Vehicle #0 = 14, leaving at = 556.0
   Vehicle #1 = -1, leaving at = inf
   Increment on distance indicator: 13.0
   Increment on tard indicator:     0.0
   Value of tmax indicator:         13.0

Task for patient = 85 with skills = {2,-1} and cost = 262.7
   Vehicle #0 = 14, leaving at = 624.0
   Vehicle #1 = -1, leaving at = inf
   Increment on distance indicator: 2.0
   Increment on tard indicator:     0.0
   Value of tmax indicator:         2.0

Task for patient = 151 with skills = {0,4} and cost = 265.7
   Vehicle #0 = 14, leaving at = 709.0
   Vehicle #1 = 35, leaving at = 685.0
   Increment on distance indicator: 9.0
   Increment on tard indicator:     0.0
   Value of tmax indicator:         9.0

Task for patient = 138 with skills = {2,-1} and cost = 268.0
   Vehicle #0 = 11, leaving at = 746.0
   Vehicle #1 = -1, leaving at = inf
   Increment on distance indicator: 7.0
   Increment on tard indicator:     0.0
   Value of tmax indicator:         7.0

Task for patient = 198 with skills = {3,-1} and cost = 273.7
   Vehicle #0 = 36, leaving at = 571.0
   Vehicle #1 = -1, leaving at = inf
   Increment on distance indicator: 17.0
   Increment on tard indicator:     0.0
   Value of tmax indicator:         17.0

Task for patient = 36 with skills = {3,-1} and cost = 275.0
   Vehicle #0 = 36, leaving at = 644.0
   Vehicle #1 = -1, leaving at = inf
   Increment on distance indicator: 4.0
   Increment on tard indicator:     0.0
   Value of tmax indicator:         4.0

Task for patient = 53 with skills = {5,-1} and cost = 281.3
   Vehicle #0 = 23, leaving at = 686.0
   Vehicle #1 = -1, leaving at = inf
   Increment on distance indicator: 19.0
   Increment on tard indicator:     0.0
   Value of tmax indicator:         19.0

Task for patient = 24 with skills = {2,-1} and cost = 283.3
   Vehicle #0 = 15, leaving at = 654.0
   Vehicle #1 = -1, leaving at = inf
   Increment on distance indicator: 6.0
   Increment on tard indicator:     0.0
   Value of tmax indicator:         6.0

Task for patient = 190 with skills = {0,5} and cost = 291.3
   Vehicle #0 = 13, leaving at = 621.0
   Vehicle #1 = 25, leaving at = 642.0
   Increment on distance indicator: 24.0
   Increment on tard indicator:     0.0
   Value of tmax indicator:         24.0

Task for patient = 194 with skills = {2,4} and cost = 297.7
   Vehicle #0 = 1, leaving at = 795.0
   Vehicle #1 = 20, leaving at = 790.0
   Increment on distance indicator: 19.0
   Increment on tard indicator:     0.0
   Value of tmax indicator:         19.0

Task for patient = 126 with skills = {5,-1} and cost = 301.7
   Vehicle #0 = 25, leaving at = 682.0
   Vehicle #1 = -1, leaving at = inf
   Increment on distance indicator: 12.0
   Increment on tard indicator:     0.0
   Value of tmax indicator:         12.0

Task for patient = 2 with skills = {2,-1} and cost = 339.3
   Vehicle #0 = 16, leaving at = 629.0
   Vehicle #1 = -1, leaving at = inf
   Increment on distance indicator: 8.0
   Increment on tard indicator:     0.0
   Value of tmax indicator:         8.0

Task for patient = 80 with skills = {5,-1} and cost = 308.0
   Vehicle #0 = 34, leaving at = 608.0
   Vehicle #1 = -1, leaving at = inf
   Increment on distance indicator: 8.0
   Increment on tard indicator:     0.0
   Value of tmax indicator:         8.0

Task for patient = 133 with skills = {0,-1} and cost = 310.0
   Vehicle #0 = 6, leaving at = 823.0
   Vehicle #1 = -1, leaving at = inf
   Increment on distance indicator: 6.0
   Increment on tard indicator:     0.0
   Value of tmax indicator:         6.0

Task for patient = 185 with skills = {2,-1} and cost = 312.3
   Vehicle #0 = 14, leaving at = 756.0
   Vehicle #1 = -1, leaving at = inf
   Increment on distance indicator: 7.0
   Increment on tard indicator:     0.0
   Value of tmax indicator:         7.0

Task for patient = 104 with skills = {0,4} and cost = 316.3
   Vehicle #0 = 3, leaving at = 837.0
   Vehicle #1 = 35, leaving at = 803.0
   Increment on distance indicator: 12.0
   Increment on tard indicator:     0.0
   Value of tmax indicator:         12.0

Task for patient = 25 with skills = {4,-1} and cost = 317.7
   Vehicle #0 = 28, leaving at = 712.0
   Vehicle #1 = -1, leaving at = inf
   Increment on distance indicator: 4.0
   Increment on tard indicator:     0.0
   Value of tmax indicator:         4.0

Task for patient = 97 with skills = {1,-1} and cost = 323.0
   Vehicle #0 = 16, leaving at = 577.0
   Vehicle #1 = -1, leaving at = inf
   Increment on distance indicator: 16.0
   Increment on tard indicator:     0.0
   Value of tmax indicator:         16.0

Task for patient = 9 with skills = {5,-1} and cost = 325.3
   Vehicle #0 = 28, leaving at = 744.0
   Vehicle #1 = -1, leaving at = inf
   Increment on distance indicator: 7.0
   Increment on tard indicator:     0.0
   Value of tmax indicator:         7.0

Task for patient = 63 with skills = {0,-1} and cost = 331.7
   Vehicle #0 = 9, leaving at = 809.0
   Vehicle #1 = -1, leaving at = inf
   Increment on distance indicator: 19.0
   Increment on tard indicator:     0.0
   Value of tmax indicator:         19.0

Task for patient = 105 with skills = {4,-1} and cost = 333.0
   Vehicle #0 = 29, leaving at = 667.0
   Vehicle #1 = -1, leaving at = inf
   Increment on distance indicator: 4.0
   Increment on tard indicator:     0.0
   Value of tmax indicator:         4.0

Task for patient = 179 with skills = {1,4} and cost = 334.3
   Vehicle #0 = 0, leaving at = 688.0
   Vehicle #1 = 29, leaving at = 720.0
   Increment on distance indicator: 4.0
   Increment on tard indicator:     0.0
   Value of tmax indicator:         4.0

Task for patient = 4 with skills = {0,5} and cost = 335.7
   Vehicle #0 = 2, leaving at = 802.0
   Vehicle #1 = 28, leaving at = 807.0
   Increment on distance indicator: 4.0
   Increment on tard indicator:     0.0
   Value of tmax indicator:         4.0

Task for patient = 114 with skills = {2,-1} and cost = 336.7
   Vehicle #0 = 2, leaving at = 859.0
   Vehicle #1 = -1, leaving at = inf
   Increment on distance indicator: 3.0
   Increment on tard indicator:     0.0
   Value of tmax indicator:         3.0

Task for patient = 150 with skills = {4,-1} and cost = 305.3
   Vehicle #0 = 30, leaving at = 717.0
   Vehicle #1 = -1, leaving at = inf
   Increment on distance indicator: 11.0
   Increment on tard indicator:     0.0
   Value of tmax indicator:         11.0


Unused vehicle list: (total = 0 out of 40)

---
Search finished.
Total of 448 generations in 7.6 seconds.
Exchange elite runs: 0
Implicit path relinking runs: 4
Reset attempts: 0

Best solution found:
   Cost: 1003.7
   Total travel time: 3005.0
   Total tardiness time: 4.0
   Largest tardiness: 2.0


1003.7
