--- BRKGA-MP-IPR for HHCRSP ---
Instance: new-instances/HHCRSP_200_40_36_1.0_R_R.txt
Seed: 1

Reading data... Problem contains 200 patients  and 40 caregivers.

Summary of supply x demand for each service type:
Skill 0 has supply = 15 and demand = 56, ratio = 0.267857
Skill 1 has supply = 13 and demand = 33, ratio = 0.393939
Skill 2 has supply = 10 and demand = 38, ratio = 0.263158
Skill 3 has supply = 11 and demand = 42, ratio = 0.261905
Skill 4 has supply = 16 and demand = 49, ratio = 0.326531
Skill 5 has supply = 11 and demand = 42, ratio = 0.261905

Reading parameters...
Inferred distance function by PR type: kendall-tau
Building BRKGA data and initializing...
Evolving 448 generations...

  Gens  Rem    Local   ElDiv NoImpr             Best solution            Time  Op
                                       Cost     Dist    Tard    TMax 
*    0  448  6219.00  489.44      0  6219.00  4007.00 14272.0   378.0     0.0    
*    3  445  6194.67  372.50      0  6194.67  4021.00 11373.0   430.0     0.1    
*    4  444  5274.67  372.89      0  5274.67  4081.00  9922.0   389.0     0.1    
*    5  443  4797.33  297.46      0  4797.33  4081.00  9922.0   389.0     0.1    
*    7  441  4615.00  337.85      0  4615.00  3946.00  9519.0   380.0     0.1    
*    9  439  4315.33  263.65      0  4315.33  4148.00  7604.0   339.0     0.2    
*   10  438  4030.33  246.38      0  4030.33  4021.00  7409.0   309.0     0.2    
*   11  437  3913.00  243.81      0  3913.00  4021.00  7409.0   309.0     0.2    
*   13  435  3765.67  233.19      0  3765.67  3772.00  6482.0   372.0     0.3    
*   14  434  3542.00  227.23      0  3542.00  3634.00  5335.0   342.0     0.3    
*   15  433  3103.67  233.40      0  3103.67  3634.00  5335.0   342.0     0.3    
*   17  431  3098.00  248.10      0  3098.00  3622.00  4256.0   285.0     0.3    
*   18  430  2721.00  232.22      0  2721.00  3924.00  3934.0   247.0     0.3    
*   19  429  2701.67  219.68      0  2701.67  3924.00  3934.0   247.0     0.4    
*   23  425  2513.00  140.62      0  2513.00  3823.00  3041.0   269.0     0.4    

  Gens  Rem    Local   ElDiv NoImpr             Best solution            Time  Op
                                       Cost     Dist    Tard    TMax 
*   24  424  2377.67  145.15      0  2377.67  3732.00  2346.0   255.0     0.5    
*   25  423  2111.00  137.49      0  2111.00  3732.00  2346.0   255.0     0.5    
*   27  421  1839.33  150.26      0  1839.33  3750.00  1581.0   187.0     0.5    
*   29  419  1829.67  141.16      0  1829.67  3906.00  1425.0   158.0     0.5    
*   33  415  1765.67   93.90      0  1765.67  3712.00  1131.0   116.0     0.6    
*   34  414  1653.00  105.00      0  1653.00  3532.00   777.0   187.0     0.6    
*   35  413  1498.67   94.31      0  1498.67  3532.00   777.0   187.0     0.6    
*   39  409  1485.33   78.72      0  1485.33  3529.00   603.0   123.0     0.7    
*   40  408  1418.33   79.05      0  1418.33  3464.00   633.0   105.0     0.7    
*   41  407  1400.67   69.54      0  1400.67  3464.00   633.0   105.0     0.7    
*   43  405  1379.00   56.06      0  1379.00  3557.00   498.0    82.0     0.8    
*   45  403  1319.67   59.68      0  1319.67  3508.00   219.0    82.0     0.8    
*   46  402  1269.67   57.06      0  1269.67  3508.00   219.0    82.0     0.8    
*   50  398  1267.33   39.66      0  1267.33  3530.00   225.0    47.0     0.9    
*   53  395  1253.67   32.44      0  1253.67  3548.00    65.0    18.0     0.9    
*   54  394  1210.33   32.34      0  1210.33  3377.00   193.0    47.0     1.0    

  Gens  Rem    Local   ElDiv NoImpr             Best solution            Time  Op
                                       Cost     Dist    Tard    TMax 
*   55  393  1205.67   30.70      0  1205.67  3377.00   193.0    47.0     1.0    
*   57  391  1182.67   25.16      0  1182.67  3396.00   122.0    30.0     1.0    
*   62  386  1182.33   16.40      0  1182.33  3314.00   183.0    50.0     1.1    
*   64  384  1158.67   19.10      0  1158.67  3382.00    18.0     5.0     1.2    
*   65  383  1135.00   19.61      0  1135.00  3382.00    18.0     5.0     1.2    
*   72  376  1129.00   17.59      0  1129.00  3319.00    55.0    13.0     1.3    
*   75  373  1128.00   16.90      0  1128.00  3305.00    68.0    11.0     1.3    
*   82  366  1110.33   12.23      0  1110.33  3199.00    19.0     6.0     1.5    
*   83  365  1074.67   12.39      0  1074.67  3199.00    19.0     6.0     1.5    
*   90  358  1045.67   15.04      0  1045.67  3129.00     5.0     3.0     1.6    
Path relinking result: too homogeneous.
    96  352  1045.67   11.21      7  1045.67  3129.00     5.0     3.0     1.7   P
   100  348  1045.67   10.66     10  1045.67  3129.00     5.0     3.0     1.7    
*  119  329  1043.33    9.46      0  1043.33  3045.00    44.0    14.0     2.1    
*  120  328  1034.33    8.94      0  1034.33  3045.00    44.0    14.0     2.1    
*  124  324  1030.67    9.00      0  1030.67  3066.00    15.0    11.0     2.1    
*  132  316  1017.00    8.38      0  1017.00  3020.00    24.0     7.0     2.2    

  Gens  Rem    Local   ElDiv NoImpr             Best solution            Time  Op
                                       Cost     Dist    Tard    TMax 
   150  298  1017.00    7.15     18  1017.00  3020.00    24.0     7.0     2.5    
*  151  297  1015.00    7.01      0  1015.00  3021.00    16.0     8.0     2.5    
*  156  292  1014.00    6.90      0  1014.00  3038.00     2.0     2.0     2.7    
*  158  290  1010.33    7.14      0  1010.33  3006.00    20.0     5.0     2.7    
*  160  288  1003.67    7.06      0  1003.67  2982.00    20.0     9.0     2.7    
*  173  275  1000.00    5.77      0  1000.00  2966.00    27.0     7.0     2.9    
*  175  273   999.00    6.25      0   999.00  2997.00     0.0     0.0     3.0    
*  181  267   995.67    5.78      0   995.67  2921.00    55.0    11.0     3.1    
*  183  265   982.00    7.01      0   982.00  2915.00    22.0     9.0     3.1    
*  186  262   976.00    7.60      0   976.00  2906.00    13.0     9.0     3.2    
Path relinking result: too homogeneous.
   192  256   976.00    6.54      7   976.00  2906.00    13.0     9.0     3.3   P
*  197  251   971.33    5.86      0   971.33  2892.00    13.0     9.0     3.4    
   200  248   971.33    5.07      3   971.33  2892.00    13.0     9.0     3.4    
*  204  244   959.67    5.10      0   959.67  2858.00    12.0     9.0     3.5    
*  210  238   958.33    4.56      0   958.33  2831.00    33.0    11.0     3.6    
*  212  236   957.00    4.91      0   957.00  2844.00    18.0     9.0     3.6    

  Gens  Rem    Local   ElDiv NoImpr             Best solution            Time  Op
                                       Cost     Dist    Tard    TMax 
*  217  231   954.33    4.42      0   954.33  2842.00    12.0     9.0     3.7    
*  221  227   950.67    3.85      0   950.67  2800.00    41.0    11.0     3.8    
*  224  224   948.67    3.12      0   948.67  2824.00    13.0     9.0     3.9    
*  226  222   946.67    3.41      0   946.67  2803.00    17.0     9.0     3.9    
*  227  221   943.00    3.51      0   943.00  2803.00    17.0     9.0     3.9    
*  231  217   941.00    3.27      0   941.00  2773.00    39.0    11.0     4.0    
*  234  214   939.00    3.12      0   939.00  2769.00    37.0    11.0     4.1    
*  237  211   936.33    2.96      0   936.33  2780.00    20.0     9.0     4.1    
*  239  209   935.67    2.21      0   935.67  2760.00    36.0    11.0     4.2    
*  241  207   928.00    2.43      0   928.00  2737.00    36.0    11.0     4.2    
*  245  203   927.00    2.32      0   927.00  2732.00    36.0    11.0     4.3    
*  246  202   926.33    2.57      0   926.33  2732.00    36.0    11.0     4.3    
*  249  199   925.67    1.02      0   925.67  2728.00    38.0    11.0     4.4    
   250  198   925.67    0.73      1   925.67  2728.00    38.0    11.0     4.4    
*  255  193   923.67    0.25      0   923.67  2724.00    36.0    11.0     4.5    
*  259  189   923.00    0.93      0   923.00  2720.00    38.0    11.0     4.6    

  Gens  Rem    Local   ElDiv NoImpr             Best solution            Time  Op
                                       Cost     Dist    Tard    TMax 
*  264  184   921.67    0.36      0   921.67  2716.00    38.0    11.0     4.7    
Path relinking result: too homogeneous.
   288  160   920.00    0.21      0   921.67  2716.00    38.0    11.0     5.1   P
*  289  159   920.00    0.21      0   920.00  2711.00    38.0    11.0     5.1    
   300  148   920.00    0.00     11   920.00  2711.00    38.0    11.0     5.3    
*  307  141   919.00    0.12      0   919.00  2700.00    46.0    11.0     5.5    
*  317  131   918.33    0.19      0   918.33  2698.00    46.0    11.0     5.6    
   350   98   918.33    0.00     33   918.33  2698.00    46.0    11.0     6.2    
*  352   96   918.00    0.04      0   918.00  2697.00    46.0    11.0     6.3    
Path relinking result: too homogeneous.
   384   64   918.00    0.00     33   918.00  2697.00    46.0    11.0     6.8   P
   400   48   918.00    0.00     48   918.00  2697.00    46.0    11.0     7.2    
   419   29      inf  490.98      0   918.00  2697.00    46.0    11.0     7.5   R
   420   28  6163.67  473.78      0   918.00  2697.00    46.0    11.0     7.5    
   448    0  1809.67  125.50      0   918.00  2697.00    46.0    11.0     7.9    
Evolutionary process finished.
Solution written to 'solution-12209.txt'.

Sorted sequence of worst to best tardiness value:
Task for patient = 74 with skills = {0,3} and cost = 1122.3
   Vehicle #0 = 16, leaving at = 849.0
   Vehicle #1 = 25, leaving at = 874.0
   Increment on distance indicator: 31.0
   Increment on tard indicator:     248.0
   Value of tmax indicator:         31.0

Task for patient = 69 with skills = {2,5} and cost = 903.0
   Vehicle #0 = 6, leaving at = 877.0
   Vehicle #1 = 30, leaving at = 867.0
   Increment on distance indicator: 54.0
   Increment on tard indicator:     175.0
   Value of tmax indicator:         54.0

Task for patient = 30 with skills = {5,-1} and cost = 1008.7
   Vehicle #0 = 38, leaving at = 889.0
   Vehicle #1 = -1, leaving at = inf
   Increment on distance indicator: 20.0
   Increment on tard indicator:     132.0
   Value of tmax indicator:         20.0

Task for patient = 93 with skills = {2,3} and cost = 1364.7
   Vehicle #0 = 18, leaving at = 969.0
   Vehicle #1 = 39, leaving at = 940.0
   Increment on distance indicator: 32.0
   Increment on tard indicator:     122.0
   Value of tmax indicator:         32.0

Task for patient = 49 with skills = {2,-1} and cost = 1261.3
   Vehicle #0 = 2, leaving at = 853.0
   Vehicle #1 = -1, leaving at = inf
   Increment on distance indicator: 12.0
   Increment on tard indicator:     111.0
   Value of tmax indicator:         12.0

Task for patient = 191 with skills = {3,-1} and cost = 765.0
   Vehicle #0 = 39, leaving at = 751.0
   Vehicle #1 = -1, leaving at = inf
   Increment on distance indicator: 32.0
   Increment on tard indicator:     93.0
   Value of tmax indicator:         32.0

Task for patient = 196 with skills = {2,-1} and cost = 564.7
   Vehicle #0 = 2, leaving at = 740.0
   Vehicle #1 = -1, leaving at = inf
   Increment on distance indicator: 34.0
   Increment on tard indicator:     85.0
   Value of tmax indicator:         34.0

Task for patient = 67 with skills = {3,-1} and cost = 1484.7
   Vehicle #0 = 25, leaving at = 998.0
   Vehicle #1 = -1, leaving at = inf
   Increment on distance indicator: 11.0
   Increment on tard indicator:     79.0
   Value of tmax indicator:         11.0

Task for patient = 143 with skills = {5,-1} and cost = 502.3
   Vehicle #0 = 38, leaving at = 707.0
   Vehicle #1 = -1, leaving at = inf
   Increment on distance indicator: 8.0
   Increment on tard indicator:     76.0
   Value of tmax indicator:         8.0

Task for patient = 156 with skills = {5,-1} and cost = 1216.0
   Vehicle #0 = 20, leaving at = 999.0
   Vehicle #1 = -1, leaving at = inf
   Increment on distance indicator: 12.0
   Increment on tard indicator:     70.0
   Value of tmax indicator:         12.0

Task for patient = 21 with skills = {0,-1} and cost = 1520.0
   Vehicle #0 = 19, leaving at = 844.0
   Vehicle #1 = -1, leaving at = inf
   Increment on distance indicator: 19.0
   Increment on tard indicator:     62.0
   Value of tmax indicator:         19.0

Task for patient = 113 with skills = {5,-1} and cost = 668.0
   Vehicle #0 = 23, leaving at = 799.0
   Vehicle #1 = -1, leaving at = inf
   Increment on distance indicator: 14.0
   Increment on tard indicator:     61.0
   Value of tmax indicator:         14.0

Task for patient = 76 with skills = {3,-1} and cost = 1303.7
   Vehicle #0 = 30, leaving at = 972.0
   Vehicle #1 = -1, leaving at = inf
   Increment on distance indicator: 16.0
   Increment on tard indicator:     59.0
   Value of tmax indicator:         16.0

Task for patient = 107 with skills = {2,5} and cost = 595.0
   Vehicle #0 = 9, leaving at = 799.0
   Vehicle #1 = 38, leaving at = 768.0
   Increment on distance indicator: 34.0
   Increment on tard indicator:     46.0
   Value of tmax indicator:         34.0

Task for patient = 102 with skills = {0,5} and cost = 1164.7
   Vehicle #0 = 16, leaving at = 911.0
   Vehicle #1 = 30, leaving at = 905.0
   Increment on distance indicator: 23.0
   Increment on tard indicator:     44.0
   Value of tmax indicator:         23.0

Task for patient = 125 with skills = {2,-1} and cost = 700.0
   Vehicle #0 = 2, leaving at = 803.0
   Vehicle #1 = -1, leaving at = inf
   Increment on distance indicator: 27.0
   Increment on tard indicator:     20.0
   Value of tmax indicator:         27.0

Task for patient = 181 with skills = {1,-1} and cost = 794.3
   Vehicle #0 = 13, leaving at = 720.0
   Vehicle #1 = -1, leaving at = inf
   Increment on distance indicator: 11.0
   Increment on tard indicator:     14.0
   Value of tmax indicator:         11.0

Task for patient = 83 with skills = {2,-1} and cost = 634.7
   Vehicle #0 = 9, leaving at = 867.0
   Vehicle #1 = -1, leaving at = inf
   Increment on distance indicator: 12.0
   Increment on tard indicator:     13.0
   Value of tmax indicator:         12.0

Task for patient = 111 with skills = {5,-1} and cost = 716.7
   Vehicle #0 = 23, leaving at = 863.0
   Vehicle #1 = -1, leaving at = inf
   Increment on distance indicator: 12.0
   Increment on tard indicator:     3.0
   Value of tmax indicator:         12.0

Task for patient = 59 with skills = {0,-1} and cost = 1129.0
   Vehicle #0 = 15, leaving at = 1044.0
   Vehicle #1 = -1, leaving at = inf
   Increment on distance indicator: 5.0
   Increment on tard indicator:     2.0
   Value of tmax indicator:         5.0

Task for patient = 94 with skills = {4,-1} and cost = 919.0
   Vehicle #0 = 31, leaving at = 958.0
   Vehicle #1 = -1, leaving at = inf
   Increment on distance indicator: 6.0
   Increment on tard indicator:     0.0
   Value of tmax indicator:         6.0

Task for patient = 80 with skills = {0,-1} and cost = 917.0
   Vehicle #0 = 10, leaving at = 859.0
   Vehicle #1 = -1, leaving at = inf
   Increment on distance indicator: 7.0
   Increment on tard indicator:     0.0
   Value of tmax indicator:         7.0

Task for patient = 85 with skills = {1,5} and cost = 804.0
   Vehicle #0 = 12, leaving at = 869.0
   Vehicle #1 = 35, leaving at = 896.0
   Increment on distance indicator: 12.0
   Increment on tard indicator:     0.0
   Value of tmax indicator:         12.0

Task for patient = 137 with skills = {0,-1} and cost = 806.7
   Vehicle #0 = 4, leaving at = 787.0
   Vehicle #1 = -1, leaving at = inf
   Increment on distance indicator: 8.0
   Increment on tard indicator:     0.0
   Value of tmax indicator:         8.0

Task for patient = 147 with skills = {5,-1} and cost = 808.7
   Vehicle #0 = 33, leaving at = 877.0
   Vehicle #1 = -1, leaving at = inf
   Increment on distance indicator: 6.0
   Increment on tard indicator:     0.0
   Value of tmax indicator:         6.0

Task for patient = 65 with skills = {4,-1} and cost = 810.3
   Vehicle #0 = 33, leaving at = 898.0
   Vehicle #1 = -1, leaving at = inf
   Increment on distance indicator: 5.0
   Increment on tard indicator:     0.0
   Value of tmax indicator:         5.0

Task for patient = 154 with skills = {0,5} and cost = 821.7
   Vehicle #0 = 3, leaving at = 896.0
   Vehicle #1 = 32, leaving at = 882.0
   Increment on distance indicator: 34.0
   Increment on tard indicator:     0.0
   Value of tmax indicator:         34.0

Task for patient = 24 with skills = {4,-1} and cost = 822.3
   Vehicle #0 = 36, leaving at = 816.0
   Vehicle #1 = -1, leaving at = inf
   Increment on distance indicator: 2.0
   Increment on tard indicator:     0.0
   Value of tmax indicator:         2.0

Task for patient = 177 with skills = {0,5} and cost = 800.0
   Vehicle #0 = 8, leaving at = 941.0
   Vehicle #1 = 23, leaving at = 983.0
   Increment on distance indicator: 17.0
   Increment on tard indicator:     0.0
   Value of tmax indicator:         17.0

Task for patient = 167 with skills = {2,4} and cost = 824.0
   Vehicle #0 = 0, leaving at = 985.0
   Vehicle #1 = 36, leaving at = 1014.0
   Increment on distance indicator: 5.0
   Increment on tard indicator:     0.0
   Value of tmax indicator:         5.0

Task for patient = 134 with skills = {0,4} and cost = 626.3
   Vehicle #0 = 8, leaving at = 777.0
   Vehicle #1 = 26, leaving at = 810.0
   Increment on distance indicator: 24.0
   Increment on tard indicator:     0.0
   Value of tmax indicator:         24.0

Task for patient = 188 with skills = {4,-1} and cost = 922.0
   Vehicle #0 = 26, leaving at = 1024.0
   Vehicle #1 = -1, leaving at = inf
   Increment on distance indicator: 6.0
   Increment on tard indicator:     0.0
   Value of tmax indicator:         6.0

Task for patient = 12 with skills = {5,-1} and cost = 905.3
   Vehicle #0 = 33, leaving at = 928.0
   Vehicle #1 = -1, leaving at = inf
   Increment on distance indicator: 7.0
   Increment on tard indicator:     0.0
   Value of tmax indicator:         7.0

Task for patient = 63 with skills = {0,3} and cost = 912.0
   Vehicle #0 = 16, leaving at = 797.0
   Vehicle #1 = 39, leaving at = 803.0
   Increment on distance indicator: 20.0
   Increment on tard indicator:     0.0
   Value of tmax indicator:         20.0

Task for patient = 106 with skills = {0,-1} and cost = 914.7
   Vehicle #0 = 10, leaving at = 826.0
   Vehicle #1 = -1, leaving at = inf
   Increment on distance indicator: 8.0
   Increment on tard indicator:     0.0
   Value of tmax indicator:         8.0

Task for patient = 68 with skills = {4,-1} and cost = 920.0
   Vehicle #0 = 27, leaving at = 868.0
   Vehicle #1 = -1, leaving at = inf
   Increment on distance indicator: 3.0
   Increment on tard indicator:     0.0
   Value of tmax indicator:         3.0

Task for patient = 109 with skills = {0,-1} and cost = 684.3
   Vehicle #0 = 8, leaving at = 903.0
   Vehicle #1 = -1, leaving at = inf
   Increment on distance indicator: 10.0
   Increment on tard indicator:     0.0
   Value of tmax indicator:         10.0

Task for patient = 160 with skills = {4,-1} and cost = 706.3
   Vehicle #0 = 36, leaving at = 760.0
   Vehicle #1 = -1, leaving at = inf
   Increment on distance indicator: 19.0
   Increment on tard indicator:     0.0
   Value of tmax indicator:         19.0

Task for patient = 16 with skills = {5,-1} and cost = 710.3
   Vehicle #0 = 37, leaving at = 966.0
   Vehicle #1 = -1, leaving at = inf
   Increment on distance indicator: 12.0
   Increment on tard indicator:     0.0
   Value of tmax indicator:         12.0

Task for patient = 150 with skills = {3,-1} and cost = 711.7
   Vehicle #0 = 25, leaving at = 798.0
   Vehicle #1 = -1, leaving at = inf
   Increment on distance indicator: 4.0
   Increment on tard indicator:     0.0
   Value of tmax indicator:         4.0

Task for patient = 152 with skills = {4,-1} and cost = 720.7
   Vehicle #0 = 31, leaving at = 663.0
   Vehicle #1 = -1, leaving at = inf
   Increment on distance indicator: 12.0
   Increment on tard indicator:     0.0
   Value of tmax indicator:         12.0

Task for patient = 178 with skills = {3,-1} and cost = 681.0
   Vehicle #0 = 25, leaving at = 761.0
   Vehicle #1 = -1, leaving at = inf
   Increment on distance indicator: 16.0
   Increment on tard indicator:     0.0
   Value of tmax indicator:         16.0

Task for patient = 158 with skills = {3,-1} and cost = 767.7
   Vehicle #0 = 22, leaving at = 955.0
   Vehicle #1 = -1, leaving at = inf
   Increment on distance indicator: 8.0
   Increment on tard indicator:     0.0
   Value of tmax indicator:         8.0

Task for patient = 5 with skills = {1,-1} and cost = 770.0
   Vehicle #0 = 7, leaving at = 910.0
   Vehicle #1 = -1, leaving at = inf
   Increment on distance indicator: 7.0
   Increment on tard indicator:     0.0
   Value of tmax indicator:         7.0

Task for patient = 122 with skills = {2,-1} and cost = 786.0
   Vehicle #0 = 9, leaving at = 1008.0
   Vehicle #1 = -1, leaving at = inf
   Increment on distance indicator: 11.0
   Increment on tard indicator:     0.0
   Value of tmax indicator:         11.0

Task for patient = 62 with skills = {4,-1} and cost = 770.7
   Vehicle #0 = 31, leaving at = 706.0
   Vehicle #1 = -1, leaving at = inf
   Increment on distance indicator: 2.0
   Increment on tard indicator:     0.0
   Value of tmax indicator:         2.0

Task for patient = 19 with skills = {0,-1} and cost = 670.3
   Vehicle #0 = 8, leaving at = 848.0
   Vehicle #1 = -1, leaving at = inf
   Increment on distance indicator: 7.0
   Increment on tard indicator:     0.0
   Value of tmax indicator:         7.0

Task for patient = 72 with skills = {2,-1} and cost = 772.7
   Vehicle #0 = 15, leaving at = 942.0
   Vehicle #1 = -1, leaving at = inf
   Increment on distance indicator: 6.0
   Increment on tard indicator:     0.0
   Value of tmax indicator:         6.0

Task for patient = 31 with skills = {1,-1} and cost = 643.0
   Vehicle #0 = 17, leaving at = 588.0
   Vehicle #1 = -1, leaving at = inf
   Increment on distance indicator: 11.0
   Increment on tard indicator:     0.0
   Value of tmax indicator:         11.0

Task for patient = 58 with skills = {3,-1} and cost = 775.3
   Vehicle #0 = 38, leaving at = 794.0
   Vehicle #1 = -1, leaving at = inf
   Increment on distance indicator: 8.0
   Increment on tard indicator:     0.0
   Value of tmax indicator:         8.0

Task for patient = 6 with skills = {0,-1} and cost = 639.3
   Vehicle #0 = 16, leaving at = 574.0
   Vehicle #1 = -1, leaving at = inf
   Increment on distance indicator: 14.0
   Increment on tard indicator:     0.0
   Value of tmax indicator:         14.0

Task for patient = 38 with skills = {0,4} and cost = 779.7
   Vehicle #0 = 7, leaving at = 972.0
   Vehicle #1 = 26, leaving at = 973.0
   Increment on distance indicator: 13.0
   Increment on tard indicator:     0.0
   Value of tmax indicator:         13.0

Task for patient = 197 with skills = {3,-1} and cost = 781.3
   Vehicle #0 = 38, leaving at = 841.0
   Vehicle #1 = -1, leaving at = inf
   Increment on distance indicator: 5.0
   Increment on tard indicator:     0.0
   Value of tmax indicator:         5.0

Task for patient = 170 with skills = {1,-1} and cost = 782.3
   Vehicle #0 = 3, leaving at = 798.0
   Vehicle #1 = -1, leaving at = inf
   Increment on distance indicator: 3.0
   Increment on tard indicator:     0.0
   Value of tmax indicator:         3.0

Task for patient = 51 with skills = {2,-1} and cost = 675.7
   Vehicle #0 = 18, leaving at = 812.0
   Vehicle #1 = -1, leaving at = inf
   Increment on distance indicator: 16.0
   Increment on tard indicator:     0.0
   Value of tmax indicator:         16.0

Task for patient = 71 with skills = {0,-1} and cost = 1313.3
   Vehicle #0 = 19, leaving at = 802.0
   Vehicle #1 = -1, leaving at = inf
   Increment on distance indicator: 29.0
   Increment on tard indicator:     0.0
   Value of tmax indicator:         29.0

Task for patient = 127 with skills = {0,4} and cost = 1370.7
   Vehicle #0 = 12, leaving at = 990.0
   Vehicle #1 = 35, leaving at = 1025.0
   Increment on distance indicator: 18.0
   Increment on tard indicator:     0.0
   Value of tmax indicator:         18.0

Task for patient = 53 with skills = {1,-1} and cost = 1377.3
   Vehicle #0 = 13, leaving at = 771.0
   Vehicle #1 = -1, leaving at = inf
   Increment on distance indicator: 20.0
   Increment on tard indicator:     0.0
   Value of tmax indicator:         20.0

Task for patient = 155 with skills = {4,-1} and cost = 1389.7
   Vehicle #0 = 34, leaving at = 723.0
   Vehicle #1 = -1, leaving at = inf
   Increment on distance indicator: 37.0
   Increment on tard indicator:     0.0
   Value of tmax indicator:         37.0

Task for patient = 37 with skills = {1,4} and cost = 1399.7
   Vehicle #0 = 11, leaving at = 997.0
   Vehicle #1 = 27, leaving at = 960.0
   Increment on distance indicator: 30.0
   Increment on tard indicator:     0.0
   Value of tmax indicator:         30.0

Task for patient = 118 with skills = {4,-1} and cost = 1407.0
   Vehicle #0 = 21, leaving at = 837.0
   Vehicle #1 = -1, leaving at = inf
   Increment on distance indicator: 22.0
   Increment on tard indicator:     0.0
   Value of tmax indicator:         22.0

Task for patient = 149 with skills = {0,3} and cost = 1414.0
   Vehicle #0 = 3, leaving at = 1015.0
   Vehicle #1 = 37, leaving at = 1035.0
   Increment on distance indicator: 21.0
   Increment on tard indicator:     0.0
   Value of tmax indicator:         21.0

Task for patient = 171 with skills = {4,-1} and cost = 1416.3
   Vehicle #0 = 22, leaving at = 983.0
   Vehicle #1 = -1, leaving at = inf
   Increment on distance indicator: 7.0
   Increment on tard indicator:     0.0
   Value of tmax indicator:         7.0

Task for patient = 153 with skills = {5,-1} and cost = 1421.7
   Vehicle #0 = 23, leaving at = 1047.0
   Vehicle #1 = -1, leaving at = inf
   Increment on distance indicator: 16.0
   Increment on tard indicator:     0.0
   Value of tmax indicator:         16.0

Task for patient = 42 with skills = {3,-1} and cost = 1425.7
   Vehicle #0 = 22, leaving at = 1053.0
   Vehicle #1 = -1, leaving at = inf
   Increment on distance indicator: 12.0
   Increment on tard indicator:     0.0
   Value of tmax indicator:         12.0

Task for patient = 28 with skills = {0,-1} and cost = 938.7
   Vehicle #0 = 1, leaving at = 972.0
   Vehicle #1 = -1, leaving at = inf
   Increment on distance indicator: 6.0
   Increment on tard indicator:     0.0
   Value of tmax indicator:         6.0

Task for patient = 145 with skills = {1,-1} and cost = 1430.7
   Vehicle #0 = 17, leaving at = 871.0
   Vehicle #1 = -1, leaving at = inf
   Increment on distance indicator: 7.0
   Increment on tard indicator:     0.0
   Value of tmax indicator:         7.0

Task for patient = 168 with skills = {2,4} and cost = 1440.3
   Vehicle #0 = 12, leaving at = 1038.0
   Vehicle #1 = 24, leaving at = 1037.0
   Increment on distance indicator: 29.0
   Increment on tard indicator:     0.0
   Value of tmax indicator:         29.0

Task for patient = 10 with skills = {0,4} and cost = 1446.0
   Vehicle #0 = 1, leaving at = 1100.0
   Vehicle #1 = 22, leaving at = 1083.0
   Increment on distance indicator: 17.0
   Increment on tard indicator:     0.0
   Value of tmax indicator:         17.0

Task for patient = 121 with skills = {2,4} and cost = 1454.7
   Vehicle #0 = 7, leaving at = 1006.0
   Vehicle #1 = 31, leaving at = 1052.0
   Increment on distance indicator: 26.0
   Increment on tard indicator:     0.0
   Value of tmax indicator:         26.0

Task for patient = 190 with skills = {2,4} and cost = 1491.0
   Vehicle #0 = 9, leaving at = 1094.0
   Vehicle #1 = 35, leaving at = 1063.0
   Increment on distance indicator: 19.0
   Increment on tard indicator:     0.0
   Value of tmax indicator:         19.0

Task for patient = 17 with skills = {1,4} and cost = 1493.0
   Vehicle #0 = 0, leaving at = 1063.0
   Vehicle #1 = 29, leaving at = 1067.0
   Increment on distance indicator: 6.0
   Increment on tard indicator:     0.0
   Value of tmax indicator:         6.0

Task for patient = 97 with skills = {4,-1} and cost = 1524.7
   Vehicle #0 = 28, leaving at = 939.0
   Vehicle #1 = -1, leaving at = inf
   Increment on distance indicator: 14.0
   Increment on tard indicator:     0.0
   Value of tmax indicator:         14.0

Task for patient = 199 with skills = {4,-1} and cost = 1534.0
   Vehicle #0 = 21, leaving at = 919.0
   Vehicle #1 = -1, leaving at = inf
   Increment on distance indicator: 28.0
   Increment on tard indicator:     0.0
   Value of tmax indicator:         28.0

Task for patient = 54 with skills = {2,3} and cost = 1542.3
   Vehicle #0 = 2, leaving at = 1048.0
   Vehicle #1 = 25, leaving at = 1052.0
   Increment on distance indicator: 25.0
   Increment on tard indicator:     0.0
   Value of tmax indicator:         25.0

Task for patient = 29 with skills = {0,3} and cost = 1548.7
   Vehicle #0 = 5, leaving at = 1039.0
   Vehicle #1 = 30, leaving at = 1045.0
   Increment on distance indicator: 19.0
   Increment on tard indicator:     0.0
   Value of tmax indicator:         19.0

Task for patient = 174 with skills = {0,-1} and cost = 1574.0
   Vehicle #0 = 19, leaving at = 900.0
   Vehicle #1 = -1, leaving at = inf
   Increment on distance indicator: 21.0
   Increment on tard indicator:     0.0
   Value of tmax indicator:         21.0

Task for patient = 163 with skills = {0,-1} and cost = 1428.3
   Vehicle #0 = 5, leaving at = 977.0
   Vehicle #1 = -1, leaving at = inf
   Increment on distance indicator: 8.0
   Increment on tard indicator:     0.0
   Value of tmax indicator:         8.0

Task for patient = 151 with skills = {4,-1} and cost = 923.7
   Vehicle #0 = 31, leaving at = 991.0
   Vehicle #1 = -1, leaving at = inf
   Increment on distance indicator: 5.0
   Increment on tard indicator:     0.0
   Value of tmax indicator:         5.0

Task for patient = 78 with skills = {2,-1} and cost = 928.7
   Vehicle #0 = 15, leaving at = 984.0
   Vehicle #1 = -1, leaving at = inf
   Increment on distance indicator: 15.0
   Increment on tard indicator:     0.0
   Value of tmax indicator:         15.0

Task for patient = 61 with skills = {1,-1} and cost = 930.3
   Vehicle #0 = 5, leaving at = 936.0
   Vehicle #1 = -1, leaving at = inf
   Increment on distance indicator: 5.0
   Increment on tard indicator:     0.0
   Value of tmax indicator:         5.0

Task for patient = 52 with skills = {5,-1} and cost = 936.7
   Vehicle #0 = 33, leaving at = 963.0
   Vehicle #1 = -1, leaving at = inf
   Increment on distance indicator: 19.0
   Increment on tard indicator:     0.0
   Value of tmax indicator:         19.0

Task for patient = 20 with skills = {3,-1} and cost = 618.3
   Vehicle #0 = 22, leaving at = 902.0
   Vehicle #1 = -1, leaving at = inf
   Increment on distance indicator: 9.0
   Increment on tard indicator:     0.0
   Value of tmax indicator:         9.0

Task for patient = 112 with skills = {4,-1} and cost = 942.7
   Vehicle #0 = 21, leaving at = 726.0
   Vehicle #1 = -1, leaving at = inf
   Increment on distance indicator: 12.0
   Increment on tard indicator:     0.0
   Value of tmax indicator:         12.0

Task for patient = 157 with skills = {1,3} and cost = 947.7
   Vehicle #0 = 11, leaving at = 800.0
   Vehicle #1 = 39, leaving at = 853.0
   Increment on distance indicator: 15.0
   Increment on tard indicator:     0.0
   Value of tmax indicator:         15.0

Task for patient = 1 with skills = {1,-1} and cost = 1024.0
   Vehicle #0 = 17, leaving at = 692.0
   Vehicle #1 = -1, leaving at = inf
   Increment on distance indicator: 46.0
   Increment on tard indicator:     0.0
   Value of tmax indicator:         46.0

Task for patient = 129 with skills = {1,5} and cost = 1029.3
   Vehicle #0 = 12, leaving at = 935.0
   Vehicle #1 = 35, leaving at = 930.0
   Increment on distance indicator: 16.0
   Increment on tard indicator:     0.0
   Value of tmax indicator:         16.0

Task for patient = 2 with skills = {2,3} and cost = 1126.7
   Vehicle #0 = 1, leaving at = 1023.0
   Vehicle #1 = 38, leaving at = 1035.0
   Increment on distance indicator: 13.0
   Increment on tard indicator:     0.0
   Value of tmax indicator:         13.0

Task for patient = 41 with skills = {2,3} and cost = 1278.7
   Vehicle #0 = 18, leaving at = 882.0
   Vehicle #1 = 39, leaving at = 907.0
   Increment on distance indicator: 52.0
   Increment on tard indicator:     0.0
   Value of tmax indicator:         52.0

Task for patient = 180 with skills = {4,-1} and cost = 1132.7
   Vehicle #0 = 24, leaving at = 960.0
   Vehicle #1 = -1, leaving at = inf
   Increment on distance indicator: 6.0
   Increment on tard indicator:     0.0
   Value of tmax indicator:         6.0

Task for patient = 194 with skills = {2,-1} and cost = 1134.7
   Vehicle #0 = 14, leaving at = 1022.0
   Vehicle #1 = -1, leaving at = inf
   Increment on distance indicator: 6.0
   Increment on tard indicator:     0.0
   Value of tmax indicator:         6.0

Task for patient = 57 with skills = {1,4} and cost = 1139.7
   Vehicle #0 = 11, leaving at = 923.0
   Vehicle #1 = 27, leaving at = 928.0
   Increment on distance indicator: 15.0
   Increment on tard indicator:     0.0
   Value of tmax indicator:         15.0

Task for patient = 140 with skills = {1,-1} and cost = 1142.3
   Vehicle #0 = 17, leaving at = 734.0
   Vehicle #1 = -1, leaving at = inf
   Increment on distance indicator: 8.0
   Increment on tard indicator:     0.0
   Value of tmax indicator:         8.0

Task for patient = 82 with skills = {5,-1} and cost = 1166.0
   Vehicle #0 = 23, leaving at = 1003.0
   Vehicle #1 = -1, leaving at = inf
   Increment on distance indicator: 4.0
   Increment on tard indicator:     0.0
   Value of tmax indicator:         4.0

Task for patient = 165 with skills = {1,-1} and cost = 1166.3
   Vehicle #0 = 0, leaving at = 1007.0
   Vehicle #1 = -1, leaving at = inf
   Increment on distance indicator: 1.0
   Increment on tard indicator:     0.0
   Value of tmax indicator:         1.0

Task for patient = 108 with skills = {1,-1} and cost = 1170.7
   Vehicle #0 = 17, leaving at = 839.0
   Vehicle #1 = -1, leaving at = inf
   Increment on distance indicator: 13.0
   Increment on tard indicator:     0.0
   Value of tmax indicator:         13.0

Task for patient = 75 with skills = {0,3} and cost = 1175.3
   Vehicle #0 = 3, leaving at = 954.0
   Vehicle #1 = 32, leaving at = 987.0
   Increment on distance indicator: 14.0
   Increment on tard indicator:     0.0
   Value of tmax indicator:         14.0

Task for patient = 135 with skills = {0,3} and cost = 1180.7
   Vehicle #0 = 10, leaving at = 925.0
   Vehicle #1 = 25, leaving at = 928.0
   Increment on distance indicator: 16.0
   Increment on tard indicator:     0.0
   Value of tmax indicator:         16.0

Task for patient = 192 with skills = {4,-1} and cost = 1188.7
   Vehicle #0 = 34, leaving at = 642.0
   Vehicle #1 = -1, leaving at = inf
   Increment on distance indicator: 24.0
   Increment on tard indicator:     0.0
   Value of tmax indicator:         24.0

Task for patient = 176 with skills = {4,-1} and cost = 1220.3
   Vehicle #0 = 21, leaving at = 760.0
   Vehicle #1 = -1, leaving at = inf
   Increment on distance indicator: 13.0
   Increment on tard indicator:     0.0
   Value of tmax indicator:         13.0

Task for patient = 44 with skills = {5,-1} and cost = 1130.7
   Vehicle #0 = 32, leaving at = 927.0
   Vehicle #1 = -1, leaving at = inf
   Increment on distance indicator: 5.0
   Increment on tard indicator:     0.0
   Value of tmax indicator:         5.0

Task for patient = 15 with skills = {2,5} and cost = 153.7
   Vehicle #0 = 7, leaving at = 794.0
   Vehicle #1 = 30, leaving at = 786.0
   Increment on distance indicator: 19.0
   Increment on tard indicator:     0.0
   Value of tmax indicator:         19.0

Task for patient = 91 with skills = {2,-1} and cost = 158.3
   Vehicle #0 = 2, leaving at = 638.0
   Vehicle #1 = -1, leaving at = inf
   Increment on distance indicator: 14.0
   Increment on tard indicator:     0.0
   Value of tmax indicator:         14.0

Task for patient = 48 with skills = {5,-1} and cost = 164.3
   Vehicle #0 = 29, leaving at = 638.0
   Vehicle #1 = -1, leaving at = inf
   Increment on distance indicator: 18.0
   Increment on tard indicator:     0.0
   Value of tmax indicator:         18.0

Task for patient = 92 with skills = {0,5} and cost = 172.3
   Vehicle #0 = 4, leaving at = 545.0
   Vehicle #1 = 32, leaving at = 539.0
   Increment on distance indicator: 24.0
   Increment on tard indicator:     0.0
   Value of tmax indicator:         24.0

Task for patient = 95 with skills = {3,-1} and cost = 175.7
   Vehicle #0 = 32, leaving at = 569.0
   Vehicle #1 = -1, leaving at = inf
   Increment on distance indicator: 10.0
   Increment on tard indicator:     0.0
   Value of tmax indicator:         10.0

Task for patient = 34 with skills = {4,-1} and cost = 178.3
   Vehicle #0 = 27, leaving at = 719.0
   Vehicle #1 = -1, leaving at = inf
   Increment on distance indicator: 8.0
   Increment on tard indicator:     0.0
   Value of tmax indicator:         8.0

Task for patient = 172 with skills = {0,-1} and cost = 184.0
   Vehicle #0 = 4, leaving at = 675.0
   Vehicle #1 = -1, leaving at = inf
   Increment on distance indicator: 17.0
   Increment on tard indicator:     0.0
   Value of tmax indicator:         17.0

Task for patient = 161 with skills = {3,-1} and cost = 188.0
   Vehicle #0 = 23, leaving at = 759.0
   Vehicle #1 = -1, leaving at = inf
   Increment on distance indicator: 12.0
   Increment on tard indicator:     0.0
   Value of tmax indicator:         12.0

Task for patient = 124 with skills = {2,-1} and cost = 191.3
   Vehicle #0 = 0, leaving at = 898.0
   Vehicle #1 = -1, leaving at = inf
   Increment on distance indicator: 10.0
   Increment on tard indicator:     0.0
   Value of tmax indicator:         10.0

Task for patient = 166 with skills = {4,-1} and cost = 198.3
   Vehicle #0 = 26, leaving at = 573.0
   Vehicle #1 = -1, leaving at = inf
   Increment on distance indicator: 21.0
   Increment on tard indicator:     0.0
   Value of tmax indicator:         21.0

Task for patient = 103 with skills = {0,5} and cost = 203.7
   Vehicle #0 = 4, leaving at = 760.0
   Vehicle #1 = 27, leaving at = 742.0
   Increment on distance indicator: 16.0
   Increment on tard indicator:     0.0
   Value of tmax indicator:         16.0

Task for patient = 88 with skills = {0,4} and cost = 1567.0
   Vehicle #0 = 4, leaving at = 847.0
   Vehicle #1 = 34, leaving at = 870.0
   Increment on distance indicator: 55.0
   Increment on tard indicator:     0.0
   Value of tmax indicator:         55.0

Task for patient = 136 with skills = {0,-1} and cost = 212.7
   Vehicle #0 = 6, leaving at = 676.0
   Vehicle #1 = -1, leaving at = inf
   Increment on distance indicator: 6.0
   Increment on tard indicator:     0.0
   Value of tmax indicator:         6.0

Task for patient = 148 with skills = {0,-1} and cost = 213.3
   Vehicle #0 = 5, leaving at = 706.0
   Vehicle #1 = -1, leaving at = inf
   Increment on distance indicator: 2.0
   Increment on tard indicator:     0.0
   Value of tmax indicator:         2.0

Task for patient = 7 with skills = {1,-1} and cost = 215.3
   Vehicle #0 = 11, leaving at = 668.0
   Vehicle #1 = -1, leaving at = inf
   Increment on distance indicator: 6.0
   Increment on tard indicator:     0.0
   Value of tmax indicator:         6.0

Task for patient = 89 with skills = {5,-1} and cost = 219.3
   Vehicle #0 = 29, leaving at = 697.0
   Vehicle #1 = -1, leaving at = inf
   Increment on distance indicator: 12.0
   Increment on tard indicator:     0.0
   Value of tmax indicator:         12.0

Task for patient = 105 with skills = {0,-1} and cost = 220.3
   Vehicle #0 = 6, leaving at = 729.0
   Vehicle #1 = -1, leaving at = inf
   Increment on distance indicator: 3.0
   Increment on tard indicator:     0.0
   Value of tmax indicator:         3.0

Task for patient = 4 with skills = {2,-1} and cost = 223.3
   Vehicle #0 = 9, leaving at = 605.0
   Vehicle #1 = -1, leaving at = inf
   Increment on distance indicator: 9.0
   Increment on tard indicator:     0.0
   Value of tmax indicator:         9.0

Task for patient = 13 with skills = {5,-1} and cost = 228.3
   Vehicle #0 = 29, leaving at = 753.0
   Vehicle #1 = -1, leaving at = inf
   Increment on distance indicator: 15.0
   Increment on tard indicator:     0.0
   Value of tmax indicator:         15.0

Task for patient = 22 with skills = {2,-1} and cost = 230.7
   Vehicle #0 = 2, leaving at = 664.0
   Vehicle #1 = -1, leaving at = inf
   Increment on distance indicator: 7.0
   Increment on tard indicator:     0.0
   Value of tmax indicator:         7.0

Task for patient = 25 with skills = {0,4} and cost = 239.7
   Vehicle #0 = 6, leaving at = 802.0
   Vehicle #1 = 28, leaving at = 816.0
   Increment on distance indicator: 27.0
   Increment on tard indicator:     0.0
   Value of tmax indicator:         27.0

Task for patient = 18 with skills = {4,-1} and cost = 244.3
   Vehicle #0 = 31, leaving at = 580.0
   Vehicle #1 = -1, leaving at = inf
   Increment on distance indicator: 14.0
   Increment on tard indicator:     0.0
   Value of tmax indicator:         14.0

Task for patient = 11 with skills = {2,5} and cost = 244.3
   Vehicle #0 = 12, leaving at = 793.0
   Vehicle #1 = 33, leaving at = 752.0
   Increment on distance indicator: 0.0
   Increment on tard indicator:     0.0
   Value of tmax indicator:         0.0

Task for patient = 120 with skills = {1,4} and cost = 210.7
   Vehicle #0 = 5, leaving at = 670.0
   Vehicle #1 = 26, leaving at = 678.0
   Increment on distance indicator: 21.0
   Increment on tard indicator:     0.0
   Value of tmax indicator:         21.0

Task for patient = 183 with skills = {2,3} and cost = 5.3
   Vehicle #0 = 0, leaving at = 697.0
   Vehicle #1 = 20, leaving at = 723.0
   Increment on distance indicator: 16.0
   Increment on tard indicator:     0.0
   Value of tmax indicator:         16.0

Task for patient = 184 with skills = {0,3} and cost = 24.7
   Vehicle #0 = 0, leaving at = 767.0
   Vehicle #1 = 20, leaving at = 774.0
   Increment on distance indicator: 58.0
   Increment on tard indicator:     0.0
   Value of tmax indicator:         58.0

Task for patient = 116 with skills = {3,-1} and cost = 31.0
   Vehicle #0 = 22, leaving at = 537.0
   Vehicle #1 = -1, leaving at = inf
   Increment on distance indicator: 19.0
   Increment on tard indicator:     0.0
   Value of tmax indicator:         19.0

Task for patient = 162 with skills = {2,4} and cost = 39.3
   Vehicle #0 = 1, leaving at = 602.0
   Vehicle #1 = 22, leaving at = 570.0
   Increment on distance indicator: 25.0
   Increment on tard indicator:     0.0
   Value of tmax indicator:         25.0

Task for patient = 8 with skills = {0,5} and cost = 48.0
   Vehicle #0 = 0, leaving at = 831.0
   Vehicle #1 = 20, leaving at = 823.0
   Increment on distance indicator: 26.0
   Increment on tard indicator:     0.0
   Value of tmax indicator:         26.0

Task for patient = 60 with skills = {1,-1} and cost = 58.3
   Vehicle #0 = 3, leaving at = 569.0
   Vehicle #1 = -1, leaving at = inf
   Increment on distance indicator: 31.0
   Increment on tard indicator:     0.0
   Value of tmax indicator:         31.0

Task for patient = 98 with skills = {0,4} and cost = 63.7
   Vehicle #0 = 1, leaving at = 651.0
   Vehicle #1 = 22, leaving at = 658.0
   Increment on distance indicator: 16.0
   Increment on tard indicator:     0.0
   Value of tmax indicator:         16.0

Task for patient = 189 with skills = {1,4} and cost = 71.3
   Vehicle #0 = 1, leaving at = 715.0
   Vehicle #1 = 21, leaving at = 699.0
   Increment on distance indicator: 23.0
   Increment on tard indicator:     0.0
   Value of tmax indicator:         23.0

Task for patient = 179 with skills = {3,-1} and cost = 75.0
   Vehicle #0 = 23, leaving at = 519.0
   Vehicle #1 = -1, leaving at = inf
   Increment on distance indicator: 11.0
   Increment on tard indicator:     0.0
   Value of tmax indicator:         11.0

Task for patient = 77 with skills = {1,3} and cost = 81.7
   Vehicle #0 = 1, leaving at = 747.0
   Vehicle #1 = 22, leaving at = 803.0
   Increment on distance indicator: 20.0
   Increment on tard indicator:     0.0
   Value of tmax indicator:         20.0

Task for patient = 139 with skills = {2,3} and cost = 84.3
   Vehicle #0 = 2, leaving at = 601.0
   Vehicle #1 = 25, leaving at = 608.0
   Increment on distance indicator: 8.0
   Increment on tard indicator:     0.0
   Value of tmax indicator:         8.0

Task for patient = 100 with skills = {5,-1} and cost = 147.3
   Vehicle #0 = 27, leaving at = 652.0
   Vehicle #1 = -1, leaving at = inf
   Increment on distance indicator: 14.0
   Increment on tard indicator:     0.0
   Value of tmax indicator:         14.0

Task for patient = 115 with skills = {5,-1} and cost = 91.7
   Vehicle #0 = 23, leaving at = 707.0
   Vehicle #1 = -1, leaving at = inf
   Increment on distance indicator: 4.0
   Increment on tard indicator:     0.0
   Value of tmax indicator:         4.0

Task for patient = 64 with skills = {1,5} and cost = 95.0
   Vehicle #0 = 5, leaving at = 589.0
   Vehicle #1 = 27, leaving at = 602.0
   Increment on distance indicator: 10.0
   Increment on tard indicator:     0.0
   Value of tmax indicator:         10.0

Task for patient = 14 with skills = {1,-1} and cost = 101.3
   Vehicle #0 = 7, leaving at = 683.0
   Vehicle #1 = -1, leaving at = inf
   Increment on distance indicator: 19.0
   Increment on tard indicator:     0.0
   Value of tmax indicator:         19.0

Task for patient = 146 with skills = {0,5} and cost = 103.3
   Vehicle #0 = 1, leaving at = 853.0
   Vehicle #1 = 22, leaving at = 863.0
   Increment on distance indicator: 6.0
   Increment on tard indicator:     0.0
   Value of tmax indicator:         6.0

Task for patient = 117 with skills = {0,4} and cost = 110.3
   Vehicle #0 = 7, leaving at = 747.0
   Vehicle #1 = 24, leaving at = 726.0
   Increment on distance indicator: 21.0
   Increment on tard indicator:     0.0
   Value of tmax indicator:         21.0

Task for patient = 39 with skills = {1,3} and cost = 114.3
   Vehicle #0 = 8, leaving at = 557.0
   Vehicle #1 = 30, leaving at = 533.0
   Increment on distance indicator: 12.0
   Increment on tard indicator:     0.0
   Value of tmax indicator:         12.0

Task for patient = 131 with skills = {1,5} and cost = 123.0
   Vehicle #0 = 8, leaving at = 644.0
   Vehicle #1 = 30, leaving at = 627.0
   Increment on distance indicator: 26.0
   Increment on tard indicator:     0.0
   Value of tmax indicator:         26.0

Task for patient = 186 with skills = {3,-1} and cost = 128.3
   Vehicle #0 = 20, leaving at = 863.0
   Vehicle #1 = -1, leaving at = inf
   Increment on distance indicator: 16.0
   Increment on tard indicator:     0.0
   Value of tmax indicator:         16.0

Task for patient = 3 with skills = {0,-1} and cost = 129.7
   Vehicle #0 = 1, leaving at = 883.0
   Vehicle #1 = -1, leaving at = inf
   Increment on distance indicator: 4.0
   Increment on tard indicator:     0.0
   Value of tmax indicator:         4.0

Task for patient = 33 with skills = {3,-1} and cost = 135.3
   Vehicle #0 = 25, leaving at = 690.0
   Vehicle #1 = -1, leaving at = inf
   Increment on distance indicator: 17.0
   Increment on tard indicator:     0.0
   Value of tmax indicator:         17.0

Task for patient = 133 with skills = {1,-1} and cost = 138.7
   Vehicle #0 = 11, leaving at = 528.0
   Vehicle #1 = -1, leaving at = inf
   Increment on distance indicator: 10.0
   Increment on tard indicator:     0.0
   Value of tmax indicator:         10.0

Task for patient = 56 with skills = {0,-1} and cost = 142.7
   Vehicle #0 = 1, leaving at = 918.0
   Vehicle #1 = -1, leaving at = inf
   Increment on distance indicator: 12.0
   Increment on tard indicator:     0.0
   Value of tmax indicator:         12.0

Task for patient = 27 with skills = {0,-1} and cost = 90.3
   Vehicle #0 = 3, leaving at = 637.0
   Vehicle #1 = -1, leaving at = inf
   Increment on distance indicator: 18.0
   Increment on tard indicator:     0.0
   Value of tmax indicator:         18.0

Task for patient = 84 with skills = {4,-1} and cost = 361.3
   Vehicle #0 = 36, leaving at = 610.0
   Vehicle #1 = -1, leaving at = inf
   Increment on distance indicator: 23.0
   Increment on tard indicator:     0.0
   Value of tmax indicator:         23.0

Task for patient = 40 with skills = {1,-1} and cost = 370.3
   Vehicle #0 = 17, leaving at = 560.0
   Vehicle #1 = -1, leaving at = inf
   Increment on distance indicator: 27.0
   Increment on tard indicator:     0.0
   Value of tmax indicator:         27.0

Task for patient = 46 with skills = {2,3} and cost = 378.3
   Vehicle #0 = 18, leaving at = 679.0
   Vehicle #1 = 36, leaving at = 693.0
   Increment on distance indicator: 24.0
   Increment on tard indicator:     0.0
   Value of tmax indicator:         24.0

Task for patient = 99 with skills = {3,-1} and cost = 384.3
   Vehicle #0 = 38, leaving at = 574.0
   Vehicle #1 = -1, leaving at = inf
   Increment on distance indicator: 18.0
   Increment on tard indicator:     0.0
   Value of tmax indicator:         18.0

Task for patient = 141 with skills = {0,5} and cost = 390.3
   Vehicle #0 = 15, leaving at = 719.0
   Vehicle #1 = 32, leaving at = 743.0
   Increment on distance indicator: 18.0
   Increment on tard indicator:     0.0
   Value of tmax indicator:         18.0

Task for patient = 70 with skills = {0,-1} and cost = 393.3
   Vehicle #0 = 15, leaving at = 767.0
   Vehicle #1 = -1, leaving at = inf
   Increment on distance indicator: 9.0
   Increment on tard indicator:     0.0
   Value of tmax indicator:         9.0

Task for patient = 47 with skills = {2,-1} and cost = 396.3
   Vehicle #0 = 14, leaving at = 997.0
   Vehicle #1 = -1, leaving at = inf
   Increment on distance indicator: 9.0
   Increment on tard indicator:     0.0
   Value of tmax indicator:         9.0

Task for patient = 35 with skills = {0,-1} and cost = 402.7
   Vehicle #0 = 18, leaving at = 752.0
   Vehicle #1 = -1, leaving at = inf
   Increment on distance indicator: 19.0
   Increment on tard indicator:     0.0
   Value of tmax indicator:         19.0

Task for patient = 55 with skills = {2,4} and cost = 408.7
   Vehicle #0 = 15, leaving at = 799.0
   Vehicle #1 = 37, leaving at = 821.0
   Increment on distance indicator: 18.0
   Increment on tard indicator:     0.0
   Value of tmax indicator:         18.0

Task for patient = 195 with skills = {5,-1} and cost = 414.7
   Vehicle #0 = 38, leaving at = 619.0
   Vehicle #1 = -1, leaving at = inf
   Increment on distance indicator: 18.0
   Increment on tard indicator:     0.0
   Value of tmax indicator:         18.0

Task for patient = 66 with skills = {2,-1} and cost = 418.0
   Vehicle #0 = 9, leaving at = 679.0
   Vehicle #1 = -1, leaving at = inf
   Increment on distance indicator: 10.0
   Increment on tard indicator:     0.0
   Value of tmax indicator:         10.0

Task for patient = 45 with skills = {2,4} and cost = 257.7
   Vehicle #0 = 14, leaving at = 534.0
   Vehicle #1 = 34, leaving at = 553.0
   Increment on distance indicator: 40.0
   Increment on tard indicator:     0.0
   Value of tmax indicator:         40.0

Task for patient = 200 with skills = {3,-1} and cost = 428.3
   Vehicle #0 = 32, leaving at = 768.0
   Vehicle #1 = -1, leaving at = inf
   Increment on distance indicator: 7.0
   Increment on tard indicator:     0.0
   Value of tmax indicator:         7.0

Task for patient = 96 with skills = {5,-1} and cost = 430.7
   Vehicle #0 = 27, leaving at = 830.0
   Vehicle #1 = -1, leaving at = inf
   Increment on distance indicator: 7.0
   Increment on tard indicator:     0.0
   Value of tmax indicator:         7.0

Task for patient = 198 with skills = {1,-1} and cost = 433.7
   Vehicle #0 = 12, leaving at = 824.0
   Vehicle #1 = -1, leaving at = inf
   Increment on distance indicator: 9.0
   Increment on tard indicator:     0.0
   Value of tmax indicator:         9.0

Task for patient = 119 with skills = {2,-1} and cost = 439.3
   Vehicle #0 = 9, leaving at = 728.0
   Vehicle #1 = -1, leaving at = inf
   Increment on distance indicator: 17.0
   Increment on tard indicator:     0.0
   Value of tmax indicator:         17.0

Task for patient = 9 with skills = {2,3} and cost = 445.3
   Vehicle #0 = 15, leaving at = 890.0
   Vehicle #1 = 37, leaving at = 870.0
   Increment on distance indicator: 18.0
   Increment on tard indicator:     0.0
   Value of tmax indicator:         18.0

Task for patient = 79 with skills = {3,-1} and cost = 449.0
   Vehicle #0 = 38, leaving at = 678.0
   Vehicle #1 = -1, leaving at = inf
   Increment on distance indicator: 11.0
   Increment on tard indicator:     0.0
   Value of tmax indicator:         11.0

Task for patient = 104 with skills = {0,-1} and cost = 506.3
   Vehicle #0 = 19, leaving at = 606.0
   Vehicle #1 = -1, leaving at = inf
   Increment on distance indicator: 12.0
   Increment on tard indicator:     0.0
   Value of tmax indicator:         12.0

Task for patient = 123 with skills = {4,-1} and cost = 511.3
   Vehicle #0 = 32, leaving at = 843.0
   Vehicle #1 = -1, leaving at = inf
   Increment on distance indicator: 15.0
   Increment on tard indicator:     0.0
   Value of tmax indicator:         15.0

Task for patient = 73 with skills = {1,4} and cost = 517.7
   Vehicle #0 = 11, leaving at = 746.0
   Vehicle #1 = 26, leaving at = 745.0
   Increment on distance indicator: 19.0
   Increment on tard indicator:     0.0
   Value of tmax indicator:         19.0

Task for patient = 164 with skills = {0,-1} and cost = 522.0
   Vehicle #0 = 10, leaving at = 732.0
   Vehicle #1 = -1, leaving at = inf
   Increment on distance indicator: 13.0
   Increment on tard indicator:     0.0
   Value of tmax indicator:         13.0

Task for patient = 43 with skills = {0,-1} and cost = 568.3
   Vehicle #0 = 10, leaving at = 798.0
   Vehicle #1 = -1, leaving at = inf
   Increment on distance indicator: 11.0
   Increment on tard indicator:     0.0
   Value of tmax indicator:         11.0

Task for patient = 126 with skills = {0,3} and cost = 615.3
   Vehicle #0 = 19, leaving at = 680.0
   Vehicle #1 = 39, leaving at = 701.0
   Increment on distance indicator: 61.0
   Increment on tard indicator:     0.0
   Value of tmax indicator:         61.0

Task for patient = 144 with skills = {3,-1} and cost = 426.0
   Vehicle #0 = 39, leaving at = 568.0
   Vehicle #1 = -1, leaving at = inf
   Increment on distance indicator: 24.0
   Increment on tard indicator:     0.0
   Value of tmax indicator:         24.0

Task for patient = 175 with skills = {1,-1} and cost = 260.7
   Vehicle #0 = 13, leaving at = 603.0
   Vehicle #1 = -1, leaving at = inf
   Increment on distance indicator: 9.0
   Increment on tard indicator:     0.0
   Value of tmax indicator:         9.0

Task for patient = 182 with skills = {5,-1} and cost = 264.7
   Vehicle #0 = 35, leaving at = 614.0
   Vehicle #1 = -1, leaving at = inf
   Increment on distance indicator: 12.0
   Increment on tard indicator:     0.0
   Value of tmax indicator:         12.0

Task for patient = 173 with skills = {2,-1} and cost = 270.3
   Vehicle #0 = 14, leaving at = 649.0
   Vehicle #1 = -1, leaving at = inf
   Increment on distance indicator: 17.0
   Increment on tard indicator:     0.0
   Value of tmax indicator:         17.0

Task for patient = 87 with skills = {0,-1} and cost = 272.3
   Vehicle #0 = 5, leaving at = 770.0
   Vehicle #1 = -1, leaving at = inf
   Increment on distance indicator: 6.0
   Increment on tard indicator:     0.0
   Value of tmax indicator:         6.0

Task for patient = 185 with skills = {2,5} and cost = 277.3
   Vehicle #0 = 0, leaving at = 958.0
   Vehicle #1 = 29, leaving at = 952.0
   Increment on distance indicator: 15.0
   Increment on tard indicator:     0.0
   Value of tmax indicator:         15.0

Task for patient = 142 with skills = {0,3} and cost = 286.7
   Vehicle #0 = 10, leaving at = 522.0
   Vehicle #1 = 36, leaving at = 553.0
   Increment on distance indicator: 28.0
   Increment on tard indicator:     0.0
   Value of tmax indicator:         28.0

Task for patient = 169 with skills = {0,-1} and cost = 287.7
   Vehicle #0 = 10, leaving at = 669.0
   Vehicle #1 = -1, leaving at = inf
   Increment on distance indicator: 3.0
   Increment on tard indicator:     0.0
   Value of tmax indicator:         3.0

Task for patient = 128 with skills = {4,-1} and cost = 291.7
   Vehicle #0 = 24, leaving at = 938.0
   Vehicle #1 = -1, leaving at = inf
   Increment on distance indicator: 12.0
   Increment on tard indicator:     0.0
   Value of tmax indicator:         12.0

Task for patient = 81 with skills = {0,-1} and cost = 294.7
   Vehicle #0 = 3, leaving at = 666.0
   Vehicle #1 = -1, leaving at = inf
   Increment on distance indicator: 9.0
   Increment on tard indicator:     0.0
   Value of tmax indicator:         9.0

Task for patient = 23 with skills = {1,-1} and cost = 296.0
   Vehicle #0 = 15, leaving at = 630.0
   Vehicle #1 = -1, leaving at = inf
   Increment on distance indicator: 4.0
   Increment on tard indicator:     0.0
   Value of tmax indicator:         4.0

Task for patient = 110 with skills = {0,-1} and cost = 298.0
   Vehicle #0 = 7, leaving at = 845.0
   Vehicle #1 = -1, leaving at = inf
   Increment on distance indicator: 6.0
   Increment on tard indicator:     0.0
   Value of tmax indicator:         6.0

Task for patient = 26 with skills = {4,-1} and cost = 353.7
   Vehicle #0 = 31, leaving at = 634.0
   Vehicle #1 = -1, leaving at = inf
   Increment on distance indicator: 11.0
   Increment on tard indicator:     0.0
   Value of tmax indicator:         11.0

Task for patient = 130 with skills = {5,-1} and cost = 303.0
   Vehicle #0 = 33, leaving at = 826.0
   Vehicle #1 = -1, leaving at = inf
   Increment on distance indicator: 6.0
   Increment on tard indicator:     0.0
   Value of tmax indicator:         6.0

Task for patient = 86 with skills = {4,-1} and cost = 307.3
   Vehicle #0 = 20, leaving at = 931.0
   Vehicle #1 = -1, leaving at = inf
   Increment on distance indicator: 13.0
   Increment on tard indicator:     0.0
   Value of tmax indicator:         13.0

Task for patient = 90 with skills = {4,-1} and cost = 309.0
   Vehicle #0 = 32, leaving at = 624.0
   Vehicle #1 = -1, leaving at = inf
   Increment on distance indicator: 5.0
   Increment on tard indicator:     0.0
   Value of tmax indicator:         5.0

Task for patient = 193 with skills = {4,-1} and cost = 311.7
   Vehicle #0 = 31, leaving at = 608.0
   Vehicle #1 = -1, leaving at = inf
   Increment on distance indicator: 8.0
   Increment on tard indicator:     0.0
   Value of tmax indicator:         8.0

Task for patient = 50 with skills = {5,-1} and cost = 314.7
   Vehicle #0 = 35, leaving at = 780.0
   Vehicle #1 = -1, leaving at = inf
   Increment on distance indicator: 9.0
   Increment on tard indicator:     0.0
   Value of tmax indicator:         9.0

Task for patient = 187 with skills = {3,-1} and cost = 315.3
   Vehicle #0 = 37, leaving at = 666.0
   Vehicle #1 = -1, leaving at = inf
   Increment on distance indicator: 2.0
   Increment on tard indicator:     0.0
   Value of tmax indicator:         2.0

Task for patient = 159 with skills = {0,5} and cost = 326.0
   Vehicle #0 = 16, leaving at = 536.0
   Vehicle #1 = 38, leaving at = 538.0
   Increment on distance indicator: 32.0
   Increment on tard indicator:     0.0
   Value of tmax indicator:         32.0

Task for patient = 32 with skills = {0,3} and cost = 336.0
   Vehicle #0 = 3, leaving at = 722.0
   Vehicle #1 = 37, leaving at = 733.0
   Increment on distance indicator: 30.0
   Increment on tard indicator:     0.0
   Value of tmax indicator:         30.0

Task for patient = 132 with skills = {5,-1} and cost = 338.3
   Vehicle #0 = 27, leaving at = 772.0
   Vehicle #1 = -1, leaving at = inf
   Increment on distance indicator: 7.0
   Increment on tard indicator:     0.0
   Value of tmax indicator:         7.0

Task for patient = 101 with skills = {0,-1} and cost = 339.3
   Vehicle #0 = 14, leaving at = 973.0
   Vehicle #1 = -1, leaving at = inf
   Increment on distance indicator: 3.0
   Increment on tard indicator:     0.0
   Value of tmax indicator:         3.0

Task for patient = 36 with skills = {1,-1} and cost = 345.7
   Vehicle #0 = 13, leaving at = 667.0
   Vehicle #1 = -1, leaving at = inf
   Increment on distance indicator: 19.0
   Increment on tard indicator:     0.0
   Value of tmax indicator:         19.0

Task for patient = 114 with skills = {2,-1} and cost = 350.0
   Vehicle #0 = 18, leaving at = 605.0
   Vehicle #1 = -1, leaving at = inf
   Increment on distance indicator: 13.0
   Increment on tard indicator:     0.0
   Value of tmax indicator:         13.0

Task for patient = 138 with skills = {5,-1} and cost = 301.0
   Vehicle #0 = 33, leaving at = 787.0
   Vehicle #1 = -1, leaving at = inf
   Increment on distance indicator: 9.0
   Increment on tard indicator:     0.0
   Value of tmax indicator:         9.0


Unused vehicle list: (total = 0 out of 40)

---
Search finished.
Total of 448 generations in 7.9 seconds.
Exchange elite runs: 0
Implicit path relinking runs: 4
Reset attempts: 1

Best solution found:
   Cost: 918.0
   Total travel time: 2697.0
   Total tardiness time: 46.0
   Largest tardiness: 11.0


918.0
