--- BRKGA-MP-IPR for HHCRSP ---
Instance: new-instances/HHCRSP_200_40_14_0.4_R_RC.txt
Seed: 1

Reading data... Problem contains 200 patients  and 40 caregivers.

Summary of supply x demand for each service type:
Skill 0 has supply = 15 and demand = 44, ratio = 0.340909
Skill 1 has supply = 16 and demand = 59, ratio = 0.271186
Skill 2 has supply = 13 and demand = 29, ratio = 0.448276
Skill 3 has supply = 15 and demand = 35, ratio = 0.428571
Skill 4 has supply = 16 and demand = 54, ratio = 0.296296
Skill 5 has supply = 14 and demand = 39, ratio = 0.358974

Reading parameters...
Inferred distance function by PR type: kendall-tau
Building BRKGA data and initializing...
Evolving 448 generations...

  Gens  Rem    Local   ElDiv NoImpr             Best solution            Time  Op
                                       Cost     Dist    Tard    TMax 
*    0  448  5326.67  370.03      0  5326.67  4405.00 11106.0   469.0     0.0    
*    2  446  5147.00  409.38      0  5147.00  4267.00  9014.0   369.0     0.1    
*    3  445  4550.00  419.36      0  4550.00  4326.00  7773.0   370.0     0.1    
*    4  444  4156.33  299.88      0  4156.33  4326.00  7773.0   370.0     0.1    
*    6  442  3996.00  253.93      0  3996.00  4126.00  7506.0   356.0     0.2    
*    8  440  3265.67  222.68      0  3265.67  4600.00  4929.0   268.0     0.2    
*   10  438  2958.33  292.04      0  2958.33  4063.00  4431.0   381.0     0.3    
*   14  434  2589.67  236.41      0  2589.67  4210.00  2619.0   217.0     0.4    
*   15  433  2348.67  202.68      0  2348.67  4210.00  2619.0   217.0     0.4    
*   19  429  2233.67  144.57      0  2233.67  4086.00  1537.0   270.0     0.5    
*   20  428  1964.33  110.64      0  1964.33  4086.00  1537.0   270.0     0.5    
*   22  426  1937.33  110.55      0  1937.33  4094.00  1548.0   169.0     0.5    
*   23  425  1937.00  118.40      0  1937.00  4173.00  1271.0   162.0     0.6    
*   24  424  1868.67  118.53      0  1868.67  4095.00  1038.0   167.0     0.6    
*   25  423  1766.67   90.24      0  1766.67  4032.00   911.0   149.0     0.6    

  Gens  Rem    Local   ElDiv NoImpr             Best solution            Time  Op
                                       Cost     Dist    Tard    TMax 
*   26  422  1697.33   89.48      0  1697.33  4032.00   911.0   149.0     0.6    
*   29  419  1519.33   79.76      0  1519.33  3959.00   502.0    97.0     0.7    
*   32  416  1461.67   74.37      0  1461.67  3964.00   140.0    98.0     0.8    
*   33  415  1400.67   64.80      0  1400.67  3964.00   140.0    98.0     0.8    
*   38  410  1359.33   43.00      0  1359.33  3937.00    47.0    14.0     0.9    
*   39  409  1332.67   39.89      0  1332.67  3937.00    47.0    14.0     0.9    
*   43  405  1305.33   24.98      0  1305.33  3612.00   217.0    64.0     1.0    
*   44  404  1297.67   26.57      0  1297.67  3798.00    33.0    15.0     1.0    
*   45  403  1282.00   27.84      0  1282.00  3728.00    70.0    22.0     1.1    
*   46  402  1273.33   26.80      0  1273.33  3758.00     3.0     1.0     1.1    
*   47  401  1254.00   23.03      0  1254.00  3758.00     3.0     1.0     1.1    
*   49  399  1244.33   21.43      0  1244.33  3599.00    52.0    17.0     1.1    
*   50  398  1222.67   20.32      0  1222.67  3599.00    52.0    17.0     1.2    
*   53  395  1221.33   18.53      0  1221.33  3560.00    69.0    18.0     1.2    
*   54  394  1215.67   17.65      0  1215.67  3560.00    69.0    18.0     1.3    
*   59  389  1215.33   12.25      0  1215.33  3594.00    11.0     3.0     1.4    

  Gens  Rem    Local   ElDiv NoImpr             Best solution            Time  Op
                                       Cost     Dist    Tard    TMax 
*   60  388  1202.67   12.04      0  1202.67  3594.00    11.0     3.0     1.4    
*   62  386  1177.67   13.82      0  1177.67  3512.00    17.0     4.0     1.4    
*   65  383  1169.00   13.07      0  1169.00  3486.00    14.0     7.0     1.5    
*   76  372  1151.67   10.28      0  1151.67  3406.00    34.0    15.0     1.7    
*   89  359  1143.67    9.48      0  1143.67  3395.00    13.0     7.0     2.0    
*   90  358  1138.33   10.05      0  1138.33  3368.00    23.0    12.0     2.0    
*   91  357  1134.33    9.71      0  1134.33  3368.00    23.0    12.0     2.0    
*   95  353  1126.67    9.45      0  1126.67  3361.00    11.0     8.0     2.1    
Path relinking result: too homogeneous.
    96  352  1126.67    9.19      2  1126.67  3361.00    11.0     8.0     2.1   P
*   99  349  1122.33    9.21      0  1122.33  3357.00     6.0     4.0     2.2    
   100  348  1122.33    8.68      1  1122.33  3357.00     6.0     4.0     2.2    
*  102  346  1113.33    8.99      0  1113.33  3324.00    11.0     5.0     2.2    
*  109  339  1090.33   12.10      0  1090.33  3251.00     8.0     2.0     2.4    
*  110  338  1087.00   12.07      0  1087.00  3251.00     8.0     2.0     2.4    
*  117  331  1085.33   10.14      0  1085.33  3233.00    16.0     7.0     2.6    
*  122  326  1080.67   11.50      0  1080.67  3176.00     3.0     1.0     2.7    

  Gens  Rem    Local   ElDiv NoImpr             Best solution            Time  Op
                                       Cost     Dist    Tard    TMax 
*  123  325  1060.00   11.30      0  1060.00  3176.00     3.0     1.0     2.7    
   150  298  1060.00    6.37     27  1060.00  3176.00     3.0     1.0     3.3    
*  152  296  1059.00    6.38      0  1059.00  3177.00     0.0     0.0     3.3    
*  155  293  1051.33    6.02      0  1051.33  3132.00    16.0     6.0     3.4    
*  157  291  1042.00    6.65      0  1042.00  3126.00     0.0     0.0     3.4    
*  172  276  1038.33    5.35      0  1038.33  3112.00     1.0     1.0     3.7    
*  173  275  1038.00    5.94      0  1038.00  3085.00     0.0     0.0     3.7    
*  174  274  1028.33    6.44      0  1028.33  3085.00     0.0     0.0     3.8    
*  182  266  1026.33    5.18      0  1026.33  3026.00    28.0    12.0     3.9    
*  183  265  1022.00    5.05      0  1022.00  3026.00    28.0    12.0     4.0    
*  185  263  1020.33    5.55      0  1020.33  3061.00     0.0     0.0     4.0    
*  188  260  1008.67    5.66      0  1008.67  3012.00    10.0     4.0     4.1    
*  192  256   997.00    5.83      0   997.00  2965.00    19.0     7.0     4.2    
Path relinking result: too homogeneous.
   192  256   997.00    5.83      1   997.00  2965.00    19.0     7.0     4.2   P
   200  248   997.00    5.39      8   997.00  2965.00    19.0     7.0     4.3    
*  210  238   996.67    4.54      0   996.67  2968.00    15.0     4.0     4.6    

  Gens  Rem    Local   ElDiv NoImpr             Best solution            Time  Op
                                       Cost     Dist    Tard    TMax 
*  211  237   995.67    4.68      0   995.67  2979.00     3.0     2.0     4.6    
*  212  236   994.67    4.49      0   994.67  2979.00     3.0     2.0     4.6    
*  215  233   994.00    4.49      0   994.00  2955.00     3.0     2.0     4.7    
*  216  232   986.67    4.21      0   986.67  2955.00     3.0     2.0     4.7    
*  218  230   981.67    4.55      0   981.67  2931.00    10.0     4.0     4.7    
*  224  224   978.33    4.59      0   978.33  2907.00    13.0     6.0     4.9    
*  225  223   975.33    4.66      0   975.33  2906.00     7.0     4.0     4.9    
*  226  222   972.33    4.60      0   972.33  2906.00     7.0     4.0     4.9    
*  230  218   971.33    2.32      0   971.33  2903.00     7.0     4.0     5.0    
*  236  212   970.67    0.57      0   970.67  2901.00     7.0     4.0     5.1    
*  241  207   970.33    0.18      0   970.33  2900.00     7.0     4.0     5.2    
   250  198   970.33    0.00      9   970.33  2900.00     7.0     4.0     5.4    
*  259  189   970.00    0.04      0   970.00  2899.00     7.0     4.0     5.6    
*  262  186   968.67    0.40      0   968.67  2895.00     7.0     4.0     5.7    
*  266  182   968.00    0.61      0   968.00  2893.00     7.0     4.0     5.8    
*  273  175   965.67    0.40      0   965.67  2886.00     7.0     4.0     5.9    

  Gens  Rem    Local   ElDiv NoImpr             Best solution            Time  Op
                                       Cost     Dist    Tard    TMax 
*  276  172   965.00    1.18      0   965.00  2884.00     7.0     4.0     6.0    
*  280  168   964.67    0.10      0   964.67  2881.00     9.0     4.0     6.1    
*  284  164   964.33    0.16      0   964.33  2882.00     7.0     4.0     6.2    
Path relinking result: too homogeneous.
   288  160   964.33    0.10      5   964.33  2882.00     7.0     4.0     6.3   P
   300  148   964.33    0.00     16   964.33  2882.00     7.0     4.0     6.6    
*  308  140   962.67    0.24      0   962.67  2877.00     7.0     4.0     6.7    
*  314  134   961.67    0.36      0   961.67  2874.00     7.0     4.0     6.9    
*  334  114   959.67    0.43      0   959.67  2868.00     7.0     4.0     7.3    
*  337  111   959.33    0.75      0   959.33  2871.00     5.0     2.0     7.3    
*  340  108   959.00    0.29      0   959.00  2870.00     5.0     2.0     7.4    
   350   98   959.00    0.00     10   959.00  2870.00     5.0     2.0     7.6    
Path relinking result: too homogeneous.
   384   64   959.00    0.00     45   959.00  2870.00     5.0     2.0     8.3   P
   400   48   959.00    0.00     60   959.00  2870.00     5.0     2.0     8.6    
   407   41      inf  477.83      0   959.00  2870.00     5.0     2.0     8.8   R
   408   40  4984.00  427.23      0   959.00  2870.00     5.0     2.0     8.8    
   448    0  1291.00   37.46      3   959.00  2870.00     5.0     2.0     9.7    
Evolutionary process finished.
Solution written to 'solution-5175.txt'.

Sorted sequence of worst to best tardiness value:
Task for patient = 118 with skills = {1,3} and cost = 115.0
   Vehicle #0 = 2, leaving at = 663.0
   Vehicle #1 = 23, leaving at = 669.0
   Increment on distance indicator: 14.0
   Increment on tard indicator:     18.0
   Value of tmax indicator:         14.0

Task for patient = 8 with skills = {4,-1} and cost = 920.0
   Vehicle #0 = 33, leaving at = 941.0
   Vehicle #1 = -1, leaving at = inf
   Increment on distance indicator: 11.0
   Increment on tard indicator:     16.0
   Value of tmax indicator:         11.0

Task for patient = 148 with skills = {4,-1} and cost = 729.7
   Vehicle #0 = 39, leaving at = 796.0
   Vehicle #1 = -1, leaving at = inf
   Increment on distance indicator: 7.0
   Increment on tard indicator:     6.0
   Value of tmax indicator:         7.0

Task for patient = 61 with skills = {1,4} and cost = 465.0
   Vehicle #0 = 2, leaving at = 919.0
   Vehicle #1 = 29, leaving at = 903.0
   Increment on distance indicator: 12.0
   Increment on tard indicator:     6.0
   Value of tmax indicator:         12.0

Task for patient = 19 with skills = {2,-1} and cost = 858.0
   Vehicle #0 = 14, leaving at = 905.0
   Vehicle #1 = -1, leaving at = inf
   Increment on distance indicator: 13.0
   Increment on tard indicator:     5.0
   Value of tmax indicator:         13.0

Task for patient = 131 with skills = {1,4} and cost = 527.7
   Vehicle #0 = 7, leaving at = 748.0
   Vehicle #1 = 33, leaving at = 791.0
   Increment on distance indicator: 33.0
   Increment on tard indicator:     4.0
   Value of tmax indicator:         33.0

Task for patient = 189 with skills = {0,-1} and cost = 725.3
   Vehicle #0 = 15, leaving at = 964.0
   Vehicle #1 = -1, leaving at = inf
   Increment on distance indicator: 18.0
   Increment on tard indicator:     1.0
   Value of tmax indicator:         18.0

Task for patient = 37 with skills = {1,-1} and cost = 662.0
   Vehicle #0 = 17, leaving at = 564.0
   Vehicle #1 = -1, leaving at = inf
   Increment on distance indicator: 23.0
   Increment on tard indicator:     0.0
   Value of tmax indicator:         23.0

Task for patient = 58 with skills = {4,-1} and cost = 672.3
   Vehicle #0 = 36, leaving at = 554.0
   Vehicle #1 = -1, leaving at = inf
   Increment on distance indicator: 21.0
   Increment on tard indicator:     0.0
   Value of tmax indicator:         21.0

Task for patient = 47 with skills = {0,-1} and cost = 673.3
   Vehicle #0 = 13, leaving at = 896.0
   Vehicle #1 = -1, leaving at = inf
   Increment on distance indicator: 3.0
   Increment on tard indicator:     0.0
   Value of tmax indicator:         3.0

Task for patient = 55 with skills = {0,-1} and cost = 675.3
   Vehicle #0 = 7, leaving at = 783.0
   Vehicle #1 = -1, leaving at = inf
   Increment on distance indicator: 6.0
   Increment on tard indicator:     0.0
   Value of tmax indicator:         6.0

Task for patient = 86 with skills = {2,5} and cost = 683.0
   Vehicle #0 = 15, leaving at = 805.0
   Vehicle #1 = 38, leaving at = 813.0
   Increment on distance indicator: 23.0
   Increment on tard indicator:     0.0
   Value of tmax indicator:         23.0

Task for patient = 51 with skills = {1,-1} and cost = 684.3
   Vehicle #0 = 0, leaving at = 902.0
   Vehicle #1 = -1, leaving at = inf
   Increment on distance indicator: 4.0
   Increment on tard indicator:     0.0
   Value of tmax indicator:         4.0

Task for patient = 167 with skills = {5,-1} and cost = 688.7
   Vehicle #0 = 22, leaving at = 919.0
   Vehicle #1 = -1, leaving at = inf
   Increment on distance indicator: 13.0
   Increment on tard indicator:     0.0
   Value of tmax indicator:         13.0

Task for patient = 29 with skills = {0,4} and cost = 696.0
   Vehicle #0 = 15, leaving at = 854.0
   Vehicle #1 = 37, leaving at = 862.0
   Increment on distance indicator: 22.0
   Increment on tard indicator:     0.0
   Value of tmax indicator:         22.0

Task for patient = 91 with skills = {2,-1} and cost = 696.3
   Vehicle #0 = 15, leaving at = 899.0
   Vehicle #1 = -1, leaving at = inf
   Increment on distance indicator: 1.0
   Increment on tard indicator:     0.0
   Value of tmax indicator:         1.0

Task for patient = 78 with skills = {3,-1} and cost = 701.7
   Vehicle #0 = 36, leaving at = 756.0
   Vehicle #1 = -1, leaving at = inf
   Increment on distance indicator: 16.0
   Increment on tard indicator:     0.0
   Value of tmax indicator:         16.0

Task for patient = 103 with skills = {0,-1} and cost = 706.7
   Vehicle #0 = 6, leaving at = 797.0
   Vehicle #1 = -1, leaving at = inf
   Increment on distance indicator: 15.0
   Increment on tard indicator:     0.0
   Value of tmax indicator:         15.0

Task for patient = 157 with skills = {1,3} and cost = 710.3
   Vehicle #0 = 8, leaving at = 1101.0
   Vehicle #1 = 23, leaving at = 1085.0
   Increment on distance indicator: 11.0
   Increment on tard indicator:     0.0
   Value of tmax indicator:         11.0

Task for patient = 69 with skills = {0,-1} and cost = 711.7
   Vehicle #0 = 4, leaving at = 915.0
   Vehicle #1 = -1, leaving at = inf
   Increment on distance indicator: 4.0
   Increment on tard indicator:     0.0
   Value of tmax indicator:         4.0

Task for patient = 72 with skills = {4,-1} and cost = 719.0
   Vehicle #0 = 39, leaving at = 754.0
   Vehicle #1 = -1, leaving at = inf
   Increment on distance indicator: 22.0
   Increment on tard indicator:     0.0
   Value of tmax indicator:         22.0

Task for patient = 71 with skills = {0,-1} and cost = 732.7
   Vehicle #0 = 13, leaving at = 944.0
   Vehicle #1 = -1, leaving at = inf
   Increment on distance indicator: 9.0
   Increment on tard indicator:     0.0
   Value of tmax indicator:         9.0

Task for patient = 106 with skills = {2,4} and cost = 743.7
   Vehicle #0 = 14, leaving at = 811.0
   Vehicle #1 = 36, leaving at = 813.0
   Increment on distance indicator: 33.0
   Increment on tard indicator:     0.0
   Value of tmax indicator:         33.0

Task for patient = 185 with skills = {0,-1} and cost = 747.7
   Vehicle #0 = 15, leaving at = 1036.0
   Vehicle #1 = -1, leaving at = inf
   Increment on distance indicator: 12.0
   Increment on tard indicator:     0.0
   Value of tmax indicator:         12.0

Task for patient = 195 with skills = {0,-1} and cost = 749.3
   Vehicle #0 = 4, leaving at = 963.0
   Vehicle #1 = -1, leaving at = inf
   Increment on distance indicator: 5.0
   Increment on tard indicator:     0.0
   Value of tmax indicator:         5.0

Task for patient = 102 with skills = {2,4} and cost = 759.0
   Vehicle #0 = 19, leaving at = 871.0
   Vehicle #1 = 39, leaving at = 844.0
   Increment on distance indicator: 29.0
   Increment on tard indicator:     0.0
   Value of tmax indicator:         29.0

Task for patient = 81 with skills = {2,-1} and cost = 761.7
   Vehicle #0 = 4, leaving at = 986.0
   Vehicle #1 = -1, leaving at = inf
   Increment on distance indicator: 8.0
   Increment on tard indicator:     0.0
   Value of tmax indicator:         8.0

Task for patient = 50 with skills = {0,-1} and cost = 665.3
   Vehicle #0 = 15, leaving at = 706.0
   Vehicle #1 = -1, leaving at = inf
   Increment on distance indicator: 10.0
   Increment on tard indicator:     0.0
   Value of tmax indicator:         10.0

Task for patient = 65 with skills = {2,5} and cost = 577.7
   Vehicle #0 = 18, leaving at = 770.0
   Vehicle #1 = 37, leaving at = 758.0
   Increment on distance indicator: 27.0
   Increment on tard indicator:     0.0
   Value of tmax indicator:         27.0

Task for patient = 22 with skills = {3,-1} and cost = 585.7
   Vehicle #0 = 35, leaving at = 653.0
   Vehicle #1 = -1, leaving at = inf
   Increment on distance indicator: 24.0
   Increment on tard indicator:     0.0
   Value of tmax indicator:         24.0

Task for patient = 93 with skills = {5,-1} and cost = 588.7
   Vehicle #0 = 22, leaving at = 885.0
   Vehicle #1 = -1, leaving at = inf
   Increment on distance indicator: 9.0
   Increment on tard indicator:     0.0
   Value of tmax indicator:         9.0

Task for patient = 138 with skills = {0,5} and cost = 593.3
   Vehicle #0 = 11, leaving at = 827.0
   Vehicle #1 = 30, leaving at = 850.0
   Increment on distance indicator: 14.0
   Increment on tard indicator:     0.0
   Value of tmax indicator:         14.0

Task for patient = 98 with skills = {2,4} and cost = 596.7
   Vehicle #0 = 11, leaving at = 891.0
   Vehicle #1 = 30, leaving at = 910.0
   Increment on distance indicator: 10.0
   Increment on tard indicator:     0.0
   Value of tmax indicator:         10.0

Task for patient = 88 with skills = {5,-1} and cost = 599.7
   Vehicle #0 = 30, leaving at = 963.0
   Vehicle #1 = -1, leaving at = inf
   Increment on distance indicator: 9.0
   Increment on tard indicator:     0.0
   Value of tmax indicator:         9.0

Task for patient = 137 with skills = {5,-1} and cost = 601.0
   Vehicle #0 = 23, leaving at = 1004.0
   Vehicle #1 = -1, leaving at = inf
   Increment on distance indicator: 4.0
   Increment on tard indicator:     0.0
   Value of tmax indicator:         4.0

Task for patient = 198 with skills = {4,-1} and cost = 602.0
   Vehicle #0 = 32, leaving at = 951.0
   Vehicle #1 = -1, leaving at = inf
   Increment on distance indicator: 3.0
   Increment on tard indicator:     0.0
   Value of tmax indicator:         3.0

Task for patient = 117 with skills = {5,-1} and cost = 605.0
   Vehicle #0 = 23, leaving at = 1060.0
   Vehicle #1 = -1, leaving at = inf
   Increment on distance indicator: 9.0
   Increment on tard indicator:     0.0
   Value of tmax indicator:         9.0

Task for patient = 1 with skills = {1,4} and cost = 611.0
   Vehicle #0 = 0, leaving at = 864.0
   Vehicle #1 = 34, leaving at = 888.0
   Increment on distance indicator: 18.0
   Increment on tard indicator:     0.0
   Value of tmax indicator:         18.0

Task for patient = 64 with skills = {5,-1} and cost = 619.3
   Vehicle #0 = 38, leaving at = 650.0
   Vehicle #1 = -1, leaving at = inf
   Increment on distance indicator: 25.0
   Increment on tard indicator:     0.0
   Value of tmax indicator:         25.0

Task for patient = 2 with skills = {1,-1} and cost = 654.0
   Vehicle #0 = 8, leaving at = 873.0
   Vehicle #1 = -1, leaving at = inf
   Increment on distance indicator: 11.0
   Increment on tard indicator:     0.0
   Value of tmax indicator:         11.0

Task for patient = 92 with skills = {1,-1} and cost = 627.7
   Vehicle #0 = 16, leaving at = 751.0
   Vehicle #1 = -1, leaving at = inf
   Increment on distance indicator: 3.0
   Increment on tard indicator:     0.0
   Value of tmax indicator:         3.0

Task for patient = 90 with skills = {3,-1} and cost = 629.3
   Vehicle #0 = 21, leaving at = 928.0
   Vehicle #1 = -1, leaving at = inf
   Increment on distance indicator: 5.0
   Increment on tard indicator:     0.0
   Value of tmax indicator:         5.0

Task for patient = 132 with skills = {4,-1} and cost = 630.3
   Vehicle #0 = 25, leaving at = 883.0
   Vehicle #1 = -1, leaving at = inf
   Increment on distance indicator: 3.0
   Increment on tard indicator:     0.0
   Value of tmax indicator:         3.0

Task for patient = 180 with skills = {0,-1} and cost = 632.7
   Vehicle #0 = 13, leaving at = 863.0
   Vehicle #1 = -1, leaving at = inf
   Increment on distance indicator: 7.0
   Increment on tard indicator:     0.0
   Value of tmax indicator:         7.0

Task for patient = 57 with skills = {1,-1} and cost = 636.3
   Vehicle #0 = 18, leaving at = 854.0
   Vehicle #1 = -1, leaving at = inf
   Increment on distance indicator: 11.0
   Increment on tard indicator:     0.0
   Value of tmax indicator:         11.0

Task for patient = 45 with skills = {1,-1} and cost = 638.0
   Vehicle #0 = 18, leaving at = 911.0
   Vehicle #1 = -1, leaving at = inf
   Increment on distance indicator: 5.0
   Increment on tard indicator:     0.0
   Value of tmax indicator:         5.0

Task for patient = 123 with skills = {0,-1} and cost = 642.7
   Vehicle #0 = 10, leaving at = 742.0
   Vehicle #1 = -1, leaving at = inf
   Increment on distance indicator: 14.0
   Increment on tard indicator:     0.0
   Value of tmax indicator:         14.0

Task for patient = 35 with skills = {5,-1} and cost = 647.3
   Vehicle #0 = 38, leaving at = 690.0
   Vehicle #1 = -1, leaving at = inf
   Increment on distance indicator: 14.0
   Increment on tard indicator:     0.0
   Value of tmax indicator:         14.0

Task for patient = 80 with skills = {4,-1} and cost = 650.3
   Vehicle #0 = 28, leaving at = 984.0
   Vehicle #1 = -1, leaving at = inf
   Increment on distance indicator: 9.0
   Increment on tard indicator:     0.0
   Value of tmax indicator:         9.0

Task for patient = 25 with skills = {4,-1} and cost = 777.7
   Vehicle #0 = 35, leaving at = 722.0
   Vehicle #1 = -1, leaving at = inf
   Increment on distance indicator: 48.0
   Increment on tard indicator:     0.0
   Value of tmax indicator:         48.0

Task for patient = 196 with skills = {3,-1} and cost = 654.3
   Vehicle #0 = 21, leaving at = 959.0
   Vehicle #1 = -1, leaving at = inf
   Increment on distance indicator: 1.0
   Increment on tard indicator:     0.0
   Value of tmax indicator:         1.0

Task for patient = 156 with skills = {0,-1} and cost = 626.7
   Vehicle #0 = 13, leaving at = 648.0
   Vehicle #1 = -1, leaving at = inf
   Increment on distance indicator: 22.0
   Increment on tard indicator:     0.0
   Value of tmax indicator:         22.0

Task for patient = 158 with skills = {2,-1} and cost = 887.7
   Vehicle #0 = 14, leaving at = 1016.0
   Vehicle #1 = -1, leaving at = inf
   Increment on distance indicator: 4.0
   Increment on tard indicator:     0.0
   Value of tmax indicator:         4.0

Task for patient = 11 with skills = {3,-1} and cost = 894.3
   Vehicle #0 = 27, leaving at = 878.0
   Vehicle #1 = -1, leaving at = inf
   Increment on distance indicator: 20.0
   Increment on tard indicator:     0.0
   Value of tmax indicator:         20.0

Task for patient = 76 with skills = {0,-1} and cost = 896.7
   Vehicle #0 = 13, leaving at = 997.0
   Vehicle #1 = -1, leaving at = inf
   Increment on distance indicator: 7.0
   Increment on tard indicator:     0.0
   Value of tmax indicator:         7.0

Task for patient = 67 with skills = {1,-1} and cost = 900.7
   Vehicle #0 = 2, leaving at = 993.0
   Vehicle #1 = -1, leaving at = inf
   Increment on distance indicator: 12.0
   Increment on tard indicator:     0.0
   Value of tmax indicator:         12.0

Task for patient = 101 with skills = {1,-1} and cost = 904.3
   Vehicle #0 = 0, leaving at = 970.0
   Vehicle #1 = -1, leaving at = inf
   Increment on distance indicator: 11.0
   Increment on tard indicator:     0.0
   Value of tmax indicator:         11.0

Task for patient = 18 with skills = {1,4} and cost = 908.7
   Vehicle #0 = 17, leaving at = 987.0
   Vehicle #1 = 34, leaving at = 1005.0
   Increment on distance indicator: 13.0
   Increment on tard indicator:     0.0
   Value of tmax indicator:         13.0

Task for patient = 179 with skills = {2,-1} and cost = 922.3
   Vehicle #0 = 18, leaving at = 1082.0
   Vehicle #1 = -1, leaving at = inf
   Increment on distance indicator: 7.0
   Increment on tard indicator:     0.0
   Value of tmax indicator:         7.0

Task for patient = 165 with skills = {4,-1} and cost = 927.3
   Vehicle #0 = 32, leaving at = 1012.0
   Vehicle #1 = -1, leaving at = inf
   Increment on distance indicator: 15.0
   Increment on tard indicator:     0.0
   Value of tmax indicator:         15.0

Task for patient = 87 with skills = {0,3} and cost = 936.7
   Vehicle #0 = 7, leaving at = 939.0
   Vehicle #1 = 20, leaving at = 974.0
   Increment on distance indicator: 28.0
   Increment on tard indicator:     0.0
   Value of tmax indicator:         28.0

Task for patient = 85 with skills = {4,-1} and cost = 940.7
   Vehicle #0 = 30, leaving at = 1031.0
   Vehicle #1 = -1, leaving at = inf
   Increment on distance indicator: 12.0
   Increment on tard indicator:     0.0
   Value of tmax indicator:         12.0

Task for patient = 66 with skills = {0,4} and cost = 947.0
   Vehicle #0 = 11, leaving at = 1008.0
   Vehicle #1 = 21, leaving at = 1017.0
   Increment on distance indicator: 19.0
   Increment on tard indicator:     0.0
   Value of tmax indicator:         19.0

Task for patient = 70 with skills = {1,-1} and cost = 779.7
   Vehicle #0 = 14, leaving at = 873.0
   Vehicle #1 = -1, leaving at = inf
   Increment on distance indicator: 6.0
   Increment on tard indicator:     0.0
   Value of tmax indicator:         6.0

Task for patient = 161 with skills = {0,5} and cost = 952.0
   Vehicle #0 = 3, leaving at = 1039.0
   Vehicle #1 = 28, leaving at = 1058.0
   Increment on distance indicator: 7.0
   Increment on tard indicator:     0.0
   Value of tmax indicator:         7.0

Task for patient = 163 with skills = {1,5} and cost = 961.3
   Vehicle #0 = 10, leaving at = 946.0
   Vehicle #1 = 22, leaving at = 975.0
   Increment on distance indicator: 28.0
   Increment on tard indicator:     0.0
   Value of tmax indicator:         28.0

Task for patient = 62 with skills = {5,-1} and cost = 966.3
   Vehicle #0 = 31, leaving at = 872.0
   Vehicle #1 = -1, leaving at = inf
   Increment on distance indicator: 15.0
   Increment on tard indicator:     0.0
   Value of tmax indicator:         15.0

Task for patient = 112 with skills = {5,-1} and cost = 969.0
   Vehicle #0 = 20, leaving at = 1000.0
   Vehicle #1 = -1, leaving at = inf
   Increment on distance indicator: 8.0
   Increment on tard indicator:     0.0
   Value of tmax indicator:         8.0

Task for patient = 120 with skills = {1,3} and cost = 973.7
   Vehicle #0 = 12, leaving at = 1035.0
   Vehicle #1 = 27, leaving at = 1030.0
   Increment on distance indicator: 14.0
   Increment on tard indicator:     0.0
   Value of tmax indicator:         14.0

Task for patient = 144 with skills = {1,-1} and cost = 977.0
   Vehicle #0 = 10, leaving at = 1014.0
   Vehicle #1 = -1, leaving at = inf
   Increment on distance indicator: 10.0
   Increment on tard indicator:     0.0
   Value of tmax indicator:         10.0

Task for patient = 40 with skills = {2,-1} and cost = 981.0
   Vehicle #0 = 6, leaving at = 912.0
   Vehicle #1 = -1, leaving at = inf
   Increment on distance indicator: 12.0
   Increment on tard indicator:     0.0
   Value of tmax indicator:         12.0

Task for patient = 83 with skills = {1,3} and cost = 990.0
   Vehicle #0 = 9, leaving at = 917.0
   Vehicle #1 = 36, leaving at = 944.0
   Increment on distance indicator: 27.0
   Increment on tard indicator:     0.0
   Value of tmax indicator:         27.0

Task for patient = 52 with skills = {1,5} and cost = 995.3
   Vehicle #0 = 9, leaving at = 943.0
   Vehicle #1 = 31, leaving at = 965.0
   Increment on distance indicator: 16.0
   Increment on tard indicator:     0.0
   Value of tmax indicator:         16.0

Task for patient = 26 with skills = {0,4} and cost = 1002.7
   Vehicle #0 = 6, leaving at = 1058.0
   Vehicle #1 = 20, leaving at = 1038.0
   Increment on distance indicator: 22.0
   Increment on tard indicator:     0.0
   Value of tmax indicator:         22.0

Task for patient = 149 with skills = {4,-1} and cost = 1003.7
   Vehicle #0 = 37, leaving at = 1020.0
   Vehicle #1 = -1, leaving at = inf
   Increment on distance indicator: 3.0
   Increment on tard indicator:     0.0
   Value of tmax indicator:         3.0

Task for patient = 139 with skills = {5,-1} and cost = 949.7
   Vehicle #0 = 37, leaving at = 991.0
   Vehicle #1 = -1, leaving at = inf
   Increment on distance indicator: 8.0
   Increment on tard indicator:     0.0
   Value of tmax indicator:         8.0

Task for patient = 75 with skills = {1,-1} and cost = 568.7
   Vehicle #0 = 15, leaving at = 637.0
   Vehicle #1 = -1, leaving at = inf
   Increment on distance indicator: 1.0
   Increment on tard indicator:     0.0
   Value of tmax indicator:         1.0

Task for patient = 171 with skills = {1,-1} and cost = 780.7
   Vehicle #0 = 5, leaving at = 1015.0
   Vehicle #1 = -1, leaving at = inf
   Increment on distance indicator: 3.0
   Increment on tard indicator:     0.0
   Value of tmax indicator:         3.0

Task for patient = 54 with skills = {5,-1} and cost = 784.7
   Vehicle #0 = 37, leaving at = 929.0
   Vehicle #1 = -1, leaving at = inf
   Increment on distance indicator: 12.0
   Increment on tard indicator:     0.0
   Value of tmax indicator:         12.0

Task for patient = 27 with skills = {1,-1} and cost = 788.0
   Vehicle #0 = 17, leaving at = 640.0
   Vehicle #1 = -1, leaving at = inf
   Increment on distance indicator: 10.0
   Increment on tard indicator:     0.0
   Value of tmax indicator:         10.0

Task for patient = 36 with skills = {0,-1} and cost = 794.7
   Vehicle #0 = 10, leaving at = 778.0
   Vehicle #1 = -1, leaving at = inf
   Increment on distance indicator: 20.0
   Increment on tard indicator:     0.0
   Value of tmax indicator:         20.0

Task for patient = 129 with skills = {1,-1} and cost = 797.7
   Vehicle #0 = 11, leaving at = 923.0
   Vehicle #1 = -1, leaving at = inf
   Increment on distance indicator: 9.0
   Increment on tard indicator:     0.0
   Value of tmax indicator:         9.0

Task for patient = 113 with skills = {5,-1} and cost = 801.3
   Vehicle #0 = 26, leaving at = 1046.0
   Vehicle #1 = -1, leaving at = inf
   Increment on distance indicator: 11.0
   Increment on tard indicator:     0.0
   Value of tmax indicator:         11.0

Task for patient = 181 with skills = {0,-1} and cost = 802.7
   Vehicle #0 = 12, leaving at = 980.0
   Vehicle #1 = -1, leaving at = inf
   Increment on distance indicator: 4.0
   Increment on tard indicator:     0.0
   Value of tmax indicator:         4.0

Task for patient = 48 with skills = {1,-1} and cost = 803.7
   Vehicle #0 = 16, leaving at = 926.0
   Vehicle #1 = -1, leaving at = inf
   Increment on distance indicator: 3.0
   Increment on tard indicator:     0.0
   Value of tmax indicator:         3.0

Task for patient = 116 with skills = {1,-1} and cost = 809.3
   Vehicle #0 = 17, leaving at = 807.0
   Vehicle #1 = -1, leaving at = inf
   Increment on distance indicator: 17.0
   Increment on tard indicator:     0.0
   Value of tmax indicator:         17.0

Task for patient = 121 with skills = {4,-1} and cost = 812.3
   Vehicle #0 = 39, leaving at = 876.0
   Vehicle #1 = -1, leaving at = inf
   Increment on distance indicator: 9.0
   Increment on tard indicator:     0.0
   Value of tmax indicator:         9.0

Task for patient = 178 with skills = {3,-1} and cost = 886.3
   Vehicle #0 = 34, leaving at = 959.0
   Vehicle #1 = -1, leaving at = inf
   Increment on distance indicator: 12.0
   Increment on tard indicator:     0.0
   Value of tmax indicator:         12.0

Task for patient = 145 with skills = {1,3} and cost = 821.3
   Vehicle #0 = 1, leaving at = 988.0
   Vehicle #1 = 24, leaving at = 974.0
   Increment on distance indicator: 22.0
   Increment on tard indicator:     0.0
   Value of tmax indicator:         22.0

Task for patient = 154 with skills = {1,-1} and cost = 822.7
   Vehicle #0 = 18, leaving at = 954.0
   Vehicle #1 = -1, leaving at = inf
   Increment on distance indicator: 4.0
   Increment on tard indicator:     0.0
   Value of tmax indicator:         4.0

Task for patient = 168 with skills = {0,4} and cost = 829.7
   Vehicle #0 = 11, leaving at = 974.0
   Vehicle #1 = 30, leaving at = 997.0
   Increment on distance indicator: 21.0
   Increment on tard indicator:     0.0
   Value of tmax indicator:         21.0

Task for patient = 63 with skills = {3,-1} and cost = 833.7
   Vehicle #0 = 35, leaving at = 810.0
   Vehicle #1 = -1, leaving at = inf
   Increment on distance indicator: 12.0
   Increment on tard indicator:     0.0
   Value of tmax indicator:         12.0

Task for patient = 150 with skills = {1,3} and cost = 842.0
   Vehicle #0 = 10, leaving at = 828.0
   Vehicle #1 = 36, leaving at = 885.0
   Increment on distance indicator: 25.0
   Increment on tard indicator:     0.0
   Value of tmax indicator:         25.0

Task for patient = 134 with skills = {0,-1} and cost = 846.3
   Vehicle #0 = 10, leaving at = 894.0
   Vehicle #1 = -1, leaving at = inf
   Increment on distance indicator: 13.0
   Increment on tard indicator:     0.0
   Value of tmax indicator:         13.0

Task for patient = 170 with skills = {1,3} and cost = 852.0
   Vehicle #0 = 16, leaving at = 955.0
   Vehicle #1 = 25, leaving at = 985.0
   Increment on distance indicator: 17.0
   Increment on tard indicator:     0.0
   Value of tmax indicator:         17.0

Task for patient = 74 with skills = {0,-1} and cost = 859.7
   Vehicle #0 = 3, leaving at = 995.0
   Vehicle #1 = -1, leaving at = inf
   Increment on distance indicator: 5.0
   Increment on tard indicator:     0.0
   Value of tmax indicator:         5.0

Task for patient = 97 with skills = {1,5} and cost = 860.7
   Vehicle #0 = 18, leaving at = 1016.0
   Vehicle #1 = 38, leaving at = 1011.0
   Increment on distance indicator: 3.0
   Increment on tard indicator:     0.0
   Value of tmax indicator:         3.0

Task for patient = 4 with skills = {2,4} and cost = 874.7
   Vehicle #0 = 6, leaving at = 848.0
   Vehicle #1 = 33, leaving at = 871.0
   Increment on distance indicator: 42.0
   Increment on tard indicator:     0.0
   Value of tmax indicator:         42.0

Task for patient = 109 with skills = {1,4} and cost = 879.0
   Vehicle #0 = 14, leaving at = 959.0
   Vehicle #1 = 35, leaving at = 971.0
   Increment on distance indicator: 13.0
   Increment on tard indicator:     0.0
   Value of tmax indicator:         13.0

Task for patient = 164 with skills = {0,-1} and cost = 882.3
   Vehicle #0 = 4, leaving at = 1025.0
   Vehicle #1 = -1, leaving at = inf
   Increment on distance indicator: 10.0
   Increment on tard indicator:     0.0
   Value of tmax indicator:         10.0

Task for patient = 95 with skills = {1,-1} and cost = 814.0
   Vehicle #0 = 17, leaving at = 840.0
   Vehicle #1 = -1, leaving at = inf
   Increment on distance indicator: 5.0
   Increment on tard indicator:     0.0
   Value of tmax indicator:         5.0

Task for patient = 32 with skills = {1,-1} and cost = 208.0
   Vehicle #0 = 8, leaving at = 543.0
   Vehicle #1 = -1, leaving at = inf
   Increment on distance indicator: 27.0
   Increment on tard indicator:     0.0
   Value of tmax indicator:         27.0

Task for patient = 146 with skills = {3,-1} and cost = 216.7
   Vehicle #0 = 26, leaving at = 633.0
   Vehicle #1 = -1, leaving at = inf
   Increment on distance indicator: 26.0
   Increment on tard indicator:     0.0
   Value of tmax indicator:         26.0

Task for patient = 135 with skills = {0,4} and cost = 223.7
   Vehicle #0 = 8, leaving at = 662.0
   Vehicle #1 = 26, leaving at = 667.0
   Increment on distance indicator: 21.0
   Increment on tard indicator:     0.0
   Value of tmax indicator:         21.0

Task for patient = 100 with skills = {0,4} and cost = 225.7
   Vehicle #0 = 7, leaving at = 642.0
   Vehicle #1 = 28, leaving at = 674.0
   Increment on distance indicator: 6.0
   Increment on tard indicator:     0.0
   Value of tmax indicator:         6.0

Task for patient = 133 with skills = {4,-1} and cost = 232.0
   Vehicle #0 = 29, leaving at = 598.0
   Vehicle #1 = -1, leaving at = inf
   Increment on distance indicator: 19.0
   Increment on tard indicator:     0.0
   Value of tmax indicator:         19.0

Task for patient = 143 with skills = {1,4} and cost = 234.0
   Vehicle #0 = 8, leaving at = 702.0
   Vehicle #1 = 26, leaving at = 717.0
   Increment on distance indicator: 6.0
   Increment on tard indicator:     0.0
   Value of tmax indicator:         6.0

Task for patient = 17 with skills = {3,-1} and cost = 237.3
   Vehicle #0 = 23, leaving at = 858.0
   Vehicle #1 = -1, leaving at = inf
   Increment on distance indicator: 10.0
   Increment on tard indicator:     0.0
   Value of tmax indicator:         10.0

Task for patient = 60 with skills = {2,3} and cost = 240.7
   Vehicle #0 = 1, leaving at = 774.0
   Vehicle #1 = 26, leaving at = 802.0
   Increment on distance indicator: 10.0
   Increment on tard indicator:     0.0
   Value of tmax indicator:         10.0

Task for patient = 41 with skills = {1,-1} and cost = 243.3
   Vehicle #0 = 8, leaving at = 726.0
   Vehicle #1 = -1, leaving at = inf
   Increment on distance indicator: 8.0
   Increment on tard indicator:     0.0
   Value of tmax indicator:         8.0

Task for patient = 111 with skills = {5,-1} and cost = 247.0
   Vehicle #0 = 22, leaving at = 844.0
   Vehicle #1 = -1, leaving at = inf
   Increment on distance indicator: 11.0
   Increment on tard indicator:     0.0
   Value of tmax indicator:         11.0

Task for patient = 20 with skills = {2,5} and cost = 262.3
   Vehicle #0 = 11, leaving at = 564.0
   Vehicle #1 = 30, leaving at = 553.0
   Increment on distance indicator: 46.0
   Increment on tard indicator:     0.0
   Value of tmax indicator:         46.0

Task for patient = 34 with skills = {2,4} and cost = 562.7
   Vehicle #0 = 5, leaving at = 975.0
   Vehicle #1 = 26, leaving at = 979.0
   Increment on distance indicator: 19.0
   Increment on tard indicator:     0.0
   Value of tmax indicator:         19.0

Task for patient = 128 with skills = {0,5} and cost = 274.7
   Vehicle #0 = 2, leaving at = 768.0
   Vehicle #1 = 29, leaving at = 788.0
   Increment on distance indicator: 21.0
   Increment on tard indicator:     0.0
   Value of tmax indicator:         21.0

Task for patient = 31 with skills = {5,-1} and cost = 276.3
   Vehicle #0 = 26, leaving at = 857.0
   Vehicle #1 = -1, leaving at = inf
   Increment on distance indicator: 5.0
   Increment on tard indicator:     0.0
   Value of tmax indicator:         5.0

Task for patient = 44 with skills = {5,-1} and cost = 278.0
   Vehicle #0 = 30, leaving at = 596.0
   Vehicle #1 = -1, leaving at = inf
   Increment on distance indicator: 5.0
   Increment on tard indicator:     0.0
   Value of tmax indicator:         5.0

Task for patient = 124 with skills = {4,-1} and cost = 284.0
   Vehicle #0 = 32, leaving at = 526.0
   Vehicle #1 = -1, leaving at = inf
   Increment on distance indicator: 18.0
   Increment on tard indicator:     0.0
   Value of tmax indicator:         18.0

Task for patient = 24 with skills = {5,-1} and cost = 286.7
   Vehicle #0 = 29, leaving at = 819.0
   Vehicle #1 = -1, leaving at = inf
   Increment on distance indicator: 8.0
   Increment on tard indicator:     0.0
   Value of tmax indicator:         8.0

Task for patient = 151 with skills = {1,5} and cost = 297.7
   Vehicle #0 = 1, leaving at = 842.0
   Vehicle #1 = 24, leaving at = 874.0
   Increment on distance indicator: 33.0
   Increment on tard indicator:     0.0
   Value of tmax indicator:         33.0

Task for patient = 9 with skills = {2,-1} and cost = 299.3
   Vehicle #0 = 4, leaving at = 634.0
   Vehicle #1 = -1, leaving at = inf
   Increment on distance indicator: 5.0
   Increment on tard indicator:     0.0
   Value of tmax indicator:         5.0

Task for patient = 7 with skills = {4,-1} and cost = 303.3
   Vehicle #0 = 28, leaving at = 729.0
   Vehicle #1 = -1, leaving at = inf
   Increment on distance indicator: 12.0
   Increment on tard indicator:     0.0
   Value of tmax indicator:         12.0

Task for patient = 200 with skills = {2,-1} and cost = 304.3
   Vehicle #0 = 5, leaving at = 747.0
   Vehicle #1 = -1, leaving at = inf
   Increment on distance indicator: 3.0
   Increment on tard indicator:     0.0
   Value of tmax indicator:         3.0

Task for patient = 197 with skills = {1,-1} and cost = 310.0
   Vehicle #0 = 9, leaving at = 615.0
   Vehicle #1 = -1, leaving at = inf
   Increment on distance indicator: 17.0
   Increment on tard indicator:     0.0
   Value of tmax indicator:         17.0

Task for patient = 199 with skills = {5,-1} and cost = 317.0
   Vehicle #0 = 32, leaving at = 635.0
   Vehicle #1 = -1, leaving at = inf
   Increment on distance indicator: 21.0
   Increment on tard indicator:     0.0
   Value of tmax indicator:         21.0

Task for patient = 33 with skills = {2,-1} and cost = 267.7
   Vehicle #0 = 3, leaving at = 868.0
   Vehicle #1 = -1, leaving at = inf
   Increment on distance indicator: 16.0
   Increment on tard indicator:     0.0
   Value of tmax indicator:         16.0

Task for patient = 21 with skills = {1,3} and cost = 17.3
   Vehicle #0 = 0, leaving at = 566.0
   Vehicle #1 = 20, leaving at = 569.0
   Increment on distance indicator: 52.0
   Increment on tard indicator:     0.0
   Value of tmax indicator:         52.0

Task for patient = 136 with skills = {0,3} and cost = 30.7
   Vehicle #0 = 1, leaving at = 634.0
   Vehicle #1 = 21, leaving at = 618.0
   Increment on distance indicator: 40.0
   Increment on tard indicator:     0.0
   Value of tmax indicator:         40.0

Task for patient = 127 with skills = {1,3} and cost = 37.3
   Vehicle #0 = 0, leaving at = 634.0
   Vehicle #1 = 20, leaving at = 640.0
   Increment on distance indicator: 20.0
   Increment on tard indicator:     0.0
   Value of tmax indicator:         20.0

Task for patient = 46 with skills = {1,-1} and cost = 41.0
   Vehicle #0 = 0, leaving at = 683.0
   Vehicle #1 = -1, leaving at = inf
   Increment on distance indicator: 11.0
   Increment on tard indicator:     0.0
   Value of tmax indicator:         11.0

Task for patient = 160 with skills = {0,-1} and cost = 46.7
   Vehicle #0 = 2, leaving at = 511.0
   Vehicle #1 = -1, leaving at = inf
   Increment on distance indicator: 17.0
   Increment on tard indicator:     0.0
   Value of tmax indicator:         17.0

Task for patient = 176 with skills = {0,4} and cost = 52.0
   Vehicle #0 = 1, leaving at = 692.0
   Vehicle #1 = 21, leaving at = 701.0
   Increment on distance indicator: 16.0
   Increment on tard indicator:     0.0
   Value of tmax indicator:         16.0

Task for patient = 177 with skills = {2,-1} and cost = 57.3
   Vehicle #0 = 1, leaving at = 742.0
   Vehicle #1 = -1, leaving at = inf
   Increment on distance indicator: 16.0
   Increment on tard indicator:     0.0
   Value of tmax indicator:         16.0

Task for patient = 152 with skills = {4,-1} and cost = 61.7
   Vehicle #0 = 20, leaving at = 751.0
   Vehicle #1 = -1, leaving at = inf
   Increment on distance indicator: 13.0
   Increment on tard indicator:     0.0
   Value of tmax indicator:         13.0

Task for patient = 23 with skills = {2,4} and cost = 74.3
   Vehicle #0 = 2, leaving at = 561.0
   Vehicle #1 = 23, leaving at = 595.0
   Increment on distance indicator: 38.0
   Increment on tard indicator:     0.0
   Value of tmax indicator:         38.0

Task for patient = 43 with skills = {5,-1} and cost = 81.0
   Vehicle #0 = 20, leaving at = 829.0
   Vehicle #1 = -1, leaving at = inf
   Increment on distance indicator: 20.0
   Increment on tard indicator:     0.0
   Value of tmax indicator:         20.0

Task for patient = 188 with skills = {1,-1} and cost = 88.7
   Vehicle #0 = 3, leaving at = 578.0
   Vehicle #1 = -1, leaving at = inf
   Increment on distance indicator: 23.0
   Increment on tard indicator:     0.0
   Value of tmax indicator:         23.0

Task for patient = 14 with skills = {1,4} and cost = 199.0
   Vehicle #0 = 7, leaving at = 536.0
   Vehicle #1 = 28, leaving at = 522.0
   Increment on distance indicator: 22.0
   Increment on tard indicator:     0.0
   Value of tmax indicator:         22.0

Task for patient = 172 with skills = {2,4} and cost = 101.3
   Vehicle #0 = 4, leaving at = 581.0
   Vehicle #1 = 24, leaving at = 558.0
   Increment on distance indicator: 18.0
   Increment on tard indicator:     0.0
   Value of tmax indicator:         18.0

Task for patient = 119 with skills = {3,-1} and cost = 124.7
   Vehicle #0 = 24, leaving at = 714.0
   Vehicle #1 = -1, leaving at = inf
   Increment on distance indicator: 29.0
   Increment on tard indicator:     0.0
   Value of tmax indicator:         29.0

Task for patient = 82 with skills = {2,5} and cost = 135.3
   Vehicle #0 = 2, leaving at = 734.0
   Vehicle #1 = 23, leaving at = 743.0
   Increment on distance indicator: 32.0
   Increment on tard indicator:     0.0
   Value of tmax indicator:         32.0

Task for patient = 73 with skills = {2,4} and cost = 140.7
   Vehicle #0 = 3, leaving at = 722.0
   Vehicle #1 = 24, leaving at = 733.0
   Increment on distance indicator: 16.0
   Increment on tard indicator:     0.0
   Value of tmax indicator:         16.0

Task for patient = 16 with skills = {2,-1} and cost = 146.3
   Vehicle #0 = 5, leaving at = 555.0
   Vehicle #1 = -1, leaving at = inf
   Increment on distance indicator: 17.0
   Increment on tard indicator:     0.0
   Value of tmax indicator:         17.0

Task for patient = 15 with skills = {1,-1} and cost = 150.0
   Vehicle #0 = 5, leaving at = 617.0
   Vehicle #1 = -1, leaving at = inf
   Increment on distance indicator: 11.0
   Increment on tard indicator:     0.0
   Value of tmax indicator:         11.0

Task for patient = 110 with skills = {5,-1} and cost = 155.3
   Vehicle #0 = 22, leaving at = 557.0
   Vehicle #1 = -1, leaving at = inf
   Increment on distance indicator: 16.0
   Increment on tard indicator:     0.0
   Value of tmax indicator:         16.0

Task for patient = 173 with skills = {0,3} and cost = 160.0
   Vehicle #0 = 6, leaving at = 732.0
   Vehicle #1 = 25, leaving at = 758.0
   Increment on distance indicator: 14.0
   Increment on tard indicator:     0.0
   Value of tmax indicator:         14.0

Task for patient = 94 with skills = {1,4} and cost = 168.3
   Vehicle #0 = 0, leaving at = 763.0
   Vehicle #1 = 23, leaving at = 790.0
   Increment on distance indicator: 25.0
   Increment on tard indicator:     0.0
   Value of tmax indicator:         25.0

Task for patient = 68 with skills = {1,4} and cost = 173.0
   Vehicle #0 = 0, leaving at = 830.0
   Vehicle #1 = 23, leaving at = 822.0
   Increment on distance indicator: 14.0
   Increment on tard indicator:     0.0
   Value of tmax indicator:         14.0

Task for patient = 130 with skills = {3,-1} and cost = 184.3
   Vehicle #0 = 26, leaving at = 548.0
   Vehicle #1 = -1, leaving at = inf
   Increment on distance indicator: 34.0
   Increment on tard indicator:     0.0
   Value of tmax indicator:         34.0

Task for patient = 190 with skills = {0,5} and cost = 191.7
   Vehicle #0 = 5, leaving at = 684.0
   Vehicle #1 = 22, leaving at = 641.0
   Increment on distance indicator: 22.0
   Increment on tard indicator:     0.0
   Value of tmax indicator:         22.0

Task for patient = 193 with skills = {2,3} and cost = 95.3
   Vehicle #0 = 2, leaving at = 627.0
   Vehicle #1 = 23, leaving at = 629.0
   Increment on distance indicator: 20.0
   Increment on tard indicator:     0.0
   Value of tmax indicator:         20.0

Task for patient = 5 with skills = {4,-1} and cost = 426.3
   Vehicle #0 = 25, leaving at = 799.0
   Vehicle #1 = -1, leaving at = inf
   Increment on distance indicator: 8.0
   Increment on tard indicator:     0.0
   Value of tmax indicator:         8.0

Task for patient = 142 with skills = {0,5} and cost = 433.0
   Vehicle #0 = 13, leaving at = 542.0
   Vehicle #1 = 33, leaving at = 579.0
   Increment on distance indicator: 20.0
   Increment on tard indicator:     0.0
   Value of tmax indicator:         20.0

Task for patient = 108 with skills = {3,-1} and cost = 440.7
   Vehicle #0 = 34, leaving at = 525.0
   Vehicle #1 = -1, leaving at = inf
   Increment on distance indicator: 23.0
   Increment on tard indicator:     0.0
   Value of tmax indicator:         23.0

Task for patient = 174 with skills = {1,-1} and cost = 446.0
   Vehicle #0 = 10, leaving at = 602.0
   Vehicle #1 = -1, leaving at = inf
   Increment on distance indicator: 16.0
   Increment on tard indicator:     0.0
   Value of tmax indicator:         16.0

Task for patient = 13 with skills = {0,5} and cost = 448.7
   Vehicle #0 = 4, leaving at = 663.0
   Vehicle #1 = 33, leaving at = 679.0
   Increment on distance indicator: 8.0
   Increment on tard indicator:     0.0
   Value of tmax indicator:         8.0

Task for patient = 42 with skills = {0,-1} and cost = 451.3
   Vehicle #0 = 12, leaving at = 821.0
   Vehicle #1 = -1, leaving at = inf
   Increment on distance indicator: 8.0
   Increment on tard indicator:     0.0
   Value of tmax indicator:         8.0

Task for patient = 38 with skills = {5,-1} and cost = 459.0
   Vehicle #0 = 37, leaving at = 542.0
   Vehicle #1 = -1, leaving at = inf
   Increment on distance indicator: 23.0
   Increment on tard indicator:     0.0
   Value of tmax indicator:         23.0

Task for patient = 3 with skills = {0,-1} and cost = 465.7
   Vehicle #0 = 13, leaving at = 578.0
   Vehicle #1 = -1, leaving at = inf
   Increment on distance indicator: 2.0
   Increment on tard indicator:     0.0
   Value of tmax indicator:         2.0

Task for patient = 84 with skills = {0,-1} and cost = 473.0
   Vehicle #0 = 14, leaving at = 538.0
   Vehicle #1 = -1, leaving at = inf
   Increment on distance indicator: 22.0
   Increment on tard indicator:     0.0
   Value of tmax indicator:         22.0

Task for patient = 49 with skills = {4,-1} and cost = 476.3
   Vehicle #0 = 34, leaving at = 685.0
   Vehicle #1 = -1, leaving at = inf
   Increment on distance indicator: 10.0
   Increment on tard indicator:     0.0
   Value of tmax indicator:         10.0

Task for patient = 191 with skills = {1,4} and cost = 483.0
   Vehicle #0 = 2, leaving at = 966.0
   Vehicle #1 = 29, leaving at = 1006.0
   Increment on distance indicator: 20.0
   Increment on tard indicator:     0.0
   Value of tmax indicator:         20.0

Task for patient = 28 with skills = {3,-1} and cost = 319.7
   Vehicle #0 = 30, leaving at = 659.0
   Vehicle #1 = -1, leaving at = inf
   Increment on distance indicator: 8.0
   Increment on tard indicator:     0.0
   Value of tmax indicator:         8.0

Task for patient = 162 with skills = {3,-1} and cost = 491.0
   Vehicle #0 = 21, leaving at = 872.0
   Vehicle #1 = -1, leaving at = inf
   Increment on distance indicator: 11.0
   Increment on tard indicator:     0.0
   Value of tmax indicator:         11.0

Task for patient = 182 with skills = {0,4} and cost = 502.3
   Vehicle #0 = 14, leaving at = 726.0
   Vehicle #1 = 33, leaving at = 730.0
   Increment on distance indicator: 34.0
   Increment on tard indicator:     0.0
   Value of tmax indicator:         34.0

Task for patient = 153 with skills = {2,4} and cost = 506.7
   Vehicle #0 = 5, leaving at = 943.0
   Vehicle #1 = 23, leaving at = 950.0
   Increment on distance indicator: 13.0
   Increment on tard indicator:     0.0
   Value of tmax indicator:         13.0

Task for patient = 169 with skills = {0,-1} and cost = 514.7
   Vehicle #0 = 11, leaving at = 796.0
   Vehicle #1 = -1, leaving at = inf
   Increment on distance indicator: 24.0
   Increment on tard indicator:     0.0
   Value of tmax indicator:         24.0

Task for patient = 159 with skills = {4,-1} and cost = 515.3
   Vehicle #0 = 34, leaving at = 735.0
   Vehicle #1 = -1, leaving at = inf
   Increment on distance indicator: 2.0
   Increment on tard indicator:     0.0
   Value of tmax indicator:         2.0

Task for patient = 39 with skills = {5,-1} and cost = 532.3
   Vehicle #0 = 20, leaving at = 927.0
   Vehicle #1 = -1, leaving at = inf
   Increment on distance indicator: 14.0
   Increment on tard indicator:     0.0
   Value of tmax indicator:         14.0

Task for patient = 126 with skills = {0,3} and cost = 538.7
   Vehicle #0 = 12, leaving at = 922.0
   Vehicle #1 = 24, leaving at = 937.0
   Increment on distance indicator: 19.0
   Increment on tard indicator:     0.0
   Value of tmax indicator:         19.0

Task for patient = 30 with skills = {3,-1} and cost = 542.7
   Vehicle #0 = 37, leaving at = 724.0
   Vehicle #1 = -1, leaving at = inf
   Increment on distance indicator: 12.0
   Increment on tard indicator:     0.0
   Value of tmax indicator:         12.0

Task for patient = 59 with skills = {2,-1} and cost = 550.0
   Vehicle #0 = 15, leaving at = 552.0
   Vehicle #1 = -1, leaving at = inf
   Increment on distance indicator: 22.0
   Increment on tard indicator:     0.0
   Value of tmax indicator:         22.0

Task for patient = 10 with skills = {3,-1} and cost = 556.3
   Vehicle #0 = 27, leaving at = 812.0
   Vehicle #1 = -1, leaving at = inf
   Increment on distance indicator: 19.0
   Increment on tard indicator:     0.0
   Value of tmax indicator:         19.0

Task for patient = 183 with skills = {4,-1} and cost = 1009.0
   Vehicle #0 = 36, leaving at = 1017.0
   Vehicle #1 = -1, leaving at = inf
   Increment on distance indicator: 16.0
   Increment on tard indicator:     0.0
   Value of tmax indicator:         16.0

Task for patient = 125 with skills = {1,-1} and cost = 568.3
   Vehicle #0 = 10, leaving at = 694.0
   Vehicle #1 = -1, leaving at = inf
   Increment on distance indicator: 17.0
   Increment on tard indicator:     0.0
   Value of tmax indicator:         17.0

Task for patient = 12 with skills = {1,-1} and cost = 487.3
   Vehicle #0 = 9, leaving at = 716.0
   Vehicle #1 = -1, leaving at = inf
   Increment on distance indicator: 13.0
   Increment on tard indicator:     0.0
   Value of tmax indicator:         13.0

Task for patient = 166 with skills = {1,-1} and cost = 325.0
   Vehicle #0 = 9, leaving at = 655.0
   Vehicle #1 = -1, leaving at = inf
   Increment on distance indicator: 16.0
   Increment on tard indicator:     0.0
   Value of tmax indicator:         16.0

Task for patient = 187 with skills = {1,5} and cost = 330.0
   Vehicle #0 = 1, leaving at = 881.0
   Vehicle #1 = 28, leaving at = 913.0
   Increment on distance indicator: 15.0
   Increment on tard indicator:     0.0
   Value of tmax indicator:         15.0

Task for patient = 140 with skills = {1,-1} and cost = 330.7
   Vehicle #0 = 11, leaving at = 604.0
   Vehicle #1 = -1, leaving at = inf
   Increment on distance indicator: 2.0
   Increment on tard indicator:     0.0
   Value of tmax indicator:         2.0

Task for patient = 53 with skills = {3,-1} and cost = 332.0
   Vehicle #0 = 27, leaving at = 565.0
   Vehicle #1 = -1, leaving at = inf
   Increment on distance indicator: 4.0
   Increment on tard indicator:     0.0
   Value of tmax indicator:         4.0

Task for patient = 194 with skills = {1,-1} and cost = 334.0
   Vehicle #0 = 11, leaving at = 657.0
   Vehicle #1 = -1, leaving at = inf
   Increment on distance indicator: 6.0
   Increment on tard indicator:     0.0
   Value of tmax indicator:         6.0

Task for patient = 56 with skills = {4,-1} and cost = 339.7
   Vehicle #0 = 30, leaving at = 708.0
   Vehicle #1 = -1, leaving at = inf
   Increment on distance indicator: 17.0
   Increment on tard indicator:     0.0
   Value of tmax indicator:         17.0

Task for patient = 107 with skills = {2,-1} and cost = 348.0
   Vehicle #0 = 12, leaving at = 516.0
   Vehicle #1 = -1, leaving at = inf
   Increment on distance indicator: 25.0
   Increment on tard indicator:     0.0
   Value of tmax indicator:         25.0

Task for patient = 147 with skills = {3,-1} and cost = 360.7
   Vehicle #0 = 27, leaving at = 677.0
   Vehicle #1 = -1, leaving at = inf
   Increment on distance indicator: 38.0
   Increment on tard indicator:     0.0
   Value of tmax indicator:         38.0

Task for patient = 6 with skills = {3,-1} and cost = 363.7
   Vehicle #0 = 30, leaving at = 739.0
   Vehicle #1 = -1, leaving at = inf
   Increment on distance indicator: 9.0
   Increment on tard indicator:     0.0
   Value of tmax indicator:         9.0

Task for patient = 105 with skills = {2,3} and cost = 369.0
   Vehicle #0 = 2, leaving at = 846.0
   Vehicle #1 = 29, leaving at = 870.0
   Increment on distance indicator: 16.0
   Increment on tard indicator:     0.0
   Value of tmax indicator:         16.0

Task for patient = 79 with skills = {0,-1} and cost = 376.3
   Vehicle #0 = 12, leaving at = 584.0
   Vehicle #1 = -1, leaving at = inf
   Increment on distance indicator: 22.0
   Increment on tard indicator:     0.0
   Value of tmax indicator:         22.0

Task for patient = 184 with skills = {1,-1} and cost = 423.7
   Vehicle #0 = 8, leaving at = 794.0
   Vehicle #1 = -1, leaving at = inf
   Increment on distance indicator: 6.0
   Increment on tard indicator:     0.0
   Value of tmax indicator:         6.0

Task for patient = 114 with skills = {5,-1} and cost = 393.0
   Vehicle #0 = 32, leaving at = 707.0
   Vehicle #1 = -1, leaving at = inf
   Increment on distance indicator: 12.0
   Increment on tard indicator:     0.0
   Value of tmax indicator:         12.0

Task for patient = 122 with skills = {4,-1} and cost = 395.7
   Vehicle #0 = 23, leaving at = 907.0
   Vehicle #1 = -1, leaving at = inf
   Increment on distance indicator: 8.0
   Increment on tard indicator:     0.0
   Value of tmax indicator:         8.0

Task for patient = 141 with skills = {1,-1} and cost = 396.7
   Vehicle #0 = 12, leaving at = 612.0
   Vehicle #1 = -1, leaving at = inf
   Increment on distance indicator: 3.0
   Increment on tard indicator:     0.0
   Value of tmax indicator:         3.0

Task for patient = 115 with skills = {4,-1} and cost = 399.0
   Vehicle #0 = 21, leaving at = 807.0
   Vehicle #1 = -1, leaving at = inf
   Increment on distance indicator: 7.0
   Increment on tard indicator:     0.0
   Value of tmax indicator:         7.0

Task for patient = 104 with skills = {4,-1} and cost = 400.7
   Vehicle #0 = 28, leaving at = 958.0
   Vehicle #1 = -1, leaving at = inf
   Increment on distance indicator: 5.0
   Increment on tard indicator:     0.0
   Value of tmax indicator:         5.0

Task for patient = 192 with skills = {4,-1} and cost = 405.0
   Vehicle #0 = 30, leaving at = 787.0
   Vehicle #1 = -1, leaving at = inf
   Increment on distance indicator: 13.0
   Increment on tard indicator:     0.0
   Value of tmax indicator:         13.0

Task for patient = 96 with skills = {5,-1} and cost = 408.0
   Vehicle #0 = 26, leaving at = 903.0
   Vehicle #1 = -1, leaving at = inf
   Increment on distance indicator: 9.0
   Increment on tard indicator:     0.0
   Value of tmax indicator:         9.0

Task for patient = 175 with skills = {1,-1} and cost = 409.0
   Vehicle #0 = 8, leaving at = 759.0
   Vehicle #1 = -1, leaving at = inf
   Increment on distance indicator: 3.0
   Increment on tard indicator:     0.0
   Value of tmax indicator:         3.0

Task for patient = 89 with skills = {0,-1} and cost = 415.7
   Vehicle #0 = 10, leaving at = 560.0
   Vehicle #1 = -1, leaving at = inf
   Increment on distance indicator: 20.0
   Increment on tard indicator:     0.0
   Value of tmax indicator:         20.0

Task for patient = 186 with skills = {1,4} and cost = 417.7
   Vehicle #0 = 1, leaving at = 925.0
   Vehicle #1 = 32, leaving at = 933.0
   Increment on distance indicator: 6.0
   Increment on tard indicator:     0.0
   Value of tmax indicator:         6.0

Task for patient = 155 with skills = {1,-1} and cost = 419.3
   Vehicle #0 = 11, leaving at = 737.0
   Vehicle #1 = -1, leaving at = inf
   Increment on distance indicator: 5.0
   Increment on tard indicator:     0.0
   Value of tmax indicator:         5.0

Task for patient = 99 with skills = {4,-1} and cost = 421.7
   Vehicle #0 = 20, leaving at = 879.0
   Vehicle #1 = -1, leaving at = inf
   Increment on distance indicator: 7.0
   Increment on tard indicator:     0.0
   Value of tmax indicator:         7.0

Task for patient = 77 with skills = {0,5} and cost = 389.0
   Vehicle #0 = 11, leaving at = 704.0
   Vehicle #1 = 31, leaving at = 711.0
   Increment on distance indicator: 38.0
   Increment on tard indicator:     0.0
   Value of tmax indicator:         38.0


Unused vehicle list: (total = 0 out of 40)

---
Search finished.
Total of 448 generations in 9.7 seconds.
Exchange elite runs: 0
Implicit path relinking runs: 4
Reset attempts: 1

Best solution found:
   Cost: 959.0
   Total travel time: 2870.0
   Total tardiness time: 5.0
   Largest tardiness: 2.0


959.0
