--- BRKGA-MP-IPR for HHCRSP ---
Instance: new-instances/HHCRSP_200_40_48_1.0_C_C.txt
Seed: 1

Reading data... Problem contains 200 patients  and 40 caregivers.

Summary of supply x demand for each service type:
Skill 0 has supply = 12 and demand = 40, ratio = 0.3
Skill 1 has supply = 10 and demand = 37, ratio = 0.27027
Skill 2 has supply = 14 and demand = 52, ratio = 0.269231
Skill 3 has supply = 11 and demand = 32, ratio = 0.34375
Skill 4 has supply = 13 and demand = 53, ratio = 0.245283
Skill 5 has supply = 15 and demand = 46, ratio = 0.326087

Reading parameters...
Inferred distance function by PR type: kendall-tau
Building BRKGA data and initializing...
Evolving 448 generations...

  Gens  Rem    Local   ElDiv NoImpr             Best solution            Time  Op
                                       Cost     Dist    Tard    TMax 
*    0  448  4647.33  355.17      0  4647.33  2618.00 10931.0   393.0     0.0    
*    2  446  4598.67  266.39      0  4598.67  2668.00 10226.0   367.0     0.1    
*    3  445  4420.33  263.04      0  4420.33  2784.00  9362.0   357.0     0.1    
*    4  444  4167.67  313.01      0  4167.67  2652.00  8157.0   346.0     0.1    
*    5  443  3718.33  339.52      0  3718.33  2558.00  5311.0   355.0     0.1    
*    6  442  2741.33  299.51      0  2741.33  2558.00  5311.0   355.0     0.1    
*    9  439  2692.00  278.69      0  2692.00  2580.00  4482.0   316.0     0.2    
*   10  438  2459.33  231.64      0  2459.33  2502.00  4084.0   310.0     0.2    
*   11  437  2298.67  217.67      0  2298.67  2502.00  4084.0   310.0     0.2    
*   13  435  1789.67  197.38      0  1789.67  2601.00  2575.0   193.0     0.3    
*   15  433  1587.00  199.21      0  1587.00  2465.00  2062.0   234.0     0.3    
*   19  429  1367.00  140.24      0  1367.00  2496.00  1387.0   218.0     0.4    
*   22  426  1159.00  115.10      0  1159.00  2380.00   868.0   229.0     0.4    
*   27  421  1106.00   80.85      0  1106.00  2411.00   711.0   100.0     0.5    
*   28  420  1074.00   75.59      0  1074.00  2432.00   493.0   135.0     0.6    

  Gens  Rem    Local   ElDiv NoImpr             Best solution            Time  Op
                                       Cost     Dist    Tard    TMax 
*   29  419  1020.00   57.71      0  1020.00  2432.00   493.0   135.0     0.6    
*   31  417   950.33   67.64      0   950.33  2349.00   427.0    75.0     0.6    
*   33  415   918.67   51.96      0   918.67  2299.00   336.0   121.0     0.6    
*   35  413   913.00   48.81      0   913.00  2381.00   270.0    88.0     0.7    
*   37  411   868.67   48.83      0   868.67  2423.00   121.0    58.0     0.7    
*   38  410   867.33   44.33      0   867.33  2396.00    81.0    33.0     0.7    
*   39  409   836.67   34.42      0   836.67  2396.00    81.0    33.0     0.8    
*   41  407   815.67   32.16      0   815.67  2333.00    86.0    28.0     0.8    
*   43  405   805.67   27.00      0   805.67  2294.00    79.0    44.0     0.8    
*   46  402   772.67   23.75      0   772.67  2292.00    16.0    10.0     0.9    
*   48  400   772.00   18.18      0   772.00  2243.00    56.0    17.0     0.9    
*   50  398   747.00   17.34      0   747.00  2192.00    39.0    10.0     1.0    
*   53  395   744.00   14.61      0   744.00  2215.00    13.0     4.0     1.0    
*   55  393   742.00   12.49      0   742.00  2166.00    33.0    22.0     1.0    
*   56  392   740.33   10.48      0   740.33  2166.00    33.0    22.0     1.1    
*   59  389   730.67   10.77      0   730.67  2160.00     5.0     5.0     1.1    

  Gens  Rem    Local   ElDiv NoImpr             Best solution            Time  Op
                                       Cost     Dist    Tard    TMax 
*   60  388   723.33   10.71      0   723.33  2160.00     5.0     5.0     1.1    
*   63  385   714.67    8.86      0   714.67  2126.00    14.0     4.0     1.2    
*   65  383   713.00    8.12      0   713.00  2139.00     0.0     0.0     1.2    
*   70  378   709.67    6.74      0   709.67  2085.00    24.0    20.0     1.3    
*   73  375   709.33    6.33      0   709.33  2116.00     7.0     5.0     1.4    
*   78  370   704.00    5.18      0   704.00  2105.00     5.0     2.0     1.5    
*   81  367   702.00    5.55      0   702.00  2080.00     7.0     3.0     1.5    
*   82  366   696.67    5.93      0   696.67  2069.00     4.0     2.0     1.5    
*   83  365   691.67    5.93      0   691.67  2069.00     4.0     2.0     1.6    
*   87  361   684.67    5.88      0   684.67  2052.00     1.0     1.0     1.6    
*   92  356   679.00    6.55      0   679.00  2012.00    19.0     6.0     1.7    
Path relinking result: too homogeneous.
    96  352   679.00    6.16      5   679.00  2012.00    19.0     6.0     1.8   P
*  100  348   673.67    6.20      0   673.67  2019.00     1.0     1.0     1.8    
*  105  343   672.67    6.90      0   672.67  1967.00     4.0     4.0     1.9    
*  106  342   658.33    6.92      0   658.33  1967.00     4.0     4.0     1.9    
*  139  309   650.67    4.07      0   650.67  1949.00     2.0     1.0     2.5    

  Gens  Rem    Local   ElDiv NoImpr             Best solution            Time  Op
                                       Cost     Dist    Tard    TMax 
   150  298   650.67    3.53     11   650.67  1949.00     2.0     1.0     2.7    
*  152  296   646.67    3.63      0   646.67  1940.00     0.0     0.0     2.7    
*  158  290   639.00    3.43      0   639.00  1915.00     1.0     1.0     2.8    
*  160  288   638.00    4.00      0   638.00  1914.00     0.0     0.0     2.8    
*  172  276   637.00    3.11      0   637.00  1903.00     0.0     0.0     3.0    
*  173  275   634.33    2.90      0   634.33  1903.00     0.0     0.0     3.1    
*  176  272   634.00    3.11      0   634.00  1888.00     0.0     0.0     3.1    
*  177  271   629.33    3.47      0   629.33  1877.00     2.0     1.0     3.1    
*  178  270   626.67    3.45      0   626.67  1877.00     2.0     1.0     3.1    
*  182  266   624.67    3.58      0   624.67  1874.00     0.0     0.0     3.2    
*  186  262   620.33    3.23      0   620.33  1853.00     5.0     3.0     3.3    
*  192  256   620.00    2.39      0   620.00  1860.00     0.0     0.0     3.4    
Path relinking result: too homogeneous.
   192  256   620.00    2.39      1   620.00  1860.00     0.0     0.0     3.4   P
*  194  254   619.33    2.60      0   619.33  1858.00     0.0     0.0     3.4    
*  199  249   618.33    1.77      0   618.33  1849.00     0.0     0.0     3.5    
*  200  248   616.33    1.82      0   616.33  1849.00     0.0     0.0     3.5    

  Gens  Rem    Local   ElDiv NoImpr             Best solution            Time  Op
                                       Cost     Dist    Tard    TMax 
*  203  245   615.67    1.59      0   615.67  1847.00     0.0     0.0     3.6    
*  207  241   615.33    1.43      0   615.33  1846.00     0.0     0.0     3.7    
*  209  239   612.67    1.50      0   612.67  1838.00     0.0     0.0     3.7    
*  214  234   611.00    1.05      0   611.00  1833.00     0.0     0.0     3.8    
*  216  232   610.00    0.97      0   610.00  1830.00     0.0     0.0     3.8    
*  218  230   609.00    0.77      0   609.00  1827.00     0.0     0.0     3.9    
*  223  225   608.67    0.46      0   608.67  1826.00     0.0     0.0     4.0    
*  226  222   608.00    0.40      0   608.00  1824.00     0.0     0.0     4.0    
*  228  220   607.67    0.41      0   607.67  1823.00     0.0     0.0     4.1    
*  230  218   607.33    0.39      0   607.33  1821.00     0.0     0.0     4.1    
*  231  217   607.00    0.34      0   607.00  1821.00     0.0     0.0     4.1    
*  235  213   606.67    0.20      0   606.67  1819.00     0.0     0.0     4.2    
*  236  212   606.33    0.22      0   606.33  1818.00     0.0     0.0     4.2    
*  237  211   606.00    0.22      0   606.00  1818.00     0.0     0.0     4.2    
*  239  209   603.67    0.65      0   603.67  1811.00     0.0     0.0     4.3    
   250  198   603.67    0.00     11   603.67  1811.00     0.0     0.0     4.5    

  Gens  Rem    Local   ElDiv NoImpr             Best solution            Time  Op
                                       Cost     Dist    Tard    TMax 
*  263  185   603.33    0.06      0   603.33  1810.00     0.0     0.0     4.7    
Path relinking result: too homogeneous.
   288  160   603.00    0.04      0   603.33  1810.00     0.0     0.0     5.1   P
*  289  159   603.00    0.06      0   603.00  1809.00     0.0     0.0     5.1    
*  299  149   602.67    0.34      0   602.67  1801.00     0.0     0.0     5.3    
*  300  148   600.33    0.44      0   600.33  1801.00     0.0     0.0     5.3    
*  307  141   600.00    1.03      0   600.00  1800.00     0.0     0.0     5.5    
*  310  138   599.67    0.19      0   599.67  1799.00     0.0     0.0     5.5    
*  316  132   599.33    0.08      0   599.33  1798.00     0.0     0.0     5.6    
   350   98   599.33    0.00     34   599.33  1798.00     0.0     0.0     6.3    
*  359   89   599.00    0.06      0   599.00  1795.00     1.0     1.0     6.4    
*  383   65   598.67    0.06      0   598.67  1794.00     1.0     1.0     6.8    
Path relinking result: too homogeneous.
   384   64   598.67    0.10      2   598.67  1794.00     1.0     1.0     6.8   P
   400   48   598.67    0.00     17   598.67  1794.00     1.0     1.0     7.1    
*  414   34   598.00    0.12      0   598.00  1792.00     1.0     1.0     7.4    
   448    0   598.00    0.00     34   598.00  1792.00     1.0     1.0     7.9    
Evolutionary process finished.
Solution written to 'solution-15784.txt'.

Sorted sequence of worst to best tardiness value:
Task for patient = 29 with skills = {2,4} and cost = 403.0
   Vehicle #0 = 6, leaving at = 952.0
   Vehicle #1 = 35, leaving at = 974.0
   Increment on distance indicator: 9.0
   Increment on tard indicator:     1.0
   Value of tmax indicator:         9.0

Task for patient = 134 with skills = {0,-1} and cost = 321.3
   Vehicle #0 = 11, leaving at = 934.0
   Vehicle #1 = -1, leaving at = inf
   Increment on distance indicator: 6.0
   Increment on tard indicator:     0.0
   Value of tmax indicator:         6.0

Task for patient = 19 with skills = {2,3} and cost = 322.7
   Vehicle #0 = 8, leaving at = 943.0
   Vehicle #1 = 29, leaving at = 960.0
   Increment on distance indicator: 4.0
   Increment on tard indicator:     0.0
   Value of tmax indicator:         4.0

Task for patient = 81 with skills = {0,-1} and cost = 325.0
   Vehicle #0 = 13, leaving at = 803.0
   Vehicle #1 = -1, leaving at = inf
   Increment on distance indicator: 7.0
   Increment on tard indicator:     0.0
   Value of tmax indicator:         7.0

Task for patient = 119 with skills = {2,-1} and cost = 327.0
   Vehicle #0 = 12, leaving at = 801.0
   Vehicle #1 = -1, leaving at = inf
   Increment on distance indicator: 6.0
   Increment on tard indicator:     0.0
   Value of tmax indicator:         6.0

Task for patient = 130 with skills = {2,5} and cost = 331.0
   Vehicle #0 = 19, leaving at = 715.0
   Vehicle #1 = 39, leaving at = 715.0
   Increment on distance indicator: 12.0
   Increment on tard indicator:     0.0
   Value of tmax indicator:         12.0

Task for patient = 34 with skills = {0,-1} and cost = 332.7
   Vehicle #0 = 7, leaving at = 868.0
   Vehicle #1 = -1, leaving at = inf
   Increment on distance indicator: 5.0
   Increment on tard indicator:     0.0
   Value of tmax indicator:         5.0

Task for patient = 138 with skills = {4,-1} and cost = 333.7
   Vehicle #0 = 35, leaving at = 815.0
   Vehicle #1 = -1, leaving at = inf
   Increment on distance indicator: 3.0
   Increment on tard indicator:     0.0
   Value of tmax indicator:         3.0

Task for patient = 94 with skills = {2,-1} and cost = 335.7
   Vehicle #0 = 15, leaving at = 802.0
   Vehicle #1 = -1, leaving at = inf
   Increment on distance indicator: 6.0
   Increment on tard indicator:     0.0
   Value of tmax indicator:         6.0

Task for patient = 169 with skills = {4,-1} and cost = 337.0
   Vehicle #0 = 24, leaving at = 851.0
   Vehicle #1 = -1, leaving at = inf
   Increment on distance indicator: 4.0
   Increment on tard indicator:     0.0
   Value of tmax indicator:         4.0

Task for patient = 20 with skills = {4,-1} and cost = 338.7
   Vehicle #0 = 27, leaving at = 813.0
   Vehicle #1 = -1, leaving at = inf
   Increment on distance indicator: 5.0
   Increment on tard indicator:     0.0
   Value of tmax indicator:         5.0

Task for patient = 40 with skills = {0,-1} and cost = 363.0
   Vehicle #0 = 10, leaving at = 890.0
   Vehicle #1 = -1, leaving at = inf
   Increment on distance indicator: 4.0
   Increment on tard indicator:     0.0
   Value of tmax indicator:         4.0

Task for patient = 200 with skills = {0,-1} and cost = 340.3
   Vehicle #0 = 5, leaving at = 845.0
   Vehicle #1 = -1, leaving at = inf
   Increment on distance indicator: 2.0
   Increment on tard indicator:     0.0
   Value of tmax indicator:         2.0

Task for patient = 22 with skills = {5,-1} and cost = 341.7
   Vehicle #0 = 25, leaving at = 770.0
   Vehicle #1 = -1, leaving at = inf
   Increment on distance indicator: 4.0
   Increment on tard indicator:     0.0
   Value of tmax indicator:         4.0

Task for patient = 60 with skills = {2,4} and cost = 343.3
   Vehicle #0 = 5, leaving at = 876.0
   Vehicle #1 = 27, leaving at = 902.0
   Increment on distance indicator: 5.0
   Increment on tard indicator:     0.0
   Value of tmax indicator:         5.0

Task for patient = 116 with skills = {0,-1} and cost = 344.7
   Vehicle #0 = 9, leaving at = 936.0
   Vehicle #1 = -1, leaving at = inf
   Increment on distance indicator: 4.0
   Increment on tard indicator:     0.0
   Value of tmax indicator:         4.0

Task for patient = 92 with skills = {4,-1} and cost = 347.0
   Vehicle #0 = 34, leaving at = 674.0
   Vehicle #1 = -1, leaving at = inf
   Increment on distance indicator: 7.0
   Increment on tard indicator:     0.0
   Value of tmax indicator:         7.0

Task for patient = 18 with skills = {1,5} and cost = 349.3
   Vehicle #0 = 7, leaving at = 917.0
   Vehicle #1 = 35, leaving at = 921.0
   Increment on distance indicator: 7.0
   Increment on tard indicator:     0.0
   Value of tmax indicator:         7.0

Task for patient = 101 with skills = {4,-1} and cost = 350.7
   Vehicle #0 = 27, leaving at = 965.0
   Vehicle #1 = -1, leaving at = inf
   Increment on distance indicator: 4.0
   Increment on tard indicator:     0.0
   Value of tmax indicator:         4.0

Task for patient = 87 with skills = {0,4} and cost = 353.3
   Vehicle #0 = 10, leaving at = 826.0
   Vehicle #1 = 36, leaving at = 857.0
   Increment on distance indicator: 8.0
   Increment on tard indicator:     0.0
   Value of tmax indicator:         8.0

Task for patient = 161 with skills = {1,-1} and cost = 355.0
   Vehicle #0 = 15, leaving at = 858.0
   Vehicle #1 = -1, leaving at = inf
   Increment on distance indicator: 5.0
   Increment on tard indicator:     0.0
   Value of tmax indicator:         5.0

Task for patient = 182 with skills = {2,-1} and cost = 355.7
   Vehicle #0 = 6, leaving at = 768.0
   Vehicle #1 = -1, leaving at = inf
   Increment on distance indicator: 2.0
   Increment on tard indicator:     0.0
   Value of tmax indicator:         2.0

Task for patient = 139 with skills = {0,5} and cost = 357.7
   Vehicle #0 = 3, leaving at = 850.0
   Vehicle #1 = 31, leaving at = 837.0
   Increment on distance indicator: 6.0
   Increment on tard indicator:     0.0
   Value of tmax indicator:         6.0

Task for patient = 77 with skills = {2,4} and cost = 361.7
   Vehicle #0 = 5, leaving at = 897.0
   Vehicle #1 = 24, leaving at = 912.0
   Increment on distance indicator: 12.0
   Increment on tard indicator:     0.0
   Value of tmax indicator:         12.0

Task for patient = 163 with skills = {1,-1} and cost = 339.7
   Vehicle #0 = 5, leaving at = 793.0
   Vehicle #1 = -1, leaving at = inf
   Increment on distance indicator: 3.0
   Increment on tard indicator:     0.0
   Value of tmax indicator:         3.0

Task for patient = 47 with skills = {0,4} and cost = 269.3
   Vehicle #0 = 16, leaving at = 672.0
   Vehicle #1 = 32, leaving at = 660.0
   Increment on distance indicator: 9.0
   Increment on tard indicator:     0.0
   Value of tmax indicator:         9.0

Task for patient = 3 with skills = {3,-1} and cost = 270.0
   Vehicle #0 = 22, leaving at = 769.0
   Vehicle #1 = -1, leaving at = inf
   Increment on distance indicator: 2.0
   Increment on tard indicator:     0.0
   Value of tmax indicator:         2.0

Task for patient = 27 with skills = {2,3} and cost = 273.7
   Vehicle #0 = 8, leaving at = 809.0
   Vehicle #1 = 29, leaving at = 824.0
   Increment on distance indicator: 11.0
   Increment on tard indicator:     0.0
   Value of tmax indicator:         11.0

Task for patient = 24 with skills = {1,-1} and cost = 275.7
   Vehicle #0 = 8, leaving at = 843.0
   Vehicle #1 = -1, leaving at = inf
   Increment on distance indicator: 6.0
   Increment on tard indicator:     0.0
   Value of tmax indicator:         6.0

Task for patient = 142 with skills = {3,-1} and cost = 278.7
   Vehicle #0 = 35, leaving at = 759.0
   Vehicle #1 = -1, leaving at = inf
   Increment on distance indicator: 9.0
   Increment on tard indicator:     0.0
   Value of tmax indicator:         9.0

Task for patient = 59 with skills = {0,-1} and cost = 281.7
   Vehicle #0 = 5, leaving at = 770.0
   Vehicle #1 = -1, leaving at = inf
   Increment on distance indicator: 9.0
   Increment on tard indicator:     0.0
   Value of tmax indicator:         9.0

Task for patient = 64 with skills = {2,-1} and cost = 282.7
   Vehicle #0 = 3, leaving at = 798.0
   Vehicle #1 = -1, leaving at = inf
   Increment on distance indicator: 3.0
   Increment on tard indicator:     0.0
   Value of tmax indicator:         3.0

Task for patient = 51 with skills = {2,4} and cost = 287.3
   Vehicle #0 = 12, leaving at = 726.0
   Vehicle #1 = 32, leaving at = 720.0
   Increment on distance indicator: 14.0
   Increment on tard indicator:     0.0
   Value of tmax indicator:         14.0

Task for patient = 124 with skills = {2,3} and cost = 290.0
   Vehicle #0 = 0, leaving at = 855.0
   Vehicle #1 = 28, leaving at = 863.0
   Increment on distance indicator: 8.0
   Increment on tard indicator:     0.0
   Value of tmax indicator:         8.0

Task for patient = 95 with skills = {2,-1} and cost = 292.0
   Vehicle #0 = 6, leaving at = 744.0
   Vehicle #1 = -1, leaving at = inf
   Increment on distance indicator: 6.0
   Increment on tard indicator:     0.0
   Value of tmax indicator:         6.0

Task for patient = 144 with skills = {1,5} and cost = 294.3
   Vehicle #0 = 8, leaving at = 892.0
   Vehicle #1 = 29, leaving at = 906.0
   Increment on distance indicator: 7.0
   Increment on tard indicator:     0.0
   Value of tmax indicator:         7.0

Task for patient = 109 with skills = {2,5} and cost = 319.3
   Vehicle #0 = 11, leaving at = 897.0
   Vehicle #1 = 23, leaving at = 889.0
   Increment on distance indicator: 4.0
   Increment on tard indicator:     0.0
   Value of tmax indicator:         4.0

Task for patient = 106 with skills = {2,-1} and cost = 299.3
   Vehicle #0 = 9, leaving at = 775.0
   Vehicle #1 = -1, leaving at = inf
   Increment on distance indicator: 3.0
   Increment on tard indicator:     0.0
   Value of tmax indicator:         3.0

Task for patient = 141 with skills = {0,3} and cost = 301.7
   Vehicle #0 = 9, leaving at = 807.0
   Vehicle #1 = 22, leaving at = 809.0
   Increment on distance indicator: 7.0
   Increment on tard indicator:     0.0
   Value of tmax indicator:         7.0

Task for patient = 63 with skills = {4,-1} and cost = 303.3
   Vehicle #0 = 31, leaving at = 798.0
   Vehicle #1 = -1, leaving at = inf
   Increment on distance indicator: 5.0
   Increment on tard indicator:     0.0
   Value of tmax indicator:         5.0

Task for patient = 154 with skills = {0,-1} and cost = 303.7
   Vehicle #0 = 1, leaving at = 894.0
   Vehicle #1 = -1, leaving at = inf
   Increment on distance indicator: 1.0
   Increment on tard indicator:     0.0
   Value of tmax indicator:         1.0

Task for patient = 194 with skills = {0,-1} and cost = 305.7
   Vehicle #0 = 9, leaving at = 842.0
   Vehicle #1 = -1, leaving at = inf
   Increment on distance indicator: 6.0
   Increment on tard indicator:     0.0
   Value of tmax indicator:         6.0

Task for patient = 32 with skills = {1,-1} and cost = 307.7
   Vehicle #0 = 9, leaving at = 887.0
   Vehicle #1 = -1, leaving at = inf
   Increment on distance indicator: 6.0
   Increment on tard indicator:     0.0
   Value of tmax indicator:         6.0

Task for patient = 177 with skills = {2,-1} and cost = 310.7
   Vehicle #0 = 18, leaving at = 601.0
   Vehicle #1 = -1, leaving at = inf
   Increment on distance indicator: 9.0
   Increment on tard indicator:     0.0
   Value of tmax indicator:         9.0

Task for patient = 43 with skills = {4,-1} and cost = 313.0
   Vehicle #0 = 24, leaving at = 788.0
   Vehicle #1 = -1, leaving at = inf
   Increment on distance indicator: 7.0
   Increment on tard indicator:     0.0
   Value of tmax indicator:         7.0

Task for patient = 46 with skills = {2,-1} and cost = 314.3
   Vehicle #0 = 15, leaving at = 775.0
   Vehicle #1 = -1, leaving at = inf
   Increment on distance indicator: 4.0
   Increment on tard indicator:     0.0
   Value of tmax indicator:         4.0

Task for patient = 112 with skills = {5,-1} and cost = 315.7
   Vehicle #0 = 28, leaving at = 906.0
   Vehicle #1 = -1, leaving at = inf
   Increment on distance indicator: 4.0
   Increment on tard indicator:     0.0
   Value of tmax indicator:         4.0

Task for patient = 13 with skills = {4,-1} and cost = 317.7
   Vehicle #0 = 34, leaving at = 587.0
   Vehicle #1 = -1, leaving at = inf
   Increment on distance indicator: 6.0
   Increment on tard indicator:     0.0
   Value of tmax indicator:         6.0

Task for patient = 164 with skills = {2,-1} and cost = 318.0
   Vehicle #0 = 1, leaving at = 932.0
   Vehicle #1 = -1, leaving at = inf
   Increment on distance indicator: 1.0
   Increment on tard indicator:     0.0
   Value of tmax indicator:         1.0

Task for patient = 83 with skills = {2,3} and cost = 298.3
   Vehicle #0 = 11, leaving at = 866.0
   Vehicle #1 = 23, leaving at = 839.0
   Increment on distance indicator: 12.0
   Increment on tard indicator:     0.0
   Value of tmax indicator:         12.0

Task for patient = 135 with skills = {2,-1} and cost = 409.0
   Vehicle #0 = 3, leaving at = 942.0
   Vehicle #1 = -1, leaving at = inf
   Increment on distance indicator: 6.0
   Increment on tard indicator:     0.0
   Value of tmax indicator:         6.0

Task for patient = 152 with skills = {4,-1} and cost = 410.0
   Vehicle #0 = 34, leaving at = 696.0
   Vehicle #1 = -1, leaving at = inf
   Increment on distance indicator: 3.0
   Increment on tard indicator:     0.0
   Value of tmax indicator:         3.0

Task for patient = 79 with skills = {4,-1} and cost = 411.3
   Vehicle #0 = 34, leaving at = 1009.0
   Vehicle #1 = -1, leaving at = inf
   Increment on distance indicator: 4.0
   Increment on tard indicator:     0.0
   Value of tmax indicator:         4.0

Task for patient = 172 with skills = {0,-1} and cost = 413.0
   Vehicle #0 = 3, leaving at = 981.0
   Vehicle #1 = -1, leaving at = inf
   Increment on distance indicator: 5.0
   Increment on tard indicator:     0.0
   Value of tmax indicator:         5.0

Task for patient = 2 with skills = {1,-1} and cost = 414.0
   Vehicle #0 = 14, leaving at = 851.0
   Vehicle #1 = -1, leaving at = inf
   Increment on distance indicator: 3.0
   Increment on tard indicator:     0.0
   Value of tmax indicator:         3.0

Task for patient = 31 with skills = {2,5} and cost = 417.3
   Vehicle #0 = 18, leaving at = 1018.0
   Vehicle #1 = 29, leaving at = 998.0
   Increment on distance indicator: 10.0
   Increment on tard indicator:     0.0
   Value of tmax indicator:         10.0

Task for patient = 53 with skills = {1,4} and cost = 419.0
   Vehicle #0 = 5, leaving at = 1086.0
   Vehicle #1 = 27, leaving at = 1088.0
   Increment on distance indicator: 5.0
   Increment on tard indicator:     0.0
   Value of tmax indicator:         5.0

Task for patient = 118 with skills = {1,5} and cost = 421.3
   Vehicle #0 = 7, leaving at = 940.0
   Vehicle #1 = 20, leaving at = 975.0
   Increment on distance indicator: 7.0
   Increment on tard indicator:     0.0
   Value of tmax indicator:         7.0

Task for patient = 189 with skills = {1,3} and cost = 426.7
   Vehicle #0 = 2, leaving at = 929.0
   Vehicle #1 = 25, leaving at = 902.0
   Increment on distance indicator: 16.0
   Increment on tard indicator:     0.0
   Value of tmax indicator:         16.0

Task for patient = 96 with skills = {0,3} and cost = 430.7
   Vehicle #0 = 4, leaving at = 986.0
   Vehicle #1 = 21, leaving at = 1004.0
   Increment on distance indicator: 12.0
   Increment on tard indicator:     0.0
   Value of tmax indicator:         12.0

Task for patient = 30 with skills = {0,4} and cost = 432.7
   Vehicle #0 = 1, leaving at = 1056.0
   Vehicle #1 = 30, leaving at = 1036.0
   Increment on distance indicator: 6.0
   Increment on tard indicator:     0.0
   Value of tmax indicator:         6.0

Task for patient = 69 with skills = {5,-1} and cost = 364.0
   Vehicle #0 = 39, leaving at = 795.0
   Vehicle #1 = -1, leaving at = inf
   Increment on distance indicator: 3.0
   Increment on tard indicator:     0.0
   Value of tmax indicator:         3.0

Task for patient = 183 with skills = {4,-1} and cost = 435.7
   Vehicle #0 = 30, leaving at = 1092.0
   Vehicle #1 = -1, leaving at = inf
   Increment on distance indicator: 3.0
   Increment on tard indicator:     0.0
   Value of tmax indicator:         3.0

Task for patient = 181 with skills = {2,-1} and cost = 439.0
   Vehicle #0 = 2, leaving at = 993.0
   Vehicle #1 = -1, leaving at = inf
   Increment on distance indicator: 10.0
   Increment on tard indicator:     0.0
   Value of tmax indicator:         10.0

Task for patient = 86 with skills = {0,3} and cost = 441.7
   Vehicle #0 = 19, leaving at = 1007.0
   Vehicle #1 = 39, leaving at = 976.0
   Increment on distance indicator: 8.0
   Increment on tard indicator:     0.0
   Value of tmax indicator:         8.0

Task for patient = 185 with skills = {2,5} and cost = 445.0
   Vehicle #0 = 19, leaving at = 1039.0
   Vehicle #1 = 24, leaving at = 1067.0
   Increment on distance indicator: 10.0
   Increment on tard indicator:     0.0
   Value of tmax indicator:         10.0

Task for patient = 104 with skills = {0,-1} and cost = 446.3
   Vehicle #0 = 9, leaving at = 1038.0
   Vehicle #1 = -1, leaving at = inf
   Increment on distance indicator: 4.0
   Increment on tard indicator:     0.0
   Value of tmax indicator:         4.0

Task for patient = 115 with skills = {1,4} and cost = 449.0
   Vehicle #0 = 7, leaving at = 994.0
   Vehicle #1 = 35, leaving at = 1038.0
   Increment on distance indicator: 8.0
   Increment on tard indicator:     0.0
   Value of tmax indicator:         8.0

Task for patient = 132 with skills = {3,-1} and cost = 449.7
   Vehicle #0 = 21, leaving at = 1043.0
   Vehicle #1 = -1, leaving at = inf
   Increment on distance indicator: 2.0
   Increment on tard indicator:     0.0
   Value of tmax indicator:         2.0

Task for patient = 111 with skills = {5,-1} and cost = 451.0
   Vehicle #0 = 35, leaving at = 1072.0
   Vehicle #1 = -1, leaving at = inf
   Increment on distance indicator: 4.0
   Increment on tard indicator:     0.0
   Value of tmax indicator:         4.0

Task for patient = 44 with skills = {0,4} and cost = 454.7
   Vehicle #0 = 11, leaving at = 1043.0
   Vehicle #1 = 39, leaving at = 1044.0
   Increment on distance indicator: 11.0
   Increment on tard indicator:     0.0
   Value of tmax indicator:         11.0

Task for patient = 108 with skills = {5,-1} and cost = 457.7
   Vehicle #0 = 25, leaving at = 986.0
   Vehicle #1 = -1, leaving at = inf
   Increment on distance indicator: 9.0
   Increment on tard indicator:     0.0
   Value of tmax indicator:         9.0

Task for patient = 117 with skills = {2,-1} and cost = 458.7
   Vehicle #0 = 15, leaving at = 944.0
   Vehicle #1 = -1, leaving at = inf
   Increment on distance indicator: 3.0
   Increment on tard indicator:     0.0
   Value of tmax indicator:         3.0

Task for patient = 158 with skills = {2,5} and cost = 462.3
   Vehicle #0 = 6, leaving at = 1009.0
   Vehicle #1 = 20, leaving at = 1033.0
   Increment on distance indicator: 11.0
   Increment on tard indicator:     0.0
   Value of tmax indicator:         11.0

Task for patient = 120 with skills = {0,-1} and cost = 434.7
   Vehicle #0 = 8, leaving at = 1062.0
   Vehicle #1 = -1, leaving at = inf
   Increment on distance indicator: 6.0
   Increment on tard indicator:     0.0
   Value of tmax indicator:         6.0

Task for patient = 85 with skills = {1,-1} and cost = 463.3
   Vehicle #0 = 15, leaving at = 1003.0
   Vehicle #1 = -1, leaving at = inf
   Increment on distance indicator: 3.0
   Increment on tard indicator:     0.0
   Value of tmax indicator:         3.0

Task for patient = 180 with skills = {2,-1} and cost = 365.3
   Vehicle #0 = 6, leaving at = 817.0
   Vehicle #1 = -1, leaving at = inf
   Increment on distance indicator: 4.0
   Increment on tard indicator:     0.0
   Value of tmax indicator:         4.0

Task for patient = 128 with skills = {5,-1} and cost = 369.7
   Vehicle #0 = 25, leaving at = 873.0
   Vehicle #1 = -1, leaving at = inf
   Increment on distance indicator: 13.0
   Increment on tard indicator:     0.0
   Value of tmax indicator:         13.0

Task for patient = 193 with skills = {1,4} and cost = 371.0
   Vehicle #0 = 5, leaving at = 954.0
   Vehicle #1 = 24, leaving at = 965.0
   Increment on distance indicator: 4.0
   Increment on tard indicator:     0.0
   Value of tmax indicator:         4.0

Task for patient = 38 with skills = {1,4} and cost = 372.7
   Vehicle #0 = 5, leaving at = 991.0
   Vehicle #1 = 27, leaving at = 1030.0
   Increment on distance indicator: 5.0
   Increment on tard indicator:     0.0
   Value of tmax indicator:         5.0

Task for patient = 178 with skills = {1,4} and cost = 375.3
   Vehicle #0 = 8, leaving at = 988.0
   Vehicle #1 = 28, leaving at = 1000.0
   Increment on distance indicator: 8.0
   Increment on tard indicator:     0.0
   Value of tmax indicator:         8.0

Task for patient = 12 with skills = {2,-1} and cost = 375.7
   Vehicle #0 = 0, leaving at = 885.0
   Vehicle #1 = -1, leaving at = inf
   Increment on distance indicator: 1.0
   Increment on tard indicator:     0.0
   Value of tmax indicator:         1.0

Task for patient = 75 with skills = {1,-1} and cost = 376.3
   Vehicle #0 = 5, leaving at = 1020.0
   Vehicle #1 = -1, leaving at = inf
   Increment on distance indicator: 2.0
   Increment on tard indicator:     0.0
   Value of tmax indicator:         2.0

Task for patient = 148 with skills = {3,-1} and cost = 377.3
   Vehicle #0 = 23, leaving at = 913.0
   Vehicle #1 = -1, leaving at = inf
   Increment on distance indicator: 3.0
   Increment on tard indicator:     0.0
   Value of tmax indicator:         3.0

Task for patient = 15 with skills = {4,-1} and cost = 378.3
   Vehicle #0 = 21, leaving at = 948.0
   Vehicle #1 = -1, leaving at = inf
   Increment on distance indicator: 3.0
   Increment on tard indicator:     0.0
   Value of tmax indicator:         3.0

Task for patient = 198 with skills = {5,-1} and cost = 379.0
   Vehicle #0 = 36, leaving at = 874.0
   Vehicle #1 = -1, leaving at = inf
   Increment on distance indicator: 2.0
   Increment on tard indicator:     0.0
   Value of tmax indicator:         2.0

Task for patient = 171 with skills = {4,-1} and cost = 407.0
   Vehicle #0 = 37, leaving at = 806.0
   Vehicle #1 = -1, leaving at = inf
   Increment on distance indicator: 6.0
   Increment on tard indicator:     0.0
   Value of tmax indicator:         6.0

Task for patient = 110 with skills = {3,-1} and cost = 381.3
   Vehicle #0 = 36, leaving at = 936.0
   Vehicle #1 = -1, leaving at = inf
   Increment on distance indicator: 3.0
   Increment on tard indicator:     0.0
   Value of tmax indicator:         3.0

Task for patient = 184 with skills = {2,4} and cost = 384.0
   Vehicle #0 = 3, leaving at = 890.0
   Vehicle #1 = 31, leaving at = 889.0
   Increment on distance indicator: 8.0
   Increment on tard indicator:     0.0
   Value of tmax indicator:         8.0

Task for patient = 35 with skills = {2,3} and cost = 386.7
   Vehicle #0 = 11, leaving at = 986.0
   Vehicle #1 = 23, leaving at = 977.0
   Increment on distance indicator: 8.0
   Increment on tard indicator:     0.0
   Value of tmax indicator:         8.0

Task for patient = 143 with skills = {4,-1} and cost = 387.3
   Vehicle #0 = 31, leaving at = 977.0
   Vehicle #1 = -1, leaving at = inf
   Increment on distance indicator: 2.0
   Increment on tard indicator:     0.0
   Value of tmax indicator:         2.0

Task for patient = 58 with skills = {2,5} and cost = 392.0
   Vehicle #0 = 9, leaving at = 984.0
   Vehicle #1 = 30, leaving at = 999.0
   Increment on distance indicator: 14.0
   Increment on tard indicator:     0.0
   Value of tmax indicator:         14.0

Task for patient = 131 with skills = {1,4} and cost = 395.0
   Vehicle #0 = 10, leaving at = 1007.0
   Vehicle #1 = 24, leaving at = 993.0
   Increment on distance indicator: 9.0
   Increment on tard indicator:     0.0
   Value of tmax indicator:         9.0

Task for patient = 80 with skills = {4,-1} and cost = 395.7
   Vehicle #0 = 33, leaving at = 875.0
   Vehicle #1 = -1, leaving at = inf
   Increment on distance indicator: 2.0
   Increment on tard indicator:     0.0
   Value of tmax indicator:         2.0

Task for patient = 57 with skills = {3,-1} and cost = 397.0
   Vehicle #0 = 22, leaving at = 885.0
   Vehicle #1 = -1, leaving at = inf
   Increment on distance indicator: 4.0
   Increment on tard indicator:     0.0
   Value of tmax indicator:         4.0

Task for patient = 71 with skills = {2,-1} and cost = 397.7
   Vehicle #0 = 6, leaving at = 860.0
   Vehicle #1 = -1, leaving at = inf
   Increment on distance indicator: 2.0
   Increment on tard indicator:     0.0
   Value of tmax indicator:         2.0

Task for patient = 145 with skills = {0,-1} and cost = 399.3
   Vehicle #0 = 1, leaving at = 994.0
   Vehicle #1 = -1, leaving at = inf
   Increment on distance indicator: 5.0
   Increment on tard indicator:     0.0
   Value of tmax indicator:         5.0

Task for patient = 42 with skills = {4,-1} and cost = 404.3
   Vehicle #0 = 24, leaving at = 1016.0
   Vehicle #1 = -1, leaving at = inf
   Increment on distance indicator: 4.0
   Increment on tard indicator:     0.0
   Value of tmax indicator:         4.0

Task for patient = 167 with skills = {2,-1} and cost = 405.0
   Vehicle #0 = 0, leaving at = 919.0
   Vehicle #1 = -1, leaving at = inf
   Increment on distance indicator: 2.0
   Increment on tard indicator:     0.0
   Value of tmax indicator:         2.0

Task for patient = 62 with skills = {2,-1} and cost = 380.3
   Vehicle #0 = 8, leaving at = 1010.0
   Vehicle #1 = -1, leaving at = inf
   Increment on distance indicator: 4.0
   Increment on tard indicator:     0.0
   Value of tmax indicator:         4.0

Task for patient = 195 with skills = {4,-1} and cost = 90.3
   Vehicle #0 = 31, leaving at = 627.0
   Vehicle #1 = -1, leaving at = inf
   Increment on distance indicator: 0.0
   Increment on tard indicator:     0.0
   Value of tmax indicator:         0.0

Task for patient = 103 with skills = {5,-1} and cost = 93.0
   Vehicle #0 = 29, leaving at = 587.0
   Vehicle #1 = -1, leaving at = inf
   Increment on distance indicator: 8.0
   Increment on tard indicator:     0.0
   Value of tmax indicator:         8.0

Task for patient = 192 with skills = {4,-1} and cost = 93.7
   Vehicle #0 = 21, leaving at = 800.0
   Vehicle #1 = -1, leaving at = inf
   Increment on distance indicator: 2.0
   Increment on tard indicator:     0.0
   Value of tmax indicator:         2.0

Task for patient = 127 with skills = {0,4} and cost = 100.0
   Vehicle #0 = 1, leaving at = 667.0
   Vehicle #1 = 30, leaving at = 691.0
   Increment on distance indicator: 19.0
   Increment on tard indicator:     0.0
   Value of tmax indicator:         19.0

Task for patient = 99 with skills = {0,4} and cost = 105.3
   Vehicle #0 = 4, leaving at = 602.0
   Vehicle #1 = 27, leaving at = 585.0
   Increment on distance indicator: 16.0
   Increment on tard indicator:     0.0
   Value of tmax indicator:         16.0

Task for patient = 39 with skills = {4,-1} and cost = 107.7
   Vehicle #0 = 31, leaving at = 649.0
   Vehicle #1 = -1, leaving at = inf
   Increment on distance indicator: 7.0
   Increment on tard indicator:     0.0
   Value of tmax indicator:         7.0

Task for patient = 36 with skills = {0,-1} and cost = 111.3
   Vehicle #0 = 9, leaving at = 557.0
   Vehicle #1 = -1, leaving at = inf
   Increment on distance indicator: 11.0
   Increment on tard indicator:     0.0
   Value of tmax indicator:         11.0

Task for patient = 28 with skills = {3,-1} and cost = 113.0
   Vehicle #0 = 22, leaving at = 686.0
   Vehicle #1 = -1, leaving at = inf
   Increment on distance indicator: 5.0
   Increment on tard indicator:     0.0
   Value of tmax indicator:         5.0

Task for patient = 23 with skills = {0,-1} and cost = 114.3
   Vehicle #0 = 9, leaving at = 591.0
   Vehicle #1 = -1, leaving at = inf
   Increment on distance indicator: 4.0
   Increment on tard indicator:     0.0
   Value of tmax indicator:         4.0

Task for patient = 107 with skills = {0,3} and cost = 119.7
   Vehicle #0 = 7, leaving at = 586.0
   Vehicle #1 = 26, leaving at = 631.0
   Increment on distance indicator: 16.0
   Increment on tard indicator:     0.0
   Value of tmax indicator:         16.0

Task for patient = 74 with skills = {2,-1} and cost = 120.7
   Vehicle #0 = 6, leaving at = 701.0
   Vehicle #1 = -1, leaving at = inf
   Increment on distance indicator: 3.0
   Increment on tard indicator:     0.0
   Value of tmax indicator:         3.0

Task for patient = 5 with skills = {2,5} and cost = 266.3
   Vehicle #0 = 11, leaving at = 801.0
   Vehicle #1 = 38, leaving at = 804.0
   Increment on distance indicator: 5.0
   Increment on tard indicator:     0.0
   Value of tmax indicator:         5.0

Task for patient = 68 with skills = {1,-1} and cost = 123.7
   Vehicle #0 = 7, leaving at = 701.0
   Vehicle #1 = -1, leaving at = inf
   Increment on distance indicator: 4.0
   Increment on tard indicator:     0.0
   Value of tmax indicator:         4.0

Task for patient = 33 with skills = {4,-1} and cost = 126.3
   Vehicle #0 = 32, leaving at = 622.0
   Vehicle #1 = -1, leaving at = inf
   Increment on distance indicator: 8.0
   Increment on tard indicator:     0.0
   Value of tmax indicator:         8.0

Task for patient = 14 with skills = {3,-1} and cost = 129.3
   Vehicle #0 = 26, leaving at = 672.0
   Vehicle #1 = -1, leaving at = inf
   Increment on distance indicator: 9.0
   Increment on tard indicator:     0.0
   Value of tmax indicator:         9.0

Task for patient = 157 with skills = {2,-1} and cost = 131.0
   Vehicle #0 = 5, leaving at = 721.0
   Vehicle #1 = -1, leaving at = inf
   Increment on distance indicator: 5.0
   Increment on tard indicator:     0.0
   Value of tmax indicator:         5.0

Task for patient = 4 with skills = {4,-1} and cost = 133.0
   Vehicle #0 = 27, leaving at = 691.0
   Vehicle #1 = -1, leaving at = inf
   Increment on distance indicator: 6.0
   Increment on tard indicator:     0.0
   Value of tmax indicator:         6.0

Task for patient = 146 with skills = {5,-1} and cost = 134.7
   Vehicle #0 = 24, leaving at = 719.0
   Vehicle #1 = -1, leaving at = inf
   Increment on distance indicator: 5.0
   Increment on tard indicator:     0.0
   Value of tmax indicator:         5.0

Task for patient = 26 with skills = {1,-1} and cost = 135.3
   Vehicle #0 = 8, leaving at = 563.0
   Vehicle #1 = -1, leaving at = inf
   Increment on distance indicator: 2.0
   Increment on tard indicator:     0.0
   Value of tmax indicator:         2.0

Task for patient = 126 with skills = {2,3} and cost = 137.3
   Vehicle #0 = 9, leaving at = 703.0
   Vehicle #1 = 22, leaving at = 737.0
   Increment on distance indicator: 6.0
   Increment on tard indicator:     0.0
   Value of tmax indicator:         6.0

Task for patient = 41 with skills = {5,-1} and cost = 138.3
   Vehicle #0 = 29, leaving at = 690.0
   Vehicle #1 = -1, leaving at = inf
   Increment on distance indicator: 3.0
   Increment on tard indicator:     0.0
   Value of tmax indicator:         3.0

Task for patient = 9 with skills = {0,5} and cost = 140.7
   Vehicle #0 = 4, leaving at = 729.0
   Vehicle #1 = 23, leaving at = 766.0
   Increment on distance indicator: 7.0
   Increment on tard indicator:     0.0
   Value of tmax indicator:         7.0

Task for patient = 133 with skills = {5,-1} and cost = 142.7
   Vehicle #0 = 20, leaving at = 596.0
   Vehicle #1 = -1, leaving at = inf
   Increment on distance indicator: 6.0
   Increment on tard indicator:     0.0
   Value of tmax indicator:         6.0

Task for patient = 84 with skills = {2,5} and cost = 145.0
   Vehicle #0 = 3, leaving at = 746.0
   Vehicle #1 = 20, leaving at = 719.0
   Increment on distance indicator: 7.0
   Increment on tard indicator:     0.0
   Value of tmax indicator:         7.0

Task for patient = 7 with skills = {2,-1} and cost = 122.3
   Vehicle #0 = 1, leaving at = 719.0
   Vehicle #1 = -1, leaving at = inf
   Increment on distance indicator: 5.0
   Increment on tard indicator:     0.0
   Value of tmax indicator:         5.0

Task for patient = 151 with skills = {2,-1} and cost = 4.3
   Vehicle #0 = 0, leaving at = 571.0
   Vehicle #1 = -1, leaving at = inf
   Increment on distance indicator: 13.0
   Increment on tard indicator:     0.0
   Value of tmax indicator:         13.0

Task for patient = 149 with skills = {4,-1} and cost = 8.7
   Vehicle #0 = 21, leaving at = 552.0
   Vehicle #1 = -1, leaving at = inf
   Increment on distance indicator: 13.0
   Increment on tard indicator:     0.0
   Value of tmax indicator:         13.0

Task for patient = 45 with skills = {2,-1} and cost = 12.3
   Vehicle #0 = 1, leaving at = 582.0
   Vehicle #1 = -1, leaving at = inf
   Increment on distance indicator: 11.0
   Increment on tard indicator:     0.0
   Value of tmax indicator:         11.0

Task for patient = 61 with skills = {3,-1} and cost = 17.0
   Vehicle #0 = 22, leaving at = 640.0
   Vehicle #1 = -1, leaving at = inf
   Increment on distance indicator: 14.0
   Increment on tard indicator:     0.0
   Value of tmax indicator:         14.0

Task for patient = 140 with skills = {1,-1} and cost = 21.0
   Vehicle #0 = 2, leaving at = 608.0
   Vehicle #1 = -1, leaving at = inf
   Increment on distance indicator: 12.0
   Increment on tard indicator:     0.0
   Value of tmax indicator:         12.0

Task for patient = 153 with skills = {1,4} and cost = 26.3
   Vehicle #0 = 5, leaving at = 541.0
   Vehicle #1 = 24, leaving at = 579.0
   Increment on distance indicator: 16.0
   Increment on tard indicator:     0.0
   Value of tmax indicator:         16.0

Task for patient = 174 with skills = {1,3} and cost = 32.3
   Vehicle #0 = 5, leaving at = 621.0
   Vehicle #1 = 24, leaving at = 623.0
   Increment on distance indicator: 18.0
   Increment on tard indicator:     0.0
   Value of tmax indicator:         18.0

Task for patient = 102 with skills = {3,-1} and cost = 35.7
   Vehicle #0 = 23, leaving at = 559.0
   Vehicle #1 = -1, leaving at = inf
   Increment on distance indicator: 10.0
   Increment on tard indicator:     0.0
   Value of tmax indicator:         10.0

Task for patient = 166 with skills = {5,-1} and cost = 37.3
   Vehicle #0 = 23, leaving at = 603.0
   Vehicle #1 = -1, leaving at = inf
   Increment on distance indicator: 5.0
   Increment on tard indicator:     0.0
   Value of tmax indicator:         5.0

Task for patient = 65 with skills = {2,-1} and cost = 43.3
   Vehicle #0 = 3, leaving at = 599.0
   Vehicle #1 = -1, leaving at = inf
   Increment on distance indicator: 18.0
   Increment on tard indicator:     0.0
   Value of tmax indicator:         18.0

Task for patient = 55 with skills = {0,-1} and cost = 45.3
   Vehicle #0 = 5, leaving at = 667.0
   Vehicle #1 = -1, leaving at = inf
   Increment on distance indicator: 6.0
   Increment on tard indicator:     0.0
   Value of tmax indicator:         6.0

Task for patient = 89 with skills = {2,-1} and cost = 90.3
   Vehicle #0 = 1, leaving at = 629.0
   Vehicle #1 = -1, leaving at = inf
   Increment on distance indicator: 2.0
   Increment on tard indicator:     0.0
   Value of tmax indicator:         2.0

Task for patient = 50 with skills = {3,-1} and cost = 47.7
   Vehicle #0 = 23, leaving at = 719.0
   Vehicle #1 = -1, leaving at = inf
   Increment on distance indicator: 4.0
   Increment on tard indicator:     0.0
   Value of tmax indicator:         4.0

Task for patient = 88 with skills = {2,3} and cost = 52.3
   Vehicle #0 = 6, leaving at = 585.0
   Vehicle #1 = 21, leaving at = 600.0
   Increment on distance indicator: 14.0
   Increment on tard indicator:     0.0
   Value of tmax indicator:         14.0

Task for patient = 190 with skills = {3,-1} and cost = 55.3
   Vehicle #0 = 25, leaving at = 576.0
   Vehicle #1 = -1, leaving at = inf
   Increment on distance indicator: 9.0
   Increment on tard indicator:     0.0
   Value of tmax indicator:         9.0

Task for patient = 160 with skills = {5,-1} and cost = 58.3
   Vehicle #0 = 24, leaving at = 647.0
   Vehicle #1 = -1, leaving at = inf
   Increment on distance indicator: 9.0
   Increment on tard indicator:     0.0
   Value of tmax indicator:         9.0

Task for patient = 187 with skills = {2,5} and cost = 61.3
   Vehicle #0 = 3, leaving at = 699.0
   Vehicle #1 = 21, leaving at = 721.0
   Increment on distance indicator: 9.0
   Increment on tard indicator:     0.0
   Value of tmax indicator:         9.0

Task for patient = 37 with skills = {5,-1} and cost = 63.0
   Vehicle #0 = 25, leaving at = 625.0
   Vehicle #1 = -1, leaving at = inf
   Increment on distance indicator: 5.0
   Increment on tard indicator:     0.0
   Value of tmax indicator:         5.0

Task for patient = 188 with skills = {1,5} and cost = 70.3
   Vehicle #0 = 7, leaving at = 552.0
   Vehicle #1 = 20, leaving at = 535.0
   Increment on distance indicator: 22.0
   Increment on tard indicator:     0.0
   Value of tmax indicator:         22.0

Task for patient = 197 with skills = {4,-1} and cost = 73.3
   Vehicle #0 = 27, leaving at = 561.0
   Vehicle #1 = -1, leaving at = inf
   Increment on distance indicator: 9.0
   Increment on tard indicator:     0.0
   Value of tmax indicator:         9.0

Task for patient = 21 with skills = {1,5} and cost = 81.3
   Vehicle #0 = 8, leaving at = 545.0
   Vehicle #1 = 28, leaving at = 605.0
   Increment on distance indicator: 24.0
   Increment on tard indicator:     0.0
   Value of tmax indicator:         24.0

Task for patient = 147 with skills = {1,5} and cost = 82.7
   Vehicle #0 = 2, leaving at = 660.0
   Vehicle #1 = 25, leaving at = 645.0
   Increment on distance indicator: 4.0
   Increment on tard indicator:     0.0
   Value of tmax indicator:         4.0

Task for patient = 196 with skills = {4,-1} and cost = 86.7
   Vehicle #0 = 30, leaving at = 590.0
   Vehicle #1 = -1, leaving at = inf
   Increment on distance indicator: 12.0
   Increment on tard indicator:     0.0
   Value of tmax indicator:         12.0

Task for patient = 78 with skills = {4,-1} and cost = 89.7
   Vehicle #0 = 21, leaving at = 775.0
   Vehicle #1 = -1, leaving at = inf
   Increment on distance indicator: 9.0
   Increment on tard indicator:     0.0
   Value of tmax indicator:         9.0

Task for patient = 175 with skills = {0,-1} and cost = 46.3
   Vehicle #0 = 3, leaving at = 663.0
   Vehicle #1 = -1, leaving at = inf
   Increment on distance indicator: 3.0
   Increment on tard indicator:     0.0
   Value of tmax indicator:         3.0

Task for patient = 82 with skills = {1,4} and cost = 215.3
   Vehicle #0 = 13, leaving at = 703.0
   Vehicle #1 = 35, leaving at = 706.0
   Increment on distance indicator: 6.0
   Increment on tard indicator:     0.0
   Value of tmax indicator:         6.0

Task for patient = 72 with skills = {5,-1} and cost = 219.0
   Vehicle #0 = 31, leaving at = 697.0
   Vehicle #1 = -1, leaving at = inf
   Increment on distance indicator: 11.0
   Increment on tard indicator:     0.0
   Value of tmax indicator:         11.0

Task for patient = 54 with skills = {0,3} and cost = 223.0
   Vehicle #0 = 13, leaving at = 769.0
   Vehicle #1 = 26, leaving at = 739.0
   Increment on distance indicator: 12.0
   Increment on tard indicator:     0.0
   Value of tmax indicator:         12.0

Task for patient = 121 with skills = {4,-1} and cost = 226.7
   Vehicle #0 = 34, leaving at = 557.0
   Vehicle #1 = -1, leaving at = inf
   Increment on distance indicator: 11.0
   Increment on tard indicator:     0.0
   Value of tmax indicator:         11.0

Task for patient = 48 with skills = {4,-1} and cost = 231.7
   Vehicle #0 = 36, leaving at = 563.0
   Vehicle #1 = -1, leaving at = inf
   Increment on distance indicator: 15.0
   Increment on tard indicator:     0.0
   Value of tmax indicator:         15.0

Task for patient = 73 with skills = {0,-1} and cost = 233.0
   Vehicle #0 = 4, leaving at = 965.0
   Vehicle #1 = -1, leaving at = inf
   Increment on distance indicator: 4.0
   Increment on tard indicator:     0.0
   Value of tmax indicator:         4.0

Task for patient = 93 with skills = {2,-1} and cost = 233.7
   Vehicle #0 = 11, leaving at = 619.0
   Vehicle #1 = -1, leaving at = inf
   Increment on distance indicator: 2.0
   Increment on tard indicator:     0.0
   Value of tmax indicator:         2.0

Task for patient = 56 with skills = {0,-1} and cost = 237.0
   Vehicle #0 = 16, leaving at = 563.0
   Vehicle #1 = -1, leaving at = inf
   Increment on distance indicator: 10.0
   Increment on tard indicator:     0.0
   Value of tmax indicator:         10.0

Task for patient = 105 with skills = {0,-1} and cost = 237.3
   Vehicle #0 = 11, leaving at = 657.0
   Vehicle #1 = -1, leaving at = inf
   Increment on distance indicator: 1.0
   Increment on tard indicator:     0.0
   Value of tmax indicator:         1.0

Task for patient = 113 with skills = {1,-1} and cost = 238.7
   Vehicle #0 = 14, leaving at = 755.0
   Vehicle #1 = -1, leaving at = inf
   Increment on distance indicator: 4.0
   Increment on tard indicator:     0.0
   Value of tmax indicator:         4.0

Task for patient = 155 with skills = {1,-1} and cost = 239.3
   Vehicle #0 = 2, leaving at = 809.0
   Vehicle #1 = -1, leaving at = inf
   Increment on distance indicator: 2.0
   Increment on tard indicator:     0.0
   Value of tmax indicator:         2.0

Task for patient = 170 with skills = {4,-1} and cost = 147.7
   Vehicle #0 = 24, leaving at = 754.0
   Vehicle #1 = -1, leaving at = inf
   Increment on distance indicator: 8.0
   Increment on tard indicator:     0.0
   Value of tmax indicator:         8.0

Task for patient = 6 with skills = {0,3} and cost = 243.0
   Vehicle #0 = 10, leaving at = 794.0
   Vehicle #1 = 23, leaving at = 797.0
   Increment on distance indicator: 4.0
   Increment on tard indicator:     0.0
   Value of tmax indicator:         4.0

Task for patient = 186 with skills = {5,-1} and cost = 243.7
   Vehicle #0 = 36, leaving at = 615.0
   Vehicle #1 = -1, leaving at = inf
   Increment on distance indicator: 2.0
   Increment on tard indicator:     0.0
   Value of tmax indicator:         2.0

Task for patient = 123 with skills = {0,-1} and cost = 246.0
   Vehicle #0 = 9, leaving at = 725.0
   Vehicle #1 = -1, leaving at = inf
   Increment on distance indicator: 7.0
   Increment on tard indicator:     0.0
   Value of tmax indicator:         7.0

Task for patient = 136 with skills = {4,-1} and cost = 248.0
   Vehicle #0 = 37, leaving at = 559.0
   Vehicle #1 = -1, leaving at = inf
   Increment on distance indicator: 6.0
   Increment on tard indicator:     0.0
   Value of tmax indicator:         6.0

Task for patient = 98 with skills = {4,-1} and cost = 249.7
   Vehicle #0 = 36, leaving at = 637.0
   Vehicle #1 = -1, leaving at = inf
   Increment on distance indicator: 5.0
   Increment on tard indicator:     0.0
   Value of tmax indicator:         5.0

Task for patient = 16 with skills = {0,-1} and cost = 252.0
   Vehicle #0 = 11, leaving at = 745.0
   Vehicle #1 = -1, leaving at = inf
   Increment on distance indicator: 7.0
   Increment on tard indicator:     0.0
   Value of tmax indicator:         7.0

Task for patient = 173 with skills = {2,5} and cost = 254.0
   Vehicle #0 = 0, leaving at = 797.0
   Vehicle #1 = 28, leaving at = 813.0
   Increment on distance indicator: 6.0
   Increment on tard indicator:     0.0
   Value of tmax indicator:         6.0

Task for patient = 1 with skills = {2,3} and cost = 258.0
   Vehicle #0 = 15, leaving at = 638.0
   Vehicle #1 = 36, leaving at = 665.0
   Increment on distance indicator: 12.0
   Increment on tard indicator:     0.0
   Value of tmax indicator:         12.0

Task for patient = 90 with skills = {1,4} and cost = 259.7
   Vehicle #0 = 2, leaving at = 835.0
   Vehicle #1 = 30, leaving at = 841.0
   Increment on distance indicator: 5.0
   Increment on tard indicator:     0.0
   Value of tmax indicator:         5.0

Task for patient = 8 with skills = {5,-1} and cost = 260.7
   Vehicle #0 = 36, leaving at = 724.0
   Vehicle #1 = -1, leaving at = inf
   Increment on distance indicator: 3.0
   Increment on tard indicator:     0.0
   Value of tmax indicator:         3.0

Task for patient = 17 with skills = {5,-1} and cost = 261.3
   Vehicle #0 = 36, leaving at = 745.0
   Vehicle #1 = -1, leaving at = inf
   Increment on distance indicator: 2.0
   Increment on tard indicator:     0.0
   Value of tmax indicator:         2.0

Task for patient = 191 with skills = {5,-1} and cost = 264.7
   Vehicle #0 = 38, leaving at = 582.0
   Vehicle #1 = -1, leaving at = inf
   Increment on distance indicator: 10.0
   Increment on tard indicator:     0.0
   Value of tmax indicator:         10.0

Task for patient = 162 with skills = {1,3} and cost = 241.7
   Vehicle #0 = 8, leaving at = 745.0
   Vehicle #1 = 28, leaving at = 755.0
   Increment on distance indicator: 7.0
   Increment on tard indicator:     0.0
   Value of tmax indicator:         7.0

Task for patient = 97 with skills = {3,-1} and cost = 149.3
   Vehicle #0 = 25, leaving at = 689.0
   Vehicle #1 = -1, leaving at = inf
   Increment on distance indicator: 5.0
   Increment on tard indicator:     0.0
   Value of tmax indicator:         5.0

Task for patient = 25 with skills = {0,-1} and cost = 150.0
   Vehicle #0 = 7, leaving at = 747.0
   Vehicle #1 = -1, leaving at = inf
   Increment on distance indicator: 2.0
   Increment on tard indicator:     0.0
   Value of tmax indicator:         2.0

Task for patient = 76 with skills = {2,4} and cost = 154.3
   Vehicle #0 = 2, leaving at = 717.0
   Vehicle #1 = 30, leaving at = 742.0
   Increment on distance indicator: 13.0
   Increment on tard indicator:     0.0
   Value of tmax indicator:         13.0

Task for patient = 91 with skills = {4,-1} and cost = 156.7
   Vehicle #0 = 27, leaving at = 757.0
   Vehicle #1 = -1, leaving at = inf
   Increment on distance indicator: 7.0
   Increment on tard indicator:     0.0
   Value of tmax indicator:         7.0

Task for patient = 10 with skills = {1,5} and cost = 167.3
   Vehicle #0 = 10, leaving at = 547.0
   Vehicle #1 = 33, leaving at = 567.0
   Increment on distance indicator: 32.0
   Increment on tard indicator:     0.0
   Value of tmax indicator:         32.0

Task for patient = 156 with skills = {1,-1} and cost = 168.0
   Vehicle #0 = 7, leaving at = 799.0
   Vehicle #1 = -1, leaving at = inf
   Increment on distance indicator: 2.0
   Increment on tard indicator:     0.0
   Value of tmax indicator:         2.0

Task for patient = 199 with skills = {4,-1} and cost = 169.0
   Vehicle #0 = 21, leaving at = 887.0
   Vehicle #1 = -1, leaving at = inf
   Increment on distance indicator: 3.0
   Increment on tard indicator:     0.0
   Value of tmax indicator:         3.0

Task for patient = 159 with skills = {2,-1} and cost = 171.7
   Vehicle #0 = 11, leaving at = 587.0
   Vehicle #1 = -1, leaving at = inf
   Increment on distance indicator: 8.0
   Increment on tard indicator:     0.0
   Value of tmax indicator:         8.0

Task for patient = 129 with skills = {0,-1} and cost = 172.3
   Vehicle #0 = 8, leaving at = 642.0
   Vehicle #1 = -1, leaving at = inf
   Increment on distance indicator: 2.0
   Increment on tard indicator:     0.0
   Value of tmax indicator:         2.0

Task for patient = 168 with skills = {5,-1} and cost = 173.7
   Vehicle #0 = 25, leaving at = 708.0
   Vehicle #1 = -1, leaving at = inf
   Increment on distance indicator: 4.0
   Increment on tard indicator:     0.0
   Value of tmax indicator:         4.0

Task for patient = 122 with skills = {5,-1} and cost = 176.0
   Vehicle #0 = 35, leaving at = 534.0
   Vehicle #1 = -1, leaving at = inf
   Increment on distance indicator: 7.0
   Increment on tard indicator:     0.0
   Value of tmax indicator:         7.0

Task for patient = 11 with skills = {3,-1} and cost = 213.3
   Vehicle #0 = 28, leaving at = 708.0
   Vehicle #1 = -1, leaving at = inf
   Increment on distance indicator: 8.0
   Increment on tard indicator:     0.0
   Value of tmax indicator:         8.0

Task for patient = 114 with skills = {1,5} and cost = 183.3
   Vehicle #0 = 10, leaving at = 660.0
   Vehicle #1 = 33, leaving at = 673.0
   Increment on distance indicator: 10.0
   Increment on tard indicator:     0.0
   Value of tmax indicator:         10.0

Task for patient = 52 with skills = {5,-1} and cost = 184.0
   Vehicle #0 = 30, leaving at = 804.0
   Vehicle #1 = -1, leaving at = inf
   Increment on distance indicator: 2.0
   Increment on tard indicator:     0.0
   Value of tmax indicator:         2.0

Task for patient = 70 with skills = {5,-1} and cost = 185.0
   Vehicle #0 = 20, leaving at = 745.0
   Vehicle #1 = -1, leaving at = inf
   Increment on distance indicator: 3.0
   Increment on tard indicator:     0.0
   Value of tmax indicator:         3.0

Task for patient = 150 with skills = {2,-1} and cost = 186.0
   Vehicle #0 = 7, leaving at = 834.0
   Vehicle #1 = -1, leaving at = inf
   Increment on distance indicator: 3.0
   Increment on tard indicator:     0.0
   Value of tmax indicator:         3.0

Task for patient = 176 with skills = {1,5} and cost = 192.7
   Vehicle #0 = 14, leaving at = 585.0
   Vehicle #1 = 35, leaving at = 593.0
   Increment on distance indicator: 20.0
   Increment on tard indicator:     0.0
   Value of tmax indicator:         20.0

Task for patient = 67 with skills = {1,-1} and cost = 194.3
   Vehicle #0 = 14, leaving at = 706.0
   Vehicle #1 = -1, leaving at = inf
   Increment on distance indicator: 5.0
   Increment on tard indicator:     0.0
   Value of tmax indicator:         5.0

Task for patient = 125 with skills = {1,3} and cost = 202.0
   Vehicle #0 = 13, leaving at = 628.0
   Vehicle #1 = 35, leaving at = 655.0
   Increment on distance indicator: 23.0
   Increment on tard indicator:     0.0
   Value of tmax indicator:         23.0

Task for patient = 137 with skills = {5,-1} and cost = 203.7
   Vehicle #0 = 29, leaving at = 711.0
   Vehicle #1 = -1, leaving at = inf
   Increment on distance indicator: 5.0
   Increment on tard indicator:     0.0
   Value of tmax indicator:         5.0

Task for patient = 165 with skills = {5,-1} and cost = 207.3
   Vehicle #0 = 28, leaving at = 660.0
   Vehicle #1 = -1, leaving at = inf
   Increment on distance indicator: 11.0
   Increment on tard indicator:     0.0
   Value of tmax indicator:         11.0

Task for patient = 179 with skills = {0,-1} and cost = 208.3
   Vehicle #0 = 1, leaving at = 772.0
   Vehicle #1 = -1, leaving at = inf
   Increment on distance indicator: 3.0
   Increment on tard indicator:     0.0
   Value of tmax indicator:         3.0

Task for patient = 100 with skills = {1,-1} and cost = 210.0
   Vehicle #0 = 15, leaving at = 603.0
   Vehicle #1 = -1, leaving at = inf
   Increment on distance indicator: 5.0
   Increment on tard indicator:     0.0
   Value of tmax indicator:         5.0

Task for patient = 49 with skills = {2,-1} and cost = 210.7
   Vehicle #0 = 1, leaving at = 806.0
   Vehicle #1 = -1, leaving at = inf
   Increment on distance indicator: 2.0
   Increment on tard indicator:     0.0
   Value of tmax indicator:         2.0

Task for patient = 66 with skills = {0,-1} and cost = 180.0
   Vehicle #0 = 13, leaving at = 587.0
   Vehicle #1 = -1, leaving at = inf
   Increment on distance indicator: 12.0
   Increment on tard indicator:     0.0
   Value of tmax indicator:         12.0


Unused vehicle list: 17 (total = 1 out of 40)

---
Search finished.
Total of 448 generations in 7.9 seconds.
Exchange elite runs: 0
Implicit path relinking runs: 4
Reset attempts: 0

Best solution found:
   Cost: 598.0
   Total travel time: 1792.0
   Total tardiness time: 1.0
   Largest tardiness: 1.0


598.0
