--- BRKGA-MP-IPR for HHCRSP ---
Instance: new-instances/HHCRSP_200_40_86_1.0_R_R.txt
Seed: 1

Reading data... Problem contains 200 patients  and 40 caregivers.

Summary of supply x demand for each service type:
Skill 0 has supply = 12 and demand = 40, ratio = 0.3
Skill 1 has supply = 13 and demand = 43, ratio = 0.302326
Skill 2 has supply = 14 and demand = 44, ratio = 0.318182
Skill 3 has supply = 15 and demand = 49, ratio = 0.306122
Skill 4 has supply = 13 and demand = 49, ratio = 0.265306
Skill 5 has supply = 14 and demand = 35, ratio = 0.4

Reading parameters...
Inferred distance function by PR type: kendall-tau
Building BRKGA data and initializing...
Evolving 448 generations...

  Gens  Rem    Local   ElDiv NoImpr             Best solution            Time  Op
                                       Cost     Dist    Tard    TMax 
*    0  448  4892.33  441.60      0  4892.33  4626.00  9666.0   385.0     0.0    
*    4  444  4879.00  373.53      0  4879.00  4588.00  9688.0   361.0     0.1    
*    6  442  4785.67  319.88      0  4785.67  4463.00  7203.0   369.0     0.1    
*    7  441  4011.67  298.64      0  4011.67  4383.00  6676.0   356.0     0.1    
*    8  440  3805.00  327.21      0  3805.00  4325.00  6471.0   355.0     0.2    
*    9  439  3717.00  306.76      0  3717.00  4420.00  6166.0   359.0     0.2    
*   10  438  3648.33  282.32      0  3648.33  4460.00  6152.0   290.0     0.2    
*   11  437  3634.00  237.10      0  3634.00  4391.00  5734.0   326.0     0.2    
*   12  436  3483.67  204.85      0  3483.67  4430.00  4875.0   315.0     0.2    
*   13  435  3206.67  214.64      0  3206.67  4577.00  4363.0   299.0     0.3    
*   14  434  3079.67  212.84      0  3079.67  4410.00  3917.0   240.0     0.3    
*   15  433  2855.67  216.25      0  2855.67  4564.00  3453.0   241.0     0.3    
*   16  432  2752.67  180.10      0  2752.67  4564.00  3453.0   241.0     0.3    
*   18  430  2483.33  183.90      0  2483.33  4456.00  2672.0   322.0     0.4    
*   20  428  2118.33  170.12      0  2118.33  4350.00  1803.0   202.0     0.4    

  Gens  Rem    Local   ElDiv NoImpr             Best solution            Time  Op
                                       Cost     Dist    Tard    TMax 
*   23  425  1836.67  172.80      0  1836.67  4430.00   931.0   149.0     0.4    
*   27  421  1818.00  108.37      0  1818.00  4224.00  1080.0   150.0     0.5    
*   29  419  1725.67  101.20      0  1725.67  4362.00   639.0   111.0     0.5    
*   30  418  1704.00   89.25      0  1704.00  4335.00   654.0   102.0     0.6    
*   31  417  1697.00   71.30      0  1697.00  4335.00   654.0   102.0     0.6    
*   33  415  1611.00   70.28      0  1611.00  4161.00   499.0   100.0     0.6    
*   34  414  1586.67   63.30      0  1586.67  4385.00   264.0    82.0     0.6    
*   35  413  1577.00   60.63      0  1577.00  4385.00   264.0    82.0     0.7    
*   37  411  1546.33   45.08      0  1546.33  4115.00   318.0    92.0     0.7    
*   38  410  1508.33   50.67      0  1508.33  4142.00   173.0    53.0     0.7    
*   39  409  1456.00   45.99      0  1456.00  4142.00   173.0    53.0     0.7    
*   42  406  1447.67   40.15      0  1447.67  4006.00   207.0    72.0     0.8    
*   43  405  1428.33   34.52      0  1428.33  4126.00    79.0    44.0     0.8    
*   44  404  1416.33   29.54      0  1416.33  4123.00    47.0     8.0     0.8    
*   45  403  1392.67   27.87      0  1392.67  4123.00    47.0     8.0     0.9    
*   48  400  1388.67   22.76      0  1388.67  4026.00    91.0    49.0     0.9    

  Gens  Rem    Local   ElDiv NoImpr             Best solution            Time  Op
                                       Cost     Dist    Tard    TMax 
    50  398  1388.67   19.30      2  1388.67  4026.00    91.0    49.0     0.9    
*   52  396  1367.00   20.05      0  1367.00  4034.00    56.0    11.0     1.0    
*   55  393  1350.33   18.79      0  1350.33  4030.00    17.0     4.0     1.0    
*   58  390  1342.00   17.85      0  1342.00  3910.00    57.0    11.0     1.1    
*   59  389  1326.00   17.43      0  1326.00  3910.00    57.0    11.0     1.1    
*   62  386  1320.67   15.10      0  1320.67  3912.00    41.0     9.0     1.2    
*   65  383  1319.67   13.87      0  1319.67  3917.00    32.0    10.0     1.2    
*   69  379  1312.67   13.00      0  1312.67  3916.00    19.0     3.0     1.3    
*   77  371  1312.00   10.71      0  1312.00  3876.00    51.0     9.0     1.4    
*   80  368  1311.33    9.55      0  1311.33  3909.00    19.0     6.0     1.5    
*   84  364  1298.33   10.06      0  1298.33  3876.00    15.0     4.0     1.6    
*   86  362  1296.00    9.14      0  1296.00  3847.00    27.0    14.0     1.6    
*   88  360  1286.33    8.99      0  1286.33  3839.00    14.0     6.0     1.6    
*   90  358  1279.67    9.62      0  1279.67  3794.00    30.0    15.0     1.7    
Path relinking result: too homogeneous.
    96  352  1279.67    8.78      7  1279.67  3794.00    30.0    15.0     1.8   P
*   98  350  1276.67    9.54      0  1276.67  3755.00    40.0    12.0     1.8    

  Gens  Rem    Local   ElDiv NoImpr             Best solution            Time  Op
                                       Cost     Dist    Tard    TMax 
*   99  349  1269.00    9.24      0  1269.00  3755.00    40.0    12.0     1.9    
   100  348  1269.00    9.03      1  1269.00  3755.00    40.0    12.0     1.9    
*  104  344  1257.33   10.29      0  1257.33  3728.00    31.0    13.0     2.0    
*  117  331  1252.67    8.88      0  1252.67  3738.00    14.0     6.0     2.2    
*  119  329  1237.67    9.69      0  1237.67  3690.00    15.0     8.0     2.2    
*  140  308  1223.67    8.13      0  1223.67  3647.00    18.0     6.0     2.6    
*  142  306  1219.33    8.68      0  1219.33  3633.00    18.0     7.0     2.7    
*  145  303  1213.67    9.41      0  1213.67  3636.00     3.0     2.0     2.7    
   150  298  1213.67    9.02      5  1213.67  3636.00     3.0     2.0     2.8    
*  152  296  1208.67    9.59      0  1208.67  3588.00    23.0    15.0     2.9    
*  172  276  1199.67    8.08      0  1199.67  3578.00    15.0     6.0     3.3    
*  178  270  1198.33    8.49      0  1198.33  3584.00     8.0     3.0     3.4    
*  185  263  1182.00    9.04      0  1182.00  3522.00    20.0     4.0     3.5    
*  191  257  1172.33    9.71      0  1172.33  3494.00    17.0     6.0     3.6    
Path relinking result: too homogeneous.
   192  256  1172.33    9.14      2  1172.33  3494.00    17.0     6.0     3.7   P
*  196  252  1168.67    7.18      0  1168.67  3486.00    14.0     6.0     3.7    

  Gens  Rem    Local   ElDiv NoImpr             Best solution            Time  Op
                                       Cost     Dist    Tard    TMax 
*  199  249  1168.33    5.51      0  1168.33  3485.00     0.0     0.0     3.8    
*  200  248  1161.67    5.75      0  1161.67  3455.00    15.0     6.0     3.8    
*  201  247  1158.67    6.52      0  1158.67  3442.00    10.0     6.0     3.8    
*  202  246  1152.67    6.08      0  1152.67  3442.00    10.0     6.0     3.8    
*  205  243  1152.00    5.28      0  1152.00  3419.00    15.0     6.0     3.9    
*  206  242  1146.67    4.66      0  1146.67  3419.00    15.0     6.0     3.9    
*  209  239  1139.67    4.74      0  1139.67  3410.00     6.0     3.0     4.0    
*  217  231  1131.67    3.85      0  1131.67  3380.00     9.0     6.0     4.1    
*  220  228  1131.00    2.73      0  1131.00  3393.00     0.0     0.0     4.2    
*  224  224  1127.67    2.86      0  1127.67  3377.00     3.0     3.0     4.2    
*  230  218  1127.33    1.29      0  1127.33  3373.00     3.0     3.0     4.4    
*  231  217  1126.33    0.94      0  1126.33  3373.00     3.0     3.0     4.4    
*  233  215  1125.67    0.76      0  1125.67  3371.00     3.0     3.0     4.4    
*  236  212  1125.33    0.75      0  1125.33  3371.00     0.0     0.0     4.5    
*  237  211  1123.67    0.71      0  1123.67  3371.00     0.0     0.0     4.5    
*  240  208  1123.33    0.76      0  1123.33  3370.00     0.0     0.0     4.5    

  Gens  Rem    Local   ElDiv NoImpr             Best solution            Time  Op
                                       Cost     Dist    Tard    TMax 
*  244  204  1121.67    0.49      0  1121.67  3365.00     0.0     0.0     4.6    
*  248  200  1121.33    0.78      0  1121.33  3364.00     0.0     0.0     4.7    
   250  198  1121.33    0.79      2  1121.33  3364.00     0.0     0.0     4.7    
*  252  196  1119.33    0.50      0  1119.33  3358.00     0.0     0.0     4.8    
*  271  177  1118.33    0.12      0  1118.33  3355.00     0.0     0.0     5.1    
*  286  162  1115.00    0.47      0  1115.00  3345.00     0.0     0.0     5.4    
Path relinking result: too homogeneous.
   288  160  1115.00    0.50      3  1115.00  3345.00     0.0     0.0     5.4   P
   300  148  1115.00    0.04     14  1115.00  3345.00     0.0     0.0     5.7    
*  301  147  1114.67    0.04      0  1114.67  3344.00     0.0     0.0     5.7    
*  338  110  1113.00    0.21      0  1113.00  3339.00     0.0     0.0     6.4    
   350   98  1113.00    0.00     12  1113.00  3339.00     0.0     0.0     6.6    
*  353   95  1112.67    0.06      0  1112.67  3338.00     0.0     0.0     6.6    
Path relinking result: too homogeneous.
   384   64  1112.67    0.00     32  1112.67  3338.00     0.0     0.0     7.2   P
*  393   55  1111.33    0.16      0  1111.33  3334.00     0.0     0.0     7.4    
   400   48  1111.33    0.00      7  1111.33  3334.00     0.0     0.0     7.5    
   448    0  1109.67    0.21      0  1111.33  3334.00     0.0     0.0     8.4    
Evolutionary process finished.
Solution written to 'solution-27657.txt'.

Sorted sequence of worst to best tardiness value:
Task for patient = 48 with skills = {1,3} and cost = 601.3
   Vehicle #0 = 19, leaving at = 870.0
   Vehicle #1 = 35, leaving at = 903.0
   Increment on distance indicator: 2.0
   Increment on tard indicator:     0.0
   Value of tmax indicator:         2.0

Task for patient = 140 with skills = {0,-1} and cost = 605.3
   Vehicle #0 = 13, leaving at = 783.0
   Vehicle #1 = -1, leaving at = inf
   Increment on distance indicator: 12.0
   Increment on tard indicator:     0.0
   Value of tmax indicator:         12.0

Task for patient = 24 with skills = {1,4} and cost = 609.0
   Vehicle #0 = 18, leaving at = 758.0
   Vehicle #1 = 39, leaving at = 767.0
   Increment on distance indicator: 11.0
   Increment on tard indicator:     0.0
   Value of tmax indicator:         11.0

Task for patient = 192 with skills = {0,-1} and cost = 610.7
   Vehicle #0 = 16, leaving at = 934.0
   Vehicle #1 = -1, leaving at = inf
   Increment on distance indicator: 5.0
   Increment on tard indicator:     0.0
   Value of tmax indicator:         5.0

Task for patient = 32 with skills = {1,-1} and cost = 614.0
   Vehicle #0 = 1, leaving at = 786.0
   Vehicle #1 = -1, leaving at = inf
   Increment on distance indicator: 10.0
   Increment on tard indicator:     0.0
   Value of tmax indicator:         10.0

Task for patient = 159 with skills = {4,-1} and cost = 617.0
   Vehicle #0 = 28, leaving at = 914.0
   Vehicle #1 = -1, leaving at = inf
   Increment on distance indicator: 9.0
   Increment on tard indicator:     0.0
   Value of tmax indicator:         9.0

Task for patient = 109 with skills = {4,-1} and cost = 618.7
   Vehicle #0 = 37, leaving at = 759.0
   Vehicle #1 = -1, leaving at = inf
   Increment on distance indicator: 5.0
   Increment on tard indicator:     0.0
   Value of tmax indicator:         5.0

Task for patient = 84 with skills = {0,-1} and cost = 620.0
   Vehicle #0 = 1, leaving at = 819.0
   Vehicle #1 = -1, leaving at = inf
   Increment on distance indicator: 4.0
   Increment on tard indicator:     0.0
   Value of tmax indicator:         4.0

Task for patient = 106 with skills = {4,-1} and cost = 621.7
   Vehicle #0 = 37, leaving at = 810.0
   Vehicle #1 = -1, leaving at = inf
   Increment on distance indicator: 5.0
   Increment on tard indicator:     0.0
   Value of tmax indicator:         5.0

Task for patient = 85 with skills = {4,-1} and cost = 624.0
   Vehicle #0 = 26, leaving at = 962.0
   Vehicle #1 = -1, leaving at = inf
   Increment on distance indicator: 7.0
   Increment on tard indicator:     0.0
   Value of tmax indicator:         7.0

Task for patient = 79 with skills = {2,5} and cost = 626.3
   Vehicle #0 = 17, leaving at = 982.0
   Vehicle #1 = 27, leaving at = 967.0
   Increment on distance indicator: 7.0
   Increment on tard indicator:     0.0
   Value of tmax indicator:         7.0

Task for patient = 44 with skills = {4,-1} and cost = 818.0
   Vehicle #0 = 26, leaving at = 1124.0
   Vehicle #1 = -1, leaving at = inf
   Increment on distance indicator: 4.0
   Increment on tard indicator:     0.0
   Value of tmax indicator:         4.0

Task for patient = 31 with skills = {2,-1} and cost = 632.7
   Vehicle #0 = 12, leaving at = 713.0
   Vehicle #1 = -1, leaving at = inf
   Increment on distance indicator: 7.0
   Increment on tard indicator:     0.0
   Value of tmax indicator:         7.0

Task for patient = 124 with skills = {0,-1} and cost = 634.3
   Vehicle #0 = 16, leaving at = 974.0
   Vehicle #1 = -1, leaving at = inf
   Increment on distance indicator: 5.0
   Increment on tard indicator:     0.0
   Value of tmax indicator:         5.0

Task for patient = 83 with skills = {4,-1} and cost = 637.3
   Vehicle #0 = 38, leaving at = 948.0
   Vehicle #1 = -1, leaving at = inf
   Increment on distance indicator: 9.0
   Increment on tard indicator:     0.0
   Value of tmax indicator:         9.0

Task for patient = 199 with skills = {3,-1} and cost = 641.0
   Vehicle #0 = 29, leaving at = 857.0
   Vehicle #1 = -1, leaving at = inf
   Increment on distance indicator: 11.0
   Increment on tard indicator:     0.0
   Value of tmax indicator:         11.0

Task for patient = 146 with skills = {3,-1} and cost = 642.3
   Vehicle #0 = 33, leaving at = 856.0
   Vehicle #1 = -1, leaving at = inf
   Increment on distance indicator: 4.0
   Increment on tard indicator:     0.0
   Value of tmax indicator:         4.0

Task for patient = 37 with skills = {2,3} and cost = 648.3
   Vehicle #0 = 12, leaving at = 791.0
   Vehicle #1 = 31, leaving at = 827.0
   Increment on distance indicator: 18.0
   Increment on tard indicator:     0.0
   Value of tmax indicator:         18.0

Task for patient = 51 with skills = {2,-1} and cost = 653.7
   Vehicle #0 = 2, leaving at = 873.0
   Vehicle #1 = -1, leaving at = inf
   Increment on distance indicator: 16.0
   Increment on tard indicator:     0.0
   Value of tmax indicator:         16.0

Task for patient = 14 with skills = {2,-1} and cost = 656.0
   Vehicle #0 = 13, leaving at = 830.0
   Vehicle #1 = -1, leaving at = inf
   Increment on distance indicator: 7.0
   Increment on tard indicator:     0.0
   Value of tmax indicator:         7.0

Task for patient = 138 with skills = {1,-1} and cost = 659.3
   Vehicle #0 = 9, leaving at = 824.0
   Vehicle #1 = -1, leaving at = inf
   Increment on distance indicator: 10.0
   Increment on tard indicator:     0.0
   Value of tmax indicator:         10.0

Task for patient = 181 with skills = {0,4} and cost = 664.0
   Vehicle #0 = 7, leaving at = 862.0
   Vehicle #1 = 37, leaving at = 859.0
   Increment on distance indicator: 14.0
   Increment on tard indicator:     0.0
   Value of tmax indicator:         14.0

Task for patient = 104 with skills = {1,4} and cost = 672.0
   Vehicle #0 = 14, leaving at = 974.0
   Vehicle #1 = 22, leaving at = 962.0
   Increment on distance indicator: 24.0
   Increment on tard indicator:     0.0
   Value of tmax indicator:         24.0

Task for patient = 126 with skills = {4,-1} and cost = 676.3
   Vehicle #0 = 30, leaving at = 836.0
   Vehicle #1 = -1, leaving at = inf
   Increment on distance indicator: 13.0
   Increment on tard indicator:     0.0
   Value of tmax indicator:         13.0

Task for patient = 4 with skills = {1,3} and cost = 630.3
   Vehicle #0 = 0, leaving at = 914.0
   Vehicle #1 = 25, leaving at = 874.0
   Increment on distance indicator: 12.0
   Increment on tard indicator:     0.0
   Value of tmax indicator:         12.0

Task for patient = 66 with skills = {0,5} and cost = 517.7
   Vehicle #0 = 16, leaving at = 815.0
   Vehicle #1 = 24, leaving at = 800.0
   Increment on distance indicator: 5.0
   Increment on tard indicator:     0.0
   Value of tmax indicator:         5.0

Task for patient = 27 with skills = {0,-1} and cost = 519.0
   Vehicle #0 = 16, leaving at = 903.0
   Vehicle #1 = -1, leaving at = inf
   Increment on distance indicator: 4.0
   Increment on tard indicator:     0.0
   Value of tmax indicator:         4.0

Task for patient = 102 with skills = {5,-1} and cost = 522.7
   Vehicle #0 = 28, leaving at = 887.0
   Vehicle #1 = -1, leaving at = inf
   Increment on distance indicator: 11.0
   Increment on tard indicator:     0.0
   Value of tmax indicator:         11.0

Task for patient = 41 with skills = {1,-1} and cost = 524.0
   Vehicle #0 = 14, leaving at = 818.0
   Vehicle #1 = -1, leaving at = inf
   Increment on distance indicator: 4.0
   Increment on tard indicator:     0.0
   Value of tmax indicator:         4.0

Task for patient = 139 with skills = {3,-1} and cost = 526.7
   Vehicle #0 = 24, leaving at = 830.0
   Vehicle #1 = -1, leaving at = inf
   Increment on distance indicator: 8.0
   Increment on tard indicator:     0.0
   Value of tmax indicator:         8.0

Task for patient = 120 with skills = {2,-1} and cost = 528.7
   Vehicle #0 = 11, leaving at = 994.0
   Vehicle #1 = -1, leaving at = inf
   Increment on distance indicator: 6.0
   Increment on tard indicator:     0.0
   Value of tmax indicator:         6.0

Task for patient = 142 with skills = {2,-1} and cost = 536.0
   Vehicle #0 = 12, leaving at = 555.0
   Vehicle #1 = -1, leaving at = inf
   Increment on distance indicator: 22.0
   Increment on tard indicator:     0.0
   Value of tmax indicator:         22.0

Task for patient = 172 with skills = {1,3} and cost = 541.7
   Vehicle #0 = 19, leaving at = 835.0
   Vehicle #1 = 35, leaving at = 846.0
   Increment on distance indicator: 17.0
   Increment on tard indicator:     0.0
   Value of tmax indicator:         17.0

Task for patient = 47 with skills = {0,-1} and cost = 544.0
   Vehicle #0 = 10, leaving at = 764.0
   Vehicle #1 = -1, leaving at = inf
   Increment on distance indicator: 7.0
   Increment on tard indicator:     0.0
   Value of tmax indicator:         7.0

Task for patient = 81 with skills = {4,-1} and cost = 546.0
   Vehicle #0 = 23, leaving at = 830.0
   Vehicle #1 = -1, leaving at = inf
   Increment on distance indicator: 6.0
   Increment on tard indicator:     0.0
   Value of tmax indicator:         6.0

Task for patient = 50 with skills = {2,-1} and cost = 550.7
   Vehicle #0 = 10, leaving at = 817.0
   Vehicle #1 = -1, leaving at = inf
   Increment on distance indicator: 14.0
   Increment on tard indicator:     0.0
   Value of tmax indicator:         14.0

Task for patient = 93 with skills = {1,-1} and cost = 600.7
   Vehicle #0 = 9, leaving at = 780.0
   Vehicle #1 = -1, leaving at = inf
   Increment on distance indicator: 9.0
   Increment on tard indicator:     0.0
   Value of tmax indicator:         9.0

Task for patient = 148 with skills = {4,-1} and cost = 554.7
   Vehicle #0 = 29, leaving at = 821.0
   Vehicle #1 = -1, leaving at = inf
   Increment on distance indicator: 8.0
   Increment on tard indicator:     0.0
   Value of tmax indicator:         8.0

Task for patient = 58 with skills = {1,4} and cost = 559.7
   Vehicle #0 = 3, leaving at = 872.0
   Vehicle #1 = 23, leaving at = 903.0
   Increment on distance indicator: 15.0
   Increment on tard indicator:     0.0
   Value of tmax indicator:         15.0

Task for patient = 182 with skills = {2,-1} and cost = 561.3
   Vehicle #0 = 8, leaving at = 849.0
   Vehicle #1 = -1, leaving at = inf
   Increment on distance indicator: 5.0
   Increment on tard indicator:     0.0
   Value of tmax indicator:         5.0

Task for patient = 62 with skills = {2,3} and cost = 566.7
   Vehicle #0 = 18, leaving at = 701.0
   Vehicle #1 = 36, leaving at = 703.0
   Increment on distance indicator: 16.0
   Increment on tard indicator:     0.0
   Value of tmax indicator:         16.0

Task for patient = 193 with skills = {1,4} and cost = 574.7
   Vehicle #0 = 14, leaving at = 893.0
   Vehicle #1 = 22, leaving at = 901.0
   Increment on distance indicator: 24.0
   Increment on tard indicator:     0.0
   Value of tmax indicator:         24.0

Task for patient = 100 with skills = {3,-1} and cost = 576.3
   Vehicle #0 = 24, leaving at = 856.0
   Vehicle #1 = -1, leaving at = inf
   Increment on distance indicator: 5.0
   Increment on tard indicator:     0.0
   Value of tmax indicator:         5.0

Task for patient = 22 with skills = {3,-1} and cost = 578.0
   Vehicle #0 = 25, leaving at = 723.0
   Vehicle #1 = -1, leaving at = inf
   Increment on distance indicator: 5.0
   Increment on tard indicator:     0.0
   Value of tmax indicator:         5.0

Task for patient = 161 with skills = {0,5} and cost = 582.7
   Vehicle #0 = 6, leaving at = 918.0
   Vehicle #1 = 26, leaving at = 914.0
   Increment on distance indicator: 14.0
   Increment on tard indicator:     0.0
   Value of tmax indicator:         14.0

Task for patient = 76 with skills = {4,-1} and cost = 585.3
   Vehicle #0 = 33, leaving at = 774.0
   Vehicle #1 = -1, leaving at = inf
   Increment on distance indicator: 8.0
   Increment on tard indicator:     0.0
   Value of tmax indicator:         8.0

Task for patient = 80 with skills = {4,-1} and cost = 589.0
   Vehicle #0 = 37, leaving at = 707.0
   Vehicle #1 = -1, leaving at = inf
   Increment on distance indicator: 11.0
   Increment on tard indicator:     0.0
   Value of tmax indicator:         11.0

Task for patient = 105 with skills = {4,-1} and cost = 593.7
   Vehicle #0 = 38, leaving at = 713.0
   Vehicle #1 = -1, leaving at = inf
   Increment on distance indicator: 14.0
   Increment on tard indicator:     0.0
   Value of tmax indicator:         14.0

Task for patient = 87 with skills = {4,-1} and cost = 597.7
   Vehicle #0 = 33, leaving at = 836.0
   Vehicle #1 = -1, leaving at = inf
   Increment on distance indicator: 12.0
   Increment on tard indicator:     0.0
   Value of tmax indicator:         12.0

Task for patient = 194 with skills = {1,-1} and cost = 552.0
   Vehicle #0 = 17, leaving at = 783.0
   Vehicle #1 = -1, leaving at = inf
   Increment on distance indicator: 4.0
   Increment on tard indicator:     0.0
   Value of tmax indicator:         4.0

Task for patient = 57 with skills = {1,3} and cost = 752.3
   Vehicle #0 = 4, leaving at = 997.0
   Vehicle #1 = 27, leaving at = 1023.0
   Increment on distance indicator: 4.0
   Increment on tard indicator:     0.0
   Value of tmax indicator:         4.0

Task for patient = 1 with skills = {2,5} and cost = 756.0
   Vehicle #0 = 10, leaving at = 925.0
   Vehicle #1 = 33, leaving at = 917.0
   Increment on distance indicator: 11.0
   Increment on tard indicator:     0.0
   Value of tmax indicator:         11.0

Task for patient = 46 with skills = {5,-1} and cost = 757.7
   Vehicle #0 = 21, leaving at = 908.0
   Vehicle #1 = -1, leaving at = inf
   Increment on distance indicator: 5.0
   Increment on tard indicator:     0.0
   Value of tmax indicator:         5.0

Task for patient = 53 with skills = {4,-1} and cost = 760.7
   Vehicle #0 = 30, leaving at = 942.0
   Vehicle #1 = -1, leaving at = inf
   Increment on distance indicator: 9.0
   Increment on tard indicator:     0.0
   Value of tmax indicator:         9.0

Task for patient = 89 with skills = {5,-1} and cost = 763.7
   Vehicle #0 = 32, leaving at = 839.0
   Vehicle #1 = -1, leaving at = inf
   Increment on distance indicator: 9.0
   Increment on tard indicator:     0.0
   Value of tmax indicator:         9.0

Task for patient = 134 with skills = {0,5} and cost = 769.0
   Vehicle #0 = 13, leaving at = 965.0
   Vehicle #1 = 30, leaving at = 1011.0
   Increment on distance indicator: 16.0
   Increment on tard indicator:     0.0
   Value of tmax indicator:         16.0

Task for patient = 116 with skills = {4,-1} and cost = 773.3
   Vehicle #0 = 28, leaving at = 1031.0
   Vehicle #1 = -1, leaving at = inf
   Increment on distance indicator: 13.0
   Increment on tard indicator:     0.0
   Value of tmax indicator:         13.0

Task for patient = 168 with skills = {2,-1} and cost = 774.0
   Vehicle #0 = 12, leaving at = 1003.0
   Vehicle #1 = -1, leaving at = inf
   Increment on distance indicator: 2.0
   Increment on tard indicator:     0.0
   Value of tmax indicator:         2.0

Task for patient = 112 with skills = {1,3} and cost = 778.7
   Vehicle #0 = 9, leaving at = 926.0
   Vehicle #1 = 21, leaving at = 966.0
   Increment on distance indicator: 14.0
   Increment on tard indicator:     0.0
   Value of tmax indicator:         14.0

Task for patient = 33 with skills = {1,-1} and cost = 781.3
   Vehicle #0 = 1, leaving at = 975.0
   Vehicle #1 = -1, leaving at = inf
   Increment on distance indicator: 8.0
   Increment on tard indicator:     0.0
   Value of tmax indicator:         8.0

Task for patient = 17 with skills = {5,-1} and cost = 783.3
   Vehicle #0 = 22, leaving at = 1013.0
   Vehicle #1 = -1, leaving at = inf
   Increment on distance indicator: 6.0
   Increment on tard indicator:     0.0
   Value of tmax indicator:         6.0

Task for patient = 149 with skills = {1,-1} and cost = 679.3
   Vehicle #0 = 0, leaving at = 974.0
   Vehicle #1 = -1, leaving at = inf
   Increment on distance indicator: 9.0
   Increment on tard indicator:     0.0
   Value of tmax indicator:         9.0

Task for patient = 56 with skills = {1,3} and cost = 787.3
   Vehicle #0 = 9, leaving at = 994.0
   Vehicle #1 = 21, leaving at = 1006.0
   Increment on distance indicator: 8.0
   Increment on tard indicator:     0.0
   Value of tmax indicator:         8.0

Task for patient = 122 with skills = {5,-1} and cost = 789.3
   Vehicle #0 = 22, leaving at = 1048.0
   Vehicle #1 = -1, leaving at = inf
   Increment on distance indicator: 6.0
   Increment on tard indicator:     0.0
   Value of tmax indicator:         6.0

Task for patient = 156 with skills = {5,-1} and cost = 791.3
   Vehicle #0 = 27, leaving at = 1044.0
   Vehicle #1 = -1, leaving at = inf
   Increment on distance indicator: 6.0
   Increment on tard indicator:     0.0
   Value of tmax indicator:         6.0

Task for patient = 162 with skills = {2,-1} and cost = 792.7
   Vehicle #0 = 3, leaving at = 979.0
   Vehicle #1 = -1, leaving at = inf
   Increment on distance indicator: 4.0
   Increment on tard indicator:     0.0
   Value of tmax indicator:         4.0

Task for patient = 188 with skills = {2,-1} and cost = 795.3
   Vehicle #0 = 8, leaving at = 909.0
   Vehicle #1 = -1, leaving at = inf
   Increment on distance indicator: 8.0
   Increment on tard indicator:     0.0
   Value of tmax indicator:         8.0

Task for patient = 29 with skills = {0,4} and cost = 801.7
   Vehicle #0 = 15, leaving at = 1000.0
   Vehicle #1 = 34, leaving at = 1004.0
   Increment on distance indicator: 19.0
   Increment on tard indicator:     0.0
   Value of tmax indicator:         19.0

Task for patient = 155 with skills = {1,3} and cost = 803.7
   Vehicle #0 = 5, leaving at = 946.0
   Vehicle #1 = 25, leaving at = 982.0
   Increment on distance indicator: 6.0
   Increment on tard indicator:     0.0
   Value of tmax indicator:         6.0

Task for patient = 74 with skills = {1,-1} and cost = 806.0
   Vehicle #0 = 19, leaving at = 938.0
   Vehicle #1 = -1, leaving at = inf
   Increment on distance indicator: 7.0
   Increment on tard indicator:     0.0
   Value of tmax indicator:         7.0

Task for patient = 98 with skills = {3,-1} and cost = 808.3
   Vehicle #0 = 29, leaving at = 973.0
   Vehicle #1 = -1, leaving at = inf
   Increment on distance indicator: 7.0
   Increment on tard indicator:     0.0
   Value of tmax indicator:         7.0

Task for patient = 64 with skills = {2,-1} and cost = 810.7
   Vehicle #0 = 5, leaving at = 969.0
   Vehicle #1 = -1, leaving at = inf
   Increment on distance indicator: 7.0
   Increment on tard indicator:     0.0
   Value of tmax indicator:         7.0

Task for patient = 184 with skills = {3,-1} and cost = 814.7
   Vehicle #0 = 30, leaving at = 1053.0
   Vehicle #1 = -1, leaving at = inf
   Increment on distance indicator: 12.0
   Increment on tard indicator:     0.0
   Value of tmax indicator:         12.0

Task for patient = 198 with skills = {4,-1} and cost = 816.7
   Vehicle #0 = 36, leaving at = 804.0
   Vehicle #1 = -1, leaving at = inf
   Increment on distance indicator: 6.0
   Increment on tard indicator:     0.0
   Value of tmax indicator:         6.0

Task for patient = 61 with skills = {0,-1} and cost = 784.7
   Vehicle #0 = 1, leaving at = 1020.0
   Vehicle #1 = -1, leaving at = inf
   Increment on distance indicator: 4.0
   Increment on tard indicator:     0.0
   Value of tmax indicator:         4.0

Task for patient = 5 with skills = {0,-1} and cost = 683.7
   Vehicle #0 = 2, leaving at = 904.0
   Vehicle #1 = -1, leaving at = inf
   Increment on distance indicator: 13.0
   Increment on tard indicator:     0.0
   Value of tmax indicator:         13.0

Task for patient = 21 with skills = {1,3} and cost = 692.0
   Vehicle #0 = 19, leaving at = 902.0
   Vehicle #1 = 24, leaving at = 930.0
   Increment on distance indicator: 25.0
   Increment on tard indicator:     0.0
   Value of tmax indicator:         25.0

Task for patient = 54 with skills = {3,-1} and cost = 694.0
   Vehicle #0 = 31, leaving at = 885.0
   Vehicle #1 = -1, leaving at = inf
   Increment on distance indicator: 6.0
   Increment on tard indicator:     0.0
   Value of tmax indicator:         6.0

Task for patient = 39 with skills = {3,-1} and cost = 695.7
   Vehicle #0 = 39, leaving at = 861.0
   Vehicle #1 = -1, leaving at = inf
   Increment on distance indicator: 5.0
   Increment on tard indicator:     0.0
   Value of tmax indicator:         5.0

Task for patient = 127 with skills = {4,-1} and cost = 698.7
   Vehicle #0 = 34, leaving at = 940.0
   Vehicle #1 = -1, leaving at = inf
   Increment on distance indicator: 9.0
   Increment on tard indicator:     0.0
   Value of tmax indicator:         9.0

Task for patient = 150 with skills = {1,-1} and cost = 700.7
   Vehicle #0 = 6, leaving at = 969.0
   Vehicle #1 = -1, leaving at = inf
   Increment on distance indicator: 6.0
   Increment on tard indicator:     0.0
   Value of tmax indicator:         6.0

Task for patient = 92 with skills = {5,-1} and cost = 702.3
   Vehicle #0 = 34, leaving at = 969.0
   Vehicle #1 = -1, leaving at = inf
   Increment on distance indicator: 5.0
   Increment on tard indicator:     0.0
   Value of tmax indicator:         5.0

Task for patient = 154 with skills = {5,-1} and cost = 703.3
   Vehicle #0 = 33, leaving at = 893.0
   Vehicle #1 = -1, leaving at = inf
   Increment on distance indicator: 3.0
   Increment on tard indicator:     0.0
   Value of tmax indicator:         3.0

Task for patient = 128 with skills = {0,-1} and cost = 705.7
   Vehicle #0 = 16, leaving at = 1028.0
   Vehicle #1 = -1, leaving at = inf
   Increment on distance indicator: 7.0
   Increment on tard indicator:     0.0
   Value of tmax indicator:         7.0

Task for patient = 185 with skills = {2,-1} and cost = 708.0
   Vehicle #0 = 10, leaving at = 851.0
   Vehicle #1 = -1, leaving at = inf
   Increment on distance indicator: 7.0
   Increment on tard indicator:     0.0
   Value of tmax indicator:         7.0

Task for patient = 8 with skills = {0,-1} and cost = 711.3
   Vehicle #0 = 2, leaving at = 979.0
   Vehicle #1 = -1, leaving at = inf
   Increment on distance indicator: 10.0
   Increment on tard indicator:     0.0
   Value of tmax indicator:         10.0

Task for patient = 101 with skills = {5,-1} and cost = 751.0
   Vehicle #0 = 28, leaving at = 961.0
   Vehicle #1 = -1, leaving at = inf
   Increment on distance indicator: 8.0
   Increment on tard indicator:     0.0
   Value of tmax indicator:         8.0

Task for patient = 167 with skills = {4,-1} and cost = 717.7
   Vehicle #0 = 37, leaving at = 961.0
   Vehicle #1 = -1, leaving at = inf
   Increment on distance indicator: 5.0
   Increment on tard indicator:     0.0
   Value of tmax indicator:         5.0

Task for patient = 25 with skills = {2,-1} and cost = 721.3
   Vehicle #0 = 5, leaving at = 849.0
   Vehicle #1 = -1, leaving at = inf
   Increment on distance indicator: 11.0
   Increment on tard indicator:     0.0
   Value of tmax indicator:         11.0

Task for patient = 43 with skills = {3,-1} and cost = 721.7
   Vehicle #0 = 26, leaving at = 1013.0
   Vehicle #1 = -1, leaving at = inf
   Increment on distance indicator: 1.0
   Increment on tard indicator:     0.0
   Value of tmax indicator:         1.0

Task for patient = 115 with skills = {0,3} and cost = 726.0
   Vehicle #0 = 5, leaving at = 903.0
   Vehicle #1 = 25, leaving at = 926.0
   Increment on distance indicator: 13.0
   Increment on tard indicator:     0.0
   Value of tmax indicator:         13.0

Task for patient = 175 with skills = {1,-1} and cost = 727.0
   Vehicle #0 = 4, leaving at = 711.0
   Vehicle #1 = -1, leaving at = inf
   Increment on distance indicator: 3.0
   Increment on tard indicator:     0.0
   Value of tmax indicator:         3.0

Task for patient = 88 with skills = {4,-1} and cost = 731.3
   Vehicle #0 = 23, leaving at = 948.0
   Vehicle #1 = -1, leaving at = inf
   Increment on distance indicator: 13.0
   Increment on tard indicator:     0.0
   Value of tmax indicator:         13.0

Task for patient = 96 with skills = {3,-1} and cost = 733.0
   Vehicle #0 = 39, leaving at = 949.0
   Vehicle #1 = -1, leaving at = inf
   Increment on distance indicator: 5.0
   Increment on tard indicator:     0.0
   Value of tmax indicator:         5.0

Task for patient = 133 with skills = {1,3} and cost = 735.3
   Vehicle #0 = 6, leaving at = 1021.0
   Vehicle #1 = 26, leaving at = 1064.0
   Increment on distance indicator: 7.0
   Increment on tard indicator:     0.0
   Value of tmax indicator:         7.0

Task for patient = 177 with skills = {2,4} and cost = 740.3
   Vehicle #0 = 12, leaving at = 946.0
   Vehicle #1 = 23, leaving at = 1001.0
   Increment on distance indicator: 15.0
   Increment on tard indicator:     0.0
   Value of tmax indicator:         15.0

Task for patient = 152 with skills = {5,-1} and cost = 743.0
   Vehicle #0 = 30, leaving at = 885.0
   Vehicle #1 = -1, leaving at = inf
   Increment on distance indicator: 8.0
   Increment on tard indicator:     0.0
   Value of tmax indicator:         8.0

Task for patient = 82 with skills = {2,-1} and cost = 745.3
   Vehicle #0 = 3, leaving at = 921.0
   Vehicle #1 = -1, leaving at = inf
   Increment on distance indicator: 7.0
   Increment on tard indicator:     0.0
   Value of tmax indicator:         7.0

Task for patient = 125 with skills = {5,-1} and cost = 748.3
   Vehicle #0 = 39, leaving at = 1003.0
   Vehicle #1 = -1, leaving at = inf
   Increment on distance indicator: 9.0
   Increment on tard indicator:     0.0
   Value of tmax indicator:         9.0

Task for patient = 113 with skills = {3,-1} and cost = 716.0
   Vehicle #0 = 29, leaving at = 909.0
   Vehicle #1 = -1, leaving at = inf
   Increment on distance indicator: 14.0
   Increment on tard indicator:     0.0
   Value of tmax indicator:         14.0

Task for patient = 187 with skills = {4,-1} and cost = 185.7
   Vehicle #0 = 29, leaving at = 674.0
   Vehicle #1 = -1, leaving at = inf
   Increment on distance indicator: 12.0
   Increment on tard indicator:     0.0
   Value of tmax indicator:         12.0

Task for patient = 12 with skills = {0,5} and cost = 191.7
   Vehicle #0 = 6, leaving at = 616.0
   Vehicle #1 = 28, leaving at = 611.0
   Increment on distance indicator: 18.0
   Increment on tard indicator:     0.0
   Value of tmax indicator:         18.0

Task for patient = 151 with skills = {1,-1} and cost = 194.7
   Vehicle #0 = 6, leaving at = 683.0
   Vehicle #1 = -1, leaving at = inf
   Increment on distance indicator: 9.0
   Increment on tard indicator:     0.0
   Value of tmax indicator:         9.0

Task for patient = 28 with skills = {2,4} and cost = 199.0
   Vehicle #0 = 3, leaving at = 690.0
   Vehicle #1 = 28, leaving at = 685.0
   Increment on distance indicator: 13.0
   Increment on tard indicator:     0.0
   Value of tmax indicator:         13.0

Task for patient = 179 with skills = {4,-1} and cost = 202.3
   Vehicle #0 = 28, leaving at = 753.0
   Vehicle #1 = -1, leaving at = inf
   Increment on distance indicator: 10.0
   Increment on tard indicator:     0.0
   Value of tmax indicator:         10.0

Task for patient = 160 with skills = {4,-1} and cost = 203.7
   Vehicle #0 = 23, leaving at = 697.0
   Vehicle #1 = -1, leaving at = inf
   Increment on distance indicator: 4.0
   Increment on tard indicator:     0.0
   Value of tmax indicator:         4.0

Task for patient = 35 with skills = {2,4} and cost = 210.0
   Vehicle #0 = 9, leaving at = 598.0
   Vehicle #1 = 30, leaving at = 560.0
   Increment on distance indicator: 19.0
   Increment on tard indicator:     0.0
   Value of tmax indicator:         19.0

Task for patient = 191 with skills = {0,-1} and cost = 213.7
   Vehicle #0 = 1, leaving at = 667.0
   Vehicle #1 = -1, leaving at = inf
   Increment on distance indicator: 11.0
   Increment on tard indicator:     0.0
   Value of tmax indicator:         11.0

Task for patient = 2 with skills = {2,-1} and cost = 221.0
   Vehicle #0 = 9, leaving at = 666.0
   Vehicle #1 = -1, leaving at = inf
   Increment on distance indicator: 22.0
   Increment on tard indicator:     0.0
   Value of tmax indicator:         22.0

Task for patient = 68 with skills = {3,-1} and cost = 223.3
   Vehicle #0 = 30, leaving at = 622.0
   Vehicle #1 = -1, leaving at = inf
   Increment on distance indicator: 7.0
   Increment on tard indicator:     0.0
   Value of tmax indicator:         7.0

Task for patient = 15 with skills = {0,-1} and cost = 225.7
   Vehicle #0 = 5, leaving at = 771.0
   Vehicle #1 = -1, leaving at = inf
   Increment on distance indicator: 7.0
   Increment on tard indicator:     0.0
   Value of tmax indicator:         7.0

Task for patient = 19 with skills = {2,-1} and cost = 516.0
   Vehicle #0 = 16, leaving at = 768.0
   Vehicle #1 = -1, leaving at = inf
   Increment on distance indicator: 5.0
   Increment on tard indicator:     0.0
   Value of tmax indicator:         5.0

Task for patient = 90 with skills = {4,-1} and cost = 238.0
   Vehicle #0 = 20, leaving at = 738.0
   Vehicle #1 = -1, leaving at = inf
   Increment on distance indicator: 4.0
   Increment on tard indicator:     0.0
   Value of tmax indicator:         4.0

Task for patient = 196 with skills = {2,3} and cost = 241.3
   Vehicle #0 = 6, leaving at = 713.0
   Vehicle #1 = 26, leaving at = 741.0
   Increment on distance indicator: 10.0
   Increment on tard indicator:     0.0
   Value of tmax indicator:         10.0

Task for patient = 63 with skills = {5,-1} and cost = 243.0
   Vehicle #0 = 26, leaving at = 764.0
   Vehicle #1 = -1, leaving at = inf
   Increment on distance indicator: 5.0
   Increment on tard indicator:     0.0
   Value of tmax indicator:         5.0

Task for patient = 166 with skills = {2,-1} and cost = 244.0
   Vehicle #0 = 10, leaving at = 583.0
   Vehicle #1 = -1, leaving at = inf
   Increment on distance indicator: 3.0
   Increment on tard indicator:     0.0
   Value of tmax indicator:         3.0

Task for patient = 178 with skills = {3,-1} and cost = 249.7
   Vehicle #0 = 30, leaving at = 735.0
   Vehicle #1 = -1, leaving at = inf
   Increment on distance indicator: 17.0
   Increment on tard indicator:     0.0
   Value of tmax indicator:         17.0

Task for patient = 13 with skills = {2,-1} and cost = 252.7
   Vehicle #0 = 3, leaving at = 724.0
   Vehicle #1 = -1, leaving at = inf
   Increment on distance indicator: 9.0
   Increment on tard indicator:     0.0
   Value of tmax indicator:         9.0

Task for patient = 121 with skills = {0,4} and cost = 257.0
   Vehicle #0 = 2, leaving at = 743.0
   Vehicle #1 = 29, leaving at = 743.0
   Increment on distance indicator: 13.0
   Increment on tard indicator:     0.0
   Value of tmax indicator:         13.0

Task for patient = 170 with skills = {1,3} and cost = 264.3
   Vehicle #0 = 3, leaving at = 778.0
   Vehicle #1 = 21, leaving at = 761.0
   Increment on distance indicator: 22.0
   Increment on tard indicator:     0.0
   Value of tmax indicator:         22.0

Task for patient = 173 with skills = {2,4} and cost = 268.0
   Vehicle #0 = 6, leaving at = 782.0
   Vehicle #1 = 26, leaving at = 802.0
   Increment on distance indicator: 11.0
   Increment on tard indicator:     0.0
   Value of tmax indicator:         11.0

Task for patient = 145 with skills = {2,3} and cost = 271.3
   Vehicle #0 = 2, leaving at = 767.0
   Vehicle #1 = 29, leaving at = 765.0
   Increment on distance indicator: 10.0
   Increment on tard indicator:     0.0
   Value of tmax indicator:         10.0

Task for patient = 23 with skills = {1,4} and cost = 286.7
   Vehicle #0 = 14, leaving at = 567.0
   Vehicle #1 = 33, leaving at = 572.0
   Increment on distance indicator: 46.0
   Increment on tard indicator:     0.0
   Value of tmax indicator:         46.0

Task for patient = 55 with skills = {2,4} and cost = 293.0
   Vehicle #0 = 8, leaving at = 779.0
   Vehicle #1 = 28, leaving at = 792.0
   Increment on distance indicator: 19.0
   Increment on tard indicator:     0.0
   Value of tmax indicator:         19.0

Task for patient = 183 with skills = {2,5} and cost = 236.7
   Vehicle #0 = 8, leaving at = 653.0
   Vehicle #1 = 30, leaving at = 662.0
   Increment on distance indicator: 33.0
   Increment on tard indicator:     0.0
   Value of tmax indicator:         33.0

Task for patient = 38 with skills = {1,5} and cost = 18.0
   Vehicle #0 = 0, leaving at = 570.0
   Vehicle #1 = 21, leaving at = 612.0
   Increment on distance indicator: 54.0
   Increment on tard indicator:     0.0
   Value of tmax indicator:         54.0

Task for patient = 107 with skills = {5,-1} and cost = 21.0
   Vehicle #0 = 21, leaving at = 721.0
   Vehicle #1 = -1, leaving at = inf
   Increment on distance indicator: 9.0
   Increment on tard indicator:     0.0
   Value of tmax indicator:         9.0

Task for patient = 110 with skills = {2,4} and cost = 32.3
   Vehicle #0 = 2, leaving at = 598.0
   Vehicle #1 = 20, leaving at = 597.0
   Increment on distance indicator: 34.0
   Increment on tard indicator:     0.0
   Value of tmax indicator:         34.0

Task for patient = 137 with skills = {4,-1} and cost = 41.3
   Vehicle #0 = 22, leaving at = 596.0
   Vehicle #1 = -1, leaving at = inf
   Increment on distance indicator: 27.0
   Increment on tard indicator:     0.0
   Value of tmax indicator:         27.0

Task for patient = 103 with skills = {5,-1} and cost = 48.0
   Vehicle #0 = 22, leaving at = 708.0
   Vehicle #1 = -1, leaving at = inf
   Increment on distance indicator: 20.0
   Increment on tard indicator:     0.0
   Value of tmax indicator:         20.0

Task for patient = 195 with skills = {0,-1} and cost = 56.7
   Vehicle #0 = 1, leaving at = 523.0
   Vehicle #1 = -1, leaving at = inf
   Increment on distance indicator: 26.0
   Increment on tard indicator:     0.0
   Value of tmax indicator:         26.0

Task for patient = 16 with skills = {5,-1} and cost = 63.3
   Vehicle #0 = 24, leaving at = 560.0
   Vehicle #1 = -1, leaving at = inf
   Increment on distance indicator: 20.0
   Increment on tard indicator:     0.0
   Value of tmax indicator:         20.0

Task for patient = 20 with skills = {2,-1} and cost = 65.7
   Vehicle #0 = 2, leaving at = 693.0
   Vehicle #1 = -1, leaving at = inf
   Increment on distance indicator: 7.0
   Increment on tard indicator:     0.0
   Value of tmax indicator:         7.0

Task for patient = 3 with skills = {4,-1} and cost = 73.0
   Vehicle #0 = 20, leaving at = 675.0
   Vehicle #1 = -1, leaving at = inf
   Increment on distance indicator: 22.0
   Increment on tard indicator:     0.0
   Value of tmax indicator:         22.0

Task for patient = 18 with skills = {2,3} and cost = 83.3
   Vehicle #0 = 3, leaving at = 655.0
   Vehicle #1 = 24, leaving at = 657.0
   Increment on distance indicator: 31.0
   Increment on tard indicator:     0.0
   Value of tmax indicator:         31.0

Task for patient = 189 with skills = {2,3} and cost = 98.0
   Vehicle #0 = 5, leaving at = 521.0
   Vehicle #1 = 25, leaving at = 523.0
   Increment on distance indicator: 44.0
   Increment on tard indicator:     0.0
   Value of tmax indicator:         44.0

Task for patient = 40 with skills = {0,-1} and cost = 181.7
   Vehicle #0 = 7, leaving at = 709.0
   Vehicle #1 = -1, leaving at = inf
   Increment on distance indicator: 8.0
   Increment on tard indicator:     0.0
   Value of tmax indicator:         8.0

Task for patient = 123 with skills = {5,-1} and cost = 104.3
   Vehicle #0 = 24, leaving at = 713.0
   Vehicle #1 = -1, leaving at = inf
   Increment on distance indicator: 10.0
   Increment on tard indicator:     0.0
   Value of tmax indicator:         10.0

Task for patient = 11 with skills = {1,3} and cost = 112.7
   Vehicle #0 = 0, leaving at = 611.0
   Vehicle #1 = 25, leaving at = 624.0
   Increment on distance indicator: 25.0
   Increment on tard indicator:     0.0
   Value of tmax indicator:         25.0

Task for patient = 147 with skills = {0,5} and cost = 120.0
   Vehicle #0 = 5, leaving at = 596.0
   Vehicle #1 = 26, leaving at = 584.0
   Increment on distance indicator: 22.0
   Increment on tard indicator:     0.0
   Value of tmax indicator:         22.0

Task for patient = 95 with skills = {3,-1} and cost = 122.7
   Vehicle #0 = 25, leaving at = 684.0
   Vehicle #1 = -1, leaving at = inf
   Increment on distance indicator: 8.0
   Increment on tard indicator:     0.0
   Value of tmax indicator:         8.0

Task for patient = 190 with skills = {3,-1} and cost = 133.3
   Vehicle #0 = 27, leaving at = 523.0
   Vehicle #1 = -1, leaving at = inf
   Increment on distance indicator: 32.0
   Increment on tard indicator:     0.0
   Value of tmax indicator:         32.0

Task for patient = 136 with skills = {3,-1} and cost = 141.7
   Vehicle #0 = 26, leaving at = 658.0
   Vehicle #1 = -1, leaving at = inf
   Increment on distance indicator: 25.0
   Increment on tard indicator:     0.0
   Value of tmax indicator:         25.0

Task for patient = 118 with skills = {0,-1} and cost = 143.3
   Vehicle #0 = 5, leaving at = 715.0
   Vehicle #1 = -1, leaving at = inf
   Increment on distance indicator: 5.0
   Increment on tard indicator:     0.0
   Value of tmax indicator:         5.0

Task for patient = 6 with skills = {1,4} and cost = 156.0
   Vehicle #0 = 0, leaving at = 661.0
   Vehicle #1 = 23, leaving at = 675.0
   Increment on distance indicator: 38.0
   Increment on tard indicator:     0.0
   Value of tmax indicator:         38.0

Task for patient = 143 with skills = {3,-1} and cost = 163.3
   Vehicle #0 = 28, leaving at = 537.0
   Vehicle #1 = -1, leaving at = inf
   Increment on distance indicator: 22.0
   Increment on tard indicator:     0.0
   Value of tmax indicator:         22.0

Task for patient = 157 with skills = {1,3} and cost = 168.7
   Vehicle #0 = 4, leaving at = 595.0
   Vehicle #1 = 29, leaving at = 607.0
   Increment on distance indicator: 16.0
   Increment on tard indicator:     0.0
   Value of tmax indicator:         16.0

Task for patient = 94 with skills = {2,5} and cost = 176.3
   Vehicle #0 = 6, leaving at = 583.0
   Vehicle #1 = 28, leaving at = 581.0
   Increment on distance indicator: 23.0
   Increment on tard indicator:     0.0
   Value of tmax indicator:         23.0

Task for patient = 70 with skills = {1,-1} and cost = 179.0
   Vehicle #0 = 9, leaving at = 539.0
   Vehicle #1 = -1, leaving at = inf
   Increment on distance indicator: 8.0
   Increment on tard indicator:     0.0
   Value of tmax indicator:         8.0

Task for patient = 165 with skills = {5,-1} and cost = 101.0
   Vehicle #0 = 26, leaving at = 554.0
   Vehicle #1 = -1, leaving at = inf
   Increment on distance indicator: 9.0
   Increment on tard indicator:     0.0
   Value of tmax indicator:         9.0

Task for patient = 75 with skills = {2,-1} and cost = 435.7
   Vehicle #0 = 9, leaving at = 706.0
   Vehicle #1 = -1, leaving at = inf
   Increment on distance indicator: 1.0
   Increment on tard indicator:     0.0
   Value of tmax indicator:         1.0

Task for patient = 114 with skills = {1,-1} and cost = 436.3
   Vehicle #0 = 18, leaving at = 545.0
   Vehicle #1 = -1, leaving at = inf
   Increment on distance indicator: 2.0
   Increment on tard indicator:     0.0
   Value of tmax indicator:         2.0

Task for patient = 171 with skills = {2,-1} and cost = 441.0
   Vehicle #0 = 13, leaving at = 727.0
   Vehicle #1 = -1, leaving at = inf
   Increment on distance indicator: 14.0
   Increment on tard indicator:     0.0
   Value of tmax indicator:         14.0

Task for patient = 99 with skills = {3,-1} and cost = 442.0
   Vehicle #0 = 34, leaving at = 712.0
   Vehicle #1 = -1, leaving at = inf
   Increment on distance indicator: 3.0
   Increment on tard indicator:     0.0
   Value of tmax indicator:         3.0

Task for patient = 108 with skills = {4,-1} and cost = 444.7
   Vehicle #0 = 30, leaving at = 767.0
   Vehicle #1 = -1, leaving at = inf
   Increment on distance indicator: 8.0
   Increment on tard indicator:     0.0
   Value of tmax indicator:         8.0

Task for patient = 65 with skills = {1,5} and cost = 447.3
   Vehicle #0 = 19, leaving at = 724.0
   Vehicle #1 = 32, leaving at = 720.0
   Increment on distance indicator: 8.0
   Increment on tard indicator:     0.0
   Value of tmax indicator:         8.0

Task for patient = 86 with skills = {2,-1} and cost = 452.7
   Vehicle #0 = 17, leaving at = 631.0
   Vehicle #1 = -1, leaving at = inf
   Increment on distance indicator: 16.0
   Increment on tard indicator:     0.0
   Value of tmax indicator:         16.0

Task for patient = 45 with skills = {0,3} and cost = 463.0
   Vehicle #0 = 17, leaving at = 703.0
   Vehicle #1 = 27, leaving at = 726.0
   Increment on distance indicator: 31.0
   Increment on tard indicator:     0.0
   Value of tmax indicator:         31.0

Task for patient = 42 with skills = {1,-1} and cost = 466.3
   Vehicle #0 = 16, leaving at = 660.0
   Vehicle #1 = -1, leaving at = inf
   Increment on distance indicator: 10.0
   Increment on tard indicator:     0.0
   Value of tmax indicator:         10.0

Task for patient = 77 with skills = {3,-1} and cost = 467.7
   Vehicle #0 = 35, leaving at = 802.0
   Vehicle #1 = -1, leaving at = inf
   Increment on distance indicator: 4.0
   Increment on tard indicator:     0.0
   Value of tmax indicator:         4.0

Task for patient = 158 with skills = {2,-1} and cost = 472.0
   Vehicle #0 = 16, leaving at = 700.0
   Vehicle #1 = -1, leaving at = inf
   Increment on distance indicator: 13.0
   Increment on tard indicator:     0.0
   Value of tmax indicator:         13.0

Task for patient = 69 with skills = {0,3} and cost = 296.3
   Vehicle #0 = 14, leaving at = 668.0
   Vehicle #1 = 33, leaving at = 681.0
   Increment on distance indicator: 10.0
   Increment on tard indicator:     0.0
   Value of tmax indicator:         10.0

Task for patient = 67 with skills = {2,-1} and cost = 476.0
   Vehicle #0 = 17, leaving at = 762.0
   Vehicle #1 = -1, leaving at = inf
   Increment on distance indicator: 2.0
   Increment on tard indicator:     0.0
   Value of tmax indicator:         2.0

Task for patient = 163 with skills = {5,-1} and cost = 477.3
   Vehicle #0 = 34, leaving at = 770.0
   Vehicle #1 = -1, leaving at = inf
   Increment on distance indicator: 4.0
   Increment on tard indicator:     0.0
   Value of tmax indicator:         4.0

Task for patient = 91 with skills = {4,-1} and cost = 479.7
   Vehicle #0 = 28, leaving at = 848.0
   Vehicle #1 = -1, leaving at = inf
   Increment on distance indicator: 7.0
   Increment on tard indicator:     0.0
   Value of tmax indicator:         7.0

Task for patient = 176 with skills = {0,-1} and cost = 481.7
   Vehicle #0 = 16, leaving at = 735.0
   Vehicle #1 = -1, leaving at = inf
   Increment on distance indicator: 6.0
   Increment on tard indicator:     0.0
   Value of tmax indicator:         6.0

Task for patient = 132 with skills = {1,-1} and cost = 482.7
   Vehicle #0 = 9, leaving at = 749.0
   Vehicle #1 = -1, leaving at = inf
   Increment on distance indicator: 3.0
   Increment on tard indicator:     0.0
   Value of tmax indicator:         3.0

Task for patient = 34 with skills = {1,3} and cost = 488.3
   Vehicle #0 = 19, leaving at = 790.0
   Vehicle #1 = 31, leaving at = 770.0
   Increment on distance indicator: 17.0
   Increment on tard indicator:     0.0
   Value of tmax indicator:         17.0

Task for patient = 117 with skills = {0,4} and cost = 498.3
   Vehicle #0 = 2, leaving at = 802.0
   Vehicle #1 = 20, leaving at = 842.0
   Increment on distance indicator: 30.0
   Increment on tard indicator:     0.0
   Value of tmax indicator:         30.0

Task for patient = 186 with skills = {3,-1} and cost = 500.0
   Vehicle #0 = 24, leaving at = 777.0
   Vehicle #1 = -1, leaving at = inf
   Increment on distance indicator: 5.0
   Increment on tard indicator:     0.0
   Value of tmax indicator:         5.0

Task for patient = 135 with skills = {4,-1} and cost = 504.0
   Vehicle #0 = 23, leaving at = 764.0
   Vehicle #1 = -1, leaving at = inf
   Increment on distance indicator: 12.0
   Increment on tard indicator:     0.0
   Value of tmax indicator:         12.0

Task for patient = 130 with skills = {0,4} and cost = 508.7
   Vehicle #0 = 15, leaving at = 789.0
   Vehicle #1 = 34, leaving at = 835.0
   Increment on distance indicator: 14.0
   Increment on tard indicator:     0.0
   Value of tmax indicator:         14.0

Task for patient = 26 with skills = {0,5} and cost = 513.3
   Vehicle #0 = 15, leaving at = 875.0
   Vehicle #1 = 34, leaving at = 890.0
   Increment on distance indicator: 14.0
   Increment on tard indicator:     0.0
   Value of tmax indicator:         14.0

Task for patient = 144 with skills = {2,-1} and cost = 514.3
   Vehicle #0 = 6, leaving at = 881.0
   Vehicle #1 = -1, leaving at = inf
   Increment on distance indicator: 3.0
   Increment on tard indicator:     0.0
   Value of tmax indicator:         3.0

Task for patient = 200 with skills = {1,-1} and cost = 475.3
   Vehicle #0 = 0, leaving at = 752.0
   Vehicle #1 = -1, leaving at = inf
   Increment on distance indicator: 10.0
   Increment on tard indicator:     0.0
   Value of tmax indicator:         10.0

Task for patient = 141 with skills = {1,-1} and cost = 300.7
   Vehicle #0 = 4, leaving at = 639.0
   Vehicle #1 = -1, leaving at = inf
   Increment on distance indicator: 13.0
   Increment on tard indicator:     0.0
   Value of tmax indicator:         13.0

Task for patient = 59 with skills = {2,4} and cost = 303.3
   Vehicle #0 = 8, leaving at = 824.0
   Vehicle #1 = 28, leaving at = 815.0
   Increment on distance indicator: 8.0
   Increment on tard indicator:     0.0
   Value of tmax indicator:         8.0

Task for patient = 97 with skills = {2,3} and cost = 315.0
   Vehicle #0 = 10, leaving at = 633.0
   Vehicle #1 = 31, leaving at = 671.0
   Increment on distance indicator: 35.0
   Increment on tard indicator:     0.0
   Value of tmax indicator:         35.0

Task for patient = 9 with skills = {5,-1} and cost = 318.0
   Vehicle #0 = 22, leaving at = 797.0
   Vehicle #1 = -1, leaving at = inf
   Increment on distance indicator: 9.0
   Increment on tard indicator:     0.0
   Value of tmax indicator:         9.0

Task for patient = 180 with skills = {4,-1} and cost = 330.7
   Vehicle #0 = 34, leaving at = 515.0
   Vehicle #1 = -1, leaving at = inf
   Increment on distance indicator: 38.0
   Increment on tard indicator:     0.0
   Value of tmax indicator:         38.0

Task for patient = 153 with skills = {0,-1} and cost = 331.3
   Vehicle #0 = 14, leaving at = 722.0
   Vehicle #1 = -1, leaving at = inf
   Increment on distance indicator: 2.0
   Increment on tard indicator:     0.0
   Value of tmax indicator:         2.0

Task for patient = 72 with skills = {4,-1} and cost = 333.0
   Vehicle #0 = 33, leaving at = 728.0
   Vehicle #1 = -1, leaving at = inf
   Increment on distance indicator: 5.0
   Increment on tard indicator:     0.0
   Value of tmax indicator:         5.0

Task for patient = 73 with skills = {1,3} and cost = 347.3
   Vehicle #0 = 15, leaving at = 588.0
   Vehicle #1 = 34, leaving at = 586.0
   Increment on distance indicator: 43.0
   Increment on tard indicator:     0.0
   Value of tmax indicator:         43.0

Task for patient = 119 with skills = {1,5} and cost = 352.7
   Vehicle #0 = 3, leaving at = 837.0
   Vehicle #1 = 21, leaving at = 822.0
   Increment on distance indicator: 16.0
   Increment on tard indicator:     0.0
   Value of tmax indicator:         16.0

Task for patient = 49 with skills = {1,-1} and cost = 356.0
   Vehicle #0 = 1, leaving at = 717.0
   Vehicle #1 = -1, leaving at = inf
   Increment on distance indicator: 10.0
   Increment on tard indicator:     0.0
   Value of tmax indicator:         10.0

Task for patient = 129 with skills = {5,-1} and cost = 357.7
   Vehicle #0 = 26, leaving at = 822.0
   Vehicle #1 = -1, leaving at = inf
   Increment on distance indicator: 5.0
   Increment on tard indicator:     0.0
   Value of tmax indicator:         5.0

Task for patient = 174 with skills = {3,-1} and cost = 435.3
   Vehicle #0 = 27, leaving at = 665.0
   Vehicle #1 = -1, leaving at = inf
   Increment on distance indicator: 17.0
   Increment on tard indicator:     0.0
   Value of tmax indicator:         17.0

Task for patient = 71 with skills = {1,-1} and cost = 363.0
   Vehicle #0 = 0, leaving at = 693.0
   Vehicle #1 = -1, leaving at = inf
   Increment on distance indicator: 3.0
   Increment on tard indicator:     0.0
   Value of tmax indicator:         3.0

Task for patient = 7 with skills = {0,-1} and cost = 366.3
   Vehicle #0 = 14, leaving at = 773.0
   Vehicle #1 = -1, leaving at = inf
   Increment on distance indicator: 10.0
   Increment on tard indicator:     0.0
   Value of tmax indicator:         10.0

Task for patient = 111 with skills = {2,-1} and cost = 370.0
   Vehicle #0 = 10, leaving at = 720.0
   Vehicle #1 = -1, leaving at = inf
   Increment on distance indicator: 11.0
   Increment on tard indicator:     0.0
   Value of tmax indicator:         11.0

Task for patient = 60 with skills = {0,-1} and cost = 371.3
   Vehicle #0 = 15, leaving at = 751.0
   Vehicle #1 = -1, leaving at = inf
   Increment on distance indicator: 4.0
   Increment on tard indicator:     0.0
   Value of tmax indicator:         4.0

Task for patient = 197 with skills = {0,3} and cost = 377.3
   Vehicle #0 = 13, leaving at = 592.0
   Vehicle #1 = 35, leaving at = 604.0
   Increment on distance indicator: 18.0
   Increment on tard indicator:     0.0
   Value of tmax indicator:         18.0

Task for patient = 169 with skills = {0,3} and cost = 386.7
   Vehicle #0 = 13, leaving at = 639.0
   Vehicle #1 = 35, leaving at = 654.0
   Increment on distance indicator: 28.0
   Increment on tard indicator:     0.0
   Value of tmax indicator:         28.0

Task for patient = 131 with skills = {0,-1} and cost = 388.3
   Vehicle #0 = 13, leaving at = 680.0
   Vehicle #1 = -1, leaving at = inf
   Increment on distance indicator: 5.0
   Increment on tard indicator:     0.0
   Value of tmax indicator:         5.0

Task for patient = 164 with skills = {0,4} and cost = 402.3
   Vehicle #0 = 16, leaving at = 591.0
   Vehicle #1 = 34, leaving at = 631.0
   Increment on distance indicator: 42.0
   Increment on tard indicator:     0.0
   Value of tmax indicator:         42.0

Task for patient = 78 with skills = {1,5} and cost = 418.3
   Vehicle #0 = 17, leaving at = 556.0
   Vehicle #1 = 27, leaving at = 602.0
   Increment on distance indicator: 48.0
   Increment on tard indicator:     0.0
   Value of tmax indicator:         48.0

Task for patient = 36 with skills = {3,-1} and cost = 420.0
   Vehicle #0 = 21, leaving at = 869.0
   Vehicle #1 = -1, leaving at = inf
   Increment on distance indicator: 5.0
   Increment on tard indicator:     0.0
   Value of tmax indicator:         5.0

Task for patient = 30 with skills = {0,5} and cost = 427.3
   Vehicle #0 = 19, leaving at = 556.0
   Vehicle #1 = 32, leaving at = 586.0
   Increment on distance indicator: 22.0
   Increment on tard indicator:     0.0
   Value of tmax indicator:         22.0

Task for patient = 52 with skills = {0,-1} and cost = 429.7
   Vehicle #0 = 5, leaving at = 823.0
   Vehicle #1 = -1, leaving at = inf
   Increment on distance indicator: 7.0
   Increment on tard indicator:     0.0
   Value of tmax indicator:         7.0

Task for patient = 10 with skills = {0,-1} and cost = 362.0
   Vehicle #0 = 10, leaving at = 666.0
   Vehicle #1 = -1, leaving at = inf
   Increment on distance indicator: 13.0
   Increment on tard indicator:     0.0
   Value of tmax indicator:         13.0


Unused vehicle list: (total = 0 out of 40)

---
Search finished.
Total of 448 generations in 8.4 seconds.
Exchange elite runs: 0
Implicit path relinking runs: 4
Reset attempts: 0

Best solution found:
   Cost: 1111.3
   Total travel time: 3334.0
   Total tardiness time: 0.0
   Largest tardiness: 0.0


1111.3
