--- BRKGA-MP-IPR for HHCRSP ---
Instance: new-instances/HHCRSP_200_40_78_1.2_C_C.txt
Seed: 1

Reading data... Problem contains 200 patients  and 40 caregivers.

Summary of supply x demand for each service type:
Skill 0 has supply = 11 and demand = 37, ratio = 0.297297
Skill 1 has supply = 14 and demand = 44, ratio = 0.318182
Skill 2 has supply = 12 and demand = 57, ratio = 0.210526
Skill 3 has supply = 13 and demand = 39, ratio = 0.333333
Skill 4 has supply = 14 and demand = 44, ratio = 0.318182
Skill 5 has supply = 13 and demand = 39, ratio = 0.333333

Reading parameters...
Inferred distance function by PR type: kendall-tau
Building BRKGA data and initializing...
Evolving 448 generations...

  Gens  Rem    Local   ElDiv NoImpr             Best solution            Time  Op
                                       Cost     Dist    Tard    TMax 
*    0  448  5188.00  429.41      0  5188.00  2519.00 12664.0   381.0     0.0    
*    3  445  3377.33  428.54      0  3377.33  2386.00  7356.0   390.0     0.1    
*    7  441  3349.00  268.36      0  3349.00  2335.00  6476.0   392.0     0.2    
*    8  440  3067.67  272.52      0  3067.67  2465.00  6142.0   356.0     0.2    
*    9  439  2987.67  255.42      0  2987.67  2364.00  5889.0   384.0     0.2    
*   10  438  2879.00  221.46      0  2879.00  2364.00  5889.0   384.0     0.2    
*   12  436  2390.33  211.77      0  2390.33  2410.00  4428.0   333.0     0.2    
*   15  433  2300.33  185.23      0  2300.33  2464.00  2769.0   287.0     0.3    
*   16  432  1840.00  174.98      0  1840.00  2464.00  2769.0   287.0     0.3    
*   18  430  1834.00  200.54      0  1834.00  2367.00  2010.0   264.0     0.4    
*   19  429  1547.00  161.42      0  1547.00  2367.00  2010.0   264.0     0.4    
*   22  426  1534.33  116.89      0  1534.33  2280.00  1518.0   349.0     0.5    
*   23  425  1382.33  107.63      0  1382.33  2280.00  1518.0   349.0     0.5    
*   25  423  1281.00   96.13      0  1281.00  2313.00  1243.0   171.0     0.5    
*   26  422  1242.33   85.31      0  1242.33  2347.00  1067.0   166.0     0.5    

  Gens  Rem    Local   ElDiv NoImpr             Best solution            Time  Op
                                       Cost     Dist    Tard    TMax 
*   27  421  1193.33   85.25      0  1193.33  2309.00   951.0   152.0     0.5    
*   28  420  1137.33   79.33      0  1137.33  2244.00   803.0   170.0     0.6    
*   29  419  1072.33   67.88      0  1072.33  2244.00   803.0   170.0     0.6    
*   31  417  1012.33   71.97      0  1012.33  2255.00   321.0   143.0     0.6    
*   32  416   906.33   63.65      0   906.33  2255.00   321.0   143.0     0.6    
*   34  414   818.67   66.26      0   818.67  2112.00   262.0    82.0     0.7    
*   36  412   818.00   51.22      0   818.00  2237.00   156.0    61.0     0.7    
*   38  410   795.33   45.61      0   795.33  2222.00    71.0    42.0     0.8    
*   39  409   778.33   39.73      0   778.33  2222.00    71.0    42.0     0.8    
*   41  407   768.67   34.90      0   768.67  2081.00   105.0    24.0     0.8    
*   42  406   736.67   27.78      0   736.67  2081.00   105.0    24.0     0.8    
*   44  404   716.67   26.76      0   716.67  2111.00    32.0     7.0     0.9    
*   46  402   707.67   22.15      0   707.67  2101.00    14.0     5.0     0.9    
*   47  401   706.67   19.90      0   706.67  2101.00    14.0     5.0     0.9    
*   49  399   701.33   18.46      0   701.33  2095.00     7.0     2.0     1.0    
    50  398   701.33   17.62      1   701.33  2095.00     7.0     2.0     1.0    

  Gens  Rem    Local   ElDiv NoImpr             Best solution            Time  Op
                                       Cost     Dist    Tard    TMax 
*   51  397   683.33   16.48      0   683.33  2041.00     6.0     3.0     1.0    
*   56  392   680.00   12.22      0   680.00  2029.00     6.0     5.0     1.1    
*   59  389   674.00   11.79      0   674.00  2008.00    10.0     4.0     1.2    
*   61  387   667.33   11.03      0   667.33  1990.00     7.0     5.0     1.2    
*   65  383   658.33    9.74      0   658.33  1967.00     5.0     3.0     1.3    
*   79  369   648.00    7.03      0   648.00  1939.00     4.0     1.0     1.5    
Path relinking result: too homogeneous.
    96  352   643.33    5.25      0   648.00  1939.00     4.0     1.0     1.8   P
*   97  351   643.33    5.85      0   643.33  1914.00     0.0     0.0     1.8    
*   98  350   638.00    5.82      0   638.00  1914.00     0.0     0.0     1.8    
   100  348   638.00    5.53      2   638.00  1914.00     0.0     0.0     1.8    
*  109  339   626.00    6.09      0   626.00  1867.00     8.0     3.0     2.0    
*  117  331   622.33    6.56      0   622.33  1867.00     0.0     0.0     2.1    
*  130  318   619.00    4.52      0   619.00  1851.00     4.0     2.0     2.3    
*  143  305   618.67    4.17      0   618.67  1848.00     2.0     1.0     2.5    
*  144  304   617.00    5.29      0   617.00  1791.00     9.0     3.0     2.5    
*  145  303   601.00    5.21      0   601.00  1791.00     9.0     3.0     2.5    

  Gens  Rem    Local   ElDiv NoImpr             Best solution            Time  Op
                                       Cost     Dist    Tard    TMax 
   150  298   601.00    5.71      5   601.00  1791.00     9.0     3.0     2.6    
*  175  273   598.33    4.43      0   598.33  1784.00     7.0     4.0     3.0    
*  183  265   598.00    4.19      0   598.00  1788.00     4.0     2.0     3.2    
*  190  258   597.67    3.73      0   597.67  1788.00     4.0     1.0     3.3    
Path relinking result: too homogeneous.
   192  256   597.67    3.59      3   597.67  1788.00     4.0     1.0     3.3   P
*  196  252   588.33    4.21      0   588.33  1765.00     0.0     0.0     3.4    
*  199  249   587.67    4.40      0   587.67  1760.00     2.0     1.0     3.5    
   200  248   587.67    4.31      1   587.67  1760.00     2.0     1.0     3.5    
*  203  245   582.33    4.35      0   582.33  1747.00     0.0     0.0     3.6    
*  220  228   581.67    3.03      0   581.67  1731.00     3.0     1.0     3.9    
*  221  227   578.33    3.32      0   578.33  1719.00     4.0     1.0     3.9    
*  222  226   574.67    3.16      0   574.67  1719.00     4.0     1.0     3.9    
*  228  220   572.67    3.57      0   572.67  1714.00     3.0     1.0     4.0    
*  232  216   571.67    2.92      0   571.67  1710.00     4.0     1.0     4.1    
*  238  210   570.67    2.87      0   570.67  1695.00     4.0     1.0     4.2    
*  239  209   566.67    2.78      0   566.67  1695.00     4.0     1.0     4.2    

  Gens  Rem    Local   ElDiv NoImpr             Best solution            Time  Op
                                       Cost     Dist    Tard    TMax 
*  250  198   566.33    1.47      0   566.33  1693.00     5.0     1.0     4.4    
*  252  196   565.33    1.52      0   565.33  1689.00     3.0     1.0     4.5    
*  253  195   564.33    1.42      0   564.33  1689.00     3.0     1.0     4.5    
*  258  190   564.00    0.88      0   564.00  1688.00     3.0     1.0     4.6    
*  261  187   563.67    0.46      0   563.67  1686.00     3.0     1.0     4.6    
*  262  186   563.33    0.45      0   563.33  1686.00     3.0     1.0     4.7    
*  264  184   562.33    0.35      0   562.33  1683.00     3.0     1.0     4.7    
*  270  178   562.00    0.19      0   562.00  1682.00     3.0     1.0     4.8    
Path relinking result: too homogeneous.
   288  160   561.67    0.04      0   562.00  1682.00     3.0     1.0     5.1   P
*  289  159   561.67    0.28      0   561.67  1678.00     3.0     1.0     5.1    
*  290  158   560.67    0.36      0   560.67  1678.00     3.0     1.0     5.1    
*  297  151   560.33    0.04      0   560.33  1677.00     3.0     1.0     5.2    
*  299  149   559.67    0.27      0   559.67  1673.00     3.0     1.0     5.3    
*  300  148   559.00    0.34      0   559.00  1673.00     3.0     1.0     5.3    
*  302  146   558.67    0.66      0   558.67  1672.00     3.0     1.0     5.3    
*  317  131   558.33    0.10      0   558.33  1670.00     3.0     1.0     5.6    

  Gens  Rem    Local   ElDiv NoImpr             Best solution            Time  Op
                                       Cost     Dist    Tard    TMax 
*  318  130   558.00    0.11      0   558.00  1670.00     3.0     1.0     5.6    
*  325  123   557.67    0.21      0   557.67  1669.00     3.0     1.0     5.8    
   350   98   557.67    0.00     25   557.67  1669.00     3.0     1.0     6.2    
*  367   81   556.33    0.30      0   556.33  1665.00     3.0     1.0     6.5    
*  373   75   555.33    0.29      0   555.33  1662.00     3.0     1.0     6.6    
*  377   71   555.00    0.49      0   555.00  1661.00     3.0     1.0     6.7    
Path relinking result: too homogeneous.
   384   64   555.00    0.16      8   555.00  1661.00     3.0     1.0     6.9   P
*  392   56   554.00    0.15      0   554.00  1658.00     3.0     1.0     7.0    
*  400   48   553.33    0.18      0   553.33  1656.00     3.0     1.0     7.2    
*  412   36   553.00    0.04      0   553.00  1655.00     3.0     1.0     7.4    
*  422   26   552.33    0.12      0   552.33  1653.00     3.0     1.0     7.6    
*  424   24   551.67    0.26      0   551.67  1651.00     3.0     1.0     7.6    
   448    0   551.67    0.00     24   551.67  1651.00     3.0     1.0     8.0    
Evolutionary process finished.
Solution written to 'solution-25129.txt'.

Sorted sequence of worst to best tardiness value:
Task for patient = 111 with skills = {1,5} and cost = 350.3
   Vehicle #0 = 1, leaving at = 944.0
   Vehicle #1 = 35, leaving at = 937.0
   Increment on distance indicator: 8.0
   Increment on tard indicator:     2.0
   Value of tmax indicator:         8.0

Task for patient = 156 with skills = {1,5} and cost = 225.7
   Vehicle #0 = 18, leaving at = 700.0
   Vehicle #1 = 33, leaving at = 749.0
   Increment on distance indicator: 8.0
   Increment on tard indicator:     1.0
   Value of tmax indicator:         8.0

Task for patient = 146 with skills = {2,3} and cost = 289.0
   Vehicle #0 = 8, leaving at = 889.0
   Vehicle #1 = 34, leaving at = 889.0
   Increment on distance indicator: 14.0
   Increment on tard indicator:     0.0
   Value of tmax indicator:         14.0

Task for patient = 22 with skills = {1,3} and cost = 294.3
   Vehicle #0 = 1, leaving at = 884.0
   Vehicle #1 = 35, leaving at = 901.0
   Increment on distance indicator: 16.0
   Increment on tard indicator:     0.0
   Value of tmax indicator:         16.0

Task for patient = 11 with skills = {1,4} and cost = 297.0
   Vehicle #0 = 5, leaving at = 810.0
   Vehicle #1 = 36, leaving at = 877.0
   Increment on distance indicator: 8.0
   Increment on tard indicator:     0.0
   Value of tmax indicator:         8.0

Task for patient = 181 with skills = {0,-1} and cost = 298.0
   Vehicle #0 = 2, leaving at = 901.0
   Vehicle #1 = -1, leaving at = inf
   Increment on distance indicator: 3.0
   Increment on tard indicator:     0.0
   Value of tmax indicator:         3.0

Task for patient = 179 with skills = {5,-1} and cost = 299.0
   Vehicle #0 = 21, leaving at = 992.0
   Vehicle #1 = -1, leaving at = inf
   Increment on distance indicator: 3.0
   Increment on tard indicator:     0.0
   Value of tmax indicator:         3.0

Task for patient = 139 with skills = {3,-1} and cost = 300.3
   Vehicle #0 = 23, leaving at = 823.0
   Vehicle #1 = -1, leaving at = inf
   Increment on distance indicator: 4.0
   Increment on tard indicator:     0.0
   Value of tmax indicator:         4.0

Task for patient = 178 with skills = {0,-1} and cost = 302.0
   Vehicle #0 = 3, leaving at = 941.0
   Vehicle #1 = -1, leaving at = inf
   Increment on distance indicator: 5.0
   Increment on tard indicator:     0.0
   Value of tmax indicator:         5.0

Task for patient = 84 with skills = {4,-1} and cost = 304.3
   Vehicle #0 = 28, leaving at = 788.0
   Vehicle #1 = -1, leaving at = inf
   Increment on distance indicator: 7.0
   Increment on tard indicator:     0.0
   Value of tmax indicator:         7.0

Task for patient = 35 with skills = {1,-1} and cost = 305.3
   Vehicle #0 = 16, leaving at = 825.0
   Vehicle #1 = -1, leaving at = inf
   Increment on distance indicator: 3.0
   Increment on tard indicator:     0.0
   Value of tmax indicator:         3.0

Task for patient = 67 with skills = {2,-1} and cost = 306.3
   Vehicle #0 = 7, leaving at = 907.0
   Vehicle #1 = -1, leaving at = inf
   Increment on distance indicator: 3.0
   Increment on tard indicator:     0.0
   Value of tmax indicator:         3.0

Task for patient = 166 with skills = {0,-1} and cost = 306.7
   Vehicle #0 = 16, leaving at = 848.0
   Vehicle #1 = -1, leaving at = inf
   Increment on distance indicator: 1.0
   Increment on tard indicator:     0.0
   Value of tmax indicator:         1.0

Task for patient = 68 with skills = {3,-1} and cost = 284.3
   Vehicle #0 = 29, leaving at = 849.0
   Vehicle #1 = -1, leaving at = inf
   Increment on distance indicator: 4.0
   Increment on tard indicator:     0.0
   Value of tmax indicator:         4.0

Task for patient = 108 with skills = {1,-1} and cost = 310.3
   Vehicle #0 = 11, leaving at = 939.0
   Vehicle #1 = -1, leaving at = inf
   Increment on distance indicator: 2.0
   Increment on tard indicator:     0.0
   Value of tmax indicator:         2.0

Task for patient = 65 with skills = {4,-1} and cost = 312.3
   Vehicle #0 = 26, leaving at = 942.0
   Vehicle #1 = -1, leaving at = inf
   Increment on distance indicator: 6.0
   Increment on tard indicator:     0.0
   Value of tmax indicator:         6.0

Task for patient = 104 with skills = {1,4} and cost = 316.0
   Vehicle #0 = 11, leaving at = 992.0
   Vehicle #1 = 30, leaving at = 977.0
   Increment on distance indicator: 11.0
   Increment on tard indicator:     0.0
   Value of tmax indicator:         11.0

Task for patient = 110 with skills = {2,-1} and cost = 317.0
   Vehicle #0 = 15, leaving at = 847.0
   Vehicle #1 = -1, leaving at = inf
   Increment on distance indicator: 3.0
   Increment on tard indicator:     0.0
   Value of tmax indicator:         3.0

Task for patient = 154 with skills = {1,3} and cost = 320.3
   Vehicle #0 = 11, leaving at = 1032.0
   Vehicle #1 = 30, leaving at = 1078.0
   Increment on distance indicator: 10.0
   Increment on tard indicator:     0.0
   Value of tmax indicator:         10.0

Task for patient = 151 with skills = {4,-1} and cost = 321.3
   Vehicle #0 = 36, leaving at = 925.0
   Vehicle #1 = -1, leaving at = inf
   Increment on distance indicator: 3.0
   Increment on tard indicator:     0.0
   Value of tmax indicator:         3.0

Task for patient = 86 with skills = {1,-1} and cost = 323.7
   Vehicle #0 = 0, leaving at = 882.0
   Vehicle #1 = -1, leaving at = inf
   Increment on distance indicator: 7.0
   Increment on tard indicator:     0.0
   Value of tmax indicator:         7.0

Task for patient = 162 with skills = {1,-1} and cost = 324.3
   Vehicle #0 = 19, leaving at = 821.0
   Vehicle #1 = -1, leaving at = inf
   Increment on distance indicator: 2.0
   Increment on tard indicator:     0.0
   Value of tmax indicator:         2.0

Task for patient = 54 with skills = {5,-1} and cost = 326.3
   Vehicle #0 = 27, leaving at = 897.0
   Vehicle #1 = -1, leaving at = inf
   Increment on distance indicator: 6.0
   Increment on tard indicator:     0.0
   Value of tmax indicator:         6.0

Task for patient = 21 with skills = {5,-1} and cost = 327.3
   Vehicle #0 = 24, leaving at = 971.0
   Vehicle #1 = -1, leaving at = inf
   Increment on distance indicator: 3.0
   Increment on tard indicator:     0.0
   Value of tmax indicator:         3.0

Task for patient = 167 with skills = {3,-1} and cost = 309.7
   Vehicle #0 = 28, leaving at = 826.0
   Vehicle #1 = -1, leaving at = inf
   Increment on distance indicator: 9.0
   Increment on tard indicator:     0.0
   Value of tmax indicator:         9.0

Task for patient = 26 with skills = {0,-1} and cost = 248.0
   Vehicle #0 = 8, leaving at = 735.0
   Vehicle #1 = -1, leaving at = inf
   Increment on distance indicator: 3.0
   Increment on tard indicator:     0.0
   Value of tmax indicator:         3.0

Task for patient = 113 with skills = {1,-1} and cost = 249.0
   Vehicle #0 = 14, leaving at = 685.0
   Vehicle #1 = -1, leaving at = inf
   Increment on distance indicator: 3.0
   Increment on tard indicator:     0.0
   Value of tmax indicator:         3.0

Task for patient = 73 with skills = {0,5} and cost = 251.3
   Vehicle #0 = 2, leaving at = 883.0
   Vehicle #1 = 21, leaving at = 876.0
   Increment on distance indicator: 7.0
   Increment on tard indicator:     0.0
   Value of tmax indicator:         7.0

Task for patient = 94 with skills = {0,-1} and cost = 253.3
   Vehicle #0 = 12, leaving at = 909.0
   Vehicle #1 = -1, leaving at = inf
   Increment on distance indicator: 6.0
   Increment on tard indicator:     0.0
   Value of tmax indicator:         6.0

Task for patient = 42 with skills = {1,-1} and cost = 254.3
   Vehicle #0 = 13, leaving at = 927.0
   Vehicle #1 = -1, leaving at = inf
   Increment on distance indicator: 3.0
   Increment on tard indicator:     0.0
   Value of tmax indicator:         3.0

Task for patient = 91 with skills = {0,-1} and cost = 256.0
   Vehicle #0 = 3, leaving at = 803.0
   Vehicle #1 = -1, leaving at = inf
   Increment on distance indicator: 5.0
   Increment on tard indicator:     0.0
   Value of tmax indicator:         5.0

Task for patient = 142 with skills = {3,-1} and cost = 258.3
   Vehicle #0 = 39, leaving at = 833.0
   Vehicle #1 = -1, leaving at = inf
   Increment on distance indicator: 7.0
   Increment on tard indicator:     0.0
   Value of tmax indicator:         7.0

Task for patient = 69 with skills = {3,-1} and cost = 260.0
   Vehicle #0 = 34, leaving at = 744.0
   Vehicle #1 = -1, leaving at = inf
   Increment on distance indicator: 5.0
   Increment on tard indicator:     0.0
   Value of tmax indicator:         5.0

Task for patient = 83 with skills = {2,-1} and cost = 262.0
   Vehicle #0 = 9, leaving at = 742.0
   Vehicle #1 = -1, leaving at = inf
   Increment on distance indicator: 6.0
   Increment on tard indicator:     0.0
   Value of tmax indicator:         6.0

Task for patient = 103 with skills = {2,-1} and cost = 262.7
   Vehicle #0 = 14, leaving at = 967.0
   Vehicle #1 = -1, leaving at = inf
   Increment on distance indicator: 2.0
   Increment on tard indicator:     0.0
   Value of tmax indicator:         2.0

Task for patient = 51 with skills = {2,3} and cost = 265.7
   Vehicle #0 = 19, leaving at = 763.0
   Vehicle #1 = 29, leaving at = 756.0
   Increment on distance indicator: 9.0
   Increment on tard indicator:     0.0
   Value of tmax indicator:         9.0

Task for patient = 74 with skills = {2,-1} and cost = 283.0
   Vehicle #0 = 4, leaving at = 925.0
   Vehicle #1 = -1, leaving at = inf
   Increment on distance indicator: 3.0
   Increment on tard indicator:     0.0
   Value of tmax indicator:         3.0

Task for patient = 40 with skills = {5,-1} and cost = 269.0
   Vehicle #0 = 21, leaving at = 942.0
   Vehicle #1 = -1, leaving at = inf
   Increment on distance indicator: 6.0
   Increment on tard indicator:     0.0
   Value of tmax indicator:         6.0

Task for patient = 109 with skills = {4,-1} and cost = 270.7
   Vehicle #0 = 25, leaving at = 789.0
   Vehicle #1 = -1, leaving at = inf
   Increment on distance indicator: 5.0
   Increment on tard indicator:     0.0
   Value of tmax indicator:         5.0

Task for patient = 96 with skills = {1,-1} and cost = 271.3
   Vehicle #0 = 17, leaving at = 860.0
   Vehicle #1 = -1, leaving at = inf
   Increment on distance indicator: 2.0
   Increment on tard indicator:     0.0
   Value of tmax indicator:         2.0

Task for patient = 189 with skills = {5,-1} and cost = 271.7
   Vehicle #0 = 22, leaving at = 949.0
   Vehicle #1 = -1, leaving at = inf
   Increment on distance indicator: 1.0
   Increment on tard indicator:     0.0
   Value of tmax indicator:         1.0

Task for patient = 37 with skills = {3,-1} and cost = 272.0
   Vehicle #0 = 29, leaving at = 805.0
   Vehicle #1 = -1, leaving at = inf
   Increment on distance indicator: 1.0
   Increment on tard indicator:     0.0
   Value of tmax indicator:         1.0

Task for patient = 31 with skills = {4,-1} and cost = 273.0
   Vehicle #0 = 31, leaving at = 862.0
   Vehicle #1 = -1, leaving at = inf
   Increment on distance indicator: 3.0
   Increment on tard indicator:     0.0
   Value of tmax indicator:         3.0

Task for patient = 170 with skills = {3,-1} and cost = 274.3
   Vehicle #0 = 33, leaving at = 864.0
   Vehicle #1 = -1, leaving at = inf
   Increment on distance indicator: 4.0
   Increment on tard indicator:     0.0
   Value of tmax indicator:         4.0

Task for patient = 121 with skills = {1,-1} and cost = 274.7
   Vehicle #0 = 16, leaving at = 795.0
   Vehicle #1 = -1, leaving at = inf
   Increment on distance indicator: 1.0
   Increment on tard indicator:     0.0
   Value of tmax indicator:         1.0

Task for patient = 14 with skills = {1,-1} and cost = 279.0
   Vehicle #0 = 18, leaving at = 746.0
   Vehicle #1 = -1, leaving at = inf
   Increment on distance indicator: 13.0
   Increment on tard indicator:     0.0
   Value of tmax indicator:         13.0

Task for patient = 191 with skills = {4,-1} and cost = 279.3
   Vehicle #0 = 25, leaving at = 819.0
   Vehicle #1 = -1, leaving at = inf
   Increment on distance indicator: 1.0
   Increment on tard indicator:     0.0
   Value of tmax indicator:         1.0

Task for patient = 71 with skills = {2,5} and cost = 282.0
   Vehicle #0 = 8, leaving at = 842.0
   Vehicle #1 = 25, leaving at = 870.0
   Increment on distance indicator: 8.0
   Increment on tard indicator:     0.0
   Value of tmax indicator:         8.0

Task for patient = 127 with skills = {1,-1} and cost = 327.7
   Vehicle #0 = 14, leaving at = 1024.0
   Vehicle #1 = -1, leaving at = inf
   Increment on distance indicator: 1.0
   Increment on tard indicator:     0.0
   Value of tmax indicator:         1.0

Task for patient = 89 with skills = {5,-1} and cost = 267.0
   Vehicle #0 = 27, leaving at = 831.0
   Vehicle #1 = -1, leaving at = inf
   Increment on distance indicator: 4.0
   Increment on tard indicator:     0.0
   Value of tmax indicator:         4.0

Task for patient = 200 with skills = {0,4} and cost = 386.3
   Vehicle #0 = 6, leaving at = 983.0
   Vehicle #1 = 32, leaving at = 1001.0
   Increment on distance indicator: 11.0
   Increment on tard indicator:     0.0
   Value of tmax indicator:         11.0

Task for patient = 177 with skills = {2,3} and cost = 389.0
   Vehicle #0 = 19, leaving at = 915.0
   Vehicle #1 = 29, leaving at = 924.0
   Increment on distance indicator: 8.0
   Increment on tard indicator:     0.0
   Value of tmax indicator:         8.0

Task for patient = 147 with skills = {3,-1} and cost = 389.7
   Vehicle #0 = 20, leaving at = 848.0
   Vehicle #1 = -1, leaving at = inf
   Increment on distance indicator: 2.0
   Increment on tard indicator:     0.0
   Value of tmax indicator:         2.0

Task for patient = 173 with skills = {2,3} and cost = 390.3
   Vehicle #0 = 9, leaving at = 957.0
   Vehicle #1 = 20, leaving at = 981.0
   Increment on distance indicator: 2.0
   Increment on tard indicator:     0.0
   Value of tmax indicator:         2.0

Task for patient = 27 with skills = {3,-1} and cost = 391.0
   Vehicle #0 = 20, leaving at = 1011.0
   Vehicle #1 = -1, leaving at = inf
   Increment on distance indicator: 2.0
   Increment on tard indicator:     0.0
   Value of tmax indicator:         2.0

Task for patient = 16 with skills = {2,-1} and cost = 393.0
   Vehicle #0 = 12, leaving at = 931.0
   Vehicle #1 = -1, leaving at = inf
   Increment on distance indicator: 6.0
   Increment on tard indicator:     0.0
   Value of tmax indicator:         6.0

Task for patient = 24 with skills = {4,-1} and cost = 394.3
   Vehicle #0 = 39, leaving at = 996.0
   Vehicle #1 = -1, leaving at = inf
   Increment on distance indicator: 4.0
   Increment on tard indicator:     0.0
   Value of tmax indicator:         4.0

Task for patient = 70 with skills = {2,-1} and cost = 395.0
   Vehicle #0 = 4, leaving at = 967.0
   Vehicle #1 = -1, leaving at = inf
   Increment on distance indicator: 2.0
   Increment on tard indicator:     0.0
   Value of tmax indicator:         2.0

Task for patient = 115 with skills = {5,-1} and cost = 396.0
   Vehicle #0 = 27, leaving at = 1021.0
   Vehicle #1 = -1, leaving at = inf
   Increment on distance indicator: 3.0
   Increment on tard indicator:     0.0
   Value of tmax indicator:         3.0

Task for patient = 149 with skills = {0,-1} and cost = 398.3
   Vehicle #0 = 10, leaving at = 985.0
   Vehicle #1 = -1, leaving at = inf
   Increment on distance indicator: 7.0
   Increment on tard indicator:     0.0
   Value of tmax indicator:         7.0

Task for patient = 47 with skills = {4,-1} and cost = 399.7
   Vehicle #0 = 21, leaving at = 1055.0
   Vehicle #1 = -1, leaving at = inf
   Increment on distance indicator: 4.0
   Increment on tard indicator:     0.0
   Value of tmax indicator:         4.0

Task for patient = 133 with skills = {0,-1} and cost = 328.7
   Vehicle #0 = 9, leaving at = 875.0
   Vehicle #1 = -1, leaving at = inf
   Increment on distance indicator: 3.0
   Increment on tard indicator:     0.0
   Value of tmax indicator:         3.0

Task for patient = 29 with skills = {2,-1} and cost = 401.3
   Vehicle #0 = 10, leaving at = 1032.0
   Vehicle #1 = -1, leaving at = inf
   Increment on distance indicator: 3.0
   Increment on tard indicator:     0.0
   Value of tmax indicator:         3.0

Task for patient = 30 with skills = {4,-1} and cost = 401.7
   Vehicle #0 = 28, leaving at = 1062.0
   Vehicle #1 = -1, leaving at = inf
   Increment on distance indicator: 1.0
   Increment on tard indicator:     0.0
   Value of tmax indicator:         1.0

Task for patient = 66 with skills = {0,-1} and cost = 402.7
   Vehicle #0 = 12, leaving at = 950.0
   Vehicle #1 = -1, leaving at = inf
   Increment on distance indicator: 3.0
   Increment on tard indicator:     0.0
   Value of tmax indicator:         3.0

Task for patient = 45 with skills = {4,-1} and cost = 404.0
   Vehicle #0 = 37, leaving at = 858.0
   Vehicle #1 = -1, leaving at = inf
   Increment on distance indicator: 4.0
   Increment on tard indicator:     0.0
   Value of tmax indicator:         4.0

Task for patient = 59 with skills = {3,-1} and cost = 405.0
   Vehicle #0 = 25, leaving at = 939.0
   Vehicle #1 = -1, leaving at = inf
   Increment on distance indicator: 3.0
   Increment on tard indicator:     0.0
   Value of tmax indicator:         3.0

Task for patient = 161 with skills = {1,4} and cost = 407.7
   Vehicle #0 = 8, leaving at = 997.0
   Vehicle #1 = 25, leaving at = 992.0
   Increment on distance indicator: 8.0
   Increment on tard indicator:     0.0
   Value of tmax indicator:         8.0

Task for patient = 38 with skills = {2,4} and cost = 408.7
   Vehicle #0 = 13, leaving at = 1063.0
   Vehicle #1 = 39, leaving at = 1044.0
   Increment on distance indicator: 3.0
   Increment on tard indicator:     0.0
   Value of tmax indicator:         3.0

Task for patient = 190 with skills = {2,3} and cost = 412.0
   Vehicle #0 = 7, leaving at = 1039.0
   Vehicle #1 = 29, leaving at = 1066.0
   Increment on distance indicator: 10.0
   Increment on tard indicator:     0.0
   Value of tmax indicator:         10.0

Task for patient = 12 with skills = {4,-1} and cost = 413.3
   Vehicle #0 = 26, leaving at = 976.0
   Vehicle #1 = -1, leaving at = inf
   Increment on distance indicator: 4.0
   Increment on tard indicator:     0.0
   Value of tmax indicator:         4.0

Task for patient = 145 with skills = {2,3} and cost = 417.0
   Vehicle #0 = 16, leaving at = 1064.0
   Vehicle #1 = 28, leaving at = 1105.0
   Increment on distance indicator: 11.0
   Increment on tard indicator:     0.0
   Value of tmax indicator:         11.0

Task for patient = 180 with skills = {2,3} and cost = 420.7
   Vehicle #0 = 19, leaving at = 941.0
   Vehicle #1 = 23, leaving at = 942.0
   Increment on distance indicator: 11.0
   Increment on tard indicator:     0.0
   Value of tmax indicator:         11.0

Task for patient = 184 with skills = {1,3} and cost = 426.3
   Vehicle #0 = 18, leaving at = 863.0
   Vehicle #1 = 33, leaving at = 884.0
   Increment on distance indicator: 17.0
   Increment on tard indicator:     0.0
   Value of tmax indicator:         17.0

Task for patient = 3 with skills = {0,5} and cost = 400.3
   Vehicle #0 = 3, leaving at = 1081.0
   Vehicle #1 = 24, leaving at = 1064.0
   Increment on distance indicator: 2.0
   Increment on tard indicator:     0.0
   Value of tmax indicator:         2.0

Task for patient = 157 with skills = {0,-1} and cost = 247.0
   Vehicle #0 = 2, leaving at = 774.0
   Vehicle #1 = -1, leaving at = inf
   Increment on distance indicator: 3.0
   Increment on tard indicator:     0.0
   Value of tmax indicator:         3.0

Task for patient = 95 with skills = {1,-1} and cost = 330.3
   Vehicle #0 = 14, leaving at = 1057.0
   Vehicle #1 = -1, leaving at = inf
   Increment on distance indicator: 5.0
   Increment on tard indicator:     0.0
   Value of tmax indicator:         5.0

Task for patient = 174 with skills = {0,4} and cost = 332.7
   Vehicle #0 = 2, leaving at = 954.0
   Vehicle #1 = 32, leaving at = 925.0
   Increment on distance indicator: 7.0
   Increment on tard indicator:     0.0
   Value of tmax indicator:         7.0

Task for patient = 50 with skills = {1,4} and cost = 336.7
   Vehicle #0 = 5, leaving at = 881.0
   Vehicle #1 = 28, leaving at = 878.0
   Increment on distance indicator: 12.0
   Increment on tard indicator:     0.0
   Value of tmax indicator:         12.0

Task for patient = 175 with skills = {2,-1} and cost = 339.0
   Vehicle #0 = 17, leaving at = 946.0
   Vehicle #1 = -1, leaving at = inf
   Increment on distance indicator: 7.0
   Increment on tard indicator:     0.0
   Value of tmax indicator:         7.0

Task for patient = 61 with skills = {2,-1} and cost = 340.7
   Vehicle #0 = 15, leaving at = 985.0
   Vehicle #1 = -1, leaving at = inf
   Increment on distance indicator: 5.0
   Increment on tard indicator:     0.0
   Value of tmax indicator:         5.0

Task for patient = 18 with skills = {2,-1} and cost = 342.3
   Vehicle #0 = 16, leaving at = 902.0
   Vehicle #1 = -1, leaving at = inf
   Increment on distance indicator: 5.0
   Increment on tard indicator:     0.0
   Value of tmax indicator:         5.0

Task for patient = 25 with skills = {0,-1} and cost = 345.3
   Vehicle #0 = 2, leaving at = 1004.0
   Vehicle #1 = -1, leaving at = inf
   Increment on distance indicator: 9.0
   Increment on tard indicator:     0.0
   Value of tmax indicator:         9.0

Task for patient = 192 with skills = {3,-1} and cost = 347.0
   Vehicle #0 = 28, leaving at = 964.0
   Vehicle #1 = -1, leaving at = inf
   Increment on distance indicator: 5.0
   Increment on tard indicator:     0.0
   Value of tmax indicator:         5.0

Task for patient = 79 with skills = {2,4} and cost = 353.0
   Vehicle #0 = 8, leaving at = 910.0
   Vehicle #1 = 34, leaving at = 944.0
   Increment on distance indicator: 8.0
   Increment on tard indicator:     0.0
   Value of tmax indicator:         8.0

Task for patient = 172 with skills = {2,-1} and cost = 354.7
   Vehicle #0 = 7, leaving at = 932.0
   Vehicle #1 = -1, leaving at = inf
   Increment on distance indicator: 5.0
   Increment on tard indicator:     0.0
   Value of tmax indicator:         5.0

Task for patient = 134 with skills = {1,5} and cost = 382.7
   Vehicle #0 = 5, leaving at = 992.0
   Vehicle #1 = 27, leaving at = 980.0
   Increment on distance indicator: 4.0
   Increment on tard indicator:     0.0
   Value of tmax indicator:         4.0

Task for patient = 119 with skills = {0,5} and cost = 358.7
   Vehicle #0 = 3, leaving at = 1022.0
   Vehicle #1 = 24, leaving at = 1033.0
   Increment on distance indicator: 10.0
   Increment on tard indicator:     0.0
   Value of tmax indicator:         10.0

Task for patient = 199 with skills = {5,-1} and cost = 359.3
   Vehicle #0 = 28, leaving at = 1024.0
   Vehicle #1 = -1, leaving at = inf
   Increment on distance indicator: 2.0
   Increment on tard indicator:     0.0
   Value of tmax indicator:         2.0

Task for patient = 85 with skills = {1,4} and cost = 361.0
   Vehicle #0 = 13, leaving at = 959.0
   Vehicle #1 = 39, leaving at = 947.0
   Increment on distance indicator: 5.0
   Increment on tard indicator:     0.0
   Value of tmax indicator:         5.0

Task for patient = 33 with skills = {0,4} and cost = 363.7
   Vehicle #0 = 15, leaving at = 1044.0
   Vehicle #1 = 31, leaving at = 1061.0
   Increment on distance indicator: 8.0
   Increment on tard indicator:     0.0
   Value of tmax indicator:         8.0

Task for patient = 98 with skills = {1,-1} and cost = 366.0
   Vehicle #0 = 19, leaving at = 847.0
   Vehicle #1 = -1, leaving at = inf
   Increment on distance indicator: 7.0
   Increment on tard indicator:     0.0
   Value of tmax indicator:         7.0

Task for patient = 197 with skills = {1,-1} and cost = 369.3
   Vehicle #0 = 8, leaving at = 940.0
   Vehicle #1 = -1, leaving at = inf
   Increment on distance indicator: 10.0
   Increment on tard indicator:     0.0
   Value of tmax indicator:         10.0

Task for patient = 118 with skills = {0,5} and cost = 373.3
   Vehicle #0 = 9, leaving at = 920.0
   Vehicle #1 = 38, leaving at = 910.0
   Increment on distance indicator: 12.0
   Increment on tard indicator:     0.0
   Value of tmax indicator:         12.0

Task for patient = 75 with skills = {1,5} and cost = 375.3
   Vehicle #0 = 13, leaving at = 1003.0
   Vehicle #1 = 38, leaving at = 1006.0
   Increment on distance indicator: 6.0
   Increment on tard indicator:     0.0
   Value of tmax indicator:         6.0

Task for patient = 117 with skills = {1,5} and cost = 377.3
   Vehicle #0 = 5, leaving at = 933.0
   Vehicle #1 = 27, leaving at = 956.0
   Increment on distance indicator: 6.0
   Increment on tard indicator:     0.0
   Value of tmax indicator:         6.0

Task for patient = 64 with skills = {2,-1} and cost = 378.7
   Vehicle #0 = 7, leaving at = 993.0
   Vehicle #1 = -1, leaving at = inf
   Increment on distance indicator: 4.0
   Increment on tard indicator:     0.0
   Value of tmax indicator:         4.0

Task for patient = 39 with skills = {2,-1} and cost = 380.0
   Vehicle #0 = 10, leaving at = 960.0
   Vehicle #1 = -1, leaving at = inf
   Increment on distance indicator: 4.0
   Increment on tard indicator:     0.0
   Value of tmax indicator:         4.0

Task for patient = 105 with skills = {0,-1} and cost = 381.3
   Vehicle #0 = 6, leaving at = 953.0
   Vehicle #1 = -1, leaving at = inf
   Increment on distance indicator: 4.0
   Increment on tard indicator:     0.0
   Value of tmax indicator:         4.0

Task for patient = 78 with skills = {0,-1} and cost = 355.3
   Vehicle #0 = 6, leaving at = 912.0
   Vehicle #1 = -1, leaving at = inf
   Increment on distance indicator: 2.0
   Increment on tard indicator:     0.0
   Value of tmax indicator:         2.0

Task for patient = 158 with skills = {2,5} and cost = 83.7
   Vehicle #0 = 9, leaving at = 666.0
   Vehicle #1 = 30, leaving at = 680.0
   Increment on distance indicator: 14.0
   Increment on tard indicator:     0.0
   Value of tmax indicator:         14.0

Task for patient = 137 with skills = {5,-1} and cost = 84.7
   Vehicle #0 = 31, leaving at = 696.0
   Vehicle #1 = -1, leaving at = inf
   Increment on distance indicator: 3.0
   Increment on tard indicator:     0.0
   Value of tmax indicator:         3.0

Task for patient = 9 with skills = {4,-1} and cost = 87.3
   Vehicle #0 = 21, leaving at = 803.0
   Vehicle #1 = -1, leaving at = inf
   Increment on distance indicator: 8.0
   Increment on tard indicator:     0.0
   Value of tmax indicator:         8.0

Task for patient = 100 with skills = {2,4} and cost = 92.7
   Vehicle #0 = 12, leaving at = 518.0
   Vehicle #1 = 32, leaving at = 552.0
   Increment on distance indicator: 16.0
   Increment on tard indicator:     0.0
   Value of tmax indicator:         16.0

Task for patient = 48 with skills = {5,-1} and cost = 94.3
   Vehicle #0 = 27, leaving at = 653.0
   Vehicle #1 = -1, leaving at = inf
   Increment on distance indicator: 5.0
   Increment on tard indicator:     0.0
   Value of tmax indicator:         5.0

Task for patient = 130 with skills = {2,-1} and cost = 96.0
   Vehicle #0 = 12, leaving at = 602.0
   Vehicle #1 = -1, leaving at = inf
   Increment on distance indicator: 5.0
   Increment on tard indicator:     0.0
   Value of tmax indicator:         5.0

Task for patient = 17 with skills = {2,-1} and cost = 97.0
   Vehicle #0 = 13, leaving at = 557.0
   Vehicle #1 = -1, leaving at = inf
   Increment on distance indicator: 3.0
   Increment on tard indicator:     0.0
   Value of tmax indicator:         3.0

Task for patient = 159 with skills = {1,3} and cost = 98.3
   Vehicle #0 = 0, leaving at = 815.0
   Vehicle #1 = 20, leaving at = 822.0
   Increment on distance indicator: 4.0
   Increment on tard indicator:     0.0
   Value of tmax indicator:         4.0

Task for patient = 63 with skills = {0,-1} and cost = 103.7
   Vehicle #0 = 12, leaving at = 661.0
   Vehicle #1 = -1, leaving at = inf
   Increment on distance indicator: 16.0
   Increment on tard indicator:     0.0
   Value of tmax indicator:         16.0

Task for patient = 116 with skills = {3,-1} and cost = 105.7
   Vehicle #0 = 28, leaving at = 705.0
   Vehicle #1 = -1, leaving at = inf
   Increment on distance indicator: 6.0
   Increment on tard indicator:     0.0
   Value of tmax indicator:         6.0

Task for patient = 58 with skills = {2,-1} and cost = 106.7
   Vehicle #0 = 7, leaving at = 788.0
   Vehicle #1 = -1, leaving at = inf
   Increment on distance indicator: 3.0
   Increment on tard indicator:     0.0
   Value of tmax indicator:         3.0

Task for patient = 55 with skills = {0,4} and cost = 246.0
   Vehicle #0 = 6, leaving at = 852.0
   Vehicle #1 = 36, leaving at = 813.0
   Increment on distance indicator: 2.0
   Increment on tard indicator:     0.0
   Value of tmax indicator:         2.0

Task for patient = 56 with skills = {5,-1} and cost = 108.7
   Vehicle #0 = 25, leaving at = 747.0
   Vehicle #1 = -1, leaving at = inf
   Increment on distance indicator: 5.0
   Increment on tard indicator:     0.0
   Value of tmax indicator:         5.0

Task for patient = 32 with skills = {3,-1} and cost = 110.3
   Vehicle #0 = 29, leaving at = 540.0
   Vehicle #1 = -1, leaving at = inf
   Increment on distance indicator: 5.0
   Increment on tard indicator:     0.0
   Value of tmax indicator:         5.0

Task for patient = 19 with skills = {1,5} and cost = 113.7
   Vehicle #0 = 10, leaving at = 641.0
   Vehicle #1 = 33, leaving at = 636.0
   Increment on distance indicator: 10.0
   Increment on tard indicator:     0.0
   Value of tmax indicator:         10.0

Task for patient = 36 with skills = {4,-1} and cost = 115.7
   Vehicle #0 = 26, leaving at = 739.0
   Vehicle #1 = -1, leaving at = inf
   Increment on distance indicator: 6.0
   Increment on tard indicator:     0.0
   Value of tmax indicator:         6.0

Task for patient = 129 with skills = {4,-1} and cost = 116.7
   Vehicle #0 = 32, leaving at = 672.0
   Vehicle #1 = -1, leaving at = inf
   Increment on distance indicator: 3.0
   Increment on tard indicator:     0.0
   Value of tmax indicator:         3.0

Task for patient = 123 with skills = {2,-1} and cost = 119.7
   Vehicle #0 = 12, leaving at = 720.0
   Vehicle #1 = -1, leaving at = inf
   Increment on distance indicator: 9.0
   Increment on tard indicator:     0.0
   Value of tmax indicator:         9.0

Task for patient = 114 with skills = {2,-1} and cost = 120.3
   Vehicle #0 = 13, leaving at = 678.0
   Vehicle #1 = -1, leaving at = inf
   Increment on distance indicator: 2.0
   Increment on tard indicator:     0.0
   Value of tmax indicator:         2.0

Task for patient = 186 with skills = {3,-1} and cost = 123.7
   Vehicle #0 = 29, leaving at = 603.0
   Vehicle #1 = -1, leaving at = inf
   Increment on distance indicator: 10.0
   Increment on tard indicator:     0.0
   Value of tmax indicator:         10.0

Task for patient = 106 with skills = {4,-1} and cost = 126.3
   Vehicle #0 = 34, leaving at = 543.0
   Vehicle #1 = -1, leaving at = inf
   Increment on distance indicator: 8.0
   Increment on tard indicator:     0.0
   Value of tmax indicator:         8.0

Task for patient = 57 with skills = {0,-1} and cost = 126.7
   Vehicle #0 = 2, leaving at = 654.0
   Vehicle #1 = -1, leaving at = inf
   Increment on distance indicator: 1.0
   Increment on tard indicator:     0.0
   Value of tmax indicator:         1.0

Task for patient = 49 with skills = {3,-1} and cost = 131.0
   Vehicle #0 = 35, leaving at = 530.0
   Vehicle #1 = -1, leaving at = inf
   Increment on distance indicator: 13.0
   Increment on tard indicator:     0.0
   Value of tmax indicator:         13.0

Task for patient = 164 with skills = {5,-1} and cost = 132.0
   Vehicle #0 = 27, leaving at = 677.0
   Vehicle #1 = -1, leaving at = inf
   Increment on distance indicator: 3.0
   Increment on tard indicator:     0.0
   Value of tmax indicator:         3.0

Task for patient = 102 with skills = {1,-1} and cost = 107.0
   Vehicle #0 = 4, leaving at = 869.0
   Vehicle #1 = -1, leaving at = inf
   Increment on distance indicator: 1.0
   Increment on tard indicator:     0.0
   Value of tmax indicator:         1.0

Task for patient = 81 with skills = {2,-1} and cost = 2.3
   Vehicle #0 = 4, leaving at = 695.0
   Vehicle #1 = -1, leaving at = inf
   Increment on distance indicator: 7.0
   Increment on tard indicator:     0.0
   Value of tmax indicator:         7.0

Task for patient = 90 with skills = {0,-1} and cost = 4.3
   Vehicle #0 = 2, leaving at = 543.0
   Vehicle #1 = -1, leaving at = inf
   Increment on distance indicator: 6.0
   Increment on tard indicator:     0.0
   Value of tmax indicator:         6.0

Task for patient = 5 with skills = {4,-1} and cost = 4.3
   Vehicle #0 = 21, leaving at = 565.0
   Vehicle #1 = -1, leaving at = inf
   Increment on distance indicator: 0.0
   Increment on tard indicator:     0.0
   Value of tmax indicator:         0.0

Task for patient = 20 with skills = {0,4} and cost = 9.7
   Vehicle #0 = 2, leaving at = 614.0
   Vehicle #1 = 21, leaving at = 612.0
   Increment on distance indicator: 16.0
   Increment on tard indicator:     0.0
   Value of tmax indicator:         16.0

Task for patient = 122 with skills = {1,4} and cost = 10.3
   Vehicle #0 = 0, leaving at = 742.0
   Vehicle #1 = 24, leaving at = 735.0
   Increment on distance indicator: 2.0
   Increment on tard indicator:     0.0
   Value of tmax indicator:         2.0

Task for patient = 150 with skills = {5,-1} and cost = 15.0
   Vehicle #0 = 22, leaving at = 541.0
   Vehicle #1 = -1, leaving at = inf
   Increment on distance indicator: 14.0
   Increment on tard indicator:     0.0
   Value of tmax indicator:         14.0

Task for patient = 82 with skills = {4,-1} and cost = 16.7
   Vehicle #0 = 24, leaving at = 799.0
   Vehicle #1 = -1, leaving at = inf
   Increment on distance indicator: 5.0
   Increment on tard indicator:     0.0
   Value of tmax indicator:         5.0

Task for patient = 60 with skills = {4,-1} and cost = 18.0
   Vehicle #0 = 21, leaving at = 681.0
   Vehicle #1 = -1, leaving at = inf
   Increment on distance indicator: 4.0
   Increment on tard indicator:     0.0
   Value of tmax indicator:         4.0

Task for patient = 101 with skills = {2,5} and cost = 20.7
   Vehicle #0 = 4, leaving at = 757.0
   Vehicle #1 = 21, leaving at = 739.0
   Increment on distance indicator: 8.0
   Increment on tard indicator:     0.0
   Value of tmax indicator:         8.0

Task for patient = 132 with skills = {2,-1} and cost = 23.0
   Vehicle #0 = 7, leaving at = 579.0
   Vehicle #1 = -1, leaving at = inf
   Increment on distance indicator: 7.0
   Increment on tard indicator:     0.0
   Value of tmax indicator:         7.0

Task for patient = 92 with skills = {2,5} and cost = 27.0
   Vehicle #0 = 7, leaving at = 623.0
   Vehicle #1 = 22, leaving at = 620.0
   Increment on distance indicator: 12.0
   Increment on tard indicator:     0.0
   Value of tmax indicator:         12.0

Task for patient = 34 with skills = {2,-1} and cost = 79.0
   Vehicle #0 = 9, leaving at = 580.0
   Vehicle #1 = -1, leaving at = inf
   Increment on distance indicator: 3.0
   Increment on tard indicator:     0.0
   Value of tmax indicator:         3.0

Task for patient = 169 with skills = {0,-1} and cost = 31.0
   Vehicle #0 = 3, leaving at = 656.0
   Vehicle #1 = -1, leaving at = inf
   Increment on distance indicator: 4.0
   Increment on tard indicator:     0.0
   Value of tmax indicator:         4.0

Task for patient = 13 with skills = {2,3} and cost = 37.7
   Vehicle #0 = 8, leaving at = 553.0
   Vehicle #1 = 23, leaving at = 585.0
   Increment on distance indicator: 20.0
   Increment on tard indicator:     0.0
   Value of tmax indicator:         20.0

Task for patient = 163 with skills = {0,4} and cost = 51.0
   Vehicle #0 = 8, leaving at = 604.0
   Vehicle #1 = 25, leaving at = 619.0
   Increment on distance indicator: 40.0
   Increment on tard indicator:     0.0
   Value of tmax indicator:         40.0

Task for patient = 72 with skills = {4,-1} and cost = 53.7
   Vehicle #0 = 26, leaving at = 612.0
   Vehicle #1 = -1, leaving at = inf
   Increment on distance indicator: 8.0
   Increment on tard indicator:     0.0
   Value of tmax indicator:         8.0

Task for patient = 194 with skills = {1,-1} and cost = 57.7
   Vehicle #0 = 1, leaving at = 559.0
   Vehicle #1 = -1, leaving at = inf
   Increment on distance indicator: 12.0
   Increment on tard indicator:     0.0
   Value of tmax indicator:         12.0

Task for patient = 87 with skills = {2,5} and cost = 61.0
   Vehicle #0 = 7, leaving at = 740.0
   Vehicle #1 = 22, leaving at = 745.0
   Increment on distance indicator: 10.0
   Increment on tard indicator:     0.0
   Value of tmax indicator:         10.0

Task for patient = 107 with skills = {1,5} and cost = 66.3
   Vehicle #0 = 5, leaving at = 531.0
   Vehicle #1 = 27, leaving at = 544.0
   Increment on distance indicator: 16.0
   Increment on tard indicator:     0.0
   Value of tmax indicator:         16.0

Task for patient = 198 with skills = {2,-1} and cost = 67.0
   Vehicle #0 = 9, leaving at = 520.0
   Vehicle #1 = -1, leaving at = inf
   Increment on distance indicator: 2.0
   Increment on tard indicator:     0.0
   Value of tmax indicator:         2.0

Task for patient = 188 with skills = {2,-1} and cost = 68.3
   Vehicle #0 = 4, leaving at = 816.0
   Vehicle #1 = -1, leaving at = inf
   Increment on distance indicator: 4.0
   Increment on tard indicator:     0.0
   Value of tmax indicator:         4.0

Task for patient = 53 with skills = {1,4} and cost = 72.3
   Vehicle #0 = 10, leaving at = 578.0
   Vehicle #1 = 28, leaving at = 606.0
   Increment on distance indicator: 12.0
   Increment on tard indicator:     0.0
   Value of tmax indicator:         12.0

Task for patient = 171 with skills = {3,-1} and cost = 74.7
   Vehicle #0 = 22, leaving at = 800.0
   Vehicle #1 = -1, leaving at = inf
   Increment on distance indicator: 7.0
   Increment on tard indicator:     0.0
   Value of tmax indicator:         7.0

Task for patient = 141 with skills = {5,-1} and cost = 78.0
   Vehicle #0 = 25, leaving at = 687.0
   Vehicle #1 = -1, leaving at = inf
   Increment on distance indicator: 10.0
   Increment on tard indicator:     0.0
   Value of tmax indicator:         10.0

Task for patient = 195 with skills = {1,3} and cost = 29.7
   Vehicle #0 = 0, leaving at = 766.0
   Vehicle #1 = 20, leaving at = 767.0
   Increment on distance indicator: 8.0
   Increment on tard indicator:     0.0
   Value of tmax indicator:         8.0

Task for patient = 125 with skills = {2,3} and cost = 208.0
   Vehicle #0 = 17, leaving at = 665.0
   Vehicle #1 = 37, leaving at = 681.0
   Increment on distance indicator: 12.0
   Increment on tard indicator:     0.0
   Value of tmax indicator:         12.0

Task for patient = 131 with skills = {4,-1} and cost = 209.0
   Vehicle #0 = 21, leaving at = 831.0
   Vehicle #1 = -1, leaving at = inf
   Increment on distance indicator: 3.0
   Increment on tard indicator:     0.0
   Value of tmax indicator:         3.0

Task for patient = 93 with skills = {3,-1} and cost = 211.0
   Vehicle #0 = 34, leaving at = 701.0
   Vehicle #1 = -1, leaving at = inf
   Increment on distance indicator: 6.0
   Increment on tard indicator:     0.0
   Value of tmax indicator:         6.0

Task for patient = 120 with skills = {1,-1} and cost = 212.0
   Vehicle #0 = 18, leaving at = 544.0
   Vehicle #1 = -1, leaving at = inf
   Increment on distance indicator: 3.0
   Increment on tard indicator:     0.0
   Value of tmax indicator:         3.0

Task for patient = 143 with skills = {3,-1} and cost = 212.7
   Vehicle #0 = 25, leaving at = 767.0
   Vehicle #1 = -1, leaving at = inf
   Increment on distance indicator: 2.0
   Increment on tard indicator:     0.0
   Value of tmax indicator:         2.0

Task for patient = 153 with skills = {3,-1} and cost = 213.7
   Vehicle #0 = 37, leaving at = 710.0
   Vehicle #1 = -1, leaving at = inf
   Increment on distance indicator: 3.0
   Increment on tard indicator:     0.0
   Value of tmax indicator:         3.0

Task for patient = 160 with skills = {0,-1} and cost = 215.0
   Vehicle #0 = 6, leaving at = 792.0
   Vehicle #1 = -1, leaving at = inf
   Increment on distance indicator: 4.0
   Increment on tard indicator:     0.0
   Value of tmax indicator:         4.0

Task for patient = 182 with skills = {2,4} and cost = 217.3
   Vehicle #0 = 7, leaving at = 849.0
   Vehicle #1 = 35, leaving at = 840.0
   Increment on distance indicator: 7.0
   Increment on tard indicator:     0.0
   Value of tmax indicator:         7.0

Task for patient = 138 with skills = {5,-1} and cost = 218.3
   Vehicle #0 = 27, leaving at = 719.0
   Vehicle #1 = -1, leaving at = inf
   Increment on distance indicator: 3.0
   Increment on tard indicator:     0.0
   Value of tmax indicator:         3.0

Task for patient = 136 with skills = {2,-1} and cost = 219.0
   Vehicle #0 = 8, leaving at = 715.0
   Vehicle #1 = -1, leaving at = inf
   Increment on distance indicator: 2.0
   Increment on tard indicator:     0.0
   Value of tmax indicator:         2.0

Task for patient = 124 with skills = {1,5} and cost = 220.3
   Vehicle #0 = 17, leaving at = 704.0
   Vehicle #1 = 37, leaving at = 756.0
   Increment on distance indicator: 4.0
   Increment on tard indicator:     0.0
   Value of tmax indicator:         4.0

Task for patient = 140 with skills = {0,-1} and cost = 134.3
   Vehicle #0 = 8, leaving at = 677.0
   Vehicle #1 = -1, leaving at = inf
   Increment on distance indicator: 7.0
   Increment on tard indicator:     0.0
   Value of tmax indicator:         7.0

Task for patient = 193 with skills = {2,-1} and cost = 227.0
   Vehicle #0 = 16, leaving at = 630.0
   Vehicle #1 = -1, leaving at = inf
   Increment on distance indicator: 4.0
   Increment on tard indicator:     0.0
   Value of tmax indicator:         4.0

Task for patient = 80 with skills = {4,-1} and cost = 228.7
   Vehicle #0 = 36, leaving at = 537.0
   Vehicle #1 = -1, leaving at = inf
   Increment on distance indicator: 5.0
   Increment on tard indicator:     0.0
   Value of tmax indicator:         5.0

Task for patient = 112 with skills = {2,-1} and cost = 229.3
   Vehicle #0 = 16, leaving at = 744.0
   Vehicle #1 = -1, leaving at = inf
   Increment on distance indicator: 2.0
   Increment on tard indicator:     0.0
   Value of tmax indicator:         2.0

Task for patient = 46 with skills = {0,-1} and cost = 230.7
   Vehicle #0 = 10, leaving at = 736.0
   Vehicle #1 = -1, leaving at = inf
   Increment on distance indicator: 4.0
   Increment on tard indicator:     0.0
   Value of tmax indicator:         4.0

Task for patient = 155 with skills = {1,-1} and cost = 234.7
   Vehicle #0 = 19, leaving at = 529.0
   Vehicle #1 = -1, leaving at = inf
   Increment on distance indicator: 12.0
   Increment on tard indicator:     0.0
   Value of tmax indicator:         12.0

Task for patient = 1 with skills = {2,-1} and cost = 235.3
   Vehicle #0 = 17, leaving at = 829.0
   Vehicle #1 = -1, leaving at = inf
   Increment on distance indicator: 2.0
   Increment on tard indicator:     0.0
   Value of tmax indicator:         2.0

Task for patient = 15 with skills = {2,5} and cost = 236.7
   Vehicle #0 = 15, leaving at = 807.0
   Vehicle #1 = 31, leaving at = 832.0
   Increment on distance indicator: 4.0
   Increment on tard indicator:     0.0
   Value of tmax indicator:         4.0

Task for patient = 6 with skills = {2,4} and cost = 239.0
   Vehicle #0 = 16, leaving at = 761.0
   Vehicle #1 = 36, leaving at = 773.0
   Increment on distance indicator: 7.0
   Increment on tard indicator:     0.0
   Value of tmax indicator:         7.0

Task for patient = 76 with skills = {0,5} and cost = 243.0
   Vehicle #0 = 10, leaving at = 799.0
   Vehicle #1 = 33, leaving at = 801.0
   Increment on distance indicator: 12.0
   Increment on tard indicator:     0.0
   Value of tmax indicator:         12.0

Task for patient = 23 with skills = {5,-1} and cost = 243.3
   Vehicle #0 = 27, leaving at = 765.0
   Vehicle #1 = -1, leaving at = inf
   Increment on distance indicator: 1.0
   Increment on tard indicator:     0.0
   Value of tmax indicator:         1.0

Task for patient = 99 with skills = {2,-1} and cost = 245.3
   Vehicle #0 = 19, leaving at = 644.0
   Vehicle #1 = -1, leaving at = inf
   Increment on distance indicator: 6.0
   Increment on tard indicator:     0.0
   Value of tmax indicator:         6.0

Task for patient = 43 with skills = {0,3} and cost = 428.0
   Vehicle #0 = 12, leaving at = 978.0
   Vehicle #1 = 35, leaving at = 990.0
   Increment on distance indicator: 5.0
   Increment on tard indicator:     0.0
   Value of tmax indicator:         5.0

Task for patient = 2 with skills = {2,5} and cost = 222.3
   Vehicle #0 = 17, leaving at = 807.0
   Vehicle #1 = 37, leaving at = 777.0
   Increment on distance indicator: 6.0
   Increment on tard indicator:     0.0
   Value of tmax indicator:         6.0

Task for patient = 187 with skills = {2,3} and cost = 139.7
   Vehicle #0 = 12, leaving at = 867.0
   Vehicle #1 = 22, leaving at = 860.0
   Increment on distance indicator: 16.0
   Increment on tard indicator:     0.0
   Value of tmax indicator:         16.0

Task for patient = 52 with skills = {0,-1} and cost = 140.7
   Vehicle #0 = 2, leaving at = 705.0
   Vehicle #1 = -1, leaving at = inf
   Increment on distance indicator: 3.0
   Increment on tard indicator:     0.0
   Value of tmax indicator:         3.0

Task for patient = 144 with skills = {0,4} and cost = 142.7
   Vehicle #0 = 3, leaving at = 757.0
   Vehicle #1 = 31, leaving at = 731.0
   Increment on distance indicator: 6.0
   Increment on tard indicator:     0.0
   Value of tmax indicator:         6.0

Task for patient = 183 with skills = {3,-1} and cost = 143.3
   Vehicle #0 = 31, leaving at = 803.0
   Vehicle #1 = -1, leaving at = inf
   Increment on distance indicator: 2.0
   Increment on tard indicator:     0.0
   Value of tmax indicator:         2.0

Task for patient = 128 with skills = {1,4} and cost = 145.3
   Vehicle #0 = 1, leaving at = 611.0
   Vehicle #1 = 35, leaving at = 601.0
   Increment on distance indicator: 6.0
   Increment on tard indicator:     0.0
   Value of tmax indicator:         6.0

Task for patient = 10 with skills = {5,-1} and cost = 147.3
   Vehicle #0 = 35, leaving at = 654.0
   Vehicle #1 = -1, leaving at = inf
   Increment on distance indicator: 6.0
   Increment on tard indicator:     0.0
   Value of tmax indicator:         6.0

Task for patient = 7 with skills = {3,-1} and cost = 148.3
   Vehicle #0 = 22, leaving at = 907.0
   Vehicle #1 = -1, leaving at = inf
   Increment on distance indicator: 3.0
   Increment on tard indicator:     0.0
   Value of tmax indicator:         3.0

Task for patient = 135 with skills = {1,-1} and cost = 150.3
   Vehicle #0 = 5, leaving at = 616.0
   Vehicle #1 = -1, leaving at = inf
   Increment on distance indicator: 6.0
   Increment on tard indicator:     0.0
   Value of tmax indicator:         6.0

Task for patient = 168 with skills = {1,-1} and cost = 151.3
   Vehicle #0 = 1, leaving at = 659.0
   Vehicle #1 = -1, leaving at = inf
   Increment on distance indicator: 3.0
   Increment on tard indicator:     0.0
   Value of tmax indicator:         3.0

Task for patient = 148 with skills = {1,4} and cost = 158.7
   Vehicle #0 = 11, leaving at = 591.0
   Vehicle #1 = 34, leaving at = 595.0
   Increment on distance indicator: 22.0
   Increment on tard indicator:     0.0
   Value of tmax indicator:         22.0

Task for patient = 88 with skills = {2,4} and cost = 169.0
   Vehicle #0 = 14, leaving at = 661.0
   Vehicle #1 = 34, leaving at = 643.0
   Increment on distance indicator: 31.0
   Increment on tard indicator:     0.0
   Value of tmax indicator:         31.0

Task for patient = 165 with skills = {2,-1} and cost = 204.0
   Vehicle #0 = 16, leaving at = 575.0
   Vehicle #1 = -1, leaving at = inf
   Increment on distance indicator: 14.0
   Increment on tard indicator:     0.0
   Value of tmax indicator:         14.0

Task for patient = 28 with skills = {1,-1} and cost = 174.3
   Vehicle #0 = 5, leaving at = 654.0
   Vehicle #1 = -1, leaving at = inf
   Increment on distance indicator: 9.0
   Increment on tard indicator:     0.0
   Value of tmax indicator:         9.0

Task for patient = 196 with skills = {5,-1} and cost = 175.0
   Vehicle #0 = 22, leaving at = 925.0
   Vehicle #1 = -1, leaving at = inf
   Increment on distance indicator: 2.0
   Increment on tard indicator:     0.0
   Value of tmax indicator:         2.0

Task for patient = 44 with skills = {2,5} and cost = 179.0
   Vehicle #0 = 10, leaving at = 667.0
   Vehicle #1 = 33, leaving at = 709.0
   Increment on distance indicator: 12.0
   Increment on tard indicator:     0.0
   Value of tmax indicator:         12.0

Task for patient = 185 with skills = {1,3} and cost = 181.3
   Vehicle #0 = 1, leaving at = 734.0
   Vehicle #1 = 35, leaving at = 711.0
   Increment on distance indicator: 7.0
   Increment on tard indicator:     0.0
   Value of tmax indicator:         7.0

Task for patient = 152 with skills = {3,-1} and cost = 183.3
   Vehicle #0 = 37, leaving at = 632.0
   Vehicle #1 = -1, leaving at = inf
   Increment on distance indicator: 6.0
   Increment on tard indicator:     0.0
   Value of tmax indicator:         6.0

Task for patient = 77 with skills = {2,-1} and cost = 185.0
   Vehicle #0 = 13, leaving at = 730.0
   Vehicle #1 = -1, leaving at = inf
   Increment on distance indicator: 5.0
   Increment on tard indicator:     0.0
   Value of tmax indicator:         5.0

Task for patient = 176 with skills = {0,-1} and cost = 190.0
   Vehicle #0 = 6, leaving at = 502.0
   Vehicle #1 = -1, leaving at = inf
   Increment on distance indicator: 15.0
   Increment on tard indicator:     0.0
   Value of tmax indicator:         15.0

Task for patient = 4 with skills = {0,-1} and cost = 191.3
   Vehicle #0 = 10, leaving at = 703.0
   Vehicle #1 = -1, leaving at = inf
   Increment on distance indicator: 4.0
   Increment on tard indicator:     0.0
   Value of tmax indicator:         4.0

Task for patient = 126 with skills = {2,-1} and cost = 193.0
   Vehicle #0 = 15, leaving at = 730.0
   Vehicle #1 = -1, leaving at = inf
   Increment on distance indicator: 5.0
   Increment on tard indicator:     0.0
   Value of tmax indicator:         5.0

Task for patient = 41 with skills = {2,-1} and cost = 193.7
   Vehicle #0 = 15, leaving at = 770.0
   Vehicle #1 = -1, leaving at = inf
   Increment on distance indicator: 2.0
   Increment on tard indicator:     0.0
   Value of tmax indicator:         2.0

Task for patient = 97 with skills = {4,-1} and cost = 198.0
   Vehicle #0 = 36, leaving at = 500.0
   Vehicle #1 = -1, leaving at = inf
   Increment on distance indicator: 13.0
   Increment on tard indicator:     0.0
   Value of tmax indicator:         13.0

Task for patient = 62 with skills = {1,-1} and cost = 199.3
   Vehicle #0 = 5, leaving at = 716.0
   Vehicle #1 = -1, leaving at = inf
   Increment on distance indicator: 4.0
   Increment on tard indicator:     0.0
   Value of tmax indicator:         4.0

Task for patient = 8 with skills = {0,-1} and cost = 171.3
   Vehicle #0 = 2, leaving at = 730.0
   Vehicle #1 = -1, leaving at = inf
   Increment on distance indicator: 7.0
   Increment on tard indicator:     0.0
   Value of tmax indicator:         7.0


Unused vehicle list: (total = 0 out of 40)

---
Search finished.
Total of 448 generations in 8.0 seconds.
Exchange elite runs: 0
Implicit path relinking runs: 4
Reset attempts: 0

Best solution found:
   Cost: 551.7
   Total travel time: 1651.0
   Total tardiness time: 3.0
   Largest tardiness: 1.0


551.7
