#######################################
### Exact MIP solver for the HHCRSP ###
#######################################
-- Instance file: new-instances/HHCRSP_200_40_62_1.0_C_C.txt
-- Max threads: 4
-- Time limit: 999999 seconds
-- Use initial solution: No
Trivial flow violations prevented generating 349757 variables.
Version identifier: 20.1.0.0 | 2020-11-10 | 9bedb6d68
CPXPARAM_Threads                                 4
CPXPARAM_TimeLimit                               999999
Parallel mode: deterministic, using up to 4 threads for concurrent optimization:
 * Starting dual Simplex on 1 thread...
 * Starting Barrier on 3 threads...
Tried aggregator 1 time.
LP Presolve eliminated 21444 rows and 5141 columns.
Reduced LP has 401874 rows, 383631 columns, and 6813928 nonzeros.
Presolve time = 13.17 sec. (1578.62 ticks)
Symmetry aggregator did 607470 additional substitutions.

Iteration log . . .
Iteration:     1   Dual objective     =             0.000000
Iteration:   950   Dual objective     =           244.333333

Dual crossover.
  Dual:  Fixing 970 variables.
      969 DMoves:  Infeasibility  1.11494151e-12  Objective  2.47333333e+02
        0 DMoves:  Infeasibility  4.49427571e-13  Objective  2.47333333e+02
  Dual:  Pushed 34, exchanged 936.
  Primal:  Fixing 644 variables.
      643 PMoves:  Infeasibility  4.44089210e-16  Objective  2.47333333e+02
        0 PMoves:  Infeasibility  9.99200722e-16  Objective  2.47333333e+02
  Primal:  Pushed 531, exchanged 113.

Dual simplex solved model.


Solution status from MIP model:
-- Processing time: 22.739 sec.
-- Memory used: 408.009 MB
-- Best bound: inf
-- Obj value: 247.333
-- Gap: inf%
-- Total distance: 742
-- Total tardiness: 0
-- Largest tardiness: 0
