#######################################
### Exact MIP solver for the HHCRSP ###
#######################################
-- Instance file: new-instances/HHCRSP_200_40_37_1.6_R_C.txt
-- Max threads: 4
-- Time limit: 999999 seconds
-- Use initial solution: No
Trivial flow violations prevented generating 339864 variables.
Version identifier: 20.1.0.0 | 2020-11-10 | 9bedb6d68
CPXPARAM_Threads                                 4
CPXPARAM_TimeLimit                               999999
Parallel mode: deterministic, using up to 4 threads for concurrent optimization:
 * Starting dual Simplex on 1 thread...
 * Starting Barrier on 3 threads...
Tried aggregator 1 time.
LP Presolve eliminated 18564 rows and 3761 columns.
Reduced LP has 310288 rows, 296135 columns, and 4895748 nonzeros.
Presolve time = 9.04 sec. (1161.02 ticks)
Symmetry aggregator did 422638 additional substitutions.

Iteration log . . .
Iteration:     1   Dual objective     =             0.000000
Iteration:   929   Dual objective     =           176.666667

Dual crossover.
  Dual:  Fixing 677 variables.
      676 DMoves:  Infeasibility  3.55437907e-13  Objective  1.77000000e+02
        0 DMoves:  Infeasibility  3.63096133e-13  Objective  1.77000000e+02
  Dual:  Pushed 14, exchanged 663.
  Primal:  Fixing 307 variables.
      306 PMoves:  Infeasibility  1.11022302e-16  Objective  1.77000000e+02
        0 PMoves:  Infeasibility  1.11022302e-16  Objective  1.77000000e+02
  Primal:  Pushed 216, exchanged 91.

Dual simplex solved model.


Solution status from MIP model:
-- Processing time: 14.726 sec.
-- Memory used: 351.938 MB
-- Best bound: inf
-- Obj value: 177
-- Gap: inf%
-- Total distance: 531
-- Total tardiness: 0
-- Largest tardiness: 0
