#######################################
### Exact MIP solver for the HHCRSP ###
#######################################
-- Instance file: new-instances/HHCRSP_200_40_15_0.8_R_C.txt
-- Max threads: 4
-- Time limit: 999999 seconds
-- Use initial solution: No
Trivial flow violations prevented generating 373278 variables.
Version identifier: 20.1.0.0 | 2020-11-10 | 9bedb6d68
CPXPARAM_Threads                                 4
CPXPARAM_TimeLimit                               999999
Parallel mode: deterministic, using up to 4 threads for concurrent optimization:
 * Starting dual Simplex on 1 thread...
 * Starting Barrier on 3 threads...
Tried aggregator 1 time.
LP Presolve eliminated 22446 rows and 5108 columns.
Reduced LP has 416102 rows, 394480 columns, and 7537793 nonzeros.
Presolve time = 16.21 sec. (1725.01 ticks)
Symmetry aggregator did 620718 additional substitutions.

Iteration log . . .
Iteration:     1   Dual objective     =             0.000000
Iteration:   975   Dual objective     =           289.500000

Dual crossover.
  Dual:  Fixing 1066 variables.
     1065 DMoves:  Infeasibility  7.75879412e-13  Objective  2.92666667e+02
        0 DMoves:  Infeasibility  3.69315741e-13  Objective  2.92666667e+02
  Dual:  Pushed 16, exchanged 1050.
  Primal:  Fixing 511 variables.
      510 PMoves:  Infeasibility  1.38777878e-15  Objective  2.92666667e+02
        0 PMoves:  Infeasibility  1.41553436e-15  Objective  2.92666667e+02
  Primal:  Pushed 399, exchanged 112.

Dual simplex solved model.


Solution status from MIP model:
-- Processing time: 26.286 sec.
-- Memory used: 459.077 MB
-- Best bound: inf
-- Obj value: 292.667
-- Gap: inf%
-- Total distance: 878
-- Total tardiness: 0
-- Largest tardiness: 0
