#######################################
### Exact MIP solver for the HHCRSP ###
#######################################
-- Instance file: new-instances/HHCRSP_200_40_22_1.0_C_RC.txt
-- Max threads: 4
-- Time limit: 999999 seconds
-- Use initial solution: No
Trivial flow violations prevented generating 365027 variables.
Version identifier: 20.1.0.0 | 2020-11-10 | 9bedb6d68
CPXPARAM_Threads                                 4
CPXPARAM_TimeLimit                               999999
Parallel mode: deterministic, using up to 4 threads for concurrent optimization:
 * Starting dual Simplex on 1 thread...
 * Starting Barrier on 3 threads...
Tried aggregator 1 time.
LP Presolve eliminated 23100 rows and 5893 columns.
Reduced LP has 447980 rows, 424969 columns, and 8262628 nonzeros.
Presolve time = 16.59 sec. (1882.05 ticks)
Symmetry aggregator did 694996 additional substitutions.

Iteration log . . .
Iteration:     1   Dual objective     =             0.000000
Iteration:   936   Dual objective     =           324.666667

Dual crossover.
  Dual:  Fixing 976 variables.
      975 DMoves:  Infeasibility  1.29313227e-12  Objective  3.25333333e+02
        0 DMoves:  Infeasibility  3.21964683e-13  Objective  3.25333333e+02
  Dual:  Pushed 36, exchanged 940.
  Primal:  Fixing 671 variables.
      670 PMoves:  Infeasibility  5.55111512e-17  Objective  3.25333333e+02
        0 PMoves:  Infeasibility  7.77156117e-16  Objective  3.25333333e+02
  Primal:  Pushed 576, exchanged 95.

Dual simplex solved model.


Solution status from MIP model:
-- Processing time: 29.105 sec.
-- Memory used: 480.547 MB
-- Best bound: inf
-- Obj value: 325.333
-- Gap: inf%
-- Total distance: 976
-- Total tardiness: 0
-- Largest tardiness: 0
