#######################################
### Exact MIP solver for the HHCRSP ###
#######################################
-- Instance file: new-instances/HHCRSP_200_40_9_0.4_C_RC.txt
-- Max threads: 4
-- Time limit: 999999 seconds
-- Use initial solution: No
Trivial flow violations prevented generating 358600 variables.
Version identifier: 20.1.0.0 | 2020-11-10 | 9bedb6d68
CPXPARAM_Threads                                 4
CPXPARAM_TimeLimit                               999999
Parallel mode: deterministic, using up to 4 threads for concurrent optimization:
 * Starting dual Simplex on 1 thread...
 * Starting Barrier on 3 threads...
Tried aggregator 1 time.
LP Presolve eliminated 21546 rows and 5164 columns.
Reduced LP has 398230 rows, 378802 columns, and 6913259 nonzeros.
Presolve time = 13.90 sec. (1602.51 ticks)
Symmetry aggregator did 589025 additional substitutions.

Iteration log . . .
Iteration:     1   Dual objective     =             0.000000
Iteration:   971   Dual objective     =           318.333333

Dual crossover.
  Dual:  Fixing 1097 variables.
     1096 DMoves:  Infeasibility  7.70716828e-13  Objective  3.19000000e+02
        0 DMoves:  Infeasibility  3.34288157e-13  Objective  3.19000000e+02
  Dual:  Pushed 23, exchanged 1074.
  Primal:  Fixing 536 variables.
      535 PMoves:  Infeasibility  1.38777878e-16  Objective  3.19000000e+02
        0 PMoves:  Infeasibility  1.08246745e-15  Objective  3.19000000e+02
  Primal:  Pushed 440, exchanged 96.

Dual simplex solved model.


Solution status from MIP model:
-- Processing time: 22.461 sec.
-- Memory used: 433.645 MB
-- Best bound: inf
-- Obj value: 319
-- Gap: inf%
-- Total distance: 957
-- Total tardiness: 0
-- Largest tardiness: 0
