--- BRKGA-MP-IPR for HHCRSP ---
Instance: new-instances/HHCRSP_50_10_12_0.4_C_C.txt
Seed: 1

Reading data... Problem contains 50 patients  and 10 caregivers.

Summary of supply x demand for each service type:
Skill 0 has supply = 5 and demand = 9, ratio = 0.555556
Skill 1 has supply = 4 and demand = 10, ratio = 0.4
Skill 2 has supply = 5 and demand = 7, ratio = 0.714286
Skill 3 has supply = 3 and demand = 12, ratio = 0.25
Skill 4 has supply = 4 and demand = 11, ratio = 0.363636
Skill 5 has supply = 5 and demand = 17, ratio = 0.294118

Reading parameters...
Inferred distance function by PR type: kendall-tau
Building BRKGA data and initializing...
Evolving 448 generations...

  Gens  Rem    Local   ElDiv NoImpr             Best solution            Time  Op
                                       Cost     Dist    Tard    TMax 
*    0  448  1407.00  179.99      0  1407.00   755.00  3135.0   331.0     0.0    
*    2  446  1159.67  189.09      0  1159.67   774.00  1836.0   277.0     0.0    
*    3  445   962.33  182.26      0   962.33   794.00  1680.0   300.0     0.0    
*    4  444   924.67  165.15      0   924.67   754.00  1445.0   349.0     0.0    
*    5  443   849.33  132.41      0   849.33   764.00  1211.0   232.0     0.0    
*    6  442   735.67  118.17      0   735.67   796.00  1088.0   234.0     0.0    
*    7  441   706.00  109.60      0   706.00   733.00   658.0   194.0     0.0    
*    8  440   528.33   88.10      0   528.33   733.00   658.0   194.0     0.0    
*   10  438   498.33   60.92      0   498.33   706.00   554.0   235.0     0.0    
*   12  436   457.67   49.15      0   457.67   677.00   562.0   134.0     0.0    
*   14  434   304.67   49.47      0   304.67   771.00    88.0    55.0     0.0    
*   19  429   265.00   30.87      0   265.00   722.00    52.0    21.0     0.0    
*   21  427   245.33   26.10      0   245.33   722.00     7.0     7.0     0.0    
*   25  423   231.67   18.21      0   231.67   695.00     0.0     0.0     0.0    
*   28  420   229.33   11.22      0   229.33   688.00     0.0     0.0     0.0    

  Gens  Rem    Local   ElDiv NoImpr             Best solution            Time  Op
                                       Cost     Dist    Tard    TMax 
*   31  417   220.67    8.79      0   220.67   662.00     0.0     0.0     0.0    
*   35  413   216.00    5.74      0   216.00   648.00     0.0     0.0     0.0    
*   37  411   205.33    5.97      0   205.33   616.00     0.0     0.0     0.0    
    50  398   205.33    3.62     13   205.33   616.00     0.0     0.0     0.1    
*   57  391   205.00    2.97      0   205.00   615.00     0.0     0.0     0.1    
*   64  384   204.67    2.35      0   204.67   614.00     0.0     0.0     0.1    
*   66  382   202.00    2.30      0   202.00   606.00     0.0     0.0     0.1    
*   68  380   200.33    2.64      0   200.33   597.00     0.0     0.0     0.1    
*   69  379   199.00    2.56      0   199.00   597.00     0.0     0.0     0.1    
*   71  377   198.67    2.50      0   198.67   596.00     0.0     0.0     0.1    
*   73  375   198.00    2.53      0   198.00   590.00     0.0     0.0     0.1    
*   74  374   196.67    2.07      0   196.67   590.00     0.0     0.0     0.1    
*   76  372   196.33    1.93      0   196.33   587.00     0.0     0.0     0.1    
*   77  371   195.67    1.87      0   195.67   585.00     0.0     0.0     0.1    
*   78  370   195.00    1.77      0   195.00   581.00     0.0     0.0     0.1    
*   79  369   193.67    1.75      0   193.67   580.00     0.0     0.0     0.1    

  Gens  Rem    Local   ElDiv NoImpr             Best solution            Time  Op
                                       Cost     Dist    Tard    TMax 
*   80  368   193.33    1.71      0   193.33   580.00     0.0     0.0     0.1    
*   82  366   193.00    1.37      0   193.00   579.00     0.0     0.0     0.1    
*   84  364   192.67    1.25      0   192.67   577.00     0.0     0.0     0.1    
*   85  363   192.33    1.05      0   192.33   575.00     0.0     0.0     0.1    
*   86  362   191.67    0.68      0   191.67   574.00     0.0     0.0     0.1    
*   87  361   191.33    0.51      0   191.33   574.00     0.0     0.0     0.1    
Path relinking result: too homogeneous.
    96  352   191.33    0.00     10   191.33   574.00     0.0     0.0     0.1   P
*   99  349   190.00    0.23      0   190.00   570.00     0.0     0.0     0.1    
   100  348   190.00    0.28      1   190.00   570.00     0.0     0.0     0.1    
*  105  343   189.33    0.08      0   189.33   568.00     0.0     0.0     0.1    
*  139  309   189.00    0.10      0   189.00   567.00     0.0     0.0     0.2    
   150  298   189.00    0.00     11   189.00   567.00     0.0     0.0     0.2    
Path relinking result: too homogeneous.
   192  256   189.00    0.00     54   189.00   567.00     0.0     0.0     0.2   P
   200  248   189.00    0.00     61   189.00   567.00     0.0     0.0     0.2    
   206  242      inf  328.83      0   189.00   567.00     0.0     0.0     0.2   R
   207  241  1222.00  240.87      0   189.00   567.00     0.0     0.0     0.2    

  Gens  Rem    Local   ElDiv NoImpr             Best solution            Time  Op
                                       Cost     Dist    Tard    TMax 
   250  198   208.33    4.00      0   189.00   567.00     0.0     0.0     0.3    
Path relinking result: too homogeneous.
   288  160   189.33    0.75      9   189.00   567.00     0.0     0.0     0.3   P
   300  148   189.33    0.00     20   189.00   567.00     0.0     0.0     0.3    
*  319  129   187.00    0.56      0   187.00   561.00     0.0     0.0     0.3    
   350   98   187.00    0.00     31   187.00   561.00     0.0     0.0     0.4    
Path relinking result: too homogeneous.
   384   64   187.00    0.00     66   187.00   561.00     0.0     0.0     0.4   P
   386   62      inf  237.03      0   187.00   561.00     0.0     0.0     0.4   R
   387   61  1462.00  228.86      0   187.00   561.00     0.0     0.0     0.4    
   400   48   336.00   56.36      0   187.00   561.00     0.0     0.0     0.4    
   448    0   203.33    2.48      1   187.00   561.00     0.0     0.0     0.5    
Evolutionary process finished.
Solution written to 'solution-41421.txt'.

Sorted sequence of worst to best tardiness value:
Task for patient = 19 with skills = {1,-1} and cost = 85.7
   Vehicle #0 = 0, leaving at = 707.0
   Vehicle #1 = -1, leaving at = inf
   Increment on distance indicator: 8.0
   Increment on tard indicator:     0.0
   Value of tmax indicator:         8.0

Task for patient = 9 with skills = {2,5} and cost = 89.0
   Vehicle #0 = 3, leaving at = 802.0
   Vehicle #1 = 7, leaving at = 818.0
   Increment on distance indicator: 10.0
   Increment on tard indicator:     0.0
   Value of tmax indicator:         10.0

Task for patient = 10 with skills = {2,-1} and cost = 91.0
   Vehicle #0 = 3, leaving at = 917.0
   Vehicle #1 = -1, leaving at = inf
   Increment on distance indicator: 6.0
   Increment on tard indicator:     0.0
   Value of tmax indicator:         6.0

Task for patient = 31 with skills = {0,5} and cost = 96.7
   Vehicle #0 = 0, leaving at = 766.0
   Vehicle #1 = 9, leaving at = 805.0
   Increment on distance indicator: 17.0
   Increment on tard indicator:     0.0
   Value of tmax indicator:         17.0

Task for patient = 1 with skills = {0,4} and cost = 102.0
   Vehicle #0 = 4, leaving at = 863.0
   Vehicle #1 = 7, leaving at = 862.0
   Increment on distance indicator: 16.0
   Increment on tard indicator:     0.0
   Value of tmax indicator:         16.0

Task for patient = 21 with skills = {2,-1} and cost = 104.0
   Vehicle #0 = 3, leaving at = 966.0
   Vehicle #1 = -1, leaving at = inf
   Increment on distance indicator: 6.0
   Increment on tard indicator:     0.0
   Value of tmax indicator:         6.0

Task for patient = 49 with skills = {2,-1} and cost = 105.7
   Vehicle #0 = 3, leaving at = 1023.0
   Vehicle #1 = -1, leaving at = inf
   Increment on distance indicator: 5.0
   Increment on tard indicator:     0.0
   Value of tmax indicator:         5.0

Task for patient = 13 with skills = {2,-1} and cost = 107.3
   Vehicle #0 = 0, leaving at = 895.0
   Vehicle #1 = -1, leaving at = inf
   Increment on distance indicator: 5.0
   Increment on tard indicator:     0.0
   Value of tmax indicator:         5.0

Task for patient = 40 with skills = {2,3} and cost = 111.3
   Vehicle #0 = 1, leaving at = 904.0
   Vehicle #1 = 5, leaving at = 875.0
   Increment on distance indicator: 12.0
   Increment on tard indicator:     0.0
   Value of tmax indicator:         12.0

Task for patient = 18 with skills = {0,4} and cost = 115.0
   Vehicle #0 = 2, leaving at = 855.0
   Vehicle #1 = 9, leaving at = 844.0
   Increment on distance indicator: 11.0
   Increment on tard indicator:     0.0
   Value of tmax indicator:         11.0

Task for patient = 26 with skills = {1,5} and cost = 125.7
   Vehicle #0 = 4, leaving at = 907.0
   Vehicle #1 = 7, leaving at = 914.0
   Increment on distance indicator: 32.0
   Increment on tard indicator:     0.0
   Value of tmax indicator:         32.0

Task for patient = 17 with skills = {0,3} and cost = 160.7
   Vehicle #0 = 0, leaving at = 1017.0
   Vehicle #1 = 8, leaving at = 1037.0
   Increment on distance indicator: 9.0
   Increment on tard indicator:     0.0
   Value of tmax indicator:         9.0

Task for patient = 39 with skills = {1,-1} and cost = 130.0
   Vehicle #0 = 2, leaving at = 895.0
   Vehicle #1 = -1, leaving at = inf
   Increment on distance indicator: 5.0
   Increment on tard indicator:     0.0
   Value of tmax indicator:         5.0

Task for patient = 5 with skills = {1,3} and cost = 135.3
   Vehicle #0 = 1, leaving at = 951.0
   Vehicle #1 = 5, leaving at = 944.0
   Increment on distance indicator: 16.0
   Increment on tard indicator:     0.0
   Value of tmax indicator:         16.0

Task for patient = 46 with skills = {1,-1} and cost = 136.0
   Vehicle #0 = 1, leaving at = 1003.0
   Vehicle #1 = -1, leaving at = inf
   Increment on distance indicator: 2.0
   Increment on tard indicator:     0.0
   Value of tmax indicator:         2.0

Task for patient = 4 with skills = {4,-1} and cost = 137.7
   Vehicle #0 = 8, leaving at = 919.0
   Vehicle #1 = -1, leaving at = inf
   Increment on distance indicator: 5.0
   Increment on tard indicator:     0.0
   Value of tmax indicator:         5.0

Task for patient = 34 with skills = {5,-1} and cost = 138.3
   Vehicle #0 = 9, leaving at = 899.0
   Vehicle #1 = -1, leaving at = inf
   Increment on distance indicator: 2.0
   Increment on tard indicator:     0.0
   Value of tmax indicator:         2.0

Task for patient = 23 with skills = {5,-1} and cost = 140.0
   Vehicle #0 = 6, leaving at = 844.0
   Vehicle #1 = -1, leaving at = inf
   Increment on distance indicator: 5.0
   Increment on tard indicator:     0.0
   Value of tmax indicator:         5.0

Task for patient = 14 with skills = {0,3} and cost = 145.3
   Vehicle #0 = 2, leaving at = 964.0
   Vehicle #1 = 5, leaving at = 966.0
   Increment on distance indicator: 16.0
   Increment on tard indicator:     0.0
   Value of tmax indicator:         16.0

Task for patient = 15 with skills = {4,-1} and cost = 147.0
   Vehicle #0 = 9, leaving at = 926.0
   Vehicle #1 = -1, leaving at = inf
   Increment on distance indicator: 5.0
   Increment on tard indicator:     0.0
   Value of tmax indicator:         5.0

Task for patient = 16 with skills = {3,-1} and cost = 151.0
   Vehicle #0 = 8, leaving at = 949.0
   Vehicle #1 = -1, leaving at = inf
   Increment on distance indicator: 12.0
   Increment on tard indicator:     0.0
   Value of tmax indicator:         12.0

Task for patient = 33 with skills = {3,-1} and cost = 152.7
   Vehicle #0 = 8, leaving at = 988.0
   Vehicle #1 = -1, leaving at = inf
   Increment on distance indicator: 5.0
   Increment on tard indicator:     0.0
   Value of tmax indicator:         5.0

Task for patient = 25 with skills = {5,-1} and cost = 155.7
   Vehicle #0 = 9, leaving at = 971.0
   Vehicle #1 = -1, leaving at = inf
   Increment on distance indicator: 9.0
   Increment on tard indicator:     0.0
   Value of tmax indicator:         9.0

Task for patient = 20 with skills = {0,5} and cost = 157.7
   Vehicle #0 = 2, leaving at = 1028.0
   Vehicle #1 = 5, leaving at = 984.0
   Increment on distance indicator: 6.0
   Increment on tard indicator:     0.0
   Value of tmax indicator:         6.0

Task for patient = 7 with skills = {5,-1} and cost = 128.3
   Vehicle #0 = 8, leaving at = 864.0
   Vehicle #1 = -1, leaving at = inf
   Increment on distance indicator: 8.0
   Increment on tard indicator:     0.0
   Value of tmax indicator:         8.0

Task for patient = 47 with skills = {1,3} and cost = 7.3
   Vehicle #0 = 0, leaving at = 549.0
   Vehicle #1 = 5, leaving at = 567.0
   Increment on distance indicator: 22.0
   Increment on tard indicator:     0.0
   Value of tmax indicator:         22.0

Task for patient = 36 with skills = {0,3} and cost = 14.7
   Vehicle #0 = 0, leaving at = 595.0
   Vehicle #1 = 5, leaving at = 600.0
   Increment on distance indicator: 22.0
   Increment on tard indicator:     0.0
   Value of tmax indicator:         22.0

Task for patient = 41 with skills = {1,5} and cost = 22.0
   Vehicle #0 = 1, leaving at = 591.0
   Vehicle #1 = 6, leaving at = 565.0
   Increment on distance indicator: 22.0
   Increment on tard indicator:     0.0
   Value of tmax indicator:         22.0

Task for patient = 8 with skills = {0,-1} and cost = 23.3
   Vehicle #0 = 0, leaving at = 643.0
   Vehicle #1 = -1, leaving at = inf
   Increment on distance indicator: 4.0
   Increment on tard indicator:     0.0
   Value of tmax indicator:         4.0

Task for patient = 45 with skills = {3,-1} and cost = 26.7
   Vehicle #0 = 5, leaving at = 644.0
   Vehicle #1 = -1, leaving at = inf
   Increment on distance indicator: 10.0
   Increment on tard indicator:     0.0
   Value of tmax indicator:         10.0

Task for patient = 37 with skills = {3,-1} and cost = 29.7
   Vehicle #0 = 7, leaving at = 634.0
   Vehicle #1 = -1, leaving at = inf
   Increment on distance indicator: 9.0
   Increment on tard indicator:     0.0
   Value of tmax indicator:         9.0

Task for patient = 43 with skills = {0,5} and cost = 35.0
   Vehicle #0 = 2, leaving at = 570.0
   Vehicle #1 = 8, leaving at = 567.0
   Increment on distance indicator: 16.0
   Increment on tard indicator:     0.0
   Value of tmax indicator:         16.0

Task for patient = 38 with skills = {1,-1} and cost = 38.0
   Vehicle #0 = 1, leaving at = 621.0
   Vehicle #1 = -1, leaving at = inf
   Increment on distance indicator: 9.0
   Increment on tard indicator:     0.0
   Value of tmax indicator:         9.0

Task for patient = 44 with skills = {1,-1} and cost = 40.0
   Vehicle #0 = 1, leaving at = 850.0
   Vehicle #1 = -1, leaving at = inf
   Increment on distance indicator: 6.0
   Increment on tard indicator:     0.0
   Value of tmax indicator:         6.0

Task for patient = 29 with skills = {5,-1} and cost = 43.0
   Vehicle #0 = 8, leaving at = 591.0
   Vehicle #1 = -1, leaving at = inf
   Increment on distance indicator: 9.0
   Increment on tard indicator:     0.0
   Value of tmax indicator:         9.0

Task for patient = 42 with skills = {5,-1} and cost = 44.3
   Vehicle #0 = 7, leaving at = 680.0
   Vehicle #1 = -1, leaving at = inf
   Increment on distance indicator: 4.0
   Increment on tard indicator:     0.0
   Value of tmax indicator:         4.0

Task for patient = 6 with skills = {4,-1} and cost = 83.0
   Vehicle #0 = 5, leaving at = 751.0
   Vehicle #1 = -1, leaving at = inf
   Increment on distance indicator: 7.0
   Increment on tard indicator:     0.0
   Value of tmax indicator:         7.0

Task for patient = 24 with skills = {4,-1} and cost = 49.0
   Vehicle #0 = 7, leaving at = 716.0
   Vehicle #1 = -1, leaving at = inf
   Increment on distance indicator: 7.0
   Increment on tard indicator:     0.0
   Value of tmax indicator:         7.0

Task for patient = 48 with skills = {4,-1} and cost = 55.0
   Vehicle #0 = 5, leaving at = 686.0
   Vehicle #1 = -1, leaving at = inf
   Increment on distance indicator: 18.0
   Increment on tard indicator:     0.0
   Value of tmax indicator:         18.0

Task for patient = 11 with skills = {5,-1} and cost = 56.3
   Vehicle #0 = 6, leaving at = 603.0
   Vehicle #1 = -1, leaving at = inf
   Increment on distance indicator: 4.0
   Increment on tard indicator:     0.0
   Value of tmax indicator:         4.0

Task for patient = 50 with skills = {1,5} and cost = 60.3
   Vehicle #0 = 2, leaving at = 614.0
   Vehicle #1 = 8, leaving at = 623.0
   Increment on distance indicator: 12.0
   Increment on tard indicator:     0.0
   Value of tmax indicator:         12.0

Task for patient = 32 with skills = {5,-1} and cost = 62.7
   Vehicle #0 = 9, leaving at = 628.0
   Vehicle #1 = -1, leaving at = inf
   Increment on distance indicator: 7.0
   Increment on tard indicator:     0.0
   Value of tmax indicator:         7.0

Task for patient = 12 with skills = {5,-1} and cost = 63.0
   Vehicle #0 = 8, leaving at = 667.0
   Vehicle #1 = -1, leaving at = inf
   Increment on distance indicator: 1.0
   Increment on tard indicator:     0.0
   Value of tmax indicator:         1.0

Task for patient = 30 with skills = {4,-1} and cost = 64.7
   Vehicle #0 = 7, leaving at = 745.0
   Vehicle #1 = -1, leaving at = inf
   Increment on distance indicator: 5.0
   Increment on tard indicator:     0.0
   Value of tmax indicator:         5.0

Task for patient = 3 with skills = {4,-1} and cost = 67.0
   Vehicle #0 = 8, leaving at = 713.0
   Vehicle #1 = -1, leaving at = inf
   Increment on distance indicator: 7.0
   Increment on tard indicator:     0.0
   Value of tmax indicator:         7.0

Task for patient = 22 with skills = {4,-1} and cost = 67.3
   Vehicle #0 = 9, leaving at = 754.0
   Vehicle #1 = -1, leaving at = inf
   Increment on distance indicator: 1.0
   Increment on tard indicator:     0.0
   Value of tmax indicator:         1.0

Task for patient = 35 with skills = {2,3} and cost = 74.0
   Vehicle #0 = 3, leaving at = 782.0
   Vehicle #1 = 7, leaving at = 776.0
   Increment on distance indicator: 20.0
   Increment on tard indicator:     0.0
   Value of tmax indicator:         20.0

Task for patient = 27 with skills = {3,-1} and cost = 77.7
   Vehicle #0 = 8, leaving at = 755.0
   Vehicle #1 = -1, leaving at = inf
   Increment on distance indicator: 11.0
   Increment on tard indicator:     0.0
   Value of tmax indicator:         11.0

Task for patient = 2 with skills = {4,-1} and cost = 80.7
   Vehicle #0 = 8, leaving at = 804.0
   Vehicle #1 = -1, leaving at = inf
   Increment on distance indicator: 9.0
   Increment on tard indicator:     0.0
   Value of tmax indicator:         9.0

Task for patient = 28 with skills = {5,-1} and cost = 46.7
   Vehicle #0 = 9, leaving at = 584.0
   Vehicle #1 = -1, leaving at = inf
   Increment on distance indicator: 7.0
   Increment on tard indicator:     0.0
   Value of tmax indicator:         7.0


Unused vehicle list: (total = 0 out of 10)

---
Search finished.
Total of 448 generations in 0.5 seconds.
Exchange elite runs: 0
Implicit path relinking runs: 4
Reset attempts: 2

Best solution found:
   Cost: 187.0
   Total travel time: 561.0
   Total tardiness time: 0.0
   Largest tardiness: 0.0


187.0
