--- BRKGA-MP-IPR for HHCRSP ---
Instance: new-instances/HHCRSP_50_10_80_1.0_R_C.txt
Seed: 1

Reading data... Problem contains 50 patients  and 10 caregivers.

Summary of supply x demand for each service type:
Skill 0 has supply = 3 and demand = 14, ratio = 0.214286
Skill 1 has supply = 1 and demand = 4, ratio = 0.25
Skill 2 has supply = 2 and demand = 6, ratio = 0.333333
Skill 3 has supply = 3 and demand = 15, ratio = 0.2
Skill 4 has supply = 3 and demand = 18, ratio = 0.166667
Skill 5 has supply = 3 and demand = 9, ratio = 0.333333

Reading parameters...
Inferred distance function by PR type: kendall-tau
Building BRKGA data and initializing...
Evolving 448 generations...

  Gens  Rem    Local   ElDiv NoImpr             Best solution            Time  Op
                                       Cost     Dist    Tard    TMax 
*    0  448  2142.00  271.36      0  2142.00  1130.00  4810.0   486.0     0.0    
*    3  445  1789.33  218.45      0  1789.33  1171.00  3750.0   447.0     0.0    
*    5  443  1771.67  227.51      0  1771.67  1213.00  2379.0   249.0     0.0    
*    6  442  1280.33  209.30      0  1280.33  1213.00  2379.0   249.0     0.0    
*    8  440  1233.33  169.03      0  1233.33  1155.00  2168.0   239.0     0.0    
*    9  439  1187.33  159.35      0  1187.33  1129.00  1207.0   157.0     0.0    
*   10  438   831.00  149.21      0   831.00  1129.00  1207.0   157.0     0.0    
*   15  433   758.67   84.78      0   758.67  1088.00   966.0   222.0     0.0    
*   17  431   583.33   84.00      0   583.33  1134.00   493.0   123.0     0.0    
*   21  427   481.00   68.30      0   481.00  1055.00   335.0    53.0     0.0    
*   26  422   451.67   38.67      0   451.67  1032.00   250.0    73.0     0.0    
*   28  420   446.33   34.92      0   446.33  1047.00    73.0    34.0     0.0    
*   29  419   384.67   31.73      0   384.67  1047.00    73.0    34.0     0.0    
*   32  416   384.00   27.98      0   384.00   962.00    96.0    35.0     0.0    
*   33  415   364.33   26.23      0   364.33   962.00    96.0    35.0     0.0    

  Gens  Rem    Local   ElDiv NoImpr             Best solution            Time  Op
                                       Cost     Dist    Tard    TMax 
*   37  411   355.33   24.06      0   355.33   986.00    47.0    13.0     0.0    
*   38  410   348.67   22.41      0   348.67   986.00    47.0    13.0     0.0    
*   41  407   329.00   15.10      0   329.00   964.00    15.0     8.0     0.1    
*   50  398   326.00    9.13      0   326.00   923.00    29.0    14.0     0.1    
*   51  397   322.00    8.56      0   322.00   956.00     4.0     4.0     0.1    
*   52  396   321.33    9.13      0   321.33   907.00    29.0    14.0     0.1    
*   53  395   316.67    9.75      0   316.67   907.00    23.0    11.0     0.1    
*   54  394   313.67    9.71      0   313.67   916.00     6.0     4.0     0.1    
*   55  393   308.67    9.47      0   308.67   880.00    22.0    10.0     0.1    
*   56  392   304.00    8.60      0   304.00   880.00    22.0    10.0     0.1    
*   59  389   301.67    8.91      0   301.67   880.00    16.0     7.0     0.1    
*   60  388   301.00    8.29      0   301.00   880.00    16.0     7.0     0.1    
*   64  384   295.67    5.62      0   295.67   822.00    27.0    16.0     0.1    
*   65  383   288.33    5.44      0   288.33   822.00    27.0    16.0     0.1    
*   86  362   287.67    0.97      0   287.67   853.00     4.0     4.0     0.1    
*   87  361   287.00    0.84      0   287.00   853.00     4.0     4.0     0.1    

  Gens  Rem    Local   ElDiv NoImpr             Best solution            Time  Op
                                       Cost     Dist    Tard    TMax 
*   89  359   286.67    0.85      0   286.67   852.00     4.0     4.0     0.1    
*   91  357   284.67    1.04      0   284.67   843.00     4.0     4.0     0.1    
*   92  356   283.67    0.78      0   283.67   843.00     4.0     4.0     0.1    
Path relinking result: too homogeneous.
    96  352   283.67    0.24      5   283.67   843.00     4.0     4.0     0.1   P
   100  348   283.67    0.41      8   283.67   843.00     4.0     4.0     0.1    
*  135  313   282.67    0.31      0   282.67   838.00     4.0     4.0     0.1    
*  136  312   282.00    0.31      0   282.00   838.00     4.0     4.0     0.1    
   150  298   282.00    0.00     14   282.00   838.00     4.0     4.0     0.2    
*  157  291   279.00    0.37      0   279.00   811.00    18.0     8.0     0.2    
*  172  276   278.33    0.12      0   278.33   809.00    18.0     8.0     0.2    
Path relinking result: too homogeneous.
   192  256   278.33    0.00     21   278.33   809.00    18.0     8.0     0.2   P
   200  248   278.33    0.37     28   278.33   809.00    18.0     8.0     0.2    
*  201  247   275.33    0.37      0   275.33   804.00    14.0     8.0     0.2    
*  211  237   275.00    0.07      0   275.00   809.00     8.0     8.0     0.2    
   250  198   275.00    0.00     39   275.00   809.00     8.0     8.0     0.2    
   278  170      inf  368.60      0   275.00   809.00     8.0     8.0     0.3   R

  Gens  Rem    Local   ElDiv NoImpr             Best solution            Time  Op
                                       Cost     Dist    Tard    TMax 
   279  169  2301.67  276.74      0   275.00   809.00     8.0     8.0     0.3    
Path relinking result: too homogeneous.
   288  160  1046.00  157.75      0   275.00   809.00     8.0     8.0     0.3   P
   300  148   507.00   60.85      0   275.00   809.00     8.0     8.0     0.3    
   350   98   306.67    3.34      0   275.00   809.00     8.0     8.0     0.3    
Path relinking result: too homogeneous.
   384   64   301.67    0.13      0   275.00   809.00     8.0     8.0     0.4   P
   400   48   299.33    0.00      9   275.00   809.00     8.0     8.0     0.4    
   448    0   298.00    0.00     10   275.00   809.00     8.0     8.0     0.4    
Evolutionary process finished.
Solution written to 'solution-11458.txt'.

Sorted sequence of worst to best tardiness value:
Task for patient = 47 with skills = {0,-1} and cost = 119.0
   Vehicle #0 = 4, leaving at = 639.0
   Vehicle #1 = -1, leaving at = inf
   Increment on distance indicator: 20.0
   Increment on tard indicator:     0.0
   Value of tmax indicator:         20.0

Task for patient = 11 with skills = {2,3} and cost = 132.3
   Vehicle #0 = 2, leaving at = 859.0
   Vehicle #1 = 9, leaving at = 865.0
   Increment on distance indicator: 40.0
   Increment on tard indicator:     0.0
   Value of tmax indicator:         40.0

Task for patient = 29 with skills = {3,-1} and cost = 136.7
   Vehicle #0 = 9, leaving at = 925.0
   Vehicle #1 = -1, leaving at = inf
   Increment on distance indicator: 13.0
   Increment on tard indicator:     0.0
   Value of tmax indicator:         13.0

Task for patient = 6 with skills = {0,-1} and cost = 144.0
   Vehicle #0 = 4, leaving at = 679.0
   Vehicle #1 = -1, leaving at = inf
   Increment on distance indicator: 22.0
   Increment on tard indicator:     0.0
   Value of tmax indicator:         22.0

Task for patient = 36 with skills = {0,3} and cost = 149.3
   Vehicle #0 = 0, leaving at = 915.0
   Vehicle #1 = 5, leaving at = 929.0
   Increment on distance indicator: 16.0
   Increment on tard indicator:     0.0
   Value of tmax indicator:         16.0

Task for patient = 2 with skills = {3,-1} and cost = 150.3
   Vehicle #0 = 7, leaving at = 894.0
   Vehicle #1 = -1, leaving at = inf
   Increment on distance indicator: 3.0
   Increment on tard indicator:     0.0
   Value of tmax indicator:         3.0

Task for patient = 34 with skills = {1,-1} and cost = 153.3
   Vehicle #0 = 2, leaving at = 893.0
   Vehicle #1 = -1, leaving at = inf
   Increment on distance indicator: 9.0
   Increment on tard indicator:     0.0
   Value of tmax indicator:         9.0

Task for patient = 38 with skills = {3,-1} and cost = 154.3
   Vehicle #0 = 5, leaving at = 966.0
   Vehicle #1 = -1, leaving at = inf
   Increment on distance indicator: 3.0
   Increment on tard indicator:     0.0
   Value of tmax indicator:         3.0

Task for patient = 15 with skills = {3,-1} and cost = 155.7
   Vehicle #0 = 9, leaving at = 985.0
   Vehicle #1 = -1, leaving at = inf
   Increment on distance indicator: 4.0
   Increment on tard indicator:     0.0
   Value of tmax indicator:         4.0

Task for patient = 28 with skills = {4,-1} and cost = 161.3
   Vehicle #0 = 6, leaving at = 868.0
   Vehicle #1 = -1, leaving at = inf
   Increment on distance indicator: 17.0
   Increment on tard indicator:     0.0
   Value of tmax indicator:         17.0

Task for patient = 35 with skills = {0,4} and cost = 163.7
   Vehicle #0 = 1, leaving at = 904.0
   Vehicle #1 = 6, leaving at = 924.0
   Increment on distance indicator: 7.0
   Increment on tard indicator:     0.0
   Value of tmax indicator:         7.0

Task for patient = 20 with skills = {0,4} and cost = 235.0
   Vehicle #0 = 4, leaving at = 1008.0
   Vehicle #1 = 6, leaving at = 1014.0
   Increment on distance indicator: 17.0
   Increment on tard indicator:     0.0
   Value of tmax indicator:         17.0

Task for patient = 43 with skills = {3,-1} and cost = 172.0
   Vehicle #0 = 5, leaving at = 1090.0
   Vehicle #1 = -1, leaving at = inf
   Increment on distance indicator: 5.0
   Increment on tard indicator:     0.0
   Value of tmax indicator:         5.0

Task for patient = 19 with skills = {3,-1} and cost = 173.3
   Vehicle #0 = 7, leaving at = 925.0
   Vehicle #1 = -1, leaving at = inf
   Increment on distance indicator: 4.0
   Increment on tard indicator:     0.0
   Value of tmax indicator:         4.0

Task for patient = 40 with skills = {5,-1} and cost = 176.7
   Vehicle #0 = 8, leaving at = 866.0
   Vehicle #1 = -1, leaving at = inf
   Increment on distance indicator: 10.0
   Increment on tard indicator:     0.0
   Value of tmax indicator:         10.0

Task for patient = 32 with skills = {3,-1} and cost = 177.7
   Vehicle #0 = 9, leaving at = 1048.0
   Vehicle #1 = -1, leaving at = inf
   Increment on distance indicator: 3.0
   Increment on tard indicator:     0.0
   Value of tmax indicator:         3.0

Task for patient = 27 with skills = {2,5} and cost = 183.0
   Vehicle #0 = 2, leaving at = 939.0
   Vehicle #1 = 8, leaving at = 961.0
   Increment on distance indicator: 16.0
   Increment on tard indicator:     0.0
   Value of tmax indicator:         16.0

Task for patient = 45 with skills = {1,4} and cost = 191.0
   Vehicle #0 = 2, leaving at = 976.0
   Vehicle #1 = 7, leaving at = 988.0
   Increment on distance indicator: 24.0
   Increment on tard indicator:     0.0
   Value of tmax indicator:         24.0

Task for patient = 30 with skills = {0,-1} and cost = 196.3
   Vehicle #0 = 1, leaving at = 967.0
   Vehicle #1 = -1, leaving at = inf
   Increment on distance indicator: 16.0
   Increment on tard indicator:     0.0
   Value of tmax indicator:         16.0

Task for patient = 25 with skills = {2,5} and cost = 206.3
   Vehicle #0 = 2, leaving at = 1025.0
   Vehicle #1 = 8, leaving at = 1026.0
   Increment on distance indicator: 30.0
   Increment on tard indicator:     0.0
   Value of tmax indicator:         30.0

Task for patient = 12 with skills = {3,-1} and cost = 209.3
   Vehicle #0 = 9, leaving at = 1076.0
   Vehicle #1 = -1, leaving at = inf
   Increment on distance indicator: 9.0
   Increment on tard indicator:     0.0
   Value of tmax indicator:         9.0

Task for patient = 3 with skills = {3,-1} and cost = 221.0
   Vehicle #0 = 7, leaving at = 1073.0
   Vehicle #1 = -1, leaving at = inf
   Increment on distance indicator: 35.0
   Increment on tard indicator:     0.0
   Value of tmax indicator:         35.0

Task for patient = 4 with skills = {5,-1} and cost = 226.7
   Vehicle #0 = 6, leaving at = 984.0
   Vehicle #1 = -1, leaving at = inf
   Increment on distance indicator: 17.0
   Increment on tard indicator:     0.0
   Value of tmax indicator:         17.0

Task for patient = 22 with skills = {0,-1} and cost = 229.3
   Vehicle #0 = 0, leaving at = 1023.0
   Vehicle #1 = -1, leaving at = inf
   Increment on distance indicator: 8.0
   Increment on tard indicator:     0.0
   Value of tmax indicator:         8.0

Task for patient = 33 with skills = {0,3} and cost = 170.3
   Vehicle #0 = 0, leaving at = 997.0
   Vehicle #1 = 5, leaving at = 1030.0
   Increment on distance indicator: 20.0
   Increment on tard indicator:     0.0
   Value of tmax indicator:         20.0

Task for patient = 46 with skills = {4,-1} and cost = 2.7
   Vehicle #0 = 5, leaving at = 554.0
   Vehicle #1 = -1, leaving at = inf
   Increment on distance indicator: 8.0
   Increment on tard indicator:     0.0
   Value of tmax indicator:         8.0

Task for patient = 23 with skills = {4,-1} and cost = 2.7
   Vehicle #0 = 6, leaving at = 551.0
   Vehicle #1 = -1, leaving at = inf
   Increment on distance indicator: 0.0
   Increment on tard indicator:     0.0
   Value of tmax indicator:         0.0

Task for patient = 26 with skills = {4,-1} and cost = 8.7
   Vehicle #0 = 5, leaving at = 592.0
   Vehicle #1 = -1, leaving at = inf
   Increment on distance indicator: 18.0
   Increment on tard indicator:     0.0
   Value of tmax indicator:         18.0

Task for patient = 49 with skills = {2,-1} and cost = 16.7
   Vehicle #0 = 2, leaving at = 603.0
   Vehicle #1 = -1, leaving at = inf
   Increment on distance indicator: 24.0
   Increment on tard indicator:     0.0
   Value of tmax indicator:         24.0

Task for patient = 13 with skills = {1,3} and cost = 20.0
   Vehicle #0 = 2, leaving at = 691.0
   Vehicle #1 = 5, leaving at = 678.0
   Increment on distance indicator: 10.0
   Increment on tard indicator:     0.0
   Value of tmax indicator:         10.0

Task for patient = 21 with skills = {0,4} and cost = 29.3
   Vehicle #0 = 0, leaving at = 709.0
   Vehicle #1 = 5, leaving at = 730.0
   Increment on distance indicator: 28.0
   Increment on tard indicator:     0.0
   Value of tmax indicator:         28.0

Task for patient = 24 with skills = {4,-1} and cost = 35.0
   Vehicle #0 = 6, leaving at = 607.0
   Vehicle #1 = -1, leaving at = inf
   Increment on distance indicator: 17.0
   Increment on tard indicator:     0.0
   Value of tmax indicator:         17.0

Task for patient = 17 with skills = {4,-1} and cost = 42.3
   Vehicle #0 = 7, leaving at = 511.0
   Vehicle #1 = -1, leaving at = inf
   Increment on distance indicator: 22.0
   Increment on tard indicator:     0.0
   Value of tmax indicator:         22.0

Task for patient = 10 with skills = {2,4} and cost = 48.3
   Vehicle #0 = 3, leaving at = 665.0
   Vehicle #1 = 6, leaving at = 626.0
   Increment on distance indicator: 18.0
   Increment on tard indicator:     0.0
   Value of tmax indicator:         18.0

Task for patient = 50 with skills = {4,-1} and cost = 56.0
   Vehicle #0 = 7, leaving at = 565.0
   Vehicle #1 = -1, leaving at = inf
   Increment on distance indicator: 23.0
   Increment on tard indicator:     0.0
   Value of tmax indicator:         23.0

Task for patient = 9 with skills = {0,-1} and cost = 60.0
   Vehicle #0 = 1, leaving at = 513.0
   Vehicle #1 = -1, leaving at = inf
   Increment on distance indicator: 12.0
   Increment on tard indicator:     0.0
   Value of tmax indicator:         12.0

Task for patient = 7 with skills = {1,5} and cost = 112.3
   Vehicle #0 = 2, leaving at = 796.0
   Vehicle #1 = 6, leaving at = 797.0
   Increment on distance indicator: 28.0
   Increment on tard indicator:     0.0
   Value of tmax indicator:         28.0

Task for patient = 42 with skills = {2,4} and cost = 66.3
   Vehicle #0 = 2, leaving at = 741.0
   Vehicle #1 = 5, leaving at = 777.0
   Increment on distance indicator: 12.0
   Increment on tard indicator:     0.0
   Value of tmax indicator:         12.0

Task for patient = 48 with skills = {4,-1} and cost = 68.0
   Vehicle #0 = 5, leaving at = 820.0
   Vehicle #1 = -1, leaving at = inf
   Increment on distance indicator: 5.0
   Increment on tard indicator:     0.0
   Value of tmax indicator:         5.0

Task for patient = 5 with skills = {5,-1} and cost = 74.7
   Vehicle #0 = 8, leaving at = 780.0
   Vehicle #1 = -1, leaving at = inf
   Increment on distance indicator: 20.0
   Increment on tard indicator:     0.0
   Value of tmax indicator:         20.0

Task for patient = 44 with skills = {5,-1} and cost = 77.3
   Vehicle #0 = 9, leaving at = 552.0
   Vehicle #1 = -1, leaving at = inf
   Increment on distance indicator: 8.0
   Increment on tard indicator:     0.0
   Value of tmax indicator:         8.0

Task for patient = 1 with skills = {0,5} and cost = 80.3
   Vehicle #0 = 1, leaving at = 677.0
   Vehicle #1 = 9, leaving at = 709.0
   Increment on distance indicator: 9.0
   Increment on tard indicator:     0.0
   Value of tmax indicator:         9.0

Task for patient = 16 with skills = {4,-1} and cost = 80.7
   Vehicle #0 = 6, leaving at = 674.0
   Vehicle #1 = -1, leaving at = inf
   Increment on distance indicator: 1.0
   Increment on tard indicator:     0.0
   Value of tmax indicator:         1.0

Task for patient = 39 with skills = {4,-1} and cost = 86.0
   Vehicle #0 = 6, leaving at = 711.0
   Vehicle #1 = -1, leaving at = inf
   Increment on distance indicator: 16.0
   Increment on tard indicator:     0.0
   Value of tmax indicator:         16.0

Task for patient = 31 with skills = {0,-1} and cost = 91.0
   Vehicle #0 = 4, leaving at = 565.0
   Vehicle #1 = -1, leaving at = inf
   Increment on distance indicator: 15.0
   Increment on tard indicator:     0.0
   Value of tmax indicator:         15.0

Task for patient = 37 with skills = {4,-1} and cost = 97.0
   Vehicle #0 = 6, leaving at = 754.0
   Vehicle #1 = -1, leaving at = inf
   Increment on distance indicator: 18.0
   Increment on tard indicator:     0.0
   Value of tmax indicator:         18.0

Task for patient = 14 with skills = {3,-1} and cost = 99.0
   Vehicle #0 = 5, leaving at = 874.0
   Vehicle #1 = -1, leaving at = inf
   Increment on distance indicator: 6.0
   Increment on tard indicator:     0.0
   Value of tmax indicator:         6.0

Task for patient = 18 with skills = {0,3} and cost = 101.0
   Vehicle #0 = 1, leaving at = 724.0
   Vehicle #1 = 9, leaving at = 751.0
   Increment on distance indicator: 6.0
   Increment on tard indicator:     0.0
   Value of tmax indicator:         6.0

Task for patient = 41 with skills = {0,5} and cost = 103.0
   Vehicle #0 = 1, leaving at = 754.0
   Vehicle #1 = 9, leaving at = 793.0
   Increment on distance indicator: 6.0
   Increment on tard indicator:     0.0
   Value of tmax indicator:         6.0

Task for patient = 8 with skills = {4,-1} and cost = 62.3
   Vehicle #0 = 6, leaving at = 655.0
   Vehicle #1 = -1, leaving at = inf
   Increment on distance indicator: 7.0
   Increment on tard indicator:     0.0
   Value of tmax indicator:         7.0


Unused vehicle list: (total = 0 out of 10)

---
Search finished.
Total of 448 generations in 0.4 seconds.
Exchange elite runs: 0
Implicit path relinking runs: 4
Reset attempts: 1

Best solution found:
   Cost: 275.0
   Total travel time: 809.0
   Total tardiness time: 8.0
   Largest tardiness: 8.0


275.0
