--- BRKGA-MP-IPR for HHCRSP ---
Instance: new-instances/HHCRSP_50_10_17_0.4_R_RC.txt
Seed: 1

Reading data... Problem contains 50 patients  and 10 caregivers.

Summary of supply x demand for each service type:
Skill 0 has supply = 4 and demand = 8, ratio = 0.5
Skill 1 has supply = 4 and demand = 14, ratio = 0.285714
Skill 2 has supply = 3 and demand = 8, ratio = 0.375
Skill 3 has supply = 2 and demand = 3, ratio = 0.666667
Skill 4 has supply = 4 and demand = 17, ratio = 0.235294
Skill 5 has supply = 5 and demand = 16, ratio = 0.3125

Reading parameters...
Inferred distance function by PR type: kendall-tau
Building BRKGA data and initializing...
Evolving 448 generations...

  Gens  Rem    Local   ElDiv NoImpr             Best solution            Time  Op
                                       Cost     Dist    Tard    TMax 
*    0  448  1942.33  251.07      0  1942.33  1238.00  4250.0   339.0     0.0    
*    2  446  1462.67  238.71      0  1462.67  1209.00  2615.0   362.0     0.0    
*    3  445  1395.33  234.76      0  1395.33  1140.00  2004.0   317.0     0.0    
*    4  444  1153.67  195.64      0  1153.67  1140.00  2004.0   317.0     0.0    
*    7  441  1049.33  135.12      0  1049.33  1198.00  1446.0   299.0     0.0    
*    8  440   981.00  105.90      0   981.00  1198.00  1446.0   299.0     0.0    
*   10  438   869.00  105.57      0   869.00  1200.00   896.0   192.0     0.0    
*   11  437   762.67   84.28      0   762.67  1145.00   869.0   248.0     0.0    
*   12  436   754.00   75.92      0   754.00  1191.00   738.0   154.0     0.0    
*   13  435   694.33   68.22      0   694.33  1191.00   738.0   154.0     0.0    
*   15  433   660.00   77.93      0   660.00  1059.00   376.0    89.0     0.0    
*   16  432   508.00   65.95      0   508.00  1059.00   376.0    89.0     0.0    
*   18  430   476.33   53.34      0   476.33  1180.00   157.0    92.0     0.0    
*   22  426   456.67   36.61      0   456.67  1051.00   188.0    52.0     0.0    
*   23  425   430.33   40.67      0   430.33  1126.00    94.0    41.0     0.0    

  Gens  Rem    Local   ElDiv NoImpr             Best solution            Time  Op
                                       Cost     Dist    Tard    TMax 
*   24  424   420.33   38.58      0   420.33  1126.00    94.0    41.0     0.0    
*   26  422   412.33   26.46      0   412.33  1065.00    91.0    37.0     0.0    
*   27  421   397.67   27.90      0   397.67  1022.00    25.0    23.0     0.0    
*   28  420   356.67   26.65      0   356.67  1022.00    25.0    23.0     0.0    
*   32  416   355.00   18.55      0   355.00  1034.00    20.0    11.0     0.0    
*   34  414   342.67   15.27      0   342.67  1024.00     2.0     2.0     0.0    
*   37  411   342.33    9.94      0   342.33  1014.00     7.0     6.0     0.0    
*   40  408   333.00    8.23      0   333.00   992.00     4.0     3.0     0.0    
*   45  403   315.33    8.39      0   315.33   946.00     0.0     0.0     0.1    
    50  398   315.33    6.39      5   315.33   946.00     0.0     0.0     0.1    
*   57  391   312.33    5.97      0   312.33   929.00     6.0     2.0     0.1    
*   75  373   311.33    2.45      0   311.33   934.00     0.0     0.0     0.1    
*   82  366   309.67    1.86      0   309.67   929.00     0.0     0.0     0.1    
*   87  361   308.67    1.13      0   308.67   926.00     0.0     0.0     0.1    
Path relinking result: too homogeneous.
    96  352   308.67    0.76     10   308.67   926.00     0.0     0.0     0.1   P
   100  348   308.67    0.60     13   308.67   926.00     0.0     0.0     0.1    

  Gens  Rem    Local   ElDiv NoImpr             Best solution            Time  Op
                                       Cost     Dist    Tard    TMax 
*  124  324   308.33    0.12      0   308.33   925.00     0.0     0.0     0.1    
*  126  322   307.00    0.27      0   307.00   921.00     0.0     0.0     0.1    
   150  298   307.00    0.00     24   307.00   921.00     0.0     0.0     0.2    
*  157  291   306.33    0.12      0   306.33   919.00     0.0     0.0     0.2    
Path relinking result: too homogeneous.
   192  256   306.33    0.00     36   306.33   919.00     0.0     0.0     0.2   P
   200  248   306.33    0.00     43   306.33   919.00     0.0     0.0     0.2    
*  203  245   306.00    0.08      0   306.00   918.00     0.0     0.0     0.2    
   250  198   306.00    0.00     47   306.00   918.00     0.0     0.0     0.3    
   270  178      inf  330.80      0   306.00   918.00     0.0     0.0     0.3   R
   271  177  1877.33  242.29      0   306.00   918.00     0.0     0.0     0.3    
Path relinking result: too homogeneous.
   288  160   493.67   56.26      0   306.00   918.00     0.0     0.0     0.3   P
   300  148   346.00   14.68      5   306.00   918.00     0.0     0.0     0.3    
*  333  115   303.00    4.44      0   303.00   909.00     0.0     0.0     0.3    
*  345  103   300.67    2.72      0   300.67   887.00     9.0     6.0     0.3    
*  348  100   299.33    1.68      0   299.33   890.00     5.0     3.0     0.4    
   350   98   299.33    1.42      2   299.33   890.00     5.0     3.0     0.4    

  Gens  Rem    Local   ElDiv NoImpr             Best solution            Time  Op
                                       Cost     Dist    Tard    TMax 
*  352   96   298.67    0.81      0   298.67   878.00     5.0     3.0     0.4    
*  353   95   295.33    0.81      0   295.33   878.00     5.0     3.0     0.4    
*  360   88   294.67    0.33      0   294.67   876.00     5.0     3.0     0.4    
*  382   66   294.33    0.06      0   294.33   875.00     5.0     3.0     0.4    
Path relinking result: too homogeneous.
   384   64   294.33    0.07      3   294.33   875.00     5.0     3.0     0.4   P
   400   48   294.33    0.00     18   294.33   875.00     5.0     3.0     0.4    
   448    0   294.33    0.00     66   294.33   875.00     5.0     3.0     0.4    
Evolutionary process finished.
Solution written to 'solution-42706.txt'.

Sorted sequence of worst to best tardiness value:
Task for patient = 48 with skills = {4,-1} and cost = 54.7
   Vehicle #0 = 9, leaving at = 649.0
   Vehicle #1 = -1, leaving at = inf
   Increment on distance indicator: 11.0
   Increment on tard indicator:     3.0
   Value of tmax indicator:         11.0

Task for patient = 7 with skills = {1,4} and cost = 186.3
   Vehicle #0 = 2, leaving at = 881.0
   Vehicle #1 = 9, leaving at = 908.0
   Increment on distance indicator: 19.0
   Increment on tard indicator:     2.0
   Value of tmax indicator:         19.0

Task for patient = 15 with skills = {4,-1} and cost = 140.0
   Vehicle #0 = 8, leaving at = 753.0
   Vehicle #1 = -1, leaving at = inf
   Increment on distance indicator: 16.0
   Increment on tard indicator:     0.0
   Value of tmax indicator:         16.0

Task for patient = 14 with skills = {2,5} and cost = 146.7
   Vehicle #0 = 3, leaving at = 872.0
   Vehicle #1 = 7, leaving at = 889.0
   Increment on distance indicator: 20.0
   Increment on tard indicator:     0.0
   Value of tmax indicator:         20.0

Task for patient = 28 with skills = {5,-1} and cost = 149.3
   Vehicle #0 = 9, leaving at = 850.0
   Vehicle #1 = -1, leaving at = inf
   Increment on distance indicator: 8.0
   Increment on tard indicator:     0.0
   Value of tmax indicator:         8.0

Task for patient = 44 with skills = {1,5} and cost = 154.7
   Vehicle #0 = 1, leaving at = 840.0
   Vehicle #1 = 5, leaving at = 832.0
   Increment on distance indicator: 16.0
   Increment on tard indicator:     0.0
   Value of tmax indicator:         16.0

Task for patient = 45 with skills = {1,-1} and cost = 159.7
   Vehicle #0 = 3, leaving at = 913.0
   Vehicle #1 = -1, leaving at = inf
   Increment on distance indicator: 15.0
   Increment on tard indicator:     0.0
   Value of tmax indicator:         15.0

Task for patient = 4 with skills = {2,-1} and cost = 160.7
   Vehicle #0 = 3, leaving at = 974.0
   Vehicle #1 = -1, leaving at = inf
   Increment on distance indicator: 3.0
   Increment on tard indicator:     0.0
   Value of tmax indicator:         3.0

Task for patient = 31 with skills = {5,-1} and cost = 167.3
   Vehicle #0 = 6, leaving at = 882.0
   Vehicle #1 = -1, leaving at = inf
   Increment on distance indicator: 20.0
   Increment on tard indicator:     0.0
   Value of tmax indicator:         20.0

Task for patient = 19 with skills = {0,-1} and cost = 171.0
   Vehicle #0 = 0, leaving at = 646.0
   Vehicle #1 = -1, leaving at = inf
   Increment on distance indicator: 11.0
   Increment on tard indicator:     0.0
   Value of tmax indicator:         11.0

Task for patient = 13 with skills = {4,-1} and cost = 176.7
   Vehicle #0 = 8, leaving at = 790.0
   Vehicle #1 = -1, leaving at = inf
   Increment on distance indicator: 17.0
   Increment on tard indicator:     0.0
   Value of tmax indicator:         17.0

Task for patient = 21 with skills = {1,-1} and cost = 179.3
   Vehicle #0 = 1, leaving at = 885.0
   Vehicle #1 = -1, leaving at = inf
   Increment on distance indicator: 8.0
   Increment on tard indicator:     0.0
   Value of tmax indicator:         8.0

Task for patient = 22 with skills = {0,4} and cost = 134.7
   Vehicle #0 = 4, leaving at = 834.0
   Vehicle #1 = 6, leaving at = 812.0
   Increment on distance indicator: 36.0
   Increment on tard indicator:     0.0
   Value of tmax indicator:         36.0

Task for patient = 11 with skills = {2,-1} and cost = 191.0
   Vehicle #0 = 3, leaving at = 1020.0
   Vehicle #1 = -1, leaving at = inf
   Increment on distance indicator: 10.0
   Increment on tard indicator:     0.0
   Value of tmax indicator:         10.0

Task for patient = 10 with skills = {4,-1} and cost = 193.0
   Vehicle #0 = 8, leaving at = 957.0
   Vehicle #1 = -1, leaving at = inf
   Increment on distance indicator: 6.0
   Increment on tard indicator:     0.0
   Value of tmax indicator:         6.0

Task for patient = 16 with skills = {4,-1} and cost = 197.3
   Vehicle #0 = 8, leaving at = 1009.0
   Vehicle #1 = -1, leaving at = inf
   Increment on distance indicator: 13.0
   Increment on tard indicator:     0.0
   Value of tmax indicator:         13.0

Task for patient = 29 with skills = {0,3} and cost = 200.7
   Vehicle #0 = 1, leaving at = 937.0
   Vehicle #1 = 5, leaving at = 942.0
   Increment on distance indicator: 10.0
   Increment on tard indicator:     0.0
   Value of tmax indicator:         10.0

Task for patient = 6 with skills = {5,-1} and cost = 204.3
   Vehicle #0 = 9, leaving at = 940.0
   Vehicle #1 = -1, leaving at = inf
   Increment on distance indicator: 11.0
   Increment on tard indicator:     0.0
   Value of tmax indicator:         11.0

Task for patient = 8 with skills = {1,-1} and cost = 212.7
   Vehicle #0 = 4, leaving at = 891.0
   Vehicle #1 = -1, leaving at = inf
   Increment on distance indicator: 25.0
   Increment on tard indicator:     0.0
   Value of tmax indicator:         25.0

Task for patient = 46 with skills = {1,5} and cost = 217.3
   Vehicle #0 = 1, leaving at = 980.0
   Vehicle #1 = 5, leaving at = 987.0
   Increment on distance indicator: 14.0
   Increment on tard indicator:     0.0
   Value of tmax indicator:         14.0

Task for patient = 33 with skills = {0,4} and cost = 223.3
   Vehicle #0 = 2, leaving at = 1015.0
   Vehicle #1 = 9, leaving at = 984.0
   Increment on distance indicator: 18.0
   Increment on tard indicator:     0.0
   Value of tmax indicator:         18.0

Task for patient = 3 with skills = {1,-1} and cost = 228.0
   Vehicle #0 = 4, leaving at = 945.0
   Vehicle #1 = -1, leaving at = inf
   Increment on distance indicator: 14.0
   Increment on tard indicator:     0.0
   Value of tmax indicator:         14.0

Task for patient = 17 with skills = {4,-1} and cost = 232.7
   Vehicle #0 = 6, leaving at = 938.0
   Vehicle #1 = -1, leaving at = inf
   Increment on distance indicator: 14.0
   Increment on tard indicator:     0.0
   Value of tmax indicator:         14.0

Task for patient = 34 with skills = {2,5} and cost = 239.3
   Vehicle #0 = 2, leaving at = 1084.0
   Vehicle #1 = 9, leaving at = 1072.0
   Increment on distance indicator: 20.0
   Increment on tard indicator:     0.0
   Value of tmax indicator:         20.0

Task for patient = 42 with skills = {5,-1} and cost = 187.7
   Vehicle #0 = 8, leaving at = 898.0
   Vehicle #1 = -1, leaving at = inf
   Increment on distance indicator: 4.0
   Increment on tard indicator:     0.0
   Value of tmax indicator:         4.0

Task for patient = 18 with skills = {0,-1} and cost = 8.0
   Vehicle #0 = 0, leaving at = 557.0
   Vehicle #1 = -1, leaving at = inf
   Increment on distance indicator: 24.0
   Increment on tard indicator:     0.0
   Value of tmax indicator:         24.0

Task for patient = 30 with skills = {0,-1} and cost = 9.0
   Vehicle #0 = 0, leaving at = 611.0
   Vehicle #1 = -1, leaving at = inf
   Increment on distance indicator: 3.0
   Increment on tard indicator:     0.0
   Value of tmax indicator:         3.0

Task for patient = 35 with skills = {4,-1} and cost = 15.0
   Vehicle #0 = 5, leaving at = 566.0
   Vehicle #1 = -1, leaving at = inf
   Increment on distance indicator: 18.0
   Increment on tard indicator:     0.0
   Value of tmax indicator:         18.0

Task for patient = 12 with skills = {4,-1} and cost = 17.7
   Vehicle #0 = 5, leaving at = 591.0
   Vehicle #1 = -1, leaving at = inf
   Increment on distance indicator: 8.0
   Increment on tard indicator:     0.0
   Value of tmax indicator:         8.0

Task for patient = 37 with skills = {1,3} and cost = 29.7
   Vehicle #0 = 1, leaving at = 567.0
   Vehicle #1 = 9, leaving at = 569.0
   Increment on distance indicator: 36.0
   Increment on tard indicator:     0.0
   Value of tmax indicator:         36.0

Task for patient = 5 with skills = {1,5} and cost = 40.3
   Vehicle #0 = 1, leaving at = 614.0
   Vehicle #1 = 9, leaving at = 620.0
   Increment on distance indicator: 32.0
   Increment on tard indicator:     0.0
   Value of tmax indicator:         32.0

Task for patient = 47 with skills = {2,3} and cost = 49.0
   Vehicle #0 = 2, leaving at = 651.0
   Vehicle #1 = 5, leaving at = 687.0
   Increment on distance indicator: 26.0
   Increment on tard indicator:     0.0
   Value of tmax indicator:         26.0

Task for patient = 50 with skills = {0,4} and cost = 71.3
   Vehicle #0 = 4, leaving at = 534.0
   Vehicle #1 = 6, leaving at = 542.0
   Increment on distance indicator: 50.0
   Increment on tard indicator:     0.0
   Value of tmax indicator:         50.0

Task for patient = 9 with skills = {5,-1} and cost = 75.0
   Vehicle #0 = 7, leaving at = 523.0
   Vehicle #1 = -1, leaving at = inf
   Increment on distance indicator: 11.0
   Increment on tard indicator:     0.0
   Value of tmax indicator:         11.0

Task for patient = 1 with skills = {5,-1} and cost = 78.0
   Vehicle #0 = 7, leaving at = 602.0
   Vehicle #1 = -1, leaving at = inf
   Increment on distance indicator: 9.0
   Increment on tard indicator:     0.0
   Value of tmax indicator:         9.0

Task for patient = 41 with skills = {4,-1} and cost = 80.3
   Vehicle #0 = 5, leaving at = 717.0
   Vehicle #1 = -1, leaving at = inf
   Increment on distance indicator: 7.0
   Increment on tard indicator:     0.0
   Value of tmax indicator:         7.0

Task for patient = 38 with skills = {1,4} and cost = 122.7
   Vehicle #0 = 3, leaving at = 820.0
   Vehicle #1 = 5, leaving at = 797.0
   Increment on distance indicator: 14.0
   Increment on tard indicator:     0.0
   Value of tmax indicator:         14.0

Task for patient = 26 with skills = {2,5} and cost = 92.3
   Vehicle #0 = 2, leaving at = 715.0
   Vehicle #1 = 9, leaving at = 711.0
   Increment on distance indicator: 21.0
   Increment on tard indicator:     0.0
   Value of tmax indicator:         21.0

Task for patient = 39 with skills = {5,-1} and cost = 93.7
   Vehicle #0 = 8, leaving at = 627.0
   Vehicle #1 = -1, leaving at = inf
   Increment on distance indicator: 4.0
   Increment on tard indicator:     0.0
   Value of tmax indicator:         4.0

Task for patient = 27 with skills = {5,-1} and cost = 95.7
   Vehicle #0 = 6, leaving at = 595.0
   Vehicle #1 = -1, leaving at = inf
   Increment on distance indicator: 6.0
   Increment on tard indicator:     0.0
   Value of tmax indicator:         6.0

Task for patient = 49 with skills = {5,-1} and cost = 98.3
   Vehicle #0 = 9, leaving at = 778.0
   Vehicle #1 = -1, leaving at = inf
   Increment on distance indicator: 8.0
   Increment on tard indicator:     0.0
   Value of tmax indicator:         8.0

Task for patient = 32 with skills = {2,-1} and cost = 101.0
   Vehicle #0 = 2, leaving at = 750.0
   Vehicle #1 = -1, leaving at = inf
   Increment on distance indicator: 8.0
   Increment on tard indicator:     0.0
   Value of tmax indicator:         8.0

Task for patient = 40 with skills = {4,-1} and cost = 103.3
   Vehicle #0 = 8, leaving at = 679.0
   Vehicle #1 = -1, leaving at = inf
   Increment on distance indicator: 7.0
   Increment on tard indicator:     0.0
   Value of tmax indicator:         7.0

Task for patient = 25 with skills = {2,-1} and cost = 105.0
   Vehicle #0 = 3, leaving at = 614.0
   Vehicle #1 = -1, leaving at = inf
   Increment on distance indicator: 5.0
   Increment on tard indicator:     0.0
   Value of tmax indicator:         5.0

Task for patient = 2 with skills = {1,-1} and cost = 107.3
   Vehicle #0 = 4, leaving at = 564.0
   Vehicle #1 = -1, leaving at = inf
   Increment on distance indicator: 7.0
   Increment on tard indicator:     0.0
   Value of tmax indicator:         7.0

Task for patient = 20 with skills = {0,4} and cost = 112.0
   Vehicle #0 = 4, leaving at = 755.0
   Vehicle #1 = 6, leaving at = 773.0
   Increment on distance indicator: 14.0
   Increment on tard indicator:     0.0
   Value of tmax indicator:         14.0

Task for patient = 36 with skills = {1,5} and cost = 116.3
   Vehicle #0 = 3, leaving at = 758.0
   Vehicle #1 = 7, leaving at = 782.0
   Increment on distance indicator: 13.0
   Increment on tard indicator:     0.0
   Value of tmax indicator:         13.0

Task for patient = 43 with skills = {1,-1} and cost = 118.0
   Vehicle #0 = 2, leaving at = 800.0
   Vehicle #1 = -1, leaving at = inf
   Increment on distance indicator: 5.0
   Increment on tard indicator:     0.0
   Value of tmax indicator:         5.0

Task for patient = 23 with skills = {4,-1} and cost = 240.7
   Vehicle #0 = 6, leaving at = 991.0
   Vehicle #1 = -1, leaving at = inf
   Increment on distance indicator: 4.0
   Increment on tard indicator:     0.0
   Value of tmax indicator:         4.0

Task for patient = 24 with skills = {1,-1} and cost = 85.3
   Vehicle #0 = 3, leaving at = 552.0
   Vehicle #1 = -1, leaving at = inf
   Increment on distance indicator: 15.0
   Increment on tard indicator:     0.0
   Value of tmax indicator:         15.0


Unused vehicle list: (total = 0 out of 10)

---
Search finished.
Total of 448 generations in 0.4 seconds.
Exchange elite runs: 0
Implicit path relinking runs: 4
Reset attempts: 1

Best solution found:
   Cost: 294.3
   Total travel time: 875.0
   Total tardiness time: 5.0
   Largest tardiness: 3.0


294.3
