--- BRKGA-MP-IPR for HHCRSP ---
Instance: new-instances/HHCRSP_50_10_19_1.0_C_RC.txt
Seed: 1

Reading data... Problem contains 50 patients  and 10 caregivers.

Summary of supply x demand for each service type:
Skill 0 has supply = 5 and demand = 5, ratio = 1
Skill 1 has supply = 5 and demand = 19, ratio = 0.263158
Skill 2 has supply = 3 and demand = 11, ratio = 0.272727
Skill 3 has supply = 4 and demand = 7, ratio = 0.571429
Skill 4 has supply = 3 and demand = 4, ratio = 0.75
Skill 5 has supply = 3 and demand = 20, ratio = 0.15

Reading parameters...
Inferred distance function by PR type: kendall-tau
Building BRKGA data and initializing...
Evolving 448 generations...

  Gens  Rem    Local   ElDiv NoImpr             Best solution            Time  Op
                                       Cost     Dist    Tard    TMax 
*    0  448  2253.00  260.55      0  2253.00  1344.00  4932.0   483.0     0.0    
*    2  446  1814.00  266.68      0  1814.00  1321.00  3348.0   356.0     0.0    
*    3  445  1675.00  194.86      0  1675.00  1299.00  3251.0   391.0     0.0    
*    4  444  1647.00  149.87      0  1647.00  1299.00  3251.0   391.0     0.0    
*    6  442  1228.67  203.10      0  1228.67  1303.00  1904.0   198.0     0.0    
*    7  441  1135.00  178.01      0  1135.00  1230.00  1644.0   288.0     0.0    
*    8  440  1054.00  144.55      0  1054.00  1223.00  1601.0   201.0     0.0    
*    9  439  1008.33  113.95      0  1008.33  1228.00  1213.0   268.0     0.0    
*   10  438   903.00  150.74      0   903.00  1218.00   654.0   137.0     0.0    
*   11  437   669.67  127.08      0   669.67  1218.00   654.0   137.0     0.0    
*   13  435   647.67   99.05      0   647.67  1142.00   479.0   164.0     0.0    
*   14  434   595.00   74.84      0   595.00  1317.00   281.0   166.0     0.0    
*   15  433   588.00   68.54      0   588.00  1196.00   169.0    67.0     0.0    
*   16  432   477.33   57.08      0   477.33  1196.00   169.0    67.0     0.0    
*   19  429   476.00   52.49      0   476.00  1152.00   176.0   100.0     0.0    

  Gens  Rem    Local   ElDiv NoImpr             Best solution            Time  Op
                                       Cost     Dist    Tard    TMax 
*   21  427   468.00   38.88      0   468.00  1189.00   166.0    49.0     0.0    
*   24  424   440.00   27.78      0   440.00  1123.00    90.0    37.0     0.0    
*   25  423   416.67   23.04      0   416.67  1123.00    90.0    37.0     0.0    
*   27  421   391.33   22.16      0   391.33  1123.00    37.0    14.0     0.0    
*   32  416   382.33   18.26      0   382.33  1135.00     6.0     6.0     0.0    
*   35  413   371.67   17.56      0   371.67  1103.00     6.0     6.0     0.0    
*   39  409   362.33   11.28      0   362.33  1039.00    30.0    18.0     0.0    
*   44  404   347.67   10.26      0   347.67  1015.00    21.0     7.0     0.0    
*   46  402   336.67   10.25      0   336.67   998.00     6.0     6.0     0.0    
    50  398   336.67    7.03      4   336.67   998.00     6.0     6.0     0.1    
*   54  394   331.33    4.90      0   331.33   992.00     0.0     0.0     0.1    
*   55  393   330.67    4.89      0   330.67   986.00     0.0     0.0     0.1    
*   56  392   328.67    4.61      0   328.67   986.00     0.0     0.0     0.1    
*   58  390   327.67    3.69      0   327.67   983.00     0.0     0.0     0.1    
*   60  388   324.00    3.60      0   324.00   963.00     3.0     3.0     0.1    
*   61  387   323.00    3.50      0   323.00   963.00     3.0     3.0     0.1    

  Gens  Rem    Local   ElDiv NoImpr             Best solution            Time  Op
                                       Cost     Dist    Tard    TMax 
*   64  384   322.33    3.29      0   322.33   959.00     0.0     0.0     0.1    
*   65  383   319.67    3.52      0   319.67   947.00     3.0     3.0     0.1    
*   66  382   317.67    3.49      0   317.67   944.00     0.0     0.0     0.1    
*   67  381   314.67    2.91      0   314.67   944.00     0.0     0.0     0.1    
*   71  377   313.33    1.55      0   313.33   940.00     0.0     0.0     0.1    
*   73  375   312.67    1.14      0   312.67   937.00     0.0     0.0     0.1    
*   74  374   312.33    0.99      0   312.33   936.00     0.0     0.0     0.1    
*   75  373   312.00    0.87      0   312.00   936.00     0.0     0.0     0.1    
*   77  371   311.33    0.55      0   311.33   934.00     0.0     0.0     0.1    
Path relinking result: too homogeneous.
    96  352   311.33    0.00     20   311.33   934.00     0.0     0.0     0.1   P
   100  348   311.33    0.00     23   311.33   934.00     0.0     0.0     0.1    
*  110  338   310.33    0.12      0   310.33   931.00     0.0     0.0     0.1    
*  144  304   306.00    0.75      0   306.00   918.00     0.0     0.0     0.1    
   150  298   306.00    0.91      6   306.00   918.00     0.0     0.0     0.2    
*  166  282   302.33    0.63      0   302.33   907.00     0.0     0.0     0.2    
*  181  267   301.00    0.23      0   301.00   903.00     0.0     0.0     0.2    
Path relinking result: too homogeneous.

  Gens  Rem    Local   ElDiv NoImpr             Best solution            Time  Op
                                       Cost     Dist    Tard    TMax 
   192  256   301.00    0.00     12   301.00   903.00     0.0     0.0     0.2   P
*  199  249   300.33    0.08      0   300.33   901.00     0.0     0.0     0.2    
   200  248   300.33    0.08      1   300.33   901.00     0.0     0.0     0.2    
*  233  215   298.67    0.40      0   298.67   896.00     0.0     0.0     0.2    
   250  198   298.67    0.00     17   298.67   896.00     0.0     0.0     0.3    
Path relinking result: too homogeneous.
   288  160   298.67    0.00     56   298.67   896.00     0.0     0.0     0.3   P
   300  148   298.67    0.00     67   298.67   896.00     0.0     0.0     0.3    
   300  148      inf  338.15      0   298.67   896.00     0.0     0.0     0.3   R
   301  147  2260.00  274.53      0   298.67   896.00     0.0     0.0     0.3    
   350   98   337.33    5.95      0   298.67   896.00     0.0     0.0     0.4    
Path relinking result: too homogeneous.
   384   64   323.33    0.00     13   298.67   896.00     0.0     0.0     0.4   P
   400   48   319.33    0.00     12   298.67   896.00     0.0     0.0     0.4    
   448    0   309.67    0.54      1   298.67   896.00     0.0     0.0     0.5    
Evolutionary process finished.
Solution written to 'solution-43270.txt'.

Sorted sequence of worst to best tardiness value:
Task for patient = 11 with skills = {2,4} and cost = 229.3
   Vehicle #0 = 2, leaving at = 1093.0
   Vehicle #1 = 6, leaving at = 1093.0
   Increment on distance indicator: 7.0
   Increment on tard indicator:     8.0
   Value of tmax indicator:         7.0

Task for patient = 22 with skills = {1,-1} and cost = 141.0
   Vehicle #0 = 4, leaving at = 820.0
   Vehicle #1 = -1, leaving at = inf
   Increment on distance indicator: 6.0
   Increment on tard indicator:     0.0
   Value of tmax indicator:         6.0

Task for patient = 38 with skills = {2,5} and cost = 144.3
   Vehicle #0 = 2, leaving at = 812.0
   Vehicle #1 = 6, leaving at = 816.0
   Increment on distance indicator: 10.0
   Increment on tard indicator:     0.0
   Value of tmax indicator:         10.0

Task for patient = 39 with skills = {2,-1} and cost = 150.0
   Vehicle #0 = 1, leaving at = 776.0
   Vehicle #1 = -1, leaving at = inf
   Increment on distance indicator: 17.0
   Increment on tard indicator:     0.0
   Value of tmax indicator:         17.0

Task for patient = 20 with skills = {2,5} and cost = 154.7
   Vehicle #0 = 2, leaving at = 841.0
   Vehicle #1 = 6, leaving at = 894.0
   Increment on distance indicator: 14.0
   Increment on tard indicator:     0.0
   Value of tmax indicator:         14.0

Task for patient = 28 with skills = {1,-1} and cost = 157.7
   Vehicle #0 = 1, leaving at = 832.0
   Vehicle #1 = -1, leaving at = inf
   Increment on distance indicator: 9.0
   Increment on tard indicator:     0.0
   Value of tmax indicator:         9.0

Task for patient = 29 with skills = {2,-1} and cost = 162.3
   Vehicle #0 = 0, leaving at = 835.0
   Vehicle #1 = -1, leaving at = inf
   Increment on distance indicator: 14.0
   Increment on tard indicator:     0.0
   Value of tmax indicator:         14.0

Task for patient = 5 with skills = {1,-1} and cost = 165.0
   Vehicle #0 = 3, leaving at = 794.0
   Vehicle #1 = -1, leaving at = inf
   Increment on distance indicator: 8.0
   Increment on tard indicator:     0.0
   Value of tmax indicator:         8.0

Task for patient = 16 with skills = {1,5} and cost = 166.3
   Vehicle #0 = 2, leaving at = 956.0
   Vehicle #1 = 6, leaving at = 946.0
   Increment on distance indicator: 4.0
   Increment on tard indicator:     0.0
   Value of tmax indicator:         4.0

Task for patient = 45 with skills = {1,5} and cost = 174.3
   Vehicle #0 = 1, leaving at = 889.0
   Vehicle #1 = 8, leaving at = 894.0
   Increment on distance indicator: 24.0
   Increment on tard indicator:     0.0
   Value of tmax indicator:         24.0

Task for patient = 14 with skills = {5,-1} and cost = 180.3
   Vehicle #0 = 9, leaving at = 894.0
   Vehicle #1 = -1, leaving at = inf
   Increment on distance indicator: 18.0
   Increment on tard indicator:     0.0
   Value of tmax indicator:         18.0

Task for patient = 18 with skills = {0,3} and cost = 186.3
   Vehicle #0 = 4, leaving at = 855.0
   Vehicle #1 = 5, leaving at = 876.0
   Increment on distance indicator: 18.0
   Increment on tard indicator:     0.0
   Value of tmax indicator:         18.0

Task for patient = 36 with skills = {1,-1} and cost = 249.3
   Vehicle #0 = 4, leaving at = 1056.0
   Vehicle #1 = -1, leaving at = inf
   Increment on distance indicator: 14.0
   Increment on tard indicator:     0.0
   Value of tmax indicator:         14.0

Task for patient = 2 with skills = {1,-1} and cost = 195.7
   Vehicle #0 = 3, leaving at = 821.0
   Vehicle #1 = -1, leaving at = inf
   Increment on distance indicator: 10.0
   Increment on tard indicator:     0.0
   Value of tmax indicator:         10.0

Task for patient = 47 with skills = {1,-1} and cost = 199.7
   Vehicle #0 = 3, leaving at = 890.0
   Vehicle #1 = -1, leaving at = inf
   Increment on distance indicator: 12.0
   Increment on tard indicator:     0.0
   Value of tmax indicator:         12.0

Task for patient = 9 with skills = {1,-1} and cost = 202.3
   Vehicle #0 = 1, leaving at = 928.0
   Vehicle #1 = -1, leaving at = inf
   Increment on distance indicator: 8.0
   Increment on tard indicator:     0.0
   Value of tmax indicator:         8.0

Task for patient = 50 with skills = {0,-1} and cost = 205.3
   Vehicle #0 = 0, leaving at = 938.0
   Vehicle #1 = -1, leaving at = inf
   Increment on distance indicator: 9.0
   Increment on tard indicator:     0.0
   Value of tmax indicator:         9.0

Task for patient = 48 with skills = {1,-1} and cost = 211.7
   Vehicle #0 = 0, leaving at = 1013.0
   Vehicle #1 = -1, leaving at = inf
   Increment on distance indicator: 19.0
   Increment on tard indicator:     0.0
   Value of tmax indicator:         19.0

Task for patient = 30 with skills = {5,-1} and cost = 215.3
   Vehicle #0 = 9, leaving at = 1007.0
   Vehicle #1 = -1, leaving at = inf
   Increment on distance indicator: 11.0
   Increment on tard indicator:     0.0
   Value of tmax indicator:         11.0

Task for patient = 19 with skills = {0,5} and cost = 218.7
   Vehicle #0 = 4, leaving at = 1003.0
   Vehicle #1 = 6, leaving at = 1002.0
   Increment on distance indicator: 10.0
   Increment on tard indicator:     0.0
   Value of tmax indicator:         10.0

Task for patient = 43 with skills = {3,-1} and cost = 221.7
   Vehicle #0 = 5, leaving at = 942.0
   Vehicle #1 = -1, leaving at = inf
   Increment on distance indicator: 9.0
   Increment on tard indicator:     0.0
   Value of tmax indicator:         9.0

Task for patient = 27 with skills = {5,-1} and cost = 223.0
   Vehicle #0 = 6, leaving at = 1035.0
   Vehicle #1 = -1, leaving at = inf
   Increment on distance indicator: 4.0
   Increment on tard indicator:     0.0
   Value of tmax indicator:         4.0

Task for patient = 8 with skills = {1,3} and cost = 238.3
   Vehicle #0 = 1, leaving at = 965.0
   Vehicle #1 = 8, leaving at = 974.0
   Increment on distance indicator: 27.0
   Increment on tard indicator:     0.0
   Value of tmax indicator:         27.0

Task for patient = 15 with skills = {2,-1} and cost = 244.7
   Vehicle #0 = 1, leaving at = 1038.0
   Vehicle #1 = -1, leaving at = inf
   Increment on distance indicator: 19.0
   Increment on tard indicator:     0.0
   Value of tmax indicator:         19.0

Task for patient = 35 with skills = {3,-1} and cost = 192.3
   Vehicle #0 = 9, leaving at = 971.0
   Vehicle #1 = -1, leaving at = inf
   Increment on distance indicator: 18.0
   Increment on tard indicator:     0.0
   Value of tmax indicator:         18.0

Task for patient = 23 with skills = {2,4} and cost = 12.0
   Vehicle #0 = 0, leaving at = 542.0
   Vehicle #1 = 6, leaving at = 557.0
   Increment on distance indicator: 36.0
   Increment on tard indicator:     0.0
   Value of tmax indicator:         36.0

Task for patient = 33 with skills = {1,5} and cost = 24.7
   Vehicle #0 = 1, leaving at = 544.0
   Vehicle #1 = 8, leaving at = 567.0
   Increment on distance indicator: 38.0
   Increment on tard indicator:     0.0
   Value of tmax indicator:         38.0

Task for patient = 32 with skills = {2,-1} and cost = 29.0
   Vehicle #0 = 2, leaving at = 642.0
   Vehicle #1 = -1, leaving at = inf
   Increment on distance indicator: 13.0
   Increment on tard indicator:     0.0
   Value of tmax indicator:         13.0

Task for patient = 7 with skills = {4,-1} and cost = 36.0
   Vehicle #0 = 8, leaving at = 626.0
   Vehicle #1 = -1, leaving at = inf
   Increment on distance indicator: 21.0
   Increment on tard indicator:     0.0
   Value of tmax indicator:         21.0

Task for patient = 34 with skills = {1,5} and cost = 44.0
   Vehicle #0 = 3, leaving at = 540.0
   Vehicle #1 = 9, leaving at = 528.0
   Increment on distance indicator: 24.0
   Increment on tard indicator:     0.0
   Value of tmax indicator:         24.0

Task for patient = 42 with skills = {1,-1} and cost = 50.0
   Vehicle #0 = 4, leaving at = 582.0
   Vehicle #1 = -1, leaving at = inf
   Increment on distance indicator: 18.0
   Increment on tard indicator:     0.0
   Value of tmax indicator:         18.0

Task for patient = 44 with skills = {1,-1} and cost = 52.3
   Vehicle #0 = 0, leaving at = 596.0
   Vehicle #1 = -1, leaving at = inf
   Increment on distance indicator: 7.0
   Increment on tard indicator:     0.0
   Value of tmax indicator:         7.0

Task for patient = 25 with skills = {5,-1} and cost = 57.7
   Vehicle #0 = 6, leaving at = 591.0
   Vehicle #1 = -1, leaving at = inf
   Increment on distance indicator: 16.0
   Increment on tard indicator:     0.0
   Value of tmax indicator:         16.0

Task for patient = 17 with skills = {0,-1} and cost = 60.0
   Vehicle #0 = 0, leaving at = 653.0
   Vehicle #1 = -1, leaving at = inf
   Increment on distance indicator: 7.0
   Increment on tard indicator:     0.0
   Value of tmax indicator:         7.0

Task for patient = 13 with skills = {2,3} and cost = 71.0
   Vehicle #0 = 0, leaving at = 701.0
   Vehicle #1 = 9, leaving at = 719.0
   Increment on distance indicator: 33.0
   Increment on tard indicator:     0.0
   Value of tmax indicator:         33.0

Task for patient = 37 with skills = {3,-1} and cost = 76.3
   Vehicle #0 = 5, leaving at = 543.0
   Vehicle #1 = -1, leaving at = inf
   Increment on distance indicator: 16.0
   Increment on tard indicator:     0.0
   Value of tmax indicator:         16.0

Task for patient = 12 with skills = {1,-1} and cost = 139.0
   Vehicle #0 = 3, leaving at = 626.0
   Vehicle #1 = -1, leaving at = inf
   Increment on distance indicator: 21.0
   Increment on tard indicator:     0.0
   Value of tmax indicator:         21.0

Task for patient = 41 with skills = {1,5} and cost = 89.3
   Vehicle #0 = 1, leaving at = 656.0
   Vehicle #1 = 6, leaving at = 650.0
   Increment on distance indicator: 8.0
   Increment on tard indicator:     0.0
   Value of tmax indicator:         8.0

Task for patient = 26 with skills = {5,-1} and cost = 90.7
   Vehicle #0 = 8, leaving at = 655.0
   Vehicle #1 = -1, leaving at = inf
   Increment on distance indicator: 4.0
   Increment on tard indicator:     0.0
   Value of tmax indicator:         4.0

Task for patient = 31 with skills = {1,-1} and cost = 91.3
   Vehicle #0 = 3, leaving at = 561.0
   Vehicle #1 = -1, leaving at = inf
   Increment on distance indicator: 2.0
   Increment on tard indicator:     0.0
   Value of tmax indicator:         2.0

Task for patient = 46 with skills = {2,5} and cost = 102.7
   Vehicle #0 = 1, leaving at = 709.0
   Vehicle #1 = 8, leaving at = 739.0
   Increment on distance indicator: 34.0
   Increment on tard indicator:     0.0
   Value of tmax indicator:         34.0

Task for patient = 3 with skills = {5,-1} and cost = 110.3
   Vehicle #0 = 9, leaving at = 769.0
   Vehicle #1 = -1, leaving at = inf
   Increment on distance indicator: 23.0
   Increment on tard indicator:     0.0
   Value of tmax indicator:         23.0

Task for patient = 4 with skills = {5,-1} and cost = 112.7
   Vehicle #0 = 8, leaving at = 770.0
   Vehicle #1 = -1, leaving at = inf
   Increment on distance indicator: 7.0
   Increment on tard indicator:     0.0
   Value of tmax indicator:         7.0

Task for patient = 24 with skills = {0,5} and cost = 121.7
   Vehicle #0 = 2, leaving at = 716.0
   Vehicle #1 = 6, leaving at = 687.0
   Increment on distance indicator: 27.0
   Increment on tard indicator:     0.0
   Value of tmax indicator:         27.0

Task for patient = 10 with skills = {2,-1} and cost = 123.3
   Vehicle #0 = 2, leaving at = 764.0
   Vehicle #1 = -1, leaving at = inf
   Increment on distance indicator: 5.0
   Increment on tard indicator:     0.0
   Value of tmax indicator:         5.0

Task for patient = 40 with skills = {4,-1} and cost = 128.7
   Vehicle #0 = 9, leaving at = 836.0
   Vehicle #1 = -1, leaving at = inf
   Increment on distance indicator: 16.0
   Increment on tard indicator:     0.0
   Value of tmax indicator:         16.0

Task for patient = 6 with skills = {5,-1} and cost = 129.0
   Vehicle #0 = 6, leaving at = 730.0
   Vehicle #1 = -1, leaving at = inf
   Increment on distance indicator: 1.0
   Increment on tard indicator:     0.0
   Value of tmax indicator:         1.0

Task for patient = 1 with skills = {3,-1} and cost = 131.0
   Vehicle #0 = 7, leaving at = 740.0
   Vehicle #1 = -1, leaving at = inf
   Increment on distance indicator: 6.0
   Increment on tard indicator:     0.0
   Value of tmax indicator:         6.0

Task for patient = 49 with skills = {5,-1} and cost = 132.0
   Vehicle #0 = 6, leaving at = 754.0
   Vehicle #1 = -1, leaving at = inf
   Increment on distance indicator: 3.0
   Increment on tard indicator:     0.0
   Value of tmax indicator:         3.0

Task for patient = 21 with skills = {1,5} and cost = 86.7
   Vehicle #0 = 1, leaving at = 629.0
   Vehicle #1 = 6, leaving at = 629.0
   Increment on distance indicator: 31.0
   Increment on tard indicator:     0.0
   Value of tmax indicator:         31.0


Unused vehicle list: (total = 0 out of 10)

---
Search finished.
Total of 448 generations in 0.5 seconds.
Exchange elite runs: 0
Implicit path relinking runs: 4
Reset attempts: 1

Best solution found:
   Cost: 298.7
   Total travel time: 896.0
   Total tardiness time: 0.0
   Largest tardiness: 0.0


298.7
