--- BRKGA-MP-IPR for HHCRSP ---
Instance: new-instances/HHCRSP_50_10_34_0.8_R_RC.txt
Seed: 1

Reading data... Problem contains 50 patients  and 10 caregivers.

Summary of supply x demand for each service type:
Skill 0 has supply = 3 and demand = 8, ratio = 0.375
Skill 1 has supply = 2 and demand = 14, ratio = 0.142857
Skill 2 has supply = 3 and demand = 7, ratio = 0.428571
Skill 3 has supply = 4 and demand = 10, ratio = 0.4
Skill 4 has supply = 4 and demand = 11, ratio = 0.363636
Skill 5 has supply = 4 and demand = 16, ratio = 0.25

Reading parameters...
Inferred distance function by PR type: kendall-tau
Building BRKGA data and initializing...
Evolving 448 generations...

  Gens  Rem    Local   ElDiv NoImpr             Best solution            Time  Op
                                       Cost     Dist    Tard    TMax 
*    0  448  2111.33  313.22      0  2111.33  1515.00  4441.0   378.0     0.0    
*    2  446  1942.67  205.28      0  1942.67  1476.00  3908.0   444.0     0.0    
*    4  444  1298.33  189.95      0  1298.33  1363.00  2261.0   271.0     0.0    
*    6  442  1264.67  205.15      0  1264.67  1430.00  2109.0   200.0     0.0    
*    7  441  1246.33  169.67      0  1246.33  1410.00  1746.0   268.0     0.0    
*    8  440  1141.33  132.89      0  1141.33  1360.00  1722.0   244.0     0.0    
*    9  439  1108.67  130.95      0  1108.67  1356.00  1578.0   151.0     0.0    
*   10  438  1028.33  114.07      0  1028.33  1347.00  1210.0   257.0     0.0    
*   11  437   938.00  106.08      0   938.00  1266.00  1074.0   128.0     0.0    
*   12  436   822.67  120.96      0   822.67  1302.00   586.0   218.0     0.0    
*   13  435   702.00  108.44      0   702.00  1302.00   586.0   218.0     0.0    
*   18  430   672.00   59.81      0   672.00  1364.00   350.0   104.0     0.0    
*   19  429   606.00   64.77      0   606.00  1299.00   387.0   125.0     0.0    
*   20  428   603.67   63.54      0   603.67  1355.00   295.0    78.0     0.0    
*   21  427   576.00   52.16      0   576.00  1355.00   295.0    78.0     0.0    

  Gens  Rem    Local   ElDiv NoImpr             Best solution            Time  Op
                                       Cost     Dist    Tard    TMax 
*   25  423   545.67   41.83      0   545.67  1321.00   124.0    35.0     0.0    
*   26  422   493.33   40.14      0   493.33  1321.00   124.0    35.0     0.0    
*   31  417   433.33   31.81      0   433.33  1170.00   101.0    29.0     0.0    
*   38  410   430.33   21.09      0   430.33  1193.00    68.0    30.0     0.1    
*   42  406   413.00   19.37      0   413.00  1239.00     0.0     0.0     0.1    
*   48  400   412.67   15.22      0   412.67  1185.00    35.0    18.0     0.1    
    50  398   412.67   14.74      2   412.67  1185.00    35.0    18.0     0.1    
*   51  397   406.33   13.90      0   406.33  1209.00     6.0     4.0     0.1    
*   61  387   405.33    6.67      0   405.33  1190.00    13.0    13.0     0.1    
*   68  380   402.67    4.10      0   402.67  1196.00     6.0     6.0     0.1    
*   72  376   394.00    4.50      0   394.00  1152.00    18.0    12.0     0.1    
*   74  374   392.67    4.83      0   392.67  1154.00    12.0    12.0     0.1    
*   77  371   389.67    4.99      0   389.67  1145.00    12.0    12.0     0.1    
*   84  364   388.33    3.32      0   388.33  1136.00    12.0    12.0     0.1    
*   85  363   386.67    1.89      0   386.67  1136.00    12.0    12.0     0.1    
*   88  360   382.33    1.30      0   382.33  1123.00    12.0    12.0     0.1    

  Gens  Rem    Local   ElDiv NoImpr             Best solution            Time  Op
                                       Cost     Dist    Tard    TMax 
*   90  358   380.00    1.90      0   380.00  1114.00    12.0    12.0     0.1    
*   91  357   379.33    2.45      0   379.33  1114.00    12.0    12.0     0.1    
*   96  352   378.00    0.54      0   378.00  1110.00    12.0    12.0     0.1    
Path relinking result: too homogeneous.
    96  352   378.00    0.54      1   378.00  1110.00    12.0    12.0     0.1   P
*  100  348   377.67    0.07      0   377.67  1109.00    12.0    12.0     0.1    
*  110  338   373.33    0.53      0   373.33  1096.00    12.0    12.0     0.1    
*  138  310   372.33    0.12      0   372.33  1093.00    12.0    12.0     0.2    
   150  298   372.33    0.00     12   372.33  1093.00    12.0    12.0     0.2    
*  161  287   369.67    0.46      0   369.67  1077.00    20.0    12.0     0.2    
Path relinking result: too homogeneous.
   192  256   369.67    0.00     32   369.67  1077.00    20.0    12.0     0.2   P
   200  248   369.67    0.00     39   369.67  1077.00    20.0    12.0     0.2    
   228  220      inf  402.83      0   369.67  1077.00    20.0    12.0     0.3   R
   229  219  1913.67  321.43      0   369.67  1077.00    20.0    12.0     0.3    
   250  198   550.33   56.92      3   369.67  1077.00    20.0    12.0     0.3    
Path relinking result: too homogeneous.
   288  160   382.00   10.71      1   369.67  1077.00    20.0    12.0     0.3   P
   300  148   369.67    3.00      4   369.67  1077.00    20.0    12.0     0.3    

  Gens  Rem    Local   ElDiv NoImpr             Best solution            Time  Op
                                       Cost     Dist    Tard    TMax 
*  301  147   363.67    3.03      0   363.67  1085.00     3.0     3.0     0.3    
*  305  143   357.67    3.43      0   357.67  1048.00    16.0     9.0     0.3    
*  311  137   353.33    3.76      0   353.33  1060.00     0.0     0.0     0.3    
*  314  134   352.67    2.85      0   352.67  1052.00     3.0     3.0     0.3    
*  317  131   350.33    1.82      0   350.33  1045.00     3.0     3.0     0.3    
*  321  127   350.00    0.12      0   350.00  1050.00     0.0     0.0     0.3    
*  327  121   349.33    0.12      0   349.33  1048.00     0.0     0.0     0.4    
*  338  110   347.33    0.52      0   347.33  1042.00     0.0     0.0     0.4    
   350   98   347.33    0.00     12   347.33  1042.00     0.0     0.0     0.4    
Path relinking result: too homogeneous.
   384   64   347.33    0.00     47   347.33  1042.00     0.0     0.0     0.4   P
   400   48   347.33    0.00     62   347.33  1042.00     0.0     0.0     0.4    
   405   43      inf  365.41      0   347.33  1042.00     0.0     0.0     0.4   R
   406   42  1266.67  332.89      0   347.33  1042.00     0.0     0.0     0.4    
   448    0   391.67   13.20      0   347.33  1042.00     0.0     0.0     0.5    
Evolutionary process finished.
Solution written to 'solution-47492.txt'.

Sorted sequence of worst to best tardiness value:
Task for patient = 34 with skills = {1,5} and cost = 292.0
   Vehicle #0 = 0, leaving at = 1070.0
   Vehicle #1 = 5, leaving at = 1115.0
   Increment on distance indicator: 16.0
   Increment on tard indicator:     10.0
   Value of tmax indicator:         16.0

Task for patient = 30 with skills = {1,5} and cost = 116.3
   Vehicle #0 = 1, leaving at = 706.0
   Vehicle #1 = 6, leaving at = 741.0
   Increment on distance indicator: 11.0
   Increment on tard indicator:     8.0
   Value of tmax indicator:         11.0

Task for patient = 10 with skills = {4,-1} and cost = 202.7
   Vehicle #0 = 5, leaving at = 881.0
   Vehicle #1 = -1, leaving at = inf
   Increment on distance indicator: 10.0
   Increment on tard indicator:     7.0
   Value of tmax indicator:         10.0

Task for patient = 40 with skills = {1,-1} and cost = 236.3
   Vehicle #0 = 1, leaving at = 1053.0
   Vehicle #1 = -1, leaving at = inf
   Increment on distance indicator: 15.0
   Increment on tard indicator:     4.0
   Value of tmax indicator:         15.0

Task for patient = 6 with skills = {3,-1} and cost = 277.0
   Vehicle #0 = 8, leaving at = 915.0
   Vehicle #1 = -1, leaving at = inf
   Increment on distance indicator: 40.0
   Increment on tard indicator:     3.0
   Value of tmax indicator:         40.0

Task for patient = 27 with skills = {2,4} and cost = 139.7
   Vehicle #0 = 0, leaving at = 799.0
   Vehicle #1 = 5, leaving at = 820.0
   Increment on distance indicator: 18.0
   Increment on tard indicator:     2.0
   Value of tmax indicator:         18.0

Task for patient = 48 with skills = {4,-1} and cost = 171.3
   Vehicle #0 = 7, leaving at = 785.0
   Vehicle #1 = -1, leaving at = inf
   Increment on distance indicator: 12.0
   Increment on tard indicator:     0.0
   Value of tmax indicator:         12.0

Task for patient = 37 with skills = {4,-1} and cost = 182.3
   Vehicle #0 = 9, leaving at = 693.0
   Vehicle #1 = -1, leaving at = inf
   Increment on distance indicator: 18.0
   Increment on tard indicator:     0.0
   Value of tmax indicator:         18.0

Task for patient = 35 with skills = {2,-1} and cost = 194.0
   Vehicle #0 = 4, leaving at = 679.0
   Vehicle #1 = -1, leaving at = inf
   Increment on distance indicator: 35.0
   Increment on tard indicator:     0.0
   Value of tmax indicator:         35.0

Task for patient = 2 with skills = {3,-1} and cost = 195.7
   Vehicle #0 = 9, leaving at = 773.0
   Vehicle #1 = -1, leaving at = inf
   Increment on distance indicator: 5.0
   Increment on tard indicator:     0.0
   Value of tmax indicator:         5.0

Task for patient = 29 with skills = {5,-1} and cost = 197.0
   Vehicle #0 = 9, leaving at = 816.0
   Vehicle #1 = -1, leaving at = inf
   Increment on distance indicator: 4.0
   Increment on tard indicator:     0.0
   Value of tmax indicator:         4.0

Task for patient = 44 with skills = {4,-1} and cost = 206.7
   Vehicle #0 = 7, leaving at = 892.0
   Vehicle #1 = -1, leaving at = inf
   Increment on distance indicator: 12.0
   Increment on tard indicator:     0.0
   Value of tmax indicator:         12.0

Task for patient = 8 with skills = {2,-1} and cost = 214.0
   Vehicle #0 = 4, leaving at = 761.0
   Vehicle #1 = -1, leaving at = inf
   Increment on distance indicator: 22.0
   Increment on tard indicator:     0.0
   Value of tmax indicator:         22.0

Task for patient = 26 with skills = {1,-1} and cost = 217.7
   Vehicle #0 = 0, leaving at = 845.0
   Vehicle #1 = -1, leaving at = inf
   Increment on distance indicator: 11.0
   Increment on tard indicator:     0.0
   Value of tmax indicator:         11.0

Task for patient = 39 with skills = {4,-1} and cost = 219.0
   Vehicle #0 = 8, leaving at = 831.0
   Vehicle #1 = -1, leaving at = inf
   Increment on distance indicator: 4.0
   Increment on tard indicator:     0.0
   Value of tmax indicator:         4.0

Task for patient = 15 with skills = {1,-1} and cost = 220.7
   Vehicle #0 = 1, leaving at = 907.0
   Vehicle #1 = -1, leaving at = inf
   Increment on distance indicator: 5.0
   Increment on tard indicator:     0.0
   Value of tmax indicator:         5.0

Task for patient = 49 with skills = {1,-1} and cost = 224.0
   Vehicle #0 = 1, leaving at = 944.0
   Vehicle #1 = -1, leaving at = inf
   Increment on distance indicator: 10.0
   Increment on tard indicator:     0.0
   Value of tmax indicator:         10.0

Task for patient = 45 with skills = {1,5} and cost = 230.0
   Vehicle #0 = 1, leaving at = 1004.0
   Vehicle #1 = 7, leaving at = 1011.0
   Increment on distance indicator: 18.0
   Increment on tard indicator:     0.0
   Value of tmax indicator:         18.0

Task for patient = 12 with skills = {5,-1} and cost = 239.0
   Vehicle #0 = 9, leaving at = 858.0
   Vehicle #1 = -1, leaving at = inf
   Increment on distance indicator: 8.0
   Increment on tard indicator:     0.0
   Value of tmax indicator:         8.0

Task for patient = 16 with skills = {5,-1} and cost = 240.7
   Vehicle #0 = 9, leaving at = 956.0
   Vehicle #1 = -1, leaving at = inf
   Increment on distance indicator: 5.0
   Increment on tard indicator:     0.0
   Value of tmax indicator:         5.0

Task for patient = 31 with skills = {1,5} and cost = 252.3
   Vehicle #0 = 0, leaving at = 892.0
   Vehicle #1 = 6, leaving at = 942.0
   Increment on distance indicator: 35.0
   Increment on tard indicator:     0.0
   Value of tmax indicator:         35.0

Task for patient = 22 with skills = {0,5} and cost = 262.7
   Vehicle #0 = 0, leaving at = 969.0
   Vehicle #1 = 5, leaving at = 943.0
   Increment on distance indicator: 31.0
   Increment on tard indicator:     0.0
   Value of tmax indicator:         31.0

Task for patient = 7 with skills = {5,-1} and cost = 279.7
   Vehicle #0 = 5, leaving at = 1011.0
   Vehicle #1 = -1, leaving at = inf
   Increment on distance indicator: 8.0
   Increment on tard indicator:     0.0
   Value of tmax indicator:         8.0

Task for patient = 43 with skills = {1,-1} and cost = 282.7
   Vehicle #0 = 0, leaving at = 1032.0
   Vehicle #1 = -1, leaving at = inf
   Increment on distance indicator: 9.0
   Increment on tard indicator:     0.0
   Value of tmax indicator:         9.0

Task for patient = 21 with skills = {0,-1} and cost = 301.3
   Vehicle #0 = 3, leaving at = 954.0
   Vehicle #1 = -1, leaving at = inf
   Increment on distance indicator: 28.0
   Increment on tard indicator:     0.0
   Value of tmax indicator:         28.0

Task for patient = 24 with skills = {2,4} and cost = 176.3
   Vehicle #0 = 2, leaving at = 830.0
   Vehicle #1 = 7, leaving at = 836.0
   Increment on distance indicator: 15.0
   Increment on tard indicator:     0.0
   Value of tmax indicator:         15.0

Task for patient = 14 with skills = {1,-1} and cost = 15.7
   Vehicle #0 = 0, leaving at = 649.0
   Vehicle #1 = -1, leaving at = inf
   Increment on distance indicator: 47.0
   Increment on tard indicator:     0.0
   Value of tmax indicator:         47.0

Task for patient = 42 with skills = {1,3} and cost = 31.7
   Vehicle #0 = 1, leaving at = 564.0
   Vehicle #1 = 5, leaving at = 600.0
   Increment on distance indicator: 48.0
   Increment on tard indicator:     0.0
   Value of tmax indicator:         48.0

Task for patient = 4 with skills = {5,-1} and cost = 36.3
   Vehicle #0 = 6, leaving at = 559.0
   Vehicle #1 = -1, leaving at = inf
   Increment on distance indicator: 14.0
   Increment on tard indicator:     0.0
   Value of tmax indicator:         14.0

Task for patient = 38 with skills = {0,3} and cost = 48.0
   Vehicle #0 = 0, leaving at = 695.0
   Vehicle #1 = 5, leaving at = 706.0
   Increment on distance indicator: 35.0
   Increment on tard indicator:     0.0
   Value of tmax indicator:         35.0

Task for patient = 28 with skills = {1,5} and cost = 55.3
   Vehicle #0 = 1, leaving at = 664.0
   Vehicle #1 = 6, leaving at = 640.0
   Increment on distance indicator: 22.0
   Increment on tard indicator:     0.0
   Value of tmax indicator:         22.0

Task for patient = 17 with skills = {2,5} and cost = 80.0
   Vehicle #0 = 2, leaving at = 543.0
   Vehicle #1 = 7, leaving at = 545.0
   Increment on distance indicator: 74.0
   Increment on tard indicator:     0.0
   Value of tmax indicator:         74.0

Task for patient = 3 with skills = {3,-1} and cost = 85.7
   Vehicle #0 = 7, leaving at = 611.0
   Vehicle #1 = -1, leaving at = inf
   Increment on distance indicator: 17.0
   Increment on tard indicator:     0.0
   Value of tmax indicator:         17.0

Task for patient = 20 with skills = {4,-1} and cost = 93.3
   Vehicle #0 = 7, leaving at = 661.0
   Vehicle #1 = -1, leaving at = inf
   Increment on distance indicator: 23.0
   Increment on tard indicator:     0.0
   Value of tmax indicator:         23.0

Task for patient = 41 with skills = {5,-1} and cost = 94.3
   Vehicle #0 = 6, leaving at = 679.0
   Vehicle #1 = -1, leaving at = inf
   Increment on distance indicator: 3.0
   Increment on tard indicator:     0.0
   Value of tmax indicator:         3.0

Task for patient = 13 with skills = {4,-1} and cost = 101.7
   Vehicle #0 = 8, leaving at = 608.0
   Vehicle #1 = -1, leaving at = inf
   Increment on distance indicator: 22.0
   Increment on tard indicator:     0.0
   Value of tmax indicator:         22.0

Task for patient = 19 with skills = {2,4} and cost = 103.0
   Vehicle #0 = 4, leaving at = 540.0
   Vehicle #1 = 9, leaving at = 508.0
   Increment on distance indicator: 4.0
   Increment on tard indicator:     0.0
   Value of tmax indicator:         4.0

Task for patient = 11 with skills = {3,-1} and cost = 167.3
   Vehicle #0 = 8, leaving at = 811.0
   Vehicle #1 = -1, leaving at = inf
   Increment on distance indicator: 12.0
   Increment on tard indicator:     0.0
   Value of tmax indicator:         12.0

Task for patient = 32 with skills = {0,4} and cost = 122.0
   Vehicle #0 = 0, leaving at = 771.0
   Vehicle #1 = 5, leaving at = 767.0
   Increment on distance indicator: 17.0
   Increment on tard indicator:     0.0
   Value of tmax indicator:         17.0

Task for patient = 33 with skills = {3,-1} and cost = 124.7
   Vehicle #0 = 8, leaving at = 658.0
   Vehicle #1 = -1, leaving at = inf
   Increment on distance indicator: 8.0
   Increment on tard indicator:     0.0
   Value of tmax indicator:         8.0

Task for patient = 50 with skills = {3,-1} and cost = 126.3
   Vehicle #0 = 7, leaving at = 718.0
   Vehicle #1 = -1, leaving at = inf
   Increment on distance indicator: 5.0
   Increment on tard indicator:     0.0
   Value of tmax indicator:         5.0

Task for patient = 5 with skills = {5,-1} and cost = 133.0
   Vehicle #0 = 9, leaving at = 646.0
   Vehicle #1 = -1, leaving at = inf
   Increment on distance indicator: 20.0
   Increment on tard indicator:     0.0
   Value of tmax indicator:         20.0

Task for patient = 1 with skills = {0,-1} and cost = 133.0
   Vehicle #0 = 3, leaving at = 557.0
   Vehicle #1 = -1, leaving at = inf
   Increment on distance indicator: 0.0
   Increment on tard indicator:     0.0
   Value of tmax indicator:         0.0

Task for patient = 36 with skills = {0,-1} and cost = 146.0
   Vehicle #0 = 3, leaving at = 775.0
   Vehicle #1 = -1, leaving at = inf
   Increment on distance indicator: 19.0
   Increment on tard indicator:     0.0
   Value of tmax indicator:         19.0

Task for patient = 18 with skills = {3,-1} and cost = 150.0
   Vehicle #0 = 8, leaving at = 714.0
   Vehicle #1 = -1, leaving at = inf
   Increment on distance indicator: 12.0
   Increment on tard indicator:     0.0
   Value of tmax indicator:         12.0

Task for patient = 23 with skills = {0,3} and cost = 157.7
   Vehicle #0 = 1, leaving at = 780.0
   Vehicle #1 = 8, leaving at = 751.0
   Increment on distance indicator: 23.0
   Increment on tard indicator:     0.0
   Value of tmax indicator:         23.0

Task for patient = 46 with skills = {0,5} and cost = 160.0
   Vehicle #0 = 1, leaving at = 824.0
   Vehicle #1 = 6, leaving at = 830.0
   Increment on distance indicator: 7.0
   Increment on tard indicator:     0.0
   Value of tmax indicator:         7.0

Task for patient = 47 with skills = {1,5} and cost = 163.3
   Vehicle #0 = 1, leaving at = 844.0
   Vehicle #1 = 6, leaving at = 873.0
   Increment on distance indicator: 10.0
   Increment on tard indicator:     0.0
   Value of tmax indicator:         10.0

Task for patient = 25 with skills = {2,-1} and cost = 302.0
   Vehicle #0 = 4, leaving at = 909.0
   Vehicle #1 = -1, leaving at = inf
   Increment on distance indicator: 2.0
   Increment on tard indicator:     0.0
   Value of tmax indicator:         2.0

Task for patient = 9 with skills = {1,-1} and cost = 107.3
   Vehicle #0 = 0, leaving at = 737.0
   Vehicle #1 = -1, leaving at = inf
   Increment on distance indicator: 13.0
   Increment on tard indicator:     0.0
   Value of tmax indicator:         13.0


Unused vehicle list: (total = 0 out of 10)

---
Search finished.
Total of 448 generations in 0.5 seconds.
Exchange elite runs: 0
Implicit path relinking runs: 4
Reset attempts: 2

Best solution found:
   Cost: 347.3
   Total travel time: 1042.0
   Total tardiness time: 0.0
   Largest tardiness: 0.0


347.3
