--- BRKGA-MP-IPR for HHCRSP ---
Instance: new-instances/HHCRSP_50_10_30_1.0_R_C.txt
Seed: 1

Reading data... Problem contains 50 patients  and 10 caregivers.

Summary of supply x demand for each service type:
Skill 0 has supply = 2 and demand = 11, ratio = 0.181818
Skill 1 has supply = 2 and demand = 4, ratio = 0.5
Skill 2 has supply = 5 and demand = 14, ratio = 0.357143
Skill 3 has supply = 3 and demand = 14, ratio = 0.214286
Skill 4 has supply = 3 and demand = 5, ratio = 0.6
Skill 5 has supply = 5 and demand = 18, ratio = 0.277778

Reading parameters...
Inferred distance function by PR type: kendall-tau
Building BRKGA data and initializing...
Evolving 448 generations...

  Gens  Rem    Local   ElDiv NoImpr             Best solution            Time  Op
                                       Cost     Dist    Tard    TMax 
*    0  448  1803.33  305.85      0  1803.33  1220.00  3815.0   375.0     0.0    
*    3  445  1642.67  241.75      0  1642.67  1240.00  2978.0   222.0     0.0    
*    4  444  1480.00  189.95      0  1480.00  1189.00  2718.0   332.0     0.0    
*    5  443  1413.00  173.62      0  1413.00  1157.00  2510.0   372.0     0.0    
*    6  442  1346.33  175.08      0  1346.33  1258.00  1853.0   237.0     0.0    
*    7  441  1116.00  144.21      0  1116.00  1191.00  1695.0   248.0     0.0    
*    8  440  1044.67  127.31      0  1044.67  1155.00  1315.0   196.0     0.0    
*    9  439   888.67  103.98      0   888.67  1155.00  1315.0   196.0     0.0    
*   11  437   573.67  113.67      0   573.67  1122.00   483.0   116.0     0.0    
*   14  434   541.00   78.50      0   541.00  1091.00   429.0   103.0     0.0    
*   18  430   500.33   53.78      0   500.33  1172.00   265.0    64.0     0.0    
*   22  426   443.67   34.19      0   443.67  1035.00   170.0    71.0     0.0    
*   23  425   425.33   32.54      0   425.33  1035.00   170.0    71.0     0.0    
*   26  422   375.67   32.43      0   375.67  1059.00    54.0    14.0     0.0    
*   34  414   364.00   16.21      0   364.00  1019.00     6.0     3.0     0.0    

  Gens  Rem    Local   ElDiv NoImpr             Best solution            Time  Op
                                       Cost     Dist    Tard    TMax 
*   35  413   342.67   15.13      0   342.67  1019.00     6.0     3.0     0.0    
*   38  410   342.33   14.43      0   342.33   994.00     9.0     7.0     0.0    
*   39  409   336.67   13.50      0   336.67   994.00     9.0     7.0     0.0    
*   41  407   330.67   12.54      0   330.67   953.00    20.0     9.0     0.0    
*   42  406   327.33   11.89      0   327.33   953.00    20.0     9.0     0.0    
*   44  404   311.67   12.94      0   311.67   915.00    13.0     7.0     0.0    
    50  398   311.67    8.19      6   311.67   915.00    13.0     7.0     0.0    
*   52  396   304.33    8.28      0   304.33   913.00     0.0     0.0     0.1    
*   58  390   296.67    4.54      0   296.67   890.00     0.0     0.0     0.1    
*   61  387   296.33    3.45      0   296.33   889.00     0.0     0.0     0.1    
*   64  384   294.00    2.88      0   294.00   882.00     0.0     0.0     0.1    
*   72  376   293.33    0.27      0   293.33   880.00     0.0     0.0     0.1    
*   74  374   293.00    0.28      0   293.00   879.00     0.0     0.0     0.1    
*   79  369   292.67    0.68      0   292.67   878.00     0.0     0.0     0.1    
*   84  364   291.00    0.54      0   291.00   873.00     0.0     0.0     0.1    
Path relinking result: too homogeneous.
    96  352   291.00    0.00     13   291.00   873.00     0.0     0.0     0.1   P

  Gens  Rem    Local   ElDiv NoImpr             Best solution            Time  Op
                                       Cost     Dist    Tard    TMax 
   100  348   291.00    0.00     16   291.00   873.00     0.0     0.0     0.1    
*  109  339   288.67    0.40      0   288.67   866.00     0.0     0.0     0.1    
   150  298   288.67    0.00     41   288.67   866.00     0.0     0.0     0.1    
   176  272      inf  355.61      0   288.67   866.00     0.0     0.0     0.2   R
   177  271  1770.00  308.02      0   288.67   866.00     0.0     0.0     0.2    
Path relinking result: too homogeneous.
   192  256   612.00   47.13      0   288.67   866.00     0.0     0.0     0.2   P
   200  248   446.33   33.35      0   288.67   866.00     0.0     0.0     0.2    
   250  198   291.33    0.10      2   288.67   866.00     0.0     0.0     0.2    
Path relinking result: too homogeneous.
   288  160   291.00    0.00     24   288.67   866.00     0.0     0.0     0.3   P
   300  148   291.00    0.00     35   288.67   866.00     0.0     0.0     0.3    
   332  116      inf  312.21      0   288.67   866.00     0.0     0.0     0.3   R
   333  115  1945.33  239.16      0   288.67   866.00     0.0     0.0     0.3    
   350   98   511.00   55.07      1   288.67   866.00     0.0     0.0     0.3    
Path relinking result: too homogeneous.
   384   64   309.67    2.39      0   288.67   866.00     0.0     0.0     0.4   P
   400   48   299.33    2.41      0   288.67   866.00     0.0     0.0     0.4    
*  428   20   283.67    1.44      0   283.67   845.00     4.0     2.0     0.4    

  Gens  Rem    Local   ElDiv NoImpr             Best solution            Time  Op
                                       Cost     Dist    Tard    TMax 
*  431   17   279.67    0.49      0   279.67   839.00     0.0     0.0     0.4    
*  445    3   277.33    0.56      0   277.33   832.00     0.0     0.0     0.4    
   448    0   277.33    1.06      3   277.33   832.00     0.0     0.0     0.4    
Evolutionary process finished.
Solution written to 'solution-46288.txt'.

Sorted sequence of worst to best tardiness value:
Task for patient = 37 with skills = {3,-1} and cost = 141.3
   Vehicle #0 = 5, leaving at = 935.0
   Vehicle #1 = -1, leaving at = inf
   Increment on distance indicator: 11.0
   Increment on tard indicator:     0.0
   Value of tmax indicator:         11.0

Task for patient = 3 with skills = {0,-1} and cost = 144.7
   Vehicle #0 = 4, leaving at = 838.0
   Vehicle #1 = -1, leaving at = inf
   Increment on distance indicator: 10.0
   Increment on tard indicator:     0.0
   Value of tmax indicator:         10.0

Task for patient = 17 with skills = {1,4} and cost = 150.7
   Vehicle #0 = 2, leaving at = 799.0
   Vehicle #1 = 7, leaving at = 787.0
   Increment on distance indicator: 18.0
   Increment on tard indicator:     0.0
   Value of tmax indicator:         18.0

Task for patient = 34 with skills = {5,-1} and cost = 152.0
   Vehicle #0 = 6, leaving at = 763.0
   Vehicle #1 = -1, leaving at = inf
   Increment on distance indicator: 4.0
   Increment on tard indicator:     0.0
   Value of tmax indicator:         4.0

Task for patient = 13 with skills = {2,4} and cost = 159.3
   Vehicle #0 = 3, leaving at = 812.0
   Vehicle #1 = 9, leaving at = 826.0
   Increment on distance indicator: 22.0
   Increment on tard indicator:     0.0
   Value of tmax indicator:         22.0

Task for patient = 40 with skills = {3,-1} and cost = 161.0
   Vehicle #0 = 9, leaving at = 871.0
   Vehicle #1 = -1, leaving at = inf
   Increment on distance indicator: 5.0
   Increment on tard indicator:     0.0
   Value of tmax indicator:         5.0

Task for patient = 16 with skills = {2,4} and cost = 167.7
   Vehicle #0 = 3, leaving at = 844.0
   Vehicle #1 = 8, leaving at = 838.0
   Increment on distance indicator: 20.0
   Increment on tard indicator:     0.0
   Value of tmax indicator:         20.0

Task for patient = 15 with skills = {4,-1} and cost = 168.0
   Vehicle #0 = 7, leaving at = 844.0
   Vehicle #1 = -1, leaving at = inf
   Increment on distance indicator: 1.0
   Increment on tard indicator:     0.0
   Value of tmax indicator:         1.0

Task for patient = 27 with skills = {5,-1} and cost = 168.3
   Vehicle #0 = 6, leaving at = 816.0
   Vehicle #1 = -1, leaving at = inf
   Increment on distance indicator: 1.0
   Increment on tard indicator:     0.0
   Value of tmax indicator:         1.0

Task for patient = 11 with skills = {0,3} and cost = 170.0
   Vehicle #0 = 3, leaving at = 907.0
   Vehicle #1 = 9, leaving at = 917.0
   Increment on distance indicator: 5.0
   Increment on tard indicator:     0.0
   Value of tmax indicator:         5.0

Task for patient = 9 with skills = {2,5} and cost = 172.0
   Vehicle #0 = 3, leaving at = 957.0
   Vehicle #1 = 8, leaving at = 958.0
   Increment on distance indicator: 6.0
   Increment on tard indicator:     0.0
   Value of tmax indicator:         6.0

Task for patient = 25 with skills = {5,-1} and cost = 212.0
   Vehicle #0 = 5, leaving at = 1038.0
   Vehicle #1 = -1, leaving at = inf
   Increment on distance indicator: 4.0
   Increment on tard indicator:     0.0
   Value of tmax indicator:         4.0

Task for patient = 7 with skills = {2,5} and cost = 181.0
   Vehicle #0 = 0, leaving at = 877.0
   Vehicle #1 = 6, leaving at = 883.0
   Increment on distance indicator: 24.0
   Increment on tard indicator:     0.0
   Value of tmax indicator:         24.0

Task for patient = 39 with skills = {3,-1} and cost = 182.3
   Vehicle #0 = 7, leaving at = 870.0
   Vehicle #1 = -1, leaving at = inf
   Increment on distance indicator: 4.0
   Increment on tard indicator:     0.0
   Value of tmax indicator:         4.0

Task for patient = 31 with skills = {2,-1} and cost = 184.3
   Vehicle #0 = 2, leaving at = 861.0
   Vehicle #1 = -1, leaving at = inf
   Increment on distance indicator: 6.0
   Increment on tard indicator:     0.0
   Value of tmax indicator:         6.0

Task for patient = 2 with skills = {2,5} and cost = 189.0
   Vehicle #0 = 2, leaving at = 926.0
   Vehicle #1 = 7, leaving at = 930.0
   Increment on distance indicator: 14.0
   Increment on tard indicator:     0.0
   Value of tmax indicator:         14.0

Task for patient = 10 with skills = {0,-1} and cost = 189.7
   Vehicle #0 = 4, leaving at = 896.0
   Vehicle #1 = -1, leaving at = inf
   Increment on distance indicator: 2.0
   Increment on tard indicator:     0.0
   Value of tmax indicator:         2.0

Task for patient = 38 with skills = {2,-1} and cost = 193.0
   Vehicle #0 = 4, leaving at = 941.0
   Vehicle #1 = -1, leaving at = inf
   Increment on distance indicator: 10.0
   Increment on tard indicator:     0.0
   Value of tmax indicator:         10.0

Task for patient = 5 with skills = {5,-1} and cost = 195.0
   Vehicle #0 = 9, leaving at = 967.0
   Vehicle #1 = -1, leaving at = inf
   Increment on distance indicator: 6.0
   Increment on tard indicator:     0.0
   Value of tmax indicator:         6.0

Task for patient = 20 with skills = {3,-1} and cost = 197.3
   Vehicle #0 = 7, leaving at = 969.0
   Vehicle #1 = -1, leaving at = inf
   Increment on distance indicator: 7.0
   Increment on tard indicator:     0.0
   Value of tmax indicator:         7.0

Task for patient = 21 with skills = {5,-1} and cost = 202.0
   Vehicle #0 = 6, leaving at = 936.0
   Vehicle #1 = -1, leaving at = inf
   Increment on distance indicator: 14.0
   Increment on tard indicator:     0.0
   Value of tmax indicator:         14.0

Task for patient = 30 with skills = {2,-1} and cost = 204.3
   Vehicle #0 = 1, leaving at = 839.0
   Vehicle #1 = -1, leaving at = inf
   Increment on distance indicator: 7.0
   Increment on tard indicator:     0.0
   Value of tmax indicator:         7.0

Task for patient = 50 with skills = {5,-1} and cost = 205.7
   Vehicle #0 = 5, leaving at = 987.0
   Vehicle #1 = -1, leaving at = inf
   Increment on distance indicator: 4.0
   Increment on tard indicator:     0.0
   Value of tmax indicator:         4.0

Task for patient = 49 with skills = {0,-1} and cost = 210.7
   Vehicle #0 = 4, leaving at = 1000.0
   Vehicle #1 = -1, leaving at = inf
   Increment on distance indicator: 15.0
   Increment on tard indicator:     0.0
   Value of tmax indicator:         15.0

Task for patient = 22 with skills = {2,-1} and cost = 173.0
   Vehicle #0 = 0, leaving at = 814.0
   Vehicle #1 = -1, leaving at = inf
   Increment on distance indicator: 3.0
   Increment on tard indicator:     0.0
   Value of tmax indicator:         3.0

Task for patient = 19 with skills = {0,-1} and cost = 8.3
   Vehicle #0 = 3, leaving at = 553.0
   Vehicle #1 = -1, leaving at = inf
   Increment on distance indicator: 25.0
   Increment on tard indicator:     0.0
   Value of tmax indicator:         25.0

Task for patient = 28 with skills = {3,-1} and cost = 17.7
   Vehicle #0 = 5, leaving at = 514.0
   Vehicle #1 = -1, leaving at = inf
   Increment on distance indicator: 28.0
   Increment on tard indicator:     0.0
   Value of tmax indicator:         28.0

Task for patient = 47 with skills = {0,3} and cost = 32.7
   Vehicle #0 = 4, leaving at = 549.0
   Vehicle #1 = 5, leaving at = 543.0
   Increment on distance indicator: 45.0
   Increment on tard indicator:     0.0
   Value of tmax indicator:         45.0

Task for patient = 43 with skills = {1,3} and cost = 48.7
   Vehicle #0 = 2, leaving at = 587.0
   Vehicle #1 = 7, leaving at = 623.0
   Increment on distance indicator: 48.0
   Increment on tard indicator:     0.0
   Value of tmax indicator:         48.0

Task for patient = 36 with skills = {0,5} and cost = 49.3
   Vehicle #0 = 4, leaving at = 572.0
   Vehicle #1 = 5, leaving at = 607.0
   Increment on distance indicator: 2.0
   Increment on tard indicator:     0.0
   Value of tmax indicator:         2.0

Task for patient = 32 with skills = {4,-1} and cost = 49.3
   Vehicle #0 = 8, leaving at = 511.0
   Vehicle #1 = -1, leaving at = inf
   Increment on distance indicator: 0.0
   Increment on tard indicator:     0.0
   Value of tmax indicator:         0.0

Task for patient = 14 with skills = {0,5} and cost = 54.0
   Vehicle #0 = 4, leaving at = 604.0
   Vehicle #1 = 5, leaving at = 658.0
   Increment on distance indicator: 14.0
   Increment on tard indicator:     0.0
   Value of tmax indicator:         14.0

Task for patient = 42 with skills = {0,3} and cost = 62.7
   Vehicle #0 = 4, leaving at = 688.0
   Vehicle #1 = 5, leaving at = 708.0
   Increment on distance indicator: 26.0
   Increment on tard indicator:     0.0
   Value of tmax indicator:         26.0

Task for patient = 35 with skills = {2,5} and cost = 75.3
   Vehicle #0 = 0, leaving at = 546.0
   Vehicle #1 = 6, leaving at = 539.0
   Increment on distance indicator: 38.0
   Increment on tard indicator:     0.0
   Value of tmax indicator:         38.0

Task for patient = 23 with skills = {3,-1} and cost = 78.0
   Vehicle #0 = 5, leaving at = 750.0
   Vehicle #1 = -1, leaving at = inf
   Increment on distance indicator: 8.0
   Increment on tard indicator:     0.0
   Value of tmax indicator:         8.0

Task for patient = 18 with skills = {1,-1} and cost = 79.3
   Vehicle #0 = 2, leaving at = 629.0
   Vehicle #1 = -1, leaving at = inf
   Increment on distance indicator: 4.0
   Increment on tard indicator:     0.0
   Value of tmax indicator:         4.0

Task for patient = 12 with skills = {1,-1} and cost = 137.7
   Vehicle #0 = 4, leaving at = 777.0
   Vehicle #1 = -1, leaving at = inf
   Increment on distance indicator: 3.0
   Increment on tard indicator:     0.0
   Value of tmax indicator:         3.0

Task for patient = 8 with skills = {2,-1} and cost = 97.3
   Vehicle #0 = 2, leaving at = 694.0
   Vehicle #1 = -1, leaving at = inf
   Increment on distance indicator: 9.0
   Increment on tard indicator:     0.0
   Value of tmax indicator:         9.0

Task for patient = 44 with skills = {5,-1} and cost = 103.3
   Vehicle #0 = 6, leaving at = 581.0
   Vehicle #1 = -1, leaving at = inf
   Increment on distance indicator: 18.0
   Increment on tard indicator:     0.0
   Value of tmax indicator:         18.0

Task for patient = 26 with skills = {5,-1} and cost = 107.7
   Vehicle #0 = 7, leaving at = 653.0
   Vehicle #1 = -1, leaving at = inf
   Increment on distance indicator: 13.0
   Increment on tard indicator:     0.0
   Value of tmax indicator:         13.0

Task for patient = 6 with skills = {3,-1} and cost = 109.3
   Vehicle #0 = 9, leaving at = 659.0
   Vehicle #1 = -1, leaving at = inf
   Increment on distance indicator: 5.0
   Increment on tard indicator:     0.0
   Value of tmax indicator:         5.0

Task for patient = 48 with skills = {2,-1} and cost = 114.7
   Vehicle #0 = 0, leaving at = 610.0
   Vehicle #1 = -1, leaving at = inf
   Increment on distance indicator: 16.0
   Increment on tard indicator:     0.0
   Value of tmax indicator:         16.0

Task for patient = 41 with skills = {5,-1} and cost = 115.3
   Vehicle #0 = 6, leaving at = 620.0
   Vehicle #1 = -1, leaving at = inf
   Increment on distance indicator: 2.0
   Increment on tard indicator:     0.0
   Value of tmax indicator:         2.0

Task for patient = 45 with skills = {2,-1} and cost = 118.3
   Vehicle #0 = 2, leaving at = 732.0
   Vehicle #1 = -1, leaving at = inf
   Increment on distance indicator: 9.0
   Increment on tard indicator:     0.0
   Value of tmax indicator:         9.0

Task for patient = 33 with skills = {2,3} and cost = 123.7
   Vehicle #0 = 3, leaving at = 713.0
   Vehicle #1 = 9, leaving at = 707.0
   Increment on distance indicator: 16.0
   Increment on tard indicator:     0.0
   Value of tmax indicator:         16.0

Task for patient = 24 with skills = {0,5} and cost = 129.7
   Vehicle #0 = 3, leaving at = 758.0
   Vehicle #1 = 9, leaving at = 767.0
   Increment on distance indicator: 18.0
   Increment on tard indicator:     0.0
   Value of tmax indicator:         18.0

Task for patient = 29 with skills = {5,-1} and cost = 132.7
   Vehicle #0 = 7, leaving at = 718.0
   Vehicle #1 = -1, leaving at = inf
   Increment on distance indicator: 9.0
   Increment on tard indicator:     0.0
   Value of tmax indicator:         9.0

Task for patient = 46 with skills = {3,-1} and cost = 134.3
   Vehicle #0 = 5, leaving at = 806.0
   Vehicle #1 = -1, leaving at = inf
   Increment on distance indicator: 5.0
   Increment on tard indicator:     0.0
   Value of tmax indicator:         5.0

Task for patient = 1 with skills = {5,-1} and cost = 136.7
   Vehicle #0 = 5, leaving at = 890.0
   Vehicle #1 = -1, leaving at = inf
   Increment on distance indicator: 7.0
   Increment on tard indicator:     0.0
   Value of tmax indicator:         7.0

Task for patient = 4 with skills = {0,3} and cost = 94.3
   Vehicle #0 = 3, leaving at = 628.0
   Vehicle #1 = 9, leaving at = 629.0
   Increment on distance indicator: 45.0
   Increment on tard indicator:     0.0
   Value of tmax indicator:         45.0


Unused vehicle list: (total = 0 out of 10)

---
Search finished.
Total of 448 generations in 0.4 seconds.
Exchange elite runs: 0
Implicit path relinking runs: 4
Reset attempts: 2

Best solution found:
   Cost: 277.3
   Total travel time: 832.0
   Total tardiness time: 0.0
   Largest tardiness: 0.0


277.3
