#######################################
### Exact MIP solver for the HHCRSP ###
#######################################
-- Instance file: new-instances/HHCRSP_50_10_27_1.6_C_C.txt
-- Max threads: 4
-- Time limit: 999999 seconds
-- Use initial solution: No
Trivial flow violations prevented generating 5541 variables.
Model exported.
Version identifier: 20.1.0.0 | 2020-11-10 | 9bedb6d68
CPXPARAM_Threads                                 4
CPXPARAM_TimeLimit                               999999
Parallel mode: deterministic, using up to 4 threads for concurrent optimization:
 * Starting dual Simplex on 1 thread...
 * Starting Barrier on 3 threads...
Tried aggregator 1 time.
LP Presolve eliminated 1360 rows and 330 columns.
Reduced LP has 7130 rows, 6926 columns, and 58357 nonzeros.
Presolve time = 0.03 sec. (17.27 ticks)
Symmetry aggregator did 4773 additional substitutions.

Iteration log . . .
Iteration:     1   Dual objective     =             7.333333

Dual crossover.
  Dual:  Fixing 65 variables.
       64 DMoves:  Infeasibility  1.12132534e-14  Objective  8.16666667e+01
        0 DMoves:  Infeasibility  1.24344987e-14  Objective  8.16666667e+01
  Dual:  Pushed 2, exchanged 63.
  Primal:  Fixing 29 variables.
       28 PMoves:  Infeasibility  5.55111512e-17  Objective  8.16666667e+01
        0 PMoves:  Infeasibility  5.55111512e-17  Objective  8.16666667e+01
  Primal:  Pushed 5, exchanged 24.

Dual simplex solved model.


Solution status from MIP model:
-- Processing time: 0.066 sec.
-- Memory used: 73.3818 MB
-- Best bound: inf
-- Obj value: 81.6667
-- Gap: inf%
-- Total distance: 245
-- Total tardiness: 0
-- Largest tardiness: 0
