#######################################
### Exact MIP solver for the HHCRSP ###
#######################################
-- Instance file: new-instances/HHCRSP_50_10_35_1.6_C_C.txt
-- Max threads: 4
-- Time limit: 999999 seconds
-- Use initial solution: No
Trivial flow violations prevented generating 5936 variables.
Model exported.
Version identifier: 20.1.0.0 | 2020-11-10 | 9bedb6d68
CPXPARAM_Threads                                 4
CPXPARAM_TimeLimit                               999999
Parallel mode: deterministic, using up to 4 threads for concurrent optimization:
 * Starting dual Simplex on 1 thread...
 * Starting Barrier on 3 threads...
Tried aggregator 1 time.
LP Presolve eliminated 1180 rows and 279 columns.
Reduced LP has 5112 rows, 4970 columns, and 40241 nonzeros.
Presolve time = 0.02 sec. (13.30 ticks)
Initializing dual steep norms . . .

Iteration log . . .
Iteration:     1   Dual objective     =             0.333333
Iteration:   248   Dual objective     =            69.000000

Dual simplex solved model.


Solution status from MIP model:
-- Processing time: 0.038 sec.
-- Memory used: 71.7158 MB
-- Best bound: inf
-- Obj value: 69.0057
-- Gap: inf%
-- Total distance: 207.017
-- Total tardiness: 0
-- Largest tardiness: 0
