#######################################
### Exact MIP solver for the HHCRSP ###
#######################################
-- Instance file: new-instances/HHCRSP_50_10_64_0.4_C_C.txt
-- Max threads: 4
-- Time limit: 999999 seconds
-- Use initial solution: No
Trivial flow violations prevented generating 5926 variables.
Model exported.
Version identifier: 20.1.0.0 | 2020-11-10 | 9bedb6d68
CPXPARAM_Threads                                 4
CPXPARAM_TimeLimit                               999999
Parallel mode: deterministic, using up to 4 threads for concurrent optimization:
 * Starting dual Simplex on 1 thread...
 * Starting Barrier on 3 threads...
Tried aggregator 1 time.
LP Presolve eliminated 1200 rows and 251 columns.
Reduced LP has 5404 rows, 5217 columns, and 43546 nonzeros.
Presolve time = 0.02 sec. (12.92 ticks)
Symmetry aggregator did 2688 additional substitutions.

Iteration log . . .
Iteration:     1   Dual objective     =             0.000000
Iteration:   221   Dual objective     =           114.666667

Dual crossover.
  Dual:  Fixing 80 variables.
       79 DMoves:  Infeasibility  1.99285738e-14  Objective  1.14669153e+02
        0 DMoves:  Infeasibility  1.61538022e-14  Objective  1.14669153e+02
  Dual:  Pushed 5, exchanged 75.
  Primal:  Fixing 21 variables.
       20 PMoves:  Infeasibility  0.00000000e+00  Objective  1.14669153e+02
        0 PMoves:  Infeasibility  0.00000000e+00  Objective  1.14669153e+02
  Primal:  Pushed 4, exchanged 17.

Dual simplex solved model.


Solution status from MIP model:
-- Processing time: 0.052 sec.
-- Memory used: 72.418 MB
-- Best bound: inf
-- Obj value: 114.669
-- Gap: inf%
-- Total distance: 344.007
-- Total tardiness: 0
-- Largest tardiness: 0
