#######################################
### Exact MIP solver for the HHCRSP ###
#######################################
-- Instance file: new-instances/HHCRSP_50_10_8_1.2_C_RC.txt
-- Max threads: 4
-- Time limit: 999999 seconds
-- Use initial solution: No
Trivial flow violations prevented generating 5732 variables.
Model exported.
Version identifier: 20.1.0.0 | 2020-11-10 | 9bedb6d68
CPXPARAM_Threads                                 4
CPXPARAM_TimeLimit                               999999
Parallel mode: deterministic, using up to 4 threads for concurrent optimization:
 * Starting dual Simplex on 1 thread...
 * Starting Barrier on 3 threads...
Tried aggregator 1 time.
LP Presolve eliminated 1272 rows and 343 columns.
Reduced LP has 6240 rows, 6045 columns, and 51914 nonzeros.
Presolve time = 0.03 sec. (15.22 ticks)
Symmetry aggregator did 3911 additional substitutions.

Iteration log . . .
Iteration:     1   Dual objective     =             0.000000

Dual crossover.
  Dual:  Fixing 76 variables.
       75 DMoves:  Infeasibility  4.71849444e-15  Objective  1.31007180e+02
        0 DMoves:  Infeasibility  1.09357400e-14  Objective  1.31007180e+02
  Dual:  Pushed 10, exchanged 66.
  Primal:  Fixing 28 variables.
       27 PMoves:  Infeasibility  1.11022302e-16  Objective  1.31007180e+02
        0 PMoves:  Infeasibility  1.11022302e-16  Objective  1.31007180e+02
  Primal:  Pushed 7, exchanged 21.

Dual simplex solved model.


Solution status from MIP model:
-- Processing time: 0.069 sec.
-- Memory used: 73.0107 MB
-- Best bound: inf
-- Obj value: 131.007
-- Gap: inf%
-- Total distance: 393.022
-- Total tardiness: 0
-- Largest tardiness: 0
