#######################################
### Exact MIP solver for the HHCRSP ###
#######################################
-- Instance file: new-instances/HHCRSP_50_10_19_0.4_C_C.txt
-- Max threads: 4
-- Time limit: 999999 seconds
-- Use initial solution: No
Trivial flow violations prevented generating 6286 variables.
Model exported.
Version identifier: 20.1.0.0 | 2020-11-10 | 9bedb6d68
CPXPARAM_Threads                                 4
CPXPARAM_TimeLimit                               999999
Parallel mode: deterministic, using up to 4 threads for concurrent optimization:
 * Starting dual Simplex on 1 thread...
 * Starting Barrier on 3 threads...
Tried aggregator 1 time.
LP Presolve eliminated 1566 rows and 472 columns.
Reduced LP has 8418 rows, 8114 columns, and 73777 nonzeros.
Presolve time = 0.04 sec. (21.17 ticks)
Symmetry aggregator did 9410 additional substitutions.
Initializing dual steep norms . . .

Iteration log . . .
Iteration:     1   Dual objective     =             3.000000

Dual crossover.
  Dual:  Fixing 102 variables.
      101 DMoves:  Infeasibility  3.38062911e-14  Objective  1.43333333e+02
        0 DMoves:  Infeasibility  3.44724249e-14  Objective  1.43333333e+02
  Dual:  Pushed 4, exchanged 98.
  Primal:  Fixing 48 variables.
       47 PMoves:  Infeasibility  5.55111512e-17  Objective  1.43333333e+02
        0 PMoves:  Infeasibility  2.22044605e-16  Objective  1.43333333e+02
  Primal:  Pushed 22, exchanged 26.

Dual simplex solved model.


Solution status from MIP model:
-- Processing time: 0.075 sec.
-- Memory used: 73.7979 MB
-- Best bound: inf
-- Obj value: 143.333
-- Gap: inf%
-- Total distance: 430
-- Total tardiness: 0
-- Largest tardiness: 0
