#######################################
### Exact MIP solver for the HHCRSP ###
#######################################
-- Instance file: new-instances/HHCRSP_50_10_74_1.6_R_C.txt
-- Max threads: 4
-- Time limit: 999999 seconds
-- Use initial solution: No
Trivial flow violations prevented generating 5733 variables.
Model exported.
Version identifier: 20.1.0.0 | 2020-11-10 | 9bedb6d68
CPXPARAM_Threads                                 4
CPXPARAM_TimeLimit                               999999
Parallel mode: deterministic, using up to 4 threads for concurrent optimization:
 * Starting dual Simplex on 1 thread...
 * Starting Barrier on 3 threads...
Tried aggregator 1 time.
LP Presolve eliminated 1314 rows and 359 columns.
Reduced LP has 6620 rows, 6392 columns, and 56029 nonzeros.
Presolve time = 0.03 sec. (16.44 ticks)
Symmetry aggregator did 5562 additional substitutions.

Iteration log . . .
Iteration:     1   Dual objective     =             0.000000

Dual crossover.
  Dual:  Fixing 56 variables.
       55 DMoves:  Infeasibility  6.21725148e-15  Objective  5.86666667e+01
        0 DMoves:  Infeasibility  6.66134069e-15  Objective  5.86666667e+01
  Dual:  Pushed 5, exchanged 51.
  Primal:  Fixing 31 variables.
       30 PMoves:  Infeasibility  5.55111512e-16  Objective  5.86666667e+01
        0 PMoves:  Infeasibility  5.55111512e-16  Objective  5.86666667e+01
  Primal:  Pushed 9, exchanged 22.

Dual simplex solved model.


Solution status from MIP model:
-- Processing time: 0.051 sec.
-- Memory used: 72.4717 MB
-- Best bound: inf
-- Obj value: 58.6667
-- Gap: inf%
-- Total distance: 176
-- Total tardiness: 0
-- Largest tardiness: 0
