#######################################
### Exact MIP solver for the HHCRSP ###
#######################################
-- Instance file: new-instances/HHCRSP_50_10_63_1.0_R_C.txt
-- Max threads: 4
-- Time limit: 999999 seconds
-- Use initial solution: No
Trivial flow violations prevented generating 6226 variables.
Model exported.
Version identifier: 20.1.0.0 | 2020-11-10 | 9bedb6d68
CPXPARAM_Threads                                 4
CPXPARAM_TimeLimit                               999999
Parallel mode: deterministic, using up to 4 threads for concurrent optimization:
 * Starting dual Simplex on 1 thread...
 * Starting Barrier on 3 threads...
Tried aggregator 1 time.
LP Presolve eliminated 1452 rows and 401 columns.
Reduced LP has 7412 rows, 7155 columns, and 63676 nonzeros.
Presolve time = 0.03 sec. (18.23 ticks)
Symmetry aggregator did 4772 additional substitutions.
Initializing dual steep norms . . .

Iteration log . . .
Iteration:     1   Dual objective     =             0.666667
Iteration:   223   Dual objective     =            97.333333

Dual crossover.
  Dual:  Fixing 98 variables.
       97 DMoves:  Infeasibility  1.77635930e-14  Objective  9.73333333e+01
        0 DMoves:  Infeasibility  9.27038682e-15  Objective  9.73333333e+01
  Dual:  Pushed 7, exchanged 91.
  Primal:  Fixing 32 variables.
       31 PMoves:  Infeasibility  4.16333634e-16  Objective  9.73333333e+01
        0 PMoves:  Infeasibility  5.55111512e-16  Objective  9.73333333e+01
  Primal:  Pushed 21, exchanged 11.

Dual simplex solved model.


Solution status from MIP model:
-- Processing time: 0.059 sec.
-- Memory used: 73.1963 MB
-- Best bound: inf
-- Obj value: 97.3333
-- Gap: inf%
-- Total distance: 292
-- Total tardiness: 0
-- Largest tardiness: 0
