#######################################
### Exact MIP solver for the HHCRSP ###
#######################################
-- Instance file: new-instances/HHCRSP_400_80_32_1.2_C_C.txt
-- Max threads: 4
-- Time limit: 999999 seconds
-- Use initial solution: No
Trivial flow violations prevented generating 2801516 variables.
Version identifier: 20.1.0.0 | 2020-11-10 | 9bedb6d68
CPXPARAM_Threads                                 4
CPXPARAM_Emphasis_Memory                         1
CPXPARAM_TimeLimit                               999999
Tried aggregator 1 time.
Presolve has eliminated 84444 rows and 19263 columns...
LP Presolve eliminated 84444 rows and 19263 columns.
Reduced LP has 3060216 rows, 2902531 columns, and 86475486 nonzeros.
Presolve time = 90.65 sec. (18388.17 ticks)
Compression time = 21.73 sec. (5.79 ticks)
Compression reduced 1250.43 MB A matrix to 376.21 MB
Symmetry aggregator did 5226384 additional substitutions.
Elapsed time = 113.88 sec. (19185.76 ticks, 1 iterations)

Iteration log . . .
Iteration:     1   Dual objective     =             0.000000
Iteration:  1822   Dual objective     =           349.666667

Dual crossover.
  Dual:  Fixing 2845 variables.
     2844 DMoves:  Infeasibility  8.75111095e-12  Objective  3.53666667e+02
        0 DMoves:  Infeasibility  4.29789683e-12  Objective  3.53666667e+02
  Dual:  Pushed 73, exchanged 2772.
  Primal:  Fixing 1918 variables.
     1917 PMoves:  Infeasibility  2.77555756e-16  Objective  3.53666667e+02
        0 PMoves:  Infeasibility  2.77555756e-16  Objective  3.53666667e+02
  Primal:  Pushed 1767, exchanged 151.

Solution status from MIP model:
-- Processing time: 156.289 sec.
-- Memory used: 1958.5 MB
-- Best bound: inf
-- Obj value: 353.667
-- Gap: inf%
-- Total distance: 1061
-- Total tardiness: 0
-- Largest tardiness: 0
