#######################################
### Exact MIP solver for the HHCRSP ###
#######################################
-- Instance file: new-instances/HHCRSP_400_80_25_1.6_R_C.txt
-- Max threads: 4
-- Time limit: 999999 seconds
-- Use initial solution: No
Trivial flow violations prevented generating 2805828 variables.
Version identifier: 20.1.0.0 | 2020-11-10 | 9bedb6d68
CPXPARAM_Threads                                 4
CPXPARAM_Emphasis_Memory                         1
CPXPARAM_TimeLimit                               999999
Tried aggregator 1 time.
Presolve has eliminated 75090 rows and 13871 columns...
LP Presolve eliminated 75090 rows and 13871 columns.
Reduced LP has 2397988 rows, 2270076 columns, and 63883421 nonzeros.
Presolve time = 62.35 sec. (13697.80 ticks)
Compression time = 16.91 sec. (4.54 ticks)
Compression reduced 935.67 MB A matrix to 283.11 MB
Symmetry aggregator did 3934181 additional substitutions.
Elapsed time = 80.50 sec. (14378.36 ticks, 1 iterations)

Iteration log . . .
Iteration:     1   Dual objective     =             0.000000
Iteration:  1859   Dual objective     =           331.333333

Dual crossover.
  Dual:  Fixing 2231 variables.
     2230 DMoves:  Infeasibility  3.57663898e-12  Objective  3.34666667e+02
        0 DMoves:  Infeasibility  1.58166535e-12  Objective  3.34666667e+02
  Dual:  Pushed 81, exchanged 2150.
  Primal:  Fixing 1376 variables.
     1375 PMoves:  Infeasibility  4.62130334e-15  Objective  3.34666667e+02
        0 PMoves:  Infeasibility  1.00752739e-14  Objective  3.34666667e+02
  Primal:  Pushed 1153, exchanged 223.

Solution status from MIP model:
-- Processing time: 110.202 sec.
-- Memory used: 1548.77 MB
-- Best bound: inf
-- Obj value: 334.667
-- Gap: inf%
-- Total distance: 1004
-- Total tardiness: 0
-- Largest tardiness: 0
