#######################################
### Exact MIP solver for the HHCRSP ###
#######################################
-- Instance file: new-instances/HHCRSP_400_80_46_0.8_R_RC.txt
-- Max threads: 4
-- Time limit: 999999 seconds
-- Use initial solution: No
Trivial flow violations prevented generating 2676635 variables.
Version identifier: 20.1.0.0 | 2020-11-10 | 9bedb6d68
CPXPARAM_Threads                                 4
CPXPARAM_Emphasis_Memory                         1
CPXPARAM_TimeLimit                               999999
Tried aggregator 1 time.
Presolve has eliminated 77190 rows and 16257 columns...
LP Presolve eliminated 77190 rows and 16257 columns.
Reduced LP has 2673536 rows, 2538786 columns, and 72689215 nonzeros.
Presolve time = 73.59 sec. (15518.03 ticks)
Compression time = 18.55 sec. (5.06 ticks)
Compression reduced 1060.21 MB A matrix to 318.96 MB
Symmetry aggregator did 4473727 additional substitutions.
Elapsed time = 93.42 sec. (16247.18 ticks, 1 iterations)

Iteration log . . .
Iteration:     1   Dual objective     =             0.000000
Iteration:  1816   Dual objective     =           471.333333

Dual crossover.
  Dual:  Fixing 2907 variables.
     2906 DMoves:  Infeasibility  2.11514140e-12  Objective  4.73000000e+02
        0 DMoves:  Infeasibility  2.36242508e-12  Objective  4.73000000e+02
  Dual:  Pushed 43, exchanged 2864.
  Primal:  Fixing 2045 variables.
     2044 PMoves:  Infeasibility  6.93889390e-17  Objective  4.73000000e+02
        0 PMoves:  Infeasibility  3.19189120e-16  Objective  4.73000000e+02
  Primal:  Pushed 1850, exchanged 195.

Solution status from MIP model:
-- Processing time: 130.813 sec.
-- Memory used: 1684.75 MB
-- Best bound: inf
-- Obj value: 473
-- Gap: inf%
-- Total distance: 1419
-- Total tardiness: 0
-- Largest tardiness: 0
