#######################################
### Exact MIP solver for the HHCRSP ###
#######################################
-- Instance file: new-instances/HHCRSP_400_80_67_1.0_R_C.txt
-- Max threads: 4
-- Time limit: 999999 seconds
-- Use initial solution: No
Trivial flow violations prevented generating 2833634 variables.
Version identifier: 20.1.0.0 | 2020-11-10 | 9bedb6d68
CPXPARAM_Threads                                 4
CPXPARAM_Emphasis_Memory                         1
CPXPARAM_TimeLimit                               999999
Tried aggregator 1 time.
Presolve has eliminated 87678 rows and 21169 columns...
LP Presolve eliminated 87678 rows and 21169 columns.
Reduced LP has 3263274 rows, 3087992 columns, and 97945071 nonzeros.
Presolve time = 105.68 sec. (20733.20 ticks)
Compression time = 23.17 sec. (6.16 ticks)
Compression reduced 1398.66 MB A matrix to 419.65 MB
Symmetry aggregator did 5616935 additional substitutions.
Initializing dual steep norms . . .
Elapsed time = 130.44 sec. (21506.88 ticks, 1 iterations)

Iteration log . . .
Iteration:     1   Dual objective     =             0.000000
Iteration:  1785   Dual objective     =           308.000000

Dual crossover.
  Dual:  Fixing 2133 variables.
     2132 DMoves:  Infeasibility  7.95047361e-12  Objective  3.09000000e+02
        0 DMoves:  Infeasibility  3.99125177e-12  Objective  3.09000000e+02
  Dual:  Pushed 38, exchanged 2095.
  Primal:  Fixing 2512 variables.
     2511 PMoves:  Infeasibility  0.00000000e+00  Objective  3.09000000e+02
        0 PMoves:  Infeasibility  7.77156117e-16  Objective  3.09000000e+02
  Primal:  Pushed 2340, exchanged 172.

Solution status from MIP model:
-- Processing time: 174.423 sec.
-- Memory used: 2118.76 MB
-- Best bound: inf
-- Obj value: 309
-- Gap: inf%
-- Total distance: 927
-- Total tardiness: 0
-- Largest tardiness: 0
