#######################################
### Exact MIP solver for the HHCRSP ###
#######################################
-- Instance file: new-instances/HHCRSP_400_80_85_0.4_C_RC.txt
-- Max threads: 4
-- Time limit: 999999 seconds
-- Use initial solution: No
Trivial flow violations prevented generating 2660190 variables.
Version identifier: 20.1.0.0 | 2020-11-10 | 9bedb6d68
CPXPARAM_Threads                                 4
CPXPARAM_Emphasis_Memory                         1
CPXPARAM_TimeLimit                               999999
Tried aggregator 1 time.
Presolve has eliminated 76392 rows and 15774 columns...
LP Presolve eliminated 76392 rows and 15774 columns.
Reduced LP has 2633378 rows, 2501847 columns, and 69949808 nonzeros.
Presolve time = 67.26 sec. (14996.54 ticks)
Compression time = 16.73 sec. (4.99 ticks)
Compression reduced 1025.33 MB A matrix to 308.75 MB
Symmetry aggregator did 4392086 additional substitutions.
Elapsed time = 85.17 sec. (15714.58 ticks, 1 iterations)

Iteration log . . .
Iteration:     1   Dual objective     =             0.000000
Perturbation started.
Iteration:   909   Dual objective     =           438.666667
Removing perturbation.

Dual crossover.
  Dual:  Fixing 2957 variables.
     2956 DMoves:  Infeasibility  2.54885002e-12  Objective  5.03333333e+02
        0 DMoves:  Infeasibility  9.34641253e-13  Objective  5.03333333e+02
  Dual:  Pushed 92, exchanged 2865.
  Primal:  Fixing 1865 variables.
     1864 PMoves:  Infeasibility  8.32667268e-17  Objective  5.03333333e+02
        0 PMoves:  Infeasibility  6.10622664e-16  Objective  5.03333333e+02
  Primal:  Pushed 1666, exchanged 199.

Solution status from MIP model:
-- Processing time: 113.661 sec.
-- Memory used: 1656.87 MB
-- Best bound: inf
-- Obj value: 503.333
-- Gap: inf%
-- Total distance: 1510
-- Total tardiness: 0
-- Largest tardiness: 0
