#######################################
### Exact MIP solver for the HHCRSP ###
#######################################
-- Instance file: new-instances/HHCRSP_400_80_47_0.4_C_RC.txt
-- Max threads: 4
-- Time limit: 999999 seconds
-- Use initial solution: No
Trivial flow violations prevented generating 2789314 variables.
Version identifier: 20.1.0.0 | 2020-11-10 | 9bedb6d68
CPXPARAM_Threads                                 4
CPXPARAM_Emphasis_Memory                         1
CPXPARAM_TimeLimit                               999999
Tried aggregator 1 time.
Presolve has eliminated 83676 rows and 19030 columns...
LP Presolve eliminated 83676 rows and 19030 columns.
Reduced LP has 3020762 rows, 2863109 columns, and 86345906 nonzeros.
Presolve time = 93.68 sec. (18276.42 ticks)
Compression time = 23.05 sec. (5.71 ticks)
Compression reduced 1245.62 MB A matrix to 375.45 MB
Symmetry aggregator did 5147804 additional substitutions.
Elapsed time = 118.34 sec. (19072.88 ticks, 1 iterations)

Iteration log . . .
Iteration:     1   Dual objective     =             0.000000
Iteration:  1831   Dual objective     =           479.666667

Dual crossover.
  Dual:  Fixing 3327 variables.
     3326 DMoves:  Infeasibility  3.19372306e-12  Objective  4.81333333e+02
        0 DMoves:  Infeasibility  1.14985799e-12  Objective  4.81333333e+02
  Dual:  Pushed 69, exchanged 3258.
  Primal:  Fixing 2418 variables.
     2417 PMoves:  Infeasibility  2.77555756e-17  Objective  4.81333333e+02
        0 PMoves:  Infeasibility  4.16333634e-17  Objective  4.81333333e+02
  Primal:  Pushed 2217, exchanged 201.

Solution status from MIP model:
-- Processing time: 160.221 sec.
-- Memory used: 1949.38 MB
-- Best bound: inf
-- Obj value: 481.333
-- Gap: inf%
-- Total distance: 1444
-- Total tardiness: 0
-- Largest tardiness: 0
