#######################################
### Exact MIP solver for the HHCRSP ###
#######################################
-- Instance file: new-instances/HHCRSP_400_80_26_1.2_R_C.txt
-- Max threads: 4
-- Time limit: 999999 seconds
-- Use initial solution: No
Trivial flow violations prevented generating 2710733 variables.
Version identifier: 20.1.0.0 | 2020-11-10 | 9bedb6d68
CPXPARAM_Threads                                 4
CPXPARAM_Emphasis_Memory                         1
CPXPARAM_TimeLimit                               999999
Tried aggregator 1 time.
Presolve has eliminated 81048 rows and 18215 columns...
LP Presolve eliminated 81048 rows and 18215 columns.
Reduced LP has 2910686 rows, 2764023 columns, and 81254964 nonzeros.
Presolve time = 86.60 sec. (17330.69 ticks)
Compression time = 22.17 sec. (5.51 ticks)
Compression reduced 1178.38 MB A matrix to 354.34 MB
Symmetry aggregator did 4939074 additional substitutions.
Elapsed time = 110.15 sec. (18102.34 ticks, 1 iterations)

Iteration log . . .
Iteration:     1   Dual objective     =             0.000000
Iteration:  1849   Dual objective     =           347.833333

Dual crossover.
  Dual:  Fixing 2563 variables.
     2562 DMoves:  Infeasibility  3.03697682e-12  Objective  3.50333333e+02
        0 DMoves:  Infeasibility  1.70914083e-12  Objective  3.50333333e+02
  Dual:  Pushed 34, exchanged 2529.
  Primal:  Fixing 2321 variables.
     2320 PMoves:  Infeasibility  1.22124533e-15  Objective  3.50333333e+02
        0 PMoves:  Infeasibility  3.30985239e-15  Objective  3.50333333e+02
  Primal:  Pushed 2116, exchanged 205.

Solution status from MIP model:
-- Processing time: 148.173 sec.
-- Memory used: 1871.02 MB
-- Best bound: inf
-- Obj value: 350.333
-- Gap: inf%
-- Total distance: 1051
-- Total tardiness: 0
-- Largest tardiness: 0
