#######################################
### Exact MIP solver for the HHCRSP ###
#######################################
-- Instance file: new-instances/HHCRSP_400_80_47_1.0_R_RC.txt
-- Max threads: 4
-- Time limit: 999999 seconds
-- Use initial solution: No
Trivial flow violations prevented generating 2785304 variables.
Version identifier: 20.1.0.0 | 2020-11-10 | 9bedb6d68
CPXPARAM_Threads                                 4
CPXPARAM_Emphasis_Memory                         1
CPXPARAM_TimeLimit                               999999
Tried aggregator 1 time.
Presolve has eliminated 83694 rows and 19043 columns...
LP Presolve eliminated 83694 rows and 19043 columns.
Reduced LP has 3026730 rows, 2868312 columns, and 86775675 nonzeros.
Presolve time = 88.40 sec. (18386.65 ticks)
Compression time = 21.00 sec. (5.72 ticks)
Compression reduced 1250.93 MB A matrix to 377.08 MB
Symmetry aggregator did 5157855 additional substitutions.
Elapsed time = 110.86 sec. (19185.67 ticks, 1 iterations)

Iteration log . . .
Iteration:     1   Dual objective     =             0.000000
Iteration:  1791   Dual objective     =           423.666667

Dual crossover.
  Dual:  Fixing 2659 variables.
     2658 DMoves:  Infeasibility  3.16874305e-12  Objective  4.24333333e+02
        0 DMoves:  Infeasibility  1.87927451e-12  Objective  4.24333333e+02
  Dual:  Pushed 66, exchanged 2593.
  Primal:  Fixing 2392 variables.
     2391 PMoves:  Infeasibility  5.89805982e-16  Objective  4.24333333e+02
        0 PMoves:  Infeasibility  8.11850587e-16  Objective  4.24333333e+02
  Primal:  Pushed 2180, exchanged 212.

Solution status from MIP model:
-- Processing time: 150.725 sec.
-- Memory used: 1954.56 MB
-- Best bound: inf
-- Obj value: 424.333
-- Gap: inf%
-- Total distance: 1273
-- Total tardiness: 0
-- Largest tardiness: 0
