#######################################
### Exact MIP solver for the HHCRSP ###
#######################################
-- Instance file: new-instances/HHCRSP_400_80_97_1.2_R_C.txt
-- Max threads: 4
-- Time limit: 999999 seconds
-- Use initial solution: No
Trivial flow violations prevented generating 2819130 variables.
Version identifier: 20.1.0.0 | 2020-11-10 | 9bedb6d68
CPXPARAM_Threads                                 4
CPXPARAM_Emphasis_Memory                         1
CPXPARAM_TimeLimit                               999999
Tried aggregator 1 time.
Presolve has eliminated 87048 rows and 20905 columns...
LP Presolve eliminated 87048 rows and 20905 columns.
Reduced LP has 3233356 rows, 3060149 columns, and 96315302 nonzeros.
Presolve time = 94.96 sec. (20379.04 ticks)
Compression time = 21.27 sec. (6.11 ticks)
Compression reduced 1377.61 MB A matrix to 414.48 MB
Symmetry aggregator did 5560046 additional substitutions.
Elapsed time = 117.69 sec. (21222.99 ticks, 1 iterations)

Iteration log . . .
Iteration:     1   Dual objective     =             0.000000
Iteration:  1789   Dual objective     =           310.666667

Dual crossover.
  Dual:  Fixing 2704 variables.
     2703 DMoves:  Infeasibility  4.83540985e-12  Objective  3.13666667e+02
        0 DMoves:  Infeasibility  2.02812767e-12  Objective  3.13666667e+02
  Dual:  Pushed 55, exchanged 2649.
  Primal:  Fixing 2581 variables.
     2580 PMoves:  Infeasibility  8.32667268e-17  Objective  3.13666667e+02
        0 PMoves:  Infeasibility  1.59594560e-15  Objective  3.13666667e+02
  Primal:  Pushed 2380, exchanged 201.

Solution status from MIP model:
-- Processing time: 164.898 sec.
-- Memory used: 2096.09 MB
-- Best bound: inf
-- Obj value: 313.667
-- Gap: inf%
-- Total distance: 941
-- Total tardiness: 0
-- Largest tardiness: 0
