#######################################
### Exact MIP solver for the HHCRSP ###
#######################################
-- Instance file: new-instances/HHCRSP_400_80_15_1.2_R_C.txt
-- Max threads: 4
-- Time limit: 999999 seconds
-- Use initial solution: No
Trivial flow violations prevented generating 2731346 variables.
Version identifier: 20.1.0.0 | 2020-11-10 | 9bedb6d68
CPXPARAM_Threads                                 4
CPXPARAM_Emphasis_Memory                         1
CPXPARAM_TimeLimit                               999999
Tried aggregator 1 time.
Presolve has eliminated 79128 rows and 16554 columns...
LP Presolve eliminated 79128 rows and 16554 columns.
Reduced LP has 2752658 rows, 2614827 columns, and 73546864 nonzeros.
Presolve time = 72.58 sec. (15840.37 ticks)
Compression time = 19.28 sec. (5.21 ticks)
Compression reduced 1076.14 MB A matrix to 325.06 MB
Symmetry aggregator did 4627234 additional substitutions.
Elapsed time = 93.18 sec. (16575.43 ticks, 1 iterations)

Iteration log . . .
Iteration:     1   Dual objective     =             0.000000
Perturbation started.
Iteration:  1010   Dual objective     =           271.333333
Removing perturbation.

Dual crossover.
  Dual:  Fixing 2333 variables.
     2332 DMoves:  Infeasibility  1.51650914e-12  Objective  3.03666667e+02
        0 DMoves:  Infeasibility  1.13384302e-12  Objective  3.03666667e+02
  Dual:  Pushed 46, exchanged 2287.
  Primal:  Fixing 1862 variables.
     1861 PMoves:  Infeasibility  2.08166817e-16  Objective  3.03666667e+02
        0 PMoves:  Infeasibility  6.86950496e-16  Objective  3.03666667e+02
  Primal:  Pushed 1657, exchanged 205.

Solution status from MIP model:
-- Processing time: 124.644 sec.
-- Memory used: 1719.33 MB
-- Best bound: inf
-- Obj value: 303.667
-- Gap: inf%
-- Total distance: 911
-- Total tardiness: 0
-- Largest tardiness: 0
