#######################################
### Exact MIP solver for the HHCRSP ###
#######################################
-- Instance file: new-instances/HHCRSP_400_80_85_1.6_R_C.txt
-- Max threads: 4
-- Time limit: 999999 seconds
-- Use initial solution: No
Trivial flow violations prevented generating 2701732 variables.
Version identifier: 20.1.0.0 | 2020-11-10 | 9bedb6d68
CPXPARAM_Threads                                 4
CPXPARAM_Emphasis_Memory                         1
CPXPARAM_TimeLimit                               999999
Tried aggregator 1 time.
Presolve has eliminated 76020 rows and 15640 columns...
LP Presolve eliminated 76020 rows and 15640 columns.
Reduced LP has 2564772 rows, 2435515 columns, and 68460682 nonzeros.
Presolve time = 65.20 sec. (14754.51 ticks)
Compression time = 17.76 sec. (4.86 ticks)
Compression reduced 1002.72 MB A matrix to 302.17 MB
Symmetry aggregator did 4267220 additional substitutions.
Elapsed time = 84.16 sec. (15458.77 ticks, 1 iterations)

Iteration log . . .
Iteration:     1   Dual objective     =             0.000000
Perturbation started.
Iteration:  1010   Dual objective     =           272.333333
Removing perturbation.

Dual crossover.
  Dual:  Fixing 2243 variables.
     2242 DMoves:  Infeasibility  5.58292301e-12  Objective  3.09666667e+02
        0 DMoves:  Infeasibility  2.25784206e-12  Objective  3.09666667e+02
  Dual:  Pushed 62, exchanged 2181.
  Primal:  Fixing 1493 variables.
     1492 PMoves:  Infeasibility  1.38777878e-17  Objective  3.09666667e+02
        0 PMoves:  Infeasibility  1.38777878e-17  Objective  3.09666667e+02
  Primal:  Pushed 1331, exchanged 162.

Solution status from MIP model:
-- Processing time: 113.027 sec.
-- Memory used: 1621.75 MB
-- Best bound: inf
-- Obj value: 309.667
-- Gap: inf%
-- Total distance: 929
-- Total tardiness: 0
-- Largest tardiness: 0
