#######################################
### Exact MIP solver for the HHCRSP ###
#######################################
-- Instance file: new-instances/HHCRSP_400_80_69_1.0_C_RC.txt
-- Max threads: 4
-- Time limit: 999999 seconds
-- Use initial solution: No
Trivial flow violations prevented generating 2855571 variables.
Version identifier: 20.1.0.0 | 2020-11-10 | 9bedb6d68
CPXPARAM_Threads                                 4
CPXPARAM_Emphasis_Memory                         1
CPXPARAM_TimeLimit                               999999
Tried aggregator 1 time.
Presolve has eliminated 85782 rows and 19166 columns...
LP Presolve eliminated 85782 rows and 19166 columns.
Reduced LP has 3105968 rows, 2938620 columns, and 91346369 nonzeros.
Presolve time = 97.71 sec. (19260.47 ticks)
Compression time = 21.71 sec. (5.87 ticks)
Compression reduced 1309.71 MB A matrix to 395.13 MB
Symmetry aggregator did 5305673 additional substitutions.
Initializing dual steep norms . . .
Elapsed time = 120.83 sec. (20002.84 ticks, 1 iterations)

Iteration log . . .
Iteration:     1   Dual objective     =             0.000000
Iteration:  1791   Dual objective     =           479.333333

Dual crossover.
  Dual:  Fixing 3307 variables.
     3306 DMoves:  Infeasibility  2.43005616e-12  Objective  4.80666667e+02
        0 DMoves:  Infeasibility  1.15249477e-12  Objective  4.80666667e+02
  Dual:  Pushed 34, exchanged 3273.
  Primal:  Fixing 2123 variables.
     2122 PMoves:  Infeasibility  2.77555756e-17  Objective  4.80666667e+02
        0 PMoves:  Infeasibility  5.96744876e-16  Objective  4.80666667e+02
  Primal:  Pushed 1930, exchanged 193.

Solution status from MIP model:
-- Processing time: 163.482 sec.
-- Memory used: 2015.84 MB
-- Best bound: inf
-- Obj value: 480.667
-- Gap: inf%
-- Total distance: 1442
-- Total tardiness: 0
-- Largest tardiness: 0
