#######################################
### Exact MIP solver for the HHCRSP ###
#######################################
-- Instance file: new-instances/HHCRSP_400_80_17_1.0_R_R.txt
-- Max threads: 4
-- Time limit: 999999 seconds
-- Use initial solution: No
Trivial flow violations prevented generating 2766091 variables.
Version identifier: 20.1.0.0 | 2020-11-10 | 9bedb6d68
CPXPARAM_Threads                                 4
CPXPARAM_Emphasis_Memory                         1
CPXPARAM_TimeLimit                               999999
Tried aggregator 1 time.
Presolve has eliminated 85686 rows and 20568 columns...
LP Presolve eliminated 85686 rows and 20568 columns.
Reduced LP has 3187416 rows, 3021068 columns, and 93454639 nonzeros.
Presolve time = 99.46 sec. (19761.04 ticks)
Compression time = 22.40 sec. (6.02 ticks)
Compression reduced 1340.71 MB A matrix to 403.48 MB
Symmetry aggregator did 5470977 additional substitutions.
Initializing dual steep norms . . .
Elapsed time = 123.40 sec. (20514.77 ticks, 1 iterations)

Iteration log . . .
Iteration:     1   Dual objective     =             0.333333
Iteration:  1826   Dual objective     =           510.000000

Dual crossover.
  Dual:  Fixing 3188 variables.
     3187 DMoves:  Infeasibility  3.26777496e-12  Objective  5.11000000e+02
        0 DMoves:  Infeasibility  1.53227433e-12  Objective  5.11000000e+02
  Dual:  Pushed 113, exchanged 3075.
  Primal:  Fixing 2873 variables.
     2872 PMoves:  Infeasibility  1.24900090e-15  Objective  5.11000000e+02
        0 PMoves:  Infeasibility  1.48492330e-15  Objective  5.11000000e+02
  Primal:  Pushed 2634, exchanged 239.

Solution status from MIP model:
-- Processing time: 170.152 sec.
-- Memory used: 2063.03 MB
-- Best bound: inf
-- Obj value: 511
-- Gap: inf%
-- Total distance: 1533
-- Total tardiness: 0
-- Largest tardiness: 0
