#######################################
### Exact MIP solver for the HHCRSP ###
#######################################
-- Instance file: new-instances/HHCRSP_400_80_89_1.0_R_C.txt
-- Max threads: 4
-- Time limit: 999999 seconds
-- Use initial solution: No
Trivial flow violations prevented generating 2825193 variables.
Version identifier: 20.1.0.0 | 2020-11-10 | 9bedb6d68
CPXPARAM_Threads                                 4
CPXPARAM_Emphasis_Memory                         1
CPXPARAM_TimeLimit                               999999
Tried aggregator 1 time.
Presolve has eliminated 83316 rows and 17502 columns...
LP Presolve eliminated 83316 rows and 17502 columns.
Reduced LP has 2960922 rows, 2802633 columns, and 85297870 nonzeros.
Presolve time = 87.60 sec. (18127.38 ticks)
Compression time = 20.53 sec. (5.59 ticks)
Compression reduced 1228.26 MB A matrix to 369.63 MB
Symmetry aggregator did 5016128 additional substitutions.
Elapsed time = 109.56 sec. (18922.59 ticks, 1 iterations)

Iteration log . . .
Iteration:     1   Dual objective     =             0.000000
Iteration:  1834   Dual objective     =           359.666667

Dual crossover.
  Dual:  Fixing 3013 variables.
     3012 DMoves:  Infeasibility  4.16539025e-12  Objective  3.62000000e+02
        0 DMoves:  Infeasibility  2.53818263e-12  Objective  3.62000000e+02
  Dual:  Pushed 62, exchanged 2951.
  Primal:  Fixing 1811 variables.
     1810 PMoves:  Infeasibility  1.71390679e-15  Objective  3.62000000e+02
        0 PMoves:  Infeasibility  2.37657116e-15  Objective  3.62000000e+02
  Primal:  Pushed 1622, exchanged 189.

Solution status from MIP model:
-- Processing time: 149.537 sec.
-- Memory used: 1921.07 MB
-- Best bound: inf
-- Obj value: 362
-- Gap: inf%
-- Total distance: 1086
-- Total tardiness: 0
-- Largest tardiness: 0
