--- BRKGA-MP-IPR for HHCRSP ---
Instance: new-instances/HHCRSP_100_20_2_0.8_R_RC.txt
Seed: 1

Reading data... Problem contains 100 patients  and 20 caregivers.

Summary of supply x demand for each service type:
Skill 0 has supply = 4 and demand = 15, ratio = 0.266667
Skill 1 has supply = 7 and demand = 32, ratio = 0.21875
Skill 2 has supply = 5 and demand = 22, ratio = 0.227273
Skill 3 has supply = 8 and demand = 23, ratio = 0.347826
Skill 4 has supply = 6 and demand = 15, ratio = 0.4
Skill 5 has supply = 7 and demand = 23, ratio = 0.304348

Reading parameters...
Inferred distance function by PR type: kendall-tau
Building BRKGA data and initializing...
Evolving 448 generations...

  Gens  Rem    Local   ElDiv NoImpr             Best solution            Time  Op
                                       Cost     Dist    Tard    TMax 
*    0  448  3731.33  290.79      0  3731.33  2523.00  8228.0   443.0     0.0    
*    2  446  3470.33  304.84      0  3470.33  2433.00  7239.0   388.0     0.0    
*    3  445  3353.33  284.14      0  3353.33  2462.00  5409.0   376.0     0.0    
*    4  444  2749.00  300.21      0  2749.00  2408.00  4904.0   411.0     0.0    
*    5  443  2574.33  265.26      0  2574.33  2393.00  4099.0   311.0     0.0    
*    6  442  2267.67  222.65      0  2267.67  2393.00  4099.0   311.0     0.0    
*    8  440  1930.67  234.83      0  1930.67  2441.00  2665.0   247.0     0.0    
*    9  439  1784.33  216.47      0  1784.33  2328.00  2577.0   323.0     0.0    
*   10  438  1742.67  180.44      0  1742.67  2447.00  2478.0   249.0     0.0    
*   11  437  1724.67  132.41      0  1724.67  2315.00  2409.0   285.0     0.0    
*   12  436  1669.67  120.78      0  1669.67  2414.00  1874.0   284.0     0.0    
*   13  435  1524.00  123.78      0  1524.00  2193.00  1952.0   242.0     0.0    
*   14  434  1462.33  133.46      0  1462.33  2254.00  1424.0   236.0     0.0    
*   15  433  1304.67  116.06      0  1304.67  2409.00  1101.0   245.0     0.0    
*   16  432  1251.67  110.07      0  1251.67  2296.00  1056.0   244.0     0.0    

  Gens  Rem    Local   ElDiv NoImpr             Best solution            Time  Op
                                       Cost     Dist    Tard    TMax 
*   17  431  1198.67  119.88      0  1198.67  2275.00   938.0   192.0     0.0    
*   18  430  1135.00   95.37      0  1135.00  2275.00   938.0   192.0     0.1    
*   20  428  1132.67   62.90      0  1132.67  2236.00   788.0   222.0     0.1    
*   21  427  1082.00   56.49      0  1082.00  2215.00   743.0   278.0     0.1    
*   22  426  1078.67   68.23      0  1078.67  2220.00   596.0   164.0     0.1    
*   23  425   993.33   64.69      0   993.33  2277.00   533.0   110.0     0.1    
*   24  424   973.33   57.61      0   973.33  2240.00   418.0   214.0     0.1    
*   25  423   957.33   51.74      0   957.33  2194.00   470.0   181.0     0.1    
*   26  422   948.33   50.65      0   948.33  2178.00   469.0   125.0     0.1    
*   27  421   924.00   47.93      0   924.00  2316.00   290.0    69.0     0.1    
*   28  420   891.67   38.63      0   891.67  2316.00   290.0    69.0     0.1    
*   30  418   829.67   35.44      0   829.67  2211.00   224.0    54.0     0.1    
*   32  416   806.67   35.23      0   806.67  2287.00   107.0    26.0     0.1    
*   34  414   793.33   36.22      0   793.33  2266.00    67.0    34.0     0.1    
*   35  413   789.00   33.87      0   789.00  2266.00    67.0    34.0     0.1    
*   37  411   778.67   34.46      0   778.67  2182.00    58.0    12.0     0.1    

  Gens  Rem    Local   ElDiv NoImpr             Best solution            Time  Op
                                       Cost     Dist    Tard    TMax 
*   38  410   750.67   33.92      0   750.67  2094.00    81.0    44.0     0.1    
*   39  409   739.67   31.54      0   739.67  2094.00    81.0    44.0     0.1    
*   47  401   692.67   17.08      0   692.67  2052.00    21.0     5.0     0.1    
*   49  399   688.33   18.70      0   688.33  1962.00    68.0    35.0     0.1    
    50  398   688.33   19.42      1   688.33  1962.00    68.0    35.0     0.1    
*   60  388   679.67   15.40      0   679.67  1996.00    30.0    13.0     0.2    
*   66  382   662.00   13.07      0   662.00  1960.00    19.0     7.0     0.2    
*   72  376   655.00   11.36      0   655.00  1939.00    19.0     7.0     0.2    
*   76  372   654.00   10.59      0   654.00  1920.00    26.0    16.0     0.2    
*   83  365   650.00   10.60      0   650.00  1938.00     9.0     3.0     0.2    
*   90  358   649.00    8.21      0   649.00  1885.00    43.0    19.0     0.2    
*   92  356   642.33    8.44      0   642.33  1915.00     9.0     3.0     0.2    
*   96  352   630.67    9.97      0   630.67  1853.00    12.0     3.0     0.3    
Path relinking result: too homogeneous.
    96  352   622.67    9.97      0   630.67  1853.00    12.0     3.0     0.3   P
*   97  351   622.67    9.31      0   622.67  1853.00    12.0     3.0     0.3    
   100  348   622.67    8.50      3   622.67  1853.00    12.0     3.0     0.3    

  Gens  Rem    Local   ElDiv NoImpr             Best solution            Time  Op
                                       Cost     Dist    Tard    TMax 
*  116  332   619.00    5.17      0   619.00  1809.00    34.0    14.0     0.3    
*  118  330   618.00    4.94      0   618.00  1843.00     8.0     3.0     0.3    
*  125  323   614.33    3.77      0   614.33  1826.00    12.0     5.0     0.3    
*  128  320   609.00    3.69      0   609.00  1815.00     9.0     3.0     0.3    
*  133  315   604.67    3.74      0   604.67  1802.00     9.0     3.0     0.3    
*  141  307   604.33    1.94      0   604.33  1797.00     9.0     3.0     0.4    
*  142  306   603.00    1.63      0   603.00  1797.00     9.0     3.0     0.4    
*  144  304   601.67    1.27      0   601.67  1787.00    13.0     4.0     0.4    
*  145  303   601.33    1.10      0   601.33  1787.00    13.0     4.0     0.4    
*  147  301   600.33    1.02      0   600.33  1789.00     9.0     3.0     0.4    
   150  298   600.33    0.75      3   600.33  1789.00     9.0     3.0     0.4    
*  153  295   599.67    0.63      0   599.67  1786.00     9.0     3.0     0.4    
*  154  294   599.33    0.58      0   599.33  1785.00     9.0     3.0     0.4    
*  155  293   599.00    0.53      0   599.00  1784.00     9.0     3.0     0.4    
*  156  292   598.67    0.43      0   598.67  1784.00     9.0     3.0     0.4    
*  158  290   598.00    0.45      0   598.00  1782.00     9.0     3.0     0.4    

  Gens  Rem    Local   ElDiv NoImpr             Best solution            Time  Op
                                       Cost     Dist    Tard    TMax 
*  160  288   596.67    0.38      0   596.67  1778.00     9.0     3.0     0.4    
*  165  283   596.00    0.45      0   596.00  1776.00     9.0     3.0     0.4    
*  172  276   594.67    0.16      0   594.67  1772.00     9.0     3.0     0.4    
Path relinking result: too homogeneous.
   192  256   594.67    0.00     21   594.67  1772.00     9.0     3.0     0.5   P
   200  248   594.67    0.00     28   594.67  1772.00     9.0     3.0     0.5    
*  234  214   594.00    0.16      0   594.00  1771.00     8.0     3.0     0.6    
   250  198   594.00    0.00     16   594.00  1771.00     8.0     3.0     0.6    
*  258  190   593.00    0.21      0   593.00  1768.00     8.0     3.0     0.7    
*  268  180   592.00    0.17      0   592.00  1765.00     8.0     3.0     0.7    
*  274  174   590.67    0.16      0   590.67  1761.00     8.0     3.0     0.7    
Path relinking result: too homogeneous.
   288  160   590.67    0.00     15   590.67  1761.00     8.0     3.0     0.7   P
   300  148   590.67    0.00     26   590.67  1761.00     8.0     3.0     0.7    
*  313  135   587.67    0.52      0   587.67  1752.00     8.0     3.0     0.8    
*  322  126   587.00    0.08      0   587.00  1750.00     8.0     3.0     0.8    
   350   98   587.00    0.00     28   587.00  1750.00     8.0     3.0     0.9    
Path relinking result: too homogeneous.
   384   64   587.00    0.00     63   587.00  1750.00     8.0     3.0     0.9   P

  Gens  Rem    Local   ElDiv NoImpr             Best solution            Time  Op
                                       Cost     Dist    Tard    TMax 
   389   59      inf  423.90      0   587.00  1750.00     8.0     3.0     0.9   R
   390   58  3143.00  364.34      0   587.00  1750.00     8.0     3.0     0.9    
   400   48  2155.33  193.70      2   587.00  1750.00     8.0     3.0     1.0    
   448    0   690.67   15.36      1   587.00  1750.00     8.0     3.0     1.1    
Evolutionary process finished.
Solution written to 'solution-18852.txt'.

Sorted sequence of worst to best tardiness value:
Task for patient = 76 with skills = {5,-1} and cost = 384.7
   Vehicle #0 = 12, leaving at = 829.0
   Vehicle #1 = -1, leaving at = inf
   Increment on distance indicator: 25.0
   Increment on tard indicator:     22.0
   Value of tmax indicator:         25.0

Task for patient = 25 with skills = {1,4} and cost = 418.7
   Vehicle #0 = 8, leaving at = 1008.0
   Vehicle #1 = 10, leaving at = 979.0
   Increment on distance indicator: 23.0
   Increment on tard indicator:     0.0
   Value of tmax indicator:         23.0

Task for patient = 48 with skills = {3,-1} and cost = 411.0
   Vehicle #0 = 18, leaving at = 708.0
   Vehicle #1 = -1, leaving at = inf
   Increment on distance indicator: 18.0
   Increment on tard indicator:     0.0
   Value of tmax indicator:         18.0

Task for patient = 49 with skills = {5,-1} and cost = 405.0
   Vehicle #0 = 10, leaving at = 882.0
   Vehicle #1 = -1, leaving at = inf
   Increment on distance indicator: 7.0
   Increment on tard indicator:     0.0
   Value of tmax indicator:         7.0

Task for patient = 71 with skills = {3,-1} and cost = 402.7
   Vehicle #0 = 19, leaving at = 912.0
   Vehicle #1 = -1, leaving at = inf
   Increment on distance indicator: 9.0
   Increment on tard indicator:     0.0
   Value of tmax indicator:         9.0

Task for patient = 38 with skills = {3,-1} and cost = 399.7
   Vehicle #0 = 10, leaving at = 827.0
   Vehicle #1 = -1, leaving at = inf
   Increment on distance indicator: 12.0
   Increment on tard indicator:     0.0
   Value of tmax indicator:         12.0

Task for patient = 37 with skills = {5,-1} and cost = 395.7
   Vehicle #0 = 11, leaving at = 905.0
   Vehicle #1 = -1, leaving at = inf
   Increment on distance indicator: 5.0
   Increment on tard indicator:     0.0
   Value of tmax indicator:         5.0

Task for patient = 1 with skills = {3,-1} and cost = 394.0
   Vehicle #0 = 14, leaving at = 845.0
   Vehicle #1 = -1, leaving at = inf
   Increment on distance indicator: 10.0
   Increment on tard indicator:     0.0
   Value of tmax indicator:         10.0

Task for patient = 14 with skills = {1,-1} and cost = 390.7
   Vehicle #0 = 6, leaving at = 902.0
   Vehicle #1 = -1, leaving at = inf
   Increment on distance indicator: 6.0
   Increment on tard indicator:     0.0
   Value of tmax indicator:         6.0

Task for patient = 60 with skills = {2,-1} and cost = 388.7
   Vehicle #0 = 0, leaving at = 967.0
   Vehicle #1 = -1, leaving at = inf
   Increment on distance indicator: 12.0
   Increment on tard indicator:     0.0
   Value of tmax indicator:         12.0

Task for patient = 31 with skills = {3,-1} and cost = 361.7
   Vehicle #0 = 15, leaving at = 835.0
   Vehicle #1 = -1, leaving at = inf
   Increment on distance indicator: 11.0
   Increment on tard indicator:     0.0
   Value of tmax indicator:         11.0

Task for patient = 7 with skills = {5,-1} and cost = 568.7
   Vehicle #0 = 16, leaving at = 1048.0
   Vehicle #1 = -1, leaving at = inf
   Increment on distance indicator: 17.0
   Increment on tard indicator:     0.0
   Value of tmax indicator:         17.0

Task for patient = 91 with skills = {4,-1} and cost = 356.3
   Vehicle #0 = 11, leaving at = 871.0
   Vehicle #1 = -1, leaving at = inf
   Increment on distance indicator: 7.0
   Increment on tard indicator:     0.0
   Value of tmax indicator:         7.0

Task for patient = 5 with skills = {1,4} and cost = 354.0
   Vehicle #0 = 9, leaving at = 833.0
   Vehicle #1 = 19, leaving at = 854.0
   Increment on distance indicator: 15.0
   Increment on tard indicator:     0.0
   Value of tmax indicator:         15.0

Task for patient = 66 with skills = {1,-1} and cost = 349.0
   Vehicle #0 = 9, leaving at = 811.0
   Vehicle #1 = -1, leaving at = inf
   Increment on distance indicator: 9.0
   Increment on tard indicator:     0.0
   Value of tmax indicator:         9.0

Task for patient = 69 with skills = {2,-1} and cost = 346.0
   Vehicle #0 = 0, leaving at = 776.0
   Vehicle #1 = -1, leaving at = inf
   Increment on distance indicator: 16.0
   Increment on tard indicator:     0.0
   Value of tmax indicator:         16.0

Task for patient = 92 with skills = {5,-1} and cost = 340.7
   Vehicle #0 = 16, leaving at = 858.0
   Vehicle #1 = -1, leaving at = inf
   Increment on distance indicator: 19.0
   Increment on tard indicator:     0.0
   Value of tmax indicator:         19.0

Task for patient = 10 with skills = {0,-1} and cost = 334.3
   Vehicle #0 = 2, leaving at = 743.0
   Vehicle #1 = -1, leaving at = inf
   Increment on distance indicator: 15.0
   Increment on tard indicator:     0.0
   Value of tmax indicator:         15.0

Task for patient = 41 with skills = {2,-1} and cost = 329.3
   Vehicle #0 = 0, leaving at = 734.0
   Vehicle #1 = -1, leaving at = inf
   Increment on distance indicator: 23.0
   Increment on tard indicator:     0.0
   Value of tmax indicator:         23.0

Task for patient = 27 with skills = {3,-1} and cost = 321.7
   Vehicle #0 = 14, leaving at = 776.0
   Vehicle #1 = -1, leaving at = inf
   Increment on distance indicator: 17.0
   Increment on tard indicator:     0.0
   Value of tmax indicator:         17.0

Task for patient = 56 with skills = {1,-1} and cost = 316.0
   Vehicle #0 = 6, leaving at = 706.0
   Vehicle #1 = -1, leaving at = inf
   Increment on distance indicator: 5.0
   Increment on tard indicator:     0.0
   Value of tmax indicator:         5.0

Task for patient = 96 with skills = {2,-1} and cost = 314.3
   Vehicle #0 = 9, leaving at = 779.0
   Vehicle #1 = -1, leaving at = inf
   Increment on distance indicator: 7.0
   Increment on tard indicator:     0.0
   Value of tmax indicator:         7.0

Task for patient = 21 with skills = {3,-1} and cost = 312.0
   Vehicle #0 = 14, leaving at = 744.0
   Vehicle #1 = -1, leaving at = inf
   Increment on distance indicator: 12.0
   Increment on tard indicator:     0.0
   Value of tmax indicator:         12.0

Task for patient = 53 with skills = {1,-1} and cost = 308.0
   Vehicle #0 = 9, leaving at = 731.0
   Vehicle #1 = -1, leaving at = inf
   Increment on distance indicator: 12.0
   Increment on tard indicator:     0.0
   Value of tmax indicator:         12.0

Task for patient = 23 with skills = {1,-1} and cost = 358.0
   Vehicle #0 = 6, leaving at = 868.0
   Vehicle #1 = -1, leaving at = inf
   Increment on distance indicator: 5.0
   Increment on tard indicator:     0.0
   Value of tmax indicator:         5.0

Task for patient = 13 with skills = {1,3} and cost = 563.0
   Vehicle #0 = 5, leaving at = 925.0
   Vehicle #1 = 18, leaving at = 938.0
   Increment on distance indicator: 8.0
   Increment on tard indicator:     0.0
   Value of tmax indicator:         8.0

Task for patient = 79 with skills = {0,3} and cost = 560.3
   Vehicle #0 = 2, leaving at = 1025.0
   Vehicle #1 = 14, leaving at = 1029.0
   Increment on distance indicator: 27.0
   Increment on tard indicator:     0.0
   Value of tmax indicator:         27.0

Task for patient = 40 with skills = {1,-1} and cost = 551.3
   Vehicle #0 = 5, leaving at = 889.0
   Vehicle #1 = -1, leaving at = inf
   Increment on distance indicator: 23.0
   Increment on tard indicator:     0.0
   Value of tmax indicator:         23.0

Task for patient = 95 with skills = {2,-1} and cost = 543.7
   Vehicle #0 = 7, leaving at = 942.0
   Vehicle #1 = -1, leaving at = inf
   Increment on distance indicator: 20.0
   Increment on tard indicator:     0.0
   Value of tmax indicator:         20.0

Task for patient = 11 with skills = {3,-1} and cost = 537.0
   Vehicle #0 = 14, leaving at = 983.0
   Vehicle #1 = -1, leaving at = inf
   Increment on distance indicator: 7.0
   Increment on tard indicator:     0.0
   Value of tmax indicator:         7.0

Task for patient = 24 with skills = {3,-1} and cost = 534.7
   Vehicle #0 = 14, leaving at = 941.0
   Vehicle #1 = -1, leaving at = inf
   Increment on distance indicator: 15.0
   Increment on tard indicator:     0.0
   Value of tmax indicator:         15.0

Task for patient = 93 with skills = {0,3} and cost = 529.7
   Vehicle #0 = 1, leaving at = 923.0
   Vehicle #1 = 19, leaving at = 962.0
   Increment on distance indicator: 21.0
   Increment on tard indicator:     0.0
   Value of tmax indicator:         21.0

Task for patient = 3 with skills = {1,-1} and cost = 522.7
   Vehicle #0 = 5, leaving at = 815.0
   Vehicle #1 = -1, leaving at = inf
   Increment on distance indicator: 3.0
   Increment on tard indicator:     0.0
   Value of tmax indicator:         3.0

Task for patient = 16 with skills = {0,-1} and cost = 521.7
   Vehicle #0 = 2, leaving at = 972.0
   Vehicle #1 = -1, leaving at = inf
   Increment on distance indicator: 15.0
   Increment on tard indicator:     0.0
   Value of tmax indicator:         15.0

Task for patient = 81 with skills = {4,-1} and cost = 516.7
   Vehicle #0 = 11, leaving at = 929.0
   Vehicle #1 = -1, leaving at = inf
   Increment on distance indicator: 4.0
   Increment on tard indicator:     0.0
   Value of tmax indicator:         4.0

Task for patient = 46 with skills = {1,5} and cost = 515.3
   Vehicle #0 = 6, leaving at = 1004.0
   Vehicle #1 = 12, leaving at = 1034.0
   Increment on distance indicator: 22.0
   Increment on tard indicator:     0.0
   Value of tmax indicator:         22.0

Task for patient = 54 with skills = {1,4} and cost = 429.3
   Vehicle #0 = 9, leaving at = 881.0
   Vehicle #1 = 15, leaving at = 883.0
   Increment on distance indicator: 32.0
   Increment on tard indicator:     0.0
   Value of tmax indicator:         32.0

Task for patient = 59 with skills = {1,5} and cost = 500.3
   Vehicle #0 = 6, leaving at = 968.0
   Vehicle #1 = 12, leaving at = 947.0
   Increment on distance indicator: 20.0
   Increment on tard indicator:     0.0
   Value of tmax indicator:         20.0

Task for patient = 9 with skills = {5,-1} and cost = 493.7
   Vehicle #0 = 17, leaving at = 968.0
   Vehicle #1 = -1, leaving at = inf
   Increment on distance indicator: 23.0
   Increment on tard indicator:     0.0
   Value of tmax indicator:         23.0

Task for patient = 22 with skills = {3,-1} and cost = 486.0
   Vehicle #0 = 17, leaving at = 911.0
   Vehicle #1 = -1, leaving at = inf
   Increment on distance indicator: 13.0
   Increment on tard indicator:     0.0
   Value of tmax indicator:         13.0

Task for patient = 85 with skills = {5,-1} and cost = 481.7
   Vehicle #0 = 13, leaving at = 1066.0
   Vehicle #1 = -1, leaving at = inf
   Increment on distance indicator: 4.0
   Increment on tard indicator:     0.0
   Value of tmax indicator:         4.0

Task for patient = 57 with skills = {2,-1} and cost = 480.3
   Vehicle #0 = 1, leaving at = 866.0
   Vehicle #1 = -1, leaving at = inf
   Increment on distance indicator: 42.0
   Increment on tard indicator:     0.0
   Value of tmax indicator:         42.0

Task for patient = 67 with skills = {2,-1} and cost = 466.3
   Vehicle #0 = 7, leaving at = 878.0
   Vehicle #1 = -1, leaving at = inf
   Increment on distance indicator: 27.0
   Increment on tard indicator:     0.0
   Value of tmax indicator:         27.0

Task for patient = 78 with skills = {1,-1} and cost = 457.3
   Vehicle #0 = 4, leaving at = 984.0
   Vehicle #1 = -1, leaving at = inf
   Increment on distance indicator: 8.0
   Increment on tard indicator:     0.0
   Value of tmax indicator:         8.0

Task for patient = 30 with skills = {2,5} and cost = 454.7
   Vehicle #0 = 3, leaving at = 936.0
   Vehicle #1 = 16, leaving at = 973.0
   Increment on distance indicator: 20.0
   Increment on tard indicator:     0.0
   Value of tmax indicator:         20.0

Task for patient = 90 with skills = {5,-1} and cost = 448.0
   Vehicle #0 = 13, leaving at = 1022.0
   Vehicle #1 = -1, leaving at = inf
   Increment on distance indicator: 1.0
   Increment on tard indicator:     0.0
   Value of tmax indicator:         1.0

Task for patient = 28 with skills = {1,3} and cost = 447.7
   Vehicle #0 = 4, leaving at = 851.0
   Vehicle #1 = 17, leaving at = 862.0
   Increment on distance indicator: 16.0
   Increment on tard indicator:     0.0
   Value of tmax indicator:         16.0

Task for patient = 44 with skills = {1,5} and cost = 442.3
   Vehicle #0 = 3, leaving at = 869.0
   Vehicle #1 = 16, leaving at = 918.0
   Increment on distance indicator: 23.0
   Increment on tard indicator:     0.0
   Value of tmax indicator:         23.0

Task for patient = 74 with skills = {2,4} and cost = 434.7
   Vehicle #0 = 9, leaving at = 935.0
   Vehicle #1 = 15, leaving at = 949.0
   Increment on distance indicator: 16.0
   Increment on tard indicator:     0.0
   Value of tmax indicator:         16.0

Task for patient = 65 with skills = {2,-1} and cost = 508.0
   Vehicle #0 = 3, leaving at = 1018.0
   Vehicle #1 = -1, leaving at = inf
   Increment on distance indicator: 23.0
   Increment on tard indicator:     0.0
   Value of tmax indicator:         23.0

Task for patient = 64 with skills = {2,-1} and cost = 171.0
   Vehicle #0 = 7, leaving at = 578.0
   Vehicle #1 = -1, leaving at = inf
   Increment on distance indicator: 26.0
   Increment on tard indicator:     0.0
   Value of tmax indicator:         26.0

Task for patient = 15 with skills = {0,-1} and cost = 162.3
   Vehicle #0 = 8, leaving at = 565.0
   Vehicle #1 = -1, leaving at = inf
   Increment on distance indicator: 19.0
   Increment on tard indicator:     0.0
   Value of tmax indicator:         19.0

Task for patient = 73 with skills = {1,-1} and cost = 156.0
   Vehicle #0 = 6, leaving at = 632.0
   Vehicle #1 = -1, leaving at = inf
   Increment on distance indicator: 9.0
   Increment on tard indicator:     0.0
   Value of tmax indicator:         9.0

Task for patient = 62 with skills = {2,-1} and cost = 153.0
   Vehicle #0 = 0, leaving at = 682.0
   Vehicle #1 = -1, leaving at = inf
   Increment on distance indicator: 19.0
   Increment on tard indicator:     0.0
   Value of tmax indicator:         19.0

Task for patient = 84 with skills = {0,-1} and cost = 146.7
   Vehicle #0 = 2, leaving at = 638.0
   Vehicle #1 = -1, leaving at = inf
   Increment on distance indicator: 22.0
   Increment on tard indicator:     0.0
   Value of tmax indicator:         22.0

Task for patient = 45 with skills = {2,-1} and cost = 139.3
   Vehicle #0 = 0, leaving at = 615.0
   Vehicle #1 = -1, leaving at = inf
   Increment on distance indicator: 8.0
   Increment on tard indicator:     0.0
   Value of tmax indicator:         8.0

Task for patient = 70 with skills = {1,4} and cost = 136.7
   Vehicle #0 = 3, leaving at = 663.0
   Vehicle #1 = 13, leaving at = 670.0
   Increment on distance indicator: 45.0
   Increment on tard indicator:     0.0
   Value of tmax indicator:         45.0

Task for patient = 8 with skills = {0,-1} and cost = 121.7
   Vehicle #0 = 2, leaving at = 561.0
   Vehicle #1 = -1, leaving at = inf
   Increment on distance indicator: 32.0
   Increment on tard indicator:     0.0
   Value of tmax indicator:         32.0

Task for patient = 94 with skills = {1,-1} and cost = 111.0
   Vehicle #0 = 6, leaving at = 598.0
   Vehicle #1 = -1, leaving at = inf
   Increment on distance indicator: 12.0
   Increment on tard indicator:     0.0
   Value of tmax indicator:         12.0

Task for patient = 34 with skills = {1,4} and cost = 107.0
   Vehicle #0 = 3, leaving at = 601.0
   Vehicle #1 = 15, leaving at = 593.0
   Increment on distance indicator: 22.0
   Increment on tard indicator:     0.0
   Value of tmax indicator:         22.0

Task for patient = 29 with skills = {2,-1} and cost = 99.7
   Vehicle #0 = 1, leaving at = 750.0
   Vehicle #1 = -1, leaving at = inf
   Increment on distance indicator: 14.0
   Increment on tard indicator:     0.0
   Value of tmax indicator:         14.0

Task for patient = 12 with skills = {1,5} and cost = 304.0
   Vehicle #0 = 8, leaving at = 804.0
   Vehicle #1 = 17, leaving at = 794.0
   Increment on distance indicator: 19.0
   Increment on tard indicator:     0.0
   Value of tmax indicator:         19.0

Task for patient = 52 with skills = {1,5} and cost = 93.7
   Vehicle #0 = 4, leaving at = 697.0
   Vehicle #1 = 11, leaving at = 696.0
   Increment on distance indicator: 14.0
   Increment on tard indicator:     0.0
   Value of tmax indicator:         14.0

Task for patient = 35 with skills = {0,3} and cost = 89.0
   Vehicle #0 = 3, leaving at = 564.0
   Vehicle #1 = 14, leaving at = 589.0
   Increment on distance indicator: 28.0
   Increment on tard indicator:     0.0
   Value of tmax indicator:         28.0

Task for patient = 82 with skills = {1,-1} and cost = 79.7
   Vehicle #0 = 6, leaving at = 530.0
   Vehicle #1 = -1, leaving at = inf
   Increment on distance indicator: 9.0
   Increment on tard indicator:     0.0
   Value of tmax indicator:         9.0

Task for patient = 97 with skills = {1,5} and cost = 76.7
   Vehicle #0 = 5, leaving at = 565.0
   Vehicle #1 = 12, leaving at = 545.0
   Increment on distance indicator: 28.0
   Increment on tard indicator:     0.0
   Value of tmax indicator:         28.0

Task for patient = 20 with skills = {5,-1} and cost = 67.3
   Vehicle #0 = 11, leaving at = 639.0
   Vehicle #1 = -1, leaving at = inf
   Increment on distance indicator: 3.0
   Increment on tard indicator:     0.0
   Value of tmax indicator:         3.0

Task for patient = 89 with skills = {4,-1} and cost = 66.3
   Vehicle #0 = 10, leaving at = 758.0
   Vehicle #1 = -1, leaving at = inf
   Increment on distance indicator: 6.0
   Increment on tard indicator:     0.0
   Value of tmax indicator:         6.0

Task for patient = 87 with skills = {1,5} and cost = 64.3
   Vehicle #0 = 4, leaving at = 532.0
   Vehicle #1 = 11, leaving at = 554.0
   Increment on distance indicator: 42.0
   Increment on tard indicator:     0.0
   Value of tmax indicator:         42.0

Task for patient = 61 with skills = {0,4} and cost = 50.3
   Vehicle #0 = 1, leaving at = 618.0
   Vehicle #1 = 13, leaving at = 630.0
   Increment on distance indicator: 26.0
   Increment on tard indicator:     0.0
   Value of tmax indicator:         26.0

Task for patient = 43 with skills = {1,-1} and cost = 41.7
   Vehicle #0 = 3, leaving at = 530.0
   Vehicle #1 = -1, leaving at = inf
   Increment on distance indicator: 26.0
   Increment on tard indicator:     0.0
   Value of tmax indicator:         26.0

Task for patient = 80 with skills = {2,3} and cost = 33.0
   Vehicle #0 = 0, leaving at = 561.0
   Vehicle #1 = 13, leaving at = 590.0
   Increment on distance indicator: 30.0
   Increment on tard indicator:     0.0
   Value of tmax indicator:         30.0

Task for patient = 50 with skills = {5,-1} and cost = 23.0
   Vehicle #0 = 10, leaving at = 736.0
   Vehicle #1 = -1, leaving at = inf
   Increment on distance indicator: 15.0
   Increment on tard indicator:     0.0
   Value of tmax indicator:         15.0

Task for patient = 55 with skills = {0,3} and cost = 18.0
   Vehicle #0 = 1, leaving at = 559.0
   Vehicle #1 = 10, leaving at = 564.0
   Increment on distance indicator: 54.0
   Increment on tard indicator:     0.0
   Value of tmax indicator:         54.0

Task for patient = 88 with skills = {2,-1} and cost = 95.0
   Vehicle #0 = 1, leaving at = 698.0
   Vehicle #1 = -1, leaving at = inf
   Increment on distance indicator: 4.0
   Increment on tard indicator:     0.0
   Value of tmax indicator:         4.0

Task for patient = 47 with skills = {3,-1} and cost = 297.7
   Vehicle #0 = 19, leaving at = 740.0
   Vehicle #1 = -1, leaving at = inf
   Increment on distance indicator: 4.0
   Increment on tard indicator:     0.0
   Value of tmax indicator:         4.0

Task for patient = 58 with skills = {0,-1} and cost = 296.3
   Vehicle #0 = 8, leaving at = 752.0
   Vehicle #1 = -1, leaving at = inf
   Increment on distance indicator: 10.0
   Increment on tard indicator:     0.0
   Value of tmax indicator:         10.0

Task for patient = 86 with skills = {2,-1} and cost = 293.0
   Vehicle #0 = 9, leaving at = 695.0
   Vehicle #1 = -1, leaving at = inf
   Increment on distance indicator: 18.0
   Increment on tard indicator:     0.0
   Value of tmax indicator:         18.0

Task for patient = 75 with skills = {1,-1} and cost = 287.0
   Vehicle #0 = 4, leaving at = 750.0
   Vehicle #1 = -1, leaving at = inf
   Increment on distance indicator: 24.0
   Increment on tard indicator:     0.0
   Value of tmax indicator:         24.0

Task for patient = 19 with skills = {5,-1} and cost = 279.0
   Vehicle #0 = 12, leaving at = 763.0
   Vehicle #1 = -1, leaving at = inf
   Increment on distance indicator: 6.0
   Increment on tard indicator:     0.0
   Value of tmax indicator:         6.0

Task for patient = 36 with skills = {2,-1} and cost = 277.0
   Vehicle #0 = 9, leaving at = 625.0
   Vehicle #1 = -1, leaving at = inf
   Increment on distance indicator: 13.0
   Increment on tard indicator:     0.0
   Value of tmax indicator:         13.0

Task for patient = 4 with skills = {2,-1} and cost = 272.7
   Vehicle #0 = 1, leaving at = 801.0
   Vehicle #1 = -1, leaving at = inf
   Increment on distance indicator: 9.0
   Increment on tard indicator:     0.0
   Value of tmax indicator:         9.0

Task for patient = 26 with skills = {4,-1} and cost = 269.7
   Vehicle #0 = 19, leaving at = 541.0
   Vehicle #1 = -1, leaving at = inf
   Increment on distance indicator: 17.0
   Increment on tard indicator:     0.0
   Value of tmax indicator:         17.0

Task for patient = 98 with skills = {3,-1} and cost = 264.0
   Vehicle #0 = 13, leaving at = 964.0
   Vehicle #1 = -1, leaving at = inf
   Increment on distance indicator: 4.0
   Increment on tard indicator:     0.0
   Value of tmax indicator:         4.0

Task for patient = 63 with skills = {0,3} and cost = 262.7
   Vehicle #0 = 2, leaving at = 689.0
   Vehicle #1 = 14, leaving at = 713.0
   Increment on distance indicator: 18.0
   Increment on tard indicator:     0.0
   Value of tmax indicator:         18.0

Task for patient = 51 with skills = {0,-1} and cost = 256.7
   Vehicle #0 = 8, leaving at = 682.0
   Vehicle #1 = -1, leaving at = inf
   Increment on distance indicator: 7.0
   Increment on tard indicator:     0.0
   Value of tmax indicator:         7.0

Task for patient = 39 with skills = {0,-1} and cost = 172.0
   Vehicle #0 = 3, leaving at = 700.0
   Vehicle #1 = -1, leaving at = inf
   Increment on distance indicator: 3.0
   Increment on tard indicator:     0.0
   Value of tmax indicator:         3.0

Task for patient = 17 with skills = {3,-1} and cost = 241.0
   Vehicle #0 = 16, leaving at = 688.0
   Vehicle #1 = -1, leaving at = inf
   Increment on distance indicator: 4.0
   Increment on tard indicator:     0.0
   Value of tmax indicator:         4.0

Task for patient = 72 with skills = {4,-1} and cost = 239.7
   Vehicle #0 = 15, leaving at = 801.0
   Vehicle #1 = -1, leaving at = inf
   Increment on distance indicator: 3.0
   Increment on tard indicator:     0.0
   Value of tmax indicator:         3.0

Task for patient = 6 with skills = {1,-1} and cost = 238.7
   Vehicle #0 = 7, leaving at = 801.0
   Vehicle #1 = -1, leaving at = inf
   Increment on distance indicator: 10.0
   Increment on tard indicator:     0.0
   Value of tmax indicator:         10.0

Task for patient = 99 with skills = {3,-1} and cost = 235.3
   Vehicle #0 = 16, leaving at = 560.0
   Vehicle #1 = -1, leaving at = inf
   Increment on distance indicator: 38.0
   Increment on tard indicator:     0.0
   Value of tmax indicator:         38.0

Task for patient = 2 with skills = {4,-1} and cost = 222.7
   Vehicle #0 = 10, leaving at = 793.0
   Vehicle #1 = -1, leaving at = inf
   Increment on distance indicator: 10.0
   Increment on tard indicator:     0.0
   Value of tmax indicator:         10.0

Task for patient = 83 with skills = {1,4} and cost = 219.3
   Vehicle #0 = 5, leaving at = 735.0
   Vehicle #1 = 15, leaving at = 738.0
   Increment on distance indicator: 25.0
   Increment on tard indicator:     0.0
   Value of tmax indicator:         25.0

Task for patient = 77 with skills = {2,5} and cost = 211.0
   Vehicle #0 = 7, leaving at = 734.0
   Vehicle #1 = 12, leaving at = 729.0
   Increment on distance indicator: 12.0
   Increment on tard indicator:     0.0
   Value of tmax indicator:         12.0

Task for patient = 42 with skills = {2,5} and cost = 207.0
   Vehicle #0 = 7, leaving at = 664.0
   Vehicle #1 = 12, leaving at = 675.0
   Increment on distance indicator: 8.0
   Increment on tard indicator:     0.0
   Value of tmax indicator:         8.0

Task for patient = 18 with skills = {2,4} and cost = 204.3
   Vehicle #0 = 3, leaving at = 724.0
   Vehicle #1 = 13, leaving at = 782.0
   Increment on distance indicator: 13.0
   Increment on tard indicator:     0.0
   Value of tmax indicator:         13.0

Task for patient = 33 with skills = {0,-1} and cost = 200.0
   Vehicle #0 = 8, leaving at = 621.0
   Vehicle #1 = -1, leaving at = inf
   Increment on distance indicator: 29.0
   Increment on tard indicator:     0.0
   Value of tmax indicator:         29.0

Task for patient = 100 with skills = {1,3} and cost = 190.3
   Vehicle #0 = 5, leaving at = 634.0
   Vehicle #1 = 14, leaving at = 661.0
   Increment on distance indicator: 18.0
   Increment on tard indicator:     0.0
   Value of tmax indicator:         18.0

Task for patient = 68 with skills = {1,5} and cost = 184.3
   Vehicle #0 = 7, leaving at = 643.0
   Vehicle #1 = 12, leaving at = 619.0
   Increment on distance indicator: 37.0
   Increment on tard indicator:     0.0
   Value of tmax indicator:         37.0

Task for patient = 32 with skills = {1,5} and cost = 254.3
   Vehicle #0 = 5, leaving at = 781.0
   Vehicle #1 = 16, leaving at = 788.0
   Increment on distance indicator: 40.0
   Increment on tard indicator:     0.0
   Value of tmax indicator:         40.0


Unused vehicle list: (total = 0 out of 20)

---
Search finished.
Total of 448 generations in 1.1 seconds.
Exchange elite runs: 0
Implicit path relinking runs: 4
Reset attempts: 1

Best solution found:
   Cost: 587.0
   Total travel time: 1750.0
   Total tardiness time: 8.0
   Largest tardiness: 3.0


587.0
