--- BRKGA-MP-IPR for HHCRSP ---
Instance: new-instances/HHCRSP_100_20_32_0.8_R_RC.txt
Seed: 1

Reading data... Problem contains 100 patients  and 20 caregivers.

Summary of supply x demand for each service type:
Skill 0 has supply = 8 and demand = 28, ratio = 0.285714
Skill 1 has supply = 5 and demand = 19, ratio = 0.263158
Skill 2 has supply = 6 and demand = 22, ratio = 0.272727
Skill 3 has supply = 6 and demand = 20, ratio = 0.3
Skill 4 has supply = 5 and demand = 14, ratio = 0.357143
Skill 5 has supply = 7 and demand = 27, ratio = 0.259259

Reading parameters...
Inferred distance function by PR type: kendall-tau
Building BRKGA data and initializing...
Evolving 448 generations...

  Gens  Rem    Local   ElDiv NoImpr             Best solution            Time  Op
                                       Cost     Dist    Tard    TMax 
*    0  448  3183.00  395.06      0  3183.00  2581.00  6526.0   442.0     0.0    
*    5  443  2909.00  232.14      0  2909.00  2660.00  5616.0   451.0     0.0    
*    7  441  2897.00  195.87      0  2897.00  2604.00  4679.0   266.0     0.0    
*    8  440  2516.33  228.62      0  2516.33  2393.00  3949.0   371.0     0.0    
*    9  439  2237.67  195.95      0  2237.67  2393.00  3949.0   371.0     0.0    
*   12  436  2127.33  145.13      0  2127.33  2595.00  3399.0   336.0     0.0    
*   13  435  2110.00  169.44      0  2110.00  2600.00  2703.0   299.0     0.0    
*   14  434  1867.33  178.79      0  1867.33  2363.00  1987.0   295.0     0.0    
*   15  433  1548.33  163.84      0  1548.33  2363.00  1987.0   295.0     0.0    
*   17  431  1526.67  125.96      0  1526.67  2428.00  1700.0   241.0     0.0    
*   18  430  1456.33  102.74      0  1456.33  2428.00  1700.0   241.0     0.0    
*   20  428  1177.33  107.89      0  1177.33  2484.00   904.0   144.0     0.1    
*   22  426  1087.67   98.28      0  1087.67  2368.00   722.0   173.0     0.1    
*   24  424  1045.00  102.98      0  1045.00  2457.00   520.0    92.0     0.1    
*   25  423  1023.00   85.13      0  1023.00  2457.00   520.0    92.0     0.1    

  Gens  Rem    Local   ElDiv NoImpr             Best solution            Time  Op
                                       Cost     Dist    Tard    TMax 
*   27  421  1007.00   63.35      0  1007.00  2429.00   504.0    88.0     0.1    
*   29  419   940.00   58.98      0   940.00  2313.00   360.0   106.0     0.1    
*   30  418   926.33   51.37      0   926.33  2313.00   360.0   106.0     0.1    
*   32  416   852.33   44.17      0   852.33  2378.00   144.0    35.0     0.1    
*   35  413   825.67   37.14      0   825.67  2461.00    11.0     5.0     0.1    
*   38  410   824.33   28.25      0   824.33  2232.00   114.0    50.0     0.1    
*   39  409   798.67   28.30      0   798.67  2305.00    30.0    18.0     0.1    
*   40  408   784.33   27.39      0   784.33  2264.00    25.0     6.0     0.1    
*   41  407   765.00   24.83      0   765.00  2264.00    25.0     6.0     0.1    
*   46  402   722.00   18.01      0   722.00  2104.00    50.0    12.0     0.1    
    50  398   722.00   13.89      4   722.00  2104.00    50.0    12.0     0.1    
*   56  392   700.00   16.51      0   700.00  2022.00    60.0    18.0     0.1    
*   65  383   698.67   13.50      0   698.67  2077.00    13.0     6.0     0.2    
*   75  373   695.67    8.59      0   695.67  2049.00    13.0     4.0     0.2    
*   76  372   688.67    8.68      0   688.67  2022.00    16.0     6.0     0.2    
*   77  371   681.33    8.47      0   681.33  2022.00    16.0     6.0     0.2    

  Gens  Rem    Local   ElDiv NoImpr             Best solution            Time  Op
                                       Cost     Dist    Tard    TMax 
*   82  366   671.33    7.81      0   671.33  1986.00    22.0     6.0     0.2    
*   86  362   669.67    9.54      0   669.67  1977.00    22.0    10.0     0.2    
*   90  358   668.33    9.06      0   668.33  1995.00     7.0     3.0     0.2    
*   93  355   655.00    8.68      0   655.00  1952.00    10.0     3.0     0.2    
*   96  352   646.67    9.50      0   646.67  1934.00     4.0     2.0     0.3    
Path relinking result: too homogeneous.
    96  352   646.67    9.50      1   646.67  1934.00     4.0     2.0     0.3   P
   100  348   646.67    7.62      4   646.67  1934.00     4.0     2.0     0.3    
*  104  344   644.33    7.07      0   644.33  1930.00     2.0     1.0     0.3    
*  106  342   644.00    6.76      0   644.00  1932.00     0.0     0.0     0.3    
*  111  337   641.67    5.41      0   641.67  1921.00     2.0     2.0     0.3    
*  114  334   622.67    5.52      0   622.67  1866.00     1.0     1.0     0.3    
*  119  329   622.33    5.92      0   622.33  1867.00     0.0     0.0     0.3    
*  126  322   619.67    3.86      0   619.67  1859.00     0.0     0.0     0.3    
*  128  320   617.00    2.66      0   617.00  1843.00     0.0     0.0     0.3    
*  129  319   614.33    2.04      0   614.33  1843.00     0.0     0.0     0.3    
*  132  316   613.67    1.79      0   613.67  1839.00     0.0     0.0     0.3    

  Gens  Rem    Local   ElDiv NoImpr             Best solution            Time  Op
                                       Cost     Dist    Tard    TMax 
*  133  315   613.00    1.28      0   613.00  1839.00     0.0     0.0     0.3    
*  137  311   612.67    1.28      0   612.67  1838.00     0.0     0.0     0.4    
   150  298   612.67    0.00     13   612.67  1838.00     0.0     0.0     0.4    
Path relinking result: too homogeneous.
   192  256   612.67    0.00     56   612.67  1838.00     0.0     0.0     0.5   P
   200  248   612.67    0.00     63   612.67  1838.00     0.0     0.0     0.5    
   204  244      inf  388.88      0   612.67  1838.00     0.0     0.0     0.5   R
   205  243  3922.33  320.49      0   612.67  1838.00     0.0     0.0     0.5    
   250  198   795.67   19.34      1   612.67  1838.00     0.0     0.0     0.6    
Path relinking result: too homogeneous.
   288  160   704.00    8.20      4   612.67  1838.00     0.0     0.0     0.7   P
   300  148   695.67    7.61      4   612.67  1838.00     0.0     0.0     0.8    
   350   98   661.67    3.52      1   612.67  1838.00     0.0     0.0     0.9    
Path relinking result: too homogeneous.
   384   64   653.00    0.00     19   612.67  1838.00     0.0     0.0     1.0   P
   400   48   639.67    0.41      2   612.67  1838.00     0.0     0.0     1.0    
   448    0   632.67    0.00     13   612.67  1838.00     0.0     0.0     1.2    
Evolutionary process finished.
Solution written to 'solution-23743.txt'.

Sorted sequence of worst to best tardiness value:
Task for patient = 15 with skills = {4,-1} and cost = 402.0
   Vehicle #0 = 13, leaving at = 974.0
   Vehicle #1 = -1, leaving at = inf
   Increment on distance indicator: 7.0
   Increment on tard indicator:     0.0
   Value of tmax indicator:         7.0

Task for patient = 12 with skills = {1,-1} and cost = 399.7
   Vehicle #0 = 4, leaving at = 821.0
   Vehicle #1 = -1, leaving at = inf
   Increment on distance indicator: 13.0
   Increment on tard indicator:     0.0
   Value of tmax indicator:         13.0

Task for patient = 47 with skills = {2,-1} and cost = 395.3
   Vehicle #0 = 1, leaving at = 957.0
   Vehicle #1 = -1, leaving at = inf
   Increment on distance indicator: 15.0
   Increment on tard indicator:     0.0
   Value of tmax indicator:         15.0

Task for patient = 26 with skills = {0,-1} and cost = 390.3
   Vehicle #0 = 2, leaving at = 902.0
   Vehicle #1 = -1, leaving at = inf
   Increment on distance indicator: 10.0
   Increment on tard indicator:     0.0
   Value of tmax indicator:         10.0

Task for patient = 70 with skills = {0,3} and cost = 387.0
   Vehicle #0 = 8, leaving at = 875.0
   Vehicle #1 = 17, leaving at = 894.0
   Increment on distance indicator: 30.0
   Increment on tard indicator:     0.0
   Value of tmax indicator:         30.0

Task for patient = 20 with skills = {2,5} and cost = 377.0
   Vehicle #0 = 1, leaving at = 899.0
   Vehicle #1 = 14, leaving at = 868.0
   Increment on distance indicator: 15.0
   Increment on tard indicator:     0.0
   Value of tmax indicator:         15.0

Task for patient = 29 with skills = {0,-1} and cost = 372.0
   Vehicle #0 = 6, leaving at = 861.0
   Vehicle #1 = -1, leaving at = inf
   Increment on distance indicator: 23.0
   Increment on tard indicator:     0.0
   Value of tmax indicator:         23.0

Task for patient = 33 with skills = {0,-1} and cost = 364.3
   Vehicle #0 = 2, leaving at = 833.0
   Vehicle #1 = -1, leaving at = inf
   Increment on distance indicator: 13.0
   Increment on tard indicator:     0.0
   Value of tmax indicator:         13.0

Task for patient = 13 with skills = {5,-1} and cost = 360.0
   Vehicle #0 = 18, leaving at = 909.0
   Vehicle #1 = -1, leaving at = inf
   Increment on distance indicator: 11.0
   Increment on tard indicator:     0.0
   Value of tmax indicator:         11.0

Task for patient = 89 with skills = {5,-1} and cost = 356.3
   Vehicle #0 = 10, leaving at = 900.0
   Vehicle #1 = -1, leaving at = inf
   Increment on distance indicator: 4.0
   Increment on tard indicator:     0.0
   Value of tmax indicator:         4.0

Task for patient = 91 with skills = {0,5} and cost = 355.0
   Vehicle #0 = 2, leaving at = 775.0
   Vehicle #1 = 14, leaving at = 841.0
   Increment on distance indicator: 30.0
   Increment on tard indicator:     0.0
   Value of tmax indicator:         30.0

Task for patient = 28 with skills = {5,-1} and cost = 499.0
   Vehicle #0 = 14, leaving at = 1027.0
   Vehicle #1 = -1, leaving at = inf
   Increment on distance indicator: 14.0
   Increment on tard indicator:     0.0
   Value of tmax indicator:         14.0

Task for patient = 55 with skills = {1,3} and cost = 342.7
   Vehicle #0 = 7, leaving at = 899.0
   Vehicle #1 = 10, leaving at = 878.0
   Increment on distance indicator: 15.0
   Increment on tard indicator:     0.0
   Value of tmax indicator:         15.0

Task for patient = 4 with skills = {5,-1} and cost = 337.7
   Vehicle #0 = 18, leaving at = 669.0
   Vehicle #1 = -1, leaving at = inf
   Increment on distance indicator: 23.0
   Increment on tard indicator:     0.0
   Value of tmax indicator:         23.0

Task for patient = 78 with skills = {2,-1} and cost = 330.0
   Vehicle #0 = 3, leaving at = 944.0
   Vehicle #1 = -1, leaving at = inf
   Increment on distance indicator: 7.0
   Increment on tard indicator:     0.0
   Value of tmax indicator:         7.0

Task for patient = 53 with skills = {3,-1} and cost = 327.7
   Vehicle #0 = 13, leaving at = 898.0
   Vehicle #1 = -1, leaving at = inf
   Increment on distance indicator: 14.0
   Increment on tard indicator:     0.0
   Value of tmax indicator:         14.0

Task for patient = 84 with skills = {3,-1} and cost = 323.0
   Vehicle #0 = 13, leaving at = 851.0
   Vehicle #1 = -1, leaving at = inf
   Increment on distance indicator: 6.0
   Increment on tard indicator:     0.0
   Value of tmax indicator:         6.0

Task for patient = 67 with skills = {0,-1} and cost = 321.0
   Vehicle #0 = 9, leaving at = 874.0
   Vehicle #1 = -1, leaving at = inf
   Increment on distance indicator: 7.0
   Increment on tard indicator:     0.0
   Value of tmax indicator:         7.0

Task for patient = 41 with skills = {2,-1} and cost = 318.7
   Vehicle #0 = 9, leaving at = 831.0
   Vehicle #1 = -1, leaving at = inf
   Increment on distance indicator: 3.0
   Increment on tard indicator:     0.0
   Value of tmax indicator:         3.0

Task for patient = 65 with skills = {2,3} and cost = 317.7
   Vehicle #0 = 3, leaving at = 911.0
   Vehicle #1 = 15, leaving at = 918.0
   Increment on distance indicator: 20.0
   Increment on tard indicator:     0.0
   Value of tmax indicator:         20.0

Task for patient = 97 with skills = {2,5} and cost = 311.0
   Vehicle #0 = 6, leaving at = 822.0
   Vehicle #1 = 12, leaving at = 815.0
   Increment on distance indicator: 38.0
   Increment on tard indicator:     0.0
   Value of tmax indicator:         38.0

Task for patient = 6 with skills = {5,-1} and cost = 298.3
   Vehicle #0 = 16, leaving at = 818.0
   Vehicle #1 = -1, leaving at = inf
   Increment on distance indicator: 14.0
   Increment on tard indicator:     0.0
   Value of tmax indicator:         14.0

Task for patient = 79 with skills = {3,-1} and cost = 293.7
   Vehicle #0 = 11, leaving at = 913.0
   Vehicle #1 = -1, leaving at = inf
   Increment on distance indicator: 3.0
   Increment on tard indicator:     0.0
   Value of tmax indicator:         3.0

Task for patient = 80 with skills = {0,4} and cost = 292.7
   Vehicle #0 = 9, leaving at = 757.0
   Vehicle #1 = 16, leaving at = 760.0
   Increment on distance indicator: 17.0
   Increment on tard indicator:     0.0
   Value of tmax indicator:         17.0

Task for patient = 27 with skills = {0,-1} and cost = 345.0
   Vehicle #0 = 1, leaving at = 835.0
   Vehicle #1 = -1, leaving at = inf
   Increment on distance indicator: 7.0
   Increment on tard indicator:     0.0
   Value of tmax indicator:         7.0

Task for patient = 31 with skills = {1,5} and cost = 494.3
   Vehicle #0 = 5, leaving at = 967.0
   Vehicle #1 = 12, leaving at = 987.0
   Increment on distance indicator: 15.0
   Increment on tard indicator:     0.0
   Value of tmax indicator:         15.0

Task for patient = 7 with skills = {1,-1} and cost = 489.3
   Vehicle #0 = 9, leaving at = 995.0
   Vehicle #1 = -1, leaving at = inf
   Increment on distance indicator: 8.0
   Increment on tard indicator:     0.0
   Value of tmax indicator:         8.0

Task for patient = 18 with skills = {1,4} and cost = 486.7
   Vehicle #0 = 0, leaving at = 1093.0
   Vehicle #1 = 10, leaving at = 1095.0
   Increment on distance indicator: 18.0
   Increment on tard indicator:     0.0
   Value of tmax indicator:         18.0

Task for patient = 46 with skills = {2,-1} and cost = 480.7
   Vehicle #0 = 0, leaving at = 1050.0
   Vehicle #1 = -1, leaving at = inf
   Increment on distance indicator: 7.0
   Increment on tard indicator:     0.0
   Value of tmax indicator:         7.0

Task for patient = 69 with skills = {1,5} and cost = 478.3
   Vehicle #0 = 0, leaving at = 1024.0
   Vehicle #1 = 10, leaving at = 1019.0
   Increment on distance indicator: 7.0
   Increment on tard indicator:     0.0
   Value of tmax indicator:         7.0

Task for patient = 49 with skills = {5,-1} and cost = 476.0
   Vehicle #0 = 10, leaving at = 996.0
   Vehicle #1 = -1, leaving at = inf
   Increment on distance indicator: 5.0
   Increment on tard indicator:     0.0
   Value of tmax indicator:         5.0

Task for patient = 25 with skills = {5,-1} and cost = 474.3
   Vehicle #0 = 12, leaving at = 928.0
   Vehicle #1 = -1, leaving at = inf
   Increment on distance indicator: 16.0
   Increment on tard indicator:     0.0
   Value of tmax indicator:         16.0

Task for patient = 30 with skills = {0,-1} and cost = 469.0
   Vehicle #0 = 1, leaving at = 1027.0
   Vehicle #1 = -1, leaving at = inf
   Increment on distance indicator: 7.0
   Increment on tard indicator:     0.0
   Value of tmax indicator:         7.0

Task for patient = 1 with skills = {5,-1} and cost = 466.7
   Vehicle #0 = 18, leaving at = 946.0
   Vehicle #1 = -1, leaving at = inf
   Increment on distance indicator: 13.0
   Increment on tard indicator:     0.0
   Value of tmax indicator:         13.0

Task for patient = 8 with skills = {1,4} and cost = 462.3
   Vehicle #0 = 9, leaving at = 935.0
   Vehicle #1 = 14, leaving at = 964.0
   Increment on distance indicator: 18.0
   Increment on tard indicator:     0.0
   Value of tmax indicator:         18.0

Task for patient = 51 with skills = {0,3} and cost = 456.3
   Vehicle #0 = 8, leaving at = 983.0
   Vehicle #1 = 17, leaving at = 1004.0
   Increment on distance indicator: 20.0
   Increment on tard indicator:     0.0
   Value of tmax indicator:         20.0

Task for patient = 99 with skills = {0,3} and cost = 408.0
   Vehicle #0 = 0, leaving at = 941.0
   Vehicle #1 = 10, leaving at = 933.0
   Increment on distance indicator: 18.0
   Increment on tard indicator:     0.0
   Value of tmax indicator:         18.0

Task for patient = 21 with skills = {2,-1} and cost = 445.3
   Vehicle #0 = 3, leaving at = 1004.0
   Vehicle #1 = -1, leaving at = inf
   Increment on distance indicator: 14.0
   Increment on tard indicator:     0.0
   Value of tmax indicator:         14.0

Task for patient = 39 with skills = {1,-1} and cost = 440.7
   Vehicle #0 = 4, leaving at = 885.0
   Vehicle #1 = -1, leaving at = inf
   Increment on distance indicator: 4.0
   Increment on tard indicator:     0.0
   Value of tmax indicator:         4.0

Task for patient = 58 with skills = {1,5} and cost = 439.3
   Vehicle #0 = 9, leaving at = 902.0
   Vehicle #1 = 14, leaving at = 921.0
   Increment on distance indicator: 18.0
   Increment on tard indicator:     0.0
   Value of tmax indicator:         18.0

Task for patient = 87 with skills = {0,-1} and cost = 433.3
   Vehicle #0 = 1, leaving at = 1001.0
   Vehicle #1 = -1, leaving at = inf
   Increment on distance indicator: 10.0
   Increment on tard indicator:     0.0
   Value of tmax indicator:         10.0

Task for patient = 5 with skills = {3,-1} and cost = 430.0
   Vehicle #0 = 11, leaving at = 975.0
   Vehicle #1 = -1, leaving at = inf
   Increment on distance indicator: 4.0
   Increment on tard indicator:     0.0
   Value of tmax indicator:         4.0

Task for patient = 45 with skills = {2,-1} and cost = 428.7
   Vehicle #0 = 8, leaving at = 936.0
   Vehicle #1 = -1, leaving at = inf
   Increment on distance indicator: 6.0
   Increment on tard indicator:     0.0
   Value of tmax indicator:         6.0

Task for patient = 68 with skills = {1,-1} and cost = 426.7
   Vehicle #0 = 7, leaving at = 967.0
   Vehicle #1 = -1, leaving at = inf
   Increment on distance indicator: 18.0
   Increment on tard indicator:     0.0
   Value of tmax indicator:         18.0

Task for patient = 95 with skills = {3,-1} and cost = 420.7
   Vehicle #0 = 13, leaving at = 1039.0
   Vehicle #1 = -1, leaving at = inf
   Increment on distance indicator: 8.0
   Increment on tard indicator:     0.0
   Value of tmax indicator:         8.0

Task for patient = 14 with skills = {2,-1} and cost = 418.0
   Vehicle #0 = 6, leaving at = 913.0
   Vehicle #1 = -1, leaving at = inf
   Increment on distance indicator: 4.0
   Increment on tard indicator:     0.0
   Value of tmax indicator:         4.0

Task for patient = 75 with skills = {4,-1} and cost = 416.7
   Vehicle #0 = 14, leaving at = 893.0
   Vehicle #1 = -1, leaving at = inf
   Increment on distance indicator: 6.0
   Increment on tard indicator:     0.0
   Value of tmax indicator:         6.0

Task for patient = 76 with skills = {5,-1} and cost = 414.7
   Vehicle #0 = 15, leaving at = 989.0
   Vehicle #1 = -1, leaving at = inf
   Increment on distance indicator: 10.0
   Increment on tard indicator:     0.0
   Value of tmax indicator:         10.0

Task for patient = 42 with skills = {0,-1} and cost = 411.3
   Vehicle #0 = 5, leaving at = 879.0
   Vehicle #1 = -1, leaving at = inf
   Increment on distance indicator: 10.0
   Increment on tard indicator:     0.0
   Value of tmax indicator:         10.0

Task for patient = 64 with skills = {0,-1} and cost = 449.7
   Vehicle #0 = 2, leaving at = 962.0
   Vehicle #1 = -1, leaving at = inf
   Increment on distance indicator: 13.0
   Increment on tard indicator:     0.0
   Value of tmax indicator:         13.0

Task for patient = 82 with skills = {4,-1} and cost = 156.3
   Vehicle #0 = 16, leaving at = 558.0
   Vehicle #1 = -1, leaving at = inf
   Increment on distance indicator: 30.0
   Increment on tard indicator:     0.0
   Value of tmax indicator:         30.0

Task for patient = 98 with skills = {0,3} and cost = 146.3
   Vehicle #0 = 5, leaving at = 782.0
   Vehicle #1 = 11, leaving at = 815.0
   Increment on distance indicator: 10.0
   Increment on tard indicator:     0.0
   Value of tmax indicator:         10.0

Task for patient = 81 with skills = {3,-1} and cost = 143.0
   Vehicle #0 = 11, leaving at = 585.0
   Vehicle #1 = -1, leaving at = inf
   Increment on distance indicator: 29.0
   Increment on tard indicator:     0.0
   Value of tmax indicator:         29.0

Task for patient = 93 with skills = {0,4} and cost = 133.3
   Vehicle #0 = 6, leaving at = 590.0
   Vehicle #1 = 15, leaving at = 587.0
   Increment on distance indicator: 28.0
   Increment on tard indicator:     0.0
   Value of tmax indicator:         28.0

Task for patient = 43 with skills = {1,-1} and cost = 124.0
   Vehicle #0 = 7, leaving at = 752.0
   Vehicle #1 = -1, leaving at = inf
   Increment on distance indicator: 12.0
   Increment on tard indicator:     0.0
   Value of tmax indicator:         12.0

Task for patient = 77 with skills = {1,-1} and cost = 120.0
   Vehicle #0 = 0, leaving at = 806.0
   Vehicle #1 = -1, leaving at = inf
   Increment on distance indicator: 15.0
   Increment on tard indicator:     0.0
   Value of tmax indicator:         15.0

Task for patient = 19 with skills = {0,-1} and cost = 115.0
   Vehicle #0 = 2, leaving at = 611.0
   Vehicle #1 = -1, leaving at = inf
   Increment on distance indicator: 8.0
   Increment on tard indicator:     0.0
   Value of tmax indicator:         8.0

Task for patient = 60 with skills = {2,-1} and cost = 112.3
   Vehicle #0 = 3, leaving at = 695.0
   Vehicle #1 = -1, leaving at = inf
   Increment on distance indicator: 14.0
   Increment on tard indicator:     0.0
   Value of tmax indicator:         14.0

Task for patient = 17 with skills = {1,-1} and cost = 107.7
   Vehicle #0 = 5, leaving at = 737.0
   Vehicle #1 = -1, leaving at = inf
   Increment on distance indicator: 1.0
   Increment on tard indicator:     0.0
   Value of tmax indicator:         1.0

Task for patient = 92 with skills = {2,-1} and cost = 107.3
   Vehicle #0 = 1, leaving at = 608.0
   Vehicle #1 = -1, leaving at = inf
   Increment on distance indicator: 16.0
   Increment on tard indicator:     0.0
   Value of tmax indicator:         16.0

Task for patient = 66 with skills = {5,-1} and cost = 102.0
   Vehicle #0 = 10, leaving at = 807.0
   Vehicle #1 = -1, leaving at = inf
   Increment on distance indicator: 4.0
   Increment on tard indicator:     0.0
   Value of tmax indicator:         4.0

Task for patient = 11 with skills = {4,-1} and cost = 287.0
   Vehicle #0 = 13, leaving at = 822.0
   Vehicle #1 = -1, leaving at = inf
   Increment on distance indicator: 6.0
   Increment on tard indicator:     0.0
   Value of tmax indicator:         6.0

Task for patient = 3 with skills = {0,5} and cost = 75.3
   Vehicle #0 = 5, leaving at = 688.0
   Vehicle #1 = 14, leaving at = 695.0
   Increment on distance indicator: 6.0
   Increment on tard indicator:     0.0
   Value of tmax indicator:         6.0

Task for patient = 56 with skills = {1,3} and cost = 73.3
   Vehicle #0 = 7, leaving at = 628.0
   Vehicle #1 = 13, leaving at = 632.0
   Increment on distance indicator: 22.0
   Increment on tard indicator:     0.0
   Value of tmax indicator:         22.0

Task for patient = 2 with skills = {4,-1} and cost = 66.0
   Vehicle #0 = 13, leaving at = 594.0
   Vehicle #1 = -1, leaving at = inf
   Increment on distance indicator: 12.0
   Increment on tard indicator:     0.0
   Value of tmax indicator:         12.0

Task for patient = 71 with skills = {1,-1} and cost = 62.0
   Vehicle #0 = 7, leaving at = 582.0
   Vehicle #1 = -1, leaving at = inf
   Increment on distance indicator: 8.0
   Increment on tard indicator:     0.0
   Value of tmax indicator:         8.0

Task for patient = 22 with skills = {1,5} and cost = 59.3
   Vehicle #0 = 5, leaving at = 589.0
   Vehicle #1 = 14, leaving at = 616.0
   Increment on distance indicator: 36.0
   Increment on tard indicator:     0.0
   Value of tmax indicator:         36.0

Task for patient = 73 with skills = {4,-1} and cost = 47.3
   Vehicle #0 = 14, leaving at = 533.0
   Vehicle #1 = -1, leaving at = inf
   Increment on distance indicator: 29.0
   Increment on tard indicator:     0.0
   Value of tmax indicator:         29.0

Task for patient = 35 with skills = {2,5} and cost = 37.7
   Vehicle #0 = 0, leaving at = 737.0
   Vehicle #1 = 10, leaving at = 771.0
   Increment on distance indicator: 9.0
   Increment on tard indicator:     0.0
   Value of tmax indicator:         9.0

Task for patient = 74 with skills = {4,-1} and cost = 34.7
   Vehicle #0 = 13, leaving at = 535.0
   Vehicle #1 = -1, leaving at = inf
   Increment on distance indicator: 17.0
   Increment on tard indicator:     0.0
   Value of tmax indicator:         17.0

Task for patient = 86 with skills = {1,-1} and cost = 29.0
   Vehicle #0 = 4, leaving at = 731.0
   Vehicle #1 = -1, leaving at = inf
   Increment on distance indicator: 11.0
   Increment on tard indicator:     0.0
   Value of tmax indicator:         11.0

Task for patient = 24 with skills = {0,-1} and cost = 25.3
   Vehicle #0 = 0, leaving at = 717.0
   Vehicle #1 = -1, leaving at = inf
   Increment on distance indicator: 27.0
   Increment on tard indicator:     0.0
   Value of tmax indicator:         27.0

Task for patient = 72 with skills = {5,-1} and cost = 16.3
   Vehicle #0 = 10, leaving at = 691.0
   Vehicle #1 = -1, leaving at = inf
   Increment on distance indicator: 31.0
   Increment on tard indicator:     0.0
   Value of tmax indicator:         31.0

Task for patient = 34 with skills = {1,5} and cost = 6.0
   Vehicle #0 = 0, leaving at = 615.0
   Vehicle #1 = 10, leaving at = 621.0
   Increment on distance indicator: 18.0
   Increment on tard indicator:     0.0
   Value of tmax indicator:         18.0

Task for patient = 48 with skills = {2,3} and cost = 100.7
   Vehicle #0 = 1, leaving at = 535.0
   Vehicle #1 = 11, leaving at = 522.0
   Increment on distance indicator: 76.0
   Increment on tard indicator:     0.0
   Value of tmax indicator:         76.0

Task for patient = 54 with skills = {4,-1} and cost = 285.0
   Vehicle #0 = 10, leaving at = 831.0
   Vehicle #1 = -1, leaving at = inf
   Increment on distance indicator: 4.0
   Increment on tard indicator:     0.0
   Value of tmax indicator:         4.0

Task for patient = 50 with skills = {3,-1} and cost = 283.7
   Vehicle #0 = 17, leaving at = 785.0
   Vehicle #1 = -1, leaving at = inf
   Increment on distance indicator: 11.0
   Increment on tard indicator:     0.0
   Value of tmax indicator:         11.0

Task for patient = 83 with skills = {3,-1} and cost = 280.0
   Vehicle #0 = 17, leaving at = 733.0
   Vehicle #1 = -1, leaving at = inf
   Increment on distance indicator: 8.0
   Increment on tard indicator:     0.0
   Value of tmax indicator:         8.0

Task for patient = 94 with skills = {5,-1} and cost = 277.3
   Vehicle #0 = 16, leaving at = 684.0
   Vehicle #1 = -1, leaving at = inf
   Increment on distance indicator: 9.0
   Increment on tard indicator:     0.0
   Value of tmax indicator:         9.0

Task for patient = 61 with skills = {0,-1} and cost = 274.3
   Vehicle #0 = 2, leaving at = 741.0
   Vehicle #1 = -1, leaving at = inf
   Increment on distance indicator: 8.0
   Increment on tard indicator:     0.0
   Value of tmax indicator:         8.0

Task for patient = 63 with skills = {2,5} and cost = 271.7
   Vehicle #0 = 6, leaving at = 744.0
   Vehicle #1 = 12, leaving at = 766.0
   Increment on distance indicator: 25.0
   Increment on tard indicator:     0.0
   Value of tmax indicator:         25.0

Task for patient = 96 with skills = {0,3} and cost = 263.3
   Vehicle #0 = 1, leaving at = 781.0
   Vehicle #1 = 13, leaving at = 784.0
   Increment on distance indicator: 20.0
   Increment on tard indicator:     0.0
   Value of tmax indicator:         20.0

Task for patient = 23 with skills = {2,-1} and cost = 256.7
   Vehicle #0 = 9, leaving at = 708.0
   Vehicle #1 = -1, leaving at = inf
   Increment on distance indicator: 14.0
   Increment on tard indicator:     0.0
   Value of tmax indicator:         14.0

Task for patient = 62 with skills = {3,-1} and cost = 252.0
   Vehicle #0 = 13, leaving at = 674.0
   Vehicle #1 = -1, leaving at = inf
   Increment on distance indicator: 8.0
   Increment on tard indicator:     0.0
   Value of tmax indicator:         8.0

Task for patient = 16 with skills = {2,5} and cost = 249.3
   Vehicle #0 = 9, leaving at = 636.0
   Vehicle #1 = 16, leaving at = 645.0
   Increment on distance indicator: 19.0
   Increment on tard indicator:     0.0
   Value of tmax indicator:         19.0

Task for patient = 40 with skills = {2,3} and cost = 243.0
   Vehicle #0 = 8, leaving at = 826.0
   Vehicle #1 = 11, leaving at = 858.0
   Increment on distance indicator: 17.0
   Increment on tard indicator:     0.0
   Value of tmax indicator:         17.0

Task for patient = 37 with skills = {4,-1} and cost = 160.0
   Vehicle #0 = 15, leaving at = 656.0
   Vehicle #1 = -1, leaving at = inf
   Increment on distance indicator: 11.0
   Increment on tard indicator:     0.0
   Value of tmax indicator:         11.0

Task for patient = 57 with skills = {1,-1} and cost = 233.0
   Vehicle #0 = 7, leaving at = 836.0
   Vehicle #1 = -1, leaving at = inf
   Increment on distance indicator: 15.0
   Increment on tard indicator:     0.0
   Value of tmax indicator:         15.0

Task for patient = 85 with skills = {0,-1} and cost = 228.0
   Vehicle #0 = 5, leaving at = 838.0
   Vehicle #1 = -1, leaving at = inf
   Increment on distance indicator: 8.0
   Increment on tard indicator:     0.0
   Value of tmax indicator:         8.0

Task for patient = 36 with skills = {0,-1} and cost = 225.3
   Vehicle #0 = 3, leaving at = 814.0
   Vehicle #1 = -1, leaving at = inf
   Increment on distance indicator: 6.0
   Increment on tard indicator:     0.0
   Value of tmax indicator:         6.0

Task for patient = 52 with skills = {2,-1} and cost = 223.3
   Vehicle #0 = 9, leaving at = 551.0
   Vehicle #1 = -1, leaving at = inf
   Increment on distance indicator: 43.0
   Increment on tard indicator:     0.0
   Value of tmax indicator:         43.0

Task for patient = 90 with skills = {0,4} and cost = 209.0
   Vehicle #0 = 8, leaving at = 701.0
   Vehicle #1 = 14, leaving at = 766.0
   Increment on distance indicator: 30.0
   Increment on tard indicator:     0.0
   Value of tmax indicator:         30.0

Task for patient = 9 with skills = {2,-1} and cost = 199.0
   Vehicle #0 = 1, leaving at = 722.0
   Vehicle #1 = -1, leaving at = inf
   Increment on distance indicator: 3.0
   Increment on tard indicator:     0.0
   Value of tmax indicator:         3.0

Task for patient = 38 with skills = {0,3} and cost = 198.0
   Vehicle #0 = 3, leaving at = 755.0
   Vehicle #1 = 15, leaving at = 762.0
   Increment on distance indicator: 21.0
   Increment on tard indicator:     0.0
   Value of tmax indicator:         21.0

Task for patient = 44 with skills = {5,-1} and cost = 191.0
   Vehicle #0 = 16, leaving at = 610.0
   Vehicle #1 = -1, leaving at = inf
   Increment on distance indicator: 28.0
   Increment on tard indicator:     0.0
   Value of tmax indicator:         28.0

Task for patient = 100 with skills = {0,-1} and cost = 181.7
   Vehicle #0 = 8, leaving at = 542.0
   Vehicle #1 = -1, leaving at = inf
   Increment on distance indicator: 28.0
   Increment on tard indicator:     0.0
   Value of tmax indicator:         28.0

Task for patient = 88 with skills = {2,-1} and cost = 172.3
   Vehicle #0 = 1, leaving at = 661.0
   Vehicle #1 = -1, leaving at = inf
   Increment on distance indicator: 3.0
   Increment on tard indicator:     0.0
   Value of tmax indicator:         3.0

Task for patient = 59 with skills = {0,5} and cost = 171.3
   Vehicle #0 = 2, leaving at = 675.0
   Vehicle #1 = 15, leaving at = 708.0
   Increment on distance indicator: 28.0
   Increment on tard indicator:     0.0
   Value of tmax indicator:         28.0

Task for patient = 10 with skills = {0,-1} and cost = 162.0
   Vehicle #0 = 2, leaving at = 645.0
   Vehicle #1 = -1, leaving at = inf
   Increment on distance indicator: 6.0
   Increment on tard indicator:     0.0
   Value of tmax indicator:         6.0

Task for patient = 32 with skills = {2,5} and cost = 237.3
   Vehicle #0 = 3, leaving at = 846.0
   Vehicle #1 = 15, leaving at = 850.0
   Increment on distance indicator: 13.0
   Increment on tard indicator:     0.0
   Value of tmax indicator:         13.0


Unused vehicle list: 19 (total = 1 out of 20)

---
Search finished.
Total of 448 generations in 1.2 seconds.
Exchange elite runs: 0
Implicit path relinking runs: 4
Reset attempts: 1

Best solution found:
   Cost: 612.7
   Total travel time: 1838.0
   Total tardiness time: 0.0
   Largest tardiness: 0.0


612.7
