--- BRKGA-MP-IPR for HHCRSP ---
Instance: new-instances/HHCRSP_100_20_28_1.0_C_C.txt
Seed: 1

Reading data... Problem contains 100 patients  and 20 caregivers.

Summary of supply x demand for each service type:
Skill 0 has supply = 6 and demand = 16, ratio = 0.375
Skill 1 has supply = 6 and demand = 17, ratio = 0.352941
Skill 2 has supply = 7 and demand = 27, ratio = 0.259259
Skill 3 has supply = 8 and demand = 24, ratio = 0.333333
Skill 4 has supply = 6 and demand = 23, ratio = 0.26087
Skill 5 has supply = 4 and demand = 23, ratio = 0.173913

Reading parameters...
Inferred distance function by PR type: kendall-tau
Building BRKGA data and initializing...
Evolving 448 generations...

  Gens  Rem    Local   ElDiv NoImpr             Best solution            Time  Op
                                       Cost     Dist    Tard    TMax 
*    0  448  2766.00  333.51      0  2766.00  1498.00  6432.0   368.0     0.0    
*    2  446  2432.67  297.40      0  2432.67  1502.00  4386.0   334.0     0.0    
*    3  445  2074.00  256.19      0  2074.00  1502.00  4386.0   334.0     0.0    
*    5  443  1897.67  209.88      0  1897.67  1487.00  3806.0   400.0     0.0    
*    8  440  1717.67  179.34      0  1717.67  1423.00  2851.0   349.0     0.0    
*    9  439  1541.00  145.90      0  1541.00  1423.00  2851.0   349.0     0.0    
*   11  437  1360.67  128.90      0  1360.67  1401.00  2370.0   291.0     0.0    
*   12  436  1354.00  119.44      0  1354.00  1411.00  2159.0   264.0     0.0    
*   13  435  1278.00  112.37      0  1278.00  1460.00  1398.0   250.0     0.0    
*   14  434  1036.00  106.69      0  1036.00  1460.00  1398.0   250.0     0.0    
*   16  432   976.33  109.56      0   976.33  1341.00  1057.0   153.0     0.0    
*   17  431   850.33  109.96      0   850.33  1341.00  1057.0   153.0     0.0    
*   19  429   809.00   80.31      0   809.00  1379.00   839.0   209.0     0.0    
*   21  427   708.00   76.07      0   708.00  1377.00   540.0   207.0     0.0    
*   24  424   694.33   62.48      0   694.33  1307.00   577.0    94.0     0.1    

  Gens  Rem    Local   ElDiv NoImpr             Best solution            Time  Op
                                       Cost     Dist    Tard    TMax 
*   25  423   659.33   64.17      0   659.33  1323.00   413.0   112.0     0.1    
*   26  422   616.00   58.81      0   616.00  1429.00   188.0    92.0     0.1    
*   27  421   569.67   56.30      0   569.67  1367.00   277.0    58.0     0.1    
*   28  420   567.33   49.17      0   567.33  1367.00   277.0    58.0     0.1    
*   30  418   492.67   46.89      0   492.67  1376.00    74.0    28.0     0.1    
*   32  416   484.00   39.32      0   484.00  1308.00    79.0    20.0     0.1    
*   33  415   469.00   34.55      0   469.00  1261.00    83.0    36.0     0.1    
*   34  414   460.00   32.40      0   460.00  1261.00    83.0    36.0     0.1    
*   36  412   448.33   28.55      0   448.33  1301.00     0.0     0.0     0.1    
*   37  411   433.67   25.00      0   433.67  1301.00     0.0     0.0     0.1    
*   42  406   408.67   21.39      0   408.67  1178.00    24.0    24.0     0.1    
    50  398   408.67   10.55      8   408.67  1178.00    24.0    24.0     0.1    
*   55  393   405.33    7.53      0   405.33  1214.00     1.0     1.0     0.1    
*   60  388   400.67    6.58      0   400.67  1175.00     7.0     4.0     0.1    
*   61  387   395.33    5.88      0   395.33  1175.00     7.0     4.0     0.1    
*   63  385   394.33    5.83      0   394.33  1183.00     0.0     0.0     0.1    

  Gens  Rem    Local   ElDiv NoImpr             Best solution            Time  Op
                                       Cost     Dist    Tard    TMax 
*   67  381   392.33    4.59      0   392.33  1158.00    14.0     5.0     0.1    
*   69  379   389.67    4.39      0   389.67  1169.00     0.0     0.0     0.2    
*   72  376   384.33    4.37      0   384.33  1149.00     2.0     2.0     0.2    
*   75  373   372.67    5.52      0   372.67  1118.00     0.0     0.0     0.2    
*   84  364   368.00    4.47      0   368.00  1104.00     0.0     0.0     0.2    
*   92  356   366.67    3.27      0   366.67  1096.00     2.0     2.0     0.2    
*   94  354   365.33    3.15      0   365.33  1087.00     3.0     3.0     0.2    
*   95  353   364.33    3.03      0   364.33  1087.00     3.0     3.0     0.2    
Path relinking result: too homogeneous.
    96  352   364.33    2.86      2   364.33  1087.00     3.0     3.0     0.2   P
*   98  350   363.00    3.10      0   363.00  1084.00     2.0     2.0     0.2    
*   99  349   362.67    2.92      0   362.67  1084.00     2.0     2.0     0.2    
   100  348   362.67    3.64      1   362.67  1084.00     2.0     2.0     0.2    
*  101  347   357.00    3.86      0   357.00  1064.00     1.0     1.0     0.2    
*  102  346   355.33    4.47      0   355.33  1040.00     0.0     0.0     0.2    
*  103  345   346.67    4.29      0   346.67  1040.00     0.0     0.0     0.2    
*  107  341   346.00    4.21      0   346.00  1025.00     1.0     1.0     0.2    

  Gens  Rem    Local   ElDiv NoImpr             Best solution            Time  Op
                                       Cost     Dist    Tard    TMax 
*  108  340   342.33    3.72      0   342.33  1025.00     1.0     1.0     0.2    
*  113  335   341.33    2.66      0   341.33  1024.00     0.0     0.0     0.2    
*  115  333   340.33    2.34      0   340.33  1019.00     0.0     0.0     0.3    
*  116  332   339.67    2.67      0   339.67  1006.00     0.0     0.0     0.3    
*  117  331   335.33    2.54      0   335.33  1006.00     0.0     0.0     0.3    
*  123  325   334.67    1.62      0   334.67  1004.00     0.0     0.0     0.3    
*  125  323   334.00    1.42      0   334.00   998.00     0.0     0.0     0.3    
*  126  322   332.67    1.23      0   332.67   998.00     0.0     0.0     0.3    
*  128  320   330.33    1.33      0   330.33   988.00     0.0     0.0     0.3    
*  129  319   329.33    1.11      0   329.33   988.00     0.0     0.0     0.3    
*  132  316   329.00    0.95      0   329.00   985.00     0.0     0.0     0.3    
*  133  315   328.33    0.86      0   328.33   985.00     0.0     0.0     0.3    
*  136  312   328.00    0.74      0   328.00   983.00     0.0     0.0     0.3    
*  137  311   327.67    0.74      0   327.67   978.00     0.0     0.0     0.3    
*  138  310   326.00    0.59      0   326.00   978.00     0.0     0.0     0.3    
*  142  306   325.67    0.44      0   325.67   977.00     0.0     0.0     0.3    

  Gens  Rem    Local   ElDiv NoImpr             Best solution            Time  Op
                                       Cost     Dist    Tard    TMax 
*  145  303   325.00    0.41      0   325.00   975.00     0.0     0.0     0.3    
   150  298   325.00    0.08      5   325.00   975.00     0.0     0.0     0.3    
*  151  297   324.33    0.12      0   324.33   973.00     0.0     0.0     0.3    
*  166  282   323.00    0.23      0   323.00   969.00     0.0     0.0     0.4    
Path relinking result: too homogeneous.
   192  256   323.00    0.00     27   323.00   969.00     0.0     0.0     0.4   P
   200  248   323.00    0.00     34   323.00   969.00     0.0     0.0     0.4    
   233  215      inf  384.19      0   323.00   969.00     0.0     0.0     0.5   R
   234  214  3005.33  327.01      0   323.00   969.00     0.0     0.0     0.5    
   250  198   834.67  135.03      0   323.00   969.00     0.0     0.0     0.5    
Path relinking result: too homogeneous.
   288  160   402.00    6.94     10   323.00   969.00     0.0     0.0     0.6   P
   300  148   387.67    6.34      5   323.00   969.00     0.0     0.0     0.7    
   350   98   358.33    3.55      0   323.00   969.00     0.0     0.0     0.8    
Path relinking result: too homogeneous.
   384   64   344.67    1.15      2   323.00   969.00     0.0     0.0     0.8   P
   400   48   338.33    0.33      3   323.00   969.00     0.0     0.0     0.9    
   448    0   336.00    0.00     25   323.00   969.00     0.0     0.0     1.0    
Evolutionary process finished.
Solution written to 'solution-21826.txt'.

Sorted sequence of worst to best tardiness value:
Task for patient = 91 with skills = {0,-1} and cost = 244.3
   Vehicle #0 = 6, leaving at = 939.0
   Vehicle #1 = -1, leaving at = inf
   Increment on distance indicator: 8.0
   Increment on tard indicator:     1.0
   Value of tmax indicator:         8.0

Task for patient = 80 with skills = {3,-1} and cost = 201.0
   Vehicle #0 = 10, leaving at = 866.0
   Vehicle #1 = -1, leaving at = inf
   Increment on distance indicator: 5.0
   Increment on tard indicator:     0.0
   Value of tmax indicator:         5.0

Task for patient = 60 with skills = {3,-1} and cost = 199.3
   Vehicle #0 = 16, leaving at = 867.0
   Vehicle #1 = -1, leaving at = inf
   Increment on distance indicator: 3.0
   Increment on tard indicator:     0.0
   Value of tmax indicator:         3.0

Task for patient = 51 with skills = {4,-1} and cost = 198.3
   Vehicle #0 = 11, leaving at = 918.0
   Vehicle #1 = -1, leaving at = inf
   Increment on distance indicator: 2.0
   Increment on tard indicator:     0.0
   Value of tmax indicator:         2.0

Task for patient = 82 with skills = {3,-1} and cost = 197.7
   Vehicle #0 = 19, leaving at = 979.0
   Vehicle #1 = -1, leaving at = inf
   Increment on distance indicator: 3.0
   Increment on tard indicator:     0.0
   Value of tmax indicator:         3.0

Task for patient = 73 with skills = {4,-1} and cost = 196.7
   Vehicle #0 = 15, leaving at = 760.0
   Vehicle #1 = -1, leaving at = inf
   Increment on distance indicator: 9.0
   Increment on tard indicator:     0.0
   Value of tmax indicator:         9.0

Task for patient = 57 with skills = {2,3} and cost = 193.7
   Vehicle #0 = 2, leaving at = 940.0
   Vehicle #1 = 17, leaving at = 904.0
   Increment on distance indicator: 7.0
   Increment on tard indicator:     0.0
   Value of tmax indicator:         7.0

Task for patient = 16 with skills = {0,3} and cost = 191.3
   Vehicle #0 = 9, leaving at = 988.0
   Vehicle #1 = 14, leaving at = 984.0
   Increment on distance indicator: 6.0
   Increment on tard indicator:     0.0
   Value of tmax indicator:         6.0

Task for patient = 6 with skills = {3,-1} and cost = 189.3
   Vehicle #0 = 14, leaving at = 956.0
   Vehicle #1 = -1, leaving at = inf
   Increment on distance indicator: 3.0
   Increment on tard indicator:     0.0
   Value of tmax indicator:         3.0

Task for patient = 95 with skills = {4,-1} and cost = 188.3
   Vehicle #0 = 12, leaving at = 875.0
   Vehicle #1 = -1, leaving at = inf
   Increment on distance indicator: 8.0
   Increment on tard indicator:     0.0
   Value of tmax indicator:         8.0

Task for patient = 24 with skills = {0,-1} and cost = 185.7
   Vehicle #0 = 6, leaving at = 808.0
   Vehicle #1 = -1, leaving at = inf
   Increment on distance indicator: 6.0
   Increment on tard indicator:     0.0
   Value of tmax indicator:         6.0

Task for patient = 45 with skills = {1,-1} and cost = 183.7
   Vehicle #0 = 8, leaving at = 730.0
   Vehicle #1 = -1, leaving at = inf
   Increment on distance indicator: 3.0
   Increment on tard indicator:     0.0
   Value of tmax indicator:         3.0

Task for patient = 49 with skills = {2,3} and cost = 204.7
   Vehicle #0 = 1, leaving at = 932.0
   Vehicle #1 = 10, leaving at = 955.0
   Increment on distance indicator: 11.0
   Increment on tard indicator:     0.0
   Value of tmax indicator:         11.0

Task for patient = 77 with skills = {2,-1} and cost = 180.7
   Vehicle #0 = 0, leaving at = 913.0
   Vehicle #1 = -1, leaving at = inf
   Increment on distance indicator: 3.0
   Increment on tard indicator:     0.0
   Value of tmax indicator:         3.0

Task for patient = 81 with skills = {2,3} and cost = 179.7
   Vehicle #0 = 3, leaving at = 756.0
   Vehicle #1 = 13, leaving at = 783.0
   Increment on distance indicator: 9.0
   Increment on tard indicator:     0.0
   Value of tmax indicator:         9.0

Task for patient = 84 with skills = {5,-1} and cost = 176.7
   Vehicle #0 = 11, leaving at = 889.0
   Vehicle #1 = -1, leaving at = inf
   Increment on distance indicator: 5.0
   Increment on tard indicator:     0.0
   Value of tmax indicator:         5.0

Task for patient = 40 with skills = {2,-1} and cost = 175.0
   Vehicle #0 = 1, leaving at = 899.0
   Vehicle #1 = -1, leaving at = inf
   Increment on distance indicator: 6.0
   Increment on tard indicator:     0.0
   Value of tmax indicator:         6.0

Task for patient = 42 with skills = {1,4} and cost = 173.0
   Vehicle #0 = 7, leaving at = 717.0
   Vehicle #1 = 15, leaving at = 720.0
   Increment on distance indicator: 9.0
   Increment on tard indicator:     0.0
   Value of tmax indicator:         9.0

Task for patient = 100 with skills = {3,-1} and cost = 170.0
   Vehicle #0 = 13, leaving at = 736.0
   Vehicle #1 = -1, leaving at = inf
   Increment on distance indicator: 6.0
   Increment on tard indicator:     0.0
   Value of tmax indicator:         6.0

Task for patient = 5 with skills = {2,-1} and cost = 168.0
   Vehicle #0 = 1, leaving at = 860.0
   Vehicle #1 = -1, leaving at = inf
   Increment on distance indicator: 4.0
   Increment on tard indicator:     0.0
   Value of tmax indicator:         4.0

Task for patient = 12 with skills = {4,-1} and cost = 166.7
   Vehicle #0 = 12, leaving at = 844.0
   Vehicle #1 = -1, leaving at = inf
   Increment on distance indicator: 2.0
   Increment on tard indicator:     0.0
   Value of tmax indicator:         2.0

Task for patient = 70 with skills = {3,-1} and cost = 166.0
   Vehicle #0 = 13, leaving at = 616.0
   Vehicle #1 = -1, leaving at = inf
   Increment on distance indicator: 9.0
   Increment on tard indicator:     0.0
   Value of tmax indicator:         9.0

Task for patient = 31 with skills = {0,-1} and cost = 163.0
   Vehicle #0 = 0, leaving at = 890.0
   Vehicle #1 = -1, leaving at = inf
   Increment on distance indicator: 3.0
   Increment on tard indicator:     0.0
   Value of tmax indicator:         3.0

Task for patient = 37 with skills = {4,-1} and cost = 162.0
   Vehicle #0 = 19, leaving at = 689.0
   Vehicle #1 = -1, leaving at = inf
   Increment on distance indicator: 11.0
   Increment on tard indicator:     0.0
   Value of tmax indicator:         11.0

Task for patient = 93 with skills = {4,-1} and cost = 182.7
   Vehicle #0 = 10, leaving at = 808.0
   Vehicle #1 = -1, leaving at = inf
   Increment on distance indicator: 6.0
   Increment on tard indicator:     0.0
   Value of tmax indicator:         6.0

Task for patient = 74 with skills = {5,-1} and cost = 265.3
   Vehicle #0 = 16, leaving at = 995.0
   Vehicle #1 = -1, leaving at = inf
   Increment on distance indicator: 3.0
   Increment on tard indicator:     0.0
   Value of tmax indicator:         3.0

Task for patient = 4 with skills = {2,-1} and cost = 264.3
   Vehicle #0 = 3, leaving at = 1069.0
   Vehicle #1 = -1, leaving at = inf
   Increment on distance indicator: 5.0
   Increment on tard indicator:     0.0
   Value of tmax indicator:         5.0

Task for patient = 63 with skills = {2,-1} and cost = 262.7
   Vehicle #0 = 2, leaving at = 996.0
   Vehicle #1 = -1, leaving at = inf
   Increment on distance indicator: 6.0
   Increment on tard indicator:     0.0
   Value of tmax indicator:         6.0

Task for patient = 29 with skills = {4,-1} and cost = 260.7
   Vehicle #0 = 15, leaving at = 889.0
   Vehicle #1 = -1, leaving at = inf
   Increment on distance indicator: 2.0
   Increment on tard indicator:     0.0
   Value of tmax indicator:         2.0

Task for patient = 27 with skills = {1,4} and cost = 260.0
   Vehicle #0 = 5, leaving at = 948.0
   Vehicle #1 = 17, leaving at = 988.0
   Increment on distance indicator: 10.0
   Increment on tard indicator:     0.0
   Value of tmax indicator:         10.0

Task for patient = 22 with skills = {5,-1} and cost = 256.7
   Vehicle #0 = 16, leaving at = 976.0
   Vehicle #1 = -1, leaving at = inf
   Increment on distance indicator: 6.0
   Increment on tard indicator:     0.0
   Value of tmax indicator:         6.0

Task for patient = 88 with skills = {0,4} and cost = 254.7
   Vehicle #0 = 6, leaving at = 1034.0
   Vehicle #1 = 10, leaving at = 1051.0
   Increment on distance indicator: 16.0
   Increment on tard indicator:     0.0
   Value of tmax indicator:         16.0

Task for patient = 85 with skills = {2,-1} and cost = 249.3
   Vehicle #0 = 6, leaving at = 1000.0
   Vehicle #1 = -1, leaving at = inf
   Increment on distance indicator: 5.0
   Increment on tard indicator:     0.0
   Value of tmax indicator:         5.0

Task for patient = 50 with skills = {2,-1} and cost = 247.7
   Vehicle #0 = 5, leaving at = 905.0
   Vehicle #1 = -1, leaving at = inf
   Increment on distance indicator: 4.0
   Increment on tard indicator:     0.0
   Value of tmax indicator:         4.0

Task for patient = 59 with skills = {4,-1} and cost = 246.3
   Vehicle #0 = 10, leaving at = 1008.0
   Vehicle #1 = -1, leaving at = inf
   Increment on distance indicator: 6.0
   Increment on tard indicator:     0.0
   Value of tmax indicator:         6.0

Task for patient = 55 with skills = {1,5} and cost = 241.0
   Vehicle #0 = 9, leaving at = 1059.0
   Vehicle #1 = 14, leaving at = 1083.0
   Increment on distance indicator: 10.0
   Increment on tard indicator:     0.0
   Value of tmax indicator:         10.0

Task for patient = 86 with skills = {5,-1} and cost = 206.0
   Vehicle #0 = 16, leaving at = 910.0
   Vehicle #1 = -1, leaving at = inf
   Increment on distance indicator: 4.0
   Increment on tard indicator:     0.0
   Value of tmax indicator:         4.0

Task for patient = 47 with skills = {3,-1} and cost = 236.0
   Vehicle #0 = 13, leaving at = 1035.0
   Vehicle #1 = -1, leaving at = inf
   Increment on distance indicator: 6.0
   Increment on tard indicator:     0.0
   Value of tmax indicator:         6.0

Task for patient = 46 with skills = {4,-1} and cost = 234.0
   Vehicle #0 = 11, leaving at = 1012.0
   Vehicle #1 = -1, leaving at = inf
   Increment on distance indicator: 4.0
   Increment on tard indicator:     0.0
   Value of tmax indicator:         4.0

Task for patient = 1 with skills = {2,3} and cost = 232.7
   Vehicle #0 = 6, leaving at = 915.0
   Vehicle #1 = 16, leaving at = 943.0
   Increment on distance indicator: 12.0
   Increment on tard indicator:     0.0
   Value of tmax indicator:         12.0

Task for patient = 94 with skills = {5,-1} and cost = 228.7
   Vehicle #0 = 11, leaving at = 981.0
   Vehicle #1 = -1, leaving at = inf
   Increment on distance indicator: 9.0
   Increment on tard indicator:     0.0
   Value of tmax indicator:         9.0

Task for patient = 34 with skills = {2,3} and cost = 225.7
   Vehicle #0 = 0, leaving at = 963.0
   Vehicle #1 = 13, leaving at = 971.0
   Increment on distance indicator: 3.0
   Increment on tard indicator:     0.0
   Value of tmax indicator:         3.0

Task for patient = 89 with skills = {3,-1} and cost = 224.7
   Vehicle #0 = 17, leaving at = 945.0
   Vehicle #1 = -1, leaving at = inf
   Increment on distance indicator: 7.0
   Increment on tard indicator:     0.0
   Value of tmax indicator:         7.0

Task for patient = 36 with skills = {3,-1} and cost = 222.3
   Vehicle #0 = 18, leaving at = 983.0
   Vehicle #1 = -1, leaving at = inf
   Increment on distance indicator: 7.0
   Increment on tard indicator:     0.0
   Value of tmax indicator:         7.0

Task for patient = 87 with skills = {2,5} and cost = 220.0
   Vehicle #0 = 3, leaving at = 1018.0
   Vehicle #1 = 14, leaving at = 1043.0
   Increment on distance indicator: 11.0
   Increment on tard indicator:     0.0
   Value of tmax indicator:         11.0

Task for patient = 54 with skills = {4,-1} and cost = 216.3
   Vehicle #0 = 15, leaving at = 819.0
   Vehicle #1 = -1, leaving at = inf
   Increment on distance indicator: 10.0
   Increment on tard indicator:     0.0
   Value of tmax indicator:         10.0

Task for patient = 13 with skills = {5,-1} and cost = 213.0
   Vehicle #0 = 12, leaving at = 938.0
   Vehicle #1 = -1, leaving at = inf
   Increment on distance indicator: 14.0
   Increment on tard indicator:     0.0
   Value of tmax indicator:         14.0

Task for patient = 83 with skills = {3,-1} and cost = 208.3
   Vehicle #0 = 13, leaving at = 886.0
   Vehicle #1 = -1, leaving at = inf
   Increment on distance indicator: 7.0
   Increment on tard indicator:     0.0
   Value of tmax indicator:         7.0

Task for patient = 11 with skills = {2,4} and cost = 271.0
   Vehicle #0 = 0, leaving at = 999.0
   Vehicle #1 = 19, leaving at = 1038.0
   Increment on distance indicator: 17.0
   Increment on tard indicator:     0.0
   Value of tmax indicator:         17.0

Task for patient = 76 with skills = {1,-1} and cost = 237.7
   Vehicle #0 = 5, leaving at = 855.0
   Vehicle #1 = -1, leaving at = inf
   Increment on distance indicator: 5.0
   Increment on tard indicator:     0.0
   Value of tmax indicator:         5.0

Task for patient = 58 with skills = {0,-1} and cost = 90.7
   Vehicle #0 = 9, leaving at = 572.0
   Vehicle #1 = -1, leaving at = inf
   Increment on distance indicator: 11.0
   Increment on tard indicator:     0.0
   Value of tmax indicator:         11.0

Task for patient = 69 with skills = {0,-1} and cost = 87.0
   Vehicle #0 = 2, leaving at = 664.0
   Vehicle #1 = -1, leaving at = inf
   Increment on distance indicator: 4.0
   Increment on tard indicator:     0.0
   Value of tmax indicator:         4.0

Task for patient = 72 with skills = {0,-1} and cost = 85.7
   Vehicle #0 = 2, leaving at = 634.0
   Vehicle #1 = -1, leaving at = inf
   Increment on distance indicator: 7.0
   Increment on tard indicator:     0.0
   Value of tmax indicator:         7.0

Task for patient = 18 with skills = {4,-1} and cost = 83.3
   Vehicle #0 = 12, leaving at = 794.0
   Vehicle #1 = -1, leaving at = inf
   Increment on distance indicator: 3.0
   Increment on tard indicator:     0.0
   Value of tmax indicator:         3.0

Task for patient = 79 with skills = {4,-1} and cost = 82.3
   Vehicle #0 = 15, leaving at = 552.0
   Vehicle #1 = -1, leaving at = inf
   Increment on distance indicator: 4.0
   Increment on tard indicator:     0.0
   Value of tmax indicator:         4.0

Task for patient = 23 with skills = {1,5} and cost = 81.0
   Vehicle #0 = 6, leaving at = 689.0
   Vehicle #1 = 16, leaving at = 686.0
   Increment on distance indicator: 10.0
   Increment on tard indicator:     0.0
   Value of tmax indicator:         10.0

Task for patient = 28 with skills = {2,5} and cost = 77.7
   Vehicle #0 = 0, leaving at = 727.0
   Vehicle #1 = 11, leaving at = 743.0
   Increment on distance indicator: 8.0
   Increment on tard indicator:     0.0
   Value of tmax indicator:         8.0

Task for patient = 68 with skills = {0,3} and cost = 75.0
   Vehicle #0 = 6, leaving at = 632.0
   Vehicle #1 = 16, leaving at = 650.0
   Increment on distance indicator: 20.0
   Increment on tard indicator:     0.0
   Value of tmax indicator:         20.0

Task for patient = 53 with skills = {1,-1} and cost = 68.3
   Vehicle #0 = 3, leaving at = 734.0
   Vehicle #1 = -1, leaving at = inf
   Increment on distance indicator: 4.0
   Increment on tard indicator:     0.0
   Value of tmax indicator:         4.0

Task for patient = 32 with skills = {2,-1} and cost = 67.0
   Vehicle #0 = 9, leaving at = 527.0
   Vehicle #1 = -1, leaving at = inf
   Increment on distance indicator: 7.0
   Increment on tard indicator:     0.0
   Value of tmax indicator:         7.0

Task for patient = 20 with skills = {5,-1} and cost = 64.7
   Vehicle #0 = 12, leaving at = 667.0
   Vehicle #1 = -1, leaving at = inf
   Increment on distance indicator: 5.0
   Increment on tard indicator:     0.0
   Value of tmax indicator:         5.0

Task for patient = 99 with skills = {2,5} and cost = 158.3
   Vehicle #0 = 6, leaving at = 776.0
   Vehicle #1 = 16, leaving at = 844.0
   Increment on distance indicator: 10.0
   Increment on tard indicator:     0.0
   Value of tmax indicator:         10.0

Task for patient = 64 with skills = {1,-1} and cost = 57.3
   Vehicle #0 = 5, leaving at = 623.0
   Vehicle #1 = -1, leaving at = inf
   Increment on distance indicator: 12.0
   Increment on tard indicator:     0.0
   Value of tmax indicator:         12.0

Task for patient = 41 with skills = {1,-1} and cost = 53.3
   Vehicle #0 = 5, leaving at = 589.0
   Vehicle #1 = -1, leaving at = inf
   Increment on distance indicator: 12.0
   Increment on tard indicator:     0.0
   Value of tmax indicator:         12.0

Task for patient = 8 with skills = {2,5} and cost = 49.3
   Vehicle #0 = 2, leaving at = 542.0
   Vehicle #1 = 14, leaving at = 590.0
   Increment on distance indicator: 24.0
   Increment on tard indicator:     0.0
   Value of tmax indicator:         24.0

Task for patient = 71 with skills = {2,-1} and cost = 41.3
   Vehicle #0 = 0, leaving at = 694.0
   Vehicle #1 = -1, leaving at = inf
   Increment on distance indicator: 5.0
   Increment on tard indicator:     0.0
   Value of tmax indicator:         5.0

Task for patient = 90 with skills = {2,-1} and cost = 39.7
   Vehicle #0 = 3, leaving at = 713.0
   Vehicle #1 = -1, leaving at = inf
   Increment on distance indicator: 5.0
   Increment on tard indicator:     0.0
   Value of tmax indicator:         5.0

Task for patient = 14 with skills = {2,3} and cost = 38.0
   Vehicle #0 = 2, leaving at = 512.0
   Vehicle #1 = 13, leaving at = 519.0
   Increment on distance indicator: 32.0
   Increment on tard indicator:     0.0
   Value of tmax indicator:         32.0

Task for patient = 25 with skills = {2,3} and cost = 27.3
   Vehicle #0 = 1, leaving at = 682.0
   Vehicle #1 = 10, leaving at = 690.0
   Increment on distance indicator: 18.0
   Increment on tard indicator:     0.0
   Value of tmax indicator:         18.0

Task for patient = 35 with skills = {5,-1} and cost = 21.3
   Vehicle #0 = 12, leaving at = 561.0
   Vehicle #1 = -1, leaving at = inf
   Increment on distance indicator: 8.0
   Increment on tard indicator:     0.0
   Value of tmax indicator:         8.0

Task for patient = 98 with skills = {5,-1} and cost = 18.7
   Vehicle #0 = 11, leaving at = 672.0
   Vehicle #1 = -1, leaving at = inf
   Increment on distance indicator: 6.0
   Increment on tard indicator:     0.0
   Value of tmax indicator:         6.0

Task for patient = 44 with skills = {1,3} and cost = 16.7
   Vehicle #0 = 3, leaving at = 667.0
   Vehicle #1 = 11, leaving at = 647.0
   Increment on distance indicator: 11.0
   Increment on tard indicator:     0.0
   Value of tmax indicator:         11.0

Task for patient = 15 with skills = {1,-1} and cost = 13.0
   Vehicle #0 = 3, leaving at = 553.0
   Vehicle #1 = -1, leaving at = inf
   Increment on distance indicator: 11.0
   Increment on tard indicator:     0.0
   Value of tmax indicator:         11.0

Task for patient = 75 with skills = {2,5} and cost = 9.3
   Vehicle #0 = 0, leaving at = 635.0
   Vehicle #1 = 11, leaving at = 608.0
   Increment on distance indicator: 28.0
   Increment on tard indicator:     0.0
   Value of tmax indicator:         28.0

Task for patient = 30 with skills = {2,5} and cost = 63.0
   Vehicle #0 = 6, leaving at = 583.0
   Vehicle #1 = 12, leaving at = 625.0
   Increment on distance indicator: 17.0
   Increment on tard indicator:     0.0
   Value of tmax indicator:         17.0

Task for patient = 38 with skills = {2,5} and cost = 155.0
   Vehicle #0 = 1, leaving at = 810.0
   Vehicle #1 = 12, leaving at = 814.0
   Increment on distance indicator: 7.0
   Increment on tard indicator:     0.0
   Value of tmax indicator:         7.0

Task for patient = 92 with skills = {3,-1} and cost = 152.7
   Vehicle #0 = 18, leaving at = 645.0
   Vehicle #1 = -1, leaving at = inf
   Increment on distance indicator: 6.0
   Increment on tard indicator:     0.0
   Value of tmax indicator:         6.0

Task for patient = 33 with skills = {5,-1} and cost = 150.7
   Vehicle #0 = 14, leaving at = 832.0
   Vehicle #1 = -1, leaving at = inf
   Increment on distance indicator: 5.0
   Increment on tard indicator:     0.0
   Value of tmax indicator:         5.0

Task for patient = 21 with skills = {4,-1} and cost = 149.0
   Vehicle #0 = 17, leaving at = 880.0
   Vehicle #1 = -1, leaving at = inf
   Increment on distance indicator: 3.0
   Increment on tard indicator:     0.0
   Value of tmax indicator:         3.0

Task for patient = 19 with skills = {4,-1} and cost = 148.0
   Vehicle #0 = 17, leaving at = 837.0
   Vehicle #1 = -1, leaving at = inf
   Increment on distance indicator: 3.0
   Increment on tard indicator:     0.0
   Value of tmax indicator:         3.0

Task for patient = 43 with skills = {0,4} and cost = 147.0
   Vehicle #0 = 2, leaving at = 816.0
   Vehicle #1 = 17, leaving at = 812.0
   Increment on distance indicator: 8.0
   Increment on tard indicator:     0.0
   Value of tmax indicator:         8.0

Task for patient = 66 with skills = {1,5} and cost = 144.3
   Vehicle #0 = 9, leaving at = 795.0
   Vehicle #1 = 14, leaving at = 769.0
   Increment on distance indicator: 15.0
   Increment on tard indicator:     0.0
   Value of tmax indicator:         15.0

Task for patient = 67 with skills = {0,-1} and cost = 139.3
   Vehicle #0 = 9, leaving at = 722.0
   Vehicle #1 = -1, leaving at = inf
   Increment on distance indicator: 5.0
   Increment on tard indicator:     0.0
   Value of tmax indicator:         5.0

Task for patient = 17 with skills = {0,-1} and cost = 137.7
   Vehicle #0 = 2, leaving at = 759.0
   Vehicle #1 = -1, leaving at = inf
   Increment on distance indicator: 2.0
   Increment on tard indicator:     0.0
   Value of tmax indicator:         2.0

Task for patient = 78 with skills = {3,-1} and cost = 137.0
   Vehicle #0 = 13, leaving at = 575.0
   Vehicle #1 = -1, leaving at = inf
   Increment on distance indicator: 8.0
   Increment on tard indicator:     0.0
   Value of tmax indicator:         8.0

Task for patient = 9 with skills = {1,-1} and cost = 134.3
   Vehicle #0 = 6, leaving at = 754.0
   Vehicle #1 = -1, leaving at = inf
   Increment on distance indicator: 7.0
   Increment on tard indicator:     0.0
   Value of tmax indicator:         7.0

Task for patient = 39 with skills = {0,-1} and cost = 93.0
   Vehicle #0 = 2, leaving at = 731.0
   Vehicle #1 = -1, leaving at = inf
   Increment on distance indicator: 7.0
   Increment on tard indicator:     0.0
   Value of tmax indicator:         7.0

Task for patient = 10 with skills = {0,5} and cost = 127.7
   Vehicle #0 = 4, leaving at = 751.0
   Vehicle #1 = 14, leaving at = 730.0
   Increment on distance indicator: 20.0
   Increment on tard indicator:     0.0
   Value of tmax indicator:         20.0

Task for patient = 62 with skills = {4,-1} and cost = 121.0
   Vehicle #0 = 17, leaving at = 698.0
   Vehicle #1 = -1, leaving at = inf
   Increment on distance indicator: 5.0
   Increment on tard indicator:     0.0
   Value of tmax indicator:         5.0

Task for patient = 56 with skills = {1,3} and cost = 119.3
   Vehicle #0 = 6, leaving at = 721.0
   Vehicle #1 = 10, leaving at = 750.0
   Increment on distance indicator: 17.0
   Increment on tard indicator:     0.0
   Value of tmax indicator:         17.0

Task for patient = 2 with skills = {0,-1} and cost = 113.7
   Vehicle #0 = 4, leaving at = 703.0
   Vehicle #1 = -1, leaving at = inf
   Increment on distance indicator: 3.0
   Increment on tard indicator:     0.0
   Value of tmax indicator:         3.0

Task for patient = 97 with skills = {2,-1} and cost = 112.7
   Vehicle #0 = 0, leaving at = 752.0
   Vehicle #1 = -1, leaving at = inf
   Increment on distance indicator: 2.0
   Increment on tard indicator:     0.0
   Value of tmax indicator:         2.0

Task for patient = 96 with skills = {0,-1} and cost = 112.0
   Vehicle #0 = 5, leaving at = 825.0
   Vehicle #1 = -1, leaving at = inf
   Increment on distance indicator: 6.0
   Increment on tard indicator:     0.0
   Value of tmax indicator:         6.0

Task for patient = 61 with skills = {1,-1} and cost = 110.0
   Vehicle #0 = 9, leaving at = 691.0
   Vehicle #1 = -1, leaving at = inf
   Increment on distance indicator: 4.0
   Increment on tard indicator:     0.0
   Value of tmax indicator:         4.0

Task for patient = 65 with skills = {4,-1} and cost = 108.7
   Vehicle #0 = 17, leaving at = 662.0
   Vehicle #1 = -1, leaving at = inf
   Increment on distance indicator: 9.0
   Increment on tard indicator:     0.0
   Value of tmax indicator:         9.0

Task for patient = 52 with skills = {1,4} and cost = 105.7
   Vehicle #0 = 9, leaving at = 631.0
   Vehicle #1 = 17, leaving at = 624.0
   Increment on distance indicator: 14.0
   Increment on tard indicator:     0.0
   Value of tmax indicator:         14.0

Task for patient = 3 with skills = {2,5} and cost = 101.0
   Vehicle #0 = 5, leaving at = 796.0
   Vehicle #1 = 11, leaving at = 838.0
   Increment on distance indicator: 4.0
   Increment on tard indicator:     0.0
   Value of tmax indicator:         4.0

Task for patient = 7 with skills = {5,-1} and cost = 99.7
   Vehicle #0 = 14, leaving at = 658.0
   Vehicle #1 = -1, leaving at = inf
   Increment on distance indicator: 12.0
   Increment on tard indicator:     0.0
   Value of tmax indicator:         12.0

Task for patient = 26 with skills = {1,4} and cost = 95.7
   Vehicle #0 = 5, leaving at = 747.0
   Vehicle #1 = 11, leaving at = 785.0
   Increment on distance indicator: 8.0
   Increment on tard indicator:     0.0
   Value of tmax indicator:         8.0

Task for patient = 48 with skills = {3,-1} and cost = 132.0
   Vehicle #0 = 16, leaving at = 736.0
   Vehicle #1 = -1, leaving at = inf
   Increment on distance indicator: 13.0
   Increment on tard indicator:     0.0
   Value of tmax indicator:         13.0


Unused vehicle list: (total = 0 out of 20)

---
Search finished.
Total of 448 generations in 1.0 seconds.
Exchange elite runs: 0
Implicit path relinking runs: 4
Reset attempts: 1

Best solution found:
   Cost: 323.0
   Total travel time: 969.0
   Total tardiness time: 0.0
   Largest tardiness: 0.0


323.0
