--- BRKGA-MP-IPR for HHCRSP ---
Instance: new-instances/HHCRSP_100_20_66_1.0_C_RC.txt
Seed: 1

Reading data... Problem contains 100 patients  and 20 caregivers.

Summary of supply x demand for each service type:
Skill 0 has supply = 7 and demand = 19, ratio = 0.368421
Skill 1 has supply = 8 and demand = 20, ratio = 0.4
Skill 2 has supply = 9 and demand = 27, ratio = 0.333333
Skill 3 has supply = 6 and demand = 20, ratio = 0.3
Skill 4 has supply = 10 and demand = 29, ratio = 0.344828
Skill 5 has supply = 6 and demand = 15, ratio = 0.4

Reading parameters...
Inferred distance function by PR type: kendall-tau
Building BRKGA data and initializing...
Evolving 448 generations...

  Gens  Rem    Local   ElDiv NoImpr             Best solution            Time  Op
                                       Cost     Dist    Tard    TMax 
*    0  448  2325.33  341.00      0  2325.33  2025.00  4579.0   372.0     0.0    
*    3  445  2146.67  297.27      0  2146.67  1906.00  4123.0   411.0     0.0    
*    5  443  1930.33  207.74      0  1930.33  2086.00  3356.0   349.0     0.0    
*    8  440  1681.67  188.46      0  1681.67  1878.00  2064.0   199.0     0.0    
*    9  439  1380.33  181.91      0  1380.33  1878.00  2064.0   199.0     0.0    
*   11  437  1277.33  131.41      0  1277.33  1924.00  1634.0   274.0     0.0    
*   13  435  1061.67  106.87      0  1061.67  1884.00  1158.0   143.0     0.0    
*   16  432   940.33   87.35      0   940.33  2038.00   638.0   145.0     0.1    
*   18  430   875.67   82.35      0   875.67  1769.00   583.0   128.0     0.1    
*   19  429   826.67   88.18      0   826.67  1822.00   490.0   116.0     0.1    
*   20  428   809.33   80.51      0   809.33  1800.00   437.0   103.0     0.1    
*   21  427   780.00   73.67      0   780.00  1852.00   320.0    76.0     0.1    
*   22  426   749.33   63.75      0   749.33  1763.00   162.0    67.0     0.1    
*   23  425   664.00   76.64      0   664.00  1760.00   139.0    40.0     0.1    
*   24  424   646.33   67.22      0   646.33  1760.00   139.0    40.0     0.1    

  Gens  Rem    Local   ElDiv NoImpr             Best solution            Time  Op
                                       Cost     Dist    Tard    TMax 
*   32  416   598.33   31.04      0   598.33  1698.00    67.0    30.0     0.1    
*   34  414   597.00   28.70      0   597.00  1717.00    38.0    17.0     0.1    
*   35  413   590.67   25.96      0   590.67  1717.00    38.0    17.0     0.1    
*   40  408   577.67   19.57      0   577.67  1707.00    12.0     5.0     0.1    
*   41  407   574.67   17.35      0   574.67  1707.00    12.0     5.0     0.1    
*   43  405   573.00   14.48      0   573.00  1715.00     2.0     2.0     0.1    
*   46  402   572.33   10.24      0   572.33  1698.00    13.0     6.0     0.1    
*   48  400   560.33    9.30      0   560.33  1681.00     0.0     0.0     0.1    
*   50  398   560.00    8.95      0   560.00  1680.00     0.0     0.0     0.2    
*   54  394   543.67    8.78      0   543.67  1591.00    23.0    17.0     0.2    
*   56  392   542.00    9.29      0   542.00  1621.00     0.0     0.0     0.2    
*   57  391   540.33    8.88      0   540.33  1621.00     0.0     0.0     0.2    
*   61  387   529.67    8.22      0   529.67  1580.00     7.0     2.0     0.2    
*   65  383   522.00    7.06      0   522.00  1548.00    11.0     7.0     0.2    
*   72  376   514.00    6.05      0   514.00  1533.00     7.0     2.0     0.2    
*   84  364   511.67    4.47      0   511.67  1493.00     9.0     4.0     0.3    

  Gens  Rem    Local   ElDiv NoImpr             Best solution            Time  Op
                                       Cost     Dist    Tard    TMax 
*   85  363   502.00    5.23      0   502.00  1483.00     5.0     2.0     0.3    
*   86  362   496.67    5.08      0   496.67  1483.00     5.0     2.0     0.3    
Path relinking result: too homogeneous.
    96  352   496.67    4.96     11   496.67  1483.00     5.0     2.0     0.3   P
   100  348   496.67    4.87     14   496.67  1483.00     5.0     2.0     0.3    
*  106  342   490.67    4.79      0   490.67  1466.00     4.0     2.0     0.3    
*  118  330   485.67    4.82      0   485.67  1457.00     0.0     0.0     0.4    
*  122  326   482.67    4.98      0   482.67  1448.00     0.0     0.0     0.4    
*  141  307   481.67    3.80      0   481.67  1432.00     2.0     2.0     0.4    
*  142  306   478.67    4.28      0   478.67  1408.00     0.0     0.0     0.4    
*  143  305   469.33    3.83      0   469.33  1408.00     0.0     0.0     0.4    
   150  298   469.33    3.77      7   469.33  1408.00     0.0     0.0     0.5    
*  152  296   468.67    3.52      0   468.67  1402.00     2.0     2.0     0.5    
*  156  292   468.33    2.27      0   468.33  1405.00     0.0     0.0     0.5    
*  158  290   467.00    1.33      0   467.00  1397.00     2.0     2.0     0.5    
*  160  288   464.00    1.11      0   464.00  1392.00     0.0     0.0     0.5    
*  164  284   463.67    1.11      0   463.67  1391.00     0.0     0.0     0.5    

  Gens  Rem    Local   ElDiv NoImpr             Best solution            Time  Op
                                       Cost     Dist    Tard    TMax 
*  186  262   463.00    0.18      0   463.00  1389.00     0.0     0.0     0.6    
*  191  257   460.67    0.29      0   460.67  1382.00     0.0     0.0     0.6    
Path relinking result: too homogeneous.
   192  256   460.67    0.29      2   460.67  1382.00     0.0     0.0     0.6   P
   200  248   460.67    0.29      9   460.67  1382.00     0.0     0.0     0.6    
*  220  228   460.33    0.07      0   460.33  1381.00     0.0     0.0     0.7    
*  225  223   460.00    0.41      0   460.00  1371.00     0.0     0.0     0.7    
*  226  222   457.00    0.61      0   457.00  1370.00     0.0     0.0     0.7    
*  227  221   456.67    0.81      0   456.67  1370.00     0.0     0.0     0.7    
*  230  218   454.67    1.74      0   454.67  1364.00     0.0     0.0     0.7    
   250  198   454.67    0.00     20   454.67  1364.00     0.0     0.0     0.8    
*  256  192   453.67    0.17      0   453.67  1361.00     0.0     0.0     0.8    
Path relinking result: too homogeneous.
   288  160   453.67    0.00     33   453.67  1361.00     0.0     0.0     0.9   P
   300  148   453.67    0.00     44   453.67  1361.00     0.0     0.0     0.9    
   323  125      inf  377.31      0   453.67  1361.00     0.0     0.0     1.0   R
   324  124  2791.33  320.79      0   453.67  1361.00     0.0     0.0     1.0    
   350   98   688.67   39.92      1   453.67  1361.00     0.0     0.0     1.1    
Path relinking result: too homogeneous.

  Gens  Rem    Local   ElDiv NoImpr             Best solution            Time  Op
                                       Cost     Dist    Tard    TMax 
   384   64   538.00    8.45      1   453.67  1361.00     0.0     0.0     1.2   P
   400   48   520.33    5.80      7   453.67  1361.00     0.0     0.0     1.2    
   448    0   488.33    5.46      4   453.67  1361.00     0.0     0.0     1.4    
Evolutionary process finished.
Solution written to 'solution-37910.txt'.

Sorted sequence of worst to best tardiness value:
Task for patient = 17 with skills = {4,-1} and cost = 282.7
   Vehicle #0 = 19, leaving at = 892.0
   Vehicle #1 = -1, leaving at = inf
   Increment on distance indicator: 9.0
   Increment on tard indicator:     0.0
   Value of tmax indicator:         9.0

Task for patient = 51 with skills = {4,-1} and cost = 279.7
   Vehicle #0 = 10, leaving at = 872.0
   Vehicle #1 = -1, leaving at = inf
   Increment on distance indicator: 5.0
   Increment on tard indicator:     0.0
   Value of tmax indicator:         5.0

Task for patient = 8 with skills = {5,-1} and cost = 278.0
   Vehicle #0 = 13, leaving at = 962.0
   Vehicle #1 = -1, leaving at = inf
   Increment on distance indicator: 4.0
   Increment on tard indicator:     0.0
   Value of tmax indicator:         4.0

Task for patient = 36 with skills = {1,4} and cost = 276.7
   Vehicle #0 = 0, leaving at = 975.0
   Vehicle #1 = 17, leaving at = 968.0
   Increment on distance indicator: 4.0
   Increment on tard indicator:     0.0
   Value of tmax indicator:         4.0

Task for patient = 73 with skills = {1,-1} and cost = 275.3
   Vehicle #0 = 7, leaving at = 826.0
   Vehicle #1 = -1, leaving at = inf
   Increment on distance indicator: 15.0
   Increment on tard indicator:     0.0
   Value of tmax indicator:         15.0

Task for patient = 67 with skills = {0,-1} and cost = 270.3
   Vehicle #0 = 2, leaving at = 815.0
   Vehicle #1 = -1, leaving at = inf
   Increment on distance indicator: 25.0
   Increment on tard indicator:     0.0
   Value of tmax indicator:         25.0

Task for patient = 84 with skills = {4,-1} and cost = 262.0
   Vehicle #0 = 10, leaving at = 726.0
   Vehicle #1 = -1, leaving at = inf
   Increment on distance indicator: 18.0
   Increment on tard indicator:     0.0
   Value of tmax indicator:         18.0

Task for patient = 48 with skills = {1,-1} and cost = 256.0
   Vehicle #0 = 8, leaving at = 868.0
   Vehicle #1 = -1, leaving at = inf
   Increment on distance indicator: 8.0
   Increment on tard indicator:     0.0
   Value of tmax indicator:         8.0

Task for patient = 97 with skills = {2,-1} and cost = 253.3
   Vehicle #0 = 7, leaving at = 793.0
   Vehicle #1 = -1, leaving at = inf
   Increment on distance indicator: 6.0
   Increment on tard indicator:     0.0
   Value of tmax indicator:         6.0

Task for patient = 80 with skills = {0,4} and cost = 251.3
   Vehicle #0 = 8, leaving at = 836.0
   Vehicle #1 = 13, leaving at = 845.0
   Increment on distance indicator: 12.0
   Increment on tard indicator:     0.0
   Value of tmax indicator:         12.0

Task for patient = 30 with skills = {5,-1} and cost = 247.3
   Vehicle #0 = 11, leaving at = 904.0
   Vehicle #1 = -1, leaving at = inf
   Increment on distance indicator: 8.0
   Increment on tard indicator:     0.0
   Value of tmax indicator:         8.0

Task for patient = 12 with skills = {1,-1} and cost = 381.0
   Vehicle #0 = 3, leaving at = 945.0
   Vehicle #1 = -1, leaving at = inf
   Increment on distance indicator: 6.0
   Increment on tard indicator:     0.0
   Value of tmax indicator:         6.0

Task for patient = 83 with skills = {4,-1} and cost = 241.3
   Vehicle #0 = 19, leaving at = 772.0
   Vehicle #1 = -1, leaving at = inf
   Increment on distance indicator: 17.0
   Increment on tard indicator:     0.0
   Value of tmax indicator:         17.0

Task for patient = 9 with skills = {0,3} and cost = 235.7
   Vehicle #0 = 0, leaving at = 883.0
   Vehicle #1 = 17, leaving at = 902.0
   Increment on distance indicator: 8.0
   Increment on tard indicator:     0.0
   Value of tmax indicator:         8.0

Task for patient = 31 with skills = {2,3} and cost = 233.0
   Vehicle #0 = 0, leaving at = 864.0
   Vehicle #1 = 15, leaving at = 896.0
   Increment on distance indicator: 10.0
   Increment on tard indicator:     0.0
   Value of tmax indicator:         10.0

Task for patient = 74 with skills = {4,-1} and cost = 229.7
   Vehicle #0 = 14, leaving at = 721.0
   Vehicle #1 = -1, leaving at = inf
   Increment on distance indicator: 12.0
   Increment on tard indicator:     0.0
   Value of tmax indicator:         12.0

Task for patient = 50 with skills = {0,5} and cost = 225.7
   Vehicle #0 = 8, leaving at = 781.0
   Vehicle #1 = 13, leaving at = 791.0
   Increment on distance indicator: 14.0
   Increment on tard indicator:     0.0
   Value of tmax indicator:         14.0

Task for patient = 64 with skills = {1,3} and cost = 221.0
   Vehicle #0 = 1, leaving at = 843.0
   Vehicle #1 = 11, leaving at = 855.0
   Increment on distance indicator: 12.0
   Increment on tard indicator:     0.0
   Value of tmax indicator:         12.0

Task for patient = 88 with skills = {3,-1} and cost = 217.0
   Vehicle #0 = 19, leaving at = 713.0
   Vehicle #1 = -1, leaving at = inf
   Increment on distance indicator: 21.0
   Increment on tard indicator:     0.0
   Value of tmax indicator:         21.0

Task for patient = 98 with skills = {2,5} and cost = 210.0
   Vehicle #0 = 5, leaving at = 807.0
   Vehicle #1 = 11, leaving at = 812.0
   Increment on distance indicator: 13.0
   Increment on tard indicator:     0.0
   Value of tmax indicator:         13.0

Task for patient = 27 with skills = {3,-1} and cost = 205.7
   Vehicle #0 = 12, leaving at = 848.0
   Vehicle #1 = -1, leaving at = inf
   Increment on distance indicator: 9.0
   Increment on tard indicator:     0.0
   Value of tmax indicator:         9.0

Task for patient = 29 with skills = {2,4} and cost = 202.7
   Vehicle #0 = 9, leaving at = 629.0
   Vehicle #1 = 14, leaving at = 666.0
   Increment on distance indicator: 17.0
   Increment on tard indicator:     0.0
   Value of tmax indicator:         17.0

Task for patient = 61 with skills = {1,5} and cost = 197.0
   Vehicle #0 = 1, leaving at = 819.0
   Vehicle #1 = 12, leaving at = 814.0
   Increment on distance indicator: 10.0
   Increment on tard indicator:     0.0
   Value of tmax indicator:         10.0

Task for patient = 66 with skills = {1,-1} and cost = 193.7
   Vehicle #0 = 3, leaving at = 739.0
   Vehicle #1 = -1, leaving at = inf
   Increment on distance indicator: 7.0
   Increment on tard indicator:     0.0
   Value of tmax indicator:         7.0

Task for patient = 18 with skills = {2,5} and cost = 244.7
   Vehicle #0 = 0, leaving at = 944.0
   Vehicle #1 = 17, leaving at = 923.0
   Increment on distance indicator: 10.0
   Increment on tard indicator:     0.0
   Value of tmax indicator:         10.0

Task for patient = 4 with skills = {0,-1} and cost = 379.0
   Vehicle #0 = 8, leaving at = 973.0
   Vehicle #1 = -1, leaving at = inf
   Increment on distance indicator: 9.0
   Increment on tard indicator:     0.0
   Value of tmax indicator:         9.0

Task for patient = 55 with skills = {3,-1} and cost = 376.0
   Vehicle #0 = 18, leaving at = 1024.0
   Vehicle #1 = -1, leaving at = inf
   Increment on distance indicator: 15.0
   Increment on tard indicator:     0.0
   Value of tmax indicator:         15.0

Task for patient = 45 with skills = {0,-1} and cost = 371.0
   Vehicle #0 = 6, leaving at = 1081.0
   Vehicle #1 = -1, leaving at = inf
   Increment on distance indicator: 5.0
   Increment on tard indicator:     0.0
   Value of tmax indicator:         5.0

Task for patient = 91 with skills = {1,4} and cost = 369.3
   Vehicle #0 = 1, leaving at = 957.0
   Vehicle #1 = 15, leaving at = 1010.0
   Increment on distance indicator: 9.0
   Increment on tard indicator:     0.0
   Value of tmax indicator:         9.0

Task for patient = 87 with skills = {4,-1} and cost = 366.3
   Vehicle #0 = 15, leaving at = 947.0
   Vehicle #1 = -1, leaving at = inf
   Increment on distance indicator: 6.0
   Increment on tard indicator:     0.0
   Value of tmax indicator:         6.0

Task for patient = 89 with skills = {3,-1} and cost = 364.3
   Vehicle #0 = 19, leaving at = 1061.0
   Vehicle #1 = -1, leaving at = inf
   Increment on distance indicator: 6.0
   Increment on tard indicator:     0.0
   Value of tmax indicator:         6.0

Task for patient = 38 with skills = {2,4} and cost = 362.3
   Vehicle #0 = 4, leaving at = 1021.0
   Vehicle #1 = 14, leaving at = 1038.0
   Increment on distance indicator: 17.0
   Increment on tard indicator:     0.0
   Value of tmax indicator:         17.0

Task for patient = 46 with skills = {2,-1} and cost = 356.7
   Vehicle #0 = 4, leaving at = 989.0
   Vehicle #1 = -1, leaving at = inf
   Increment on distance indicator: 9.0
   Increment on tard indicator:     0.0
   Value of tmax indicator:         9.0

Task for patient = 77 with skills = {0,-1} and cost = 353.7
   Vehicle #0 = 8, leaving at = 934.0
   Vehicle #1 = -1, leaving at = inf
   Increment on distance indicator: 11.0
   Increment on tard indicator:     0.0
   Value of tmax indicator:         11.0

Task for patient = 65 with skills = {2,-1} and cost = 350.0
   Vehicle #0 = 3, leaving at = 869.0
   Vehicle #1 = -1, leaving at = inf
   Increment on distance indicator: 6.0
   Increment on tard indicator:     0.0
   Value of tmax indicator:         6.0

Task for patient = 94 with skills = {1,-1} and cost = 348.0
   Vehicle #0 = 2, leaving at = 981.0
   Vehicle #1 = -1, leaving at = inf
   Increment on distance indicator: 20.0
   Increment on tard indicator:     0.0
   Value of tmax indicator:         20.0

Task for patient = 99 with skills = {0,4} and cost = 287.0
   Vehicle #0 = 5, leaving at = 962.0
   Vehicle #1 = 19, leaving at = 935.0
   Increment on distance indicator: 13.0
   Increment on tard indicator:     0.0
   Value of tmax indicator:         13.0

Task for patient = 90 with skills = {0,-1} and cost = 339.0
   Vehicle #0 = 6, leaving at = 1016.0
   Vehicle #1 = -1, leaving at = inf
   Increment on distance indicator: 12.0
   Increment on tard indicator:     0.0
   Value of tmax indicator:         12.0

Task for patient = 76 with skills = {2,3} and cost = 335.0
   Vehicle #0 = 5, leaving at = 1006.0
   Vehicle #1 = 19, leaving at = 1001.0
   Increment on distance indicator: 12.0
   Increment on tard indicator:     0.0
   Value of tmax indicator:         12.0

Task for patient = 5 with skills = {5,-1} and cost = 331.0
   Vehicle #0 = 13, leaving at = 1017.0
   Vehicle #1 = -1, leaving at = inf
   Increment on distance indicator: 7.0
   Increment on tard indicator:     0.0
   Value of tmax indicator:         7.0

Task for patient = 63 with skills = {4,-1} and cost = 328.7
   Vehicle #0 = 18, leaving at = 972.0
   Vehicle #1 = -1, leaving at = inf
   Increment on distance indicator: 9.0
   Increment on tard indicator:     0.0
   Value of tmax indicator:         9.0

Task for patient = 70 with skills = {0,3} and cost = 325.7
   Vehicle #0 = 6, leaving at = 949.0
   Vehicle #1 = 12, leaving at = 997.0
   Increment on distance indicator: 16.0
   Increment on tard indicator:     0.0
   Value of tmax indicator:         16.0

Task for patient = 79 with skills = {0,5} and cost = 320.3
   Vehicle #0 = 0, leaving at = 1007.0
   Vehicle #1 = 17, leaving at = 1037.0
   Increment on distance indicator: 14.0
   Increment on tard indicator:     0.0
   Value of tmax indicator:         14.0

Task for patient = 11 with skills = {4,-1} and cost = 315.7
   Vehicle #0 = 10, leaving at = 917.0
   Vehicle #1 = -1, leaving at = inf
   Increment on distance indicator: 12.0
   Increment on tard indicator:     0.0
   Value of tmax indicator:         12.0

Task for patient = 1 with skills = {0,5} and cost = 311.7
   Vehicle #0 = 4, leaving at = 857.0
   Vehicle #1 = 14, leaving at = 872.0
   Increment on distance indicator: 46.0
   Increment on tard indicator:     0.0
   Value of tmax indicator:         46.0

Task for patient = 33 with skills = {3,-1} and cost = 296.3
   Vehicle #0 = 11, leaving at = 985.0
   Vehicle #1 = -1, leaving at = inf
   Increment on distance indicator: 6.0
   Increment on tard indicator:     0.0
   Value of tmax indicator:         6.0

Task for patient = 28 with skills = {3,-1} and cost = 294.3
   Vehicle #0 = 11, leaving at = 938.0
   Vehicle #1 = -1, leaving at = inf
   Increment on distance indicator: 5.0
   Increment on tard indicator:     0.0
   Value of tmax indicator:         5.0

Task for patient = 96 with skills = {3,-1} and cost = 292.7
   Vehicle #0 = 12, leaving at = 917.0
   Vehicle #1 = -1, leaving at = inf
   Increment on distance indicator: 5.0
   Increment on tard indicator:     0.0
   Value of tmax indicator:         5.0

Task for patient = 69 with skills = {2,-1} and cost = 291.0
   Vehicle #0 = 1, leaving at = 888.0
   Vehicle #1 = -1, leaving at = inf
   Increment on distance indicator: 12.0
   Increment on tard indicator:     0.0
   Value of tmax indicator:         12.0

Task for patient = 42 with skills = {0,-1} and cost = 341.3
   Vehicle #0 = 5, leaving at = 1053.0
   Vehicle #1 = -1, leaving at = inf
   Increment on distance indicator: 7.0
   Increment on tard indicator:     0.0
   Value of tmax indicator:         7.0

Task for patient = 54 with skills = {1,-1} and cost = 93.3
   Vehicle #0 = 4, leaving at = 591.0
   Vehicle #1 = -1, leaving at = inf
   Increment on distance indicator: 9.0
   Increment on tard indicator:     0.0
   Value of tmax indicator:         9.0

Task for patient = 10 with skills = {4,-1} and cost = 90.3
   Vehicle #0 = 18, leaving at = 580.0
   Vehicle #1 = -1, leaving at = inf
   Increment on distance indicator: 13.0
   Increment on tard indicator:     0.0
   Value of tmax indicator:         13.0

Task for patient = 82 with skills = {3,-1} and cost = 86.0
   Vehicle #0 = 11, leaving at = 737.0
   Vehicle #1 = -1, leaving at = inf
   Increment on distance indicator: 6.0
   Increment on tard indicator:     0.0
   Value of tmax indicator:         6.0

Task for patient = 22 with skills = {1,3} and cost = 84.0
   Vehicle #0 = 5, leaving at = 564.0
   Vehicle #1 = 18, leaving at = 545.0
   Increment on distance indicator: 14.0
   Increment on tard indicator:     0.0
   Value of tmax indicator:         14.0

Task for patient = 16 with skills = {5,-1} and cost = 79.3
   Vehicle #0 = 17, leaving at = 747.0
   Vehicle #1 = -1, leaving at = inf
   Increment on distance indicator: 5.0
   Increment on tard indicator:     0.0
   Value of tmax indicator:         5.0

Task for patient = 32 with skills = {0,-1} and cost = 77.7
   Vehicle #0 = 0, leaving at = 782.0
   Vehicle #1 = -1, leaving at = inf
   Increment on distance indicator: 3.0
   Increment on tard indicator:     0.0
   Value of tmax indicator:         3.0

Task for patient = 71 with skills = {1,-1} and cost = 76.7
   Vehicle #0 = 4, leaving at = 529.0
   Vehicle #1 = -1, leaving at = inf
   Increment on distance indicator: 13.0
   Increment on tard indicator:     0.0
   Value of tmax indicator:         13.0

Task for patient = 75 with skills = {2,-1} and cost = 72.3
   Vehicle #0 = 0, leaving at = 759.0
   Vehicle #1 = -1, leaving at = inf
   Increment on distance indicator: 9.0
   Increment on tard indicator:     0.0
   Value of tmax indicator:         9.0

Task for patient = 39 with skills = {0,-1} and cost = 69.3
   Vehicle #0 = 3, leaving at = 574.0
   Vehicle #1 = -1, leaving at = inf
   Increment on distance indicator: 27.0
   Increment on tard indicator:     0.0
   Value of tmax indicator:         27.0

Task for patient = 6 with skills = {5,-1} and cost = 60.3
   Vehicle #0 = 11, leaving at = 678.0
   Vehicle #1 = -1, leaving at = inf
   Increment on distance indicator: 3.0
   Increment on tard indicator:     0.0
   Value of tmax indicator:         3.0

Task for patient = 24 with skills = {2,4} and cost = 59.3
   Vehicle #0 = 0, leaving at = 734.0
   Vehicle #1 = 17, leaving at = 723.0
   Increment on distance indicator: 15.0
   Increment on tard indicator:     0.0
   Value of tmax indicator:         15.0

Task for patient = 58 with skills = {4,-1} and cost = 191.3
   Vehicle #0 = 13, leaving at = 684.0
   Vehicle #1 = -1, leaving at = inf
   Increment on distance indicator: 6.0
   Increment on tard indicator:     0.0
   Value of tmax indicator:         6.0

Task for patient = 68 with skills = {4,-1} and cost = 52.7
   Vehicle #0 = 10, leaving at = 613.0
   Vehicle #1 = -1, leaving at = inf
   Increment on distance indicator: 15.0
   Increment on tard indicator:     0.0
   Value of tmax indicator:         15.0

Task for patient = 72 with skills = {3,-1} and cost = 47.7
   Vehicle #0 = 17, leaving at = 544.0
   Vehicle #1 = -1, leaving at = inf
   Increment on distance indicator: 6.0
   Increment on tard indicator:     0.0
   Value of tmax indicator:         6.0

Task for patient = 57 with skills = {2,-1} and cost = 45.7
   Vehicle #0 = 2, leaving at = 579.0
   Vehicle #1 = -1, leaving at = inf
   Increment on distance indicator: 18.0
   Increment on tard indicator:     0.0
   Value of tmax indicator:         18.0

Task for patient = 56 with skills = {3,-1} and cost = 39.7
   Vehicle #0 = 15, leaving at = 546.0
   Vehicle #1 = -1, leaving at = inf
   Increment on distance indicator: 17.0
   Increment on tard indicator:     0.0
   Value of tmax indicator:         17.0

Task for patient = 52 with skills = {1,4} and cost = 34.0
   Vehicle #0 = 1, leaving at = 672.0
   Vehicle #1 = 12, leaving at = 686.0
   Increment on distance indicator: 12.0
   Increment on tard indicator:     0.0
   Value of tmax indicator:         12.0

Task for patient = 60 with skills = {4,-1} and cost = 30.0
   Vehicle #0 = 12, leaving at = 626.0
   Vehicle #1 = -1, leaving at = inf
   Increment on distance indicator: 10.0
   Increment on tard indicator:     0.0
   Value of tmax indicator:         10.0

Task for patient = 86 with skills = {4,-1} and cost = 26.7
   Vehicle #0 = 12, leaving at = 587.0
   Vehicle #1 = -1, leaving at = inf
   Increment on distance indicator: 8.0
   Increment on tard indicator:     0.0
   Value of tmax indicator:         8.0

Task for patient = 85 with skills = {2,-1} and cost = 24.0
   Vehicle #0 = 2, leaving at = 544.0
   Vehicle #1 = -1, leaving at = inf
   Increment on distance indicator: 9.0
   Increment on tard indicator:     0.0
   Value of tmax indicator:         9.0

Task for patient = 81 with skills = {5,-1} and cost = 21.0
   Vehicle #0 = 12, leaving at = 534.0
   Vehicle #1 = -1, leaving at = inf
   Increment on distance indicator: 12.0
   Increment on tard indicator:     0.0
   Value of tmax indicator:         12.0

Task for patient = 34 with skills = {1,-1} and cost = 17.0
   Vehicle #0 = 1, leaving at = 545.0
   Vehicle #1 = -1, leaving at = inf
   Increment on distance indicator: 18.0
   Increment on tard indicator:     0.0
   Value of tmax indicator:         18.0

Task for patient = 14 with skills = {2,5} and cost = 11.0
   Vehicle #0 = 0, leaving at = 625.0
   Vehicle #1 = 11, leaving at = 625.0
   Increment on distance indicator: 18.0
   Increment on tard indicator:     0.0
   Value of tmax indicator:         18.0

Task for patient = 92 with skills = {2,-1} and cost = 5.0
   Vehicle #0 = 0, leaving at = 592.0
   Vehicle #1 = -1, leaving at = inf
   Increment on distance indicator: 15.0
   Increment on tard indicator:     0.0
   Value of tmax indicator:         15.0

Task for patient = 78 with skills = {0,-1} and cost = 54.3
   Vehicle #0 = 0, leaving at = 677.0
   Vehicle #1 = -1, leaving at = inf
   Increment on distance indicator: 5.0
   Increment on tard indicator:     0.0
   Value of tmax indicator:         5.0

Task for patient = 40 with skills = {0,-1} and cost = 189.3
   Vehicle #0 = 8, leaving at = 529.0
   Vehicle #1 = -1, leaving at = inf
   Increment on distance indicator: 14.0
   Increment on tard indicator:     0.0
   Value of tmax indicator:         14.0

Task for patient = 95 with skills = {2,-1} and cost = 184.7
   Vehicle #0 = 4, leaving at = 774.0
   Vehicle #1 = -1, leaving at = inf
   Increment on distance indicator: 11.0
   Increment on tard indicator:     0.0
   Value of tmax indicator:         11.0

Task for patient = 7 with skills = {4,-1} and cost = 181.0
   Vehicle #0 = 15, leaving at = 861.0
   Vehicle #1 = -1, leaving at = inf
   Increment on distance indicator: 6.0
   Increment on tard indicator:     0.0
   Value of tmax indicator:         6.0

Task for patient = 43 with skills = {1,-1} and cost = 179.0
   Vehicle #0 = 5, leaving at = 739.0
   Vehicle #1 = -1, leaving at = inf
   Increment on distance indicator: 6.0
   Increment on tard indicator:     0.0
   Value of tmax indicator:         6.0

Task for patient = 44 with skills = {4,-1} and cost = 177.0
   Vehicle #0 = 14, leaving at = 559.0
   Vehicle #1 = -1, leaving at = inf
   Increment on distance indicator: 10.0
   Increment on tard indicator:     0.0
   Value of tmax indicator:         10.0

Task for patient = 25 with skills = {4,-1} and cost = 173.7
   Vehicle #0 = 18, leaving at = 825.0
   Vehicle #1 = -1, leaving at = inf
   Increment on distance indicator: 13.0
   Increment on tard indicator:     0.0
   Value of tmax indicator:         13.0

Task for patient = 23 with skills = {2,-1} and cost = 169.3
   Vehicle #0 = 6, leaving at = 686.0
   Vehicle #1 = -1, leaving at = inf
   Increment on distance indicator: 4.0
   Increment on tard indicator:     0.0
   Value of tmax indicator:         4.0

Task for patient = 19 with skills = {1,5} and cost = 168.0
   Vehicle #0 = 7, leaving at = 633.0
   Vehicle #1 = 13, leaving at = 618.0
   Increment on distance indicator: 22.0
   Increment on tard indicator:     0.0
   Value of tmax indicator:         22.0

Task for patient = 26 with skills = {2,-1} and cost = 160.7
   Vehicle #0 = 9, leaving at = 519.0
   Vehicle #1 = -1, leaving at = inf
   Increment on distance indicator: 5.0
   Increment on tard indicator:     0.0
   Value of tmax indicator:         5.0

Task for patient = 93 with skills = {1,-1} and cost = 159.0
   Vehicle #0 = 3, leaving at = 675.0
   Vehicle #1 = -1, leaving at = inf
   Increment on distance indicator: 5.0
   Increment on tard indicator:     0.0
   Value of tmax indicator:         5.0

Task for patient = 62 with skills = {2,4} and cost = 157.3
   Vehicle #0 = 7, leaving at = 523.0
   Vehicle #1 = 13, leaving at = 573.0
   Increment on distance indicator: 24.0
   Increment on tard indicator:     0.0
   Value of tmax indicator:         24.0

Task for patient = 49 with skills = {1,-1} and cost = 94.3
   Vehicle #0 = 5, leaving at = 616.0
   Vehicle #1 = -1, leaving at = inf
   Increment on distance indicator: 3.0
   Increment on tard indicator:     0.0
   Value of tmax indicator:         3.0

Task for patient = 3 with skills = {2,-1} and cost = 148.7
   Vehicle #0 = 2, leaving at = 745.0
   Vehicle #1 = -1, leaving at = inf
   Increment on distance indicator: 10.0
   Increment on tard indicator:     0.0
   Value of tmax indicator:         10.0

Task for patient = 37 with skills = {2,3} and cost = 145.3
   Vehicle #0 = 1, leaving at = 770.0
   Vehicle #1 = 12, leaving at = 785.0
   Increment on distance indicator: 16.0
   Increment on tard indicator:     0.0
   Value of tmax indicator:         16.0

Task for patient = 2 with skills = {2,4} and cost = 140.0
   Vehicle #0 = 2, leaving at = 704.0
   Vehicle #1 = 18, leaving at = 717.0
   Increment on distance indicator: 22.0
   Increment on tard indicator:     0.0
   Value of tmax indicator:         22.0

Task for patient = 21 with skills = {4,-1} and cost = 132.7
   Vehicle #0 = 12, leaving at = 736.0
   Vehicle #1 = -1, leaving at = inf
   Increment on distance indicator: 12.0
   Increment on tard indicator:     0.0
   Value of tmax indicator:         12.0

Task for patient = 41 with skills = {2,-1} and cost = 128.7
   Vehicle #0 = 2, leaving at = 647.0
   Vehicle #1 = -1, leaving at = inf
   Increment on distance indicator: 14.0
   Increment on tard indicator:     0.0
   Value of tmax indicator:         14.0

Task for patient = 20 with skills = {2,3} and cost = 124.0
   Vehicle #0 = 6, leaving at = 639.0
   Vehicle #1 = 19, leaving at = 658.0
   Increment on distance indicator: 0.0
   Increment on tard indicator:     0.0
   Value of tmax indicator:         0.0

Task for patient = 47 with skills = {3,-1} and cost = 124.0
   Vehicle #0 = 15, leaving at = 807.0
   Vehicle #1 = -1, leaving at = inf
   Increment on distance indicator: 4.0
   Increment on tard indicator:     0.0
   Value of tmax indicator:         4.0

Task for patient = 53 with skills = {0,-1} and cost = 122.7
   Vehicle #0 = 5, leaving at = 660.0
   Vehicle #1 = -1, leaving at = inf
   Increment on distance indicator: 15.0
   Increment on tard indicator:     0.0
   Value of tmax indicator:         15.0

Task for patient = 35 with skills = {2,5} and cost = 117.7
   Vehicle #0 = 0, leaving at = 809.0
   Vehicle #1 = 17, leaving at = 844.0
   Increment on distance indicator: 14.0
   Increment on tard indicator:     0.0
   Value of tmax indicator:         14.0

Task for patient = 100 with skills = {1,4} and cost = 113.0
   Vehicle #0 = 4, leaving at = 714.0
   Vehicle #1 = 15, leaving at = 720.0
   Increment on distance indicator: 10.0
   Increment on tard indicator:     0.0
   Value of tmax indicator:         10.0

Task for patient = 13 with skills = {2,3} and cost = 109.7
   Vehicle #0 = 3, leaving at = 646.0
   Vehicle #1 = 18, leaving at = 641.0
   Increment on distance indicator: 30.0
   Increment on tard indicator:     0.0
   Value of tmax indicator:         30.0

Task for patient = 59 with skills = {1,4} and cost = 99.7
   Vehicle #0 = 4, leaving at = 657.0
   Vehicle #1 = 15, leaving at = 646.0
   Increment on distance indicator: 16.0
   Increment on tard indicator:     0.0
   Value of tmax indicator:         16.0

Task for patient = 15 with skills = {0,-1} and cost = 149.3
   Vehicle #0 = 5, leaving at = 693.0
   Vehicle #1 = -1, leaving at = inf
   Increment on distance indicator: 2.0
   Increment on tard indicator:     0.0
   Value of tmax indicator:         2.0


Unused vehicle list: 16 (total = 1 out of 20)

---
Search finished.
Total of 448 generations in 1.4 seconds.
Exchange elite runs: 0
Implicit path relinking runs: 4
Reset attempts: 1

Best solution found:
   Cost: 453.7
   Total travel time: 1361.0
   Total tardiness time: 0.0
   Largest tardiness: 0.0


453.7
