--- BRKGA-MP-IPR for HHCRSP ---
Instance: new-instances/HHCRSP_100_20_73_0.8_C_C.txt
Seed: 1

Reading data... Problem contains 100 patients  and 20 caregivers.

Summary of supply x demand for each service type:
Skill 0 has supply = 5 and demand = 18, ratio = 0.277778
Skill 1 has supply = 8 and demand = 24, ratio = 0.333333
Skill 2 has supply = 5 and demand = 23, ratio = 0.217391
Skill 3 has supply = 9 and demand = 22, ratio = 0.409091
Skill 4 has supply = 7 and demand = 27, ratio = 0.259259
Skill 5 has supply = 6 and demand = 16, ratio = 0.375

Reading parameters...
Inferred distance function by PR type: kendall-tau
Building BRKGA data and initializing...
Evolving 448 generations...

  Gens  Rem    Local   ElDiv NoImpr             Best solution            Time  Op
                                       Cost     Dist    Tard    TMax 
*    0  448  2536.00  302.76      0  2536.00  1579.00  5611.0   418.0     0.0    
*    3  445  2403.33  236.29      0  2403.33  1601.00  4561.0   309.0     0.0    
*    4  444  2157.00  207.87      0  2157.00  1541.00  4182.0   292.0     0.0    
*    5  443  2005.00  210.85      0  2005.00  1463.00  3602.0   368.0     0.0    
*    6  442  1811.00  226.72      0  1811.00  1486.00  3063.0   293.0     0.0    
*    7  441  1614.00  218.12      0  1614.00  1446.00  2523.0   308.0     0.0    
*    8  440  1425.67  170.09      0  1425.67  1446.00  2523.0   308.0     0.0    
*   10  438  1403.33  129.84      0  1403.33  1554.00  1729.0   273.0     0.0    
*   11  437  1185.33  125.46      0  1185.33  1554.00  1729.0   273.0     0.0    
*   13  435  1080.00  112.73      0  1080.00  1448.00  1288.0   307.0     0.0    
*   14  434  1014.33   93.59      0  1014.33  1448.00  1288.0   307.0     0.0    
*   16  432   764.00   88.65      0   764.00  1405.00   620.0   267.0     0.0    
*   20  428   692.67   75.41      0   692.67  1405.00   575.0    98.0     0.1    
*   23  425   587.33   53.38      0   587.33  1336.00   323.0   103.0     0.1    
*   25  423   508.00   46.62      0   508.00  1284.00   150.0    90.0     0.1    

  Gens  Rem    Local   ElDiv NoImpr             Best solution            Time  Op
                                       Cost     Dist    Tard    TMax 
*   29  419   468.33   32.23      0   468.33  1392.00     9.0     4.0     0.1    
*   32  416   464.67   25.05      0   464.67  1392.00     1.0     1.0     0.1    
*   34  414   431.00   24.76      0   431.00  1290.00     2.0     1.0     0.1    
*   42  406   429.67   11.76      0   429.67  1273.00     9.0     7.0     0.1    
*   46  402   426.00   10.03      0   426.00  1200.00    20.0    10.0     0.1    
*   47  401   410.00    9.15      0   410.00  1200.00    20.0    10.0     0.1    
    50  398   410.00    7.08      3   410.00  1200.00    20.0    10.0     0.1    
*   59  389   404.67    6.28      0   404.67  1194.00    15.0     5.0     0.2    
*   66  382   401.67    5.84      0   401.67  1205.00     0.0     0.0     0.2    
*   68  380   400.67    5.66      0   400.67  1200.00     1.0     1.0     0.2    
*   75  373   397.00    4.53      0   397.00  1191.00     0.0     0.0     0.2    
*   79  369   394.00    4.72      0   394.00  1182.00     0.0     0.0     0.2    
*   83  365   387.67    5.71      0   387.67  1163.00     0.0     0.0     0.2    
*   95  353   386.67    3.33      0   386.67  1160.00     0.0     0.0     0.3    
Path relinking result: too homogeneous.
    96  352   385.00    3.82      0   386.67  1160.00     0.0     0.0     0.3   P
*   97  351   385.00    3.65      0   385.00  1139.00     9.0     7.0     0.3    

  Gens  Rem    Local   ElDiv NoImpr             Best solution            Time  Op
                                       Cost     Dist    Tard    TMax 
*   99  349   384.67    3.85      0   384.67  1127.00     9.0     6.0     0.3    
*  100  348   380.67    3.97      0   380.67  1127.00     9.0     6.0     0.3    
*  114  334   373.67    2.77      0   373.67  1106.00     8.0     7.0     0.3    
*  121  327   368.33    3.14      0   368.33  1102.00     2.0     1.0     0.3    
*  145  303   368.00    1.81      0   368.00  1095.00     3.0     3.0     0.4    
*  146  302   367.00    1.81      0   367.00  1095.00     3.0     3.0     0.4    
*  148  300   365.00    2.17      0   365.00  1089.00     2.0     2.0     0.4    
*  149  299   364.33    2.24      0   364.33  1089.00     2.0     2.0     0.4    
   150  298   364.33    2.18      1   364.33  1089.00     2.0     2.0     0.4    
*  158  290   362.67    1.54      0   362.67  1088.00     0.0     0.0     0.4    
*  164  284   361.00    1.20      0   361.00  1083.00     0.0     0.0     0.4    
*  168  280   359.33    1.42      0   359.33  1072.00     0.0     0.0     0.5    
*  169  279   357.33    1.36      0   357.33  1072.00     0.0     0.0     0.5    
*  171  277   357.00    1.53      0   357.00  1071.00     0.0     0.0     0.5    
*  174  274   355.67    1.57      0   355.67  1067.00     0.0     0.0     0.5    
*  182  266   355.00    0.90      0   355.00  1065.00     0.0     0.0     0.5    

  Gens  Rem    Local   ElDiv NoImpr             Best solution            Time  Op
                                       Cost     Dist    Tard    TMax 
*  184  264   354.67    0.66      0   354.67  1064.00     0.0     0.0     0.5    
*  190  258   353.67    0.13      0   353.67  1061.00     0.0     0.0     0.5    
Path relinking result: too homogeneous.
   192  256   353.67    0.13      3   353.67  1061.00     0.0     0.0     0.5   P
   200  248   353.67    0.26     10   353.67  1061.00     0.0     0.0     0.5    
*  201  247   353.33    0.29      0   353.33  1060.00     0.0     0.0     0.5    
*  239  209   353.00    0.04      0   353.00  1059.00     0.0     0.0     0.6    
*  250  198   352.33    0.09      0   352.33  1057.00     0.0     0.0     0.7    
*  258  190   352.00    0.16      0   352.00  1056.00     0.0     0.0     0.7    
Path relinking result: too homogeneous.
   288  160   352.00    0.00     31   352.00  1056.00     0.0     0.0     0.8   P
   300  148   352.00    0.00     42   352.00  1056.00     0.0     0.0     0.8    
   325  123      inf  369.00      0   352.00  1056.00     0.0     0.0     0.9   R
   326  122  2722.00  315.08      0   352.00  1056.00     0.0     0.0     0.9    
   350   98   562.00   54.56      2   352.00  1056.00     0.0     0.0     0.9    
Path relinking result: too homogeneous.
   384   64   394.33    6.31      3   352.00  1056.00     0.0     0.0     1.0   P
   400   48   379.67    4.64      8   352.00  1056.00     0.0     0.0     1.1    
   448    0   356.00    2.17     21   352.00  1056.00     0.0     0.0     1.2    
Evolutionary process finished.
Solution written to 'solution-40970.txt'.

Sorted sequence of worst to best tardiness value:
Task for patient = 99 with skills = {2,-1} and cost = 48.3
   Vehicle #0 = 1, leaving at = 668.0
   Vehicle #1 = -1, leaving at = inf
   Increment on distance indicator: 5.0
   Increment on tard indicator:     1.0
   Value of tmax indicator:         5.0

Task for patient = 77 with skills = {2,-1} and cost = 223.3
   Vehicle #0 = 4, leaving at = 960.0
   Vehicle #1 = -1, leaving at = inf
   Increment on distance indicator: 13.0
   Increment on tard indicator:     0.0
   Value of tmax indicator:         13.0

Task for patient = 20 with skills = {1,-1} and cost = 217.7
   Vehicle #0 = 6, leaving at = 879.0
   Vehicle #1 = -1, leaving at = inf
   Increment on distance indicator: 6.0
   Increment on tard indicator:     0.0
   Value of tmax indicator:         6.0

Task for patient = 7 with skills = {1,4} and cost = 215.7
   Vehicle #0 = 5, leaving at = 895.0
   Vehicle #1 = 18, leaving at = 911.0
   Increment on distance indicator: 14.0
   Increment on tard indicator:     0.0
   Value of tmax indicator:         14.0

Task for patient = 30 with skills = {0,5} and cost = 211.0
   Vehicle #0 = 9, leaving at = 897.0
   Vehicle #1 = 17, leaving at = 952.0
   Increment on distance indicator: 12.0
   Increment on tard indicator:     0.0
   Value of tmax indicator:         12.0

Task for patient = 35 with skills = {4,-1} and cost = 207.0
   Vehicle #0 = 14, leaving at = 774.0
   Vehicle #1 = -1, leaving at = inf
   Increment on distance indicator: 4.0
   Increment on tard indicator:     0.0
   Value of tmax indicator:         4.0

Task for patient = 13 with skills = {2,5} and cost = 205.7
   Vehicle #0 = 4, leaving at = 894.0
   Vehicle #1 = 11, leaving at = 923.0
   Increment on distance indicator: 10.0
   Increment on tard indicator:     0.0
   Value of tmax indicator:         10.0

Task for patient = 100 with skills = {3,-1} and cost = 202.3
   Vehicle #0 = 13, leaving at = 755.0
   Vehicle #1 = -1, leaving at = inf
   Increment on distance indicator: 7.0
   Increment on tard indicator:     0.0
   Value of tmax indicator:         7.0

Task for patient = 85 with skills = {0,5} and cost = 200.0
   Vehicle #0 = 9, leaving at = 871.0
   Vehicle #1 = 17, leaving at = 873.0
   Increment on distance indicator: 12.0
   Increment on tard indicator:     0.0
   Value of tmax indicator:         12.0

Task for patient = 34 with skills = {4,-1} and cost = 196.0
   Vehicle #0 = 15, leaving at = 855.0
   Vehicle #1 = -1, leaving at = inf
   Increment on distance indicator: 3.0
   Increment on tard indicator:     0.0
   Value of tmax indicator:         3.0

Task for patient = 82 with skills = {1,4} and cost = 195.0
   Vehicle #0 = 5, leaving at = 839.0
   Vehicle #1 = 17, leaving at = 837.0
   Increment on distance indicator: 16.0
   Increment on tard indicator:     0.0
   Value of tmax indicator:         16.0

Task for patient = 4 with skills = {1,4} and cost = 189.7
   Vehicle #0 = 1, leaving at = 848.0
   Vehicle #1 = 12, leaving at = 869.0
   Increment on distance indicator: 11.0
   Increment on tard indicator:     0.0
   Value of tmax indicator:         11.0

Task for patient = 55 with skills = {3,-1} and cost = 186.0
   Vehicle #0 = 18, leaving at = 869.0
   Vehicle #1 = -1, leaving at = inf
   Increment on distance indicator: 5.0
   Increment on tard indicator:     0.0
   Value of tmax indicator:         5.0

Task for patient = 51 with skills = {2,-1} and cost = 184.3
   Vehicle #0 = 1, leaving at = 809.0
   Vehicle #1 = -1, leaving at = inf
   Increment on distance indicator: 6.0
   Increment on tard indicator:     0.0
   Value of tmax indicator:         6.0

Task for patient = 95 with skills = {1,4} and cost = 182.3
   Vehicle #0 = 6, leaving at = 815.0
   Vehicle #1 = 15, leaving at = 799.0
   Increment on distance indicator: 17.0
   Increment on tard indicator:     0.0
   Value of tmax indicator:         17.0

Task for patient = 71 with skills = {2,5} and cost = 176.7
   Vehicle #0 = 4, leaving at = 866.0
   Vehicle #1 = 11, leaving at = 872.0
   Increment on distance indicator: 8.0
   Increment on tard indicator:     0.0
   Value of tmax indicator:         8.0

Task for patient = 66 with skills = {0,-1} and cost = 174.0
   Vehicle #0 = 9, leaving at = 812.0
   Vehicle #1 = -1, leaving at = inf
   Increment on distance indicator: 8.0
   Increment on tard indicator:     0.0
   Value of tmax indicator:         8.0

Task for patient = 52 with skills = {3,-1} and cost = 171.3
   Vehicle #0 = 15, leaving at = 751.0
   Vehicle #1 = -1, leaving at = inf
   Increment on distance indicator: 8.0
   Increment on tard indicator:     0.0
   Value of tmax indicator:         8.0

Task for patient = 39 with skills = {0,-1} and cost = 168.7
   Vehicle #0 = 9, leaving at = 789.0
   Vehicle #1 = -1, leaving at = inf
   Increment on distance indicator: 3.0
   Increment on tard indicator:     0.0
   Value of tmax indicator:         3.0

Task for patient = 61 with skills = {3,-1} and cost = 167.7
   Vehicle #0 = 10, leaving at = 846.0
   Vehicle #1 = -1, leaving at = inf
   Increment on distance indicator: 4.0
   Increment on tard indicator:     0.0
   Value of tmax indicator:         4.0

Task for patient = 62 with skills = {0,5} and cost = 166.3
   Vehicle #0 = 7, leaving at = 811.0
   Vehicle #1 = 18, leaving at = 829.0
   Increment on distance indicator: 6.0
   Increment on tard indicator:     0.0
   Value of tmax indicator:         6.0

Task for patient = 80 with skills = {0,-1} and cost = 164.3
   Vehicle #0 = 3, leaving at = 677.0
   Vehicle #1 = -1, leaving at = inf
   Increment on distance indicator: 9.0
   Increment on tard indicator:     0.0
   Value of tmax indicator:         9.0

Task for patient = 92 with skills = {1,-1} and cost = 161.3
   Vehicle #0 = 2, leaving at = 826.0
   Vehicle #1 = -1, leaving at = inf
   Increment on distance indicator: 7.0
   Increment on tard indicator:     0.0
   Value of tmax indicator:         7.0

Task for patient = 38 with skills = {4,-1} and cost = 159.0
   Vehicle #0 = 14, leaving at = 732.0
   Vehicle #1 = -1, leaving at = inf
   Increment on distance indicator: 6.0
   Increment on tard indicator:     0.0
   Value of tmax indicator:         6.0

Task for patient = 68 with skills = {1,-1} and cost = 219.0
   Vehicle #0 = 6, leaving at = 930.0
   Vehicle #1 = -1, leaving at = inf
   Increment on distance indicator: 4.0
   Increment on tard indicator:     0.0
   Value of tmax indicator:         4.0

Task for patient = 56 with skills = {2,-1} and cost = 284.7
   Vehicle #0 = 2, leaving at = 936.0
   Vehicle #1 = -1, leaving at = inf
   Increment on distance indicator: 6.0
   Increment on tard indicator:     0.0
   Value of tmax indicator:         6.0

Task for patient = 78 with skills = {1,3} and cost = 282.7
   Vehicle #0 = 6, leaving at = 1071.0
   Vehicle #1 = 13, leaving at = 1068.0
   Increment on distance indicator: 10.0
   Increment on tard indicator:     0.0
   Value of tmax indicator:         10.0

Task for patient = 72 with skills = {3,-1} and cost = 279.3
   Vehicle #0 = 15, leaving at = 992.0
   Vehicle #1 = -1, leaving at = inf
   Increment on distance indicator: 5.0
   Increment on tard indicator:     0.0
   Value of tmax indicator:         5.0

Task for patient = 75 with skills = {0,-1} and cost = 277.7
   Vehicle #0 = 7, leaving at = 914.0
   Vehicle #1 = -1, leaving at = inf
   Increment on distance indicator: 7.0
   Increment on tard indicator:     0.0
   Value of tmax indicator:         7.0

Task for patient = 41 with skills = {4,-1} and cost = 275.3
   Vehicle #0 = 15, leaving at = 958.0
   Vehicle #1 = -1, leaving at = inf
   Increment on distance indicator: 4.0
   Increment on tard indicator:     0.0
   Value of tmax indicator:         4.0

Task for patient = 17 with skills = {1,3} and cost = 274.0
   Vehicle #0 = 9, leaving at = 1022.0
   Vehicle #1 = 12, leaving at = 1039.0
   Increment on distance indicator: 6.0
   Increment on tard indicator:     0.0
   Value of tmax indicator:         6.0

Task for patient = 33 with skills = {0,-1} and cost = 272.0
   Vehicle #0 = 6, leaving at = 1025.0
   Vehicle #1 = -1, leaving at = inf
   Increment on distance indicator: 6.0
   Increment on tard indicator:     0.0
   Value of tmax indicator:         6.0

Task for patient = 47 with skills = {2,-1} and cost = 270.0
   Vehicle #0 = 1, leaving at = 882.0
   Vehicle #1 = -1, leaving at = inf
   Increment on distance indicator: 4.0
   Increment on tard indicator:     0.0
   Value of tmax indicator:         4.0

Task for patient = 97 with skills = {1,3} and cost = 268.7
   Vehicle #0 = 2, leaving at = 915.0
   Vehicle #1 = 10, leaving at = 979.0
   Increment on distance indicator: 16.0
   Increment on tard indicator:     0.0
   Value of tmax indicator:         16.0

Task for patient = 69 with skills = {1,4} and cost = 263.3
   Vehicle #0 = 0, leaving at = 982.0
   Vehicle #1 = 11, leaving at = 984.0
   Increment on distance indicator: 20.0
   Increment on tard indicator:     0.0
   Value of tmax indicator:         20.0

Task for patient = 43 with skills = {4,-1} and cost = 256.7
   Vehicle #0 = 17, leaving at = 1007.0
   Vehicle #1 = -1, leaving at = inf
   Increment on distance indicator: 4.0
   Increment on tard indicator:     0.0
   Value of tmax indicator:         4.0

Task for patient = 21 with skills = {1,-1} and cost = 225.7
   Vehicle #0 = 7, leaving at = 835.0
   Vehicle #1 = -1, leaving at = inf
   Increment on distance indicator: 7.0
   Increment on tard indicator:     0.0
   Value of tmax indicator:         7.0

Task for patient = 37 with skills = {0,-1} and cost = 253.7
   Vehicle #0 = 3, leaving at = 966.0
   Vehicle #1 = -1, leaving at = inf
   Increment on distance indicator: 5.0
   Increment on tard indicator:     0.0
   Value of tmax indicator:         5.0

Task for patient = 86 with skills = {5,-1} and cost = 252.0
   Vehicle #0 = 16, leaving at = 928.0
   Vehicle #1 = -1, leaving at = inf
   Increment on distance indicator: 8.0
   Increment on tard indicator:     0.0
   Value of tmax indicator:         8.0

Task for patient = 22 with skills = {0,-1} and cost = 249.3
   Vehicle #0 = 3, leaving at = 941.0
   Vehicle #1 = -1, leaving at = inf
   Increment on distance indicator: 8.0
   Increment on tard indicator:     0.0
   Value of tmax indicator:         8.0

Task for patient = 93 with skills = {2,4} and cost = 246.7
   Vehicle #0 = 2, leaving at = 889.0
   Vehicle #1 = 14, leaving at = 875.0
   Increment on distance indicator: 20.0
   Increment on tard indicator:     0.0
   Value of tmax indicator:         20.0

Task for patient = 9 with skills = {1,-1} and cost = 240.0
   Vehicle #0 = 6, leaving at = 960.0
   Vehicle #1 = -1, leaving at = inf
   Increment on distance indicator: 4.0
   Increment on tard indicator:     0.0
   Value of tmax indicator:         4.0

Task for patient = 83 with skills = {0,-1} and cost = 238.7
   Vehicle #0 = 9, leaving at = 977.0
   Vehicle #1 = -1, leaving at = inf
   Increment on distance indicator: 1.0
   Increment on tard indicator:     0.0
   Value of tmax indicator:         1.0

Task for patient = 49 with skills = {4,-1} and cost = 238.3
   Vehicle #0 = 12, leaving at = 949.0
   Vehicle #1 = -1, leaving at = inf
   Increment on distance indicator: 5.0
   Increment on tard indicator:     0.0
   Value of tmax indicator:         5.0

Task for patient = 46 with skills = {0,5} and cost = 236.7
   Vehicle #0 = 3, leaving at = 873.0
   Vehicle #1 = 16, leaving at = 893.0
   Increment on distance indicator: 14.0
   Increment on tard indicator:     0.0
   Value of tmax indicator:         14.0

Task for patient = 8 with skills = {4,-1} and cost = 232.0
   Vehicle #0 = 11, leaving at = 953.0
   Vehicle #1 = -1, leaving at = inf
   Increment on distance indicator: 6.0
   Increment on tard indicator:     0.0
   Value of tmax indicator:         6.0

Task for patient = 48 with skills = {4,-1} and cost = 230.0
   Vehicle #0 = 13, leaving at = 852.0
   Vehicle #1 = -1, leaving at = inf
   Increment on distance indicator: 6.0
   Increment on tard indicator:     0.0
   Value of tmax indicator:         6.0

Task for patient = 15 with skills = {0,-1} and cost = 228.0
   Vehicle #0 = 9, leaving at = 926.0
   Vehicle #1 = -1, leaving at = inf
   Increment on distance indicator: 7.0
   Increment on tard indicator:     0.0
   Value of tmax indicator:         7.0

Task for patient = 2 with skills = {5,-1} and cost = 157.0
   Vehicle #0 = 16, leaving at = 818.0
   Vehicle #1 = -1, leaving at = inf
   Increment on distance indicator: 6.0
   Increment on tard indicator:     0.0
   Value of tmax indicator:         6.0

Task for patient = 88 with skills = {5,-1} and cost = 255.3
   Vehicle #0 = 16, leaving at = 991.0
   Vehicle #1 = -1, leaving at = inf
   Increment on distance indicator: 5.0
   Increment on tard indicator:     0.0
   Value of tmax indicator:         5.0

Task for patient = 81 with skills = {1,-1} and cost = 89.3
   Vehicle #0 = 5, leaving at = 646.0
   Vehicle #1 = -1, leaving at = inf
   Increment on distance indicator: 1.0
   Increment on tard indicator:     0.0
   Value of tmax indicator:         1.0

Task for patient = 29 with skills = {3,-1} and cost = 89.0
   Vehicle #0 = 16, leaving at = 503.0
   Vehicle #1 = -1, leaving at = inf
   Increment on distance indicator: 16.0
   Increment on tard indicator:     0.0
   Value of tmax indicator:         16.0

Task for patient = 11 with skills = {0,4} and cost = 83.7
   Vehicle #0 = 0, leaving at = 717.0
   Vehicle #1 = 13, leaving at = 719.0
   Increment on distance indicator: 5.0
   Increment on tard indicator:     0.0
   Value of tmax indicator:         5.0

Task for patient = 14 with skills = {2,4} and cost = 82.0
   Vehicle #0 = 2, leaving at = 682.0
   Vehicle #1 = 14, leaving at = 690.0
   Increment on distance indicator: 21.0
   Increment on tard indicator:     0.0
   Value of tmax indicator:         21.0

Task for patient = 45 with skills = {4,-1} and cost = 75.0
   Vehicle #0 = 15, leaving at = 617.0
   Vehicle #1 = -1, leaving at = inf
   Increment on distance indicator: 4.0
   Increment on tard indicator:     0.0
   Value of tmax indicator:         4.0

Task for patient = 59 with skills = {1,-1} and cost = 73.7
   Vehicle #0 = 2, leaving at = 635.0
   Vehicle #1 = -1, leaving at = inf
   Increment on distance indicator: 11.0
   Increment on tard indicator:     0.0
   Value of tmax indicator:         11.0

Task for patient = 53 with skills = {2,3} and cost = 70.0
   Vehicle #0 = 1, leaving at = 724.0
   Vehicle #1 = 12, leaving at = 723.0
   Increment on distance indicator: 10.0
   Increment on tard indicator:     0.0
   Value of tmax indicator:         10.0

Task for patient = 44 with skills = {2,-1} and cost = 66.7
   Vehicle #0 = 4, leaving at = 629.0
   Vehicle #1 = -1, leaving at = inf
   Increment on distance indicator: 5.0
   Increment on tard indicator:     0.0
   Value of tmax indicator:         5.0

Task for patient = 32 with skills = {2,-1} and cost = 65.0
   Vehicle #0 = 7, leaving at = 559.0
   Vehicle #1 = -1, leaving at = inf
   Increment on distance indicator: 4.0
   Increment on tard indicator:     0.0
   Value of tmax indicator:         4.0

Task for patient = 3 with skills = {4,-1} and cost = 63.7
   Vehicle #0 = 17, leaving at = 580.0
   Vehicle #1 = -1, leaving at = inf
   Increment on distance indicator: 7.0
   Increment on tard indicator:     0.0
   Value of tmax indicator:         7.0

Task for patient = 87 with skills = {1,3} and cost = 61.3
   Vehicle #0 = 4, leaving at = 558.0
   Vehicle #1 = 15, leaving at = 555.0
   Increment on distance indicator: 22.0
   Increment on tard indicator:     0.0
   Value of tmax indicator:         22.0

Task for patient = 16 with skills = {5,-1} and cost = 155.0
   Vehicle #0 = 17, leaving at = 788.0
   Vehicle #1 = -1, leaving at = inf
   Increment on distance indicator: 10.0
   Increment on tard indicator:     0.0
   Value of tmax indicator:         10.0

Task for patient = 27 with skills = {4,-1} and cost = 46.0
   Vehicle #0 = 13, leaving at = 650.0
   Vehicle #1 = -1, leaving at = inf
   Increment on distance indicator: 10.0
   Increment on tard indicator:     0.0
   Value of tmax indicator:         10.0

Task for patient = 74 with skills = {2,-1} and cost = 42.7
   Vehicle #0 = 2, leaving at = 573.0
   Vehicle #1 = -1, leaving at = inf
   Increment on distance indicator: 8.0
   Increment on tard indicator:     0.0
   Value of tmax indicator:         8.0

Task for patient = 36 with skills = {1,5} and cost = 40.0
   Vehicle #0 = 0, leaving at = 673.0
   Vehicle #1 = 11, leaving at = 681.0
   Increment on distance indicator: 20.0
   Increment on tard indicator:     0.0
   Value of tmax indicator:         20.0

Task for patient = 6 with skills = {4,-1} and cost = 33.3
   Vehicle #0 = 11, leaving at = 601.0
   Vehicle #1 = -1, leaving at = inf
   Increment on distance indicator: 8.0
   Increment on tard indicator:     0.0
   Value of tmax indicator:         8.0

Task for patient = 10 with skills = {2,-1} and cost = 30.7
   Vehicle #0 = 1, leaving at = 637.0
   Vehicle #1 = -1, leaving at = inf
   Increment on distance indicator: 6.0
   Increment on tard indicator:     0.0
   Value of tmax indicator:         6.0

Task for patient = 23 with skills = {2,-1} and cost = 28.7
   Vehicle #0 = 1, leaving at = 577.0
   Vehicle #1 = -1, leaving at = inf
   Increment on distance indicator: 7.0
   Increment on tard indicator:     0.0
   Value of tmax indicator:         7.0

Task for patient = 73 with skills = {1,3} and cost = 26.3
   Vehicle #0 = 0, leaving at = 613.0
   Vehicle #1 = 13, leaving at = 595.0
   Increment on distance indicator: 28.0
   Increment on tard indicator:     0.0
   Value of tmax indicator:         28.0

Task for patient = 1 with skills = {4,-1} and cost = 17.0
   Vehicle #0 = 12, leaving at = 669.0
   Vehicle #1 = -1, leaving at = inf
   Increment on distance indicator: 3.0
   Increment on tard indicator:     0.0
   Value of tmax indicator:         3.0

Task for patient = 28 with skills = {3,-1} and cost = 16.0
   Vehicle #0 = 10, leaving at = 693.0
   Vehicle #1 = -1, leaving at = inf
   Increment on distance indicator: 4.0
   Increment on tard indicator:     0.0
   Value of tmax indicator:         4.0

Task for patient = 19 with skills = {0,4} and cost = 14.7
   Vehicle #0 = 3, leaving at = 516.0
   Vehicle #1 = 12, leaving at = 548.0
   Increment on distance indicator: 22.0
   Increment on tard indicator:     0.0
   Value of tmax indicator:         22.0

Task for patient = 31 with skills = {5,-1} and cost = 7.3
   Vehicle #0 = 11, leaving at = 538.0
   Vehicle #1 = -1, leaving at = inf
   Increment on distance indicator: 7.0
   Increment on tard indicator:     0.0
   Value of tmax indicator:         7.0

Task for patient = 64 with skills = {0,-1} and cost = 5.0
   Vehicle #0 = 0, leaving at = 570.0
   Vehicle #1 = -1, leaving at = inf
   Increment on distance indicator: 15.0
   Increment on tard indicator:     0.0
   Value of tmax indicator:         15.0

Task for patient = 96 with skills = {3,-1} and cost = 54.0
   Vehicle #0 = 14, leaving at = 555.0
   Vehicle #1 = -1, leaving at = inf
   Increment on distance indicator: 17.0
   Increment on tard indicator:     0.0
   Value of tmax indicator:         17.0

Task for patient = 57 with skills = {4,-1} and cost = 286.0
   Vehicle #0 = 17, leaving at = 1034.0
   Vehicle #1 = -1, leaving at = inf
   Increment on distance indicator: 4.0
   Increment on tard indicator:     0.0
   Value of tmax indicator:         4.0

Task for patient = 25 with skills = {2,3} and cost = 151.7
   Vehicle #0 = 2, leaving at = 772.0
   Vehicle #1 = 16, leaving at = 792.0
   Increment on distance indicator: 12.0
   Increment on tard indicator:     0.0
   Value of tmax indicator:         12.0

Task for patient = 67 with skills = {1,5} and cost = 147.7
   Vehicle #0 = 9, leaving at = 766.0
   Vehicle #1 = 17, leaving at = 759.0
   Increment on distance indicator: 12.0
   Increment on tard indicator:     0.0
   Value of tmax indicator:         12.0

Task for patient = 79 with skills = {3,-1} and cost = 143.7
   Vehicle #0 = 12, leaving at = 831.0
   Vehicle #1 = -1, leaving at = inf
   Increment on distance indicator: 7.0
   Increment on tard indicator:     0.0
   Value of tmax indicator:         7.0

Task for patient = 5 with skills = {1,4} and cost = 141.3
   Vehicle #0 = 0, leaving at = 817.0
   Vehicle #1 = 11, leaving at = 828.0
   Increment on distance indicator: 11.0
   Increment on tard indicator:     0.0
   Value of tmax indicator:         11.0

Task for patient = 18 with skills = {2,4} and cost = 137.7
   Vehicle #0 = 4, leaving at = 815.0
   Vehicle #1 = 11, leaving at = 798.0
   Increment on distance indicator: 10.0
   Increment on tard indicator:     0.0
   Value of tmax indicator:         10.0

Task for patient = 42 with skills = {3,-1} and cost = 134.3
   Vehicle #0 = 10, leaving at = 826.0
   Vehicle #1 = -1, leaving at = inf
   Increment on distance indicator: 6.0
   Increment on tard indicator:     0.0
   Value of tmax indicator:         6.0

Task for patient = 58 with skills = {2,3} and cost = 132.3
   Vehicle #0 = 1, leaving at = 765.0
   Vehicle #1 = 12, leaving at = 785.0
   Increment on distance indicator: 18.0
   Increment on tard indicator:     0.0
   Value of tmax indicator:         18.0

Task for patient = 24 with skills = {1,-1} and cost = 126.3
   Vehicle #0 = 6, leaving at = 701.0
   Vehicle #1 = -1, leaving at = inf
   Increment on distance indicator: 7.0
   Increment on tard indicator:     0.0
   Value of tmax indicator:         7.0

Task for patient = 70 with skills = {3,-1} and cost = 124.0
   Vehicle #0 = 10, leaving at = 796.0
   Vehicle #1 = -1, leaving at = inf
   Increment on distance indicator: 2.0
   Increment on tard indicator:     0.0
   Value of tmax indicator:         2.0

Task for patient = 91 with skills = {2,-1} and cost = 123.3
   Vehicle #0 = 8, leaving at = 778.0
   Vehicle #1 = -1, leaving at = inf
   Increment on distance indicator: 14.0
   Increment on tard indicator:     0.0
   Value of tmax indicator:         14.0

Task for patient = 98 with skills = {2,-1} and cost = 92.0
   Vehicle #0 = 8, leaving at = 676.0
   Vehicle #1 = -1, leaving at = inf
   Increment on distance indicator: 8.0
   Increment on tard indicator:     0.0
   Value of tmax indicator:         8.0

Task for patient = 54 with skills = {3,-1} and cost = 117.7
   Vehicle #0 = 17, leaving at = 697.0
   Vehicle #1 = -1, leaving at = inf
   Increment on distance indicator: 9.0
   Increment on tard indicator:     0.0
   Value of tmax indicator:         9.0

Task for patient = 90 with skills = {1,4} and cost = 114.7
   Vehicle #0 = 7, leaving at = 783.0
   Vehicle #1 = 18, leaving at = 809.0
   Increment on distance indicator: 8.0
   Increment on tard indicator:     0.0
   Value of tmax indicator:         8.0

Task for patient = 40 with skills = {0,4} and cost = 112.0
   Vehicle #0 = 7, leaving at = 761.0
   Vehicle #1 = 18, leaving at = 760.0
   Increment on distance indicator: 10.0
   Increment on tard indicator:     0.0
   Value of tmax indicator:         10.0

Task for patient = 60 with skills = {0,-1} and cost = 108.7
   Vehicle #0 = 3, leaving at = 573.0
   Vehicle #1 = -1, leaving at = inf
   Increment on distance indicator: 8.0
   Increment on tard indicator:     0.0
   Value of tmax indicator:         8.0

Task for patient = 65 with skills = {1,-1} and cost = 106.0
   Vehicle #0 = 5, leaving at = 700.0
   Vehicle #1 = -1, leaving at = inf
   Increment on distance indicator: 10.0
   Increment on tard indicator:     0.0
   Value of tmax indicator:         10.0

Task for patient = 76 with skills = {5,-1} and cost = 102.7
   Vehicle #0 = 16, leaving at = 692.0
   Vehicle #1 = -1, leaving at = inf
   Increment on distance indicator: 3.0
   Increment on tard indicator:     0.0
   Value of tmax indicator:         3.0

Task for patient = 84 with skills = {2,-1} and cost = 101.7
   Vehicle #0 = 2, leaving at = 716.0
   Vehicle #1 = -1, leaving at = inf
   Increment on distance indicator: 5.0
   Increment on tard indicator:     0.0
   Value of tmax indicator:         5.0

Task for patient = 89 with skills = {2,3} and cost = 100.0
   Vehicle #0 = 7, leaving at = 713.0
   Vehicle #1 = 10, leaving at = 743.0
   Increment on distance indicator: 8.0
   Increment on tard indicator:     0.0
   Value of tmax indicator:         8.0

Task for patient = 12 with skills = {5,-1} and cost = 97.3
   Vehicle #0 = 17, leaving at = 630.0
   Vehicle #1 = -1, leaving at = inf
   Increment on distance indicator: 5.0
   Increment on tard indicator:     0.0
   Value of tmax indicator:         5.0

Task for patient = 50 with skills = {3,-1} and cost = 95.7
   Vehicle #0 = 16, leaving at = 626.0
   Vehicle #1 = -1, leaving at = inf
   Increment on distance indicator: 2.0
   Increment on tard indicator:     0.0
   Value of tmax indicator:         2.0

Task for patient = 63 with skills = {5,-1} and cost = 95.0
   Vehicle #0 = 15, leaving at = 712.0
   Vehicle #1 = -1, leaving at = inf
   Increment on distance indicator: 4.0
   Increment on tard indicator:     0.0
   Value of tmax indicator:         4.0

Task for patient = 94 with skills = {2,-1} and cost = 93.7
   Vehicle #0 = 4, leaving at = 764.0
   Vehicle #1 = -1, leaving at = inf
   Increment on distance indicator: 5.0
   Increment on tard indicator:     0.0
   Value of tmax indicator:         5.0

Task for patient = 26 with skills = {1,-1} and cost = 118.7
   Vehicle #0 = 2, leaving at = 751.0
   Vehicle #1 = -1, leaving at = inf
   Increment on distance indicator: 3.0
   Increment on tard indicator:     0.0
   Value of tmax indicator:         3.0


Unused vehicle list: 19 (total = 1 out of 20)

---
Search finished.
Total of 448 generations in 1.2 seconds.
Exchange elite runs: 0
Implicit path relinking runs: 4
Reset attempts: 1

Best solution found:
   Cost: 352.0
   Total travel time: 1056.0
   Total tardiness time: 0.0
   Largest tardiness: 0.0


352.0
