--- BRKGA-MP-IPR for HHCRSP ---
Instance: new-instances/HHCRSP_100_20_35_0.4_R_RC.txt
Seed: 1

Reading data... Problem contains 100 patients  and 20 caregivers.

Summary of supply x demand for each service type:
Skill 0 has supply = 8 and demand = 23, ratio = 0.347826
Skill 1 has supply = 5 and demand = 21, ratio = 0.238095
Skill 2 has supply = 7 and demand = 24, ratio = 0.291667
Skill 3 has supply = 7 and demand = 26, ratio = 0.269231
Skill 4 has supply = 4 and demand = 11, ratio = 0.363636
Skill 5 has supply = 7 and demand = 25, ratio = 0.28

Reading parameters...
Inferred distance function by PR type: kendall-tau
Building BRKGA data and initializing...
Evolving 448 generations...

  Gens  Rem    Local   ElDiv NoImpr             Best solution            Time  Op
                                       Cost     Dist    Tard    TMax 
*    0  448  3405.00  322.50      0  3405.00  2097.00  7736.0   382.0     0.0    
*    2  446  2852.33  276.36      0  2852.33  2372.00  5804.0   381.0     0.0    
*    4  444  2579.00  276.77      0  2579.00  2305.00  5019.0   413.0     0.0    
*    6  442  2369.33  203.92      0  2369.33  2213.00  4282.0   455.0     0.0    
*    7  441  2316.67  227.00      0  2316.67  2193.00  3519.0   376.0     0.0    
*    8  440  2029.33  232.61      0  2029.33  2128.00  2534.0   353.0     0.0    
*    9  439  1671.67  188.72      0  1671.67  2128.00  2534.0   353.0     0.0    
*   13  435  1537.33  158.26      0  1537.33  2173.00  1337.0   316.0     0.0    
*   14  434  1275.33  158.87      0  1275.33  2112.00  1154.0   282.0     0.0    
*   15  433  1182.67  151.83      0  1182.67  2112.00  1154.0   282.0     0.0    
*   18  430  1014.00  106.32      0  1014.00  2139.00   713.0   190.0     0.0    
*   20  428  1003.00   89.64      0  1003.00  2102.00   783.0   124.0     0.0    
*   23  425   973.00   79.41      0   973.00  2065.00   572.0   118.0     0.1    
*   24  424   918.33   72.05      0   918.33  2234.00   287.0    52.0     0.1    
*   25  423   857.67   59.13      0   857.67  2234.00   287.0    52.0     0.1    

  Gens  Rem    Local   ElDiv NoImpr             Best solution            Time  Op
                                       Cost     Dist    Tard    TMax 
*   27  421   810.33   59.72      0   810.33  2031.00   302.0    98.0     0.1    
*   29  419   780.33   54.94      0   780.33  1988.00   249.0   104.0     0.1    
*   32  416   769.00   40.41      0   769.00  2095.00   159.0    50.0     0.1    
*   33  415   768.00   36.33      0   768.00  2050.00   165.0    65.0     0.1    
*   34  414   760.00   36.02      0   760.00  1993.00   157.0    68.0     0.1    
*   35  413   739.33   31.24      0   739.33  1988.00   114.0    38.0     0.1    
*   36  412   713.33   27.24      0   713.33  1988.00   114.0    38.0     0.1    
*   38  410   685.67   23.83      0   685.67  2029.00    19.0     9.0     0.1    
*   42  406   685.00   19.03      0   685.00  1913.00    40.0    14.0     0.1    
*   43  405   655.67   19.08      0   655.67  1913.00    40.0    14.0     0.1    
*   47  401   645.33   15.30      0   645.33  1930.00     4.0     2.0     0.1    
*   50  398   640.67   11.89      0   640.67  1857.00    17.0     8.0     0.1    
*   51  397   627.33   11.71      0   627.33  1857.00    17.0     8.0     0.1    
*   57  391   623.33    9.49      0   623.33  1799.00     0.0     0.0     0.1    
*   58  390   599.67   10.43      0   599.67  1799.00     0.0     0.0     0.1    
*   60  388   593.33   10.46      0   593.33  1780.00     0.0     0.0     0.1    

  Gens  Rem    Local   ElDiv NoImpr             Best solution            Time  Op
                                       Cost     Dist    Tard    TMax 
*   63  385   589.00   10.35      0   589.00  1767.00     0.0     0.0     0.1    
*   71  377   585.00    8.80      0   585.00  1755.00     0.0     0.0     0.2    
*   77  371   581.67    7.73      0   581.67  1745.00     0.0     0.0     0.2    
*   79  369   572.67    7.73      0   572.67  1718.00     0.0     0.0     0.2    
*   83  365   570.67    8.11      0   570.67  1712.00     0.0     0.0     0.2    
*   88  360   565.00    7.43      0   565.00  1695.00     0.0     0.0     0.2    
*   91  357   563.67    6.78      0   563.67  1687.00     2.0     2.0     0.2    
*   96  352   547.67    6.42      0   547.67  1643.00     0.0     0.0     0.2    
Path relinking result: too homogeneous.
    96  352   547.67    6.42      1   547.67  1643.00     0.0     0.0     0.2   P
   100  348   547.67    5.77      4   547.67  1643.00     0.0     0.0     0.2    
*  106  342   538.33    4.03      0   538.33  1615.00     0.0     0.0     0.2    
*  116  332   538.00    2.24      0   538.00  1593.00     0.0     0.0     0.3    
*  117  331   531.00    2.07      0   531.00  1593.00     0.0     0.0     0.3    
*  123  325   528.67    1.98      0   528.67  1586.00     0.0     0.0     0.3    
*  127  321   528.00    1.32      0   528.00  1584.00     0.0     0.0     0.3    
*  130  318   527.33    1.28      0   527.33  1579.00     0.0     0.0     0.3    

  Gens  Rem    Local   ElDiv NoImpr             Best solution            Time  Op
                                       Cost     Dist    Tard    TMax 
*  131  317   526.33    0.83      0   526.33  1579.00     0.0     0.0     0.3    
*  135  313   526.00    0.36      0   526.00  1575.00     0.0     0.0     0.3    
*  136  312   525.00    0.41      0   525.00  1573.00     0.0     0.0     0.3    
*  137  311   524.33    0.50      0   524.33  1573.00     0.0     0.0     0.3    
*  140  308   524.00    0.70      0   524.00  1572.00     0.0     0.0     0.3    
*  145  303   521.67    0.45      0   521.67  1565.00     0.0     0.0     0.3    
   150  298   521.67    0.00      5   521.67  1565.00     0.0     0.0     0.3    
*  174  274   521.00    0.08      0   521.00  1563.00     0.0     0.0     0.4    
Path relinking result: too homogeneous.
   192  256   521.00    0.00     19   521.00  1563.00     0.0     0.0     0.4   P
   200  248   521.00    0.00     26   521.00  1563.00     0.0     0.0     0.5    
   241  207      inf  309.47      0   521.00  1563.00     0.0     0.0     0.5   R
   242  206  3527.67  275.40      0   521.00  1563.00     0.0     0.0     0.6    
   250  198  2161.67  168.48      1   521.00  1563.00     0.0     0.0     0.6    
Path relinking result: too homogeneous.
   288  160   675.67   17.06      3   521.00  1563.00     0.0     0.0     0.7   P
   300  148   641.67   13.26      0   521.00  1563.00     0.0     0.0     0.7    
   350   98   584.67    6.58      3   521.00  1563.00     0.0     0.0     0.8    
Path relinking result: too homogeneous.

  Gens  Rem    Local   ElDiv NoImpr             Best solution            Time  Op
                                       Cost     Dist    Tard    TMax 
   384   64   548.67    2.19     11   521.00  1563.00     0.0     0.0     0.9   P
   400   48   541.33    0.00      5   521.00  1563.00     0.0     0.0     0.9    
   448    0   539.33    0.62     12   521.00  1563.00     0.0     0.0     1.0    
Evolutionary process finished.
Solution written to 'solution-24855.txt'.

Sorted sequence of worst to best tardiness value:
Task for patient = 80 with skills = {0,-1} and cost = 308.0
   Vehicle #0 = 1, leaving at = 891.0
   Vehicle #1 = -1, leaving at = inf
   Increment on distance indicator: 4.0
   Increment on tard indicator:     0.0
   Value of tmax indicator:         4.0

Task for patient = 17 with skills = {1,-1} and cost = 306.7
   Vehicle #0 = 4, leaving at = 899.0
   Vehicle #1 = -1, leaving at = inf
   Increment on distance indicator: 1.0
   Increment on tard indicator:     0.0
   Value of tmax indicator:         1.0

Task for patient = 30 with skills = {0,-1} and cost = 306.3
   Vehicle #0 = 1, leaving at = 835.0
   Vehicle #1 = -1, leaving at = inf
   Increment on distance indicator: 14.0
   Increment on tard indicator:     0.0
   Value of tmax indicator:         14.0

Task for patient = 71 with skills = {2,5} and cost = 301.7
   Vehicle #0 = 0, leaving at = 961.0
   Vehicle #1 = 15, leaving at = 947.0
   Increment on distance indicator: 12.0
   Increment on tard indicator:     0.0
   Value of tmax indicator:         12.0

Task for patient = 77 with skills = {2,3} and cost = 297.7
   Vehicle #0 = 9, leaving at = 861.0
   Vehicle #1 = 10, leaving at = 854.0
   Increment on distance indicator: 7.0
   Increment on tard indicator:     0.0
   Value of tmax indicator:         7.0

Task for patient = 61 with skills = {5,-1} and cost = 295.3
   Vehicle #0 = 15, leaving at = 921.0
   Vehicle #1 = -1, leaving at = inf
   Increment on distance indicator: 8.0
   Increment on tard indicator:     0.0
   Value of tmax indicator:         8.0

Task for patient = 5 with skills = {1,-1} and cost = 292.7
   Vehicle #0 = 6, leaving at = 982.0
   Vehicle #1 = -1, leaving at = inf
   Increment on distance indicator: 12.0
   Increment on tard indicator:     0.0
   Value of tmax indicator:         12.0

Task for patient = 62 with skills = {2,-1} and cost = 288.7
   Vehicle #0 = 2, leaving at = 950.0
   Vehicle #1 = -1, leaving at = inf
   Increment on distance indicator: 9.0
   Increment on tard indicator:     0.0
   Value of tmax indicator:         9.0

Task for patient = 94 with skills = {0,-1} and cost = 285.7
   Vehicle #0 = 1, leaving at = 780.0
   Vehicle #1 = -1, leaving at = inf
   Increment on distance indicator: 10.0
   Increment on tard indicator:     0.0
   Value of tmax indicator:         10.0

Task for patient = 7 with skills = {1,-1} and cost = 282.3
   Vehicle #0 = 5, leaving at = 764.0
   Vehicle #1 = -1, leaving at = inf
   Increment on distance indicator: 19.0
   Increment on tard indicator:     0.0
   Value of tmax indicator:         19.0

Task for patient = 42 with skills = {0,-1} and cost = 276.0
   Vehicle #0 = 6, leaving at = 915.0
   Vehicle #1 = -1, leaving at = inf
   Increment on distance indicator: 12.0
   Increment on tard indicator:     0.0
   Value of tmax indicator:         12.0

Task for patient = 49 with skills = {0,-1} and cost = 414.3
   Vehicle #0 = 7, leaving at = 1040.0
   Vehicle #1 = -1, leaving at = inf
   Increment on distance indicator: 11.0
   Increment on tard indicator:     0.0
   Value of tmax indicator:         11.0

Task for patient = 79 with skills = {3,-1} and cost = 270.7
   Vehicle #0 = 12, leaving at = 921.0
   Vehicle #1 = -1, leaving at = inf
   Increment on distance indicator: 3.0
   Increment on tard indicator:     0.0
   Value of tmax indicator:         3.0

Task for patient = 40 with skills = {4,-1} and cost = 269.7
   Vehicle #0 = 16, leaving at = 823.0
   Vehicle #1 = -1, leaving at = inf
   Increment on distance indicator: 25.0
   Increment on tard indicator:     0.0
   Value of tmax indicator:         25.0

Task for patient = 100 with skills = {0,-1} and cost = 261.3
   Vehicle #0 = 1, leaving at = 718.0
   Vehicle #1 = -1, leaving at = inf
   Increment on distance indicator: 14.0
   Increment on tard indicator:     0.0
   Value of tmax indicator:         14.0

Task for patient = 31 with skills = {2,4} and cost = 256.7
   Vehicle #0 = 8, leaving at = 769.0
   Vehicle #1 = 18, leaving at = 795.0
   Increment on distance indicator: 48.0
   Increment on tard indicator:     0.0
   Value of tmax indicator:         48.0

Task for patient = 18 with skills = {0,-1} and cost = 240.7
   Vehicle #0 = 3, leaving at = 852.0
   Vehicle #1 = -1, leaving at = inf
   Increment on distance indicator: 7.0
   Increment on tard indicator:     0.0
   Value of tmax indicator:         7.0

Task for patient = 78 with skills = {5,-1} and cost = 238.3
   Vehicle #0 = 19, leaving at = 822.0
   Vehicle #1 = -1, leaving at = inf
   Increment on distance indicator: 7.0
   Increment on tard indicator:     0.0
   Value of tmax indicator:         7.0

Task for patient = 91 with skills = {5,-1} and cost = 236.0
   Vehicle #0 = 13, leaving at = 930.0
   Vehicle #1 = -1, leaving at = inf
   Increment on distance indicator: 7.0
   Increment on tard indicator:     0.0
   Value of tmax indicator:         7.0

Task for patient = 54 with skills = {2,3} and cost = 233.7
   Vehicle #0 = 7, leaving at = 813.0
   Vehicle #1 = 10, leaving at = 833.0
   Increment on distance indicator: 11.0
   Increment on tard indicator:     0.0
   Value of tmax indicator:         11.0

Task for patient = 90 with skills = {2,-1} and cost = 230.0
   Vehicle #0 = 2, leaving at = 905.0
   Vehicle #1 = -1, leaving at = inf
   Increment on distance indicator: 9.0
   Increment on tard indicator:     0.0
   Value of tmax indicator:         9.0

Task for patient = 21 with skills = {1,-1} and cost = 227.0
   Vehicle #0 = 4, leaving at = 841.0
   Vehicle #1 = -1, leaving at = inf
   Increment on distance indicator: 11.0
   Increment on tard indicator:     0.0
   Value of tmax indicator:         11.0

Task for patient = 86 with skills = {1,5} and cost = 223.3
   Vehicle #0 = 6, leaving at = 877.0
   Vehicle #1 = 13, leaving at = 907.0
   Increment on distance indicator: 10.0
   Increment on tard indicator:     0.0
   Value of tmax indicator:         10.0

Task for patient = 2 with skills = {1,-1} and cost = 220.0
   Vehicle #0 = 0, leaving at = 906.0
   Vehicle #1 = -1, leaving at = inf
   Increment on distance indicator: 10.0
   Increment on tard indicator:     0.0
   Value of tmax indicator:         10.0

Task for patient = 99 with skills = {5,-1} and cost = 272.0
   Vehicle #0 = 19, leaving at = 850.0
   Vehicle #1 = -1, leaving at = inf
   Increment on distance indicator: 4.0
   Increment on tard indicator:     0.0
   Value of tmax indicator:         4.0

Task for patient = 56 with skills = {5,-1} and cost = 410.7
   Vehicle #0 = 11, leaving at = 998.0
   Vehicle #1 = -1, leaving at = inf
   Increment on distance indicator: 11.0
   Increment on tard indicator:     0.0
   Value of tmax indicator:         11.0

Task for patient = 82 with skills = {5,-1} and cost = 407.0
   Vehicle #0 = 12, leaving at = 1055.0
   Vehicle #1 = -1, leaving at = inf
   Increment on distance indicator: 6.0
   Increment on tard indicator:     0.0
   Value of tmax indicator:         6.0

Task for patient = 29 with skills = {0,-1} and cost = 405.0
   Vehicle #0 = 2, leaving at = 1009.0
   Vehicle #1 = -1, leaving at = inf
   Increment on distance indicator: 10.0
   Increment on tard indicator:     0.0
   Value of tmax indicator:         10.0

Task for patient = 84 with skills = {2,3} and cost = 401.7
   Vehicle #0 = 7, leaving at = 1012.0
   Vehicle #1 = 12, leaving at = 996.0
   Increment on distance indicator: 11.0
   Increment on tard indicator:     0.0
   Value of tmax indicator:         11.0

Task for patient = 59 with skills = {0,3} and cost = 398.0
   Vehicle #0 = 8, leaving at = 996.0
   Vehicle #1 = 18, leaving at = 984.0
   Increment on distance indicator: 40.0
   Increment on tard indicator:     0.0
   Value of tmax indicator:         40.0

Task for patient = 88 with skills = {0,3} and cost = 384.7
   Vehicle #0 = 3, leaving at = 1032.0
   Vehicle #1 = 15, leaving at = 1052.0
   Increment on distance indicator: 32.0
   Increment on tard indicator:     0.0
   Value of tmax indicator:         32.0

Task for patient = 13 with skills = {1,3} and cost = 374.0
   Vehicle #0 = 4, leaving at = 1046.0
   Vehicle #1 = 14, leaving at = 1029.0
   Increment on distance indicator: 14.0
   Increment on tard indicator:     0.0
   Value of tmax indicator:         14.0

Task for patient = 66 with skills = {2,3} and cost = 369.3
   Vehicle #0 = 0, leaving at = 1019.0
   Vehicle #1 = 15, leaving at = 1017.0
   Increment on distance indicator: 12.0
   Increment on tard indicator:     0.0
   Value of tmax indicator:         12.0

Task for patient = 93 with skills = {5,-1} and cost = 365.3
   Vehicle #0 = 18, leaving at = 920.0
   Vehicle #1 = -1, leaving at = inf
   Increment on distance indicator: 13.0
   Increment on tard indicator:     0.0
   Value of tmax indicator:         13.0

Task for patient = 44 with skills = {2,-1} and cost = 361.0
   Vehicle #0 = 6, leaving at = 1035.0
   Vehicle #1 = -1, leaving at = inf
   Increment on distance indicator: 16.0
   Increment on tard indicator:     0.0
   Value of tmax indicator:         16.0

Task for patient = 57 with skills = {3,-1} and cost = 355.7
   Vehicle #0 = 12, leaving at = 971.0
   Vehicle #1 = -1, leaving at = inf
   Increment on distance indicator: 4.0
   Increment on tard indicator:     0.0
   Value of tmax indicator:         4.0

Task for patient = 20 with skills = {0,3} and cost = 310.7
   Vehicle #0 = 9, leaving at = 897.0
   Vehicle #1 = 10, leaving at = 925.0
   Increment on distance indicator: 8.0
   Increment on tard indicator:     0.0
   Value of tmax indicator:         8.0

Task for patient = 26 with skills = {2,-1} and cost = 351.0
   Vehicle #0 = 7, leaving at = 890.0
   Vehicle #1 = -1, leaving at = inf
   Increment on distance indicator: 12.0
   Increment on tard indicator:     0.0
   Value of tmax indicator:         12.0

Task for patient = 16 with skills = {4,-1} and cost = 347.0
   Vehicle #0 = 19, leaving at = 1020.0
   Vehicle #1 = -1, leaving at = inf
   Increment on distance indicator: 12.0
   Increment on tard indicator:     0.0
   Value of tmax indicator:         12.0

Task for patient = 22 with skills = {0,-1} and cost = 343.0
   Vehicle #0 = 9, leaving at = 959.0
   Vehicle #1 = -1, leaving at = inf
   Increment on distance indicator: 2.0
   Increment on tard indicator:     0.0
   Value of tmax indicator:         2.0

Task for patient = 87 with skills = {3,-1} and cost = 342.3
   Vehicle #0 = 13, leaving at = 1071.0
   Vehicle #1 = -1, leaving at = inf
   Increment on distance indicator: 9.0
   Increment on tard indicator:     0.0
   Value of tmax indicator:         9.0

Task for patient = 55 with skills = {0,5} and cost = 339.3
   Vehicle #0 = 1, leaving at = 971.0
   Vehicle #1 = 19, leaving at = 959.0
   Increment on distance indicator: 14.0
   Increment on tard indicator:     0.0
   Value of tmax indicator:         14.0

Task for patient = 15 with skills = {0,3} and cost = 334.7
   Vehicle #0 = 4, leaving at = 984.0
   Vehicle #1 = 14, leaving at = 994.0
   Increment on distance indicator: 6.0
   Increment on tard indicator:     0.0
   Value of tmax indicator:         6.0

Task for patient = 97 with skills = {3,-1} and cost = 332.7
   Vehicle #0 = 13, leaving at = 1004.0
   Vehicle #1 = -1, leaving at = inf
   Increment on distance indicator: 15.0
   Increment on tard indicator:     0.0
   Value of tmax indicator:         15.0

Task for patient = 64 with skills = {3,-1} and cost = 327.7
   Vehicle #0 = 10, leaving at = 961.0
   Vehicle #1 = -1, leaving at = inf
   Increment on distance indicator: 7.0
   Increment on tard indicator:     0.0
   Value of tmax indicator:         7.0

Task for patient = 33 with skills = {0,5} and cost = 325.3
   Vehicle #0 = 1, leaving at = 928.0
   Vehicle #1 = 11, leaving at = 954.0
   Increment on distance indicator: 11.0
   Increment on tard indicator:     0.0
   Value of tmax indicator:         11.0

Task for patient = 12 with skills = {2,-1} and cost = 321.7
   Vehicle #0 = 9, leaving at = 937.0
   Vehicle #1 = -1, leaving at = inf
   Increment on distance indicator: 2.0
   Increment on tard indicator:     0.0
   Value of tmax indicator:         2.0

Task for patient = 45 with skills = {2,-1} and cost = 321.0
   Vehicle #0 = 7, leaving at = 861.0
   Vehicle #1 = -1, leaving at = inf
   Increment on distance indicator: 9.0
   Increment on tard indicator:     0.0
   Value of tmax indicator:         9.0

Task for patient = 85 with skills = {2,3} and cost = 318.0
   Vehicle #0 = 4, leaving at = 938.0
   Vehicle #1 = 14, leaving at = 974.0
   Increment on distance indicator: 22.0
   Increment on tard indicator:     0.0
   Value of tmax indicator:         22.0

Task for patient = 75 with skills = {5,-1} and cost = 354.3
   Vehicle #0 = 19, leaving at = 1064.0
   Vehicle #1 = -1, leaving at = inf
   Increment on distance indicator: 10.0
   Increment on tard indicator:     0.0
   Value of tmax indicator:         10.0

Task for patient = 8 with skills = {1,-1} and cost = 107.7
   Vehicle #0 = 5, leaving at = 677.0
   Vehicle #1 = -1, leaving at = inf
   Increment on distance indicator: 8.0
   Increment on tard indicator:     0.0
   Value of tmax indicator:         8.0

Task for patient = 41 with skills = {0,5} and cost = 105.0
   Vehicle #0 = 1, leaving at = 630.0
   Vehicle #1 = 19, leaving at = 641.0
   Increment on distance indicator: 21.0
   Increment on tard indicator:     0.0
   Value of tmax indicator:         21.0

Task for patient = 81 with skills = {5,-1} and cost = 98.0
   Vehicle #0 = 15, leaving at = 535.0
   Vehicle #1 = -1, leaving at = inf
   Increment on distance indicator: 3.0
   Increment on tard indicator:     0.0
   Value of tmax indicator:         3.0

Task for patient = 25 with skills = {4,-1} and cost = 97.0
   Vehicle #0 = 19, leaving at = 585.0
   Vehicle #1 = -1, leaving at = inf
   Increment on distance indicator: 6.0
   Increment on tard indicator:     0.0
   Value of tmax indicator:         6.0

Task for patient = 51 with skills = {2,3} and cost = 95.0
   Vehicle #0 = 7, leaving at = 679.0
   Vehicle #1 = 14, leaving at = 693.0
   Increment on distance indicator: 12.0
   Increment on tard indicator:     0.0
   Value of tmax indicator:         12.0

Task for patient = 68 with skills = {2,-1} and cost = 91.0
   Vehicle #0 = 6, leaving at = 702.0
   Vehicle #1 = -1, leaving at = inf
   Increment on distance indicator: 8.0
   Increment on tard indicator:     0.0
   Value of tmax indicator:         8.0

Task for patient = 9 with skills = {1,3} and cost = 88.3
   Vehicle #0 = 8, leaving at = 647.0
   Vehicle #1 = 14, leaving at = 646.0
   Increment on distance indicator: 4.0
   Increment on tard indicator:     0.0
   Value of tmax indicator:         4.0

Task for patient = 34 with skills = {4,-1} and cost = 87.0
   Vehicle #0 = 11, leaving at = 786.0
   Vehicle #1 = -1, leaving at = inf
   Increment on distance indicator: 15.0
   Increment on tard indicator:     0.0
   Value of tmax indicator:         15.0

Task for patient = 69 with skills = {1,-1} and cost = 82.0
   Vehicle #0 = 6, leaving at = 644.0
   Vehicle #1 = -1, leaving at = inf
   Increment on distance indicator: 5.0
   Increment on tard indicator:     0.0
   Value of tmax indicator:         5.0

Task for patient = 95 with skills = {2,3} and cost = 80.3
   Vehicle #0 = 2, leaving at = 740.0
   Vehicle #1 = 11, leaving at = 725.0
   Increment on distance indicator: 15.0
   Increment on tard indicator:     0.0
   Value of tmax indicator:         15.0

Task for patient = 24 with skills = {1,4} and cost = 75.3
   Vehicle #0 = 5, leaving at = 637.0
   Vehicle #1 = 11, leaving at = 697.0
   Increment on distance indicator: 27.0
   Increment on tard indicator:     0.0
   Value of tmax indicator:         27.0

Task for patient = 14 with skills = {1,-1} and cost = 216.7
   Vehicle #0 = 8, leaving at = 718.0
   Vehicle #1 = -1, leaving at = inf
   Increment on distance indicator: 16.0
   Increment on tard indicator:     0.0
   Value of tmax indicator:         16.0

Task for patient = 83 with skills = {1,3} and cost = 56.3
   Vehicle #0 = 6, leaving at = 508.0
   Vehicle #1 = 13, leaving at = 503.0
   Increment on distance indicator: 8.0
   Increment on tard indicator:     0.0
   Value of tmax indicator:         8.0

Task for patient = 50 with skills = {3,-1} and cost = 53.7
   Vehicle #0 = 11, leaving at = 624.0
   Vehicle #1 = -1, leaving at = inf
   Increment on distance indicator: 9.0
   Increment on tard indicator:     0.0
   Value of tmax indicator:         9.0

Task for patient = 73 with skills = {1,-1} and cost = 50.7
   Vehicle #0 = 5, leaving at = 603.0
   Vehicle #1 = -1, leaving at = inf
   Increment on distance indicator: 17.0
   Increment on tard indicator:     0.0
   Value of tmax indicator:         17.0

Task for patient = 76 with skills = {2,-1} and cost = 45.0
   Vehicle #0 = 2, leaving at = 694.0
   Vehicle #1 = -1, leaving at = inf
   Increment on distance indicator: 6.0
   Increment on tard indicator:     0.0
   Value of tmax indicator:         6.0

Task for patient = 63 with skills = {1,4} and cost = 43.0
   Vehicle #0 = 4, leaving at = 561.0
   Vehicle #1 = 18, leaving at = 599.0
   Increment on distance indicator: 24.0
   Increment on tard indicator:     0.0
   Value of tmax indicator:         24.0

Task for patient = 58 with skills = {0,-1} and cost = 35.0
   Vehicle #0 = 2, leaving at = 633.0
   Vehicle #1 = -1, leaving at = inf
   Increment on distance indicator: 5.0
   Increment on tard indicator:     0.0
   Value of tmax indicator:         5.0

Task for patient = 28 with skills = {2,-1} and cost = 33.3
   Vehicle #0 = 2, leaving at = 597.0
   Vehicle #1 = -1, leaving at = inf
   Increment on distance indicator: 12.0
   Increment on tard indicator:     0.0
   Value of tmax indicator:         12.0

Task for patient = 52 with skills = {3,-1} and cost = 29.3
   Vehicle #0 = 12, leaving at = 549.0
   Vehicle #1 = -1, leaving at = inf
   Increment on distance indicator: 9.0
   Increment on tard indicator:     0.0
   Value of tmax indicator:         9.0

Task for patient = 3 with skills = {2,-1} and cost = 26.3
   Vehicle #0 = 2, leaving at = 530.0
   Vehicle #1 = -1, leaving at = inf
   Increment on distance indicator: 20.0
   Increment on tard indicator:     0.0
   Value of tmax indicator:         20.0

Task for patient = 46 with skills = {1,3} and cost = 19.7
   Vehicle #0 = 0, leaving at = 721.0
   Vehicle #1 = 10, leaving at = 736.0
   Increment on distance indicator: 0.0
   Increment on tard indicator:     0.0
   Value of tmax indicator:         0.0

Task for patient = 27 with skills = {4,-1} and cost = 19.7
   Vehicle #0 = 16, leaving at = 609.0
   Vehicle #1 = -1, leaving at = inf
   Increment on distance indicator: 21.0
   Increment on tard indicator:     0.0
   Value of tmax indicator:         21.0

Task for patient = 98 with skills = {0,4} and cost = 12.7
   Vehicle #0 = 1, leaving at = 559.0
   Vehicle #1 = 11, leaving at = 563.0
   Increment on distance indicator: 38.0
   Increment on tard indicator:     0.0
   Value of tmax indicator:         38.0

Task for patient = 39 with skills = {2,-1} and cost = 66.3
   Vehicle #0 = 6, leaving at = 605.0
   Vehicle #1 = -1, leaving at = inf
   Increment on distance indicator: 30.0
   Increment on tard indicator:     0.0
   Value of tmax indicator:         30.0

Task for patient = 6 with skills = {1,5} and cost = 211.3
   Vehicle #0 = 0, leaving at = 851.0
   Vehicle #1 = 15, leaving at = 887.0
   Increment on distance indicator: 15.0
   Increment on tard indicator:     0.0
   Value of tmax indicator:         15.0

Task for patient = 36 with skills = {5,-1} and cost = 206.3
   Vehicle #0 = 17, leaving at = 902.0
   Vehicle #1 = -1, leaving at = inf
   Increment on distance indicator: 4.0
   Increment on tard indicator:     0.0
   Value of tmax indicator:         4.0

Task for patient = 89 with skills = {1,5} and cost = 205.0
   Vehicle #0 = 4, leaving at = 794.0
   Vehicle #1 = 19, leaving at = 787.0
   Increment on distance indicator: 21.0
   Increment on tard indicator:     0.0
   Value of tmax indicator:         21.0

Task for patient = 4 with skills = {3,-1} and cost = 198.0
   Vehicle #0 = 14, leaving at = 871.0
   Vehicle #1 = -1, leaving at = inf
   Increment on distance indicator: 7.0
   Increment on tard indicator:     0.0
   Value of tmax indicator:         7.0

Task for patient = 74 with skills = {5,-1} and cost = 195.7
   Vehicle #0 = 15, leaving at = 818.0
   Vehicle #1 = -1, leaving at = inf
   Increment on distance indicator: 3.0
   Increment on tard indicator:     0.0
   Value of tmax indicator:         3.0

Task for patient = 10 with skills = {3,-1} and cost = 194.7
   Vehicle #0 = 14, leaving at = 820.0
   Vehicle #1 = -1, leaving at = inf
   Increment on distance indicator: 8.0
   Increment on tard indicator:     0.0
   Value of tmax indicator:         8.0

Task for patient = 67 with skills = {5,-1} and cost = 192.0
   Vehicle #0 = 17, leaving at = 862.0
   Vehicle #1 = -1, leaving at = inf
   Increment on distance indicator: 2.0
   Increment on tard indicator:     0.0
   Value of tmax indicator:         2.0

Task for patient = 72 with skills = {3,-1} and cost = 191.3
   Vehicle #0 = 11, leaving at = 848.0
   Vehicle #1 = -1, leaving at = inf
   Increment on distance indicator: 10.0
   Increment on tard indicator:     0.0
   Value of tmax indicator:         10.0

Task for patient = 11 with skills = {2,-1} and cost = 188.0
   Vehicle #0 = 2, leaving at = 875.0
   Vehicle #1 = -1, leaving at = inf
   Increment on distance indicator: 8.0
   Increment on tard indicator:     0.0
   Value of tmax indicator:         8.0

Task for patient = 65 with skills = {5,-1} and cost = 185.3
   Vehicle #0 = 17, leaving at = 688.0
   Vehicle #1 = -1, leaving at = inf
   Increment on distance indicator: 16.0
   Increment on tard indicator:     0.0
   Value of tmax indicator:         16.0

Task for patient = 35 with skills = {3,-1} and cost = 180.0
   Vehicle #0 = 14, leaving at = 760.0
   Vehicle #1 = -1, leaving at = inf
   Increment on distance indicator: 14.0
   Increment on tard indicator:     0.0
   Value of tmax indicator:         14.0

Task for patient = 38 with skills = {2,-1} and cost = 109.3
   Vehicle #0 = 7, leaving at = 744.0
   Vehicle #1 = -1, leaving at = inf
   Increment on distance indicator: 5.0
   Increment on tard indicator:     0.0
   Value of tmax indicator:         5.0

Task for patient = 96 with skills = {0,5} and cost = 169.3
   Vehicle #0 = 6, leaving at = 847.0
   Vehicle #1 = 13, leaving at = 841.0
   Increment on distance indicator: 10.0
   Increment on tard indicator:     0.0
   Value of tmax indicator:         10.0

Task for patient = 48 with skills = {0,4} and cost = 166.0
   Vehicle #0 = 4, leaving at = 746.0
   Vehicle #1 = 16, leaving at = 743.0
   Increment on distance indicator: 31.0
   Increment on tard indicator:     0.0
   Value of tmax indicator:         31.0

Task for patient = 53 with skills = {5,-1} and cost = 155.7
   Vehicle #0 = 13, leaving at = 574.0
   Vehicle #1 = -1, leaving at = inf
   Increment on distance indicator: 7.0
   Increment on tard indicator:     0.0
   Value of tmax indicator:         7.0

Task for patient = 37 with skills = {5,-1} and cost = 153.3
   Vehicle #0 = 15, leaving at = 771.0
   Vehicle #1 = -1, leaving at = inf
   Increment on distance indicator: 10.0
   Increment on tard indicator:     0.0
   Value of tmax indicator:         10.0

Task for patient = 32 with skills = {0,5} and cost = 150.0
   Vehicle #0 = 3, leaving at = 563.0
   Vehicle #1 = 13, leaving at = 549.0
   Increment on distance indicator: 45.0
   Increment on tard indicator:     0.0
   Value of tmax indicator:         45.0

Task for patient = 92 with skills = {1,-1} and cost = 135.0
   Vehicle #0 = 6, leaving at = 785.0
   Vehicle #1 = -1, leaving at = inf
   Increment on distance indicator: 4.0
   Increment on tard indicator:     0.0
   Value of tmax indicator:         4.0

Task for patient = 70 with skills = {0,-1} and cost = 133.7
   Vehicle #0 = 1, leaving at = 666.0
   Vehicle #1 = -1, leaving at = inf
   Increment on distance indicator: 7.0
   Increment on tard indicator:     0.0
   Value of tmax indicator:         7.0

Task for patient = 1 with skills = {2,-1} and cost = 131.3
   Vehicle #0 = 4, leaving at = 682.0
   Vehicle #1 = -1, leaving at = inf
   Increment on distance indicator: 23.0
   Increment on tard indicator:     0.0
   Value of tmax indicator:         23.0

Task for patient = 43 with skills = {1,-1} and cost = 123.7
   Vehicle #0 = 0, leaving at = 775.0
   Vehicle #1 = -1, leaving at = inf
   Increment on distance indicator: 12.0
   Increment on tard indicator:     0.0
   Value of tmax indicator:         12.0

Task for patient = 47 with skills = {4,-1} and cost = 119.7
   Vehicle #0 = 19, leaving at = 710.0
   Vehicle #1 = -1, leaving at = inf
   Increment on distance indicator: 17.0
   Increment on tard indicator:     0.0
   Value of tmax indicator:         17.0

Task for patient = 60 with skills = {1,-1} and cost = 114.0
   Vehicle #0 = 4, leaving at = 606.0
   Vehicle #1 = -1, leaving at = inf
   Increment on distance indicator: 10.0
   Increment on tard indicator:     0.0
   Value of tmax indicator:         10.0

Task for patient = 19 with skills = {0,-1} and cost = 110.7
   Vehicle #0 = 6, leaving at = 728.0
   Vehicle #1 = -1, leaving at = inf
   Increment on distance indicator: 4.0
   Increment on tard indicator:     0.0
   Value of tmax indicator:         4.0

Task for patient = 23 with skills = {2,5} and cost = 175.3
   Vehicle #0 = 2, leaving at = 840.0
   Vehicle #1 = 11, leaving at = 812.0
   Increment on distance indicator: 18.0
   Increment on tard indicator:     0.0
   Value of tmax indicator:         18.0


Unused vehicle list: (total = 0 out of 20)

---
Search finished.
Total of 448 generations in 1.0 seconds.
Exchange elite runs: 0
Implicit path relinking runs: 4
Reset attempts: 1

Best solution found:
   Cost: 521.0
   Total travel time: 1563.0
   Total tardiness time: 0.0
   Largest tardiness: 0.0


521.0
