--- BRKGA-MP-IPR for HHCRSP ---
Instance: new-instances/HHCRSP_100_20_11_1.2_C_RC.txt
Seed: 1

Reading data... Problem contains 100 patients  and 20 caregivers.

Summary of supply x demand for each service type:
Skill 0 has supply = 7 and demand = 22, ratio = 0.318182
Skill 1 has supply = 7 and demand = 26, ratio = 0.269231
Skill 2 has supply = 6 and demand = 20, ratio = 0.3
Skill 3 has supply = 4 and demand = 16, ratio = 0.25
Skill 4 has supply = 7 and demand = 21, ratio = 0.333333
Skill 5 has supply = 4 and demand = 25, ratio = 0.16

Reading parameters...
Inferred distance function by PR type: kendall-tau
Building BRKGA data and initializing...
Evolving 448 generations...

  Gens  Rem    Local   ElDiv NoImpr             Best solution            Time  Op
                                       Cost     Dist    Tard    TMax 
*    0  448  3823.67  325.36      0  3823.67  2497.00  8569.0   405.0     0.0    
*    2  446  3770.67  315.54      0  3770.67  2510.00  6989.0   342.0     0.0    
*    3  445  3280.33  266.39      0  3280.33  2510.00  6989.0   342.0     0.0    
*    5  443  3078.67  256.82      0  3078.67  2314.00  5750.0   368.0     0.0    
*    6  442  2810.67  253.82      0  2810.67  2200.00  5736.0   378.0     0.0    
*    7  441  2771.33  235.56      0  2771.33  2200.00  5736.0   378.0     0.0    
*   10  438  2411.00  173.37      0  2411.00  2366.00  4565.0   302.0     0.0    
*   13  435  1972.00  186.49      0  1972.00  2365.00  2723.0   256.0     0.0    
*   14  434  1781.33  177.12      0  1781.33  2365.00  2723.0   256.0     0.0    
*   18  430  1741.00  119.37      0  1741.00  2314.00  1973.0   168.0     0.0    
*   19  429  1485.00  110.75      0  1485.00  2314.00  1973.0   168.0     0.0    
*   22  426  1455.33   92.85      0  1455.33  2213.00  1877.0   196.0     0.0    
*   23  425  1428.67   92.63      0  1428.67  2217.00  1278.0   241.0     0.0    
*   24  424  1245.33   85.62      0  1245.33  2217.00  1278.0   241.0     0.0    
*   26  422  1100.33   83.23      0  1100.33  2124.00   951.0   226.0     0.1    

  Gens  Rem    Local   ElDiv NoImpr             Best solution            Time  Op
                                       Cost     Dist    Tard    TMax 
*   28  420   945.67   95.03      0   945.67  2198.00   501.0   138.0     0.1    
*   36  412   901.33   44.44      0   901.33  2222.00   377.0   105.0     0.1    
*   38  410   841.00   45.42      0   841.00  2055.00   338.0   115.0     0.1    
*   39  409   836.00   41.09      0   836.00  2055.00   338.0   115.0     0.1    
*   41  407   778.00   36.83      0   778.00  2163.00   125.0    46.0     0.1    
*   45  403   740.00   34.47      0   740.00  2086.00    90.0    44.0     0.1    
    50  398   740.00   27.86      5   740.00  2086.00    90.0    44.0     0.1    
*   52  396   739.33   25.10      0   739.33  2063.00    71.0    16.0     0.1    
*   53  395   716.67   22.96      0   716.67  2063.00    71.0    16.0     0.1    
*   55  393   711.00   21.12      0   711.00  2040.00    73.0    20.0     0.1    
*   57  391   709.33   14.56      0   709.33  2099.00    20.0     9.0     0.1    
*   59  389   695.33   14.75      0   695.33  2001.00    49.0    20.0     0.1    
*   60  388   690.00   16.82      0   690.00  1987.00    37.0     9.0     0.1    
*   61  387   677.67   16.60      0   677.67  2022.00     5.0     3.0     0.1    
*   62  386   676.67   16.78      0   676.67  1932.00    69.0    23.0     0.1    
*   63  385   674.67   15.81      0   674.67  1932.00    69.0    23.0     0.1    

  Gens  Rem    Local   ElDiv NoImpr             Best solution            Time  Op
                                       Cost     Dist    Tard    TMax 
*   65  383   660.00   15.77      0   660.00  1864.00    71.0    30.0     0.1    
*   66  382   655.00   15.74      0   655.00  1864.00    71.0    30.0     0.1    
*   73  375   647.33   10.01      0   647.33  1936.00     3.0     3.0     0.1    
*   77  371   640.33    9.06      0   640.33  1911.00     7.0     3.0     0.1    
*   80  368   639.00    7.95      0   639.00  1872.00     4.0     3.0     0.2    
*   81  367   626.33    8.12      0   626.33  1872.00     4.0     3.0     0.2    
*   84  364   622.67    8.30      0   622.67  1814.00    38.0    16.0     0.2    
*   86  362   621.67    8.24      0   621.67  1858.00     4.0     3.0     0.2    
*   88  360   614.00    8.68      0   614.00  1824.00     9.0     5.0     0.2    
*   89  359   612.67    7.99      0   612.67  1824.00     9.0     5.0     0.2    
*   93  355   611.67    6.01      0   611.67  1759.00    22.0     9.0     0.2    
*   94  354   596.67    5.87      0   596.67  1759.00    22.0     9.0     0.2    
Path relinking result: too homogeneous.
    96  352   596.67    6.35      3   596.67  1759.00    22.0     9.0     0.2   P
*   98  350   594.33    6.73      0   594.33  1747.00    14.0     7.0     0.2    
*   99  349   589.33    6.86      0   589.33  1747.00    14.0     7.0     0.2    
   100  348   589.33    6.69      1   589.33  1747.00    14.0     7.0     0.2    

  Gens  Rem    Local   ElDiv NoImpr             Best solution            Time  Op
                                       Cost     Dist    Tard    TMax 
*  104  344   588.33    4.28      0   588.33  1760.00     4.0     1.0     0.2    
*  108  340   588.00    3.54      0   588.00  1760.00     2.0     2.0     0.2    
*  110  338   582.33    3.73      0   582.33  1728.00    12.0     7.0     0.2    
*  117  331   577.00    2.68      0   577.00  1721.00     5.0     5.0     0.2    
*  119  329   576.00    2.47      0   576.00  1720.00     4.0     4.0     0.2    
*  121  327   574.67    1.84      0   574.67  1714.00     5.0     5.0     0.2    
*  124  324   574.00    0.80      0   574.00  1712.00     5.0     5.0     0.2    
*  126  322   570.67    0.91      0   570.67  1702.00     5.0     5.0     0.2    
*  128  320   569.67    1.64      0   569.67  1699.00     5.0     5.0     0.2    
*  130  318   566.67    0.87      0   566.67  1695.00     2.0     2.0     0.2    
*  131  317   566.33    1.03      0   566.33  1693.00     2.0     2.0     0.2    
*  132  316   565.67    1.21      0   565.67  1693.00     2.0     2.0     0.2    
*  136  312   565.00    0.12      0   565.00  1691.00     2.0     2.0     0.2    
*  138  310   562.33    0.69      0   562.33  1680.00     2.0     2.0     0.3    
*  139  309   561.33    0.86      0   561.33  1680.00     2.0     2.0     0.3    
*  142  306   560.67    1.72      0   560.67  1678.00     2.0     2.0     0.3    

  Gens  Rem    Local   ElDiv NoImpr             Best solution            Time  Op
                                       Cost     Dist    Tard    TMax 
   150  298   560.67    0.00      8   560.67  1678.00     2.0     2.0     0.3    
*  160  288   558.00    0.33      0   558.00  1670.00     2.0     2.0     0.3    
Path relinking result: too homogeneous.
   192  256   558.00    0.00     33   558.00  1670.00     2.0     2.0     0.3   P
*  200  248   557.33    0.16      0   557.33  1668.00     2.0     2.0     0.4    
   250  198   557.33    0.00     50   557.33  1668.00     2.0     2.0     0.4    
*  258  190   556.00    0.16      0   556.00  1664.00     2.0     2.0     0.5    
*  266  182   555.67    0.52      0   555.67  1663.00     2.0     2.0     0.5    
*  270  178   555.33    0.06      0   555.33  1662.00     2.0     2.0     0.5    
Path relinking result: too homogeneous.
   288  160   555.33    0.00     19   555.33  1662.00     2.0     2.0     0.5   P
   300  148   555.33    0.00     30   555.33  1662.00     2.0     2.0     0.5    
   337  111      inf  383.52      0   555.33  1662.00     2.0     2.0     0.6   R
   338  110  4002.33  281.62      0   555.33  1662.00     2.0     2.0     0.6    
   350   98  2111.67  194.95      0   555.33  1662.00     2.0     2.0     0.6    
Path relinking result: too homogeneous.
   384   64   718.67   24.57      0   555.33  1662.00     2.0     2.0     0.7   P
   400   48   650.67   14.04      7   555.33  1662.00     2.0     2.0     0.8    
   448    0   579.00    3.48      5   555.33  1662.00     2.0     2.0     0.9    
Evolutionary process finished.
Solution written to 'solution-15064.txt'.

Sorted sequence of worst to best tardiness value:
Task for patient = 94 with skills = {4,-1} and cost = 351.0
   Vehicle #0 = 10, leaving at = 899.0
   Vehicle #1 = -1, leaving at = inf
   Increment on distance indicator: 3.0
   Increment on tard indicator:     0.0
   Value of tmax indicator:         3.0

Task for patient = 34 with skills = {1,-1} and cost = 350.0
   Vehicle #0 = 8, leaving at = 882.0
   Vehicle #1 = -1, leaving at = inf
   Increment on distance indicator: 11.0
   Increment on tard indicator:     0.0
   Value of tmax indicator:         11.0

Task for patient = 83 with skills = {3,-1} and cost = 346.3
   Vehicle #0 = 18, leaving at = 911.0
   Vehicle #1 = -1, leaving at = inf
   Increment on distance indicator: 13.0
   Increment on tard indicator:     0.0
   Value of tmax indicator:         13.0

Task for patient = 65 with skills = {4,-1} and cost = 342.0
   Vehicle #0 = 15, leaving at = 912.0
   Vehicle #1 = -1, leaving at = inf
   Increment on distance indicator: 11.0
   Increment on tard indicator:     0.0
   Value of tmax indicator:         11.0

Task for patient = 5 with skills = {1,4} and cost = 338.3
   Vehicle #0 = 8, leaving at = 842.0
   Vehicle #1 = 15, leaving at = 853.0
   Increment on distance indicator: 27.0
   Increment on tard indicator:     0.0
   Value of tmax indicator:         27.0

Task for patient = 13 with skills = {5,-1} and cost = 329.3
   Vehicle #0 = 19, leaving at = 900.0
   Vehicle #1 = -1, leaving at = inf
   Increment on distance indicator: 7.0
   Increment on tard indicator:     0.0
   Value of tmax indicator:         7.0

Task for patient = 72 with skills = {1,3} and cost = 327.0
   Vehicle #0 = 9, leaving at = 873.0
   Vehicle #1 = 18, leaving at = 853.0
   Increment on distance indicator: 23.0
   Increment on tard indicator:     0.0
   Value of tmax indicator:         23.0

Task for patient = 42 with skills = {2,3} and cost = 319.3
   Vehicle #0 = 1, leaving at = 790.0
   Vehicle #1 = 17, leaving at = 815.0
   Increment on distance indicator: 16.0
   Increment on tard indicator:     0.0
   Value of tmax indicator:         16.0

Task for patient = 71 with skills = {1,5} and cost = 314.0
   Vehicle #0 = 6, leaving at = 832.0
   Vehicle #1 = 12, leaving at = 849.0
   Increment on distance indicator: 10.0
   Increment on tard indicator:     0.0
   Value of tmax indicator:         10.0

Task for patient = 19 with skills = {2,-1} and cost = 310.7
   Vehicle #0 = 8, leaving at = 807.0
   Vehicle #1 = -1, leaving at = inf
   Increment on distance indicator: 8.0
   Increment on tard indicator:     0.0
   Value of tmax indicator:         8.0

Task for patient = 70 with skills = {0,-1} and cost = 308.0
   Vehicle #0 = 9, leaving at = 820.0
   Vehicle #1 = -1, leaving at = inf
   Increment on distance indicator: 6.0
   Increment on tard indicator:     0.0
   Value of tmax indicator:         6.0

Task for patient = 20 with skills = {1,-1} and cost = 429.7
   Vehicle #0 = 6, leaving at = 967.0
   Vehicle #1 = -1, leaving at = inf
   Increment on distance indicator: 17.0
   Increment on tard indicator:     0.0
   Value of tmax indicator:         17.0

Task for patient = 9 with skills = {1,-1} and cost = 305.3
   Vehicle #0 = 6, leaving at = 708.0
   Vehicle #1 = -1, leaving at = inf
   Increment on distance indicator: 5.0
   Increment on tard indicator:     0.0
   Value of tmax indicator:         5.0

Task for patient = 59 with skills = {0,-1} and cost = 303.7
   Vehicle #0 = 2, leaving at = 926.0
   Vehicle #1 = -1, leaving at = inf
   Increment on distance indicator: 3.0
   Increment on tard indicator:     0.0
   Value of tmax indicator:         3.0

Task for patient = 98 with skills = {0,-1} and cost = 302.7
   Vehicle #0 = 2, leaving at = 890.0
   Vehicle #1 = -1, leaving at = inf
   Increment on distance indicator: 5.0
   Increment on tard indicator:     0.0
   Value of tmax indicator:         5.0

Task for patient = 55 with skills = {0,-1} and cost = 301.0
   Vehicle #0 = 8, leaving at = 775.0
   Vehicle #1 = -1, leaving at = inf
   Increment on distance indicator: 6.0
   Increment on tard indicator:     0.0
   Value of tmax indicator:         6.0

Task for patient = 61 with skills = {4,-1} and cost = 299.0
   Vehicle #0 = 11, leaving at = 770.0
   Vehicle #1 = -1, leaving at = inf
   Increment on distance indicator: 6.0
   Increment on tard indicator:     0.0
   Value of tmax indicator:         6.0

Task for patient = 28 with skills = {5,-1} and cost = 297.0
   Vehicle #0 = 19, leaving at = 878.0
   Vehicle #1 = -1, leaving at = inf
   Increment on distance indicator: 8.0
   Increment on tard indicator:     0.0
   Value of tmax indicator:         8.0

Task for patient = 56 with skills = {1,-1} and cost = 294.3
   Vehicle #0 = 7, leaving at = 686.0
   Vehicle #1 = -1, leaving at = inf
   Increment on distance indicator: 4.0
   Increment on tard indicator:     0.0
   Value of tmax indicator:         4.0

Task for patient = 52 with skills = {4,-1} and cost = 293.0
   Vehicle #0 = 15, leaving at = 776.0
   Vehicle #1 = -1, leaving at = inf
   Increment on distance indicator: 5.0
   Increment on tard indicator:     0.0
   Value of tmax indicator:         5.0

Task for patient = 82 with skills = {0,-1} and cost = 291.3
   Vehicle #0 = 2, leaving at = 854.0
   Vehicle #1 = -1, leaving at = inf
   Increment on distance indicator: 6.0
   Increment on tard indicator:     0.0
   Value of tmax indicator:         6.0

Task for patient = 84 with skills = {1,-1} and cost = 289.3
   Vehicle #0 = 9, leaving at = 784.0
   Vehicle #1 = -1, leaving at = inf
   Increment on distance indicator: 6.0
   Increment on tard indicator:     0.0
   Value of tmax indicator:         6.0

Task for patient = 73 with skills = {1,-1} and cost = 287.3
   Vehicle #0 = 4, leaving at = 869.0
   Vehicle #1 = -1, leaving at = inf
   Increment on distance indicator: 10.0
   Increment on tard indicator:     0.0
   Value of tmax indicator:         10.0

Task for patient = 39 with skills = {0,-1} and cost = 284.0
   Vehicle #0 = 5, leaving at = 760.0
   Vehicle #1 = -1, leaving at = inf
   Increment on distance indicator: 18.0
   Increment on tard indicator:     0.0
   Value of tmax indicator:         18.0

Task for patient = 75 with skills = {1,-1} and cost = 306.0
   Vehicle #0 = 5, leaving at = 805.0
   Vehicle #1 = -1, leaving at = inf
   Increment on distance indicator: 2.0
   Increment on tard indicator:     0.0
   Value of tmax indicator:         2.0

Task for patient = 68 with skills = {4,-1} and cost = 424.0
   Vehicle #0 = 14, leaving at = 941.0
   Vehicle #1 = -1, leaving at = inf
   Increment on distance indicator: 5.0
   Increment on tard indicator:     0.0
   Value of tmax indicator:         5.0

Task for patient = 35 with skills = {1,3} and cost = 422.3
   Vehicle #0 = 6, leaving at = 932.0
   Vehicle #1 = 17, leaving at = 954.0
   Increment on distance indicator: 10.0
   Increment on tard indicator:     0.0
   Value of tmax indicator:         10.0

Task for patient = 47 with skills = {2,3} and cost = 419.0
   Vehicle #0 = 1, leaving at = 914.0
   Vehicle #1 = 17, leaving at = 931.0
   Increment on distance indicator: 17.0
   Increment on tard indicator:     0.0
   Value of tmax indicator:         17.0

Task for patient = 90 with skills = {0,-1} and cost = 413.3
   Vehicle #0 = 0, leaving at = 1088.0
   Vehicle #1 = -1, leaving at = inf
   Increment on distance indicator: 14.0
   Increment on tard indicator:     0.0
   Value of tmax indicator:         14.0

Task for patient = 24 with skills = {1,-1} and cost = 408.7
   Vehicle #0 = 5, leaving at = 992.0
   Vehicle #1 = -1, leaving at = inf
   Increment on distance indicator: 4.0
   Increment on tard indicator:     0.0
   Value of tmax indicator:         4.0

Task for patient = 26 with skills = {1,3} and cost = 407.3
   Vehicle #0 = 7, leaving at = 998.0
   Vehicle #1 = 19, leaving at = 969.0
   Increment on distance indicator: 13.0
   Increment on tard indicator:     0.0
   Value of tmax indicator:         13.0

Task for patient = 50 with skills = {1,-1} and cost = 403.0
   Vehicle #0 = 4, leaving at = 1000.0
   Vehicle #1 = -1, leaving at = inf
   Increment on distance indicator: 9.0
   Increment on tard indicator:     0.0
   Value of tmax indicator:         9.0

Task for patient = 49 with skills = {0,4} and cost = 400.0
   Vehicle #0 = 4, leaving at = 952.0
   Vehicle #1 = 15, leaving at = 998.0
   Increment on distance indicator: 15.0
   Increment on tard indicator:     0.0
   Value of tmax indicator:         15.0

Task for patient = 15 with skills = {2,4} and cost = 395.0
   Vehicle #0 = 0, leaving at = 1034.0
   Vehicle #1 = 10, leaving at = 1049.0
   Increment on distance indicator: 26.0
   Increment on tard indicator:     0.0
   Value of tmax indicator:         26.0

Task for patient = 30 with skills = {2,-1} and cost = 386.3
   Vehicle #0 = 9, leaving at = 933.0
   Vehicle #1 = -1, leaving at = inf
   Increment on distance indicator: 6.0
   Increment on tard indicator:     0.0
   Value of tmax indicator:         6.0

Task for patient = 76 with skills = {1,-1} and cost = 384.3
   Vehicle #0 = 7, leaving at = 937.0
   Vehicle #1 = -1, leaving at = inf
   Increment on distance indicator: 5.0
   Increment on tard indicator:     0.0
   Value of tmax indicator:         5.0

Task for patient = 43 with skills = {0,-1} and cost = 351.7
   Vehicle #0 = 5, leaving at = 836.0
   Vehicle #1 = -1, leaving at = inf
   Increment on distance indicator: 2.0
   Increment on tard indicator:     0.0
   Value of tmax indicator:         2.0

Task for patient = 45 with skills = {5,-1} and cost = 381.3
   Vehicle #0 = 18, leaving at = 1012.0
   Vehicle #1 = -1, leaving at = inf
   Increment on distance indicator: 10.0
   Increment on tard indicator:     0.0
   Value of tmax indicator:         10.0

Task for patient = 78 with skills = {2,-1} and cost = 378.0
   Vehicle #0 = 1, leaving at = 845.0
   Vehicle #1 = -1, leaving at = inf
   Increment on distance indicator: 5.0
   Increment on tard indicator:     0.0
   Value of tmax indicator:         5.0

Task for patient = 97 with skills = {5,-1} and cost = 376.3
   Vehicle #0 = 15, leaving at = 948.0
   Vehicle #1 = -1, leaving at = inf
   Increment on distance indicator: 3.0
   Increment on tard indicator:     0.0
   Value of tmax indicator:         3.0

Task for patient = 32 with skills = {5,-1} and cost = 375.3
   Vehicle #0 = 18, leaving at = 963.0
   Vehicle #1 = -1, leaving at = inf
   Increment on distance indicator: 1.0
   Increment on tard indicator:     0.0
   Value of tmax indicator:         1.0

Task for patient = 91 with skills = {2,4} and cost = 375.0
   Vehicle #0 = 0, leaving at = 981.0
   Vehicle #1 = 10, leaving at = 987.0
   Increment on distance indicator: 8.0
   Increment on tard indicator:     0.0
   Value of tmax indicator:         8.0

Task for patient = 2 with skills = {5,-1} and cost = 372.3
   Vehicle #0 = 12, leaving at = 1046.0
   Vehicle #1 = -1, leaving at = inf
   Increment on distance indicator: 4.0
   Increment on tard indicator:     0.0
   Value of tmax indicator:         4.0

Task for patient = 29 with skills = {2,4} and cost = 371.0
   Vehicle #0 = 7, leaving at = 779.0
   Vehicle #1 = 14, leaving at = 824.0
   Increment on distance indicator: 24.0
   Increment on tard indicator:     0.0
   Value of tmax indicator:         24.0

Task for patient = 51 with skills = {1,-1} and cost = 363.0
   Vehicle #0 = 8, leaving at = 920.0
   Vehicle #1 = -1, leaving at = inf
   Increment on distance indicator: 10.0
   Increment on tard indicator:     0.0
   Value of tmax indicator:         10.0

Task for patient = 100 with skills = {5,-1} and cost = 359.7
   Vehicle #0 = 12, leaving at = 998.0
   Vehicle #1 = -1, leaving at = inf
   Increment on distance indicator: 6.0
   Increment on tard indicator:     0.0
   Value of tmax indicator:         6.0

Task for patient = 96 with skills = {1,5} and cost = 357.7
   Vehicle #0 = 2, leaving at = 946.0
   Vehicle #1 = 12, leaving at = 950.0
   Increment on distance indicator: 7.0
   Increment on tard indicator:     0.0
   Value of tmax indicator:         7.0

Task for patient = 99 with skills = {3,-1} and cost = 355.3
   Vehicle #0 = 17, leaving at = 863.0
   Vehicle #1 = -1, leaving at = inf
   Increment on distance indicator: 7.0
   Increment on tard indicator:     0.0
   Value of tmax indicator:         7.0

Task for patient = 37 with skills = {4,-1} and cost = 353.0
   Vehicle #0 = 16, leaving at = 864.0
   Vehicle #1 = -1, leaving at = inf
   Increment on distance indicator: 4.0
   Increment on tard indicator:     0.0
   Value of tmax indicator:         4.0

Task for patient = 16 with skills = {4,-1} and cost = 382.7
   Vehicle #0 = 11, leaving at = 928.0
   Vehicle #1 = -1, leaving at = inf
   Increment on distance indicator: 4.0
   Increment on tard indicator:     0.0
   Value of tmax indicator:         4.0

Task for patient = 89 with skills = {2,5} and cost = 169.7
   Vehicle #0 = 4, leaving at = 672.0
   Vehicle #1 = 19, leaving at = 704.0
   Increment on distance indicator: 20.0
   Increment on tard indicator:     0.0
   Value of tmax indicator:         20.0

Task for patient = 93 with skills = {0,-1} and cost = 163.0
   Vehicle #0 = 2, leaving at = 746.0
   Vehicle #1 = -1, leaving at = inf
   Increment on distance indicator: 3.0
   Increment on tard indicator:     0.0
   Value of tmax indicator:         3.0

Task for patient = 48 with skills = {5,-1} and cost = 162.0
   Vehicle #0 = 15, leaving at = 670.0
   Vehicle #1 = -1, leaving at = inf
   Increment on distance indicator: 11.0
   Increment on tard indicator:     0.0
   Value of tmax indicator:         11.0

Task for patient = 1 with skills = {0,4} and cost = 158.3
   Vehicle #0 = 4, leaving at = 584.0
   Vehicle #1 = 13, leaving at = 606.0
   Increment on distance indicator: 28.0
   Increment on tard indicator:     0.0
   Value of tmax indicator:         28.0

Task for patient = 38 with skills = {0,4} and cost = 149.0
   Vehicle #0 = 8, leaving at = 656.0
   Vehicle #1 = 18, leaving at = 638.0
   Increment on distance indicator: 21.0
   Increment on tard indicator:     0.0
   Value of tmax indicator:         21.0

Task for patient = 81 with skills = {0,3} and cost = 142.0
   Vehicle #0 = 3, leaving at = 649.0
   Vehicle #1 = 17, leaving at = 631.0
   Increment on distance indicator: 33.0
   Increment on tard indicator:     0.0
   Value of tmax indicator:         33.0

Task for patient = 40 with skills = {4,-1} and cost = 131.0
   Vehicle #0 = 11, leaving at = 596.0
   Vehicle #1 = -1, leaving at = inf
   Increment on distance indicator: 16.0
   Increment on tard indicator:     0.0
   Value of tmax indicator:         16.0

Task for patient = 6 with skills = {0,-1} and cost = 125.7
   Vehicle #0 = 5, leaving at = 647.0
   Vehicle #1 = -1, leaving at = inf
   Increment on distance indicator: 4.0
   Increment on tard indicator:     0.0
   Value of tmax indicator:         4.0

Task for patient = 8 with skills = {0,-1} and cost = 124.3
   Vehicle #0 = 5, leaving at = 605.0
   Vehicle #1 = -1, leaving at = inf
   Increment on distance indicator: 3.0
   Increment on tard indicator:     0.0
   Value of tmax indicator:         3.0

Task for patient = 57 with skills = {2,-1} and cost = 123.3
   Vehicle #0 = 8, leaving at = 545.0
   Vehicle #1 = -1, leaving at = inf
   Increment on distance indicator: 18.0
   Increment on tard indicator:     0.0
   Value of tmax indicator:         18.0

Task for patient = 4 with skills = {5,-1} and cost = 117.3
   Vehicle #0 = 18, leaving at = 609.0
   Vehicle #1 = -1, leaving at = inf
   Increment on distance indicator: 13.0
   Increment on tard indicator:     0.0
   Value of tmax indicator:         13.0

Task for patient = 21 with skills = {4,-1} and cost = 278.0
   Vehicle #0 = 11, leaving at = 718.0
   Vehicle #1 = -1, leaving at = inf
   Increment on distance indicator: 5.0
   Increment on tard indicator:     0.0
   Value of tmax indicator:         5.0

Task for patient = 60 with skills = {2,-1} and cost = 108.0
   Vehicle #0 = 7, leaving at = 657.0
   Vehicle #1 = -1, leaving at = inf
   Increment on distance indicator: 24.0
   Increment on tard indicator:     0.0
   Value of tmax indicator:         24.0

Task for patient = 79 with skills = {3,-1} and cost = 100.0
   Vehicle #0 = 10, leaving at = 756.0
   Vehicle #1 = -1, leaving at = inf
   Increment on distance indicator: 7.0
   Increment on tard indicator:     0.0
   Value of tmax indicator:         7.0

Task for patient = 46 with skills = {2,3} and cost = 97.7
   Vehicle #0 = 7, leaving at = 576.0
   Vehicle #1 = 19, leaving at = 599.0
   Increment on distance indicator: 0.0
   Increment on tard indicator:     0.0
   Value of tmax indicator:         0.0

Task for patient = 11 with skills = {2,3} and cost = 97.7
   Vehicle #0 = 1, leaving at = 593.0
   Vehicle #1 = 17, leaving at = 586.0
   Increment on distance indicator: 38.0
   Increment on tard indicator:     0.0
   Value of tmax indicator:         38.0

Task for patient = 80 with skills = {1,-1} and cost = 85.0
   Vehicle #0 = 4, leaving at = 550.0
   Vehicle #1 = -1, leaving at = inf
   Increment on distance indicator: 17.0
   Increment on tard indicator:     0.0
   Value of tmax indicator:         17.0

Task for patient = 95 with skills = {5,-1} and cost = 79.3
   Vehicle #0 = 18, leaving at = 557.0
   Vehicle #1 = -1, leaving at = inf
   Increment on distance indicator: 13.0
   Increment on tard indicator:     0.0
   Value of tmax indicator:         13.0

Task for patient = 62 with skills = {0,5} and cost = 75.0
   Vehicle #0 = 2, leaving at = 716.0
   Vehicle #1 = 12, leaving at = 732.0
   Increment on distance indicator: 4.0
   Increment on tard indicator:     0.0
   Value of tmax indicator:         4.0

Task for patient = 36 with skills = {0,4} and cost = 73.7
   Vehicle #0 = 3, leaving at = 556.0
   Vehicle #1 = 11, leaving at = 553.0
   Increment on distance indicator: 80.0
   Increment on tard indicator:     0.0
   Value of tmax indicator:         80.0

Task for patient = 77 with skills = {2,3} and cost = 47.0
   Vehicle #0 = 0, leaving at = 704.0
   Vehicle #1 = 10, leaving at = 703.0
   Increment on distance indicator: 38.0
   Increment on tard indicator:     0.0
   Value of tmax indicator:         38.0

Task for patient = 53 with skills = {5,-1} and cost = 34.3
   Vehicle #0 = 15, leaving at = 586.0
   Vehicle #1 = -1, leaving at = inf
   Increment on distance indicator: 27.0
   Increment on tard indicator:     0.0
   Value of tmax indicator:         27.0

Task for patient = 27 with skills = {1,5} and cost = 25.3
   Vehicle #0 = 2, leaving at = 662.0
   Vehicle #1 = 12, leaving at = 678.0
   Increment on distance indicator: 8.0
   Increment on tard indicator:     0.0
   Value of tmax indicator:         8.0

Task for patient = 88 with skills = {1,5} and cost = 22.7
   Vehicle #0 = 2, leaving at = 586.0
   Vehicle #1 = 12, leaving at = 631.0
   Increment on distance indicator: 68.0
   Increment on tard indicator:     0.0
   Value of tmax indicator:         68.0

Task for patient = 33 with skills = {1,-1} and cost = 113.0
   Vehicle #0 = 5, leaving at = 546.0
   Vehicle #1 = -1, leaving at = inf
   Increment on distance indicator: 15.0
   Increment on tard indicator:     0.0
   Value of tmax indicator:         15.0

Task for patient = 66 with skills = {0,5} and cost = 276.3
   Vehicle #0 = 3, leaving at = 810.0
   Vehicle #1 = 18, leaving at = 776.0
   Increment on distance indicator: 19.0
   Increment on tard indicator:     0.0
   Value of tmax indicator:         19.0

Task for patient = 12 with skills = {0,4} and cost = 270.0
   Vehicle #0 = 0, leaving at = 855.0
   Vehicle #1 = 10, leaving at = 837.0
   Increment on distance indicator: 22.0
   Increment on tard indicator:     0.0
   Value of tmax indicator:         22.0

Task for patient = 14 with skills = {4,-1} and cost = 262.7
   Vehicle #0 = 13, leaving at = 876.0
   Vehicle #1 = -1, leaving at = inf
   Increment on distance indicator: 12.0
   Increment on tard indicator:     0.0
   Value of tmax indicator:         12.0

Task for patient = 63 with skills = {2,-1} and cost = 258.7
   Vehicle #0 = 0, leaving at = 779.0
   Vehicle #1 = -1, leaving at = inf
   Increment on distance indicator: 8.0
   Increment on tard indicator:     0.0
   Value of tmax indicator:         8.0

Task for patient = 41 with skills = {2,-1} and cost = 256.0
   Vehicle #0 = 4, leaving at = 825.0
   Vehicle #1 = -1, leaving at = inf
   Increment on distance indicator: 11.0
   Increment on tard indicator:     0.0
   Value of tmax indicator:         11.0

Task for patient = 74 with skills = {2,5} and cost = 252.3
   Vehicle #0 = 1, leaving at = 738.0
   Vehicle #1 = 12, leaving at = 788.0
   Increment on distance indicator: 20.0
   Increment on tard indicator:     0.0
   Value of tmax indicator:         20.0

Task for patient = 10 with skills = {3,-1} and cost = 245.7
   Vehicle #0 = 10, leaving at = 791.0
   Vehicle #1 = -1, leaving at = inf
   Increment on distance indicator: 5.0
   Increment on tard indicator:     0.0
   Value of tmax indicator:         5.0

Task for patient = 54 with skills = {3,-1} and cost = 244.0
   Vehicle #0 = 17, leaving at = 744.0
   Vehicle #1 = -1, leaving at = inf
   Increment on distance indicator: 11.0
   Increment on tard indicator:     0.0
   Value of tmax indicator:         11.0

Task for patient = 17 with skills = {2,-1} and cost = 240.3
   Vehicle #0 = 8, leaving at = 709.0
   Vehicle #1 = -1, leaving at = inf
   Increment on distance indicator: 15.0
   Increment on tard indicator:     0.0
   Value of tmax indicator:         15.0

Task for patient = 64 with skills = {5,-1} and cost = 235.3
   Vehicle #0 = 15, leaving at = 733.0
   Vehicle #1 = -1, leaving at = inf
   Increment on distance indicator: 7.0
   Increment on tard indicator:     0.0
   Value of tmax indicator:         7.0

Task for patient = 31 with skills = {5,-1} and cost = 233.0
   Vehicle #0 = 19, leaving at = 851.0
   Vehicle #1 = -1, leaving at = inf
   Increment on distance indicator: 9.0
   Increment on tard indicator:     0.0
   Value of tmax indicator:         9.0

Task for patient = 23 with skills = {5,-1} and cost = 173.7
   Vehicle #0 = 18, leaving at = 678.0
   Vehicle #1 = -1, leaving at = inf
   Increment on distance indicator: 12.0
   Increment on tard indicator:     0.0
   Value of tmax indicator:         12.0

Task for patient = 25 with skills = {5,-1} and cost = 227.7
   Vehicle #0 = 19, leaving at = 791.0
   Vehicle #1 = -1, leaving at = inf
   Increment on distance indicator: 6.0
   Increment on tard indicator:     0.0
   Value of tmax indicator:         6.0

Task for patient = 92 with skills = {1,3} and cost = 225.7
   Vehicle #0 = 6, leaving at = 671.0
   Vehicle #1 = 17, leaving at = 717.0
   Increment on distance indicator: 16.0
   Increment on tard indicator:     0.0
   Value of tmax indicator:         16.0

Task for patient = 7 with skills = {3,-1} and cost = 220.3
   Vehicle #0 = 17, leaving at = 661.0
   Vehicle #1 = -1, leaving at = inf
   Increment on distance indicator: 6.0
   Increment on tard indicator:     0.0
   Value of tmax indicator:         6.0

Task for patient = 58 with skills = {1,-1} and cost = 218.3
   Vehicle #0 = 2, leaving at = 808.0
   Vehicle #1 = -1, leaving at = inf
   Increment on distance indicator: 7.0
   Increment on tard indicator:     0.0
   Value of tmax indicator:         7.0

Task for patient = 18 with skills = {0,4} and cost = 216.0
   Vehicle #0 = 5, leaving at = 696.0
   Vehicle #1 = 14, leaving at = 685.0
   Increment on distance indicator: 25.0
   Increment on tard indicator:     0.0
   Value of tmax indicator:         25.0

Task for patient = 69 with skills = {5,-1} and cost = 207.7
   Vehicle #0 = 18, leaving at = 743.0
   Vehicle #1 = -1, leaving at = inf
   Increment on distance indicator: 26.0
   Increment on tard indicator:     0.0
   Value of tmax indicator:         26.0

Task for patient = 85 with skills = {2,4} and cost = 199.0
   Vehicle #0 = 4, leaving at = 773.0
   Vehicle #1 = 13, leaving at = 774.0
   Increment on distance indicator: 15.0
   Increment on tard indicator:     0.0
   Value of tmax indicator:         15.0

Task for patient = 3 with skills = {1,-1} and cost = 194.0
   Vehicle #0 = 9, leaving at = 590.0
   Vehicle #1 = -1, leaving at = inf
   Increment on distance indicator: 4.0
   Increment on tard indicator:     0.0
   Value of tmax indicator:         4.0

Task for patient = 86 with skills = {1,-1} and cost = 192.7
   Vehicle #0 = 6, leaving at = 576.0
   Vehicle #1 = -1, leaving at = inf
   Increment on distance indicator: 34.0
   Increment on tard indicator:     0.0
   Value of tmax indicator:         34.0

Task for patient = 22 with skills = {2,5} and cost = 181.3
   Vehicle #0 = 4, leaving at = 723.0
   Vehicle #1 = 19, leaving at = 738.0
   Increment on distance indicator: 16.0
   Increment on tard indicator:     0.0
   Value of tmax indicator:         16.0

Task for patient = 67 with skills = {0,-1} and cost = 176.0
   Vehicle #0 = 3, leaving at = 739.0
   Vehicle #1 = -1, leaving at = inf
   Increment on distance indicator: 3.0
   Increment on tard indicator:     0.0
   Value of tmax indicator:         3.0

Task for patient = 87 with skills = {0,-1} and cost = 175.0
   Vehicle #0 = 3, leaving at = 706.0
   Vehicle #1 = -1, leaving at = inf
   Increment on distance indicator: 4.0
   Increment on tard indicator:     0.0
   Value of tmax indicator:         4.0

Task for patient = 44 with skills = {1,-1} and cost = 230.0
   Vehicle #0 = 5, leaving at = 723.0
   Vehicle #1 = -1, leaving at = inf
   Increment on distance indicator: 7.0
   Increment on tard indicator:     0.0
   Value of tmax indicator:         7.0


Unused vehicle list: (total = 0 out of 20)

---
Search finished.
Total of 448 generations in 0.9 seconds.
Exchange elite runs: 0
Implicit path relinking runs: 4
Reset attempts: 1

Best solution found:
   Cost: 555.3
   Total travel time: 1662.0
   Total tardiness time: 2.0
   Largest tardiness: 2.0


555.3
