#######################################
### Exact MIP solver for the HHCRSP ###
#######################################
-- Instance file: new-instances/HHCRSP_100_20_98_1.2_R_RC.txt
-- Max threads: 4
-- Time limit: 999999 seconds
-- Use initial solution: No
Trivial flow violations prevented generating 47532 variables.
Model exported.
Version identifier: 20.1.0.0 | 2020-11-10 | 9bedb6d68
CPXPARAM_Threads                                 4
CPXPARAM_TimeLimit                               999999
Parallel mode: deterministic, using up to 4 threads for concurrent optimization:
 * Starting dual Simplex on 1 thread...
 * Starting Barrier on 3 threads...
Tried aggregator 1 time.
LP Presolve eliminated 5922 rows and 1583 columns.
Reduced LP has 58844 rows, 56254 columns, and 706641 nonzeros.
Presolve time = 0.39 sec. (179.71 ticks)
Symmetry aggregator did 72543 additional substitutions.
Initializing dual steep norms . . .

Iteration log . . .
Iteration:     1   Dual objective     =             0.666667

Dual crossover.
  Dual:  Fixing 264 variables.
      263 DMoves:  Infeasibility  1.12111529e-13  Objective  1.81333333e+02
        0 DMoves:  Infeasibility  4.94949509e-14  Objective  1.81333333e+02
  Dual:  Pushed 1, exchanged 263.
  Primal:  Fixing 183 variables.
      182 PMoves:  Infeasibility  2.99760217e-15  Objective  1.81333333e+02
        0 PMoves:  Infeasibility  2.99760217e-15  Objective  1.81333333e+02
  Primal:  Pushed 128, exchanged 55.

Dual simplex solved model.


Solution status from MIP model:
-- Processing time: 0.611 sec.
-- Memory used: 124.912 MB
-- Best bound: inf
-- Obj value: 181.333
-- Gap: inf%
-- Total distance: 544
-- Total tardiness: 0
-- Largest tardiness: 0
