#######################################
### Exact MIP solver for the HHCRSP ###
#######################################
-- Instance file: new-instances/HHCRSP_100_20_83_1.0_C_C.txt
-- Max threads: 4
-- Time limit: 999999 seconds
-- Use initial solution: No
Trivial flow violations prevented generating 45848 variables.
Model exported.
Version identifier: 20.1.0.0 | 2020-11-10 | 9bedb6d68
CPXPARAM_Threads                                 4
CPXPARAM_TimeLimit                               999999
Parallel mode: deterministic, using up to 4 threads for concurrent optimization:
 * Starting dual Simplex on 1 thread...
 * Starting Barrier on 3 threads...
Tried aggregator 1 time.
LP Presolve eliminated 5928 rows and 1685 columns.
Reduced LP has 60606 rows, 58039 columns, and 723508 nonzeros.
Presolve time = 0.39 sec. (184.81 ticks)
Symmetry aggregator did 81411 additional substitutions.

Iteration log . . .
Iteration:     1   Dual objective     =             0.000000

Dual crossover.
  Dual:  Fixing 171 variables.
      170 DMoves:  Infeasibility  1.13631332e-13  Objective  1.37333333e+02
        0 DMoves:  Infeasibility  6.82787219e-14  Objective  1.37333333e+02
  Dual:  Pushed 12, exchanged 159.
  Primal:  Fixing 188 variables.
      187 PMoves:  Infeasibility  1.11022302e-15  Objective  1.37333333e+02
        0 PMoves:  Infeasibility  1.11022302e-15  Objective  1.37333333e+02
  Primal:  Pushed 137, exchanged 51.

Dual simplex solved model.


Solution status from MIP model:
-- Processing time: 0.617 sec.
-- Memory used: 126.2 MB
-- Best bound: inf
-- Obj value: 137.333
-- Gap: inf%
-- Total distance: 412
-- Total tardiness: 0
-- Largest tardiness: 0
