#######################################
### Exact MIP solver for the HHCRSP ###
#######################################
-- Instance file: new-instances/HHCRSP_100_20_55_0.8_R_RC.txt
-- Max threads: 4
-- Time limit: 999999 seconds
-- Use initial solution: No
Trivial flow violations prevented generating 46460 variables.
Model exported.
Version identifier: 20.1.0.0 | 2020-11-10 | 9bedb6d68
CPXPARAM_Threads                                 4
CPXPARAM_TimeLimit                               999999
Parallel mode: deterministic, using up to 4 threads for concurrent optimization:
 * Starting dual Simplex on 1 thread...
 * Starting Barrier on 3 threads...
Tried aggregator 1 time.
LP Presolve eliminated 5706 rows and 1473 columns.
Reduced LP has 55832 rows, 53562 columns, and 644503 nonzeros.
Presolve time = 0.47 sec. (166.38 ticks)
Symmetry aggregator did 68375 additional substitutions.

Iteration log . . .
Iteration:     1   Dual objective     =             0.000000

Dual crossover.
  Dual:  Fixing 281 variables.
      280 DMoves:  Infeasibility  1.60482739e-13  Objective  1.68666667e+02
        0 DMoves:  Infeasibility  7.14428524e-14  Objective  1.68666667e+02
  Dual:  Pushed 10, exchanged 271.
  Primal:  Fixing 149 variables.
      148 PMoves:  Infeasibility  3.21964677e-15  Objective  1.68666667e+02
        0 PMoves:  Infeasibility  3.21964677e-15  Objective  1.68666667e+02
  Primal:  Pushed 99, exchanged 50.

Dual simplex solved model.


Solution status from MIP model:
-- Processing time: 0.751 sec.
-- Memory used: 122.499 MB
-- Best bound: inf
-- Obj value: 168.667
-- Gap: inf%
-- Total distance: 506
-- Total tardiness: 0
-- Largest tardiness: 0
