#######################################
### Exact MIP solver for the HHCRSP ###
#######################################
-- Instance file: new-instances/HHCRSP_100_20_9_0.4_C_RC.txt
-- Max threads: 4
-- Time limit: 999999 seconds
-- Use initial solution: No
Trivial flow violations prevented generating 46807 variables.
Model exported.
Version identifier: 20.1.0.0 | 2020-11-10 | 9bedb6d68
CPXPARAM_Threads                                 4
CPXPARAM_TimeLimit                               999999
Parallel mode: deterministic, using up to 4 threads for concurrent optimization:
 * Starting dual Simplex on 1 thread...
 * Starting Barrier on 3 threads...
Tried aggregator 1 time.
LP Presolve eliminated 5502 rows and 1404 columns.
Reduced LP has 51906 rows, 49816 columns, and 592977 nonzeros.
Presolve time = 0.29 sec. (153.50 ticks)
Symmetry aggregator did 59711 additional substitutions.

Iteration log . . .
Iteration:     1   Dual objective     =             0.000000
Iteration:   480   Dual objective     =           197.000000

Dual crossover.
  Dual:  Fixing 415 variables.
      414 DMoves:  Infeasibility  1.85197132e-13  Objective  2.06333333e+02
        0 DMoves:  Infeasibility  1.29463936e-13  Objective  2.06333333e+02
  Dual:  Pushed 26, exchanged 389.
  Primal:  Fixing 117 variables.
      116 PMoves:  Infeasibility  6.66133815e-16  Objective  2.06333333e+02
        0 PMoves:  Infeasibility  9.43689571e-16  Objective  2.06333333e+02
  Primal:  Pushed 69, exchanged 48.

Dual simplex solved model.


Solution status from MIP model:
-- Processing time: 0.499 sec.
-- Memory used: 118.691 MB
-- Best bound: inf
-- Obj value: 206.333
-- Gap: inf%
-- Total distance: 619
-- Total tardiness: 0
-- Largest tardiness: 0
