#######################################
### Exact MIP solver for the HHCRSP ###
#######################################
-- Instance file: new-instances/HHCRSP_100_20_96_1.6_R_C.txt
-- Max threads: 4
-- Time limit: 999999 seconds
-- Use initial solution: No
Trivial flow violations prevented generating 47379 variables.
Model exported.
Version identifier: 20.1.0.0 | 2020-11-10 | 9bedb6d68
CPXPARAM_Threads                                 4
CPXPARAM_TimeLimit                               999999
Parallel mode: deterministic, using up to 4 threads for concurrent optimization:
 * Starting dual Simplex on 1 thread...
 * Starting Barrier on 3 threads...
Tried aggregator 1 time.
LP Presolve eliminated 5382 rows and 1313 columns.
Reduced LP has 49310 rows, 47194 columns, and 566439 nonzeros.
Presolve time = 0.28 sec. (147.76 ticks)
Symmetry aggregator did 49796 additional substitutions.

Iteration log . . .
Iteration:     1   Dual objective     =             0.000000
Iteration:   487   Dual objective     =           104.333333

Dual crossover.
  Dual:  Fixing 212 variables.
      211 DMoves:  Infeasibility  6.99995651e-14  Objective  1.04333333e+02
        0 DMoves:  Infeasibility  5.84532456e-14  Objective  1.04333333e+02
  Dual:  Pushed 2, exchanged 210.
  Primal:  Fixing 102 variables.
      101 PMoves:  Infeasibility  8.32667268e-17  Objective  1.04333333e+02
        0 PMoves:  Infeasibility  8.32667268e-17  Objective  1.04333333e+02
  Primal:  Pushed 52, exchanged 50.

Dual simplex solved model.


Solution status from MIP model:
-- Processing time: 0.474 sec.
-- Memory used: 118.221 MB
-- Best bound: inf
-- Obj value: 104.333
-- Gap: inf%
-- Total distance: 313
-- Total tardiness: 0
-- Largest tardiness: 0
