--- BRKGA-MP-IPR for HHCRSP ---
Instance: new-instances/HHCRSP_300_60_4_0.4_R_C.txt
Seed: 1

Reading data... Problem contains 300 patients  and 60 caregivers.

Summary of supply x demand for each service type:
Skill 0 has supply = 23 and demand = 55, ratio = 0.418182
Skill 1 has supply = 23 and demand = 73, ratio = 0.315068
Skill 2 has supply = 22 and demand = 68, ratio = 0.323529
Skill 3 has supply = 22 and demand = 63, ratio = 0.349206
Skill 4 has supply = 20 and demand = 63, ratio = 0.31746
Skill 5 has supply = 22 and demand = 68, ratio = 0.323529

Reading parameters...
Inferred distance function by PR type: kendall-tau
Building BRKGA data and initializing...
Evolving 448 generations...

  Gens  Rem    Local   ElDiv NoImpr             Best solution            Time  Op
                                       Cost     Dist    Tard    TMax 
*    0  448  7501.00  392.56      0  7501.00  4936.00 17165.0   402.0     0.1    
*    2  446  7146.00  437.05      0  7146.00  5247.00 15727.0   434.0     0.2    
*    3  445  7136.00  449.96      0  7136.00  5154.00 13957.0   394.0     0.2    
*    4  444  6501.67  361.92      0  6501.67  5154.00 13957.0   394.0     0.3    
*    6  442  6451.00  320.07      0  6451.00  4987.00 12949.0   401.0     0.4    
*    7  441  6112.33  337.14      0  6112.33  5227.00 11474.0   360.0     0.4    
*    8  440  5687.00  358.47      0  5687.00  4939.00 10354.0   354.0     0.5    
*    9  439  5215.67  339.55      0  5215.67  4939.00 10354.0   354.0     0.5    
*   11  437  4918.67  275.57      0  4918.67  4983.00  9411.0   362.0     0.6    
*   13  435  4569.33  232.56      0  4569.33  4895.00  8320.0   351.0     0.7    
*   14  434  4522.00  260.28      0  4522.00  5012.00  7344.0   355.0     0.8    
*   15  433  4237.00  237.51      0  4237.00  4987.00  7072.0   336.0     0.8    
*   16  432  4131.67  236.35      0  4131.67  4831.00  6509.0   347.0     0.9    
*   17  431  3895.67  215.62      0  3895.67  4831.00  6509.0   347.0     0.9    
*   19  429  3715.67  210.74      0  3715.67  5102.00  4933.0   339.0     1.0    

  Gens  Rem    Local   ElDiv NoImpr             Best solution            Time  Op
                                       Cost     Dist    Tard    TMax 
*   20  428  3458.00  207.20      0  3458.00  5035.00  4756.0   327.0     1.1    
*   21  427  3372.67  241.04      0  3372.67  4819.00  4043.0   308.0     1.1    
*   22  426  3056.67  226.61      0  3056.67  5012.00  3411.0   292.0     1.2    
*   23  425  2905.00  203.33      0  2905.00  4989.00  3011.0   264.0     1.3    
*   24  424  2754.67  174.25      0  2754.67  4989.00  3011.0   264.0     1.3    
*   28  420  2578.00  144.80      0  2578.00  4879.00  2586.0   245.0     1.6    
*   29  419  2570.00  140.28      0  2570.00  4885.00  1994.0   238.0     1.6    
*   30  418  2372.33  109.74      0  2372.33  4885.00  1994.0   238.0     1.7    
*   32  416  2269.67  120.58      0  2269.67  4769.00   923.0   245.0     1.8    
*   33  415  1979.00  131.27      0  1979.00  4715.00  1030.0   158.0     1.8    
*   34  414  1967.67  130.03      0  1967.67  4715.00  1030.0   158.0     1.9    
*   37  411  1931.33   95.70      0  1931.33  4674.00   964.0   156.0     2.0    
*   39  409  1679.00  111.83      0  1679.00  4748.00   238.0    51.0     2.1    
*   47  401  1648.33   60.11      0  1648.33  4618.00   198.0    44.0     2.6    
*   48  400  1620.00   56.53      0  1620.00  4618.00   198.0    44.0     2.6    
*   50  398  1611.00   51.91      0  1611.00  4604.00   191.0    38.0     2.7    

  Gens  Rem    Local   ElDiv NoImpr             Best solution            Time  Op
                                       Cost     Dist    Tard    TMax 
*   52  396  1608.67   37.25      0  1608.67  4626.00   101.0    47.0     2.8    
*   53  395  1591.33   30.90      0  1591.33  4626.00   101.0    47.0     2.9    
*   55  393  1536.33   26.61      0  1536.33  4445.00   118.0    46.0     3.0    
*   57  391  1517.67   30.82      0  1517.67  4521.00    20.0    12.0     3.1    
*   61  387  1507.67   29.51      0  1507.67  4463.00    41.0    19.0     3.4    
*   68  380  1503.67   16.53      0  1503.67  4418.00    74.0    14.0     3.8    
*   69  379  1502.00   18.92      0  1502.00  4316.00    41.0     6.0     3.8    
*   70  378  1454.33   18.24      0  1454.33  4316.00    41.0     6.0     3.9    
*   76  372  1427.00   17.77      0  1427.00  4256.00    17.0     8.0     4.2    
*   91  357  1421.67   11.01      0  1421.67  4209.00    47.0     9.0     5.0    
*   93  355  1403.33   12.23      0  1403.33  4162.00    40.0     8.0     5.1    
Path relinking result: too homogeneous.
    96  352  1403.33   12.40      4  1403.33  4162.00    40.0     8.0     5.2   P
*  100  348  1403.00   12.29      0  1403.00  4144.00    53.0    12.0     5.5    
*  103  345  1368.00   14.32      0  1368.00  4078.00    20.0     6.0     5.6    
*  113  335  1367.33   10.66      0  1367.33  4080.00    18.0     4.0     6.2    
*  120  328  1365.67   10.04      0  1365.67  4087.00     8.0     2.0     6.6    

  Gens  Rem    Local   ElDiv NoImpr             Best solution            Time  Op
                                       Cost     Dist    Tard    TMax 
*  122  326  1357.00   11.68      0  1357.00  4031.00    21.0     8.0     6.7    
*  123  325  1353.33   10.80      0  1353.33  4031.00    21.0     8.0     6.7    
*  133  315  1347.00    8.38      0  1347.00  3993.00    40.0     8.0     7.2    
*  136  312  1330.33    9.11      0  1330.33  3975.00    10.0     6.0     7.4    
*  150  298  1321.00    8.62      0  1321.00  3898.00    57.0     8.0     8.1    
*  154  294  1320.67   10.14      0  1320.67  3873.00    27.0     8.0     8.3    
*  155  293  1302.67    9.85      0  1302.67  3873.00    27.0     8.0     8.4    
*  168  280  1299.67    8.20      0  1299.67  3854.00    37.0     8.0     9.1    
*  170  278  1298.33    8.16      0  1298.33  3859.00    26.0     8.0     9.2    
*  171  277  1297.67    7.88      0  1297.67  3859.00    26.0     8.0     9.2    
*  175  273  1294.00    7.50      0  1294.00  3833.00    38.0    11.0     9.5    
*  185  263  1278.67    7.39      0  1278.67  3813.00    17.0     6.0    10.0    
*  187  261  1277.67    7.99      0  1277.67  3813.00    14.0     6.0    10.1    
Path relinking result: too homogeneous.
   192  256  1277.67    6.82      6  1277.67  3813.00    14.0     6.0    10.4   P
*  196  252  1269.00    8.00      0  1269.00  3770.00    28.0     8.0    10.6    
*  197  251  1268.67    9.68      0  1268.67  3729.00    30.0     8.0    10.6    

  Gens  Rem    Local   ElDiv NoImpr             Best solution            Time  Op
                                       Cost     Dist    Tard    TMax 
*  198  250  1255.67    9.49      0  1255.67  3729.00    30.0     8.0    10.7    
   200  248  1255.67    9.29      2  1255.67  3729.00    30.0     8.0    10.8    
*  220  228  1238.00    7.18      0  1238.00  3691.00    15.0     8.0    11.8    
*  235  213  1236.67    6.77      0  1236.67  3686.00    16.0     8.0    12.6    
*  242  206  1234.33    7.67      0  1234.33  3686.00    11.0     6.0    13.0    
*  248  200  1230.00    6.49      0  1230.00  3656.00    26.0     8.0    13.3    
*  250  198  1226.67    5.44      0  1226.67  3638.00    34.0     8.0    13.4    
*  254  194  1218.00    5.35      0  1218.00  3631.00    15.0     8.0    13.6    
*  256  192  1213.67    6.03      0  1213.67  3614.00    19.0     8.0    13.8    
*  261  187  1198.33    5.80      0  1198.33  3570.00    17.0     8.0    14.0    
*  280  168  1197.00    3.34      0  1197.00  3556.00    27.0     8.0    15.1    
*  283  165  1195.33    3.05      0  1195.33  3558.00    20.0     8.0    15.3    
*  285  163  1194.67    3.23      0  1194.67  3548.00    28.0     8.0    15.4    
Path relinking result: too homogeneous.
   288  160  1192.33    3.23      0  1194.67  3548.00    28.0     8.0    15.6   P
*  289  159  1192.33    3.08      0  1192.33  3541.00    28.0     8.0    15.6    
*  292  156  1190.67    2.77      0  1190.67  3539.00    25.0     8.0    15.8    

  Gens  Rem    Local   ElDiv NoImpr             Best solution            Time  Op
                                       Cost     Dist    Tard    TMax 
*  295  153  1187.67    2.74      0  1187.67  3540.00    15.0     8.0    15.9    
   300  148  1187.67    2.22      5  1187.67  3540.00    15.0     8.0    16.2    
*  301  147  1186.67    2.06      0  1186.67  3537.00    15.0     8.0    16.2    
*  307  141  1185.33    1.40      0  1185.33  3531.00    17.0     8.0    16.6    
*  310  138  1184.67    1.53      0  1184.67  3524.00    19.0     8.0    16.7    
*  311  137  1183.67    1.30      0  1183.67  3524.00    19.0     8.0    16.8    
*  317  131  1182.00    1.02      0  1182.00  3519.00    19.0     8.0    17.1    
*  324  124  1181.33    0.95      0  1181.33  3517.00    19.0     8.0    17.4    
*  328  120  1181.00    0.37      0  1181.00  3512.00    23.0     8.0    17.7    
*  333  115  1180.67    0.20      0  1180.67  3515.00    19.0     8.0    17.9    
*  339  109  1180.00    0.34      0  1180.00  3513.00    19.0     8.0    18.2    
*  341  107  1175.33    1.09      0  1175.33  3492.00    23.0     8.0    18.3    
*  342  106  1174.33    1.10      0  1174.33  3492.00    23.0     8.0    18.4    
*  346  102  1174.00    2.13      0  1174.00  3494.00    19.0     8.0    18.6    
*  347  101  1173.67    1.95      0  1173.67  3494.00    19.0     8.0    18.7    
   350   98  1173.67    0.15      3  1173.67  3494.00    19.0     8.0    18.8    

  Gens  Rem    Local   ElDiv NoImpr             Best solution            Time  Op
                                       Cost     Dist    Tard    TMax 
*  353   95  1173.33    0.08      0  1173.33  3493.00    19.0     8.0    19.0    
*  372   76  1173.00    0.06      0  1173.00  3492.00    19.0     8.0    20.0    
*  377   71  1171.67    0.46      0  1171.67  3487.00    19.0     8.0    20.3    
*  378   70  1171.33    0.52      0  1171.33  3487.00    19.0     8.0    20.3    
*  380   68  1171.00    0.83      0  1171.00  3486.00    19.0     8.0    20.4    
*  384   64  1169.67    0.26      0  1169.67  3482.00    19.0     8.0    20.6    
Path relinking result: too homogeneous.
   384   64  1169.67    0.26      1  1169.67  3482.00    19.0     8.0    20.6   P
*  398   50  1169.00    0.12      0  1169.00  3480.00    19.0     8.0    21.4    
   400   48  1169.00    0.16      2  1169.00  3480.00    19.0     8.0    21.5    
*  431   17  1168.00    0.17      0  1168.00  3477.00    19.0     8.0    23.0    
   448    0  1167.67    0.04      0  1168.00  3477.00    19.0     8.0    23.9    
Evolutionary process finished.
Solution written to 'solution-14266.txt'.

Sorted sequence of worst to best tardiness value:
Task for patient = 251 with skills = {4,-1} and cost = 180.0
   Vehicle #0 = 33, leaving at = 754.0
   Vehicle #1 = -1, leaving at = inf
   Increment on distance indicator: 8.0
   Increment on tard indicator:     8.0
   Value of tmax indicator:         8.0

Task for patient = 118 with skills = {1,-1} and cost = 121.0
   Vehicle #0 = 3, leaving at = 710.0
   Vehicle #1 = -1, leaving at = inf
   Increment on distance indicator: 10.0
   Increment on tard indicator:     6.0
   Value of tmax indicator:         10.0

Task for patient = 160 with skills = {3,-1} and cost = 800.3
   Vehicle #0 = 58, leaving at = 967.0
   Vehicle #1 = -1, leaving at = inf
   Increment on distance indicator: 12.0
   Increment on tard indicator:     2.0
   Value of tmax indicator:         12.0

Task for patient = 15 with skills = {0,-1} and cost = 558.0
   Vehicle #0 = 1, leaving at = 874.0
   Vehicle #1 = -1, leaving at = inf
   Increment on distance indicator: 6.0
   Increment on tard indicator:     2.0
   Value of tmax indicator:         6.0

Task for patient = 147 with skills = {2,3} and cost = 710.7
   Vehicle #0 = 6, leaving at = 871.0
   Vehicle #1 = 31, leaving at = 921.0
   Increment on distance indicator: 4.0
   Increment on tard indicator:     1.0
   Value of tmax indicator:         4.0

Task for patient = 7 with skills = {0,3} and cost = 640.7
   Vehicle #0 = 25, leaving at = 870.0
   Vehicle #1 = 51, leaving at = 888.0
   Increment on distance indicator: 10.0
   Increment on tard indicator:     0.0
   Value of tmax indicator:         10.0

Task for patient = 58 with skills = {3,-1} and cost = 637.3
   Vehicle #0 = 37, leaving at = 825.0
   Vehicle #1 = -1, leaving at = inf
   Increment on distance indicator: 4.0
   Increment on tard indicator:     0.0
   Value of tmax indicator:         4.0

Task for patient = 139 with skills = {2,5} and cost = 636.0
   Vehicle #0 = 21, leaving at = 885.0
   Vehicle #1 = 47, leaving at = 880.0
   Increment on distance indicator: 6.0
   Increment on tard indicator:     0.0
   Value of tmax indicator:         6.0

Task for patient = 146 with skills = {2,-1} and cost = 634.0
   Vehicle #0 = 18, leaving at = 869.0
   Vehicle #1 = -1, leaving at = inf
   Increment on distance indicator: 3.0
   Increment on tard indicator:     0.0
   Value of tmax indicator:         3.0

Task for patient = 84 with skills = {0,-1} and cost = 633.0
   Vehicle #0 = 15, leaving at = 722.0
   Vehicle #1 = -1, leaving at = inf
   Increment on distance indicator: 8.0
   Increment on tard indicator:     0.0
   Value of tmax indicator:         8.0

Task for patient = 268 with skills = {2,5} and cost = 630.3
   Vehicle #0 = 27, leaving at = 813.0
   Vehicle #1 = 41, leaving at = 843.0
   Increment on distance indicator: 6.0
   Increment on tard indicator:     0.0
   Value of tmax indicator:         6.0

Task for patient = 212 with skills = {5,-1} and cost = 628.3
   Vehicle #0 = 58, leaving at = 820.0
   Vehicle #1 = -1, leaving at = inf
   Increment on distance indicator: 4.0
   Increment on tard indicator:     0.0
   Value of tmax indicator:         4.0

Task for patient = 236 with skills = {4,-1} and cost = 624.0
   Vehicle #0 = 40, leaving at = 982.0
   Vehicle #1 = -1, leaving at = inf
   Increment on distance indicator: 2.0
   Increment on tard indicator:     0.0
   Value of tmax indicator:         2.0

Task for patient = 27 with skills = {4,-1} and cost = 623.3
   Vehicle #0 = 49, leaving at = 962.0
   Vehicle #1 = -1, leaving at = inf
   Increment on distance indicator: 13.0
   Increment on tard indicator:     0.0
   Value of tmax indicator:         13.0

Task for patient = 70 with skills = {3,-1} and cost = 619.0
   Vehicle #0 = 57, leaving at = 815.0
   Vehicle #1 = -1, leaving at = inf
   Increment on distance indicator: 5.0
   Increment on tard indicator:     0.0
   Value of tmax indicator:         5.0

Task for patient = 73 with skills = {2,-1} and cost = 617.3
   Vehicle #0 = 22, leaving at = 743.0
   Vehicle #1 = -1, leaving at = inf
   Increment on distance indicator: 4.0
   Increment on tard indicator:     0.0
   Value of tmax indicator:         4.0

Task for patient = 266 with skills = {2,-1} and cost = 616.0
   Vehicle #0 = 17, leaving at = 876.0
   Vehicle #1 = -1, leaving at = inf
   Increment on distance indicator: 6.0
   Increment on tard indicator:     0.0
   Value of tmax indicator:         6.0

Task for patient = 245 with skills = {4,-1} and cost = 614.0
   Vehicle #0 = 53, leaving at = 980.0
   Vehicle #1 = -1, leaving at = inf
   Increment on distance indicator: 2.0
   Increment on tard indicator:     0.0
   Value of tmax indicator:         2.0

Task for patient = 295 with skills = {2,5} and cost = 613.3
   Vehicle #0 = 10, leaving at = 884.0
   Vehicle #1 = 46, leaving at = 867.0
   Increment on distance indicator: 12.0
   Increment on tard indicator:     0.0
   Value of tmax indicator:         12.0

Task for patient = 83 with skills = {0,-1} and cost = 609.3
   Vehicle #0 = 3, leaving at = 917.0
   Vehicle #1 = -1, leaving at = inf
   Increment on distance indicator: 6.0
   Increment on tard indicator:     0.0
   Value of tmax indicator:         6.0

Task for patient = 261 with skills = {2,3} and cost = 627.0
   Vehicle #0 = 25, leaving at = 839.0
   Vehicle #1 = 51, leaving at = 829.0
   Increment on distance indicator: 9.0
   Increment on tard indicator:     0.0
   Value of tmax indicator:         9.0

Task for patient = 242 with skills = {1,3} and cost = 681.7
   Vehicle #0 = 13, leaving at = 1021.0
   Vehicle #1 = 56, leaving at = 1014.0
   Increment on distance indicator: 5.0
   Increment on tard indicator:     0.0
   Value of tmax indicator:         5.0

Task for patient = 96 with skills = {1,-1} and cost = 680.0
   Vehicle #0 = 8, leaving at = 974.0
   Vehicle #1 = -1, leaving at = inf
   Increment on distance indicator: 5.0
   Increment on tard indicator:     0.0
   Value of tmax indicator:         5.0

Task for patient = 239 with skills = {0,-1} and cost = 678.3
   Vehicle #0 = 18, leaving at = 980.0
   Vehicle #1 = -1, leaving at = inf
   Increment on distance indicator: 5.0
   Increment on tard indicator:     0.0
   Value of tmax indicator:         5.0

Task for patient = 225 with skills = {3,-1} and cost = 676.7
   Vehicle #0 = 56, leaving at = 971.0
   Vehicle #1 = -1, leaving at = inf
   Increment on distance indicator: 5.0
   Increment on tard indicator:     0.0
   Value of tmax indicator:         5.0

Task for patient = 271 with skills = {2,5} and cost = 675.0
   Vehicle #0 = 18, leaving at = 941.0
   Vehicle #1 = 47, leaving at = 971.0
   Increment on distance indicator: 13.0
   Increment on tard indicator:     0.0
   Value of tmax indicator:         13.0

Task for patient = 149 with skills = {3,-1} and cost = 670.7
   Vehicle #0 = 50, leaving at = 931.0
   Vehicle #1 = -1, leaving at = inf
   Increment on distance indicator: 8.0
   Increment on tard indicator:     0.0
   Value of tmax indicator:         8.0

Task for patient = 10 with skills = {4,-1} and cost = 668.0
   Vehicle #0 = 45, leaving at = 903.0
   Vehicle #1 = -1, leaving at = inf
   Increment on distance indicator: 2.0
   Increment on tard indicator:     0.0
   Value of tmax indicator:         2.0

Task for patient = 287 with skills = {0,3} and cost = 667.3
   Vehicle #0 = 8, leaving at = 929.0
   Vehicle #1 = 47, leaving at = 917.0
   Increment on distance indicator: 7.0
   Increment on tard indicator:     0.0
   Value of tmax indicator:         7.0

Task for patient = 145 with skills = {0,-1} and cost = 644.0
   Vehicle #0 = 23, leaving at = 724.0
   Vehicle #1 = -1, leaving at = inf
   Increment on distance indicator: 10.0
   Increment on tard indicator:     0.0
   Value of tmax indicator:         10.0

Task for patient = 91 with skills = {2,-1} and cost = 663.0
   Vehicle #0 = 24, leaving at = 889.0
   Vehicle #1 = -1, leaving at = inf
   Increment on distance indicator: 5.0
   Increment on tard indicator:     0.0
   Value of tmax indicator:         5.0

Task for patient = 26 with skills = {2,3} and cost = 661.3
   Vehicle #0 = 7, leaving at = 869.0
   Vehicle #1 = 45, leaving at = 866.0
   Increment on distance indicator: 11.0
   Increment on tard indicator:     0.0
   Value of tmax indicator:         11.0

Task for patient = 29 with skills = {1,4} and cost = 657.7
   Vehicle #0 = 20, leaving at = 813.0
   Vehicle #1 = 43, leaving at = 845.0
   Increment on distance indicator: 8.0
   Increment on tard indicator:     0.0
   Value of tmax indicator:         8.0

Task for patient = 165 with skills = {2,3} and cost = 655.0
   Vehicle #0 = 14, leaving at = 798.0
   Vehicle #1 = 39, leaving at = 820.0
   Increment on distance indicator: 13.0
   Increment on tard indicator:     0.0
   Value of tmax indicator:         13.0

Task for patient = 244 with skills = {5,-1} and cost = 650.7
   Vehicle #0 = 33, leaving at = 900.0
   Vehicle #1 = -1, leaving at = inf
   Increment on distance indicator: 5.0
   Increment on tard indicator:     0.0
   Value of tmax indicator:         5.0

Task for patient = 132 with skills = {0,4} and cost = 649.0
   Vehicle #0 = 10, leaving at = 978.0
   Vehicle #1 = 55, leaving at = 965.0
   Increment on distance indicator: 7.0
   Increment on tard indicator:     0.0
   Value of tmax indicator:         7.0

Task for patient = 140 with skills = {2,5} and cost = 646.7
   Vehicle #0 = 4, leaving at = 836.0
   Vehicle #1 = 38, leaving at = 863.0
   Increment on distance indicator: 6.0
   Increment on tard indicator:     0.0
   Value of tmax indicator:         6.0

Task for patient = 202 with skills = {2,-1} and cost = 644.7
   Vehicle #0 = 17, leaving at = 945.0
   Vehicle #1 = -1, leaving at = inf
   Increment on distance indicator: 2.0
   Increment on tard indicator:     0.0
   Value of tmax indicator:         2.0

Task for patient = 1 with skills = {1,-1} and cost = 607.3
   Vehicle #0 = 2, leaving at = 1019.0
   Vehicle #1 = -1, leaving at = inf
   Increment on distance indicator: 4.0
   Increment on tard indicator:     0.0
   Value of tmax indicator:         4.0

Task for patient = 14 with skills = {2,4} and cost = 665.0
   Vehicle #0 = 14, leaving at = 857.0
   Vehicle #1 = 39, leaving at = 845.0
   Increment on distance indicator: 6.0
   Increment on tard indicator:     0.0
   Value of tmax indicator:         6.0

Task for patient = 183 with skills = {5,-1} and cost = 573.7
   Vehicle #0 = 36, leaving at = 877.0
   Vehicle #1 = -1, leaving at = inf
   Increment on distance indicator: 3.0
   Increment on tard indicator:     0.0
   Value of tmax indicator:         3.0

Task for patient = 171 with skills = {1,-1} and cost = 572.7
   Vehicle #0 = 4, leaving at = 722.0
   Vehicle #1 = -1, leaving at = inf
   Increment on distance indicator: 9.0
   Increment on tard indicator:     0.0
   Value of tmax indicator:         9.0

Task for patient = 274 with skills = {0,5} and cost = 569.7
   Vehicle #0 = 18, leaving at = 842.0
   Vehicle #1 = 36, leaving at = 846.0
   Increment on distance indicator: 8.0
   Increment on tard indicator:     0.0
   Value of tmax indicator:         8.0

Task for patient = 63 with skills = {0,-1} and cost = 567.0
   Vehicle #0 = 9, leaving at = 922.0
   Vehicle #1 = -1, leaving at = inf
   Increment on distance indicator: 3.0
   Increment on tard indicator:     0.0
   Value of tmax indicator:         3.0

Task for patient = 55 with skills = {3,-1} and cost = 566.0
   Vehicle #0 = 35, leaving at = 969.0
   Vehicle #1 = -1, leaving at = inf
   Increment on distance indicator: 5.0
   Increment on tard indicator:     0.0
   Value of tmax indicator:         5.0

Task for patient = 43 with skills = {4,-1} and cost = 564.3
   Vehicle #0 = 57, leaving at = 698.0
   Vehicle #1 = -1, leaving at = inf
   Increment on distance indicator: 12.0
   Increment on tard indicator:     0.0
   Value of tmax indicator:         12.0

Task for patient = 41 with skills = {1,-1} and cost = 560.3
   Vehicle #0 = 10, leaving at = 838.0
   Vehicle #1 = -1, leaving at = inf
   Increment on distance indicator: 3.0
   Increment on tard indicator:     0.0
   Value of tmax indicator:         3.0

Task for patient = 157 with skills = {1,-1} and cost = 559.3
   Vehicle #0 = 2, leaving at = 958.0
   Vehicle #1 = -1, leaving at = inf
   Increment on distance indicator: 4.0
   Increment on tard indicator:     0.0
   Value of tmax indicator:         4.0

Task for patient = 88 with skills = {1,-1} and cost = 605.7
   Vehicle #0 = 19, leaving at = 851.0
   Vehicle #1 = -1, leaving at = inf
   Increment on distance indicator: 2.0
   Increment on tard indicator:     0.0
   Value of tmax indicator:         2.0

Task for patient = 34 with skills = {1,-1} and cost = 553.7
   Vehicle #0 = 7, leaving at = 722.0
   Vehicle #1 = -1, leaving at = inf
   Increment on distance indicator: 3.0
   Increment on tard indicator:     0.0
   Value of tmax indicator:         3.0

Task for patient = 201 with skills = {1,-1} and cost = 552.7
   Vehicle #0 = 25, leaving at = 592.0
   Vehicle #1 = -1, leaving at = inf
   Increment on distance indicator: 5.0
   Increment on tard indicator:     0.0
   Value of tmax indicator:         5.0

Task for patient = 105 with skills = {1,-1} and cost = 551.0
   Vehicle #0 = 23, leaving at = 677.0
   Vehicle #1 = -1, leaving at = inf
   Increment on distance indicator: 8.0
   Increment on tard indicator:     0.0
   Value of tmax indicator:         8.0

Task for patient = 240 with skills = {1,3} and cost = 548.3
   Vehicle #0 = 24, leaving at = 746.0
   Vehicle #1 = 37, leaving at = 770.0
   Increment on distance indicator: 9.0
   Increment on tard indicator:     0.0
   Value of tmax indicator:         9.0

Task for patient = 112 with skills = {5,-1} and cost = 545.3
   Vehicle #0 = 58, leaving at = 660.0
   Vehicle #1 = -1, leaving at = inf
   Increment on distance indicator: 4.0
   Increment on tard indicator:     0.0
   Value of tmax indicator:         4.0

Task for patient = 121 with skills = {1,-1} and cost = 544.0
   Vehicle #0 = 9, leaving at = 864.0
   Vehicle #1 = -1, leaving at = inf
   Increment on distance indicator: 5.0
   Increment on tard indicator:     0.0
   Value of tmax indicator:         5.0

Task for patient = 17 with skills = {2,5} and cost = 542.3
   Vehicle #0 = 0, leaving at = 884.0
   Vehicle #1 = 54, leaving at = 931.0
   Increment on distance indicator: 10.0
   Increment on tard indicator:     0.0
   Value of tmax indicator:         10.0

Task for patient = 166 with skills = {3,-1} and cost = 539.0
   Vehicle #0 = 53, leaving at = 817.0
   Vehicle #1 = -1, leaving at = inf
   Increment on distance indicator: 3.0
   Increment on tard indicator:     0.0
   Value of tmax indicator:         3.0

Task for patient = 6 with skills = {2,4} and cost = 555.3
   Vehicle #0 = 21, leaving at = 839.0
   Vehicle #1 = 47, leaving at = 846.0
   Increment on distance indicator: 5.0
   Increment on tard indicator:     0.0
   Value of tmax indicator:         5.0

Task for patient = 221 with skills = {0,-1} and cost = 606.0
   Vehicle #0 = 13, leaving at = 971.0
   Vehicle #1 = -1, leaving at = inf
   Increment on distance indicator: 1.0
   Increment on tard indicator:     0.0
   Value of tmax indicator:         1.0

Task for patient = 143 with skills = {4,-1} and cost = 683.0
   Vehicle #0 = 47, leaving at = 1018.0
   Vehicle #1 = -1, leaving at = inf
   Increment on distance indicator: 4.0
   Increment on tard indicator:     0.0
   Value of tmax indicator:         4.0

Task for patient = 296 with skills = {1,-1} and cost = 605.0
   Vehicle #0 = 8, leaving at = 890.0
   Vehicle #1 = -1, leaving at = inf
   Increment on distance indicator: 5.0
   Increment on tard indicator:     0.0
   Value of tmax indicator:         5.0

Task for patient = 40 with skills = {2,-1} and cost = 603.3
   Vehicle #0 = 0, leaving at = 973.0
   Vehicle #1 = -1, leaving at = inf
   Increment on distance indicator: 2.0
   Increment on tard indicator:     0.0
   Value of tmax indicator:         2.0

Task for patient = 300 with skills = {2,-1} and cost = 602.7
   Vehicle #0 = 12, leaving at = 918.0
   Vehicle #1 = -1, leaving at = inf
   Increment on distance indicator: 4.0
   Increment on tard indicator:     0.0
   Value of tmax indicator:         4.0

Task for patient = 150 with skills = {3,-1} and cost = 601.3
   Vehicle #0 = 35, leaving at = 1021.0
   Vehicle #1 = -1, leaving at = inf
   Increment on distance indicator: 4.0
   Increment on tard indicator:     0.0
   Value of tmax indicator:         4.0

Task for patient = 33 with skills = {1,-1} and cost = 600.0
   Vehicle #0 = 20, leaving at = 769.0
   Vehicle #1 = -1, leaving at = inf
   Increment on distance indicator: 2.0
   Increment on tard indicator:     0.0
   Value of tmax indicator:         2.0

Task for patient = 123 with skills = {2,-1} and cost = 599.3
   Vehicle #0 = 25, leaving at = 797.0
   Vehicle #1 = -1, leaving at = inf
   Increment on distance indicator: 4.0
   Increment on tard indicator:     0.0
   Value of tmax indicator:         4.0

Task for patient = 258 with skills = {5,-1} and cost = 576.0
   Vehicle #0 = 55, leaving at = 806.0
   Vehicle #1 = -1, leaving at = inf
   Increment on distance indicator: 7.0
   Increment on tard indicator:     0.0
   Value of tmax indicator:         7.0

Task for patient = 93 with skills = {3,-1} and cost = 597.3
   Vehicle #0 = 53, leaving at = 913.0
   Vehicle #1 = -1, leaving at = inf
   Increment on distance indicator: 2.0
   Increment on tard indicator:     0.0
   Value of tmax indicator:         2.0

Task for patient = 262 with skills = {3,-1} and cost = 596.7
   Vehicle #0 = 56, leaving at = 924.0
   Vehicle #1 = -1, leaving at = inf
   Increment on distance indicator: 4.0
   Increment on tard indicator:     0.0
   Value of tmax indicator:         4.0

Task for patient = 231 with skills = {0,4} and cost = 595.3
   Vehicle #0 = 13, leaving at = 767.0
   Vehicle #1 = 56, leaving at = 802.0
   Increment on distance indicator: 10.0
   Increment on tard indicator:     0.0
   Value of tmax indicator:         10.0

Task for patient = 229 with skills = {1,5} and cost = 592.0
   Vehicle #0 = 25, leaving at = 766.0
   Vehicle #1 = 58, leaving at = 771.0
   Increment on distance indicator: 6.0
   Increment on tard indicator:     0.0
   Value of tmax indicator:         6.0

Task for patient = 68 with skills = {1,-1} and cost = 590.0
   Vehicle #0 = 19, leaving at = 804.0
   Vehicle #1 = -1, leaving at = inf
   Increment on distance indicator: 6.0
   Increment on tard indicator:     0.0
   Value of tmax indicator:         6.0

Task for patient = 119 with skills = {4,-1} and cost = 588.0
   Vehicle #0 = 55, leaving at = 852.0
   Vehicle #1 = -1, leaving at = inf
   Increment on distance indicator: 7.0
   Increment on tard indicator:     0.0
   Value of tmax indicator:         7.0

Task for patient = 292 with skills = {0,-1} and cost = 585.7
   Vehicle #0 = 22, leaving at = 687.0
   Vehicle #1 = -1, leaving at = inf
   Increment on distance indicator: 11.0
   Increment on tard indicator:     0.0
   Value of tmax indicator:         11.0

Task for patient = 153 with skills = {3,-1} and cost = 582.0
   Vehicle #0 = 50, leaving at = 868.0
   Vehicle #1 = -1, leaving at = inf
   Increment on distance indicator: 7.0
   Increment on tard indicator:     0.0
   Value of tmax indicator:         7.0

Task for patient = 184 with skills = {2,5} and cost = 579.7
   Vehicle #0 = 1, leaving at = 902.0
   Vehicle #1 = 52, leaving at = 929.0
   Increment on distance indicator: 11.0
   Increment on tard indicator:     0.0
   Value of tmax indicator:         11.0

Task for patient = 86 with skills = {1,-1} and cost = 598.0
   Vehicle #0 = 0, leaving at = 913.0
   Vehicle #1 = -1, leaving at = inf
   Increment on distance indicator: 2.0
   Increment on tard indicator:     0.0
   Value of tmax indicator:         2.0

Task for patient = 189 with skills = {4,-1} and cost = 802.7
   Vehicle #0 = 43, leaving at = 1009.0
   Vehicle #1 = -1, leaving at = inf
   Increment on distance indicator: 7.0
   Increment on tard indicator:     0.0
   Value of tmax indicator:         7.0

Task for patient = 169 with skills = {0,-1} and cost = 795.7
   Vehicle #0 = 16, leaving at = 880.0
   Vehicle #1 = -1, leaving at = inf
   Increment on distance indicator: 3.0
   Increment on tard indicator:     0.0
   Value of tmax indicator:         3.0

Task for patient = 233 with skills = {1,-1} and cost = 794.7
   Vehicle #0 = 11, leaving at = 986.0
   Vehicle #1 = -1, leaving at = inf
   Increment on distance indicator: 3.0
   Increment on tard indicator:     0.0
   Value of tmax indicator:         3.0

Task for patient = 135 with skills = {0,-1} and cost = 793.7
   Vehicle #0 = 9, leaving at = 975.0
   Vehicle #1 = -1, leaving at = inf
   Increment on distance indicator: 5.0
   Increment on tard indicator:     0.0
   Value of tmax indicator:         5.0

Task for patient = 42 with skills = {2,-1} and cost = 792.0
   Vehicle #0 = 24, leaving at = 939.0
   Vehicle #1 = -1, leaving at = inf
   Increment on distance indicator: 8.0
   Increment on tard indicator:     0.0
   Value of tmax indicator:         8.0

Task for patient = 291 with skills = {2,-1} and cost = 789.3
   Vehicle #0 = 3, leaving at = 1027.0
   Vehicle #1 = -1, leaving at = inf
   Increment on distance indicator: 9.0
   Increment on tard indicator:     0.0
   Value of tmax indicator:         9.0

Task for patient = 64 with skills = {5,-1} and cost = 786.3
   Vehicle #0 = 52, leaving at = 1040.0
   Vehicle #1 = -1, leaving at = inf
   Increment on distance indicator: 6.0
   Increment on tard indicator:     0.0
   Value of tmax indicator:         6.0

Task for patient = 299 with skills = {3,-1} and cost = 784.3
   Vehicle #0 = 37, leaving at = 1009.0
   Vehicle #1 = -1, leaving at = inf
   Increment on distance indicator: 4.0
   Increment on tard indicator:     0.0
   Value of tmax indicator:         4.0

Task for patient = 8 with skills = {3,-1} and cost = 686.0
   Vehicle #0 = 53, leaving at = 1022.0
   Vehicle #1 = -1, leaving at = inf
   Increment on distance indicator: 4.0
   Increment on tard indicator:     0.0
   Value of tmax indicator:         4.0

Task for patient = 159 with skills = {2,3} and cost = 781.3
   Vehicle #0 = 27, leaving at = 910.0
   Vehicle #1 = 51, leaving at = 929.0
   Increment on distance indicator: 10.0
   Increment on tard indicator:     0.0
   Value of tmax indicator:         10.0

Task for patient = 227 with skills = {0,-1} and cost = 778.0
   Vehicle #0 = 1, leaving at = 1065.0
   Vehicle #1 = -1, leaving at = inf
   Increment on distance indicator: 13.0
   Increment on tard indicator:     0.0
   Value of tmax indicator:         13.0

Task for patient = 164 with skills = {4,-1} and cost = 773.7
   Vehicle #0 = 38, leaving at = 964.0
   Vehicle #1 = -1, leaving at = inf
   Increment on distance indicator: 4.0
   Increment on tard indicator:     0.0
   Value of tmax indicator:         4.0

Task for patient = 223 with skills = {5,-1} and cost = 772.3
   Vehicle #0 = 38, leaving at = 906.0
   Vehicle #1 = -1, leaving at = inf
   Increment on distance indicator: 1.0
   Increment on tard indicator:     0.0
   Value of tmax indicator:         1.0

Task for patient = 99 with skills = {5,-1} and cost = 772.0
   Vehicle #0 = 49, leaving at = 1006.0
   Vehicle #1 = -1, leaving at = inf
   Increment on distance indicator: 6.0
   Increment on tard indicator:     0.0
   Value of tmax indicator:         6.0

Task for patient = 263 with skills = {1,-1} and cost = 770.0
   Vehicle #0 = 1, leaving at = 1011.0
   Vehicle #1 = -1, leaving at = inf
   Increment on distance indicator: 3.0
   Increment on tard indicator:     0.0
   Value of tmax indicator:         3.0

Task for patient = 113 with skills = {0,4} and cost = 769.0
   Vehicle #0 = 1, leaving at = 973.0
   Vehicle #1 = 52, leaving at = 979.0
   Increment on distance indicator: 10.0
   Increment on tard indicator:     0.0
   Value of tmax indicator:         10.0

Task for patient = 134 with skills = {1,-1} and cost = 765.7
   Vehicle #0 = 23, leaving at = 983.0
   Vehicle #1 = -1, leaving at = inf
   Increment on distance indicator: 5.0
   Increment on tard indicator:     0.0
   Value of tmax indicator:         5.0

Task for patient = 279 with skills = {4,-1} and cost = 783.0
   Vehicle #0 = 30, leaving at = 931.0
   Vehicle #1 = -1, leaving at = inf
   Increment on distance indicator: 5.0
   Increment on tard indicator:     0.0
   Value of tmax indicator:         5.0

Task for patient = 217 with skills = {0,5} and cost = 851.3
   Vehicle #0 = 16, leaving at = 995.0
   Vehicle #1 = 44, leaving at = 1001.0
   Increment on distance indicator: 23.0
   Increment on tard indicator:     0.0
   Value of tmax indicator:         23.0

Task for patient = 181 with skills = {2,5} and cost = 843.7
   Vehicle #0 = 4, leaving at = 1104.0
   Vehicle #1 = 58, leaving at = 1105.0
   Increment on distance indicator: 6.0
   Increment on tard indicator:     0.0
   Value of tmax indicator:         6.0

Task for patient = 5 with skills = {4,-1} and cost = 841.7
   Vehicle #0 = 48, leaving at = 928.0
   Vehicle #1 = -1, leaving at = inf
   Increment on distance indicator: 1.0
   Increment on tard indicator:     0.0
   Value of tmax indicator:         1.0

Task for patient = 116 with skills = {0,-1} and cost = 841.3
   Vehicle #0 = 16, leaving at = 944.0
   Vehicle #1 = -1, leaving at = inf
   Increment on distance indicator: 5.0
   Increment on tard indicator:     0.0
   Value of tmax indicator:         5.0

Task for patient = 2 with skills = {1,3} and cost = 839.7
   Vehicle #0 = 23, leaving at = 1065.0
   Vehicle #1 = 55, leaving at = 1074.0
   Increment on distance indicator: 10.0
   Increment on tard indicator:     0.0
   Value of tmax indicator:         10.0

Task for patient = 127 with skills = {0,5} and cost = 836.3
   Vehicle #0 = 6, leaving at = 997.0
   Vehicle #1 = 31, leaving at = 994.0
   Increment on distance indicator: 13.0
   Increment on tard indicator:     0.0
   Value of tmax indicator:         13.0

Task for patient = 170 with skills = {0,4} and cost = 832.0
   Vehicle #0 = 16, leaving at = 911.0
   Vehicle #1 = 57, leaving at = 946.0
   Increment on distance indicator: 11.0
   Increment on tard indicator:     0.0
   Value of tmax indicator:         11.0

Task for patient = 103 with skills = {3,-1} and cost = 828.3
   Vehicle #0 = 32, leaving at = 1046.0
   Vehicle #1 = -1, leaving at = inf
   Increment on distance indicator: 4.0
   Increment on tard indicator:     0.0
   Value of tmax indicator:         4.0

Task for patient = 128 with skills = {1,-1} and cost = 806.3
   Vehicle #0 = 4, leaving at = 879.0
   Vehicle #1 = -1, leaving at = inf
   Increment on distance indicator: 11.0
   Increment on tard indicator:     0.0
   Value of tmax indicator:         11.0

Task for patient = 203 with skills = {1,-1} and cost = 822.3
   Vehicle #0 = 10, leaving at = 1087.0
   Vehicle #1 = -1, leaving at = inf
   Increment on distance indicator: 5.0
   Increment on tard indicator:     0.0
   Value of tmax indicator:         5.0

Task for patient = 207 with skills = {0,3} and cost = 820.7
   Vehicle #0 = 18, leaving at = 1065.0
   Vehicle #1 = 58, leaving at = 1057.0
   Increment on distance indicator: 5.0
   Increment on tard indicator:     0.0
   Value of tmax indicator:         5.0

Task for patient = 11 with skills = {4,-1} and cost = 819.0
   Vehicle #0 = 38, leaving at = 1005.0
   Vehicle #1 = -1, leaving at = inf
   Increment on distance indicator: 3.0
   Increment on tard indicator:     0.0
   Value of tmax indicator:         3.0

Task for patient = 255 with skills = {2,-1} and cost = 818.0
   Vehicle #0 = 13, leaving at = 1044.0
   Vehicle #1 = -1, leaving at = inf
   Increment on distance indicator: 5.0
   Increment on tard indicator:     0.0
   Value of tmax indicator:         5.0

Task for patient = 129 with skills = {0,5} and cost = 816.3
   Vehicle #0 = 12, leaving at = 1009.0
   Vehicle #1 = 37, leaving at = 1050.0
   Increment on distance indicator: 10.0
   Increment on tard indicator:     0.0
   Value of tmax indicator:         10.0

Task for patient = 264 with skills = {3,-1} and cost = 813.0
   Vehicle #0 = 45, leaving at = 1021.0
   Vehicle #1 = -1, leaving at = inf
   Increment on distance indicator: 1.0
   Increment on tard indicator:     0.0
   Value of tmax indicator:         1.0

Task for patient = 232 with skills = {2,-1} and cost = 812.7
   Vehicle #0 = 5, leaving at = 974.0
   Vehicle #1 = -1, leaving at = inf
   Increment on distance indicator: 4.0
   Increment on tard indicator:     0.0
   Value of tmax indicator:         4.0

Task for patient = 137 with skills = {3,-1} and cost = 811.3
   Vehicle #0 = 42, leaving at = 919.0
   Vehicle #1 = -1, leaving at = inf
   Increment on distance indicator: 2.0
   Increment on tard indicator:     0.0
   Value of tmax indicator:         2.0

Task for patient = 168 with skills = {1,-1} and cost = 810.7
   Vehicle #0 = 0, leaving at = 1075.0
   Vehicle #1 = -1, leaving at = inf
   Increment on distance indicator: 13.0
   Increment on tard indicator:     0.0
   Value of tmax indicator:         13.0

Task for patient = 215 with skills = {2,3} and cost = 827.0
   Vehicle #0 = 2, leaving at = 1079.0
   Vehicle #1 = 40, leaving at = 1073.0
   Increment on distance indicator: 14.0
   Increment on tard indicator:     0.0
   Value of tmax indicator:         14.0

Task for patient = 219 with skills = {0,5} and cost = 726.0
   Vehicle #0 = 12, leaving at = 942.0
   Vehicle #1 = 34, leaving at = 967.0
   Increment on distance indicator: 8.0
   Increment on tard indicator:     0.0
   Value of tmax indicator:         8.0

Task for patient = 278 with skills = {1,3} and cost = 723.3
   Vehicle #0 = 19, leaving at = 913.0
   Vehicle #1 = 32, leaving at = 907.0
   Increment on distance indicator: 14.0
   Increment on tard indicator:     0.0
   Value of tmax indicator:         14.0

Task for patient = 111 with skills = {0,4} and cost = 718.7
   Vehicle #0 = 22, leaving at = 783.0
   Vehicle #1 = 42, leaving at = 841.0
   Increment on distance indicator: 19.0
   Increment on tard indicator:     0.0
   Value of tmax indicator:         19.0

Task for patient = 30 with skills = {3,-1} and cost = 712.3
   Vehicle #0 = 37, leaving at = 986.0
   Vehicle #1 = -1, leaving at = inf
   Increment on distance indicator: 5.0
   Increment on tard indicator:     0.0
   Value of tmax indicator:         5.0

Task for patient = 59 with skills = {5,-1} and cost = 709.0
   Vehicle #0 = 35, leaving at = 1082.0
   Vehicle #1 = -1, leaving at = inf
   Increment on distance indicator: 5.0
   Increment on tard indicator:     0.0
   Value of tmax indicator:         5.0

Task for patient = 276 with skills = {2,5} and cost = 707.3
   Vehicle #0 = 14, leaving at = 901.0
   Vehicle #1 = 57, leaving at = 903.0
   Increment on distance indicator: 10.0
   Increment on tard indicator:     0.0
   Value of tmax indicator:         10.0

Task for patient = 173 with skills = {2,-1} and cost = 704.0
   Vehicle #0 = 25, leaving at = 948.0
   Vehicle #1 = -1, leaving at = inf
   Increment on distance indicator: 4.0
   Increment on tard indicator:     0.0
   Value of tmax indicator:         4.0

Task for patient = 162 with skills = {0,4} and cost = 702.7
   Vehicle #0 = 18, leaving at = 1024.0
   Vehicle #1 = 55, leaving at = 1039.0
   Increment on distance indicator: 8.0
   Increment on tard indicator:     0.0
   Value of tmax indicator:         8.0

Task for patient = 72 with skills = {2,-1} and cost = 764.0
   Vehicle #0 = 12, leaving at = 977.0
   Vehicle #1 = -1, leaving at = inf
   Increment on distance indicator: 3.0
   Increment on tard indicator:     0.0
   Value of tmax indicator:         3.0

Task for patient = 18 with skills = {5,-1} and cost = 698.3
   Vehicle #0 = 57, leaving at = 842.0
   Vehicle #1 = -1, leaving at = inf
   Increment on distance indicator: 7.0
   Increment on tard indicator:     0.0
   Value of tmax indicator:         7.0

Task for patient = 144 with skills = {0,-1} and cost = 696.0
   Vehicle #0 = 0, leaving at = 1013.0
   Vehicle #1 = -1, leaving at = inf
   Increment on distance indicator: 5.0
   Increment on tard indicator:     0.0
   Value of tmax indicator:         5.0

Task for patient = 298 with skills = {1,-1} and cost = 694.3
   Vehicle #0 = 3, leaving at = 944.0
   Vehicle #1 = -1, leaving at = inf
   Increment on distance indicator: 5.0
   Increment on tard indicator:     0.0
   Value of tmax indicator:         5.0

Task for patient = 273 with skills = {1,-1} and cost = 692.7
   Vehicle #0 = 11, leaving at = 755.0
   Vehicle #1 = -1, leaving at = inf
   Increment on distance indicator: 4.0
   Increment on tard indicator:     0.0
   Value of tmax indicator:         4.0

Task for patient = 172 with skills = {1,4} and cost = 691.3
   Vehicle #0 = 10, leaving at = 1030.0
   Vehicle #1 = 46, leaving at = 1038.0
   Increment on distance indicator: 11.0
   Increment on tard indicator:     0.0
   Value of tmax indicator:         11.0

Task for patient = 3 with skills = {3,-1} and cost = 687.7
   Vehicle #0 = 33, leaving at = 965.0
   Vehicle #1 = -1, leaving at = inf
   Increment on distance indicator: 5.0
   Increment on tard indicator:     0.0
   Value of tmax indicator:         5.0

Task for patient = 253 with skills = {2,-1} and cost = 538.0
   Vehicle #0 = 21, leaving at = 732.0
   Vehicle #1 = -1, leaving at = inf
   Increment on distance indicator: 6.0
   Increment on tard indicator:     0.0
   Value of tmax indicator:         6.0

Task for patient = 114 with skills = {4,-1} and cost = 684.7
   Vehicle #0 = 58, leaving at = 877.0
   Vehicle #1 = -1, leaving at = inf
   Increment on distance indicator: 5.0
   Increment on tard indicator:     0.0
   Value of tmax indicator:         5.0

Task for patient = 220 with skills = {4,-1} and cost = 700.0
   Vehicle #0 = 30, leaving at = 880.0
   Vehicle #1 = -1, leaving at = inf
   Increment on distance indicator: 5.0
   Increment on tard indicator:     0.0
   Value of tmax indicator:         5.0

Task for patient = 54 with skills = {2,-1} and cost = 763.0
   Vehicle #0 = 11, leaving at = 814.0
   Vehicle #1 = -1, leaving at = inf
   Increment on distance indicator: 1.0
   Increment on tard indicator:     0.0
   Value of tmax indicator:         1.0

Task for patient = 247 with skills = {1,-1} and cost = 762.7
   Vehicle #0 = 6, leaving at = 929.0
   Vehicle #1 = -1, leaving at = inf
   Increment on distance indicator: 8.0
   Increment on tard indicator:     0.0
   Value of tmax indicator:         8.0

Task for patient = 71 with skills = {2,4} and cost = 760.0
   Vehicle #0 = 8, leaving at = 1072.0
   Vehicle #1 = 46, leaving at = 1095.0
   Increment on distance indicator: 9.0
   Increment on tard indicator:     0.0
   Value of tmax indicator:         9.0

Task for patient = 37 with skills = {1,-1} and cost = 757.0
   Vehicle #0 = 23, leaving at = 769.0
   Vehicle #1 = -1, leaving at = inf
   Increment on distance indicator: 8.0
   Increment on tard indicator:     0.0
   Value of tmax indicator:         8.0

Task for patient = 277 with skills = {5,-1} and cost = 754.3
   Vehicle #0 = 34, leaving at = 1025.0
   Vehicle #1 = -1, leaving at = inf
   Increment on distance indicator: 2.0
   Increment on tard indicator:     0.0
   Value of tmax indicator:         2.0

Task for patient = 95 with skills = {0,4} and cost = 753.7
   Vehicle #0 = 0, leaving at = 1041.0
   Vehicle #1 = 33, leaving at = 1078.0
   Increment on distance indicator: 15.0
   Increment on tard indicator:     0.0
   Value of tmax indicator:         15.0

Task for patient = 22 with skills = {5,-1} and cost = 748.7
   Vehicle #0 = 56, leaving at = 1050.0
   Vehicle #1 = -1, leaving at = inf
   Increment on distance indicator: 3.0
   Increment on tard indicator:     0.0
   Value of tmax indicator:         3.0

Task for patient = 76 with skills = {2,-1} and cost = 747.7
   Vehicle #0 = 25, leaving at = 970.0
   Vehicle #1 = -1, leaving at = inf
   Increment on distance indicator: 5.0
   Increment on tard indicator:     0.0
   Value of tmax indicator:         5.0

Task for patient = 187 with skills = {0,-1} and cost = 727.3
   Vehicle #0 = 7, leaving at = 926.0
   Vehicle #1 = -1, leaving at = inf
   Increment on distance indicator: 4.0
   Increment on tard indicator:     0.0
   Value of tmax indicator:         4.0

Task for patient = 161 with skills = {5,-1} and cost = 744.3
   Vehicle #0 = 31, leaving at = 963.0
   Vehicle #1 = -1, leaving at = inf
   Increment on distance indicator: 4.0
   Increment on tard indicator:     0.0
   Value of tmax indicator:         4.0

Task for patient = 238 with skills = {3,-1} and cost = 743.0
   Vehicle #0 = 32, leaving at = 987.0
   Vehicle #1 = -1, leaving at = inf
   Increment on distance indicator: 2.0
   Increment on tard indicator:     0.0
   Value of tmax indicator:         2.0

Task for patient = 211 with skills = {2,-1} and cost = 742.3
   Vehicle #0 = 1, leaving at = 941.0
   Vehicle #1 = -1, leaving at = inf
   Increment on distance indicator: 6.0
   Increment on tard indicator:     0.0
   Value of tmax indicator:         6.0

Task for patient = 294 with skills = {3,-1} and cost = 740.3
   Vehicle #0 = 39, leaving at = 897.0
   Vehicle #1 = -1, leaving at = inf
   Increment on distance indicator: 3.0
   Increment on tard indicator:     0.0
   Value of tmax indicator:         3.0

Task for patient = 158 with skills = {3,-1} and cost = 739.3
   Vehicle #0 = 58, leaving at = 924.0
   Vehicle #1 = -1, leaving at = inf
   Increment on distance indicator: 5.0
   Increment on tard indicator:     0.0
   Value of tmax indicator:         5.0

Task for patient = 193 with skills = {1,4} and cost = 737.7
   Vehicle #0 = 3, leaving at = 980.0
   Vehicle #1 = 54, leaving at = 971.0
   Increment on distance indicator: 8.0
   Increment on tard indicator:     0.0
   Value of tmax indicator:         8.0

Task for patient = 214 with skills = {0,3} and cost = 735.0
   Vehicle #0 = 20, leaving at = 949.0
   Vehicle #1 = 45, leaving at = 991.0
   Increment on distance indicator: 7.0
   Increment on tard indicator:     0.0
   Value of tmax indicator:         7.0

Task for patient = 28 with skills = {1,-1} and cost = 732.7
   Vehicle #0 = 22, leaving at = 1009.0
   Vehicle #1 = -1, leaving at = inf
   Increment on distance indicator: 3.0
   Increment on tard indicator:     0.0
   Value of tmax indicator:         3.0

Task for patient = 100 with skills = {0,5} and cost = 731.7
   Vehicle #0 = 21, leaving at = 923.0
   Vehicle #1 = 36, leaving at = 913.0
   Increment on distance indicator: 13.0
   Increment on tard indicator:     0.0
   Value of tmax indicator:         13.0

Task for patient = 155 with skills = {3,-1} and cost = 746.0
   Vehicle #0 = 54, leaving at = 997.0
   Vehicle #1 = -1, leaving at = inf
   Increment on distance indicator: 5.0
   Increment on tard indicator:     0.0
   Value of tmax indicator:         5.0

Task for patient = 60 with skills = {4,-1} and cost = 272.3
   Vehicle #0 = 49, leaving at = 570.0
   Vehicle #1 = -1, leaving at = inf
   Increment on distance indicator: 15.0
   Increment on tard indicator:     0.0
   Value of tmax indicator:         15.0

Task for patient = 270 with skills = {5,-1} and cost = 267.3
   Vehicle #0 = 44, leaving at = 630.0
   Vehicle #1 = -1, leaving at = inf
   Increment on distance indicator: 10.0
   Increment on tard indicator:     0.0
   Value of tmax indicator:         10.0

Task for patient = 21 with skills = {2,4} and cost = 264.0
   Vehicle #0 = 7, leaving at = 699.0
   Vehicle #1 = 45, leaving at = 684.0
   Increment on distance indicator: 8.0
   Increment on tard indicator:     0.0
   Value of tmax indicator:         8.0

Task for patient = 237 with skills = {2,3} and cost = 261.3
   Vehicle #0 = 12, leaving at = 725.0
   Vehicle #1 = 47, leaving at = 720.0
   Increment on distance indicator: 8.0
   Increment on tard indicator:     0.0
   Value of tmax indicator:         8.0

Task for patient = 67 with skills = {4,-1} and cost = 258.7
   Vehicle #0 = 40, leaving at = 780.0
   Vehicle #1 = -1, leaving at = inf
   Increment on distance indicator: 4.0
   Increment on tard indicator:     0.0
   Value of tmax indicator:         4.0

Task for patient = 252 with skills = {2,-1} and cost = 257.3
   Vehicle #0 = 6, leaving at = 646.0
   Vehicle #1 = -1, leaving at = inf
   Increment on distance indicator: 6.0
   Increment on tard indicator:     0.0
   Value of tmax indicator:         6.0

Task for patient = 78 with skills = {2,-1} and cost = 255.3
   Vehicle #0 = 8, leaving at = 804.0
   Vehicle #1 = -1, leaving at = inf
   Increment on distance indicator: 5.0
   Increment on tard indicator:     0.0
   Value of tmax indicator:         5.0

Task for patient = 241 with skills = {0,-1} and cost = 253.7
   Vehicle #0 = 13, leaving at = 589.0
   Vehicle #1 = -1, leaving at = inf
   Increment on distance indicator: 2.0
   Increment on tard indicator:     0.0
   Value of tmax indicator:         2.0

Task for patient = 197 with skills = {0,-1} and cost = 536.0
   Vehicle #0 = 0, leaving at = 826.0
   Vehicle #1 = -1, leaving at = inf
   Increment on distance indicator: 6.0
   Increment on tard indicator:     0.0
   Value of tmax indicator:         6.0

Task for patient = 235 with skills = {1,4} and cost = 248.3
   Vehicle #0 = 12, leaving at = 609.0
   Vehicle #1 = 47, leaving at = 635.0
   Increment on distance indicator: 10.0
   Increment on tard indicator:     0.0
   Value of tmax indicator:         10.0

Task for patient = 122 with skills = {3,-1} and cost = 245.0
   Vehicle #0 = 48, leaving at = 699.0
   Vehicle #1 = -1, leaving at = inf
   Increment on distance indicator: 5.0
   Increment on tard indicator:     0.0
   Value of tmax indicator:         5.0

Task for patient = 265 with skills = {1,3} and cost = 243.3
   Vehicle #0 = 12, leaving at = 570.0
   Vehicle #1 = 47, leaving at = 588.0
   Increment on distance indicator: 10.0
   Increment on tard indicator:     0.0
   Value of tmax indicator:         10.0

Task for patient = 280 with skills = {1,3} and cost = 240.0
   Vehicle #0 = 11, leaving at = 614.0
   Vehicle #1 = 46, leaving at = 586.0
   Increment on distance indicator: 12.0
   Increment on tard indicator:     0.0
   Value of tmax indicator:         12.0

Task for patient = 248 with skills = {1,-1} and cost = 236.0
   Vehicle #0 = 10, leaving at = 541.0
   Vehicle #1 = -1, leaving at = inf
   Increment on distance indicator: 5.0
   Increment on tard indicator:     0.0
   Value of tmax indicator:         5.0

Task for patient = 48 with skills = {3,-1} and cost = 234.3
   Vehicle #0 = 42, leaving at = 653.0
   Vehicle #1 = -1, leaving at = inf
   Increment on distance indicator: 14.0
   Increment on tard indicator:     0.0
   Value of tmax indicator:         14.0

Task for patient = 185 with skills = {1,-1} and cost = 229.7
   Vehicle #0 = 0, leaving at = 800.0
   Vehicle #1 = -1, leaving at = inf
   Increment on distance indicator: 3.0
   Increment on tard indicator:     0.0
   Value of tmax indicator:         3.0

Task for patient = 191 with skills = {0,-1} and cost = 228.7
   Vehicle #0 = 9, leaving at = 541.0
   Vehicle #1 = -1, leaving at = inf
   Increment on distance indicator: 18.0
   Increment on tard indicator:     0.0
   Value of tmax indicator:         18.0

Task for patient = 216 with skills = {2,3} and cost = 253.0
   Vehicle #0 = 8, leaving at = 750.0
   Vehicle #1 = 32, leaving at = 748.0
   Increment on distance indicator: 14.0
   Increment on tard indicator:     0.0
   Value of tmax indicator:         14.0

Task for patient = 131 with skills = {1,-1} and cost = 345.3
   Vehicle #0 = 6, leaving at = 699.0
   Vehicle #1 = -1, leaving at = inf
   Increment on distance indicator: 4.0
   Increment on tard indicator:     0.0
   Value of tmax indicator:         4.0

Task for patient = 250 with skills = {1,5} and cost = 344.0
   Vehicle #0 = 16, leaving at = 547.0
   Vehicle #1 = 54, leaving at = 546.0
   Increment on distance indicator: 54.0
   Increment on tard indicator:     0.0
   Value of tmax indicator:         54.0

Task for patient = 141 with skills = {2,-1} and cost = 326.0
   Vehicle #0 = 14, leaving at = 583.0
   Vehicle #1 = -1, leaving at = inf
   Increment on distance indicator: 11.0
   Increment on tard indicator:     0.0
   Value of tmax indicator:         11.0

Task for patient = 289 with skills = {2,-1} and cost = 322.3
   Vehicle #0 = 12, leaving at = 779.0
   Vehicle #1 = -1, leaving at = inf
   Increment on distance indicator: 4.0
   Increment on tard indicator:     0.0
   Value of tmax indicator:         4.0

Task for patient = 89 with skills = {4,-1} and cost = 321.0
   Vehicle #0 = 46, leaving at = 621.0
   Vehicle #1 = -1, leaving at = inf
   Increment on distance indicator: 5.0
   Increment on tard indicator:     0.0
   Value of tmax indicator:         5.0

Task for patient = 175 with skills = {2,-1} and cost = 319.3
   Vehicle #0 = 5, leaving at = 688.0
   Vehicle #1 = -1, leaving at = inf
   Increment on distance indicator: 6.0
   Increment on tard indicator:     0.0
   Value of tmax indicator:         6.0

Task for patient = 204 with skills = {0,5} and cost = 317.3
   Vehicle #0 = 9, leaving at = 651.0
   Vehicle #1 = 44, leaving at = 696.0
   Increment on distance indicator: 13.0
   Increment on tard indicator:     0.0
   Value of tmax indicator:         13.0

Task for patient = 47 with skills = {0,-1} and cost = 313.0
   Vehicle #0 = 9, leaving at = 601.0
   Vehicle #1 = -1, leaving at = inf
   Increment on distance indicator: 11.0
   Increment on tard indicator:     0.0
   Value of tmax indicator:         11.0

Task for patient = 196 with skills = {4,-1} and cost = 275.0
   Vehicle #0 = 49, leaving at = 701.0
   Vehicle #1 = -1, leaving at = inf
   Increment on distance indicator: 8.0
   Increment on tard indicator:     0.0
   Value of tmax indicator:         8.0

Task for patient = 178 with skills = {3,-1} and cost = 307.7
   Vehicle #0 = 40, leaving at = 805.0
   Vehicle #1 = -1, leaving at = inf
   Increment on distance indicator: 2.0
   Increment on tard indicator:     0.0
   Value of tmax indicator:         2.0

Task for patient = 74 with skills = {2,3} and cost = 307.0
   Vehicle #0 = 2, leaving at = 859.0
   Vehicle #1 = 49, leaving at = 873.0
   Increment on distance indicator: 12.0
   Increment on tard indicator:     0.0
   Value of tmax indicator:         12.0

Task for patient = 249 with skills = {2,-1} and cost = 303.0
   Vehicle #0 = 14, leaving at = 545.0
   Vehicle #1 = -1, leaving at = inf
   Increment on distance indicator: 13.0
   Increment on tard indicator:     0.0
   Value of tmax indicator:         13.0

Task for patient = 226 with skills = {2,5} and cost = 298.7
   Vehicle #0 = 10, leaving at = 642.0
   Vehicle #1 = 52, leaving at = 636.0
   Increment on distance indicator: 18.0
   Increment on tard indicator:     0.0
   Value of tmax indicator:         18.0

Task for patient = 94 with skills = {4,-1} and cost = 292.7
   Vehicle #0 = 49, leaving at = 823.0
   Vehicle #1 = -1, leaving at = inf
   Increment on distance indicator: 6.0
   Increment on tard indicator:     0.0
   Value of tmax indicator:         6.0

Task for patient = 138 with skills = {1,-1} and cost = 290.7
   Vehicle #0 = 5, leaving at = 633.0
   Vehicle #1 = -1, leaving at = inf
   Increment on distance indicator: 10.0
   Increment on tard indicator:     0.0
   Value of tmax indicator:         10.0

Task for patient = 199 with skills = {2,5} and cost = 287.3
   Vehicle #0 = 13, leaving at = 740.0
   Vehicle #1 = 48, leaving at = 734.0
   Increment on distance indicator: 8.0
   Increment on tard indicator:     0.0
   Value of tmax indicator:         8.0

Task for patient = 222 with skills = {0,4} and cost = 284.7
   Vehicle #0 = 10, leaving at = 586.0
   Vehicle #1 = 52, leaving at = 569.0
   Increment on distance indicator: 19.0
   Increment on tard indicator:     0.0
   Value of tmax indicator:         19.0

Task for patient = 243 with skills = {2,4} and cost = 278.3
   Vehicle #0 = 2, leaving at = 787.0
   Vehicle #1 = 49, leaving at = 795.0
   Increment on distance indicator: 10.0
   Increment on tard indicator:     0.0
   Value of tmax indicator:         10.0

Task for patient = 182 with skills = {5,-1} and cost = 309.3
   Vehicle #0 = 53, leaving at = 563.0
   Vehicle #1 = -1, leaving at = inf
   Increment on distance indicator: 5.0
   Increment on tard indicator:     0.0
   Value of tmax indicator:         5.0

Task for patient = 133 with skills = {4,-1} and cost = 109.3
   Vehicle #0 = 30, leaving at = 743.0
   Vehicle #1 = -1, leaving at = inf
   Increment on distance indicator: 6.0
   Increment on tard indicator:     0.0
   Value of tmax indicator:         6.0

Task for patient = 107 with skills = {0,5} and cost = 107.3
   Vehicle #0 = 1, leaving at = 743.0
   Vehicle #1 = 35, leaving at = 777.0
   Increment on distance indicator: 19.0
   Increment on tard indicator:     0.0
   Value of tmax indicator:         19.0

Task for patient = 82 with skills = {1,5} and cost = 101.0
   Vehicle #0 = 2, leaving at = 712.0
   Vehicle #1 = 34, leaving at = 736.0
   Increment on distance indicator: 14.0
   Increment on tard indicator:     0.0
   Value of tmax indicator:         14.0

Task for patient = 297 with skills = {5,-1} and cost = 96.3
   Vehicle #0 = 35, leaving at = 667.0
   Vehicle #1 = -1, leaving at = inf
   Increment on distance indicator: 4.0
   Increment on tard indicator:     0.0
   Value of tmax indicator:         4.0

Task for patient = 130 with skills = {1,5} and cost = 95.0
   Vehicle #0 = 3, leaving at = 667.0
   Vehicle #1 = 33, leaving at = 646.0
   Increment on distance indicator: 29.0
   Increment on tard indicator:     0.0
   Value of tmax indicator:         29.0

Task for patient = 79 with skills = {2,-1} and cost = 85.3
   Vehicle #0 = 0, leaving at = 738.0
   Vehicle #1 = -1, leaving at = inf
   Increment on distance indicator: 8.0
   Increment on tard indicator:     0.0
   Value of tmax indicator:         8.0

Task for patient = 52 with skills = {5,-1} and cost = 82.7
   Vehicle #0 = 38, leaving at = 593.0
   Vehicle #1 = -1, leaving at = inf
   Increment on distance indicator: 8.0
   Increment on tard indicator:     0.0
   Value of tmax indicator:         8.0

Task for patient = 80 with skills = {0,-1} and cost = 80.0
   Vehicle #0 = 3, leaving at = 581.0
   Vehicle #1 = -1, leaving at = inf
   Increment on distance indicator: 28.0
   Increment on tard indicator:     0.0
   Value of tmax indicator:         28.0

Task for patient = 12 with skills = {1,-1} and cost = 222.7
   Vehicle #0 = 8, leaving at = 711.0
   Vehicle #1 = -1, leaving at = inf
   Increment on distance indicator: 8.0
   Increment on tard indicator:     0.0
   Value of tmax indicator:         8.0

Task for patient = 115 with skills = {2,-1} and cost = 68.0
   Vehicle #0 = 4, leaving at = 587.0
   Vehicle #1 = -1, leaving at = inf
   Increment on distance indicator: 5.0
   Increment on tard indicator:     0.0
   Value of tmax indicator:         5.0

Task for patient = 32 with skills = {5,-1} and cost = 66.3
   Vehicle #0 = 36, leaving at = 683.0
   Vehicle #1 = -1, leaving at = inf
   Increment on distance indicator: 6.0
   Increment on tard indicator:     0.0
   Value of tmax indicator:         6.0

Task for patient = 50 with skills = {1,3} and cost = 64.3
   Vehicle #0 = 3, leaving at = 538.0
   Vehicle #1 = 35, leaving at = 556.0
   Increment on distance indicator: 36.0
   Increment on tard indicator:     0.0
   Value of tmax indicator:         36.0

Task for patient = 188 with skills = {2,5} and cost = 52.3
   Vehicle #0 = 2, leaving at = 665.0
   Vehicle #1 = 34, leaving at = 665.0
   Increment on distance indicator: 20.0
   Increment on tard indicator:     0.0
   Value of tmax indicator:         20.0

Task for patient = 126 with skills = {0,3} and cost = 45.7
   Vehicle #0 = 1, leaving at = 663.0
   Vehicle #1 = 32, leaving at = 694.0
   Increment on distance indicator: 30.0
   Increment on tard indicator:     0.0
   Value of tmax indicator:         30.0

Task for patient = 151 with skills = {5,-1} and cost = 35.7
   Vehicle #0 = 33, leaving at = 541.0
   Vehicle #1 = -1, leaving at = inf
   Increment on distance indicator: 39.0
   Increment on tard indicator:     0.0
   Value of tmax indicator:         39.0

Task for patient = 246 with skills = {1,3} and cost = 22.7
   Vehicle #0 = 0, leaving at = 674.0
   Vehicle #1 = 31, leaving at = 744.0
   Increment on distance indicator: 20.0
   Increment on tard indicator:     0.0
   Value of tmax indicator:         20.0

Task for patient = 108 with skills = {0,3} and cost = 16.0
   Vehicle #0 = 0, leaving at = 547.0
   Vehicle #1 = 31, leaving at = 582.0
   Increment on distance indicator: 48.0
   Increment on tard indicator:     0.0
   Value of tmax indicator:         48.0

Task for patient = 254 with skills = {3,-1} and cost = 70.7
   Vehicle #0 = 37, leaving at = 672.0
   Vehicle #1 = -1, leaving at = inf
   Increment on distance indicator: 8.0
   Increment on tard indicator:     0.0
   Value of tmax indicator:         8.0

Task for patient = 102 with skills = {2,-1} and cost = 220.0
   Vehicle #0 = 8, leaving at = 657.0
   Vehicle #1 = -1, leaving at = inf
   Increment on distance indicator: 8.0
   Increment on tard indicator:     0.0
   Value of tmax indicator:         8.0

Task for patient = 117 with skills = {2,4} and cost = 217.3
   Vehicle #0 = 6, leaving at = 590.0
   Vehicle #1 = 42, leaving at = 602.0
   Increment on distance indicator: 24.0
   Increment on tard indicator:     0.0
   Value of tmax indicator:         24.0

Task for patient = 156 with skills = {2,4} and cost = 209.3
   Vehicle #0 = 7, leaving at = 599.0
   Vehicle #1 = 43, leaving at = 637.0
   Increment on distance indicator: 14.0
   Increment on tard indicator:     0.0
   Value of tmax indicator:         14.0

Task for patient = 65 with skills = {0,5} and cost = 204.7
   Vehicle #0 = 7, leaving at = 577.0
   Vehicle #1 = 45, leaving at = 600.0
   Increment on distance indicator: 8.0
   Increment on tard indicator:     0.0
   Value of tmax indicator:         8.0

Task for patient = 174 with skills = {4,-1} and cost = 202.0
   Vehicle #0 = 30, leaving at = 793.0
   Vehicle #1 = -1, leaving at = inf
   Increment on distance indicator: 6.0
   Increment on tard indicator:     0.0
   Value of tmax indicator:         6.0

Task for patient = 281 with skills = {0,4} and cost = 200.0
   Vehicle #0 = 6, leaving at = 561.0
   Vehicle #1 = 42, leaving at = 558.0
   Increment on distance indicator: 60.0
   Increment on tard indicator:     0.0
   Value of tmax indicator:         60.0

Task for patient = 260 with skills = {1,4} and cost = 174.0
   Vehicle #0 = 4, leaving at = 669.0
   Vehicle #1 = 38, leaving at = 672.0
   Increment on distance indicator: 33.0
   Increment on tard indicator:     0.0
   Value of tmax indicator:         33.0

Task for patient = 101 with skills = {5,-1} and cost = 163.0
   Vehicle #0 = 44, leaving at = 574.0
   Vehicle #1 = -1, leaving at = inf
   Increment on distance indicator: 21.0
   Increment on tard indicator:     0.0
   Value of tmax indicator:         21.0

Task for patient = 205 with skills = {4,-1} and cost = 110.0
   Vehicle #0 = 38, leaving at = 629.0
   Vehicle #1 = -1, leaving at = inf
   Increment on distance indicator: 2.0
   Increment on tard indicator:     0.0
   Value of tmax indicator:         2.0

Task for patient = 13 with skills = {0,-1} and cost = 154.0
   Vehicle #0 = 4, leaving at = 639.0
   Vehicle #1 = -1, leaving at = inf
   Increment on distance indicator: 16.0
   Increment on tard indicator:     0.0
   Value of tmax indicator:         16.0

Task for patient = 90 with skills = {2,3} and cost = 148.7
   Vehicle #0 = 5, leaving at = 585.0
   Vehicle #1 = 40, leaving at = 617.0
   Increment on distance indicator: 40.0
   Increment on tard indicator:     0.0
   Value of tmax indicator:         40.0

Task for patient = 209 with skills = {4,-1} and cost = 135.3
   Vehicle #0 = 39, leaving at = 695.0
   Vehicle #1 = -1, leaving at = inf
   Increment on distance indicator: 9.0
   Increment on tard indicator:     0.0
   Value of tmax indicator:         9.0

Task for patient = 213 with skills = {5,-1} and cost = 132.3
   Vehicle #0 = 37, leaving at = 716.0
   Vehicle #1 = -1, leaving at = inf
   Increment on distance indicator: 3.0
   Increment on tard indicator:     0.0
   Value of tmax indicator:         3.0

Task for patient = 87 with skills = {1,-1} and cost = 131.3
   Vehicle #0 = 2, leaving at = 749.0
   Vehicle #1 = -1, leaving at = inf
   Increment on distance indicator: 9.0
   Increment on tard indicator:     0.0
   Value of tmax indicator:         9.0

Task for patient = 195 with skills = {4,-1} and cost = 128.3
   Vehicle #0 = 39, leaving at = 594.0
   Vehicle #1 = -1, leaving at = inf
   Increment on distance indicator: 10.0
   Increment on tard indicator:     0.0
   Value of tmax indicator:         10.0

Task for patient = 286 with skills = {5,-1} and cost = 125.0
   Vehicle #0 = 39, leaving at = 558.0
   Vehicle #1 = -1, leaving at = inf
   Increment on distance indicator: 12.0
   Increment on tard indicator:     0.0
   Value of tmax indicator:         12.0

Task for patient = 180 with skills = {4,-1} and cost = 113.7
   Vehicle #0 = 33, leaving at = 706.0
   Vehicle #1 = -1, leaving at = inf
   Increment on distance indicator: 6.0
   Increment on tard indicator:     0.0
   Value of tmax indicator:         6.0

Task for patient = 124 with skills = {5,-1} and cost = 111.7
   Vehicle #0 = 36, leaving at = 713.0
   Vehicle #1 = -1, leaving at = inf
   Increment on distance indicator: 5.0
   Increment on tard indicator:     0.0
   Value of tmax indicator:         5.0

Task for patient = 194 with skills = {5,-1} and cost = 156.0
   Vehicle #0 = 41, leaving at = 782.0
   Vehicle #1 = -1, leaving at = inf
   Increment on distance indicator: 6.0
   Increment on tard indicator:     0.0
   Value of tmax indicator:         6.0

Task for patient = 35 with skills = {3,-1} and cost = 490.0
   Vehicle #0 = 47, leaving at = 819.0
   Vehicle #1 = -1, leaving at = inf
   Increment on distance indicator: 7.0
   Increment on tard indicator:     0.0
   Value of tmax indicator:         7.0

Task for patient = 167 with skills = {1,5} and cost = 487.7
   Vehicle #0 = 3, leaving at = 835.0
   Vehicle #1 = 31, leaving at = 820.0
   Increment on distance indicator: 8.0
   Increment on tard indicator:     0.0
   Value of tmax indicator:         8.0

Task for patient = 109 with skills = {5,-1} and cost = 485.0
   Vehicle #0 = 44, leaving at = 797.0
   Vehicle #1 = -1, leaving at = inf
   Increment on distance indicator: 6.0
   Increment on tard indicator:     0.0
   Value of tmax indicator:         6.0

Task for patient = 218 with skills = {5,-1} and cost = 483.0
   Vehicle #0 = 57, leaving at = 619.0
   Vehicle #1 = -1, leaving at = inf
   Increment on distance indicator: 5.0
   Increment on tard indicator:     0.0
   Value of tmax indicator:         5.0

Task for patient = 210 with skills = {1,-1} and cost = 481.3
   Vehicle #0 = 22, leaving at = 623.0
   Vehicle #1 = -1, leaving at = inf
   Increment on distance indicator: 41.0
   Increment on tard indicator:     0.0
   Value of tmax indicator:         41.0

Task for patient = 285 with skills = {2,-1} and cost = 467.7
   Vehicle #0 = 21, leaving at = 639.0
   Vehicle #1 = -1, leaving at = inf
   Increment on distance indicator: 11.0
   Increment on tard indicator:     0.0
   Value of tmax indicator:         11.0

Task for patient = 36 with skills = {3,-1} and cost = 464.0
   Vehicle #0 = 55, leaving at = 711.0
   Vehicle #1 = -1, leaving at = inf
   Increment on distance indicator: 7.0
   Increment on tard indicator:     0.0
   Value of tmax indicator:         7.0

Task for patient = 66 with skills = {1,4} and cost = 461.7
   Vehicle #0 = 16, leaving at = 835.0
   Vehicle #1 = 54, leaving at = 882.0
   Increment on distance indicator: 8.0
   Increment on tard indicator:     0.0
   Value of tmax indicator:         8.0

Task for patient = 53 with skills = {1,4} and cost = 348.7
   Vehicle #0 = 16, leaving at = 580.0
   Vehicle #1 = 54, leaving at = 591.0
   Increment on distance indicator: 10.0
   Increment on tard indicator:     0.0
   Value of tmax indicator:         10.0

Task for patient = 283 with skills = {2,-1} and cost = 457.7
   Vehicle #0 = 17, leaving at = 812.0
   Vehicle #1 = -1, leaving at = inf
   Increment on distance indicator: 5.0
   Increment on tard indicator:     0.0
   Value of tmax indicator:         5.0

Task for patient = 269 with skills = {0,-1} and cost = 456.0
   Vehicle #0 = 3, leaving at = 773.0
   Vehicle #1 = -1, leaving at = inf
   Increment on distance indicator: 4.0
   Increment on tard indicator:     0.0
   Value of tmax indicator:         4.0

Task for patient = 110 with skills = {0,-1} and cost = 454.7
   Vehicle #0 = 18, leaving at = 602.0
   Vehicle #1 = -1, leaving at = inf
   Increment on distance indicator: 6.0
   Increment on tard indicator:     0.0
   Value of tmax indicator:         6.0

Task for patient = 177 with skills = {0,-1} and cost = 452.7
   Vehicle #0 = 20, leaving at = 674.0
   Vehicle #1 = -1, leaving at = inf
   Increment on distance indicator: 4.0
   Increment on tard indicator:     0.0
   Value of tmax indicator:         4.0

Task for patient = 81 with skills = {5,-1} and cost = 451.3
   Vehicle #0 = 52, leaving at = 801.0
   Vehicle #1 = -1, leaving at = inf
   Increment on distance indicator: 6.0
   Increment on tard indicator:     0.0
   Value of tmax indicator:         6.0

Task for patient = 97 with skills = {2,4} and cost = 449.3
   Vehicle #0 = 17, leaving at = 763.0
   Vehicle #1 = 47, leaving at = 775.0
   Increment on distance indicator: 14.0
   Increment on tard indicator:     0.0
   Value of tmax indicator:         14.0

Task for patient = 152 with skills = {5,-1} and cost = 444.7
   Vehicle #0 = 57, leaving at = 560.0
   Vehicle #1 = -1, leaving at = inf
   Increment on distance indicator: 15.0
   Increment on tard indicator:     0.0
   Value of tmax indicator:         15.0

Task for patient = 284 with skills = {5,-1} and cost = 439.7
   Vehicle #0 = 55, leaving at = 675.0
   Vehicle #1 = -1, leaving at = inf
   Increment on distance indicator: 8.0
   Increment on tard indicator:     0.0
   Value of tmax indicator:         8.0

Task for patient = 228 with skills = {0,-1} and cost = 459.0
   Vehicle #0 = 21, leaving at = 583.0
   Vehicle #1 = -1, leaving at = inf
   Increment on distance indicator: 4.0
   Increment on tard indicator:     0.0
   Value of tmax indicator:         4.0

Task for patient = 9 with skills = {1,5} and cost = 856.7
   Vehicle #0 = 24, leaving at = 1033.0
   Vehicle #1 = 49, leaving at = 1028.0
   Increment on distance indicator: 16.0
   Increment on tard indicator:     0.0
   Value of tmax indicator:         16.0

Task for patient = 179 with skills = {0,-1} and cost = 534.0
   Vehicle #0 = 21, leaving at = 676.0
   Vehicle #1 = -1, leaving at = inf
   Increment on distance indicator: 6.0
   Increment on tard indicator:     0.0
   Value of tmax indicator:         6.0

Task for patient = 25 with skills = {0,5} and cost = 532.0
   Vehicle #0 = 3, leaving at = 874.0
   Vehicle #1 = 33, leaving at = 863.0
   Increment on distance indicator: 11.0
   Increment on tard indicator:     0.0
   Value of tmax indicator:         11.0

Task for patient = 176 with skills = {0,-1} and cost = 528.3
   Vehicle #0 = 18, leaving at = 809.0
   Vehicle #1 = -1, leaving at = inf
   Increment on distance indicator: 4.0
   Increment on tard indicator:     0.0
   Value of tmax indicator:         4.0

Task for patient = 208 with skills = {2,-1} and cost = 527.0
   Vehicle #0 = 11, leaving at = 648.0
   Vehicle #1 = -1, leaving at = inf
   Increment on distance indicator: 4.0
   Increment on tard indicator:     0.0
   Value of tmax indicator:         4.0

Task for patient = 69 with skills = {5,-1} and cost = 525.7
   Vehicle #0 = 56, leaving at = 622.0
   Vehicle #1 = -1, leaving at = inf
   Increment on distance indicator: 4.0
   Increment on tard indicator:     0.0
   Value of tmax indicator:         4.0

Task for patient = 142 with skills = {4,-1} and cost = 524.3
   Vehicle #0 = 56, leaving at = 586.0
   Vehicle #1 = -1, leaving at = inf
   Increment on distance indicator: 5.0
   Increment on tard indicator:     0.0
   Value of tmax indicator:         5.0

Task for patient = 272 with skills = {1,-1} and cost = 522.7
   Vehicle #0 = 9, leaving at = 840.0
   Vehicle #1 = -1, leaving at = inf
   Increment on distance indicator: 2.0
   Increment on tard indicator:     0.0
   Value of tmax indicator:         2.0

Task for patient = 31 with skills = {4,-1} and cost = 494.0
   Vehicle #0 = 42, leaving at = 715.0
   Vehicle #1 = -1, leaving at = inf
   Increment on distance indicator: 12.0
   Increment on tard indicator:     0.0
   Value of tmax indicator:         12.0

Task for patient = 23 with skills = {3,-1} and cost = 519.0
   Vehicle #0 = 55, leaving at = 743.0
   Vehicle #1 = -1, leaving at = inf
   Increment on distance indicator: 9.0
   Increment on tard indicator:     0.0
   Value of tmax indicator:         9.0

Task for patient = 38 with skills = {2,4} and cost = 516.0
   Vehicle #0 = 14, leaving at = 655.0
   Vehicle #1 = 57, leaving at = 648.0
   Increment on distance indicator: 14.0
   Increment on tard indicator:     0.0
   Value of tmax indicator:         14.0

Task for patient = 259 with skills = {3,-1} and cost = 511.3
   Vehicle #0 = 45, leaving at = 803.0
   Vehicle #1 = -1, leaving at = inf
   Increment on distance indicator: 4.0
   Increment on tard indicator:     0.0
   Value of tmax indicator:         4.0

Task for patient = 39 with skills = {5,-1} and cost = 510.0
   Vehicle #0 = 33, leaving at = 813.0
   Vehicle #1 = -1, leaving at = inf
   Increment on distance indicator: 4.0
   Increment on tard indicator:     0.0
   Value of tmax indicator:         4.0

Task for patient = 192 with skills = {0,5} and cost = 508.7
   Vehicle #0 = 20, leaving at = 730.0
   Vehicle #1 = 53, leaving at = 725.0
   Increment on distance indicator: 5.0
   Increment on tard indicator:     0.0
   Value of tmax indicator:         5.0

Task for patient = 51 with skills = {1,-1} and cost = 507.0
   Vehicle #0 = 23, leaving at = 646.0
   Vehicle #1 = -1, leaving at = inf
   Increment on distance indicator: 13.0
   Increment on tard indicator:     0.0
   Value of tmax indicator:         13.0

Task for patient = 163 with skills = {1,-1} and cost = 502.7
   Vehicle #0 = 23, leaving at = 528.0
   Vehicle #1 = -1, leaving at = inf
   Increment on distance indicator: 13.0
   Increment on tard indicator:     0.0
   Value of tmax indicator:         13.0

Task for patient = 85 with skills = {1,-1} and cost = 498.3
   Vehicle #0 = 9, leaving at = 822.0
   Vehicle #1 = -1, leaving at = inf
   Increment on distance indicator: 4.0
   Increment on tard indicator:     0.0
   Value of tmax indicator:         4.0

Task for patient = 77 with skills = {3,-1} and cost = 497.0
   Vehicle #0 = 31, leaving at = 879.0
   Vehicle #1 = -1, leaving at = inf
   Increment on distance indicator: 9.0
   Increment on tard indicator:     0.0
   Value of tmax indicator:         9.0

Task for patient = 4 with skills = {4,-1} and cost = 522.0
   Vehicle #0 = 38, leaving at = 715.0
   Vehicle #1 = -1, leaving at = inf
   Increment on distance indicator: 9.0
   Increment on tard indicator:     0.0
   Value of tmax indicator:         9.0

Task for patient = 56 with skills = {5,-1} and cost = 386.3
   Vehicle #0 = 52, leaving at = 724.0
   Vehicle #1 = -1, leaving at = inf
   Increment on distance indicator: 4.0
   Increment on tard indicator:     0.0
   Value of tmax indicator:         4.0

Task for patient = 45 with skills = {3,-1} and cost = 385.0
   Vehicle #0 = 46, leaving at = 697.0
   Vehicle #1 = -1, leaving at = inf
   Increment on distance indicator: 3.0
   Increment on tard indicator:     0.0
   Value of tmax indicator:         3.0

Task for patient = 290 with skills = {1,3} and cost = 384.0
   Vehicle #0 = 10, leaving at = 786.0
   Vehicle #1 = 32, leaving at = 806.0
   Increment on distance indicator: 9.0
   Increment on tard indicator:     0.0
   Value of tmax indicator:         9.0

Task for patient = 148 with skills = {2,-1} and cost = 381.0
   Vehicle #0 = 12, leaving at = 861.0
   Vehicle #1 = -1, leaving at = inf
   Increment on distance indicator: 6.0
   Increment on tard indicator:     0.0
   Value of tmax indicator:         6.0

Task for patient = 200 with skills = {4,-1} and cost = 379.0
   Vehicle #0 = 56, leaving at = 566.0
   Vehicle #1 = -1, leaving at = inf
   Increment on distance indicator: 8.0
   Increment on tard indicator:     0.0
   Value of tmax indicator:         8.0

Task for patient = 19 with skills = {4,-1} and cost = 376.3
   Vehicle #0 = 52, leaving at = 693.0
   Vehicle #1 = -1, leaving at = inf
   Increment on distance indicator: 8.0
   Increment on tard indicator:     0.0
   Value of tmax indicator:         8.0

Task for patient = 224 with skills = {2,-1} and cost = 373.7
   Vehicle #0 = 17, leaving at = 579.0
   Vehicle #1 = -1, leaving at = inf
   Increment on distance indicator: 3.0
   Increment on tard indicator:     0.0
   Value of tmax indicator:         3.0

Task for patient = 282 with skills = {0,4} and cost = 372.7
   Vehicle #0 = 12, leaving at = 796.0
   Vehicle #1 = 30, leaving at = 821.0
   Increment on distance indicator: 6.0
   Increment on tard indicator:     0.0
   Value of tmax indicator:         6.0

Task for patient = 44 with skills = {1,-1} and cost = 437.0
   Vehicle #0 = 9, leaving at = 764.0
   Vehicle #1 = -1, leaving at = inf
   Increment on distance indicator: 6.0
   Increment on tard indicator:     0.0
   Value of tmax indicator:         6.0

Task for patient = 104 with skills = {1,-1} and cost = 368.7
   Vehicle #0 = 2, leaving at = 887.0
   Vehicle #1 = -1, leaving at = inf
   Increment on distance indicator: 6.0
   Increment on tard indicator:     0.0
   Value of tmax indicator:         6.0

Task for patient = 186 with skills = {1,-1} and cost = 366.7
   Vehicle #0 = 6, leaving at = 742.0
   Vehicle #1 = -1, leaving at = inf
   Increment on distance indicator: 4.0
   Increment on tard indicator:     0.0
   Value of tmax indicator:         4.0

Task for patient = 136 with skills = {4,-1} and cost = 365.3
   Vehicle #0 = 49, leaving at = 927.0
   Vehicle #1 = -1, leaving at = inf
   Increment on distance indicator: 6.0
   Increment on tard indicator:     0.0
   Value of tmax indicator:         6.0

Task for patient = 24 with skills = {4,-1} and cost = 363.3
   Vehicle #0 = 46, leaving at = 651.0
   Vehicle #1 = -1, leaving at = inf
   Increment on distance indicator: 5.0
   Increment on tard indicator:     0.0
   Value of tmax indicator:         5.0

Task for patient = 57 with skills = {1,5} and cost = 361.7
   Vehicle #0 = 1, leaving at = 852.0
   Vehicle #1 = 35, leaving at = 878.0
   Increment on distance indicator: 8.0
   Increment on tard indicator:     0.0
   Value of tmax indicator:         8.0

Task for patient = 106 with skills = {2,5} and cost = 359.0
   Vehicle #0 = 1, leaving at = 800.0
   Vehicle #1 = 35, leaving at = 818.0
   Increment on distance indicator: 6.0
   Increment on tard indicator:     0.0
   Value of tmax indicator:         6.0

Task for patient = 267 with skills = {1,-1} and cost = 357.0
   Vehicle #0 = 19, leaving at = 503.0
   Vehicle #1 = -1, leaving at = inf
   Increment on distance indicator: 7.0
   Increment on tard indicator:     0.0
   Value of tmax indicator:         7.0

Task for patient = 75 with skills = {0,5} and cost = 354.7
   Vehicle #0 = 15, leaving at = 540.0
   Vehicle #1 = 55, leaving at = 533.0
   Increment on distance indicator: 12.0
   Increment on tard indicator:     0.0
   Value of tmax indicator:         12.0

Task for patient = 257 with skills = {3,-1} and cost = 350.7
   Vehicle #0 = 39, leaving at = 758.0
   Vehicle #1 = -1, leaving at = inf
   Increment on distance indicator: 6.0
   Increment on tard indicator:     0.0
   Value of tmax indicator:         6.0

Task for patient = 256 with skills = {2,-1} and cost = 370.7
   Vehicle #0 = 5, leaving at = 745.0
   Vehicle #1 = -1, leaving at = inf
   Increment on distance indicator: 6.0
   Increment on tard indicator:     0.0
   Value of tmax indicator:         6.0

Task for patient = 16 with skills = {3,-1} and cost = 435.0
   Vehicle #0 = 45, leaving at = 751.0
   Vehicle #1 = -1, leaving at = inf
   Increment on distance indicator: 3.0
   Increment on tard indicator:     0.0
   Value of tmax indicator:         3.0

Task for patient = 61 with skills = {5,-1} and cost = 434.0
   Vehicle #0 = 44, leaving at = 760.0
   Vehicle #1 = -1, leaving at = inf
   Increment on distance indicator: 17.0
   Increment on tard indicator:     0.0
   Value of tmax indicator:         17.0

Task for patient = 20 with skills = {1,4} and cost = 428.3
   Vehicle #0 = 16, leaving at = 797.0
   Vehicle #1 = 54, leaving at = 828.0
   Increment on distance indicator: 10.0
   Increment on tard indicator:     0.0
   Value of tmax indicator:         10.0

Task for patient = 198 with skills = {1,-1} and cost = 425.0
   Vehicle #0 = 20, leaving at = 635.0
   Vehicle #1 = -1, leaving at = inf
   Increment on distance indicator: 5.0
   Increment on tard indicator:     0.0
   Value of tmax indicator:         5.0

Task for patient = 62 with skills = {3,-1} and cost = 423.3
   Vehicle #0 = 46, leaving at = 748.0
   Vehicle #1 = -1, leaving at = inf
   Increment on distance indicator: 3.0
   Increment on tard indicator:     0.0
   Value of tmax indicator:         3.0

Task for patient = 206 with skills = {4,-1} and cost = 422.3
   Vehicle #0 = 43, leaving at = 813.0
   Vehicle #1 = -1, leaving at = inf
   Increment on distance indicator: 2.0
   Increment on tard indicator:     0.0
   Value of tmax indicator:         2.0

Task for patient = 275 with skills = {2,-1} and cost = 421.7
   Vehicle #0 = 14, leaving at = 623.0
   Vehicle #1 = -1, leaving at = inf
   Increment on distance indicator: 7.0
   Increment on tard indicator:     0.0
   Value of tmax indicator:         7.0

Task for patient = 125 with skills = {1,5} and cost = 419.3
   Vehicle #0 = 19, leaving at = 752.0
   Vehicle #1 = 52, leaving at = 769.0
   Increment on distance indicator: 10.0
   Increment on tard indicator:     0.0
   Value of tmax indicator:         10.0

Task for patient = 46 with skills = {5,-1} and cost = 387.3
   Vehicle #0 = 55, leaving at = 556.0
   Vehicle #1 = -1, leaving at = inf
   Increment on distance indicator: 3.0
   Increment on tard indicator:     0.0
   Value of tmax indicator:         3.0

Task for patient = 288 with skills = {1,3} and cost = 414.7
   Vehicle #0 = 16, leaving at = 739.0
   Vehicle #1 = 54, leaving at = 722.0
   Increment on distance indicator: 8.0
   Increment on tard indicator:     0.0
   Value of tmax indicator:         8.0

Task for patient = 154 with skills = {0,4} and cost = 412.0
   Vehicle #0 = 15, leaving at = 661.0
   Vehicle #1 = 55, leaving at = 637.0
   Increment on distance indicator: 14.0
   Increment on tard indicator:     0.0
   Value of tmax indicator:         14.0

Task for patient = 49 with skills = {2,-1} and cost = 407.3
   Vehicle #0 = 8, leaving at = 844.0
   Vehicle #1 = -1, leaving at = inf
   Increment on distance indicator: 4.0
   Increment on tard indicator:     0.0
   Value of tmax indicator:         4.0

Task for patient = 293 with skills = {1,3} and cost = 406.0
   Vehicle #0 = 16, leaving at = 647.0
   Vehicle #1 = 54, leaving at = 689.0
   Increment on distance indicator: 13.0
   Increment on tard indicator:     0.0
   Value of tmax indicator:         13.0

Task for patient = 234 with skills = {1,-1} and cost = 401.7
   Vehicle #0 = 9, leaving at = 731.0
   Vehicle #1 = -1, leaving at = inf
   Increment on distance indicator: 4.0
   Increment on tard indicator:     0.0
   Value of tmax indicator:         4.0

Task for patient = 120 with skills = {1,-1} and cost = 400.3
   Vehicle #0 = 19, leaving at = 623.0
   Vehicle #1 = -1, leaving at = inf
   Increment on distance indicator: 10.0
   Increment on tard indicator:     0.0
   Value of tmax indicator:         10.0

Task for patient = 92 with skills = {2,4} and cost = 397.0
   Vehicle #0 = 5, leaving at = 852.0
   Vehicle #1 = 32, leaving at = 866.0
   Increment on distance indicator: 18.0
   Increment on tard indicator:     0.0
   Value of tmax indicator:         18.0

Task for patient = 230 with skills = {1,-1} and cost = 391.0
   Vehicle #0 = 9, leaving at = 691.0
   Vehicle #1 = -1, leaving at = inf
   Increment on distance indicator: 7.0
   Increment on tard indicator:     0.0
   Value of tmax indicator:         7.0

Task for patient = 190 with skills = {5,-1} and cost = 388.7
   Vehicle #0 = 54, leaving at = 654.0
   Vehicle #1 = -1, leaving at = inf
   Increment on distance indicator: 4.0
   Increment on tard indicator:     0.0
   Value of tmax indicator:         4.0

Task for patient = 98 with skills = {1,3} and cost = 416.0
   Vehicle #0 = 16, leaving at = 776.0
   Vehicle #1 = 54, leaving at = 765.0
   Increment on distance indicator: 4.0
   Increment on tard indicator:     0.0
   Value of tmax indicator:         4.0


Unused vehicle list: 26 28 29 59 (total = 4 out of 60)

---
Search finished.
Total of 448 generations in 23.9 seconds.
Exchange elite runs: 0
Implicit path relinking runs: 4
Reset attempts: 0

Best solution found:
   Cost: 1168.0
   Total travel time: 3477.0
   Total tardiness time: 19.0
   Largest tardiness: 8.0


1168.0
