--- BRKGA-MP-IPR for HHCRSP ---
Instance: new-instances/HHCRSP_300_60_64_1.0_C_RC.txt
Seed: 1

Reading data... Problem contains 300 patients  and 60 caregivers.

Summary of supply x demand for each service type:
Skill 0 has supply = 20 and demand = 53, ratio = 0.377358
Skill 1 has supply = 20 and demand = 59, ratio = 0.338983
Skill 2 has supply = 20 and demand = 77, ratio = 0.25974
Skill 3 has supply = 18 and demand = 72, ratio = 0.25
Skill 4 has supply = 20 and demand = 56, ratio = 0.357143
Skill 5 has supply = 22 and demand = 73, ratio = 0.30137

Reading parameters...
Inferred distance function by PR type: kendall-tau
Building BRKGA data and initializing...
Evolving 448 generations...

  Gens  Rem    Local   ElDiv NoImpr             Best solution            Time  Op
                                       Cost     Dist    Tard    TMax 
*    0  448  6205.00  515.74      0  6205.00  5886.00 12395.0   334.0     0.0    
*    4  444  5800.67  383.02      0  5800.67  5869.00 10588.0   321.0     0.2    
*    5  443  5592.67  348.26      0  5592.67  5898.00 10039.0   342.0     0.3    
*    6  442  5426.33  320.61      0  5426.33  5917.00  9204.0   349.0     0.3    
*    7  441  5156.67  319.91      0  5156.67  6219.00  8365.0   338.0     0.4    
*    8  440  4974.00  320.06      0  4974.00  5966.00  8169.0   322.0     0.4    
*    9  439  4819.00  299.42      0  4819.00  5966.00  8169.0   322.0     0.5    
*   11  437  4282.67  309.79      0  4282.67  5777.00  6012.0   303.0     0.5    
*   12  436  4030.67  303.39      0  4030.67  5596.00  6144.0   296.0     0.6    
*   13  435  4012.00  306.21      0  4012.00  5778.00  4870.0   335.0     0.6    
*   14  434  3661.00  327.57      0  3661.00  6028.00  3958.0   321.0     0.7    
*   15  433  3435.67  300.08      0  3435.67  6028.00  3958.0   321.0     0.7    
*   17  431  3419.00  257.03      0  3419.00  5899.00  4015.0   343.0     0.8    
*   19  429  2890.67  237.30      0  2890.67  5701.00  2773.0   198.0     0.9    
*   23  425  2880.33  170.26      0  2880.33  5581.00  2833.0   227.0     1.1    

  Gens  Rem    Local   ElDiv NoImpr             Best solution            Time  Op
                                       Cost     Dist    Tard    TMax 
*   25  423  2819.00  158.60      0  2819.00  5801.00  2018.0   139.0     1.2    
*   26  422  2652.67  143.60      0  2652.67  5614.00  1940.0   332.0     1.2    
*   27  421  2628.67  139.72      0  2628.67  5484.00  2145.0   175.0     1.3    
*   28  420  2601.33  135.18      0  2601.33  5480.00  1887.0   273.0     1.3    
*   29  419  2546.67  125.55      0  2546.67  5480.00  1887.0   273.0     1.4    
*   31  417  2493.33  121.88      0  2493.33  5620.00  1077.0   205.0     1.4    
*   32  416  2300.67   97.81      0  2300.67  5620.00  1077.0   205.0     1.5    
*   34  414  2224.33  110.04      0  2224.33  5408.00   721.0    95.0     1.6    
*   35  413  2074.67  102.60      0  2074.67  5408.00   721.0    95.0     1.6    
*   42  406  2011.00   68.46      0  2011.00  5516.00   439.0    78.0     1.9    
*   44  404  1966.00   66.59      0  1966.00  5426.00   361.0    99.0     2.0    
*   45  403  1962.00   68.54      0  1962.00  5356.00   305.0    92.0     2.1    
*   46  402  1917.67   58.48      0  1917.67  5356.00   305.0    92.0     2.1    
*   50  398  1879.67   52.88      0  1879.67  5265.00   154.0    72.0     2.3    
*   51  397  1830.33   50.34      0  1830.33  5265.00   154.0    72.0     2.3    
*   58  390  1803.00   28.82      0  1803.00  5267.00    91.0    51.0     2.7    

  Gens  Rem    Local   ElDiv NoImpr             Best solution            Time  Op
                                       Cost     Dist    Tard    TMax 
*   60  388  1796.67   25.59      0  1796.67  5214.00   133.0    43.0     2.8    
*   62  386  1788.67   23.31      0  1788.67  5242.00    79.0    45.0     2.9    
*   65  383  1782.67   27.04      0  1782.67  5218.00    63.0    26.0     3.0    
*   66  382  1769.00   26.58      0  1769.00  5218.00    63.0    26.0     3.1    
*   70  378  1753.00   21.71      0  1753.00  5200.00    47.0     5.0     3.2    
*   71  377  1750.67   20.39      0  1750.67  5200.00    47.0     5.0     3.3    
*   73  375  1740.33   16.70      0  1740.33  5175.00    34.0    12.0     3.4    
*   76  372  1730.67   18.08      0  1730.67  5180.00     6.0     4.0     3.5    
*   77  371  1730.00   17.10      0  1730.00  5180.00     6.0     4.0     3.6    
*   79  369  1688.67   17.96      0  1688.67  5019.00    39.0     8.0     3.7    
*   81  367  1675.00   19.02      0  1675.00  4985.00    33.0     7.0     3.7    
*   92  356  1644.00   15.74      0  1644.00  4911.00    13.0     8.0     4.2    
Path relinking result: too homogeneous.
    96  352  1644.00   16.47      5  1644.00  4911.00    13.0     8.0     4.3   P
   100  348  1644.00   13.58      8  1644.00  4911.00    13.0     8.0     4.5    
*  110  338  1641.33   13.24      0  1641.33  4856.00    61.0     7.0     5.0    
*  116  332  1640.67   11.92      0  1640.67  4909.00     7.0     6.0     5.3    

  Gens  Rem    Local   ElDiv NoImpr             Best solution            Time  Op
                                       Cost     Dist    Tard    TMax 
*  121  327  1626.67   12.21      0  1626.67  4839.00    33.0     8.0     5.5    
*  127  321  1621.67    9.46      0  1621.67  4845.00    16.0     4.0     5.8    
*  131  317  1612.33    9.68      0  1612.33  4835.00     1.0     1.0     6.0    
*  135  313  1603.00   10.03      0  1603.00  4775.00    30.0     4.0     6.1    
*  138  310  1599.33   10.79      0  1599.33  4772.00    20.0     6.0     6.3    
*  148  300  1582.67   13.01      0  1582.67  4702.00    37.0     9.0     6.7    
*  150  298  1561.33   13.16      0  1561.33  4678.00     4.0     2.0     6.8    
*  170  278  1547.00   11.65      0  1547.00  4596.00    34.0    11.0     7.8    
Path relinking result: too homogeneous.
   192  256  1547.00    8.17     23  1547.00  4596.00    34.0    11.0     8.8   P
*  198  250  1540.33    8.78      0  1540.33  4586.00    30.0     5.0     9.1    
   200  248  1540.33    8.16      2  1540.33  4586.00    30.0     5.0     9.2    
*  202  246  1538.00    8.26      0  1538.00  4607.00     4.0     3.0     9.3    
*  205  243  1528.33    8.52      0  1528.33  4543.00    37.0     5.0     9.4    
*  221  227  1523.00    7.52      0  1523.00  4547.00    18.0     4.0    10.2    
*  226  222  1519.00    7.44      0  1519.00  4554.00     2.0     1.0    10.4    
*  241  207  1509.33    5.68      0  1509.33  4509.00    15.0     4.0    11.1    

  Gens  Rem    Local   ElDiv NoImpr             Best solution            Time  Op
                                       Cost     Dist    Tard    TMax 
*  245  203  1503.33    7.35      0  1503.33  4488.00    18.0     4.0    11.3    
   250  198  1503.33    7.53      5  1503.33  4488.00    18.0     4.0    11.6    
*  263  185  1502.33    7.18      0  1502.33  4467.00    18.0     4.0    12.2    
*  264  184  1496.33    7.08      0  1496.33  4467.00    18.0     4.0    12.2    
*  270  178  1495.33    6.64      0  1495.33  4468.00    13.0     5.0    12.5    
*  272  176  1487.33    6.90      0  1487.33  4432.00    26.0     4.0    12.6    
Path relinking result: too homogeneous.
   288  160  1487.33    5.99     17  1487.33  4432.00    26.0     4.0    13.3   P
   300  148  1487.33    5.26     28  1487.33  4432.00    26.0     4.0    13.9    
*  302  146  1485.33    5.47      0  1485.33  4446.00     7.0     3.0    14.0    
*  312  136  1484.33    5.27      0  1484.33  4419.00    20.0     5.0    14.4    
*  313  135  1481.33    5.14      0  1481.33  4419.00    20.0     5.0    14.5    
*  317  131  1479.33    4.98      0  1479.33  4434.00     2.0     2.0    14.6    
*  328  120  1457.00    5.64      0  1457.00  4356.00    10.0     5.0    15.1    
   350   98  1457.00    5.80     22  1457.00  4356.00    10.0     5.0    16.2    
Path relinking result: too homogeneous.
   384   64  1457.00    4.56     57  1457.00  4356.00    10.0     5.0    17.8   P
*  386   62  1444.67    5.92      0  1444.67  4317.00    13.0     4.0    17.9    

  Gens  Rem    Local   ElDiv NoImpr             Best solution            Time  Op
                                       Cost     Dist    Tard    TMax 
*  389   59  1443.67    6.24      0  1443.67  4310.00    17.0     4.0    18.0    
*  393   55  1436.00    5.84      0  1436.00  4290.00    14.0     4.0    18.2    
*  397   51  1435.00    5.49      0  1435.00  4284.00    17.0     4.0    18.4    
*  400   48  1433.00    4.60      0  1433.00  4270.00    16.0     4.0    18.5    
*  401   47  1430.00    4.57      0  1430.00  4277.00     8.0     3.0    18.6    
*  402   46  1429.33    4.26      0  1429.33  4277.00     8.0     3.0    18.6    
*  408   40  1424.67    3.00      0  1424.67  4256.00    14.0     4.0    18.9    
*  413   35  1423.00    3.29      0  1423.00  4242.00    12.0     3.0    19.1    
*  414   34  1419.00    3.64      0  1419.00  4242.00    12.0     3.0    19.2    
*  421   27  1417.33    3.06      0  1417.33  4233.00     8.0     3.0    19.5    
*  422   26  1414.67    3.15      0  1414.67  4233.00     8.0     3.0    19.6    
*  430   18  1414.33    2.84      0  1414.33  4225.00     6.0     3.0    19.9    
*  431   17  1411.33    2.51      0  1411.33  4225.00     6.0     3.0    20.0    
*  435   13  1406.33    2.11      0  1406.33  4211.00     5.0     3.0    20.2    
*  437   11  1405.67    2.54      0  1405.67  4199.00     9.0     4.0    20.3    
*  438   10  1404.00    2.54      0  1404.00  4198.00     7.0     4.0    20.3    

  Gens  Rem    Local   ElDiv NoImpr             Best solution            Time  Op
                                       Cost     Dist    Tard    TMax 
*  439    9  1403.00    2.14      0  1403.00  4201.00     4.0     3.0    20.4    
*  440    8  1402.67    1.92      0  1402.67  4188.00     9.0     4.0    20.4    
*  441    7  1400.33    1.55      0  1400.33  4188.00     9.0     4.0    20.5    
*  446    2  1399.00    1.19      0  1399.00  4184.00     9.0     4.0    20.7    
   448    0  1399.00    0.99      2  1399.00  4184.00     9.0     4.0    20.7    
Evolutionary process finished.
Solution written to 'solution-23403.txt'.

Sorted sequence of worst to best tardiness value:
Task for patient = 288 with skills = {4,-1} and cost = 1021.7
   Vehicle #0 = 34, leaving at = 1099.0
   Vehicle #1 = -1, leaving at = inf
   Increment on distance indicator: 6.0
   Increment on tard indicator:     4.0
   Value of tmax indicator:         6.0

Task for patient = 127 with skills = {2,3} and cost = 231.7
   Vehicle #0 = 6, leaving at = 788.0
   Vehicle #1 = 34, leaving at = 797.0
   Increment on distance indicator: 14.0
   Increment on tard indicator:     3.0
   Value of tmax indicator:         14.0

Task for patient = 246 with skills = {5,-1} and cost = 550.0
   Vehicle #0 = 31, leaving at = 905.0
   Vehicle #1 = -1, leaving at = inf
   Increment on distance indicator: 2.0
   Increment on tard indicator:     2.0
   Value of tmax indicator:         2.0

Task for patient = 215 with skills = {2,4} and cost = 762.3
   Vehicle #0 = 0, leaving at = 938.0
   Vehicle #1 = 32, leaving at = 960.0
   Increment on distance indicator: 10.0
   Increment on tard indicator:     0.0
   Value of tmax indicator:         10.0

Task for patient = 92 with skills = {5,-1} and cost = 759.0
   Vehicle #0 = 53, leaving at = 924.0
   Vehicle #1 = -1, leaving at = inf
   Increment on distance indicator: 3.0
   Increment on tard indicator:     0.0
   Value of tmax indicator:         3.0

Task for patient = 255 with skills = {1,4} and cost = 758.0
   Vehicle #0 = 21, leaving at = 984.0
   Vehicle #1 = 41, leaving at = 1021.0
   Increment on distance indicator: 4.0
   Increment on tard indicator:     0.0
   Value of tmax indicator:         4.0

Task for patient = 223 with skills = {3,-1} and cost = 756.7
   Vehicle #0 = 35, leaving at = 793.0
   Vehicle #1 = -1, leaving at = inf
   Increment on distance indicator: 4.0
   Increment on tard indicator:     0.0
   Value of tmax indicator:         4.0

Task for patient = 36 with skills = {1,-1} and cost = 755.3
   Vehicle #0 = 28, leaving at = 907.0
   Vehicle #1 = -1, leaving at = inf
   Increment on distance indicator: 4.0
   Increment on tard indicator:     0.0
   Value of tmax indicator:         4.0

Task for patient = 166 with skills = {4,-1} and cost = 754.0
   Vehicle #0 = 36, leaving at = 765.0
   Vehicle #1 = -1, leaving at = inf
   Increment on distance indicator: 9.0
   Increment on tard indicator:     0.0
   Value of tmax indicator:         9.0

Task for patient = 146 with skills = {2,-1} and cost = 751.0
   Vehicle #0 = 12, leaving at = 919.0
   Vehicle #1 = -1, leaving at = inf
   Increment on distance indicator: 9.0
   Increment on tard indicator:     0.0
   Value of tmax indicator:         9.0

Task for patient = 144 with skills = {1,5} and cost = 748.0
   Vehicle #0 = 12, leaving at = 884.0
   Vehicle #1 = 45, leaving at = 875.0
   Increment on distance indicator: 12.0
   Increment on tard indicator:     0.0
   Value of tmax indicator:         12.0

Task for patient = 64 with skills = {3,-1} and cost = 765.0
   Vehicle #0 = 50, leaving at = 836.0
   Vehicle #1 = -1, leaving at = inf
   Increment on distance indicator: 8.0
   Increment on tard indicator:     0.0
   Value of tmax indicator:         8.0

Task for patient = 119 with skills = {0,-1} and cost = 742.7
   Vehicle #0 = 15, leaving at = 961.0
   Vehicle #1 = -1, leaving at = inf
   Increment on distance indicator: 5.0
   Increment on tard indicator:     0.0
   Value of tmax indicator:         5.0

Task for patient = 165 with skills = {1,5} and cost = 741.0
   Vehicle #0 = 16, leaving at = 822.0
   Vehicle #1 = 53, leaving at = 866.0
   Increment on distance indicator: 15.0
   Increment on tard indicator:     0.0
   Value of tmax indicator:         15.0

Task for patient = 18 with skills = {3,-1} and cost = 736.0
   Vehicle #0 = 58, leaving at = 657.0
   Vehicle #1 = -1, leaving at = inf
   Increment on distance indicator: 19.0
   Increment on tard indicator:     0.0
   Value of tmax indicator:         19.0

Task for patient = 115 with skills = {0,-1} and cost = 729.7
   Vehicle #0 = 15, leaving at = 900.0
   Vehicle #1 = -1, leaving at = inf
   Increment on distance indicator: 5.0
   Increment on tard indicator:     0.0
   Value of tmax indicator:         5.0

Task for patient = 295 with skills = {4,-1} and cost = 728.0
   Vehicle #0 = 36, leaving at = 716.0
   Vehicle #1 = -1, leaving at = inf
   Increment on distance indicator: 6.0
   Increment on tard indicator:     0.0
   Value of tmax indicator:         6.0

Task for patient = 124 with skills = {2,-1} and cost = 726.0
   Vehicle #0 = 28, leaving at = 789.0
   Vehicle #1 = -1, leaving at = inf
   Increment on distance indicator: 15.0
   Increment on tard indicator:     0.0
   Value of tmax indicator:         15.0

Task for patient = 49 with skills = {1,3} and cost = 721.0
   Vehicle #0 = 19, leaving at = 884.0
   Vehicle #1 = 48, leaving at = 932.0
   Increment on distance indicator: 16.0
   Increment on tard indicator:     0.0
   Value of tmax indicator:         16.0

Task for patient = 120 with skills = {4,-1} and cost = 744.0
   Vehicle #0 = 30, leaving at = 979.0
   Vehicle #1 = -1, leaving at = inf
   Increment on distance indicator: 4.0
   Increment on tard indicator:     0.0
   Value of tmax indicator:         4.0

Task for patient = 157 with skills = {0,-1} and cost = 820.0
   Vehicle #0 = 28, leaving at = 946.0
   Vehicle #1 = -1, leaving at = inf
   Increment on distance indicator: 6.0
   Increment on tard indicator:     0.0
   Value of tmax indicator:         6.0

Task for patient = 194 with skills = {5,-1} and cost = 818.0
   Vehicle #0 = 39, leaving at = 849.0
   Vehicle #1 = -1, leaving at = inf
   Increment on distance indicator: 3.0
   Increment on tard indicator:     0.0
   Value of tmax indicator:         3.0

Task for patient = 300 with skills = {3,-1} and cost = 817.0
   Vehicle #0 = 58, leaving at = 719.0
   Vehicle #1 = -1, leaving at = inf
   Increment on distance indicator: 13.0
   Increment on tard indicator:     0.0
   Value of tmax indicator:         13.0

Task for patient = 51 with skills = {5,-1} and cost = 812.7
   Vehicle #0 = 46, leaving at = 927.0
   Vehicle #1 = -1, leaving at = inf
   Increment on distance indicator: 1.0
   Increment on tard indicator:     0.0
   Value of tmax indicator:         1.0

Task for patient = 99 with skills = {0,4} and cost = 812.3
   Vehicle #0 = 8, leaving at = 880.0
   Vehicle #1 = 42, leaving at = 854.0
   Increment on distance indicator: 12.0
   Increment on tard indicator:     0.0
   Value of tmax indicator:         12.0

Task for patient = 240 with skills = {1,3} and cost = 808.3
   Vehicle #0 = 26, leaving at = 807.0
   Vehicle #1 = 59, leaving at = 834.0
   Increment on distance indicator: 25.0
   Increment on tard indicator:     0.0
   Value of tmax indicator:         25.0

Task for patient = 177 with skills = {5,-1} and cost = 800.0
   Vehicle #0 = 42, leaving at = 821.0
   Vehicle #1 = -1, leaving at = inf
   Increment on distance indicator: 19.0
   Increment on tard indicator:     0.0
   Value of tmax indicator:         19.0

Task for patient = 17 with skills = {4,-1} and cost = 793.7
   Vehicle #0 = 43, leaving at = 798.0
   Vehicle #1 = -1, leaving at = inf
   Increment on distance indicator: 4.0
   Increment on tard indicator:     0.0
   Value of tmax indicator:         4.0

Task for patient = 2 with skills = {2,-1} and cost = 767.7
   Vehicle #0 = 11, leaving at = 897.0
   Vehicle #1 = -1, leaving at = inf
   Increment on distance indicator: 8.0
   Increment on tard indicator:     0.0
   Value of tmax indicator:         8.0

Task for patient = 9 with skills = {2,4} and cost = 789.0
   Vehicle #0 = 5, leaving at = 1035.0
   Vehicle #1 = 30, leaving at = 1072.0
   Increment on distance indicator: 5.0
   Increment on tard indicator:     0.0
   Value of tmax indicator:         5.0

Task for patient = 70 with skills = {5,-1} and cost = 787.3
   Vehicle #0 = 50, leaving at = 882.0
   Vehicle #1 = -1, leaving at = inf
   Increment on distance indicator: 6.0
   Increment on tard indicator:     0.0
   Value of tmax indicator:         6.0

Task for patient = 207 with skills = {0,-1} and cost = 785.3
   Vehicle #0 = 10, leaving at = 960.0
   Vehicle #1 = -1, leaving at = inf
   Increment on distance indicator: 7.0
   Increment on tard indicator:     0.0
   Value of tmax indicator:         7.0

Task for patient = 53 with skills = {2,5} and cost = 783.0
   Vehicle #0 = 5, leaving at = 1009.0
   Vehicle #1 = 38, leaving at = 973.0
   Increment on distance indicator: 10.0
   Increment on tard indicator:     0.0
   Value of tmax indicator:         10.0

Task for patient = 114 with skills = {0,-1} and cost = 779.7
   Vehicle #0 = 26, leaving at = 728.0
   Vehicle #1 = -1, leaving at = inf
   Increment on distance indicator: 7.0
   Increment on tard indicator:     0.0
   Value of tmax indicator:         7.0

Task for patient = 222 with skills = {3,-1} and cost = 777.3
   Vehicle #0 = 52, leaving at = 796.0
   Vehicle #1 = -1, leaving at = inf
   Increment on distance indicator: 1.0
   Increment on tard indicator:     0.0
   Value of tmax indicator:         1.0

Task for patient = 39 with skills = {0,3} and cost = 777.0
   Vehicle #0 = 13, leaving at = 757.0
   Vehicle #1 = 59, leaving at = 787.0
   Increment on distance indicator: 10.0
   Increment on tard indicator:     0.0
   Value of tmax indicator:         10.0

Task for patient = 81 with skills = {1,-1} and cost = 773.7
   Vehicle #0 = 4, leaving at = 1004.0
   Vehicle #1 = -1, leaving at = inf
   Increment on distance indicator: 18.0
   Increment on tard indicator:     0.0
   Value of tmax indicator:         18.0

Task for patient = 12 with skills = {2,5} and cost = 715.7
   Vehicle #0 = 19, leaving at = 825.0
   Vehicle #1 = 48, leaving at = 869.0
   Increment on distance indicator: 14.0
   Increment on tard indicator:     0.0
   Value of tmax indicator:         14.0

Task for patient = 86 with skills = {5,-1} and cost = 792.3
   Vehicle #0 = 46, leaving at = 899.0
   Vehicle #1 = -1, leaving at = inf
   Increment on distance indicator: 10.0
   Increment on tard indicator:     0.0
   Value of tmax indicator:         10.0

Task for patient = 192 with skills = {3,-1} and cost = 651.3
   Vehicle #0 = 47, leaving at = 913.0
   Vehicle #1 = -1, leaving at = inf
   Increment on distance indicator: 1.0
   Increment on tard indicator:     0.0
   Value of tmax indicator:         1.0

Task for patient = 105 with skills = {3,-1} and cost = 651.0
   Vehicle #0 = 38, leaving at = 892.0
   Vehicle #1 = -1, leaving at = inf
   Increment on distance indicator: 3.0
   Increment on tard indicator:     0.0
   Value of tmax indicator:         3.0

Task for patient = 229 with skills = {2,-1} and cost = 650.0
   Vehicle #0 = 3, leaving at = 886.0
   Vehicle #1 = -1, leaving at = inf
   Increment on distance indicator: 3.0
   Increment on tard indicator:     0.0
   Value of tmax indicator:         3.0

Task for patient = 283 with skills = {4,-1} and cost = 649.0
   Vehicle #0 = 30, leaving at = 919.0
   Vehicle #1 = -1, leaving at = inf
   Increment on distance indicator: 4.0
   Increment on tard indicator:     0.0
   Value of tmax indicator:         4.0

Task for patient = 94 with skills = {0,-1} and cost = 647.7
   Vehicle #0 = 4, leaving at = 929.0
   Vehicle #1 = -1, leaving at = inf
   Increment on distance indicator: 4.0
   Increment on tard indicator:     0.0
   Value of tmax indicator:         4.0

Task for patient = 148 with skills = {0,-1} and cost = 646.3
   Vehicle #0 = 10, leaving at = 935.0
   Vehicle #1 = -1, leaving at = inf
   Increment on distance indicator: 6.0
   Increment on tard indicator:     0.0
   Value of tmax indicator:         6.0

Task for patient = 269 with skills = {1,-1} and cost = 644.3
   Vehicle #0 = 9, leaving at = 808.0
   Vehicle #1 = -1, leaving at = inf
   Increment on distance indicator: 12.0
   Increment on tard indicator:     0.0
   Value of tmax indicator:         12.0

Task for patient = 242 with skills = {5,-1} and cost = 640.3
   Vehicle #0 = 32, leaving at = 867.0
   Vehicle #1 = -1, leaving at = inf
   Increment on distance indicator: 6.0
   Increment on tard indicator:     0.0
   Value of tmax indicator:         6.0

Task for patient = 263 with skills = {1,4} and cost = 711.0
   Vehicle #0 = 21, leaving at = 958.0
   Vehicle #1 = 41, leaving at = 983.0
   Increment on distance indicator: 12.0
   Increment on tard indicator:     0.0
   Value of tmax indicator:         12.0

Task for patient = 292 with skills = {2,4} and cost = 633.7
   Vehicle #0 = 21, leaving at = 851.0
   Vehicle #1 = 38, leaving at = 846.0
   Increment on distance indicator: 7.0
   Increment on tard indicator:     0.0
   Value of tmax indicator:         7.0

Task for patient = 257 with skills = {3,-1} and cost = 631.3
   Vehicle #0 = 47, leaving at = 888.0
   Vehicle #1 = -1, leaving at = inf
   Increment on distance indicator: 4.0
   Increment on tard indicator:     0.0
   Value of tmax indicator:         4.0

Task for patient = 125 with skills = {5,-1} and cost = 630.0
   Vehicle #0 = 53, leaving at = 724.0
   Vehicle #1 = -1, leaving at = inf
   Increment on distance indicator: 4.0
   Increment on tard indicator:     0.0
   Value of tmax indicator:         4.0

Task for patient = 226 with skills = {2,5} and cost = 628.7
   Vehicle #0 = 24, leaving at = 652.0
   Vehicle #1 = 53, leaving at = 692.0
   Increment on distance indicator: 20.0
   Increment on tard indicator:     0.0
   Value of tmax indicator:         20.0

Task for patient = 85 with skills = {1,4} and cost = 622.0
   Vehicle #0 = 16, leaving at = 758.0
   Vehicle #1 = 33, leaving at = 727.0
   Increment on distance indicator: 10.0
   Increment on tard indicator:     0.0
   Value of tmax indicator:         10.0

Task for patient = 19 with skills = {1,3} and cost = 618.7
   Vehicle #0 = 16, leaving at = 707.0
   Vehicle #1 = 54, leaving at = 714.0
   Increment on distance indicator: 14.0
   Increment on tard indicator:     0.0
   Value of tmax indicator:         14.0

Task for patient = 103 with skills = {5,-1} and cost = 614.0
   Vehicle #0 = 39, leaving at = 764.0
   Vehicle #1 = -1, leaving at = inf
   Increment on distance indicator: 5.0
   Increment on tard indicator:     0.0
   Value of tmax indicator:         5.0

Task for patient = 233 with skills = {0,-1} and cost = 612.3
   Vehicle #0 = 2, leaving at = 719.0
   Vehicle #1 = -1, leaving at = inf
   Increment on distance indicator: 17.0
   Increment on tard indicator:     0.0
   Value of tmax indicator:         17.0

Task for patient = 259 with skills = {0,-1} and cost = 638.3
   Vehicle #0 = 4, leaving at = 863.0
   Vehicle #1 = -1, leaving at = inf
   Increment on distance indicator: 14.0
   Increment on tard indicator:     0.0
   Value of tmax indicator:         14.0

Task for patient = 121 with skills = {0,-1} and cost = 825.0
   Vehicle #0 = 13, leaving at = 828.0
   Vehicle #1 = -1, leaving at = inf
   Increment on distance indicator: 15.0
   Increment on tard indicator:     0.0
   Value of tmax indicator:         15.0

Task for patient = 116 with skills = {4,-1} and cost = 707.0
   Vehicle #0 = 35, leaving at = 771.0
   Vehicle #1 = -1, leaving at = inf
   Increment on distance indicator: 13.0
   Increment on tard indicator:     0.0
   Value of tmax indicator:         13.0

Task for patient = 254 with skills = {2,5} and cost = 702.7
   Vehicle #0 = 21, leaving at = 891.0
   Vehicle #1 = 41, leaving at = 925.0
   Increment on distance indicator: 9.0
   Increment on tard indicator:     0.0
   Value of tmax indicator:         9.0

Task for patient = 41 with skills = {3,-1} and cost = 699.7
   Vehicle #0 = 48, leaving at = 806.0
   Vehicle #1 = -1, leaving at = inf
   Increment on distance indicator: 18.0
   Increment on tard indicator:     0.0
   Value of tmax indicator:         18.0

Task for patient = 110 with skills = {4,-1} and cost = 693.7
   Vehicle #0 = 41, leaving at = 797.0
   Vehicle #1 = -1, leaving at = inf
   Increment on distance indicator: 3.0
   Increment on tard indicator:     0.0
   Value of tmax indicator:         3.0

Task for patient = 209 with skills = {2,5} and cost = 692.7
   Vehicle #0 = 16, leaving at = 794.0
   Vehicle #1 = 39, leaving at = 815.0
   Increment on distance indicator: 18.0
   Increment on tard indicator:     0.0
   Value of tmax indicator:         18.0

Task for patient = 187 with skills = {5,-1} and cost = 686.7
   Vehicle #0 = 31, leaving at = 958.0
   Vehicle #1 = -1, leaving at = inf
   Increment on distance indicator: 4.0
   Increment on tard indicator:     0.0
   Value of tmax indicator:         4.0

Task for patient = 205 with skills = {4,-1} and cost = 685.3
   Vehicle #0 = 32, leaving at = 909.0
   Vehicle #1 = -1, leaving at = inf
   Increment on distance indicator: 6.0
   Increment on tard indicator:     0.0
   Value of tmax indicator:         6.0

Task for patient = 275 with skills = {2,-1} and cost = 654.3
   Vehicle #0 = 24, leaving at = 696.0
   Vehicle #1 = -1, leaving at = inf
   Increment on distance indicator: 9.0
   Increment on tard indicator:     0.0
   Value of tmax indicator:         9.0

Task for patient = 133 with skills = {4,-1} and cost = 681.7
   Vehicle #0 = 36, leaving at = 674.0
   Vehicle #1 = -1, leaving at = inf
   Increment on distance indicator: 20.0
   Increment on tard indicator:     0.0
   Value of tmax indicator:         20.0

Task for patient = 203 with skills = {0,5} and cost = 675.0
   Vehicle #0 = 24, leaving at = 768.0
   Vehicle #1 = 53, leaving at = 783.0
   Increment on distance indicator: 10.0
   Increment on tard indicator:     0.0
   Value of tmax indicator:         10.0

Task for patient = 176 with skills = {3,-1} and cost = 671.7
   Vehicle #0 = 52, leaving at = 759.0
   Vehicle #1 = -1, leaving at = inf
   Increment on distance indicator: 4.0
   Increment on tard indicator:     0.0
   Value of tmax indicator:         4.0

Task for patient = 232 with skills = {1,4} and cost = 670.3
   Vehicle #0 = 9, leaving at = 908.0
   Vehicle #1 = 47, leaving at = 932.0
   Increment on distance indicator: 6.0
   Increment on tard indicator:     0.0
   Value of tmax indicator:         6.0

Task for patient = 30 with skills = {1,3} and cost = 668.3
   Vehicle #0 = 11, leaving at = 850.0
   Vehicle #1 = 45, leaving at = 847.0
   Increment on distance indicator: 7.0
   Increment on tard indicator:     0.0
   Value of tmax indicator:         7.0

Task for patient = 141 with skills = {2,-1} and cost = 666.0
   Vehicle #0 = 0, leaving at = 886.0
   Vehicle #1 = -1, leaving at = inf
   Increment on distance indicator: 4.0
   Increment on tard indicator:     0.0
   Value of tmax indicator:         4.0

Task for patient = 244 with skills = {2,-1} and cost = 664.7
   Vehicle #0 = 26, leaving at = 650.0
   Vehicle #1 = -1, leaving at = inf
   Increment on distance indicator: 14.0
   Increment on tard indicator:     0.0
   Value of tmax indicator:         14.0

Task for patient = 169 with skills = {1,-1} and cost = 660.0
   Vehicle #0 = 9, leaving at = 852.0
   Vehicle #1 = -1, leaving at = inf
   Increment on distance indicator: 2.0
   Increment on tard indicator:     0.0
   Value of tmax indicator:         2.0

Task for patient = 88 with skills = {5,-1} and cost = 659.3
   Vehicle #0 = 55, leaving at = 662.0
   Vehicle #1 = -1, leaving at = inf
   Increment on distance indicator: 15.0
   Increment on tard indicator:     0.0
   Value of tmax indicator:         15.0

Task for patient = 173 with skills = {5,-1} and cost = 683.3
   Vehicle #0 = 48, leaving at = 770.0
   Vehicle #1 = -1, leaving at = inf
   Increment on distance indicator: 5.0
   Increment on tard indicator:     0.0
   Value of tmax indicator:         5.0

Task for patient = 243 with skills = {3,-1} and cost = 963.3
   Vehicle #0 = 40, leaving at = 1001.0
   Vehicle #1 = -1, leaving at = inf
   Increment on distance indicator: 8.0
   Increment on tard indicator:     0.0
   Value of tmax indicator:         8.0

Task for patient = 62 with skills = {3,-1} and cost = 960.7
   Vehicle #0 = 31, leaving at = 1044.0
   Vehicle #1 = -1, leaving at = inf
   Increment on distance indicator: 3.0
   Increment on tard indicator:     0.0
   Value of tmax indicator:         3.0

Task for patient = 168 with skills = {2,5} and cost = 959.7
   Vehicle #0 = 11, leaving at = 1010.0
   Vehicle #1 = 50, leaving at = 1048.0
   Increment on distance indicator: 9.0
   Increment on tard indicator:     0.0
   Value of tmax indicator:         9.0

Task for patient = 201 with skills = {2,3} and cost = 956.7
   Vehicle #0 = 20, leaving at = 819.0
   Vehicle #1 = 57, leaving at = 818.0
   Increment on distance indicator: 17.0
   Increment on tard indicator:     0.0
   Value of tmax indicator:         17.0

Task for patient = 107 with skills = {5,-1} and cost = 951.0
   Vehicle #0 = 45, leaving at = 1035.0
   Vehicle #1 = -1, leaving at = inf
   Increment on distance indicator: 4.0
   Increment on tard indicator:     0.0
   Value of tmax indicator:         4.0

Task for patient = 167 with skills = {2,-1} and cost = 949.7
   Vehicle #0 = 17, leaving at = 1039.0
   Vehicle #1 = -1, leaving at = inf
   Increment on distance indicator: 6.0
   Increment on tard indicator:     0.0
   Value of tmax indicator:         6.0

Task for patient = 80 with skills = {2,4} and cost = 947.7
   Vehicle #0 = 8, leaving at = 1026.0
   Vehicle #1 = 47, leaving at = 1062.0
   Increment on distance indicator: 10.0
   Increment on tard indicator:     0.0
   Value of tmax indicator:         10.0

Task for patient = 142 with skills = {5,-1} and cost = 944.3
   Vehicle #0 = 39, leaving at = 906.0
   Vehicle #1 = -1, leaving at = inf
   Increment on distance indicator: 6.0
   Increment on tard indicator:     0.0
   Value of tmax indicator:         6.0

Task for patient = 198 with skills = {0,-1} and cost = 827.7
   Vehicle #0 = 7, leaving at = 832.0
   Vehicle #1 = -1, leaving at = inf
   Increment on distance indicator: 8.0
   Increment on tard indicator:     0.0
   Value of tmax indicator:         8.0

Task for patient = 230 with skills = {3,-1} and cost = 941.3
   Vehicle #0 = 46, leaving at = 1050.0
   Vehicle #1 = -1, leaving at = inf
   Increment on distance indicator: 6.0
   Increment on tard indicator:     0.0
   Value of tmax indicator:         6.0

Task for patient = 35 with skills = {1,-1} and cost = 939.3
   Vehicle #0 = 3, leaving at = 1033.0
   Vehicle #1 = -1, leaving at = inf
   Increment on distance indicator: 4.0
   Increment on tard indicator:     0.0
   Value of tmax indicator:         4.0

Task for patient = 34 with skills = {0,4} and cost = 938.0
   Vehicle #0 = 19, leaving at = 1027.0
   Vehicle #1 = 34, leaving at = 1048.0
   Increment on distance indicator: 4.0
   Increment on tard indicator:     0.0
   Value of tmax indicator:         4.0

Task for patient = 211 with skills = {2,3} and cost = 936.7
   Vehicle #0 = 0, leaving at = 981.0
   Vehicle #1 = 47, leaving at = 1003.0
   Increment on distance indicator: 16.0
   Increment on tard indicator:     0.0
   Value of tmax indicator:         16.0

Task for patient = 154 with skills = {0,-1} and cost = 931.3
   Vehicle #0 = 1, leaving at = 1073.0
   Vehicle #1 = -1, leaving at = inf
   Increment on distance indicator: 4.0
   Increment on tard indicator:     0.0
   Value of tmax indicator:         4.0

Task for patient = 171 with skills = {2,4} and cost = 930.0
   Vehicle #0 = 17, leaving at = 1013.0
   Vehicle #1 = 33, leaving at = 1042.0
   Increment on distance indicator: 12.0
   Increment on tard indicator:     0.0
   Value of tmax indicator:         12.0

Task for patient = 118 with skills = {0,-1} and cost = 926.0
   Vehicle #0 = 9, leaving at = 1037.0
   Vehicle #1 = -1, leaving at = inf
   Increment on distance indicator: 3.0
   Increment on tard indicator:     0.0
   Value of tmax indicator:         3.0

Task for patient = 74 with skills = {3,-1} and cost = 925.0
   Vehicle #0 = 35, leaving at = 1102.0
   Vehicle #1 = -1, leaving at = inf
   Increment on distance indicator: 16.0
   Increment on tard indicator:     0.0
   Value of tmax indicator:         16.0

Task for patient = 293 with skills = {3,-1} and cost = 942.3
   Vehicle #0 = 40, leaving at = 971.0
   Vehicle #1 = -1, leaving at = inf
   Increment on distance indicator: 3.0
   Increment on tard indicator:     0.0
   Value of tmax indicator:         3.0

Task for patient = 71 with skills = {2,-1} and cost = 1040.0
   Vehicle #0 = 16, leaving at = 968.0
   Vehicle #1 = -1, leaving at = inf
   Increment on distance indicator: 2.0
   Increment on tard indicator:     0.0
   Value of tmax indicator:         2.0

Task for patient = 278 with skills = {3,-1} and cost = 1039.3
   Vehicle #0 = 52, leaving at = 925.0
   Vehicle #1 = -1, leaving at = inf
   Increment on distance indicator: 16.0
   Increment on tard indicator:     0.0
   Value of tmax indicator:         16.0

Task for patient = 156 with skills = {4,-1} and cost = 1034.0
   Vehicle #0 = 48, leaving at = 962.0
   Vehicle #1 = -1, leaving at = inf
   Increment on distance indicator: 15.0
   Increment on tard indicator:     0.0
   Value of tmax indicator:         15.0

Task for patient = 279 with skills = {0,-1} and cost = 1029.0
   Vehicle #0 = 24, leaving at = 958.0
   Vehicle #1 = -1, leaving at = inf
   Increment on distance indicator: 6.0
   Increment on tard indicator:     0.0
   Value of tmax indicator:         6.0

Task for patient = 108 with skills = {0,4} and cost = 1027.0
   Vehicle #0 = 7, leaving at = 933.0
   Vehicle #1 = 36, leaving at = 949.0
   Increment on distance indicator: 16.0
   Increment on tard indicator:     0.0
   Value of tmax indicator:         16.0

Task for patient = 83 with skills = {2,-1} and cost = 1018.0
   Vehicle #0 = 23, leaving at = 881.0
   Vehicle #1 = -1, leaving at = inf
   Increment on distance indicator: 16.0
   Increment on tard indicator:     0.0
   Value of tmax indicator:         16.0

Task for patient = 162 with skills = {0,4} and cost = 1012.7
   Vehicle #0 = 8, leaving at = 1071.0
   Vehicle #1 = 38, leaving at = 1064.0
   Increment on distance indicator: 14.0
   Increment on tard indicator:     0.0
   Value of tmax indicator:         14.0

Task for patient = 126 with skills = {3,-1} and cost = 1008.0
   Vehicle #0 = 40, leaving at = 1034.0
   Vehicle #1 = -1, leaving at = inf
   Increment on distance indicator: 4.0
   Increment on tard indicator:     0.0
   Value of tmax indicator:         4.0

Task for patient = 132 with skills = {1,4} and cost = 970.3
   Vehicle #0 = 25, leaving at = 896.0
   Vehicle #1 = 43, leaving at = 904.0
   Increment on distance indicator: 21.0
   Increment on tard indicator:     0.0
   Value of tmax indicator:         21.0

Task for patient = 268 with skills = {1,-1} and cost = 1001.7
   Vehicle #0 = 28, leaving at = 1011.0
   Vehicle #1 = -1, leaving at = inf
   Increment on distance indicator: 6.0
   Increment on tard indicator:     0.0
   Value of tmax indicator:         6.0

Task for patient = 224 with skills = {0,-1} and cost = 999.7
   Vehicle #0 = 13, leaving at = 894.0
   Vehicle #1 = -1, leaving at = inf
   Increment on distance indicator: 16.0
   Increment on tard indicator:     0.0
   Value of tmax indicator:         16.0

Task for patient = 20 with skills = {2,-1} and cost = 994.3
   Vehicle #0 = 6, leaving at = 1059.0
   Vehicle #1 = -1, leaving at = inf
   Increment on distance indicator: 5.0
   Increment on tard indicator:     0.0
   Value of tmax indicator:         5.0

Task for patient = 212 with skills = {2,3} and cost = 992.7
   Vehicle #0 = 0, leaving at = 1075.0
   Vehicle #1 = 31, leaving at = 1103.0
   Increment on distance indicator: 13.0
   Increment on tard indicator:     0.0
   Value of tmax indicator:         13.0

Task for patient = 239 with skills = {2,4} and cost = 988.3
   Vehicle #0 = 16, leaving at = 942.0
   Vehicle #1 = 36, leaving at = 902.0
   Increment on distance indicator: 2.0
   Increment on tard indicator:     0.0
   Value of tmax indicator:         2.0

Task for patient = 256 with skills = {2,4} and cost = 987.7
   Vehicle #0 = 17, leaving at = 1097.0
   Vehicle #1 = 33, leaving at = 1099.0
   Increment on distance indicator: 14.0
   Increment on tard indicator:     0.0
   Value of tmax indicator:         14.0

Task for patient = 58 with skills = {1,3} and cost = 983.0
   Vehicle #0 = 18, leaving at = 964.0
   Vehicle #1 = 58, leaving at = 982.0
   Increment on distance indicator: 13.0
   Increment on tard indicator:     0.0
   Value of tmax indicator:         13.0

Task for patient = 221 with skills = {0,3} and cost = 978.7
   Vehicle #0 = 12, leaving at = 958.0
   Vehicle #1 = 51, leaving at = 962.0
   Increment on distance indicator: 12.0
   Increment on tard indicator:     0.0
   Value of tmax indicator:         12.0

Task for patient = 235 with skills = {0,5} and cost = 974.7
   Vehicle #0 = 24, leaving at = 927.0
   Vehicle #1 = 39, leaving at = 971.0
   Increment on distance indicator: 13.0
   Increment on tard indicator:     0.0
   Value of tmax indicator:         13.0

Task for patient = 163 with skills = {3,-1} and cost = 1006.7
   Vehicle #0 = 57, leaving at = 946.0
   Vehicle #1 = -1, leaving at = inf
   Increment on distance indicator: 15.0
   Increment on tard indicator:     0.0
   Value of tmax indicator:         15.0

Task for patient = 267 with skills = {2,-1} and cost = 862.3
   Vehicle #0 = 9, leaving at = 1003.0
   Vehicle #1 = -1, leaving at = inf
   Increment on distance indicator: 6.0
   Increment on tard indicator:     0.0
   Value of tmax indicator:         6.0

Task for patient = 38 with skills = {0,-1} and cost = 860.3
   Vehicle #0 = 8, leaving at = 933.0
   Vehicle #1 = -1, leaving at = inf
   Increment on distance indicator: 4.0
   Increment on tard indicator:     0.0
   Value of tmax indicator:         4.0

Task for patient = 98 with skills = {1,4} and cost = 859.0
   Vehicle #0 = 3, leaving at = 935.0
   Vehicle #1 = 42, leaving at = 946.0
   Increment on distance indicator: 9.0
   Increment on tard indicator:     0.0
   Value of tmax indicator:         9.0

Task for patient = 22 with skills = {2,-1} and cost = 856.0
   Vehicle #0 = 10, leaving at = 1041.0
   Vehicle #1 = -1, leaving at = inf
   Increment on distance indicator: 3.0
   Increment on tard indicator:     0.0
   Value of tmax indicator:         3.0

Task for patient = 28 with skills = {3,-1} and cost = 855.0
   Vehicle #0 = 46, leaving at = 984.0
   Vehicle #1 = -1, leaving at = inf
   Increment on distance indicator: 5.0
   Increment on tard indicator:     0.0
   Value of tmax indicator:         5.0

Task for patient = 24 with skills = {3,-1} and cost = 853.3
   Vehicle #0 = 50, leaving at = 928.0
   Vehicle #1 = -1, leaving at = inf
   Increment on distance indicator: 9.0
   Increment on tard indicator:     0.0
   Value of tmax indicator:         9.0

Task for patient = 68 with skills = {4,-1} and cost = 850.3
   Vehicle #0 = 41, leaving at = 1065.0
   Vehicle #1 = -1, leaving at = inf
   Increment on distance indicator: 5.0
   Increment on tard indicator:     0.0
   Value of tmax indicator:         5.0

Task for patient = 180 with skills = {2,4} and cost = 848.7
   Vehicle #0 = 11, leaving at = 985.0
   Vehicle #1 = 38, leaving at = 1021.0
   Increment on distance indicator: 6.0
   Increment on tard indicator:     0.0
   Value of tmax indicator:         6.0

Task for patient = 5 with skills = {4,-1} and cost = 919.7
   Vehicle #0 = 35, leaving at = 1031.0
   Vehicle #1 = -1, leaving at = inf
   Increment on distance indicator: 17.0
   Increment on tard indicator:     0.0
   Value of tmax indicator:         17.0

Task for patient = 284 with skills = {1,-1} and cost = 845.0
   Vehicle #0 = 28, leaving at = 969.0
   Vehicle #1 = -1, leaving at = inf
   Increment on distance indicator: 4.0
   Increment on tard indicator:     0.0
   Value of tmax indicator:         4.0

Task for patient = 14 with skills = {2,3} and cost = 843.7
   Vehicle #0 = 11, leaving at = 923.0
   Vehicle #1 = 58, leaving at = 959.0
   Increment on distance indicator: 12.0
   Increment on tard indicator:     0.0
   Value of tmax indicator:         12.0

Task for patient = 175 with skills = {3,-1} and cost = 839.7
   Vehicle #0 = 50, leaving at = 901.0
   Vehicle #1 = -1, leaving at = inf
   Increment on distance indicator: 3.0
   Increment on tard indicator:     0.0
   Value of tmax indicator:         3.0

Task for patient = 289 with skills = {0,-1} and cost = 838.7
   Vehicle #0 = 17, leaving at = 985.0
   Vehicle #1 = -1, leaving at = inf
   Increment on distance indicator: 6.0
   Increment on tard indicator:     0.0
   Value of tmax indicator:         6.0

Task for patient = 10 with skills = {4,-1} and cost = 836.7
   Vehicle #0 = 35, leaving at = 847.0
   Vehicle #1 = -1, leaving at = inf
   Increment on distance indicator: 5.0
   Increment on tard indicator:     0.0
   Value of tmax indicator:         5.0

Task for patient = 73 with skills = {0,5} and cost = 835.0
   Vehicle #0 = 6, leaving at = 936.0
   Vehicle #1 = 34, leaving at = 937.0
   Increment on distance indicator: 4.0
   Increment on tard indicator:     0.0
   Value of tmax indicator:         4.0

Task for patient = 96 with skills = {2,-1} and cost = 833.7
   Vehicle #0 = 10, leaving at = 985.0
   Vehicle #1 = -1, leaving at = inf
   Increment on distance indicator: 3.0
   Increment on tard indicator:     0.0
   Value of tmax indicator:         3.0

Task for patient = 37 with skills = {2,5} and cost = 832.7
   Vehicle #0 = 17, leaving at = 935.0
   Vehicle #1 = 45, leaving at = 928.0
   Increment on distance indicator: 15.0
   Increment on tard indicator:     0.0
   Value of tmax indicator:         15.0

Task for patient = 189 with skills = {5,-1} and cost = 606.7
   Vehicle #0 = 40, leaving at = 843.0
   Vehicle #1 = -1, leaving at = inf
   Increment on distance indicator: 6.0
   Increment on tard indicator:     0.0
   Value of tmax indicator:         6.0

Task for patient = 241 with skills = {0,3} and cost = 846.7
   Vehicle #0 = 1, leaving at = 975.0
   Vehicle #1 = 31, leaving at = 995.0
   Increment on distance indicator: 5.0
   Increment on tard indicator:     0.0
   Value of tmax indicator:         5.0

Task for patient = 178 with skills = {1,-1} and cost = 914.0
   Vehicle #0 = 3, leaving at = 973.0
   Vehicle #1 = -1, leaving at = inf
   Increment on distance indicator: 7.0
   Increment on tard indicator:     0.0
   Value of tmax indicator:         7.0

Task for patient = 84 with skills = {4,-1} and cost = 911.7
   Vehicle #0 = 42, leaving at = 1005.0
   Vehicle #1 = -1, leaving at = inf
   Increment on distance indicator: 4.0
   Increment on tard indicator:     0.0
   Value of tmax indicator:         4.0

Task for patient = 286 with skills = {5,-1} and cost = 910.3
   Vehicle #0 = 32, leaving at = 1015.0
   Vehicle #1 = -1, leaving at = inf
   Increment on distance indicator: 3.0
   Increment on tard indicator:     0.0
   Value of tmax indicator:         3.0

Task for patient = 46 with skills = {0,-1} and cost = 909.3
   Vehicle #0 = 10, leaving at = 1097.0
   Vehicle #1 = -1, leaving at = inf
   Increment on distance indicator: 3.0
   Increment on tard indicator:     0.0
   Value of tmax indicator:         3.0

Task for patient = 95 with skills = {1,-1} and cost = 908.3
   Vehicle #0 = 5, leaving at = 1092.0
   Vehicle #1 = -1, leaving at = inf
   Increment on distance indicator: 4.0
   Increment on tard indicator:     0.0
   Value of tmax indicator:         4.0

Task for patient = 57 with skills = {2,4} and cost = 907.0
   Vehicle #0 = 16, leaving at = 882.0
   Vehicle #1 = 36, leaving at = 861.0
   Increment on distance indicator: 5.0
   Increment on tard indicator:     0.0
   Value of tmax indicator:         5.0

Task for patient = 217 with skills = {3,-1} and cost = 905.3
   Vehicle #0 = 54, leaving at = 851.0
   Vehicle #1 = -1, leaving at = inf
   Increment on distance indicator: 8.0
   Increment on tard indicator:     0.0
   Value of tmax indicator:         8.0

Task for patient = 123 with skills = {0,5} and cost = 902.7
   Vehicle #0 = 24, leaving at = 893.0
   Vehicle #1 = 40, leaving at = 935.0
   Increment on distance indicator: 10.0
   Increment on tard indicator:     0.0
   Value of tmax indicator:         10.0

Task for patient = 253 with skills = {2,-1} and cost = 863.0
   Vehicle #0 = 6, leaving at = 985.0
   Vehicle #1 = -1, leaving at = inf
   Increment on distance indicator: 2.0
   Increment on tard indicator:     0.0
   Value of tmax indicator:         2.0

Task for patient = 89 with skills = {2,4} and cost = 892.3
   Vehicle #0 = 24, leaving at = 861.0
   Vehicle #1 = 40, leaving at = 878.0
   Increment on distance indicator: 13.0
   Increment on tard indicator:     0.0
   Value of tmax indicator:         13.0

Task for patient = 199 with skills = {5,-1} and cost = 888.0
   Vehicle #0 = 45, leaving at = 976.0
   Vehicle #1 = -1, leaving at = inf
   Increment on distance indicator: 2.0
   Increment on tard indicator:     0.0
   Value of tmax indicator:         2.0

Task for patient = 152 with skills = {0,-1} and cost = 887.3
   Vehicle #0 = 1, leaving at = 1017.0
   Vehicle #1 = -1, leaving at = inf
   Increment on distance indicator: 5.0
   Increment on tard indicator:     0.0
   Value of tmax indicator:         5.0

Task for patient = 200 with skills = {0,3} and cost = 885.7
   Vehicle #0 = 19, leaving at = 989.0
   Vehicle #1 = 34, leaving at = 993.0
   Increment on distance indicator: 8.0
   Increment on tard indicator:     0.0
   Value of tmax indicator:         8.0

Task for patient = 274 with skills = {1,-1} and cost = 883.0
   Vehicle #0 = 18, leaving at = 771.0
   Vehicle #1 = -1, leaving at = inf
   Increment on distance indicator: 7.0
   Increment on tard indicator:     0.0
   Value of tmax indicator:         7.0

Task for patient = 261 with skills = {2,4} and cost = 880.7
   Vehicle #0 = 19, leaving at = 947.0
   Vehicle #1 = 34, leaving at = 962.0
   Increment on distance indicator: 19.0
   Increment on tard indicator:     0.0
   Value of tmax indicator:         19.0

Task for patient = 182 with skills = {3,-1} and cost = 874.3
   Vehicle #0 = 35, leaving at = 894.0
   Vehicle #1 = -1, leaving at = inf
   Increment on distance indicator: 13.0
   Increment on tard indicator:     0.0
   Value of tmax indicator:         13.0

Task for patient = 225 with skills = {2,-1} and cost = 870.0
   Vehicle #0 = 15, leaving at = 995.0
   Vehicle #1 = -1, leaving at = inf
   Increment on distance indicator: 10.0
   Increment on tard indicator:     0.0
   Value of tmax indicator:         10.0

Task for patient = 218 with skills = {2,4} and cost = 866.7
   Vehicle #0 = 6, leaving at = 1038.0
   Vehicle #1 = 37, leaving at = 1063.0
   Increment on distance indicator: 11.0
   Increment on tard indicator:     0.0
   Value of tmax indicator:         11.0

Task for patient = 155 with skills = {3,-1} and cost = 899.3
   Vehicle #0 = 35, leaving at = 968.0
   Vehicle #1 = -1, leaving at = inf
   Increment on distance indicator: 21.0
   Increment on tard indicator:     0.0
   Value of tmax indicator:         21.0

Task for patient = 204 with skills = {2,3} and cost = 312.7
   Vehicle #0 = 15, leaving at = 746.0
   Vehicle #1 = 45, leaving at = 747.0
   Increment on distance indicator: 18.0
   Increment on tard indicator:     0.0
   Value of tmax indicator:         18.0

Task for patient = 32 with skills = {0,-1} and cost = 306.7
   Vehicle #0 = 7, leaving at = 543.0
   Vehicle #1 = -1, leaving at = inf
   Increment on distance indicator: 25.0
   Increment on tard indicator:     0.0
   Value of tmax indicator:         25.0

Task for patient = 186 with skills = {1,3} and cost = 298.3
   Vehicle #0 = 15, leaving at = 627.0
   Vehicle #1 = 46, leaving at = 663.0
   Increment on distance indicator: 20.0
   Increment on tard indicator:     0.0
   Value of tmax indicator:         20.0

Task for patient = 122 with skills = {5,-1} and cost = 291.7
   Vehicle #0 = 41, leaving at = 596.0
   Vehicle #1 = -1, leaving at = inf
   Increment on distance indicator: 7.0
   Increment on tard indicator:     0.0
   Value of tmax indicator:         7.0

Task for patient = 290 with skills = {2,5} and cost = 289.3
   Vehicle #0 = 11, leaving at = 709.0
   Vehicle #1 = 39, leaving at = 691.0
   Increment on distance indicator: 16.0
   Increment on tard indicator:     0.0
   Value of tmax indicator:         16.0

Task for patient = 297 with skills = {2,4} and cost = 284.0
   Vehicle #0 = 11, leaving at = 588.0
   Vehicle #1 = 33, leaving at = 620.0
   Increment on distance indicator: 25.0
   Increment on tard indicator:     0.0
   Value of tmax indicator:         25.0

Task for patient = 291 with skills = {1,5} and cost = 275.7
   Vehicle #0 = 12, leaving at = 732.0
   Vehicle #1 = 42, leaving at = 740.0
   Increment on distance indicator: 25.0
   Increment on tard indicator:     0.0
   Value of tmax indicator:         25.0

Task for patient = 231 with skills = {2,3} and cost = 267.3
   Vehicle #0 = 10, leaving at = 740.0
   Vehicle #1 = 45, leaving at = 721.0
   Increment on distance indicator: 19.0
   Increment on tard indicator:     0.0
   Value of tmax indicator:         19.0

Task for patient = 69 with skills = {4,-1} and cost = 604.7
   Vehicle #0 = 41, leaving at = 744.0
   Vehicle #1 = -1, leaving at = inf
   Increment on distance indicator: 14.0
   Increment on tard indicator:     0.0
   Value of tmax indicator:         14.0

Task for patient = 174 with skills = {1,3} and cost = 257.7
   Vehicle #0 = 10, leaving at = 631.0
   Vehicle #1 = 42, leaving at = 655.0
   Increment on distance indicator: 26.0
   Increment on tard indicator:     0.0
   Value of tmax indicator:         26.0

Task for patient = 277 with skills = {0,-1} and cost = 249.0
   Vehicle #0 = 8, leaving at = 673.0
   Vehicle #1 = -1, leaving at = inf
   Increment on distance indicator: 15.0
   Increment on tard indicator:     0.0
   Value of tmax indicator:         15.0

Task for patient = 264 with skills = {1,5} and cost = 244.0
   Vehicle #0 = 3, leaving at = 824.0
   Vehicle #1 = 31, leaving at = 854.0
   Increment on distance indicator: 9.0
   Increment on tard indicator:     0.0
   Value of tmax indicator:         9.0

Task for patient = 78 with skills = {3,-1} and cost = 241.0
   Vehicle #0 = 38, leaving at = 787.0
   Vehicle #1 = -1, leaving at = inf
   Increment on distance indicator: 7.0
   Increment on tard indicator:     0.0
   Value of tmax indicator:         7.0

Task for patient = 213 with skills = {0,3} and cost = 238.7
   Vehicle #0 = 9, leaving at = 755.0
   Vehicle #1 = 40, leaving at = 737.0
   Increment on distance indicator: 21.0
   Increment on tard indicator:     0.0
   Value of tmax indicator:         21.0

Task for patient = 258 with skills = {5,-1} and cost = 225.0
   Vehicle #0 = 38, leaving at = 752.0
   Vehicle #1 = -1, leaving at = inf
   Increment on distance indicator: 4.0
   Increment on tard indicator:     0.0
   Value of tmax indicator:         4.0

Task for patient = 202 with skills = {3,-1} and cost = 223.7
   Vehicle #0 = 40, leaving at = 690.0
   Vehicle #1 = -1, leaving at = inf
   Increment on distance indicator: 8.0
   Increment on tard indicator:     0.0
   Value of tmax indicator:         8.0

Task for patient = 131 with skills = {2,5} and cost = 221.0
   Vehicle #0 = 11, leaving at = 548.0
   Vehicle #1 = 41, leaving at = 558.0
   Increment on distance indicator: 32.0
   Increment on tard indicator:     0.0
   Value of tmax indicator:         32.0

Task for patient = 16 with skills = {2,3} and cost = 261.0
   Vehicle #0 = 10, leaving at = 691.0
   Vehicle #1 = 42, leaving at = 712.0
   Increment on distance indicator: 10.0
   Increment on tard indicator:     0.0
   Value of tmax indicator:         10.0

Task for patient = 228 with skills = {1,-1} and cost = 377.3
   Vehicle #0 = 19, leaving at = 619.0
   Vehicle #1 = -1, leaving at = inf
   Increment on distance indicator: 7.0
   Increment on tard indicator:     0.0
   Value of tmax indicator:         7.0

Task for patient = 143 with skills = {1,-1} and cost = 375.0
   Vehicle #0 = 15, leaving at = 780.0
   Vehicle #1 = -1, leaving at = inf
   Increment on distance indicator: 12.0
   Increment on tard indicator:     0.0
   Value of tmax indicator:         12.0

Task for patient = 164 with skills = {3,-1} and cost = 371.0
   Vehicle #0 = 47, leaving at = 694.0
   Vehicle #1 = -1, leaving at = inf
   Increment on distance indicator: 20.0
   Increment on tard indicator:     0.0
   Value of tmax indicator:         20.0

Task for patient = 252 with skills = {2,-1} and cost = 364.3
   Vehicle #0 = 11, leaving at = 744.0
   Vehicle #1 = -1, leaving at = inf
   Increment on distance indicator: 2.0
   Increment on tard indicator:     0.0
   Value of tmax indicator:         2.0

Task for patient = 170 with skills = {5,-1} and cost = 363.7
   Vehicle #0 = 46, leaving at = 787.0
   Vehicle #1 = -1, leaving at = inf
   Increment on distance indicator: 4.0
   Increment on tard indicator:     0.0
   Value of tmax indicator:         4.0

Task for patient = 67 with skills = {1,-1} and cost = 362.3
   Vehicle #0 = 16, leaving at = 665.0
   Vehicle #1 = -1, leaving at = inf
   Increment on distance indicator: 3.0
   Increment on tard indicator:     0.0
   Value of tmax indicator:         3.0

Task for patient = 1 with skills = {2,-1} and cost = 361.3
   Vehicle #0 = 19, leaving at = 549.0
   Vehicle #1 = -1, leaving at = inf
   Increment on distance indicator: 20.0
   Increment on tard indicator:     0.0
   Value of tmax indicator:         20.0

Task for patient = 82 with skills = {1,-1} and cost = 354.7
   Vehicle #0 = 10, leaving at = 817.0
   Vehicle #1 = -1, leaving at = inf
   Increment on distance indicator: 6.0
   Increment on tard indicator:     0.0
   Value of tmax indicator:         6.0

Task for patient = 193 with skills = {3,-1} and cost = 318.0
   Vehicle #0 = 46, leaving at = 726.0
   Vehicle #1 = -1, leaving at = inf
   Increment on distance indicator: 16.0
   Increment on tard indicator:     0.0
   Value of tmax indicator:         16.0

Task for patient = 40 with skills = {0,-1} and cost = 348.7
   Vehicle #0 = 8, leaving at = 711.0
   Vehicle #1 = -1, leaving at = inf
   Increment on distance indicator: 6.0
   Increment on tard indicator:     0.0
   Value of tmax indicator:         6.0

Task for patient = 3 with skills = {1,-1} and cost = 346.7
   Vehicle #0 = 17, leaving at = 523.0
   Vehicle #1 = -1, leaving at = inf
   Increment on distance indicator: 5.0
   Increment on tard indicator:     0.0
   Value of tmax indicator:         5.0

Task for patient = 106 with skills = {2,5} and cost = 345.0
   Vehicle #0 = 5, leaving at = 889.0
   Vehicle #1 = 30, leaving at = 868.0
   Increment on distance indicator: 2.0
   Increment on tard indicator:     0.0
   Value of tmax indicator:         2.0

Task for patient = 298 with skills = {3,-1} and cost = 344.3
   Vehicle #0 = 45, leaving at = 793.0
   Vehicle #1 = -1, leaving at = inf
   Increment on distance indicator: 5.0
   Increment on tard indicator:     0.0
   Value of tmax indicator:         5.0

Task for patient = 29 with skills = {0,-1} and cost = 342.7
   Vehicle #0 = 7, leaving at = 597.0
   Vehicle #1 = -1, leaving at = inf
   Increment on distance indicator: 11.0
   Increment on tard indicator:     0.0
   Value of tmax indicator:         11.0

Task for patient = 271 with skills = {2,-1} and cost = 339.0
   Vehicle #0 = 16, leaving at = 539.0
   Vehicle #1 = -1, leaving at = inf
   Increment on distance indicator: 29.0
   Increment on tard indicator:     0.0
   Value of tmax indicator:         29.0

Task for patient = 101 with skills = {3,-1} and cost = 329.3
   Vehicle #0 = 47, leaving at = 620.0
   Vehicle #1 = -1, leaving at = inf
   Increment on distance indicator: 17.0
   Increment on tard indicator:     0.0
   Value of tmax indicator:         17.0

Task for patient = 236 with skills = {5,-1} and cost = 323.7
   Vehicle #0 = 43, leaving at = 601.0
   Vehicle #1 = -1, leaving at = inf
   Increment on distance indicator: 6.0
   Increment on tard indicator:     0.0
   Value of tmax indicator:         6.0

Task for patient = 282 with skills = {4,-1} and cost = 321.7
   Vehicle #0 = 41, leaving at = 687.0
   Vehicle #1 = -1, leaving at = inf
   Increment on distance indicator: 11.0
   Increment on tard indicator:     0.0
   Value of tmax indicator:         11.0

Task for patient = 287 with skills = {2,-1} and cost = 352.7
   Vehicle #0 = 17, leaving at = 628.0
   Vehicle #1 = -1, leaving at = inf
   Increment on distance indicator: 12.0
   Increment on tard indicator:     0.0
   Value of tmax indicator:         12.0

Task for patient = 21 with skills = {3,-1} and cost = 112.7
   Vehicle #0 = 34, leaving at = 715.0
   Vehicle #1 = -1, leaving at = inf
   Increment on distance indicator: 4.0
   Increment on tard indicator:     0.0
   Value of tmax indicator:         4.0

Task for patient = 185 with skills = {4,-1} and cost = 111.3
   Vehicle #0 = 32, leaving at = 743.0
   Vehicle #1 = -1, leaving at = inf
   Increment on distance indicator: 3.0
   Increment on tard indicator:     0.0
   Value of tmax indicator:         3.0

Task for patient = 250 with skills = {2,3} and cost = 110.3
   Vehicle #0 = 8, leaving at = 554.0
   Vehicle #1 = 38, leaving at = 600.0
   Increment on distance indicator: 10.0
   Increment on tard indicator:     0.0
   Value of tmax indicator:         10.0

Task for patient = 66 with skills = {0,5} and cost = 107.0
   Vehicle #0 = 4, leaving at = 618.0
   Vehicle #1 = 35, leaving at = 603.0
   Increment on distance indicator: 32.0
   Increment on tard indicator:     0.0
   Value of tmax indicator:         32.0

Task for patient = 208 with skills = {1,5} and cost = 96.3
   Vehicle #0 = 6, leaving at = 622.0
   Vehicle #1 = 34, leaving at = 667.0
   Increment on distance indicator: 40.0
   Increment on tard indicator:     0.0
   Value of tmax indicator:         40.0

Task for patient = 65 with skills = {1,5} and cost = 83.0
   Vehicle #0 = 5, leaving at = 773.0
   Vehicle #1 = 30, leaving at = 806.0
   Increment on distance indicator: 10.0
   Increment on tard indicator:     0.0
   Value of tmax indicator:         10.0

Task for patient = 130 with skills = {1,5} and cost = 79.7
   Vehicle #0 = 5, leaving at = 739.0
   Vehicle #1 = 30, leaving at = 743.0
   Increment on distance indicator: 15.0
   Increment on tard indicator:     0.0
   Value of tmax indicator:         15.0

Task for patient = 4 with skills = {0,4} and cost = 74.7
   Vehicle #0 = 1, leaving at = 683.0
   Vehicle #1 = 32, leaving at = 709.0
   Increment on distance indicator: 19.0
   Increment on tard indicator:     0.0
   Value of tmax indicator:         19.0

Task for patient = 196 with skills = {0,3} and cost = 210.3
   Vehicle #0 = 1, leaving at = 820.0
   Vehicle #1 = 31, leaving at = 822.0
   Increment on distance indicator: 6.0
   Increment on tard indicator:     0.0
   Value of tmax indicator:         6.0

Task for patient = 210 with skills = {4,-1} and cost = 66.3
   Vehicle #0 = 32, leaving at = 545.0
   Vehicle #1 = -1, leaving at = inf
   Increment on distance indicator: 14.0
   Increment on tard indicator:     0.0
   Value of tmax indicator:         14.0

Task for patient = 54 with skills = {1,5} and cost = 61.7
   Vehicle #0 = 5, leaving at = 557.0
   Vehicle #1 = 31, leaving at = 549.0
   Increment on distance indicator: 46.0
   Increment on tard indicator:     0.0
   Value of tmax indicator:         46.0

Task for patient = 184 with skills = {1,-1} and cost = 46.3
   Vehicle #0 = 3, leaving at = 678.0
   Vehicle #1 = -1, leaving at = inf
   Increment on distance indicator: 10.0
   Increment on tard indicator:     0.0
   Value of tmax indicator:         10.0

Task for patient = 149 with skills = {0,-1} and cost = 43.0
   Vehicle #0 = 2, leaving at = 525.0
   Vehicle #1 = -1, leaving at = inf
   Increment on distance indicator: 13.0
   Increment on tard indicator:     0.0
   Value of tmax indicator:         13.0

Task for patient = 160 with skills = {0,5} and cost = 38.7
   Vehicle #0 = 1, leaving at = 649.0
   Vehicle #1 = 30, leaving at = 649.0
   Increment on distance indicator: 20.0
   Increment on tard indicator:     0.0
   Value of tmax indicator:         20.0

Task for patient = 181 with skills = {2,3} and cost = 32.0
   Vehicle #0 = 0, leaving at = 577.0
   Vehicle #1 = 30, leaving at = 621.0
   Increment on distance indicator: 38.0
   Increment on tard indicator:     0.0
   Value of tmax indicator:         38.0

Task for patient = 183 with skills = {1,-1} and cost = 19.3
   Vehicle #0 = 4, leaving at = 562.0
   Vehicle #1 = -1, leaving at = inf
   Increment on distance indicator: 27.0
   Increment on tard indicator:     0.0
   Value of tmax indicator:         27.0

Task for patient = 75 with skills = {1,-1} and cost = 10.3
   Vehicle #0 = 3, leaving at = 628.0
   Vehicle #1 = -1, leaving at = inf
   Increment on distance indicator: 31.0
   Increment on tard indicator:     0.0
   Value of tmax indicator:         31.0

Task for patient = 227 with skills = {2,4} and cost = 68.3
   Vehicle #0 = 0, leaving at = 605.0
   Vehicle #1 = 32, leaving at = 602.0
   Increment on distance indicator: 6.0
   Increment on tard indicator:     0.0
   Value of tmax indicator:         6.0

Task for patient = 161 with skills = {2,5} and cost = 208.3
   Vehicle #0 = 5, leaving at = 836.0
   Vehicle #1 = 30, leaving at = 846.0
   Increment on distance indicator: 8.0
   Increment on tard indicator:     0.0
   Value of tmax indicator:         8.0

Task for patient = 90 with skills = {1,-1} and cost = 205.7
   Vehicle #0 = 9, leaving at = 643.0
   Vehicle #1 = -1, leaving at = inf
   Increment on distance indicator: 1.0
   Increment on tard indicator:     0.0
   Value of tmax indicator:         1.0

Task for patient = 6 with skills = {5,-1} and cost = 205.3
   Vehicle #0 = 40, leaving at = 631.0
   Vehicle #1 = -1, leaving at = inf
   Increment on distance indicator: 8.0
   Increment on tard indicator:     0.0
   Value of tmax indicator:         8.0

Task for patient = 195 with skills = {5,-1} and cost = 202.7
   Vehicle #0 = 39, leaving at = 639.0
   Vehicle #1 = -1, leaving at = inf
   Increment on distance indicator: 6.0
   Increment on tard indicator:     0.0
   Value of tmax indicator:         6.0

Task for patient = 214 with skills = {3,-1} and cost = 200.7
   Vehicle #0 = 40, leaving at = 606.0
   Vehicle #1 = -1, leaving at = inf
   Increment on distance indicator: 27.0
   Increment on tard indicator:     0.0
   Value of tmax indicator:         27.0

Task for patient = 260 with skills = {0,3} and cost = 191.7
   Vehicle #0 = 1, leaving at = 738.0
   Vehicle #1 = 31, leaving at = 760.0
   Increment on distance indicator: 14.0
   Increment on tard indicator:     0.0
   Value of tmax indicator:         14.0

Task for patient = 77 with skills = {0,-1} and cost = 187.0
   Vehicle #0 = 6, leaving at = 740.0
   Vehicle #1 = -1, leaving at = inf
   Increment on distance indicator: 6.0
   Increment on tard indicator:     0.0
   Value of tmax indicator:         6.0

Task for patient = 137 with skills = {5,-1} and cost = 185.0
   Vehicle #0 = 38, leaving at = 695.0
   Vehicle #1 = -1, leaving at = inf
   Increment on distance indicator: 11.0
   Increment on tard indicator:     0.0
   Value of tmax indicator:         11.0

Task for patient = 276 with skills = {0,4} and cost = 122.3
   Vehicle #0 = 2, leaving at = 668.0
   Vehicle #1 = 38, leaving at = 638.0
   Increment on distance indicator: 29.0
   Increment on tard indicator:     0.0
   Value of tmax indicator:         29.0

Task for patient = 93 with skills = {4,-1} and cost = 169.3
   Vehicle #0 = 33, leaving at = 551.0
   Vehicle #1 = -1, leaving at = inf
   Increment on distance indicator: 22.0
   Increment on tard indicator:     0.0
   Value of tmax indicator:         22.0

Task for patient = 26 with skills = {5,-1} and cost = 162.0
   Vehicle #0 = 37, leaving at = 603.0
   Vehicle #1 = -1, leaving at = inf
   Increment on distance indicator: 13.0
   Increment on tard indicator:     0.0
   Value of tmax indicator:         13.0

Task for patient = 237 with skills = {5,-1} and cost = 157.7
   Vehicle #0 = 37, leaving at = 560.0
   Vehicle #1 = -1, leaving at = inf
   Increment on distance indicator: 16.0
   Increment on tard indicator:     0.0
   Value of tmax indicator:         16.0

Task for patient = 285 with skills = {2,-1} and cost = 152.3
   Vehicle #0 = 3, leaving at = 714.0
   Vehicle #1 = -1, leaving at = inf
   Increment on distance indicator: 2.0
   Increment on tard indicator:     0.0
   Value of tmax indicator:         2.0

Task for patient = 8 with skills = {1,-1} and cost = 151.7
   Vehicle #0 = 9, leaving at = 590.0
   Vehicle #1 = -1, leaving at = inf
   Increment on distance indicator: 33.0
   Increment on tard indicator:     0.0
   Value of tmax indicator:         33.0

Task for patient = 219 with skills = {5,-1} and cost = 140.7
   Vehicle #0 = 31, leaving at = 681.0
   Vehicle #1 = -1, leaving at = inf
   Increment on distance indicator: 8.0
   Increment on tard indicator:     0.0
   Value of tmax indicator:         8.0

Task for patient = 11 with skills = {5,-1} and cost = 138.0
   Vehicle #0 = 34, leaving at = 751.0
   Vehicle #1 = -1, leaving at = inf
   Increment on distance indicator: 8.0
   Increment on tard indicator:     0.0
   Value of tmax indicator:         8.0

Task for patient = 153 with skills = {2,5} and cost = 135.3
   Vehicle #0 = 0, leaving at = 643.0
   Vehicle #1 = 31, leaving at = 655.0
   Increment on distance indicator: 15.0
   Increment on tard indicator:     0.0
   Value of tmax indicator:         15.0

Task for patient = 266 with skills = {0,-1} and cost = 130.3
   Vehicle #0 = 8, leaving at = 613.0
   Vehicle #1 = -1, leaving at = inf
   Increment on distance indicator: 24.0
   Increment on tard indicator:     0.0
   Value of tmax indicator:         24.0

Task for patient = 135 with skills = {2,5} and cost = 181.3
   Vehicle #0 = 10, leaving at = 509.0
   Vehicle #1 = 39, leaving at = 509.0
   Increment on distance indicator: 36.0
   Increment on tard indicator:     0.0
   Value of tmax indicator:         36.0

Task for patient = 76 with skills = {2,-1} and cost = 544.0
   Vehicle #0 = 8, leaving at = 767.0
   Vehicle #1 = -1, leaving at = inf
   Increment on distance indicator: 7.0
   Increment on tard indicator:     0.0
   Value of tmax indicator:         7.0

Task for patient = 31 with skills = {3,-1} and cost = 541.7
   Vehicle #0 = 54, leaving at = 605.0
   Vehicle #1 = -1, leaving at = inf
   Increment on distance indicator: 8.0
   Increment on tard indicator:     0.0
   Value of tmax indicator:         8.0

Task for patient = 296 with skills = {2,-1} and cost = 539.0
   Vehicle #0 = 24, leaving at = 581.0
   Vehicle #1 = -1, leaving at = inf
   Increment on distance indicator: 21.0
   Increment on tard indicator:     0.0
   Value of tmax indicator:         21.0

Task for patient = 134 with skills = {0,5} and cost = 532.0
   Vehicle #0 = 13, leaving at = 546.0
   Vehicle #1 = 55, leaving at = 551.0
   Increment on distance indicator: 0.0
   Increment on tard indicator:     0.0
   Value of tmax indicator:         0.0

Task for patient = 56 with skills = {1,-1} and cost = 532.0
   Vehicle #0 = 6, leaving at = 865.0
   Vehicle #1 = -1, leaving at = inf
   Increment on distance indicator: 3.0
   Increment on tard indicator:     0.0
   Value of tmax indicator:         3.0

Task for patient = 50 with skills = {4,-1} and cost = 531.0
   Vehicle #0 = 37, leaving at = 847.0
   Vehicle #1 = -1, leaving at = inf
   Increment on distance indicator: 6.0
   Increment on tard indicator:     0.0
   Value of tmax indicator:         6.0

Task for patient = 270 with skills = {0,-1} and cost = 529.0
   Vehicle #0 = 8, leaving at = 743.0
   Vehicle #1 = -1, leaving at = inf
   Increment on distance indicator: 5.0
   Increment on tard indicator:     0.0
   Value of tmax indicator:         5.0

Task for patient = 220 with skills = {3,-1} and cost = 527.3
   Vehicle #0 = 54, leaving at = 536.0
   Vehicle #1 = -1, leaving at = inf
   Increment on distance indicator: 17.0
   Increment on tard indicator:     0.0
   Value of tmax indicator:         17.0

Task for patient = 147 with skills = {2,3} and cost = 382.7
   Vehicle #0 = 20, leaving at = 602.0
   Vehicle #1 = 48, leaving at = 569.0
   Increment on distance indicator: 16.0
   Increment on tard indicator:     0.0
   Value of tmax indicator:         16.0

Task for patient = 234 with skills = {5,-1} and cost = 520.0
   Vehicle #0 = 53, leaving at = 581.0
   Vehicle #1 = -1, leaving at = inf
   Increment on distance indicator: 2.0
   Increment on tard indicator:     0.0
   Value of tmax indicator:         2.0

Task for patient = 172 with skills = {3,-1} and cost = 519.3
   Vehicle #0 = 48, leaving at = 745.0
   Vehicle #1 = -1, leaving at = inf
   Increment on distance indicator: 5.0
   Increment on tard indicator:     0.0
   Value of tmax indicator:         5.0

Task for patient = 91 with skills = {5,-1} and cost = 517.7
   Vehicle #0 = 40, leaving at = 793.0
   Vehicle #1 = -1, leaving at = inf
   Increment on distance indicator: 1.0
   Increment on tard indicator:     0.0
   Value of tmax indicator:         1.0

Task for patient = 158 with skills = {1,4} and cost = 517.3
   Vehicle #0 = 19, leaving at = 792.0
   Vehicle #1 = 37, leaving at = 820.0
   Increment on distance indicator: 8.0
   Increment on tard indicator:     0.0
   Value of tmax indicator:         8.0

Task for patient = 249 with skills = {3,-1} and cost = 514.7
   Vehicle #0 = 52, leaving at = 528.0
   Vehicle #1 = -1, leaving at = inf
   Increment on distance indicator: 32.0
   Increment on tard indicator:     0.0
   Value of tmax indicator:         32.0

Task for patient = 190 with skills = {2,3} and cost = 504.0
   Vehicle #0 = 12, leaving at = 776.0
   Vehicle #1 = 51, leaving at = 779.0
   Increment on distance indicator: 13.0
   Increment on tard indicator:     0.0
   Value of tmax indicator:         13.0

Task for patient = 27 with skills = {1,-1} and cost = 499.7
   Vehicle #0 = 10, leaving at = 912.0
   Vehicle #1 = -1, leaving at = inf
   Increment on distance indicator: 6.0
   Increment on tard indicator:     0.0
   Value of tmax indicator:         6.0

Task for patient = 13 with skills = {1,-1} and cost = 497.7
   Vehicle #0 = 21, leaving at = 814.0
   Vehicle #1 = -1, leaving at = inf
   Increment on distance indicator: 6.0
   Increment on tard indicator:     0.0
   Value of tmax indicator:         6.0

Task for patient = 138 with skills = {1,-1} and cost = 521.7
   Vehicle #0 = 5, leaving at = 915.0
   Vehicle #1 = -1, leaving at = inf
   Increment on distance indicator: 5.0
   Increment on tard indicator:     0.0
   Value of tmax indicator:         5.0

Task for patient = 45 with skills = {1,3} and cost = 1043.3
   Vehicle #0 = 18, leaving at = 1007.0
   Vehicle #1 = 58, leaving at = 1046.0
   Increment on distance indicator: 10.0
   Increment on tard indicator:     0.0
   Value of tmax indicator:         10.0

Task for patient = 59 with skills = {3,-1} and cost = 600.0
   Vehicle #0 = 54, leaving at = 658.0
   Vehicle #1 = -1, leaving at = inf
   Increment on distance indicator: 15.0
   Increment on tard indicator:     0.0
   Value of tmax indicator:         15.0

Task for patient = 61 with skills = {1,-1} and cost = 595.0
   Vehicle #0 = 18, leaving at = 696.0
   Vehicle #1 = -1, leaving at = inf
   Increment on distance indicator: 6.0
   Increment on tard indicator:     0.0
   Value of tmax indicator:         6.0

Task for patient = 272 with skills = {3,-1} and cost = 593.0
   Vehicle #0 = 50, leaving at = 778.0
   Vehicle #1 = -1, leaving at = inf
   Increment on distance indicator: 11.0
   Increment on tard indicator:     0.0
   Value of tmax indicator:         11.0

Task for patient = 136 with skills = {4,-1} and cost = 589.3
   Vehicle #0 = 42, leaving at = 770.0
   Vehicle #1 = -1, leaving at = inf
   Increment on distance indicator: 4.0
   Increment on tard indicator:     0.0
   Value of tmax indicator:         4.0

Task for patient = 206 with skills = {1,-1} and cost = 588.0
   Vehicle #0 = 20, leaving at = 735.0
   Vehicle #1 = -1, leaving at = inf
   Increment on distance indicator: 12.0
   Increment on tard indicator:     0.0
   Value of tmax indicator:         12.0

Task for patient = 23 with skills = {2,-1} and cost = 584.0
   Vehicle #0 = 15, leaving at = 859.0
   Vehicle #1 = -1, leaving at = inf
   Increment on distance indicator: 4.0
   Increment on tard indicator:     0.0
   Value of tmax indicator:         4.0

Task for patient = 87 with skills = {2,4} and cost = 582.7
   Vehicle #0 = 25, leaving at = 555.0
   Vehicle #1 = 36, leaving at = 606.0
   Increment on distance indicator: 16.0
   Increment on tard indicator:     0.0
   Value of tmax indicator:         16.0

Task for patient = 245 with skills = {1,5} and cost = 546.3
   Vehicle #0 = 17, leaving at = 883.0
   Vehicle #1 = 31, leaving at = 876.0
   Increment on distance indicator: 7.0
   Increment on tard indicator:     0.0
   Value of tmax indicator:         7.0

Task for patient = 52 with skills = {3,-1} and cost = 574.3
   Vehicle #0 = 57, leaving at = 593.0
   Vehicle #1 = -1, leaving at = inf
   Increment on distance indicator: 18.0
   Increment on tard indicator:     0.0
   Value of tmax indicator:         18.0

Task for patient = 117 with skills = {3,-1} and cost = 568.3
   Vehicle #0 = 47, leaving at = 826.0
   Vehicle #1 = -1, leaving at = inf
   Increment on distance indicator: 6.0
   Increment on tard indicator:     0.0
   Value of tmax indicator:         6.0

Task for patient = 299 with skills = {5,-1} and cost = 566.3
   Vehicle #0 = 32, leaving at = 840.0
   Vehicle #1 = -1, leaving at = inf
   Increment on distance indicator: 11.0
   Increment on tard indicator:     0.0
   Value of tmax indicator:         11.0

Task for patient = 42 with skills = {4,-1} and cost = 562.7
   Vehicle #0 = 32, leaving at = 801.0
   Vehicle #1 = -1, leaving at = inf
   Increment on distance indicator: 2.0
   Increment on tard indicator:     0.0
   Value of tmax indicator:         2.0

Task for patient = 281 with skills = {4,-1} and cost = 562.0
   Vehicle #0 = 52, leaving at = 666.0
   Vehicle #1 = -1, leaving at = inf
   Increment on distance indicator: 13.0
   Increment on tard indicator:     0.0
   Value of tmax indicator:         13.0

Task for patient = 97 with skills = {5,-1} and cost = 557.7
   Vehicle #0 = 53, leaving at = 620.0
   Vehicle #1 = -1, leaving at = inf
   Increment on distance indicator: 14.0
   Increment on tard indicator:     0.0
   Value of tmax indicator:         14.0

Task for patient = 112 with skills = {2,-1} and cost = 553.0
   Vehicle #0 = 15, leaving at = 808.0
   Vehicle #1 = -1, leaving at = inf
   Increment on distance indicator: 6.0
   Increment on tard indicator:     0.0
   Value of tmax indicator:         6.0

Task for patient = 159 with skills = {2,-1} and cost = 551.0
   Vehicle #0 = 5, leaving at = 947.0
   Vehicle #1 = -1, leaving at = inf
   Increment on distance indicator: 3.0
   Increment on tard indicator:     0.0
   Value of tmax indicator:         3.0

Task for patient = 140 with skills = {3,-1} and cost = 548.7
   Vehicle #0 = 52, leaving at = 600.0
   Vehicle #1 = -1, leaving at = inf
   Increment on distance indicator: 7.0
   Increment on tard indicator:     0.0
   Value of tmax indicator:         7.0

Task for patient = 43 with skills = {1,-1} and cost = 577.3
   Vehicle #0 = 4, leaving at = 816.0
   Vehicle #1 = -1, leaving at = inf
   Increment on distance indicator: 9.0
   Increment on tard indicator:     0.0
   Value of tmax indicator:         9.0

Task for patient = 145 with skills = {2,3} and cost = 438.3
   Vehicle #0 = 17, leaving at = 674.0
   Vehicle #1 = 51, leaving at = 701.0
   Increment on distance indicator: 23.0
   Increment on tard indicator:     0.0
   Value of tmax indicator:         23.0

Task for patient = 238 with skills = {3,-1} and cost = 430.7
   Vehicle #0 = 51, leaving at = 513.0
   Vehicle #1 = -1, leaving at = inf
   Increment on distance indicator: 23.0
   Increment on tard indicator:     0.0
   Value of tmax indicator:         23.0

Task for patient = 55 with skills = {2,5} and cost = 423.0
   Vehicle #0 = 21, leaving at = 737.0
   Vehicle #1 = 50, leaving at = 711.0
   Increment on distance indicator: 21.0
   Increment on tard indicator:     0.0
   Value of tmax indicator:         21.0

Task for patient = 33 with skills = {5,-1} and cost = 416.0
   Vehicle #0 = 47, leaving at = 730.0
   Vehicle #1 = -1, leaving at = inf
   Increment on distance indicator: 3.0
   Increment on tard indicator:     0.0
   Value of tmax indicator:         3.0

Task for patient = 47 with skills = {0,-1} and cost = 415.0
   Vehicle #0 = 4, leaving at = 708.0
   Vehicle #1 = -1, leaving at = inf
   Increment on distance indicator: 4.0
   Increment on tard indicator:     0.0
   Value of tmax indicator:         4.0

Task for patient = 179 with skills = {3,-1} and cost = 413.7
   Vehicle #0 = 48, leaving at = 715.0
   Vehicle #1 = -1, leaving at = inf
   Increment on distance indicator: 13.0
   Increment on tard indicator:     0.0
   Value of tmax indicator:         13.0

Task for patient = 48 with skills = {1,-1} and cost = 409.3
   Vehicle #0 = 20, leaving at = 670.0
   Vehicle #1 = -1, leaving at = inf
   Increment on distance indicator: 11.0
   Increment on tard indicator:     0.0
   Value of tmax indicator:         11.0

Task for patient = 216 with skills = {5,-1} and cost = 405.7
   Vehicle #0 = 34, leaving at = 898.0
   Vehicle #1 = -1, leaving at = inf
   Increment on distance indicator: 4.0
   Increment on tard indicator:     0.0
   Value of tmax indicator:         4.0

Task for patient = 102 with skills = {1,-1} and cost = 495.7
   Vehicle #0 = 18, leaving at = 636.0
   Vehicle #1 = -1, leaving at = inf
   Increment on distance indicator: 8.0
   Increment on tard indicator:     0.0
   Value of tmax indicator:         8.0

Task for patient = 139 with skills = {2,-1} and cost = 402.0
   Vehicle #0 = 21, leaving at = 683.0
   Vehicle #1 = -1, leaving at = inf
   Increment on distance indicator: 3.0
   Increment on tard indicator:     0.0
   Value of tmax indicator:         3.0

Task for patient = 113 with skills = {1,-1} and cost = 401.0
   Vehicle #0 = 21, leaving at = 658.0
   Vehicle #1 = -1, leaving at = inf
   Increment on distance indicator: 3.0
   Increment on tard indicator:     0.0
   Value of tmax indicator:         3.0

Task for patient = 25 with skills = {5,-1} and cost = 400.0
   Vehicle #0 = 35, leaving at = 701.0
   Vehicle #1 = -1, leaving at = inf
   Increment on distance indicator: 9.0
   Increment on tard indicator:     0.0
   Value of tmax indicator:         9.0

Task for patient = 280 with skills = {2,5} and cost = 397.0
   Vehicle #0 = 0, leaving at = 840.0
   Vehicle #1 = 46, leaving at = 829.0
   Increment on distance indicator: 10.0
   Increment on tard indicator:     0.0
   Value of tmax indicator:         10.0

Task for patient = 15 with skills = {5,-1} and cost = 393.7
   Vehicle #0 = 39, leaving at = 743.0
   Vehicle #1 = -1, leaving at = inf
   Increment on distance indicator: 2.0
   Increment on tard indicator:     0.0
   Value of tmax indicator:         2.0

Task for patient = 197 with skills = {1,-1} and cost = 393.0
   Vehicle #0 = 21, leaving at = 613.0
   Vehicle #1 = -1, leaving at = inf
   Increment on distance indicator: 4.0
   Increment on tard indicator:     0.0
   Value of tmax indicator:         4.0

Task for patient = 111 with skills = {0,-1} and cost = 391.7
   Vehicle #0 = 7, leaving at = 648.0
   Vehicle #1 = -1, leaving at = inf
   Increment on distance indicator: 6.0
   Increment on tard indicator:     0.0
   Value of tmax indicator:         6.0

Task for patient = 262 with skills = {2,-1} and cost = 389.7
   Vehicle #0 = 21, leaving at = 566.0
   Vehicle #1 = -1, leaving at = inf
   Increment on distance indicator: 16.0
   Increment on tard indicator:     0.0
   Value of tmax indicator:         16.0

Task for patient = 104 with skills = {4,-1} and cost = 384.3
   Vehicle #0 = 34, leaving at = 837.0
   Vehicle #1 = -1, leaving at = inf
   Increment on distance indicator: 5.0
   Increment on tard indicator:     0.0
   Value of tmax indicator:         5.0

Task for patient = 273 with skills = {2,5} and cost = 404.3
   Vehicle #0 = 6, leaving at = 841.0
   Vehicle #1 = 34, leaving at = 869.0
   Increment on distance indicator: 7.0
   Increment on tard indicator:     0.0
   Value of tmax indicator:         7.0

Task for patient = 188 with skills = {1,4} and cost = 493.0
   Vehicle #0 = 19, leaving at = 740.0
   Vehicle #1 = 37, leaving at = 763.0
   Increment on distance indicator: 10.0
   Increment on tard indicator:     0.0
   Value of tmax indicator:         10.0

Task for patient = 63 with skills = {1,-1} and cost = 489.7
   Vehicle #0 = 18, leaving at = 596.0
   Vehicle #1 = -1, leaving at = inf
   Increment on distance indicator: 5.0
   Increment on tard indicator:     0.0
   Value of tmax indicator:         5.0

Task for patient = 151 with skills = {3,-1} and cost = 488.0
   Vehicle #0 = 46, leaving at = 863.0
   Vehicle #1 = -1, leaving at = inf
   Increment on distance indicator: 15.0
   Increment on tard indicator:     0.0
   Value of tmax indicator:         15.0

Task for patient = 60 with skills = {5,-1} and cost = 483.0
   Vehicle #0 = 47, leaving at = 792.0
   Vehicle #1 = -1, leaving at = inf
   Increment on distance indicator: 6.0
   Increment on tard indicator:     0.0
   Value of tmax indicator:         6.0

Task for patient = 7 with skills = {1,5} and cost = 481.0
   Vehicle #0 = 18, leaving at = 529.0
   Vehicle #1 = 53, leaving at = 547.0
   Increment on distance indicator: 40.0
   Increment on tard indicator:     0.0
   Value of tmax indicator:         40.0

Task for patient = 129 with skills = {4,-1} and cost = 467.7
   Vehicle #0 = 33, leaving at = 677.0
   Vehicle #1 = -1, leaving at = inf
   Increment on distance indicator: 4.0
   Increment on tard indicator:     0.0
   Value of tmax indicator:         4.0

Task for patient = 294 with skills = {0,-1} and cost = 466.3
   Vehicle #0 = 10, leaving at = 854.0
   Vehicle #1 = -1, leaving at = inf
   Increment on distance indicator: 7.0
   Increment on tard indicator:     0.0
   Value of tmax indicator:         7.0

Task for patient = 265 with skills = {0,-1} and cost = 464.0
   Vehicle #0 = 4, leaving at = 785.0
   Vehicle #1 = -1, leaving at = inf
   Increment on distance indicator: 13.0
   Increment on tard indicator:     0.0
   Value of tmax indicator:         13.0

Task for patient = 72 with skills = {5,-1} and cost = 438.7
   Vehicle #0 = 43, leaving at = 711.0
   Vehicle #1 = -1, leaving at = inf
   Increment on distance indicator: 1.0
   Increment on tard indicator:     0.0
   Value of tmax indicator:         1.0

Task for patient = 109 with skills = {2,-1} and cost = 458.3
   Vehicle #0 = 23, leaving at = 596.0
   Vehicle #1 = -1, leaving at = inf
   Increment on distance indicator: 21.0
   Increment on tard indicator:     0.0
   Value of tmax indicator:         21.0

Task for patient = 251 with skills = {2,-1} and cost = 451.3
   Vehicle #0 = 11, leaving at = 788.0
   Vehicle #1 = -1, leaving at = inf
   Increment on distance indicator: 7.0
   Increment on tard indicator:     0.0
   Value of tmax indicator:         7.0

Task for patient = 247 with skills = {1,-1} and cost = 449.0
   Vehicle #0 = 19, leaving at = 716.0
   Vehicle #1 = -1, leaving at = inf
   Increment on distance indicator: 8.0
   Increment on tard indicator:     0.0
   Value of tmax indicator:         8.0

Task for patient = 100 with skills = {2,-1} and cost = 446.3
   Vehicle #0 = 21, leaving at = 773.0
   Vehicle #1 = -1, leaving at = inf
   Increment on distance indicator: 1.0
   Increment on tard indicator:     0.0
   Value of tmax indicator:         1.0

Task for patient = 248 with skills = {2,-1} and cost = 446.0
   Vehicle #0 = 17, leaving at = 748.0
   Vehicle #1 = -1, leaving at = inf
   Increment on distance indicator: 4.0
   Increment on tard indicator:     0.0
   Value of tmax indicator:         4.0

Task for patient = 79 with skills = {0,-1} and cost = 444.7
   Vehicle #0 = 1, leaving at = 843.0
   Vehicle #1 = -1, leaving at = inf
   Increment on distance indicator: 2.0
   Increment on tard indicator:     0.0
   Value of tmax indicator:         2.0

Task for patient = 150 with skills = {4,-1} and cost = 444.0
   Vehicle #0 = 37, leaving at = 701.0
   Vehicle #1 = -1, leaving at = inf
   Increment on distance indicator: 8.0
   Increment on tard indicator:     0.0
   Value of tmax indicator:         8.0

Task for patient = 191 with skills = {5,-1} and cost = 441.3
   Vehicle #0 = 30, leaving at = 893.0
   Vehicle #1 = -1, leaving at = inf
   Increment on distance indicator: 4.0
   Increment on tard indicator:     0.0
   Value of tmax indicator:         4.0

Task for patient = 44 with skills = {2,-1} and cost = 440.0
   Vehicle #0 = 17, leaving at = 695.0
   Vehicle #1 = -1, leaving at = inf
   Increment on distance indicator: 4.0
   Increment on tard indicator:     0.0
   Value of tmax indicator:         4.0

Task for patient = 128 with skills = {0,-1} and cost = 459.7
   Vehicle #0 = 17, leaving at = 786.0
   Vehicle #1 = -1, leaving at = inf
   Increment on distance indicator: 4.0
   Increment on tard indicator:     0.0
   Value of tmax indicator:         4.0


Unused vehicle list: 14 22 27 29 44 49 56 (total = 7 out of 60)

---
Search finished.
Total of 448 generations in 20.7 seconds.
Exchange elite runs: 0
Implicit path relinking runs: 4
Reset attempts: 0

Best solution found:
   Cost: 1399.0
   Total travel time: 4184.0
   Total tardiness time: 9.0
   Largest tardiness: 4.0


1399.0
