--- BRKGA-MP-IPR for HHCRSP ---
Instance: new-instances/HHCRSP_300_60_94_1.6_C_C.txt
Seed: 1

Reading data... Problem contains 300 patients  and 60 caregivers.

Summary of supply x demand for each service type:
Skill 0 has supply = 21 and demand = 63, ratio = 0.333333
Skill 1 has supply = 20 and demand = 72, ratio = 0.277778
Skill 2 has supply = 16 and demand = 40, ratio = 0.4
Skill 3 has supply = 20 and demand = 81, ratio = 0.246914
Skill 4 has supply = 21 and demand = 69, ratio = 0.304348
Skill 5 has supply = 19 and demand = 65, ratio = 0.292308

Reading parameters...
Inferred distance function by PR type: kendall-tau
Building BRKGA data and initializing...
Evolving 448 generations...

  Gens  Rem    Local   ElDiv NoImpr             Best solution            Time  Op
                                       Cost     Dist    Tard    TMax 
*    0  448  5522.67  478.21      0  5522.67  5260.00 10949.0   359.0     0.0    
*    3  445  5372.00  310.93      0  5372.00  5448.00  8633.0   322.0     0.2    
*    4  444  4801.00  327.12      0  4801.00  5266.00  8747.0   375.0     0.2    
*    5  443  4796.00  301.83      0  4796.00  5266.00  8747.0   375.0     0.3    
*    8  440  4376.33  258.80      0  4376.33  5216.00  7317.0   351.0     0.4    
*    9  439  4294.67  277.17      0  4294.67  5250.00  6634.0   338.0     0.5    
*   10  438  4074.00  220.85      0  4074.00  5250.00  6634.0   338.0     0.5    
*   12  436  3466.33  247.15      0  3466.33  5134.00  4947.0   318.0     0.6    
*   15  433  3397.33  235.18      0  3397.33  5305.00  4527.0   360.0     0.7    
*   18  430  3168.00  165.81      0  3168.00  5375.00  3616.0   247.0     0.9    
*   19  429  3079.33  184.55      0  3079.33  5213.00  3641.0   250.0     0.9    
*   20  428  3034.67  193.33      0  3034.67  5355.00  2886.0   201.0     0.9    
*   21  427  2814.00  160.82      0  2814.00  5355.00  2886.0   201.0     1.0    
*   23  425  2509.67  202.16      0  2509.67  5380.00  1915.0   234.0     1.1    
*   28  420  2106.00  121.71      0  2106.00  5073.00  1084.0   161.0     1.3    

  Gens  Rem    Local   ElDiv NoImpr             Best solution            Time  Op
                                       Cost     Dist    Tard    TMax 
*   30  418  1971.33  142.35      0  1971.33  4962.00   803.0   149.0     1.4    
*   38  410  1845.33   96.72      0  1845.33  5001.00   479.0    56.0     1.7    
*   42  406  1792.33   80.30      0  1792.33  5066.00   269.0    42.0     1.9    
*   46  402  1712.33   57.25      0  1712.33  4775.00   290.0    72.0     2.1    
*   48  400  1658.00   57.22      0  1658.00  4818.00   138.0    18.0     2.2    
    50  398  1658.00   51.27      2  1658.00  4818.00   138.0    18.0     2.3    
*   52  396  1626.33   51.34      0  1626.33  4732.00   106.0    41.0     2.4    
*   59  389  1621.33   38.82      0  1621.33  4767.00    50.0    11.0     2.7    
*   60  388  1609.33   35.97      0  1609.33  4767.00    50.0    11.0     2.7    
*   62  386  1607.67   35.72      0  1607.67  4650.00    38.0     7.0     2.8    
*   63  385  1565.00   33.57      0  1565.00  4650.00    38.0     7.0     2.9    
*   72  376  1564.67   17.22      0  1564.67  4572.00    80.0    12.0     3.3    
*   73  375  1554.67   16.80      0  1554.67  4572.00    80.0    12.0     3.3    
*   75  373  1531.00   17.07      0  1531.00  4535.00    48.0    10.0     3.4    
*   78  370  1529.67   18.28      0  1529.67  4441.00    31.0     7.0     3.6    
*   79  369  1493.00   18.22      0  1493.00  4441.00    31.0     7.0     3.6    
Path relinking result: too homogeneous.

  Gens  Rem    Local   ElDiv NoImpr             Best solution            Time  Op
                                       Cost     Dist    Tard    TMax 
    96  352  1493.00   12.46     18  1493.00  4441.00    31.0     7.0     4.4   P
*   99  349  1469.33   12.62      0  1469.33  4346.00    48.0    14.0     4.5    
   100  348  1469.33   11.98      1  1469.33  4346.00    48.0    14.0     4.5    
*  106  342  1463.67   12.51      0  1463.67  4338.00    40.0    13.0     4.8    
*  109  339  1449.33   12.53      0  1449.33  4211.00   120.0    17.0     4.9    
*  118  330  1444.00   10.74      0  1444.00  4294.00    26.0    10.0     5.4    
*  119  329  1443.33   11.62      0  1443.33  4282.00    20.0     4.0     5.4    
*  120  328  1435.33   12.32      0  1435.33  4248.00    39.0    10.0     5.5    
*  121  327  1432.33   11.63      0  1432.33  4248.00    39.0    10.0     5.5    
*  125  323  1431.33    9.21      0  1431.33  4202.00    80.0    12.0     5.7    
*  128  320  1430.00    9.44      0  1430.00  4237.00    42.0    11.0     5.9    
*  131  317  1427.00    9.14      0  1427.00  4274.00     4.0     3.0     6.0    
*  134  314  1412.67    9.61      0  1412.67  4215.00    19.0     4.0     6.1    
*  141  307  1402.33    8.14      0  1402.33  4187.00    15.0     5.0     6.5    
*  143  305  1389.67    9.59      0  1389.67  4128.00    29.0    12.0     6.6    
*  148  300  1380.33   10.60      0  1380.33  4096.00    34.0    11.0     6.8    

  Gens  Rem    Local   ElDiv NoImpr             Best solution            Time  Op
                                       Cost     Dist    Tard    TMax 
   150  298  1380.33   11.98      2  1380.33  4096.00    34.0    11.0     6.9    
*  151  297  1363.33   11.58      0  1363.33  4061.00    21.0     8.0     6.9    
*  171  277  1361.33    9.62      0  1361.33  4066.00    14.0     4.0     7.8    
*  177  271  1360.33   10.21      0  1360.33  3894.00    75.0    13.0     8.1    
*  178  270  1327.33    9.75      0  1327.33  3894.00    75.0    13.0     8.2    
*  192  256  1318.67   11.37      0  1318.67  3948.00     4.0     4.0     8.8    
Path relinking result: too homogeneous.
   192  256  1318.67   11.37      1  1318.67  3948.00     4.0     4.0     8.8   P
*  200  248  1317.00    9.32      0  1317.00  3934.00    13.0     4.0     9.2    
*  204  244  1310.67    8.71      0  1310.67  3894.00    31.0     7.0     9.3    
*  211  237  1304.00    8.15      0  1304.00  3866.00    32.0    14.0     9.7    
*  213  235  1290.00    9.03      0  1290.00  3844.00    19.0     7.0     9.8    
*  224  224  1287.33    7.80      0  1287.33  3827.00    29.0     6.0    10.3    
*  228  220  1286.33    6.95      0  1286.33  3817.00    28.0    14.0    10.5    
*  230  218  1269.33    7.17      0  1269.33  3808.00     0.0     0.0    10.6    
*  235  213  1267.33    7.69      0  1267.33  3796.00     3.0     3.0    10.8    
*  239  209  1262.67    7.64      0  1262.67  3775.00     8.0     5.0    11.0    

  Gens  Rem    Local   ElDiv NoImpr             Best solution            Time  Op
                                       Cost     Dist    Tard    TMax 
*  247  201  1258.33    5.48      0  1258.33  3762.00    10.0     3.0    11.4    
*  250  198  1257.00    4.75      0  1257.00  3759.00     4.0     3.0    11.5    
*  251  197  1255.33    4.53      0  1255.33  3727.00    29.0     6.0    11.6    
*  252  196  1254.00    5.08      0  1254.00  3710.00    26.0     6.0    11.6    
*  253  195  1247.33    5.13      0  1247.33  3737.00     1.0     1.0    11.6    
*  254  194  1246.33    5.25      0  1246.33  3738.00     0.0     0.0    11.7    
*  255  193  1246.00    4.91      0  1246.00  3705.00    22.0     5.0    11.7    
*  256  192  1244.00    5.23      0  1244.00  3682.00     9.0     5.0    11.8    
*  257  191  1232.00    5.11      0  1232.00  3682.00     9.0     5.0    11.8    
*  267  181  1231.33    2.18      0  1231.33  3672.00    17.0     5.0    12.3    
*  270  178  1231.00    1.66      0  1231.00  3669.00    13.0     5.0    12.4    
*  271  177  1229.00    1.19      0  1229.00  3685.00     1.0     1.0    12.5    
*  273  175  1228.67    0.84      0  1228.67  3662.00    15.0     5.0    12.6    
*  274  174  1227.33    0.87      0  1227.33  3677.00     1.0     1.0    12.6    
*  275  173  1226.33    0.82      0  1226.33  3677.00     1.0     1.0    12.7    
*  278  170  1224.67    1.06      0  1224.67  3652.00     8.0     5.0    12.8    

  Gens  Rem    Local   ElDiv NoImpr             Best solution            Time  Op
                                       Cost     Dist    Tard    TMax 
*  279  169  1221.67    0.99      0  1221.67  3652.00     8.0     5.0    12.9    
*  286  162  1220.33    1.07      0  1220.33  3645.00     8.0     5.0    13.2    
*  287  161  1219.33    1.33      0  1219.33  3639.00     8.0     5.0    13.2    
*  288  160  1217.33    1.73      0  1217.33  3637.00     8.0     5.0    13.3    
Path relinking result: too homogeneous.
   288  160  1216.67    1.73      0  1217.33  3637.00     8.0     5.0    13.3   P
*  289  159  1216.67    1.99      0  1216.67  3635.00     8.0     5.0    13.3    
*  290  158  1216.00    1.78      0  1216.00  3635.00     8.0     5.0    13.4    
*  293  155  1215.67    0.33      0  1215.67  3634.00     8.0     5.0    13.5    
*  295  153  1215.33    0.20      0  1215.33  3633.00     7.0     5.0    13.6    
*  296  152  1215.00    0.23      0  1215.00  3633.00     7.0     5.0    13.7    
   300  148  1215.00    0.23      4  1215.00  3633.00     7.0     5.0    13.8    
*  307  141  1212.00    0.53      0  1212.00  3624.00     7.0     5.0    14.1    
*  314  134  1211.67    0.25      0  1211.67  3623.00     7.0     5.0    14.5    
*  316  132  1211.00    0.25      0  1211.00  3621.00     7.0     5.0    14.6    
*  320  128  1210.00    0.35      0  1210.00  3618.00     7.0     5.0    14.8    
*  328  120  1209.33    0.14      0  1209.33  3616.00     7.0     5.0    15.2    

  Gens  Rem    Local   ElDiv NoImpr             Best solution            Time  Op
                                       Cost     Dist    Tard    TMax 
*  331  117  1209.00    0.29      0  1209.00  3617.00     5.0     5.0    15.3    
*  335  113  1208.67    0.13      0  1208.67  3616.00     5.0     5.0    15.5    
*  340  108  1208.33    0.07      0  1208.33  3615.00     5.0     5.0    15.8    
*  342  106  1207.00    0.33      0  1207.00  3611.00     5.0     5.0    15.9    
*  347  101  1206.33    0.59      0  1206.33  3609.00     5.0     5.0    16.1    
*  350   98  1206.00    0.09      0  1206.00  3608.00     5.0     5.0    16.2    
*  361   87  1205.33    0.37      0  1205.33  3611.00     0.0     0.0    16.8    
*  362   86  1203.67    0.50      0  1203.67  3611.00     0.0     0.0    16.8    
*  366   82  1203.33    0.67      0  1203.33  3609.00     0.0     0.0    17.0    
*  367   81  1203.00    0.57      0  1203.00  3606.00     0.0     0.0    17.0    
*  368   80  1202.00    0.69      0  1202.00  3604.00     0.0     0.0    17.1    
*  369   79  1201.33    0.63      0  1201.33  3601.00     0.0     0.0    17.1    
*  370   78  1200.33    0.35      0  1200.33  3601.00     0.0     0.0    17.2    
*  377   71  1200.00    0.23      0  1200.00  3599.00     0.0     0.0    17.5    
*  378   70  1199.67    0.42      0  1199.67  3594.00     0.0     0.0    17.6    
*  379   69  1198.00    0.45      0  1198.00  3594.00     0.0     0.0    17.6    

  Gens  Rem    Local   ElDiv NoImpr             Best solution            Time  Op
                                       Cost     Dist    Tard    TMax 
*  383   65  1197.67    0.47      0  1197.67  3592.00     0.0     0.0    17.8    
*  384   64  1197.33    0.63      0  1197.33  3591.00     0.0     0.0    17.8    
Path relinking result: too homogeneous.
   384   64  1197.00    0.63      0  1197.33  3591.00     0.0     0.0    17.8   P
*  385   63  1197.00    0.85      0  1197.00  3591.00     0.0     0.0    17.9    
*  395   53  1196.33    0.08      0  1196.33  3589.00     0.0     0.0    18.3    
*  398   50  1195.33    0.33      0  1195.33  3586.00     0.0     0.0    18.5    
   400   48  1195.33    0.48      2  1195.33  3586.00     0.0     0.0    18.6    
*  403   45  1194.67    0.56      0  1194.67  3584.00     0.0     0.0    18.7    
*  409   39  1194.00    0.18      0  1194.00  3580.00     0.0     0.0    19.0    
*  410   38  1193.33    0.24      0  1193.33  3580.00     0.0     0.0    19.0    
*  421   27  1192.67    0.08      0  1192.67  3578.00     0.0     0.0    19.5    
*  443    5  1191.67    0.12      0  1191.67  3575.00     0.0     0.0    20.5    
   448    0  1191.67    0.36      5  1191.67  3575.00     0.0     0.0    20.8    
Evolutionary process finished.
Solution written to 'solution-34888.txt'.

Sorted sequence of worst to best tardiness value:
Task for patient = 45 with skills = {5,-1} and cost = 665.7
   Vehicle #0 = 53, leaving at = 736.0
   Vehicle #1 = -1, leaving at = inf
   Increment on distance indicator: 6.0
   Increment on tard indicator:     0.0
   Value of tmax indicator:         6.0

Task for patient = 243 with skills = {4,-1} and cost = 663.7
   Vehicle #0 = 39, leaving at = 880.0
   Vehicle #1 = -1, leaving at = inf
   Increment on distance indicator: 2.0
   Increment on tard indicator:     0.0
   Value of tmax indicator:         2.0

Task for patient = 209 with skills = {3,-1} and cost = 663.0
   Vehicle #0 = 45, leaving at = 837.0
   Vehicle #1 = -1, leaving at = inf
   Increment on distance indicator: 3.0
   Increment on tard indicator:     0.0
   Value of tmax indicator:         3.0

Task for patient = 152 with skills = {5,-1} and cost = 662.0
   Vehicle #0 = 36, leaving at = 884.0
   Vehicle #1 = -1, leaving at = inf
   Increment on distance indicator: 4.0
   Increment on tard indicator:     0.0
   Value of tmax indicator:         4.0

Task for patient = 114 with skills = {0,5} and cost = 660.7
   Vehicle #0 = 17, leaving at = 924.0
   Vehicle #1 = 40, leaving at = 946.0
   Increment on distance indicator: 5.0
   Increment on tard indicator:     0.0
   Value of tmax indicator:         5.0

Task for patient = 251 with skills = {4,-1} and cost = 659.0
   Vehicle #0 = 45, leaving at = 813.0
   Vehicle #1 = -1, leaving at = inf
   Increment on distance indicator: 3.0
   Increment on tard indicator:     0.0
   Value of tmax indicator:         3.0

Task for patient = 277 with skills = {5,-1} and cost = 658.0
   Vehicle #0 = 43, leaving at = 873.0
   Vehicle #1 = -1, leaving at = inf
   Increment on distance indicator: 3.0
   Increment on tard indicator:     0.0
   Value of tmax indicator:         3.0

Task for patient = 8 with skills = {2,3} and cost = 657.0
   Vehicle #0 = 4, leaving at = 891.0
   Vehicle #1 = 44, leaving at = 908.0
   Increment on distance indicator: 17.0
   Increment on tard indicator:     0.0
   Value of tmax indicator:         17.0

Task for patient = 70 with skills = {2,5} and cost = 823.0
   Vehicle #0 = 22, leaving at = 909.0
   Vehicle #1 = 43, leaving at = 931.0
   Increment on distance indicator: 11.0
   Increment on tard indicator:     0.0
   Value of tmax indicator:         11.0

Task for patient = 133 with skills = {1,-1} and cost = 651.0
   Vehicle #0 = 18, leaving at = 824.0
   Vehicle #1 = -1, leaving at = inf
   Increment on distance indicator: 7.0
   Increment on tard indicator:     0.0
   Value of tmax indicator:         7.0

Task for patient = 179 with skills = {4,-1} and cost = 648.7
   Vehicle #0 = 46, leaving at = 869.0
   Vehicle #1 = -1, leaving at = inf
   Increment on distance indicator: 3.0
   Increment on tard indicator:     0.0
   Value of tmax indicator:         3.0

Task for patient = 232 with skills = {3,-1} and cost = 647.7
   Vehicle #0 = 33, leaving at = 973.0
   Vehicle #1 = -1, leaving at = inf
   Increment on distance indicator: 2.0
   Increment on tard indicator:     0.0
   Value of tmax indicator:         2.0

Task for patient = 260 with skills = {3,-1} and cost = 647.0
   Vehicle #0 = 42, leaving at = 812.0
   Vehicle #1 = -1, leaving at = inf
   Increment on distance indicator: 9.0
   Increment on tard indicator:     0.0
   Value of tmax indicator:         9.0

Task for patient = 75 with skills = {0,5} and cost = 644.0
   Vehicle #0 = 21, leaving at = 709.0
   Vehicle #1 = 53, leaving at = 705.0
   Increment on distance indicator: 11.0
   Increment on tard indicator:     0.0
   Value of tmax indicator:         11.0

Task for patient = 14 with skills = {1,-1} and cost = 640.3
   Vehicle #0 = 15, leaving at = 931.0
   Vehicle #1 = -1, leaving at = inf
   Increment on distance indicator: 5.0
   Increment on tard indicator:     0.0
   Value of tmax indicator:         5.0

Task for patient = 161 with skills = {4,-1} and cost = 638.7
   Vehicle #0 = 49, leaving at = 822.0
   Vehicle #1 = -1, leaving at = inf
   Increment on distance indicator: 3.0
   Increment on tard indicator:     0.0
   Value of tmax indicator:         3.0

Task for patient = 185 with skills = {0,-1} and cost = 637.7
   Vehicle #0 = 10, leaving at = 894.0
   Vehicle #1 = -1, leaving at = inf
   Increment on distance indicator: 4.0
   Increment on tard indicator:     0.0
   Value of tmax indicator:         4.0

Task for patient = 247 with skills = {3,-1} and cost = 651.3
   Vehicle #0 = 50, leaving at = 808.0
   Vehicle #1 = -1, leaving at = inf
   Increment on distance indicator: 1.0
   Increment on tard indicator:     0.0
   Value of tmax indicator:         1.0

Task for patient = 242 with skills = {0,5} and cost = 699.3
   Vehicle #0 = 21, leaving at = 807.0
   Vehicle #1 = 53, leaving at = 801.0
   Increment on distance indicator: 4.0
   Increment on tard indicator:     0.0
   Value of tmax indicator:         4.0

Task for patient = 295 with skills = {1,-1} and cost = 698.0
   Vehicle #0 = 14, leaving at = 650.0
   Vehicle #1 = -1, leaving at = inf
   Increment on distance indicator: 1.0
   Increment on tard indicator:     0.0
   Value of tmax indicator:         1.0

Task for patient = 64 with skills = {1,5} and cost = 697.7
   Vehicle #0 = 17, leaving at = 984.0
   Vehicle #1 = 40, leaving at = 999.0
   Increment on distance indicator: 6.0
   Increment on tard indicator:     0.0
   Value of tmax indicator:         6.0

Task for patient = 113 with skills = {1,4} and cost = 695.7
   Vehicle #0 = 12, leaving at = 780.0
   Vehicle #1 = 47, leaving at = 781.0
   Increment on distance indicator: 19.0
   Increment on tard indicator:     0.0
   Value of tmax indicator:         19.0

Task for patient = 83 with skills = {1,5} and cost = 689.3
   Vehicle #0 = 1, leaving at = 934.0
   Vehicle #1 = 36, leaving at = 912.0
   Increment on distance indicator: 9.0
   Increment on tard indicator:     0.0
   Value of tmax indicator:         9.0

Task for patient = 90 with skills = {0,5} and cost = 686.3
   Vehicle #0 = 9, leaving at = 1053.0
   Vehicle #1 = 32, leaving at = 1047.0
   Increment on distance indicator: 4.0
   Increment on tard indicator:     0.0
   Value of tmax indicator:         4.0

Task for patient = 155 with skills = {4,-1} and cost = 685.0
   Vehicle #0 = 45, leaving at = 947.0
   Vehicle #1 = -1, leaving at = inf
   Increment on distance indicator: 2.0
   Increment on tard indicator:     0.0
   Value of tmax indicator:         2.0

Task for patient = 32 with skills = {0,-1} and cost = 684.3
   Vehicle #0 = 21, leaving at = 760.0
   Vehicle #1 = -1, leaving at = inf
   Increment on distance indicator: 4.0
   Increment on tard indicator:     0.0
   Value of tmax indicator:         4.0

Task for patient = 6 with skills = {2,-1} and cost = 666.7
   Vehicle #0 = 5, leaving at = 1048.0
   Vehicle #1 = -1, leaving at = inf
   Increment on distance indicator: 3.0
   Increment on tard indicator:     0.0
   Value of tmax indicator:         3.0

Task for patient = 261 with skills = {1,-1} and cost = 682.7
   Vehicle #0 = 3, leaving at = 1060.0
   Vehicle #1 = -1, leaving at = inf
   Increment on distance indicator: 2.0
   Increment on tard indicator:     0.0
   Value of tmax indicator:         2.0

Task for patient = 189 with skills = {0,3} and cost = 682.0
   Vehicle #0 = 20, leaving at = 861.0
   Vehicle #1 = 35, leaving at = 878.0
   Increment on distance indicator: 8.0
   Increment on tard indicator:     0.0
   Value of tmax indicator:         8.0

Task for patient = 76 with skills = {3,-1} and cost = 679.3
   Vehicle #0 = 45, leaving at = 869.0
   Vehicle #1 = -1, leaving at = inf
   Increment on distance indicator: 3.0
   Increment on tard indicator:     0.0
   Value of tmax indicator:         3.0

Task for patient = 15 with skills = {0,5} and cost = 678.3
   Vehicle #0 = 22, leaving at = 827.0
   Vehicle #1 = 49, leaving at = 859.0
   Increment on distance indicator: 13.0
   Increment on tard indicator:     0.0
   Value of tmax indicator:         13.0

Task for patient = 292 with skills = {3,-1} and cost = 674.0
   Vehicle #0 = 37, leaving at = 826.0
   Vehicle #1 = -1, leaving at = inf
   Increment on distance indicator: 6.0
   Increment on tard indicator:     0.0
   Value of tmax indicator:         6.0

Task for patient = 98 with skills = {1,-1} and cost = 672.0
   Vehicle #0 = 10, leaving at = 911.0
   Vehicle #1 = -1, leaving at = inf
   Increment on distance indicator: 1.0
   Increment on tard indicator:     0.0
   Value of tmax indicator:         1.0

Task for patient = 104 with skills = {0,3} and cost = 671.7
   Vehicle #0 = 0, leaving at = 886.0
   Vehicle #1 = 48, leaving at = 898.0
   Increment on distance indicator: 7.0
   Increment on tard indicator:     0.0
   Value of tmax indicator:         7.0

Task for patient = 250 with skills = {4,-1} and cost = 669.3
   Vehicle #0 = 50, leaving at = 842.0
   Vehicle #1 = -1, leaving at = inf
   Increment on distance indicator: 1.0
   Increment on tard indicator:     0.0
   Value of tmax indicator:         1.0

Task for patient = 249 with skills = {0,5} and cost = 669.0
   Vehicle #0 = 9, leaving at = 983.0
   Vehicle #1 = 32, leaving at = 1008.0
   Increment on distance indicator: 7.0
   Increment on tard indicator:     0.0
   Value of tmax indicator:         7.0

Task for patient = 42 with skills = {3,-1} and cost = 683.0
   Vehicle #0 = 45, leaving at = 917.0
   Vehicle #1 = -1, leaving at = inf
   Increment on distance indicator: 1.0
   Increment on tard indicator:     0.0
   Value of tmax indicator:         1.0

Task for patient = 300 with skills = {1,5} and cost = 591.7
   Vehicle #0 = 20, leaving at = 813.0
   Vehicle #1 = 46, leaving at = 832.0
   Increment on distance indicator: 4.0
   Increment on tard indicator:     0.0
   Value of tmax indicator:         4.0

Task for patient = 59 with skills = {1,-1} and cost = 590.3
   Vehicle #0 = 12, leaving at = 729.0
   Vehicle #1 = -1, leaving at = inf
   Increment on distance indicator: 7.0
   Increment on tard indicator:     0.0
   Value of tmax indicator:         7.0

Task for patient = 256 with skills = {2,5} and cost = 588.0
   Vehicle #0 = 22, leaving at = 731.0
   Vehicle #1 = 49, leaving at = 738.0
   Increment on distance indicator: 12.0
   Increment on tard indicator:     0.0
   Value of tmax indicator:         12.0

Task for patient = 216 with skills = {3,-1} and cost = 584.0
   Vehicle #0 = 48, leaving at = 788.0
   Vehicle #1 = -1, leaving at = inf
   Increment on distance indicator: 3.0
   Increment on tard indicator:     0.0
   Value of tmax indicator:         3.0

Task for patient = 220 with skills = {2,-1} and cost = 583.0
   Vehicle #0 = 6, leaving at = 848.0
   Vehicle #1 = -1, leaving at = inf
   Increment on distance indicator: 4.0
   Increment on tard indicator:     0.0
   Value of tmax indicator:         4.0

Task for patient = 167 with skills = {3,-1} and cost = 581.7
   Vehicle #0 = 52, leaving at = 716.0
   Vehicle #1 = -1, leaving at = inf
   Increment on distance indicator: 2.0
   Increment on tard indicator:     0.0
   Value of tmax indicator:         2.0

Task for patient = 192 with skills = {0,-1} and cost = 581.0
   Vehicle #0 = 23, leaving at = 572.0
   Vehicle #1 = -1, leaving at = inf
   Increment on distance indicator: 2.0
   Increment on tard indicator:     0.0
   Value of tmax indicator:         2.0

Task for patient = 84 with skills = {0,3} and cost = 580.3
   Vehicle #0 = 9, leaving at = 894.0
   Vehicle #1 = 38, leaving at = 907.0
   Increment on distance indicator: 5.0
   Increment on tard indicator:     0.0
   Value of tmax indicator:         5.0

Task for patient = 205 with skills = {3,-1} and cost = 636.3
   Vehicle #0 = 40, leaving at = 898.0
   Vehicle #1 = -1, leaving at = inf
   Increment on distance indicator: 2.0
   Increment on tard indicator:     0.0
   Value of tmax indicator:         2.0

Task for patient = 123 with skills = {5,-1} and cost = 577.7
   Vehicle #0 = 35, leaving at = 802.0
   Vehicle #1 = -1, leaving at = inf
   Increment on distance indicator: 6.0
   Increment on tard indicator:     0.0
   Value of tmax indicator:         6.0

Task for patient = 36 with skills = {0,-1} and cost = 575.7
   Vehicle #0 = 9, leaving at = 857.0
   Vehicle #1 = -1, leaving at = inf
   Increment on distance indicator: 4.0
   Increment on tard indicator:     0.0
   Value of tmax indicator:         4.0

Task for patient = 16 with skills = {2,-1} and cost = 574.3
   Vehicle #0 = 3, leaving at = 1039.0
   Vehicle #1 = -1, leaving at = inf
   Increment on distance indicator: 1.0
   Increment on tard indicator:     0.0
   Value of tmax indicator:         1.0

Task for patient = 130 with skills = {3,-1} and cost = 574.0
   Vehicle #0 = 52, leaving at = 679.0
   Vehicle #1 = -1, leaving at = inf
   Increment on distance indicator: 5.0
   Increment on tard indicator:     0.0
   Value of tmax indicator:         5.0

Task for patient = 129 with skills = {4,-1} and cost = 572.3
   Vehicle #0 = 49, leaving at = 685.0
   Vehicle #1 = -1, leaving at = inf
   Increment on distance indicator: 6.0
   Increment on tard indicator:     0.0
   Value of tmax indicator:         6.0

Task for patient = 25 with skills = {3,-1} and cost = 570.3
   Vehicle #0 = 52, leaving at = 633.0
   Vehicle #1 = -1, leaving at = inf
   Increment on distance indicator: 3.0
   Increment on tard indicator:     0.0
   Value of tmax indicator:         3.0

Task for patient = 233 with skills = {0,-1} and cost = 569.3
   Vehicle #0 = 23, leaving at = 530.0
   Vehicle #1 = -1, leaving at = inf
   Increment on distance indicator: 19.0
   Increment on tard indicator:     0.0
   Value of tmax indicator:         19.0

Task for patient = 124 with skills = {1,3} and cost = 563.0
   Vehicle #0 = 20, leaving at = 716.0
   Vehicle #1 = 50, leaving at = 750.0
   Increment on distance indicator: 3.0
   Increment on tard indicator:     0.0
   Value of tmax indicator:         3.0

Task for patient = 258 with skills = {3,-1} and cost = 562.0
   Vehicle #0 = 51, leaving at = 653.0
   Vehicle #1 = -1, leaving at = inf
   Increment on distance indicator: 9.0
   Increment on tard indicator:     0.0
   Value of tmax indicator:         9.0

Task for patient = 237 with skills = {4,-1} and cost = 578.7
   Vehicle #0 = 41, leaving at = 857.0
   Vehicle #1 = -1, leaving at = inf
   Increment on distance indicator: 3.0
   Increment on tard indicator:     0.0
   Value of tmax indicator:         3.0

Task for patient = 183 with skills = {4,-1} and cost = 635.7
   Vehicle #0 = 33, leaving at = 949.0
   Vehicle #1 = -1, leaving at = inf
   Increment on distance indicator: 4.0
   Increment on tard indicator:     0.0
   Value of tmax indicator:         4.0

Task for patient = 267 with skills = {1,-1} and cost = 634.3
   Vehicle #0 = 23, leaving at = 673.0
   Vehicle #1 = -1, leaving at = inf
   Increment on distance indicator: 4.0
   Increment on tard indicator:     0.0
   Value of tmax indicator:         4.0

Task for patient = 271 with skills = {5,-1} and cost = 633.0
   Vehicle #0 = 49, leaving at = 781.0
   Vehicle #1 = -1, leaving at = inf
   Increment on distance indicator: 3.0
   Increment on tard indicator:     0.0
   Value of tmax indicator:         3.0

Task for patient = 29 with skills = {1,-1} and cost = 632.0
   Vehicle #0 = 14, leaving at = 543.0
   Vehicle #1 = -1, leaving at = inf
   Increment on distance indicator: 23.0
   Increment on tard indicator:     0.0
   Value of tmax indicator:         23.0

Task for patient = 208 with skills = {2,-1} and cost = 624.3
   Vehicle #0 = 21, leaving at = 664.0
   Vehicle #1 = -1, leaving at = inf
   Increment on distance indicator: 7.0
   Increment on tard indicator:     0.0
   Value of tmax indicator:         7.0

Task for patient = 142 with skills = {1,5} and cost = 622.0
   Vehicle #0 = 1, leaving at = 838.0
   Vehicle #1 = 36, leaving at = 829.0
   Increment on distance indicator: 12.0
   Increment on tard indicator:     0.0
   Value of tmax indicator:         12.0

Task for patient = 116 with skills = {0,-1} and cost = 618.0
   Vehicle #0 = 5, leaving at = 1017.0
   Vehicle #1 = -1, leaving at = inf
   Increment on distance indicator: 2.0
   Increment on tard indicator:     0.0
   Value of tmax indicator:         2.0

Task for patient = 276 with skills = {4,-1} and cost = 617.3
   Vehicle #0 = 48, leaving at = 846.0
   Vehicle #1 = -1, leaving at = inf
   Increment on distance indicator: 3.0
   Increment on tard indicator:     0.0
   Value of tmax indicator:         3.0

Task for patient = 165 with skills = {4,-1} and cost = 598.7
   Vehicle #0 = 53, leaving at = 619.0
   Vehicle #1 = -1, leaving at = inf
   Increment on distance indicator: 21.0
   Increment on tard indicator:     0.0
   Value of tmax indicator:         21.0

Task for patient = 34 with skills = {2,4} and cost = 615.7
   Vehicle #0 = 13, leaving at = 901.0
   Vehicle #1 = 33, leaving at = 894.0
   Increment on distance indicator: 9.0
   Increment on tard indicator:     0.0
   Value of tmax indicator:         9.0

Task for patient = 163 with skills = {1,-1} and cost = 612.7
   Vehicle #0 = 23, leaving at = 646.0
   Vehicle #1 = -1, leaving at = inf
   Increment on distance indicator: 19.0
   Increment on tard indicator:     0.0
   Value of tmax indicator:         19.0

Task for patient = 238 with skills = {1,3} and cost = 606.3
   Vehicle #0 = 6, leaving at = 876.0
   Vehicle #1 = 51, leaving at = 909.0
   Increment on distance indicator: 6.0
   Increment on tard indicator:     0.0
   Value of tmax indicator:         6.0

Task for patient = 281 with skills = {4,-1} and cost = 604.3
   Vehicle #0 = 30, leaving at = 935.0
   Vehicle #1 = -1, leaving at = inf
   Increment on distance indicator: 2.0
   Increment on tard indicator:     0.0
   Value of tmax indicator:         2.0

Task for patient = 150 with skills = {1,-1} and cost = 603.7
   Vehicle #0 = 15, leaving at = 904.0
   Vehicle #1 = -1, leaving at = inf
   Increment on distance indicator: 2.0
   Increment on tard indicator:     0.0
   Value of tmax indicator:         2.0

Task for patient = 144 with skills = {0,-1} and cost = 603.0
   Vehicle #0 = 10, leaving at = 833.0
   Vehicle #1 = -1, leaving at = inf
   Increment on distance indicator: 4.0
   Increment on tard indicator:     0.0
   Value of tmax indicator:         4.0

Task for patient = 131 with skills = {2,-1} and cost = 601.7
   Vehicle #0 = 5, leaving at = 996.0
   Vehicle #1 = -1, leaving at = inf
   Increment on distance indicator: 2.0
   Increment on tard indicator:     0.0
   Value of tmax indicator:         2.0

Task for patient = 9 with skills = {2,-1} and cost = 601.0
   Vehicle #0 = 19, leaving at = 976.0
   Vehicle #1 = -1, leaving at = inf
   Increment on distance indicator: 1.0
   Increment on tard indicator:     0.0
   Value of tmax indicator:         1.0

Task for patient = 2 with skills = {1,-1} and cost = 600.7
   Vehicle #0 = 1, leaving at = 694.0
   Vehicle #1 = -1, leaving at = inf
   Increment on distance indicator: 6.0
   Increment on tard indicator:     0.0
   Value of tmax indicator:         6.0

Task for patient = 201 with skills = {4,-1} and cost = 616.3
   Vehicle #0 = 39, leaving at = 862.0
   Vehicle #1 = -1, leaving at = inf
   Increment on distance indicator: 2.0
   Increment on tard indicator:     0.0
   Value of tmax indicator:         2.0

Task for patient = 221 with skills = {1,5} and cost = 794.7
   Vehicle #0 = 11, leaving at = 935.0
   Vehicle #1 = 49, leaving at = 976.0
   Increment on distance indicator: 4.0
   Increment on tard indicator:     0.0
   Value of tmax indicator:         4.0

Task for patient = 164 with skills = {1,-1} and cost = 793.3
   Vehicle #0 = 10, leaving at = 1035.0
   Vehicle #1 = -1, leaving at = inf
   Increment on distance indicator: 13.0
   Increment on tard indicator:     0.0
   Value of tmax indicator:         13.0

Task for patient = 255 with skills = {1,4} and cost = 789.0
   Vehicle #0 = 8, leaving at = 905.0
   Vehicle #1 = 49, leaving at = 924.0
   Increment on distance indicator: 7.0
   Increment on tard indicator:     0.0
   Value of tmax indicator:         7.0

Task for patient = 228 with skills = {3,-1} and cost = 786.7
   Vehicle #0 = 52, leaving at = 827.0
   Vehicle #1 = -1, leaving at = inf
   Increment on distance indicator: 12.0
   Increment on tard indicator:     0.0
   Value of tmax indicator:         12.0

Task for patient = 245 with skills = {0,4} and cost = 782.7
   Vehicle #0 = 10, leaving at = 989.0
   Vehicle #1 = 48, leaving at = 984.0
   Increment on distance indicator: 4.0
   Increment on tard indicator:     0.0
   Value of tmax indicator:         4.0

Task for patient = 146 with skills = {5,-1} and cost = 781.3
   Vehicle #0 = 30, leaving at = 1046.0
   Vehicle #1 = -1, leaving at = inf
   Increment on distance indicator: 2.0
   Increment on tard indicator:     0.0
   Value of tmax indicator:         2.0

Task for patient = 44 with skills = {3,-1} and cost = 780.7
   Vehicle #0 = 48, leaving at = 958.0
   Vehicle #1 = -1, leaving at = inf
   Increment on distance indicator: 4.0
   Increment on tard indicator:     0.0
   Value of tmax indicator:         4.0

Task for patient = 81 with skills = {3,-1} and cost = 779.3
   Vehicle #0 = 47, leaving at = 991.0
   Vehicle #1 = -1, leaving at = inf
   Increment on distance indicator: 5.0
   Increment on tard indicator:     0.0
   Value of tmax indicator:         5.0

Task for patient = 63 with skills = {1,-1} and cost = 700.7
   Vehicle #0 = 20, leaving at = 928.0
   Vehicle #1 = -1, leaving at = inf
   Increment on distance indicator: 4.0
   Increment on tard indicator:     0.0
   Value of tmax indicator:         4.0

Task for patient = 101 with skills = {1,4} and cost = 776.7
   Vehicle #0 = 15, leaving at = 987.0
   Vehicle #1 = 44, leaving at = 1010.0
   Increment on distance indicator: 7.0
   Increment on tard indicator:     0.0
   Value of tmax indicator:         7.0

Task for patient = 257 with skills = {0,-1} and cost = 774.3
   Vehicle #0 = 0, leaving at = 1006.0
   Vehicle #1 = -1, leaving at = inf
   Increment on distance indicator: 3.0
   Increment on tard indicator:     0.0
   Value of tmax indicator:         3.0

Task for patient = 294 with skills = {0,3} and cost = 773.3
   Vehicle #0 = 20, leaving at = 956.0
   Vehicle #1 = 47, leaving at = 949.0
   Increment on distance indicator: 6.0
   Increment on tard indicator:     0.0
   Value of tmax indicator:         6.0

Task for patient = 248 with skills = {4,-1} and cost = 771.3
   Vehicle #0 = 41, leaving at = 1029.0
   Vehicle #1 = -1, leaving at = inf
   Increment on distance indicator: 3.0
   Increment on tard indicator:     0.0
   Value of tmax indicator:         3.0

Task for patient = 93 with skills = {1,4} and cost = 770.3
   Vehicle #0 = 21, leaving at = 985.0
   Vehicle #1 = 39, leaving at = 980.0
   Increment on distance indicator: 6.0
   Increment on tard indicator:     0.0
   Value of tmax indicator:         6.0

Task for patient = 95 with skills = {5,-1} and cost = 768.3
   Vehicle #0 = 37, leaving at = 871.0
   Vehicle #1 = -1, leaving at = inf
   Increment on distance indicator: 8.0
   Increment on tard indicator:     0.0
   Value of tmax indicator:         8.0

Task for patient = 218 with skills = {1,3} and cost = 765.7
   Vehicle #0 = 14, leaving at = 969.0
   Vehicle #1 = 51, leaving at = 943.0
   Increment on distance indicator: 11.0
   Increment on tard indicator:     0.0
   Value of tmax indicator:         11.0

Task for patient = 89 with skills = {1,4} and cost = 762.0
   Vehicle #0 = 12, leaving at = 949.0
   Vehicle #1 = 41, leaving at = 978.0
   Increment on distance indicator: 8.0
   Increment on tard indicator:     0.0
   Value of tmax indicator:         8.0

Task for patient = 269 with skills = {0,-1} and cost = 777.7
   Vehicle #0 = 20, leaving at = 1008.0
   Vehicle #1 = -1, leaving at = inf
   Increment on distance indicator: 3.0
   Increment on tard indicator:     0.0
   Value of tmax indicator:         3.0

Task for patient = 39 with skills = {0,-1} and cost = 819.3
   Vehicle #0 = 6, leaving at = 976.0
   Vehicle #1 = -1, leaving at = inf
   Increment on distance indicator: 5.0
   Increment on tard indicator:     0.0
   Value of tmax indicator:         5.0

Task for patient = 196 with skills = {4,-1} and cost = 817.7
   Vehicle #0 = 38, leaving at = 1049.0
   Vehicle #1 = -1, leaving at = inf
   Increment on distance indicator: 2.0
   Increment on tard indicator:     0.0
   Value of tmax indicator:         2.0

Task for patient = 53 with skills = {2,-1} and cost = 817.0
   Vehicle #0 = 19, leaving at = 1037.0
   Vehicle #1 = -1, leaving at = inf
   Increment on distance indicator: 7.0
   Increment on tard indicator:     0.0
   Value of tmax indicator:         7.0

Task for patient = 182 with skills = {5,-1} and cost = 814.7
   Vehicle #0 = 49, leaving at = 996.0
   Vehicle #1 = -1, leaving at = inf
   Increment on distance indicator: 4.0
   Increment on tard indicator:     0.0
   Value of tmax indicator:         4.0

Task for patient = 213 with skills = {3,-1} and cost = 813.3
   Vehicle #0 = 52, leaving at = 990.0
   Vehicle #1 = -1, leaving at = inf
   Increment on distance indicator: 5.0
   Increment on tard indicator:     0.0
   Value of tmax indicator:         5.0

Task for patient = 109 with skills = {4,-1} and cost = 811.7
   Vehicle #0 = 48, leaving at = 1045.0
   Vehicle #1 = -1, leaving at = inf
   Increment on distance indicator: 1.0
   Increment on tard indicator:     0.0
   Value of tmax indicator:         1.0

Task for patient = 199 with skills = {1,4} and cost = 811.3
   Vehicle #0 = 23, leaving at = 1009.0
   Vehicle #1 = 50, leaving at = 972.0
   Increment on distance indicator: 3.0
   Increment on tard indicator:     0.0
   Value of tmax indicator:         3.0

Task for patient = 126 with skills = {5,-1} and cost = 810.3
   Vehicle #0 = 55, leaving at = 802.0
   Vehicle #1 = -1, leaving at = inf
   Increment on distance indicator: 0.0
   Increment on tard indicator:     0.0
   Value of tmax indicator:         0.0

Task for patient = 28 with skills = {0,-1} and cost = 796.0
   Vehicle #0 = 18, leaving at = 1000.0
   Vehicle #1 = -1, leaving at = inf
   Increment on distance indicator: 4.0
   Increment on tard indicator:     0.0
   Value of tmax indicator:         4.0

Task for patient = 91 with skills = {3,-1} and cost = 807.0
   Vehicle #0 = 48, leaving at = 1017.0
   Vehicle #1 = -1, leaving at = inf
   Increment on distance indicator: 4.0
   Increment on tard indicator:     0.0
   Value of tmax indicator:         4.0

Task for patient = 7 with skills = {0,4} and cost = 805.7
   Vehicle #0 = 13, leaving at = 1034.0
   Vehicle #1 = 40, leaving at = 1066.0
   Increment on distance indicator: 6.0
   Increment on tard indicator:     0.0
   Value of tmax indicator:         6.0

Task for patient = 103 with skills = {3,-1} and cost = 803.7
   Vehicle #0 = 37, leaving at = 931.0
   Vehicle #1 = -1, leaving at = inf
   Increment on distance indicator: 5.0
   Increment on tard indicator:     0.0
   Value of tmax indicator:         5.0

Task for patient = 140 with skills = {4,-1} and cost = 802.0
   Vehicle #0 = 44, leaving at = 1067.0
   Vehicle #1 = -1, leaving at = inf
   Increment on distance indicator: 3.0
   Increment on tard indicator:     0.0
   Value of tmax indicator:         3.0

Task for patient = 244 with skills = {3,-1} and cost = 801.0
   Vehicle #0 = 38, leaving at = 1021.0
   Vehicle #1 = -1, leaving at = inf
   Increment on distance indicator: 1.0
   Increment on tard indicator:     0.0
   Value of tmax indicator:         1.0

Task for patient = 112 with skills = {1,3} and cost = 800.7
   Vehicle #0 = 8, leaving at = 936.0
   Vehicle #1 = 52, leaving at = 946.0
   Increment on distance indicator: 5.0
   Increment on tard indicator:     0.0
   Value of tmax indicator:         5.0

Task for patient = 50 with skills = {4,-1} and cost = 799.0
   Vehicle #0 = 52, leaving at = 877.0
   Vehicle #1 = -1, leaving at = inf
   Increment on distance indicator: 3.0
   Increment on tard indicator:     0.0
   Value of tmax indicator:         3.0

Task for patient = 97 with skills = {2,-1} and cost = 798.0
   Vehicle #0 = 15, leaving at = 1045.0
   Vehicle #1 = -1, leaving at = inf
   Increment on distance indicator: 2.0
   Increment on tard indicator:     0.0
   Value of tmax indicator:         2.0

Task for patient = 143 with skills = {5,-1} and cost = 797.3
   Vehicle #0 = 34, leaving at = 1025.0
   Vehicle #1 = -1, leaving at = inf
   Increment on distance indicator: 4.0
   Increment on tard indicator:     0.0
   Value of tmax indicator:         4.0

Task for patient = 262 with skills = {1,3} and cost = 810.3
   Vehicle #0 = 23, leaving at = 947.0
   Vehicle #1 = 46, leaving at = 988.0
   Increment on distance indicator: 10.0
   Increment on tard indicator:     0.0
   Value of tmax indicator:         10.0

Task for patient = 154 with skills = {2,-1} and cost = 733.0
   Vehicle #0 = 13, leaving at = 1006.0
   Vehicle #1 = -1, leaving at = inf
   Increment on distance indicator: 1.0
   Increment on tard indicator:     0.0
   Value of tmax indicator:         1.0

Task for patient = 21 with skills = {1,-1} and cost = 732.7
   Vehicle #0 = 12, leaving at = 926.0
   Vehicle #1 = -1, leaving at = inf
   Increment on distance indicator: 18.0
   Increment on tard indicator:     0.0
   Value of tmax indicator:         18.0

Task for patient = 259 with skills = {1,-1} and cost = 726.7
   Vehicle #0 = 21, leaving at = 823.0
   Vehicle #1 = -1, leaving at = inf
   Increment on distance indicator: 1.0
   Increment on tard indicator:     0.0
   Value of tmax indicator:         1.0

Task for patient = 275 with skills = {3,-1} and cost = 726.3
   Vehicle #0 = 45, leaving at = 991.0
   Vehicle #1 = -1, leaving at = inf
   Increment on distance indicator: 2.0
   Increment on tard indicator:     0.0
   Value of tmax indicator:         2.0

Task for patient = 23 with skills = {1,-1} and cost = 725.7
   Vehicle #0 = 10, leaving at = 968.0
   Vehicle #1 = -1, leaving at = inf
   Increment on distance indicator: 4.0
   Increment on tard indicator:     0.0
   Value of tmax indicator:         4.0

Task for patient = 58 with skills = {4,-1} and cost = 724.3
   Vehicle #0 = 39, leaving at = 927.0
   Vehicle #1 = -1, leaving at = inf
   Increment on distance indicator: 6.0
   Increment on tard indicator:     0.0
   Value of tmax indicator:         6.0

Task for patient = 234 with skills = {2,-1} and cost = 722.3
   Vehicle #0 = 22, leaving at = 863.0
   Vehicle #1 = -1, leaving at = inf
   Increment on distance indicator: 5.0
   Increment on tard indicator:     0.0
   Value of tmax indicator:         5.0

Task for patient = 195 with skills = {1,-1} and cost = 720.7
   Vehicle #0 = 12, leaving at = 890.0
   Vehicle #1 = -1, leaving at = inf
   Increment on distance indicator: 1.0
   Increment on tard indicator:     0.0
   Value of tmax indicator:         1.0

Task for patient = 92 with skills = {4,-1} and cost = 759.3
   Vehicle #0 = 33, leaving at = 1036.0
   Vehicle #1 = -1, leaving at = inf
   Increment on distance indicator: 5.0
   Increment on tard indicator:     0.0
   Value of tmax indicator:         5.0

Task for patient = 55 with skills = {1,3} and cost = 719.7
   Vehicle #0 = 2, leaving at = 930.0
   Vehicle #1 = 44, leaving at = 962.0
   Increment on distance indicator: 6.0
   Increment on tard indicator:     0.0
   Value of tmax indicator:         6.0

Task for patient = 13 with skills = {1,5} and cost = 717.7
   Vehicle #0 = 18, leaving at = 949.0
   Vehicle #1 = 31, leaving at = 984.0
   Increment on distance indicator: 5.0
   Increment on tard indicator:     0.0
   Value of tmax indicator:         5.0

Task for patient = 132 with skills = {1,-1} and cost = 716.0
   Vehicle #0 = 14, leaving at = 886.0
   Vehicle #1 = -1, leaving at = inf
   Increment on distance indicator: 4.0
   Increment on tard indicator:     0.0
   Value of tmax indicator:         4.0

Task for patient = 96 with skills = {4,-1} and cost = 714.7
   Vehicle #0 = 53, leaving at = 834.0
   Vehicle #1 = -1, leaving at = inf
   Increment on distance indicator: 8.0
   Increment on tard indicator:     0.0
   Value of tmax indicator:         8.0

Task for patient = 5 with skills = {2,-1} and cost = 712.0
   Vehicle #0 = 13, leaving at = 970.0
   Vehicle #1 = -1, leaving at = inf
   Increment on distance indicator: 3.0
   Increment on tard indicator:     0.0
   Value of tmax indicator:         3.0

Task for patient = 67 with skills = {1,-1} and cost = 711.0
   Vehicle #0 = 23, leaving at = 792.0
   Vehicle #1 = -1, leaving at = inf
   Increment on distance indicator: 15.0
   Increment on tard indicator:     0.0
   Value of tmax indicator:         15.0

Task for patient = 279 with skills = {4,-1} and cost = 706.0
   Vehicle #0 = 30, leaving at = 965.0
   Vehicle #1 = -1, leaving at = inf
   Increment on distance indicator: 2.0
   Increment on tard indicator:     0.0
   Value of tmax indicator:         2.0

Task for patient = 107 with skills = {0,-1} and cost = 705.3
   Vehicle #0 = 23, leaving at = 724.0
   Vehicle #1 = -1, leaving at = inf
   Increment on distance indicator: 6.0
   Increment on tard indicator:     0.0
   Value of tmax indicator:         6.0

Task for patient = 141 with skills = {4,-1} and cost = 703.3
   Vehicle #0 = 35, leaving at = 973.0
   Vehicle #1 = -1, leaving at = inf
   Increment on distance indicator: 8.0
   Increment on tard indicator:     0.0
   Value of tmax indicator:         8.0

Task for patient = 56 with skills = {5,-1} and cost = 720.3
   Vehicle #0 = 30, leaving at = 1018.0
   Vehicle #1 = -1, leaving at = inf
   Increment on distance indicator: 2.0
   Increment on tard indicator:     0.0
   Value of tmax indicator:         2.0

Task for patient = 236 with skills = {4,-1} and cost = 757.7
   Vehicle #0 = 41, leaving at = 911.0
   Vehicle #1 = -1, leaving at = inf
   Increment on distance indicator: 3.0
   Increment on tard indicator:     0.0
   Value of tmax indicator:         3.0

Task for patient = 77 with skills = {2,-1} and cost = 756.7
   Vehicle #0 = 7, leaving at = 1026.0
   Vehicle #1 = -1, leaving at = inf
   Increment on distance indicator: 2.0
   Increment on tard indicator:     0.0
   Value of tmax indicator:         2.0

Task for patient = 175 with skills = {0,4} and cost = 756.0
   Vehicle #0 = 6, leaving at = 935.0
   Vehicle #1 = 53, leaving at = 941.0
   Increment on distance indicator: 9.0
   Increment on tard indicator:     0.0
   Value of tmax indicator:         9.0

Task for patient = 48 with skills = {1,-1} and cost = 753.0
   Vehicle #0 = 2, leaving at = 1013.0
   Vehicle #1 = -1, leaving at = inf
   Increment on distance indicator: 5.0
   Increment on tard indicator:     0.0
   Value of tmax indicator:         5.0

Task for patient = 134 with skills = {2,3} and cost = 751.3
   Vehicle #0 = 7, leaving at = 990.0
   Vehicle #1 = 38, leaving at = 990.0
   Increment on distance indicator: 7.0
   Increment on tard indicator:     0.0
   Value of tmax indicator:         7.0

Task for patient = 178 with skills = {4,-1} and cost = 749.0
   Vehicle #0 = 52, leaving at = 767.0
   Vehicle #1 = -1, leaving at = inf
   Increment on distance indicator: 8.0
   Increment on tard indicator:     0.0
   Value of tmax indicator:         8.0

Task for patient = 125 with skills = {3,-1} and cost = 746.3
   Vehicle #0 = 48, leaving at = 924.0
   Vehicle #1 = -1, leaving at = inf
   Increment on distance indicator: 3.0
   Increment on tard indicator:     0.0
   Value of tmax indicator:         3.0

Task for patient = 135 with skills = {3,-1} and cost = 745.3
   Vehicle #0 = 50, leaving at = 902.0
   Vehicle #1 = -1, leaving at = inf
   Increment on distance indicator: 1.0
   Increment on tard indicator:     0.0
   Value of tmax indicator:         1.0

Task for patient = 52 with skills = {5,-1} and cost = 733.7
   Vehicle #0 = 46, leaving at = 901.0
   Vehicle #1 = -1, leaving at = inf
   Increment on distance indicator: 2.0
   Increment on tard indicator:     0.0
   Value of tmax indicator:         2.0

Task for patient = 186 with skills = {4,-1} and cost = 744.3
   Vehicle #0 = 46, leaving at = 950.0
   Vehicle #1 = -1, leaving at = inf
   Increment on distance indicator: 2.0
   Increment on tard indicator:     0.0
   Value of tmax indicator:         2.0

Task for patient = 253 with skills = {5,-1} and cost = 743.7
   Vehicle #0 = 47, leaving at = 899.0
   Vehicle #1 = -1, leaving at = inf
   Increment on distance indicator: 4.0
   Increment on tard indicator:     0.0
   Value of tmax indicator:         4.0

Task for patient = 71 with skills = {4,-1} and cost = 742.3
   Vehicle #0 = 52, leaving at = 732.0
   Vehicle #1 = -1, leaving at = inf
   Increment on distance indicator: 1.0
   Increment on tard indicator:     0.0
   Value of tmax indicator:         1.0

Task for patient = 145 with skills = {2,-1} and cost = 742.0
   Vehicle #0 = 3, leaving at = 1110.0
   Vehicle #1 = -1, leaving at = inf
   Increment on distance indicator: 7.0
   Increment on tard indicator:     0.0
   Value of tmax indicator:         7.0

Task for patient = 61 with skills = {1,-1} and cost = 739.7
   Vehicle #0 = 2, leaving at = 972.0
   Vehicle #1 = -1, leaving at = inf
   Increment on distance indicator: 4.0
   Increment on tard indicator:     0.0
   Value of tmax indicator:         4.0

Task for patient = 168 with skills = {2,-1} and cost = 738.3
   Vehicle #0 = 7, leaving at = 927.0
   Vehicle #1 = -1, leaving at = inf
   Increment on distance indicator: 3.0
   Increment on tard indicator:     0.0
   Value of tmax indicator:         3.0

Task for patient = 138 with skills = {4,-1} and cost = 737.3
   Vehicle #0 = 45, leaving at = 1038.0
   Vehicle #1 = -1, leaving at = inf
   Increment on distance indicator: 2.0
   Increment on tard indicator:     0.0
   Value of tmax indicator:         2.0

Task for patient = 211 with skills = {0,-1} and cost = 736.7
   Vehicle #0 = 0, leaving at = 950.0
   Vehicle #1 = -1, leaving at = inf
   Increment on distance indicator: 4.0
   Increment on tard indicator:     0.0
   Value of tmax indicator:         4.0

Task for patient = 169 with skills = {3,-1} and cost = 735.3
   Vehicle #0 = 47, leaving at = 843.0
   Vehicle #1 = -1, leaving at = inf
   Increment on distance indicator: 5.0
   Increment on tard indicator:     0.0
   Value of tmax indicator:         5.0

Task for patient = 153 with skills = {0,-1} and cost = 745.0
   Vehicle #0 = 9, leaving at = 1099.0
   Vehicle #1 = -1, leaving at = inf
   Increment on distance indicator: 2.0
   Increment on tard indicator:     0.0
   Value of tmax indicator:         2.0

Task for patient = 122 with skills = {4,-1} and cost = 294.0
   Vehicle #0 = 38, leaving at = 674.0
   Vehicle #1 = -1, leaving at = inf
   Increment on distance indicator: 2.0
   Increment on tard indicator:     0.0
   Value of tmax indicator:         2.0

Task for patient = 280 with skills = {1,3} and cost = 293.3
   Vehicle #0 = 15, leaving at = 704.0
   Vehicle #1 = 44, leaving at = 685.0
   Increment on distance indicator: 20.0
   Increment on tard indicator:     0.0
   Value of tmax indicator:         20.0

Task for patient = 66 with skills = {0,5} and cost = 286.7
   Vehicle #0 = 9, leaving at = 690.0
   Vehicle #1 = 43, leaving at = 707.0
   Increment on distance indicator: 4.0
   Increment on tard indicator:     0.0
   Value of tmax indicator:         4.0

Task for patient = 290 with skills = {4,-1} and cost = 285.3
   Vehicle #0 = 41, leaving at = 548.0
   Vehicle #1 = -1, leaving at = inf
   Increment on distance indicator: 20.0
   Increment on tard indicator:     0.0
   Value of tmax indicator:         20.0

Task for patient = 99 with skills = {1,-1} and cost = 278.7
   Vehicle #0 = 3, leaving at = 931.0
   Vehicle #1 = -1, leaving at = inf
   Increment on distance indicator: 3.0
   Increment on tard indicator:     0.0
   Value of tmax indicator:         3.0

Task for patient = 187 with skills = {3,-1} and cost = 277.7
   Vehicle #0 = 38, leaving at = 649.0
   Vehicle #1 = -1, leaving at = inf
   Increment on distance indicator: 2.0
   Increment on tard indicator:     0.0
   Value of tmax indicator:         2.0

Task for patient = 147 with skills = {2,5} and cost = 277.0
   Vehicle #0 = 15, leaving at = 635.0
   Vehicle #1 = 44, leaving at = 646.0
   Increment on distance indicator: 30.0
   Increment on tard indicator:     0.0
   Value of tmax indicator:         30.0

Task for patient = 274 with skills = {5,-1} and cost = 267.0
   Vehicle #0 = 43, leaving at = 558.0
   Vehicle #1 = -1, leaving at = inf
   Increment on distance indicator: 25.0
   Increment on tard indicator:     0.0
   Value of tmax indicator:         25.0

Task for patient = 266 with skills = {0,-1} and cost = 559.0
   Vehicle #0 = 19, leaving at = 955.0
   Vehicle #1 = -1, leaving at = inf
   Increment on distance indicator: 1.0
   Increment on tard indicator:     0.0
   Value of tmax indicator:         1.0

Task for patient = 184 with skills = {3,-1} and cost = 257.3
   Vehicle #0 = 37, leaving at = 759.0
   Vehicle #1 = -1, leaving at = inf
   Increment on distance indicator: 6.0
   Increment on tard indicator:     0.0
   Value of tmax indicator:         6.0

Task for patient = 286 with skills = {2,-1} and cost = 255.3
   Vehicle #0 = 10, leaving at = 662.0
   Vehicle #1 = -1, leaving at = inf
   Increment on distance indicator: 4.0
   Increment on tard indicator:     0.0
   Value of tmax indicator:         4.0

Task for patient = 35 with skills = {1,5} and cost = 254.0
   Vehicle #0 = 8, leaving at = 802.0
   Vehicle #1 = 32, leaving at = 832.0
   Increment on distance indicator: 7.0
   Increment on tard indicator:     0.0
   Value of tmax indicator:         7.0

Task for patient = 94 with skills = {1,-1} and cost = 251.7
   Vehicle #0 = 3, leaving at = 910.0
   Vehicle #1 = -1, leaving at = inf
   Increment on distance indicator: 1.0
   Increment on tard indicator:     0.0
   Value of tmax indicator:         1.0

Task for patient = 212 with skills = {0,5} and cost = 251.3
   Vehicle #0 = 13, leaving at = 648.0
   Vehicle #1 = 40, leaving at = 667.0
   Increment on distance indicator: 40.0
   Increment on tard indicator:     0.0
   Value of tmax indicator:         40.0

Task for patient = 283 with skills = {5,-1} and cost = 238.0
   Vehicle #0 = 40, leaving at = 606.0
   Vehicle #1 = -1, leaving at = inf
   Increment on distance indicator: 18.0
   Increment on tard indicator:     0.0
   Value of tmax indicator:         18.0

Task for patient = 79 with skills = {1,5} and cost = 232.0
   Vehicle #0 = 1, leaving at = 663.0
   Vehicle #1 = 39, leaving at = 683.0
   Increment on distance indicator: 14.0
   Increment on tard indicator:     0.0
   Value of tmax indicator:         14.0

Task for patient = 106 with skills = {2,-1} and cost = 227.3
   Vehicle #0 = 9, leaving at = 638.0
   Vehicle #1 = -1, leaving at = inf
   Increment on distance indicator: 7.0
   Increment on tard indicator:     0.0
   Value of tmax indicator:         7.0

Task for patient = 82 with skills = {3,-1} and cost = 258.7
   Vehicle #0 = 33, leaving at = 784.0
   Vehicle #1 = -1, leaving at = inf
   Increment on distance indicator: 4.0
   Increment on tard indicator:     0.0
   Value of tmax indicator:         4.0

Task for patient = 69 with skills = {3,-1} and cost = 371.7
   Vehicle #0 = 46, leaving at = 606.0
   Vehicle #1 = -1, leaving at = inf
   Increment on distance indicator: 21.0
   Increment on tard indicator:     0.0
   Value of tmax indicator:         21.0

Task for patient = 27 with skills = {2,-1} and cost = 364.7
   Vehicle #0 = 19, leaving at = 554.0
   Vehicle #1 = -1, leaving at = inf
   Increment on distance indicator: 26.0
   Increment on tard indicator:     0.0
   Value of tmax indicator:         26.0

Task for patient = 87 with skills = {0,-1} and cost = 356.0
   Vehicle #0 = 17, leaving at = 573.0
   Vehicle #1 = -1, leaving at = inf
   Increment on distance indicator: 21.0
   Increment on tard indicator:     0.0
   Value of tmax indicator:         21.0

Task for patient = 105 with skills = {3,-1} and cost = 349.0
   Vehicle #0 = 45, leaving at = 674.0
   Vehicle #1 = -1, leaving at = inf
   Increment on distance indicator: 2.0
   Increment on tard indicator:     0.0
   Value of tmax indicator:         2.0

Task for patient = 264 with skills = {0,5} and cost = 348.3
   Vehicle #0 = 13, leaving at = 698.0
   Vehicle #1 = 40, leaving at = 735.0
   Increment on distance indicator: 28.0
   Increment on tard indicator:     0.0
   Value of tmax indicator:         28.0

Task for patient = 296 with skills = {1,3} and cost = 339.0
   Vehicle #0 = 11, leaving at = 576.0
   Vehicle #1 = 45, leaving at = 552.0
   Increment on distance indicator: 52.0
   Increment on tard indicator:     0.0
   Value of tmax indicator:         52.0

Task for patient = 252 with skills = {1,-1} and cost = 321.7
   Vehicle #0 = 8, leaving at = 861.0
   Vehicle #1 = -1, leaving at = inf
   Increment on distance indicator: 3.0
   Increment on tard indicator:     0.0
   Value of tmax indicator:         3.0

Task for patient = 60 with skills = {5,-1} and cost = 320.7
   Vehicle #0 = 36, leaving at = 733.0
   Vehicle #1 = -1, leaving at = inf
   Increment on distance indicator: 3.0
   Increment on tard indicator:     0.0
   Value of tmax indicator:         3.0

Task for patient = 41 with skills = {4,-1} and cost = 296.7
   Vehicle #0 = 39, leaving at = 724.0
   Vehicle #1 = -1, leaving at = inf
   Increment on distance indicator: 8.0
   Increment on tard indicator:     0.0
   Value of tmax indicator:         8.0

Task for patient = 100 with skills = {4,-1} and cost = 317.7
   Vehicle #0 = 41, leaving at = 670.0
   Vehicle #1 = -1, leaving at = inf
   Increment on distance indicator: 4.0
   Increment on tard indicator:     0.0
   Value of tmax indicator:         4.0

Task for patient = 197 with skills = {0,3} and cost = 316.3
   Vehicle #0 = 5, leaving at = 864.0
   Vehicle #1 = 32, leaving at = 893.0
   Increment on distance indicator: 3.0
   Increment on tard indicator:     0.0
   Value of tmax indicator:         3.0

Task for patient = 210 with skills = {2,-1} and cost = 315.3
   Vehicle #0 = 7, leaving at = 691.0
   Vehicle #1 = -1, leaving at = inf
   Increment on distance indicator: 3.0
   Increment on tard indicator:     0.0
   Value of tmax indicator:         3.0

Task for patient = 137 with skills = {0,4} and cost = 314.3
   Vehicle #0 = 9, leaving at = 765.0
   Vehicle #1 = 38, leaving at = 759.0
   Increment on distance indicator: 4.0
   Increment on tard indicator:     0.0
   Value of tmax indicator:         4.0

Task for patient = 181 with skills = {1,3} and cost = 313.0
   Vehicle #0 = 15, leaving at = 772.0
   Vehicle #1 = 44, leaving at = 791.0
   Increment on distance indicator: 8.0
   Increment on tard indicator:     0.0
   Value of tmax indicator:         8.0

Task for patient = 188 with skills = {1,3} and cost = 310.3
   Vehicle #0 = 10, leaving at = 719.0
   Vehicle #1 = 42, leaving at = 714.0
   Increment on distance indicator: 28.0
   Increment on tard indicator:     0.0
   Value of tmax indicator:         28.0

Task for patient = 172 with skills = {4,-1} and cost = 301.0
   Vehicle #0 = 44, leaving at = 725.0
   Vehicle #1 = -1, leaving at = inf
   Increment on distance indicator: 2.0
   Increment on tard indicator:     0.0
   Value of tmax indicator:         2.0

Task for patient = 62 with skills = {2,3} and cost = 300.3
   Vehicle #0 = 9, leaving at = 715.0
   Vehicle #1 = 38, leaving at = 734.0
   Increment on distance indicator: 5.0
   Increment on tard indicator:     0.0
   Value of tmax indicator:         5.0

Task for patient = 33 with skills = {4,-1} and cost = 298.7
   Vehicle #0 = 41, leaving at = 640.0
   Vehicle #1 = -1, leaving at = inf
   Increment on distance indicator: 6.0
   Increment on tard indicator:     0.0
   Value of tmax indicator:         6.0

Task for patient = 170 with skills = {0,3} and cost = 319.7
   Vehicle #0 = 0, leaving at = 792.0
   Vehicle #1 = 34, leaving at = 816.0
   Increment on distance indicator: 6.0
   Increment on tard indicator:     0.0
   Value of tmax indicator:         6.0

Task for patient = 149 with skills = {0,5} and cost = 125.0
   Vehicle #0 = 5, leaving at = 739.0
   Vehicle #1 = 32, leaving at = 752.0
   Increment on distance indicator: 6.0
   Increment on tard indicator:     0.0
   Value of tmax indicator:         6.0

Task for patient = 235 with skills = {2,4} and cost = 123.0
   Vehicle #0 = 7, leaving at = 603.0
   Vehicle #1 = 35, leaving at = 652.0
   Increment on distance indicator: 37.0
   Increment on tard indicator:     0.0
   Value of tmax indicator:         37.0

Task for patient = 190 with skills = {2,3} and cost = 110.7
   Vehicle #0 = 6, leaving at = 646.0
   Vehicle #1 = 34, leaving at = 662.0
   Increment on distance indicator: 29.0
   Increment on tard indicator:     0.0
   Value of tmax indicator:         29.0

Task for patient = 19 with skills = {0,-1} and cost = 101.0
   Vehicle #0 = 0, leaving at = 669.0
   Vehicle #1 = -1, leaving at = inf
   Increment on distance indicator: 2.0
   Increment on tard indicator:     0.0
   Value of tmax indicator:         2.0

Task for patient = 200 with skills = {4,-1} and cost = 100.3
   Vehicle #0 = 35, leaving at = 590.0
   Vehicle #1 = -1, leaving at = inf
   Increment on distance indicator: 27.0
   Increment on tard indicator:     0.0
   Value of tmax indicator:         27.0

Task for patient = 68 with skills = {0,3} and cost = 91.3
   Vehicle #0 = 5, leaving at = 701.0
   Vehicle #1 = 32, leaving at = 728.0
   Increment on distance indicator: 31.0
   Increment on tard indicator:     0.0
   Value of tmax indicator:         31.0

Task for patient = 65 with skills = {5,-1} and cost = 81.0
   Vehicle #0 = 32, leaving at = 670.0
   Vehicle #1 = -1, leaving at = inf
   Increment on distance indicator: 24.0
   Increment on tard indicator:     0.0
   Value of tmax indicator:         24.0

Task for patient = 198 with skills = {5,-1} and cost = 73.0
   Vehicle #0 = 34, leaving at = 610.0
   Vehicle #1 = -1, leaving at = inf
   Increment on distance indicator: 4.0
   Increment on tard indicator:     0.0
   Value of tmax indicator:         4.0

Task for patient = 11 with skills = {1,5} and cost = 225.0
   Vehicle #0 = 8, leaving at = 750.0
   Vehicle #1 = 35, leaving at = 756.0
   Increment on distance indicator: 29.0
   Increment on tard indicator:     0.0
   Value of tmax indicator:         29.0

Task for patient = 224 with skills = {2,-1} and cost = 69.3
   Vehicle #0 = 3, leaving at = 829.0
   Vehicle #1 = -1, leaving at = inf
   Increment on distance indicator: 3.0
   Increment on tard indicator:     0.0
   Value of tmax indicator:         3.0

Task for patient = 246 with skills = {4,-1} and cost = 68.3
   Vehicle #0 = 33, leaving at = 750.0
   Vehicle #1 = -1, leaving at = inf
   Increment on distance indicator: 3.0
   Increment on tard indicator:     0.0
   Value of tmax indicator:         3.0

Task for patient = 20 with skills = {1,4} and cost = 67.3
   Vehicle #0 = 1, leaving at = 576.0
   Vehicle #1 = 34, leaving at = 579.0
   Increment on distance indicator: 48.0
   Increment on tard indicator:     0.0
   Value of tmax indicator:         48.0

Task for patient = 299 with skills = {0,4} and cost = 51.3
   Vehicle #0 = 4, leaving at = 667.0
   Vehicle #1 = 33, leaving at = 701.0
   Increment on distance indicator: 42.0
   Increment on tard indicator:     0.0
   Value of tmax indicator:         42.0

Task for patient = 160 with skills = {4,-1} and cost = 37.3
   Vehicle #0 = 30, leaving at = 829.0
   Vehicle #1 = -1, leaving at = inf
   Increment on distance indicator: 3.0
   Increment on tard indicator:     0.0
   Value of tmax indicator:         3.0

Task for patient = 158 with skills = {0,4} and cost = 36.3
   Vehicle #0 = 3, leaving at = 786.0
   Vehicle #1 = 30, leaving at = 805.0
   Increment on distance indicator: 41.0
   Increment on tard indicator:     0.0
   Value of tmax indicator:         41.0

Task for patient = 47 with skills = {0,-1} and cost = 22.7
   Vehicle #0 = 0, leaving at = 621.0
   Vehicle #1 = -1, leaving at = inf
   Increment on distance indicator: 24.0
   Increment on tard indicator:     0.0
   Value of tmax indicator:         24.0

Task for patient = 171 with skills = {0,3} and cost = 14.7
   Vehicle #0 = 3, leaving at = 701.0
   Vehicle #1 = 31, leaving at = 718.0
   Increment on distance indicator: 6.0
   Increment on tard indicator:     0.0
   Value of tmax indicator:         6.0

Task for patient = 120 with skills = {2,3} and cost = 12.7
   Vehicle #0 = 3, leaving at = 646.0
   Vehicle #1 = 31, leaving at = 670.0
   Increment on distance indicator: 38.0
   Increment on tard indicator:     0.0
   Value of tmax indicator:         38.0

Task for patient = 229 with skills = {0,3} and cost = 71.7
   Vehicle #0 = 4, leaving at = 755.0
   Vehicle #1 = 31, leaving at = 761.0
   Increment on distance indicator: 7.0
   Increment on tard indicator:     0.0
   Value of tmax indicator:         7.0

Task for patient = 151 with skills = {0,-1} and cost = 215.3
   Vehicle #0 = 5, leaving at = 799.0
   Vehicle #1 = -1, leaving at = inf
   Increment on distance indicator: 2.0
   Increment on tard indicator:     0.0
   Value of tmax indicator:         2.0

Task for patient = 4 with skills = {5,-1} and cost = 214.7
   Vehicle #0 = 37, leaving at = 703.0
   Vehicle #1 = -1, leaving at = inf
   Increment on distance indicator: 2.0
   Increment on tard indicator:     0.0
   Value of tmax indicator:         2.0

Task for patient = 40 with skills = {5,-1} and cost = 214.0
   Vehicle #0 = 40, leaving at = 553.0
   Vehicle #1 = -1, leaving at = inf
   Increment on distance indicator: 17.0
   Increment on tard indicator:     0.0
   Value of tmax indicator:         17.0

Task for patient = 288 with skills = {5,-1} and cost = 208.3
   Vehicle #0 = 37, leaving at = 663.0
   Vehicle #1 = -1, leaving at = inf
   Increment on distance indicator: 2.0
   Increment on tard indicator:     0.0
   Value of tmax indicator:         2.0

Task for patient = 37 with skills = {1,3} and cost = 207.7
   Vehicle #0 = 2, leaving at = 800.0
   Vehicle #1 = 31, leaving at = 781.0
   Increment on distance indicator: 7.0
   Increment on tard indicator:     0.0
   Value of tmax indicator:         7.0

Task for patient = 86 with skills = {1,4} and cost = 205.3
   Vehicle #0 = 1, leaving at = 623.0
   Vehicle #1 = 39, leaving at = 604.0
   Increment on distance indicator: 35.0
   Increment on tard indicator:     0.0
   Value of tmax indicator:         35.0

Task for patient = 268 with skills = {1,-1} and cost = 193.7
   Vehicle #0 = 2, leaving at = 541.0
   Vehicle #1 = -1, leaving at = inf
   Increment on distance indicator: 20.0
   Increment on tard indicator:     0.0
   Value of tmax indicator:         20.0

Task for patient = 193 with skills = {5,-1} and cost = 187.0
   Vehicle #0 = 37, leaving at = 639.0
   Vehicle #1 = -1, leaving at = inf
   Increment on distance indicator: 1.0
   Increment on tard indicator:     0.0
   Value of tmax indicator:         1.0

Task for patient = 12 with skills = {2,3} and cost = 142.3
   Vehicle #0 = 9, leaving at = 509.0
   Vehicle #1 = 37, leaving at = 533.0
   Increment on distance indicator: 52.0
   Increment on tard indicator:     0.0
   Value of tmax indicator:         52.0

Task for patient = 230 with skills = {3,-1} and cost = 178.0
   Vehicle #0 = 37, leaving at = 590.0
   Vehicle #1 = -1, leaving at = inf
   Increment on distance indicator: 7.0
   Increment on tard indicator:     0.0
   Value of tmax indicator:         7.0

Task for patient = 225 with skills = {4,-1} and cost = 175.7
   Vehicle #0 = 34, leaving at = 764.0
   Vehicle #1 = -1, leaving at = inf
   Increment on distance indicator: 10.0
   Increment on tard indicator:     0.0
   Value of tmax indicator:         10.0

Task for patient = 206 with skills = {3,-1} and cost = 172.3
   Vehicle #0 = 35, leaving at = 734.0
   Vehicle #1 = -1, leaving at = inf
   Increment on distance indicator: 6.0
   Increment on tard indicator:     0.0
   Value of tmax indicator:         6.0

Task for patient = 194 with skills = {1,5} and cost = 170.3
   Vehicle #0 = 10, leaving at = 624.0
   Vehicle #1 = 36, leaving at = 633.0
   Increment on distance indicator: 4.0
   Increment on tard indicator:     0.0
   Value of tmax indicator:         4.0

Task for patient = 285 with skills = {2,5} and cost = 169.0
   Vehicle #0 = 10, leaving at = 602.0
   Vehicle #1 = 36, leaving at = 573.0
   Increment on distance indicator: 60.0
   Increment on tard indicator:     0.0
   Value of tmax indicator:         60.0

Task for patient = 22 with skills = {2,-1} and cost = 149.0
   Vehicle #0 = 9, leaving at = 581.0
   Vehicle #1 = -1, leaving at = inf
   Increment on distance indicator: 7.0
   Increment on tard indicator:     0.0
   Value of tmax indicator:         7.0

Task for patient = 74 with skills = {0,3} and cost = 146.7
   Vehicle #0 = 6, leaving at = 676.0
   Vehicle #1 = 34, leaving at = 713.0
   Increment on distance indicator: 4.0
   Increment on tard indicator:     0.0
   Value of tmax indicator:         4.0

Task for patient = 282 with skills = {5,-1} and cost = 145.3
   Vehicle #0 = 32, leaving at = 774.0
   Vehicle #1 = -1, leaving at = inf
   Increment on distance indicator: 3.0
   Increment on tard indicator:     0.0
   Value of tmax indicator:         3.0

Task for patient = 159 with skills = {2,3} and cost = 144.3
   Vehicle #0 = 7, leaving at = 671.0
   Vehicle #1 = 35, leaving at = 687.0
   Increment on distance indicator: 6.0
   Increment on tard indicator:     0.0
   Value of tmax indicator:         6.0

Task for patient = 166 with skills = {4,-1} and cost = 186.7
   Vehicle #0 = 38, leaving at = 508.0
   Vehicle #1 = -1, leaving at = inf
   Increment on distance indicator: 26.0
   Increment on tard indicator:     0.0
   Value of tmax indicator:         26.0

Task for patient = 180 with skills = {1,3} and cost = 527.0
   Vehicle #0 = 2, leaving at = 891.0
   Vehicle #1 = 31, leaving at = 926.0
   Increment on distance indicator: 6.0
   Increment on tard indicator:     0.0
   Value of tmax indicator:         6.0

Task for patient = 176 with skills = {1,-1} and cost = 525.0
   Vehicle #0 = 12, leaving at = 595.0
   Vehicle #1 = -1, leaving at = inf
   Increment on distance indicator: 3.0
   Increment on tard indicator:     0.0
   Value of tmax indicator:         3.0

Task for patient = 88 with skills = {5,-1} and cost = 524.0
   Vehicle #0 = 40, leaving at = 824.0
   Vehicle #1 = -1, leaving at = inf
   Increment on distance indicator: 7.0
   Increment on tard indicator:     0.0
   Value of tmax indicator:         7.0

Task for patient = 57 with skills = {0,-1} and cost = 521.7
   Vehicle #0 = 17, leaving at = 831.0
   Vehicle #1 = -1, leaving at = inf
   Increment on distance indicator: 3.0
   Increment on tard indicator:     0.0
   Value of tmax indicator:         3.0

Task for patient = 46 with skills = {3,-1} and cost = 520.7
   Vehicle #0 = 42, leaving at = 776.0
   Vehicle #1 = -1, leaving at = inf
   Increment on distance indicator: 5.0
   Increment on tard indicator:     0.0
   Value of tmax indicator:         5.0

Task for patient = 115 with skills = {0,5} and cost = 519.0
   Vehicle #0 = 22, leaving at = 580.0
   Vehicle #1 = 49, leaving at = 596.0
   Increment on distance indicator: 4.0
   Increment on tard indicator:     0.0
   Value of tmax indicator:         4.0

Task for patient = 226 with skills = {0,-1} and cost = 517.7
   Vehicle #0 = 22, leaving at = 509.0
   Vehicle #1 = -1, leaving at = inf
   Increment on distance indicator: 27.0
   Increment on tard indicator:     0.0
   Value of tmax indicator:         27.0

Task for patient = 18 with skills = {1,3} and cost = 508.7
   Vehicle #0 = 21, leaving at = 632.0
   Vehicle #1 = 51, leaving at = 605.0
   Increment on distance indicator: 12.0
   Increment on tard indicator:     0.0
   Value of tmax indicator:         12.0

Task for patient = 51 with skills = {4,-1} and cost = 372.0
   Vehicle #0 = 45, leaving at = 705.0
   Vehicle #1 = -1, leaving at = inf
   Increment on distance indicator: 1.0
   Increment on tard indicator:     0.0
   Value of tmax indicator:         1.0

Task for patient = 191 with skills = {5,-1} and cost = 503.3
   Vehicle #0 = 39, leaving at = 744.0
   Vehicle #1 = -1, leaving at = inf
   Increment on distance indicator: 5.0
   Increment on tard indicator:     0.0
   Value of tmax indicator:         5.0

Task for patient = 10 with skills = {4,-1} and cost = 501.7
   Vehicle #0 = 46, leaving at = 790.0
   Vehicle #1 = -1, leaving at = inf
   Increment on distance indicator: 2.0
   Increment on tard indicator:     0.0
   Value of tmax indicator:         2.0

Task for patient = 222 with skills = {0,-1} and cost = 501.0
   Vehicle #0 = 21, leaving at = 578.0
   Vehicle #1 = -1, leaving at = inf
   Increment on distance indicator: 29.0
   Increment on tard indicator:     0.0
   Value of tmax indicator:         29.0

Task for patient = 278 with skills = {4,-1} and cost = 491.3
   Vehicle #0 = 50, leaving at = 686.0
   Vehicle #1 = -1, leaving at = inf
   Increment on distance indicator: 1.0
   Increment on tard indicator:     0.0
   Value of tmax indicator:         1.0

Task for patient = 284 with skills = {4,-1} and cost = 491.0
   Vehicle #0 = 34, leaving at = 976.0
   Vehicle #1 = -1, leaving at = inf
   Increment on distance indicator: 2.0
   Increment on tard indicator:     0.0
   Value of tmax indicator:         2.0

Task for patient = 265 with skills = {2,3} and cost = 490.3
   Vehicle #0 = 7, leaving at = 803.0
   Vehicle #1 = 38, leaving at = 837.0
   Increment on distance indicator: 5.0
   Increment on tard indicator:     0.0
   Value of tmax indicator:         5.0

Task for patient = 207 with skills = {1,-1} and cost = 488.7
   Vehicle #0 = 3, leaving at = 981.0
   Vehicle #1 = -1, leaving at = inf
   Increment on distance indicator: 2.0
   Increment on tard indicator:     0.0
   Value of tmax indicator:         2.0

Task for patient = 17 with skills = {1,-1} and cost = 488.0
   Vehicle #0 = 12, leaving at = 515.0
   Vehicle #1 = -1, leaving at = inf
   Increment on distance indicator: 26.0
   Increment on tard indicator:     0.0
   Value of tmax indicator:         26.0

Task for patient = 72 with skills = {5,-1} and cost = 504.7
   Vehicle #0 = 39, leaving at = 804.0
   Vehicle #1 = -1, leaving at = inf
   Increment on distance indicator: 4.0
   Increment on tard indicator:     0.0
   Value of tmax indicator:         4.0

Task for patient = 287 with skills = {4,-1} and cost = 558.7
   Vehicle #0 = 48, leaving at = 757.0
   Vehicle #1 = -1, leaving at = inf
   Increment on distance indicator: 3.0
   Increment on tard indicator:     0.0
   Value of tmax indicator:         3.0

Task for patient = 202 with skills = {4,-1} and cost = 557.7
   Vehicle #0 = 48, leaving at = 709.0
   Vehicle #1 = -1, leaving at = inf
   Increment on distance indicator: 2.0
   Increment on tard indicator:     0.0
   Value of tmax indicator:         2.0

Task for patient = 80 with skills = {2,5} and cost = 557.0
   Vehicle #0 = 22, leaving at = 677.0
   Vehicle #1 = 49, leaving at = 659.0
   Increment on distance indicator: 5.0
   Increment on tard indicator:     0.0
   Value of tmax indicator:         5.0

Task for patient = 102 with skills = {0,4} and cost = 555.3
   Vehicle #0 = 17, leaving at = 895.0
   Vehicle #1 = 44, leaving at = 865.0
   Increment on distance indicator: 3.0
   Increment on tard indicator:     0.0
   Value of tmax indicator:         3.0

Task for patient = 215 with skills = {1,3} and cost = 554.3
   Vehicle #0 = 11, leaving at = 788.0
   Vehicle #1 = 45, leaving at = 783.0
   Increment on distance indicator: 11.0
   Increment on tard indicator:     0.0
   Value of tmax indicator:         11.0

Task for patient = 298 with skills = {3,-1} and cost = 550.7
   Vehicle #0 = 38, leaving at = 858.0
   Vehicle #1 = -1, leaving at = inf
   Increment on distance indicator: 2.0
   Increment on tard indicator:     0.0
   Value of tmax indicator:         2.0

Task for patient = 231 with skills = {1,-1} and cost = 550.0
   Vehicle #0 = 6, leaving at = 816.0
   Vehicle #1 = -1, leaving at = inf
   Increment on distance indicator: 1.0
   Increment on tard indicator:     0.0
   Value of tmax indicator:         1.0

Task for patient = 240 with skills = {1,-1} and cost = 549.7
   Vehicle #0 = 15, leaving at = 847.0
   Vehicle #1 = -1, leaving at = inf
   Increment on distance indicator: 1.0
   Increment on tard indicator:     0.0
   Value of tmax indicator:         1.0

Task for patient = 162 with skills = {3,-1} and cost = 527.7
   Vehicle #0 = 40, leaving at = 868.0
   Vehicle #1 = -1, leaving at = inf
   Increment on distance indicator: 2.0
   Increment on tard indicator:     0.0
   Value of tmax indicator:         2.0

Task for patient = 291 with skills = {0,-1} and cost = 547.0
   Vehicle #0 = 0, leaving at = 846.0
   Vehicle #1 = -1, leaving at = inf
   Increment on distance indicator: 5.0
   Increment on tard indicator:     0.0
   Value of tmax indicator:         5.0

Task for patient = 121 with skills = {0,-1} and cost = 545.3
   Vehicle #0 = 19, leaving at = 847.0
   Vehicle #1 = -1, leaving at = inf
   Increment on distance indicator: 2.0
   Increment on tard indicator:     0.0
   Value of tmax indicator:         2.0

Task for patient = 127 with skills = {0,-1} and cost = 544.7
   Vehicle #0 = 22, leaving at = 638.0
   Vehicle #1 = -1, leaving at = inf
   Increment on distance indicator: 2.0
   Increment on tard indicator:     0.0
   Value of tmax indicator:         2.0

Task for patient = 293 with skills = {4,-1} and cost = 544.0
   Vehicle #0 = 45, leaving at = 738.0
   Vehicle #1 = -1, leaving at = inf
   Increment on distance indicator: 3.0
   Increment on tard indicator:     0.0
   Value of tmax indicator:         3.0

Task for patient = 117 with skills = {2,4} and cost = 543.0
   Vehicle #0 = 13, leaving at = 825.0
   Vehicle #1 = 41, leaving at = 837.0
   Increment on distance indicator: 9.0
   Increment on tard indicator:     0.0
   Value of tmax indicator:         9.0

Task for patient = 73 with skills = {5,-1} and cost = 540.0
   Vehicle #0 = 47, leaving at = 749.0
   Vehicle #1 = -1, leaving at = inf
   Increment on distance indicator: 11.0
   Increment on tard indicator:     0.0
   Value of tmax indicator:         11.0

Task for patient = 239 with skills = {5,-1} and cost = 536.3
   Vehicle #0 = 43, leaving at = 852.0
   Vehicle #1 = -1, leaving at = inf
   Increment on distance indicator: 2.0
   Increment on tard indicator:     0.0
   Value of tmax indicator:         2.0

Task for patient = 223 with skills = {1,3} and cost = 535.7
   Vehicle #0 = 12, leaving at = 702.0
   Vehicle #1 = 47, leaving at = 712.0
   Increment on distance indicator: 5.0
   Increment on tard indicator:     0.0
   Value of tmax indicator:         5.0

Task for patient = 156 with skills = {3,-1} and cost = 534.0
   Vehicle #0 = 52, leaving at = 586.0
   Vehicle #1 = -1, leaving at = inf
   Increment on distance indicator: 19.0
   Increment on tard indicator:     0.0
   Value of tmax indicator:         19.0

Task for patient = 128 with skills = {2,-1} and cost = 549.3
   Vehicle #0 = 6, leaving at = 777.0
   Vehicle #1 = -1, leaving at = inf
   Increment on distance indicator: 7.0
   Increment on tard indicator:     0.0
   Value of tmax indicator:         7.0

Task for patient = 204 with skills = {3,-1} and cost = 415.7
   Vehicle #0 = 33, leaving at = 842.0
   Vehicle #1 = -1, leaving at = inf
   Increment on distance indicator: 1.0
   Increment on tard indicator:     0.0
   Value of tmax indicator:         1.0

Task for patient = 227 with skills = {5,-1} and cost = 415.3
   Vehicle #0 = 36, leaving at = 786.0
   Vehicle #1 = -1, leaving at = inf
   Increment on distance indicator: 4.0
   Increment on tard indicator:     0.0
   Value of tmax indicator:         4.0

Task for patient = 139 with skills = {0,-1} and cost = 414.0
   Vehicle #0 = 5, leaving at = 914.0
   Vehicle #1 = -1, leaving at = inf
   Increment on distance indicator: 4.0
   Increment on tard indicator:     0.0
   Value of tmax indicator:         4.0

Task for patient = 26 with skills = {1,3} and cost = 412.7
   Vehicle #0 = 2, leaving at = 862.0
   Vehicle #1 = 31, leaving at = 870.0
   Increment on distance indicator: 7.0
   Increment on tard indicator:     0.0
   Value of tmax indicator:         7.0

Task for patient = 157 with skills = {1,3} and cost = 410.3
   Vehicle #0 = 18, leaving at = 661.0
   Vehicle #1 = 47, leaving at = 688.0
   Increment on distance indicator: 2.0
   Increment on tard indicator:     0.0
   Value of tmax indicator:         2.0

Task for patient = 110 with skills = {2,5} and cost = 409.7
   Vehicle #0 = 19, leaving at = 730.0
   Vehicle #1 = 46, leaving at = 756.0
   Increment on distance indicator: 4.0
   Increment on tard indicator:     0.0
   Value of tmax indicator:         4.0

Task for patient = 108 with skills = {3,-1} and cost = 408.3
   Vehicle #0 = 38, leaving at = 790.0
   Vehicle #1 = -1, leaving at = inf
   Increment on distance indicator: 2.0
   Increment on tard indicator:     0.0
   Value of tmax indicator:         2.0

Task for patient = 203 with skills = {2,-1} and cost = 407.7
   Vehicle #0 = 3, leaving at = 960.0
   Vehicle #1 = -1, leaving at = inf
   Increment on distance indicator: 4.0
   Increment on tard indicator:     0.0
   Value of tmax indicator:         4.0

Task for patient = 297 with skills = {0,5} and cost = 479.3
   Vehicle #0 = 13, leaving at = 786.0
   Vehicle #1 = 40, leaving at = 764.0
   Increment on distance indicator: 6.0
   Increment on tard indicator:     0.0
   Value of tmax indicator:         6.0

Task for patient = 136 with skills = {5,-1} and cost = 392.3
   Vehicle #0 = 31, leaving at = 828.0
   Vehicle #1 = -1, leaving at = inf
   Increment on distance indicator: 2.0
   Increment on tard indicator:     0.0
   Value of tmax indicator:         2.0

Task for patient = 272 with skills = {0,4} and cost = 391.7
   Vehicle #0 = 17, leaving at = 782.0
   Vehicle #1 = 33, leaving at = 826.0
   Increment on distance indicator: 7.0
   Increment on tard indicator:     0.0
   Value of tmax indicator:         7.0

Task for patient = 219 with skills = {3,-1} and cost = 389.3
   Vehicle #0 = 32, leaving at = 919.0
   Vehicle #1 = -1, leaving at = inf
   Increment on distance indicator: 1.0
   Increment on tard indicator:     0.0
   Value of tmax indicator:         1.0

Task for patient = 173 with skills = {5,-1} and cost = 389.0
   Vehicle #0 = 30, leaving at = 880.0
   Vehicle #1 = -1, leaving at = inf
   Increment on distance indicator: 1.0
   Increment on tard indicator:     0.0
   Value of tmax indicator:         1.0

Task for patient = 1 with skills = {1,5} and cost = 388.7
   Vehicle #0 = 10, leaving at = 794.0
   Vehicle #1 = 36, leaving at = 752.0
   Increment on distance indicator: 9.0
   Increment on tard indicator:     0.0
   Value of tmax indicator:         9.0

Task for patient = 289 with skills = {1,5} and cost = 385.7
   Vehicle #0 = 19, leaving at = 701.0
   Vehicle #1 = 46, leaving at = 704.0
   Increment on distance indicator: 6.0
   Increment on tard indicator:     0.0
   Value of tmax indicator:         6.0

Task for patient = 3 with skills = {0,3} and cost = 383.7
   Vehicle #0 = 19, leaving at = 648.0
   Vehicle #1 = 46, leaving at = 668.0
   Increment on distance indicator: 13.0
   Increment on tard indicator:     0.0
   Value of tmax indicator:         13.0

Task for patient = 214 with skills = {3,-1} and cost = 379.3
   Vehicle #0 = 34, leaving at = 871.0
   Vehicle #1 = -1, leaving at = inf
   Increment on distance indicator: 4.0
   Increment on tard indicator:     0.0
   Value of tmax indicator:         4.0

Task for patient = 78 with skills = {3,-1} and cost = 378.0
   Vehicle #0 = 47, leaving at = 521.0
   Vehicle #1 = -1, leaving at = inf
   Increment on distance indicator: 18.0
   Increment on tard indicator:     0.0
   Value of tmax indicator:         18.0

Task for patient = 148 with skills = {0,5} and cost = 406.3
   Vehicle #0 = 18, leaving at = 602.0
   Vehicle #1 = 47, leaving at = 607.0
   Increment on distance indicator: 42.0
   Increment on tard indicator:     0.0
   Value of tmax indicator:         42.0

Task for patient = 263 with skills = {1,-1} and cost = 477.3
   Vehicle #0 = 20, leaving at = 687.0
   Vehicle #1 = -1, leaving at = inf
   Increment on distance indicator: 2.0
   Increment on tard indicator:     0.0
   Value of tmax indicator:         2.0

Task for patient = 38 with skills = {3,-1} and cost = 476.7
   Vehicle #0 = 32, leaving at = 954.0
   Vehicle #1 = -1, leaving at = inf
   Increment on distance indicator: 2.0
   Increment on tard indicator:     0.0
   Value of tmax indicator:         2.0

Task for patient = 241 with skills = {1,-1} and cost = 476.0
   Vehicle #0 = 11, leaving at = 700.0
   Vehicle #1 = -1, leaving at = inf
   Increment on distance indicator: 7.0
   Increment on tard indicator:     0.0
   Value of tmax indicator:         7.0

Task for patient = 254 with skills = {0,5} and cost = 473.7
   Vehicle #0 = 9, leaving at = 824.0
   Vehicle #1 = 43, leaving at = 816.0
   Increment on distance indicator: 4.0
   Increment on tard indicator:     0.0
   Value of tmax indicator:         4.0

Task for patient = 31 with skills = {0,4} and cost = 472.3
   Vehicle #0 = 20, leaving at = 635.0
   Vehicle #1 = 50, leaving at = 653.0
   Increment on distance indicator: 3.0
   Increment on tard indicator:     0.0
   Value of tmax indicator:         3.0

Task for patient = 119 with skills = {1,-1} and cost = 471.3
   Vehicle #0 = 8, leaving at = 884.0
   Vehicle #1 = -1, leaving at = inf
   Increment on distance indicator: 2.0
   Increment on tard indicator:     0.0
   Value of tmax indicator:         2.0

Task for patient = 273 with skills = {3,-1} and cost = 470.7
   Vehicle #0 = 51, leaving at = 568.0
   Vehicle #1 = -1, leaving at = inf
   Increment on distance indicator: 23.0
   Increment on tard indicator:     0.0
   Value of tmax indicator:         23.0

Task for patient = 43 with skills = {3,-1} and cost = 463.0
   Vehicle #0 = 50, leaving at = 536.0
   Vehicle #1 = -1, leaving at = inf
   Increment on distance indicator: 29.0
   Increment on tard indicator:     0.0
   Value of tmax indicator:         29.0

Task for patient = 111 with skills = {1,3} and cost = 418.0
   Vehicle #0 = 18, leaving at = 793.0
   Vehicle #1 = 37, leaving at = 799.0
   Increment on distance indicator: 7.0
   Increment on tard indicator:     0.0
   Value of tmax indicator:         7.0

Task for patient = 49 with skills = {0,-1} and cost = 450.7
   Vehicle #0 = 20, leaving at = 609.0
   Vehicle #1 = -1, leaving at = inf
   Increment on distance indicator: 27.0
   Increment on tard indicator:     0.0
   Value of tmax indicator:         27.0

Task for patient = 118 with skills = {5,-1} and cost = 441.7
   Vehicle #0 = 48, leaving at = 692.0
   Vehicle #1 = -1, leaving at = inf
   Increment on distance indicator: 2.0
   Increment on tard indicator:     0.0
   Value of tmax indicator:         2.0

Task for patient = 177 with skills = {4,-1} and cost = 441.0
   Vehicle #0 = 48, leaving at = 652.0
   Vehicle #1 = -1, leaving at = inf
   Increment on distance indicator: 3.0
   Increment on tard indicator:     0.0
   Value of tmax indicator:         3.0

Task for patient = 174 with skills = {4,-1} and cost = 440.0
   Vehicle #0 = 49, leaving at = 554.0
   Vehicle #1 = -1, leaving at = inf
   Increment on distance indicator: 27.0
   Increment on tard indicator:     0.0
   Value of tmax indicator:         27.0

Task for patient = 217 with skills = {1,-1} and cost = 431.0
   Vehicle #0 = 19, leaving at = 771.0
   Vehicle #1 = -1, leaving at = inf
   Increment on distance indicator: 3.0
   Increment on tard indicator:     0.0
   Value of tmax indicator:         3.0

Task for patient = 30 with skills = {0,-1} and cost = 430.0
   Vehicle #0 = 5, leaving at = 946.0
   Vehicle #1 = -1, leaving at = inf
   Increment on distance indicator: 3.0
   Increment on tard indicator:     0.0
   Value of tmax indicator:         3.0

Task for patient = 24 with skills = {3,-1} and cost = 429.0
   Vehicle #0 = 48, leaving at = 537.0
   Vehicle #1 = -1, leaving at = inf
   Increment on distance indicator: 27.0
   Increment on tard indicator:     0.0
   Value of tmax indicator:         27.0

Task for patient = 85 with skills = {4,-1} and cost = 420.0
   Vehicle #0 = 34, leaving at = 944.0
   Vehicle #1 = -1, leaving at = inf
   Increment on distance indicator: 3.0
   Increment on tard indicator:     0.0
   Value of tmax indicator:         3.0

Task for patient = 270 with skills = {0,-1} and cost = 419.0
   Vehicle #0 = 4, leaving at = 812.0
   Vehicle #1 = -1, leaving at = inf
   Increment on distance indicator: 3.0
   Increment on tard indicator:     0.0
   Value of tmax indicator:         3.0

Task for patient = 54 with skills = {2,5} and cost = 453.3
   Vehicle #0 = 15, leaving at = 831.0
   Vehicle #1 = 44, leaving at = 834.0
   Increment on distance indicator: 8.0
   Increment on tard indicator:     0.0
   Value of tmax indicator:         8.0


Unused vehicle list: 16 24 25 26 27 28 29 54 56 57 58 59 (total = 12 out of 60)

---
Search finished.
Total of 448 generations in 20.8 seconds.
Exchange elite runs: 0
Implicit path relinking runs: 4
Reset attempts: 0

Best solution found:
   Cost: 1191.7
   Total travel time: 3575.0
   Total tardiness time: 0.0
   Largest tardiness: 0.0


1191.7
