--- BRKGA-MP-IPR for HHCRSP ---
Instance: new-instances/HHCRSP_300_60_45_0.8_C_RC.txt
Seed: 1

Reading data... Problem contains 300 patients  and 60 caregivers.

Summary of supply x demand for each service type:
Skill 0 has supply = 21 and demand = 75, ratio = 0.28
Skill 1 has supply = 18 and demand = 51, ratio = 0.352941
Skill 2 has supply = 23 and demand = 64, ratio = 0.359375
Skill 3 has supply = 22 and demand = 74, ratio = 0.297297
Skill 4 has supply = 15 and demand = 53, ratio = 0.283019
Skill 5 has supply = 24 and demand = 73, ratio = 0.328767

Reading parameters...
Inferred distance function by PR type: kendall-tau
Building BRKGA data and initializing...
Evolving 448 generations...

  Gens  Rem    Local   ElDiv NoImpr             Best solution            Time  Op
                                       Cost     Dist    Tard    TMax 
*    0  448  7153.67  453.02      0  7153.67  6242.00 14773.0   446.0     0.1    
*    2  446  7072.67  438.78      0  7072.67  6488.00 13173.0   392.0     0.1    
*    3  445  6684.33  489.97      0  6684.33  6673.00 11664.0   443.0     0.2    
*    4  444  6260.00  408.96      0  6260.00  6673.00 11664.0   443.0     0.2    
*    6  442  5638.00  307.99      0  5638.00  6343.00 10192.0   379.0     0.3    
*    8  440  5116.00  310.73      0  5116.00  6361.00  8687.0   300.0     0.4    
*   10  438  4418.33  345.66      0  4418.33  6395.00  6495.0   365.0     0.5    
*   14  434  4350.00  236.71      0  4350.00  6184.00  6469.0   397.0     0.7    
*   16  432  4122.67  176.81      0  4122.67  6507.00  5303.0   386.0     0.8    
*   17  431  4065.33  207.70      0  4065.33  6343.00  3856.0   304.0     0.8    
*   18  430  3501.00  220.52      0  3501.00  6343.00  3856.0   304.0     0.9    
*   21  427  3357.33  207.38      0  3357.33  6013.00  2986.0   344.0     1.0    
*   22  426  3114.33  178.23      0  3114.33  6013.00  2986.0   344.0     1.0    
*   26  422  3090.67  140.16      0  3090.67  6214.00  2214.0   240.0     1.2    
*   27  421  2889.33  127.45      0  2889.33  6003.00  2212.0   257.0     1.3    

  Gens  Rem    Local   ElDiv NoImpr             Best solution            Time  Op
                                       Cost     Dist    Tard    TMax 
*   28  420  2824.00  126.17      0  2824.00  6003.00  2212.0   257.0     1.3    
*   30  418  2713.00  132.52      0  2713.00  6019.00  1624.0   250.0     1.4    
*   31  417  2631.00  122.51      0  2631.00  6275.00  1206.0   190.0     1.5    
*   32  416  2557.00  126.15      0  2557.00  6208.00   850.0   151.0     1.5    
*   33  415  2403.00  116.61      0  2403.00  6208.00   850.0   151.0     1.5    
*   36  412  2364.67   93.09      0  2364.67  6090.00   634.0   178.0     1.7    
*   37  411  2300.67   94.52      0  2300.67  6079.00   376.0    50.0     1.7    
*   38  410  2168.33   88.06      0  2168.33  6079.00   376.0    50.0     1.8    
*   44  404  2080.33   60.75      0  2080.33  5883.00   281.0    77.0     2.1    
*   48  400  2052.00   46.23      0  2052.00  5911.00   175.0    70.0     2.3    
*   50  398  2013.33   42.75      0  2013.33  5922.00    19.0     4.0     2.4    
*   51  397  1981.67   35.52      0  1981.67  5922.00    19.0     4.0     2.4    
*   55  393  1968.67   23.72      0  1968.67  5721.00   149.0    36.0     2.6    
*   57  391  1930.00   27.50      0  1930.00  5613.00   124.0    42.0     2.7    
*   58  390  1926.33   26.44      0  1926.33  5613.00   124.0    42.0     2.8    
*   64  384  1915.67   19.22      0  1915.67  5644.00    16.0     4.0     3.1    

  Gens  Rem    Local   ElDiv NoImpr             Best solution            Time  Op
                                       Cost     Dist    Tard    TMax 
*   65  383  1888.00   18.49      0  1888.00  5644.00    16.0     4.0     3.1    
*   69  379  1878.00   16.90      0  1878.00  5538.00    81.0    15.0     3.3    
*   72  376  1872.00   15.82      0  1872.00  5546.00    61.0     9.0     3.4    
*   74  374  1867.00   16.65      0  1867.00  5508.00    51.0    15.0     3.5    
*   75  373  1858.00   15.47      0  1858.00  5508.00    51.0    15.0     3.6    
*   77  371  1825.00   17.62      0  1825.00  5461.00    10.0     4.0     3.7    
*   96  352  1809.67   11.42      0  1809.67  5396.00    28.0     5.0     4.6    
Path relinking result: too homogeneous.
    96  352  1809.67   11.42      1  1809.67  5396.00    28.0     5.0     4.6   P
   100  348  1809.67   12.03      4  1809.67  5396.00    28.0     5.0     4.8    
*  116  332  1778.33    9.87      0  1778.33  5295.00    33.0     7.0     5.6    
*  129  319  1773.67   11.96      0  1773.67  5305.00    11.0     5.0     6.2    
*  140  308  1738.33   11.35      0  1738.33  5177.00    33.0     5.0     6.8    
   150  298  1738.33   10.72     10  1738.33  5177.00    33.0     5.0     7.3    
*  160  288  1729.33   12.29      0  1729.33  5174.00    10.0     4.0     7.8    
*  169  279  1721.33   10.21      0  1721.33  5126.00    23.0     6.0     8.2    
*  170  278  1718.33   10.19      0  1718.33  5126.00    23.0     6.0     8.3    

  Gens  Rem    Local   ElDiv NoImpr             Best solution            Time  Op
                                       Cost     Dist    Tard    TMax 
*  182  266  1711.33    9.34      0  1711.33  5119.00    12.0     3.0     8.9    
*  190  258  1674.00   10.69      0  1674.00  5001.00    17.0     4.0     9.3    
Path relinking result: too homogeneous.
   192  256  1674.00   10.85      3  1674.00  5001.00    17.0     4.0     9.4   P
*  199  249  1669.33   11.47      0  1669.33  5006.00     1.0     1.0     9.8    
   200  248  1669.33   11.46      1  1669.33  5006.00     1.0     1.0     9.8    
*  213  235  1669.00   11.56      0  1669.00  4994.00     8.0     5.0    10.5    
*  240  208  1666.67    9.28      0  1666.67  4988.00     9.0     3.0    11.8    
*  247  201  1650.67    8.96      0  1650.67  4906.00    37.0     9.0    12.2    
   250  198  1650.67    8.10      3  1650.67  4906.00    37.0     9.0    12.3    
*  272  176  1649.33    5.77      0  1649.33  4913.00    20.0     9.0    13.4    
*  273  175  1647.33    5.48      0  1647.33  4913.00    20.0     9.0    13.5    
*  275  173  1638.33    6.03      0  1638.33  4875.00    32.0     8.0    13.6    
*  287  161  1636.00    6.30      0  1636.00  4859.00    27.0    11.0    14.1    
*  288  160  1632.33    7.16      0  1632.33  4858.00    23.0     7.0    14.2    
Path relinking result: too homogeneous.
   288  160  1629.33    7.16      0  1632.33  4858.00    23.0     7.0    14.2   P
*  289  159  1629.33    7.06      0  1629.33  4858.00    23.0     7.0    14.3    

  Gens  Rem    Local   ElDiv NoImpr             Best solution            Time  Op
                                       Cost     Dist    Tard    TMax 
*  292  156  1625.33    6.81      0  1625.33  4848.00    21.0     7.0    14.4    
*  298  150  1622.67    5.48      0  1622.67  4829.00    32.0     7.0    14.7    
   300  148  1622.67    5.30      2  1622.67  4829.00    32.0     7.0    14.8    
*  301  147  1619.67    5.05      0  1619.67  4848.00     6.0     5.0    14.9    
*  307  141  1612.67    5.24      0  1612.67  4756.00    71.0    11.0    15.1    
*  326  122  1611.00    4.35      0  1611.00  4803.00    24.0     6.0    16.1    
*  334  114  1607.00    4.01      0  1607.00  4792.00    22.0     7.0    16.5    
*  336  112  1606.67    4.03      0  1606.67  4755.00    54.0    11.0    16.6    
*  347  101  1598.67    5.04      0  1598.67  4712.00    45.0    11.0    17.1    
*  348  100  1589.33    4.86      0  1589.33  4712.00    45.0    11.0    17.1    
   350   98  1589.33    4.87      2  1589.33  4712.00    45.0    11.0    17.2    
*  361   87  1589.00    2.93      0  1589.00  4714.00    36.0    11.0    17.7    
*  362   86  1587.00    4.12      0  1587.00  4687.00    36.0    11.0    17.8    
*  363   85  1578.00    3.91      0  1578.00  4687.00    36.0    11.0    17.8    
*  366   82  1577.33    3.41      0  1577.33  4685.00    36.0    11.0    18.0    
*  368   80  1576.33    2.42      0  1576.33  4680.00    36.0    11.0    18.1    

  Gens  Rem    Local   ElDiv NoImpr             Best solution            Time  Op
                                       Cost     Dist    Tard    TMax 
*  369   79  1575.67    2.11      0  1575.67  4676.00    36.0    11.0    18.1    
*  370   78  1574.33    1.00      0  1574.33  4676.00    36.0    11.0    18.2    
*  372   76  1574.00    0.81      0  1574.00  4674.00    36.0    11.0    18.3    
*  373   75  1573.67    0.82      0  1573.67  4674.00    36.0    11.0    18.3    
Path relinking result: too homogeneous.
   384   64  1573.00    0.08      0  1573.67  4674.00    36.0    11.0    18.9   P
*  385   63  1573.00    0.14      0  1573.00  4672.00    36.0    11.0    18.9    
*  393   55  1569.33    1.07      0  1569.33  4643.00    48.0    11.0    19.3    
*  394   54  1567.33    1.42      0  1567.33  4643.00    48.0    11.0    19.4    
*  396   52  1566.67    2.47      0  1566.67  4642.00    47.0    11.0    19.5    
*  399   49  1564.67    0.35      0  1564.67  4636.00    47.0    11.0    19.6    
   400   48  1564.67    0.57      1  1564.67  4636.00    47.0    11.0    19.6    
*  401   47  1564.00    0.80      0  1564.00  4634.00    47.0    11.0    19.7    
*  412   36  1563.33    0.65      0  1563.33  4626.00    47.0    11.0    20.2    
*  413   35  1561.33    0.83      0  1561.33  4626.00    47.0    11.0    20.3    
*  417   31  1561.00    0.08      0  1561.00  4629.00    43.0    11.0    20.5    
*  424   24  1560.00    0.27      0  1560.00  4626.00    43.0    11.0    20.8    

  Gens  Rem    Local   ElDiv NoImpr             Best solution            Time  Op
                                       Cost     Dist    Tard    TMax 
*  436   12  1555.00    1.55      0  1555.00  4611.00    43.0    11.0    21.4    
*  447    1  1554.67    0.09      0  1554.67  4610.00    43.0    11.0    22.0    
   448    0  1554.67    0.09      1  1554.67  4610.00    43.0    11.0    22.0    
Evolutionary process finished.
Solution written to 'solution-15996.txt'.

Sorted sequence of worst to best tardiness value:
Task for patient = 9 with skills = {0,5} and cost = 629.3
   Vehicle #0 = 17, leaving at = 779.0
   Vehicle #1 = 53, leaving at = 768.0
   Increment on distance indicator: 4.0
   Increment on tard indicator:     11.0
   Value of tmax indicator:         4.0

Task for patient = 64 with skills = {2,3} and cost = 693.7
   Vehicle #0 = 8, leaving at = 815.0
   Vehicle #1 = 41, leaving at = 826.0
   Increment on distance indicator: 14.0
   Increment on tard indicator:     7.0
   Value of tmax indicator:         14.0

Task for patient = 199 with skills = {3,-1} and cost = 1104.3
   Vehicle #0 = 51, leaving at = 984.0
   Vehicle #1 = -1, leaving at = inf
   Increment on distance indicator: 8.0
   Increment on tard indicator:     7.0
   Value of tmax indicator:         8.0

Task for patient = 75 with skills = {0,-1} and cost = 857.7
   Vehicle #0 = 20, leaving at = 940.0
   Vehicle #1 = -1, leaving at = inf
   Increment on distance indicator: 7.0
   Increment on tard indicator:     6.0
   Value of tmax indicator:         7.0

Task for patient = 62 with skills = {2,4} and cost = 994.0
   Vehicle #0 = 16, leaving at = 936.0
   Vehicle #1 = 53, leaving at = 976.0
   Increment on distance indicator: 30.0
   Increment on tard indicator:     5.0
   Value of tmax indicator:         30.0

Task for patient = 132 with skills = {0,-1} and cost = 682.0
   Vehicle #0 = 20, leaving at = 807.0
   Vehicle #1 = -1, leaving at = inf
   Increment on distance indicator: 8.0
   Increment on tard indicator:     4.0
   Value of tmax indicator:         8.0

Task for patient = 297 with skills = {4,-1} and cost = 795.0
   Vehicle #0 = 52, leaving at = 928.0
   Vehicle #1 = -1, leaving at = inf
   Increment on distance indicator: 21.0
   Increment on tard indicator:     3.0
   Value of tmax indicator:         21.0

Task for patient = 260 with skills = {5,-1} and cost = 840.7
   Vehicle #0 = 39, leaving at = 918.0
   Vehicle #1 = -1, leaving at = inf
   Increment on distance indicator: 3.0
   Increment on tard indicator:     0.0
   Value of tmax indicator:         3.0

Task for patient = 46 with skills = {2,4} and cost = 839.0
   Vehicle #0 = 1, leaving at = 884.0
   Vehicle #1 = 54, leaving at = 909.0
   Increment on distance indicator: 12.0
   Increment on tard indicator:     0.0
   Value of tmax indicator:         12.0

Task for patient = 149 with skills = {0,4} and cost = 835.0
   Vehicle #0 = 23, leaving at = 871.0
   Vehicle #1 = 35, leaving at = 888.0
   Increment on distance indicator: 22.0
   Increment on tard indicator:     0.0
   Value of tmax indicator:         22.0

Task for patient = 29 with skills = {0,-1} and cost = 827.7
   Vehicle #0 = 18, leaving at = 966.0
   Vehicle #1 = -1, leaving at = inf
   Increment on distance indicator: 3.0
   Increment on tard indicator:     0.0
   Value of tmax indicator:         3.0

Task for patient = 281 with skills = {5,-1} and cost = 826.7
   Vehicle #0 = 36, leaving at = 969.0
   Vehicle #1 = -1, leaving at = inf
   Increment on distance indicator: 2.0
   Increment on tard indicator:     0.0
   Value of tmax indicator:         2.0

Task for patient = 63 with skills = {2,-1} and cost = 826.0
   Vehicle #0 = 16, leaving at = 808.0
   Vehicle #1 = -1, leaving at = inf
   Increment on distance indicator: 6.0
   Increment on tard indicator:     0.0
   Value of tmax indicator:         6.0

Task for patient = 294 with skills = {2,-1} and cost = 824.0
   Vehicle #0 = 23, leaving at = 716.0
   Vehicle #1 = -1, leaving at = inf
   Increment on distance indicator: 13.0
   Increment on tard indicator:     0.0
   Value of tmax indicator:         13.0

Task for patient = 22 with skills = {5,-1} and cost = 819.7
   Vehicle #0 = 49, leaving at = 838.0
   Vehicle #1 = -1, leaving at = inf
   Increment on distance indicator: 11.0
   Increment on tard indicator:     0.0
   Value of tmax indicator:         11.0

Task for patient = 43 with skills = {4,-1} and cost = 816.0
   Vehicle #0 = 57, leaving at = 921.0
   Vehicle #1 = -1, leaving at = inf
   Increment on distance indicator: 3.0
   Increment on tard indicator:     0.0
   Value of tmax indicator:         3.0

Task for patient = 91 with skills = {3,-1} and cost = 815.0
   Vehicle #0 = 38, leaving at = 1014.0
   Vehicle #1 = -1, leaving at = inf
   Increment on distance indicator: 2.0
   Increment on tard indicator:     0.0
   Value of tmax indicator:         2.0

Task for patient = 295 with skills = {5,-1} and cost = 814.3
   Vehicle #0 = 41, leaving at = 912.0
   Vehicle #1 = -1, leaving at = inf
   Increment on distance indicator: 3.0
   Increment on tard indicator:     0.0
   Value of tmax indicator:         3.0

Task for patient = 214 with skills = {5,-1} and cost = 813.3
   Vehicle #0 = 33, leaving at = 899.0
   Vehicle #1 = -1, leaving at = inf
   Increment on distance indicator: 6.0
   Increment on tard indicator:     0.0
   Value of tmax indicator:         6.0

Task for patient = 200 with skills = {0,-1} and cost = 811.3
   Vehicle #0 = 26, leaving at = 693.0
   Vehicle #1 = -1, leaving at = inf
   Increment on distance indicator: 5.0
   Increment on tard indicator:     0.0
   Value of tmax indicator:         5.0

Task for patient = 151 with skills = {2,-1} and cost = 809.7
   Vehicle #0 = 4, leaving at = 930.0
   Vehicle #1 = -1, leaving at = inf
   Increment on distance indicator: 2.0
   Increment on tard indicator:     0.0
   Value of tmax indicator:         2.0

Task for patient = 234 with skills = {5,-1} and cost = 839.7
   Vehicle #0 = 43, leaving at = 707.0
   Vehicle #1 = -1, leaving at = inf
   Increment on distance indicator: 2.0
   Increment on tard indicator:     0.0
   Value of tmax indicator:         2.0

Task for patient = 228 with skills = {3,-1} and cost = 895.0
   Vehicle #0 = 50, leaving at = 959.0
   Vehicle #1 = -1, leaving at = inf
   Increment on distance indicator: 6.0
   Increment on tard indicator:     0.0
   Value of tmax indicator:         6.0

Task for patient = 38 with skills = {3,-1} and cost = 890.3
   Vehicle #0 = 41, leaving at = 972.0
   Vehicle #1 = -1, leaving at = inf
   Increment on distance indicator: 5.0
   Increment on tard indicator:     0.0
   Value of tmax indicator:         5.0

Task for patient = 17 with skills = {2,-1} and cost = 888.7
   Vehicle #0 = 7, leaving at = 843.0
   Vehicle #1 = -1, leaving at = inf
   Increment on distance indicator: 3.0
   Increment on tard indicator:     0.0
   Value of tmax indicator:         3.0

Task for patient = 79 with skills = {1,-1} and cost = 887.7
   Vehicle #0 = 20, leaving at = 968.0
   Vehicle #1 = -1, leaving at = inf
   Increment on distance indicator: 1.0
   Increment on tard indicator:     0.0
   Value of tmax indicator:         1.0

Task for patient = 139 with skills = {1,-1} and cost = 887.3
   Vehicle #0 = 24, leaving at = 773.0
   Vehicle #1 = -1, leaving at = inf
   Increment on distance indicator: 6.0
   Increment on tard indicator:     0.0
   Value of tmax indicator:         6.0

Task for patient = 220 with skills = {2,4} and cost = 885.3
   Vehicle #0 = 16, leaving at = 857.0
   Vehicle #1 = 53, leaving at = 862.0
   Increment on distance indicator: 13.0
   Increment on tard indicator:     0.0
   Value of tmax indicator:         13.0

Task for patient = 89 with skills = {2,-1} and cost = 881.0
   Vehicle #0 = 21, leaving at = 933.0
   Vehicle #1 = -1, leaving at = inf
   Increment on distance indicator: 7.0
   Increment on tard indicator:     0.0
   Value of tmax indicator:         7.0

Task for patient = 25 with skills = {0,-1} and cost = 878.7
   Vehicle #0 = 5, leaving at = 980.0
   Vehicle #1 = -1, leaving at = inf
   Increment on distance indicator: 4.0
   Increment on tard indicator:     0.0
   Value of tmax indicator:         4.0

Task for patient = 232 with skills = {5,-1} and cost = 809.0
   Vehicle #0 = 41, leaving at = 864.0
   Vehicle #1 = -1, leaving at = inf
   Increment on distance indicator: 3.0
   Increment on tard indicator:     0.0
   Value of tmax indicator:         3.0

Task for patient = 128 with skills = {4,-1} and cost = 876.3
   Vehicle #0 = 51, leaving at = 902.0
   Vehicle #1 = -1, leaving at = inf
   Increment on distance indicator: 7.0
   Increment on tard indicator:     0.0
   Value of tmax indicator:         7.0

Task for patient = 156 with skills = {2,4} and cost = 874.0
   Vehicle #0 = 26, leaving at = 878.0
   Vehicle #1 = 51, leaving at = 867.0
   Increment on distance indicator: 13.0
   Increment on tard indicator:     0.0
   Value of tmax indicator:         13.0

Task for patient = 283 with skills = {2,4} and cost = 869.7
   Vehicle #0 = 8, leaving at = 919.0
   Vehicle #1 = 56, leaving at = 923.0
   Increment on distance indicator: 10.0
   Increment on tard indicator:     0.0
   Value of tmax indicator:         10.0

Task for patient = 258 with skills = {3,-1} and cost = 866.3
   Vehicle #0 = 34, leaving at = 957.0
   Vehicle #1 = -1, leaving at = inf
   Increment on distance indicator: 9.0
   Increment on tard indicator:     0.0
   Value of tmax indicator:         9.0

Task for patient = 98 with skills = {2,3} and cost = 863.3
   Vehicle #0 = 17, leaving at = 871.0
   Vehicle #1 = 49, leaving at = 887.0
   Increment on distance indicator: 17.0
   Increment on tard indicator:     0.0
   Value of tmax indicator:         17.0

Task for patient = 264 with skills = {2,-1} and cost = 853.3
   Vehicle #0 = 26, leaving at = 745.0
   Vehicle #1 = -1, leaving at = inf
   Increment on distance indicator: 17.0
   Increment on tard indicator:     0.0
   Value of tmax indicator:         17.0

Task for patient = 127 with skills = {0,5} and cost = 847.7
   Vehicle #0 = 2, leaving at = 805.0
   Vehicle #1 = 53, leaving at = 819.0
   Increment on distance indicator: 10.0
   Increment on tard indicator:     0.0
   Value of tmax indicator:         10.0

Task for patient = 93 with skills = {1,4} and cost = 844.3
   Vehicle #0 = 8, leaving at = 870.0
   Vehicle #1 = 56, leaving at = 879.0
   Increment on distance indicator: 11.0
   Increment on tard indicator:     0.0
   Value of tmax indicator:         11.0

Task for patient = 21 with skills = {3,-1} and cost = 877.3
   Vehicle #0 = 47, leaving at = 939.0
   Vehicle #1 = -1, leaving at = inf
   Increment on distance indicator: 3.0
   Increment on tard indicator:     0.0
   Value of tmax indicator:         3.0

Task for patient = 27 with skills = {0,-1} and cost = 738.3
   Vehicle #0 = 18, leaving at = 738.0
   Vehicle #1 = -1, leaving at = inf
   Increment on distance indicator: 3.0
   Increment on tard indicator:     0.0
   Value of tmax indicator:         3.0

Task for patient = 217 with skills = {4,-1} and cost = 737.3
   Vehicle #0 = 57, leaving at = 663.0
   Vehicle #1 = -1, leaving at = inf
   Increment on distance indicator: 20.0
   Increment on tard indicator:     0.0
   Value of tmax indicator:         20.0

Task for patient = 279 with skills = {0,4} and cost = 730.7
   Vehicle #0 = 13, leaving at = 870.0
   Vehicle #1 = 54, leaving at = 879.0
   Increment on distance indicator: 4.0
   Increment on tard indicator:     0.0
   Value of tmax indicator:         4.0

Task for patient = 222 with skills = {0,-1} and cost = 729.3
   Vehicle #0 = 24, leaving at = 716.0
   Vehicle #1 = -1, leaving at = inf
   Increment on distance indicator: 11.0
   Increment on tard indicator:     0.0
   Value of tmax indicator:         11.0

Task for patient = 118 with skills = {0,-1} and cost = 725.7
   Vehicle #0 = 11, leaving at = 911.0
   Vehicle #1 = -1, leaving at = inf
   Increment on distance indicator: 5.0
   Increment on tard indicator:     0.0
   Value of tmax indicator:         5.0

Task for patient = 206 with skills = {2,3} and cost = 724.0
   Vehicle #0 = 6, leaving at = 869.0
   Vehicle #1 = 44, leaving at = 892.0
   Increment on distance indicator: 6.0
   Increment on tard indicator:     0.0
   Value of tmax indicator:         6.0

Task for patient = 242 with skills = {2,5} and cost = 722.0
   Vehicle #0 = 13, leaving at = 824.0
   Vehicle #1 = 54, leaving at = 819.0
   Increment on distance indicator: 6.0
   Increment on tard indicator:     0.0
   Value of tmax indicator:         6.0

Task for patient = 158 with skills = {3,-1} and cost = 720.0
   Vehicle #0 = 50, leaving at = 897.0
   Vehicle #1 = -1, leaving at = inf
   Increment on distance indicator: 10.0
   Increment on tard indicator:     0.0
   Value of tmax indicator:         10.0

Task for patient = 77 with skills = {1,-1} and cost = 893.0
   Vehicle #0 = 19, leaving at = 941.0
   Vehicle #1 = -1, leaving at = inf
   Increment on distance indicator: 8.0
   Increment on tard indicator:     0.0
   Value of tmax indicator:         8.0

Task for patient = 172 with skills = {1,-1} and cost = 715.3
   Vehicle #0 = 10, leaving at = 1030.0
   Vehicle #1 = -1, leaving at = inf
   Increment on distance indicator: 6.0
   Increment on tard indicator:     0.0
   Value of tmax indicator:         6.0

Task for patient = 262 with skills = {3,-1} and cost = 713.3
   Vehicle #0 = 47, leaving at = 799.0
   Vehicle #1 = -1, leaving at = inf
   Increment on distance indicator: 10.0
   Increment on tard indicator:     0.0
   Value of tmax indicator:         10.0

Task for patient = 210 with skills = {1,-1} and cost = 710.0
   Vehicle #0 = 24, leaving at = 683.0
   Vehicle #1 = -1, leaving at = inf
   Increment on distance indicator: 8.0
   Increment on tard indicator:     0.0
   Value of tmax indicator:         8.0

Task for patient = 82 with skills = {1,-1} and cost = 707.3
   Vehicle #0 = 14, leaving at = 926.0
   Vehicle #1 = -1, leaving at = inf
   Increment on distance indicator: 6.0
   Increment on tard indicator:     0.0
   Value of tmax indicator:         6.0

Task for patient = 135 with skills = {2,4} and cost = 705.3
   Vehicle #0 = 13, leaving at = 784.0
   Vehicle #1 = 54, leaving at = 774.0
   Increment on distance indicator: 7.0
   Increment on tard indicator:     0.0
   Value of tmax indicator:         7.0

Task for patient = 88 with skills = {1,-1} and cost = 703.0
   Vehicle #0 = 13, leaving at = 708.0
   Vehicle #1 = -1, leaving at = inf
   Increment on distance indicator: 18.0
   Increment on tard indicator:     0.0
   Value of tmax indicator:         18.0

Task for patient = 148 with skills = {5,-1} and cost = 697.0
   Vehicle #0 = 50, leaving at = 740.0
   Vehicle #1 = -1, leaving at = inf
   Increment on distance indicator: 10.0
   Increment on tard indicator:     0.0
   Value of tmax indicator:         10.0

Task for patient = 146 with skills = {2,3} and cost = 686.7
   Vehicle #0 = 14, leaving at = 874.0
   Vehicle #1 = 44, leaving at = 839.0
   Increment on distance indicator: 14.0
   Increment on tard indicator:     0.0
   Value of tmax indicator:         14.0

Task for patient = 189 with skills = {2,-1} and cost = 716.7
   Vehicle #0 = 20, leaving at = 878.0
   Vehicle #1 = -1, leaving at = inf
   Increment on distance indicator: 4.0
   Increment on tard indicator:     0.0
   Value of tmax indicator:         4.0

Task for patient = 244 with skills = {1,-1} and cost = 808.0
   Vehicle #0 = 10, leaving at = 1067.0
   Vehicle #1 = -1, leaving at = inf
   Increment on distance indicator: 5.0
   Increment on tard indicator:     0.0
   Value of tmax indicator:         5.0

Task for patient = 271 with skills = {0,5} and cost = 806.3
   Vehicle #0 = 19, leaving at = 906.0
   Vehicle #1 = 39, leaving at = 886.0
   Increment on distance indicator: 4.0
   Increment on tard indicator:     0.0
   Value of tmax indicator:         4.0

Task for patient = 41 with skills = {1,-1} and cost = 805.0
   Vehicle #0 = 26, leaving at = 547.0
   Vehicle #1 = -1, leaving at = inf
   Increment on distance indicator: 30.0
   Increment on tard indicator:     0.0
   Value of tmax indicator:         30.0

Task for patient = 101 with skills = {0,-1} and cost = 787.0
   Vehicle #0 = 4, leaving at = 897.0
   Vehicle #1 = -1, leaving at = inf
   Increment on distance indicator: 7.0
   Increment on tard indicator:     0.0
   Value of tmax indicator:         7.0

Task for patient = 293 with skills = {4,-1} and cost = 784.7
   Vehicle #0 = 46, leaving at = 930.0
   Vehicle #1 = -1, leaving at = inf
   Increment on distance indicator: 6.0
   Increment on tard indicator:     0.0
   Value of tmax indicator:         6.0

Task for patient = 52 with skills = {2,-1} and cost = 782.7
   Vehicle #0 = 16, leaving at = 746.0
   Vehicle #1 = -1, leaving at = inf
   Increment on distance indicator: 13.0
   Increment on tard indicator:     0.0
   Value of tmax indicator:         13.0

Task for patient = 15 with skills = {2,-1} and cost = 778.3
   Vehicle #0 = 24, leaving at = 750.0
   Vehicle #1 = -1, leaving at = inf
   Increment on distance indicator: 5.0
   Increment on tard indicator:     0.0
   Value of tmax indicator:         5.0

Task for patient = 180 with skills = {5,-1} and cost = 776.7
   Vehicle #0 = 49, leaving at = 806.0
   Vehicle #1 = -1, leaving at = inf
   Increment on distance indicator: 8.0
   Increment on tard indicator:     0.0
   Value of tmax indicator:         8.0

Task for patient = 85 with skills = {2,-1} and cost = 750.0
   Vehicle #0 = 22, leaving at = 580.0
   Vehicle #1 = -1, leaving at = inf
   Increment on distance indicator: 35.0
   Increment on tard indicator:     0.0
   Value of tmax indicator:         35.0

Task for patient = 131 with skills = {3,-1} and cost = 767.7
   Vehicle #0 = 57, leaving at = 888.0
   Vehicle #1 = -1, leaving at = inf
   Increment on distance indicator: 4.0
   Increment on tard indicator:     0.0
   Value of tmax indicator:         4.0

Task for patient = 104 with skills = {3,-1} and cost = 766.3
   Vehicle #0 = 48, leaving at = 859.0
   Vehicle #1 = -1, leaving at = inf
   Increment on distance indicator: 7.0
   Increment on tard indicator:     0.0
   Value of tmax indicator:         7.0

Task for patient = 221 with skills = {0,-1} and cost = 764.0
   Vehicle #0 = 12, leaving at = 939.0
   Vehicle #1 = -1, leaving at = inf
   Increment on distance indicator: 3.0
   Increment on tard indicator:     0.0
   Value of tmax indicator:         3.0

Task for patient = 144 with skills = {1,5} and cost = 763.0
   Vehicle #0 = 12, leaving at = 902.0
   Vehicle #1 = 36, leaving at = 914.0
   Increment on distance indicator: 7.0
   Increment on tard indicator:     0.0
   Value of tmax indicator:         7.0

Task for patient = 178 with skills = {5,-1} and cost = 760.7
   Vehicle #0 = 40, leaving at = 1022.0
   Vehicle #1 = -1, leaving at = inf
   Increment on distance indicator: 4.0
   Increment on tard indicator:     0.0
   Value of tmax indicator:         4.0

Task for patient = 252 with skills = {0,3} and cost = 759.3
   Vehicle #0 = 4, leaving at = 865.0
   Vehicle #1 = 57, leaving at = 862.0
   Increment on distance indicator: 18.0
   Increment on tard indicator:     0.0
   Value of tmax indicator:         18.0

Task for patient = 269 with skills = {0,4} and cost = 753.3
   Vehicle #0 = 21, leaving at = 886.0
   Vehicle #1 = 52, leaving at = 889.0
   Increment on distance indicator: 2.0
   Increment on tard indicator:     0.0
   Value of tmax indicator:         2.0

Task for patient = 280 with skills = {0,4} and cost = 752.7
   Vehicle #0 = 21, leaving at = 836.0
   Vehicle #1 = 52, leaving at = 816.0
   Increment on distance indicator: 8.0
   Increment on tard indicator:     0.0
   Value of tmax indicator:         8.0

Task for patient = 153 with skills = {2,-1} and cost = 774.0
   Vehicle #0 = 23, leaving at = 678.0
   Vehicle #1 = -1, leaving at = inf
   Increment on distance indicator: 19.0
   Increment on tard indicator:     0.0
   Value of tmax indicator:         19.0

Task for patient = 69 with skills = {0,4} and cost = 1060.0
   Vehicle #0 = 22, leaving at = 987.0
   Vehicle #1 = 52, leaving at = 980.0
   Increment on distance indicator: 27.0
   Increment on tard indicator:     0.0
   Value of tmax indicator:         27.0

Task for patient = 34 with skills = {0,4} and cost = 1051.0
   Vehicle #0 = 5, leaving at = 1072.0
   Vehicle #1 = 33, leaving at = 1099.0
   Increment on distance indicator: 20.0
   Increment on tard indicator:     0.0
   Value of tmax indicator:         20.0

Task for patient = 96 with skills = {0,3} and cost = 1044.3
   Vehicle #0 = 17, leaving at = 988.0
   Vehicle #1 = 46, leaving at = 1010.0
   Increment on distance indicator: 7.0
   Increment on tard indicator:     0.0
   Value of tmax indicator:         7.0

Task for patient = 272 with skills = {2,5} and cost = 1042.0
   Vehicle #0 = 6, leaving at = 1043.0
   Vehicle #1 = 49, leaving at = 1042.0
   Increment on distance indicator: 6.0
   Increment on tard indicator:     0.0
   Value of tmax indicator:         6.0

Task for patient = 45 with skills = {1,5} and cost = 1040.0
   Vehicle #0 = 19, leaving at = 1014.0
   Vehicle #1 = 43, leaving at = 1017.0
   Increment on distance indicator: 5.0
   Increment on tard indicator:     0.0
   Value of tmax indicator:         5.0

Task for patient = 32 with skills = {2,5} and cost = 1038.3
   Vehicle #0 = 6, leaving at = 945.0
   Vehicle #1 = 49, leaving at = 981.0
   Increment on distance indicator: 20.0
   Increment on tard indicator:     0.0
   Value of tmax indicator:         20.0

Task for patient = 181 with skills = {2,4} and cost = 1031.7
   Vehicle #0 = 1, leaving at = 1049.0
   Vehicle #1 = 33, leaving at = 1055.0
   Increment on distance indicator: 14.0
   Increment on tard indicator:     0.0
   Value of tmax indicator:         14.0

Task for patient = 176 with skills = {0,-1} and cost = 1027.0
   Vehicle #0 = 0, leaving at = 1067.0
   Vehicle #1 = -1, leaving at = inf
   Increment on distance indicator: 7.0
   Increment on tard indicator:     0.0
   Value of tmax indicator:         7.0

Task for patient = 71 with skills = {1,5} and cost = 897.0
   Vehicle #0 = 20, leaving at = 1010.0
   Vehicle #1 = 30, leaving at = 1005.0
   Increment on distance indicator: 6.0
   Increment on tard indicator:     0.0
   Value of tmax indicator:         6.0

Task for patient = 179 with skills = {5,-1} and cost = 1024.0
   Vehicle #0 = 36, leaving at = 1097.0
   Vehicle #1 = -1, leaving at = inf
   Increment on distance indicator: 4.0
   Increment on tard indicator:     0.0
   Value of tmax indicator:         4.0

Task for patient = 167 with skills = {2,5} and cost = 1022.7
   Vehicle #0 = 15, leaving at = 854.0
   Vehicle #1 = 31, leaving at = 858.0
   Increment on distance indicator: 11.0
   Increment on tard indicator:     0.0
   Value of tmax indicator:         11.0

Task for patient = 94 with skills = {3,-1} and cost = 1019.0
   Vehicle #0 = 37, leaving at = 1046.0
   Vehicle #1 = -1, leaving at = inf
   Increment on distance indicator: 3.0
   Increment on tard indicator:     0.0
   Value of tmax indicator:         3.0

Task for patient = 247 with skills = {1,5} and cost = 1018.0
   Vehicle #0 = 0, leaving at = 1013.0
   Vehicle #1 = 36, leaving at = 1033.0
   Increment on distance indicator: 10.0
   Increment on tard indicator:     0.0
   Value of tmax indicator:         10.0

Task for patient = 276 with skills = {3,-1} and cost = 1014.7
   Vehicle #0 = 56, leaving at = 1087.0
   Vehicle #1 = -1, leaving at = inf
   Increment on distance indicator: 6.0
   Increment on tard indicator:     0.0
   Value of tmax indicator:         6.0

Task for patient = 116 with skills = {5,-1} and cost = 1012.7
   Vehicle #0 = 30, leaving at = 1031.0
   Vehicle #1 = -1, leaving at = inf
   Increment on distance indicator: 8.0
   Increment on tard indicator:     0.0
   Value of tmax indicator:         8.0

Task for patient = 202 with skills = {1,-1} and cost = 1010.0
   Vehicle #0 = 27, leaving at = 771.0
   Vehicle #1 = -1, leaving at = inf
   Increment on distance indicator: 10.0
   Increment on tard indicator:     0.0
   Value of tmax indicator:         10.0

Task for patient = 83 with skills = {2,5} and cost = 1006.7
   Vehicle #0 = 1, leaving at = 979.0
   Vehicle #1 = 33, leaving at = 1026.0
   Increment on distance indicator: 20.0
   Increment on tard indicator:     0.0
   Value of tmax indicator:         20.0

Task for patient = 48 with skills = {5,-1} and cost = 1024.7
   Vehicle #0 = 57, leaving at = 1088.0
   Vehicle #1 = -1, leaving at = inf
   Increment on distance indicator: 2.0
   Increment on tard indicator:     0.0
   Value of tmax indicator:         2.0

Task for patient = 191 with skills = {1,-1} and cost = 1127.3
   Vehicle #0 = 14, leaving at = 1081.0
   Vehicle #1 = -1, leaving at = inf
   Increment on distance indicator: 5.0
   Increment on tard indicator:     0.0
   Value of tmax indicator:         5.0

Task for patient = 159 with skills = {3,-1} and cost = 1125.7
   Vehicle #0 = 44, leaving at = 994.0
   Vehicle #1 = -1, leaving at = inf
   Increment on distance indicator: 3.0
   Increment on tard indicator:     0.0
   Value of tmax indicator:         3.0

Task for patient = 136 with skills = {2,3} and cost = 1124.7
   Vehicle #0 = 22, leaving at = 1052.0
   Vehicle #1 = 48, leaving at = 1036.0
   Increment on distance indicator: 23.0
   Increment on tard indicator:     0.0
   Value of tmax indicator:         23.0

Task for patient = 49 with skills = {1,-1} and cost = 1117.0
   Vehicle #0 = 19, leaving at = 1072.0
   Vehicle #1 = -1, leaving at = inf
   Increment on distance indicator: 2.0
   Increment on tard indicator:     0.0
   Value of tmax indicator:         2.0

Task for patient = 74 with skills = {2,-1} and cost = 1116.3
   Vehicle #0 = 8, leaving at = 992.0
   Vehicle #1 = -1, leaving at = inf
   Increment on distance indicator: 14.0
   Increment on tard indicator:     0.0
   Value of tmax indicator:         14.0

Task for patient = 194 with skills = {1,3} and cost = 1111.7
   Vehicle #0 = 26, leaving at = 1056.0
   Vehicle #1 = 51, leaving at = 1109.0
   Increment on distance indicator: 15.0
   Increment on tard indicator:     0.0
   Value of tmax indicator:         15.0

Task for patient = 229 with skills = {5,-1} and cost = 1106.7
   Vehicle #0 = 51, leaving at = 1043.0
   Vehicle #1 = -1, leaving at = inf
   Increment on distance indicator: 2.0
   Increment on tard indicator:     0.0
   Value of tmax indicator:         2.0

Task for patient = 126 with skills = {0,-1} and cost = 1106.0
   Vehicle #0 = 17, leaving at = 1051.0
   Vehicle #1 = -1, leaving at = inf
   Increment on distance indicator: 5.0
   Increment on tard indicator:     0.0
   Value of tmax indicator:         5.0

Task for patient = 182 with skills = {0,3} and cost = 1063.3
   Vehicle #0 = 2, leaving at = 1080.0
   Vehicle #1 = 49, leaving at = 1068.0
   Increment on distance indicator: 10.0
   Increment on tard indicator:     0.0
   Value of tmax indicator:         10.0

Task for patient = 57 with skills = {2,3} and cost = 1093.0
   Vehicle #0 = 4, leaving at = 1021.0
   Vehicle #1 = 42, leaving at = 1022.0
   Increment on distance indicator: 9.0
   Increment on tard indicator:     0.0
   Value of tmax indicator:         9.0

Task for patient = 124 with skills = {0,-1} and cost = 1090.0
   Vehicle #0 = 14, leaving at = 1029.0
   Vehicle #1 = -1, leaving at = inf
   Increment on distance indicator: 7.0
   Increment on tard indicator:     0.0
   Value of tmax indicator:         7.0

Task for patient = 201 with skills = {4,-1} and cost = 1087.7
   Vehicle #0 = 58, leaving at = 864.0
   Vehicle #1 = -1, leaving at = inf
   Increment on distance indicator: 21.0
   Increment on tard indicator:     0.0
   Value of tmax indicator:         21.0

Task for patient = 175 with skills = {3,-1} and cost = 1080.7
   Vehicle #0 = 47, leaving at = 977.0
   Vehicle #1 = -1, leaving at = inf
   Increment on distance indicator: 12.0
   Increment on tard indicator:     0.0
   Value of tmax indicator:         12.0

Task for patient = 190 with skills = {0,-1} and cost = 1076.7
   Vehicle #0 = 13, leaving at = 1073.0
   Vehicle #1 = -1, leaving at = inf
   Increment on distance indicator: 9.0
   Increment on tard indicator:     0.0
   Value of tmax indicator:         9.0

Task for patient = 137 with skills = {3,-1} and cost = 1073.7
   Vehicle #0 = 42, leaving at = 935.0
   Vehicle #1 = -1, leaving at = inf
   Increment on distance indicator: 8.0
   Increment on tard indicator:     0.0
   Value of tmax indicator:         8.0

Task for patient = 143 with skills = {0,-1} and cost = 1071.0
   Vehicle #0 = 14, leaving at = 992.0
   Vehicle #1 = -1, leaving at = inf
   Increment on distance indicator: 14.0
   Increment on tard indicator:     0.0
   Value of tmax indicator:         14.0

Task for patient = 95 with skills = {3,-1} and cost = 1066.3
   Vehicle #0 = 41, leaving at = 1079.0
   Vehicle #1 = -1, leaving at = inf
   Increment on distance indicator: 3.0
   Increment on tard indicator:     0.0
   Value of tmax indicator:         3.0

Task for patient = 241 with skills = {0,4} and cost = 1065.3
   Vehicle #0 = 17, leaving at = 1030.0
   Vehicle #1 = 46, leaving at = 1073.0
   Increment on distance indicator: 6.0
   Increment on tard indicator:     0.0
   Value of tmax indicator:         6.0

Task for patient = 47 with skills = {2,3} and cost = 1099.3
   Vehicle #0 = 21, leaving at = 967.0
   Vehicle #1 = 48, leaving at = 987.0
   Increment on distance indicator: 19.0
   Increment on tard indicator:     0.0
   Value of tmax indicator:         19.0

Task for patient = 225 with skills = {5,-1} and cost = 941.0
   Vehicle #0 = 33, leaving at = 965.0
   Vehicle #1 = -1, leaving at = inf
   Increment on distance indicator: 7.0
   Increment on tard indicator:     0.0
   Value of tmax indicator:         7.0

Task for patient = 81 with skills = {1,3} and cost = 938.7
   Vehicle #0 = 13, leaving at = 1030.0
   Vehicle #1 = 45, leaving at = 1043.0
   Increment on distance indicator: 17.0
   Increment on tard indicator:     0.0
   Value of tmax indicator:         17.0

Task for patient = 173 with skills = {3,-1} and cost = 933.0
   Vehicle #0 = 42, leaving at = 815.0
   Vehicle #1 = -1, leaving at = inf
   Increment on distance indicator: 10.0
   Increment on tard indicator:     0.0
   Value of tmax indicator:         10.0

Task for patient = 218 with skills = {5,-1} and cost = 929.7
   Vehicle #0 = 57, leaving at = 1034.0
   Vehicle #1 = -1, leaving at = inf
   Increment on distance indicator: 6.0
   Increment on tard indicator:     0.0
   Value of tmax indicator:         6.0

Task for patient = 287 with skills = {4,-1} and cost = 927.7
   Vehicle #0 = 57, leaving at = 981.0
   Vehicle #1 = -1, leaving at = inf
   Increment on distance indicator: 5.0
   Increment on tard indicator:     0.0
   Value of tmax indicator:         5.0

Task for patient = 26 with skills = {5,-1} and cost = 926.0
   Vehicle #0 = 38, leaving at = 1047.0
   Vehicle #1 = -1, leaving at = inf
   Increment on distance indicator: 6.0
   Increment on tard indicator:     0.0
   Value of tmax indicator:         6.0

Task for patient = 270 with skills = {0,4} and cost = 924.0
   Vehicle #0 = 2, leaving at = 882.0
   Vehicle #1 = 53, leaving at = 904.0
   Increment on distance indicator: 13.0
   Increment on tard indicator:     0.0
   Value of tmax indicator:         13.0

Task for patient = 111 with skills = {1,-1} and cost = 919.7
   Vehicle #0 = 12, leaving at = 979.0
   Vehicle #1 = -1, leaving at = inf
   Increment on distance indicator: 5.0
   Increment on tard indicator:     0.0
   Value of tmax indicator:         5.0

Task for patient = 170 with skills = {4,-1} and cost = 1000.0
   Vehicle #0 = 35, leaving at = 1006.0
   Vehicle #1 = -1, leaving at = inf
   Increment on distance indicator: 6.0
   Increment on tard indicator:     0.0
   Value of tmax indicator:         6.0

Task for patient = 255 with skills = {2,3} and cost = 916.3
   Vehicle #0 = 17, leaving at = 924.0
   Vehicle #1 = 49, leaving at = 921.0
   Increment on distance indicator: 4.0
   Increment on tard indicator:     0.0
   Value of tmax indicator:         4.0

Task for patient = 10 with skills = {0,-1} and cost = 915.0
   Vehicle #0 = 10, leaving at = 1130.0
   Vehicle #1 = -1, leaving at = inf
   Increment on distance indicator: 3.0
   Increment on tard indicator:     0.0
   Value of tmax indicator:         3.0

Task for patient = 142 with skills = {0,4} and cost = 914.0
   Vehicle #0 = 23, leaving at = 928.0
   Vehicle #1 = 35, leaving at = 960.0
   Increment on distance indicator: 32.0
   Increment on tard indicator:     0.0
   Value of tmax indicator:         32.0

Task for patient = 250 with skills = {0,-1} and cost = 903.3
   Vehicle #0 = 13, leaving at = 974.0
   Vehicle #1 = -1, leaving at = inf
   Increment on distance indicator: 6.0
   Increment on tard indicator:     0.0
   Value of tmax indicator:         6.0

Task for patient = 230 with skills = {0,-1} and cost = 901.3
   Vehicle #0 = 24, leaving at = 1000.0
   Vehicle #1 = -1, leaving at = inf
   Increment on distance indicator: 5.0
   Increment on tard indicator:     0.0
   Value of tmax indicator:         5.0

Task for patient = 58 with skills = {1,-1} and cost = 899.7
   Vehicle #0 = 13, leaving at = 935.0
   Vehicle #1 = -1, leaving at = inf
   Increment on distance indicator: 5.0
   Increment on tard indicator:     0.0
   Value of tmax indicator:         5.0

Task for patient = 108 with skills = {5,-1} and cost = 898.0
   Vehicle #0 = 37, leaving at = 995.0
   Vehicle #1 = -1, leaving at = inf
   Increment on distance indicator: 3.0
   Increment on tard indicator:     0.0
   Value of tmax indicator:         3.0

Task for patient = 274 with skills = {3,-1} and cost = 678.0
   Vehicle #0 = 49, leaving at = 760.0
   Vehicle #1 = -1, leaving at = inf
   Increment on distance indicator: 5.0
   Increment on tard indicator:     0.0
   Value of tmax indicator:         5.0

Task for patient = 227 with skills = {3,-1} and cost = 918.0
   Vehicle #0 = 56, leaving at = 994.0
   Vehicle #1 = -1, leaving at = inf
   Increment on distance indicator: 5.0
   Increment on tard indicator:     0.0
   Value of tmax indicator:         5.0

Task for patient = 102 with skills = {0,-1} and cost = 998.0
   Vehicle #0 = 12, leaving at = 1027.0
   Vehicle #1 = -1, leaving at = inf
   Increment on distance indicator: 7.0
   Increment on tard indicator:     0.0
   Value of tmax indicator:         7.0

Task for patient = 277 with skills = {0,-1} and cost = 995.7
   Vehicle #0 = 17, leaving at = 967.0
   Vehicle #1 = -1, leaving at = inf
   Increment on distance indicator: 5.0
   Increment on tard indicator:     0.0
   Value of tmax indicator:         5.0

Task for patient = 284 with skills = {1,-1} and cost = 982.3
   Vehicle #0 = 20, leaving at = 1085.0
   Vehicle #1 = -1, leaving at = inf
   Increment on distance indicator: 3.0
   Increment on tard indicator:     0.0
   Value of tmax indicator:         3.0

Task for patient = 163 with skills = {0,-1} and cost = 981.3
   Vehicle #0 = 4, leaving at = 971.0
   Vehicle #1 = -1, leaving at = inf
   Increment on distance indicator: 8.0
   Increment on tard indicator:     0.0
   Value of tmax indicator:         8.0

Task for patient = 100 with skills = {2,-1} and cost = 978.7
   Vehicle #0 = 15, leaving at = 819.0
   Vehicle #1 = -1, leaving at = inf
   Increment on distance indicator: 11.0
   Increment on tard indicator:     0.0
   Value of tmax indicator:         11.0

Task for patient = 208 with skills = {3,-1} and cost = 975.0
   Vehicle #0 = 42, leaving at = 874.0
   Vehicle #1 = -1, leaving at = inf
   Increment on distance indicator: 12.0
   Increment on tard indicator:     0.0
   Value of tmax indicator:         12.0

Task for patient = 236 with skills = {5,-1} and cost = 971.0
   Vehicle #0 = 44, leaving at = 941.0
   Vehicle #1 = -1, leaving at = inf
   Increment on distance indicator: 2.0
   Increment on tard indicator:     0.0
   Value of tmax indicator:         2.0

Task for patient = 168 with skills = {0,3} and cost = 970.3
   Vehicle #0 = 20, leaving at = 1035.0
   Vehicle #1 = 41, leaving at = 1048.0
   Increment on distance indicator: 8.0
   Increment on tard indicator:     0.0
   Value of tmax indicator:         8.0

Task for patient = 298 with skills = {1,4} and cost = 943.7
   Vehicle #0 = 9, leaving at = 1001.0
   Vehicle #1 = 54, leaving at = 965.0
   Increment on distance indicator: 8.0
   Increment on tard indicator:     0.0
   Value of tmax indicator:         8.0

Task for patient = 112 with skills = {1,4} and cost = 964.3
   Vehicle #0 = 3, leaving at = 1038.0
   Vehicle #1 = 56, leaving at = 1037.0
   Increment on distance indicator: 10.0
   Increment on tard indicator:     0.0
   Value of tmax indicator:         10.0

Task for patient = 125 with skills = {5,-1} and cost = 961.0
   Vehicle #0 = 51, leaving at = 952.0
   Vehicle #1 = -1, leaving at = inf
   Increment on distance indicator: 7.0
   Increment on tard indicator:     0.0
   Value of tmax indicator:         7.0

Task for patient = 273 with skills = {2,-1} and cost = 958.7
   Vehicle #0 = 25, leaving at = 902.0
   Vehicle #1 = -1, leaving at = inf
   Increment on distance indicator: 2.0
   Increment on tard indicator:     0.0
   Value of tmax indicator:         2.0

Task for patient = 35 with skills = {2,-1} and cost = 958.0
   Vehicle #0 = 7, leaving at = 892.0
   Vehicle #1 = -1, leaving at = inf
   Increment on distance indicator: 8.0
   Increment on tard indicator:     0.0
   Value of tmax indicator:         8.0

Task for patient = 251 with skills = {3,-1} and cost = 955.3
   Vehicle #0 = 50, leaving at = 1012.0
   Vehicle #1 = -1, leaving at = inf
   Increment on distance indicator: 3.0
   Increment on tard indicator:     0.0
   Value of tmax indicator:         3.0

Task for patient = 14 with skills = {0,3} and cost = 954.3
   Vehicle #0 = 2, leaving at = 987.0
   Vehicle #1 = 34, leaving at = 1015.0
   Increment on distance indicator: 12.0
   Increment on tard indicator:     0.0
   Value of tmax indicator:         12.0

Task for patient = 39 with skills = {0,3} and cost = 950.3
   Vehicle #0 = 26, leaving at = 903.0
   Vehicle #1 = 51, leaving at = 925.0
   Increment on distance indicator: 8.0
   Increment on tard indicator:     0.0
   Value of tmax indicator:         8.0

Task for patient = 288 with skills = {1,4} and cost = 947.7
   Vehicle #0 = 9, leaving at = 1061.0
   Vehicle #1 = 54, leaving at = 1047.0
   Increment on distance indicator: 4.0
   Increment on tard indicator:     0.0
   Value of tmax indicator:         4.0

Task for patient = 291 with skills = {2,-1} and cost = 946.3
   Vehicle #0 = 19, leaving at = 977.0
   Vehicle #1 = -1, leaving at = inf
   Increment on distance indicator: 8.0
   Increment on tard indicator:     0.0
   Value of tmax indicator:         8.0

Task for patient = 37 with skills = {0,-1} and cost = 967.7
   Vehicle #0 = 11, leaving at = 949.0
   Vehicle #1 = -1, leaving at = inf
   Increment on distance indicator: 10.0
   Increment on tard indicator:     0.0
   Value of tmax indicator:         10.0

Task for patient = 162 with skills = {0,-1} and cost = 306.7
   Vehicle #0 = 12, leaving at = 616.0
   Vehicle #1 = -1, leaving at = inf
   Increment on distance indicator: 14.0
   Increment on tard indicator:     0.0
   Value of tmax indicator:         14.0

Task for patient = 54 with skills = {1,-1} and cost = 302.0
   Vehicle #0 = 8, leaving at = 690.0
   Vehicle #1 = -1, leaving at = inf
   Increment on distance indicator: 6.0
   Increment on tard indicator:     0.0
   Value of tmax indicator:         6.0

Task for patient = 133 with skills = {5,-1} and cost = 300.0
   Vehicle #0 = 33, leaving at = 827.0
   Vehicle #1 = -1, leaving at = inf
   Increment on distance indicator: 7.0
   Increment on tard indicator:     0.0
   Value of tmax indicator:         7.0

Task for patient = 78 with skills = {0,-1} and cost = 297.7
   Vehicle #0 = 10, leaving at = 845.0
   Vehicle #1 = -1, leaving at = inf
   Increment on distance indicator: 8.0
   Increment on tard indicator:     0.0
   Value of tmax indicator:         8.0

Task for patient = 97 with skills = {0,-1} and cost = 295.0
   Vehicle #0 = 2, leaving at = 683.0
   Vehicle #1 = -1, leaving at = inf
   Increment on distance indicator: 9.0
   Increment on tard indicator:     0.0
   Value of tmax indicator:         9.0

Task for patient = 235 with skills = {2,-1} and cost = 292.0
   Vehicle #0 = 1, leaving at = 825.0
   Vehicle #1 = -1, leaving at = inf
   Increment on distance indicator: 8.0
   Increment on tard indicator:     0.0
   Value of tmax indicator:         8.0

Task for patient = 73 with skills = {0,5} and cost = 289.3
   Vehicle #0 = 11, leaving at = 801.0
   Vehicle #1 = 33, leaving at = 795.0
   Increment on distance indicator: 15.0
   Increment on tard indicator:     0.0
   Value of tmax indicator:         15.0

Task for patient = 103 with skills = {2,-1} and cost = 284.3
   Vehicle #0 = 8, leaving at = 574.0
   Vehicle #1 = -1, leaving at = inf
   Increment on distance indicator: 3.0
   Increment on tard indicator:     0.0
   Value of tmax indicator:         3.0

Task for patient = 86 with skills = {3,-1} and cost = 676.3
   Vehicle #0 = 47, leaving at = 699.0
   Vehicle #1 = -1, leaving at = inf
   Increment on distance indicator: 6.0
   Increment on tard indicator:     0.0
   Value of tmax indicator:         6.0

Task for patient = 114 with skills = {2,5} and cost = 280.0
   Vehicle #0 = 4, leaving at = 795.0
   Vehicle #1 = 35, leaving at = 830.0
   Increment on distance indicator: 26.0
   Increment on tard indicator:     0.0
   Value of tmax indicator:         26.0

Task for patient = 193 with skills = {0,3} and cost = 271.3
   Vehicle #0 = 10, leaving at = 815.0
   Vehicle #1 = 37, leaving at = 833.0
   Increment on distance indicator: 6.0
   Increment on tard indicator:     0.0
   Value of tmax indicator:         6.0

Task for patient = 174 with skills = {3,-1} and cost = 269.3
   Vehicle #0 = 42, leaving at = 520.0
   Vehicle #1 = -1, leaving at = inf
   Increment on distance indicator: 22.0
   Increment on tard indicator:     0.0
   Value of tmax indicator:         22.0

Task for patient = 266 with skills = {0,3} and cost = 262.0
   Vehicle #0 = 10, leaving at = 779.0
   Vehicle #1 = 37, leaving at = 778.0
   Increment on distance indicator: 10.0
   Increment on tard indicator:     0.0
   Value of tmax indicator:         10.0

Task for patient = 196 with skills = {1,3} and cost = 258.7
   Vehicle #0 = 12, leaving at = 583.0
   Vehicle #1 = 41, leaving at = 611.0
   Increment on distance indicator: 22.0
   Increment on tard indicator:     0.0
   Value of tmax indicator:         22.0

Task for patient = 246 with skills = {0,-1} and cost = 251.3
   Vehicle #0 = 11, leaving at = 672.0
   Vehicle #1 = -1, leaving at = inf
   Increment on distance indicator: 9.0
   Increment on tard indicator:     0.0
   Value of tmax indicator:         9.0

Task for patient = 215 with skills = {0,3} and cost = 248.3
   Vehicle #0 = 11, leaving at = 641.0
   Vehicle #1 = 37, leaving at = 645.0
   Increment on distance indicator: 35.0
   Increment on tard indicator:     0.0
   Value of tmax indicator:         35.0

Task for patient = 152 with skills = {0,-1} and cost = 236.7
   Vehicle #0 = 4, leaving at = 664.0
   Vehicle #1 = -1, leaving at = inf
   Increment on distance indicator: 1.0
   Increment on tard indicator:     0.0
   Value of tmax indicator:         1.0

Task for patient = 187 with skills = {5,-1} and cost = 283.3
   Vehicle #0 = 36, leaving at = 521.0
   Vehicle #1 = -1, leaving at = inf
   Increment on distance indicator: 10.0
   Increment on tard indicator:     0.0
   Value of tmax indicator:         10.0

Task for patient = 31 with skills = {5,-1} and cost = 410.7
   Vehicle #0 = 36, leaving at = 665.0
   Vehicle #1 = -1, leaving at = inf
   Increment on distance indicator: 9.0
   Increment on tard indicator:     0.0
   Value of tmax indicator:         9.0

Task for patient = 261 with skills = {0,-1} and cost = 407.7
   Vehicle #0 = 14, leaving at = 645.0
   Vehicle #1 = -1, leaving at = inf
   Increment on distance indicator: 6.0
   Increment on tard indicator:     0.0
   Value of tmax indicator:         6.0

Task for patient = 299 with skills = {3,-1} and cost = 405.7
   Vehicle #0 = 46, leaving at = 728.0
   Vehicle #1 = -1, leaving at = inf
   Increment on distance indicator: 9.0
   Increment on tard indicator:     0.0
   Value of tmax indicator:         9.0

Task for patient = 12 with skills = {3,-1} and cost = 402.7
   Vehicle #0 = 44, leaving at = 648.0
   Vehicle #1 = -1, leaving at = inf
   Increment on distance indicator: 9.0
   Increment on tard indicator:     0.0
   Value of tmax indicator:         9.0

Task for patient = 188 with skills = {3,-1} and cost = 399.7
   Vehicle #0 = 44, leaving at = 522.0
   Vehicle #1 = -1, leaving at = inf
   Increment on distance indicator: 23.0
   Increment on tard indicator:     0.0
   Value of tmax indicator:         23.0

Task for patient = 53 with skills = {0,-1} and cost = 392.0
   Vehicle #0 = 0, leaving at = 896.0
   Vehicle #1 = -1, leaving at = inf
   Increment on distance indicator: 3.0
   Increment on tard indicator:     0.0
   Value of tmax indicator:         3.0

Task for patient = 55 with skills = {2,5} and cost = 391.0
   Vehicle #0 = 15, leaving at = 715.0
   Vehicle #1 = 51, leaving at = 735.0
   Increment on distance indicator: 25.0
   Increment on tard indicator:     0.0
   Value of tmax indicator:         25.0

Task for patient = 8 with skills = {1,5} and cost = 382.7
   Vehicle #0 = 14, leaving at = 548.0
   Vehicle #1 = 36, leaving at = 604.0
   Increment on distance indicator: 65.0
   Increment on tard indicator:     0.0
   Value of tmax indicator:         65.0

Task for patient = 11 with skills = {4,-1} and cost = 314.0
   Vehicle #0 = 51, leaving at = 708.0
   Vehicle #1 = -1, leaving at = inf
   Increment on distance indicator: 22.0
   Increment on tard indicator:     0.0
   Value of tmax indicator:         22.0

Task for patient = 219 with skills = {1,5} and cost = 359.0
   Vehicle #0 = 3, leaving at = 763.0
   Vehicle #1 = 38, leaving at = 797.0
   Increment on distance indicator: 12.0
   Increment on tard indicator:     0.0
   Value of tmax indicator:         12.0

Task for patient = 141 with skills = {5,-1} and cost = 355.0
   Vehicle #0 = 34, leaving at = 774.0
   Vehicle #1 = -1, leaving at = inf
   Increment on distance indicator: 15.0
   Increment on tard indicator:     0.0
   Value of tmax indicator:         15.0

Task for patient = 192 with skills = {2,-1} and cost = 350.0
   Vehicle #0 = 13, leaving at = 595.0
   Vehicle #1 = -1, leaving at = inf
   Increment on distance indicator: 18.0
   Increment on tard indicator:     0.0
   Value of tmax indicator:         18.0

Task for patient = 129 with skills = {2,-1} and cost = 344.0
   Vehicle #0 = 10, leaving at = 883.0
   Vehicle #1 = -1, leaving at = inf
   Increment on distance indicator: 2.0
   Increment on tard indicator:     0.0
   Value of tmax indicator:         2.0

Task for patient = 50 with skills = {4,-1} and cost = 343.3
   Vehicle #0 = 33, leaving at = 854.0
   Vehicle #1 = -1, leaving at = inf
   Increment on distance indicator: 9.0
   Increment on tard indicator:     0.0
   Value of tmax indicator:         9.0

Task for patient = 296 with skills = {3,-1} and cost = 340.3
   Vehicle #0 = 41, leaving at = 674.0
   Vehicle #1 = -1, leaving at = inf
   Increment on distance indicator: 17.0
   Increment on tard indicator:     0.0
   Value of tmax indicator:         17.0

Task for patient = 197 with skills = {0,3} and cost = 334.7
   Vehicle #0 = 2, leaving at = 738.0
   Vehicle #1 = 34, leaving at = 724.0
   Increment on distance indicator: 20.0
   Increment on tard indicator:     0.0
   Value of tmax indicator:         20.0

Task for patient = 207 with skills = {2,3} and cost = 328.0
   Vehicle #0 = 6, leaving at = 614.0
   Vehicle #1 = 46, leaving at = 625.0
   Increment on distance indicator: 39.0
   Increment on tard indicator:     0.0
   Value of tmax indicator:         39.0

Task for patient = 237 with skills = {5,-1} and cost = 315.0
   Vehicle #0 = 31, leaving at = 735.0
   Vehicle #1 = -1, leaving at = inf
   Increment on distance indicator: 3.0
   Increment on tard indicator:     0.0
   Value of tmax indicator:         3.0

Task for patient = 23 with skills = {5,-1} and cost = 361.0
   Vehicle #0 = 30, leaving at = 942.0
   Vehicle #1 = -1, leaving at = inf
   Increment on distance indicator: 6.0
   Increment on tard indicator:     0.0
   Value of tmax indicator:         6.0

Task for patient = 213 with skills = {4,-1} and cost = 128.3
   Vehicle #0 = 33, leaving at = 776.0
   Vehicle #1 = -1, leaving at = inf
   Increment on distance indicator: 3.0
   Increment on tard indicator:     0.0
   Value of tmax indicator:         3.0

Task for patient = 161 with skills = {1,-1} and cost = 127.3
   Vehicle #0 = 3, leaving at = 680.0
   Vehicle #1 = -1, leaving at = inf
   Increment on distance indicator: 3.0
   Increment on tard indicator:     0.0
   Value of tmax indicator:         3.0

Task for patient = 7 with skills = {4,-1} and cost = 126.3
   Vehicle #0 = 38, leaving at = 624.0
   Vehicle #1 = -1, leaving at = inf
   Increment on distance indicator: 12.0
   Increment on tard indicator:     0.0
   Value of tmax indicator:         12.0

Task for patient = 186 with skills = {5,-1} and cost = 122.3
   Vehicle #0 = 38, leaving at = 584.0
   Vehicle #1 = -1, leaving at = inf
   Increment on distance indicator: 14.0
   Increment on tard indicator:     0.0
   Value of tmax indicator:         14.0

Task for patient = 145 with skills = {4,-1} and cost = 117.7
   Vehicle #0 = 38, leaving at = 542.0
   Vehicle #1 = -1, leaving at = inf
   Increment on distance indicator: 32.0
   Increment on tard indicator:     0.0
   Value of tmax indicator:         32.0

Task for patient = 278 with skills = {1,4} and cost = 107.0
   Vehicle #0 = 7, leaving at = 801.0
   Vehicle #1 = 35, leaving at = 789.0
   Increment on distance indicator: 38.0
   Increment on tard indicator:     0.0
   Value of tmax indicator:         38.0

Task for patient = 157 with skills = {1,-1} and cost = 94.3
   Vehicle #0 = 3, leaving at = 633.0
   Vehicle #1 = -1, leaving at = inf
   Increment on distance indicator: 28.0
   Increment on tard indicator:     0.0
   Value of tmax indicator:         28.0

Task for patient = 224 with skills = {4,-1} and cost = 85.0
   Vehicle #0 = 33, leaving at = 667.0
   Vehicle #1 = -1, leaving at = inf
   Increment on distance indicator: 5.0
   Increment on tard indicator:     0.0
   Value of tmax indicator:         5.0

Task for patient = 61 with skills = {4,-1} and cost = 236.3
   Vehicle #0 = 45, leaving at = 794.0
   Vehicle #1 = -1, leaving at = inf
   Increment on distance indicator: 3.0
   Increment on tard indicator:     0.0
   Value of tmax indicator:         3.0

Task for patient = 106 with skills = {2,-1} and cost = 74.7
   Vehicle #0 = 1, leaving at = 647.0
   Vehicle #1 = -1, leaving at = inf
   Increment on distance indicator: 13.0
   Increment on tard indicator:     0.0
   Value of tmax indicator:         13.0

Task for patient = 42 with skills = {0,3} and cost = 70.3
   Vehicle #0 = 2, leaving at = 528.0
   Vehicle #1 = 34, leaving at = 563.0
   Increment on distance indicator: 44.0
   Increment on tard indicator:     0.0
   Value of tmax indicator:         44.0

Task for patient = 115 with skills = {2,-1} and cost = 55.7
   Vehicle #0 = 4, leaving at = 563.0
   Vehicle #1 = -1, leaving at = inf
   Increment on distance indicator: 19.0
   Increment on tard indicator:     0.0
   Value of tmax indicator:         19.0

Task for patient = 268 with skills = {2,-1} and cost = 49.3
   Vehicle #0 = 1, leaving at = 593.0
   Vehicle #1 = -1, leaving at = inf
   Increment on distance indicator: 11.0
   Increment on tard indicator:     0.0
   Value of tmax indicator:         11.0

Task for patient = 198 with skills = {3,-1} and cost = 45.7
   Vehicle #0 = 33, leaving at = 523.0
   Vehicle #1 = -1, leaving at = inf
   Increment on distance indicator: 29.0
   Increment on tard indicator:     0.0
   Value of tmax indicator:         29.0

Task for patient = 248 with skills = {2,4} and cost = 36.0
   Vehicle #0 = 0, leaving at = 736.0
   Vehicle #1 = 30, leaving at = 759.0
   Increment on distance indicator: 18.0
   Increment on tard indicator:     0.0
   Value of tmax indicator:         18.0

Task for patient = 134 with skills = {0,3} and cost = 30.0
   Vehicle #0 = 0, leaving at = 654.0
   Vehicle #1 = 30, leaving at = 689.0
   Increment on distance indicator: 14.0
   Increment on tard indicator:     0.0
   Value of tmax indicator:         14.0

Task for patient = 290 with skills = {0,4} and cost = 25.3
   Vehicle #0 = 0, leaving at = 602.0
   Vehicle #1 = 30, leaving at = 623.0
   Increment on distance indicator: 24.0
   Increment on tard indicator:     0.0
   Value of tmax indicator:         24.0

Task for patient = 256 with skills = {2,5} and cost = 17.3
   Vehicle #0 = 0, leaving at = 563.0
   Vehicle #1 = 30, leaving at = 550.0
   Increment on distance indicator: 52.0
   Increment on tard indicator:     0.0
   Value of tmax indicator:         52.0

Task for patient = 70 with skills = {0,5} and cost = 83.3
   Vehicle #0 = 0, leaving at = 803.0
   Vehicle #1 = 30, leaving at = 804.0
   Increment on distance indicator: 26.0
   Increment on tard indicator:     0.0
   Value of tmax indicator:         26.0

Task for patient = 259 with skills = {4,-1} and cost = 235.3
   Vehicle #0 = 46, leaving at = 574.0
   Vehicle #1 = -1, leaving at = inf
   Increment on distance indicator: 32.0
   Increment on tard indicator:     0.0
   Value of tmax indicator:         32.0

Task for patient = 60 with skills = {2,-1} and cost = 224.7
   Vehicle #0 = 9, leaving at = 728.0
   Vehicle #1 = -1, leaving at = inf
   Increment on distance indicator: 14.0
   Increment on tard indicator:     0.0
   Value of tmax indicator:         14.0

Task for patient = 183 with skills = {3,-1} and cost = 220.0
   Vehicle #0 = 37, leaving at = 619.0
   Vehicle #1 = -1, leaving at = inf
   Increment on distance indicator: 18.0
   Increment on tard indicator:     0.0
   Value of tmax indicator:         18.0

Task for patient = 3 with skills = {3,-1} and cost = 214.0
   Vehicle #0 = 37, leaving at = 574.0
   Vehicle #1 = -1, leaving at = inf
   Increment on distance indicator: 9.0
   Increment on tard indicator:     0.0
   Value of tmax indicator:         9.0

Task for patient = 212 with skills = {0,5} and cost = 211.0
   Vehicle #0 = 10, leaving at = 729.0
   Vehicle #1 = 45, leaving at = 751.0
   Increment on distance indicator: 12.0
   Increment on tard indicator:     0.0
   Value of tmax indicator:         12.0

Task for patient = 177 with skills = {0,5} and cost = 207.0
   Vehicle #0 = 5, leaving at = 751.0
   Vehicle #1 = 39, leaving at = 756.0
   Increment on distance indicator: 8.0
   Increment on tard indicator:     0.0
   Value of tmax indicator:         8.0

Task for patient = 195 with skills = {1,-1} and cost = 204.3
   Vehicle #0 = 9, leaving at = 682.0
   Vehicle #1 = -1, leaving at = inf
   Increment on distance indicator: 11.0
   Increment on tard indicator:     0.0
   Value of tmax indicator:         11.0

Task for patient = 113 with skills = {5,-1} and cost = 200.7
   Vehicle #0 = 32, leaving at = 714.0
   Vehicle #1 = -1, leaving at = inf
   Increment on distance indicator: 0.0
   Increment on tard indicator:     0.0
   Value of tmax indicator:         0.0

Task for patient = 87 with skills = {1,4} and cost = 136.3
   Vehicle #0 = 3, leaving at = 723.0
   Vehicle #1 = 38, leaving at = 739.0
   Increment on distance indicator: 24.0
   Increment on tard indicator:     0.0
   Value of tmax indicator:         24.0

Task for patient = 245 with skills = {3,-1} and cost = 189.7
   Vehicle #0 = 30, leaving at = 908.0
   Vehicle #1 = -1, leaving at = inf
   Increment on distance indicator: 6.0
   Increment on tard indicator:     0.0
   Value of tmax indicator:         6.0

Task for patient = 275 with skills = {0,3} and cost = 187.7
   Vehicle #0 = 10, leaving at = 650.0
   Vehicle #1 = 45, leaving at = 650.0
   Increment on distance indicator: 23.0
   Increment on tard indicator:     0.0
   Value of tmax indicator:         23.0

Task for patient = 165 with skills = {0,-1} and cost = 180.0
   Vehicle #0 = 10, leaving at = 622.0
   Vehicle #1 = -1, leaving at = inf
   Increment on distance indicator: 12.0
   Increment on tard indicator:     0.0
   Value of tmax indicator:         12.0

Task for patient = 257 with skills = {0,4} and cost = 176.0
   Vehicle #0 = 10, leaving at = 542.0
   Vehicle #1 = 45, leaving at = 562.0
   Increment on distance indicator: 50.0
   Increment on tard indicator:     0.0
   Value of tmax indicator:         50.0

Task for patient = 160 with skills = {0,4} and cost = 159.3
   Vehicle #0 = 5, leaving at = 640.0
   Vehicle #1 = 39, leaving at = 698.0
   Increment on distance indicator: 22.0
   Increment on tard indicator:     0.0
   Value of tmax indicator:         22.0

Task for patient = 120 with skills = {1,4} and cost = 152.0
   Vehicle #0 = 0, leaving at = 849.0
   Vehicle #1 = 30, leaving at = 854.0
   Increment on distance indicator: 6.0
   Increment on tard indicator:     0.0
   Value of tmax indicator:         6.0

Task for patient = 30 with skills = {5,-1} and cost = 150.0
   Vehicle #0 = 31, leaving at = 612.0
   Vehicle #1 = -1, leaving at = inf
   Increment on distance indicator: 16.0
   Increment on tard indicator:     0.0
   Value of tmax indicator:         16.0

Task for patient = 65 with skills = {5,-1} and cost = 144.7
   Vehicle #0 = 34, leaving at = 638.0
   Vehicle #1 = -1, leaving at = inf
   Increment on distance indicator: 17.0
   Increment on tard indicator:     0.0
   Value of tmax indicator:         17.0

Task for patient = 19 with skills = {2,-1} and cost = 139.0
   Vehicle #0 = 1, leaving at = 758.0
   Vehicle #1 = -1, leaving at = inf
   Increment on distance indicator: 8.0
   Increment on tard indicator:     0.0
   Value of tmax indicator:         8.0

Task for patient = 166 with skills = {1,-1} and cost = 200.7
   Vehicle #0 = 8, leaving at = 552.0
   Vehicle #1 = -1, leaving at = inf
   Increment on distance indicator: 33.0
   Increment on tard indicator:     0.0
   Value of tmax indicator:         33.0

Task for patient = 154 with skills = {4,-1} and cost = 595.0
   Vehicle #0 = 54, leaving at = 735.0
   Vehicle #1 = -1, leaving at = inf
   Increment on distance indicator: 5.0
   Increment on tard indicator:     0.0
   Value of tmax indicator:         5.0

Task for patient = 171 with skills = {3,-1} and cost = 593.3
   Vehicle #0 = 37, leaving at = 944.0
   Vehicle #1 = -1, leaving at = inf
   Increment on distance indicator: 3.0
   Increment on tard indicator:     0.0
   Value of tmax indicator:         3.0

Task for patient = 24 with skills = {5,-1} and cost = 592.3
   Vehicle #0 = 49, leaving at = 591.0
   Vehicle #1 = -1, leaving at = inf
   Increment on distance indicator: 9.0
   Increment on tard indicator:     0.0
   Value of tmax indicator:         9.0

Task for patient = 239 with skills = {0,-1} and cost = 589.3
   Vehicle #0 = 20, leaving at = 612.0
   Vehicle #1 = -1, leaving at = inf
   Increment on distance indicator: 11.0
   Increment on tard indicator:     0.0
   Value of tmax indicator:         11.0

Task for patient = 80 with skills = {3,-1} and cost = 585.7
   Vehicle #0 = 33, leaving at = 875.0
   Vehicle #1 = -1, leaving at = inf
   Increment on distance indicator: 4.0
   Increment on tard indicator:     0.0
   Value of tmax indicator:         4.0

Task for patient = 130 with skills = {1,-1} and cost = 584.3
   Vehicle #0 = 20, leaving at = 586.0
   Vehicle #1 = -1, leaving at = inf
   Increment on distance indicator: 27.0
   Increment on tard indicator:     0.0
   Value of tmax indicator:         27.0

Task for patient = 110 with skills = {1,-1} and cost = 575.3
   Vehicle #0 = 9, leaving at = 940.0
   Vehicle #1 = -1, leaving at = inf
   Increment on distance indicator: 3.0
   Increment on tard indicator:     0.0
   Value of tmax indicator:         3.0

Task for patient = 122 with skills = {1,-1} and cost = 574.3
   Vehicle #0 = 12, leaving at = 862.0
   Vehicle #1 = -1, leaving at = inf
   Increment on distance indicator: 1.0
   Increment on tard indicator:     0.0
   Value of tmax indicator:         1.0

Task for patient = 44 with skills = {3,-1} and cost = 412.0
   Vehicle #0 = 42, leaving at = 576.0
   Vehicle #1 = -1, leaving at = inf
   Increment on distance indicator: 4.0
   Increment on tard indicator:     0.0
   Value of tmax indicator:         4.0

Task for patient = 233 with skills = {2,-1} and cost = 565.3
   Vehicle #0 = 8, leaving at = 762.0
   Vehicle #1 = -1, leaving at = inf
   Increment on distance indicator: 6.0
   Increment on tard indicator:     0.0
   Value of tmax indicator:         6.0

Task for patient = 56 with skills = {1,-1} and cost = 563.3
   Vehicle #0 = 14, leaving at = 817.0
   Vehicle #1 = -1, leaving at = inf
   Increment on distance indicator: 5.0
   Increment on tard indicator:     0.0
   Value of tmax indicator:         5.0

Task for patient = 289 with skills = {1,-1} and cost = 561.7
   Vehicle #0 = 0, leaving at = 938.0
   Vehicle #1 = -1, leaving at = inf
   Increment on distance indicator: 3.0
   Increment on tard indicator:     0.0
   Value of tmax indicator:         3.0

Task for patient = 184 with skills = {5,-1} and cost = 560.7
   Vehicle #0 = 43, leaving at = 649.0
   Vehicle #1 = -1, leaving at = inf
   Increment on distance indicator: 5.0
   Increment on tard indicator:     0.0
   Value of tmax indicator:         5.0

Task for patient = 51 with skills = {4,-1} and cost = 559.0
   Vehicle #0 = 54, leaving at = 651.0
   Vehicle #1 = -1, leaving at = inf
   Increment on distance indicator: 19.0
   Increment on tard indicator:     0.0
   Value of tmax indicator:         19.0

Task for patient = 285 with skills = {0,3} and cost = 552.7
   Vehicle #0 = 2, leaving at = 761.0
   Vehicle #1 = 48, leaving at = 799.0
   Increment on distance indicator: 14.0
   Increment on tard indicator:     0.0
   Value of tmax indicator:         14.0

Task for patient = 99 with skills = {3,-1} and cost = 548.0
   Vehicle #0 = 37, leaving at = 860.0
   Vehicle #1 = -1, leaving at = inf
   Increment on distance indicator: 6.0
   Increment on tard indicator:     0.0
   Value of tmax indicator:         6.0

Task for patient = 150 with skills = {3,-1} and cost = 546.0
   Vehicle #0 = 38, leaving at = 924.0
   Vehicle #1 = -1, leaving at = inf
   Increment on distance indicator: 4.0
   Increment on tard indicator:     0.0
   Value of tmax indicator:         4.0

Task for patient = 84 with skills = {5,-1} and cost = 574.0
   Vehicle #0 = 49, leaving at = 543.0
   Vehicle #1 = -1, leaving at = inf
   Increment on distance indicator: 26.0
   Increment on tard indicator:     0.0
   Value of tmax indicator:         26.0

Task for patient = 263 with skills = {0,5} and cost = 1131.0
   Vehicle #0 = 24, leaving at = 1037.0
   Vehicle #1 = 34, leaving at = 1060.0
   Increment on distance indicator: 11.0
   Increment on tard indicator:     0.0
   Value of tmax indicator:         11.0

Task for patient = 267 with skills = {2,5} and cost = 674.3
   Vehicle #0 = 21, leaving at = 765.0
   Vehicle #1 = 52, leaving at = 787.0
   Increment on distance indicator: 12.0
   Increment on tard indicator:     0.0
   Value of tmax indicator:         12.0

Task for patient = 66 with skills = {2,4} and cost = 670.3
   Vehicle #0 = 20, leaving at = 759.0
   Vehicle #1 = 56, leaving at = 774.0
   Increment on distance indicator: 23.0
   Increment on tard indicator:     0.0
   Value of tmax indicator:         23.0

Task for patient = 33 with skills = {0,-1} and cost = 662.7
   Vehicle #0 = 11, leaving at = 880.0
   Vehicle #1 = -1, leaving at = inf
   Increment on distance indicator: 3.0
   Increment on tard indicator:     0.0
   Value of tmax indicator:         3.0

Task for patient = 253 with skills = {5,-1} and cost = 661.7
   Vehicle #0 = 37, leaving at = 970.0
   Vehicle #1 = -1, leaving at = inf
   Increment on distance indicator: 2.0
   Increment on tard indicator:     0.0
   Value of tmax indicator:         2.0

Task for patient = 300 with skills = {0,-1} and cost = 661.0
   Vehicle #0 = 21, leaving at = 648.0
   Vehicle #1 = -1, leaving at = inf
   Increment on distance indicator: 5.0
   Increment on tard indicator:     0.0
   Value of tmax indicator:         5.0

Task for patient = 203 with skills = {2,-1} and cost = 659.3
   Vehicle #0 = 20, leaving at = 720.0
   Vehicle #1 = -1, leaving at = inf
   Increment on distance indicator: 5.0
   Increment on tard indicator:     0.0
   Value of tmax indicator:         5.0

Task for patient = 292 with skills = {5,-1} and cost = 657.7
   Vehicle #0 = 49, leaving at = 705.0
   Vehicle #1 = -1, leaving at = inf
   Increment on distance indicator: 20.0
   Increment on tard indicator:     0.0
   Value of tmax indicator:         20.0

Task for patient = 90 with skills = {1,-1} and cost = 596.7
   Vehicle #0 = 3, leaving at = 807.0
   Vehicle #1 = -1, leaving at = inf
   Increment on distance indicator: 5.0
   Increment on tard indicator:     0.0
   Value of tmax indicator:         5.0

Task for patient = 216 with skills = {5,-1} and cost = 646.0
   Vehicle #0 = 44, leaving at = 748.0
   Vehicle #1 = -1, leaving at = inf
   Increment on distance indicator: 1.0
   Increment on tard indicator:     0.0
   Value of tmax indicator:         1.0

Task for patient = 13 with skills = {2,-1} and cost = 645.7
   Vehicle #0 = 17, leaving at = 813.0
   Vehicle #1 = -1, leaving at = inf
   Increment on distance indicator: 7.0
   Increment on tard indicator:     0.0
   Value of tmax indicator:         7.0

Task for patient = 205 with skills = {1,-1} and cost = 643.3
   Vehicle #0 = 21, leaving at = 534.0
   Vehicle #1 = -1, leaving at = inf
   Increment on distance indicator: 29.0
   Increment on tard indicator:     0.0
   Value of tmax indicator:         29.0

Task for patient = 59 with skills = {0,-1} and cost = 633.7
   Vehicle #0 = 20, leaving at = 675.0
   Vehicle #1 = -1, leaving at = inf
   Increment on distance indicator: 3.0
   Increment on tard indicator:     0.0
   Value of tmax indicator:         3.0

Task for patient = 155 with skills = {1,5} and cost = 632.7
   Vehicle #0 = 10, leaving at = 972.0
   Vehicle #1 = 40, leaving at = 964.0
   Increment on distance indicator: 10.0
   Increment on tard indicator:     0.0
   Value of tmax indicator:         10.0

Task for patient = 121 with skills = {3,-1} and cost = 620.7
   Vehicle #0 = 50, leaving at = 604.0
   Vehicle #1 = -1, leaving at = inf
   Increment on distance indicator: 3.0
   Increment on tard indicator:     0.0
   Value of tmax indicator:         3.0

Task for patient = 18 with skills = {5,-1} and cost = 619.7
   Vehicle #0 = 49, leaving at = 636.0
   Vehicle #1 = -1, leaving at = inf
   Increment on distance indicator: 10.0
   Increment on tard indicator:     0.0
   Value of tmax indicator:         10.0

Task for patient = 223 with skills = {0,3} and cost = 616.3
   Vehicle #0 = 18, leaving at = 558.0
   Vehicle #1 = 50, leaving at = 569.0
   Increment on distance indicator: 34.0
   Increment on tard indicator:     0.0
   Value of tmax indicator:         34.0

Task for patient = 72 with skills = {4,-1} and cost = 605.0
   Vehicle #0 = 56, leaving at = 516.0
   Vehicle #1 = -1, leaving at = inf
   Increment on distance indicator: 25.0
   Increment on tard indicator:     0.0
   Value of tmax indicator:         25.0

Task for patient = 117 with skills = {0,3} and cost = 651.0
   Vehicle #0 = 21, leaving at = 598.0
   Vehicle #1 = 47, leaving at = 635.0
   Increment on distance indicator: 15.0
   Increment on tard indicator:     0.0
   Value of tmax indicator:         15.0

Task for patient = 2 with skills = {2,4} and cost = 490.3
   Vehicle #0 = 17, leaving at = 663.0
   Vehicle #1 = 52, leaving at = 672.0
   Increment on distance indicator: 9.0
   Increment on tard indicator:     0.0
   Value of tmax indicator:         9.0

Task for patient = 6 with skills = {1,-1} and cost = 487.3
   Vehicle #0 = 15, leaving at = 765.0
   Vehicle #1 = -1, leaving at = inf
   Increment on distance indicator: 6.0
   Increment on tard indicator:     0.0
   Value of tmax indicator:         6.0

Task for patient = 76 with skills = {1,-1} and cost = 485.3
   Vehicle #0 = 19, leaving at = 861.0
   Vehicle #1 = -1, leaving at = inf
   Increment on distance indicator: 9.0
   Increment on tard indicator:     0.0
   Value of tmax indicator:         9.0

Task for patient = 28 with skills = {3,-1} and cost = 482.3
   Vehicle #0 = 47, leaving at = 574.0
   Vehicle #1 = -1, leaving at = inf
   Increment on distance indicator: 27.0
   Increment on tard indicator:     0.0
   Value of tmax indicator:         27.0

Task for patient = 20 with skills = {0,4} and cost = 473.3
   Vehicle #0 = 14, leaving at = 774.0
   Vehicle #1 = 46, leaving at = 752.0
   Increment on distance indicator: 7.0
   Increment on tard indicator:     0.0
   Value of tmax indicator:         7.0

Task for patient = 286 with skills = {2,-1} and cost = 471.0
   Vehicle #0 = 17, leaving at = 596.0
   Vehicle #1 = -1, leaving at = inf
   Increment on distance indicator: 21.0
   Increment on tard indicator:     0.0
   Value of tmax indicator:         21.0

Task for patient = 231 with skills = {5,-1} and cost = 464.0
   Vehicle #0 = 52, leaving at = 650.0
   Vehicle #1 = -1, leaving at = inf
   Increment on distance indicator: 10.0
   Increment on tard indicator:     0.0
   Value of tmax indicator:         10.0

Task for patient = 209 with skills = {4,-1} and cost = 460.7
   Vehicle #0 = 52, leaving at = 564.0
   Vehicle #1 = -1, leaving at = inf
   Increment on distance indicator: 25.0
   Increment on tard indicator:     0.0
   Value of tmax indicator:         25.0

Task for patient = 107 with skills = {0,-1} and cost = 544.7
   Vehicle #0 = 11, leaving at = 822.0
   Vehicle #1 = -1, leaving at = inf
   Increment on distance indicator: 4.0
   Increment on tard indicator:     0.0
   Value of tmax indicator:         4.0

Task for patient = 204 with skills = {1,-1} and cost = 448.0
   Vehicle #0 = 14, leaving at = 698.0
   Vehicle #1 = -1, leaving at = inf
   Increment on distance indicator: 2.0
   Increment on tard indicator:     0.0
   Value of tmax indicator:         2.0

Task for patient = 119 with skills = {3,-1} and cost = 447.3
   Vehicle #0 = 34, leaving at = 818.0
   Vehicle #1 = -1, leaving at = inf
   Increment on distance indicator: 8.0
   Increment on tard indicator:     0.0
   Value of tmax indicator:         8.0

Task for patient = 240 with skills = {5,-1} and cost = 444.7
   Vehicle #0 = 40, leaving at = 725.0
   Vehicle #1 = -1, leaving at = inf
   Increment on distance indicator: 2.0
   Increment on tard indicator:     0.0
   Value of tmax indicator:         2.0

Task for patient = 211 with skills = {1,5} and cost = 444.0
   Vehicle #0 = 9, leaving at = 824.0
   Vehicle #1 = 45, leaving at = 817.0
   Increment on distance indicator: 10.0
   Increment on tard indicator:     0.0
   Value of tmax indicator:         10.0

Task for patient = 254 with skills = {1,-1} and cost = 440.7
   Vehicle #0 = 9, leaving at = 787.0
   Vehicle #1 = -1, leaving at = inf
   Increment on distance indicator: 8.0
   Increment on tard indicator:     0.0
   Value of tmax indicator:         8.0

Task for patient = 105 with skills = {2,5} and cost = 438.0
   Vehicle #0 = 13, leaving at = 636.0
   Vehicle #1 = 43, leaving at = 616.0
   Increment on distance indicator: 23.0
   Increment on tard indicator:     0.0
   Value of tmax indicator:         23.0

Task for patient = 1 with skills = {0,3} and cost = 430.3
   Vehicle #0 = 12, leaving at = 710.0
   Vehicle #1 = 41, leaving at = 719.0
   Increment on distance indicator: 17.0
   Increment on tard indicator:     0.0
   Value of tmax indicator:         17.0

Task for patient = 243 with skills = {2,5} and cost = 424.7
   Vehicle #0 = 6, leaving at = 727.0
   Vehicle #1 = 36, leaving at = 704.0
   Increment on distance indicator: 11.0
   Increment on tard indicator:     0.0
   Value of tmax indicator:         11.0

Task for patient = 249 with skills = {5,-1} and cost = 421.0
   Vehicle #0 = 40, leaving at = 537.0
   Vehicle #1 = -1, leaving at = inf
   Increment on distance indicator: 27.0
   Increment on tard indicator:     0.0
   Value of tmax indicator:         27.0

Task for patient = 265 with skills = {2,-1} and cost = 452.3
   Vehicle #0 = 16, leaving at = 713.0
   Vehicle #1 = -1, leaving at = inf
   Increment on distance indicator: 13.0
   Increment on tard indicator:     0.0
   Value of tmax indicator:         13.0

Task for patient = 67 with skills = {5,-1} and cost = 543.3
   Vehicle #0 = 38, leaving at = 893.0
   Vehicle #1 = -1, leaving at = inf
   Increment on distance indicator: 5.0
   Increment on tard indicator:     0.0
   Value of tmax indicator:         5.0

Task for patient = 68 with skills = {0,5} and cost = 541.7
   Vehicle #0 = 10, leaving at = 908.0
   Vehicle #1 = 40, leaving at = 921.0
   Increment on distance indicator: 14.0
   Increment on tard indicator:     0.0
   Value of tmax indicator:         14.0

Task for patient = 16 with skills = {0,-1} and cost = 537.0
   Vehicle #0 = 12, leaving at = 830.0
   Vehicle #1 = -1, leaving at = inf
   Increment on distance indicator: 9.0
   Increment on tard indicator:     0.0
   Value of tmax indicator:         9.0

Task for patient = 36 with skills = {1,-1} and cost = 534.0
   Vehicle #0 = 13, leaving at = 667.0
   Vehicle #1 = -1, leaving at = inf
   Increment on distance indicator: 5.0
   Increment on tard indicator:     0.0
   Value of tmax indicator:         5.0

Task for patient = 123 with skills = {2,-1} and cost = 532.3
   Vehicle #0 = 6, leaving at = 811.0
   Vehicle #1 = -1, leaving at = inf
   Increment on distance indicator: 3.0
   Increment on tard indicator:     0.0
   Value of tmax indicator:         3.0

Task for patient = 4 with skills = {3,-1} and cost = 531.3
   Vehicle #0 = 48, leaving at = 588.0
   Vehicle #1 = -1, leaving at = inf
   Increment on distance indicator: 14.0
   Increment on tard indicator:     0.0
   Value of tmax indicator:         14.0

Task for patient = 147 with skills = {3,-1} and cost = 526.7
   Vehicle #0 = 38, leaving at = 845.0
   Vehicle #1 = -1, leaving at = inf
   Increment on distance indicator: 7.0
   Increment on tard indicator:     0.0
   Value of tmax indicator:         7.0

Task for patient = 226 with skills = {3,-1} and cost = 524.3
   Vehicle #0 = 42, leaving at = 748.0
   Vehicle #1 = -1, leaving at = inf
   Increment on distance indicator: 6.0
   Increment on tard indicator:     0.0
   Value of tmax indicator:         6.0

Task for patient = 40 with skills = {4,-1} and cost = 497.7
   Vehicle #0 = 53, leaving at = 528.0
   Vehicle #1 = -1, leaving at = inf
   Increment on distance indicator: 22.0
   Increment on tard indicator:     0.0
   Value of tmax indicator:         22.0

Task for patient = 238 with skills = {4,-1} and cost = 519.7
   Vehicle #0 = 52, leaving at = 728.0
   Vehicle #1 = -1, leaving at = inf
   Increment on distance indicator: 11.0
   Increment on tard indicator:     0.0
   Value of tmax indicator:         11.0

Task for patient = 92 with skills = {2,5} and cost = 516.0
   Vehicle #0 = 6, leaving at = 774.0
   Vehicle #1 = 36, leaving at = 751.0
   Increment on distance indicator: 4.0
   Increment on tard indicator:     0.0
   Value of tmax indicator:         4.0

Task for patient = 282 with skills = {2,-1} and cost = 514.7
   Vehicle #0 = 9, leaving at = 879.0
   Vehicle #1 = -1, leaving at = inf
   Increment on distance indicator: 5.0
   Increment on tard indicator:     0.0
   Value of tmax indicator:         5.0

Task for patient = 185 with skills = {2,5} and cost = 513.0
   Vehicle #0 = 17, leaving at = 721.0
   Vehicle #1 = 53, leaving at = 737.0
   Increment on distance indicator: 17.0
   Increment on tard indicator:     0.0
   Value of tmax indicator:         17.0

Task for patient = 109 with skills = {3,-1} and cost = 507.3
   Vehicle #0 = 46, leaving at = 867.0
   Vehicle #1 = -1, leaving at = inf
   Increment on distance indicator: 1.0
   Increment on tard indicator:     0.0
   Value of tmax indicator:         1.0

Task for patient = 140 with skills = {3,-1} and cost = 507.0
   Vehicle #0 = 44, leaving at = 709.0
   Vehicle #1 = -1, leaving at = inf
   Increment on distance indicator: 7.0
   Increment on tard indicator:     0.0
   Value of tmax indicator:         7.0

Task for patient = 138 with skills = {5,-1} and cost = 504.7
   Vehicle #0 = 40, leaving at = 782.0
   Vehicle #1 = -1, leaving at = inf
   Increment on distance indicator: 4.0
   Increment on tard indicator:     0.0
   Value of tmax indicator:         4.0

Task for patient = 169 with skills = {5,-1} and cost = 503.3
   Vehicle #0 = 39, leaving at = 833.0
   Vehicle #1 = -1, leaving at = inf
   Increment on distance indicator: 9.0
   Increment on tard indicator:     0.0
   Value of tmax indicator:         9.0

Task for patient = 164 with skills = {1,3} and cost = 500.3
   Vehicle #0 = 12, leaving at = 734.0
   Vehicle #1 = 41, leaving at = 771.0
   Increment on distance indicator: 8.0
   Increment on tard indicator:     0.0
   Value of tmax indicator:         8.0

Task for patient = 5 with skills = {4,-1} and cost = 522.3
   Vehicle #0 = 45, leaving at = 874.0
   Vehicle #1 = -1, leaving at = inf
   Increment on distance indicator: 8.0
   Increment on tard indicator:     0.0
   Value of tmax indicator:         8.0


Unused vehicle list: 28 29 55 59 (total = 4 out of 60)

---
Search finished.
Total of 448 generations in 22.0 seconds.
Exchange elite runs: 0
Implicit path relinking runs: 4
Reset attempts: 0

Best solution found:
   Cost: 1554.7
   Total travel time: 4610.0
   Total tardiness time: 43.0
   Largest tardiness: 11.0


1554.7
