--- BRKGA-MP-IPR for HHCRSP ---
Instance: new-instances/HHCRSP_300_60_89_1.6_C_C.txt
Seed: 1

Reading data... Problem contains 300 patients  and 60 caregivers.

Summary of supply x demand for each service type:
Skill 0 has supply = 19 and demand = 62, ratio = 0.306452
Skill 1 has supply = 15 and demand = 65, ratio = 0.230769
Skill 2 has supply = 20 and demand = 75, ratio = 0.266667
Skill 3 has supply = 18 and demand = 62, ratio = 0.290323
Skill 4 has supply = 17 and demand = 50, ratio = 0.34
Skill 5 has supply = 20 and demand = 76, ratio = 0.263158

Reading parameters...
Inferred distance function by PR type: kendall-tau
Building BRKGA data and initializing...
Evolving 448 generations...

  Gens  Rem    Local   ElDiv NoImpr             Best solution            Time  Op
                                       Cost     Dist    Tard    TMax 
*    0  448  7476.33  485.29      0  7476.33  4089.00 17931.0   409.0     0.1    
*    2  446  7409.00  368.90      0  7409.00  4282.00 15108.0   395.0     0.1    
*    3  445  6595.00  408.58      0  6595.00  4149.00 14179.0   377.0     0.2    
*    4  444  6235.00  351.72      0  6235.00  4018.00 13810.0   336.0     0.2    
*    5  443  6054.67  345.50      0  6054.67  4142.00 12453.0   348.0     0.3    
*    6  442  5647.67  378.25      0  5647.67  4003.00  9704.0   345.0     0.3    
*    7  441  4684.00  393.47      0  4684.00  4003.00  9704.0   345.0     0.4    
*   11  437  4240.67  298.37      0  4240.67  3965.00  8399.0   358.0     0.5    
*   13  435  3908.00  247.08      0  3908.00  3973.00  7433.0   318.0     0.6    
*   15  433  3504.33  275.71      0  3504.33  3784.00  5622.0   273.0     0.7    
*   16  432  3226.33  281.32      0  3226.33  3741.00  5352.0   300.0     0.7    
*   17  431  3131.00  264.14      0  3131.00  4018.00  4993.0   315.0     0.7    
*   18  430  3108.67  257.45      0  3108.67  3757.00  4104.0   296.0     0.8    
*   19  429  2719.00  212.69      0  2719.00  3757.00  4104.0   296.0     0.8    
*   23  425  2572.33  180.84      0  2572.33  3954.00  3101.0   328.0     1.0    

  Gens  Rem    Local   ElDiv NoImpr             Best solution            Time  Op
                                       Cost     Dist    Tard    TMax 
*   24  424  2461.00  188.69      0  2461.00  3954.00  3101.0   328.0     1.0    
*   27  421  2228.33  177.25      0  2228.33  3796.00  2673.0   216.0     1.2    
*   29  419  2062.00  177.52      0  2062.00  3726.00  1839.0   207.0     1.3    
*   30  418  1924.00  181.28      0  1924.00  3747.00  1793.0   136.0     1.3    
*   31  417  1892.00  171.70      0  1892.00  3766.00  1546.0   278.0     1.3    
*   32  416  1863.33  152.98      0  1863.33  3766.00  1546.0   278.0     1.3    
*   34  414  1809.67  118.70      0  1809.67  3685.00  1364.0   223.0     1.4    
*   35  413  1757.33  109.08      0  1757.33  3719.00  1088.0   125.0     1.4    
*   36  412  1644.00  102.27      0  1644.00  3719.00  1088.0   125.0     1.5    
*   42  406  1536.67   69.33      0  1536.67  3645.00   784.0   181.0     1.7    
*   44  404  1477.00   79.69      0  1477.00  3582.00   697.0    86.0     1.8    
*   45  403  1455.00   73.24      0  1455.00  3582.00   697.0    86.0     1.8    
*   47  401  1429.00   52.88      0  1429.00  3746.00   444.0    97.0     1.9    
*   49  399  1395.33   43.40      0  1395.33  3575.00   538.0    73.0     2.0    
    50  398  1395.33   52.44      1  1395.33  3575.00   538.0    73.0     2.0    
*   51  397  1316.33   44.28      0  1316.33  3563.00   306.0    80.0     2.1    

  Gens  Rem    Local   ElDiv NoImpr             Best solution            Time  Op
                                       Cost     Dist    Tard    TMax 
*   54  394  1216.67   43.66      0  1216.67  3468.00   104.0    78.0     2.2    
*   60  388  1198.33   35.48      0  1198.33  3409.00    85.0    21.0     2.4    
*   61  387  1171.67   30.63      0  1171.67  3409.00    85.0    21.0     2.5    
*   64  384  1140.00   25.50      0  1140.00  3330.00    67.0    23.0     2.6    
*   67  381  1122.00   25.36      0  1122.00  3275.00    63.0    28.0     2.7    
*   71  377  1121.67   18.33      0  1121.67  3342.00    16.0     7.0     2.9    
*   74  374  1107.33   16.09      0  1107.33  3263.00    35.0    24.0     3.0    
*   76  372  1106.33   15.88      0  1106.33  3311.00     5.0     3.0     3.0    
*   78  370  1097.67   13.86      0  1097.67  3283.00     7.0     3.0     3.1    
*   81  367  1086.67   13.74      0  1086.67  3247.00    11.0     2.0     3.3    
*   85  363  1079.33   13.31      0  1079.33  3218.00    11.0     9.0     3.4    
*   89  359  1075.00   12.97      0  1075.00  3204.00    17.0     4.0     3.6    
*   91  357  1063.33   13.45      0  1063.33  3161.00    23.0     6.0     3.7    
*   95  353  1053.33   10.31      0  1053.33  3149.00     7.0     4.0     3.8    
Path relinking result: too homogeneous.
    96  352  1053.33    9.43      2  1053.33  3149.00     7.0     4.0     3.9   P
   100  348  1053.33    6.83      5  1053.33  3149.00     7.0     4.0     4.0    

  Gens  Rem    Local   ElDiv NoImpr             Best solution            Time  Op
                                       Cost     Dist    Tard    TMax 
*  106  342  1050.00    6.75      0  1050.00  3129.00    17.0     4.0     4.3    
*  110  338  1041.33    7.69      0  1041.33  3107.00    12.0     5.0     4.5    
*  113  335  1029.00    8.85      0  1029.00  3059.00    23.0     5.0     4.6    
*  117  331  1010.00    9.81      0  1010.00  3020.00     7.0     3.0     4.8    
*  146  302  1009.33    5.77      0  1009.33  3022.00     4.0     2.0     6.0    
*  150  298  1007.33    5.22      0  1007.33  3006.00    13.0     3.0     6.2    
*  154  294  1000.67    5.32      0  1000.67  2993.00     6.0     3.0     6.4    
*  163  285   998.00    4.10      0   998.00  2984.00     7.0     3.0     6.8    
*  165  283   997.33    3.94      0   997.33  2982.00     6.0     4.0     6.8    
*  167  281   994.00    4.35      0   994.00  2963.00    15.0     4.0     6.9    
*  171  277   977.00    5.17      0   977.00  2918.00     9.0     4.0     7.1    
*  186  262   970.67    5.13      0   970.67  2910.00     1.0     1.0     7.7    
Path relinking result: too homogeneous.
   192  256   966.67    4.94      0   970.67  2910.00     1.0     1.0     7.9   P
*  193  255   966.67    4.61      0   966.67  2894.00     4.0     2.0     8.0    
*  197  251   966.00    4.55      0   966.00  2898.00     0.0     0.0     8.1    
   200  248   966.00    4.41      3   966.00  2898.00     0.0     0.0     8.3    

  Gens  Rem    Local   ElDiv NoImpr             Best solution            Time  Op
                                       Cost     Dist    Tard    TMax 
*  201  247   964.33    4.02      0   964.33  2881.00     9.0     3.0     8.3    
*  208  240   957.67    4.00      0   957.67  2865.00     5.0     3.0     8.6    
*  214  234   953.67    4.08      0   953.67  2861.00     0.0     0.0     8.9    
*  218  230   953.33    3.74      0   953.33  2860.00     0.0     0.0     9.0    
*  224  224   948.00    4.20      0   948.00  2840.00     2.0     2.0     9.3    
*  234  214   947.33    2.55      0   947.33  2837.00     0.0     0.0     9.7    
*  235  213   945.67    2.43      0   945.67  2837.00     0.0     0.0     9.7    
*  237  211   944.00    2.84      0   944.00  2832.00     0.0     0.0     9.8    
*  240  208   943.00    2.92      0   943.00  2820.00     2.0     1.0     9.9    
*  241  207   941.00    2.80      0   941.00  2820.00     2.0     1.0     9.9    
*  244  204   940.33    2.38      0   940.33  2817.00     2.0     2.0    10.0    
*  249  199   938.67    2.07      0   938.67  2815.00     0.0     0.0    10.3    
*  250  198   938.33    1.92      0   938.33  2815.00     0.0     0.0    10.3    
*  252  196   936.00    1.82      0   936.00  2808.00     0.0     0.0    10.4    
*  256  192   934.00    1.33      0   934.00  2802.00     0.0     0.0    10.6    
*  261  187   933.00    1.27      0   933.00  2799.00     0.0     0.0    10.8    

  Gens  Rem    Local   ElDiv NoImpr             Best solution            Time  Op
                                       Cost     Dist    Tard    TMax 
*  263  185   932.33    1.34      0   932.33  2793.00     2.0     1.0    10.8    
*  264  184   932.00    1.24      0   932.00  2793.00     2.0     1.0    10.9    
*  266  182   931.33    1.46      0   931.33  2792.00     0.0     0.0    11.0    
*  267  181   930.67    1.40      0   930.67  2791.00     0.0     0.0    11.0    
*  268  180   930.33    1.25      0   930.33  2791.00     0.0     0.0    11.1    
*  270  178   930.00    1.12      0   930.00  2784.00     0.0     0.0    11.2    
*  271  177   928.00    0.93      0   928.00  2784.00     0.0     0.0    11.2    
*  274  174   925.67    1.00      0   925.67  2777.00     0.0     0.0    11.3    
*  277  171   925.00    0.71      0   925.00  2775.00     0.0     0.0    11.5    
*  282  166   923.67    0.44      0   923.67  2771.00     0.0     0.0    11.7    
*  285  163   923.00    0.60      0   923.00  2769.00     0.0     0.0    11.8    
Path relinking result: too homogeneous.
   288  160   923.00    0.13      4   923.00  2769.00     0.0     0.0    11.9   P
*  290  158   919.00    0.53      0   919.00  2757.00     0.0     0.0    12.0    
   300  148   919.00    1.47     10   919.00  2757.00     0.0     0.0    12.4    
*  302  146   918.67    0.55      0   918.67  2755.00     0.0     0.0    12.4    
*  303  145   918.33    0.33      0   918.33  2755.00     0.0     0.0    12.5    

  Gens  Rem    Local   ElDiv NoImpr             Best solution            Time  Op
                                       Cost     Dist    Tard    TMax 
*  321  127   918.00    0.06      0   918.00  2754.00     0.0     0.0    13.2    
*  331  117   917.33    0.14      0   917.33  2752.00     0.0     0.0    13.6    
*  343  105   916.67    0.08      0   916.67  2748.00     1.0     1.0    14.1    
   350   98   916.67    0.06      7   916.67  2748.00     1.0     1.0    14.4    
*  351   97   916.33    0.06      0   916.33  2747.00     1.0     1.0    14.4    
*  358   90   916.00    0.07      0   916.00  2746.00     1.0     1.0    14.7    
*  361   87   915.67    0.15      0   915.67  2745.00     1.0     1.0    14.9    
*  365   83   914.67    0.28      0   914.67  2742.00     1.0     1.0    15.0    
*  371   77   914.33    0.07      0   914.33  2741.00     1.0     1.0    15.3    
Path relinking result: too homogeneous.
   384   64   914.33    0.00     14   914.33  2741.00     1.0     1.0    15.8   P
*  391   57   914.00    0.04      0   914.00  2740.00     1.0     1.0    16.1    
*  400   48   913.67    0.04      0   913.67  2739.00     1.0     1.0    16.5    
*  409   39   913.33    0.06      0   913.33  2738.00     1.0     1.0    16.8    
*  440    8   913.00    0.04      0   913.00  2737.00     1.0     1.0    18.1    
   448    0   913.00    0.15      8   913.00  2737.00     1.0     1.0    18.4    
Evolutionary process finished.
Solution written to 'solution-32890.txt'.

Sorted sequence of worst to best tardiness value:
Task for patient = 154 with skills = {4,-1} and cost = 519.7
   Vehicle #0 = 40, leaving at = 820.0
   Vehicle #1 = -1, leaving at = inf
   Increment on distance indicator: 4.0
   Increment on tard indicator:     1.0
   Value of tmax indicator:         4.0

Task for patient = 31 with skills = {3,-1} and cost = 513.7
   Vehicle #0 = 39, leaving at = 873.0
   Vehicle #1 = -1, leaving at = inf
   Increment on distance indicator: 5.0
   Increment on tard indicator:     0.0
   Value of tmax indicator:         5.0

Task for patient = 228 with skills = {2,-1} and cost = 512.0
   Vehicle #0 = 0, leaving at = 910.0
   Vehicle #1 = -1, leaving at = inf
   Increment on distance indicator: 1.0
   Increment on tard indicator:     0.0
   Value of tmax indicator:         1.0

Task for patient = 266 with skills = {2,4} and cost = 511.7
   Vehicle #0 = 9, leaving at = 816.0
   Vehicle #1 = 40, leaving at = 777.0
   Increment on distance indicator: 9.0
   Increment on tard indicator:     0.0
   Value of tmax indicator:         9.0

Task for patient = 52 with skills = {1,-1} and cost = 508.7
   Vehicle #0 = 11, leaving at = 846.0
   Vehicle #1 = -1, leaving at = inf
   Increment on distance indicator: 4.0
   Increment on tard indicator:     0.0
   Value of tmax indicator:         4.0

Task for patient = 146 with skills = {1,-1} and cost = 507.3
   Vehicle #0 = 3, leaving at = 899.0
   Vehicle #1 = -1, leaving at = inf
   Increment on distance indicator: 3.0
   Increment on tard indicator:     0.0
   Value of tmax indicator:         3.0

Task for patient = 103 with skills = {1,4} and cost = 506.3
   Vehicle #0 = 25, leaving at = 851.0
   Vehicle #1 = 47, leaving at = 885.0
   Increment on distance indicator: 4.0
   Increment on tard indicator:     0.0
   Value of tmax indicator:         4.0

Task for patient = 213 with skills = {2,3} and cost = 505.0
   Vehicle #0 = 1, leaving at = 922.0
   Vehicle #1 = 38, leaving at = 963.0
   Increment on distance indicator: 8.0
   Increment on tard indicator:     0.0
   Value of tmax indicator:         8.0

Task for patient = 269 with skills = {2,3} and cost = 669.7
   Vehicle #0 = 4, leaving at = 1038.0
   Vehicle #1 = 34, leaving at = 1065.0
   Increment on distance indicator: 7.0
   Increment on tard indicator:     0.0
   Value of tmax indicator:         7.0

Task for patient = 224 with skills = {3,-1} and cost = 500.3
   Vehicle #0 = 45, leaving at = 847.0
   Vehicle #1 = -1, leaving at = inf
   Increment on distance indicator: 5.0
   Increment on tard indicator:     0.0
   Value of tmax indicator:         5.0

Task for patient = 145 with skills = {3,-1} and cost = 498.7
   Vehicle #0 = 43, leaving at = 999.0
   Vehicle #1 = -1, leaving at = inf
   Increment on distance indicator: 1.0
   Increment on tard indicator:     0.0
   Value of tmax indicator:         1.0

Task for patient = 40 with skills = {0,4} and cost = 498.3
   Vehicle #0 = 7, leaving at = 846.0
   Vehicle #1 = 51, leaving at = 855.0
   Increment on distance indicator: 8.0
   Increment on tard indicator:     0.0
   Value of tmax indicator:         8.0

Task for patient = 150 with skills = {3,-1} and cost = 495.7
   Vehicle #0 = 42, leaving at = 830.0
   Vehicle #1 = -1, leaving at = inf
   Increment on distance indicator: 1.0
   Increment on tard indicator:     0.0
   Value of tmax indicator:         1.0

Task for patient = 156 with skills = {2,-1} and cost = 495.3
   Vehicle #0 = 1, leaving at = 852.0
   Vehicle #1 = -1, leaving at = inf
   Increment on distance indicator: 5.0
   Increment on tard indicator:     0.0
   Value of tmax indicator:         5.0

Task for patient = 245 with skills = {2,-1} and cost = 493.7
   Vehicle #0 = 14, leaving at = 836.0
   Vehicle #1 = -1, leaving at = inf
   Increment on distance indicator: 1.0
   Increment on tard indicator:     0.0
   Value of tmax indicator:         1.0

Task for patient = 254 with skills = {2,5} and cost = 493.3
   Vehicle #0 = 2, leaving at = 726.0
   Vehicle #1 = 53, leaving at = 767.0
   Increment on distance indicator: 14.0
   Increment on tard indicator:     0.0
   Value of tmax indicator:         14.0

Task for patient = 83 with skills = {4,-1} and cost = 488.7
   Vehicle #0 = 52, leaving at = 888.0
   Vehicle #1 = -1, leaving at = inf
   Increment on distance indicator: 3.0
   Increment on tard indicator:     0.0
   Value of tmax indicator:         3.0

Task for patient = 77 with skills = {5,-1} and cost = 487.7
   Vehicle #0 = 32, leaving at = 972.0
   Vehicle #1 = -1, leaving at = inf
   Increment on distance indicator: 2.0
   Increment on tard indicator:     0.0
   Value of tmax indicator:         2.0

Task for patient = 193 with skills = {5,-1} and cost = 502.3
   Vehicle #0 = 31, leaving at = 694.0
   Vehicle #1 = -1, leaving at = inf
   Increment on distance indicator: 6.0
   Increment on tard indicator:     0.0
   Value of tmax indicator:         6.0

Task for patient = 90 with skills = {5,-1} and cost = 537.7
   Vehicle #0 = 36, leaving at = 946.0
   Vehicle #1 = -1, leaving at = inf
   Increment on distance indicator: 3.0
   Increment on tard indicator:     0.0
   Value of tmax indicator:         3.0

Task for patient = 58 with skills = {4,-1} and cost = 536.7
   Vehicle #0 = 44, leaving at = 919.0
   Vehicle #1 = -1, leaving at = inf
   Increment on distance indicator: 3.0
   Increment on tard indicator:     0.0
   Value of tmax indicator:         3.0

Task for patient = 179 with skills = {0,5} and cost = 535.7
   Vehicle #0 = 7, leaving at = 902.0
   Vehicle #1 = 51, leaving at = 894.0
   Increment on distance indicator: 10.0
   Increment on tard indicator:     0.0
   Value of tmax indicator:         10.0

Task for patient = 175 with skills = {5,-1} and cost = 532.3
   Vehicle #0 = 48, leaving at = 1006.0
   Vehicle #1 = -1, leaving at = inf
   Increment on distance indicator: 3.0
   Increment on tard indicator:     0.0
   Value of tmax indicator:         3.0

Task for patient = 51 with skills = {2,5} and cost = 531.3
   Vehicle #0 = 1, leaving at = 1007.0
   Vehicle #1 = 38, leaving at = 985.0
   Increment on distance indicator: 6.0
   Increment on tard indicator:     0.0
   Value of tmax indicator:         6.0

Task for patient = 79 with skills = {0,4} and cost = 529.3
   Vehicle #0 = 8, leaving at = 863.0
   Vehicle #1 = 35, leaving at = 877.0
   Increment on distance indicator: 7.0
   Increment on tard indicator:     0.0
   Value of tmax indicator:         7.0

Task for patient = 187 with skills = {5,-1} and cost = 527.0
   Vehicle #0 = 46, leaving at = 997.0
   Vehicle #1 = -1, leaving at = inf
   Increment on distance indicator: 1.0
   Increment on tard indicator:     0.0
   Value of tmax indicator:         1.0

Task for patient = 63 with skills = {1,5} and cost = 526.7
   Vehicle #0 = 0, leaving at = 934.0
   Vehicle #1 = 48, leaving at = 963.0
   Increment on distance indicator: 3.0
   Increment on tard indicator:     0.0
   Value of tmax indicator:         3.0

Task for patient = 297 with skills = {0,-1} and cost = 514.3
   Vehicle #0 = 5, leaving at = 1043.0
   Vehicle #1 = -1, leaving at = inf
   Increment on distance indicator: 2.0
   Increment on tard indicator:     0.0
   Value of tmax indicator:         2.0

Task for patient = 287 with skills = {0,-1} and cost = 523.7
   Vehicle #0 = 19, leaving at = 960.0
   Vehicle #1 = -1, leaving at = inf
   Increment on distance indicator: 3.0
   Increment on tard indicator:     0.0
   Value of tmax indicator:         3.0

Task for patient = 148 with skills = {5,-1} and cost = 522.7
   Vehicle #0 = 36, leaving at = 912.0
   Vehicle #1 = -1, leaving at = inf
   Increment on distance indicator: 3.0
   Increment on tard indicator:     0.0
   Value of tmax indicator:         3.0

Task for patient = 208 with skills = {2,-1} and cost = 521.7
   Vehicle #0 = 19, leaving at = 917.0
   Vehicle #1 = -1, leaving at = inf
   Increment on distance indicator: 2.0
   Increment on tard indicator:     0.0
   Value of tmax indicator:         2.0

Task for patient = 277 with skills = {0,-1} and cost = 521.0
   Vehicle #0 = 6, leaving at = 982.0
   Vehicle #1 = -1, leaving at = inf
   Increment on distance indicator: 2.0
   Increment on tard indicator:     0.0
   Value of tmax indicator:         2.0

Task for patient = 99 with skills = {0,-1} and cost = 520.3
   Vehicle #0 = 23, leaving at = 828.0
   Vehicle #1 = -1, leaving at = inf
   Increment on distance indicator: 2.0
   Increment on tard indicator:     0.0
   Value of tmax indicator:         2.0

Task for patient = 69 with skills = {3,-1} and cost = 517.7
   Vehicle #0 = 48, leaving at = 917.0
   Vehicle #1 = -1, leaving at = inf
   Increment on distance indicator: 2.0
   Increment on tard indicator:     0.0
   Value of tmax indicator:         2.0

Task for patient = 210 with skills = {0,-1} and cost = 517.0
   Vehicle #0 = 21, leaving at = 906.0
   Vehicle #1 = -1, leaving at = inf
   Increment on distance indicator: 4.0
   Increment on tard indicator:     0.0
   Value of tmax indicator:         4.0

Task for patient = 177 with skills = {3,-1} and cost = 515.7
   Vehicle #0 = 45, leaving at = 898.0
   Vehicle #1 = -1, leaving at = inf
   Increment on distance indicator: 4.0
   Increment on tard indicator:     0.0
   Value of tmax indicator:         4.0

Task for patient = 270 with skills = {2,3} and cost = 525.7
   Vehicle #0 = 2, leaving at = 781.0
   Vehicle #1 = 53, leaving at = 795.0
   Increment on distance indicator: 6.0
   Increment on tard indicator:     0.0
   Value of tmax indicator:         6.0

Task for patient = 47 with skills = {2,5} and cost = 454.3
   Vehicle #0 = 12, leaving at = 764.0
   Vehicle #1 = 36, leaving at = 807.0
   Increment on distance indicator: 6.0
   Increment on tard indicator:     0.0
   Value of tmax indicator:         6.0

Task for patient = 33 with skills = {1,-1} and cost = 452.3
   Vehicle #0 = 21, leaving at = 844.0
   Vehicle #1 = -1, leaving at = inf
   Increment on distance indicator: 7.0
   Increment on tard indicator:     0.0
   Value of tmax indicator:         7.0

Task for patient = 45 with skills = {0,-1} and cost = 450.0
   Vehicle #0 = 20, leaving at = 841.0
   Vehicle #1 = -1, leaving at = inf
   Increment on distance indicator: 7.0
   Increment on tard indicator:     0.0
   Value of tmax indicator:         7.0

Task for patient = 2 with skills = {1,4} and cost = 447.7
   Vehicle #0 = 25, leaving at = 780.0
   Vehicle #1 = 50, leaving at = 802.0
   Increment on distance indicator: 9.0
   Increment on tard indicator:     0.0
   Value of tmax indicator:         9.0

Task for patient = 30 with skills = {0,-1} and cost = 444.7
   Vehicle #0 = 10, leaving at = 832.0
   Vehicle #1 = -1, leaving at = inf
   Increment on distance indicator: 5.0
   Increment on tard indicator:     0.0
   Value of tmax indicator:         5.0

Task for patient = 207 with skills = {2,-1} and cost = 443.0
   Vehicle #0 = 16, leaving at = 802.0
   Vehicle #1 = -1, leaving at = inf
   Increment on distance indicator: 2.0
   Increment on tard indicator:     0.0
   Value of tmax indicator:         2.0

Task for patient = 243 with skills = {5,-1} and cost = 442.3
   Vehicle #0 = 43, leaving at = 932.0
   Vehicle #1 = -1, leaving at = inf
   Increment on distance indicator: 1.0
   Increment on tard indicator:     0.0
   Value of tmax indicator:         1.0

Task for patient = 238 with skills = {1,-1} and cost = 442.0
   Vehicle #0 = 17, leaving at = 930.0
   Vehicle #1 = -1, leaving at = inf
   Increment on distance indicator: 3.0
   Increment on tard indicator:     0.0
   Value of tmax indicator:         3.0

Task for patient = 37 with skills = {5,-1} and cost = 487.0
   Vehicle #0 = 37, leaving at = 977.0
   Vehicle #1 = -1, leaving at = inf
   Increment on distance indicator: 4.0
   Increment on tard indicator:     0.0
   Value of tmax indicator:         4.0

Task for patient = 78 with skills = {5,-1} and cost = 440.7
   Vehicle #0 = 46, leaving at = 863.0
   Vehicle #1 = -1, leaving at = inf
   Increment on distance indicator: 3.0
   Increment on tard indicator:     0.0
   Value of tmax indicator:         3.0

Task for patient = 67 with skills = {1,-1} and cost = 439.7
   Vehicle #0 = 17, leaving at = 874.0
   Vehicle #1 = -1, leaving at = inf
   Increment on distance indicator: 2.0
   Increment on tard indicator:     0.0
   Value of tmax indicator:         2.0

Task for patient = 86 with skills = {3,-1} and cost = 439.0
   Vehicle #0 = 42, leaving at = 732.0
   Vehicle #1 = -1, leaving at = inf
   Increment on distance indicator: 4.0
   Increment on tard indicator:     0.0
   Value of tmax indicator:         4.0

Task for patient = 272 with skills = {4,-1} and cost = 437.7
   Vehicle #0 = 51, leaving at = 685.0
   Vehicle #1 = -1, leaving at = inf
   Increment on distance indicator: 7.0
   Increment on tard indicator:     0.0
   Value of tmax indicator:         7.0

Task for patient = 114 with skills = {2,-1} and cost = 435.3
   Vehicle #0 = 9, leaving at = 692.0
   Vehicle #1 = -1, leaving at = inf
   Increment on distance indicator: 3.0
   Increment on tard indicator:     0.0
   Value of tmax indicator:         3.0

Task for patient = 290 with skills = {3,-1} and cost = 434.3
   Vehicle #0 = 34, leaving at = 814.0
   Vehicle #1 = -1, leaving at = inf
   Increment on distance indicator: 4.0
   Increment on tard indicator:     0.0
   Value of tmax indicator:         4.0

Task for patient = 298 with skills = {2,-1} and cost = 433.0
   Vehicle #0 = 12, leaving at = 680.0
   Vehicle #1 = -1, leaving at = inf
   Increment on distance indicator: 10.0
   Increment on tard indicator:     0.0
   Value of tmax indicator:         10.0

Task for patient = 87 with skills = {5,-1} and cost = 429.7
   Vehicle #0 = 43, leaving at = 807.0
   Vehicle #1 = -1, leaving at = inf
   Increment on distance indicator: 6.0
   Increment on tard indicator:     0.0
   Value of tmax indicator:         6.0

Task for patient = 21 with skills = {0,4} and cost = 427.7
   Vehicle #0 = 8, leaving at = 709.0
   Vehicle #1 = 52, leaving at = 728.0
   Increment on distance indicator: 8.0
   Increment on tard indicator:     0.0
   Value of tmax indicator:         8.0

Task for patient = 248 with skills = {3,-1} and cost = 441.0
   Vehicle #0 = 41, leaving at = 777.0
   Vehicle #1 = -1, leaving at = inf
   Increment on distance indicator: 1.0
   Increment on tard indicator:     0.0
   Value of tmax indicator:         1.0

Task for patient = 239 with skills = {0,-1} and cost = 485.7
   Vehicle #0 = 13, leaving at = 846.0
   Vehicle #1 = -1, leaving at = inf
   Increment on distance indicator: 4.0
   Increment on tard indicator:     0.0
   Value of tmax indicator:         4.0

Task for patient = 242 with skills = {0,-1} and cost = 484.3
   Vehicle #0 = 8, leaving at = 825.0
   Vehicle #1 = -1, leaving at = inf
   Increment on distance indicator: 5.0
   Increment on tard indicator:     0.0
   Value of tmax indicator:         5.0

Task for patient = 258 with skills = {1,5} and cost = 482.7
   Vehicle #0 = 18, leaving at = 892.0
   Vehicle #1 = 38, leaving at = 914.0
   Increment on distance indicator: 6.0
   Increment on tard indicator:     0.0
   Value of tmax indicator:         6.0

Task for patient = 89 with skills = {5,-1} and cost = 480.7
   Vehicle #0 = 48, leaving at = 898.0
   Vehicle #1 = -1, leaving at = inf
   Increment on distance indicator: 4.0
   Increment on tard indicator:     0.0
   Value of tmax indicator:         4.0

Task for patient = 288 with skills = {2,-1} and cost = 479.3
   Vehicle #0 = 24, leaving at = 862.0
   Vehicle #1 = -1, leaving at = inf
   Increment on distance indicator: 2.0
   Increment on tard indicator:     0.0
   Value of tmax indicator:         2.0

Task for patient = 147 with skills = {1,4} and cost = 478.7
   Vehicle #0 = 22, leaving at = 833.0
   Vehicle #1 = 50, leaving at = 859.0
   Increment on distance indicator: 9.0
   Increment on tard indicator:     0.0
   Value of tmax indicator:         9.0

Task for patient = 275 with skills = {2,-1} and cost = 475.7
   Vehicle #0 = 6, leaving at = 925.0
   Vehicle #1 = -1, leaving at = inf
   Increment on distance indicator: 7.0
   Increment on tard indicator:     0.0
   Value of tmax indicator:         7.0

Task for patient = 9 with skills = {1,4} and cost = 473.3
   Vehicle #0 = 17, leaving at = 992.0
   Vehicle #1 = 46, leaving at = 956.0
   Increment on distance indicator: 5.0
   Increment on tard indicator:     0.0
   Value of tmax indicator:         5.0

Task for patient = 29 with skills = {5,-1} and cost = 455.3
   Vehicle #0 = 36, leaving at = 854.0
   Vehicle #1 = -1, leaving at = inf
   Increment on distance indicator: 3.0
   Increment on tard indicator:     0.0
   Value of tmax indicator:         3.0

Task for patient = 196 with skills = {3,-1} and cost = 470.0
   Vehicle #0 = 42, leaving at = 791.0
   Vehicle #1 = -1, leaving at = inf
   Increment on distance indicator: 7.0
   Increment on tard indicator:     0.0
   Value of tmax indicator:         7.0

Task for patient = 84 with skills = {3,-1} and cost = 467.7
   Vehicle #0 = 53, leaving at = 649.0
   Vehicle #1 = -1, leaving at = inf
   Increment on distance indicator: 7.0
   Increment on tard indicator:     0.0
   Value of tmax indicator:         7.0

Task for patient = 137 with skills = {0,5} and cost = 465.3
   Vehicle #0 = 6, leaving at = 882.0
   Vehicle #1 = 33, leaving at = 901.0
   Increment on distance indicator: 10.0
   Increment on tard indicator:     0.0
   Value of tmax indicator:         10.0

Task for patient = 225 with skills = {2,-1} and cost = 462.0
   Vehicle #0 = 6, leaving at = 806.0
   Vehicle #1 = -1, leaving at = inf
   Increment on distance indicator: 1.0
   Increment on tard indicator:     0.0
   Value of tmax indicator:         1.0

Task for patient = 158 with skills = {2,-1} and cost = 461.7
   Vehicle #0 = 12, leaving at = 816.0
   Vehicle #1 = -1, leaving at = inf
   Increment on distance indicator: 4.0
   Increment on tard indicator:     0.0
   Value of tmax indicator:         4.0

Task for patient = 153 with skills = {3,-1} and cost = 460.3
   Vehicle #0 = 52, leaving at = 851.0
   Vehicle #1 = -1, leaving at = inf
   Increment on distance indicator: 2.0
   Increment on tard indicator:     0.0
   Value of tmax indicator:         2.0

Task for patient = 91 with skills = {1,-1} and cost = 459.7
   Vehicle #0 = 11, leaving at = 809.0
   Vehicle #1 = -1, leaving at = inf
   Increment on distance indicator: 9.0
   Increment on tard indicator:     0.0
   Value of tmax indicator:         9.0

Task for patient = 194 with skills = {4,-1} and cost = 456.7
   Vehicle #0 = 46, leaving at = 901.0
   Vehicle #1 = -1, leaving at = inf
   Increment on distance indicator: 3.0
   Increment on tard indicator:     0.0
   Value of tmax indicator:         3.0

Task for patient = 256 with skills = {1,-1} and cost = 455.7
   Vehicle #0 = 15, leaving at = 894.0
   Vehicle #1 = -1, leaving at = inf
   Increment on distance indicator: 1.0
   Increment on tard indicator:     0.0
   Value of tmax indicator:         1.0

Task for patient = 17 with skills = {0,-1} and cost = 471.7
   Vehicle #0 = 8, leaving at = 761.0
   Vehicle #1 = -1, leaving at = inf
   Increment on distance indicator: 5.0
   Increment on tard indicator:     0.0
   Value of tmax indicator:         5.0

Task for patient = 292 with skills = {5,-1} and cost = 635.0
   Vehicle #0 = 37, leaving at = 1016.0
   Vehicle #1 = -1, leaving at = inf
   Increment on distance indicator: 1.0
   Increment on tard indicator:     0.0
   Value of tmax indicator:         1.0

Task for patient = 131 with skills = {2,4} and cost = 634.7
   Vehicle #0 = 17, leaving at = 1094.0
   Vehicle #1 = 46, leaving at = 1097.0
   Increment on distance indicator: 5.0
   Increment on tard indicator:     0.0
   Value of tmax indicator:         5.0

Task for patient = 283 with skills = {1,-1} and cost = 633.0
   Vehicle #0 = 0, leaving at = 1054.0
   Vehicle #1 = -1, leaving at = inf
   Increment on distance indicator: 4.0
   Increment on tard indicator:     0.0
   Value of tmax indicator:         4.0

Task for patient = 101 with skills = {2,5} and cost = 631.7
   Vehicle #0 = 9, leaving at = 979.0
   Vehicle #1 = 31, leaving at = 989.0
   Increment on distance indicator: 10.0
   Increment on tard indicator:     0.0
   Value of tmax indicator:         10.0

Task for patient = 74 with skills = {4,-1} and cost = 628.3
   Vehicle #0 = 35, leaving at = 984.0
   Vehicle #1 = -1, leaving at = inf
   Increment on distance indicator: 9.0
   Increment on tard indicator:     0.0
   Value of tmax indicator:         9.0

Task for patient = 260 with skills = {2,-1} and cost = 625.3
   Vehicle #0 = 2, leaving at = 997.0
   Vehicle #1 = -1, leaving at = inf
   Increment on distance indicator: 2.0
   Increment on tard indicator:     0.0
   Value of tmax indicator:         2.0

Task for patient = 140 with skills = {1,3} and cost = 624.7
   Vehicle #0 = 20, leaving at = 994.0
   Vehicle #1 = 30, leaving at = 998.0
   Increment on distance indicator: 8.0
   Increment on tard indicator:     0.0
   Value of tmax indicator:         8.0

Task for patient = 82 with skills = {0,4} and cost = 622.0
   Vehicle #0 = 8, leaving at = 911.0
   Vehicle #1 = 35, leaving at = 920.0
   Increment on distance indicator: 14.0
   Increment on tard indicator:     0.0
   Value of tmax indicator:         14.0

Task for patient = 233 with skills = {0,4} and cost = 539.3
   Vehicle #0 = 20, leaving at = 936.0
   Vehicle #1 = 45, leaving at = 954.0
   Increment on distance indicator: 5.0
   Increment on tard indicator:     0.0
   Value of tmax indicator:         5.0

Task for patient = 276 with skills = {2,5} and cost = 616.7
   Vehicle #0 = 0, leaving at = 992.0
   Vehicle #1 = 40, leaving at = 1008.0
   Increment on distance indicator: 9.0
   Increment on tard indicator:     0.0
   Value of tmax indicator:         9.0

Task for patient = 229 with skills = {1,-1} and cost = 613.7
   Vehicle #0 = 17, leaving at = 1050.0
   Vehicle #1 = -1, leaving at = inf
   Increment on distance indicator: 5.0
   Increment on tard indicator:     0.0
   Value of tmax indicator:         5.0

Task for patient = 71 with skills = {2,-1} and cost = 612.0
   Vehicle #0 = 1, leaving at = 1030.0
   Vehicle #1 = -1, leaving at = inf
   Increment on distance indicator: 3.0
   Increment on tard indicator:     0.0
   Value of tmax indicator:         3.0

Task for patient = 24 with skills = {2,-1} and cost = 611.0
   Vehicle #0 = 5, leaving at = 1079.0
   Vehicle #1 = -1, leaving at = inf
   Increment on distance indicator: 3.0
   Increment on tard indicator:     0.0
   Value of tmax indicator:         3.0

Task for patient = 36 with skills = {0,3} and cost = 610.0
   Vehicle #0 = 10, leaving at = 935.0
   Vehicle #1 = 41, leaving at = 937.0
   Increment on distance indicator: 6.0
   Increment on tard indicator:     0.0
   Value of tmax indicator:         6.0

Task for patient = 122 with skills = {5,-1} and cost = 608.0
   Vehicle #0 = 36, leaving at = 1040.0
   Vehicle #1 = -1, leaving at = inf
   Increment on distance indicator: 2.0
   Increment on tard indicator:     0.0
   Value of tmax indicator:         2.0

Task for patient = 107 with skills = {5,-1} and cost = 607.3
   Vehicle #0 = 50, leaving at = 879.0
   Vehicle #1 = -1, leaving at = inf
   Increment on distance indicator: 5.0
   Increment on tard indicator:     0.0
   Value of tmax indicator:         5.0

Task for patient = 184 with skills = {0,5} and cost = 605.7
   Vehicle #0 = 13, leaving at = 909.0
   Vehicle #1 = 31, leaving at = 950.0
   Increment on distance indicator: 11.0
   Increment on tard indicator:     0.0
   Value of tmax indicator:         11.0

Task for patient = 56 with skills = {0,3} and cost = 617.3
   Vehicle #0 = 7, leaving at = 1019.0
   Vehicle #1 = 39, leaving at = 1046.0
   Increment on distance indicator: 2.0
   Increment on tard indicator:     0.0
   Value of tmax indicator:         2.0

Task for patient = 274 with skills = {2,5} and cost = 667.3
   Vehicle #0 = 9, leaving at = 1063.0
   Vehicle #1 = 43, leaving at = 1083.0
   Increment on distance indicator: 5.0
   Increment on tard indicator:     0.0
   Value of tmax indicator:         5.0

Task for patient = 110 with skills = {3,-1} and cost = 665.7
   Vehicle #0 = 41, leaving at = 961.0
   Vehicle #1 = -1, leaving at = inf
   Increment on distance indicator: 3.0
   Increment on tard indicator:     0.0
   Value of tmax indicator:         3.0

Task for patient = 198 with skills = {0,5} and cost = 664.7
   Vehicle #0 = 8, leaving at = 986.0
   Vehicle #1 = 49, leaving at = 1027.0
   Increment on distance indicator: 12.0
   Increment on tard indicator:     0.0
   Value of tmax indicator:         12.0

Task for patient = 300 with skills = {0,-1} and cost = 660.7
   Vehicle #0 = 0, leaving at = 1096.0
   Vehicle #1 = -1, leaving at = inf
   Increment on distance indicator: 4.0
   Increment on tard indicator:     0.0
   Value of tmax indicator:         4.0

Task for patient = 64 with skills = {0,-1} and cost = 659.3
   Vehicle #0 = 10, leaving at = 1018.0
   Vehicle #1 = -1, leaving at = inf
   Increment on distance indicator: 5.0
   Increment on tard indicator:     0.0
   Value of tmax indicator:         5.0

Task for patient = 3 with skills = {0,-1} and cost = 657.7
   Vehicle #0 = 27, leaving at = 987.0
   Vehicle #1 = -1, leaving at = inf
   Increment on distance indicator: 6.0
   Increment on tard indicator:     0.0
   Value of tmax indicator:         6.0

Task for patient = 85 with skills = {2,3} and cost = 655.7
   Vehicle #0 = 12, leaving at = 988.0
   Vehicle #1 = 50, leaving at = 1027.0
   Increment on distance indicator: 9.0
   Increment on tard indicator:     0.0
   Value of tmax indicator:         9.0

Task for patient = 76 with skills = {0,3} and cost = 652.7
   Vehicle #0 = 13, leaving at = 1012.0
   Vehicle #1 = 45, leaving at = 985.0
   Increment on distance indicator: 7.0
   Increment on tard indicator:     0.0
   Value of tmax indicator:         7.0

Task for patient = 5 with skills = {0,4} and cost = 637.0
   Vehicle #0 = 21, leaving at = 1079.0
   Vehicle #1 = 52, leaving at = 1092.0
   Increment on distance indicator: 6.0
   Increment on tard indicator:     0.0
   Value of tmax indicator:         6.0

Task for patient = 267 with skills = {0,4} and cost = 649.7
   Vehicle #0 = 22, leaving at = 944.0
   Vehicle #1 = 51, leaving at = 929.0
   Increment on distance indicator: 9.0
   Increment on tard indicator:     0.0
   Value of tmax indicator:         9.0

Task for patient = 123 with skills = {2,-1} and cost = 646.7
   Vehicle #0 = 11, leaving at = 993.0
   Vehicle #1 = -1, leaving at = inf
   Increment on distance indicator: 3.0
   Increment on tard indicator:     0.0
   Value of tmax indicator:         3.0

Task for patient = 284 with skills = {2,-1} and cost = 645.7
   Vehicle #0 = 14, leaving at = 933.0
   Vehicle #1 = -1, leaving at = inf
   Increment on distance indicator: 4.0
   Increment on tard indicator:     0.0
   Value of tmax indicator:         4.0

Task for patient = 141 with skills = {2,-1} and cost = 644.3
   Vehicle #0 = 24, leaving at = 912.0
   Vehicle #1 = -1, leaving at = inf
   Increment on distance indicator: 2.0
   Increment on tard indicator:     0.0
   Value of tmax indicator:         2.0

Task for patient = 149 with skills = {2,-1} and cost = 643.7
   Vehicle #0 = 24, leaving at = 895.0
   Vehicle #1 = -1, leaving at = inf
   Increment on distance indicator: 3.0
   Increment on tard indicator:     0.0
   Value of tmax indicator:         3.0

Task for patient = 23 with skills = {2,-1} and cost = 642.7
   Vehicle #0 = 2, leaving at = 1018.0
   Vehicle #1 = -1, leaving at = inf
   Increment on distance indicator: 6.0
   Increment on tard indicator:     0.0
   Value of tmax indicator:         6.0

Task for patient = 281 with skills = {1,-1} and cost = 640.7
   Vehicle #0 = 19, leaving at = 991.0
   Vehicle #1 = -1, leaving at = inf
   Increment on distance indicator: 3.0
   Increment on tard indicator:     0.0
   Value of tmax indicator:         3.0

Task for patient = 265 with skills = {0,5} and cost = 639.7
   Vehicle #0 = 10, leaving at = 970.0
   Vehicle #1 = 49, leaving at = 972.0
   Increment on distance indicator: 7.0
   Increment on tard indicator:     0.0
   Value of tmax indicator:         7.0

Task for patient = 241 with skills = {4,-1} and cost = 637.3
   Vehicle #0 = 50, leaving at = 972.0
   Vehicle #1 = -1, leaving at = inf
   Increment on distance indicator: 1.0
   Increment on tard indicator:     0.0
   Value of tmax indicator:         1.0

Task for patient = 14 with skills = {3,-1} and cost = 650.3
   Vehicle #0 = 34, leaving at = 1035.0
   Vehicle #1 = -1, leaving at = inf
   Increment on distance indicator: 2.0
   Increment on tard indicator:     0.0
   Value of tmax indicator:         2.0

Task for patient = 218 with skills = {2,-1} and cost = 570.0
   Vehicle #0 = 4, leaving at = 841.0
   Vehicle #1 = -1, leaving at = inf
   Increment on distance indicator: 6.0
   Increment on tard indicator:     0.0
   Value of tmax indicator:         6.0

Task for patient = 62 with skills = {1,4} and cost = 568.0
   Vehicle #0 = 18, leaving at = 1036.0
   Vehicle #1 = 38, leaving at = 1047.0
   Increment on distance indicator: 7.0
   Increment on tard indicator:     0.0
   Value of tmax indicator:         7.0

Task for patient = 22 with skills = {5,-1} and cost = 565.7
   Vehicle #0 = 49, leaving at = 814.0
   Vehicle #1 = -1, leaving at = inf
   Increment on distance indicator: 4.0
   Increment on tard indicator:     0.0
   Value of tmax indicator:         4.0

Task for patient = 127 with skills = {4,-1} and cost = 564.3
   Vehicle #0 = 44, leaving at = 987.0
   Vehicle #1 = -1, leaving at = inf
   Increment on distance indicator: 2.0
   Increment on tard indicator:     0.0
   Value of tmax indicator:         2.0

Task for patient = 11 with skills = {2,-1} and cost = 563.7
   Vehicle #0 = 2, leaving at = 884.0
   Vehicle #1 = -1, leaving at = inf
   Increment on distance indicator: 1.0
   Increment on tard indicator:     0.0
   Value of tmax indicator:         1.0

Task for patient = 19 with skills = {1,4} and cost = 563.3
   Vehicle #0 = 21, leaving at = 984.0
   Vehicle #1 = 52, leaving at = 960.0
   Increment on distance indicator: 10.0
   Increment on tard indicator:     0.0
   Value of tmax indicator:         10.0

Task for patient = 289 with skills = {1,5} and cost = 560.0
   Vehicle #0 = 11, leaving at = 970.0
   Vehicle #1 = 53, leaving at = 982.0
   Increment on distance indicator: 10.0
   Increment on tard indicator:     0.0
   Value of tmax indicator:         10.0

Task for patient = 174 with skills = {2,-1} and cost = 556.7
   Vehicle #0 = 2, leaving at = 844.0
   Vehicle #1 = -1, leaving at = inf
   Increment on distance indicator: 5.0
   Increment on tard indicator:     0.0
   Value of tmax indicator:         5.0

Task for patient = 97 with skills = {3,-1} and cost = 602.0
   Vehicle #0 = 39, leaving at = 995.0
   Vehicle #1 = -1, leaving at = inf
   Increment on distance indicator: 4.0
   Increment on tard indicator:     0.0
   Value of tmax indicator:         4.0

Task for patient = 249 with skills = {4,-1} and cost = 554.7
   Vehicle #0 = 38, leaving at = 1007.0
   Vehicle #1 = -1, leaving at = inf
   Increment on distance indicator: 3.0
   Increment on tard indicator:     0.0
   Value of tmax indicator:         3.0

Task for patient = 186 with skills = {2,4} and cost = 553.7
   Vehicle #0 = 11, leaving at = 897.0
   Vehicle #1 = 52, leaving at = 940.0
   Increment on distance indicator: 5.0
   Increment on tard indicator:     0.0
   Value of tmax indicator:         5.0

Task for patient = 46 with skills = {1,5} and cost = 552.0
   Vehicle #0 = 15, leaving at = 924.0
   Vehicle #1 = 47, leaving at = 923.0
   Increment on distance indicator: 9.0
   Increment on tard indicator:     0.0
   Value of tmax indicator:         9.0

Task for patient = 215 with skills = {5,-1} and cost = 549.0
   Vehicle #0 = 36, leaving at = 1004.0
   Vehicle #1 = -1, leaving at = inf
   Increment on distance indicator: 4.0
   Increment on tard indicator:     0.0
   Value of tmax indicator:         4.0

Task for patient = 299 with skills = {1,-1} and cost = 547.7
   Vehicle #0 = 16, leaving at = 858.0
   Vehicle #1 = -1, leaving at = inf
   Increment on distance indicator: 5.0
   Increment on tard indicator:     0.0
   Value of tmax indicator:         5.0

Task for patient = 199 with skills = {2,5} and cost = 546.0
   Vehicle #0 = 14, leaving at = 894.0
   Vehicle #1 = 34, leaving at = 884.0
   Increment on distance indicator: 5.0
   Increment on tard indicator:     0.0
   Value of tmax indicator:         5.0

Task for patient = 4 with skills = {0,-1} and cost = 544.3
   Vehicle #0 = 25, leaving at = 888.0
   Vehicle #1 = -1, leaving at = inf
   Increment on distance indicator: 1.0
   Increment on tard indicator:     0.0
   Value of tmax indicator:         1.0

Task for patient = 124 with skills = {2,5} and cost = 544.0
   Vehicle #0 = 3, leaving at = 944.0
   Vehicle #1 = 44, leaving at = 940.0
   Increment on distance indicator: 6.0
   Increment on tard indicator:     0.0
   Value of tmax indicator:         6.0

Task for patient = 178 with skills = {5,-1} and cost = 542.0
   Vehicle #0 = 32, leaving at = 1005.0
   Vehicle #1 = -1, leaving at = inf
   Increment on distance indicator: 8.0
   Increment on tard indicator:     0.0
   Value of tmax indicator:         8.0

Task for patient = 7 with skills = {5,-1} and cost = 555.0
   Vehicle #0 = 43, leaving at = 1023.0
   Vehicle #1 = -1, leaving at = inf
   Increment on distance indicator: 1.0
   Increment on tard indicator:     0.0
   Value of tmax indicator:         1.0

Task for patient = 80 with skills = {5,-1} and cost = 600.7
   Vehicle #0 = 40, leaving at = 953.0
   Vehicle #1 = -1, leaving at = inf
   Increment on distance indicator: 4.0
   Increment on tard indicator:     0.0
   Value of tmax indicator:         4.0

Task for patient = 143 with skills = {0,-1} and cost = 599.3
   Vehicle #0 = 7, leaving at = 989.0
   Vehicle #1 = -1, leaving at = inf
   Increment on distance indicator: 2.0
   Increment on tard indicator:     0.0
   Value of tmax indicator:         2.0

Task for patient = 25 with skills = {1,3} and cost = 598.7
   Vehicle #0 = 25, leaving at = 969.0
   Vehicle #1 = 39, leaving at = 970.0
   Increment on distance indicator: 4.0
   Increment on tard indicator:     0.0
   Value of tmax indicator:         4.0

Task for patient = 182 with skills = {0,-1} and cost = 597.3
   Vehicle #0 = 10, leaving at = 894.0
   Vehicle #1 = -1, leaving at = inf
   Increment on distance indicator: 5.0
   Increment on tard indicator:     0.0
   Value of tmax indicator:         5.0

Task for patient = 39 with skills = {0,3} and cost = 595.7
   Vehicle #0 = 7, leaving at = 927.0
   Vehicle #1 = 39, leaving at = 925.0
   Increment on distance indicator: 5.0
   Increment on tard indicator:     0.0
   Value of tmax indicator:         5.0

Task for patient = 291 with skills = {5,-1} and cost = 594.0
   Vehicle #0 = 34, leaving at = 984.0
   Vehicle #1 = -1, leaving at = inf
   Increment on distance indicator: 4.0
   Increment on tard indicator:     0.0
   Value of tmax indicator:         4.0

Task for patient = 43 with skills = {5,-1} and cost = 592.7
   Vehicle #0 = 44, leaving at = 1088.0
   Vehicle #1 = -1, leaving at = inf
   Increment on distance indicator: 9.0
   Increment on tard indicator:     0.0
   Value of tmax indicator:         9.0

Task for patient = 280 with skills = {4,-1} and cost = 589.7
   Vehicle #0 = 44, leaving at = 1033.0
   Vehicle #1 = -1, leaving at = inf
   Increment on distance indicator: 3.0
   Increment on tard indicator:     0.0
   Value of tmax indicator:         3.0

Task for patient = 109 with skills = {0,-1} and cost = 572.0
   Vehicle #0 = 23, leaving at = 887.0
   Vehicle #1 = -1, leaving at = inf
   Increment on distance indicator: 6.0
   Increment on tard indicator:     0.0
   Value of tmax indicator:         6.0

Task for patient = 189 with skills = {2,-1} and cost = 585.7
   Vehicle #0 = 3, leaving at = 1010.0
   Vehicle #1 = -1, leaving at = inf
   Increment on distance indicator: 7.0
   Increment on tard indicator:     0.0
   Value of tmax indicator:         7.0

Task for patient = 12 with skills = {5,-1} and cost = 583.3
   Vehicle #0 = 33, leaving at = 947.0
   Vehicle #1 = -1, leaving at = inf
   Increment on distance indicator: 12.0
   Increment on tard indicator:     0.0
   Value of tmax indicator:         12.0

Task for patient = 6 with skills = {5,-1} and cost = 579.3
   Vehicle #0 = 40, leaving at = 931.0
   Vehicle #1 = -1, leaving at = inf
   Increment on distance indicator: 5.0
   Increment on tard indicator:     0.0
   Value of tmax indicator:         5.0

Task for patient = 259 with skills = {2,4} and cost = 577.7
   Vehicle #0 = 21, leaving at = 1037.0
   Vehicle #1 = 52, leaving at = 1042.0
   Increment on distance indicator: 2.0
   Increment on tard indicator:     0.0
   Value of tmax indicator:         2.0

Task for patient = 163 with skills = {5,-1} and cost = 577.0
   Vehicle #0 = 34, leaving at = 932.0
   Vehicle #1 = -1, leaving at = inf
   Increment on distance indicator: 3.0
   Increment on tard indicator:     0.0
   Value of tmax indicator:         3.0

Task for patient = 172 with skills = {0,-1} and cost = 576.0
   Vehicle #0 = 13, leaving at = 888.0
   Vehicle #1 = -1, leaving at = inf
   Increment on distance indicator: 4.0
   Increment on tard indicator:     0.0
   Value of tmax indicator:         4.0

Task for patient = 10 with skills = {5,-1} and cost = 574.7
   Vehicle #0 = 40, leaving at = 871.0
   Vehicle #1 = -1, leaving at = inf
   Increment on distance indicator: 3.0
   Increment on tard indicator:     0.0
   Value of tmax indicator:         3.0

Task for patient = 157 with skills = {2,-1} and cost = 573.7
   Vehicle #0 = 4, leaving at = 974.0
   Vehicle #1 = -1, leaving at = inf
   Increment on distance indicator: 3.0
   Increment on tard indicator:     0.0
   Value of tmax indicator:         3.0

Task for patient = 217 with skills = {1,-1} and cost = 572.7
   Vehicle #0 = 25, leaving at = 937.0
   Vehicle #1 = -1, leaving at = inf
   Increment on distance indicator: 2.0
   Increment on tard indicator:     0.0
   Value of tmax indicator:         2.0

Task for patient = 138 with skills = {5,-1} and cost = 588.7
   Vehicle #0 = 31, leaving at = 877.0
   Vehicle #1 = -1, leaving at = inf
   Increment on distance indicator: 9.0
   Increment on tard indicator:     0.0
   Value of tmax indicator:         9.0

Task for patient = 257 with skills = {1,5} and cost = 215.7
   Vehicle #0 = 17, leaving at = 603.0
   Vehicle #1 = 46, leaving at = 617.0
   Increment on distance indicator: 22.0
   Increment on tard indicator:     0.0
   Value of tmax indicator:         22.0

Task for patient = 176 with skills = {5,-1} and cost = 208.3
   Vehicle #0 = 36, leaving at = 709.0
   Vehicle #1 = -1, leaving at = inf
   Increment on distance indicator: 7.0
   Increment on tard indicator:     0.0
   Value of tmax indicator:         7.0

Task for patient = 293 with skills = {3,-1} and cost = 206.0
   Vehicle #0 = 39, leaving at = 819.0
   Vehicle #1 = -1, leaving at = inf
   Increment on distance indicator: 2.0
   Increment on tard indicator:     0.0
   Value of tmax indicator:         2.0

Task for patient = 116 with skills = {0,3} and cost = 205.3
   Vehicle #0 = 7, leaving at = 760.0
   Vehicle #1 = 38, leaving at = 761.0
   Increment on distance indicator: 22.0
   Increment on tard indicator:     0.0
   Value of tmax indicator:         22.0

Task for patient = 247 with skills = {0,-1} and cost = 198.0
   Vehicle #0 = 10, leaving at = 590.0
   Vehicle #1 = -1, leaving at = inf
   Increment on distance indicator: 3.0
   Increment on tard indicator:     0.0
   Value of tmax indicator:         3.0

Task for patient = 108 with skills = {0,-1} and cost = 197.0
   Vehicle #0 = 10, leaving at = 549.0
   Vehicle #1 = -1, leaving at = inf
   Increment on distance indicator: 10.0
   Increment on tard indicator:     0.0
   Value of tmax indicator:         10.0

Task for patient = 130 with skills = {3,-1} and cost = 193.7
   Vehicle #0 = 39, leaving at = 778.0
   Vehicle #1 = -1, leaving at = inf
   Increment on distance indicator: 2.0
   Increment on tard indicator:     0.0
   Value of tmax indicator:         2.0

Task for patient = 206 with skills = {3,-1} and cost = 193.0
   Vehicle #0 = 43, leaving at = 635.0
   Vehicle #1 = -1, leaving at = inf
   Increment on distance indicator: 17.0
   Increment on tard indicator:     0.0
   Value of tmax indicator:         17.0

Task for patient = 221 with skills = {5,-1} and cost = 425.0
   Vehicle #0 = 47, leaving at = 852.0
   Vehicle #1 = -1, leaving at = inf
   Increment on distance indicator: 3.0
   Increment on tard indicator:     0.0
   Value of tmax indicator:         3.0

Task for patient = 203 with skills = {2,-1} and cost = 183.3
   Vehicle #0 = 16, leaving at = 697.0
   Vehicle #1 = -1, leaving at = inf
   Increment on distance indicator: 3.0
   Increment on tard indicator:     0.0
   Value of tmax indicator:         3.0

Task for patient = 212 with skills = {3,-1} and cost = 182.3
   Vehicle #0 = 34, leaving at = 738.0
   Vehicle #1 = -1, leaving at = inf
   Increment on distance indicator: 2.0
   Increment on tard indicator:     0.0
   Value of tmax indicator:         2.0

Task for patient = 119 with skills = {2,-1} and cost = 181.7
   Vehicle #0 = 1, leaving at = 649.0
   Vehicle #1 = -1, leaving at = inf
   Increment on distance indicator: 6.0
   Increment on tard indicator:     0.0
   Value of tmax indicator:         6.0

Task for patient = 192 with skills = {5,-1} and cost = 179.7
   Vehicle #0 = 36, leaving at = 673.0
   Vehicle #1 = -1, leaving at = inf
   Increment on distance indicator: 5.0
   Increment on tard indicator:     0.0
   Value of tmax indicator:         5.0

Task for patient = 121 with skills = {2,-1} and cost = 178.0
   Vehicle #0 = 2, leaving at = 589.0
   Vehicle #1 = -1, leaving at = inf
   Increment on distance indicator: 13.0
   Increment on tard indicator:     0.0
   Value of tmax indicator:         13.0

Task for patient = 155 with skills = {2,4} and cost = 173.7
   Vehicle #0 = 6, leaving at = 615.0
   Vehicle #1 = 44, leaving at = 626.0
   Increment on distance indicator: 26.0
   Increment on tard indicator:     0.0
   Value of tmax indicator:         26.0

Task for patient = 70 with skills = {5,-1} and cost = 165.0
   Vehicle #0 = 37, leaving at = 588.0
   Vehicle #1 = -1, leaving at = inf
   Increment on distance indicator: 16.0
   Increment on tard indicator:     0.0
   Value of tmax indicator:         16.0

Task for patient = 104 with skills = {2,4} and cost = 159.7
   Vehicle #0 = 16, leaving at = 608.0
   Vehicle #1 = 40, leaving at = 577.0
   Increment on distance indicator: 21.0
   Increment on tard indicator:     0.0
   Value of tmax indicator:         21.0

Task for patient = 271 with skills = {3,-1} and cost = 187.3
   Vehicle #0 = 41, leaving at = 580.0
   Vehicle #1 = -1, leaving at = inf
   Increment on distance indicator: 12.0
   Increment on tard indicator:     0.0
   Value of tmax indicator:         12.0

Task for patient = 216 with skills = {0,-1} and cost = 273.7
   Vehicle #0 = 19, leaving at = 549.0
   Vehicle #1 = -1, leaving at = inf
   Increment on distance indicator: 13.0
   Increment on tard indicator:     0.0
   Value of tmax indicator:         13.0

Task for patient = 244 with skills = {2,-1} and cost = 269.3
   Vehicle #0 = 1, leaving at = 750.0
   Vehicle #1 = -1, leaving at = inf
   Increment on distance indicator: 4.0
   Increment on tard indicator:     0.0
   Value of tmax indicator:         4.0

Task for patient = 54 with skills = {2,-1} and cost = 268.0
   Vehicle #0 = 1, leaving at = 710.0
   Vehicle #1 = -1, leaving at = inf
   Increment on distance indicator: 4.0
   Increment on tard indicator:     0.0
   Value of tmax indicator:         4.0

Task for patient = 169 with skills = {0,-1} and cost = 266.7
   Vehicle #0 = 13, leaving at = 662.0
   Vehicle #1 = -1, leaving at = inf
   Increment on distance indicator: 5.0
   Increment on tard indicator:     0.0
   Value of tmax indicator:         5.0

Task for patient = 295 with skills = {4,-1} and cost = 265.0
   Vehicle #0 = 47, leaving at = 642.0
   Vehicle #1 = -1, leaving at = inf
   Increment on distance indicator: 6.0
   Increment on tard indicator:     0.0
   Value of tmax indicator:         6.0

Task for patient = 96 with skills = {1,-1} and cost = 263.0
   Vehicle #0 = 5, leaving at = 976.0
   Vehicle #1 = -1, leaving at = inf
   Increment on distance indicator: 3.0
   Increment on tard indicator:     0.0
   Value of tmax indicator:         3.0

Task for patient = 173 with skills = {1,-1} and cost = 262.0
   Vehicle #0 = 5, leaving at = 929.0
   Vehicle #1 = -1, leaving at = inf
   Increment on distance indicator: 4.0
   Increment on tard indicator:     0.0
   Value of tmax indicator:         4.0

Task for patient = 232 with skills = {0,3} and cost = 260.7
   Vehicle #0 = 13, leaving at = 612.0
   Vehicle #1 = 48, leaving at = 605.0
   Increment on distance indicator: 21.0
   Increment on tard indicator:     0.0
   Value of tmax indicator:         21.0

Task for patient = 118 with skills = {1,3} and cost = 218.3
   Vehicle #0 = 15, leaving at = 835.0
   Vehicle #1 = 32, leaving at = 831.0
   Increment on distance indicator: 8.0
   Increment on tard indicator:     0.0
   Value of tmax indicator:         8.0

Task for patient = 170 with skills = {0,-1} and cost = 253.0
   Vehicle #0 = 7, leaving at = 822.0
   Vehicle #1 = -1, leaving at = inf
   Increment on distance indicator: 4.0
   Increment on tard indicator:     0.0
   Value of tmax indicator:         4.0

Task for patient = 129 with skills = {4,-1} and cost = 251.7
   Vehicle #0 = 47, leaving at = 594.0
   Vehicle #1 = -1, leaving at = inf
   Increment on distance indicator: 10.0
   Increment on tard indicator:     0.0
   Value of tmax indicator:         10.0

Task for patient = 18 with skills = {2,5} and cost = 248.3
   Vehicle #0 = 5, leaving at = 898.0
   Vehicle #1 = 32, leaving at = 914.0
   Increment on distance indicator: 4.0
   Increment on tard indicator:     0.0
   Value of tmax indicator:         4.0

Task for patient = 20 with skills = {2,3} and cost = 247.0
   Vehicle #0 = 9, leaving at = 567.0
   Vehicle #1 = 48, leaving at = 551.0
   Increment on distance indicator: 32.0
   Increment on tard indicator:     0.0
   Value of tmax indicator:         32.0

Task for patient = 48 with skills = {2,3} and cost = 236.3
   Vehicle #0 = 2, leaving at = 649.0
   Vehicle #1 = 41, leaving at = 648.0
   Increment on distance indicator: 11.0
   Increment on tard indicator:     0.0
   Value of tmax indicator:         11.0

Task for patient = 61 with skills = {4,-1} and cost = 232.7
   Vehicle #0 = 45, leaving at = 709.0
   Vehicle #1 = -1, leaving at = inf
   Increment on distance indicator: 2.0
   Increment on tard indicator:     0.0
   Value of tmax indicator:         2.0

Task for patient = 105 with skills = {1,5} and cost = 232.0
   Vehicle #0 = 18, leaving at = 819.0
   Vehicle #1 = 38, leaving at = 800.0
   Increment on distance indicator: 16.0
   Increment on tard indicator:     0.0
   Value of tmax indicator:         16.0

Task for patient = 222 with skills = {3,-1} and cost = 226.7
   Vehicle #0 = 45, leaving at = 531.0
   Vehicle #1 = -1, leaving at = inf
   Increment on distance indicator: 16.0
   Increment on tard indicator:     0.0
   Value of tmax indicator:         16.0

Task for patient = 134 with skills = {1,4} and cost = 221.3
   Vehicle #0 = 16, leaving at = 749.0
   Vehicle #1 = 40, leaving at = 753.0
   Increment on distance indicator: 9.0
   Increment on tard indicator:     0.0
   Value of tmax indicator:         9.0

Task for patient = 152 with skills = {5,-1} and cost = 253.7
   Vehicle #0 = 36, leaving at = 765.0
   Vehicle #1 = -1, leaving at = inf
   Increment on distance indicator: 2.0
   Increment on tard indicator:     0.0
   Value of tmax indicator:         2.0

Task for patient = 100 with skills = {1,-1} and cost = 89.0
   Vehicle #0 = 4, leaving at = 728.0
   Vehicle #1 = -1, leaving at = inf
   Increment on distance indicator: 5.0
   Increment on tard indicator:     0.0
   Value of tmax indicator:         5.0

Task for patient = 262 with skills = {1,-1} and cost = 87.3
   Vehicle #0 = 0, leaving at = 776.0
   Vehicle #1 = -1, leaving at = inf
   Increment on distance indicator: 2.0
   Increment on tard indicator:     0.0
   Value of tmax indicator:         2.0

Task for patient = 50 with skills = {1,-1} and cost = 86.7
   Vehicle #0 = 0, leaving at = 745.0
   Vehicle #1 = -1, leaving at = inf
   Increment on distance indicator: 6.0
   Increment on tard indicator:     0.0
   Value of tmax indicator:         6.0

Task for patient = 44 with skills = {2,4} and cost = 84.7
   Vehicle #0 = 1, leaving at = 575.0
   Vehicle #1 = 38, leaving at = 600.0
   Increment on distance indicator: 6.0
   Increment on tard indicator:     0.0
   Value of tmax indicator:         6.0

Task for patient = 135 with skills = {2,-1} and cost = 82.7
   Vehicle #0 = 4, leaving at = 697.0
   Vehicle #1 = -1, leaving at = inf
   Increment on distance indicator: 4.0
   Increment on tard indicator:     0.0
   Value of tmax indicator:         4.0

Task for patient = 68 with skills = {2,3} and cost = 81.3
   Vehicle #0 = 1, leaving at = 545.0
   Vehicle #1 = 38, leaving at = 566.0
   Increment on distance indicator: 28.0
   Increment on tard indicator:     0.0
   Value of tmax indicator:         28.0

Task for patient = 253 with skills = {1,5} and cost = 72.0
   Vehicle #0 = 5, leaving at = 807.0
   Vehicle #1 = 32, leaving at = 807.0
   Increment on distance indicator: 8.0
   Increment on tard indicator:     0.0
   Value of tmax indicator:         8.0

Task for patient = 197 with skills = {2,3} and cost = 69.3
   Vehicle #0 = 4, leaving at = 611.0
   Vehicle #1 = 34, leaving at = 619.0
   Increment on distance indicator: 18.0
   Increment on tard indicator:     0.0
   Value of tmax indicator:         18.0

Task for patient = 55 with skills = {1,-1} and cost = 152.7
   Vehicle #0 = 3, leaving at = 763.0
   Vehicle #1 = -1, leaving at = inf
   Increment on distance indicator: 3.0
   Increment on tard indicator:     0.0
   Value of tmax indicator:         3.0

Task for patient = 190 with skills = {1,3} and cost = 61.3
   Vehicle #0 = 0, leaving at = 719.0
   Vehicle #1 = 30, leaving at = 772.0
   Increment on distance indicator: 17.0
   Increment on tard indicator:     0.0
   Value of tmax indicator:         17.0

Task for patient = 209 with skills = {1,3} and cost = 55.7
   Vehicle #0 = 5, leaving at = 760.0
   Vehicle #1 = 32, leaving at = 733.0
   Increment on distance indicator: 17.0
   Increment on tard indicator:     0.0
   Value of tmax indicator:         17.0

Task for patient = 65 with skills = {1,-1} and cost = 50.0
   Vehicle #0 = 0, leaving at = 689.0
   Vehicle #1 = -1, leaving at = inf
   Increment on distance indicator: 6.0
   Increment on tard indicator:     0.0
   Value of tmax indicator:         6.0

Task for patient = 60 with skills = {3,-1} and cost = 48.0
   Vehicle #0 = 32, leaving at = 680.0
   Vehicle #1 = -1, leaving at = inf
   Increment on distance indicator: 11.0
   Increment on tard indicator:     0.0
   Value of tmax indicator:         11.0

Task for patient = 92 with skills = {1,4} and cost = 44.3
   Vehicle #0 = 4, leaving at = 530.0
   Vehicle #1 = 35, leaving at = 560.0
   Increment on distance indicator: 32.0
   Increment on tard indicator:     0.0
   Value of tmax indicator:         32.0

Task for patient = 252 with skills = {0,5} and cost = 33.7
   Vehicle #0 = 3, leaving at = 738.0
   Vehicle #1 = 33, leaving at = 772.0
   Increment on distance indicator: 30.0
   Increment on tard indicator:     0.0
   Value of tmax indicator:         30.0

Task for patient = 120 with skills = {4,-1} and cost = 23.7
   Vehicle #0 = 33, leaving at = 667.0
   Vehicle #1 = -1, leaving at = inf
   Increment on distance indicator: 20.0
   Increment on tard indicator:     0.0
   Value of tmax indicator:         20.0

Task for patient = 268 with skills = {0,3} and cost = 17.0
   Vehicle #0 = 0, leaving at = 640.0
   Vehicle #1 = 30, leaving at = 659.0
   Increment on distance indicator: 38.0
   Increment on tard indicator:     0.0
   Value of tmax indicator:         38.0

Task for patient = 38 with skills = {5,-1} and cost = 4.3
   Vehicle #0 = 31, leaving at = 541.0
   Vehicle #1 = -1, leaving at = inf
   Increment on distance indicator: 13.0
   Increment on tard indicator:     0.0
   Value of tmax indicator:         13.0

Task for patient = 237 with skills = {4,-1} and cost = 63.3
   Vehicle #0 = 35, leaving at = 620.0
   Vehicle #1 = -1, leaving at = inf
   Increment on distance indicator: 6.0
   Increment on tard indicator:     0.0
   Value of tmax indicator:         6.0

Task for patient = 93 with skills = {1,3} and cost = 151.7
   Vehicle #0 = 11, leaving at = 697.0
   Vehicle #1 = 34, leaving at = 683.0
   Increment on distance indicator: 8.0
   Increment on tard indicator:     0.0
   Value of tmax indicator:         8.0

Task for patient = 251 with skills = {2,5} and cost = 149.0
   Vehicle #0 = 11, leaving at = 655.0
   Vehicle #1 = 34, leaving at = 637.0
   Increment on distance indicator: 3.0
   Increment on tard indicator:     0.0
   Value of tmax indicator:         3.0

Task for patient = 57 with skills = {1,3} and cost = 148.0
   Vehicle #0 = 15, leaving at = 712.0
   Vehicle #1 = 39, leaving at = 730.0
   Increment on distance indicator: 8.0
   Increment on tard indicator:     0.0
   Value of tmax indicator:         8.0

Task for patient = 15 with skills = {0,-1} and cost = 145.3
   Vehicle #0 = 0, leaving at = 866.0
   Vehicle #1 = -1, leaving at = inf
   Increment on distance indicator: 4.0
   Increment on tard indicator:     0.0
   Value of tmax indicator:         4.0

Task for patient = 1 with skills = {0,-1} and cost = 144.0
   Vehicle #0 = 8, leaving at = 668.0
   Vehicle #1 = -1, leaving at = inf
   Increment on distance indicator: 11.0
   Increment on tard indicator:     0.0
   Value of tmax indicator:         11.0

Task for patient = 35 with skills = {1,-1} and cost = 140.3
   Vehicle #0 = 5, leaving at = 855.0
   Vehicle #1 = -1, leaving at = inf
   Increment on distance indicator: 2.0
   Increment on tard indicator:     0.0
   Value of tmax indicator:         2.0

Task for patient = 162 with skills = {1,-1} and cost = 139.7
   Vehicle #0 = 4, leaving at = 767.0
   Vehicle #1 = -1, leaving at = inf
   Increment on distance indicator: 1.0
   Increment on tard indicator:     0.0
   Value of tmax indicator:         1.0

Task for patient = 264 with skills = {1,-1} and cost = 139.3
   Vehicle #0 = 16, leaving at = 549.0
   Vehicle #1 = -1, leaving at = inf
   Increment on distance indicator: 15.0
   Increment on tard indicator:     0.0
   Value of tmax indicator:         15.0

Task for patient = 236 with skills = {5,-1} and cost = 90.7
   Vehicle #0 = 38, leaving at = 651.0
   Vehicle #1 = -1, leaving at = inf
   Increment on distance indicator: 5.0
   Increment on tard indicator:     0.0
   Value of tmax indicator:         5.0

Task for patient = 205 with skills = {0,-1} and cost = 133.7
   Vehicle #0 = 7, leaving at = 632.0
   Vehicle #1 = -1, leaving at = inf
   Increment on distance indicator: 11.0
   Increment on tard indicator:     0.0
   Value of tmax indicator:         11.0

Task for patient = 211 with skills = {0,3} and cost = 130.0
   Vehicle #0 = 6, leaving at = 570.0
   Vehicle #1 = 42, leaving at = 581.0
   Increment on distance indicator: 32.0
   Increment on tard indicator:     0.0
   Value of tmax indicator:         32.0

Task for patient = 180 with skills = {3,-1} and cost = 119.3
   Vehicle #0 = 41, leaving at = 544.0
   Vehicle #1 = -1, leaving at = inf
   Increment on distance indicator: 13.0
   Increment on tard indicator:     0.0
   Value of tmax indicator:         13.0

Task for patient = 26 with skills = {2,3} and cost = 115.0
   Vehicle #0 = 15, leaving at = 646.0
   Vehicle #1 = 39, leaving at = 635.0
   Increment on distance indicator: 17.0
   Increment on tard indicator:     0.0
   Value of tmax indicator:         17.0

Task for patient = 125 with skills = {1,5} and cost = 109.3
   Vehicle #0 = 15, leaving at = 588.0
   Vehicle #1 = 36, leaving at = 619.0
   Increment on distance indicator: 30.0
   Increment on tard indicator:     0.0
   Value of tmax indicator:         30.0

Task for patient = 234 with skills = {4,-1} and cost = 99.3
   Vehicle #0 = 38, leaving at = 708.0
   Vehicle #1 = -1, leaving at = inf
   Increment on distance indicator: 12.0
   Increment on tard indicator:     0.0
   Value of tmax indicator:         12.0

Task for patient = 126 with skills = {1,-1} and cost = 95.3
   Vehicle #0 = 0, leaving at = 807.0
   Vehicle #1 = -1, leaving at = inf
   Increment on distance indicator: 3.0
   Increment on tard indicator:     0.0
   Value of tmax indicator:         3.0

Task for patient = 230 with skills = {1,-1} and cost = 94.3
   Vehicle #0 = 11, leaving at = 593.0
   Vehicle #1 = -1, leaving at = inf
   Increment on distance indicator: 11.0
   Increment on tard indicator:     0.0
   Value of tmax indicator:         11.0

Task for patient = 13 with skills = {2,5} and cost = 90.7
   Vehicle #0 = 2, leaving at = 509.0
   Vehicle #1 = 36, leaving at = 530.0
   Increment on distance indicator: 0.0
   Increment on tard indicator:     0.0
   Value of tmax indicator:         0.0

Task for patient = 161 with skills = {1,3} and cost = 134.3
   Vehicle #0 = 15, leaving at = 672.0
   Vehicle #1 = 39, leaving at = 688.0
   Increment on distance indicator: 2.0
   Increment on tard indicator:     0.0
   Value of tmax indicator:         2.0

Task for patient = 81 with skills = {2,-1} and cost = 394.3
   Vehicle #0 = 9, leaving at = 647.0
   Vehicle #1 = -1, leaving at = inf
   Increment on distance indicator: 4.0
   Increment on tard indicator:     0.0
   Value of tmax indicator:         4.0

Task for patient = 106 with skills = {0,5} and cost = 393.0
   Vehicle #0 = 10, leaving at = 774.0
   Vehicle #1 = 49, leaving at = 792.0
   Increment on distance indicator: 2.0
   Increment on tard indicator:     0.0
   Value of tmax indicator:         2.0

Task for patient = 204 with skills = {1,4} and cost = 392.3
   Vehicle #0 = 20, leaving at = 773.0
   Vehicle #1 = 45, leaving at = 790.0
   Increment on distance indicator: 5.0
   Increment on tard indicator:     0.0
   Value of tmax indicator:         5.0

Task for patient = 214 with skills = {5,-1} and cost = 390.7
   Vehicle #0 = 46, leaving at = 809.0
   Vehicle #1 = -1, leaving at = inf
   Increment on distance indicator: 3.0
   Increment on tard indicator:     0.0
   Value of tmax indicator:         3.0

Task for patient = 160 with skills = {5,-1} and cost = 389.7
   Vehicle #0 = 31, leaving at = 574.0
   Vehicle #1 = -1, leaving at = inf
   Increment on distance indicator: 7.0
   Increment on tard indicator:     0.0
   Value of tmax indicator:         7.0

Task for patient = 273 with skills = {5,-1} and cost = 387.3
   Vehicle #0 = 53, leaving at = 582.0
   Vehicle #1 = -1, leaving at = inf
   Increment on distance indicator: 13.0
   Increment on tard indicator:     0.0
   Value of tmax indicator:         13.0

Task for patient = 159 with skills = {1,-1} and cost = 383.0
   Vehicle #0 = 22, leaving at = 787.0
   Vehicle #1 = -1, leaving at = inf
   Increment on distance indicator: 5.0
   Increment on tard indicator:     0.0
   Value of tmax indicator:         5.0

Task for patient = 202 with skills = {4,-1} and cost = 381.3
   Vehicle #0 = 51, leaving at = 596.0
   Vehicle #1 = -1, leaving at = inf
   Increment on distance indicator: 12.0
   Increment on tard indicator:     0.0
   Value of tmax indicator:         12.0

Task for patient = 111 with skills = {2,-1} and cost = 274.0
   Vehicle #0 = 2, leaving at = 673.0
   Vehicle #1 = -1, leaving at = inf
   Increment on distance indicator: 1.0
   Increment on tard indicator:     0.0
   Value of tmax indicator:         1.0

Task for patient = 168 with skills = {0,-1} and cost = 377.0
   Vehicle #0 = 17, leaving at = 822.0
   Vehicle #1 = -1, leaving at = inf
   Increment on distance indicator: 4.0
   Increment on tard indicator:     0.0
   Value of tmax indicator:         4.0

Task for patient = 112 with skills = {3,-1} and cost = 375.7
   Vehicle #0 = 38, leaving at = 845.0
   Vehicle #1 = -1, leaving at = inf
   Increment on distance indicator: 4.0
   Increment on tard indicator:     0.0
   Value of tmax indicator:         4.0

Task for patient = 167 with skills = {0,4} and cost = 374.3
   Vehicle #0 = 10, leaving at = 718.0
   Vehicle #1 = 49, leaving at = 756.0
   Increment on distance indicator: 8.0
   Increment on tard indicator:     0.0
   Value of tmax indicator:         8.0

Task for patient = 53 with skills = {1,3} and cost = 371.7
   Vehicle #0 = 25, leaving at = 664.0
   Vehicle #1 = 50, leaving at = 714.0
   Increment on distance indicator: 14.0
   Increment on tard indicator:     0.0
   Value of tmax indicator:         14.0

Task for patient = 94 with skills = {0,4} and cost = 367.0
   Vehicle #0 = 10, leaving at = 684.0
   Vehicle #1 = 49, leaving at = 692.0
   Increment on distance indicator: 5.0
   Increment on tard indicator:     0.0
   Value of tmax indicator:         5.0

Task for patient = 223 with skills = {5,-1} and cost = 365.3
   Vehicle #0 = 46, leaving at = 750.0
   Vehicle #1 = -1, leaving at = inf
   Increment on distance indicator: 4.0
   Increment on tard indicator:     0.0
   Value of tmax indicator:         4.0

Task for patient = 261 with skills = {3,-1} and cost = 364.0
   Vehicle #0 = 52, leaving at = 586.0
   Vehicle #1 = -1, leaving at = inf
   Increment on distance indicator: 9.0
   Increment on tard indicator:     0.0
   Value of tmax indicator:         9.0

Task for patient = 255 with skills = {3,-1} and cost = 361.0
   Vehicle #0 = 42, leaving at = 651.0
   Vehicle #1 = -1, leaving at = inf
   Increment on distance indicator: 4.0
   Increment on tard indicator:     0.0
   Value of tmax indicator:         4.0

Task for patient = 240 with skills = {3,-1} and cost = 377.3
   Vehicle #0 = 43, leaving at = 746.0
   Vehicle #1 = -1, leaving at = inf
   Increment on distance indicator: 1.0
   Increment on tard indicator:     0.0
   Value of tmax indicator:         1.0

Task for patient = 246 with skills = {0,-1} and cost = 424.0
   Vehicle #0 = 6, leaving at = 770.0
   Vehicle #1 = -1, leaving at = inf
   Increment on distance indicator: 7.0
   Increment on tard indicator:     0.0
   Value of tmax indicator:         7.0

Task for patient = 279 with skills = {0,-1} and cost = 421.7
   Vehicle #0 = 13, leaving at = 786.0
   Vehicle #1 = -1, leaving at = inf
   Increment on distance indicator: 4.0
   Increment on tard indicator:     0.0
   Value of tmax indicator:         4.0

Task for patient = 227 with skills = {4,-1} and cost = 420.3
   Vehicle #0 = 35, leaving at = 826.0
   Vehicle #1 = -1, leaving at = inf
   Increment on distance indicator: 5.0
   Increment on tard indicator:     0.0
   Value of tmax indicator:         5.0

Task for patient = 166 with skills = {0,-1} and cost = 418.7
   Vehicle #0 = 20, leaving at = 803.0
   Vehicle #1 = -1, leaving at = inf
   Increment on distance indicator: 6.0
   Increment on tard indicator:     0.0
   Value of tmax indicator:         6.0

Task for patient = 201 with skills = {5,-1} and cost = 416.7
   Vehicle #0 = 51, leaving at = 652.0
   Vehicle #1 = -1, leaving at = inf
   Increment on distance indicator: 1.0
   Increment on tard indicator:     0.0
   Value of tmax indicator:         1.0

Task for patient = 139 with skills = {3,-1} and cost = 416.3
   Vehicle #0 = 38, leaving at = 870.0
   Vehicle #1 = -1, leaving at = inf
   Increment on distance indicator: 3.0
   Increment on tard indicator:     0.0
   Value of tmax indicator:         3.0

Task for patient = 200 with skills = {3,-1} and cost = 415.3
   Vehicle #0 = 53, leaving at = 606.0
   Vehicle #1 = -1, leaving at = inf
   Increment on distance indicator: 4.0
   Increment on tard indicator:     0.0
   Value of tmax indicator:         4.0

Task for patient = 183 with skills = {2,-1} and cost = 414.0
   Vehicle #0 = 24, leaving at = 801.0
   Vehicle #1 = -1, leaving at = inf
   Increment on distance indicator: 5.0
   Increment on tard indicator:     0.0
   Value of tmax indicator:         5.0

Task for patient = 185 with skills = {1,5} and cost = 397.0
   Vehicle #0 = 16, leaving at = 783.0
   Vehicle #1 = 43, leaving at = 772.0
   Increment on distance indicator: 8.0
   Increment on tard indicator:     0.0
   Value of tmax indicator:         8.0

Task for patient = 231 with skills = {3,-1} and cost = 409.3
   Vehicle #0 = 50, leaving at = 769.0
   Vehicle #1 = -1, leaving at = inf
   Increment on distance indicator: 3.0
   Increment on tard indicator:     0.0
   Value of tmax indicator:         3.0

Task for patient = 151 with skills = {1,-1} and cost = 408.3
   Vehicle #0 = 18, leaving at = 853.0
   Vehicle #1 = -1, leaving at = inf
   Increment on distance indicator: 3.0
   Increment on tard indicator:     0.0
   Value of tmax indicator:         3.0

Task for patient = 165 with skills = {3,-1} and cost = 407.3
   Vehicle #0 = 41, leaving at = 750.0
   Vehicle #1 = -1, leaving at = inf
   Increment on distance indicator: 2.0
   Increment on tard indicator:     0.0
   Value of tmax indicator:         2.0

Task for patient = 28 with skills = {4,-1} and cost = 406.7
   Vehicle #0 = 51, leaving at = 618.0
   Vehicle #1 = -1, leaving at = inf
   Increment on distance indicator: 4.0
   Increment on tard indicator:     0.0
   Value of tmax indicator:         4.0

Task for patient = 191 with skills = {2,-1} and cost = 405.3
   Vehicle #0 = 14, leaving at = 805.0
   Vehicle #1 = -1, leaving at = inf
   Increment on distance indicator: 3.0
   Increment on tard indicator:     0.0
   Value of tmax indicator:         3.0

Task for patient = 113 with skills = {2,-1} and cost = 404.3
   Vehicle #0 = 24, leaving at = 772.0
   Vehicle #1 = -1, leaving at = inf
   Increment on distance indicator: 2.0
   Increment on tard indicator:     0.0
   Value of tmax indicator:         2.0

Task for patient = 73 with skills = {2,-1} and cost = 403.7
   Vehicle #0 = 14, leaving at = 700.0
   Vehicle #1 = -1, leaving at = inf
   Increment on distance indicator: 3.0
   Increment on tard indicator:     0.0
   Value of tmax indicator:         3.0

Task for patient = 286 with skills = {2,-1} and cost = 402.7
   Vehicle #0 = 24, leaving at = 724.0
   Vehicle #1 = -1, leaving at = inf
   Increment on distance indicator: 3.0
   Increment on tard indicator:     0.0
   Value of tmax indicator:         3.0

Task for patient = 219 with skills = {0,3} and cost = 401.7
   Vehicle #0 = 23, leaving at = 693.0
   Vehicle #1 = 42, leaving at = 676.0
   Increment on distance indicator: 14.0
   Increment on tard indicator:     0.0
   Value of tmax indicator:         14.0

Task for patient = 142 with skills = {1,-1} and cost = 412.3
   Vehicle #0 = 4, leaving at = 798.0
   Vehicle #1 = -1, leaving at = inf
   Increment on distance indicator: 9.0
   Increment on tard indicator:     0.0
   Value of tmax indicator:         9.0

Task for patient = 41 with skills = {1,4} and cost = 319.7
   Vehicle #0 = 20, leaving at = 663.0
   Vehicle #1 = 48, leaving at = 626.0
   Increment on distance indicator: 18.0
   Increment on tard indicator:     0.0
   Value of tmax indicator:         18.0

Task for patient = 195 with skills = {2,-1} and cost = 313.7
   Vehicle #0 = 19, leaving at = 798.0
   Vehicle #1 = -1, leaving at = inf
   Increment on distance indicator: 4.0
   Increment on tard indicator:     0.0
   Value of tmax indicator:         4.0

Task for patient = 8 with skills = {5,-1} and cost = 312.3
   Vehicle #0 = 50, leaving at = 530.0
   Vehicle #1 = -1, leaving at = inf
   Increment on distance indicator: 12.0
   Increment on tard indicator:     0.0
   Value of tmax indicator:         12.0

Task for patient = 282 with skills = {4,-1} and cost = 308.3
   Vehicle #0 = 35, leaving at = 669.0
   Vehicle #1 = -1, leaving at = inf
   Increment on distance indicator: 4.0
   Increment on tard indicator:     0.0
   Value of tmax indicator:         4.0

Task for patient = 117 with skills = {2,5} and cost = 307.0
   Vehicle #0 = 14, leaving at = 532.0
   Vehicle #1 = 49, leaving at = 501.0
   Increment on distance indicator: 18.0
   Increment on tard indicator:     0.0
   Value of tmax indicator:         18.0

Task for patient = 34 with skills = {1,-1} and cost = 301.0
   Vehicle #0 = 19, leaving at = 752.0
   Vehicle #1 = -1, leaving at = inf
   Increment on distance indicator: 3.0
   Increment on tard indicator:     0.0
   Value of tmax indicator:         3.0

Task for patient = 250 with skills = {5,-1} and cost = 300.0
   Vehicle #0 = 46, leaving at = 711.0
   Vehicle #1 = -1, leaving at = inf
   Increment on distance indicator: 4.0
   Increment on tard indicator:     0.0
   Value of tmax indicator:         4.0

Task for patient = 27 with skills = {3,-1} and cost = 298.7
   Vehicle #0 = 34, leaving at = 791.0
   Vehicle #1 = -1, leaving at = inf
   Increment on distance indicator: 1.0
   Increment on tard indicator:     0.0
   Value of tmax indicator:         1.0

Task for patient = 171 with skills = {1,-1} and cost = 359.7
   Vehicle #0 = 20, leaving at = 690.0
   Vehicle #1 = -1, leaving at = inf
   Increment on distance indicator: 1.0
   Increment on tard indicator:     0.0
   Value of tmax indicator:         1.0

Task for patient = 42 with skills = {2,-1} and cost = 297.0
   Vehicle #0 = 12, leaving at = 573.0
   Vehicle #1 = -1, leaving at = inf
   Increment on distance indicator: 17.0
   Increment on tard indicator:     0.0
   Value of tmax indicator:         17.0

Task for patient = 188 with skills = {1,-1} and cost = 291.3
   Vehicle #0 = 11, leaving at = 771.0
   Vehicle #1 = -1, leaving at = inf
   Increment on distance indicator: 7.0
   Increment on tard indicator:     0.0
   Value of tmax indicator:         7.0

Task for patient = 98 with skills = {1,4} and cost = 289.0
   Vehicle #0 = 19, leaving at = 695.0
   Vehicle #1 = 47, leaving at = 679.0
   Increment on distance indicator: 12.0
   Increment on tard indicator:     0.0
   Value of tmax indicator:         12.0

Task for patient = 220 with skills = {1,3} and cost = 285.0
   Vehicle #0 = 11, leaving at = 722.0
   Vehicle #1 = 41, leaving at = 719.0
   Increment on distance indicator: 5.0
   Increment on tard indicator:     0.0
   Value of tmax indicator:         5.0

Task for patient = 278 with skills = {0,5} and cost = 283.3
   Vehicle #0 = 6, leaving at = 683.0
   Vehicle #1 = 37, leaving at = 663.0
   Increment on distance indicator: 16.0
   Increment on tard indicator:     0.0
   Value of tmax indicator:         16.0

Task for patient = 285 with skills = {5,-1} and cost = 278.0
   Vehicle #0 = 43, leaving at = 687.0
   Vehicle #1 = -1, leaving at = inf
   Increment on distance indicator: 2.0
   Increment on tard indicator:     0.0
   Value of tmax indicator:         2.0

Task for patient = 115 with skills = {2,4} and cost = 277.3
   Vehicle #0 = 17, leaving at = 677.0
   Vehicle #1 = 46, leaving at = 633.0
   Increment on distance indicator: 2.0
   Increment on tard indicator:     0.0
   Value of tmax indicator:         2.0

Task for patient = 88 with skills = {1,-1} and cost = 276.7
   Vehicle #0 = 19, leaving at = 589.0
   Vehicle #1 = -1, leaving at = inf
   Increment on distance indicator: 6.0
   Increment on tard indicator:     0.0
   Value of tmax indicator:         6.0

Task for patient = 72 with skills = {2,-1} and cost = 274.7
   Vehicle #0 = 5, leaving at = 997.0
   Vehicle #1 = -1, leaving at = inf
   Increment on distance indicator: 2.0
   Increment on tard indicator:     0.0
   Value of tmax indicator:         2.0

Task for patient = 136 with skills = {5,-1} and cost = 298.3
   Vehicle #0 = 47, leaving at = 724.0
   Vehicle #1 = -1, leaving at = inf
   Increment on distance indicator: 4.0
   Increment on tard indicator:     0.0
   Value of tmax indicator:         4.0

Task for patient = 294 with skills = {0,-1} and cost = 359.3
   Vehicle #0 = 17, leaving at = 758.0
   Vehicle #1 = -1, leaving at = inf
   Increment on distance indicator: 2.0
   Increment on tard indicator:     0.0
   Value of tmax indicator:         2.0

Task for patient = 102 with skills = {1,-1} and cost = 358.7
   Vehicle #0 = 3, leaving at = 881.0
   Vehicle #1 = -1, leaving at = inf
   Increment on distance indicator: 2.0
   Increment on tard indicator:     0.0
   Value of tmax indicator:         2.0

Task for patient = 95 with skills = {0,3} and cost = 358.0
   Vehicle #0 = 24, leaving at = 667.0
   Vehicle #1 = 50, leaving at = 663.0
   Increment on distance indicator: 19.0
   Increment on tard indicator:     0.0
   Value of tmax indicator:         19.0

Task for patient = 263 with skills = {2,5} and cost = 351.7
   Vehicle #0 = 14, leaving at = 654.0
   Vehicle #1 = 49, leaving at = 660.0
   Increment on distance indicator: 8.0
   Increment on tard indicator:     0.0
   Value of tmax indicator:         8.0

Task for patient = 16 with skills = {0,-1} and cost = 349.0
   Vehicle #0 = 23, leaving at = 583.0
   Vehicle #1 = -1, leaving at = inf
   Increment on distance indicator: 21.0
   Increment on tard indicator:     0.0
   Value of tmax indicator:         21.0

Task for patient = 75 with skills = {1,-1} and cost = 342.0
   Vehicle #0 = 21, leaving at = 790.0
   Vehicle #1 = -1, leaving at = inf
   Increment on distance indicator: 1.0
   Increment on tard indicator:     0.0
   Value of tmax indicator:         1.0

Task for patient = 181 with skills = {5,-1} and cost = 341.7
   Vehicle #0 = 50, leaving at = 616.0
   Vehicle #1 = -1, leaving at = inf
   Increment on distance indicator: 7.0
   Increment on tard indicator:     0.0
   Value of tmax indicator:         7.0

Task for patient = 226 with skills = {2,4} and cost = 339.3
   Vehicle #0 = 1, leaving at = 814.0
   Vehicle #1 = 47, leaving at = 814.0
   Increment on distance indicator: 4.0
   Increment on tard indicator:     0.0
   Value of tmax indicator:         4.0

Task for patient = 128 with skills = {4,-1} and cost = 320.7
   Vehicle #0 = 35, leaving at = 765.0
   Vehicle #1 = -1, leaving at = inf
   Increment on distance indicator: 3.0
   Increment on tard indicator:     0.0
   Value of tmax indicator:         3.0

Task for patient = 235 with skills = {0,-1} and cost = 337.3
   Vehicle #0 = 19, leaving at = 833.0
   Vehicle #1 = -1, leaving at = inf
   Increment on distance indicator: 2.0
   Increment on tard indicator:     0.0
   Value of tmax indicator:         2.0

Task for patient = 133 with skills = {0,5} and cost = 336.7
   Vehicle #0 = 22, leaving at = 742.0
   Vehicle #1 = 47, leaving at = 761.0
   Increment on distance indicator: 7.0
   Increment on tard indicator:     0.0
   Value of tmax indicator:         7.0

Task for patient = 132 with skills = {5,-1} and cost = 334.3
   Vehicle #0 = 33, leaving at = 844.0
   Vehicle #1 = -1, leaving at = inf
   Increment on distance indicator: 2.0
   Increment on tard indicator:     0.0
   Value of tmax indicator:         2.0

Task for patient = 296 with skills = {0,-1} and cost = 333.7
   Vehicle #0 = 22, leaving at = 716.0
   Vehicle #1 = -1, leaving at = inf
   Increment on distance indicator: 4.0
   Increment on tard indicator:     0.0
   Value of tmax indicator:         4.0

Task for patient = 164 with skills = {2,-1} and cost = 332.3
   Vehicle #0 = 0, leaving at = 883.0
   Vehicle #1 = -1, leaving at = inf
   Increment on distance indicator: 1.0
   Increment on tard indicator:     0.0
   Value of tmax indicator:         1.0

Task for patient = 59 with skills = {2,3} and cost = 332.0
   Vehicle #0 = 3, leaving at = 834.0
   Vehicle #1 = 33, leaving at = 811.0
   Increment on distance indicator: 5.0
   Increment on tard indicator:     0.0
   Value of tmax indicator:         5.0

Task for patient = 66 with skills = {1,-1} and cost = 330.3
   Vehicle #0 = 22, leaving at = 663.0
   Vehicle #1 = -1, leaving at = inf
   Increment on distance indicator: 15.0
   Increment on tard indicator:     0.0
   Value of tmax indicator:         15.0

Task for patient = 49 with skills = {1,-1} and cost = 325.3
   Vehicle #0 = 21, leaving at = 589.0
   Vehicle #1 = -1, leaving at = inf
   Increment on distance indicator: 13.0
   Increment on tard indicator:     0.0
   Value of tmax indicator:         13.0

Task for patient = 144 with skills = {2,-1} and cost = 321.0
   Vehicle #0 = 17, leaving at = 712.0
   Vehicle #1 = -1, leaving at = inf
   Increment on distance indicator: 1.0
   Increment on tard indicator:     0.0
   Value of tmax indicator:         1.0

Task for patient = 32 with skills = {2,-1} and cost = 338.0
   Vehicle #0 = 21, leaving at = 649.0
   Vehicle #1 = -1, leaving at = inf
   Increment on distance indicator: 2.0
   Increment on tard indicator:     0.0
   Value of tmax indicator:         2.0


Unused vehicle list: 26 28 29 54 55 56 57 58 59 (total = 9 out of 60)

---
Search finished.
Total of 448 generations in 18.4 seconds.
Exchange elite runs: 0
Implicit path relinking runs: 4
Reset attempts: 0

Best solution found:
   Cost: 913.0
   Total travel time: 2737.0
   Total tardiness time: 1.0
   Largest tardiness: 1.0


913.0
