--- BRKGA-MP-IPR for HHCRSP ---
Instance: new-instances/HHCRSP_300_60_2_1.2_C_RC.txt
Seed: 1

Reading data... Problem contains 300 patients  and 60 caregivers.

Summary of supply x demand for each service type:
Skill 0 has supply = 19 and demand = 60, ratio = 0.316667
Skill 1 has supply = 20 and demand = 68, ratio = 0.294118
Skill 2 has supply = 18 and demand = 64, ratio = 0.28125
Skill 3 has supply = 21 and demand = 69, ratio = 0.304348
Skill 4 has supply = 21 and demand = 68, ratio = 0.308824
Skill 5 has supply = 19 and demand = 61, ratio = 0.311475

Reading parameters...
Inferred distance function by PR type: kendall-tau
Building BRKGA data and initializing...
Evolving 448 generations...

  Gens  Rem    Local   ElDiv NoImpr             Best solution            Time  Op
                                       Cost     Dist    Tard    TMax 
*    0  448  7302.67  489.31      0  7302.67  6170.00 15308.0   430.0     0.0    
*    2  446  7165.67  354.40      0  7165.67  5969.00 15142.0   386.0     0.1    
*    4  444  6571.67  406.80      0  6571.67  6077.00 12627.0   434.0     0.2    
*    5  443  6379.33  397.03      0  6379.33  6022.00 10153.0   335.0     0.3    
*    6  442  5503.33  426.84      0  5503.33  5951.00  8994.0   359.0     0.3    
*    7  441  5101.33  400.08      0  5101.33  5951.00  8994.0   359.0     0.4    
*   11  437  4654.00  319.63      0  4654.00  6095.00  6504.0   302.0     0.5    
*   12  436  4300.33  286.80      0  4300.33  6095.00  6504.0   302.0     0.6    
*   14  434  4184.67  292.17      0  4184.67  5937.00  6327.0   290.0     0.7    
*   16  432  4020.00  276.96      0  4020.00  5941.00  5792.0   327.0     0.8    
*   19  429  3670.67  198.63      0  3670.67  5691.00  4946.0   375.0     0.9    
*   22  426  3572.00  170.56      0  3572.00  5816.00  3916.0   276.0     1.0    
*   23  425  3336.00  200.86      0  3336.00  5774.00  2689.0   264.0     1.1    
*   24  424  2909.00  206.13      0  2909.00  5774.00  2689.0   264.0     1.1    
*   27  421  2796.67  163.27      0  2796.67  5661.00  2425.0   304.0     1.3    

  Gens  Rem    Local   ElDiv NoImpr             Best solution            Time  Op
                                       Cost     Dist    Tard    TMax 
*   29  419  2450.33  150.66      0  2450.33  5539.00  1641.0   171.0     1.4    
*   31  417  2412.00  133.12      0  2412.00  5569.00  1468.0   199.0     1.4    
*   34  414  2387.00  118.29      0  2387.00  5637.00   816.0   184.0     1.6    
*   35  413  2212.33  109.47      0  2212.33  5637.00   816.0   184.0     1.6    
*   37  411  2158.00   99.15      0  2158.00  5732.00   654.0    88.0     1.7    
*   39  409  2023.00  107.02      0  2023.00  5497.00   497.0    75.0     1.8    
*   44  404  1959.33   69.93      0  1959.33  5622.00   171.0    52.0     2.0    
*   45  403  1948.33   69.53      0  1948.33  5319.00   287.0    86.0     2.1    
*   46  402  1897.33   66.78      0  1897.33  5319.00   287.0    86.0     2.1    
*   49  399  1887.67   46.12      0  1887.67  5385.00   142.0    28.0     2.3    
*   50  398  1851.67   42.36      0  1851.67  5385.00   142.0    28.0     2.3    
*   54  394  1803.67   28.72      0  1803.67  5334.00    58.0    19.0     2.5    
*   60  388  1800.33   25.53      0  1800.33  5290.00    79.0    32.0     2.8    
*   62  386  1795.33   24.13      0  1795.33  5295.00    67.0    24.0     2.9    
*   64  384  1752.67   24.72      0  1752.67  5194.00    54.0    10.0     2.9    
*   80  368  1749.67   14.66      0  1749.67  5244.00     4.0     1.0     3.7    

  Gens  Rem    Local   ElDiv NoImpr             Best solution            Time  Op
                                       Cost     Dist    Tard    TMax 
*   87  361  1682.67   15.16      0  1682.67  4982.00    58.0     8.0     4.0    
Path relinking result: too homogeneous.
    96  352  1682.67   13.33     10  1682.67  4982.00    58.0     8.0     4.5   P
   100  348  1682.67   16.32     13  1682.67  4982.00    58.0     8.0     4.7    
*  111  337  1680.00   14.66      0  1680.00  5020.00    16.0     4.0     5.1    
*  116  332  1643.33   14.57      0  1643.33  4893.00    32.0     5.0     5.4    
*  140  308  1638.00   10.39      0  1638.00  4875.00    29.0    10.0     6.5    
   150  298  1638.00    9.08     10  1638.00  4875.00    29.0    10.0     7.0    
*  154  294  1630.00    9.00      0  1630.00  4868.00    15.0     7.0     7.1    
*  157  291  1623.00    8.37      0  1623.00  4840.00    24.0     5.0     7.3    
*  159  289  1617.00    9.27      0  1617.00  4802.00    38.0    11.0     7.4    
*  163  285  1611.00    9.35      0  1611.00  4816.00    13.0     4.0     7.5    
*  165  283  1607.67   10.42      0  1607.67  4773.00    33.0     9.0     7.6    
*  166  282  1605.00    9.89      0  1605.00  4773.00    33.0     9.0     7.7    
*  171  277  1580.00   11.89      0  1580.00  4711.00    23.0     6.0     7.9    
*  185  263  1575.33   10.39      0  1575.33  4678.00    35.0     8.0     8.6    
*  186  262  1573.67   10.55      0  1573.67  4678.00    35.0     8.0     8.6    

  Gens  Rem    Local   ElDiv NoImpr             Best solution            Time  Op
                                       Cost     Dist    Tard    TMax 
*  190  258  1564.33   11.38      0  1564.33  4653.00    34.0     6.0     8.8    
Path relinking result: too homogeneous.
   192  256  1564.33   10.62      3  1564.33  4653.00    34.0     6.0     8.9   P
   200  248  1564.33    8.52     10  1564.33  4653.00    34.0     6.0     9.2    
*  205  243  1549.33    6.91      0  1549.33  4637.00     6.0     5.0     9.5    
*  207  241  1539.00    8.15      0  1539.00  4574.00    32.0    11.0     9.5    
*  211  237  1538.67    8.51      0  1538.67  4607.00     6.0     3.0     9.7    
*  214  234  1527.33    9.14      0  1527.33  4569.00    10.0     3.0     9.9    
*  216  232  1523.33    8.71      0  1523.33  4562.00     5.0     3.0    10.0    
*  219  229  1522.00    8.31      0  1522.00  4550.00    13.0     3.0    10.2    
*  221  227  1521.67    8.57      0  1521.67  4503.00    14.0     3.0    10.3    
*  222  226  1506.67    7.66      0  1506.67  4503.00    14.0     3.0    10.3    
*  228  220  1500.67    6.78      0  1500.67  4485.00    14.0     3.0    10.6    
*  234  214  1490.67    7.09      0  1490.67  4455.00    14.0     3.0    10.9    
*  240  208  1488.67    5.99      0  1488.67  4439.00    22.0     5.0    11.1    
*  243  205  1474.33    6.70      0  1474.33  4405.00    14.0     4.0    11.3    
   250  198  1474.33    6.24      7  1474.33  4405.00    14.0     4.0    11.6    

  Gens  Rem    Local   ElDiv NoImpr             Best solution            Time  Op
                                       Cost     Dist    Tard    TMax 
*  255  193  1472.00    5.96      0  1472.00  4403.00     9.0     4.0    11.9    
*  261  187  1467.33    6.09      0  1467.33  4381.00    17.0     4.0    12.2    
*  263  185  1465.67    7.10      0  1465.67  4349.00    13.0     4.0    12.3    
*  264  184  1455.33    7.59      0  1455.33  4349.00    13.0     4.0    12.3    
*  280  168  1446.33    3.84      0  1446.33  4330.00     6.0     3.0    13.1    
Path relinking result: too homogeneous.
   288  160  1446.33    2.69      9  1446.33  4330.00     6.0     3.0    13.5   P
*  291  157  1444.67    2.47      0  1444.67  4314.00    13.0     7.0    13.6    
*  293  155  1444.00    2.41      0  1444.00  4322.00     6.0     3.0    13.7    
*  294  154  1443.67    2.27      0  1443.67  4322.00     6.0     3.0    13.7    
*  297  151  1443.33    1.71      0  1443.33  4318.00     6.0     3.0    13.9    
*  298  150  1442.33    1.41      0  1442.33  4318.00     6.0     3.0    13.9    
*  300  148  1442.00    1.31      0  1442.00  4313.00     5.0     3.0    14.0    
*  301  147  1440.33    1.24      0  1440.33  4313.00     5.0     3.0    14.1    
*  303  145  1439.67    1.34      0  1439.67  4305.00    10.0     4.0    14.1    
*  305  143  1439.33    1.18      0  1439.33  4302.00    10.0     4.0    14.2    
*  306  142  1438.67    0.83      0  1438.67  4302.00    10.0     4.0    14.3    

  Gens  Rem    Local   ElDiv NoImpr             Best solution            Time  Op
                                       Cost     Dist    Tard    TMax 
*  309  139  1437.33    0.46      0  1437.33  4299.00     9.0     4.0    14.4    
*  318  130  1437.00    0.07      0  1437.00  4298.00     9.0     4.0    14.8    
*  325  123  1436.33    0.19      0  1436.33  4296.00     9.0     4.0    15.1    
*  328  120  1436.00    0.23      0  1436.00  4295.00     9.0     4.0    15.2    
*  347  101  1435.00    0.12      0  1435.00  4297.00     5.0     3.0    16.2    
   350   98  1435.00    0.21      3  1435.00  4297.00     5.0     3.0    16.3    
*  360   88  1434.67    0.07      0  1434.67  4296.00     5.0     3.0    16.8    
*  366   82  1434.00    0.12      0  1434.00  4294.00     5.0     3.0    17.0    
Path relinking result: too homogeneous.
   384   64  1434.00    0.00     19  1434.00  4294.00     5.0     3.0    17.8   P
*  390   58  1433.00    0.12      0  1433.00  4289.00     7.0     3.0    18.1    
   400   48  1433.00    0.00     10  1433.00  4289.00     7.0     3.0    18.6    
*  410   38  1431.67    0.23      0  1431.67  4285.00     7.0     3.0    19.0    
*  424   24  1431.33    0.07      0  1431.33  4284.00     7.0     3.0    19.7    
*  436   12  1431.00    0.07      0  1431.00  4283.00     7.0     3.0    20.1    
*  446    2  1430.00    0.17      0  1430.00  4280.00     7.0     3.0    20.6    
   448    0  1430.00    0.17      2  1430.00  4280.00     7.0     3.0    20.6    
Evolutionary process finished.
Solution written to 'solution-7236.txt'.

Sorted sequence of worst to best tardiness value:
Task for patient = 211 with skills = {1,3} and cost = 764.0
   Vehicle #0 = 20, leaving at = 838.0
   Vehicle #1 = 31, leaving at = 856.0
   Increment on distance indicator: 4.0
   Increment on tard indicator:     3.0
   Value of tmax indicator:         4.0

Task for patient = 218 with skills = {2,-1} and cost = 683.0
   Vehicle #0 = 8, leaving at = 720.0
   Vehicle #1 = -1, leaving at = inf
   Increment on distance indicator: 18.0
   Increment on tard indicator:     2.0
   Value of tmax indicator:         18.0

Task for patient = 258 with skills = {4,-1} and cost = 283.7
   Vehicle #0 = 34, leaving at = 744.0
   Vehicle #1 = -1, leaving at = inf
   Increment on distance indicator: 5.0
   Increment on tard indicator:     2.0
   Value of tmax indicator:         5.0

Task for patient = 138 with skills = {3,-1} and cost = 821.3
   Vehicle #0 = 57, leaving at = 791.0
   Vehicle #1 = -1, leaving at = inf
   Increment on distance indicator: 4.0
   Increment on tard indicator:     0.0
   Value of tmax indicator:         4.0

Task for patient = 92 with skills = {4,-1} and cost = 820.0
   Vehicle #0 = 54, leaving at = 826.0
   Vehicle #1 = -1, leaving at = inf
   Increment on distance indicator: 3.0
   Increment on tard indicator:     0.0
   Value of tmax indicator:         3.0

Task for patient = 95 with skills = {2,-1} and cost = 819.0
   Vehicle #0 = 3, leaving at = 964.0
   Vehicle #1 = -1, leaving at = inf
   Increment on distance indicator: 4.0
   Increment on tard indicator:     0.0
   Value of tmax indicator:         4.0

Task for patient = 117 with skills = {2,-1} and cost = 817.7
   Vehicle #0 = 3, leaving at = 900.0
   Vehicle #1 = -1, leaving at = inf
   Increment on distance indicator: 3.0
   Increment on tard indicator:     0.0
   Value of tmax indicator:         3.0

Task for patient = 196 with skills = {1,4} and cost = 816.7
   Vehicle #0 = 25, leaving at = 704.0
   Vehicle #1 = 30, leaving at = 753.0
   Increment on distance indicator: 30.0
   Increment on tard indicator:     0.0
   Value of tmax indicator:         30.0

Task for patient = 142 with skills = {2,5} and cost = 806.7
   Vehicle #0 = 14, leaving at = 878.0
   Vehicle #1 = 49, leaving at = 876.0
   Increment on distance indicator: 14.0
   Increment on tard indicator:     0.0
   Value of tmax indicator:         14.0

Task for patient = 271 with skills = {2,5} and cost = 802.0
   Vehicle #0 = 18, leaving at = 928.0
   Vehicle #1 = 51, leaving at = 889.0
   Increment on distance indicator: 8.0
   Increment on tard indicator:     0.0
   Value of tmax indicator:         8.0

Task for patient = 213 with skills = {1,-1} and cost = 822.3
   Vehicle #0 = 20, leaving at = 908.0
   Vehicle #1 = -1, leaving at = inf
   Increment on distance indicator: 3.0
   Increment on tard indicator:     0.0
   Value of tmax indicator:         3.0

Task for patient = 232 with skills = {2,-1} and cost = 795.3
   Vehicle #0 = 10, leaving at = 944.0
   Vehicle #1 = -1, leaving at = inf
   Increment on distance indicator: 4.0
   Increment on tard indicator:     0.0
   Value of tmax indicator:         4.0

Task for patient = 268 with skills = {2,-1} and cost = 794.0
   Vehicle #0 = 22, leaving at = 1002.0
   Vehicle #1 = -1, leaving at = inf
   Increment on distance indicator: 6.0
   Increment on tard indicator:     0.0
   Value of tmax indicator:         6.0

Task for patient = 188 with skills = {0,-1} and cost = 792.0
   Vehicle #0 = 9, leaving at = 970.0
   Vehicle #1 = -1, leaving at = inf
   Increment on distance indicator: 2.0
   Increment on tard indicator:     0.0
   Value of tmax indicator:         2.0

Task for patient = 65 with skills = {2,3} and cost = 791.3
   Vehicle #0 = 19, leaving at = 858.0
   Vehicle #1 = 40, leaving at = 842.0
   Increment on distance indicator: 12.0
   Increment on tard indicator:     0.0
   Value of tmax indicator:         12.0

Task for patient = 228 with skills = {4,-1} and cost = 787.3
   Vehicle #0 = 42, leaving at = 781.0
   Vehicle #1 = -1, leaving at = inf
   Increment on distance indicator: 22.0
   Increment on tard indicator:     0.0
   Value of tmax indicator:         22.0

Task for patient = 283 with skills = {1,3} and cost = 780.0
   Vehicle #0 = 21, leaving at = 849.0
   Vehicle #1 = 47, leaving at = 866.0
   Increment on distance indicator: 6.0
   Increment on tard indicator:     0.0
   Value of tmax indicator:         6.0

Task for patient = 229 with skills = {1,-1} and cost = 778.0
   Vehicle #0 = 6, leaving at = 820.0
   Vehicle #1 = -1, leaving at = inf
   Increment on distance indicator: 3.0
   Increment on tard indicator:     0.0
   Value of tmax indicator:         3.0

Task for patient = 189 with skills = {0,5} and cost = 799.3
   Vehicle #0 = 26, leaving at = 790.0
   Vehicle #1 = 49, leaving at = 832.0
   Increment on distance indicator: 12.0
   Increment on tard indicator:     0.0
   Value of tmax indicator:         12.0

Task for patient = 83 with skills = {1,-1} and cost = 867.0
   Vehicle #0 = 25, leaving at = 761.0
   Vehicle #1 = -1, leaving at = inf
   Increment on distance indicator: 9.0
   Increment on tard indicator:     0.0
   Value of tmax indicator:         9.0

Task for patient = 79 with skills = {3,-1} and cost = 864.0
   Vehicle #0 = 57, leaving at = 831.0
   Vehicle #1 = -1, leaving at = inf
   Increment on distance indicator: 15.0
   Increment on tard indicator:     0.0
   Value of tmax indicator:         15.0

Task for patient = 161 with skills = {5,-1} and cost = 859.0
   Vehicle #0 = 35, leaving at = 1002.0
   Vehicle #1 = -1, leaving at = inf
   Increment on distance indicator: 3.0
   Increment on tard indicator:     0.0
   Value of tmax indicator:         3.0

Task for patient = 17 with skills = {4,-1} and cost = 858.0
   Vehicle #0 = 39, leaving at = 970.0
   Vehicle #1 = -1, leaving at = inf
   Increment on distance indicator: 4.0
   Increment on tard indicator:     0.0
   Value of tmax indicator:         4.0

Task for patient = 297 with skills = {0,-1} and cost = 856.7
   Vehicle #0 = 26, leaving at = 913.0
   Vehicle #1 = -1, leaving at = inf
   Increment on distance indicator: 4.0
   Increment on tard indicator:     0.0
   Value of tmax indicator:         4.0

Task for patient = 275 with skills = {2,4} and cost = 855.3
   Vehicle #0 = 11, leaving at = 955.0
   Vehicle #1 = 41, leaving at = 972.0
   Increment on distance indicator: 8.0
   Increment on tard indicator:     0.0
   Value of tmax indicator:         8.0

Task for patient = 236 with skills = {1,-1} and cost = 852.7
   Vehicle #0 = 21, leaving at = 894.0
   Vehicle #1 = -1, leaving at = inf
   Increment on distance indicator: 8.0
   Increment on tard indicator:     0.0
   Value of tmax indicator:         8.0

Task for patient = 298 with skills = {1,-1} and cost = 850.0
   Vehicle #0 = 26, leaving at = 832.0
   Vehicle #1 = -1, leaving at = inf
   Increment on distance indicator: 8.0
   Increment on tard indicator:     0.0
   Value of tmax indicator:         8.0

Task for patient = 77 with skills = {2,5} and cost = 827.3
   Vehicle #0 = 8, leaving at = 992.0
   Vehicle #1 = 36, leaving at = 1006.0
   Increment on distance indicator: 15.0
   Increment on tard indicator:     0.0
   Value of tmax indicator:         15.0

Task for patient = 120 with skills = {1,-1} and cost = 846.3
   Vehicle #0 = 4, leaving at = 931.0
   Vehicle #1 = -1, leaving at = inf
   Increment on distance indicator: 3.0
   Increment on tard indicator:     0.0
   Value of tmax indicator:         3.0

Task for patient = 130 with skills = {3,-1} and cost = 845.3
   Vehicle #0 = 47, leaving at = 982.0
   Vehicle #1 = -1, leaving at = inf
   Increment on distance indicator: 3.0
   Increment on tard indicator:     0.0
   Value of tmax indicator:         3.0

Task for patient = 235 with skills = {4,-1} and cost = 844.3
   Vehicle #0 = 44, leaving at = 890.0
   Vehicle #1 = -1, leaving at = inf
   Increment on distance indicator: 3.0
   Increment on tard indicator:     0.0
   Value of tmax indicator:         3.0

Task for patient = 299 with skills = {2,-1} and cost = 843.3
   Vehicle #0 = 10, leaving at = 998.0
   Vehicle #1 = -1, leaving at = inf
   Increment on distance indicator: 4.0
   Increment on tard indicator:     0.0
   Value of tmax indicator:         4.0

Task for patient = 177 with skills = {1,3} and cost = 842.0
   Vehicle #0 = 20, leaving at = 976.0
   Vehicle #1 = 31, leaving at = 977.0
   Increment on distance indicator: 20.0
   Increment on tard indicator:     0.0
   Value of tmax indicator:         20.0

Task for patient = 86 with skills = {0,5} and cost = 835.3
   Vehicle #0 = 12, leaving at = 857.0
   Vehicle #1 = 53, leaving at = 879.0
   Increment on distance indicator: 11.0
   Increment on tard indicator:     0.0
   Value of tmax indicator:         11.0

Task for patient = 122 with skills = {4,-1} and cost = 831.7
   Vehicle #0 = 48, leaving at = 744.0
   Vehicle #1 = -1, leaving at = inf
   Increment on distance indicator: 2.0
   Increment on tard indicator:     0.0
   Value of tmax indicator:         2.0

Task for patient = 69 with skills = {2,5} and cost = 831.0
   Vehicle #0 = 3, leaving at = 1067.0
   Vehicle #1 = 36, leaving at = 1043.0
   Increment on distance indicator: 11.0
   Increment on tard indicator:     0.0
   Value of tmax indicator:         11.0

Task for patient = 45 with skills = {0,5} and cost = 777.0
   Vehicle #0 = 26, leaving at = 750.0
   Vehicle #1 = 49, leaving at = 761.0
   Increment on distance indicator: 16.0
   Increment on tard indicator:     0.0
   Value of tmax indicator:         16.0

Task for patient = 84 with skills = {0,-1} and cost = 847.3
   Vehicle #0 = 15, leaving at = 813.0
   Vehicle #1 = -1, leaving at = inf
   Increment on distance indicator: 3.0
   Increment on tard indicator:     0.0
   Value of tmax indicator:         3.0

Task for patient = 16 with skills = {2,-1} and cost = 719.0
   Vehicle #0 = 15, leaving at = 785.0
   Vehicle #1 = -1, leaving at = inf
   Increment on distance indicator: 9.0
   Increment on tard indicator:     0.0
   Value of tmax indicator:         9.0

Task for patient = 56 with skills = {0,4} and cost = 716.0
   Vehicle #0 = 23, leaving at = 796.0
   Vehicle #1 = 50, leaving at = 817.0
   Increment on distance indicator: 24.0
   Increment on tard indicator:     0.0
   Value of tmax indicator:         24.0

Task for patient = 190 with skills = {2,4} and cost = 708.0
   Vehicle #0 = 21, leaving at = 774.0
   Vehicle #1 = 53, leaving at = 749.0
   Increment on distance indicator: 16.0
   Increment on tard indicator:     0.0
   Value of tmax indicator:         16.0

Task for patient = 106 with skills = {2,4} and cost = 702.7
   Vehicle #0 = 9, leaving at = 874.0
   Vehicle #1 = 35, leaving at = 869.0
   Increment on distance indicator: 5.0
   Increment on tard indicator:     0.0
   Value of tmax indicator:         5.0

Task for patient = 205 with skills = {3,-1} and cost = 701.0
   Vehicle #0 = 37, leaving at = 874.0
   Vehicle #1 = -1, leaving at = inf
   Increment on distance indicator: 2.0
   Increment on tard indicator:     0.0
   Value of tmax indicator:         2.0

Task for patient = 263 with skills = {5,-1} and cost = 700.3
   Vehicle #0 = 32, leaving at = 968.0
   Vehicle #1 = -1, leaving at = inf
   Increment on distance indicator: 3.0
   Increment on tard indicator:     0.0
   Value of tmax indicator:         3.0

Task for patient = 200 with skills = {0,-1} and cost = 699.3
   Vehicle #0 = 11, leaving at = 911.0
   Vehicle #1 = -1, leaving at = inf
   Increment on distance indicator: 6.0
   Increment on tard indicator:     0.0
   Value of tmax indicator:         6.0

Task for patient = 217 with skills = {2,-1} and cost = 697.3
   Vehicle #0 = 27, leaving at = 688.0
   Vehicle #1 = -1, leaving at = inf
   Increment on distance indicator: 0.0
   Increment on tard indicator:     0.0
   Value of tmax indicator:         0.0

Task for patient = 114 with skills = {0,-1} and cost = 771.7
   Vehicle #0 = 2, leaving at = 833.0
   Vehicle #1 = -1, leaving at = inf
   Increment on distance indicator: 6.0
   Increment on tard indicator:     0.0
   Value of tmax indicator:         6.0

Task for patient = 230 with skills = {1,-1} and cost = 695.3
   Vehicle #0 = 17, leaving at = 783.0
   Vehicle #1 = -1, leaving at = inf
   Increment on distance indicator: 1.0
   Increment on tard indicator:     0.0
   Value of tmax indicator:         1.0

Task for patient = 182 with skills = {5,-1} and cost = 695.0
   Vehicle #0 = 43, leaving at = 704.0
   Vehicle #1 = -1, leaving at = inf
   Increment on distance indicator: 18.0
   Increment on tard indicator:     0.0
   Value of tmax indicator:         18.0

Task for patient = 14 with skills = {0,5} and cost = 689.0
   Vehicle #0 = 23, leaving at = 754.0
   Vehicle #1 = 45, leaving at = 777.0
   Increment on distance indicator: 4.0
   Increment on tard indicator:     0.0
   Value of tmax indicator:         4.0

Task for patient = 181 with skills = {0,5} and cost = 687.7
   Vehicle #0 = 26, leaving at = 713.0
   Vehicle #1 = 49, leaving at = 719.0
   Increment on distance indicator: 14.0
   Increment on tard indicator:     0.0
   Value of tmax indicator:         14.0

Task for patient = 175 with skills = {3,-1} and cost = 676.3
   Vehicle #0 = 51, leaving at = 851.0
   Vehicle #1 = -1, leaving at = inf
   Increment on distance indicator: 6.0
   Increment on tard indicator:     0.0
   Value of tmax indicator:         6.0

Task for patient = 10 with skills = {4,-1} and cost = 674.3
   Vehicle #0 = 36, leaving at = 941.0
   Vehicle #1 = -1, leaving at = inf
   Increment on distance indicator: 3.0
   Increment on tard indicator:     0.0
   Value of tmax indicator:         3.0

Task for patient = 166 with skills = {0,3} and cost = 673.3
   Vehicle #0 = 16, leaving at = 770.0
   Vehicle #1 = 51, leaving at = 785.0
   Increment on distance indicator: 12.0
   Increment on tard indicator:     0.0
   Value of tmax indicator:         12.0

Task for patient = 206 with skills = {1,-1} and cost = 669.3
   Vehicle #0 = 26, leaving at = 551.0
   Vehicle #1 = -1, leaving at = inf
   Increment on distance indicator: 16.0
   Increment on tard indicator:     0.0
   Value of tmax indicator:         16.0

Task for patient = 147 with skills = {2,4} and cost = 697.3
   Vehicle #0 = 0, leaving at = 844.0
   Vehicle #1 = 38, leaving at = 851.0
   Increment on distance indicator: 6.0
   Increment on tard indicator:     0.0
   Value of tmax indicator:         6.0

Task for patient = 18 with skills = {5,-1} and cost = 868.0
   Vehicle #0 = 43, leaving at = 833.0
   Vehicle #1 = -1, leaving at = inf
   Increment on distance indicator: 3.0
   Increment on tard indicator:     0.0
   Value of tmax indicator:         3.0

Task for patient = 107 with skills = {4,-1} and cost = 769.7
   Vehicle #0 = 43, leaving at = 794.0
   Vehicle #1 = -1, leaving at = inf
   Increment on distance indicator: 3.0
   Increment on tard indicator:     0.0
   Value of tmax indicator:         3.0

Task for patient = 272 with skills = {2,4} and cost = 768.7
   Vehicle #0 = 9, leaving at = 904.0
   Vehicle #1 = 35, leaving at = 924.0
   Increment on distance indicator: 14.0
   Increment on tard indicator:     0.0
   Value of tmax indicator:         14.0

Task for patient = 88 with skills = {4,-1} and cost = 761.3
   Vehicle #0 = 30, leaving at = 698.0
   Vehicle #1 = -1, leaving at = inf
   Increment on distance indicator: 14.0
   Increment on tard indicator:     0.0
   Value of tmax indicator:         14.0

Task for patient = 59 with skills = {2,3} and cost = 756.7
   Vehicle #0 = 0, leaving at = 886.0
   Vehicle #1 = 38, leaving at = 907.0
   Increment on distance indicator: 4.0
   Increment on tard indicator:     0.0
   Value of tmax indicator:         4.0

Task for patient = 123 with skills = {5,-1} and cost = 755.3
   Vehicle #0 = 48, leaving at = 688.0
   Vehicle #1 = -1, leaving at = inf
   Increment on distance indicator: 5.0
   Increment on tard indicator:     0.0
   Value of tmax indicator:         5.0

Task for patient = 280 with skills = {3,-1} and cost = 753.7
   Vehicle #0 = 33, leaving at = 807.0
   Vehicle #1 = -1, leaving at = inf
   Increment on distance indicator: 5.0
   Increment on tard indicator:     0.0
   Value of tmax indicator:         5.0

Task for patient = 62 with skills = {3,-1} and cost = 752.0
   Vehicle #0 = 37, leaving at = 929.0
   Vehicle #1 = -1, leaving at = inf
   Increment on distance indicator: 4.0
   Increment on tard indicator:     0.0
   Value of tmax indicator:         4.0

Task for patient = 279 with skills = {0,5} and cost = 721.0
   Vehicle #0 = 23, leaving at = 841.0
   Vehicle #1 = 45, leaving at = 849.0
   Increment on distance indicator: 6.0
   Increment on tard indicator:     0.0
   Value of tmax indicator:         6.0

Task for patient = 294 with skills = {0,-1} and cost = 747.3
   Vehicle #0 = 1, leaving at = 842.0
   Vehicle #1 = -1, leaving at = inf
   Increment on distance indicator: 2.0
   Increment on tard indicator:     0.0
   Value of tmax indicator:         2.0

Task for patient = 53 with skills = {2,-1} and cost = 746.7
   Vehicle #0 = 8, leaving at = 753.0
   Vehicle #1 = -1, leaving at = inf
   Increment on distance indicator: 14.0
   Increment on tard indicator:     0.0
   Value of tmax indicator:         14.0

Task for patient = 149 with skills = {0,-1} and cost = 742.0
   Vehicle #0 = 22, leaving at = 947.0
   Vehicle #1 = -1, leaving at = inf
   Increment on distance indicator: 3.0
   Increment on tard indicator:     0.0
   Value of tmax indicator:         3.0

Task for patient = 91 with skills = {1,-1} and cost = 741.0
   Vehicle #0 = 18, leaving at = 871.0
   Vehicle #1 = -1, leaving at = inf
   Increment on distance indicator: 4.0
   Increment on tard indicator:     0.0
   Value of tmax indicator:         4.0

Task for patient = 227 with skills = {0,-1} and cost = 739.7
   Vehicle #0 = 13, leaving at = 771.0
   Vehicle #1 = -1, leaving at = inf
   Increment on distance indicator: 3.0
   Increment on tard indicator:     0.0
   Value of tmax indicator:         3.0

Task for patient = 244 with skills = {2,-1} and cost = 738.7
   Vehicle #0 = 22, leaving at = 788.0
   Vehicle #1 = -1, leaving at = inf
   Increment on distance indicator: 9.0
   Increment on tard indicator:     0.0
   Value of tmax indicator:         9.0

Task for patient = 281 with skills = {0,4} and cost = 735.7
   Vehicle #0 = 18, leaving at = 848.0
   Vehicle #1 = 39, leaving at = 821.0
   Increment on distance indicator: 5.0
   Increment on tard indicator:     0.0
   Value of tmax indicator:         5.0

Task for patient = 221 with skills = {0,-1} and cost = 734.0
   Vehicle #0 = 2, leaving at = 790.0
   Vehicle #1 = -1, leaving at = inf
   Increment on distance indicator: 15.0
   Increment on tard indicator:     0.0
   Value of tmax indicator:         15.0

Task for patient = 28 with skills = {0,4} and cost = 729.0
   Vehicle #0 = 22, leaving at = 753.0
   Vehicle #1 = 43, leaving at = 772.0
   Increment on distance indicator: 24.0
   Increment on tard indicator:     0.0
   Value of tmax indicator:         24.0

Task for patient = 216 with skills = {1,-1} and cost = 750.7
   Vehicle #0 = 21, leaving at = 817.0
   Vehicle #1 = -1, leaving at = inf
   Increment on distance indicator: 10.0
   Increment on tard indicator:     0.0
   Value of tmax indicator:         10.0

Task for patient = 2 with skills = {5,-1} and cost = 1009.3
   Vehicle #0 = 32, leaving at = 1090.0
   Vehicle #1 = -1, leaving at = inf
   Increment on distance indicator: 9.0
   Increment on tard indicator:     0.0
   Value of tmax indicator:         9.0

Task for patient = 35 with skills = {2,5} and cost = 1006.3
   Vehicle #0 = 9, leaving at = 1009.0
   Vehicle #1 = 35, leaving at = 1047.0
   Increment on distance indicator: 11.0
   Increment on tard indicator:     0.0
   Value of tmax indicator:         11.0

Task for patient = 277 with skills = {0,3} and cost = 1002.7
   Vehicle #0 = 14, leaving at = 960.0
   Vehicle #1 = 49, leaving at = 979.0
   Increment on distance indicator: 12.0
   Increment on tard indicator:     0.0
   Value of tmax indicator:         12.0

Task for patient = 13 with skills = {2,3} and cost = 998.7
   Vehicle #0 = 25, leaving at = 872.0
   Vehicle #1 = 30, leaving at = 887.0
   Increment on distance indicator: 14.0
   Increment on tard indicator:     0.0
   Value of tmax indicator:         14.0

Task for patient = 116 with skills = {3,-1} and cost = 994.0
   Vehicle #0 = 32, leaving at = 1022.0
   Vehicle #1 = -1, leaving at = inf
   Increment on distance indicator: 4.0
   Increment on tard indicator:     0.0
   Value of tmax indicator:         4.0

Task for patient = 248 with skills = {0,4} and cost = 992.7
   Vehicle #0 = 13, leaving at = 1023.0
   Vehicle #1 = 51, leaving at = 1031.0
   Increment on distance indicator: 13.0
   Increment on tard indicator:     0.0
   Value of tmax indicator:         13.0

Task for patient = 273 with skills = {1,5} and cost = 988.3
   Vehicle #0 = 4, leaving at = 965.0
   Vehicle #1 = 38, leaving at = 1009.0
   Increment on distance indicator: 11.0
   Increment on tard indicator:     0.0
   Value of tmax indicator:         11.0

Task for patient = 157 with skills = {1,3} and cost = 984.7
   Vehicle #0 = 21, leaving at = 949.0
   Vehicle #1 = 40, leaving at = 981.0
   Increment on distance indicator: 21.0
   Increment on tard indicator:     0.0
   Value of tmax indicator:         21.0

Task for patient = 251 with skills = {0,-1} and cost = 871.0
   Vehicle #0 = 25, leaving at = 806.0
   Vehicle #1 = -1, leaving at = inf
   Increment on distance indicator: 9.0
   Increment on tard indicator:     0.0
   Value of tmax indicator:         9.0

Task for patient = 185 with skills = {2,-1} and cost = 976.7
   Vehicle #0 = 1, leaving at = 913.0
   Vehicle #1 = -1, leaving at = inf
   Increment on distance indicator: 1.0
   Increment on tard indicator:     0.0
   Value of tmax indicator:         1.0

Task for patient = 234 with skills = {4,-1} and cost = 976.3
   Vehicle #0 = 44, leaving at = 910.0
   Vehicle #1 = -1, leaving at = inf
   Increment on distance indicator: 5.0
   Increment on tard indicator:     0.0
   Value of tmax indicator:         5.0

Task for patient = 180 with skills = {0,5} and cost = 974.7
   Vehicle #0 = 13, leaving at = 897.0
   Vehicle #1 = 33, leaving at = 934.0
   Increment on distance indicator: 20.0
   Increment on tard indicator:     0.0
   Value of tmax indicator:         20.0

Task for patient = 207 with skills = {2,-1} and cost = 968.0
   Vehicle #0 = 22, leaving at = 1060.0
   Vehicle #1 = -1, leaving at = inf
   Increment on distance indicator: 6.0
   Increment on tard indicator:     0.0
   Value of tmax indicator:         6.0

Task for patient = 286 with skills = {0,-1} and cost = 966.0
   Vehicle #0 = 15, leaving at = 996.0
   Vehicle #1 = -1, leaving at = inf
   Increment on distance indicator: 5.0
   Increment on tard indicator:     0.0
   Value of tmax indicator:         5.0

Task for patient = 264 with skills = {0,3} and cost = 964.3
   Vehicle #0 = 2, leaving at = 994.0
   Vehicle #1 = 50, leaving at = 1006.0
   Increment on distance indicator: 13.0
   Increment on tard indicator:     0.0
   Value of tmax indicator:         13.0

Task for patient = 24 with skills = {1,-1} and cost = 960.0
   Vehicle #0 = 17, leaving at = 1035.0
   Vehicle #1 = -1, leaving at = inf
   Increment on distance indicator: 3.0
   Increment on tard indicator:     0.0
   Value of tmax indicator:         3.0

Task for patient = 108 with skills = {5,-1} and cost = 959.0
   Vehicle #0 = 58, leaving at = 747.0
   Vehicle #1 = -1, leaving at = inf
   Increment on distance indicator: 4.0
   Increment on tard indicator:     0.0
   Value of tmax indicator:         4.0

Task for patient = 223 with skills = {5,-1} and cost = 977.7
   Vehicle #0 = 43, leaving at = 944.0
   Vehicle #1 = -1, leaving at = inf
   Increment on distance indicator: 3.0
   Increment on tard indicator:     0.0
   Value of tmax indicator:         3.0

Task for patient = 202 with skills = {1,3} and cost = 1068.3
   Vehicle #0 = 28, leaving at = 911.0
   Vehicle #1 = 58, leaving at = 904.0
   Increment on distance indicator: 16.0
   Increment on tard indicator:     0.0
   Value of tmax indicator:         16.0

Task for patient = 111 with skills = {2,3} and cost = 1063.0
   Vehicle #0 = 15, leaving at = 1027.0
   Vehicle #1 = 39, leaving at = 1057.0
   Increment on distance indicator: 10.0
   Increment on tard indicator:     0.0
   Value of tmax indicator:         10.0

Task for patient = 148 with skills = {4,-1} and cost = 1059.7
   Vehicle #0 = 46, leaving at = 1095.0
   Vehicle #1 = -1, leaving at = inf
   Increment on distance indicator: 3.0
   Increment on tard indicator:     0.0
   Value of tmax indicator:         3.0

Task for patient = 183 with skills = {1,4} and cost = 1058.7
   Vehicle #0 = 7, leaving at = 939.0
   Vehicle #1 = 54, leaving at = 947.0
   Increment on distance indicator: 14.0
   Increment on tard indicator:     0.0
   Value of tmax indicator:         14.0

Task for patient = 209 with skills = {1,-1} and cost = 1054.0
   Vehicle #0 = 5, leaving at = 1006.0
   Vehicle #1 = -1, leaving at = inf
   Increment on distance indicator: 4.0
   Increment on tard indicator:     0.0
   Value of tmax indicator:         4.0

Task for patient = 184 with skills = {1,5} and cost = 1052.7
   Vehicle #0 = 11, leaving at = 999.0
   Vehicle #1 = 41, leaving at = 1017.0
   Increment on distance indicator: 14.0
   Increment on tard indicator:     0.0
   Value of tmax indicator:         14.0

Task for patient = 203 with skills = {2,4} and cost = 1048.0
   Vehicle #0 = 0, leaving at = 998.0
   Vehicle #1 = 37, leaving at = 991.0
   Increment on distance indicator: 21.0
   Increment on tard indicator:     0.0
   Value of tmax indicator:         21.0

Task for patient = 76 with skills = {0,4} and cost = 1041.0
   Vehicle #0 = 26, leaving at = 956.0
   Vehicle #1 = 53, leaving at = 964.0
   Increment on distance indicator: 17.0
   Increment on tard indicator:     0.0
   Value of tmax indicator:         17.0

Task for patient = 73 with skills = {3,-1} and cost = 1011.3
   Vehicle #0 = 46, leaving at = 972.0
   Vehicle #1 = -1, leaving at = inf
   Increment on distance indicator: 6.0
   Increment on tard indicator:     0.0
   Value of tmax indicator:         6.0

Task for patient = 204 with skills = {3,-1} and cost = 1031.7
   Vehicle #0 = 33, leaving at = 977.0
   Vehicle #1 = -1, leaving at = inf
   Increment on distance indicator: 9.0
   Increment on tard indicator:     0.0
   Value of tmax indicator:         9.0

Task for patient = 9 with skills = {3,-1} and cost = 1028.7
   Vehicle #0 = 38, leaving at = 1030.0
   Vehicle #1 = -1, leaving at = inf
   Increment on distance indicator: 6.0
   Increment on tard indicator:     0.0
   Value of tmax indicator:         6.0

Task for patient = 113 with skills = {4,-1} and cost = 1026.7
   Vehicle #0 = 54, leaving at = 913.0
   Vehicle #1 = -1, leaving at = inf
   Increment on distance indicator: 9.0
   Increment on tard indicator:     0.0
   Value of tmax indicator:         9.0

Task for patient = 245 with skills = {1,-1} and cost = 1023.7
   Vehicle #0 = 4, leaving at = 1004.0
   Vehicle #1 = -1, leaving at = inf
   Increment on distance indicator: 3.0
   Increment on tard indicator:     0.0
   Value of tmax indicator:         3.0

Task for patient = 137 with skills = {3,-1} and cost = 1022.7
   Vehicle #0 = 46, leaving at = 1036.0
   Vehicle #1 = -1, leaving at = inf
   Increment on distance indicator: 5.0
   Increment on tard indicator:     0.0
   Value of tmax indicator:         5.0

Task for patient = 26 with skills = {0,-1} and cost = 1021.0
   Vehicle #0 = 25, leaving at = 956.0
   Vehicle #1 = -1, leaving at = inf
   Increment on distance indicator: 4.0
   Increment on tard indicator:     0.0
   Value of tmax indicator:         4.0

Task for patient = 163 with skills = {1,-1} and cost = 1019.7
   Vehicle #0 = 18, leaving at = 1054.0
   Vehicle #1 = -1, leaving at = inf
   Increment on distance indicator: 10.0
   Increment on tard indicator:     0.0
   Value of tmax indicator:         10.0

Task for patient = 270 with skills = {5,-1} and cost = 1016.3
   Vehicle #0 = 48, leaving at = 949.0
   Vehicle #1 = -1, leaving at = inf
   Increment on distance indicator: 5.0
   Increment on tard indicator:     0.0
   Value of tmax indicator:         5.0

Task for patient = 37 with skills = {0,3} and cost = 1014.7
   Vehicle #0 = 14, leaving at = 1029.0
   Vehicle #1 = 40, leaving at = 1016.0
   Increment on distance indicator: 10.0
   Increment on tard indicator:     0.0
   Value of tmax indicator:         10.0

Task for patient = 288 with skills = {4,-1} and cost = 1035.3
   Vehicle #0 = 42, leaving at = 825.0
   Vehicle #1 = -1, leaving at = inf
   Increment on distance indicator: 11.0
   Increment on tard indicator:     0.0
   Value of tmax indicator:         11.0

Task for patient = 187 with skills = {0,-1} and cost = 905.7
   Vehicle #0 = 16, leaving at = 863.0
   Vehicle #1 = -1, leaving at = inf
   Increment on distance indicator: 8.0
   Increment on tard indicator:     0.0
   Value of tmax indicator:         8.0

Task for patient = 256 with skills = {5,-1} and cost = 903.0
   Vehicle #0 = 47, leaving at = 1024.0
   Vehicle #1 = -1, leaving at = inf
   Increment on distance indicator: 6.0
   Increment on tard indicator:     0.0
   Value of tmax indicator:         6.0

Task for patient = 61 with skills = {1,-1} and cost = 901.0
   Vehicle #0 = 17, leaving at = 918.0
   Vehicle #1 = -1, leaving at = inf
   Increment on distance indicator: 3.0
   Increment on tard indicator:     0.0
   Value of tmax indicator:         3.0

Task for patient = 150 with skills = {4,-1} and cost = 900.0
   Vehicle #0 = 34, leaving at = 871.0
   Vehicle #1 = -1, leaving at = inf
   Increment on distance indicator: 8.0
   Increment on tard indicator:     0.0
   Value of tmax indicator:         8.0

Task for patient = 215 with skills = {5,-1} and cost = 897.3
   Vehicle #0 = 45, leaving at = 950.0
   Vehicle #1 = -1, leaving at = inf
   Increment on distance indicator: 7.0
   Increment on tard indicator:     0.0
   Value of tmax indicator:         7.0

Task for patient = 201 with skills = {5,-1} and cost = 895.0
   Vehicle #0 = 45, leaving at = 923.0
   Vehicle #1 = -1, leaving at = inf
   Increment on distance indicator: 5.0
   Increment on tard indicator:     0.0
   Value of tmax indicator:         5.0

Task for patient = 195 with skills = {5,-1} and cost = 893.3
   Vehicle #0 = 51, leaving at = 932.0
   Vehicle #1 = -1, leaving at = inf
   Increment on distance indicator: 4.0
   Increment on tard indicator:     0.0
   Value of tmax indicator:         4.0

Task for patient = 36 with skills = {5,-1} and cost = 892.0
   Vehicle #0 = 36, leaving at = 1069.0
   Vehicle #1 = -1, leaving at = inf
   Increment on distance indicator: 4.0
   Increment on tard indicator:     0.0
   Value of tmax indicator:         4.0

Task for patient = 156 with skills = {1,3} and cost = 957.7
   Vehicle #0 = 14, leaving at = 930.0
   Vehicle #1 = 49, leaving at = 938.0
   Increment on distance indicator: 16.0
   Increment on tard indicator:     0.0
   Value of tmax indicator:         16.0

Task for patient = 34 with skills = {1,-1} and cost = 889.3
   Vehicle #0 = 13, leaving at = 854.0
   Vehicle #1 = -1, leaving at = inf
   Increment on distance indicator: 4.0
   Increment on tard indicator:     0.0
   Value of tmax indicator:         4.0

Task for patient = 57 with skills = {0,-1} and cost = 888.0
   Vehicle #0 = 16, leaving at = 840.0
   Vehicle #1 = -1, leaving at = inf
   Increment on distance indicator: 6.0
   Increment on tard indicator:     0.0
   Value of tmax indicator:         6.0

Task for patient = 289 with skills = {4,-1} and cost = 886.0
   Vehicle #0 = 54, leaving at = 869.0
   Vehicle #1 = -1, leaving at = inf
   Increment on distance indicator: 9.0
   Increment on tard indicator:     0.0
   Value of tmax indicator:         9.0

Task for patient = 104 with skills = {2,4} and cost = 883.0
   Vehicle #0 = 27, leaving at = 851.0
   Vehicle #1 = 48, leaving at = 841.0
   Increment on distance indicator: 19.0
   Increment on tard indicator:     0.0
   Value of tmax indicator:         19.0

Task for patient = 72 with skills = {1,-1} and cost = 876.7
   Vehicle #0 = 13, leaving at = 805.0
   Vehicle #1 = -1, leaving at = inf
   Increment on distance indicator: 6.0
   Increment on tard indicator:     0.0
   Value of tmax indicator:         6.0

Task for patient = 290 with skills = {1,-1} and cost = 874.7
   Vehicle #0 = 5, leaving at = 955.0
   Vehicle #1 = -1, leaving at = inf
   Increment on distance indicator: 5.0
   Increment on tard indicator:     0.0
   Value of tmax indicator:         5.0

Task for patient = 100 with skills = {0,-1} and cost = 873.0
   Vehicle #0 = 1, leaving at = 890.0
   Vehicle #1 = -1, leaving at = inf
   Increment on distance indicator: 4.0
   Increment on tard indicator:     0.0
   Value of tmax indicator:         4.0

Task for patient = 75 with skills = {3,-1} and cost = 871.7
   Vehicle #0 = 50, leaving at = 879.0
   Vehicle #1 = -1, leaving at = inf
   Increment on distance indicator: 2.0
   Increment on tard indicator:     0.0
   Value of tmax indicator:         2.0

Task for patient = 171 with skills = {5,-1} and cost = 664.0
   Vehicle #0 = 47, leaving at = 807.0
   Vehicle #1 = -1, leaving at = inf
   Increment on distance indicator: 6.0
   Increment on tard indicator:     0.0
   Value of tmax indicator:         6.0

Task for patient = 167 with skills = {1,-1} and cost = 890.7
   Vehicle #0 = 28, leaving at = 538.0
   Vehicle #1 = -1, leaving at = inf
   Increment on distance indicator: 4.0
   Increment on tard indicator:     0.0
   Value of tmax indicator:         4.0

Task for patient = 154 with skills = {4,-1} and cost = 952.3
   Vehicle #0 = 34, leaving at = 932.0
   Vehicle #1 = -1, leaving at = inf
   Increment on distance indicator: 5.0
   Increment on tard indicator:     0.0
   Value of tmax indicator:         5.0

Task for patient = 274 with skills = {0,5} and cost = 950.7
   Vehicle #0 = 16, leaving at = 932.0
   Vehicle #1 = 52, leaving at = 929.0
   Increment on distance indicator: 21.0
   Increment on tard indicator:     0.0
   Value of tmax indicator:         21.0

Task for patient = 6 with skills = {2,-1} and cost = 943.7
   Vehicle #0 = 23, leaving at = 910.0
   Vehicle #1 = -1, leaving at = inf
   Increment on distance indicator: 5.0
   Increment on tard indicator:     0.0
   Value of tmax indicator:         5.0

Task for patient = 246 with skills = {2,3} and cost = 942.0
   Vehicle #0 = 25, leaving at = 845.0
   Vehicle #1 = 30, leaving at = 834.0
   Increment on distance indicator: 8.0
   Increment on tard indicator:     0.0
   Value of tmax indicator:         8.0

Task for patient = 7 with skills = {5,-1} and cost = 939.3
   Vehicle #0 = 52, leaving at = 869.0
   Vehicle #1 = -1, leaving at = inf
   Increment on distance indicator: 16.0
   Increment on tard indicator:     0.0
   Value of tmax indicator:         16.0

Task for patient = 80 with skills = {1,4} and cost = 934.0
   Vehicle #0 = 17, leaving at = 981.0
   Vehicle #1 = 46, leaving at = 936.0
   Increment on distance indicator: 4.0
   Increment on tard indicator:     0.0
   Value of tmax indicator:         4.0

Task for patient = 259 with skills = {0,3} and cost = 932.7
   Vehicle #0 = 15, leaving at = 972.0
   Vehicle #1 = 37, leaving at = 950.0
   Increment on distance indicator: 7.0
   Increment on tard indicator:     0.0
   Value of tmax indicator:         7.0

Task for patient = 74 with skills = {2,-1} and cost = 930.3
   Vehicle #0 = 0, leaving at = 947.0
   Vehicle #1 = -1, leaving at = inf
   Increment on distance indicator: 1.0
   Increment on tard indicator:     0.0
   Value of tmax indicator:         1.0

Task for patient = 291 with skills = {3,-1} and cost = 907.0
   Vehicle #0 = 31, leaving at = 1035.0
   Vehicle #1 = -1, leaving at = inf
   Increment on distance indicator: 4.0
   Increment on tard indicator:     0.0
   Value of tmax indicator:         4.0

Task for patient = 197 with skills = {4,-1} and cost = 928.7
   Vehicle #0 = 51, leaving at = 971.0
   Vehicle #1 = -1, leaving at = inf
   Increment on distance indicator: 3.0
   Increment on tard indicator:     0.0
   Value of tmax indicator:         3.0

Task for patient = 208 with skills = {4,-1} and cost = 927.7
   Vehicle #0 = 43, leaving at = 905.0
   Vehicle #1 = -1, leaving at = inf
   Increment on distance indicator: 6.0
   Increment on tard indicator:     0.0
   Value of tmax indicator:         6.0

Task for patient = 31 with skills = {4,-1} and cost = 925.7
   Vehicle #0 = 50, leaving at = 943.0
   Vehicle #1 = -1, leaving at = inf
   Increment on distance indicator: 6.0
   Increment on tard indicator:     0.0
   Value of tmax indicator:         6.0

Task for patient = 158 with skills = {4,-1} and cost = 923.7
   Vehicle #0 = 38, leaving at = 936.0
   Vehicle #1 = -1, leaving at = inf
   Increment on distance indicator: 6.0
   Increment on tard indicator:     0.0
   Value of tmax indicator:         6.0

Task for patient = 139 with skills = {1,-1} and cost = 921.7
   Vehicle #0 = 10, leaving at = 1028.0
   Vehicle #1 = -1, leaving at = inf
   Increment on distance indicator: 6.0
   Increment on tard indicator:     0.0
   Value of tmax indicator:         6.0

Task for patient = 67 with skills = {0,5} and cost = 919.7
   Vehicle #0 = 24, leaving at = 869.0
   Vehicle #1 = 56, leaving at = 881.0
   Increment on distance indicator: 14.0
   Increment on tard indicator:     0.0
   Value of tmax indicator:         14.0

Task for patient = 178 with skills = {1,3} and cost = 915.0
   Vehicle #0 = 6, leaving at = 873.0
   Vehicle #1 = 57, leaving at = 896.0
   Increment on distance indicator: 12.0
   Increment on tard indicator:     0.0
   Value of tmax indicator:         12.0

Task for patient = 105 with skills = {1,4} and cost = 911.0
   Vehicle #0 = 18, leaving at = 990.0
   Vehicle #1 = 39, leaving at = 1001.0
   Increment on distance indicator: 6.0
   Increment on tard indicator:     0.0
   Value of tmax indicator:         6.0

Task for patient = 48 with skills = {0,-1} and cost = 909.0
   Vehicle #0 = 15, leaving at = 855.0
   Vehicle #1 = -1, leaving at = inf
   Increment on distance indicator: 6.0
   Increment on tard indicator:     0.0
   Value of tmax indicator:         6.0

Task for patient = 96 with skills = {5,-1} and cost = 930.0
   Vehicle #0 = 52, leaving at = 731.0
   Vehicle #1 = -1, leaving at = inf
   Increment on distance indicator: 4.0
   Increment on tard indicator:     0.0
   Value of tmax indicator:         4.0

Task for patient = 109 with skills = {1,5} and cost = 310.3
   Vehicle #0 = 13, leaving at = 595.0
   Vehicle #1 = 43, leaving at = 626.0
   Increment on distance indicator: 36.0
   Increment on tard indicator:     0.0
   Value of tmax indicator:         36.0

Task for patient = 219 with skills = {0,-1} and cost = 298.3
   Vehicle #0 = 10, leaving at = 794.0
   Vehicle #1 = -1, leaving at = inf
   Increment on distance indicator: 4.0
   Increment on tard indicator:     0.0
   Value of tmax indicator:         4.0

Task for patient = 222 with skills = {3,-1} and cost = 297.0
   Vehicle #0 = 40, leaving at = 668.0
   Vehicle #1 = -1, leaving at = inf
   Increment on distance indicator: 13.0
   Increment on tard indicator:     0.0
   Value of tmax indicator:         13.0

Task for patient = 46 with skills = {5,-1} and cost = 292.7
   Vehicle #0 = 43, leaving at = 569.0
   Vehicle #1 = -1, leaving at = inf
   Increment on distance indicator: 27.0
   Increment on tard indicator:     0.0
   Value of tmax indicator:         27.0

Task for patient = 15 with skills = {1,-1} and cost = 280.7
   Vehicle #0 = 3, leaving at = 867.0
   Vehicle #1 = -1, leaving at = inf
   Increment on distance indicator: 5.0
   Increment on tard indicator:     0.0
   Value of tmax indicator:         5.0

Task for patient = 40 with skills = {0,-1} and cost = 279.0
   Vehicle #0 = 9, leaving at = 735.0
   Vehicle #1 = -1, leaving at = inf
   Increment on distance indicator: 8.0
   Increment on tard indicator:     0.0
   Value of tmax indicator:         8.0

Task for patient = 118 with skills = {3,-1} and cost = 276.3
   Vehicle #0 = 41, leaving at = 646.0
   Vehicle #1 = -1, leaving at = inf
   Increment on distance indicator: 4.0
   Increment on tard indicator:     0.0
   Value of tmax indicator:         4.0

Task for patient = 143 with skills = {0,-1} and cost = 275.0
   Vehicle #0 = 11, leaving at = 649.0
   Vehicle #1 = -1, leaving at = inf
   Increment on distance indicator: 11.0
   Increment on tard indicator:     0.0
   Value of tmax indicator:         11.0

Task for patient = 296 with skills = {4,-1} and cost = 662.0
   Vehicle #0 = 54, leaving at = 774.0
   Vehicle #1 = -1, leaving at = inf
   Increment on distance indicator: 4.0
   Increment on tard indicator:     0.0
   Value of tmax indicator:         4.0

Task for patient = 119 with skills = {3,-1} and cost = 261.7
   Vehicle #0 = 34, leaving at = 684.0
   Vehicle #1 = -1, leaving at = inf
   Increment on distance indicator: 6.0
   Increment on tard indicator:     0.0
   Value of tmax indicator:         6.0

Task for patient = 47 with skills = {2,-1} and cost = 259.7
   Vehicle #0 = 10, leaving at = 705.0
   Vehicle #1 = -1, leaving at = inf
   Increment on distance indicator: 9.0
   Increment on tard indicator:     0.0
   Value of tmax indicator:         9.0

Task for patient = 12 with skills = {4,-1} and cost = 256.7
   Vehicle #0 = 38, leaving at = 707.0
   Vehicle #1 = -1, leaving at = inf
   Increment on distance indicator: 13.0
   Increment on tard indicator:     0.0
   Value of tmax indicator:         13.0

Task for patient = 54 with skills = {3,-1} and cost = 252.3
   Vehicle #0 = 31, leaving at = 811.0
   Vehicle #1 = -1, leaving at = inf
   Increment on distance indicator: 3.0
   Increment on tard indicator:     0.0
   Value of tmax indicator:         3.0

Task for patient = 89 with skills = {1,3} and cost = 251.3
   Vehicle #0 = 10, leaving at = 663.0
   Vehicle #1 = 39, leaving at = 687.0
   Increment on distance indicator: 14.0
   Increment on tard indicator:     0.0
   Value of tmax indicator:         14.0

Task for patient = 174 with skills = {2,-1} and cost = 246.7
   Vehicle #0 = 8, leaving at = 570.0
   Vehicle #1 = -1, leaving at = inf
   Increment on distance indicator: 17.0
   Increment on tard indicator:     0.0
   Value of tmax indicator:         17.0

Task for patient = 128 with skills = {1,-1} and cost = 241.0
   Vehicle #0 = 3, leaving at = 818.0
   Vehicle #1 = -1, leaving at = inf
   Increment on distance indicator: 7.0
   Increment on tard indicator:     0.0
   Value of tmax indicator:         7.0

Task for patient = 55 with skills = {0,4} and cost = 238.7
   Vehicle #0 = 10, leaving at = 630.0
   Vehicle #1 = 39, leaving at = 609.0
   Increment on distance indicator: 10.0
   Increment on tard indicator:     0.0
   Value of tmax indicator:         10.0

Task for patient = 125 with skills = {3,-1} and cost = 271.3
   Vehicle #0 = 41, leaving at = 526.0
   Vehicle #1 = -1, leaving at = inf
   Increment on distance indicator: 29.0
   Increment on tard indicator:     0.0
   Value of tmax indicator:         29.0

Task for patient = 5 with skills = {4,-1} and cost = 399.3
   Vehicle #0 = 35, leaving at = 787.0
   Vehicle #1 = -1, leaving at = inf
   Increment on distance indicator: 2.0
   Increment on tard indicator:     0.0
   Value of tmax indicator:         2.0

Task for patient = 51 with skills = {2,-1} and cost = 398.7
   Vehicle #0 = 9, leaving at = 773.0
   Vehicle #1 = -1, leaving at = inf
   Increment on distance indicator: 3.0
   Increment on tard indicator:     0.0
   Value of tmax indicator:         3.0

Task for patient = 155 with skills = {2,5} and cost = 397.7
   Vehicle #0 = 15, leaving at = 581.0
   Vehicle #1 = 48, leaving at = 577.0
   Increment on distance indicator: 36.0
   Increment on tard indicator:     0.0
   Value of tmax indicator:         36.0

Task for patient = 126 with skills = {3,-1} and cost = 385.7
   Vehicle #0 = 47, leaving at = 695.0
   Vehicle #1 = -1, leaving at = inf
   Increment on distance indicator: 3.0
   Increment on tard indicator:     0.0
   Value of tmax indicator:         3.0

Task for patient = 23 with skills = {1,-1} and cost = 384.7
   Vehicle #0 = 10, leaving at = 841.0
   Vehicle #1 = -1, leaving at = inf
   Increment on distance indicator: 6.0
   Increment on tard indicator:     0.0
   Value of tmax indicator:         6.0

Task for patient = 44 with skills = {4,-1} and cost = 382.7
   Vehicle #0 = 37, leaving at = 690.0
   Vehicle #1 = -1, leaving at = inf
   Increment on distance indicator: 9.0
   Increment on tard indicator:     0.0
   Value of tmax indicator:         9.0

Task for patient = 295 with skills = {4,-1} and cost = 379.7
   Vehicle #0 = 46, leaving at = 624.0
   Vehicle #1 = -1, leaving at = inf
   Increment on distance indicator: 3.0
   Increment on tard indicator:     0.0
   Value of tmax indicator:         3.0

Task for patient = 293 with skills = {1,4} and cost = 378.7
   Vehicle #0 = 5, leaving at = 775.0
   Vehicle #1 = 39, leaving at = 792.0
   Increment on distance indicator: 7.0
   Increment on tard indicator:     0.0
   Value of tmax indicator:         7.0

Task for patient = 194 with skills = {1,3} and cost = 315.3
   Vehicle #0 = 11, leaving at = 706.0
   Vehicle #1 = 40, leaving at = 708.0
   Increment on distance indicator: 15.0
   Increment on tard indicator:     0.0
   Value of tmax indicator:         15.0

Task for patient = 170 with skills = {3,-1} and cost = 374.3
   Vehicle #0 = 47, leaving at = 560.0
   Vehicle #1 = -1, leaving at = inf
   Increment on distance indicator: 17.0
   Increment on tard indicator:     0.0
   Value of tmax indicator:         17.0

Task for patient = 168 with skills = {2,-1} and cost = 368.7
   Vehicle #0 = 17, leaving at = 644.0
   Vehicle #1 = -1, leaving at = inf
   Increment on distance indicator: 8.0
   Increment on tard indicator:     0.0
   Value of tmax indicator:         8.0

Task for patient = 249 with skills = {0,3} and cost = 366.0
   Vehicle #0 = 13, leaving at = 680.0
   Vehicle #1 = 43, leaving at = 663.0
   Increment on distance indicator: 24.0
   Increment on tard indicator:     0.0
   Value of tmax indicator:         24.0

Task for patient = 224 with skills = {1,4} and cost = 358.0
   Vehicle #0 = 17, leaving at = 593.0
   Vehicle #1 = 46, leaving at = 565.0
   Increment on distance indicator: 42.0
   Increment on tard indicator:     0.0
   Value of tmax indicator:         42.0

Task for patient = 300 with skills = {4,-1} and cost = 344.0
   Vehicle #0 = 44, leaving at = 536.0
   Vehicle #1 = -1, leaving at = inf
   Increment on distance indicator: 16.0
   Increment on tard indicator:     0.0
   Value of tmax indicator:         16.0

Task for patient = 39 with skills = {3,-1} and cost = 338.7
   Vehicle #0 = 39, leaving at = 770.0
   Vehicle #1 = -1, leaving at = inf
   Increment on distance indicator: 8.0
   Increment on tard indicator:     0.0
   Value of tmax indicator:         8.0

Task for patient = 262 with skills = {1,-1} and cost = 336.0
   Vehicle #0 = 7, leaving at = 724.0
   Vehicle #1 = -1, leaving at = inf
   Increment on distance indicator: 4.0
   Increment on tard indicator:     0.0
   Value of tmax indicator:         4.0

Task for patient = 198 with skills = {2,4} and cost = 334.7
   Vehicle #0 = 8, leaving at = 633.0
   Vehicle #1 = 42, leaving at = 657.0
   Increment on distance indicator: 24.0
   Increment on tard indicator:     0.0
   Value of tmax indicator:         24.0

Task for patient = 121 with skills = {2,5} and cost = 326.7
   Vehicle #0 = 14, leaving at = 661.0
   Vehicle #1 = 45, leaving at = 672.0
   Increment on distance indicator: 34.0
   Increment on tard indicator:     0.0
   Value of tmax indicator:         34.0

Task for patient = 101 with skills = {1,-1} and cost = 376.3
   Vehicle #0 = 4, leaving at = 830.0
   Vehicle #1 = -1, leaving at = inf
   Increment on distance indicator: 6.0
   Increment on tard indicator:     0.0
   Value of tmax indicator:         6.0

Task for patient = 172 with skills = {4,-1} and cost = 122.0
   Vehicle #0 = 32, leaving at = 763.0
   Vehicle #1 = -1, leaving at = inf
   Increment on distance indicator: 10.0
   Increment on tard indicator:     0.0
   Value of tmax indicator:         10.0

Task for patient = 22 with skills = {1,3} and cost = 118.7
   Vehicle #0 = 6, leaving at = 680.0
   Vehicle #1 = 31, leaving at = 666.0
   Increment on distance indicator: 12.0
   Increment on tard indicator:     0.0
   Value of tmax indicator:         12.0

Task for patient = 97 with skills = {2,4} and cost = 114.7
   Vehicle #0 = 0, leaving at = 605.0
   Vehicle #1 = 35, leaving at = 640.0
   Increment on distance indicator: 13.0
   Increment on tard indicator:     0.0
   Value of tmax indicator:         13.0

Task for patient = 82 with skills = {1,5} and cost = 110.3
   Vehicle #0 = 5, leaving at = 557.0
   Vehicle #1 = 35, leaving at = 551.0
   Increment on distance indicator: 50.0
   Increment on tard indicator:     0.0
   Value of tmax indicator:         50.0

Task for patient = 102 with skills = {3,-1} and cost = 93.7
   Vehicle #0 = 30, leaving at = 558.0
   Vehicle #1 = -1, leaving at = inf
   Increment on distance indicator: 18.0
   Increment on tard indicator:     0.0
   Value of tmax indicator:         18.0

Task for patient = 136 with skills = {2,-1} and cost = 87.7
   Vehicle #0 = 1, leaving at = 764.0
   Vehicle #1 = -1, leaving at = inf
   Increment on distance indicator: 4.0
   Increment on tard indicator:     0.0
   Value of tmax indicator:         4.0

Task for patient = 193 with skills = {1,3} and cost = 86.3
   Vehicle #0 = 4, leaving at = 769.0
   Vehicle #1 = 33, leaving at = 775.0
   Increment on distance indicator: 18.0
   Increment on tard indicator:     0.0
   Value of tmax indicator:         18.0

Task for patient = 164 with skills = {0,-1} and cost = 80.3
   Vehicle #0 = 9, leaving at = 606.0
   Vehicle #1 = -1, leaving at = inf
   Increment on distance indicator: 35.0
   Increment on tard indicator:     0.0
   Value of tmax indicator:         35.0

Task for patient = 81 with skills = {1,5} and cost = 235.3
   Vehicle #0 = 6, leaving at = 745.0
   Vehicle #1 = 36, leaving at = 744.0
   Increment on distance indicator: 16.0
   Increment on tard indicator:     0.0
   Value of tmax indicator:         16.0

Task for patient = 151 with skills = {5,-1} and cost = 67.0
   Vehicle #0 = 32, leaving at = 712.0
   Vehicle #1 = -1, leaving at = inf
   Increment on distance indicator: 11.0
   Increment on tard indicator:     0.0
   Value of tmax indicator:         11.0

Task for patient = 112 with skills = {1,3} and cost = 63.3
   Vehicle #0 = 4, leaving at = 729.0
   Vehicle #1 = 33, leaving at = 729.0
   Increment on distance indicator: 6.0
   Increment on tard indicator:     0.0
   Value of tmax indicator:         6.0

Task for patient = 278 with skills = {1,3} and cost = 61.3
   Vehicle #0 = 4, leaving at = 666.0
   Vehicle #1 = 33, leaving at = 690.0
   Increment on distance indicator: 39.0
   Increment on tard indicator:     0.0
   Value of tmax indicator:         39.0

Task for patient = 243 with skills = {1,-1} and cost = 48.3
   Vehicle #0 = 3, leaving at = 546.0
   Vehicle #1 = -1, leaving at = inf
   Increment on distance indicator: 16.0
   Increment on tard indicator:     0.0
   Value of tmax indicator:         16.0

Task for patient = 66 with skills = {2,3} and cost = 43.0
   Vehicle #0 = 0, leaving at = 568.0
   Vehicle #1 = 33, leaving at = 605.0
   Increment on distance indicator: 25.0
   Increment on tard indicator:     0.0
   Value of tmax indicator:         25.0

Task for patient = 253 with skills = {5,-1} and cost = 34.7
   Vehicle #0 = 33, leaving at = 515.0
   Vehicle #1 = -1, leaving at = inf
   Increment on distance indicator: 20.0
   Increment on tard indicator:     0.0
   Value of tmax indicator:         20.0

Task for patient = 41 with skills = {0,-1} and cost = 28.0
   Vehicle #0 = 2, leaving at = 617.0
   Vehicle #1 = -1, leaving at = inf
   Increment on distance indicator: 13.0
   Increment on tard indicator:     0.0
   Value of tmax indicator:         13.0

Task for patient = 94 with skills = {2,-1} and cost = 23.7
   Vehicle #0 = 0, leaving at = 539.0
   Vehicle #1 = -1, leaving at = inf
   Increment on distance indicator: 31.0
   Increment on tard indicator:     0.0
   Value of tmax indicator:         31.0

Task for patient = 265 with skills = {0,5} and cost = 13.3
   Vehicle #0 = 1, leaving at = 665.0
   Vehicle #1 = 32, leaving at = 644.0
   Increment on distance indicator: 40.0
   Increment on tard indicator:     0.0
   Value of tmax indicator:         40.0

Task for patient = 99 with skills = {2,-1} and cost = 68.7
   Vehicle #0 = 3, leaving at = 600.0
   Vehicle #1 = -1, leaving at = inf
   Increment on distance indicator: 5.0
   Increment on tard indicator:     0.0
   Value of tmax indicator:         5.0

Task for patient = 132 with skills = {3,-1} and cost = 230.0
   Vehicle #0 = 40, leaving at = 581.0
   Vehicle #1 = -1, leaving at = inf
   Increment on distance indicator: 12.0
   Increment on tard indicator:     0.0
   Value of tmax indicator:         12.0

Task for patient = 145 with skills = {0,3} and cost = 226.0
   Vehicle #0 = 10, leaving at = 571.0
   Vehicle #1 = 39, leaving at = 573.0
   Increment on distance indicator: 34.0
   Increment on tard indicator:     0.0
   Value of tmax indicator:         34.0

Task for patient = 282 with skills = {3,-1} and cost = 214.7
   Vehicle #0 = 37, leaving at = 647.0
   Vehicle #1 = -1, leaving at = inf
   Increment on distance indicator: 21.0
   Increment on tard indicator:     0.0
   Value of tmax indicator:         21.0

Task for patient = 8 with skills = {2,3} and cost = 207.7
   Vehicle #0 = 7, leaving at = 671.0
   Vehicle #1 = 34, leaving at = 654.0
   Increment on distance indicator: 18.0
   Increment on tard indicator:     0.0
   Value of tmax indicator:         18.0

Task for patient = 90 with skills = {5,-1} and cost = 201.7
   Vehicle #0 = 38, leaving at = 634.0
   Vehicle #1 = -1, leaving at = inf
   Increment on distance indicator: 11.0
   Increment on tard indicator:     0.0
   Value of tmax indicator:         11.0

Task for patient = 287 with skills = {5,-1} and cost = 198.0
   Vehicle #0 = 38, leaving at = 587.0
   Vehicle #1 = -1, leaving at = inf
   Increment on distance indicator: 30.0
   Increment on tard indicator:     0.0
   Value of tmax indicator:         30.0

Task for patient = 192 with skills = {1,3} and cost = 188.0
   Vehicle #0 = 3, leaving at = 774.0
   Vehicle #1 = 31, leaving at = 764.0
   Increment on distance indicator: 12.0
   Increment on tard indicator:     0.0
   Value of tmax indicator:         12.0

Task for patient = 141 with skills = {2,4} and cost = 184.0
   Vehicle #0 = 0, leaving at = 750.0
   Vehicle #1 = 35, leaving at = 767.0
   Increment on distance indicator: 9.0
   Increment on tard indicator:     0.0
   Value of tmax indicator:         9.0

Task for patient = 42 with skills = {1,-1} and cost = 122.3
   Vehicle #0 = 5, leaving at = 736.0
   Vehicle #1 = -1, leaving at = inf
   Increment on distance indicator: 1.0
   Increment on tard indicator:     0.0
   Value of tmax indicator:         1.0

Task for patient = 231 with skills = {2,-1} and cost = 173.0
   Vehicle #0 = 7, leaving at = 521.0
   Vehicle #1 = -1, leaving at = inf
   Increment on distance indicator: 25.0
   Increment on tard indicator:     0.0
   Value of tmax indicator:         25.0

Task for patient = 160 with skills = {3,-1} and cost = 164.7
   Vehicle #0 = 34, leaving at = 514.0
   Vehicle #1 = -1, leaving at = inf
   Increment on distance indicator: 29.0
   Increment on tard indicator:     0.0
   Value of tmax indicator:         29.0

Task for patient = 70 with skills = {4,-1} and cost = 155.0
   Vehicle #0 = 32, leaving at = 843.0
   Vehicle #1 = -1, leaving at = inf
   Increment on distance indicator: 9.0
   Increment on tard indicator:     0.0
   Value of tmax indicator:         9.0

Task for patient = 93 with skills = {5,-1} and cost = 152.0
   Vehicle #0 = 32, leaving at = 789.0
   Vehicle #1 = -1, leaving at = inf
   Increment on distance indicator: 7.0
   Increment on tard indicator:     0.0
   Value of tmax indicator:         7.0

Task for patient = 140 with skills = {2,4} and cost = 149.7
   Vehicle #0 = 9, leaving at = 689.0
   Vehicle #1 = 35, leaving at = 722.0
   Increment on distance indicator: 13.0
   Increment on tard indicator:     0.0
   Value of tmax indicator:         13.0

Task for patient = 20 with skills = {0,-1} and cost = 145.3
   Vehicle #0 = 9, leaving at = 666.0
   Vehicle #1 = -1, leaving at = inf
   Increment on distance indicator: 4.0
   Increment on tard indicator:     0.0
   Value of tmax indicator:         4.0

Task for patient = 78 with skills = {2,3} and cost = 144.0
   Vehicle #0 = 3, leaving at = 728.0
   Vehicle #1 = 31, leaving at = 703.0
   Increment on distance indicator: 21.0
   Increment on tard indicator:     0.0
   Value of tmax indicator:         21.0

Task for patient = 226 with skills = {3,-1} and cost = 137.0
   Vehicle #0 = 30, leaving at = 636.0
   Vehicle #1 = -1, leaving at = inf
   Increment on distance indicator: 29.0
   Increment on tard indicator:     0.0
   Value of tmax indicator:         29.0

Task for patient = 129 with skills = {5,-1} and cost = 127.3
   Vehicle #0 = 36, leaving at = 669.0
   Vehicle #1 = -1, leaving at = inf
   Increment on distance indicator: 15.0
   Increment on tard indicator:     0.0
   Value of tmax indicator:         15.0

Task for patient = 115 with skills = {1,3} and cost = 181.0
   Vehicle #0 = 7, leaving at = 611.0
   Vehicle #1 = 34, leaving at = 610.0
   Increment on distance indicator: 24.0
   Increment on tard indicator:     0.0
   Value of tmax indicator:         24.0

Task for patient = 29 with skills = {5,-1} and cost = 600.0
   Vehicle #0 = 36, leaving at = 781.0
   Vehicle #1 = -1, leaving at = inf
   Increment on distance indicator: 1.0
   Increment on tard indicator:     0.0
   Value of tmax indicator:         1.0

Task for patient = 33 with skills = {3,-1} and cost = 599.7
   Vehicle #0 = 37, leaving at = 819.0
   Vehicle #1 = -1, leaving at = inf
   Increment on distance indicator: 8.0
   Increment on tard indicator:     0.0
   Value of tmax indicator:         8.0

Task for patient = 43 with skills = {3,-1} and cost = 597.0
   Vehicle #0 = 46, leaving at = 888.0
   Vehicle #1 = -1, leaving at = inf
   Increment on distance indicator: 2.0
   Increment on tard indicator:     0.0
   Value of tmax indicator:         2.0

Task for patient = 144 with skills = {3,-1} and cost = 596.3
   Vehicle #0 = 46, leaving at = 836.0
   Vehicle #1 = -1, leaving at = inf
   Increment on distance indicator: 4.0
   Increment on tard indicator:     0.0
   Value of tmax indicator:         4.0

Task for patient = 267 with skills = {2,-1} and cost = 595.0
   Vehicle #0 = 23, leaving at = 629.0
   Vehicle #1 = -1, leaving at = inf
   Increment on distance indicator: 26.0
   Increment on tard indicator:     0.0
   Value of tmax indicator:         26.0

Task for patient = 255 with skills = {3,-1} and cost = 586.3
   Vehicle #0 = 50, leaving at = 679.0
   Vehicle #1 = -1, leaving at = inf
   Increment on distance indicator: 2.0
   Increment on tard indicator:     0.0
   Value of tmax indicator:         2.0

Task for patient = 152 with skills = {0,-1} and cost = 585.7
   Vehicle #0 = 22, leaving at = 584.0
   Vehicle #1 = -1, leaving at = inf
   Increment on distance indicator: 22.0
   Increment on tard indicator:     0.0
   Value of tmax indicator:         22.0

Task for patient = 1 with skills = {2,-1} and cost = 578.3
   Vehicle #0 = 7, leaving at = 854.0
   Vehicle #1 = -1, leaving at = inf
   Increment on distance indicator: 4.0
   Increment on tard indicator:     0.0
   Value of tmax indicator:         4.0

Task for patient = 63 with skills = {5,-1} and cost = 403.3
   Vehicle #0 = 48, leaving at = 614.0
   Vehicle #1 = -1, leaving at = inf
   Increment on distance indicator: 12.0
   Increment on tard indicator:     0.0
   Value of tmax indicator:         12.0

Task for patient = 269 with skills = {4,-1} and cost = 571.3
   Vehicle #0 = 51, leaving at = 736.0
   Vehicle #1 = -1, leaving at = inf
   Increment on distance indicator: 2.0
   Increment on tard indicator:     0.0
   Value of tmax indicator:         2.0

Task for patient = 64 with skills = {1,-1} and cost = 570.7
   Vehicle #0 = 20, leaving at = 576.0
   Vehicle #1 = -1, leaving at = inf
   Increment on distance indicator: 13.0
   Increment on tard indicator:     0.0
   Value of tmax indicator:         13.0

Task for patient = 19 with skills = {1,-1} and cost = 566.3
   Vehicle #0 = 5, leaving at = 829.0
   Vehicle #1 = -1, leaving at = inf
   Increment on distance indicator: 5.0
   Increment on tard indicator:     0.0
   Value of tmax indicator:         5.0

Task for patient = 103 with skills = {1,-1} and cost = 564.7
   Vehicle #0 = 14, leaving at = 775.0
   Vehicle #1 = -1, leaving at = inf
   Increment on distance indicator: 13.0
   Increment on tard indicator:     0.0
   Value of tmax indicator:         13.0

Task for patient = 38 with skills = {5,-1} and cost = 560.3
   Vehicle #0 = 32, leaving at = 939.0
   Vehicle #1 = -1, leaving at = inf
   Increment on distance indicator: 4.0
   Increment on tard indicator:     0.0
   Value of tmax indicator:         4.0

Task for patient = 133 with skills = {4,-1} and cost = 559.0
   Vehicle #0 = 51, leaving at = 666.0
   Vehicle #1 = -1, leaving at = inf
   Increment on distance indicator: 9.0
   Increment on tard indicator:     0.0
   Value of tmax indicator:         9.0

Task for patient = 233 with skills = {5,-1} and cost = 556.0
   Vehicle #0 = 51, leaving at = 618.0
   Vehicle #1 = -1, leaving at = inf
   Increment on distance indicator: 3.0
   Increment on tard indicator:     0.0
   Value of tmax indicator:         3.0

Task for patient = 134 with skills = {4,-1} and cost = 555.0
   Vehicle #0 = 42, leaving at = 729.0
   Vehicle #1 = -1, leaving at = inf
   Increment on distance indicator: 14.0
   Increment on tard indicator:     0.0
   Value of tmax indicator:         14.0

Task for patient = 135 with skills = {0,4} and cost = 577.0
   Vehicle #0 = 16, leaving at = 707.0
   Vehicle #1 = 44, leaving at = 692.0
   Increment on distance indicator: 17.0
   Increment on tard indicator:     0.0
   Value of tmax indicator:         17.0

Task for patient = 212 with skills = {0,-1} and cost = 1070.7
   Vehicle #0 = 12, leaving at = 920.0
   Vehicle #1 = -1, leaving at = inf
   Increment on distance indicator: 7.0
   Increment on tard indicator:     0.0
   Value of tmax indicator:         7.0

Task for patient = 284 with skills = {0,-1} and cost = 660.7
   Vehicle #0 = 2, leaving at = 724.0
   Vehicle #1 = -1, leaving at = inf
   Increment on distance indicator: 13.0
   Increment on tard indicator:     0.0
   Value of tmax indicator:         13.0

Task for patient = 146 with skills = {1,-1} and cost = 656.3
   Vehicle #0 = 20, leaving at = 636.0
   Vehicle #1 = -1, leaving at = inf
   Increment on distance indicator: 9.0
   Increment on tard indicator:     0.0
   Value of tmax indicator:         9.0

Task for patient = 159 with skills = {0,-1} and cost = 653.3
   Vehicle #0 = 12, leaving at = 638.0
   Vehicle #1 = -1, leaving at = inf
   Increment on distance indicator: 8.0
   Increment on tard indicator:     0.0
   Value of tmax indicator:         8.0

Task for patient = 49 with skills = {1,4} and cost = 650.7
   Vehicle #0 = 25, leaving at = 662.0
   Vehicle #1 = 53, leaving at = 705.0
   Increment on distance indicator: 14.0
   Increment on tard indicator:     0.0
   Value of tmax indicator:         14.0

Task for patient = 285 with skills = {5,-1} and cost = 646.0
   Vehicle #0 = 52, leaving at = 568.0
   Vehicle #1 = -1, leaving at = inf
   Increment on distance indicator: 21.0
   Increment on tard indicator:     0.0
   Value of tmax indicator:         21.0

Task for patient = 260 with skills = {4,-1} and cost = 639.0
   Vehicle #0 = 44, leaving at = 787.0
   Vehicle #1 = -1, leaving at = inf
   Increment on distance indicator: 7.0
   Increment on tard indicator:     0.0
   Value of tmax indicator:         7.0

Task for patient = 60 with skills = {0,3} and cost = 636.7
   Vehicle #0 = 11, leaving at = 825.0
   Vehicle #1 = 40, leaving at = 804.0
   Increment on distance indicator: 16.0
   Increment on tard indicator:     0.0
   Value of tmax indicator:         16.0

Task for patient = 238 with skills = {0,-1} and cost = 602.3
   Vehicle #0 = 22, leaving at = 610.0
   Vehicle #1 = -1, leaving at = inf
   Increment on distance indicator: 7.0
   Increment on tard indicator:     0.0
   Value of tmax indicator:         7.0

Task for patient = 153 with skills = {1,-1} and cost = 628.0
   Vehicle #0 = 4, leaving at = 872.0
   Vehicle #1 = -1, leaving at = inf
   Increment on distance indicator: 4.0
   Increment on tard indicator:     0.0
   Value of tmax indicator:         4.0

Task for patient = 162 with skills = {2,-1} and cost = 626.7
   Vehicle #0 = 21, leaving at = 656.0
   Vehicle #1 = -1, leaving at = inf
   Increment on distance indicator: 9.0
   Increment on tard indicator:     0.0
   Value of tmax indicator:         9.0

Task for patient = 85 with skills = {3,-1} and cost = 623.7
   Vehicle #0 = 54, leaving at = 666.0
   Vehicle #1 = -1, leaving at = inf
   Increment on distance indicator: 15.0
   Increment on tard indicator:     0.0
   Value of tmax indicator:         15.0

Task for patient = 50 with skills = {1,-1} and cost = 618.7
   Vehicle #0 = 14, leaving at = 811.0
   Vehicle #1 = -1, leaving at = inf
   Increment on distance indicator: 3.0
   Increment on tard indicator:     0.0
   Value of tmax indicator:         3.0

Task for patient = 173 with skills = {2,-1} and cost = 617.7
   Vehicle #0 = 19, leaving at = 813.0
   Vehicle #1 = -1, leaving at = inf
   Increment on distance indicator: 2.0
   Increment on tard indicator:     0.0
   Value of tmax indicator:         2.0

Task for patient = 124 with skills = {2,-1} and cost = 617.0
   Vehicle #0 = 19, leaving at = 757.0
   Vehicle #1 = -1, leaving at = inf
   Increment on distance indicator: 2.0
   Increment on tard indicator:     0.0
   Value of tmax indicator:         2.0

Task for patient = 186 with skills = {1,-1} and cost = 616.3
   Vehicle #0 = 23, leaving at = 690.0
   Vehicle #1 = -1, leaving at = inf
   Increment on distance indicator: 9.0
   Increment on tard indicator:     0.0
   Value of tmax indicator:         9.0

Task for patient = 199 with skills = {2,4} and cost = 613.3
   Vehicle #0 = 19, leaving at = 700.0
   Vehicle #1 = 44, leaving at = 715.0
   Increment on distance indicator: 12.0
   Increment on tard indicator:     0.0
   Value of tmax indicator:         12.0

Task for patient = 11 with skills = {3,-1} and cost = 609.3
   Vehicle #0 = 57, leaving at = 580.0
   Vehicle #1 = -1, leaving at = inf
   Increment on distance indicator: 21.0
   Increment on tard indicator:     0.0
   Value of tmax indicator:         21.0

Task for patient = 254 with skills = {5,-1} and cost = 631.3
   Vehicle #0 = 54, leaving at = 720.0
   Vehicle #1 = -1, leaving at = inf
   Increment on distance indicator: 10.0
   Increment on tard indicator:     0.0
   Value of tmax indicator:         10.0

Task for patient = 292 with skills = {2,-1} and cost = 457.0
   Vehicle #0 = 18, leaving at = 670.0
   Vehicle #1 = -1, leaving at = inf
   Increment on distance indicator: 4.0
   Increment on tard indicator:     0.0
   Value of tmax indicator:         4.0

Task for patient = 191 with skills = {4,-1} and cost = 455.7
   Vehicle #0 = 44, leaving at = 593.0
   Vehicle #1 = -1, leaving at = inf
   Increment on distance indicator: 10.0
   Increment on tard indicator:     0.0
   Value of tmax indicator:         10.0

Task for patient = 261 with skills = {5,-1} and cost = 452.3
   Vehicle #0 = 41, leaving at = 746.0
   Vehicle #1 = -1, leaving at = inf
   Increment on distance indicator: 13.0
   Increment on tard indicator:     0.0
   Value of tmax indicator:         13.0

Task for patient = 257 with skills = {3,-1} and cost = 448.0
   Vehicle #0 = 37, leaving at = 754.0
   Vehicle #1 = -1, leaving at = inf
   Increment on distance indicator: 4.0
   Increment on tard indicator:     0.0
   Value of tmax indicator:         4.0

Task for patient = 179 with skills = {4,-1} and cost = 446.7
   Vehicle #0 = 34, leaving at = 780.0
   Vehicle #1 = -1, leaving at = inf
   Increment on distance indicator: 1.0
   Increment on tard indicator:     0.0
   Value of tmax indicator:         1.0

Task for patient = 242 with skills = {1,-1} and cost = 446.3
   Vehicle #0 = 20, leaving at = 509.0
   Vehicle #1 = -1, leaving at = inf
   Increment on distance indicator: 19.0
   Increment on tard indicator:     0.0
   Value of tmax indicator:         19.0

Task for patient = 247 with skills = {5,-1} and cost = 440.0
   Vehicle #0 = 48, leaving at = 656.0
   Vehicle #1 = -1, leaving at = inf
   Increment on distance indicator: 12.0
   Increment on tard indicator:     0.0
   Value of tmax indicator:         12.0

Task for patient = 169 with skills = {0,-1} and cost = 436.0
   Vehicle #0 = 10, leaving at = 860.0
   Vehicle #1 = -1, leaving at = inf
   Increment on distance indicator: 2.0
   Increment on tard indicator:     0.0
   Value of tmax indicator:         2.0

Task for patient = 276 with skills = {2,3} and cost = 550.3
   Vehicle #0 = 21, leaving at = 590.0
   Vehicle #1 = 54, leaving at = 627.0
   Increment on distance indicator: 22.0
   Increment on tard indicator:     0.0
   Value of tmax indicator:         22.0

Task for patient = 214 with skills = {2,3} and cost = 432.7
   Vehicle #0 = 17, leaving at = 764.0
   Vehicle #1 = 46, leaving at = 798.0
   Increment on distance indicator: 8.0
   Increment on tard indicator:     0.0
   Value of tmax indicator:         8.0

Task for patient = 30 with skills = {1,-1} and cost = 430.0
   Vehicle #0 = 18, leaving at = 578.0
   Vehicle #1 = -1, leaving at = inf
   Increment on distance indicator: 19.0
   Increment on tard indicator:     0.0
   Value of tmax indicator:         19.0

Task for patient = 127 with skills = {1,-1} and cost = 423.7
   Vehicle #0 = 17, leaving at = 725.0
   Vehicle #1 = -1, leaving at = inf
   Increment on distance indicator: 3.0
   Increment on tard indicator:     0.0
   Value of tmax indicator:         3.0

Task for patient = 27 with skills = {1,5} and cost = 422.7
   Vehicle #0 = 14, leaving at = 705.0
   Vehicle #1 = 45, leaving at = 716.0
   Increment on distance indicator: 2.0
   Increment on tard indicator:     0.0
   Value of tmax indicator:         2.0

Task for patient = 225 with skills = {2,-1} and cost = 422.0
   Vehicle #0 = 17, leaving at = 691.0
   Vehicle #1 = -1, leaving at = inf
   Increment on distance indicator: 9.0
   Increment on tard indicator:     0.0
   Value of tmax indicator:         9.0

Task for patient = 250 with skills = {5,-1} and cost = 419.0
   Vehicle #0 = 50, leaving at = 632.0
   Vehicle #1 = -1, leaving at = inf
   Increment on distance indicator: 17.0
   Increment on tard indicator:     0.0
   Value of tmax indicator:         17.0

Task for patient = 252 with skills = {1,-1} and cost = 413.3
   Vehicle #0 = 8, leaving at = 679.0
   Vehicle #1 = -1, leaving at = inf
   Increment on distance indicator: 8.0
   Increment on tard indicator:     0.0
   Value of tmax indicator:         8.0

Task for patient = 165 with skills = {5,-1} and cost = 410.7
   Vehicle #0 = 32, leaving at = 881.0
   Vehicle #1 = -1, leaving at = inf
   Increment on distance indicator: 5.0
   Increment on tard indicator:     0.0
   Value of tmax indicator:         5.0

Task for patient = 68 with skills = {5,-1} and cost = 409.0
   Vehicle #0 = 49, leaving at = 532.0
   Vehicle #1 = -1, leaving at = inf
   Increment on distance indicator: 17.0
   Increment on tard indicator:     0.0
   Value of tmax indicator:         17.0

Task for patient = 3 with skills = {0,-1} and cost = 435.3
   Vehicle #0 = 18, leaving at = 607.0
   Vehicle #1 = -1, leaving at = inf
   Increment on distance indicator: 8.0
   Increment on tard indicator:     0.0
   Value of tmax indicator:         8.0

Task for patient = 110 with skills = {2,-1} and cost = 543.0
   Vehicle #0 = 10, leaving at = 889.0
   Vehicle #1 = -1, leaving at = inf
   Increment on distance indicator: 10.0
   Increment on tard indicator:     0.0
   Value of tmax indicator:         10.0

Task for patient = 25 with skills = {2,4} and cost = 539.7
   Vehicle #0 = 0, leaving at = 794.0
   Vehicle #1 = 38, leaving at = 775.0
   Increment on distance indicator: 11.0
   Increment on tard indicator:     0.0
   Value of tmax indicator:         11.0

Task for patient = 220 with skills = {5,-1} and cost = 536.0
   Vehicle #0 = 41, leaving at = 845.0
   Vehicle #1 = -1, leaving at = inf
   Increment on distance indicator: 7.0
   Increment on tard indicator:     0.0
   Value of tmax indicator:         7.0

Task for patient = 98 with skills = {0,4} and cost = 533.7
   Vehicle #0 = 16, leaving at = 579.0
   Vehicle #1 = 51, leaving at = 563.0
   Increment on distance indicator: 48.0
   Increment on tard indicator:     0.0
   Value of tmax indicator:         48.0

Task for patient = 32 with skills = {0,4} and cost = 517.7
   Vehicle #0 = 13, leaving at = 717.0
   Vehicle #1 = 38, leaving at = 746.0
   Increment on distance indicator: 21.0
   Increment on tard indicator:     0.0
   Value of tmax indicator:         21.0

Task for patient = 210 with skills = {0,-1} and cost = 510.7
   Vehicle #0 = 9, leaving at = 821.0
   Vehicle #1 = -1, leaving at = inf
   Increment on distance indicator: 6.0
   Increment on tard indicator:     0.0
   Value of tmax indicator:         6.0

Task for patient = 241 with skills = {4,-1} and cost = 508.7
   Vehicle #0 = 41, leaving at = 799.0
   Vehicle #1 = -1, leaving at = inf
   Increment on distance indicator: 3.0
   Increment on tard indicator:     0.0
   Value of tmax indicator:         3.0

Task for patient = 52 with skills = {5,-1} and cost = 507.7
   Vehicle #0 = 47, leaving at = 748.0
   Vehicle #1 = -1, leaving at = inf
   Increment on distance indicator: 14.0
   Increment on tard indicator:     0.0
   Value of tmax indicator:         14.0

Task for patient = 240 with skills = {1,3} and cost = 463.0
   Vehicle #0 = 11, leaving at = 775.0
   Vehicle #1 = 40, leaving at = 739.0
   Increment on distance indicator: 18.0
   Increment on tard indicator:     0.0
   Value of tmax indicator:         18.0

Task for patient = 239 with skills = {4,-1} and cost = 500.3
   Vehicle #0 = 44, leaving at = 646.0
   Vehicle #1 = -1, leaving at = inf
   Increment on distance indicator: 13.0
   Increment on tard indicator:     0.0
   Value of tmax indicator:         13.0

Task for patient = 237 with skills = {2,3} and cost = 496.0
   Vehicle #0 = 15, leaving at = 761.0
   Vehicle #1 = 37, leaving at = 780.0
   Increment on distance indicator: 14.0
   Increment on tard indicator:     0.0
   Value of tmax indicator:         14.0

Task for patient = 87 with skills = {4,-1} and cost = 491.3
   Vehicle #0 = 30, leaving at = 668.0
   Vehicle #1 = -1, leaving at = inf
   Increment on distance indicator: 9.0
   Increment on tard indicator:     0.0
   Value of tmax indicator:         9.0

Task for patient = 71 with skills = {2,-1} and cost = 488.3
   Vehicle #0 = 19, leaving at = 574.0
   Vehicle #1 = -1, leaving at = inf
   Increment on distance indicator: 21.0
   Increment on tard indicator:     0.0
   Value of tmax indicator:         21.0

Task for patient = 4 with skills = {0,5} and cost = 481.3
   Vehicle #0 = 12, leaving at = 592.0
   Vehicle #1 = 49, leaving at = 642.0
   Increment on distance indicator: 22.0
   Increment on tard indicator:     0.0
   Value of tmax indicator:         22.0

Task for patient = 176 with skills = {2,-1} and cost = 474.0
   Vehicle #0 = 15, leaving at = 645.0
   Vehicle #1 = -1, leaving at = inf
   Increment on distance indicator: 13.0
   Increment on tard indicator:     0.0
   Value of tmax indicator:         13.0

Task for patient = 131 with skills = {0,-1} and cost = 469.7
   Vehicle #0 = 2, leaving at = 651.0
   Vehicle #1 = -1, leaving at = inf
   Increment on distance indicator: 5.0
   Increment on tard indicator:     0.0
   Value of tmax indicator:         5.0

Task for patient = 266 with skills = {0,4} and cost = 468.0
   Vehicle #0 = 18, leaving at = 776.0
   Vehicle #1 = 41, leaving at = 765.0
   Increment on distance indicator: 10.0
   Increment on tard indicator:     0.0
   Value of tmax indicator:         10.0

Task for patient = 21 with skills = {2,-1} and cost = 464.7
   Vehicle #0 = 1, leaving at = 791.0
   Vehicle #1 = -1, leaving at = inf
   Increment on distance indicator: 5.0
   Increment on tard indicator:     0.0
   Value of tmax indicator:         5.0

Task for patient = 58 with skills = {1,4} and cost = 503.0
   Vehicle #0 = 7, leaving at = 811.0
   Vehicle #1 = 34, leaving at = 821.0
   Increment on distance indicator: 8.0
   Increment on tard indicator:     0.0
   Value of tmax indicator:         8.0


Unused vehicle list: 29 55 59 (total = 3 out of 60)

---
Search finished.
Total of 448 generations in 20.6 seconds.
Exchange elite runs: 0
Implicit path relinking runs: 4
Reset attempts: 0

Best solution found:
   Cost: 1430.0
   Total travel time: 4280.0
   Total tardiness time: 7.0
   Largest tardiness: 3.0


1430.0
