--- BRKGA-MP-IPR for HHCRSP ---
Instance: new-instances/HHCRSP_300_60_52_1.6_R_C.txt
Seed: 1

Reading data... Problem contains 300 patients  and 60 caregivers.

Summary of supply x demand for each service type:
Skill 0 has supply = 16 and demand = 59, ratio = 0.271186
Skill 1 has supply = 24 and demand = 74, ratio = 0.324324
Skill 2 has supply = 17 and demand = 53, ratio = 0.320755
Skill 3 has supply = 22 and demand = 53, ratio = 0.415094
Skill 4 has supply = 22 and demand = 86, ratio = 0.255814
Skill 5 has supply = 20 and demand = 65, ratio = 0.307692

Reading parameters...
Inferred distance function by PR type: kendall-tau
Building BRKGA data and initializing...
Evolving 448 generations...

  Gens  Rem    Local   ElDiv NoImpr             Best solution            Time  Op
                                       Cost     Dist    Tard    TMax 
*    0  448  4852.00  576.53      0  4852.00  3789.00 10363.0   404.0     0.1    
*    3  445  4188.67  376.67      0  4188.67  3759.00  8419.0   388.0     0.2    
*    5  443  3951.67  336.04      0  3951.67  4025.00  7470.0   360.0     0.3    
*    8  440  3833.33  254.33      0  3833.33  3905.00  7213.0   382.0     0.4    
*   10  438  3239.00  216.97      0  3239.00  3909.00  5478.0   330.0     0.5    
*   12  436  3125.00  238.13      0  3125.00  3791.00  5110.0   276.0     0.6    
*   13  435  3059.00  219.57      0  3059.00  3810.00  4501.0   281.0     0.7    
*   14  434  2864.00  239.66      0  2864.00  3904.00  3813.0   285.0     0.7    
*   15  433  2667.33  219.65      0  2667.33  3782.00  3221.0   246.0     0.8    
*   16  432  2416.33  207.38      0  2416.33  3774.00  3260.0   210.0     0.8    
*   17  431  2414.67  196.93      0  2414.67  3792.00  2729.0   258.0     0.9    
*   18  430  2259.67  208.72      0  2259.67  3805.00  1926.0   278.0     0.9    
*   19  429  2003.00  175.69      0  2003.00  3805.00  1926.0   278.0     1.0    
*   21  427  1864.00  164.93      0  1864.00  3734.00  1655.0   203.0     1.0    
*   23  425  1835.33  131.30      0  1835.33  3865.00  1477.0   164.0     1.1    

  Gens  Rem    Local   ElDiv NoImpr             Best solution            Time  Op
                                       Cost     Dist    Tard    TMax 
*   25  423  1700.67  119.74      0  1700.67  3628.00  1282.0   192.0     1.2    
*   28  420  1594.67   99.09      0  1594.67  3819.00   732.0   233.0     1.4    
*   30  418  1567.67   91.86      0  1567.67  3601.00   820.0   141.0     1.5    
*   31  417  1520.67   88.88      0  1520.67  3684.00   451.0   166.0     1.5    
*   32  416  1433.67   83.63      0  1433.67  3684.00   451.0   166.0     1.6    
*   34  414  1430.00   68.36      0  1430.00  3576.00   504.0   173.0     1.7    
*   35  413  1417.67   69.39      0  1417.67  3616.00    84.0    39.0     1.7    
*   36  412  1246.33   58.61      0  1246.33  3616.00    84.0    39.0     1.8    
*   41  407  1212.33   49.64      0  1212.33  3544.00    74.0    19.0     2.0    
*   43  405  1198.00   47.26      0  1198.00  3559.00    10.0     4.0     2.1    
*   44  404  1191.00   45.21      0  1191.00  3464.00    55.0    23.0     2.1    
*   45  403  1180.67   40.52      0  1180.67  3464.00    55.0    23.0     2.2    
*   47  401  1161.67   32.49      0  1161.67  3357.00    86.0    42.0     2.3    
    50  398  1161.67   27.93      3  1161.67  3357.00    86.0    42.0     2.4    
*   57  391  1155.67   13.81      0  1155.67  3435.00    28.0     4.0     2.7    
*   59  389  1147.00   17.11      0  1147.00  3284.00    14.0     7.0     2.8    

  Gens  Rem    Local   ElDiv NoImpr             Best solution            Time  Op
                                       Cost     Dist    Tard    TMax 
*   60  388  1101.67   16.75      0  1101.67  3284.00    14.0     7.0     2.9    
*   70  378  1100.00   13.61      0  1100.00  3278.00    17.0     5.0     3.4    
*   78  370  1090.67   10.05      0  1090.67  3270.00     1.0     1.0     3.8    
*   80  368  1074.00   11.82      0  1074.00  3211.00     9.0     2.0     3.9    
Path relinking result: too homogeneous.
    96  352  1074.00    9.39     17  1074.00  3211.00     9.0     2.0     4.6   P
*   99  349  1069.67    9.87      0  1069.67  3182.00    23.0     4.0     4.8    
   100  348  1069.67    9.22      1  1069.67  3182.00    23.0     4.0     4.8    
*  104  344  1068.00    8.75      0  1068.00  3201.00     2.0     1.0     5.1    
*  110  338  1054.67    7.60      0  1054.67  3139.00    20.0     5.0     5.4    
*  127  321  1040.33    7.24      0  1040.33  3083.00    31.0     7.0     6.2    
*  139  309  1038.67    7.22      0  1038.67  3108.00     5.0     3.0     6.8    
*  150  298  1032.67    6.26      0  1032.67  3086.00    10.0     2.0     7.3    
*  155  293  1022.67    6.04      0  1022.67  3037.00    23.0     8.0     7.6    
*  165  283  1019.67    7.15      0  1019.67  3043.00     2.0     1.0     8.1    
*  166  282  1015.33    6.87      0  1015.33  3043.00     2.0     1.0     8.1    
*  179  269  1006.67    6.15      0  1006.67  3001.00    13.0     6.0     8.8    

  Gens  Rem    Local   ElDiv NoImpr             Best solution            Time  Op
                                       Cost     Dist    Tard    TMax 
*  187  261  1004.00    6.00      0  1004.00  3005.00     5.0     2.0     9.2    
Path relinking result: too homogeneous.
   192  256  1004.00    5.34      6  1004.00  3005.00     5.0     2.0     9.4   P
*  194  254   990.00    6.94      0   990.00  2932.00    28.0    10.0     9.5    
*  198  250   988.00    6.87      0   988.00  2958.00     4.0     2.0     9.7    
   200  248   988.00    6.97      2   988.00  2958.00     4.0     2.0     9.8    
*  204  244   986.67    7.11      0   986.67  2957.00     1.0     1.0     9.9    
*  205  243   986.33    6.91      0   986.33  2957.00     1.0     1.0    10.0    
*  216  232   980.33    6.35      0   980.33  2912.00    13.0     4.0    10.5    
*  217  231   976.33    6.81      0   976.33  2889.00     6.0     2.0    10.5    
*  218  230   965.67    6.41      0   965.67  2889.00     6.0     2.0    10.6    
*  232  216   949.67    7.24      0   949.67  2833.00     9.0     7.0    11.3    
*  245  203   949.00    5.09      0   949.00  2838.00     5.0     4.0    11.9    
*  247  201   946.00    4.60      0   946.00  2838.00     0.0     0.0    12.0    
   250  198   946.00    4.41      3   946.00  2838.00     0.0     0.0    12.1    
*  252  196   942.33    4.31      0   942.33  2827.00     0.0     0.0    12.2    
*  256  192   939.33    4.32      0   939.33  2818.00     0.0     0.0    12.4    

  Gens  Rem    Local   ElDiv NoImpr             Best solution            Time  Op
                                       Cost     Dist    Tard    TMax 
*  261  187   938.00    4.17      0   938.00  2789.00     5.0     3.0    12.7    
*  262  186   932.33    4.39      0   932.33  2789.00     5.0     3.0    12.7    
*  271  177   921.67    4.50      0   921.67  2759.00     4.0     2.0    13.2    
*  283  165   920.67    3.42      0   920.67  2762.00     0.0     0.0    13.8    
Path relinking result: too homogeneous.
   288  160   920.67    3.53      6   920.67  2762.00     0.0     0.0    14.0   P
*  291  157   917.33    3.70      0   917.33  2752.00     0.0     0.0    14.1    
   300  148   917.33    3.47      9   917.33  2752.00     0.0     0.0    14.6    
*  303  145   915.33    3.26      0   915.33  2746.00     0.0     0.0    14.7    
*  313  135   912.33    2.61      0   912.33  2737.00     0.0     0.0    15.2    
*  322  126   902.33    3.05      0   902.33  2707.00     0.0     0.0    15.6    
*  330  118   900.67    3.24      0   900.67  2702.00     0.0     0.0    16.0    
*  336  112   900.33    2.46      0   900.33  2701.00     0.0     0.0    16.3    
*  341  107   896.00    1.64      0   896.00  2688.00     0.0     0.0    16.5    
   350   98   896.00    1.67      9   896.00  2688.00     0.0     0.0    16.9    
*  352   96   894.33    1.59      0   894.33  2680.00     0.0     0.0    17.0    
*  353   95   893.33    1.45      0   893.33  2680.00     0.0     0.0    17.0    

  Gens  Rem    Local   ElDiv NoImpr             Best solution            Time  Op
                                       Cost     Dist    Tard    TMax 
*  355   93   893.00    1.52      0   893.00  2674.00     0.0     0.0    17.1    
*  356   92   891.33    1.73      0   891.33  2666.00     0.0     0.0    17.2    
*  357   91   888.67    1.47      0   888.67  2666.00     0.0     0.0    17.2    
*  365   83   888.00    0.51      0   888.00  2663.00     0.0     0.0    17.6    
*  366   82   887.67    0.49      0   887.67  2662.00     0.0     0.0    17.7    
*  367   81   887.33    0.40      0   887.33  2662.00     0.0     0.0    17.7    
*  369   79   887.00    0.40      0   887.00  2660.00     0.0     0.0    17.8    
*  370   78   886.67    0.44      0   886.67  2660.00     0.0     0.0    17.8    
*  372   76   886.00    0.39      0   886.00  2658.00     0.0     0.0    18.0    
*  377   71   885.67    0.25      0   885.67  2657.00     0.0     0.0    18.2    
*  382   66   885.33    0.06      0   885.33  2656.00     0.0     0.0    18.4    
Path relinking result: too homogeneous.
   384   64   885.33    0.06      3   885.33  2656.00     0.0     0.0    18.5   P
   400   48   885.33    0.04     18   885.33  2656.00     0.0     0.0    19.3    
*  401   47   885.00    0.04      0   885.00  2655.00     0.0     0.0    19.3    
*  407   41   884.67    0.10      0   884.67  2654.00     0.0     0.0    19.6    
*  412   36   884.33    0.24      0   884.33  2653.00     0.0     0.0    19.8    

  Gens  Rem    Local   ElDiv NoImpr             Best solution            Time  Op
                                       Cost     Dist    Tard    TMax 
*  444    4   883.00    0.23      0   883.00  2649.00     0.0     0.0    21.4    
   448    0   883.00    0.55      4   883.00  2649.00     0.0     0.0    21.5    
Evolutionary process finished.
Solution written to 'solution-18955.txt'.

Sorted sequence of worst to best tardiness value:
Task for patient = 182 with skills = {0,-1} and cost = 515.7
   Vehicle #0 = 4, leaving at = 924.0
   Vehicle #1 = -1, leaving at = inf
   Increment on distance indicator: 2.0
   Increment on tard indicator:     0.0
   Value of tmax indicator:         2.0

Task for patient = 209 with skills = {0,5} and cost = 515.0
   Vehicle #0 = 11, leaving at = 1014.0
   Vehicle #1 = 40, leaving at = 1004.0
   Increment on distance indicator: 8.0
   Increment on tard indicator:     0.0
   Value of tmax indicator:         8.0

Task for patient = 204 with skills = {2,3} and cost = 512.3
   Vehicle #0 = 24, leaving at = 771.0
   Vehicle #1 = 54, leaving at = 783.0
   Increment on distance indicator: 8.0
   Increment on tard indicator:     0.0
   Value of tmax indicator:         8.0

Task for patient = 117 with skills = {2,-1} and cost = 509.7
   Vehicle #0 = 5, leaving at = 748.0
   Vehicle #1 = -1, leaving at = inf
   Increment on distance indicator: 2.0
   Increment on tard indicator:     0.0
   Value of tmax indicator:         2.0

Task for patient = 170 with skills = {2,-1} and cost = 509.0
   Vehicle #0 = 23, leaving at = 801.0
   Vehicle #1 = -1, leaving at = inf
   Increment on distance indicator: 3.0
   Increment on tard indicator:     0.0
   Value of tmax indicator:         3.0

Task for patient = 241 with skills = {4,-1} and cost = 508.0
   Vehicle #0 = 41, leaving at = 986.0
   Vehicle #1 = -1, leaving at = inf
   Increment on distance indicator: 3.0
   Increment on tard indicator:     0.0
   Value of tmax indicator:         3.0

Task for patient = 124 with skills = {1,-1} and cost = 507.0
   Vehicle #0 = 15, leaving at = 567.0
   Vehicle #1 = -1, leaving at = inf
   Increment on distance indicator: 1.0
   Increment on tard indicator:     0.0
   Value of tmax indicator:         1.0

Task for patient = 228 with skills = {0,-1} and cost = 506.7
   Vehicle #0 = 18, leaving at = 757.0
   Vehicle #1 = -1, leaving at = inf
   Increment on distance indicator: 2.0
   Increment on tard indicator:     0.0
   Value of tmax indicator:         2.0

Task for patient = 24 with skills = {1,4} and cost = 643.0
   Vehicle #0 = 25, leaving at = 969.0
   Vehicle #1 = 34, leaving at = 991.0
   Increment on distance indicator: 5.0
   Increment on tard indicator:     0.0
   Value of tmax indicator:         5.0

Task for patient = 74 with skills = {1,-1} and cost = 504.7
   Vehicle #0 = 24, leaving at = 738.0
   Vehicle #1 = -1, leaving at = inf
   Increment on distance indicator: 8.0
   Increment on tard indicator:     0.0
   Value of tmax indicator:         8.0

Task for patient = 280 with skills = {0,-1} and cost = 502.0
   Vehicle #0 = 10, leaving at = 916.0
   Vehicle #1 = -1, leaving at = inf
   Increment on distance indicator: 2.0
   Increment on tard indicator:     0.0
   Value of tmax indicator:         2.0

Task for patient = 48 with skills = {0,3} and cost = 501.3
   Vehicle #0 = 13, leaving at = 1028.0
   Vehicle #1 = 35, leaving at = 1007.0
   Increment on distance indicator: 2.0
   Increment on tard indicator:     0.0
   Value of tmax indicator:         2.0

Task for patient = 275 with skills = {0,-1} and cost = 500.7
   Vehicle #0 = 11, leaving at = 936.0
   Vehicle #1 = -1, leaving at = inf
   Increment on distance indicator: 2.0
   Increment on tard indicator:     0.0
   Value of tmax indicator:         2.0

Task for patient = 17 with skills = {1,4} and cost = 500.0
   Vehicle #0 = 3, leaving at = 840.0
   Vehicle #1 = 41, leaving at = 885.0
   Increment on distance indicator: 11.0
   Increment on tard indicator:     0.0
   Value of tmax indicator:         11.0

Task for patient = 274 with skills = {4,-1} and cost = 496.3
   Vehicle #0 = 50, leaving at = 746.0
   Vehicle #1 = -1, leaving at = inf
   Increment on distance indicator: 1.0
   Increment on tard indicator:     0.0
   Value of tmax indicator:         1.0

Task for patient = 78 with skills = {1,4} and cost = 496.0
   Vehicle #0 = 10, leaving at = 895.0
   Vehicle #1 = 48, leaving at = 914.0
   Increment on distance indicator: 7.0
   Increment on tard indicator:     0.0
   Value of tmax indicator:         7.0

Task for patient = 197 with skills = {2,-1} and cost = 493.7
   Vehicle #0 = 19, leaving at = 827.0
   Vehicle #1 = -1, leaving at = inf
   Increment on distance indicator: 7.0
   Increment on tard indicator:     0.0
   Value of tmax indicator:         7.0

Task for patient = 261 with skills = {5,-1} and cost = 506.0
   Vehicle #0 = 48, leaving at = 953.0
   Vehicle #1 = -1, leaving at = inf
   Increment on distance indicator: 4.0
   Increment on tard indicator:     0.0
   Value of tmax indicator:         4.0

Task for patient = 201 with skills = {1,-1} and cost = 539.7
   Vehicle #0 = 23, leaving at = 859.0
   Vehicle #1 = -1, leaving at = inf
   Increment on distance indicator: 3.0
   Increment on tard indicator:     0.0
   Value of tmax indicator:         3.0

Task for patient = 64 with skills = {0,-1} and cost = 538.7
   Vehicle #0 = 11, leaving at = 1055.0
   Vehicle #1 = -1, leaving at = inf
   Increment on distance indicator: 7.0
   Increment on tard indicator:     0.0
   Value of tmax indicator:         7.0

Task for patient = 136 with skills = {0,-1} and cost = 536.3
   Vehicle #0 = 24, leaving at = 910.0
   Vehicle #1 = -1, leaving at = inf
   Increment on distance indicator: 1.0
   Increment on tard indicator:     0.0
   Value of tmax indicator:         1.0

Task for patient = 238 with skills = {5,-1} and cost = 536.0
   Vehicle #0 = 47, leaving at = 954.0
   Vehicle #1 = -1, leaving at = inf
   Increment on distance indicator: 2.0
   Increment on tard indicator:     0.0
   Value of tmax indicator:         2.0

Task for patient = 7 with skills = {0,-1} and cost = 535.3
   Vehicle #0 = 9, leaving at = 1038.0
   Vehicle #1 = -1, leaving at = inf
   Increment on distance indicator: 2.0
   Increment on tard indicator:     0.0
   Value of tmax indicator:         2.0

Task for patient = 122 with skills = {1,5} and cost = 534.7
   Vehicle #0 = 16, leaving at = 944.0
   Vehicle #1 = 51, leaving at = 957.0
   Increment on distance indicator: 4.0
   Increment on tard indicator:     0.0
   Value of tmax indicator:         4.0

Task for patient = 130 with skills = {2,-1} and cost = 533.3
   Vehicle #0 = 23, leaving at = 835.0
   Vehicle #1 = -1, leaving at = inf
   Increment on distance indicator: 3.0
   Increment on tard indicator:     0.0
   Value of tmax indicator:         3.0

Task for patient = 213 with skills = {0,-1} and cost = 532.3
   Vehicle #0 = 26, leaving at = 744.0
   Vehicle #1 = -1, leaving at = inf
   Increment on distance indicator: 2.0
   Increment on tard indicator:     0.0
   Value of tmax indicator:         2.0

Task for patient = 292 with skills = {1,3} and cost = 516.7
   Vehicle #0 = 16, leaving at = 875.0
   Vehicle #1 = 51, leaving at = 912.0
   Increment on distance indicator: 3.0
   Increment on tard indicator:     0.0
   Value of tmax indicator:         3.0

Task for patient = 227 with skills = {3,-1} and cost = 529.7
   Vehicle #0 = 45, leaving at = 815.0
   Vehicle #1 = -1, leaving at = inf
   Increment on distance indicator: 6.0
   Increment on tard indicator:     0.0
   Value of tmax indicator:         6.0

Task for patient = 195 with skills = {5,-1} and cost = 527.7
   Vehicle #0 = 54, leaving at = 901.0
   Vehicle #1 = -1, leaving at = inf
   Increment on distance indicator: 4.0
   Increment on tard indicator:     0.0
   Value of tmax indicator:         4.0

Task for patient = 181 with skills = {1,-1} and cost = 526.3
   Vehicle #0 = 2, leaving at = 913.0
   Vehicle #1 = -1, leaving at = inf
   Increment on distance indicator: 4.0
   Increment on tard indicator:     0.0
   Value of tmax indicator:         4.0

Task for patient = 270 with skills = {0,4} and cost = 525.0
   Vehicle #0 = 10, leaving at = 1041.0
   Vehicle #1 = 35, leaving at = 1034.0
   Increment on distance indicator: 5.0
   Increment on tard indicator:     0.0
   Value of tmax indicator:         5.0

Task for patient = 70 with skills = {1,3} and cost = 523.3
   Vehicle #0 = 24, leaving at = 886.0
   Vehicle #1 = 54, leaving at = 878.0
   Increment on distance indicator: 3.0
   Increment on tard indicator:     0.0
   Value of tmax indicator:         3.0

Task for patient = 163 with skills = {4,-1} and cost = 522.3
   Vehicle #0 = 55, leaving at = 569.0
   Vehicle #1 = -1, leaving at = inf
   Increment on distance indicator: 2.0
   Increment on tard indicator:     0.0
   Value of tmax indicator:         2.0

Task for patient = 29 with skills = {0,4} and cost = 521.7
   Vehicle #0 = 1, leaving at = 999.0
   Vehicle #1 = 48, leaving at = 1009.0
   Increment on distance indicator: 5.0
   Increment on tard indicator:     0.0
   Value of tmax indicator:         5.0

Task for patient = 234 with skills = {3,-1} and cost = 520.0
   Vehicle #0 = 53, leaving at = 714.0
   Vehicle #1 = -1, leaving at = inf
   Increment on distance indicator: 8.0
   Increment on tard indicator:     0.0
   Value of tmax indicator:         8.0

Task for patient = 248 with skills = {2,-1} and cost = 517.3
   Vehicle #0 = 24, leaving at = 833.0
   Vehicle #1 = -1, leaving at = inf
   Increment on distance indicator: 2.0
   Increment on tard indicator:     0.0
   Value of tmax indicator:         2.0

Task for patient = 279 with skills = {5,-1} and cost = 531.7
   Vehicle #0 = 52, leaving at = 878.0
   Vehicle #1 = -1, leaving at = inf
   Increment on distance indicator: 6.0
   Increment on tard indicator:     0.0
   Value of tmax indicator:         6.0

Task for patient = 121 with skills = {1,4} and cost = 456.7
   Vehicle #0 = 14, leaving at = 672.0
   Vehicle #1 = 50, leaving at = 730.0
   Increment on distance indicator: 3.0
   Increment on tard indicator:     0.0
   Value of tmax indicator:         3.0

Task for patient = 103 with skills = {4,-1} and cost = 455.7
   Vehicle #0 = 37, leaving at = 857.0
   Vehicle #1 = -1, leaving at = inf
   Increment on distance indicator: 1.0
   Increment on tard indicator:     0.0
   Value of tmax indicator:         1.0

Task for patient = 298 with skills = {0,5} and cost = 455.3
   Vehicle #0 = 11, leaving at = 874.0
   Vehicle #1 = 52, leaving at = 857.0
   Increment on distance indicator: 11.0
   Increment on tard indicator:     0.0
   Value of tmax indicator:         11.0

Task for patient = 50 with skills = {4,-1} and cost = 451.7
   Vehicle #0 = 48, leaving at = 816.0
   Vehicle #1 = -1, leaving at = inf
   Increment on distance indicator: 4.0
   Increment on tard indicator:     0.0
   Value of tmax indicator:         4.0

Task for patient = 271 with skills = {4,-1} and cost = 450.3
   Vehicle #0 = 54, leaving at = 622.0
   Vehicle #1 = -1, leaving at = inf
   Increment on distance indicator: 6.0
   Increment on tard indicator:     0.0
   Value of tmax indicator:         6.0

Task for patient = 217 with skills = {0,3} and cost = 448.3
   Vehicle #0 = 24, leaving at = 683.0
   Vehicle #1 = 53, leaving at = 669.0
   Increment on distance indicator: 16.0
   Increment on tard indicator:     0.0
   Value of tmax indicator:         16.0

Task for patient = 185 with skills = {0,-1} and cost = 443.0
   Vehicle #0 = 25, leaving at = 578.0
   Vehicle #1 = -1, leaving at = inf
   Increment on distance indicator: 7.0
   Increment on tard indicator:     0.0
   Value of tmax indicator:         7.0

Task for patient = 232 with skills = {2,3} and cost = 440.7
   Vehicle #0 = 9, leaving at = 905.0
   Vehicle #1 = 38, leaving at = 928.0
   Increment on distance indicator: 4.0
   Increment on tard indicator:     0.0
   Value of tmax indicator:         4.0

Task for patient = 31 with skills = {4,-1} and cost = 491.3
   Vehicle #0 = 37, leaving at = 931.0
   Vehicle #1 = -1, leaving at = inf
   Increment on distance indicator: 3.0
   Increment on tard indicator:     0.0
   Value of tmax indicator:         3.0

Task for patient = 13 with skills = {1,4} and cost = 437.7
   Vehicle #0 = 24, leaving at = 611.0
   Vehicle #1 = 53, leaving at = 625.0
   Increment on distance indicator: 22.0
   Increment on tard indicator:     0.0
   Value of tmax indicator:         22.0

Task for patient = 257 with skills = {2,4} and cost = 430.3
   Vehicle #0 = 22, leaving at = 735.0
   Vehicle #1 = 52, leaving at = 745.0
   Increment on distance indicator: 19.0
   Increment on tard indicator:     0.0
   Value of tmax indicator:         19.0

Task for patient = 174 with skills = {2,3} and cost = 424.0
   Vehicle #0 = 24, leaving at = 568.0
   Vehicle #1 = 54, leaving at = 569.0
   Increment on distance indicator: 14.0
   Increment on tard indicator:     0.0
   Value of tmax indicator:         14.0

Task for patient = 85 with skills = {5,-1} and cost = 419.3
   Vehicle #0 = 38, leaving at = 904.0
   Vehicle #1 = -1, leaving at = inf
   Increment on distance indicator: 2.0
   Increment on tard indicator:     0.0
   Value of tmax indicator:         2.0

Task for patient = 299 with skills = {5,-1} and cost = 418.7
   Vehicle #0 = 51, leaving at = 810.0
   Vehicle #1 = -1, leaving at = inf
   Increment on distance indicator: 1.0
   Increment on tard indicator:     0.0
   Value of tmax indicator:         1.0

Task for patient = 149 with skills = {5,-1} and cost = 418.3
   Vehicle #0 = 53, leaving at = 541.0
   Vehicle #1 = -1, leaving at = inf
   Increment on distance indicator: 21.0
   Increment on tard indicator:     0.0
   Value of tmax indicator:         21.0

Task for patient = 14 with skills = {5,-1} and cost = 411.3
   Vehicle #0 = 45, leaving at = 757.0
   Vehicle #1 = -1, leaving at = inf
   Increment on distance indicator: 3.0
   Increment on tard indicator:     0.0
   Value of tmax indicator:         3.0

Task for patient = 39 with skills = {4,-1} and cost = 410.3
   Vehicle #0 = 42, leaving at = 801.0
   Vehicle #1 = -1, leaving at = inf
   Increment on distance indicator: 1.0
   Increment on tard indicator:     0.0
   Value of tmax indicator:         1.0

Task for patient = 147 with skills = {1,3} and cost = 410.0
   Vehicle #0 = 11, leaving at = 827.0
   Vehicle #1 = 32, leaving at = 855.0
   Increment on distance indicator: 3.0
   Increment on tard indicator:     0.0
   Value of tmax indicator:         3.0

Task for patient = 137 with skills = {1,3} and cost = 439.3
   Vehicle #0 = 10, leaving at = 822.0
   Vehicle #1 = 37, leaving at = 821.0
   Increment on distance indicator: 5.0
   Increment on tard indicator:     0.0
   Value of tmax indicator:         5.0

Task for patient = 244 with skills = {0,-1} and cost = 490.3
   Vehicle #0 = 9, leaving at = 988.0
   Vehicle #1 = -1, leaving at = inf
   Increment on distance indicator: 1.0
   Increment on tard indicator:     0.0
   Value of tmax indicator:         1.0

Task for patient = 255 with skills = {4,-1} and cost = 490.0
   Vehicle #0 = 34, leaving at = 881.0
   Vehicle #1 = -1, leaving at = inf
   Increment on distance indicator: 6.0
   Increment on tard indicator:     0.0
   Value of tmax indicator:         6.0

Task for patient = 129 with skills = {5,-1} and cost = 488.0
   Vehicle #0 = 46, leaving at = 960.0
   Vehicle #1 = -1, leaving at = inf
   Increment on distance indicator: 1.0
   Increment on tard indicator:     0.0
   Value of tmax indicator:         1.0

Task for patient = 76 with skills = {0,-1} and cost = 487.7
   Vehicle #0 = 20, leaving at = 788.0
   Vehicle #1 = -1, leaving at = inf
   Increment on distance indicator: 5.0
   Increment on tard indicator:     0.0
   Value of tmax indicator:         5.0

Task for patient = 77 with skills = {4,-1} and cost = 486.0
   Vehicle #0 = 44, leaving at = 786.0
   Vehicle #1 = -1, leaving at = inf
   Increment on distance indicator: 3.0
   Increment on tard indicator:     0.0
   Value of tmax indicator:         3.0

Task for patient = 203 with skills = {1,-1} and cost = 485.0
   Vehicle #0 = 13, leaving at = 983.0
   Vehicle #1 = -1, leaving at = inf
   Increment on distance indicator: 1.0
   Increment on tard indicator:     0.0
   Value of tmax indicator:         1.0

Task for patient = 268 with skills = {4,-1} and cost = 484.7
   Vehicle #0 = 54, leaving at = 720.0
   Vehicle #1 = -1, leaving at = inf
   Increment on distance indicator: 16.0
   Increment on tard indicator:     0.0
   Value of tmax indicator:         16.0

Task for patient = 95 with skills = {2,5} and cost = 479.3
   Vehicle #0 = 9, leaving at = 957.0
   Vehicle #1 = 38, leaving at = 980.0
   Increment on distance indicator: 4.0
   Increment on tard indicator:     0.0
   Value of tmax indicator:         4.0

Task for patient = 212 with skills = {1,4} and cost = 462.0
   Vehicle #0 = 16, leaving at = 657.0
   Vehicle #1 = 54, leaving at = 647.0
   Increment on distance indicator: 16.0
   Increment on tard indicator:     0.0
   Value of tmax indicator:         16.0

Task for patient = 45 with skills = {0,-1} and cost = 477.0
   Vehicle #0 = 25, leaving at = 647.0
   Vehicle #1 = -1, leaving at = inf
   Increment on distance indicator: 10.0
   Increment on tard indicator:     0.0
   Value of tmax indicator:         10.0

Task for patient = 198 with skills = {3,-1} and cost = 473.7
   Vehicle #0 = 51, leaving at = 858.0
   Vehicle #1 = -1, leaving at = inf
   Increment on distance indicator: 3.0
   Increment on tard indicator:     0.0
   Value of tmax indicator:         3.0

Task for patient = 143 with skills = {0,-1} and cost = 472.7
   Vehicle #0 = 25, leaving at = 604.0
   Vehicle #1 = -1, leaving at = inf
   Increment on distance indicator: 8.0
   Increment on tard indicator:     0.0
   Value of tmax indicator:         8.0

Task for patient = 161 with skills = {1,4} and cost = 470.0
   Vehicle #0 = 2, leaving at = 857.0
   Vehicle #1 = 48, leaving at = 878.0
   Increment on distance indicator: 7.0
   Increment on tard indicator:     0.0
   Value of tmax indicator:         7.0

Task for patient = 177 with skills = {1,-1} and cost = 467.7
   Vehicle #0 = 3, leaving at = 805.0
   Vehicle #1 = -1, leaving at = inf
   Increment on distance indicator: 3.0
   Increment on tard indicator:     0.0
   Value of tmax indicator:         3.0

Task for patient = 256 with skills = {4,-1} and cost = 466.7
   Vehicle #0 = 37, leaving at = 900.0
   Vehicle #1 = -1, leaving at = inf
   Increment on distance indicator: 5.0
   Increment on tard indicator:     0.0
   Value of tmax indicator:         5.0

Task for patient = 57 with skills = {0,-1} and cost = 465.0
   Vehicle #0 = 16, leaving at = 791.0
   Vehicle #1 = -1, leaving at = inf
   Increment on distance indicator: 4.0
   Increment on tard indicator:     0.0
   Value of tmax indicator:         4.0

Task for patient = 100 with skills = {0,-1} and cost = 463.7
   Vehicle #0 = 16, leaving at = 762.0
   Vehicle #1 = -1, leaving at = inf
   Increment on distance indicator: 4.0
   Increment on tard indicator:     0.0
   Value of tmax indicator:         4.0

Task for patient = 148 with skills = {3,-1} and cost = 462.3
   Vehicle #0 = 49, leaving at = 753.0
   Vehicle #1 = -1, leaving at = inf
   Increment on distance indicator: 1.0
   Increment on tard indicator:     0.0
   Value of tmax indicator:         1.0

Task for patient = 157 with skills = {5,-1} and cost = 478.0
   Vehicle #0 = 40, leaving at = 968.0
   Vehicle #1 = -1, leaving at = inf
   Increment on distance indicator: 3.0
   Increment on tard indicator:     0.0
   Value of tmax indicator:         3.0

Task for patient = 106 with skills = {0,-1} and cost = 609.0
   Vehicle #0 = 20, leaving at = 1013.0
   Vehicle #1 = -1, leaving at = inf
   Increment on distance indicator: 3.0
   Increment on tard indicator:     0.0
   Value of tmax indicator:         3.0

Task for patient = 94 with skills = {4,-1} and cost = 608.0
   Vehicle #0 = 53, leaving at = 938.0
   Vehicle #1 = -1, leaving at = inf
   Increment on distance indicator: 2.0
   Increment on tard indicator:     0.0
   Value of tmax indicator:         2.0

Task for patient = 43 with skills = {1,4} and cost = 607.3
   Vehicle #0 = 22, leaving at = 905.0
   Vehicle #1 = 32, leaving at = 949.0
   Increment on distance indicator: 9.0
   Increment on tard indicator:     0.0
   Value of tmax indicator:         9.0

Task for patient = 189 with skills = {1,-1} and cost = 604.3
   Vehicle #0 = 18, leaving at = 858.0
   Vehicle #1 = -1, leaving at = inf
   Increment on distance indicator: 9.0
   Increment on tard indicator:     0.0
   Value of tmax indicator:         9.0

Task for patient = 168 with skills = {0,3} and cost = 601.3
   Vehicle #0 = 26, leaving at = 1007.0
   Vehicle #1 = 57, leaving at = 1003.0
   Increment on distance indicator: 6.0
   Increment on tard indicator:     0.0
   Value of tmax indicator:         6.0

Task for patient = 89 with skills = {1,4} and cost = 599.3
   Vehicle #0 = 27, leaving at = 1058.0
   Vehicle #1 = 50, leaving at = 1026.0
   Increment on distance indicator: 4.0
   Increment on tard indicator:     0.0
   Value of tmax indicator:         4.0

Task for patient = 173 with skills = {5,-1} and cost = 598.0
   Vehicle #0 = 47, leaving at = 984.0
   Vehicle #1 = -1, leaving at = inf
   Increment on distance indicator: 3.0
   Increment on tard indicator:     0.0
   Value of tmax indicator:         3.0

Task for patient = 53 with skills = {4,-1} and cost = 597.0
   Vehicle #0 = 44, leaving at = 1013.0
   Vehicle #1 = -1, leaving at = inf
   Increment on distance indicator: 4.0
   Increment on tard indicator:     0.0
   Value of tmax indicator:         4.0

Task for patient = 12 with skills = {4,-1} and cost = 540.7
   Vehicle #0 = 42, leaving at = 932.0
   Vehicle #1 = -1, leaving at = inf
   Increment on distance indicator: 3.0
   Increment on tard indicator:     0.0
   Value of tmax indicator:         3.0

Task for patient = 58 with skills = {0,4} and cost = 595.0
   Vehicle #0 = 20, leaving at = 988.0
   Vehicle #1 = 33, leaving at = 973.0
   Increment on distance indicator: 6.0
   Increment on tard indicator:     0.0
   Value of tmax indicator:         6.0

Task for patient = 66 with skills = {3,-1} and cost = 593.0
   Vehicle #0 = 54, leaving at = 1005.0
   Vehicle #1 = -1, leaving at = inf
   Increment on distance indicator: 2.0
   Increment on tard indicator:     0.0
   Value of tmax indicator:         2.0

Task for patient = 180 with skills = {2,3} and cost = 592.3
   Vehicle #0 = 12, leaving at = 923.0
   Vehicle #1 = 39, leaving at = 916.0
   Increment on distance indicator: 5.0
   Increment on tard indicator:     0.0
   Value of tmax indicator:         5.0

Task for patient = 9 with skills = {5,-1} and cost = 590.7
   Vehicle #0 = 35, leaving at = 1088.0
   Vehicle #1 = -1, leaving at = inf
   Increment on distance indicator: 3.0
   Increment on tard indicator:     0.0
   Value of tmax indicator:         3.0

Task for patient = 265 with skills = {0,4} and cost = 589.7
   Vehicle #0 = 16, leaving at = 1042.0
   Vehicle #1 = 42, leaving at = 1063.0
   Increment on distance indicator: 3.0
   Increment on tard indicator:     0.0
   Value of tmax indicator:         3.0

Task for patient = 28 with skills = {1,-1} and cost = 588.7
   Vehicle #0 = 20, leaving at = 869.0
   Vehicle #1 = -1, leaving at = inf
   Increment on distance indicator: 2.0
   Increment on tard indicator:     0.0
   Value of tmax indicator:         2.0

Task for patient = 258 with skills = {2,-1} and cost = 588.0
   Vehicle #0 = 9, leaving at = 1101.0
   Vehicle #1 = -1, leaving at = inf
   Increment on distance indicator: 5.0
   Increment on tard indicator:     0.0
   Value of tmax indicator:         5.0

Task for patient = 214 with skills = {3,-1} and cost = 586.3
   Vehicle #0 = 38, leaving at = 1050.0
   Vehicle #1 = -1, leaving at = inf
   Increment on distance indicator: 2.0
   Increment on tard indicator:     0.0
   Value of tmax indicator:         2.0

Task for patient = 162 with skills = {1,-1} and cost = 595.7
   Vehicle #0 = 2, leaving at = 944.0
   Vehicle #1 = -1, leaving at = inf
   Increment on distance indicator: 2.0
   Increment on tard indicator:     0.0
   Value of tmax indicator:         2.0

Task for patient = 19 with skills = {1,-1} and cost = 641.3
   Vehicle #0 = 23, leaving at = 976.0
   Vehicle #1 = -1, leaving at = inf
   Increment on distance indicator: 5.0
   Increment on tard indicator:     0.0
   Value of tmax indicator:         5.0

Task for patient = 101 with skills = {1,3} and cost = 639.7
   Vehicle #0 = 4, leaving at = 1014.0
   Vehicle #1 = 46, leaving at = 1020.0
   Increment on distance indicator: 5.0
   Increment on tard indicator:     0.0
   Value of tmax indicator:         5.0

Task for patient = 236 with skills = {4,-1} and cost = 638.0
   Vehicle #0 = 59, leaving at = 966.0
   Vehicle #1 = -1, leaving at = inf
   Increment on distance indicator: 0.0
   Increment on tard indicator:     0.0
   Value of tmax indicator:         0.0

Task for patient = 118 with skills = {0,-1} and cost = 638.0
   Vehicle #0 = 1, leaving at = 1030.0
   Vehicle #1 = -1, leaving at = inf
   Increment on distance indicator: 2.0
   Increment on tard indicator:     0.0
   Value of tmax indicator:         2.0

Task for patient = 178 with skills = {4,-1} and cost = 637.3
   Vehicle #0 = 45, leaving at = 1020.0
   Vehicle #1 = -1, leaving at = inf
   Increment on distance indicator: 5.0
   Increment on tard indicator:     0.0
   Value of tmax indicator:         5.0

Task for patient = 239 with skills = {5,-1} and cost = 635.7
   Vehicle #0 = 54, leaving at = 1096.0
   Vehicle #1 = -1, leaving at = inf
   Increment on distance indicator: 1.0
   Increment on tard indicator:     0.0
   Value of tmax indicator:         1.0

Task for patient = 104 with skills = {3,-1} and cost = 635.3
   Vehicle #0 = 49, leaving at = 985.0
   Vehicle #1 = -1, leaving at = inf
   Increment on distance indicator: 1.0
   Increment on tard indicator:     0.0
   Value of tmax indicator:         1.0

Task for patient = 226 with skills = {1,-1} and cost = 635.0
   Vehicle #0 = 12, leaving at = 977.0
   Vehicle #1 = -1, leaving at = inf
   Increment on distance indicator: 4.0
   Increment on tard indicator:     0.0
   Value of tmax indicator:         4.0

Task for patient = 119 with skills = {0,5} and cost = 612.3
   Vehicle #0 = 18, leaving at = 953.0
   Vehicle #1 = 45, leaving at = 961.0
   Increment on distance indicator: 10.0
   Increment on tard indicator:     0.0
   Value of tmax indicator:         10.0

Task for patient = 159 with skills = {1,-1} and cost = 633.0
   Vehicle #0 = 6, leaving at = 937.0
   Vehicle #1 = -1, leaving at = inf
   Increment on distance indicator: 6.0
   Increment on tard indicator:     0.0
   Value of tmax indicator:         6.0

Task for patient = 113 with skills = {4,-1} and cost = 631.0
   Vehicle #0 = 53, leaving at = 973.0
   Vehicle #1 = -1, leaving at = inf
   Increment on distance indicator: 2.0
   Increment on tard indicator:     0.0
   Value of tmax indicator:         2.0

Task for patient = 91 with skills = {2,4} and cost = 630.3
   Vehicle #0 = 7, leaving at = 1057.0
   Vehicle #1 = 36, leaving at = 1066.0
   Increment on distance indicator: 8.0
   Increment on tard indicator:     0.0
   Value of tmax indicator:         8.0

Task for patient = 276 with skills = {0,5} and cost = 627.7
   Vehicle #0 = 19, leaving at = 884.0
   Vehicle #1 = 49, leaving at = 917.0
   Increment on distance indicator: 15.0
   Increment on tard indicator:     0.0
   Value of tmax indicator:         15.0

Task for patient = 253 with skills = {2,3} and cost = 622.7
   Vehicle #0 = 7, leaving at = 931.0
   Vehicle #1 = 43, leaving at = 932.0
   Increment on distance indicator: 21.0
   Increment on tard indicator:     0.0
   Value of tmax indicator:         21.0

Task for patient = 259 with skills = {1,-1} and cost = 615.7
   Vehicle #0 = 17, leaving at = 873.0
   Vehicle #1 = -1, leaving at = inf
   Increment on distance indicator: 2.0
   Increment on tard indicator:     0.0
   Value of tmax indicator:         2.0

Task for patient = 187 with skills = {4,-1} and cost = 615.0
   Vehicle #0 = 34, leaving at = 908.0
   Vehicle #1 = -1, leaving at = inf
   Increment on distance indicator: 5.0
   Increment on tard indicator:     0.0
   Value of tmax indicator:         5.0

Task for patient = 120 with skills = {2,4} and cost = 613.3
   Vehicle #0 = 0, leaving at = 1009.0
   Vehicle #1 = 54, leaving at = 1039.0
   Increment on distance indicator: 2.0
   Increment on tard indicator:     0.0
   Value of tmax indicator:         2.0

Task for patient = 26 with skills = {4,-1} and cost = 612.7
   Vehicle #0 = 37, leaving at = 998.0
   Vehicle #1 = -1, leaving at = inf
   Increment on distance indicator: 1.0
   Increment on tard indicator:     0.0
   Value of tmax indicator:         1.0

Task for patient = 139 with skills = {0,-1} and cost = 633.7
   Vehicle #0 = 24, leaving at = 989.0
   Vehicle #1 = -1, leaving at = inf
   Increment on distance indicator: 2.0
   Increment on tard indicator:     0.0
   Value of tmax indicator:         2.0

Task for patient = 175 with skills = {3,-1} and cost = 563.3
   Vehicle #0 = 45, leaving at = 866.0
   Vehicle #1 = -1, leaving at = inf
   Increment on distance indicator: 3.0
   Increment on tard indicator:     0.0
   Value of tmax indicator:         3.0

Task for patient = 210 with skills = {1,-1} and cost = 562.3
   Vehicle #0 = 15, leaving at = 1000.0
   Vehicle #1 = -1, leaving at = inf
   Increment on distance indicator: 1.0
   Increment on tard indicator:     0.0
   Value of tmax indicator:         1.0

Task for patient = 10 with skills = {4,-1} and cost = 562.0
   Vehicle #0 = 55, leaving at = 847.0
   Vehicle #1 = -1, leaving at = inf
   Increment on distance indicator: 2.0
   Increment on tard indicator:     0.0
   Value of tmax indicator:         2.0

Task for patient = 93 with skills = {5,-1} and cost = 561.3
   Vehicle #0 = 38, leaving at = 1008.0
   Vehicle #1 = -1, leaving at = inf
   Increment on distance indicator: 4.0
   Increment on tard indicator:     0.0
   Value of tmax indicator:         4.0

Task for patient = 154 with skills = {1,-1} and cost = 560.0
   Vehicle #0 = 25, leaving at = 854.0
   Vehicle #1 = -1, leaving at = inf
   Increment on distance indicator: 5.0
   Increment on tard indicator:     0.0
   Value of tmax indicator:         5.0

Task for patient = 260 with skills = {3,-1} and cost = 558.3
   Vehicle #0 = 36, leaving at = 1020.0
   Vehicle #1 = -1, leaving at = inf
   Increment on distance indicator: 5.0
   Increment on tard indicator:     0.0
   Value of tmax indicator:         5.0

Task for patient = 80 with skills = {4,-1} and cost = 556.7
   Vehicle #0 = 41, leaving at = 1045.0
   Vehicle #1 = -1, leaving at = inf
   Increment on distance indicator: 3.0
   Increment on tard indicator:     0.0
   Value of tmax indicator:         3.0

Task for patient = 116 with skills = {1,5} and cost = 555.7
   Vehicle #0 = 23, leaving at = 929.0
   Vehicle #1 = 37, leaving at = 958.0
   Increment on distance indicator: 7.0
   Increment on tard indicator:     0.0
   Value of tmax indicator:         7.0

Task for patient = 49 with skills = {3,-1} and cost = 585.7
   Vehicle #0 = 45, leaving at = 910.0
   Vehicle #1 = -1, leaving at = inf
   Increment on distance indicator: 1.0
   Increment on tard indicator:     0.0
   Value of tmax indicator:         1.0

Task for patient = 72 with skills = {2,4} and cost = 552.7
   Vehicle #0 = 6, leaving at = 879.0
   Vehicle #1 = 53, leaving at = 880.0
   Increment on distance indicator: 3.0
   Increment on tard indicator:     0.0
   Value of tmax indicator:         3.0

Task for patient = 278 with skills = {3,-1} and cost = 551.7
   Vehicle #0 = 33, leaving at = 951.0
   Vehicle #1 = -1, leaving at = inf
   Increment on distance indicator: 1.0
   Increment on tard indicator:     0.0
   Value of tmax indicator:         1.0

Task for patient = 8 with skills = {1,3} and cost = 551.3
   Vehicle #0 = 16, leaving at = 994.0
   Vehicle #1 = 36, leaving at = 1000.0
   Increment on distance indicator: 7.0
   Increment on tard indicator:     0.0
   Value of tmax indicator:         7.0

Task for patient = 40 with skills = {1,-1} and cost = 549.0
   Vehicle #0 = 4, leaving at = 953.0
   Vehicle #1 = -1, leaving at = inf
   Increment on distance indicator: 4.0
   Increment on tard indicator:     0.0
   Value of tmax indicator:         4.0

Task for patient = 208 with skills = {0,-1} and cost = 547.7
   Vehicle #0 = 26, leaving at = 950.0
   Vehicle #1 = -1, leaving at = inf
   Increment on distance indicator: 4.0
   Increment on tard indicator:     0.0
   Value of tmax indicator:         4.0

Task for patient = 123 with skills = {1,-1} and cost = 546.3
   Vehicle #0 = 23, leaving at = 882.0
   Vehicle #1 = -1, leaving at = inf
   Increment on distance indicator: 5.0
   Increment on tard indicator:     0.0
   Value of tmax indicator:         5.0

Task for patient = 150 with skills = {1,4} and cost = 544.7
   Vehicle #0 = 25, leaving at = 807.0
   Vehicle #1 = 44, leaving at = 810.0
   Increment on distance indicator: 6.0
   Increment on tard indicator:     0.0
   Value of tmax indicator:         6.0

Task for patient = 176 with skills = {1,-1} and cost = 542.7
   Vehicle #0 = 18, leaving at = 812.0
   Vehicle #1 = -1, leaving at = inf
   Increment on distance indicator: 3.0
   Increment on tard indicator:     0.0
   Value of tmax indicator:         3.0

Task for patient = 284 with skills = {4,-1} and cost = 541.7
   Vehicle #0 = 30, leaving at = 1053.0
   Vehicle #1 = -1, leaving at = inf
   Increment on distance indicator: 3.0
   Increment on tard indicator:     0.0
   Value of tmax indicator:         3.0

Task for patient = 27 with skills = {5,-1} and cost = 553.3
   Vehicle #0 = 45, leaving at = 836.0
   Vehicle #1 = -1, leaving at = inf
   Increment on distance indicator: 2.0
   Increment on tard indicator:     0.0
   Value of tmax indicator:         2.0

Task for patient = 229 with skills = {0,5} and cost = 585.3
   Vehicle #0 = 27, leaving at = 996.0
   Vehicle #1 = 50, leaving at = 957.0
   Increment on distance indicator: 4.0
   Increment on tard indicator:     0.0
   Value of tmax indicator:         4.0

Task for patient = 56 with skills = {5,-1} and cost = 584.0
   Vehicle #0 = 44, leaving at = 964.0
   Vehicle #1 = -1, leaving at = inf
   Increment on distance indicator: 1.0
   Increment on tard indicator:     0.0
   Value of tmax indicator:         1.0

Task for patient = 140 with skills = {5,-1} and cost = 583.7
   Vehicle #0 = 52, leaving at = 984.0
   Vehicle #1 = -1, leaving at = inf
   Increment on distance indicator: 2.0
   Increment on tard indicator:     0.0
   Value of tmax indicator:         2.0

Task for patient = 186 with skills = {1,-1} and cost = 583.0
   Vehicle #0 = 3, leaving at = 905.0
   Vehicle #1 = -1, leaving at = inf
   Increment on distance indicator: 6.0
   Increment on tard indicator:     0.0
   Value of tmax indicator:         6.0

Task for patient = 267 with skills = {3,-1} and cost = 581.0
   Vehicle #0 = 55, leaving at = 921.0
   Vehicle #1 = -1, leaving at = inf
   Increment on distance indicator: 2.0
   Increment on tard indicator:     0.0
   Value of tmax indicator:         2.0

Task for patient = 245 with skills = {1,4} and cost = 580.3
   Vehicle #0 = 24, leaving at = 956.0
   Vehicle #1 = 54, leaving at = 969.0
   Increment on distance indicator: 4.0
   Increment on tard indicator:     0.0
   Value of tmax indicator:         4.0

Task for patient = 71 with skills = {2,3} and cost = 579.0
   Vehicle #0 = 7, leaving at = 890.0
   Vehicle #1 = 32, leaving at = 885.0
   Increment on distance indicator: 7.0
   Increment on tard indicator:     0.0
   Value of tmax indicator:         7.0

Task for patient = 153 with skills = {4,-1} and cost = 576.7
   Vehicle #0 = 52, leaving at = 930.0
   Vehicle #1 = -1, leaving at = inf
   Increment on distance indicator: 3.0
   Increment on tard indicator:     0.0
   Value of tmax indicator:         3.0

Task for patient = 188 with skills = {1,-1} and cost = 563.7
   Vehicle #0 = 8, leaving at = 742.0
   Vehicle #1 = -1, leaving at = inf
   Increment on distance indicator: 1.0
   Increment on tard indicator:     0.0
   Value of tmax indicator:         1.0

Task for patient = 215 with skills = {3,-1} and cost = 574.3
   Vehicle #0 = 30, leaving at = 1084.0
   Vehicle #1 = -1, leaving at = inf
   Increment on distance indicator: 2.0
   Increment on tard indicator:     0.0
   Value of tmax indicator:         2.0

Task for patient = 126 with skills = {2,4} and cost = 573.7
   Vehicle #0 = 0, leaving at = 933.0
   Vehicle #1 = 54, leaving at = 943.0
   Increment on distance indicator: 6.0
   Increment on tard indicator:     0.0
   Value of tmax indicator:         6.0

Task for patient = 115 with skills = {2,-1} and cost = 571.7
   Vehicle #0 = 0, leaving at = 869.0
   Vehicle #1 = -1, leaving at = inf
   Increment on distance indicator: 1.0
   Increment on tard indicator:     0.0
   Value of tmax indicator:         1.0

Task for patient = 16 with skills = {1,5} and cost = 571.3
   Vehicle #0 = 20, leaving at = 828.0
   Vehicle #1 = 49, leaving at = 857.0
   Increment on distance indicator: 7.0
   Increment on tard indicator:     0.0
   Value of tmax indicator:         7.0

Task for patient = 294 with skills = {0,-1} and cost = 569.0
   Vehicle #0 = 16, leaving at = 1018.0
   Vehicle #1 = -1, leaving at = inf
   Increment on distance indicator: 1.0
   Increment on tard indicator:     0.0
   Value of tmax indicator:         1.0

Task for patient = 285 with skills = {1,-1} and cost = 568.7
   Vehicle #0 = 14, leaving at = 798.0
   Vehicle #1 = -1, leaving at = inf
   Increment on distance indicator: 1.0
   Increment on tard indicator:     0.0
   Value of tmax indicator:         1.0

Task for patient = 97 with skills = {2,4} and cost = 568.3
   Vehicle #0 = 5, leaving at = 820.0
   Vehicle #1 = 58, leaving at = 839.0
   Increment on distance indicator: 2.0
   Increment on tard indicator:     0.0
   Value of tmax indicator:         2.0

Task for patient = 216 with skills = {0,4} and cost = 567.7
   Vehicle #0 = 25, leaving at = 944.0
   Vehicle #1 = 44, leaving at = 948.0
   Increment on distance indicator: 8.0
   Increment on tard indicator:     0.0
   Value of tmax indicator:         8.0

Task for patient = 205 with skills = {4,-1} and cost = 565.0
   Vehicle #0 = 44, leaving at = 902.0
   Vehicle #1 = -1, leaving at = inf
   Increment on distance indicator: 4.0
   Increment on tard indicator:     0.0
   Value of tmax indicator:         4.0

Task for patient = 69 with skills = {1,5} and cost = 575.7
   Vehicle #0 = 14, leaving at = 884.0
   Vehicle #1 = 55, leaving at = 884.0
   Increment on distance indicator: 4.0
   Increment on tard indicator:     0.0
   Value of tmax indicator:         4.0

Task for patient = 262 with skills = {3,-1} and cost = 184.7
   Vehicle #0 = 43, leaving at = 535.0
   Vehicle #1 = -1, leaving at = inf
   Increment on distance indicator: 25.0
   Increment on tard indicator:     0.0
   Value of tmax indicator:         25.0

Task for patient = 155 with skills = {3,-1} and cost = 176.3
   Vehicle #0 = 40, leaving at = 707.0
   Vehicle #1 = -1, leaving at = inf
   Increment on distance indicator: 4.0
   Increment on tard indicator:     0.0
   Value of tmax indicator:         4.0

Task for patient = 128 with skills = {1,4} and cost = 175.0
   Vehicle #0 = 12, leaving at = 634.0
   Vehicle #1 = 42, leaving at = 622.0
   Increment on distance indicator: 25.0
   Increment on tard indicator:     0.0
   Value of tmax indicator:         25.0

Task for patient = 191 with skills = {2,-1} and cost = 166.7
   Vehicle #0 = 6, leaving at = 621.0
   Vehicle #1 = -1, leaving at = inf
   Increment on distance indicator: 2.0
   Increment on tard indicator:     0.0
   Value of tmax indicator:         2.0

Task for patient = 151 with skills = {2,4} and cost = 166.0
   Vehicle #0 = 0, leaving at = 637.0
   Vehicle #1 = 41, leaving at = 665.0
   Increment on distance indicator: 19.0
   Increment on tard indicator:     0.0
   Value of tmax indicator:         19.0

Task for patient = 207 with skills = {0,4} and cost = 159.7
   Vehicle #0 = 10, leaving at = 617.0
   Vehicle #1 = 44, leaving at = 638.0
   Increment on distance indicator: 9.0
   Increment on tard indicator:     0.0
   Value of tmax indicator:         9.0

Task for patient = 34 with skills = {3,-1} and cost = 156.7
   Vehicle #0 = 36, leaving at = 831.0
   Vehicle #1 = -1, leaving at = inf
   Increment on distance indicator: 3.0
   Increment on tard indicator:     0.0
   Value of tmax indicator:         3.0

Task for patient = 79 with skills = {5,-1} and cost = 155.7
   Vehicle #0 = 38, leaving at = 750.0
   Vehicle #1 = -1, leaving at = inf
   Increment on distance indicator: 6.0
   Increment on tard indicator:     0.0
   Value of tmax indicator:         6.0

Task for patient = 233 with skills = {2,-1} and cost = 409.0
   Vehicle #0 = 23, leaving at = 777.0
   Vehicle #1 = -1, leaving at = inf
   Increment on distance indicator: 1.0
   Increment on tard indicator:     0.0
   Value of tmax indicator:         1.0

Task for patient = 263 with skills = {5,-1} and cost = 151.7
   Vehicle #0 = 30, leaving at = 958.0
   Vehicle #1 = -1, leaving at = inf
   Increment on distance indicator: 2.0
   Increment on tard indicator:     0.0
   Value of tmax indicator:         2.0

Task for patient = 105 with skills = {1,-1} and cost = 151.0
   Vehicle #0 = 3, leaving at = 715.0
   Vehicle #1 = -1, leaving at = inf
   Increment on distance indicator: 3.0
   Increment on tard indicator:     0.0
   Value of tmax indicator:         3.0

Task for patient = 193 with skills = {5,-1} and cost = 150.0
   Vehicle #0 = 44, leaving at = 526.0
   Vehicle #1 = -1, leaving at = inf
   Increment on distance indicator: 16.0
   Increment on tard indicator:     0.0
   Value of tmax indicator:         16.0

Task for patient = 184 with skills = {5,-1} and cost = 144.7
   Vehicle #0 = 38, leaving at = 727.0
   Vehicle #1 = -1, leaving at = inf
   Increment on distance indicator: 13.0
   Increment on tard indicator:     0.0
   Value of tmax indicator:         13.0

Task for patient = 237 with skills = {5,-1} and cost = 140.3
   Vehicle #0 = 40, leaving at = 646.0
   Vehicle #1 = -1, leaving at = inf
   Increment on distance indicator: 6.0
   Increment on tard indicator:     0.0
   Value of tmax indicator:         6.0

Task for patient = 30 with skills = {4,-1} and cost = 138.3
   Vehicle #0 = 36, leaving at = 797.0
   Vehicle #1 = -1, leaving at = inf
   Increment on distance indicator: 2.0
   Increment on tard indicator:     0.0
   Value of tmax indicator:         2.0

Task for patient = 142 with skills = {1,5} and cost = 137.7
   Vehicle #0 = 8, leaving at = 676.0
   Vehicle #1 = 38, leaving at = 681.0
   Increment on distance indicator: 4.0
   Increment on tard indicator:     0.0
   Value of tmax indicator:         4.0

Task for patient = 84 with skills = {5,-1} and cost = 136.3
   Vehicle #0 = 40, leaving at = 547.0
   Vehicle #1 = -1, leaving at = inf
   Increment on distance indicator: 21.0
   Increment on tard indicator:     0.0
   Value of tmax indicator:         21.0

Task for patient = 223 with skills = {1,3} and cost = 153.7
   Vehicle #0 = 11, leaving at = 622.0
   Vehicle #1 = 39, leaving at = 624.0
   Increment on distance indicator: 6.0
   Increment on tard indicator:     0.0
   Value of tmax indicator:         6.0

Task for patient = 133 with skills = {4,-1} and cost = 248.0
   Vehicle #0 = 34, leaving at = 817.0
   Vehicle #1 = -1, leaving at = inf
   Increment on distance indicator: 2.0
   Increment on tard indicator:     0.0
   Value of tmax indicator:         2.0

Task for patient = 86 with skills = {0,4} and cost = 247.3
   Vehicle #0 = 11, leaving at = 733.0
   Vehicle #1 = 46, leaving at = 718.0
   Increment on distance indicator: 15.0
   Increment on tard indicator:     0.0
   Value of tmax indicator:         15.0

Task for patient = 152 with skills = {0,-1} and cost = 242.3
   Vehicle #0 = 9, leaving at = 746.0
   Vehicle #1 = -1, leaving at = inf
   Increment on distance indicator: 1.0
   Increment on tard indicator:     0.0
   Value of tmax indicator:         1.0

Task for patient = 25 with skills = {5,-1} and cost = 242.0
   Vehicle #0 = 46, leaving at = 689.0
   Vehicle #1 = -1, leaving at = inf
   Increment on distance indicator: 13.0
   Increment on tard indicator:     0.0
   Value of tmax indicator:         13.0

Task for patient = 218 with skills = {4,-1} and cost = 237.7
   Vehicle #0 = 41, leaving at = 791.0
   Vehicle #1 = -1, leaving at = inf
   Increment on distance indicator: 8.0
   Increment on tard indicator:     0.0
   Value of tmax indicator:         8.0

Task for patient = 59 with skills = {2,-1} and cost = 235.0
   Vehicle #0 = 13, leaving at = 660.0
   Vehicle #1 = -1, leaving at = inf
   Increment on distance indicator: 8.0
   Increment on tard indicator:     0.0
   Value of tmax indicator:         8.0

Task for patient = 5 with skills = {2,4} and cost = 232.3
   Vehicle #0 = 7, leaving at = 698.0
   Vehicle #1 = 32, leaving at = 715.0
   Increment on distance indicator: 9.0
   Increment on tard indicator:     0.0
   Value of tmax indicator:         9.0

Task for patient = 283 with skills = {1,-1} and cost = 229.3
   Vehicle #0 = 6, leaving at = 718.0
   Vehicle #1 = -1, leaving at = inf
   Increment on distance indicator: 4.0
   Increment on tard indicator:     0.0
   Value of tmax indicator:         4.0

Task for patient = 246 with skills = {2,-1} and cost = 193.3
   Vehicle #0 = 7, leaving at = 531.0
   Vehicle #1 = -1, leaving at = inf
   Increment on distance indicator: 26.0
   Increment on tard indicator:     0.0
   Value of tmax indicator:         26.0

Task for patient = 202 with skills = {1,5} and cost = 225.0
   Vehicle #0 = 13, leaving at = 600.0
   Vehicle #1 = 46, leaving at = 619.0
   Increment on distance indicator: 21.0
   Increment on tard indicator:     0.0
   Value of tmax indicator:         21.0

Task for patient = 225 with skills = {4,-1} and cost = 218.0
   Vehicle #0 = 34, leaving at = 756.0
   Vehicle #1 = -1, leaving at = inf
   Increment on distance indicator: 4.0
   Increment on tard indicator:     0.0
   Value of tmax indicator:         4.0

Task for patient = 242 with skills = {2,4} and cost = 216.7
   Vehicle #0 = 6, leaving at = 679.0
   Vehicle #1 = 41, leaving at = 733.0
   Increment on distance indicator: 12.0
   Increment on tard indicator:     0.0
   Value of tmax indicator:         12.0

Task for patient = 240 with skills = {2,-1} and cost = 212.7
   Vehicle #0 = 7, leaving at = 598.0
   Vehicle #1 = -1, leaving at = inf
   Increment on distance indicator: 1.0
   Increment on tard indicator:     0.0
   Value of tmax indicator:         1.0

Task for patient = 22 with skills = {0,-1} and cost = 212.3
   Vehicle #0 = 12, leaving at = 688.0
   Vehicle #1 = -1, leaving at = inf
   Increment on distance indicator: 3.0
   Increment on tard indicator:     0.0
   Value of tmax indicator:         3.0

Task for patient = 252 with skills = {0,5} and cost = 211.3
   Vehicle #0 = 11, leaving at = 681.0
   Vehicle #1 = 45, leaving at = 678.0
   Increment on distance indicator: 11.0
   Increment on tard indicator:     0.0
   Value of tmax indicator:         11.0

Task for patient = 15 with skills = {5,-1} and cost = 207.7
   Vehicle #0 = 45, leaving at = 587.0
   Vehicle #1 = -1, leaving at = inf
   Increment on distance indicator: 3.0
   Increment on tard indicator:     0.0
   Value of tmax indicator:         3.0

Task for patient = 145 with skills = {1,4} and cost = 206.7
   Vehicle #0 = 13, leaving at = 516.0
   Vehicle #1 = 45, leaving at = 539.0
   Increment on distance indicator: 32.0
   Increment on tard indicator:     0.0
   Value of tmax indicator:         32.0

Task for patient = 266 with skills = {0,4} and cost = 196.0
   Vehicle #0 = 10, leaving at = 645.0
   Vehicle #1 = 44, leaving at = 691.0
   Increment on distance indicator: 8.0
   Increment on tard indicator:     0.0
   Value of tmax indicator:         8.0

Task for patient = 23 with skills = {2,-1} and cost = 228.0
   Vehicle #0 = 0, leaving at = 670.0
   Vehicle #1 = -1, leaving at = inf
   Increment on distance indicator: 9.0
   Increment on tard indicator:     0.0
   Value of tmax indicator:         9.0

Task for patient = 63 with skills = {0,-1} and cost = 70.7
   Vehicle #0 = 4, leaving at = 816.0
   Vehicle #1 = -1, leaving at = inf
   Increment on distance indicator: 1.0
   Increment on tard indicator:     0.0
   Value of tmax indicator:         1.0

Task for patient = 221 with skills = {4,-1} and cost = 70.3
   Vehicle #0 = 33, leaving at = 652.0
   Vehicle #1 = -1, leaving at = inf
   Increment on distance indicator: 3.0
   Increment on tard indicator:     0.0
   Value of tmax indicator:         3.0

Task for patient = 211 with skills = {4,-1} and cost = 69.3
   Vehicle #0 = 30, leaving at = 862.0
   Vehicle #1 = -1, leaving at = inf
   Increment on distance indicator: 3.0
   Increment on tard indicator:     0.0
   Value of tmax indicator:         3.0

Task for patient = 172 with skills = {3,-1} and cost = 68.3
   Vehicle #0 = 32, leaving at = 679.0
   Vehicle #1 = -1, leaving at = inf
   Increment on distance indicator: 4.0
   Increment on tard indicator:     0.0
   Value of tmax indicator:         4.0

Task for patient = 46 with skills = {0,-1} and cost = 67.0
   Vehicle #0 = 9, leaving at = 571.0
   Vehicle #1 = -1, leaving at = inf
   Increment on distance indicator: 13.0
   Increment on tard indicator:     0.0
   Value of tmax indicator:         13.0

Task for patient = 144 with skills = {3,-1} and cost = 62.7
   Vehicle #0 = 36, leaving at = 680.0
   Vehicle #1 = -1, leaving at = inf
   Increment on distance indicator: 3.0
   Increment on tard indicator:     0.0
   Value of tmax indicator:         3.0

Task for patient = 65 with skills = {4,-1} and cost = 61.7
   Vehicle #0 = 36, leaving at = 662.0
   Vehicle #1 = -1, leaving at = inf
   Increment on distance indicator: 2.0
   Increment on tard indicator:     0.0
   Value of tmax indicator:         2.0

Task for patient = 164 with skills = {2,4} and cost = 61.0
   Vehicle #0 = 0, leaving at = 612.0
   Vehicle #1 = 36, leaving at = 622.0
   Increment on distance indicator: 30.0
   Increment on tard indicator:     0.0
   Value of tmax indicator:         30.0

Task for patient = 36 with skills = {0,4} and cost = 129.3
   Vehicle #0 = 12, leaving at = 573.0
   Vehicle #1 = 41, leaving at = 585.0
   Increment on distance indicator: 4.0
   Increment on tard indicator:     0.0
   Value of tmax indicator:         4.0

Task for patient = 293 with skills = {0,5} and cost = 42.3
   Vehicle #0 = 4, leaving at = 797.0
   Vehicle #1 = 30, leaving at = 804.0
   Increment on distance indicator: 18.0
   Increment on tard indicator:     0.0
   Value of tmax indicator:         18.0

Task for patient = 171 with skills = {0,-1} and cost = 36.3
   Vehicle #0 = 4, leaving at = 695.0
   Vehicle #1 = -1, leaving at = inf
   Increment on distance indicator: 16.0
   Increment on tard indicator:     0.0
   Value of tmax indicator:         16.0

Task for patient = 47 with skills = {1,5} and cost = 31.0
   Vehicle #0 = 3, leaving at = 603.0
   Vehicle #1 = 36, leaving at = 591.0
   Increment on distance indicator: 6.0
   Increment on tard indicator:     0.0
   Value of tmax indicator:         6.0

Task for patient = 169 with skills = {0,3} and cost = 29.0
   Vehicle #0 = 1, leaving at = 793.0
   Vehicle #1 = 35, leaving at = 791.0
   Increment on distance indicator: 10.0
   Increment on tard indicator:     0.0
   Value of tmax indicator:         10.0

Task for patient = 300 with skills = {1,5} and cost = 25.7
   Vehicle #0 = 2, leaving at = 638.0
   Vehicle #1 = 35, leaving at = 651.0
   Increment on distance indicator: 36.0
   Increment on tard indicator:     0.0
   Value of tmax indicator:         36.0

Task for patient = 55 with skills = {3,-1} and cost = 13.7
   Vehicle #0 = 30, leaving at = 767.0
   Vehicle #1 = -1, leaving at = inf
   Increment on distance indicator: 2.0
   Increment on tard indicator:     0.0
   Value of tmax indicator:         2.0

Task for patient = 3 with skills = {3,-1} and cost = 13.0
   Vehicle #0 = 30, leaving at = 740.0
   Vehicle #1 = -1, leaving at = inf
   Increment on distance indicator: 2.0
   Increment on tard indicator:     0.0
   Value of tmax indicator:         2.0

Task for patient = 272 with skills = {0,4} and cost = 12.3
   Vehicle #0 = 1, leaving at = 728.0
   Vehicle #1 = 30, leaving at = 716.0
   Increment on distance indicator: 20.0
   Increment on tard indicator:     0.0
   Value of tmax indicator:         20.0

Task for patient = 179 with skills = {0,-1} and cost = 5.7
   Vehicle #0 = 1, leaving at = 678.0
   Vehicle #1 = -1, leaving at = inf
   Increment on distance indicator: 17.0
   Increment on tard indicator:     0.0
   Value of tmax indicator:         17.0

Task for patient = 269 with skills = {4,-1} and cost = 51.0
   Vehicle #0 = 32, leaving at = 574.0
   Vehicle #1 = -1, leaving at = inf
   Increment on distance indicator: 26.0
   Increment on tard indicator:     0.0
   Value of tmax indicator:         26.0

Task for patient = 96 with skills = {0,3} and cost = 128.0
   Vehicle #0 = 11, leaving at = 536.0
   Vehicle #1 = 39, leaving at = 579.0
   Increment on distance indicator: 28.0
   Increment on tard indicator:     0.0
   Value of tmax indicator:         28.0

Task for patient = 32 with skills = {1,-1} and cost = 118.7
   Vehicle #0 = 10, leaving at = 592.0
   Vehicle #1 = -1, leaving at = inf
   Increment on distance indicator: 17.0
   Increment on tard indicator:     0.0
   Value of tmax indicator:         17.0

Task for patient = 54 with skills = {1,3} and cost = 113.0
   Vehicle #0 = 2, leaving at = 742.0
   Vehicle #1 = 37, leaving at = 764.0
   Increment on distance indicator: 5.0
   Increment on tard indicator:     0.0
   Value of tmax indicator:         5.0

Task for patient = 52 with skills = {5,-1} and cost = 111.3
   Vehicle #0 = 37, leaving at = 724.0
   Vehicle #1 = -1, leaving at = inf
   Increment on distance indicator: 4.0
   Increment on tard indicator:     0.0
   Value of tmax indicator:         4.0

Task for patient = 281 with skills = {1,-1} and cost = 110.0
   Vehicle #0 = 2, leaving at = 679.0
   Vehicle #1 = -1, leaving at = inf
   Increment on distance indicator: 3.0
   Increment on tard indicator:     0.0
   Value of tmax indicator:         3.0

Task for patient = 295 with skills = {5,-1} and cost = 109.0
   Vehicle #0 = 38, leaving at = 660.0
   Vehicle #1 = -1, leaving at = inf
   Increment on distance indicator: 2.0
   Increment on tard indicator:     0.0
   Value of tmax indicator:         2.0

Task for patient = 297 with skills = {3,-1} and cost = 108.3
   Vehicle #0 = 31, leaving at = 976.0
   Vehicle #1 = -1, leaving at = inf
   Increment on distance indicator: 5.0
   Increment on tard indicator:     0.0
   Value of tmax indicator:         5.0

Task for patient = 44 with skills = {1,-1} and cost = 106.7
   Vehicle #0 = 8, leaving at = 612.0
   Vehicle #1 = -1, leaving at = inf
   Increment on distance indicator: 3.0
   Increment on tard indicator:     0.0
   Value of tmax indicator:         3.0

Task for patient = 81 with skills = {0,-1} and cost = 73.3
   Vehicle #0 = 9, leaving at = 610.0
   Vehicle #1 = -1, leaving at = inf
   Increment on distance indicator: 8.0
   Increment on tard indicator:     0.0
   Value of tmax indicator:         8.0

Task for patient = 192 with skills = {2,-1} and cost = 104.3
   Vehicle #0 = 6, leaving at = 601.0
   Vehicle #1 = -1, leaving at = inf
   Increment on distance indicator: 3.0
   Increment on tard indicator:     0.0
   Value of tmax indicator:         3.0

Task for patient = 38 with skills = {1,5} and cost = 103.3
   Vehicle #0 = 8, leaving at = 563.0
   Vehicle #1 = 38, leaving at = 596.0
   Increment on distance indicator: 2.0
   Increment on tard indicator:     0.0
   Value of tmax indicator:         2.0

Task for patient = 254 with skills = {4,-1} and cost = 102.7
   Vehicle #0 = 37, leaving at = 545.0
   Vehicle #1 = -1, leaving at = inf
   Increment on distance indicator: 17.0
   Increment on tard indicator:     0.0
   Value of tmax indicator:         17.0

Task for patient = 273 with skills = {1,-1} and cost = 97.0
   Vehicle #0 = 6, leaving at = 571.0
   Vehicle #1 = -1, leaving at = inf
   Increment on distance indicator: 22.0
   Increment on tard indicator:     0.0
   Value of tmax indicator:         22.0

Task for patient = 219 with skills = {1,4} and cost = 89.7
   Vehicle #0 = 3, leaving at = 658.0
   Vehicle #1 = 34, leaving at = 674.0
   Increment on distance indicator: 21.0
   Increment on tard indicator:     0.0
   Value of tmax indicator:         21.0

Task for patient = 107 with skills = {4,-1} and cost = 82.7
   Vehicle #0 = 34, leaving at = 541.0
   Vehicle #1 = -1, leaving at = inf
   Increment on distance indicator: 16.0
   Increment on tard indicator:     0.0
   Value of tmax indicator:         16.0

Task for patient = 114 with skills = {1,5} and cost = 77.3
   Vehicle #0 = 4, leaving at = 878.0
   Vehicle #1 = 30, leaving at = 912.0
   Increment on distance indicator: 6.0
   Increment on tard indicator:     0.0
   Value of tmax indicator:         6.0

Task for patient = 99 with skills = {2,3} and cost = 75.3
   Vehicle #0 = 5, leaving at = 646.0
   Vehicle #1 = 31, leaving at = 679.0
   Increment on distance indicator: 2.0
   Increment on tard indicator:     0.0
   Value of tmax indicator:         2.0

Task for patient = 61 with skills = {5,-1} and cost = 74.7
   Vehicle #0 = 36, leaving at = 707.0
   Vehicle #1 = -1, leaving at = inf
   Increment on distance indicator: 4.0
   Increment on tard indicator:     0.0
   Value of tmax indicator:         4.0

Task for patient = 160 with skills = {2,4} and cost = 105.7
   Vehicle #0 = 9, leaving at = 702.0
   Vehicle #1 = 34, leaving at = 707.0
   Increment on distance indicator: 4.0
   Increment on tard indicator:     0.0
   Value of tmax indicator:         4.0

Task for patient = 194 with skills = {1,-1} and cost = 374.3
   Vehicle #0 = 22, leaving at = 689.0
   Vehicle #1 = -1, leaving at = inf
   Increment on distance indicator: 6.0
   Increment on tard indicator:     0.0
   Value of tmax indicator:         6.0

Task for patient = 286 with skills = {5,-1} and cost = 372.3
   Vehicle #0 = 44, leaving at = 744.0
   Vehicle #1 = -1, leaving at = inf
   Increment on distance indicator: 3.0
   Increment on tard indicator:     0.0
   Value of tmax indicator:         3.0

Task for patient = 190 with skills = {5,-1} and cost = 371.3
   Vehicle #0 = 38, leaving at = 852.0
   Vehicle #1 = -1, leaving at = inf
   Increment on distance indicator: 4.0
   Increment on tard indicator:     0.0
   Value of tmax indicator:         4.0

Task for patient = 82 with skills = {3,-1} and cost = 370.0
   Vehicle #0 = 51, leaving at = 621.0
   Vehicle #1 = -1, leaving at = inf
   Increment on distance indicator: 10.0
   Increment on tard indicator:     0.0
   Value of tmax indicator:         10.0

Task for patient = 135 with skills = {4,-1} and cost = 366.7
   Vehicle #0 = 30, leaving at = 1015.0
   Vehicle #1 = -1, leaving at = inf
   Increment on distance indicator: 1.0
   Increment on tard indicator:     0.0
   Value of tmax indicator:         1.0

Task for patient = 75 with skills = {2,-1} and cost = 366.3
   Vehicle #0 = 22, leaving at = 574.0
   Vehicle #1 = -1, leaving at = inf
   Increment on distance indicator: 27.0
   Increment on tard indicator:     0.0
   Value of tmax indicator:         27.0

Task for patient = 134 with skills = {0,-1} and cost = 357.3
   Vehicle #0 = 20, leaving at = 719.0
   Vehicle #1 = -1, leaving at = inf
   Increment on distance indicator: 3.0
   Increment on tard indicator:     0.0
   Value of tmax indicator:         3.0

Task for patient = 125 with skills = {0,3} and cost = 356.3
   Vehicle #0 = 19, leaving at = 703.0
   Vehicle #1 = 48, leaving at = 717.0
   Increment on distance indicator: 15.0
   Increment on tard indicator:     0.0
   Value of tmax indicator:         15.0

Task for patient = 60 with skills = {2,-1} and cost = 248.7
   Vehicle #0 = 9, leaving at = 769.0
   Vehicle #1 = -1, leaving at = inf
   Increment on distance indicator: 2.0
   Increment on tard indicator:     0.0
   Value of tmax indicator:         2.0

Task for patient = 111 with skills = {2,-1} and cost = 350.3
   Vehicle #0 = 9, leaving at = 870.0
   Vehicle #1 = -1, leaving at = inf
   Increment on distance indicator: 2.0
   Increment on tard indicator:     0.0
   Value of tmax indicator:         2.0

Task for patient = 83 with skills = {5,-1} and cost = 349.7
   Vehicle #0 = 51, leaving at = 546.0
   Vehicle #1 = -1, leaving at = inf
   Increment on distance indicator: 11.0
   Increment on tard indicator:     0.0
   Value of tmax indicator:         11.0

Task for patient = 291 with skills = {2,5} and cost = 346.0
   Vehicle #0 = 6, leaving at = 841.0
   Vehicle #1 = 47, leaving at = 864.0
   Increment on distance indicator: 8.0
   Increment on tard indicator:     0.0
   Value of tmax indicator:         8.0

Task for patient = 138 with skills = {1,3} and cost = 343.3
   Vehicle #0 = 18, leaving at = 683.0
   Vehicle #1 = 43, leaving at = 688.0
   Increment on distance indicator: 4.0
   Increment on tard indicator:     0.0
   Value of tmax indicator:         4.0

Task for patient = 251 with skills = {4,-1} and cost = 342.0
   Vehicle #0 = 50, leaving at = 611.0
   Vehicle #1 = -1, leaving at = inf
   Increment on distance indicator: 1.0
   Increment on tard indicator:     0.0
   Value of tmax indicator:         1.0

Task for patient = 67 with skills = {3,-1} and cost = 341.7
   Vehicle #0 = 43, leaving at = 662.0
   Vehicle #1 = -1, leaving at = inf
   Increment on distance indicator: 7.0
   Increment on tard indicator:     0.0
   Value of tmax indicator:         7.0

Task for patient = 222 with skills = {1,3} and cost = 339.3
   Vehicle #0 = 2, leaving at = 819.0
   Vehicle #1 = 39, leaving at = 811.0
   Increment on distance indicator: 7.0
   Increment on tard indicator:     0.0
   Value of tmax indicator:         7.0

Task for patient = 231 with skills = {4,-1} and cost = 337.0
   Vehicle #0 = 46, leaving at = 931.0
   Vehicle #1 = -1, leaving at = inf
   Increment on distance indicator: 1.0
   Increment on tard indicator:     0.0
   Value of tmax indicator:         1.0

Task for patient = 18 with skills = {2,-1} and cost = 351.3
   Vehicle #0 = 5, leaving at = 695.0
   Vehicle #1 = -1, leaving at = inf
   Increment on distance indicator: 3.0
   Increment on tard indicator:     0.0
   Value of tmax indicator:         3.0

Task for patient = 224 with skills = {5,-1} and cost = 408.7
   Vehicle #0 = 50, leaving at = 671.0
   Vehicle #1 = -1, leaving at = inf
   Increment on distance indicator: 2.0
   Increment on tard indicator:     0.0
   Value of tmax indicator:         2.0

Task for patient = 296 with skills = {5,-1} and cost = 408.0
   Vehicle #0 = 47, leaving at = 912.0
   Vehicle #1 = -1, leaving at = inf
   Increment on distance indicator: 4.0
   Increment on tard indicator:     0.0
   Value of tmax indicator:         4.0

Task for patient = 287 with skills = {2,3} and cost = 406.7
   Vehicle #0 = 12, leaving at = 856.0
   Vehicle #1 = 36, leaving at = 870.0
   Increment on distance indicator: 5.0
   Increment on tard indicator:     0.0
   Value of tmax indicator:         5.0

Task for patient = 141 with skills = {1,3} and cost = 405.0
   Vehicle #0 = 23, leaving at = 730.0
   Vehicle #1 = 51, leaving at = 707.0
   Increment on distance indicator: 6.0
   Increment on tard indicator:     0.0
   Value of tmax indicator:         6.0

Task for patient = 20 with skills = {2,-1} and cost = 403.0
   Vehicle #0 = 20, leaving at = 750.0
   Vehicle #1 = -1, leaving at = inf
   Increment on distance indicator: 8.0
   Increment on tard indicator:     0.0
   Value of tmax indicator:         8.0

Task for patient = 166 with skills = {1,3} and cost = 400.3
   Vehicle #0 = 18, leaving at = 717.0
   Vehicle #1 = 43, leaving at = 732.0
   Increment on distance indicator: 4.0
   Increment on tard indicator:     0.0
   Value of tmax indicator:         4.0

Task for patient = 108 with skills = {2,-1} and cost = 399.0
   Vehicle #0 = 23, leaving at = 646.0
   Vehicle #1 = -1, leaving at = inf
   Increment on distance indicator: 3.0
   Increment on tard indicator:     0.0
   Value of tmax indicator:         3.0

Task for patient = 165 with skills = {4,-1} and cost = 398.0
   Vehicle #0 = 52, leaving at = 649.0
   Vehicle #1 = -1, leaving at = inf
   Increment on distance indicator: 6.0
   Increment on tard indicator:     0.0
   Value of tmax indicator:         6.0

Task for patient = 200 with skills = {4,-1} and cost = 375.3
   Vehicle #0 = 51, leaving at = 668.0
   Vehicle #1 = -1, leaving at = inf
   Increment on distance indicator: 3.0
   Increment on tard indicator:     0.0
   Value of tmax indicator:         3.0

Task for patient = 127 with skills = {4,-1} and cost = 394.7
   Vehicle #0 = 42, leaving at = 745.0
   Vehicle #1 = -1, leaving at = inf
   Increment on distance indicator: 1.0
   Increment on tard indicator:     0.0
   Value of tmax indicator:         1.0

Task for patient = 199 with skills = {1,-1} and cost = 394.3
   Vehicle #0 = 23, leaving at = 604.0
   Vehicle #1 = -1, leaving at = inf
   Increment on distance indicator: 7.0
   Increment on tard indicator:     0.0
   Value of tmax indicator:         7.0

Task for patient = 220 with skills = {2,4} and cost = 392.0
   Vehicle #0 = 23, leaving at = 549.0
   Vehicle #1 = 52, leaving at = 565.0
   Increment on distance indicator: 28.0
   Increment on tard indicator:     0.0
   Value of tmax indicator:         28.0

Task for patient = 158 with skills = {1,-1} and cost = 382.7
   Vehicle #0 = 14, leaving at = 595.0
   Vehicle #1 = -1, leaving at = inf
   Increment on distance indicator: 2.0
   Increment on tard indicator:     0.0
   Value of tmax indicator:         2.0

Task for patient = 146 with skills = {4,-1} and cost = 382.0
   Vehicle #0 = 42, leaving at = 725.0
   Vehicle #1 = -1, leaving at = inf
   Increment on distance indicator: 3.0
   Increment on tard indicator:     0.0
   Value of tmax indicator:         3.0

Task for patient = 11 with skills = {5,-1} and cost = 381.0
   Vehicle #0 = 48, leaving at = 770.0
   Vehicle #1 = -1, leaving at = inf
   Increment on distance indicator: 8.0
   Increment on tard indicator:     0.0
   Value of tmax indicator:         8.0

Task for patient = 92 with skills = {1,-1} and cost = 378.3
   Vehicle #0 = 13, leaving at = 935.0
   Vehicle #1 = -1, leaving at = inf
   Increment on distance indicator: 2.0
   Increment on tard indicator:     0.0
   Value of tmax indicator:         2.0

Task for patient = 206 with skills = {5,-1} and cost = 377.7
   Vehicle #0 = 51, leaving at = 690.0
   Vehicle #1 = -1, leaving at = inf
   Increment on distance indicator: 3.0
   Increment on tard indicator:     0.0
   Value of tmax indicator:         3.0

Task for patient = 264 with skills = {2,-1} and cost = 376.7
   Vehicle #0 = 13, leaving at = 905.0
   Vehicle #1 = -1, leaving at = inf
   Increment on distance indicator: 4.0
   Increment on tard indicator:     0.0
   Value of tmax indicator:         4.0

Task for patient = 35 with skills = {1,3} and cost = 396.0
   Vehicle #0 = 2, leaving at = 837.0
   Vehicle #1 = 39, leaving at = 839.0
   Increment on distance indicator: 4.0
   Increment on tard indicator:     0.0
   Value of tmax indicator:         4.0

Task for patient = 167 with skills = {0,-1} and cost = 293.7
   Vehicle #0 = 10, leaving at = 710.0
   Vehicle #1 = -1, leaving at = inf
   Increment on distance indicator: 2.0
   Increment on tard indicator:     0.0
   Value of tmax indicator:         2.0

Task for patient = 110 with skills = {3,-1} and cost = 293.0
   Vehicle #0 = 39, leaving at = 643.0
   Vehicle #1 = -1, leaving at = inf
   Increment on distance indicator: 4.0
   Increment on tard indicator:     0.0
   Value of tmax indicator:         4.0

Task for patient = 4 with skills = {5,-1} and cost = 291.7
   Vehicle #0 = 35, leaving at = 906.0
   Vehicle #1 = -1, leaving at = inf
   Increment on distance indicator: 3.0
   Increment on tard indicator:     0.0
   Value of tmax indicator:         3.0

Task for patient = 250 with skills = {2,-1} and cost = 290.7
   Vehicle #0 = 6, leaving at = 798.0
   Vehicle #1 = -1, leaving at = inf
   Increment on distance indicator: 3.0
   Increment on tard indicator:     0.0
   Value of tmax indicator:         3.0

Task for patient = 288 with skills = {2,-1} and cost = 289.7
   Vehicle #0 = 12, leaving at = 736.0
   Vehicle #1 = -1, leaving at = inf
   Increment on distance indicator: 8.0
   Increment on tard indicator:     0.0
   Value of tmax indicator:         8.0

Task for patient = 98 with skills = {0,5} and cost = 287.0
   Vehicle #0 = 11, leaving at = 797.0
   Vehicle #1 = 40, leaving at = 798.0
   Increment on distance indicator: 5.0
   Increment on tard indicator:     0.0
   Value of tmax indicator:         5.0

Task for patient = 87 with skills = {2,-1} and cost = 285.3
   Vehicle #0 = 13, leaving at = 752.0
   Vehicle #1 = -1, leaving at = inf
   Increment on distance indicator: 4.0
   Increment on tard indicator:     0.0
   Value of tmax indicator:         4.0

Task for patient = 102 with skills = {4,-1} and cost = 284.0
   Vehicle #0 = 42, leaving at = 685.0
   Vehicle #1 = -1, leaving at = inf
   Increment on distance indicator: 5.0
   Increment on tard indicator:     0.0
   Value of tmax indicator:         5.0

Task for patient = 230 with skills = {2,-1} and cost = 336.7
   Vehicle #0 = 7, leaving at = 751.0
   Vehicle #1 = -1, leaving at = inf
   Increment on distance indicator: 1.0
   Increment on tard indicator:     0.0
   Value of tmax indicator:         1.0

Task for patient = 51 with skills = {0,5} and cost = 276.3
   Vehicle #0 = 1, leaving at = 852.0
   Vehicle #1 = 35, leaving at = 826.0
   Increment on distance indicator: 8.0
   Increment on tard indicator:     0.0
   Value of tmax indicator:         8.0

Task for patient = 282 with skills = {5,-1} and cost = 273.7
   Vehicle #0 = 47, leaving at = 539.0
   Vehicle #1 = -1, leaving at = inf
   Increment on distance indicator: 6.0
   Increment on tard indicator:     0.0
   Value of tmax indicator:         6.0

Task for patient = 277 with skills = {3,-1} and cost = 271.7
   Vehicle #0 = 43, leaving at = 598.0
   Vehicle #1 = -1, leaving at = inf
   Increment on distance indicator: 7.0
   Increment on tard indicator:     0.0
   Value of tmax indicator:         7.0

Task for patient = 131 with skills = {0,-1} and cost = 269.3
   Vehicle #0 = 16, leaving at = 596.0
   Vehicle #1 = -1, leaving at = inf
   Increment on distance indicator: 17.0
   Increment on tard indicator:     0.0
   Value of tmax indicator:         17.0

Task for patient = 2 with skills = {1,-1} and cost = 263.7
   Vehicle #0 = 3, leaving at = 765.0
   Vehicle #1 = -1, leaving at = inf
   Increment on distance indicator: 5.0
   Increment on tard indicator:     0.0
   Value of tmax indicator:         5.0

Task for patient = 90 with skills = {0,-1} and cost = 262.0
   Vehicle #0 = 10, leaving at = 678.0
   Vehicle #1 = -1, leaving at = inf
   Increment on distance indicator: 11.0
   Increment on tard indicator:     0.0
   Value of tmax indicator:         11.0

Task for patient = 249 with skills = {0,-1} and cost = 258.3
   Vehicle #0 = 11, leaving at = 764.0
   Vehicle #1 = -1, leaving at = inf
   Increment on distance indicator: 10.0
   Increment on tard indicator:     0.0
   Value of tmax indicator:         10.0

Task for patient = 289 with skills = {2,5} and cost = 255.0
   Vehicle #0 = 13, leaving at = 702.0
   Vehicle #1 = 45, leaving at = 739.0
   Increment on distance indicator: 9.0
   Increment on tard indicator:     0.0
   Value of tmax indicator:         9.0

Task for patient = 247 with skills = {2,5} and cost = 252.0
   Vehicle #0 = 0, leaving at = 751.0
   Vehicle #1 = 46, leaving at = 781.0
   Increment on distance indicator: 10.0
   Increment on tard indicator:     0.0
   Value of tmax indicator:         10.0

Task for patient = 41 with skills = {2,4} and cost = 282.3
   Vehicle #0 = 0, leaving at = 822.0
   Vehicle #1 = 46, leaving at = 830.0
   Increment on distance indicator: 18.0
   Increment on tard indicator:     0.0
   Value of tmax indicator:         18.0

Task for patient = 112 with skills = {2,-1} and cost = 336.3
   Vehicle #0 = 9, leaving at = 812.0
   Vehicle #1 = -1, leaving at = inf
   Increment on distance indicator: 3.0
   Increment on tard indicator:     0.0
   Value of tmax indicator:         3.0

Task for patient = 37 with skills = {2,-1} and cost = 335.3
   Vehicle #0 = 19, leaving at = 652.0
   Vehicle #1 = -1, leaving at = inf
   Increment on distance indicator: 4.0
   Increment on tard indicator:     0.0
   Value of tmax indicator:         4.0

Task for patient = 1 with skills = {5,-1} and cost = 334.0
   Vehicle #0 = 35, leaving at = 955.0
   Vehicle #1 = -1, leaving at = inf
   Increment on distance indicator: 2.0
   Increment on tard indicator:     0.0
   Value of tmax indicator:         2.0

Task for patient = 33 with skills = {1,4} and cost = 333.3
   Vehicle #0 = 14, leaving at = 561.0
   Vehicle #1 = 50, leaving at = 559.0
   Increment on distance indicator: 4.0
   Increment on tard indicator:     0.0
   Value of tmax indicator:         4.0

Task for patient = 109 with skills = {1,-1} and cost = 332.0
   Vehicle #0 = 2, leaving at = 772.0
   Vehicle #1 = -1, leaving at = inf
   Increment on distance indicator: 4.0
   Increment on tard indicator:     0.0
   Value of tmax indicator:         4.0

Task for patient = 132 with skills = {4,-1} and cost = 330.7
   Vehicle #0 = 48, leaving at = 645.0
   Vehicle #1 = -1, leaving at = inf
   Increment on distance indicator: 1.0
   Increment on tard indicator:     0.0
   Value of tmax indicator:         1.0

Task for patient = 243 with skills = {2,3} and cost = 330.3
   Vehicle #0 = 19, leaving at = 557.0
   Vehicle #1 = 48, leaving at = 599.0
   Increment on distance indicator: 21.0
   Increment on tard indicator:     0.0
   Value of tmax indicator:         21.0

Task for patient = 73 with skills = {5,-1} and cost = 323.3
   Vehicle #0 = 40, leaving at = 940.0
   Vehicle #1 = -1, leaving at = inf
   Increment on distance indicator: 3.0
   Increment on tard indicator:     0.0
   Value of tmax indicator:         3.0

Task for patient = 6 with skills = {0,-1} and cost = 301.3
   Vehicle #0 = 18, leaving at = 524.0
   Vehicle #1 = -1, leaving at = inf
   Increment on distance indicator: 23.0
   Increment on tard indicator:     0.0
   Value of tmax indicator:         23.0

Task for patient = 42 with skills = {0,-1} and cost = 320.7
   Vehicle #0 = 18, leaving at = 613.0
   Vehicle #1 = -1, leaving at = inf
   Increment on distance indicator: 4.0
   Increment on tard indicator:     0.0
   Value of tmax indicator:         4.0

Task for patient = 235 with skills = {1,5} and cost = 319.3
   Vehicle #0 = 8, leaving at = 706.0
   Vehicle #1 = 49, leaving at = 701.0
   Increment on distance indicator: 6.0
   Increment on tard indicator:     0.0
   Value of tmax indicator:         6.0

Task for patient = 196 with skills = {4,-1} and cost = 317.3
   Vehicle #0 = 48, leaving at = 528.0
   Vehicle #1 = -1, leaving at = inf
   Increment on distance indicator: 18.0
   Increment on tard indicator:     0.0
   Value of tmax indicator:         18.0

Task for patient = 290 with skills = {5,-1} and cost = 311.3
   Vehicle #0 = 40, leaving at = 874.0
   Vehicle #1 = -1, leaving at = inf
   Increment on distance indicator: 1.0
   Increment on tard indicator:     0.0
   Value of tmax indicator:         1.0

Task for patient = 68 with skills = {4,-1} and cost = 311.0
   Vehicle #0 = 32, leaving at = 773.0
   Vehicle #1 = -1, leaving at = inf
   Increment on distance indicator: 1.0
   Increment on tard indicator:     0.0
   Value of tmax indicator:         1.0

Task for patient = 62 with skills = {4,-1} and cost = 310.7
   Vehicle #0 = 46, leaving at = 875.0
   Vehicle #1 = -1, leaving at = inf
   Increment on distance indicator: 4.0
   Increment on tard indicator:     0.0
   Value of tmax indicator:         4.0

Task for patient = 183 with skills = {5,-1} and cost = 309.3
   Vehicle #0 = 47, leaving at = 606.0
   Vehicle #1 = -1, leaving at = inf
   Increment on distance indicator: 14.0
   Increment on tard indicator:     0.0
   Value of tmax indicator:         14.0

Task for patient = 21 with skills = {1,-1} and cost = 304.7
   Vehicle #0 = 18, leaving at = 560.0
   Vehicle #1 = -1, leaving at = inf
   Increment on distance indicator: 8.0
   Increment on tard indicator:     0.0
   Value of tmax indicator:         8.0

Task for patient = 88 with skills = {1,-1} and cost = 302.0
   Vehicle #0 = 13, leaving at = 784.0
   Vehicle #1 = -1, leaving at = inf
   Increment on distance indicator: 2.0
   Increment on tard indicator:     0.0
   Value of tmax indicator:         2.0

Task for patient = 156 with skills = {4,-1} and cost = 322.3
   Vehicle #0 = 37, leaving at = 799.0
   Vehicle #1 = -1, leaving at = inf
   Increment on distance indicator: 5.0
   Increment on tard indicator:     0.0
   Value of tmax indicator:         5.0


Unused vehicle list: 21 28 29 56 (total = 4 out of 60)

---
Search finished.
Total of 448 generations in 21.5 seconds.
Exchange elite runs: 0
Implicit path relinking runs: 4
Reset attempts: 0

Best solution found:
   Cost: 883.0
   Total travel time: 2649.0
   Total tardiness time: 0.0
   Largest tardiness: 0.0


883.0
