--- BRKGA-MP-IPR for HHCRSP ---
Instance: new-instances/HHCRSP_300_60_58_0.8_C_RC.txt
Seed: 1

Reading data... Problem contains 300 patients  and 60 caregivers.

Summary of supply x demand for each service type:
Skill 0 has supply = 20 and demand = 61, ratio = 0.327869
Skill 1 has supply = 17 and demand = 73, ratio = 0.232877
Skill 2 has supply = 24 and demand = 70, ratio = 0.342857
Skill 3 has supply = 21 and demand = 55, ratio = 0.381818
Skill 4 has supply = 22 and demand = 66, ratio = 0.333333
Skill 5 has supply = 19 and demand = 65, ratio = 0.292308

Reading parameters...
Inferred distance function by PR type: kendall-tau
Building BRKGA data and initializing...
Evolving 448 generations...

  Gens  Rem    Local   ElDiv NoImpr             Best solution            Time  Op
                                       Cost     Dist    Tard    TMax 
*    0  448  6201.00  574.27      0  6201.00  5770.00 12424.0   409.0     0.0    
*    5  443  5891.67  331.52      0  5891.67  5467.00 11821.0   387.0     0.3    
*    7  441  5414.67  357.34      0  5414.67  5661.00  9669.0   397.0     0.4    
*    8  440  5242.33  295.96      0  5242.33  5661.00  9669.0   397.0     0.4    
*   10  438  4684.00  365.63      0  4684.00  5612.00  8081.0   359.0     0.5    
*   14  434  4322.00  292.53      0  4322.00  5479.00  5941.0   323.0     0.7    
*   15  433  3914.33  262.34      0  3914.33  5479.00  5941.0   323.0     0.7    
*   18  430  3780.67  209.17      0  3780.67  5510.00  5029.0   329.0     0.9    
*   19  429  3622.67  172.99      0  3622.67  5510.00  5029.0   329.0     0.9    
*   21  427  3249.33  212.51      0  3249.33  5410.00  3794.0   264.0     1.0    
*   22  426  3156.00  171.90      0  3156.00  5410.00  3794.0   264.0     1.1    
*   24  424  2717.33  197.97      0  2717.33  5327.00  2549.0   276.0     1.2    
*   28  420  2600.33  167.20      0  2600.33  5303.00  1650.0   242.0     1.4    
*   29  419  2398.33  145.37      0  2398.33  5303.00  1650.0   242.0     1.4    
*   32  416  2338.67  122.71      0  2338.67  5294.00  1435.0   223.0     1.5    

  Gens  Rem    Local   ElDiv NoImpr             Best solution            Time  Op
                                       Cost     Dist    Tard    TMax 
*   33  415  2317.33  118.34      0  2317.33  5298.00  1069.0   231.0     1.6    
*   34  414  2199.33  130.35      0  2199.33  5246.00   549.0    69.0     1.6    
*   35  413  1954.67  111.32      0  1954.67  5246.00   549.0    69.0     1.7    
*   42  406  1885.33   85.77      0  1885.33  4910.00   238.0   121.0     2.0    
*   43  405  1756.33   77.46      0  1756.33  4910.00   238.0   121.0     2.1    
*   50  398  1723.67   40.71      0  1723.67  5081.00    67.0    23.0     2.4    
*   52  396  1713.00   40.51      0  1713.00  4973.00    35.0    10.0     2.5    
*   53  395  1672.67   35.01      0  1672.67  4973.00    35.0    10.0     2.5    
*   61  387  1654.00   24.12      0  1654.00  4900.00    36.0    26.0     2.9    
*   65  383  1648.00   21.54      0  1648.00  4887.00    50.0     7.0     3.1    
*   70  378  1634.00   14.74      0  1634.00  4844.00    39.0    19.0     3.4    
*   75  373  1632.00   12.09      0  1632.00  4842.00    45.0     9.0     3.6    
*   77  371  1624.67   12.39      0  1624.67  4795.00    30.0    16.0     3.7    
*   78  370  1613.67   13.50      0  1613.67  4783.00    15.0     4.0     3.8    
*   79  369  1600.67   14.04      0  1600.67  4783.00    15.0     4.0     3.8    
*   84  364  1594.33   14.07      0  1594.33  4705.00    33.0     6.0     4.0    

  Gens  Rem    Local   ElDiv NoImpr             Best solution            Time  Op
                                       Cost     Dist    Tard    TMax 
*   85  363  1581.33   13.49      0  1581.33  4705.00    33.0     6.0     4.1    
*   91  357  1572.67   11.57      0  1572.67  4712.00     4.0     2.0     4.4    
*   95  353  1572.00   10.42      0  1572.00  4687.00    20.0     9.0     4.6    
Path relinking result: too homogeneous.
    96  352  1572.00    9.50      2  1572.00  4687.00    20.0     9.0     4.6   P
*   98  350  1556.33   10.40      0  1556.33  4629.00    27.0     9.0     4.7    
*   99  349  1555.00    9.84      0  1555.00  4629.00    27.0     9.0     4.8    
   100  348  1555.00    9.68      1  1555.00  4629.00    27.0     9.0     4.8    
*  102  346  1531.33   12.30      0  1531.33  4573.00    17.0     4.0     4.9    
*  110  338  1526.33   10.68      0  1526.33  4563.00    13.0     3.0     5.4    
*  120  328  1525.33    9.50      0  1525.33  4560.00     8.0     2.0     5.8    
*  121  327  1523.33    9.15      0  1523.33  4560.00     8.0     2.0     5.9    
*  124  324  1513.33    8.78      0  1513.33  4518.00    18.0     4.0     6.0    
*  142  306  1508.33    5.51      0  1508.33  4488.00    29.0     8.0     7.0    
*  145  303  1505.33    6.09      0  1505.33  4491.00    20.0     5.0     7.1    
*  150  298  1490.00    6.90      0  1490.00  4456.00    11.0     3.0     7.4    
*  162  286  1488.00    7.23      0  1488.00  4449.00    11.0     4.0     7.9    

  Gens  Rem    Local   ElDiv NoImpr             Best solution            Time  Op
                                       Cost     Dist    Tard    TMax 
*  167  281  1482.00    8.03      0  1482.00  4429.00     9.0     4.0     8.2    
*  168  280  1480.67    7.88      0  1480.67  4429.00     9.0     4.0     8.2    
*  184  264  1477.67    7.50      0  1477.67  4389.00    35.0     9.0     9.0    
*  190  258  1472.00    7.83      0  1472.00  4389.00    22.0     5.0     9.3    
Path relinking result: too homogeneous.
   192  256  1472.00    7.58      3  1472.00  4389.00    22.0     5.0     9.4   P
*  196  252  1463.00    7.19      0  1463.00  4384.00     4.0     1.0     9.6    
   200  248  1463.00    6.41      4  1463.00  4384.00     4.0     1.0     9.8    
*  203  245  1459.33    6.77      0  1459.33  4372.00     3.0     3.0     9.9    
*  214  234  1455.00    6.96      0  1455.00  4355.00     8.0     2.0    10.4    
*  222  226  1450.00    6.80      0  1450.00  4316.00    27.0     7.0    10.8    
*  225  223  1446.00    7.28      0  1446.00  4333.00     3.0     2.0    10.9    
*  232  216  1441.00    6.55      0  1441.00  4313.00     5.0     5.0    11.3    
*  238  210  1439.00    6.68      0  1439.00  4307.00     7.0     3.0    11.6    
*  241  207  1433.67    7.47      0  1433.67  4285.00    10.0     3.0    11.8    
*  242  206  1432.67    7.55      0  1432.67  4285.00    10.0     3.0    11.8    
*  245  203  1430.33    8.16      0  1430.33  4266.00    15.0     6.0    12.0    

  Gens  Rem    Local   ElDiv NoImpr             Best solution            Time  Op
                                       Cost     Dist    Tard    TMax 
*  246  202  1429.00    7.86      0  1429.00  4266.00    15.0     6.0    12.0    
*  249  199  1420.33    6.93      0  1420.33  4218.00    32.0    11.0    12.2    
   250  198  1420.33    6.68      1  1420.33  4218.00    32.0    11.0    12.2    
*  254  194  1405.00    6.97      0  1405.00  4192.00    19.0     4.0    12.4    
*  258  190  1399.33    7.22      0  1399.33  4190.00     5.0     3.0    12.6    
*  269  179  1395.33    6.33      0  1395.33  4182.00     2.0     2.0    13.1    
*  274  174  1385.00    5.80      0  1385.00  4150.00     3.0     2.0    13.4    
Path relinking result: too homogeneous.
   288  160  1385.00    4.47     15  1385.00  4150.00     3.0     2.0    14.0   P
*  291  157  1383.67    4.20      0  1383.67  4139.00    10.0     2.0    14.1    
*  293  155  1380.00    4.61      0  1380.00  4132.00     5.0     3.0    14.2    
*  298  150  1376.67    4.32      0  1376.67  4120.00     8.0     2.0    14.5    
   300  148  1376.67    4.55      2  1376.67  4120.00     8.0     2.0    14.6    
*  301  147  1370.00    4.36      0  1370.00  4104.00     4.0     2.0    14.7    
*  307  141  1369.00    4.31      0  1369.00  4097.00     7.0     3.0    15.0    
*  310  138  1365.33    4.35      0  1365.33  4089.00     5.0     2.0    15.1    
*  314  134  1359.67    3.37      0  1359.67  4068.00     8.0     3.0    15.3    

  Gens  Rem    Local   ElDiv NoImpr             Best solution            Time  Op
                                       Cost     Dist    Tard    TMax 
*  317  131  1356.67    3.15      0  1356.67  4062.00     6.0     2.0    15.5    
*  320  128  1356.00    2.36      0  1356.00  4043.00     3.0     2.0    15.6    
*  321  127  1349.33    1.98      0  1349.33  4043.00     3.0     2.0    15.6    
*  324  124  1347.00    2.00      0  1347.00  4032.00     6.0     3.0    15.8    
*  328  120  1346.33    1.42      0  1346.33  4032.00     5.0     2.0    16.0    
*  331  117  1344.33    1.18      0  1344.33  4026.00     5.0     2.0    16.2    
*  337  111  1344.00    0.66      0  1344.00  4027.00     3.0     2.0    16.5    
*  339  109  1341.33    0.95      0  1341.33  4015.00     7.0     2.0    16.6    
*  341  107  1339.33    1.11      0  1339.33  4007.00     8.0     3.0    16.7    
*  343  105  1334.33    2.24      0  1334.33  3998.00     3.0     2.0    16.7    
*  345  103  1334.00    2.25      0  1334.00  3995.00     5.0     2.0    16.8    
*  350   98  1333.33    0.12      0  1333.33  3995.00     3.0     2.0    17.1    
*  356   92  1332.33    0.36      0  1332.33  3990.00     5.0     2.0    17.4    
*  362   86  1332.00    0.45      0  1332.00  3990.00     3.0     2.0    17.7    
*  363   85  1331.67    0.50      0  1331.67  3990.00     3.0     2.0    17.8    
Path relinking result: too homogeneous.
   384   64  1331.67    0.00     22  1331.67  3990.00     3.0     2.0    18.8   P

  Gens  Rem    Local   ElDiv NoImpr             Best solution            Time  Op
                                       Cost     Dist    Tard    TMax 
   400   48  1331.67    0.00     37  1331.67  3990.00     3.0     2.0    19.6    
*  408   40  1330.00    0.21      0  1330.00  3981.00     7.0     2.0    20.0    
*  417   31  1329.67    0.10      0  1329.67  3980.00     7.0     2.0    20.4    
   448    0  1329.67    0.00     31  1329.67  3980.00     7.0     2.0    21.9    
Evolutionary process finished.
Solution written to 'solution-20825.txt'.

Sorted sequence of worst to best tardiness value:
Task for patient = 227 with skills = {2,4} and cost = 743.7
   Vehicle #0 = 18, leaving at = 848.0
   Vehicle #1 = 57, leaving at = 855.0
   Increment on distance indicator: 12.0
   Increment on tard indicator:     4.0
   Value of tmax indicator:         12.0

Task for patient = 86 with skills = {0,-1} and cost = 541.3
   Vehicle #0 = 24, leaving at = 700.0
   Vehicle #1 = -1, leaving at = inf
   Increment on distance indicator: 6.0
   Increment on tard indicator:     2.0
   Value of tmax indicator:         6.0

Task for patient = 151 with skills = {5,-1} and cost = 875.7
   Vehicle #0 = 55, leaving at = 997.0
   Vehicle #1 = -1, leaving at = inf
   Increment on distance indicator: 4.0
   Increment on tard indicator:     1.0
   Value of tmax indicator:         4.0

Task for patient = 234 with skills = {0,-1} and cost = 732.0
   Vehicle #0 = 26, leaving at = 976.0
   Vehicle #1 = -1, leaving at = inf
   Increment on distance indicator: 1.0
   Increment on tard indicator:     0.0
   Value of tmax indicator:         1.0

Task for patient = 84 with skills = {5,-1} and cost = 731.7
   Vehicle #0 = 48, leaving at = 852.0
   Vehicle #1 = -1, leaving at = inf
   Increment on distance indicator: 5.0
   Increment on tard indicator:     0.0
   Value of tmax indicator:         5.0

Task for patient = 157 with skills = {1,-1} and cost = 730.0
   Vehicle #0 = 1, leaving at = 820.0
   Vehicle #1 = -1, leaving at = inf
   Increment on distance indicator: 14.0
   Increment on tard indicator:     0.0
   Value of tmax indicator:         14.0

Task for patient = 48 with skills = {5,-1} and cost = 725.3
   Vehicle #0 = 34, leaving at = 925.0
   Vehicle #1 = -1, leaving at = inf
   Increment on distance indicator: 3.0
   Increment on tard indicator:     0.0
   Value of tmax indicator:         3.0

Task for patient = 38 with skills = {2,-1} and cost = 724.3
   Vehicle #0 = 20, leaving at = 887.0
   Vehicle #1 = -1, leaving at = inf
   Increment on distance indicator: 5.0
   Increment on tard indicator:     0.0
   Value of tmax indicator:         5.0

Task for patient = 83 with skills = {2,4} and cost = 722.7
   Vehicle #0 = 5, leaving at = 759.0
   Vehicle #1 = 55, leaving at = 776.0
   Increment on distance indicator: 10.0
   Increment on tard indicator:     0.0
   Value of tmax indicator:         10.0

Task for patient = 294 with skills = {2,3} and cost = 719.3
   Vehicle #0 = 7, leaving at = 902.0
   Vehicle #1 = 32, leaving at = 896.0
   Increment on distance indicator: 8.0
   Increment on tard indicator:     0.0
   Value of tmax indicator:         8.0

Task for patient = 252 with skills = {1,-1} and cost = 716.7
   Vehicle #0 = 4, leaving at = 902.0
   Vehicle #1 = -1, leaving at = inf
   Increment on distance indicator: 4.0
   Increment on tard indicator:     0.0
   Value of tmax indicator:         4.0

Task for patient = 121 with skills = {2,4} and cost = 714.0
   Vehicle #0 = 9, leaving at = 882.0
   Vehicle #1 = 58, leaving at = 894.0
   Increment on distance indicator: 15.0
   Increment on tard indicator:     0.0
   Value of tmax indicator:         15.0

Task for patient = 270 with skills = {0,-1} and cost = 709.0
   Vehicle #0 = 14, leaving at = 932.0
   Vehicle #1 = -1, leaving at = inf
   Increment on distance indicator: 1.0
   Increment on tard indicator:     0.0
   Value of tmax indicator:         1.0

Task for patient = 155 with skills = {2,-1} and cost = 708.7
   Vehicle #0 = 3, leaving at = 881.0
   Vehicle #1 = -1, leaving at = inf
   Increment on distance indicator: 21.0
   Increment on tard indicator:     0.0
   Value of tmax indicator:         21.0

Task for patient = 12 with skills = {3,-1} and cost = 701.7
   Vehicle #0 = 46, leaving at = 732.0
   Vehicle #1 = -1, leaving at = inf
   Increment on distance indicator: 9.0
   Increment on tard indicator:     0.0
   Value of tmax indicator:         9.0

Task for patient = 111 with skills = {1,-1} and cost = 698.7
   Vehicle #0 = 12, leaving at = 916.0
   Vehicle #1 = -1, leaving at = inf
   Increment on distance indicator: 3.0
   Increment on tard indicator:     0.0
   Value of tmax indicator:         3.0

Task for patient = 242 with skills = {5,-1} and cost = 697.7
   Vehicle #0 = 53, leaving at = 952.0
   Vehicle #1 = -1, leaving at = inf
   Increment on distance indicator: 6.0
   Increment on tard indicator:     0.0
   Value of tmax indicator:         6.0

Task for patient = 290 with skills = {2,-1} and cost = 695.7
   Vehicle #0 = 27, leaving at = 914.0
   Vehicle #1 = -1, leaving at = inf
   Increment on distance indicator: 4.0
   Increment on tard indicator:     0.0
   Value of tmax indicator:         4.0

Task for patient = 131 with skills = {0,4} and cost = 781.3
   Vehicle #0 = 21, leaving at = 973.0
   Vehicle #1 = 39, leaving at = 969.0
   Increment on distance indicator: 8.0
   Increment on tard indicator:     0.0
   Value of tmax indicator:         8.0

Task for patient = 1 with skills = {1,-1} and cost = 715.3
   Vehicle #0 = 23, leaving at = 925.0
   Vehicle #1 = -1, leaving at = inf
   Increment on distance indicator: 4.0
   Increment on tard indicator:     0.0
   Value of tmax indicator:         4.0

Task for patient = 169 with skills = {0,-1} and cost = 775.0
   Vehicle #0 = 14, leaving at = 963.0
   Vehicle #1 = -1, leaving at = inf
   Increment on distance indicator: 5.0
   Increment on tard indicator:     0.0
   Value of tmax indicator:         5.0

Task for patient = 21 with skills = {1,-1} and cost = 773.3
   Vehicle #0 = 11, leaving at = 927.0
   Vehicle #1 = -1, leaving at = inf
   Increment on distance indicator: 1.0
   Increment on tard indicator:     0.0
   Value of tmax indicator:         1.0

Task for patient = 184 with skills = {0,-1} and cost = 773.0
   Vehicle #0 = 8, leaving at = 953.0
   Vehicle #1 = -1, leaving at = inf
   Increment on distance indicator: 3.0
   Increment on tard indicator:     0.0
   Value of tmax indicator:         3.0

Task for patient = 230 with skills = {2,4} and cost = 772.0
   Vehicle #0 = 17, leaving at = 829.0
   Vehicle #1 = 54, leaving at = 823.0
   Increment on distance indicator: 12.0
   Increment on tard indicator:     0.0
   Value of tmax indicator:         12.0

Task for patient = 78 with skills = {4,-1} and cost = 768.0
   Vehicle #0 = 44, leaving at = 880.0
   Vehicle #1 = -1, leaving at = inf
   Increment on distance indicator: 7.0
   Increment on tard indicator:     0.0
   Value of tmax indicator:         7.0

Task for patient = 284 with skills = {2,5} and cost = 765.7
   Vehicle #0 = 21, leaving at = 912.0
   Vehicle #1 = 39, leaving at = 889.0
   Increment on distance indicator: 5.0
   Increment on tard indicator:     0.0
   Value of tmax indicator:         5.0

Task for patient = 69 with skills = {3,-1} and cost = 764.0
   Vehicle #0 = 46, leaving at = 775.0
   Vehicle #1 = -1, leaving at = inf
   Increment on distance indicator: 10.0
   Increment on tard indicator:     0.0
   Value of tmax indicator:         10.0

Task for patient = 231 with skills = {0,3} and cost = 760.7
   Vehicle #0 = 21, leaving at = 859.0
   Vehicle #1 = 55, leaving at = 893.0
   Increment on distance indicator: 14.0
   Increment on tard indicator:     0.0
   Value of tmax indicator:         14.0

Task for patient = 265 with skills = {5,-1} and cost = 738.3
   Vehicle #0 = 51, leaving at = 919.0
   Vehicle #1 = -1, leaving at = inf
   Increment on distance indicator: 19.0
   Increment on tard indicator:     0.0
   Value of tmax indicator:         19.0

Task for patient = 125 with skills = {5,-1} and cost = 753.3
   Vehicle #0 = 42, leaving at = 874.0
   Vehicle #1 = -1, leaving at = inf
   Increment on distance indicator: 4.0
   Increment on tard indicator:     0.0
   Value of tmax indicator:         4.0

Task for patient = 66 with skills = {2,-1} and cost = 752.0
   Vehicle #0 = 12, leaving at = 953.0
   Vehicle #1 = -1, leaving at = inf
   Increment on distance indicator: 6.0
   Increment on tard indicator:     0.0
   Value of tmax indicator:         6.0

Task for patient = 287 with skills = {3,-1} and cost = 777.0
   Vehicle #0 = 45, leaving at = 962.0
   Vehicle #1 = -1, leaving at = inf
   Increment on distance indicator: 6.0
   Increment on tard indicator:     0.0
   Value of tmax indicator:         6.0

Task for patient = 161 with skills = {4,-1} and cost = 750.0
   Vehicle #0 = 30, leaving at = 964.0
   Vehicle #1 = -1, leaving at = inf
   Increment on distance indicator: 3.0
   Increment on tard indicator:     0.0
   Value of tmax indicator:         3.0

Task for patient = 277 with skills = {4,-1} and cost = 749.0
   Vehicle #0 = 44, leaving at = 843.0
   Vehicle #1 = -1, leaving at = inf
   Increment on distance indicator: 7.0
   Increment on tard indicator:     0.0
   Value of tmax indicator:         7.0

Task for patient = 57 with skills = {2,-1} and cost = 746.7
   Vehicle #0 = 6, leaving at = 879.0
   Vehicle #1 = -1, leaving at = inf
   Increment on distance indicator: 3.0
   Increment on tard indicator:     0.0
   Value of tmax indicator:         3.0

Task for patient = 98 with skills = {4,-1} and cost = 745.7
   Vehicle #0 = 45, leaving at = 844.0
   Vehicle #1 = -1, leaving at = inf
   Increment on distance indicator: 6.0
   Increment on tard indicator:     0.0
   Value of tmax indicator:         6.0

Task for patient = 115 with skills = {3,-1} and cost = 778.7
   Vehicle #0 = 55, leaving at = 936.0
   Vehicle #1 = -1, leaving at = inf
   Increment on distance indicator: 5.0
   Increment on tard indicator:     0.0
   Value of tmax indicator:         5.0

Task for patient = 143 with skills = {0,5} and cost = 756.0
   Vehicle #0 = 13, leaving at = 947.0
   Vehicle #1 = 32, leaving at = 941.0
   Increment on distance indicator: 8.0
   Increment on tard indicator:     0.0
   Value of tmax indicator:         8.0

Task for patient = 190 with skills = {4,-1} and cost = 640.7
   Vehicle #0 = 57, leaving at = 634.0
   Vehicle #1 = -1, leaving at = inf
   Increment on distance indicator: 11.0
   Increment on tard indicator:     0.0
   Value of tmax indicator:         11.0

Task for patient = 211 with skills = {0,-1} and cost = 637.0
   Vehicle #0 = 24, leaving at = 734.0
   Vehicle #1 = -1, leaving at = inf
   Increment on distance indicator: 6.0
   Increment on tard indicator:     0.0
   Value of tmax indicator:         6.0

Task for patient = 282 with skills = {0,-1} and cost = 635.0
   Vehicle #0 = 21, leaving at = 702.0
   Vehicle #1 = -1, leaving at = inf
   Increment on distance indicator: 5.0
   Increment on tard indicator:     0.0
   Value of tmax indicator:         5.0

Task for patient = 144 with skills = {4,-1} and cost = 633.3
   Vehicle #0 = 58, leaving at = 598.0
   Vehicle #1 = -1, leaving at = inf
   Increment on distance indicator: 16.0
   Increment on tard indicator:     0.0
   Value of tmax indicator:         16.0

Task for patient = 177 with skills = {2,3} and cost = 628.0
   Vehicle #0 = 27, leaving at = 748.0
   Vehicle #1 = 44, leaving at = 744.0
   Increment on distance indicator: 20.0
   Increment on tard indicator:     0.0
   Value of tmax indicator:         20.0

Task for patient = 286 with skills = {3,-1} and cost = 621.3
   Vehicle #0 = 52, leaving at = 799.0
   Vehicle #1 = -1, leaving at = inf
   Increment on distance indicator: 2.0
   Increment on tard indicator:     0.0
   Value of tmax indicator:         2.0

Task for patient = 243 with skills = {5,-1} and cost = 620.7
   Vehicle #0 = 57, leaving at = 593.0
   Vehicle #1 = -1, leaving at = inf
   Increment on distance indicator: 7.0
   Increment on tard indicator:     0.0
   Value of tmax indicator:         7.0

Task for patient = 172 with skills = {0,-1} and cost = 618.3
   Vehicle #0 = 12, leaving at = 809.0
   Vehicle #1 = -1, leaving at = inf
   Increment on distance indicator: 1.0
   Increment on tard indicator:     0.0
   Value of tmax indicator:         1.0

Task for patient = 254 with skills = {3,-1} and cost = 694.3
   Vehicle #0 = 44, leaving at = 777.0
   Vehicle #1 = -1, leaving at = inf
   Increment on distance indicator: 8.0
   Increment on tard indicator:     0.0
   Value of tmax indicator:         8.0

Task for patient = 54 with skills = {2,-1} and cost = 615.3
   Vehicle #0 = 10, leaving at = 745.0
   Vehicle #1 = -1, leaving at = inf
   Increment on distance indicator: 14.0
   Increment on tard indicator:     0.0
   Value of tmax indicator:         14.0

Task for patient = 92 with skills = {4,-1} and cost = 610.7
   Vehicle #0 = 57, leaving at = 556.0
   Vehicle #1 = -1, leaving at = inf
   Increment on distance indicator: 13.0
   Increment on tard indicator:     0.0
   Value of tmax indicator:         13.0

Task for patient = 210 with skills = {0,-1} and cost = 606.3
   Vehicle #0 = 20, leaving at = 845.0
   Vehicle #1 = -1, leaving at = inf
   Increment on distance indicator: 1.0
   Increment on tard indicator:     0.0
   Value of tmax indicator:         1.0

Task for patient = 148 with skills = {4,-1} and cost = 606.0
   Vehicle #0 = 53, leaving at = 845.0
   Vehicle #1 = -1, leaving at = inf
   Increment on distance indicator: 2.0
   Increment on tard indicator:     0.0
   Value of tmax indicator:         2.0

Task for patient = 250 with skills = {1,-1} and cost = 605.3
   Vehicle #0 = 29, leaving at = 727.0
   Vehicle #1 = -1, leaving at = inf
   Increment on distance indicator: 8.0
   Increment on tard indicator:     0.0
   Value of tmax indicator:         8.0

Task for patient = 9 with skills = {4,-1} and cost = 602.7
   Vehicle #0 = 38, leaving at = 698.0
   Vehicle #1 = -1, leaving at = inf
   Increment on distance indicator: 14.0
   Increment on tard indicator:     0.0
   Value of tmax indicator:         14.0

Task for patient = 133 with skills = {2,4} and cost = 598.0
   Vehicle #0 = 27, leaving at = 688.0
   Vehicle #1 = 44, leaving at = 702.0
   Increment on distance indicator: 9.0
   Increment on tard indicator:     0.0
   Value of tmax indicator:         9.0

Task for patient = 28 with skills = {3,-1} and cost = 595.0
   Vehicle #0 = 51, leaving at = 757.0
   Vehicle #1 = -1, leaving at = inf
   Increment on distance indicator: 2.0
   Increment on tard indicator:     0.0
   Value of tmax indicator:         2.0

Task for patient = 93 with skills = {1,-1} and cost = 618.0
   Vehicle #0 = 19, leaving at = 723.0
   Vehicle #1 = -1, leaving at = inf
   Increment on distance indicator: 8.0
   Increment on tard indicator:     0.0
   Value of tmax indicator:         8.0

Task for patient = 63 with skills = {0,-1} and cost = 691.7
   Vehicle #0 = 25, leaving at = 643.0
   Vehicle #1 = -1, leaving at = inf
   Increment on distance indicator: 11.0
   Increment on tard indicator:     0.0
   Value of tmax indicator:         11.0

Task for patient = 135 with skills = {2,5} and cost = 688.0
   Vehicle #0 = 27, leaving at = 803.0
   Vehicle #1 = 58, leaving at = 798.0
   Increment on distance indicator: 15.0
   Increment on tard indicator:     0.0
   Value of tmax indicator:         15.0

Task for patient = 126 with skills = {0,4} and cost = 683.0
   Vehicle #0 = 26, leaving at = 942.0
   Vehicle #1 = 35, leaving at = 958.0
   Increment on distance indicator: 6.0
   Increment on tard indicator:     0.0
   Value of tmax indicator:         6.0

Task for patient = 65 with skills = {2,5} and cost = 681.0
   Vehicle #0 = 26, leaving at = 895.0
   Vehicle #1 = 34, leaving at = 898.0
   Increment on distance indicator: 6.0
   Increment on tard indicator:     0.0
   Value of tmax indicator:         6.0

Task for patient = 46 with skills = {3,-1} and cost = 679.0
   Vehicle #0 = 57, leaving at = 712.0
   Vehicle #1 = -1, leaving at = inf
   Increment on distance indicator: 15.0
   Increment on tard indicator:     0.0
   Value of tmax indicator:         15.0

Task for patient = 26 with skills = {3,-1} and cost = 674.0
   Vehicle #0 = 58, leaving at = 676.0
   Vehicle #1 = -1, leaving at = inf
   Increment on distance indicator: 5.0
   Increment on tard indicator:     0.0
   Value of tmax indicator:         5.0

Task for patient = 75 with skills = {2,-1} and cost = 672.3
   Vehicle #0 = 21, leaving at = 830.0
   Vehicle #1 = -1, leaving at = inf
   Increment on distance indicator: 5.0
   Increment on tard indicator:     0.0
   Value of tmax indicator:         5.0

Task for patient = 205 with skills = {3,-1} and cost = 670.7
   Vehicle #0 = 41, leaving at = 914.0
   Vehicle #1 = -1, leaving at = inf
   Increment on distance indicator: 2.0
   Increment on tard indicator:     0.0
   Value of tmax indicator:         2.0

Task for patient = 197 with skills = {4,-1} and cost = 643.3
   Vehicle #0 = 43, leaving at = 772.0
   Vehicle #1 = -1, leaving at = inf
   Increment on distance indicator: 8.0
   Increment on tard indicator:     0.0
   Value of tmax indicator:         8.0

Task for patient = 276 with skills = {1,-1} and cost = 667.7
   Vehicle #0 = 21, leaving at = 787.0
   Vehicle #1 = -1, leaving at = inf
   Increment on distance indicator: 10.0
   Increment on tard indicator:     0.0
   Value of tmax indicator:         10.0

Task for patient = 116 with skills = {1,5} and cost = 664.3
   Vehicle #0 = 21, leaving at = 753.0
   Vehicle #1 = 55, leaving at = 730.0
   Increment on distance indicator: 14.0
   Increment on tard indicator:     0.0
   Value of tmax indicator:         14.0

Task for patient = 246 with skills = {4,-1} and cost = 659.7
   Vehicle #0 = 45, leaving at = 785.0
   Vehicle #1 = -1, leaving at = inf
   Increment on distance indicator: 3.0
   Increment on tard indicator:     0.0
   Value of tmax indicator:         3.0

Task for patient = 264 with skills = {5,-1} and cost = 658.7
   Vehicle #0 = 37, leaving at = 922.0
   Vehicle #1 = -1, leaving at = inf
   Increment on distance indicator: 2.0
   Increment on tard indicator:     0.0
   Value of tmax indicator:         2.0

Task for patient = 124 with skills = {3,-1} and cost = 658.0
   Vehicle #0 = 46, leaving at = 631.0
   Vehicle #1 = -1, leaving at = inf
   Increment on distance indicator: 9.0
   Increment on tard indicator:     0.0
   Value of tmax indicator:         9.0

Task for patient = 214 with skills = {1,5} and cost = 655.0
   Vehicle #0 = 19, leaving at = 851.0
   Vehicle #1 = 49, leaving at = 882.0
   Increment on distance indicator: 14.0
   Increment on tard indicator:     0.0
   Value of tmax indicator:         14.0

Task for patient = 280 with skills = {1,3} and cost = 650.3
   Vehicle #0 = 18, leaving at = 807.0
   Vehicle #1 = 48, leaving at = 825.0
   Increment on distance indicator: 12.0
   Increment on tard indicator:     0.0
   Value of tmax indicator:         12.0

Task for patient = 60 with skills = {2,-1} and cost = 646.3
   Vehicle #0 = 9, leaving at = 837.0
   Vehicle #1 = -1, leaving at = inf
   Increment on distance indicator: 4.0
   Increment on tard indicator:     0.0
   Value of tmax indicator:         4.0

Task for patient = 141 with skills = {4,-1} and cost = 645.0
   Vehicle #0 = 53, leaving at = 887.0
   Vehicle #1 = -1, leaving at = inf
   Increment on distance indicator: 5.0
   Increment on tard indicator:     0.0
   Value of tmax indicator:         5.0

Task for patient = 267 with skills = {1,3} and cost = 670.0
   Vehicle #0 = 12, leaving at = 875.0
   Vehicle #1 = 41, leaving at = 861.0
   Increment on distance indicator: 7.0
   Increment on tard indicator:     0.0
   Value of tmax indicator:         7.0

Task for patient = 224 with skills = {5,-1} and cost = 925.0
   Vehicle #0 = 42, leaving at = 1069.0
   Vehicle #1 = -1, leaving at = inf
   Increment on distance indicator: 4.0
   Increment on tard indicator:     0.0
   Value of tmax indicator:         4.0

Task for patient = 97 with skills = {2,-1} and cost = 923.7
   Vehicle #0 = 5, leaving at = 836.0
   Vehicle #1 = -1, leaving at = inf
   Increment on distance indicator: 18.0
   Increment on tard indicator:     0.0
   Value of tmax indicator:         18.0

Task for patient = 176 with skills = {0,-1} and cost = 917.7
   Vehicle #0 = 28, leaving at = 914.0
   Vehicle #1 = -1, leaving at = inf
   Increment on distance indicator: 0.0
   Increment on tard indicator:     0.0
   Value of tmax indicator:         0.0

Task for patient = 173 with skills = {4,-1} and cost = 917.7
   Vehicle #0 = 43, leaving at = 862.0
   Vehicle #1 = -1, leaving at = inf
   Increment on distance indicator: 11.0
   Increment on tard indicator:     0.0
   Value of tmax indicator:         11.0

Task for patient = 193 with skills = {4,-1} and cost = 914.0
   Vehicle #0 = 38, leaving at = 981.0
   Vehicle #1 = -1, leaving at = inf
   Increment on distance indicator: 12.0
   Increment on tard indicator:     0.0
   Value of tmax indicator:         12.0

Task for patient = 4 with skills = {0,-1} and cost = 910.0
   Vehicle #0 = 26, leaving at = 1083.0
   Vehicle #1 = -1, leaving at = inf
   Increment on distance indicator: 5.0
   Increment on tard indicator:     0.0
   Value of tmax indicator:         5.0

Task for patient = 251 with skills = {3,-1} and cost = 908.3
   Vehicle #0 = 52, leaving at = 839.0
   Vehicle #1 = -1, leaving at = inf
   Increment on distance indicator: 5.0
   Increment on tard indicator:     0.0
   Value of tmax indicator:         5.0

Task for patient = 180 with skills = {0,-1} and cost = 906.7
   Vehicle #0 = 24, leaving at = 992.0
   Vehicle #1 = -1, leaving at = inf
   Increment on distance indicator: 8.0
   Increment on tard indicator:     0.0
   Value of tmax indicator:         8.0

Task for patient = 249 with skills = {5,-1} and cost = 782.0
   Vehicle #0 = 32, leaving at = 998.0
   Vehicle #1 = -1, leaving at = inf
   Increment on distance indicator: 2.0
   Increment on tard indicator:     0.0
   Value of tmax indicator:         2.0

Task for patient = 77 with skills = {1,4} and cost = 903.3
   Vehicle #0 = 12, leaving at = 1018.0
   Vehicle #1 = 33, leaving at = 1013.0
   Increment on distance indicator: 14.0
   Increment on tard indicator:     0.0
   Value of tmax indicator:         14.0

Task for patient = 22 with skills = {2,-1} and cost = 898.7
   Vehicle #0 = 9, leaving at = 1059.0
   Vehicle #1 = -1, leaving at = inf
   Increment on distance indicator: 4.0
   Increment on tard indicator:     0.0
   Value of tmax indicator:         4.0

Task for patient = 114 with skills = {2,5} and cost = 897.3
   Vehicle #0 = 9, leaving at = 1021.0
   Vehicle #1 = 58, leaving at = 1024.0
   Increment on distance indicator: 14.0
   Increment on tard indicator:     0.0
   Value of tmax indicator:         14.0

Task for patient = 23 with skills = {2,-1} and cost = 892.7
   Vehicle #0 = 11, leaving at = 1085.0
   Vehicle #1 = -1, leaving at = inf
   Increment on distance indicator: 4.0
   Increment on tard indicator:     0.0
   Value of tmax indicator:         4.0

Task for patient = 43 with skills = {4,-1} and cost = 891.3
   Vehicle #0 = 38, leaving at = 885.0
   Vehicle #1 = -1, leaving at = inf
   Increment on distance indicator: 2.0
   Increment on tard indicator:     0.0
   Value of tmax indicator:         2.0

Task for patient = 112 with skills = {0,4} and cost = 890.7
   Vehicle #0 = 19, leaving at = 904.0
   Vehicle #1 = 49, leaving at = 943.0
   Increment on distance indicator: 20.0
   Increment on tard indicator:     0.0
   Value of tmax indicator:         20.0

Task for patient = 34 with skills = {5,-1} and cost = 884.0
   Vehicle #0 = 56, leaving at = 895.0
   Vehicle #1 = -1, leaving at = inf
   Increment on distance indicator: 1.0
   Increment on tard indicator:     0.0
   Value of tmax indicator:         1.0

Task for patient = 263 with skills = {1,-1} and cost = 883.7
   Vehicle #0 = 14, leaving at = 997.0
   Vehicle #1 = -1, leaving at = inf
   Increment on distance indicator: 2.0
   Increment on tard indicator:     0.0
   Value of tmax indicator:         2.0

Task for patient = 255 with skills = {4,-1} and cost = 904.0
   Vehicle #0 = 53, leaving at = 1022.0
   Vehicle #1 = -1, leaving at = inf
   Increment on distance indicator: 2.0
   Increment on tard indicator:     0.0
   Value of tmax indicator:         2.0

Task for patient = 217 with skills = {2,-1} and cost = 978.7
   Vehicle #0 = 29, leaving at = 1004.0
   Vehicle #1 = -1, leaving at = inf
   Increment on distance indicator: 5.0
   Increment on tard indicator:     0.0
   Value of tmax indicator:         5.0

Task for patient = 61 with skills = {0,-1} and cost = 977.0
   Vehicle #0 = 13, leaving at = 999.0
   Vehicle #1 = -1, leaving at = inf
   Increment on distance indicator: 11.0
   Increment on tard indicator:     0.0
   Value of tmax indicator:         11.0

Task for patient = 72 with skills = {0,-1} and cost = 973.3
   Vehicle #0 = 29, leaving at = 940.0
   Vehicle #1 = -1, leaving at = inf
   Increment on distance indicator: 6.0
   Increment on tard indicator:     0.0
   Value of tmax indicator:         6.0

Task for patient = 275 with skills = {2,4} and cost = 971.3
   Vehicle #0 = 15, leaving at = 1059.0
   Vehicle #1 = 32, leaving at = 1093.0
   Increment on distance indicator: 8.0
   Increment on tard indicator:     0.0
   Value of tmax indicator:         8.0

Task for patient = 56 with skills = {1,-1} and cost = 968.7
   Vehicle #0 = 19, leaving at = 1036.0
   Vehicle #1 = -1, leaving at = inf
   Increment on distance indicator: 9.0
   Increment on tard indicator:     0.0
   Value of tmax indicator:         9.0

Task for patient = 195 with skills = {0,-1} and cost = 965.7
   Vehicle #0 = 8, leaving at = 1015.0
   Vehicle #1 = -1, leaving at = inf
   Increment on distance indicator: 3.0
   Increment on tard indicator:     0.0
   Value of tmax indicator:         3.0

Task for patient = 58 with skills = {3,-1} and cost = 964.7
   Vehicle #0 = 35, leaving at = 1076.0
   Vehicle #1 = -1, leaving at = inf
   Increment on distance indicator: 3.0
   Increment on tard indicator:     0.0
   Value of tmax indicator:         3.0

Task for patient = 24 with skills = {5,-1} and cost = 963.7
   Vehicle #0 = 48, leaving at = 968.0
   Vehicle #1 = -1, leaving at = inf
   Increment on distance indicator: 3.0
   Increment on tard indicator:     0.0
   Value of tmax indicator:         3.0

Task for patient = 7 with skills = {0,3} and cost = 930.0
   Vehicle #0 = 18, leaving at = 957.0
   Vehicle #1 = 48, leaving at = 949.0
   Increment on distance indicator: 15.0
   Increment on tard indicator:     0.0
   Value of tmax indicator:         15.0

Task for patient = 62 with skills = {4,-1} and cost = 960.3
   Vehicle #0 = 30, leaving at = 1099.0
   Vehicle #1 = -1, leaving at = inf
   Increment on distance indicator: 7.0
   Increment on tard indicator:     0.0
   Value of tmax indicator:         7.0

Task for patient = 261 with skills = {0,4} and cost = 958.0
   Vehicle #0 = 18, leaving at = 1036.0
   Vehicle #1 = 30, leaving at = 1036.0
   Increment on distance indicator: 16.0
   Increment on tard indicator:     0.0
   Value of tmax indicator:         16.0

Task for patient = 208 with skills = {2,-1} and cost = 952.7
   Vehicle #0 = 29, leaving at = 907.0
   Vehicle #1 = -1, leaving at = inf
   Increment on distance indicator: 5.0
   Increment on tard indicator:     0.0
   Value of tmax indicator:         5.0

Task for patient = 239 with skills = {0,4} and cost = 951.0
   Vehicle #0 = 18, leaving at = 1007.0
   Vehicle #1 = 30, leaving at = 1009.0
   Increment on distance indicator: 26.0
   Increment on tard indicator:     0.0
   Value of tmax indicator:         26.0

Task for patient = 228 with skills = {4,-1} and cost = 942.3
   Vehicle #0 = 35, leaving at = 1017.0
   Vehicle #1 = -1, leaving at = inf
   Increment on distance indicator: 3.0
   Increment on tard indicator:     0.0
   Value of tmax indicator:         3.0

Task for patient = 104 with skills = {1,4} and cost = 941.3
   Vehicle #0 = 19, leaving at = 980.0
   Vehicle #1 = 49, leaving at = 1013.0
   Increment on distance indicator: 6.0
   Increment on tard indicator:     0.0
   Value of tmax indicator:         6.0

Task for patient = 99 with skills = {0,-1} and cost = 939.3
   Vehicle #0 = 14, leaving at = 1055.0
   Vehicle #1 = -1, leaving at = inf
   Increment on distance indicator: 8.0
   Increment on tard indicator:     0.0
   Value of tmax indicator:         8.0

Task for patient = 52 with skills = {2,-1} and cost = 936.7
   Vehicle #0 = 7, leaving at = 971.0
   Vehicle #1 = -1, leaving at = inf
   Increment on distance indicator: 6.0
   Increment on tard indicator:     0.0
   Value of tmax indicator:         6.0

Task for patient = 292 with skills = {1,5} and cost = 934.7
   Vehicle #0 = 4, leaving at = 976.0
   Vehicle #1 = 31, leaving at = 1028.0
   Increment on distance indicator: 14.0
   Increment on tard indicator:     0.0
   Value of tmax indicator:         14.0

Task for patient = 106 with skills = {2,-1} and cost = 962.7
   Vehicle #0 = 15, leaving at = 840.0
   Vehicle #1 = -1, leaving at = inf
   Increment on distance indicator: 7.0
   Increment on tard indicator:     0.0
   Value of tmax indicator:         7.0

Task for patient = 188 with skills = {3,-1} and cost = 830.7
   Vehicle #0 = 57, leaving at = 998.0
   Vehicle #1 = -1, leaving at = inf
   Increment on distance indicator: 7.0
   Increment on tard indicator:     0.0
   Value of tmax indicator:         7.0

Task for patient = 42 with skills = {1,3} and cost = 828.3
   Vehicle #0 = 1, leaving at = 947.0
   Vehicle #1 = 54, leaving at = 960.0
   Increment on distance indicator: 16.0
   Increment on tard indicator:     0.0
   Value of tmax indicator:         16.0

Task for patient = 11 with skills = {1,3} and cost = 823.0
   Vehicle #0 = 22, leaving at = 866.0
   Vehicle #1 = 38, leaving at = 864.0
   Increment on distance indicator: 24.0
   Increment on tard indicator:     0.0
   Value of tmax indicator:         24.0

Task for patient = 149 with skills = {3,-1} and cost = 815.0
   Vehicle #0 = 46, leaving at = 812.0
   Vehicle #1 = -1, leaving at = inf
   Increment on distance indicator: 5.0
   Increment on tard indicator:     0.0
   Value of tmax indicator:         5.0

Task for patient = 122 with skills = {1,3} and cost = 813.3
   Vehicle #0 = 1, leaving at = 890.0
   Vehicle #1 = 54, leaving at = 856.0
   Increment on distance indicator: 15.0
   Increment on tard indicator:     0.0
   Value of tmax indicator:         15.0

Task for patient = 73 with skills = {0,-1} and cost = 808.3
   Vehicle #0 = 29, leaving at = 764.0
   Vehicle #1 = -1, leaving at = inf
   Increment on distance indicator: 7.0
   Increment on tard indicator:     0.0
   Value of tmax indicator:         7.0

Task for patient = 257 with skills = {1,4} and cost = 806.0
   Vehicle #0 = 18, leaving at = 911.0
   Vehicle #1 = 57, leaving at = 933.0
   Increment on distance indicator: 12.0
   Increment on tard indicator:     0.0
   Value of tmax indicator:         12.0

Task for patient = 196 with skills = {2,-1} and cost = 802.0
   Vehicle #0 = 6, leaving at = 966.0
   Vehicle #1 = -1, leaving at = inf
   Increment on distance indicator: 5.0
   Increment on tard indicator:     0.0
   Value of tmax indicator:         5.0

Task for patient = 209 with skills = {1,5} and cost = 883.0
   Vehicle #0 = 11, leaving at = 1032.0
   Vehicle #1 = 34, leaving at = 1032.0
   Increment on distance indicator: 7.0
   Increment on tard indicator:     0.0
   Value of tmax indicator:         7.0

Task for patient = 200 with skills = {2,4} and cost = 799.3
   Vehicle #0 = 20, leaving at = 974.0
   Vehicle #1 = 53, leaving at = 976.0
   Increment on distance indicator: 11.0
   Increment on tard indicator:     0.0
   Value of tmax indicator:         11.0

Task for patient = 19 with skills = {2,-1} and cost = 795.7
   Vehicle #0 = 20, leaving at = 948.0
   Vehicle #1 = -1, leaving at = inf
   Increment on distance indicator: 5.0
   Increment on tard indicator:     0.0
   Value of tmax indicator:         5.0

Task for patient = 10 with skills = {4,-1} and cost = 794.0
   Vehicle #0 = 51, leaving at = 979.0
   Vehicle #1 = -1, leaving at = inf
   Increment on distance indicator: 15.0
   Increment on tard indicator:     0.0
   Value of tmax indicator:         15.0

Task for patient = 156 with skills = {0,-1} and cost = 789.0
   Vehicle #0 = 24, leaving at = 934.0
   Vehicle #1 = -1, leaving at = inf
   Increment on distance indicator: 3.0
   Increment on tard indicator:     0.0
   Value of tmax indicator:         3.0

Task for patient = 142 with skills = {2,-1} and cost = 788.0
   Vehicle #0 = 25, leaving at = 836.0
   Vehicle #1 = -1, leaving at = inf
   Increment on distance indicator: 6.0
   Increment on tard indicator:     0.0
   Value of tmax indicator:         6.0

Task for patient = 207 with skills = {2,-1} and cost = 786.0
   Vehicle #0 = 7, leaving at = 929.0
   Vehicle #1 = -1, leaving at = inf
   Increment on distance indicator: 2.0
   Increment on tard indicator:     0.0
   Value of tmax indicator:         2.0

Task for patient = 138 with skills = {1,-1} and cost = 785.3
   Vehicle #0 = 23, leaving at = 953.0
   Vehicle #1 = -1, leaving at = inf
   Increment on distance indicator: 2.0
   Increment on tard indicator:     0.0
   Value of tmax indicator:         2.0

Task for patient = 108 with skills = {0,3} and cost = 784.7
   Vehicle #0 = 26, leaving at = 1025.0
   Vehicle #1 = 32, leaving at = 1035.0
   Increment on distance indicator: 8.0
   Increment on tard indicator:     0.0
   Value of tmax indicator:         8.0

Task for patient = 274 with skills = {4,-1} and cost = 594.3
   Vehicle #0 = 57, leaving at = 522.0
   Vehicle #1 = -1, leaving at = inf
   Increment on distance indicator: 19.0
   Increment on tard indicator:     0.0
   Value of tmax indicator:         19.0

Task for patient = 165 with skills = {2,-1} and cost = 800.3
   Vehicle #0 = 11, leaving at = 946.0
   Vehicle #1 = -1, leaving at = inf
   Increment on distance indicator: 3.0
   Increment on tard indicator:     0.0
   Value of tmax indicator:         3.0

Task for patient = 33 with skills = {0,5} and cost = 880.7
   Vehicle #0 = 16, leaving at = 952.0
   Vehicle #1 = 40, leaving at = 993.0
   Increment on distance indicator: 15.0
   Increment on tard indicator:     0.0
   Value of tmax indicator:         15.0

Task for patient = 109 with skills = {1,-1} and cost = 874.0
   Vehicle #0 = 9, leaving at = 989.0
   Vehicle #1 = -1, leaving at = inf
   Increment on distance indicator: 8.0
   Increment on tard indicator:     0.0
   Value of tmax indicator:         8.0

Task for patient = 59 with skills = {0,-1} and cost = 871.3
   Vehicle #0 = 16, leaving at = 928.0
   Vehicle #1 = -1, leaving at = inf
   Increment on distance indicator: 3.0
   Increment on tard indicator:     0.0
   Value of tmax indicator:         3.0

Task for patient = 174 with skills = {1,3} and cost = 870.3
   Vehicle #0 = 4, leaving at = 950.0
   Vehicle #1 = 46, leaving at = 970.0
   Increment on distance indicator: 12.0
   Increment on tard indicator:     0.0
   Value of tmax indicator:         12.0

Task for patient = 222 with skills = {2,-1} and cost = 866.3
   Vehicle #0 = 9, leaving at = 926.0
   Vehicle #1 = -1, leaving at = inf
   Increment on distance indicator: 5.0
   Increment on tard indicator:     0.0
   Value of tmax indicator:         5.0

Task for patient = 127 with skills = {2,4} and cost = 864.7
   Vehicle #0 = 2, leaving at = 939.0
   Vehicle #1 = 59, leaving at = 969.0
   Increment on distance indicator: 13.0
   Increment on tard indicator:     0.0
   Value of tmax indicator:         13.0

Task for patient = 297 with skills = {3,-1} and cost = 860.3
   Vehicle #0 = 46, leaving at = 876.0
   Vehicle #1 = -1, leaving at = inf
   Increment on distance indicator: 4.0
   Increment on tard indicator:     0.0
   Value of tmax indicator:         4.0

Task for patient = 218 with skills = {0,-1} and cost = 859.0
   Vehicle #0 = 6, leaving at = 1025.0
   Vehicle #1 = -1, leaving at = inf
   Increment on distance indicator: 4.0
   Increment on tard indicator:     0.0
   Value of tmax indicator:         4.0

Task for patient = 185 with skills = {1,4} and cost = 834.0
   Vehicle #0 = 20, leaving at = 1001.0
   Vehicle #1 = 42, leaving at = 1028.0
   Increment on distance indicator: 10.0
   Increment on tard indicator:     0.0
   Value of tmax indicator:         10.0

Task for patient = 259 with skills = {2,3} and cost = 857.3
   Vehicle #0 = 29, leaving at = 873.0
   Vehicle #1 = 46, leaving at = 856.0
   Increment on distance indicator: 12.0
   Increment on tard indicator:     0.0
   Value of tmax indicator:         12.0

Task for patient = 206 with skills = {5,-1} and cost = 853.3
   Vehicle #0 = 31, leaving at = 721.0
   Vehicle #1 = -1, leaving at = inf
   Increment on distance indicator: 10.0
   Increment on tard indicator:     0.0
   Value of tmax indicator:         10.0

Task for patient = 35 with skills = {1,-1} and cost = 850.0
   Vehicle #0 = 1, leaving at = 1003.0
   Vehicle #1 = -1, leaving at = inf
   Increment on distance indicator: 3.0
   Increment on tard indicator:     0.0
   Value of tmax indicator:         3.0

Task for patient = 152 with skills = {1,-1} and cost = 849.0
   Vehicle #0 = 27, leaving at = 950.0
   Vehicle #1 = -1, leaving at = inf
   Increment on distance indicator: 17.0
   Increment on tard indicator:     0.0
   Value of tmax indicator:         17.0

Task for patient = 291 with skills = {2,5} and cost = 843.3
   Vehicle #0 = 23, leaving at = 1001.0
   Vehicle #1 = 45, leaving at = 983.0
   Increment on distance indicator: 3.0
   Increment on tard indicator:     0.0
   Value of tmax indicator:         3.0

Task for patient = 113 with skills = {2,4} and cost = 842.3
   Vehicle #0 = 11, leaving at = 997.0
   Vehicle #1 = 37, leaving at = 1012.0
   Increment on distance indicator: 7.0
   Increment on tard indicator:     0.0
   Value of tmax indicator:         7.0

Task for patient = 119 with skills = {3,-1} and cost = 840.0
   Vehicle #0 = 41, leaving at = 961.0
   Vehicle #1 = -1, leaving at = inf
   Increment on distance indicator: 6.0
   Increment on tard indicator:     0.0
   Value of tmax indicator:         6.0

Task for patient = 187 with skills = {4,-1} and cost = 838.0
   Vehicle #0 = 57, leaving at = 1054.0
   Vehicle #1 = -1, leaving at = inf
   Increment on distance indicator: 4.0
   Increment on tard indicator:     0.0
   Value of tmax indicator:         4.0

Task for patient = 68 with skills = {2,-1} and cost = 836.7
   Vehicle #0 = 21, leaving at = 1004.0
   Vehicle #1 = -1, leaving at = inf
   Increment on distance indicator: 8.0
   Increment on tard indicator:     0.0
   Value of tmax indicator:         8.0

Task for patient = 285 with skills = {0,-1} and cost = 857.7
   Vehicle #0 = 6, leaving at = 994.0
   Vehicle #1 = -1, leaving at = inf
   Increment on distance indicator: 1.0
   Increment on tard indicator:     0.0
   Value of tmax indicator:         1.0

Task for patient = 3 with skills = {1,3} and cost = 265.0
   Vehicle #0 = 11, leaving at = 873.0
   Vehicle #1 = 32, leaving at = 867.0
   Increment on distance indicator: 6.0
   Increment on tard indicator:     0.0
   Value of tmax indicator:         6.0

Task for patient = 167 with skills = {3,-1} and cost = 263.0
   Vehicle #0 = 41, leaving at = 505.0
   Vehicle #1 = -1, leaving at = inf
   Increment on distance indicator: 16.0
   Increment on tard indicator:     0.0
   Value of tmax indicator:         16.0

Task for patient = 202 with skills = {0,5} and cost = 257.7
   Vehicle #0 = 6, leaving at = 631.0
   Vehicle #1 = 48, leaving at = 683.0
   Increment on distance indicator: 10.0
   Increment on tard indicator:     0.0
   Value of tmax indicator:         10.0

Task for patient = 137 with skills = {3,-1} and cost = 254.3
   Vehicle #0 = 32, leaving at = 812.0
   Vehicle #1 = -1, leaving at = inf
   Increment on distance indicator: 9.0
   Increment on tard indicator:     0.0
   Value of tmax indicator:         9.0

Task for patient = 159 with skills = {0,4} and cost = 251.3
   Vehicle #0 = 8, leaving at = 860.0
   Vehicle #1 = 33, leaving at = 890.0
   Increment on distance indicator: 12.0
   Increment on tard indicator:     0.0
   Value of tmax indicator:         12.0

Task for patient = 186 with skills = {3,-1} and cost = 247.3
   Vehicle #0 = 35, leaving at = 865.0
   Vehicle #1 = -1, leaving at = inf
   Increment on distance indicator: 3.0
   Increment on tard indicator:     0.0
   Value of tmax indicator:         3.0

Task for patient = 40 with skills = {1,-1} and cost = 246.3
   Vehicle #0 = 14, leaving at = 636.0
   Vehicle #1 = -1, leaving at = inf
   Increment on distance indicator: 5.0
   Increment on tard indicator:     0.0
   Value of tmax indicator:         5.0

Task for patient = 145 with skills = {4,-1} and cost = 244.7
   Vehicle #0 = 40, leaving at = 682.0
   Vehicle #1 = -1, leaving at = inf
   Increment on distance indicator: 1.0
   Increment on tard indicator:     0.0
   Value of tmax indicator:         1.0

Task for patient = 182 with skills = {2,5} and cost = 588.0
   Vehicle #0 = 26, leaving at = 850.0
   Vehicle #1 = 34, leaving at = 837.0
   Increment on distance indicator: 10.0
   Increment on tard indicator:     0.0
   Value of tmax indicator:         10.0

Task for patient = 14 with skills = {0,-1} and cost = 238.7
   Vehicle #0 = 14, leaving at = 590.0
   Vehicle #1 = -1, leaving at = inf
   Increment on distance indicator: 2.0
   Increment on tard indicator:     0.0
   Value of tmax indicator:         2.0

Task for patient = 199 with skills = {2,3} and cost = 238.0
   Vehicle #0 = 11, leaving at = 780.0
   Vehicle #1 = 35, leaving at = 803.0
   Increment on distance indicator: 8.0
   Increment on tard indicator:     0.0
   Value of tmax indicator:         8.0

Task for patient = 32 with skills = {1,4} and cost = 235.3
   Vehicle #0 = 8, leaving at = 808.0
   Vehicle #1 = 33, leaving at = 845.0
   Increment on distance indicator: 12.0
   Increment on tard indicator:     0.0
   Value of tmax indicator:         12.0

Task for patient = 283 with skills = {2,4} and cost = 231.3
   Vehicle #0 = 0, leaving at = 809.0
   Vehicle #1 = 30, leaving at = 812.0
   Increment on distance indicator: 12.0
   Increment on tard indicator:     0.0
   Value of tmax indicator:         12.0

Task for patient = 31 with skills = {1,-1} and cost = 227.3
   Vehicle #0 = 14, leaving at = 535.0
   Vehicle #1 = -1, leaving at = inf
   Increment on distance indicator: 16.0
   Increment on tard indicator:     0.0
   Value of tmax indicator:         16.0

Task for patient = 293 with skills = {0,-1} and cost = 222.0
   Vehicle #0 = 6, leaving at = 587.0
   Vehicle #1 = -1, leaving at = inf
   Increment on distance indicator: 3.0
   Increment on tard indicator:     0.0
   Value of tmax indicator:         3.0

Task for patient = 247 with skills = {2,5} and cost = 221.0
   Vehicle #0 = 6, leaving at = 569.0
   Vehicle #1 = 48, leaving at = 627.0
   Increment on distance indicator: 32.0
   Increment on tard indicator:     0.0
   Value of tmax indicator:         32.0

Task for patient = 191 with skills = {0,3} and cost = 210.3
   Vehicle #0 = 12, leaving at = 674.0
   Vehicle #1 = 45, leaving at = 670.0
   Increment on distance indicator: 12.0
   Increment on tard indicator:     0.0
   Value of tmax indicator:         12.0

Task for patient = 96 with skills = {5,-1} and cost = 244.3
   Vehicle #0 = 49, leaving at = 528.0
   Vehicle #1 = -1, leaving at = inf
   Increment on distance indicator: 17.0
   Increment on tard indicator:     0.0
   Value of tmax indicator:         17.0

Task for patient = 215 with skills = {1,3} and cost = 354.0
   Vehicle #0 = 19, leaving at = 529.0
   Vehicle #1 = 41, leaving at = 552.0
   Increment on distance indicator: 31.0
   Increment on tard indicator:     0.0
   Value of tmax indicator:         31.0

Task for patient = 100 with skills = {0,4} and cost = 343.7
   Vehicle #0 = 16, leaving at = 515.0
   Vehicle #1 = 51, leaving at = 537.0
   Increment on distance indicator: 36.0
   Increment on tard indicator:     0.0
   Value of tmax indicator:         36.0

Task for patient = 16 with skills = {4,-1} and cost = 331.7
   Vehicle #0 = 43, leaving at = 663.0
   Vehicle #1 = -1, leaving at = inf
   Increment on distance indicator: 7.0
   Increment on tard indicator:     0.0
   Value of tmax indicator:         7.0

Task for patient = 95 with skills = {3,-1} and cost = 329.3
   Vehicle #0 = 44, leaving at = 624.0
   Vehicle #1 = -1, leaving at = inf
   Increment on distance indicator: 10.0
   Increment on tard indicator:     0.0
   Value of tmax indicator:         10.0

Task for patient = 132 with skills = {5,-1} and cost = 326.0
   Vehicle #0 = 39, leaving at = 772.0
   Vehicle #1 = -1, leaving at = inf
   Increment on distance indicator: 4.0
   Increment on tard indicator:     0.0
   Value of tmax indicator:         4.0

Task for patient = 245 with skills = {0,4} and cost = 324.7
   Vehicle #0 = 13, leaving at = 751.0
   Vehicle #1 = 42, leaving at = 753.0
   Increment on distance indicator: 17.0
   Increment on tard indicator:     0.0
   Value of tmax indicator:         17.0

Task for patient = 226 with skills = {1,-1} and cost = 319.0
   Vehicle #0 = 18, leaving at = 594.0
   Vehicle #1 = -1, leaving at = inf
   Increment on distance indicator: 18.0
   Increment on tard indicator:     0.0
   Value of tmax indicator:         18.0

Task for patient = 298 with skills = {2,-1} and cost = 313.0
   Vehicle #0 = 7, leaving at = 561.0
   Vehicle #1 = -1, leaving at = inf
   Increment on distance indicator: 15.0
   Increment on tard indicator:     0.0
   Value of tmax indicator:         15.0

Task for patient = 262 with skills = {2,-1} and cost = 266.0
   Vehicle #0 = 6, leaving at = 736.0
   Vehicle #1 = -1, leaving at = inf
   Increment on distance indicator: 3.0
   Increment on tard indicator:     0.0
   Value of tmax indicator:         3.0

Task for patient = 198 with skills = {4,-1} and cost = 301.7
   Vehicle #0 = 30, leaving at = 868.0
   Vehicle #1 = -1, leaving at = inf
   Increment on distance indicator: 5.0
   Increment on tard indicator:     0.0
   Value of tmax indicator:         5.0

Task for patient = 269 with skills = {4,-1} and cost = 300.0
   Vehicle #0 = 43, leaving at = 550.0
   Vehicle #1 = -1, leaving at = inf
   Increment on distance indicator: 15.0
   Increment on tard indicator:     0.0
   Value of tmax indicator:         15.0

Task for patient = 164 with skills = {5,-1} and cost = 295.0
   Vehicle #0 = 39, leaving at = 717.0
   Vehicle #1 = -1, leaving at = inf
   Increment on distance indicator: 8.0
   Increment on tard indicator:     0.0
   Value of tmax indicator:         8.0

Task for patient = 147 with skills = {0,-1} and cost = 292.3
   Vehicle #0 = 10, leaving at = 545.0
   Vehicle #1 = -1, leaving at = inf
   Increment on distance indicator: 25.0
   Increment on tard indicator:     0.0
   Value of tmax indicator:         25.0

Task for patient = 233 with skills = {2,-1} and cost = 284.0
   Vehicle #0 = 0, leaving at = 831.0
   Vehicle #1 = -1, leaving at = inf
   Increment on distance indicator: 7.0
   Increment on tard indicator:     0.0
   Value of tmax indicator:         7.0

Task for patient = 29 with skills = {1,5} and cost = 281.7
   Vehicle #0 = 12, leaving at = 723.0
   Vehicle #1 = 49, leaving at = 703.0
   Increment on distance indicator: 18.0
   Increment on tard indicator:     0.0
   Value of tmax indicator:         18.0

Task for patient = 49 with skills = {1,-1} and cost = 275.7
   Vehicle #0 = 14, leaving at = 664.0
   Vehicle #1 = -1, leaving at = inf
   Increment on distance indicator: 6.0
   Increment on tard indicator:     0.0
   Value of tmax indicator:         6.0

Task for patient = 44 with skills = {2,-1} and cost = 273.7
   Vehicle #0 = 5, leaving at = 655.0
   Vehicle #1 = -1, leaving at = inf
   Increment on distance indicator: 10.0
   Increment on tard indicator:     0.0
   Value of tmax indicator:         10.0

Task for patient = 76 with skills = {3,-1} and cost = 270.3
   Vehicle #0 = 48, leaving at = 746.0
   Vehicle #1 = -1, leaving at = inf
   Increment on distance indicator: 13.0
   Increment on tard indicator:     0.0
   Value of tmax indicator:         13.0

Task for patient = 238 with skills = {0,-1} and cost = 308.0
   Vehicle #0 = 13, leaving at = 533.0
   Vehicle #1 = -1, leaving at = inf
   Increment on distance indicator: 19.0
   Increment on tard indicator:     0.0
   Value of tmax indicator:         19.0

Task for patient = 89 with skills = {2,5} and cost = 118.0
   Vehicle #0 = 3, leaving at = 548.0
   Vehicle #1 = 40, leaving at = 561.0
   Increment on distance indicator: 24.0
   Increment on tard indicator:     0.0
   Value of tmax indicator:         24.0

Task for patient = 30 with skills = {3,-1} and cost = 110.0
   Vehicle #0 = 39, leaving at = 577.0
   Vehicle #1 = -1, leaving at = inf
   Increment on distance indicator: 11.0
   Increment on tard indicator:     0.0
   Value of tmax indicator:         11.0

Task for patient = 81 with skills = {1,5} and cost = 106.3
   Vehicle #0 = 8, leaving at = 781.0
   Vehicle #1 = 33, leaving at = 791.0
   Increment on distance indicator: 16.0
   Increment on tard indicator:     0.0
   Value of tmax indicator:         16.0

Task for patient = 70 with skills = {2,-1} and cost = 101.0
   Vehicle #0 = 0, leaving at = 738.0
   Vehicle #1 = -1, leaving at = inf
   Increment on distance indicator: 4.0
   Increment on tard indicator:     0.0
   Value of tmax indicator:         4.0

Task for patient = 36 with skills = {1,3} and cost = 99.7
   Vehicle #0 = 9, leaving at = 659.0
   Vehicle #1 = 37, leaving at = 643.0
   Increment on distance indicator: 17.0
   Increment on tard indicator:     0.0
   Value of tmax indicator:         17.0

Task for patient = 288 with skills = {3,-1} and cost = 94.0
   Vehicle #0 = 38, leaving at = 504.0
   Vehicle #1 = -1, leaving at = inf
   Increment on distance indicator: 17.0
   Increment on tard indicator:     0.0
   Value of tmax indicator:         17.0

Task for patient = 212 with skills = {5,-1} and cost = 88.3
   Vehicle #0 = 37, leaving at = 543.0
   Vehicle #1 = -1, leaving at = inf
   Increment on distance indicator: 16.0
   Increment on tard indicator:     0.0
   Value of tmax indicator:         16.0

Task for patient = 216 with skills = {5,-1} and cost = 83.0
   Vehicle #0 = 34, leaving at = 707.0
   Vehicle #1 = -1, leaving at = inf
   Increment on distance indicator: 9.0
   Increment on tard indicator:     0.0
   Value of tmax indicator:         9.0

Task for patient = 74 with skills = {3,-1} and cost = 206.3
   Vehicle #0 = 30, leaving at = 687.0
   Vehicle #1 = -1, leaving at = inf
   Increment on distance indicator: 12.0
   Increment on tard indicator:     0.0
   Value of tmax indicator:         12.0

Task for patient = 13 with skills = {3,-1} and cost = 70.0
   Vehicle #0 = 35, leaving at = 542.0
   Vehicle #1 = -1, leaving at = inf
   Increment on distance indicator: 17.0
   Increment on tard indicator:     0.0
   Value of tmax indicator:         17.0

Task for patient = 107 with skills = {0,5} and cost = 64.3
   Vehicle #0 = 0, leaving at = 627.0
   Vehicle #1 = 30, leaving at = 637.0
   Increment on distance indicator: 16.0
   Increment on tard indicator:     0.0
   Value of tmax indicator:         16.0

Task for patient = 64 with skills = {2,-1} and cost = 59.0
   Vehicle #0 = 2, leaving at = 678.0
   Vehicle #1 = -1, leaving at = inf
   Increment on distance indicator: 1.0
   Increment on tard indicator:     0.0
   Value of tmax indicator:         1.0

Task for patient = 158 with skills = {1,5} and cost = 58.7
   Vehicle #0 = 8, leaving at = 582.0
   Vehicle #1 = 33, leaving at = 601.0
   Increment on distance indicator: 20.0
   Increment on tard indicator:     0.0
   Value of tmax indicator:         20.0

Task for patient = 272 with skills = {1,5} and cost = 52.0
   Vehicle #0 = 8, leaving at = 551.0
   Vehicle #1 = 33, leaving at = 546.0
   Increment on distance indicator: 18.0
   Increment on tard indicator:     0.0
   Value of tmax indicator:         18.0

Task for patient = 136 with skills = {1,5} and cost = 46.0
   Vehicle #0 = 4, leaving at = 739.0
   Vehicle #1 = 32, leaving at = 757.0
   Increment on distance indicator: 24.0
   Increment on tard indicator:     0.0
   Value of tmax indicator:         24.0

Task for patient = 90 with skills = {1,3} and cost = 38.0
   Vehicle #0 = 4, leaving at = 570.0
   Vehicle #1 = 32, leaving at = 616.0
   Increment on distance indicator: 24.0
   Increment on tard indicator:     0.0
   Value of tmax indicator:         24.0

Task for patient = 8 with skills = {1,5} and cost = 30.0
   Vehicle #0 = 1, leaving at = 672.0
   Vehicle #1 = 31, leaving at = 638.0
   Increment on distance indicator: 32.0
   Increment on tard indicator:     0.0
   Value of tmax indicator:         32.0

Task for patient = 175 with skills = {0,5} and cost = 19.3
   Vehicle #0 = 0, leaving at = 572.0
   Vehicle #1 = 30, leaving at = 568.0
   Increment on distance indicator: 58.0
   Increment on tard indicator:     0.0
   Value of tmax indicator:         58.0

Task for patient = 37 with skills = {1,4} and cost = 80.0
   Vehicle #0 = 8, leaving at = 625.0
   Vehicle #1 = 33, leaving at = 654.0
   Increment on distance indicator: 30.0
   Increment on tard indicator:     0.0
   Value of tmax indicator:         30.0

Task for patient = 221 with skills = {1,5} and cost = 202.3
   Vehicle #0 = 12, leaving at = 541.0
   Vehicle #1 = 48, leaving at = 564.0
   Increment on distance indicator: 24.0
   Increment on tard indicator:     0.0
   Value of tmax indicator:         24.0

Task for patient = 15 with skills = {4,-1} and cost = 194.3
   Vehicle #0 = 45, leaving at = 647.0
   Vehicle #1 = -1, leaving at = inf
   Increment on distance indicator: 7.0
   Increment on tard indicator:     0.0
   Value of tmax indicator:         7.0

Task for patient = 80 with skills = {4,-1} and cost = 192.0
   Vehicle #0 = 39, leaving at = 675.0
   Vehicle #1 = -1, leaving at = inf
   Increment on distance indicator: 6.0
   Increment on tard indicator:     0.0
   Value of tmax indicator:         6.0

Task for patient = 20 with skills = {1,-1} and cost = 190.0
   Vehicle #0 = 0, leaving at = 761.0
   Vehicle #1 = -1, leaving at = inf
   Increment on distance indicator: 6.0
   Increment on tard indicator:     0.0
   Value of tmax indicator:         6.0

Task for patient = 45 with skills = {1,-1} and cost = 188.0
   Vehicle #0 = 1, leaving at = 726.0
   Vehicle #1 = -1, leaving at = inf
   Increment on distance indicator: 3.0
   Increment on tard indicator:     0.0
   Value of tmax indicator:         3.0

Task for patient = 299 with skills = {1,-1} and cost = 187.0
   Vehicle #0 = 4, leaving at = 840.0
   Vehicle #1 = -1, leaving at = inf
   Increment on distance indicator: 5.0
   Increment on tard indicator:     0.0
   Value of tmax indicator:         5.0

Task for patient = 236 with skills = {1,4} and cost = 185.3
   Vehicle #0 = 11, leaving at = 746.0
   Vehicle #1 = 35, leaving at = 765.0
   Increment on distance indicator: 14.0
   Increment on tard indicator:     0.0
   Value of tmax indicator:         14.0

Task for patient = 139 with skills = {2,-1} and cost = 180.7
   Vehicle #0 = 3, leaving at = 801.0
   Vehicle #1 = -1, leaving at = inf
   Increment on distance indicator: 20.0
   Increment on tard indicator:     0.0
   Value of tmax indicator:         20.0

Task for patient = 55 with skills = {4,-1} and cost = 119.7
   Vehicle #0 = 36, leaving at = 757.0
   Vehicle #1 = -1, leaving at = inf
   Increment on distance indicator: 5.0
   Increment on tard indicator:     0.0
   Value of tmax indicator:         5.0

Task for patient = 50 with skills = {2,-1} and cost = 171.3
   Vehicle #0 = 5, leaving at = 590.0
   Vehicle #1 = -1, leaving at = inf
   Increment on distance indicator: 19.0
   Increment on tard indicator:     0.0
   Value of tmax indicator:         19.0

Task for patient = 248 with skills = {2,5} and cost = 165.0
   Vehicle #0 = 3, leaving at = 607.0
   Vehicle #1 = 40, leaving at = 637.0
   Increment on distance indicator: 18.0
   Increment on tard indicator:     0.0
   Value of tmax indicator:         18.0

Task for patient = 105 with skills = {5,-1} and cost = 159.0
   Vehicle #0 = 45, leaving at = 580.0
   Vehicle #1 = -1, leaving at = inf
   Increment on distance indicator: 16.0
   Increment on tard indicator:     0.0
   Value of tmax indicator:         16.0

Task for patient = 296 with skills = {2,4} and cost = 153.7
   Vehicle #0 = 11, leaving at = 667.0
   Vehicle #1 = 42, leaving at = 685.0
   Increment on distance indicator: 10.0
   Increment on tard indicator:     0.0
   Value of tmax indicator:         10.0

Task for patient = 120 with skills = {2,-1} and cost = 150.3
   Vehicle #0 = 5, leaving at = 556.0
   Vehicle #1 = -1, leaving at = inf
   Increment on distance indicator: 32.0
   Increment on tard indicator:     0.0
   Value of tmax indicator:         32.0

Task for patient = 219 with skills = {1,5} and cost = 139.7
   Vehicle #0 = 11, leaving at = 627.0
   Vehicle #1 = 42, leaving at = 627.0
   Increment on distance indicator: 22.0
   Increment on tard indicator:     0.0
   Value of tmax indicator:         22.0

Task for patient = 266 with skills = {1,3} and cost = 132.3
   Vehicle #0 = 9, leaving at = 697.0
   Vehicle #1 = 37, leaving at = 723.0
   Increment on distance indicator: 18.0
   Increment on tard indicator:     0.0
   Value of tmax indicator:         18.0

Task for patient = 39 with skills = {3,-1} and cost = 126.3
   Vehicle #0 = 39, leaving at = 619.0
   Vehicle #1 = -1, leaving at = inf
   Increment on distance indicator: 9.0
   Increment on tard indicator:     0.0
   Value of tmax indicator:         9.0

Task for patient = 118 with skills = {2,-1} and cost = 123.3
   Vehicle #0 = 4, leaving at = 767.0
   Vehicle #1 = -1, leaving at = inf
   Increment on distance indicator: 11.0
   Increment on tard indicator:     0.0
   Value of tmax indicator:         11.0

Task for patient = 194 with skills = {1,5} and cost = 174.0
   Vehicle #0 = 9, leaving at = 740.0
   Vehicle #1 = 37, leaving at = 785.0
   Increment on distance indicator: 8.0
   Increment on tard indicator:     0.0
   Value of tmax indicator:         8.0

Task for patient = 244 with skills = {0,-1} and cost = 527.0
   Vehicle #0 = 12, leaving at = 750.0
   Vehicle #1 = -1, leaving at = inf
   Increment on distance indicator: 9.0
   Increment on tard indicator:     0.0
   Value of tmax indicator:         9.0

Task for patient = 130 with skills = {0,4} and cost = 524.0
   Vehicle #0 = 23, leaving at = 708.0
   Vehicle #1 = 43, leaving at = 716.0
   Increment on distance indicator: 11.0
   Increment on tard indicator:     0.0
   Value of tmax indicator:         11.0

Task for patient = 166 with skills = {0,-1} and cost = 520.3
   Vehicle #0 = 6, leaving at = 852.0
   Vehicle #1 = -1, leaving at = inf
   Increment on distance indicator: 7.0
   Increment on tard indicator:     0.0
   Value of tmax indicator:         7.0

Task for patient = 25 with skills = {1,-1} and cost = 518.0
   Vehicle #0 = 23, leaving at = 645.0
   Vehicle #1 = -1, leaving at = inf
   Increment on distance indicator: 4.0
   Increment on tard indicator:     0.0
   Value of tmax indicator:         4.0

Task for patient = 51 with skills = {5,-1} and cost = 516.7
   Vehicle #0 = 34, leaving at = 737.0
   Vehicle #1 = -1, leaving at = inf
   Increment on distance indicator: 12.0
   Increment on tard indicator:     0.0
   Value of tmax indicator:         12.0

Task for patient = 271 with skills = {0,-1} and cost = 512.7
   Vehicle #0 = 23, leaving at = 618.0
   Vehicle #1 = -1, leaving at = inf
   Increment on distance indicator: 11.0
   Increment on tard indicator:     0.0
   Value of tmax indicator:         11.0

Task for patient = 110 with skills = {4,-1} and cost = 509.0
   Vehicle #0 = 30, leaving at = 937.0
   Vehicle #1 = -1, leaving at = inf
   Increment on distance indicator: 4.0
   Increment on tard indicator:     0.0
   Value of tmax indicator:         4.0

Task for patient = 154 with skills = {2,-1} and cost = 507.7
   Vehicle #0 = 7, leaving at = 760.0
   Vehicle #1 = -1, leaving at = inf
   Increment on distance indicator: 4.0
   Increment on tard indicator:     0.0
   Value of tmax indicator:         4.0

Task for patient = 146 with skills = {0,-1} and cost = 356.7
   Vehicle #0 = 13, leaving at = 824.0
   Vehicle #1 = -1, leaving at = inf
   Increment on distance indicator: 8.0
   Increment on tard indicator:     0.0
   Value of tmax indicator:         8.0

Task for patient = 88 with skills = {1,4} and cost = 504.0
   Vehicle #0 = 14, leaving at = 894.0
   Vehicle #1 = 37, leaving at = 884.0
   Increment on distance indicator: 3.0
   Increment on tard indicator:     0.0
   Value of tmax indicator:         3.0

Task for patient = 289 with skills = {1,-1} and cost = 503.0
   Vehicle #0 = 9, leaving at = 806.0
   Vehicle #1 = -1, leaving at = inf
   Increment on distance indicator: 6.0
   Increment on tard indicator:     0.0
   Value of tmax indicator:         6.0

Task for patient = 162 with skills = {4,-1} and cost = 501.0
   Vehicle #0 = 35, leaving at = 904.0
   Vehicle #1 = -1, leaving at = inf
   Increment on distance indicator: 2.0
   Increment on tard indicator:     0.0
   Value of tmax indicator:         2.0

Task for patient = 295 with skills = {2,-1} and cost = 500.3
   Vehicle #0 = 20, leaving at = 800.0
   Vehicle #1 = -1, leaving at = inf
   Increment on distance indicator: 4.0
   Increment on tard indicator:     0.0
   Value of tmax indicator:         4.0

Task for patient = 220 with skills = {2,4} and cost = 499.0
   Vehicle #0 = 15, leaving at = 677.0
   Vehicle #1 = 52, leaving at = 673.0
   Increment on distance indicator: 13.0
   Increment on tard indicator:     0.0
   Value of tmax indicator:         13.0

Task for patient = 241 with skills = {4,-1} and cost = 494.7
   Vehicle #0 = 40, leaving at = 737.0
   Vehicle #1 = -1, leaving at = inf
   Increment on distance indicator: 12.0
   Increment on tard indicator:     0.0
   Value of tmax indicator:         12.0

Task for patient = 103 with skills = {0,5} and cost = 490.7
   Vehicle #0 = 24, leaving at = 668.0
   Vehicle #1 = 54, leaving at = 687.0
   Increment on distance indicator: 16.0
   Increment on tard indicator:     0.0
   Value of tmax indicator:         16.0

Task for patient = 102 with skills = {0,-1} and cost = 485.3
   Vehicle #0 = 10, leaving at = 615.0
   Vehicle #1 = -1, leaving at = inf
   Increment on distance indicator: 15.0
   Increment on tard indicator:     0.0
   Value of tmax indicator:         15.0

Task for patient = 240 with skills = {0,-1} and cost = 506.3
   Vehicle #0 = 6, leaving at = 782.0
   Vehicle #1 = -1, leaving at = inf
   Increment on distance indicator: 7.0
   Increment on tard indicator:     0.0
   Value of tmax indicator:         7.0

Task for patient = 17 with skills = {0,5} and cost = 983.0
   Vehicle #0 = 6, leaving at = 1074.0
   Vehicle #1 = 48, leaving at = 1097.0
   Increment on distance indicator: 13.0
   Increment on tard indicator:     0.0
   Value of tmax indicator:         13.0

Task for patient = 181 with skills = {3,-1} and cost = 584.7
   Vehicle #0 = 52, leaving at = 750.0
   Vehicle #1 = -1, leaving at = inf
   Increment on distance indicator: 6.0
   Increment on tard indicator:     0.0
   Value of tmax indicator:         6.0

Task for patient = 123 with skills = {2,3} and cost = 582.7
   Vehicle #0 = 23, leaving at = 731.0
   Vehicle #1 = 45, leaving at = 744.0
   Increment on distance indicator: 7.0
   Increment on tard indicator:     0.0
   Value of tmax indicator:         7.0

Task for patient = 213 with skills = {1,-1} and cost = 580.3
   Vehicle #0 = 27, leaving at = 602.0
   Vehicle #1 = -1, leaving at = inf
   Increment on distance indicator: 15.0
   Increment on tard indicator:     0.0
   Value of tmax indicator:         15.0

Task for patient = 82 with skills = {2,5} and cost = 575.3
   Vehicle #0 = 15, leaving at = 791.0
   Vehicle #1 = 42, leaving at = 799.0
   Increment on distance indicator: 13.0
   Increment on tard indicator:     0.0
   Value of tmax indicator:         13.0

Task for patient = 94 with skills = {4,-1} and cost = 571.0
   Vehicle #0 = 55, leaving at = 660.0
   Vehicle #1 = -1, leaving at = inf
   Increment on distance indicator: 7.0
   Increment on tard indicator:     0.0
   Value of tmax indicator:         7.0

Task for patient = 204 with skills = {3,-1} and cost = 568.7
   Vehicle #0 = 55, leaving at = 607.0
   Vehicle #1 = -1, leaving at = inf
   Increment on distance indicator: 17.0
   Increment on tard indicator:     0.0
   Value of tmax indicator:         17.0

Task for patient = 278 with skills = {1,3} and cost = 563.0
   Vehicle #0 = 1, leaving at = 760.0
   Vehicle #1 = 54, leaving at = 785.0
   Increment on distance indicator: 8.0
   Increment on tard indicator:     0.0
   Value of tmax indicator:         8.0

Task for patient = 268 with skills = {5,-1} and cost = 529.0
   Vehicle #0 = 34, leaving at = 804.0
   Vehicle #1 = -1, leaving at = inf
   Increment on distance indicator: 6.0
   Increment on tard indicator:     0.0
   Value of tmax indicator:         6.0

Task for patient = 300 with skills = {1,-1} and cost = 557.3
   Vehicle #0 = 14, leaving at = 913.0
   Vehicle #1 = -1, leaving at = inf
   Increment on distance indicator: 2.0
   Increment on tard indicator:     0.0
   Value of tmax indicator:         2.0

Task for patient = 163 with skills = {1,5} and cost = 556.7
   Vehicle #0 = 12, leaving at = 792.0
   Vehicle #1 = 49, leaving at = 801.0
   Increment on distance indicator: 11.0
   Increment on tard indicator:     0.0
   Value of tmax indicator:         11.0

Task for patient = 153 with skills = {1,-1} and cost = 553.0
   Vehicle #0 = 26, leaving at = 653.0
   Vehicle #1 = -1, leaving at = inf
   Increment on distance indicator: 7.0
   Increment on tard indicator:     0.0
   Value of tmax indicator:         7.0

Task for patient = 225 with skills = {1,-1} and cost = 550.7
   Vehicle #0 = 26, leaving at = 549.0
   Vehicle #1 = -1, leaving at = inf
   Increment on distance indicator: 15.0
   Increment on tard indicator:     0.0
   Value of tmax indicator:         15.0

Task for patient = 256 with skills = {5,-1} and cost = 545.7
   Vehicle #0 = 49, leaving at = 749.0
   Vehicle #1 = -1, leaving at = inf
   Increment on distance indicator: 13.0
   Increment on tard indicator:     0.0
   Value of tmax indicator:         13.0

Task for patient = 5 with skills = {4,-1} and cost = 538.0
   Vehicle #0 = 38, leaving at = 666.0
   Vehicle #1 = -1, leaving at = inf
   Increment on distance indicator: 9.0
   Increment on tard indicator:     0.0
   Value of tmax indicator:         9.0

Task for patient = 178 with skills = {5,-1} and cost = 535.0
   Vehicle #0 = 55, leaving at = 566.0
   Vehicle #1 = -1, leaving at = inf
   Increment on distance indicator: 9.0
   Increment on tard indicator:     0.0
   Value of tmax indicator:         9.0

Task for patient = 134 with skills = {5,-1} and cost = 532.0
   Vehicle #0 = 39, leaving at = 853.0
   Vehicle #1 = -1, leaving at = inf
   Increment on distance indicator: 4.0
   Increment on tard indicator:     0.0
   Value of tmax indicator:         4.0

Task for patient = 101 with skills = {0,-1} and cost = 530.7
   Vehicle #0 = 0, leaving at = 1049.0
   Vehicle #1 = -1, leaving at = inf
   Increment on distance indicator: 5.0
   Increment on tard indicator:     0.0
   Value of tmax indicator:         5.0

Task for patient = 279 with skills = {0,5} and cost = 560.3
   Vehicle #0 = 16, leaving at = 742.0
   Vehicle #1 = 40, leaving at = 790.0
   Increment on distance indicator: 9.0
   Increment on tard indicator:     0.0
   Value of tmax indicator:         9.0

Task for patient = 260 with skills = {3,-1} and cost = 418.3
   Vehicle #0 = 33, leaving at = 947.0
   Vehicle #1 = -1, leaving at = inf
   Increment on distance indicator: 3.0
   Increment on tard indicator:     0.0
   Value of tmax indicator:         3.0

Task for patient = 203 with skills = {1,-1} and cost = 417.3
   Vehicle #0 = 8, leaving at = 896.0
   Vehicle #1 = -1, leaving at = inf
   Increment on distance indicator: 5.0
   Increment on tard indicator:     0.0
   Value of tmax indicator:         5.0

Task for patient = 179 with skills = {2,-1} and cost = 415.7
   Vehicle #0 = 0, leaving at = 885.0
   Vehicle #1 = -1, leaving at = inf
   Increment on distance indicator: 3.0
   Increment on tard indicator:     0.0
   Value of tmax indicator:         3.0

Task for patient = 273 with skills = {3,-1} and cost = 414.7
   Vehicle #0 = 41, leaving at = 675.0
   Vehicle #1 = -1, leaving at = inf
   Increment on distance indicator: 12.0
   Increment on tard indicator:     0.0
   Value of tmax indicator:         12.0

Task for patient = 6 with skills = {1,-1} and cost = 410.7
   Vehicle #0 = 19, leaving at = 628.0
   Vehicle #1 = -1, leaving at = inf
   Increment on distance indicator: 6.0
   Increment on tard indicator:     0.0
   Value of tmax indicator:         6.0

Task for patient = 53 with skills = {2,-1} and cost = 408.7
   Vehicle #0 = 15, leaving at = 556.0
   Vehicle #1 = -1, leaving at = inf
   Increment on distance indicator: 18.0
   Increment on tard indicator:     0.0
   Value of tmax indicator:         18.0

Task for patient = 140 with skills = {0,-1} and cost = 402.7
   Vehicle #0 = 14, leaving at = 747.0
   Vehicle #1 = -1, leaving at = inf
   Increment on distance indicator: 6.0
   Increment on tard indicator:     0.0
   Value of tmax indicator:         6.0

Task for patient = 232 with skills = {2,-1} and cost = 400.7
   Vehicle #0 = 7, leaving at = 666.0
   Vehicle #1 = -1, leaving at = inf
   Increment on distance indicator: 4.0
   Increment on tard indicator:     0.0
   Value of tmax indicator:         4.0

Task for patient = 223 with skills = {2,-1} and cost = 480.3
   Vehicle #0 = 11, leaving at = 908.0
   Vehicle #1 = -1, leaving at = inf
   Increment on distance indicator: 5.0
   Increment on tard indicator:     0.0
   Value of tmax indicator:         5.0

Task for patient = 183 with skills = {2,-1} and cost = 397.3
   Vehicle #0 = 21, leaving at = 632.0
   Vehicle #1 = -1, leaving at = inf
   Increment on distance indicator: 8.0
   Increment on tard indicator:     0.0
   Value of tmax indicator:         8.0

Task for patient = 189 with skills = {1,-1} and cost = 394.7
   Vehicle #0 = 19, leaving at = 578.0
   Vehicle #1 = -1, leaving at = inf
   Increment on distance indicator: 6.0
   Increment on tard indicator:     0.0
   Value of tmax indicator:         6.0

Task for patient = 235 with skills = {1,5} and cost = 392.7
   Vehicle #0 = 21, leaving at = 560.0
   Vehicle #1 = 54, leaving at = 552.0
   Increment on distance indicator: 26.0
   Increment on tard indicator:     0.0
   Value of tmax indicator:         26.0

Task for patient = 281 with skills = {1,5} and cost = 384.0
   Vehicle #0 = 20, leaving at = 725.0
   Vehicle #1 = 53, leaving at = 739.0
   Increment on distance indicator: 6.0
   Increment on tard indicator:     0.0
   Value of tmax indicator:         6.0

Task for patient = 47 with skills = {1,-1} and cost = 382.0
   Vehicle #0 = 18, leaving at = 634.0
   Vehicle #1 = -1, leaving at = inf
   Increment on distance indicator: 12.0
   Increment on tard indicator:     0.0
   Value of tmax indicator:         12.0

Task for patient = 160 with skills = {0,5} and cost = 378.0
   Vehicle #0 = 20, leaving at = 684.0
   Vehicle #1 = 53, leaving at = 717.0
   Increment on distance indicator: 14.0
   Increment on tard indicator:     0.0
   Value of tmax indicator:         14.0

Task for patient = 87 with skills = {0,5} and cost = 373.3
   Vehicle #0 = 20, leaving at = 563.0
   Vehicle #1 = 53, leaving at = 572.0
   Increment on distance indicator: 30.0
   Increment on tard indicator:     0.0
   Value of tmax indicator:         30.0

Task for patient = 229 with skills = {1,-1} and cost = 363.3
   Vehicle #0 = 14, leaving at = 715.0
   Vehicle #1 = -1, leaving at = inf
   Increment on distance indicator: 3.0
   Increment on tard indicator:     0.0
   Value of tmax indicator:         3.0

Task for patient = 128 with skills = {1,-1} and cost = 362.3
   Vehicle #0 = 20, leaving at = 510.0
   Vehicle #1 = -1, leaving at = inf
   Increment on distance indicator: 17.0
   Increment on tard indicator:     0.0
   Value of tmax indicator:         17.0

Task for patient = 201 with skills = {4,-1} and cost = 399.3
   Vehicle #0 = 53, leaving at = 787.0
   Vehicle #1 = -1, leaving at = inf
   Increment on distance indicator: 6.0
   Increment on tard indicator:     0.0
   Value of tmax indicator:         6.0

Task for patient = 170 with skills = {0,3} and cost = 478.7
   Vehicle #0 = 18, leaving at = 769.0
   Vehicle #1 = 48, leaving at = 774.0
   Increment on distance indicator: 16.0
   Increment on tard indicator:     0.0
   Value of tmax indicator:         16.0

Task for patient = 117 with skills = {4,-1} and cost = 473.3
   Vehicle #0 = 52, leaving at = 534.0
   Vehicle #1 = -1, leaving at = inf
   Increment on distance indicator: 13.0
   Increment on tard indicator:     0.0
   Value of tmax indicator:         13.0

Task for patient = 168 with skills = {4,-1} and cost = 469.0
   Vehicle #0 = 51, leaving at = 667.0
   Vehicle #1 = -1, leaving at = inf
   Increment on distance indicator: 4.0
   Increment on tard indicator:     0.0
   Value of tmax indicator:         4.0

Task for patient = 253 with skills = {1,-1} and cost = 467.7
   Vehicle #0 = 23, leaving at = 563.0
   Vehicle #1 = -1, leaving at = inf
   Increment on distance indicator: 15.0
   Increment on tard indicator:     0.0
   Value of tmax indicator:         15.0

Task for patient = 67 with skills = {2,3} and cost = 462.7
   Vehicle #0 = 17, leaving at = 645.0
   Vehicle #1 = 54, leaving at = 627.0
   Increment on distance indicator: 25.0
   Increment on tard indicator:     0.0
   Value of tmax indicator:         25.0

Task for patient = 129 with skills = {0,-1} and cost = 454.3
   Vehicle #0 = 19, leaving at = 697.0
   Vehicle #1 = -1, leaving at = inf
   Increment on distance indicator: 10.0
   Increment on tard indicator:     0.0
   Value of tmax indicator:         10.0

Task for patient = 150 with skills = {2,-1} and cost = 451.0
   Vehicle #0 = 15, leaving at = 614.0
   Vehicle #1 = -1, leaving at = inf
   Increment on distance indicator: 5.0
   Increment on tard indicator:     0.0
   Value of tmax indicator:         5.0

Task for patient = 41 with skills = {4,-1} and cost = 449.3
   Vehicle #0 = 38, leaving at = 620.0
   Vehicle #1 = -1, leaving at = inf
   Increment on distance indicator: 7.0
   Increment on tard indicator:     0.0
   Value of tmax indicator:         7.0

Task for patient = 258 with skills = {0,-1} and cost = 418.7
   Vehicle #0 = 20, leaving at = 755.0
   Vehicle #1 = -1, leaving at = inf
   Increment on distance indicator: 1.0
   Increment on tard indicator:     0.0
   Value of tmax indicator:         1.0

Task for patient = 79 with skills = {5,-1} and cost = 445.0
   Vehicle #0 = 30, leaving at = 909.0
   Vehicle #1 = -1, leaving at = inf
   Increment on distance indicator: 2.0
   Increment on tard indicator:     0.0
   Value of tmax indicator:         2.0

Task for patient = 171 with skills = {2,-1} and cost = 444.3
   Vehicle #0 = 7, leaving at = 733.0
   Vehicle #1 = -1, leaving at = inf
   Increment on distance indicator: 3.0
   Increment on tard indicator:     0.0
   Value of tmax indicator:         3.0

Task for patient = 237 with skills = {0,5} and cost = 443.3
   Vehicle #0 = 22, leaving at = 649.0
   Vehicle #1 = 51, leaving at = 642.0
   Increment on distance indicator: 4.0
   Increment on tard indicator:     0.0
   Value of tmax indicator:         4.0

Task for patient = 18 with skills = {1,-1} and cost = 442.0
   Vehicle #0 = 21, leaving at = 675.0
   Vehicle #1 = -1, leaving at = inf
   Increment on distance indicator: 8.0
   Increment on tard indicator:     0.0
   Value of tmax indicator:         8.0

Task for patient = 192 with skills = {1,-1} and cost = 439.3
   Vehicle #0 = 0, leaving at = 986.0
   Vehicle #1 = -1, leaving at = inf
   Increment on distance indicator: 5.0
   Increment on tard indicator:     0.0
   Value of tmax indicator:         5.0

Task for patient = 27 with skills = {2,-1} and cost = 437.7
   Vehicle #0 = 15, leaving at = 594.0
   Vehicle #1 = -1, leaving at = inf
   Increment on distance indicator: 8.0
   Increment on tard indicator:     0.0
   Value of tmax indicator:         8.0

Task for patient = 91 with skills = {5,-1} and cost = 435.0
   Vehicle #0 = 39, leaving at = 795.0
   Vehicle #1 = -1, leaving at = inf
   Increment on distance indicator: 4.0
   Increment on tard indicator:     0.0
   Value of tmax indicator:         4.0

Task for patient = 71 with skills = {5,-1} and cost = 433.7
   Vehicle #0 = 37, leaving at = 835.0
   Vehicle #1 = -1, leaving at = inf
   Increment on distance indicator: 9.0
   Increment on tard indicator:     0.0
   Value of tmax indicator:         9.0

Task for patient = 85 with skills = {1,5} and cost = 430.7
   Vehicle #0 = 22, leaving at = 593.0
   Vehicle #1 = 51, leaving at = 621.0
   Increment on distance indicator: 36.0
   Increment on tard indicator:     0.0
   Value of tmax indicator:         36.0

Task for patient = 2 with skills = {3,-1} and cost = 447.0
   Vehicle #0 = 54, leaving at = 601.0
   Vehicle #1 = -1, leaving at = inf
   Increment on distance indicator: 6.0
   Increment on tard indicator:     0.0
   Value of tmax indicator:         6.0


Unused vehicle list: 47 50 (total = 2 out of 60)

---
Search finished.
Total of 448 generations in 21.9 seconds.
Exchange elite runs: 0
Implicit path relinking runs: 4
Reset attempts: 0

Best solution found:
   Cost: 1329.7
   Total travel time: 3980.0
   Total tardiness time: 7.0
   Largest tardiness: 2.0


1329.7
