#######################################
### Exact MIP solver for the HHCRSP ###
#######################################
-- Instance file: new-instances/HHCRSP_300_60_71_1.0_C_R.txt
-- Max threads: 4
-- Time limit: 999999 seconds
-- Use initial solution: No
Trivial flow violations prevented generating 1174918 variables.
Version identifier: 20.1.0.0 | 2020-11-10 | 9bedb6d68
CPXPARAM_Threads                                 4
CPXPARAM_TimeLimit                               999999
Parallel mode: deterministic, using up to 4 threads for concurrent optimization:
 * Starting dual Simplex on 1 thread...
 * Starting Barrier on 3 threads...
Tried aggregator 1 time.
LP Presolve eliminated 44172 rows and 8926 columns.
Reduced LP has 1128942 rows, 1073341 columns, and 24509232 nonzeros.
Presolve time = 27.61 sec. (5404.59 ticks)
Symmetry aggregator did 1783590 additional substitutions.

Iteration log . . .
Iteration:     1   Dual objective     =             0.000000
Iteration:  1367   Dual objective     =           426.333333

Dual crossover.
  Dual:  Fixing 1949 variables.
     1948 DMoves:  Infeasibility  1.51650917e-12  Objective  4.29666667e+02
        0 DMoves:  Infeasibility  7.88980025e-13  Objective  4.29666667e+02
  Dual:  Pushed 50, exchanged 1899.
  Primal:  Fixing 1018 variables.
     1017 PMoves:  Infeasibility  2.22044605e-16  Objective  4.29666667e+02
        0 PMoves:  Infeasibility  1.16573418e-15  Objective  4.29666667e+02
  Primal:  Pushed 879, exchanged 139.

Dual simplex solved model.


Solution status from MIP model:
-- Processing time: 46.082 sec.
-- Memory used: 1053.47 MB
-- Best bound: inf
-- Obj value: 429.667
-- Gap: inf%
-- Total distance: 1289
-- Total tardiness: 0
-- Largest tardiness: 0
