#######################################
### Exact MIP solver for the HHCRSP ###
#######################################
-- Instance file: new-instances/HHCRSP_300_60_88_0.8_R_C.txt
-- Max threads: 4
-- Time limit: 999999 seconds
-- Use initial solution: No
Trivial flow violations prevented generating 1186120 variables.
Version identifier: 20.1.0.0 | 2020-11-10 | 9bedb6d68
CPXPARAM_Threads                                 4
CPXPARAM_TimeLimit                               999999
Parallel mode: deterministic, using up to 4 threads for concurrent optimization:
 * Starting dual Simplex on 1 thread...
 * Starting Barrier on 3 threads...
Tried aggregator 1 time.
LP Presolve eliminated 45912 rows and 10083 columns.
Reduced LP has 1212042 rows, 1150669 columns, and 27297624 nonzeros.
Presolve time = 31.37 sec. (6018.45 ticks)
Symmetry aggregator did 1946210 additional substitutions.

Iteration log . . .
Iteration:     1   Dual objective     =             0.000000
Iteration:  1325   Dual objective     =           344.333333

Dual crossover.
  Dual:  Fixing 1905 variables.
     1904 DMoves:  Infeasibility  1.12837517e-12  Objective  3.46333333e+02
        0 DMoves:  Infeasibility  4.13280521e-13  Objective  3.46333333e+02
  Dual:  Pushed 53, exchanged 1852.
  Primal:  Fixing 1155 variables.
     1154 PMoves:  Infeasibility  0.00000000e+00  Objective  3.46333333e+02
        0 PMoves:  Infeasibility  0.00000000e+00  Objective  3.46333333e+02
  Primal:  Pushed 1001, exchanged 154.

Dual simplex solved model.


Solution status from MIP model:
-- Processing time: 51.955 sec.
-- Memory used: 1026.09 MB
-- Best bound: inf
-- Obj value: 346.333
-- Gap: inf%
-- Total distance: 1039
-- Total tardiness: 0
-- Largest tardiness: 0
