#######################################
### Exact MIP solver for the HHCRSP ###
#######################################
-- Instance file: new-instances/HHCRSP_300_60_92_0.8_C_C.txt
-- Max threads: 4
-- Time limit: 999999 seconds
-- Use initial solution: No
Trivial flow violations prevented generating 1165159 variables.
Version identifier: 20.1.0.0 | 2020-11-10 | 9bedb6d68
CPXPARAM_Threads                                 4
CPXPARAM_TimeLimit                               999999
Parallel mode: deterministic, using up to 4 threads for concurrent optimization:
 * Starting dual Simplex on 1 thread...
 * Starting Barrier on 3 threads...
Tried aggregator 1 time.
LP Presolve eliminated 45798 rows and 10245 columns.
Reduced LP has 1226054 rows, 1165730 columns, and 27263941 nonzeros.
Presolve time = 31.39 sec. (6000.41 ticks)
Symmetry aggregator did 2012875 additional substitutions.

Iteration log . . .
Iteration:     1   Dual objective     =             0.000000
Iteration:  1291   Dual objective     =           343.000000

Dual crossover.
  Dual:  Fixing 1843 variables.
     1842 DMoves:  Infeasibility  1.74299464e-12  Objective  3.44333333e+02
        0 DMoves:  Infeasibility  5.92748073e-13  Objective  3.44333333e+02
  Dual:  Pushed 96, exchanged 1747.
  Primal:  Fixing 1325 variables.
     1324 PMoves:  Infeasibility  3.88578059e-16  Objective  3.44333333e+02
        0 PMoves:  Infeasibility  1.11022302e-15  Objective  3.44333333e+02
  Primal:  Pushed 1165, exchanged 160.

Dual simplex solved model.


Solution status from MIP model:
-- Processing time: 53.544 sec.
-- Memory used: 1107.01 MB
-- Best bound: inf
-- Obj value: 344.333
-- Gap: inf%
-- Total distance: 1033
-- Total tardiness: 0
-- Largest tardiness: 0
