#######################################
### Exact MIP solver for the HHCRSP ###
#######################################
-- Instance file: new-instances/HHCRSP_300_60_3_0.8_C_C.txt
-- Max threads: 4
-- Time limit: 999999 seconds
-- Use initial solution: No
Trivial flow violations prevented generating 1045496 variables.
Version identifier: 20.1.0.0 | 2020-11-10 | 9bedb6d68
CPXPARAM_Threads                                 4
CPXPARAM_TimeLimit                               999999
Parallel mode: deterministic, using up to 4 threads for concurrent optimization:
 * Starting dual Simplex on 1 thread...
 * Starting Barrier on 3 threads...
Tried aggregator 1 time.
LP Presolve eliminated 38712 rows and 6874 columns.
Reduced LP has 965362 rows, 925781 columns, and 17253420 nonzeros.
Presolve time = 16.89 sec. (3979.81 ticks)
Symmetry aggregator did 1463474 additional substitutions.

Iteration log . . .
Iteration:     1   Dual objective     =             0.000000
Iteration:  1440   Dual objective     =           301.666667

Dual crossover.
  Dual:  Fixing 1469 variables.
     1468 DMoves:  Infeasibility  6.91724455e-13  Objective  3.06000000e+02
        0 DMoves:  Infeasibility  3.50349379e-13  Objective  3.06000000e+02
  Dual:  Pushed 58, exchanged 1411.
  Primal:  Fixing 734 variables.
      733 PMoves:  Infeasibility  0.00000000e+00  Objective  3.06000000e+02
        0 PMoves:  Infeasibility  0.00000000e+00  Objective  3.06000000e+02
  Primal:  Pushed 595, exchanged 139.

Dual simplex solved model.


Solution status from MIP model:
-- Processing time: 29.549 sec.
-- Memory used: 874.43 MB
-- Best bound: inf
-- Obj value: 306
-- Gap: inf%
-- Total distance: 918
-- Total tardiness: 0
-- Largest tardiness: 0
