#######################################
### Exact MIP solver for the HHCRSP ###
#######################################
-- Instance file: new-instances/HHCRSP_300_60_38_1.0_R_C.txt
-- Max threads: 4
-- Time limit: 999999 seconds
-- Use initial solution: No
Trivial flow violations prevented generating 1205657 variables.
Version identifier: 20.1.0.0 | 2020-11-10 | 9bedb6d68
CPXPARAM_Threads                                 4
CPXPARAM_TimeLimit                               999999
Parallel mode: deterministic, using up to 4 threads for concurrent optimization:
 * Starting dual Simplex on 1 thread...
 * Starting Barrier on 3 threads...
Tried aggregator 1 time.
LP Presolve eliminated 48906 rows and 11653 columns.
Reduced LP has 1353818 rows, 1282668 columns, and 32292985 nonzeros.
Presolve time = 38.00 sec. (7019.58 ticks)
Symmetry aggregator did 2221257 additional substitutions.
Initializing dual steep norms . . .

Iteration log . . .
Iteration:     1   Dual objective     =             0.666667
Iteration:  1350   Dual objective     =           292.000000

Dual crossover.
  Dual:  Fixing 1892 variables.
     1891 DMoves:  Infeasibility  3.12427861e-12  Objective  2.93000000e+02
        0 DMoves:  Infeasibility  1.06908926e-12  Objective  2.93000000e+02
  Dual:  Pushed 56, exchanged 1836.
  Primal:  Fixing 1305 variables.
     1304 PMoves:  Infeasibility  2.77555756e-17  Objective  2.93000000e+02
        0 PMoves:  Infeasibility  6.10622664e-16  Objective  2.93000000e+02
  Primal:  Pushed 1168, exchanged 137.

Dual simplex solved model.


Solution status from MIP model:
-- Processing time: 60.74 sec.
-- Memory used: 1244.93 MB
-- Best bound: inf
-- Obj value: 293
-- Gap: inf%
-- Total distance: 879
-- Total tardiness: 0
-- Largest tardiness: 0
