#######################################
### Exact MIP solver for the HHCRSP ###
#######################################
-- Instance file: new-instances/HHCRSP_300_60_58_1.2_C_RC.txt
-- Max threads: 4
-- Time limit: 999999 seconds
-- Use initial solution: No
Trivial flow violations prevented generating 1181732 variables.
Version identifier: 20.1.0.0 | 2020-11-10 | 9bedb6d68
CPXPARAM_Threads                                 4
CPXPARAM_TimeLimit                               999999
Parallel mode: deterministic, using up to 4 threads for concurrent optimization:
 * Starting dual Simplex on 1 thread...
 * Starting Barrier on 3 threads...
Tried aggregator 1 time.
LP Presolve eliminated 48372 rows and 11647 columns.
Reduced LP has 1348146 rows, 1279119 columns, and 31748340 nonzeros.
Presolve time = 35.78 sec. (6939.23 ticks)
Symmetry aggregator did 2211588 additional substitutions.

Iteration log . . .
Iteration:     1   Dual objective     =             0.000000
Iteration:  1355   Dual objective     =           392.500000

Dual crossover.
  Dual:  Fixing 2000 variables.
     1999 DMoves:  Infeasibility  2.11464180e-12  Objective  3.94333333e+02
        0 DMoves:  Infeasibility  7.36952172e-13  Objective  3.94333333e+02
  Dual:  Pushed 32, exchanged 1968.
  Primal:  Fixing 1595 variables.
     1594 PMoves:  Infeasibility  3.40699691e-15  Objective  3.94333333e+02
        0 PMoves:  Infeasibility  6.30051566e-15  Objective  3.94333333e+02
  Primal:  Pushed 1448, exchanged 147.

Dual simplex solved model.


Solution status from MIP model:
-- Processing time: 59.404 sec.
-- Memory used: 1199.77 MB
-- Best bound: inf
-- Obj value: 394.333
-- Gap: inf%
-- Total distance: 1183
-- Total tardiness: 0
-- Largest tardiness: 0
