#######################################
### Exact MIP solver for the HHCRSP ###
#######################################
-- Instance file: new-instances/HHCRSP_300_60_82_1.0_R_C.txt
-- Max threads: 4
-- Time limit: 999999 seconds
-- Use initial solution: No
Trivial flow violations prevented generating 1187214 variables.
Version identifier: 20.1.0.0 | 2020-11-10 | 9bedb6d68
CPXPARAM_Threads                                 4
CPXPARAM_TimeLimit                               999999
Parallel mode: deterministic, using up to 4 threads for concurrent optimization:
 * Starting dual Simplex on 1 thread...
 * Starting Barrier on 3 threads...
Tried aggregator 1 time.
LP Presolve eliminated 45786 rows and 10028 columns.
Reduced LP has 1205768 rows, 1143288 columns, and 27440207 nonzeros.
Presolve time = 29.90 sec. (6038.97 ticks)
Symmetry aggregator did 1932483 additional substitutions.

Iteration log . . .
Iteration:     1   Dual objective     =             0.000000
Iteration:  1368   Dual objective     =           294.000000

Dual crossover.
  Dual:  Fixing 1605 variables.
     1604 DMoves:  Infeasibility  3.32778249e-12  Objective  2.94666667e+02
        0 DMoves:  Infeasibility  5.51569901e-13  Objective  2.94666667e+02
  Dual:  Pushed 43, exchanged 1562.
  Primal:  Fixing 1069 variables.
     1068 PMoves:  Infeasibility  2.77555756e-17  Objective  2.94666667e+02
        0 PMoves:  Infeasibility  2.16493490e-15  Objective  2.94666667e+02
  Primal:  Pushed 926, exchanged 143.

Dual simplex solved model.


Solution status from MIP model:
-- Processing time: 49.428 sec.
-- Memory used: 1123.92 MB
-- Best bound: inf
-- Obj value: 294.667
-- Gap: inf%
-- Total distance: 884
-- Total tardiness: 0
-- Largest tardiness: 0
