#######################################
### Exact MIP solver for the HHCRSP ###
#######################################
-- Instance file: new-instances/HHCRSP_300_60_80_1.6_C_RC.txt
-- Max threads: 4
-- Time limit: 999999 seconds
-- Use initial solution: No
Trivial flow violations prevented generating 1210255 variables.
Version identifier: 20.1.0.0 | 2020-11-10 | 9bedb6d68
CPXPARAM_Threads                                 4
CPXPARAM_TimeLimit                               999999
Parallel mode: deterministic, using up to 4 threads for concurrent optimization:
 * Starting dual Simplex on 1 thread...
 * Starting Barrier on 3 threads...
Tried aggregator 1 time.
LP Presolve eliminated 47892 rows and 10846 columns.
Reduced LP has 1294474 rows, 1226635 columns, and 30224708 nonzeros.
Presolve time = 32.08 sec. (6598.79 ticks)
Symmetry aggregator did 2110725 additional substitutions.

Iteration log . . .
Iteration:     1   Dual objective     =             0.000000

Dual crossover.
  Dual:  Fixing 1838 variables.
     1837 DMoves:  Infeasibility  2.32014408e-12  Objective  3.57666667e+02
        0 DMoves:  Infeasibility  9.15055069e-13  Objective  3.57666667e+02
  Dual:  Pushed 32, exchanged 1806.
  Primal:  Fixing 1270 variables.
     1269 PMoves:  Infeasibility  6.93889390e-17  Objective  3.57666667e+02
        0 PMoves:  Infeasibility  5.96744876e-16  Objective  3.57666667e+02
  Primal:  Pushed 1123, exchanged 147.

Dual simplex solved model.


Solution status from MIP model:
-- Processing time: 54.207 sec.
-- Memory used: 1138.65 MB
-- Best bound: inf
-- Obj value: 357.667
-- Gap: inf%
-- Total distance: 1073
-- Total tardiness: 0
-- Largest tardiness: 0
