--- BRKGA-MP-IPR for HHCRSP ---
Instance: new-instances/HHCRSP_75_15_19_1.0_R_C.txt
Seed: 1

Reading data... Problem contains 75 patients  and 15 caregivers.

Summary of supply x demand for each service type:
Skill 0 has supply = 7 and demand = 25, ratio = 0.28
Skill 1 has supply = 6 and demand = 15, ratio = 0.4
Skill 2 has supply = 4 and demand = 15, ratio = 0.266667
Skill 3 has supply = 5 and demand = 9, ratio = 0.555556
Skill 4 has supply = 4 and demand = 20, ratio = 0.2
Skill 5 has supply = 3 and demand = 15, ratio = 0.2

Reading parameters...
Inferred distance function by PR type: kendall-tau
Building BRKGA data and initializing...
Evolving 448 generations...

  Gens  Rem    Local   ElDiv NoImpr             Best solution            Time  Op
                                       Cost     Dist    Tard    TMax 
*    0  448  3021.00  289.91      0  3021.00  2069.00  6530.0   464.0     0.0    
*    2  446  2914.67  262.82      0  2914.67  1898.00  5434.0   410.0     0.0    
*    3  445  2580.67  215.64      0  2580.67  1898.00  5434.0   410.0     0.0    
*    5  443  2141.67  270.98      0  2141.67  1994.00  2937.0   309.0     0.0    
*    6  442  1746.67  248.75      0  1746.67  1994.00  2937.0   309.0     0.0    
*   11  437  1550.00  170.13      0  1550.00  2004.00  1605.0   271.0     0.0    
*   12  436  1293.33  146.29      0  1293.33  2004.00  1605.0   271.0     0.0    
*   14  434  1176.67  170.40      0  1176.67  1923.00   983.0   104.0     0.0    
*   15  433  1003.33  152.07      0  1003.33  1923.00   983.0   104.0     0.0    
*   21  427   876.33   83.79      0   876.33  1907.00   602.0   120.0     0.0    
*   25  423   870.00   62.82      0   870.00  1899.00   238.0    83.0     0.0    
*   26  422   740.00   56.16      0   740.00  1899.00   238.0    83.0     0.0    
*   29  419   725.00   57.45      0   725.00  1938.00   108.0    49.0     0.0    
*   30  418   698.33   57.09      0   698.33  1768.00   153.0    65.0     0.0    
*   31  417   662.00   51.89      0   662.00  1768.00   153.0    65.0     0.0    

  Gens  Rem    Local   ElDiv NoImpr             Best solution            Time  Op
                                       Cost     Dist    Tard    TMax 
*   36  412   649.33   36.69      0   649.33  1839.00    63.0    46.0     0.1    
*   38  410   616.00   32.77      0   616.00  1848.00     0.0     0.0     0.1    
*   45  403   607.33   20.33      0   607.33  1764.00    46.0    12.0     0.1    
    50  398   607.33   18.60      5   607.33  1764.00    46.0    12.0     0.1    
*   51  397   604.00   18.19      0   604.00  1670.00    81.0    27.0     0.1    
*   52  396   592.67   18.26      0   592.67  1670.00    81.0    27.0     0.1    
*   54  394   573.67   15.65      0   573.67  1678.00    28.0    15.0     0.1    
*   66  382   568.33    8.88      0   568.33  1637.00    52.0    16.0     0.1    
*   69  379   549.67   11.95      0   549.67  1628.00     9.0     6.0     0.1    
*   70  378   547.67   12.59      0   547.67  1628.00     9.0     6.0     0.1    
*   73  375   544.33   12.36      0   544.33  1603.00    16.0    14.0     0.1    
*   81  367   537.67   10.07      0   537.67  1591.00    15.0     7.0     0.1    
*   89  359   536.67    7.98      0   536.67  1605.00     3.0     2.0     0.1    
*   92  356   526.33    7.42      0   526.33  1558.00    13.0     8.0     0.1    
*   96  352   523.00    6.28      0   523.00  1517.00    30.0     9.0     0.1    
Path relinking result: too homogeneous.
    96  352   518.67    6.28      0   523.00  1517.00    30.0     9.0     0.1   P

  Gens  Rem    Local   ElDiv NoImpr             Best solution            Time  Op
                                       Cost     Dist    Tard    TMax 
*   97  351   518.67    5.87      0   518.67  1517.00    30.0     9.0     0.1    
   100  348   518.67    4.06      3   518.67  1517.00    30.0     9.0     0.1    
*  107  341   518.00    2.76      0   518.00  1548.00     2.0     2.0     0.2    
*  108  340   517.33    2.80      0   517.33  1529.00    11.0     9.0     0.2    
*  109  339   516.33    2.91      0   516.33  1531.00     9.0     3.0     0.2    
*  110  338   514.33    3.10      0   514.33  1507.00    25.0     9.0     0.2    
*  111  337   513.67    2.70      0   513.67  1515.00    14.0     9.0     0.2    
*  112  336   512.67    2.65      0   512.67  1528.00     2.0     2.0     0.2    
*  113  335   510.67    3.04      0   510.67  1507.00     2.0     2.0     0.2    
*  114  334   503.67    3.17      0   503.67  1507.00     2.0     2.0     0.2    
*  121  327   500.67    2.21      0   500.67  1492.00     7.0     3.0     0.2    
*  124  324   497.67    1.91      0   497.67  1485.00     5.0     3.0     0.2    
*  132  316   496.33    0.69      0   496.33  1480.00     5.0     3.0     0.2    
*  133  315   496.00    0.93      0   496.00  1475.00     7.0     3.0     0.2    
*  134  314   495.00    1.16      0   495.00  1474.00     7.0     3.0     0.2    
*  135  313   494.67    1.55      0   494.67  1471.00     7.0     3.0     0.2    

  Gens  Rem    Local   ElDiv NoImpr             Best solution            Time  Op
                                       Cost     Dist    Tard    TMax 
*  136  312   493.67    1.69      0   493.67  1471.00     7.0     3.0     0.2    
*  142  306   493.33    0.26      0   493.33  1470.00     7.0     3.0     0.2    
   150  298   493.33    0.14      8   493.33  1470.00     7.0     3.0     0.2    
Path relinking result: too homogeneous.
   192  256   493.33    0.00     51   493.33  1470.00     7.0     3.0     0.3   P
   200  248   493.33    0.00     58   493.33  1470.00     7.0     3.0     0.3    
   209  239      inf  410.94      0   493.33  1470.00     7.0     3.0     0.3   R
   210  238  2410.33  328.02      0   493.33  1470.00     7.0     3.0     0.3    
   250  198   595.33   17.56      2   493.33  1470.00     7.0     3.0     0.3    
Path relinking result: too homogeneous.
   288  160   526.00    7.53      1   493.33  1470.00     7.0     3.0     0.4   P
   300  148   495.67    8.85      1   493.33  1470.00     7.0     3.0     0.4    
*  304  144   491.33    8.32      0   491.33  1446.00    10.0     7.0     0.4    
*  305  143   487.67    6.95      0   487.67  1446.00    10.0     7.0     0.4    
*  311  137   484.67    4.34      0   484.67  1438.00     7.0     3.0     0.4    
*  312  136   482.67    4.69      0   482.67  1427.00     8.0     3.0     0.4    
*  313  135   479.33    4.52      0   479.33  1417.00     8.0     3.0     0.4    
*  314  134   476.00    4.40      0   476.00  1416.00     7.0     3.0     0.4    

  Gens  Rem    Local   ElDiv NoImpr             Best solution            Time  Op
                                       Cost     Dist    Tard    TMax 
*  315  133   475.33    4.39      0   475.33  1415.00     7.0     3.0     0.4    
*  316  132   475.00    3.82      0   475.00  1415.00     7.0     3.0     0.4    
*  320  128   474.67    1.13      0   474.67  1414.00     7.0     3.0     0.4    
*  327  121   474.33    0.18      0   474.33  1413.00     7.0     3.0     0.4    
*  332  116   474.00    0.04      0   474.00  1412.00     7.0     3.0     0.4    
*  345  103   473.67    0.06      0   473.67  1411.00     7.0     3.0     0.5    
   350   98   473.67    0.16      5   473.67  1411.00     7.0     3.0     0.5    
Path relinking result: too homogeneous.
   384   64   473.67    0.00     40   473.67  1411.00     7.0     3.0     0.5   P
   400   48   473.67    0.00     55   473.67  1411.00     7.0     3.0     0.5    
*  405   43   473.00    0.14      0   473.00  1413.00     4.0     2.0     0.5    
   448    0   473.00    0.00     43   473.00  1413.00     4.0     2.0     0.6    
Evolutionary process finished.
Solution written to 'solution-21303.txt'.

Sorted sequence of worst to best tardiness value:
Task for patient = 49 with skills = {0,3} and cost = 271.7
   Vehicle #0 = 6, leaving at = 969.0
   Vehicle #1 = 10, leaving at = 973.0
   Increment on distance indicator: 10.0
   Increment on tard indicator:     4.0
   Value of tmax indicator:         10.0

Task for patient = 25 with skills = {2,4} and cost = 258.3
   Vehicle #0 = 0, leaving at = 1032.0
   Vehicle #1 = 8, leaving at = 1016.0
   Increment on distance indicator: 12.0
   Increment on tard indicator:     0.0
   Value of tmax indicator:         12.0

Task for patient = 11 with skills = {5,-1} and cost = 254.3
   Vehicle #0 = 9, leaving at = 885.0
   Vehicle #1 = -1, leaving at = inf
   Increment on distance indicator: 6.0
   Increment on tard indicator:     0.0
   Value of tmax indicator:         6.0

Task for patient = 44 with skills = {2,4} and cost = 252.3
   Vehicle #0 = 0, leaving at = 991.0
   Vehicle #1 = 8, leaving at = 991.0
   Increment on distance indicator: 18.0
   Increment on tard indicator:     0.0
   Value of tmax indicator:         18.0

Task for patient = 73 with skills = {0,-1} and cost = 246.3
   Vehicle #0 = 6, leaving at = 838.0
   Vehicle #1 = -1, leaving at = inf
   Increment on distance indicator: 2.0
   Increment on tard indicator:     0.0
   Value of tmax indicator:         2.0

Task for patient = 51 with skills = {0,-1} and cost = 245.7
   Vehicle #0 = 6, leaving at = 780.0
   Vehicle #1 = -1, leaving at = inf
   Increment on distance indicator: 27.0
   Increment on tard indicator:     0.0
   Value of tmax indicator:         27.0

Task for patient = 67 with skills = {2,4} and cost = 236.7
   Vehicle #0 = 0, leaving at = 920.0
   Vehicle #1 = 8, leaving at = 953.0
   Increment on distance indicator: 12.0
   Increment on tard indicator:     0.0
   Value of tmax indicator:         12.0

Task for patient = 36 with skills = {2,3} and cost = 232.7
   Vehicle #0 = 2, leaving at = 826.0
   Vehicle #1 = 11, leaving at = 846.0
   Increment on distance indicator: 9.0
   Increment on tard indicator:     0.0
   Value of tmax indicator:         9.0

Task for patient = 37 with skills = {2,-1} and cost = 338.0
   Vehicle #0 = 6, leaving at = 1012.0
   Vehicle #1 = -1, leaving at = inf
   Increment on distance indicator: 10.0
   Increment on tard indicator:     0.0
   Value of tmax indicator:         10.0

Task for patient = 26 with skills = {0,-1} and cost = 227.7
   Vehicle #0 = 1, leaving at = 908.0
   Vehicle #1 = -1, leaving at = inf
   Increment on distance indicator: 2.0
   Increment on tard indicator:     0.0
   Value of tmax indicator:         2.0

Task for patient = 8 with skills = {5,-1} and cost = 227.0
   Vehicle #0 = 10, leaving at = 874.0
   Vehicle #1 = -1, leaving at = inf
   Increment on distance indicator: 8.0
   Increment on tard indicator:     0.0
   Value of tmax indicator:         8.0

Task for patient = 30 with skills = {0,-1} and cost = 224.3
   Vehicle #0 = 4, leaving at = 901.0
   Vehicle #1 = -1, leaving at = inf
   Increment on distance indicator: 8.0
   Increment on tard indicator:     0.0
   Value of tmax indicator:         8.0

Task for patient = 34 with skills = {0,-1} and cost = 221.7
   Vehicle #0 = 5, leaving at = 903.0
   Vehicle #1 = -1, leaving at = inf
   Increment on distance indicator: 9.0
   Increment on tard indicator:     0.0
   Value of tmax indicator:         9.0

Task for patient = 38 with skills = {1,4} and cost = 218.7
   Vehicle #0 = 5, leaving at = 862.0
   Vehicle #1 = 14, leaving at = 846.0
   Increment on distance indicator: 24.0
   Increment on tard indicator:     0.0
   Value of tmax indicator:         24.0

Task for patient = 6 with skills = {1,3} and cost = 210.7
   Vehicle #0 = 3, leaving at = 843.0
   Vehicle #1 = 7, leaving at = 855.0
   Increment on distance indicator: 21.0
   Increment on tard indicator:     0.0
   Value of tmax indicator:         21.0

Task for patient = 48 with skills = {0,-1} and cost = 203.7
   Vehicle #0 = 6, leaving at = 737.0
   Vehicle #1 = -1, leaving at = inf
   Increment on distance indicator: 6.0
   Increment on tard indicator:     0.0
   Value of tmax indicator:         6.0

Task for patient = 1 with skills = {0,4} and cost = 201.7
   Vehicle #0 = 2, leaving at = 705.0
   Vehicle #1 = 12, leaving at = 744.0
   Increment on distance indicator: 18.0
   Increment on tard indicator:     0.0
   Value of tmax indicator:         18.0

Task for patient = 65 with skills = {1,-1} and cost = 195.7
   Vehicle #0 = 0, leaving at = 889.0
   Vehicle #1 = -1, leaving at = inf
   Increment on distance indicator: 7.0
   Increment on tard indicator:     0.0
   Value of tmax indicator:         7.0

Task for patient = 24 with skills = {1,-1} and cost = 229.7
   Vehicle #0 = 4, leaving at = 947.0
   Vehicle #1 = -1, leaving at = inf
   Increment on distance indicator: 6.0
   Increment on tard indicator:     0.0
   Value of tmax indicator:         6.0

Task for patient = 72 with skills = {0,-1} and cost = 334.7
   Vehicle #0 = 3, leaving at = 1061.0
   Vehicle #1 = -1, leaving at = inf
   Increment on distance indicator: 12.0
   Increment on tard indicator:     0.0
   Value of tmax indicator:         12.0

Task for patient = 32 with skills = {2,5} and cost = 330.7
   Vehicle #0 = 1, leaving at = 1040.0
   Vehicle #1 = 9, leaving at = 1066.0
   Increment on distance indicator: 6.0
   Increment on tard indicator:     0.0
   Value of tmax indicator:         6.0

Task for patient = 15 with skills = {0,5} and cost = 328.7
   Vehicle #0 = 5, leaving at = 1002.0
   Vehicle #1 = 11, leaving at = 1063.0
   Increment on distance indicator: 32.0
   Increment on tard indicator:     0.0
   Value of tmax indicator:         32.0

Task for patient = 33 with skills = {2,-1} and cost = 318.0
   Vehicle #0 = 0, leaving at = 1076.0
   Vehicle #1 = -1, leaving at = inf
   Increment on distance indicator: 7.0
   Increment on tard indicator:     0.0
   Value of tmax indicator:         7.0

Task for patient = 40 with skills = {2,4} and cost = 315.7
   Vehicle #0 = 2, leaving at = 1026.0
   Vehicle #1 = 12, leaving at = 1033.0
   Increment on distance indicator: 26.0
   Increment on tard indicator:     0.0
   Value of tmax indicator:         26.0

Task for patient = 69 with skills = {2,-1} and cost = 307.0
   Vehicle #0 = 2, leaving at = 973.0
   Vehicle #1 = -1, leaving at = inf
   Increment on distance indicator: 14.0
   Increment on tard indicator:     0.0
   Value of tmax indicator:         14.0

Task for patient = 20 with skills = {0,-1} and cost = 302.3
   Vehicle #0 = 3, leaving at = 1007.0
   Vehicle #1 = -1, leaving at = inf
   Increment on distance indicator: 6.0
   Increment on tard indicator:     0.0
   Value of tmax indicator:         6.0

Task for patient = 7 with skills = {0,3} and cost = 300.3
   Vehicle #0 = 1, leaving at = 1019.0
   Vehicle #1 = 9, leaving at = 986.0
   Increment on distance indicator: 9.0
   Increment on tard indicator:     0.0
   Value of tmax indicator:         9.0

Task for patient = 64 with skills = {0,5} and cost = 266.3
   Vehicle #0 = 6, leaving at = 890.0
   Vehicle #1 = 10, leaving at = 924.0
   Increment on distance indicator: 24.0
   Increment on tard indicator:     0.0
   Value of tmax indicator:         24.0

Task for patient = 46 with skills = {0,-1} and cost = 291.7
   Vehicle #0 = 1, leaving at = 959.0
   Vehicle #1 = -1, leaving at = inf
   Increment on distance indicator: 5.0
   Increment on tard indicator:     0.0
   Value of tmax indicator:         5.0

Task for patient = 27 with skills = {4,-1} and cost = 290.0
   Vehicle #0 = 8, leaving at = 1068.0
   Vehicle #1 = -1, leaving at = inf
   Increment on distance indicator: 5.0
   Increment on tard indicator:     0.0
   Value of tmax indicator:         5.0

Task for patient = 47 with skills = {4,-1} and cost = 288.3
   Vehicle #0 = 14, leaving at = 1011.0
   Vehicle #1 = -1, leaving at = inf
   Increment on distance indicator: 12.0
   Increment on tard indicator:     0.0
   Value of tmax indicator:         12.0

Task for patient = 59 with skills = {0,3} and cost = 284.3
   Vehicle #0 = 1, leaving at = 932.0
   Vehicle #1 = 9, leaving at = 954.0
   Increment on distance indicator: 4.0
   Increment on tard indicator:     0.0
   Value of tmax indicator:         4.0

Task for patient = 21 with skills = {1,5} and cost = 283.0
   Vehicle #0 = 5, leaving at = 960.0
   Vehicle #1 = 11, leaving at = 957.0
   Increment on distance indicator: 20.0
   Increment on tard indicator:     0.0
   Value of tmax indicator:         20.0

Task for patient = 13 with skills = {4,-1} and cost = 276.3
   Vehicle #0 = 14, leaving at = 963.0
   Vehicle #1 = -1, leaving at = inf
   Increment on distance indicator: 4.0
   Increment on tard indicator:     0.0
   Value of tmax indicator:         4.0

Task for patient = 19 with skills = {4,-1} and cost = 275.0
   Vehicle #0 = 14, leaving at = 904.0
   Vehicle #1 = -1, leaving at = inf
   Increment on distance indicator: 8.0
   Increment on tard indicator:     0.0
   Value of tmax indicator:         8.0

Task for patient = 61 with skills = {1,-1} and cost = 272.3
   Vehicle #0 = 4, leaving at = 992.0
   Vehicle #1 = -1, leaving at = inf
   Increment on distance indicator: 2.0
   Increment on tard indicator:     0.0
   Value of tmax indicator:         2.0

Task for patient = 42 with skills = {2,-1} and cost = 297.3
   Vehicle #0 = 2, leaving at = 907.0
   Vehicle #1 = -1, leaving at = inf
   Increment on distance indicator: 17.0
   Increment on tard indicator:     0.0
   Value of tmax indicator:         17.0

Task for patient = 22 with skills = {5,-1} and cost = 127.3
   Vehicle #0 = 10, leaving at = 692.0
   Vehicle #1 = -1, leaving at = inf
   Increment on distance indicator: 2.0
   Increment on tard indicator:     0.0
   Value of tmax indicator:         2.0

Task for patient = 17 with skills = {0,4} and cost = 126.7
   Vehicle #0 = 3, leaving at = 732.0
   Vehicle #1 = 14, leaving at = 756.0
   Increment on distance indicator: 22.0
   Increment on tard indicator:     0.0
   Value of tmax indicator:         22.0

Task for patient = 3 with skills = {2,-1} and cost = 119.3
   Vehicle #0 = 0, leaving at = 715.0
   Vehicle #1 = -1, leaving at = inf
   Increment on distance indicator: 3.0
   Increment on tard indicator:     0.0
   Value of tmax indicator:         3.0

Task for patient = 10 with skills = {5,-1} and cost = 118.3
   Vehicle #0 = 10, leaving at = 640.0
   Vehicle #1 = -1, leaving at = inf
   Increment on distance indicator: 23.0
   Increment on tard indicator:     0.0
   Value of tmax indicator:         23.0

Task for patient = 66 with skills = {0,4} and cost = 110.7
   Vehicle #0 = 1, leaving at = 802.0
   Vehicle #1 = 9, leaving at = 808.0
   Increment on distance indicator: 7.0
   Increment on tard indicator:     0.0
   Value of tmax indicator:         7.0

Task for patient = 4 with skills = {1,-1} and cost = 108.3
   Vehicle #0 = 1, leaving at = 770.0
   Vehicle #1 = -1, leaving at = inf
   Increment on distance indicator: 3.0
   Increment on tard indicator:     0.0
   Value of tmax indicator:         3.0

Task for patient = 58 with skills = {0,-1} and cost = 107.3
   Vehicle #0 = 3, leaving at = 691.0
   Vehicle #1 = -1, leaving at = inf
   Increment on distance indicator: 2.0
   Increment on tard indicator:     0.0
   Value of tmax indicator:         2.0

Task for patient = 53 with skills = {4,-1} and cost = 106.7
   Vehicle #0 = 12, leaving at = 704.0
   Vehicle #1 = -1, leaving at = inf
   Increment on distance indicator: 11.0
   Increment on tard indicator:     0.0
   Value of tmax indicator:         11.0

Task for patient = 23 with skills = {3,-1} and cost = 193.3
   Vehicle #0 = 7, leaving at = 734.0
   Vehicle #1 = -1, leaving at = inf
   Increment on distance indicator: 9.0
   Increment on tard indicator:     0.0
   Value of tmax indicator:         9.0

Task for patient = 71 with skills = {1,-1} and cost = 96.0
   Vehicle #0 = 3, leaving at = 507.0
   Vehicle #1 = -1, leaving at = inf
   Increment on distance indicator: 16.0
   Increment on tard indicator:     0.0
   Value of tmax indicator:         16.0

Task for patient = 75 with skills = {5,-1} and cost = 90.7
   Vehicle #0 = 10, leaving at = 568.0
   Vehicle #1 = -1, leaving at = inf
   Increment on distance indicator: 43.0
   Increment on tard indicator:     0.0
   Value of tmax indicator:         43.0

Task for patient = 16 with skills = {1,5} and cost = 76.3
   Vehicle #0 = 1, leaving at = 752.0
   Vehicle #1 = 9, leaving at = 736.0
   Increment on distance indicator: 5.0
   Increment on tard indicator:     0.0
   Value of tmax indicator:         5.0

Task for patient = 74 with skills = {3,-1} and cost = 74.7
   Vehicle #0 = 9, leaving at = 693.0
   Vehicle #1 = -1, leaving at = inf
   Increment on distance indicator: 18.0
   Increment on tard indicator:     0.0
   Value of tmax indicator:         18.0

Task for patient = 9 with skills = {2,4} and cost = 68.7
   Vehicle #0 = 2, leaving at = 614.0
   Vehicle #1 = 12, leaving at = 642.0
   Increment on distance indicator: 20.0
   Increment on tard indicator:     0.0
   Value of tmax indicator:         20.0

Task for patient = 68 with skills = {1,4} and cost = 62.0
   Vehicle #0 = 1, leaving at = 515.0
   Vehicle #1 = 8, leaving at = 536.0
   Increment on distance indicator: 84.0
   Increment on tard indicator:     0.0
   Value of tmax indicator:         84.0

Task for patient = 50 with skills = {5,-1} and cost = 34.0
   Vehicle #0 = 9, leaving at = 656.0
   Vehicle #1 = -1, leaving at = inf
   Increment on distance indicator: 31.0
   Increment on tard indicator:     0.0
   Value of tmax indicator:         31.0

Task for patient = 18 with skills = {2,-1} and cost = 23.7
   Vehicle #0 = 0, leaving at = 639.0
   Vehicle #1 = -1, leaving at = inf
   Increment on distance indicator: 37.0
   Increment on tard indicator:     0.0
   Value of tmax indicator:         37.0

Task for patient = 60 with skills = {1,5} and cost = 11.3
   Vehicle #0 = 0, leaving at = 562.0
   Vehicle #1 = 9, leaving at = 569.0
   Increment on distance indicator: 34.0
   Increment on tard indicator:     0.0
   Value of tmax indicator:         34.0

Task for patient = 12 with skills = {1,4} and cost = 103.0
   Vehicle #0 = 0, leaving at = 696.0
   Vehicle #1 = 8, leaving at = 680.0
   Increment on distance indicator: 21.0
   Increment on tard indicator:     0.0
   Value of tmax indicator:         21.0

Task for patient = 70 with skills = {0,4} and cost = 190.3
   Vehicle #0 = 4, leaving at = 852.0
   Vehicle #1 = 8, leaving at = 851.0
   Increment on distance indicator: 16.0
   Increment on tard indicator:     0.0
   Value of tmax indicator:         16.0

Task for patient = 29 with skills = {0,-1} and cost = 185.0
   Vehicle #0 = 4, leaving at = 791.0
   Vehicle #1 = -1, leaving at = inf
   Increment on distance indicator: 10.0
   Increment on tard indicator:     0.0
   Value of tmax indicator:         10.0

Task for patient = 28 with skills = {2,-1} and cost = 181.7
   Vehicle #0 = 6, leaving at = 707.0
   Vehicle #1 = -1, leaving at = inf
   Increment on distance indicator: 15.0
   Increment on tard indicator:     0.0
   Value of tmax indicator:         15.0

Task for patient = 55 with skills = {0,-1} and cost = 176.7
   Vehicle #0 = 4, leaving at = 744.0
   Vehicle #1 = -1, leaving at = inf
   Increment on distance indicator: 7.0
   Increment on tard indicator:     0.0
   Value of tmax indicator:         7.0

Task for patient = 31 with skills = {1,-1} and cost = 174.3
   Vehicle #0 = 1, leaving at = 872.0
   Vehicle #1 = -1, leaving at = inf
   Increment on distance indicator: 3.0
   Increment on tard indicator:     0.0
   Value of tmax indicator:         3.0

Task for patient = 43 with skills = {3,-1} and cost = 173.3
   Vehicle #0 = 7, leaving at = 606.0
   Vehicle #1 = -1, leaving at = inf
   Increment on distance indicator: 18.0
   Increment on tard indicator:     0.0
   Value of tmax indicator:         18.0

Task for patient = 2 with skills = {5,-1} and cost = 167.3
   Vehicle #0 = 10, leaving at = 808.0
   Vehicle #1 = -1, leaving at = inf
   Increment on distance indicator: 7.0
   Increment on tard indicator:     0.0
   Value of tmax indicator:         7.0

Task for patient = 62 with skills = {4,-1} and cost = 165.0
   Vehicle #0 = 9, leaving at = 832.0
   Vehicle #1 = -1, leaving at = inf
   Increment on distance indicator: 6.0
   Increment on tard indicator:     0.0
   Value of tmax indicator:         6.0

Task for patient = 41 with skills = {0,-1} and cost = 141.0
   Vehicle #0 = 4, leaving at = 523.0
   Vehicle #1 = -1, leaving at = inf
   Increment on distance indicator: 41.0
   Increment on tard indicator:     0.0
   Value of tmax indicator:         41.0

Task for patient = 5 with skills = {1,-1} and cost = 159.7
   Vehicle #0 = 0, leaving at = 829.0
   Vehicle #1 = -1, leaving at = inf
   Increment on distance indicator: 4.0
   Increment on tard indicator:     0.0
   Value of tmax indicator:         4.0

Task for patient = 14 with skills = {4,-1} and cost = 158.3
   Vehicle #0 = 14, leaving at = 815.0
   Vehicle #1 = -1, leaving at = inf
   Increment on distance indicator: 6.0
   Increment on tard indicator:     0.0
   Value of tmax indicator:         6.0

Task for patient = 54 with skills = {0,4} and cost = 156.3
   Vehicle #0 = 4, leaving at = 707.0
   Vehicle #1 = 8, leaving at = 743.0
   Increment on distance indicator: 13.0
   Increment on tard indicator:     0.0
   Value of tmax indicator:         13.0

Task for patient = 57 with skills = {5,-1} and cost = 152.0
   Vehicle #0 = 11, leaving at = 732.0
   Vehicle #1 = -1, leaving at = inf
   Increment on distance indicator: 13.0
   Increment on tard indicator:     0.0
   Value of tmax indicator:         13.0

Task for patient = 56 with skills = {0,-1} and cost = 147.7
   Vehicle #0 = 5, leaving at = 546.0
   Vehicle #1 = -1, leaving at = inf
   Increment on distance indicator: 0.0
   Increment on tard indicator:     0.0
   Value of tmax indicator:         0.0

Task for patient = 39 with skills = {1,-1} and cost = 147.7
   Vehicle #0 = 4, leaving at = 607.0
   Vehicle #1 = -1, leaving at = inf
   Increment on distance indicator: 4.0
   Increment on tard indicator:     0.0
   Value of tmax indicator:         4.0

Task for patient = 35 with skills = {0,-1} and cost = 146.3
   Vehicle #0 = 4, leaving at = 558.0
   Vehicle #1 = -1, leaving at = inf
   Increment on distance indicator: 8.0
   Increment on tard indicator:     0.0
   Value of tmax indicator:         8.0

Task for patient = 63 with skills = {2,-1} and cost = 143.7
   Vehicle #0 = 0, leaving at = 780.0
   Vehicle #1 = -1, leaving at = inf
   Increment on distance indicator: 3.0
   Increment on tard indicator:     0.0
   Value of tmax indicator:         3.0

Task for patient = 52 with skills = {3,-1} and cost = 142.7
   Vehicle #0 = 10, leaving at = 743.0
   Vehicle #1 = -1, leaving at = inf
   Increment on distance indicator: 5.0
   Increment on tard indicator:     0.0
   Value of tmax indicator:         5.0

Task for patient = 45 with skills = {5,-1} and cost = 163.0
   Vehicle #0 = 10, leaving at = 781.0
   Vehicle #1 = -1, leaving at = inf
   Increment on distance indicator: 10.0
   Increment on tard indicator:     0.0
   Value of tmax indicator:         10.0


Unused vehicle list: 13 (total = 1 out of 15)

---
Search finished.
Total of 448 generations in 0.6 seconds.
Exchange elite runs: 0
Implicit path relinking runs: 4
Reset attempts: 1

Best solution found:
   Cost: 473.0
   Total travel time: 1413.0
   Total tardiness time: 4.0
   Largest tardiness: 2.0


473.0
