--- BRKGA-MP-IPR for HHCRSP ---
Instance: new-instances/HHCRSP_75_15_66_0.8_C_RC.txt
Seed: 1

Reading data... Problem contains 75 patients  and 15 caregivers.

Summary of supply x demand for each service type:
Skill 0 has supply = 5 and demand = 7, ratio = 0.714286
Skill 1 has supply = 7 and demand = 27, ratio = 0.259259
Skill 2 has supply = 7 and demand = 20, ratio = 0.35
Skill 3 has supply = 4 and demand = 15, ratio = 0.266667
Skill 4 has supply = 6 and demand = 14, ratio = 0.428571
Skill 5 has supply = 5 and demand = 16, ratio = 0.3125

Reading parameters...
Inferred distance function by PR type: kendall-tau
Building BRKGA data and initializing...
Evolving 448 generations...

  Gens  Rem    Local   ElDiv NoImpr             Best solution            Time  Op
                                       Cost     Dist    Tard    TMax 
*    0  448  2584.67  343.26      0  2584.67  1893.00  5443.0   418.0     0.0    
*    3  445  2413.67  288.86      0  2413.67  1753.00  3590.0   401.0     0.0    
*    4  444  1914.67  234.00      0  1914.67  1753.00  3590.0   401.0     0.0    
*    6  442  1837.00  228.10      0  1837.00  1800.00  2340.0   240.0     0.0    
*    7  441  1460.00  221.57      0  1460.00  1800.00  2340.0   240.0     0.0    
*   11  437  1436.00  128.98      0  1436.00  1867.00  1384.0   368.0     0.0    
*   12  436  1206.33  101.20      0  1206.33  1867.00  1384.0   368.0     0.0    
*   14  434  1150.00  116.81      0  1150.00  1753.00  1365.0   241.0     0.0    
*   15  433  1119.67  101.61      0  1119.67  1766.00  1086.0   120.0     0.0    
*   16  432   990.67   93.16      0   990.67  1766.00  1086.0   120.0     0.0    
*   18  430   910.33   83.17      0   910.33  1750.00   801.0   180.0     0.0    
*   20  428   906.67   71.03      0   906.67  1744.00   749.0   112.0     0.0    
*   21  427   868.33   62.69      0   868.33  1677.00   457.0    76.0     0.0    
*   22  426   736.67   65.66      0   736.67  1761.00   261.0    89.0     0.0    
*   23  425   703.67   57.76      0   703.67  1761.00   261.0    89.0     0.0    

  Gens  Rem    Local   ElDiv NoImpr             Best solution            Time  Op
                                       Cost     Dist    Tard    TMax 
*   25  423   664.67   61.69      0   664.67  1720.00   218.0    50.0     0.0    
*   26  422   662.67   49.26      0   662.67  1720.00   218.0    50.0     0.0    
*   29  419   618.00   33.08      0   618.00  1751.00    79.0    24.0     0.1    
*   31  417   606.67   26.68      0   606.67  1711.00    62.0    40.0     0.1    
*   32  416   604.33   30.69      0   604.33  1636.00    11.0     4.0     0.1    
*   33  415   550.33   28.73      0   550.33  1636.00    11.0     4.0     0.1    
*   42  406   535.67   13.52      0   535.67  1596.00     8.0     3.0     0.1    
*   44  404   529.33   12.96      0   529.33  1521.00    38.0    13.0     0.1    
*   45  403   524.00   11.92      0   524.00  1521.00    38.0    13.0     0.1    
*   48  400   522.33   11.86      0   522.33  1551.00    11.0     5.0     0.1    
*   50  398   519.67   10.49      0   519.67  1537.00     0.0     0.0     0.1    
*   51  397   512.33   10.05      0   512.33  1480.00    35.0    14.0     0.1    
*   52  396   509.67    9.11      0   509.67  1480.00    35.0    14.0     0.1    
*   55  393   489.00    8.79      0   489.00  1458.00     5.0     4.0     0.1    
*   64  384   486.00    7.89      0   486.00  1456.00     1.0     1.0     0.1    
*   67  381   483.00    7.62      0   483.00  1445.00     2.0     2.0     0.1    

  Gens  Rem    Local   ElDiv NoImpr             Best solution            Time  Op
                                       Cost     Dist    Tard    TMax 
*   74  374   479.33    5.72      0   479.33  1436.00     1.0     1.0     0.1    
*   78  370   475.00    5.29      0   475.00  1425.00     0.0     0.0     0.1    
*   82  366   472.33    5.28      0   472.33  1417.00     0.0     0.0     0.1    
*   89  359   466.33    4.52      0   466.33  1389.00     5.0     5.0     0.1    
*   95  353   460.67    4.60      0   460.67  1382.00     0.0     0.0     0.2    
Path relinking result: too homogeneous.
    96  352   460.67    4.44      2   460.67  1382.00     0.0     0.0     0.2   P
   100  348   460.67    4.47      5   460.67  1382.00     0.0     0.0     0.2    
*  104  344   452.33    5.11      0   452.33  1357.00     0.0     0.0     0.2    
*  139  309   450.00    3.31      0   450.00  1348.00     1.0     1.0     0.2    
*  145  303   447.00    3.18      0   447.00  1337.00     0.0     0.0     0.2    
*  146  302   445.67    2.92      0   445.67  1337.00     0.0     0.0     0.2    
   150  298   445.67    3.52      4   445.67  1337.00     0.0     0.0     0.2    
*  151  297   436.67    3.40      0   436.67  1305.00     3.0     2.0     0.2    
*  166  282   435.00    2.43      0   435.00  1303.00     1.0     1.0     0.3    
*  171  277   434.00    2.19      0   434.00  1300.00     1.0     1.0     0.3    
*  173  275   433.33    2.26      0   433.33  1300.00     0.0     0.0     0.3    

  Gens  Rem    Local   ElDiv NoImpr             Best solution            Time  Op
                                       Cost     Dist    Tard    TMax 
*  183  265   432.67    0.40      0   432.67  1298.00     0.0     0.0     0.3    
Path relinking result: too homogeneous.
   192  256   432.67    0.00     10   432.67  1298.00     0.0     0.0     0.3   P
   200  248   432.67    0.00     17   432.67  1298.00     0.0     0.0     0.3    
   250  198   432.67    0.00     67   432.67  1298.00     0.0     0.0     0.4    
   250  198      inf  339.37      0   432.67  1298.00     0.0     0.0     0.4   R
   251  197  2665.67  296.22      0   432.67  1298.00     0.0     0.0     0.4    
Path relinking result: too homogeneous.
   288  160   552.00   21.88      0   432.67  1298.00     0.0     0.0     0.4   P
   300  148   512.00   12.04      1   432.67  1298.00     0.0     0.0     0.4    
   350   98   463.33    3.57      2   432.67  1298.00     0.0     0.0     0.5    
Path relinking result: too homogeneous.
   384   64   453.67    0.00      6   432.67  1298.00     0.0     0.0     0.6   P
   400   48   453.67    0.00     21   432.67  1298.00     0.0     0.0     0.6    
   448    0   452.33    0.00     12   432.67  1298.00     0.0     0.0     0.6    
Evolutionary process finished.
Solution written to 'solution-34510.txt'.

Sorted sequence of worst to best tardiness value:
Task for patient = 54 with skills = {2,-1} and cost = 150.3
   Vehicle #0 = 1, leaving at = 726.0
   Vehicle #1 = -1, leaving at = inf
   Increment on distance indicator: 7.0
   Increment on tard indicator:     1.0
   Value of tmax indicator:         7.0

Task for patient = 62 with skills = {1,-1} and cost = 291.0
   Vehicle #0 = 2, leaving at = 927.0
   Vehicle #1 = -1, leaving at = inf
   Increment on distance indicator: 4.0
   Increment on tard indicator:     0.0
   Value of tmax indicator:         4.0

Task for patient = 12 with skills = {0,5} and cost = 289.7
   Vehicle #0 = 5, leaving at = 987.0
   Vehicle #1 = 9, leaving at = 976.0
   Increment on distance indicator: 10.0
   Increment on tard indicator:     0.0
   Value of tmax indicator:         10.0

Task for patient = 9 with skills = {5,-1} and cost = 286.3
   Vehicle #0 = 9, leaving at = 933.0
   Vehicle #1 = -1, leaving at = inf
   Increment on distance indicator: 3.0
   Increment on tard indicator:     0.0
   Value of tmax indicator:         3.0

Task for patient = 31 with skills = {3,-1} and cost = 285.3
   Vehicle #0 = 14, leaving at = 999.0
   Vehicle #1 = -1, leaving at = inf
   Increment on distance indicator: 19.0
   Increment on tard indicator:     0.0
   Value of tmax indicator:         19.0

Task for patient = 75 with skills = {5,-1} and cost = 279.0
   Vehicle #0 = 11, leaving at = 745.0
   Vehicle #1 = -1, leaving at = inf
   Increment on distance indicator: 36.0
   Increment on tard indicator:     0.0
   Value of tmax indicator:         36.0

Task for patient = 17 with skills = {2,4} and cost = 267.0
   Vehicle #0 = 5, leaving at = 944.0
   Vehicle #1 = 7, leaving at = 969.0
   Increment on distance indicator: 12.0
   Increment on tard indicator:     0.0
   Value of tmax indicator:         12.0

Task for patient = 69 with skills = {3,-1} and cost = 263.0
   Vehicle #0 = 8, leaving at = 908.0
   Vehicle #1 = -1, leaving at = inf
   Increment on distance indicator: 9.0
   Increment on tard indicator:     0.0
   Value of tmax indicator:         9.0

Task for patient = 27 with skills = {1,4} and cost = 363.0
   Vehicle #0 = 2, leaving at = 1059.0
   Vehicle #1 = 8, leaving at = 1051.0
   Increment on distance indicator: 27.0
   Increment on tard indicator:     0.0
   Value of tmax indicator:         27.0

Task for patient = 6 with skills = {1,4} and cost = 258.0
   Vehicle #0 = 6, leaving at = 937.0
   Vehicle #1 = 14, leaving at = 951.0
   Increment on distance indicator: 22.0
   Increment on tard indicator:     0.0
   Value of tmax indicator:         22.0

Task for patient = 24 with skills = {1,3} and cost = 250.7
   Vehicle #0 = 0, leaving at = 998.0
   Vehicle #1 = 10, leaving at = 994.0
   Increment on distance indicator: 15.0
   Increment on tard indicator:     0.0
   Value of tmax indicator:         15.0

Task for patient = 11 with skills = {2,-1} and cost = 245.7
   Vehicle #0 = 3, leaving at = 896.0
   Vehicle #1 = -1, leaving at = inf
   Increment on distance indicator: 19.0
   Increment on tard indicator:     0.0
   Value of tmax indicator:         19.0

Task for patient = 49 with skills = {0,3} and cost = 239.3
   Vehicle #0 = 3, leaving at = 829.0
   Vehicle #1 = 13, leaving at = 831.0
   Increment on distance indicator: 46.0
   Increment on tard indicator:     0.0
   Value of tmax indicator:         46.0

Task for patient = 43 with skills = {1,-1} and cost = 224.0
   Vehicle #0 = 5, leaving at = 889.0
   Vehicle #1 = -1, leaving at = inf
   Increment on distance indicator: 8.0
   Increment on tard indicator:     0.0
   Value of tmax indicator:         8.0

Task for patient = 59 with skills = {3,-1} and cost = 221.3
   Vehicle #0 = 14, leaving at = 908.0
   Vehicle #1 = -1, leaving at = inf
   Increment on distance indicator: 6.0
   Increment on tard indicator:     0.0
   Value of tmax indicator:         6.0

Task for patient = 5 with skills = {1,3} and cost = 219.3
   Vehicle #0 = 4, leaving at = 803.0
   Vehicle #1 = 10, leaving at = 837.0
   Increment on distance indicator: 18.0
   Increment on tard indicator:     0.0
   Value of tmax indicator:         18.0

Task for patient = 2 with skills = {2,-1} and cost = 213.3
   Vehicle #0 = 6, leaving at = 858.0
   Vehicle #1 = -1, leaving at = inf
   Increment on distance indicator: 9.0
   Increment on tard indicator:     0.0
   Value of tmax indicator:         9.0

Task for patient = 8 with skills = {2,-1} and cost = 210.3
   Vehicle #0 = 2, leaving at = 872.0
   Vehicle #1 = -1, leaving at = inf
   Increment on distance indicator: 7.0
   Increment on tard indicator:     0.0
   Value of tmax indicator:         7.0

Task for patient = 13 with skills = {1,-1} and cost = 260.0
   Vehicle #0 = 4, leaving at = 852.0
   Vehicle #1 = -1, leaving at = inf
   Increment on distance indicator: 6.0
   Increment on tard indicator:     0.0
   Value of tmax indicator:         6.0

Task for patient = 28 with skills = {2,-1} and cost = 354.0
   Vehicle #0 = 4, leaving at = 1054.0
   Vehicle #1 = -1, leaving at = inf
   Increment on distance indicator: 8.0
   Increment on tard indicator:     0.0
   Value of tmax indicator:         8.0

Task for patient = 56 with skills = {2,-1} and cost = 351.3
   Vehicle #0 = 0, leaving at = 1087.0
   Vehicle #1 = -1, leaving at = inf
   Increment on distance indicator: 6.0
   Increment on tard indicator:     0.0
   Value of tmax indicator:         6.0

Task for patient = 3 with skills = {3,-1} and cost = 349.3
   Vehicle #0 = 8, leaving at = 988.0
   Vehicle #1 = -1, leaving at = inf
   Increment on distance indicator: 9.0
   Increment on tard indicator:     0.0
   Value of tmax indicator:         9.0

Task for patient = 44 with skills = {4,-1} and cost = 346.3
   Vehicle #0 = 13, leaving at = 939.0
   Vehicle #1 = -1, leaving at = inf
   Increment on distance indicator: 21.0
   Increment on tard indicator:     0.0
   Value of tmax indicator:         21.0

Task for patient = 61 with skills = {2,-1} and cost = 339.3
   Vehicle #0 = 1, leaving at = 938.0
   Vehicle #1 = -1, leaving at = inf
   Increment on distance indicator: 9.0
   Increment on tard indicator:     0.0
   Value of tmax indicator:         9.0

Task for patient = 20 with skills = {1,5} and cost = 336.3
   Vehicle #0 = 0, leaving at = 1039.0
   Vehicle #1 = 10, leaving at = 1081.0
   Increment on distance indicator: 4.0
   Increment on tard indicator:     0.0
   Value of tmax indicator:         4.0

Task for patient = 15 with skills = {1,-1} and cost = 335.0
   Vehicle #0 = 4, leaving at = 987.0
   Vehicle #1 = -1, leaving at = inf
   Increment on distance indicator: 6.0
   Increment on tard indicator:     0.0
   Value of tmax indicator:         6.0

Task for patient = 1 with skills = {4,-1} and cost = 333.0
   Vehicle #0 = 13, leaving at = 866.0
   Vehicle #1 = -1, leaving at = inf
   Increment on distance indicator: 18.0
   Increment on tard indicator:     0.0
   Value of tmax indicator:         18.0

Task for patient = 41 with skills = {5,-1} and cost = 296.3
   Vehicle #0 = 11, leaving at = 812.0
   Vehicle #1 = -1, leaving at = inf
   Increment on distance indicator: 16.0
   Increment on tard indicator:     0.0
   Value of tmax indicator:         16.0

Task for patient = 19 with skills = {2,-1} and cost = 321.7
   Vehicle #0 = 4, leaving at = 915.0
   Vehicle #1 = -1, leaving at = inf
   Increment on distance indicator: 8.0
   Increment on tard indicator:     0.0
   Value of tmax indicator:         8.0

Task for patient = 4 with skills = {1,-1} and cost = 319.0
   Vehicle #0 = 2, leaving at = 1021.0
   Vehicle #1 = -1, leaving at = inf
   Increment on distance indicator: 9.0
   Increment on tard indicator:     0.0
   Value of tmax indicator:         9.0

Task for patient = 51 with skills = {4,-1} and cost = 316.0
   Vehicle #0 = 9, leaving at = 1113.0
   Vehicle #1 = -1, leaving at = inf
   Increment on distance indicator: 8.0
   Increment on tard indicator:     0.0
   Value of tmax indicator:         8.0

Task for patient = 26 with skills = {2,4} and cost = 313.3
   Vehicle #0 = 5, leaving at = 1065.0
   Vehicle #1 = 9, leaving at = 1068.0
   Increment on distance indicator: 4.0
   Increment on tard indicator:     0.0
   Value of tmax indicator:         4.0

Task for patient = 71 with skills = {1,-1} and cost = 312.0
   Vehicle #0 = 6, leaving at = 966.0
   Vehicle #1 = -1, leaving at = inf
   Increment on distance indicator: 12.0
   Increment on tard indicator:     0.0
   Value of tmax indicator:         12.0

Task for patient = 23 with skills = {2,-1} and cost = 308.0
   Vehicle #0 = 5, leaving at = 1008.0
   Vehicle #1 = -1, leaving at = inf
   Increment on distance indicator: 3.0
   Increment on tard indicator:     0.0
   Value of tmax indicator:         3.0

Task for patient = 66 with skills = {4,-1} and cost = 307.0
   Vehicle #0 = 8, leaving at = 958.0
   Vehicle #1 = -1, leaving at = inf
   Increment on distance indicator: 6.0
   Increment on tard indicator:     0.0
   Value of tmax indicator:         6.0

Task for patient = 46 with skills = {1,5} and cost = 305.0
   Vehicle #0 = 1, leaving at = 890.0
   Vehicle #1 = 11, leaving at = 893.0
   Increment on distance indicator: 22.0
   Increment on tard indicator:     0.0
   Value of tmax indicator:         22.0

Task for patient = 22 with skills = {0,-1} and cost = 297.7
   Vehicle #0 = 2, leaving at = 965.0
   Vehicle #1 = -1, leaving at = inf
   Increment on distance indicator: 4.0
   Increment on tard indicator:     0.0
   Value of tmax indicator:         4.0

Task for patient = 36 with skills = {2,5} and cost = 327.0
   Vehicle #0 = 4, leaving at = 946.0
   Vehicle #1 = 11, leaving at = 957.0
   Increment on distance indicator: 16.0
   Increment on tard indicator:     0.0
   Value of tmax indicator:         16.0

Task for patient = 42 with skills = {2,4} and cost = 122.7
   Vehicle #0 = 5, leaving at = 567.0
   Vehicle #1 = 7, leaving at = 552.0
   Increment on distance indicator: 36.0
   Increment on tard indicator:     0.0
   Value of tmax indicator:         36.0

Task for patient = 37 with skills = {5,-1} and cost = 110.7
   Vehicle #0 = 9, leaving at = 651.0
   Vehicle #1 = -1, leaving at = inf
   Increment on distance indicator: 14.0
   Increment on tard indicator:     0.0
   Value of tmax indicator:         14.0

Task for patient = 64 with skills = {5,-1} and cost = 106.0
   Vehicle #0 = 11, leaving at = 685.0
   Vehicle #1 = -1, leaving at = inf
   Increment on distance indicator: 21.0
   Increment on tard indicator:     0.0
   Value of tmax indicator:         21.0

Task for patient = 40 with skills = {1,-1} and cost = 99.0
   Vehicle #0 = 4, leaving at = 554.0
   Vehicle #1 = -1, leaving at = inf
   Increment on distance indicator: 20.0
   Increment on tard indicator:     0.0
   Value of tmax indicator:         20.0

Task for patient = 50 with skills = {1,-1} and cost = 92.3
   Vehicle #0 = 0, leaving at = 744.0
   Vehicle #1 = -1, leaving at = inf
   Increment on distance indicator: 6.0
   Increment on tard indicator:     0.0
   Value of tmax indicator:         6.0

Task for patient = 21 with skills = {1,5} and cost = 90.3
   Vehicle #0 = 3, leaving at = 550.0
   Vehicle #1 = 11, leaving at = 565.0
   Increment on distance indicator: 34.0
   Increment on tard indicator:     0.0
   Value of tmax indicator:         34.0

Task for patient = 14 with skills = {2,5} and cost = 79.0
   Vehicle #0 = 1, leaving at = 672.0
   Vehicle #1 = 13, leaving at = 657.0
   Increment on distance indicator: 13.0
   Increment on tard indicator:     0.0
   Value of tmax indicator:         13.0

Task for patient = 68 with skills = {2,3} and cost = 74.7
   Vehicle #0 = 2, leaving at = 531.0
   Vehicle #1 = 13, leaving at = 574.0
   Increment on distance indicator: 60.0
   Increment on tard indicator:     0.0
   Value of tmax indicator:         60.0

Task for patient = 47 with skills = {1,-1} and cost = 208.0
   Vehicle #0 = 0, leaving at = 949.0
   Vehicle #1 = -1, leaving at = inf
   Increment on distance indicator: 16.0
   Increment on tard indicator:     0.0
   Value of tmax indicator:         16.0

Task for patient = 60 with skills = {3,-1} and cost = 52.0
   Vehicle #0 = 8, leaving at = 809.0
   Vehicle #1 = -1, leaving at = inf
   Increment on distance indicator: 3.0
   Increment on tard indicator:     0.0
   Value of tmax indicator:         3.0

Task for patient = 55 with skills = {3,-1} and cost = 51.0
   Vehicle #0 = 10, leaving at = 629.0
   Vehicle #1 = -1, leaving at = inf
   Increment on distance indicator: 16.0
   Increment on tard indicator:     0.0
   Value of tmax indicator:         16.0

Task for patient = 53 with skills = {4,-1} and cost = 45.7
   Vehicle #0 = 8, leaving at = 750.0
   Vehicle #1 = -1, leaving at = inf
   Increment on distance indicator: 9.0
   Increment on tard indicator:     0.0
   Value of tmax indicator:         9.0

Task for patient = 52 with skills = {1,-1} and cost = 42.7
   Vehicle #0 = 1, leaving at = 610.0
   Vehicle #1 = -1, leaving at = inf
   Increment on distance indicator: 9.0
   Increment on tard indicator:     0.0
   Value of tmax indicator:         9.0

Task for patient = 18 with skills = {1,3} and cost = 39.7
   Vehicle #0 = 0, leaving at = 710.0
   Vehicle #1 = 8, leaving at = 713.0
   Increment on distance indicator: 22.0
   Increment on tard indicator:     0.0
   Value of tmax indicator:         22.0

Task for patient = 29 with skills = {2,-1} and cost = 32.3
   Vehicle #0 = 1, leaving at = 518.0
   Vehicle #1 = -1, leaving at = inf
   Increment on distance indicator: 21.0
   Increment on tard indicator:     0.0
   Value of tmax indicator:         21.0

Task for patient = 73 with skills = {1,3} and cost = 25.3
   Vehicle #0 = 0, leaving at = 642.0
   Vehicle #1 = 8, leaving at = 635.0
   Increment on distance indicator: 34.0
   Increment on tard indicator:     0.0
   Value of tmax indicator:         34.0

Task for patient = 10 with skills = {0,5} and cost = 14.0
   Vehicle #0 = 0, leaving at = 597.0
   Vehicle #1 = 9, leaving at = 585.0
   Increment on distance indicator: 42.0
   Increment on tard indicator:     0.0
   Value of tmax indicator:         42.0

Task for patient = 72 with skills = {1,-1} and cost = 54.7
   Vehicle #0 = 1, leaving at = 634.0
   Vehicle #1 = -1, leaving at = inf
   Increment on distance indicator: 8.0
   Increment on tard indicator:     0.0
   Value of tmax indicator:         8.0

Task for patient = 38 with skills = {4,-1} and cost = 202.7
   Vehicle #0 = 14, leaving at = 849.0
   Vehicle #1 = -1, leaving at = inf
   Increment on distance indicator: 11.0
   Increment on tard indicator:     0.0
   Value of tmax indicator:         11.0

Task for patient = 48 with skills = {3,-1} and cost = 199.0
   Vehicle #0 = 13, leaving at = 761.0
   Vehicle #1 = -1, leaving at = inf
   Increment on distance indicator: 15.0
   Increment on tard indicator:     0.0
   Value of tmax indicator:         15.0

Task for patient = 45 with skills = {1,3} and cost = 194.0
   Vehicle #0 = 6, leaving at = 811.0
   Vehicle #1 = 14, leaving at = 818.0
   Increment on distance indicator: 10.0
   Increment on tard indicator:     0.0
   Value of tmax indicator:         10.0

Task for patient = 32 with skills = {1,4} and cost = 190.7
   Vehicle #0 = 1, leaving at = 843.0
   Vehicle #1 = 9, leaving at = 874.0
   Increment on distance indicator: 12.0
   Increment on tard indicator:     0.0
   Value of tmax indicator:         12.0

Task for patient = 58 with skills = {4,-1} and cost = 186.7
   Vehicle #0 = 13, leaving at = 719.0
   Vehicle #1 = -1, leaving at = inf
   Increment on distance indicator: 10.0
   Increment on tard indicator:     0.0
   Value of tmax indicator:         10.0

Task for patient = 65 with skills = {0,-1} and cost = 183.3
   Vehicle #0 = 2, leaving at = 828.0
   Vehicle #1 = -1, leaving at = inf
   Increment on distance indicator: 3.0
   Increment on tard indicator:     0.0
   Value of tmax indicator:         3.0

Task for patient = 35 with skills = {1,5} and cost = 182.3
   Vehicle #0 = 1, leaving at = 753.0
   Vehicle #1 = 9, leaving at = 812.0
   Increment on distance indicator: 17.0
   Increment on tard indicator:     0.0
   Value of tmax indicator:         17.0

Task for patient = 25 with skills = {1,-1} and cost = 176.7
   Vehicle #0 = 6, leaving at = 763.0
   Vehicle #1 = -1, leaving at = inf
   Increment on distance indicator: 14.0
   Increment on tard indicator:     0.0
   Value of tmax indicator:         14.0

Task for patient = 63 with skills = {0,4} and cost = 127.0
   Vehicle #0 = 0, leaving at = 817.0
   Vehicle #1 = 8, leaving at = 849.0
   Increment on distance indicator: 13.0
   Increment on tard indicator:     0.0
   Value of tmax indicator:         13.0

Task for patient = 33 with skills = {2,-1} and cost = 170.7
   Vehicle #0 = 5, leaving at = 647.0
   Vehicle #1 = -1, leaving at = inf
   Increment on distance indicator: 5.0
   Increment on tard indicator:     0.0
   Value of tmax indicator:         5.0

Task for patient = 7 with skills = {5,-1} and cost = 169.0
   Vehicle #0 = 14, leaving at = 733.0
   Vehicle #1 = -1, leaving at = inf
   Increment on distance indicator: 12.0
   Increment on tard indicator:     0.0
   Value of tmax indicator:         12.0

Task for patient = 57 with skills = {2,-1} and cost = 165.0
   Vehicle #0 = 6, leaving at = 690.0
   Vehicle #1 = -1, leaving at = inf
   Increment on distance indicator: 14.0
   Increment on tard indicator:     0.0
   Value of tmax indicator:         14.0

Task for patient = 30 with skills = {2,-1} and cost = 160.3
   Vehicle #0 = 0, leaving at = 877.0
   Vehicle #1 = -1, leaving at = inf
   Increment on distance indicator: 6.0
   Increment on tard indicator:     0.0
   Value of tmax indicator:         6.0

Task for patient = 67 with skills = {1,-1} and cost = 158.3
   Vehicle #0 = 0, leaving at = 844.0
   Vehicle #1 = -1, leaving at = inf
   Increment on distance indicator: 4.0
   Increment on tard indicator:     0.0
   Value of tmax indicator:         4.0

Task for patient = 16 with skills = {2,5} and cost = 157.0
   Vehicle #0 = 4, leaving at = 729.0
   Vehicle #1 = 10, leaving at = 780.0
   Increment on distance indicator: 13.0
   Increment on tard indicator:     0.0
   Value of tmax indicator:         13.0

Task for patient = 39 with skills = {3,-1} and cost = 152.7
   Vehicle #0 = 10, leaving at = 677.0
   Vehicle #1 = -1, leaving at = inf
   Increment on distance indicator: 7.0
   Increment on tard indicator:     0.0
   Value of tmax indicator:         7.0

Task for patient = 34 with skills = {1,5} and cost = 147.3
   Vehicle #0 = 2, leaving at = 583.0
   Vehicle #1 = 14, leaving at = 624.0
   Increment on distance indicator: 48.0
   Increment on tard indicator:     0.0
   Value of tmax indicator:         48.0

Task for patient = 74 with skills = {0,-1} and cost = 131.3
   Vehicle #0 = 4, leaving at = 703.0
   Vehicle #1 = -1, leaving at = inf
   Increment on distance indicator: 13.0
   Increment on tard indicator:     0.0
   Value of tmax indicator:         13.0

Task for patient = 70 with skills = {1,-1} and cost = 172.0
   Vehicle #0 = 2, leaving at = 784.0
   Vehicle #1 = -1, leaving at = inf
   Increment on distance indicator: 4.0
   Increment on tard indicator:     0.0
   Value of tmax indicator:         4.0


Unused vehicle list: 12 (total = 1 out of 15)

---
Search finished.
Total of 448 generations in 0.6 seconds.
Exchange elite runs: 0
Implicit path relinking runs: 4
Reset attempts: 1

Best solution found:
   Cost: 432.7
   Total travel time: 1298.0
   Total tardiness time: 0.0
   Largest tardiness: 0.0


432.7
