--- BRKGA-MP-IPR for HHCRSP ---
Instance: new-instances/HHCRSP_75_15_91_1.0_C_RC.txt
Seed: 1

Reading data... Problem contains 75 patients  and 15 caregivers.

Summary of supply x demand for each service type:
Skill 0 has supply = 5 and demand = 15, ratio = 0.333333
Skill 1 has supply = 5 and demand = 21, ratio = 0.238095
Skill 2 has supply = 6 and demand = 20, ratio = 0.3
Skill 3 has supply = 3 and demand = 9, ratio = 0.333333
Skill 4 has supply = 5 and demand = 19, ratio = 0.263158
Skill 5 has supply = 4 and demand = 15, ratio = 0.266667

Reading parameters...
Inferred distance function by PR type: kendall-tau
Building BRKGA data and initializing...
Evolving 448 generations...

  Gens  Rem    Local   ElDiv NoImpr             Best solution            Time  Op
                                       Cost     Dist    Tard    TMax 
*    0  448  2361.33  312.66      0  2361.33  1803.00  4873.0   408.0     0.0    
*    2  446  2116.00  319.16      0  2116.00  1914.00  4064.0   370.0     0.0    
*    5  443  2055.67  170.73      0  2055.67  1866.00  4011.0   290.0     0.0    
*    7  441  1712.33  190.65      0  1712.33  1740.00  3115.0   282.0     0.0    
*   10  438  1210.00  170.16      0  1210.00  1764.00  1567.0   299.0     0.0    
*   14  434  1145.67  130.91      0  1145.67  1756.00  1035.0   174.0     0.0    
*   15  433   988.33  108.45      0   988.33  1756.00  1035.0   174.0     0.0    
*   17  431   928.67   99.49      0   928.67  1732.00   634.0   113.0     0.0    
*   18  430   826.33   95.93      0   826.33  1667.00   600.0    69.0     0.0    
*   19  429   778.67   82.94      0   778.67  1667.00   600.0    69.0     0.0    
*   21  427   701.67   68.52      0   701.67  1668.00   335.0   102.0     0.0    
*   24  424   644.67   61.35      0   644.67  1616.00   162.0   124.0     0.0    
*   25  423   634.00   50.37      0   634.00  1616.00   162.0   124.0     0.0    
*   28  420   587.67   44.06      0   587.67  1663.00    25.0    20.0     0.0    
*   29  419   569.33   39.52      0   569.33  1663.00    25.0    20.0     0.0    

  Gens  Rem    Local   ElDiv NoImpr             Best solution            Time  Op
                                       Cost     Dist    Tard    TMax 
*   32  416   566.33   31.63      0   566.33  1588.00    77.0    34.0     0.0    
*   34  414   561.67   28.24      0   561.67  1629.00     4.0     4.0     0.0    
*   35  413   545.67   27.46      0   545.67  1580.00     6.0     3.0     0.0    
*   36  412   529.67   26.02      0   529.67  1580.00     6.0     3.0     0.0    
*   43  405   523.67   14.42      0   523.67  1557.00     7.0     7.0     0.1    
*   45  403   517.00   13.35      0   517.00  1540.00     0.0     0.0     0.1    
*   46  402   513.33   12.39      0   513.33  1540.00     0.0     0.0     0.1    
*   48  400   511.00   11.12      0   511.00  1533.00     0.0     0.0     0.1    
*   50  398   508.33   10.11      0   508.33  1497.00    20.0     8.0     0.1    
*   52  396   492.00   12.68      0   492.00  1470.00     4.0     2.0     0.1    
*   54  394   488.33   13.47      0   488.33  1395.00     0.0     0.0     0.1    
*   55  393   465.00   12.50      0   465.00  1395.00     0.0     0.0     0.1    
*   71  377   463.33    5.35      0   463.33  1390.00     0.0     0.0     0.1    
*   74  374   457.00    5.42      0   457.00  1350.00     5.0     3.0     0.1    
*   75  373   452.67    5.41      0   452.67  1350.00     5.0     3.0     0.1    
*   79  369   452.33    3.86      0   452.33  1357.00     0.0     0.0     0.1    

  Gens  Rem    Local   ElDiv NoImpr             Best solution            Time  Op
                                       Cost     Dist    Tard    TMax 
*   82  366   448.33    3.14      0   448.33  1345.00     0.0     0.0     0.1    
*   85  363   443.67    2.94      0   443.67  1331.00     0.0     0.0     0.1    
*   93  355   441.67    2.20      0   441.67  1320.00     3.0     2.0     0.1    
*   95  353   441.33    1.39      0   441.33  1323.00     0.0     0.0     0.1    
*   96  352   441.00    0.96      0   441.00  1323.00     0.0     0.0     0.1    
Path relinking result: too homogeneous.
    96  352   441.00    0.96      1   441.00  1323.00     0.0     0.0     0.1   P
*   98  350   439.00    0.92      0   439.00  1312.00     3.0     2.0     0.1    
*  100  348   436.00    1.29      0   436.00  1303.00     3.0     2.0     0.1    
*  102  346   435.67    1.33      0   435.67  1302.00     3.0     2.0     0.1    
*  105  343   433.67    0.97      0   433.67  1292.00     3.0     2.0     0.1    
*  106  342   432.33    0.81      0   432.33  1292.00     3.0     2.0     0.1    
*  118  330   431.00    0.73      0   431.00  1288.00     3.0     2.0     0.2    
*  124  324   430.67    0.40      0   430.67  1287.00     3.0     2.0     0.2    
*  147  301   430.33    0.04      0   430.33  1286.00     3.0     2.0     0.2    
   150  298   430.33    0.10      3   430.33  1286.00     3.0     2.0     0.2    
*  184  264   429.00    0.16      0   429.00  1282.00     3.0     2.0     0.2    
Path relinking result: too homogeneous.

  Gens  Rem    Local   ElDiv NoImpr             Best solution            Time  Op
                                       Cost     Dist    Tard    TMax 
   192  256   429.00    0.00      9   429.00  1282.00     3.0     2.0     0.2   P
*  197  251   428.00    0.17      0   428.00  1279.00     3.0     2.0     0.3    
   200  248   428.00    0.24      3   428.00  1279.00     3.0     2.0     0.3    
*  223  225   427.67    0.06      0   427.67  1278.00     3.0     2.0     0.3    
*  225  223   425.67    0.29      0   425.67  1272.00     3.0     2.0     0.3    
*  250  198   425.00    0.12      0   425.00  1270.00     3.0     2.0     0.3    
Path relinking result: too homogeneous.
   288  160   425.00    0.00     39   425.00  1270.00     3.0     2.0     0.4   P
   300  148   425.00    0.00     50   425.00  1270.00     3.0     2.0     0.4    
   317  131      inf  352.14      0   425.00  1270.00     3.0     2.0     0.4   R
   318  130  2722.67  258.38      0   425.00  1270.00     3.0     2.0     0.4    
   350   98   561.00   25.25      0   425.00  1270.00     3.0     2.0     0.4    
Path relinking result: too homogeneous.
   384   64   446.00    7.96      0   425.00  1270.00     3.0     2.0     0.5   P
   400   48   436.33    4.07      2   425.00  1270.00     3.0     2.0     0.5    
   448    0   429.67    0.00      9   425.00  1270.00     3.0     2.0     0.6    
Evolutionary process finished.
Solution written to 'solution-41512.txt'.

Sorted sequence of worst to best tardiness value:
Task for patient = 62 with skills = {0,5} and cost = 292.0
   Vehicle #0 = 3, leaving at = 953.0
   Vehicle #1 = 11, leaving at = 955.0
   Increment on distance indicator: 15.0
   Increment on tard indicator:     2.0
   Value of tmax indicator:         15.0

Task for patient = 74 with skills = {2,-1} and cost = 255.3
   Vehicle #0 = 0, leaving at = 883.0
   Vehicle #1 = -1, leaving at = inf
   Increment on distance indicator: 5.0
   Increment on tard indicator:     0.0
   Value of tmax indicator:         5.0

Task for patient = 48 with skills = {2,-1} and cost = 253.7
   Vehicle #0 = 2, leaving at = 839.0
   Vehicle #1 = -1, leaving at = inf
   Increment on distance indicator: 6.0
   Increment on tard indicator:     0.0
   Value of tmax indicator:         6.0

Task for patient = 49 with skills = {1,-1} and cost = 251.7
   Vehicle #0 = 1, leaving at = 925.0
   Vehicle #1 = -1, leaving at = inf
   Increment on distance indicator: 4.0
   Increment on tard indicator:     0.0
   Value of tmax indicator:         4.0

Task for patient = 63 with skills = {4,-1} and cost = 250.3
   Vehicle #0 = 14, leaving at = 790.0
   Vehicle #1 = -1, leaving at = inf
   Increment on distance indicator: 10.0
   Increment on tard indicator:     0.0
   Value of tmax indicator:         10.0

Task for patient = 8 with skills = {0,-1} and cost = 247.0
   Vehicle #0 = 5, leaving at = 839.0
   Vehicle #1 = -1, leaving at = inf
   Increment on distance indicator: 5.0
   Increment on tard indicator:     0.0
   Value of tmax indicator:         5.0

Task for patient = 3 with skills = {1,4} and cost = 245.3
   Vehicle #0 = 1, leaving at = 819.0
   Vehicle #1 = 9, leaving at = 822.0
   Increment on distance indicator: 33.0
   Increment on tard indicator:     0.0
   Value of tmax indicator:         33.0

Task for patient = 7 with skills = {4,-1} and cost = 234.3
   Vehicle #0 = 12, leaving at = 795.0
   Vehicle #1 = -1, leaving at = inf
   Increment on distance indicator: 3.0
   Increment on tard indicator:     0.0
   Value of tmax indicator:         3.0

Task for patient = 75 with skills = {4,-1} and cost = 233.3
   Vehicle #0 = 10, leaving at = 938.0
   Vehicle #1 = -1, leaving at = inf
   Increment on distance indicator: 7.0
   Increment on tard indicator:     0.0
   Value of tmax indicator:         7.0

Task for patient = 53 with skills = {2,-1} and cost = 323.7
   Vehicle #0 = 5, leaving at = 907.0
   Vehicle #1 = -1, leaving at = inf
   Increment on distance indicator: 6.0
   Increment on tard indicator:     0.0
   Value of tmax indicator:         6.0

Task for patient = 18 with skills = {0,-1} and cost = 226.3
   Vehicle #0 = 4, leaving at = 812.0
   Vehicle #1 = -1, leaving at = inf
   Increment on distance indicator: 12.0
   Increment on tard indicator:     0.0
   Value of tmax indicator:         12.0

Task for patient = 25 with skills = {2,5} and cost = 222.3
   Vehicle #0 = 0, leaving at = 850.0
   Vehicle #1 = 7, leaving at = 837.0
   Increment on distance indicator: 8.0
   Increment on tard indicator:     0.0
   Value of tmax indicator:         8.0

Task for patient = 56 with skills = {0,-1} and cost = 219.7
   Vehicle #0 = 4, leaving at = 779.0
   Vehicle #1 = -1, leaving at = inf
   Increment on distance indicator: 9.0
   Increment on tard indicator:     0.0
   Value of tmax indicator:         9.0

Task for patient = 65 with skills = {2,4} and cost = 216.7
   Vehicle #0 = 2, leaving at = 805.0
   Vehicle #1 = 10, leaving at = 812.0
   Increment on distance indicator: 23.0
   Increment on tard indicator:     0.0
   Value of tmax indicator:         23.0

Task for patient = 12 with skills = {0,4} and cost = 209.0
   Vehicle #0 = 0, leaving at = 794.0
   Vehicle #1 = 7, leaving at = 767.0
   Increment on distance indicator: 15.0
   Increment on tard indicator:     0.0
   Value of tmax indicator:         15.0

Task for patient = 31 with skills = {2,-1} and cost = 204.0
   Vehicle #0 = 6, leaving at = 717.0
   Vehicle #1 = -1, leaving at = inf
   Increment on distance indicator: 7.0
   Increment on tard indicator:     0.0
   Value of tmax indicator:         7.0

Task for patient = 26 with skills = {3,-1} and cost = 201.7
   Vehicle #0 = 14, leaving at = 729.0
   Vehicle #1 = -1, leaving at = inf
   Increment on distance indicator: 15.0
   Increment on tard indicator:     0.0
   Value of tmax indicator:         15.0

Task for patient = 60 with skills = {2,-1} and cost = 196.7
   Vehicle #0 = 5, leaving at = 713.0
   Vehicle #1 = -1, leaving at = inf
   Increment on distance indicator: 12.0
   Increment on tard indicator:     0.0
   Value of tmax indicator:         12.0

Task for patient = 9 with skills = {4,-1} and cost = 231.0
   Vehicle #0 = 10, leaving at = 858.0
   Vehicle #1 = -1, leaving at = inf
   Increment on distance indicator: 14.0
   Increment on tard indicator:     0.0
   Value of tmax indicator:         14.0

Task for patient = 54 with skills = {1,-1} and cost = 321.7
   Vehicle #0 = 1, leaving at = 1005.0
   Vehicle #1 = -1, leaving at = inf
   Increment on distance indicator: 14.0
   Increment on tard indicator:     0.0
   Value of tmax indicator:         14.0

Task for patient = 6 with skills = {0,-1} and cost = 317.0
   Vehicle #0 = 4, leaving at = 983.0
   Vehicle #1 = -1, leaving at = inf
   Increment on distance indicator: 12.0
   Increment on tard indicator:     0.0
   Value of tmax indicator:         12.0

Task for patient = 59 with skills = {5,-1} and cost = 313.0
   Vehicle #0 = 13, leaving at = 1012.0
   Vehicle #1 = -1, leaving at = inf
   Increment on distance indicator: 10.0
   Increment on tard indicator:     0.0
   Value of tmax indicator:         10.0

Task for patient = 16 with skills = {1,-1} and cost = 309.7
   Vehicle #0 = 4, leaving at = 933.0
   Vehicle #1 = -1, leaving at = inf
   Increment on distance indicator: 4.0
   Increment on tard indicator:     0.0
   Value of tmax indicator:         4.0

Task for patient = 36 with skills = {2,4} and cost = 308.3
   Vehicle #0 = 2, leaving at = 961.0
   Vehicle #1 = 9, leaving at = 951.0
   Increment on distance indicator: 23.0
   Increment on tard indicator:     0.0
   Value of tmax indicator:         23.0

Task for patient = 68 with skills = {2,3} and cost = 300.7
   Vehicle #0 = 2, leaving at = 891.0
   Vehicle #1 = 8, leaving at = 905.0
   Increment on distance indicator: 24.0
   Increment on tard indicator:     0.0
   Value of tmax indicator:         24.0

Task for patient = 70 with skills = {3,-1} and cost = 292.7
   Vehicle #0 = 14, leaving at = 883.0
   Vehicle #1 = -1, leaving at = inf
   Increment on distance indicator: 2.0
   Increment on tard indicator:     0.0
   Value of tmax indicator:         2.0

Task for patient = 50 with skills = {1,-1} and cost = 285.7
   Vehicle #0 = 0, leaving at = 1058.0
   Vehicle #1 = -1, leaving at = inf
   Increment on distance indicator: 7.0
   Increment on tard indicator:     0.0
   Value of tmax indicator:         7.0

Task for patient = 28 with skills = {0,5} and cost = 258.7
   Vehicle #0 = 0, leaving at = 905.0
   Vehicle #1 = 7, leaving at = 939.0
   Increment on distance indicator: 10.0
   Increment on tard indicator:     0.0
   Value of tmax indicator:         10.0

Task for patient = 17 with skills = {4,-1} and cost = 281.3
   Vehicle #0 = 10, leaving at = 985.0
   Vehicle #1 = -1, leaving at = inf
   Increment on distance indicator: 11.0
   Increment on tard indicator:     0.0
   Value of tmax indicator:         11.0

Task for patient = 34 with skills = {1,5} and cost = 277.7
   Vehicle #0 = 1, leaving at = 963.0
   Vehicle #1 = 13, leaving at = 976.0
   Increment on distance indicator: 14.0
   Increment on tard indicator:     0.0
   Value of tmax indicator:         14.0

Task for patient = 15 with skills = {1,5} and cost = 273.0
   Vehicle #0 = 0, leaving at = 939.0
   Vehicle #1 = 7, leaving at = 966.0
   Increment on distance indicator: 8.0
   Increment on tard indicator:     0.0
   Value of tmax indicator:         8.0

Task for patient = 11 with skills = {0,-1} and cost = 270.3
   Vehicle #0 = 4, leaving at = 902.0
   Vehicle #1 = -1, leaving at = inf
   Increment on distance indicator: 6.0
   Increment on tard indicator:     0.0
   Value of tmax indicator:         6.0

Task for patient = 35 with skills = {2,-1} and cost = 268.3
   Vehicle #0 = 5, leaving at = 877.0
   Vehicle #1 = -1, leaving at = inf
   Increment on distance indicator: 6.0
   Increment on tard indicator:     0.0
   Value of tmax indicator:         6.0

Task for patient = 66 with skills = {4,-1} and cost = 266.3
   Vehicle #0 = 9, leaving at = 891.0
   Vehicle #1 = -1, leaving at = inf
   Increment on distance indicator: 13.0
   Increment on tard indicator:     0.0
   Value of tmax indicator:         13.0

Task for patient = 33 with skills = {1,-1} and cost = 262.0
   Vehicle #0 = 4, leaving at = 871.0
   Vehicle #1 = -1, leaving at = inf
   Increment on distance indicator: 5.0
   Increment on tard indicator:     0.0
   Value of tmax indicator:         5.0

Task for patient = 69 with skills = {1,-1} and cost = 260.3
   Vehicle #0 = 3, leaving at = 908.0
   Vehicle #1 = -1, leaving at = inf
   Increment on distance indicator: 5.0
   Increment on tard indicator:     0.0
   Value of tmax indicator:         5.0

Task for patient = 13 with skills = {1,5} and cost = 283.3
   Vehicle #0 = 0, leaving at = 1022.0
   Vehicle #1 = 7, leaving at = 1014.0
   Increment on distance indicator: 6.0
   Increment on tard indicator:     0.0
   Value of tmax indicator:         6.0

Task for patient = 30 with skills = {2,-1} and cost = 116.0
   Vehicle #0 = 4, leaving at = 602.0
   Vehicle #1 = -1, leaving at = inf
   Increment on distance indicator: 8.0
   Increment on tard indicator:     0.0
   Value of tmax indicator:         8.0

Task for patient = 72 with skills = {2,-1} and cost = 113.3
   Vehicle #0 = 2, leaving at = 640.0
   Vehicle #1 = -1, leaving at = inf
   Increment on distance indicator: 17.0
   Increment on tard indicator:     0.0
   Value of tmax indicator:         17.0

Task for patient = 19 with skills = {5,-1} and cost = 107.7
   Vehicle #0 = 11, leaving at = 667.0
   Vehicle #1 = -1, leaving at = inf
   Increment on distance indicator: 3.0
   Increment on tard indicator:     0.0
   Value of tmax indicator:         3.0

Task for patient = 58 with skills = {2,4} and cost = 106.7
   Vehicle #0 = 0, leaving at = 702.0
   Vehicle #1 = 7, leaving at = 671.0
   Increment on distance indicator: 16.0
   Increment on tard indicator:     0.0
   Value of tmax indicator:         16.0

Task for patient = 29 with skills = {3,-1} and cost = 101.3
   Vehicle #0 = 12, leaving at = 545.0
   Vehicle #1 = -1, leaving at = inf
   Increment on distance indicator: 23.0
   Increment on tard indicator:     0.0
   Value of tmax indicator:         23.0

Task for patient = 21 with skills = {1,-1} and cost = 93.7
   Vehicle #0 = 4, leaving at = 572.0
   Vehicle #1 = -1, leaving at = inf
   Increment on distance indicator: 14.0
   Increment on tard indicator:     0.0
   Value of tmax indicator:         14.0

Task for patient = 1 with skills = {0,-1} and cost = 89.0
   Vehicle #0 = 3, leaving at = 718.0
   Vehicle #1 = -1, leaving at = inf
   Increment on distance indicator: 3.0
   Increment on tard indicator:     0.0
   Value of tmax indicator:         3.0

Task for patient = 61 with skills = {1,3} and cost = 88.0
   Vehicle #0 = 3, leaving at = 681.0
   Vehicle #1 = 8, leaving at = 674.0
   Increment on distance indicator: 16.0
   Increment on tard indicator:     0.0
   Value of tmax indicator:         16.0

Task for patient = 23 with skills = {1,5} and cost = 192.7
   Vehicle #0 = 3, leaving at = 856.0
   Vehicle #1 = 11, leaving at = 854.0
   Increment on distance indicator: 22.0
   Increment on tard indicator:     0.0
   Value of tmax indicator:         22.0

Task for patient = 47 with skills = {5,-1} and cost = 77.0
   Vehicle #0 = 11, leaving at = 559.0
   Vehicle #1 = -1, leaving at = inf
   Increment on distance indicator: 19.0
   Increment on tard indicator:     0.0
   Value of tmax indicator:         19.0

Task for patient = 52 with skills = {1,4} and cost = 70.7
   Vehicle #0 = 4, leaving at = 536.0
   Vehicle #1 = 10, leaving at = 557.0
   Increment on distance indicator: 12.0
   Increment on tard indicator:     0.0
   Value of tmax indicator:         12.0

Task for patient = 14 with skills = {3,-1} and cost = 66.7
   Vehicle #0 = 8, leaving at = 536.0
   Vehicle #1 = -1, leaving at = inf
   Increment on distance indicator: 25.0
   Increment on tard indicator:     0.0
   Value of tmax indicator:         25.0

Task for patient = 40 with skills = {0,-1} and cost = 58.3
   Vehicle #0 = 3, leaving at = 619.0
   Vehicle #1 = -1, leaving at = inf
   Increment on distance indicator: 15.0
   Increment on tard indicator:     0.0
   Value of tmax indicator:         15.0

Task for patient = 71 with skills = {0,4} and cost = 53.3
   Vehicle #0 = 3, leaving at = 537.0
   Vehicle #1 = 10, leaving at = 538.0
   Increment on distance indicator: 22.0
   Increment on tard indicator:     0.0
   Value of tmax indicator:         22.0

Task for patient = 22 with skills = {2,4} and cost = 46.0
   Vehicle #0 = 2, leaving at = 584.0
   Vehicle #1 = 9, leaving at = 582.0
   Increment on distance indicator: 42.0
   Increment on tard indicator:     0.0
   Value of tmax indicator:         42.0

Task for patient = 32 with skills = {0,-1} and cost = 32.0
   Vehicle #0 = 1, leaving at = 562.0
   Vehicle #1 = -1, leaving at = inf
   Increment on distance indicator: 32.0
   Increment on tard indicator:     0.0
   Value of tmax indicator:         32.0

Task for patient = 46 with skills = {1,-1} and cost = 21.3
   Vehicle #0 = 0, leaving at = 608.0
   Vehicle #1 = -1, leaving at = inf
   Increment on distance indicator: 10.0
   Increment on tard indicator:     0.0
   Value of tmax indicator:         10.0

Task for patient = 57 with skills = {1,4} and cost = 18.0
   Vehicle #0 = 0, leaving at = 582.0
   Vehicle #1 = 7, leaving at = 597.0
   Increment on distance indicator: 54.0
   Increment on tard indicator:     0.0
   Value of tmax indicator:         54.0

Task for patient = 4 with skills = {2,4} and cost = 82.7
   Vehicle #0 = 0, leaving at = 642.0
   Vehicle #1 = 7, leaving at = 646.0
   Increment on distance indicator: 17.0
   Increment on tard indicator:     0.0
   Value of tmax indicator:         17.0

Task for patient = 43 with skills = {2,5} and cost = 185.3
   Vehicle #0 = 3, leaving at = 794.0
   Vehicle #1 = 11, leaving at = 812.0
   Increment on distance indicator: 7.0
   Increment on tard indicator:     0.0
   Value of tmax indicator:         7.0

Task for patient = 42 with skills = {0,-1} and cost = 183.0
   Vehicle #0 = 4, leaving at = 706.0
   Vehicle #1 = -1, leaving at = inf
   Increment on distance indicator: 13.0
   Increment on tard indicator:     0.0
   Value of tmax indicator:         13.0

Task for patient = 37 with skills = {1,5} and cost = 178.7
   Vehicle #0 = 1, leaving at = 720.0
   Vehicle #1 = 13, leaving at = 700.0
   Increment on distance indicator: 40.0
   Increment on tard indicator:     0.0
   Value of tmax indicator:         40.0

Task for patient = 67 with skills = {2,-1} and cost = 165.3
   Vehicle #0 = 2, leaving at = 718.0
   Vehicle #1 = -1, leaving at = inf
   Increment on distance indicator: 8.0
   Increment on tard indicator:     0.0
   Value of tmax indicator:         8.0

Task for patient = 51 with skills = {4,-1} and cost = 162.7
   Vehicle #0 = 7, leaving at = 715.0
   Vehicle #1 = -1, leaving at = inf
   Increment on distance indicator: 11.0
   Increment on tard indicator:     0.0
   Value of tmax indicator:         11.0

Task for patient = 10 with skills = {5,-1} and cost = 159.0
   Vehicle #0 = 12, leaving at = 761.0
   Vehicle #1 = -1, leaving at = inf
   Increment on distance indicator: 13.0
   Increment on tard indicator:     0.0
   Value of tmax indicator:         13.0

Task for patient = 64 with skills = {4,-1} and cost = 154.7
   Vehicle #0 = 14, leaving at = 684.0
   Vehicle #1 = -1, leaving at = inf
   Increment on distance indicator: 0.0
   Increment on tard indicator:     0.0
   Value of tmax indicator:         0.0

Task for patient = 44 with skills = {1,-1} and cost = 154.7
   Vehicle #0 = 6, leaving at = 660.0
   Vehicle #1 = -1, leaving at = inf
   Increment on distance indicator: 11.0
   Increment on tard indicator:     0.0
   Value of tmax indicator:         11.0

Task for patient = 41 with skills = {1,-1} and cost = 116.7
   Vehicle #0 = 4, leaving at = 636.0
   Vehicle #1 = -1, leaving at = inf
   Increment on distance indicator: 2.0
   Increment on tard indicator:     0.0
   Value of tmax indicator:         2.0

Task for patient = 24 with skills = {2,-1} and cost = 146.7
   Vehicle #0 = 0, leaving at = 726.0
   Vehicle #1 = -1, leaving at = inf
   Increment on distance indicator: 6.0
   Increment on tard indicator:     0.0
   Value of tmax indicator:         6.0

Task for patient = 27 with skills = {1,-1} and cost = 144.7
   Vehicle #0 = 6, leaving at = 607.0
   Vehicle #1 = -1, leaving at = inf
   Increment on distance indicator: 11.0
   Increment on tard indicator:     0.0
   Value of tmax indicator:         11.0

Task for patient = 38 with skills = {0,-1} and cost = 141.0
   Vehicle #0 = 5, leaving at = 649.0
   Vehicle #1 = -1, leaving at = inf
   Increment on distance indicator: 16.0
   Increment on tard indicator:     0.0
   Value of tmax indicator:         16.0

Task for patient = 55 with skills = {5,-1} and cost = 135.7
   Vehicle #0 = 11, leaving at = 761.0
   Vehicle #1 = -1, leaving at = inf
   Increment on distance indicator: 4.0
   Increment on tard indicator:     0.0
   Value of tmax indicator:         4.0

Task for patient = 45 with skills = {1,-1} and cost = 134.3
   Vehicle #0 = 1, leaving at = 673.0
   Vehicle #1 = -1, leaving at = inf
   Increment on distance indicator: 13.0
   Increment on tard indicator:     0.0
   Value of tmax indicator:         13.0

Task for patient = 2 with skills = {2,5} and cost = 130.0
   Vehicle #0 = 4, leaving at = 672.0
   Vehicle #1 = 12, leaving at = 691.0
   Increment on distance indicator: 10.0
   Increment on tard indicator:     0.0
   Value of tmax indicator:         10.0

Task for patient = 73 with skills = {0,3} and cost = 126.7
   Vehicle #0 = 3, leaving at = 769.0
   Vehicle #1 = 8, leaving at = 782.0
   Increment on distance indicator: 10.0
   Increment on tard indicator:     0.0
   Value of tmax indicator:         10.0

Task for patient = 5 with skills = {2,3} and cost = 123.3
   Vehicle #0 = 2, leaving at = 682.0
   Vehicle #1 = 8, leaving at = 719.0
   Increment on distance indicator: 12.0
   Increment on tard indicator:     0.0
   Value of tmax indicator:         12.0

Task for patient = 20 with skills = {3,-1} and cost = 119.3
   Vehicle #0 = 12, leaving at = 585.0
   Vehicle #1 = -1, leaving at = inf
   Increment on distance indicator: 8.0
   Increment on tard indicator:     0.0
   Value of tmax indicator:         8.0

Task for patient = 39 with skills = {4,-1} and cost = 151.0
   Vehicle #0 = 10, leaving at = 642.0
   Vehicle #1 = -1, leaving at = inf
   Increment on distance indicator: 13.0
   Increment on tard indicator:     0.0
   Value of tmax indicator:         13.0


Unused vehicle list: (total = 0 out of 15)

---
Search finished.
Total of 448 generations in 0.6 seconds.
Exchange elite runs: 0
Implicit path relinking runs: 4
Reset attempts: 1

Best solution found:
   Cost: 425.0
   Total travel time: 1270.0
   Total tardiness time: 3.0
   Largest tardiness: 2.0


425.0
