--- BRKGA-MP-IPR for HHCRSP ---
Instance: new-instances/HHCRSP_75_15_74_0.8_C_RC.txt
Seed: 1

Reading data... Problem contains 75 patients  and 15 caregivers.

Summary of supply x demand for each service type:
Skill 0 has supply = 5 and demand = 14, ratio = 0.357143
Skill 1 has supply = 5 and demand = 10, ratio = 0.5
Skill 2 has supply = 4 and demand = 22, ratio = 0.181818
Skill 3 has supply = 5 and demand = 14, ratio = 0.357143
Skill 4 has supply = 6 and demand = 18, ratio = 0.333333
Skill 5 has supply = 6 and demand = 21, ratio = 0.285714

Reading parameters...
Inferred distance function by PR type: kendall-tau
Building BRKGA data and initializing...
Evolving 448 generations...

  Gens  Rem    Local   ElDiv NoImpr             Best solution            Time  Op
                                       Cost     Dist    Tard    TMax 
*    0  448  2480.00  328.48      0  2480.00  1795.00  5267.0   378.0     0.0    
*    2  446  2019.67  316.51      0  2019.67  1755.00  4019.0   285.0     0.0    
*    7  441  1750.00  224.17      0  1750.00  1745.00  2487.0   373.0     0.0    
*    8  440  1535.00  181.00      0  1535.00  1745.00  2487.0   373.0     0.0    
*   10  438  1345.33  165.30      0  1345.33  1733.00  1978.0   325.0     0.0    
*   12  436  1223.67  123.14      0  1223.67  1691.00  1678.0   302.0     0.0    
*   14  434  1012.33  111.89      0  1012.33  1754.00  1129.0   154.0     0.0    
*   16  432   959.00  102.65      0   959.00  1616.00  1072.0   189.0     0.0    
*   18  430   862.67   89.09      0   862.67  1637.00   863.0    88.0     0.0    
*   20  428   729.00   93.99      0   729.00  1668.00   316.0   123.0     0.0    
*   21  427   702.33   82.44      0   702.33  1668.00   316.0   123.0     0.0    
*   25  423   627.67   63.16      0   627.67  1666.00   177.0    40.0     0.0    
*   27  421   573.67   52.79      0   573.67  1535.00    85.0    47.0     0.1    
*   28  420   555.67   44.65      0   555.67  1535.00    85.0    47.0     0.1    
*   33  415   547.67   26.07      0   547.67  1494.00    99.0    50.0     0.1    

  Gens  Rem    Local   ElDiv NoImpr             Best solution            Time  Op
                                       Cost     Dist    Tard    TMax 
*   37  411   531.00   18.35      0   531.00  1581.00     6.0     6.0     0.1    
*   39  409   529.33   15.58      0   529.33  1529.00    42.0    17.0     0.1    
*   44  404   502.00   15.24      0   502.00  1461.00    27.0     6.0     0.1    
*   45  403   498.00   15.20      0   498.00  1461.00    27.0     6.0     0.1    
    50  398   498.00   10.90      5   498.00  1461.00    27.0     6.0     0.1    
*   56  392   493.67    7.89      0   493.67  1478.00     2.0     1.0     0.1    
*   58  390   487.33    7.61      0   487.33  1441.00     4.0     4.0     0.1    
*   59  389   483.00    7.04      0   483.00  1441.00     4.0     4.0     0.1    
*   66  382   481.00    6.02      0   481.00  1408.00     9.0     9.0     0.1    
*   67  381   475.33    6.17      0   475.33  1408.00     9.0     9.0     0.1    
*   69  379   473.67    5.88      0   473.67  1421.00     0.0     0.0     0.1    
*   74  374   469.00    4.74      0   469.00  1386.00    17.0     4.0     0.1    
*   76  372   465.67    4.32      0   465.67  1374.00    14.0     9.0     0.1    
*   81  367   463.67    3.94      0   463.67  1380.00     7.0     4.0     0.1    
*   83  365   460.00    4.45      0   460.00  1333.00    39.0     8.0     0.1    
*   85  363   455.00    4.98      0   455.00  1354.00     7.0     4.0     0.1    

  Gens  Rem    Local   ElDiv NoImpr             Best solution            Time  Op
                                       Cost     Dist    Tard    TMax 
*   93  355   454.33    3.71      0   454.33  1355.00     6.0     2.0     0.2    
Path relinking result: too homogeneous.
    96  352   454.33    3.09      4   454.33  1355.00     6.0     2.0     0.2   P
*   99  349   452.00    2.77      0   452.00  1336.00     3.0     3.0     0.2    
*  100  348   447.33    2.73      0   447.33  1336.00     3.0     3.0     0.2    
*  108  340   447.00    2.17      0   447.00  1332.00     3.0     3.0     0.2    
*  109  339   446.00    1.88      0   446.00  1332.00     3.0     3.0     0.2    
*  113  335   444.67    1.26      0   444.67  1328.00     3.0     3.0     0.2    
*  115  333   444.33    1.44      0   444.33  1321.00     3.0     3.0     0.2    
*  116  332   442.33    1.37      0   442.33  1321.00     3.0     3.0     0.2    
*  125  323   441.00    1.12      0   441.00  1317.00     3.0     3.0     0.2    
*  128  320   440.33    1.49      0   440.33  1315.00     3.0     3.0     0.2    
*  138  310   439.33    0.17      0   439.33  1312.00     3.0     3.0     0.2    
*  142  306   438.67    0.63      0   438.67  1310.00     3.0     3.0     0.2    
*  148  300   436.67    0.35      0   436.67  1304.00     3.0     3.0     0.2    
   150  298   436.67    0.42      2   436.67  1304.00     3.0     3.0     0.2    
*  175  273   436.33    0.04      0   436.33  1291.00    10.0     8.0     0.3    
Path relinking result: too homogeneous.

  Gens  Rem    Local   ElDiv NoImpr             Best solution            Time  Op
                                       Cost     Dist    Tard    TMax 
   192  256   436.33    0.00     18   436.33  1291.00    10.0     8.0     0.3   P
   200  248   436.33    0.00     25   436.33  1291.00    10.0     8.0     0.3    
   242  206      inf  340.37      0   436.33  1291.00    10.0     8.0     0.3   R
   243  205  2697.33  317.41      0   436.33  1291.00    10.0     8.0     0.3    
   250  198  1874.33  211.33      0   436.33  1291.00    10.0     8.0     0.4    
Path relinking result: too homogeneous.
   288  160   523.00   13.78      1   436.33  1291.00    10.0     8.0     0.4   P
   300  148   466.67   11.72      0   436.33  1291.00    10.0     8.0     0.4    
*  326  122   432.67    4.41      0   432.67  1289.00     5.0     4.0     0.5    
*  328  120   431.67    4.38      0   431.67  1283.00     4.0     4.0     0.5    
*  329  119   430.33    3.86      0   430.33  1283.00     4.0     4.0     0.5    
*  331  117   429.00    2.97      0   429.00  1287.00     0.0     0.0     0.5    
*  333  115   426.67    3.36      0   426.67  1270.00     0.0     0.0     0.5    
*  334  114   423.33    3.12      0   423.33  1270.00     0.0     0.0     0.5    
*  338  110   420.33    2.48      0   420.33  1261.00     0.0     0.0     0.5    
*  345  103   419.33    0.46      0   419.33  1249.00     5.0     4.0     0.5    
*  350   98   418.33    0.54      0   418.33  1250.00     0.0     0.0     0.5    

  Gens  Rem    Local   ElDiv NoImpr             Best solution            Time  Op
                                       Cost     Dist    Tard    TMax 
*  351   97   416.67    0.54      0   416.67  1250.00     0.0     0.0     0.5    
Path relinking result: too homogeneous.
   384   64   416.67    0.00     34   416.67  1250.00     0.0     0.0     0.5   P
   400   48   416.67    0.00     49   416.67  1250.00     0.0     0.0     0.6    
   418   30      inf  417.52      0   416.67  1250.00     0.0     0.0     0.6   R
   419   29  2826.67  344.05      0   416.67  1250.00     0.0     0.0     0.6    
   448    0   601.33   43.10      0   416.67  1250.00     0.0     0.0     0.6    
Evolutionary process finished.
Solution written to 'solution-36778.txt'.

Sorted sequence of worst to best tardiness value:
Task for patient = 22 with skills = {5,-1} and cost = 345.0
   Vehicle #0 = 10, leaving at = 809.0
   Vehicle #1 = -1, leaving at = inf
   Increment on distance indicator: 26.0
   Increment on tard indicator:     66.0
   Value of tmax indicator:         26.0

Task for patient = 46 with skills = {4,-1} and cost = 513.3
   Vehicle #0 = 8, leaving at = 1025.0
   Vehicle #1 = -1, leaving at = inf
   Increment on distance indicator: 16.0
   Increment on tard indicator:     52.0
   Value of tmax indicator:         16.0

Task for patient = 2 with skills = {2,4} and cost = 426.3
   Vehicle #0 = 5, leaving at = 959.0
   Vehicle #1 = 9, leaving at = 1002.0
   Increment on distance indicator: 25.0
   Increment on tard indicator:     39.0
   Value of tmax indicator:         25.0

Task for patient = 19 with skills = {3,-1} and cost = 389.0
   Vehicle #0 = 13, leaving at = 969.0
   Vehicle #1 = -1, leaving at = inf
   Increment on distance indicator: 6.0
   Increment on tard indicator:     24.0
   Value of tmax indicator:         6.0

Task for patient = 67 with skills = {0,-1} and cost = 457.7
   Vehicle #0 = 3, leaving at = 889.0
   Vehicle #1 = -1, leaving at = inf
   Increment on distance indicator: 16.0
   Increment on tard indicator:     16.0
   Value of tmax indicator:         16.0

Task for patient = 47 with skills = {0,-1} and cost = 168.0
   Vehicle #0 = 3, leaving at = 672.0
   Vehicle #1 = -1, leaving at = inf
   Increment on distance indicator: 11.0
   Increment on tard indicator:     4.0
   Value of tmax indicator:         11.0

Task for patient = 41 with skills = {5,-1} and cost = 111.0
   Vehicle #0 = 10, leaving at = 677.0
   Vehicle #1 = -1, leaving at = inf
   Increment on distance indicator: 18.0
   Increment on tard indicator:     1.0
   Value of tmax indicator:         18.0

Task for patient = 52 with skills = {2,4} and cost = 366.7
   Vehicle #0 = 6, leaving at = 883.0
   Vehicle #1 = 7, leaving at = 853.0
   Increment on distance indicator: 25.0
   Increment on tard indicator:     0.0
   Value of tmax indicator:         25.0

Task for patient = 24 with skills = {2,4} and cost = 358.3
   Vehicle #0 = 1, leaving at = 1027.0
   Vehicle #1 = 11, leaving at = 1003.0
   Increment on distance indicator: 25.0
   Increment on tard indicator:     0.0
   Value of tmax indicator:         25.0

Task for patient = 25 with skills = {4,-1} and cost = 350.0
   Vehicle #0 = 13, leaving at = 908.0
   Vehicle #1 = -1, leaving at = inf
   Increment on distance indicator: 1.0
   Increment on tard indicator:     0.0
   Value of tmax indicator:         1.0

Task for patient = 26 with skills = {3,-1} and cost = 349.7
   Vehicle #0 = 10, leaving at = 861.0
   Vehicle #1 = -1, leaving at = inf
   Increment on distance indicator: 14.0
   Increment on tard indicator:     0.0
   Value of tmax indicator:         14.0

Task for patient = 32 with skills = {3,-1} and cost = 490.7
   Vehicle #0 = 8, leaving at = 968.0
   Vehicle #1 = -1, leaving at = inf
   Increment on distance indicator: 22.0
   Increment on tard indicator:     0.0
   Value of tmax indicator:         22.0

Task for patient = 48 with skills = {1,-1} and cost = 293.7
   Vehicle #0 = 1, leaving at = 952.0
   Vehicle #1 = -1, leaving at = inf
   Increment on distance indicator: 7.0
   Increment on tard indicator:     0.0
   Value of tmax indicator:         7.0

Task for patient = 35 with skills = {5,-1} and cost = 368.7
   Vehicle #0 = 10, leaving at = 924.0
   Vehicle #1 = -1, leaving at = inf
   Increment on distance indicator: 6.0
   Increment on tard indicator:     0.0
   Value of tmax indicator:         6.0

Task for patient = 34 with skills = {1,-1} and cost = 286.3
   Vehicle #0 = 2, leaving at = 791.0
   Vehicle #1 = -1, leaving at = inf
   Increment on distance indicator: 5.0
   Increment on tard indicator:     0.0
   Value of tmax indicator:         5.0

Task for patient = 66 with skills = {1,-1} and cost = 284.7
   Vehicle #0 = 2, leaving at = 574.0
   Vehicle #1 = -1, leaving at = inf
   Increment on distance indicator: 23.0
   Increment on tard indicator:     0.0
   Value of tmax indicator:         23.0

Task for patient = 60 with skills = {5,-1} and cost = 277.0
   Vehicle #0 = 11, leaving at = 921.0
   Vehicle #1 = -1, leaving at = inf
   Increment on distance indicator: 19.0
   Increment on tard indicator:     0.0
   Value of tmax indicator:         19.0

Task for patient = 58 with skills = {2,4} and cost = 270.7
   Vehicle #0 = 5, leaving at = 913.0
   Vehicle #1 = 14, leaving at = 947.0
   Increment on distance indicator: 41.0
   Increment on tard indicator:     0.0
   Value of tmax indicator:         41.0

Task for patient = 62 with skills = {4,-1} and cost = 257.0
   Vehicle #0 = 9, leaving at = 892.0
   Vehicle #1 = -1, leaving at = inf
   Increment on distance indicator: 4.0
   Increment on tard indicator:     0.0
   Value of tmax indicator:         4.0

Task for patient = 29 with skills = {1,-1} and cost = 255.7
   Vehicle #0 = 0, leaving at = 793.0
   Vehicle #1 = -1, leaving at = inf
   Increment on distance indicator: 5.0
   Increment on tard indicator:     0.0
   Value of tmax indicator:         5.0

Task for patient = 74 with skills = {3,-1} and cost = 254.0
   Vehicle #0 = 14, leaving at = 882.0
   Vehicle #1 = -1, leaving at = inf
   Increment on distance indicator: 16.0
   Increment on tard indicator:     0.0
   Value of tmax indicator:         16.0

Task for patient = 75 with skills = {2,-1} and cost = 291.3
   Vehicle #0 = 1, leaving at = 868.0
   Vehicle #1 = -1, leaving at = inf
   Increment on distance indicator: 15.0
   Increment on tard indicator:     0.0
   Value of tmax indicator:         15.0

Task for patient = 15 with skills = {2,5} and cost = 379.0
   Vehicle #0 = 6, leaving at = 958.0
   Vehicle #1 = 7, leaving at = 999.0
   Increment on distance indicator: 14.0
   Increment on tard indicator:     0.0
   Value of tmax indicator:         14.0

Task for patient = 57 with skills = {2,5} and cost = 248.7
   Vehicle #0 = 1, leaving at = 834.0
   Vehicle #1 = 7, leaving at = 808.0
   Increment on distance indicator: 55.0
   Increment on tard indicator:     0.0
   Value of tmax indicator:         55.0

Task for patient = 56 with skills = {2,-1} and cost = 394.0
   Vehicle #0 = 4, leaving at = 960.0
   Vehicle #1 = -1, leaving at = inf
   Increment on distance indicator: 15.0
   Increment on tard indicator:     0.0
   Value of tmax indicator:         15.0

Task for patient = 21 with skills = {0,-1} and cost = 399.0
   Vehicle #0 = 4, leaving at = 1034.0
   Vehicle #1 = -1, leaving at = inf
   Increment on distance indicator: 15.0
   Increment on tard indicator:     0.0
   Value of tmax indicator:         15.0

Task for patient = 11 with skills = {3,-1} and cost = 405.0
   Vehicle #0 = 10, leaving at = 999.0
   Vehicle #1 = -1, leaving at = inf
   Increment on distance indicator: 18.0
   Increment on tard indicator:     0.0
   Value of tmax indicator:         18.0

Task for patient = 23 with skills = {1,4} and cost = 483.3
   Vehicle #0 = 0, leaving at = 946.0
   Vehicle #1 = 8, leaving at = 929.0
   Increment on distance indicator: 32.0
   Increment on tard indicator:     0.0
   Value of tmax indicator:         32.0

Task for patient = 31 with skills = {3,-1} and cost = 428.0
   Vehicle #0 = 11, leaving at = 1056.0
   Vehicle #1 = -1, leaving at = inf
   Increment on distance indicator: 5.0
   Increment on tard indicator:     0.0
   Value of tmax indicator:         5.0

Task for patient = 43 with skills = {5,-1} and cost = 429.7
   Vehicle #0 = 13, leaving at = 1015.0
   Vehicle #1 = -1, leaving at = inf
   Increment on distance indicator: 5.0
   Increment on tard indicator:     0.0
   Value of tmax indicator:         5.0

Task for patient = 6 with skills = {5,-1} and cost = 432.0
   Vehicle #0 = 10, leaving at = 1033.0
   Vehicle #1 = -1, leaving at = inf
   Increment on distance indicator: 7.0
   Increment on tard indicator:     0.0
   Value of tmax indicator:         7.0

Task for patient = 65 with skills = {4,-1} and cost = 434.0
   Vehicle #0 = 7, leaving at = 1026.0
   Vehicle #1 = -1, leaving at = inf
   Increment on distance indicator: 6.0
   Increment on tard indicator:     0.0
   Value of tmax indicator:         6.0

Task for patient = 38 with skills = {1,5} and cost = 438.7
   Vehicle #0 = 1, leaving at = 1077.0
   Vehicle #1 = 7, leaving at = 1052.0
   Increment on distance indicator: 14.0
   Increment on tard indicator:     0.0
   Value of tmax indicator:         14.0

Task for patient = 17 with skills = {1,5} and cost = 446.7
   Vehicle #0 = 0, leaving at = 892.0
   Vehicle #1 = 12, leaving at = 929.0
   Increment on distance indicator: 24.0
   Increment on tard indicator:     0.0
   Value of tmax indicator:         24.0

Task for patient = 33 with skills = {2,-1} and cost = 447.0
   Vehicle #0 = 6, leaving at = 996.0
   Vehicle #1 = -1, leaving at = inf
   Increment on distance indicator: 1.0
   Increment on tard indicator:     0.0
   Value of tmax indicator:         1.0

Task for patient = 39 with skills = {2,-1} and cost = 461.7
   Vehicle #0 = 6, leaving at = 1041.0
   Vehicle #1 = -1, leaving at = inf
   Increment on distance indicator: 12.0
   Increment on tard indicator:     0.0
   Value of tmax indicator:         12.0

Task for patient = 40 with skills = {3,-1} and cost = 472.7
   Vehicle #0 = 8, leaving at = 842.0
   Vehicle #1 = -1, leaving at = inf
   Increment on distance indicator: 33.0
   Increment on tard indicator:     0.0
   Value of tmax indicator:         33.0

Task for patient = 28 with skills = {2,4} and cost = 374.3
   Vehicle #0 = 6, leaving at = 928.0
   Vehicle #1 = 9, leaving at = 925.0
   Increment on distance indicator: 17.0
   Increment on tard indicator:     0.0
   Value of tmax indicator:         17.0

Task for patient = 44 with skills = {5,-1} and cost = 141.0
   Vehicle #0 = 12, leaving at = 684.0
   Vehicle #1 = -1, leaving at = inf
   Increment on distance indicator: 3.0
   Increment on tard indicator:     0.0
   Value of tmax indicator:         3.0

Task for patient = 8 with skills = {3,-1} and cost = 140.0
   Vehicle #0 = 10, leaving at = 727.0
   Vehicle #1 = -1, leaving at = inf
   Increment on distance indicator: 17.0
   Increment on tard indicator:     0.0
   Value of tmax indicator:         17.0

Task for patient = 18 with skills = {2,-1} and cost = 134.3
   Vehicle #0 = 4, leaving at = 689.0
   Vehicle #1 = -1, leaving at = inf
   Increment on distance indicator: 4.0
   Increment on tard indicator:     0.0
   Value of tmax indicator:         4.0

Task for patient = 37 with skills = {5,-1} and cost = 133.0
   Vehicle #0 = 13, leaving at = 581.0
   Vehicle #1 = -1, leaving at = inf
   Increment on distance indicator: 19.0
   Increment on tard indicator:     0.0
   Value of tmax indicator:         19.0

Task for patient = 55 with skills = {4,-1} and cost = 126.7
   Vehicle #0 = 9, leaving at = 563.0
   Vehicle #1 = -1, leaving at = inf
   Increment on distance indicator: 18.0
   Increment on tard indicator:     0.0
   Value of tmax indicator:         18.0

Task for patient = 71 with skills = {1,5} and cost = 120.7
   Vehicle #0 = 6, leaving at = 658.0
   Vehicle #1 = 12, leaving at = 636.0
   Increment on distance indicator: 29.0
   Increment on tard indicator:     0.0
   Value of tmax indicator:         29.0

Task for patient = 61 with skills = {2,-1} and cost = 104.3
   Vehicle #0 = 4, leaving at = 670.0
   Vehicle #1 = -1, leaving at = inf
   Increment on distance indicator: 17.0
   Increment on tard indicator:     0.0
   Value of tmax indicator:         17.0

Task for patient = 72 with skills = {2,-1} and cost = 98.7
   Vehicle #0 = 1, leaving at = 671.0
   Vehicle #1 = -1, leaving at = inf
   Increment on distance indicator: 16.0
   Increment on tard indicator:     0.0
   Value of tmax indicator:         16.0

Task for patient = 64 with skills = {4,-1} and cost = 230.3
   Vehicle #0 = 8, leaving at = 766.0
   Vehicle #1 = -1, leaving at = inf
   Increment on distance indicator: 5.0
   Increment on tard indicator:     0.0
   Value of tmax indicator:         5.0

Task for patient = 70 with skills = {0,-1} and cost = 84.3
   Vehicle #0 = 3, leaving at = 646.0
   Vehicle #1 = -1, leaving at = inf
   Increment on distance indicator: 8.0
   Increment on tard indicator:     0.0
   Value of tmax indicator:         8.0

Task for patient = 45 with skills = {0,5} and cost = 81.7
   Vehicle #0 = 5, leaving at = 778.0
   Vehicle #1 = 11, leaving at = 786.0
   Increment on distance indicator: 9.0
   Increment on tard indicator:     0.0
   Value of tmax indicator:         9.0

Task for patient = 50 with skills = {0,-1} and cost = 78.7
   Vehicle #0 = 5, leaving at = 620.0
   Vehicle #1 = -1, leaving at = inf
   Increment on distance indicator: 21.0
   Increment on tard indicator:     0.0
   Value of tmax indicator:         21.0

Task for patient = 1 with skills = {1,3} and cost = 71.7
   Vehicle #0 = 0, leaving at = 741.0
   Vehicle #1 = 11, leaving at = 731.0
   Increment on distance indicator: 36.0
   Increment on tard indicator:     0.0
   Value of tmax indicator:         36.0

Task for patient = 14 with skills = {2,5} and cost = 59.7
   Vehicle #0 = 4, leaving at = 621.0
   Vehicle #1 = 10, leaving at = 632.0
   Increment on distance indicator: 32.0
   Increment on tard indicator:     0.0
   Value of tmax indicator:         32.0

Task for patient = 59 with skills = {0,3} and cost = 49.0
   Vehicle #0 = 3, leaving at = 578.0
   Vehicle #1 = 10, leaving at = 590.0
   Increment on distance indicator: 48.0
   Increment on tard indicator:     0.0
   Value of tmax indicator:         48.0

Task for patient = 30 with skills = {1,3} and cost = 33.0
   Vehicle #0 = 1, leaving at = 636.0
   Vehicle #1 = 8, leaving at = 623.0
   Increment on distance indicator: 57.0
   Increment on tard indicator:     0.0
   Value of tmax indicator:         57.0

Task for patient = 53 with skills = {2,4} and cost = 14.0
   Vehicle #0 = 1, leaving at = 559.0
   Vehicle #1 = 7, leaving at = 585.0
   Increment on distance indicator: 42.0
   Increment on tard indicator:     0.0
   Value of tmax indicator:         42.0

Task for patient = 5 with skills = {2,5} and cost = 93.3
   Vehicle #0 = 6, leaving at = 594.0
   Vehicle #1 = 7, leaving at = 647.0
   Increment on distance indicator: 27.0
   Increment on tard indicator:     0.0
   Value of tmax indicator:         27.0

Task for patient = 68 with skills = {0,5} and cost = 520.3
   Vehicle #0 = 5, leaving at = 1097.0
   Vehicle #1 = 10, leaving at = 1091.0
   Increment on distance indicator: 21.0
   Increment on tard indicator:     0.0
   Value of tmax indicator:         21.0

Task for patient = 63 with skills = {0,5} and cost = 228.7
   Vehicle #0 = 6, leaving at = 820.0
   Vehicle #1 = 12, leaving at = 861.0
   Increment on distance indicator: 43.0
   Increment on tard indicator:     0.0
   Value of tmax indicator:         43.0

Task for patient = 73 with skills = {2,-1} and cost = 214.3
   Vehicle #0 = 4, leaving at = 892.0
   Vehicle #1 = -1, leaving at = inf
   Increment on distance indicator: 8.0
   Increment on tard indicator:     0.0
   Value of tmax indicator:         8.0

Task for patient = 49 with skills = {0,4} and cost = 211.7
   Vehicle #0 = 4, leaving at = 855.0
   Vehicle #1 = 9, leaving at = 859.0
   Increment on distance indicator: 28.0
   Increment on tard indicator:     0.0
   Value of tmax indicator:         28.0

Task for patient = 69 with skills = {0,4} and cost = 202.3
   Vehicle #0 = 6, leaving at = 775.0
   Vehicle #1 = 14, leaving at = 819.0
   Increment on distance indicator: 33.0
   Increment on tard indicator:     0.0
   Value of tmax indicator:         33.0

Task for patient = 16 with skills = {0,3} and cost = 191.3
   Vehicle #0 = 3, leaving at = 828.0
   Vehicle #1 = 13, leaving at = 823.0
   Increment on distance indicator: 14.0
   Increment on tard indicator:     0.0
   Value of tmax indicator:         14.0

Task for patient = 27 with skills = {4,-1} and cost = 186.7
   Vehicle #0 = 14, leaving at = 747.0
   Vehicle #1 = -1, leaving at = inf
   Increment on distance indicator: 12.0
   Increment on tard indicator:     0.0
   Value of tmax indicator:         12.0

Task for patient = 10 with skills = {2,-1} and cost = 182.7
   Vehicle #0 = 6, leaving at = 738.0
   Vehicle #1 = -1, leaving at = inf
   Increment on distance indicator: 8.0
   Increment on tard indicator:     0.0
   Value of tmax indicator:         8.0

Task for patient = 54 with skills = {3,-1} and cost = 147.3
   Vehicle #0 = 14, leaving at = 547.0
   Vehicle #1 = -1, leaving at = inf
   Increment on distance indicator: 19.0
   Increment on tard indicator:     0.0
   Value of tmax indicator:         19.0

Task for patient = 7 with skills = {5,-1} and cost = 177.7
   Vehicle #0 = 14, leaving at = 683.0
   Vehicle #1 = -1, leaving at = inf
   Increment on distance indicator: 9.0
   Increment on tard indicator:     0.0
   Value of tmax indicator:         9.0

Task for patient = 3 with skills = {2,-1} and cost = 174.7
   Vehicle #0 = 6, leaving at = 695.0
   Vehicle #1 = -1, leaving at = inf
   Increment on distance indicator: 3.0
   Increment on tard indicator:     0.0
   Value of tmax indicator:         3.0

Task for patient = 12 with skills = {2,5} and cost = 173.7
   Vehicle #0 = 5, leaving at = 863.0
   Vehicle #1 = 11, leaving at = 868.0
   Increment on distance indicator: 17.0
   Increment on tard indicator:     0.0
   Value of tmax indicator:         17.0

Task for patient = 36 with skills = {2,-1} and cost = 162.0
   Vehicle #0 = 4, leaving at = 797.0
   Vehicle #1 = -1, leaving at = inf
   Increment on distance indicator: 3.0
   Increment on tard indicator:     0.0
   Value of tmax indicator:         3.0

Task for patient = 13 with skills = {4,-1} and cost = 161.0
   Vehicle #0 = 9, leaving at = 598.0
   Vehicle #1 = -1, leaving at = inf
   Increment on distance indicator: 3.0
   Increment on tard indicator:     0.0
   Value of tmax indicator:         3.0

Task for patient = 4 with skills = {5,-1} and cost = 160.0
   Vehicle #0 = 13, leaving at = 645.0
   Vehicle #1 = -1, leaving at = inf
   Increment on distance indicator: 10.0
   Increment on tard indicator:     0.0
   Value of tmax indicator:         10.0

Task for patient = 42 with skills = {0,-1} and cost = 156.7
   Vehicle #0 = 1, leaving at = 746.0
   Vehicle #1 = -1, leaving at = inf
   Increment on distance indicator: 17.0
   Increment on tard indicator:     0.0
   Value of tmax indicator:         17.0

Task for patient = 20 with skills = {4,-1} and cost = 151.0
   Vehicle #0 = 8, leaving at = 714.0
   Vehicle #1 = -1, leaving at = inf
   Increment on distance indicator: 3.0
   Increment on tard indicator:     0.0
   Value of tmax indicator:         3.0

Task for patient = 51 with skills = {3,-1} and cost = 150.0
   Vehicle #0 = 11, leaving at = 840.0
   Vehicle #1 = -1, leaving at = inf
   Increment on distance indicator: 8.0
   Increment on tard indicator:     0.0
   Value of tmax indicator:         8.0

Task for patient = 9 with skills = {0,-1} and cost = 180.0
   Vehicle #0 = 3, leaving at = 770.0
   Vehicle #1 = -1, leaving at = inf
   Increment on distance indicator: 7.0
   Increment on tard indicator:     0.0
   Value of tmax indicator:         7.0


Unused vehicle list: (total = 0 out of 15)

---
Search finished.
Total of 448 generations in 0.6 seconds.
Exchange elite runs: 0
Implicit path relinking runs: 4
Reset attempts: 2

Best solution found:
   Cost: 416.7
   Total travel time: 1250.0
   Total tardiness time: 0.0
   Largest tardiness: 0.0


416.7
