--- BRKGA-MP-IPR for HHCRSP ---
Instance: new-instances/HHCRSP_75_15_35_1.2_C_RC.txt
Seed: 1

Reading data... Problem contains 75 patients  and 15 caregivers.

Summary of supply x demand for each service type:
Skill 0 has supply = 5 and demand = 26, ratio = 0.192308
Skill 1 has supply = 2 and demand = 13, ratio = 0.153846
Skill 2 has supply = 5 and demand = 18, ratio = 0.277778
Skill 3 has supply = 6 and demand = 16, ratio = 0.375
Skill 4 has supply = 3 and demand = 16, ratio = 0.1875
Skill 5 has supply = 1 and demand = 10, ratio = 0.1

Reading parameters...
Inferred distance function by PR type: kendall-tau
Building BRKGA data and initializing...
Evolving 448 generations...

  Gens  Rem    Local   ElDiv NoImpr             Best solution            Time  Op
                                       Cost     Dist    Tard    TMax 
*    0  448  4254.67  311.67      0  4254.67  1871.00 10326.0   567.0     0.0    
*    2  446  3745.67  272.75      0  3745.67  1901.00  8263.0   476.0     0.0    
*    3  445  3546.67  265.50      0  3546.67  1901.00  8263.0   476.0     0.0    
*    5  443  3011.67  274.14      0  3011.67  1843.00  6026.0   349.0     0.0    
*    6  442  2739.33  250.82      0  2739.33  1843.00  6026.0   349.0     0.0    
*    8  440  2046.67  270.93      0  2046.67  1866.00  3977.0   297.0     0.0    
*   10  438  1796.33  238.27      0  1796.33  1911.00  3210.0   268.0     0.0    
*   12  436  1756.33  197.74      0  1756.33  1796.00  3190.0   283.0     0.0    
*   14  434  1726.33  129.51      0  1726.33  1815.00  3055.0   280.0     0.0    
*   15  433  1716.67  110.45      0  1716.67  1847.00  2488.0   444.0     0.0    
*   16  432  1593.00  123.99      0  1593.00  1747.00  2435.0   233.0     0.0    
*   17  431  1471.67  112.07      0  1471.67  1781.00  2406.0   221.0     0.0    
*   18  430  1469.33   92.20      0  1469.33  1781.00  2182.0   189.0     0.0    
*   19  429  1384.00   88.04      0  1384.00  1723.00  2121.0   211.0     0.0    
*   20  428  1351.67   87.07      0  1351.67  1796.00  1738.0   248.0     0.0    

  Gens  Rem    Local   ElDiv NoImpr             Best solution            Time  Op
                                       Cost     Dist    Tard    TMax 
*   21  427  1260.67   86.36      0  1260.67  1753.00  1627.0   243.0     0.0    
*   22  426  1207.67   76.03      0  1207.67  1753.00  1627.0   243.0     0.0    
*   24  424  1181.00   67.60      0  1181.00  1699.00  1527.0   187.0     0.0    
*   25  423  1137.67   70.80      0  1137.67  1771.00  1229.0   201.0     0.0    
*   26  422  1067.00   62.38      0  1067.00  1771.00  1229.0   201.0     0.0    
*   28  420  1032.00   51.60      0  1032.00  1733.00   913.0   140.0     0.0    
*   29  419   928.67   62.86      0   928.67  1698.00   516.0   132.0     0.0    
*   30  418   782.00   68.09      0   782.00  1698.00   516.0   132.0     0.0    
*   37  411   766.67   46.82      0   766.67  1728.00   474.0    98.0     0.0    
*   41  407   737.00   46.01      0   737.00  1585.00   463.0    94.0     0.1    
*   42  406   714.00   40.14      0   714.00  1585.00   463.0    94.0     0.1    
*   46  402   690.33   30.65      0   690.33  1690.00   277.0    86.0     0.1    
*   47  401   684.33   29.69      0   684.33  1690.00   277.0    86.0     0.1    
*   50  398   674.67   27.20      0   674.67  1664.00   287.0    73.0     0.1    
*   53  395   661.33   26.65      0   661.33  1588.00   272.0    67.0     0.1    
*   54  394   642.33   27.36      0   642.33  1604.00   214.0    71.0     0.1    

  Gens  Rem    Local   ElDiv NoImpr             Best solution            Time  Op
                                       Cost     Dist    Tard    TMax 
*   55  393   629.67   24.77      0   629.67  1604.00   214.0    71.0     0.1    
*   58  390   612.33   21.36      0   612.33  1690.00   114.0    33.0     0.1    
*   60  388   607.33   21.73      0   607.33  1650.00   130.0    42.0     0.1    
*   65  383   602.00   16.09      0   602.00  1587.00   177.0    42.0     0.1    
*   67  381   573.00   13.78      0   573.00  1538.00   139.0    42.0     0.1    
*   77  371   569.33    8.82      0   569.33  1538.00   128.0    42.0     0.1    
*   80  368   568.33    7.10      0   568.33  1590.00    86.0    29.0     0.1    
*   82  366   565.33    6.16      0   565.33  1503.00   151.0    42.0     0.1    
*   85  363   547.33    5.89      0   547.33  1527.00    86.0    29.0     0.1    
*   90  358   543.33    5.22      0   543.33  1529.00    72.0    29.0     0.1    
*   92  356   536.67    5.78      0   536.67  1516.00    65.0    29.0     0.1    
Path relinking result: too homogeneous.
    96  352   536.67    5.34      5   536.67  1516.00    65.0    29.0     0.1   P
   100  348   536.67    3.79      8   536.67  1516.00    65.0    29.0     0.1    
*  104  344   530.67    4.92      0   530.67  1498.00    65.0    29.0     0.1    
*  110  338   529.67    1.31      0   529.67  1495.00    65.0    29.0     0.1    
*  112  336   528.67    0.88      0   528.67  1492.00    65.0    29.0     0.1    

  Gens  Rem    Local   ElDiv NoImpr             Best solution            Time  Op
                                       Cost     Dist    Tard    TMax 
*  114  334   528.00    0.46      0   528.00  1490.00    65.0    29.0     0.1    
*  116  332   527.67    0.30      0   527.67  1488.00    65.0    29.0     0.1    
*  117  331   527.33    0.34      0   527.33  1488.00    65.0    29.0     0.1    
*  141  307   525.67    0.29      0   525.67  1485.00    63.0    29.0     0.2    
   150  298   525.67    0.00      9   525.67  1485.00    63.0    29.0     0.2    
Path relinking result: too homogeneous.
   192  256   525.67    0.00     52   525.67  1485.00    63.0    29.0     0.2   P
   200  248   525.67    0.00     59   525.67  1485.00    63.0    29.0     0.2    
   208  240      inf  402.30      0   525.67  1485.00    63.0    29.0     0.3   R
   209  239  4099.00  317.99      0   525.67  1485.00    63.0    29.0     0.3    
   250  198   623.67   26.81      1   525.67  1485.00    63.0    29.0     0.3    
Path relinking result: too homogeneous.
   288  160   533.33    7.54      7   525.67  1485.00    63.0    29.0     0.4   P
*  296  152   523.00    7.28      0   523.00  1522.00    28.0    19.0     0.4    
   300  148   523.00    5.13      4   523.00  1522.00    28.0    19.0     0.4    
*  301  147   522.33    4.32      0   522.33  1543.00    14.0    10.0     0.4    
*  306  142   519.33    3.26      0   519.33  1513.00    26.0    19.0     0.4    
*  309  139   518.67    1.08      0   518.67  1532.00    12.0    10.0     0.4    

  Gens  Rem    Local   ElDiv NoImpr             Best solution            Time  Op
                                       Cost     Dist    Tard    TMax 
*  310  138   518.00    1.07      0   518.00  1526.00    12.0    10.0     0.4    
*  311  137   516.00    0.99      0   516.00  1526.00    12.0    10.0     0.4    
*  314  134   514.33    1.04      0   514.33  1519.00    14.0    10.0     0.4    
*  316  132   513.00    1.18      0   513.00  1515.00    12.0    10.0     0.4    
*  317  131   512.33    1.08      0   512.33  1515.00    12.0    10.0     0.4    
*  320  128   512.00    0.95      0   512.00  1513.00    12.0    10.0     0.4    
*  321  127   511.67    0.48      0   511.67  1513.00    12.0    10.0     0.4    
*  329  119   511.33    0.24      0   511.33  1514.00    10.0    10.0     0.4    
   350   98   511.33    0.00     21   511.33  1514.00    10.0    10.0     0.4    
Path relinking result: too homogeneous.
   384   64   511.33    0.00     56   511.33  1514.00    10.0    10.0     0.5   P
*  388   60   500.00    1.39      0   500.00  1478.00    11.0    11.0     0.5    
   400   48   500.00    0.00     12   500.00  1478.00    11.0    11.0     0.5    
*  432   16   499.00    0.12      0   499.00  1475.00    11.0    11.0     0.5    
   448    0   499.00    0.00     16   499.00  1475.00    11.0    11.0     0.5    
Evolutionary process finished.
Solution written to 'solution-26006.txt'.

Sorted sequence of worst to best tardiness value:
Task for patient = 24 with skills = {1,5} and cost = 397.0
   Vehicle #0 = 4, leaving at = 1040.0
   Vehicle #1 = 13, leaving at = 1072.0
   Increment on distance indicator: 17.0
   Increment on tard indicator:     11.0
   Value of tmax indicator:         17.0

Task for patient = 56 with skills = {0,-1} and cost = 294.0
   Vehicle #0 = 3, leaving at = 767.0
   Vehicle #1 = -1, leaving at = inf
   Increment on distance indicator: 18.0
   Increment on tard indicator:     0.0
   Value of tmax indicator:         18.0

Task for patient = 53 with skills = {0,-1} and cost = 288.0
   Vehicle #0 = 1, leaving at = 869.0
   Vehicle #1 = -1, leaving at = inf
   Increment on distance indicator: 5.0
   Increment on tard indicator:     0.0
   Value of tmax indicator:         5.0

Task for patient = 59 with skills = {1,-1} and cost = 286.3
   Vehicle #0 = 0, leaving at = 997.0
   Vehicle #1 = -1, leaving at = inf
   Increment on distance indicator: 15.0
   Increment on tard indicator:     0.0
   Value of tmax indicator:         15.0

Task for patient = 25 with skills = {2,5} and cost = 281.3
   Vehicle #0 = 6, leaving at = 936.0
   Vehicle #1 = 13, leaving at = 903.0
   Increment on distance indicator: 23.0
   Increment on tard indicator:     0.0
   Value of tmax indicator:         23.0

Task for patient = 16 with skills = {3,-1} and cost = 273.7
   Vehicle #0 = 7, leaving at = 863.0
   Vehicle #1 = -1, leaving at = inf
   Increment on distance indicator: 9.0
   Increment on tard indicator:     0.0
   Value of tmax indicator:         9.0

Task for patient = 55 with skills = {3,-1} and cost = 270.7
   Vehicle #0 = 11, leaving at = 696.0
   Vehicle #1 = -1, leaving at = inf
   Increment on distance indicator: 5.0
   Increment on tard indicator:     0.0
   Value of tmax indicator:         5.0

Task for patient = 26 with skills = {2,3} and cost = 269.0
   Vehicle #0 = 2, leaving at = 947.0
   Vehicle #1 = 9, leaving at = 936.0
   Increment on distance indicator: 23.0
   Increment on tard indicator:     0.0
   Value of tmax indicator:         23.0

Task for patient = 11 with skills = {0,4} and cost = 261.3
   Vehicle #0 = 1, leaving at = 823.0
   Vehicle #1 = 10, leaving at = 819.0
   Increment on distance indicator: 18.0
   Increment on tard indicator:     0.0
   Value of tmax indicator:         18.0

Task for patient = 39 with skills = {4,-1} and cost = 413.0
   Vehicle #0 = 10, leaving at = 947.0
   Vehicle #1 = -1, leaving at = inf
   Increment on distance indicator: 10.0
   Increment on tard indicator:     0.0
   Value of tmax indicator:         10.0

Task for patient = 70 with skills = {1,-1} and cost = 255.0
   Vehicle #0 = 4, leaving at = 879.0
   Vehicle #1 = -1, leaving at = inf
   Increment on distance indicator: 9.0
   Increment on tard indicator:     0.0
   Value of tmax indicator:         9.0

Task for patient = 62 with skills = {3,-1} and cost = 252.0
   Vehicle #0 = 11, leaving at = 561.0
   Vehicle #1 = -1, leaving at = inf
   Increment on distance indicator: 15.0
   Increment on tard indicator:     0.0
   Value of tmax indicator:         15.0

Task for patient = 45 with skills = {0,3} and cost = 247.0
   Vehicle #0 = 6, leaving at = 794.0
   Vehicle #1 = 7, leaving at = 813.0
   Increment on distance indicator: 20.0
   Increment on tard indicator:     0.0
   Value of tmax indicator:         20.0

Task for patient = 7 with skills = {0,5} and cost = 240.3
   Vehicle #0 = 2, leaving at = 889.0
   Vehicle #1 = 13, leaving at = 880.0
   Increment on distance indicator: 48.0
   Increment on tard indicator:     0.0
   Value of tmax indicator:         48.0

Task for patient = 73 with skills = {4,-1} and cost = 224.3
   Vehicle #0 = 9, leaving at = 849.0
   Vehicle #1 = -1, leaving at = inf
   Increment on distance indicator: 5.0
   Increment on tard indicator:     0.0
   Value of tmax indicator:         5.0

Task for patient = 63 with skills = {1,-1} and cost = 222.7
   Vehicle #0 = 0, leaving at = 962.0
   Vehicle #1 = -1, leaving at = inf
   Increment on distance indicator: 9.0
   Increment on tard indicator:     0.0
   Value of tmax indicator:         9.0

Task for patient = 46 with skills = {2,-1} and cost = 219.7
   Vehicle #0 = 2, leaving at = 827.0
   Vehicle #1 = -1, leaving at = inf
   Increment on distance indicator: 6.0
   Increment on tard indicator:     0.0
   Value of tmax indicator:         6.0

Task for patient = 65 with skills = {2,4} and cost = 217.7
   Vehicle #0 = 2, leaving at = 796.0
   Vehicle #1 = 9, leaving at = 826.0
   Increment on distance indicator: 12.0
   Increment on tard indicator:     0.0
   Value of tmax indicator:         12.0

Task for patient = 21 with skills = {0,-1} and cost = 255.3
   Vehicle #0 = 6, leaving at = 847.0
   Vehicle #1 = -1, leaving at = inf
   Increment on distance indicator: 1.0
   Increment on tard indicator:     0.0
   Value of tmax indicator:         1.0

Task for patient = 10 with skills = {0,-1} and cost = 409.7
   Vehicle #0 = 3, leaving at = 1057.0
   Vehicle #1 = -1, leaving at = inf
   Increment on distance indicator: 35.0
   Increment on tard indicator:     0.0
   Value of tmax indicator:         35.0

Task for patient = 15 with skills = {0,-1} and cost = 398.0
   Vehicle #0 = 1, leaving at = 1077.0
   Vehicle #1 = -1, leaving at = inf
   Increment on distance indicator: 3.0
   Increment on tard indicator:     0.0
   Value of tmax indicator:         3.0

Task for patient = 37 with skills = {2,3} and cost = 384.0
   Vehicle #0 = 4, leaving at = 999.0
   Vehicle #1 = 7, leaving at = 1011.0
   Increment on distance indicator: 32.0
   Increment on tard indicator:     0.0
   Value of tmax indicator:         32.0

Task for patient = 18 with skills = {3,-1} and cost = 373.3
   Vehicle #0 = 14, leaving at = 951.0
   Vehicle #1 = -1, leaving at = inf
   Increment on distance indicator: 5.0
   Increment on tard indicator:     0.0
   Value of tmax indicator:         5.0

Task for patient = 38 with skills = {2,-1} and cost = 371.7
   Vehicle #0 = 6, leaving at = 1052.0
   Vehicle #1 = -1, leaving at = inf
   Increment on distance indicator: 3.0
   Increment on tard indicator:     0.0
   Value of tmax indicator:         3.0

Task for patient = 58 with skills = {0,3} and cost = 370.7
   Vehicle #0 = 1, leaving at = 1039.0
   Vehicle #1 = 9, leaving at = 1046.0
   Increment on distance indicator: 14.0
   Increment on tard indicator:     0.0
   Value of tmax indicator:         14.0

Task for patient = 72 with skills = {1,3} and cost = 366.0
   Vehicle #0 = 0, leaving at = 1047.0
   Vehicle #1 = 11, leaving at = 1093.0
   Increment on distance indicator: 20.0
   Increment on tard indicator:     0.0
   Value of tmax indicator:         20.0

Task for patient = 57 with skills = {2,-1} and cost = 359.3
   Vehicle #0 = 2, leaving at = 1037.0
   Vehicle #1 = -1, leaving at = inf
   Increment on distance indicator: 5.0
   Increment on tard indicator:     0.0
   Value of tmax indicator:         5.0

Task for patient = 2 with skills = {2,4} and cost = 298.0
   Vehicle #0 = 6, leaving at = 998.0
   Vehicle #1 = 9, leaving at = 970.0
   Increment on distance indicator: 12.0
   Increment on tard indicator:     0.0
   Value of tmax indicator:         12.0

Task for patient = 71 with skills = {4,-1} and cost = 345.3
   Vehicle #0 = 9, leaving at = 1019.0
   Vehicle #1 = -1, leaving at = inf
   Increment on distance indicator: 7.0
   Increment on tard indicator:     0.0
   Value of tmax indicator:         7.0

Task for patient = 34 with skills = {0,-1} and cost = 343.0
   Vehicle #0 = 6, leaving at = 1033.0
   Vehicle #1 = -1, leaving at = inf
   Increment on distance indicator: 9.0
   Increment on tard indicator:     0.0
   Value of tmax indicator:         9.0

Task for patient = 4 with skills = {0,3} and cost = 340.0
   Vehicle #0 = 3, leaving at = 973.0
   Vehicle #1 = 11, leaving at = 961.0
   Increment on distance indicator: 20.0
   Increment on tard indicator:     0.0
   Value of tmax indicator:         20.0

Task for patient = 23 with skills = {2,-1} and cost = 333.3
   Vehicle #0 = 5, leaving at = 954.0
   Vehicle #1 = -1, leaving at = inf
   Increment on distance indicator: 7.0
   Increment on tard indicator:     0.0
   Value of tmax indicator:         7.0

Task for patient = 3 with skills = {2,5} and cost = 331.0
   Vehicle #0 = 2, leaving at = 996.0
   Vehicle #1 = 13, leaving at = 1012.0
   Increment on distance indicator: 21.0
   Increment on tard indicator:     0.0
   Value of tmax indicator:         21.0

Task for patient = 67 with skills = {5,-1} and cost = 324.0
   Vehicle #0 = 13, leaving at = 953.0
   Vehicle #1 = -1, leaving at = inf
   Increment on distance indicator: 7.0
   Increment on tard indicator:     0.0
   Value of tmax indicator:         7.0

Task for patient = 8 with skills = {0,4} and cost = 321.7
   Vehicle #0 = 3, leaving at = 864.0
   Vehicle #1 = 10, leaving at = 872.0
   Increment on distance indicator: 46.0
   Increment on tard indicator:     0.0
   Value of tmax indicator:         46.0

Task for patient = 14 with skills = {2,3} and cost = 306.3
   Vehicle #0 = 5, leaving at = 795.0
   Vehicle #1 = 8, leaving at = 791.0
   Increment on distance indicator: 25.0
   Increment on tard indicator:     0.0
   Value of tmax indicator:         25.0

Task for patient = 52 with skills = {0,4} and cost = 357.7
   Vehicle #0 = 4, leaving at = 934.0
   Vehicle #1 = 10, leaving at = 921.0
   Increment on distance indicator: 37.0
   Increment on tard indicator:     0.0
   Value of tmax indicator:         37.0

Task for patient = 5 with skills = {2,-1} and cost = 130.3
   Vehicle #0 = 0, leaving at = 643.0
   Vehicle #1 = -1, leaving at = inf
   Increment on distance indicator: 8.0
   Increment on tard indicator:     0.0
   Value of tmax indicator:         8.0

Task for patient = 6 with skills = {4,-1} and cost = 127.7
   Vehicle #0 = 10, leaving at = 692.0
   Vehicle #1 = -1, leaving at = inf
   Increment on distance indicator: 12.0
   Increment on tard indicator:     0.0
   Value of tmax indicator:         12.0

Task for patient = 47 with skills = {5,-1} and cost = 123.7
   Vehicle #0 = 13, leaving at = 744.0
   Vehicle #1 = -1, leaving at = inf
   Increment on distance indicator: 9.0
   Increment on tard indicator:     0.0
   Value of tmax indicator:         9.0

Task for patient = 41 with skills = {0,-1} and cost = 120.7
   Vehicle #0 = 2, leaving at = 606.0
   Vehicle #1 = -1, leaving at = inf
   Increment on distance indicator: 2.0
   Increment on tard indicator:     0.0
   Value of tmax indicator:         2.0

Task for patient = 69 with skills = {4,-1} and cost = 120.0
   Vehicle #0 = 14, leaving at = 709.0
   Vehicle #1 = -1, leaving at = inf
   Increment on distance indicator: 19.0
   Increment on tard indicator:     0.0
   Value of tmax indicator:         19.0

Task for patient = 44 with skills = {4,-1} and cost = 113.7
   Vehicle #0 = 14, leaving at = 674.0
   Vehicle #1 = -1, leaving at = inf
   Increment on distance indicator: 7.0
   Increment on tard indicator:     0.0
   Value of tmax indicator:         7.0

Task for patient = 28 with skills = {0,-1} and cost = 111.3
   Vehicle #0 = 2, leaving at = 574.0
   Vehicle #1 = -1, leaving at = inf
   Increment on distance indicator: 7.0
   Increment on tard indicator:     0.0
   Value of tmax indicator:         7.0

Task for patient = 68 with skills = {0,4} and cost = 109.0
   Vehicle #0 = 2, leaving at = 523.0
   Vehicle #1 = 14, leaving at = 559.0
   Increment on distance indicator: 34.0
   Increment on tard indicator:     0.0
   Value of tmax indicator:         34.0

Task for patient = 22 with skills = {1,-1} and cost = 213.7
   Vehicle #0 = 0, leaving at = 895.0
   Vehicle #1 = -1, leaving at = inf
   Increment on distance indicator: 10.0
   Increment on tard indicator:     0.0
   Value of tmax indicator:         10.0

Task for patient = 20 with skills = {0,3} and cost = 94.0
   Vehicle #0 = 4, leaving at = 647.0
   Vehicle #1 = 8, leaving at = 655.0
   Increment on distance indicator: 24.0
   Increment on tard indicator:     0.0
   Value of tmax indicator:         24.0

Task for patient = 30 with skills = {0,5} and cost = 86.0
   Vehicle #0 = 1, leaving at = 678.0
   Vehicle #1 = 13, leaving at = 672.0
   Increment on distance indicator: 10.0
   Increment on tard indicator:     0.0
   Value of tmax indicator:         10.0

Task for patient = 9 with skills = {0,3} and cost = 82.7
   Vehicle #0 = 1, leaving at = 612.0
   Vehicle #1 = 7, leaving at = 671.0
   Increment on distance indicator: 24.0
   Increment on tard indicator:     0.0
   Value of tmax indicator:         24.0

Task for patient = 60 with skills = {1,-1} and cost = 74.7
   Vehicle #0 = 4, leaving at = 545.0
   Vehicle #1 = -1, leaving at = inf
   Increment on distance indicator: 17.0
   Increment on tard indicator:     0.0
   Value of tmax indicator:         17.0

Task for patient = 54 with skills = {5,-1} and cost = 69.0
   Vehicle #0 = 13, leaving at = 626.0
   Vehicle #1 = -1, leaving at = inf
   Increment on distance indicator: 15.0
   Increment on tard indicator:     0.0
   Value of tmax indicator:         15.0

Task for patient = 64 with skills = {0,4} and cost = 64.0
   Vehicle #0 = 1, leaving at = 569.0
   Vehicle #1 = 10, leaving at = 547.0
   Increment on distance indicator: 64.0
   Increment on tard indicator:     0.0
   Value of tmax indicator:         64.0

Task for patient = 66 with skills = {1,3} and cost = 42.7
   Vehicle #0 = 0, leaving at = 582.0
   Vehicle #1 = 7, leaving at = 601.0
   Increment on distance indicator: 38.0
   Increment on tard indicator:     0.0
   Value of tmax indicator:         38.0

Task for patient = 74 with skills = {1,5} and cost = 30.0
   Vehicle #0 = 0, leaving at = 515.0
   Vehicle #1 = 13, leaving at = 570.0
   Increment on distance indicator: 66.0
   Increment on tard indicator:     0.0
   Value of tmax indicator:         66.0

Task for patient = 43 with skills = {4,-1} and cost = 8.0
   Vehicle #0 = 9, leaving at = 645.0
   Vehicle #1 = -1, leaving at = inf
   Increment on distance indicator: 24.0
   Increment on tard indicator:     0.0
   Value of tmax indicator:         24.0

Task for patient = 49 with skills = {2,-1} and cost = 97.7
   Vehicle #0 = 4, leaving at = 718.0
   Vehicle #1 = -1, leaving at = inf
   Increment on distance indicator: 11.0
   Increment on tard indicator:     0.0
   Value of tmax indicator:         11.0

Task for patient = 51 with skills = {0,-1} and cost = 210.3
   Vehicle #0 = 1, leaving at = 767.0
   Vehicle #1 = -1, leaving at = inf
   Increment on distance indicator: 6.0
   Increment on tard indicator:     0.0
   Value of tmax indicator:         6.0

Task for patient = 27 with skills = {2,-1} and cost = 208.3
   Vehicle #0 = 6, leaving at = 668.0
   Vehicle #1 = -1, leaving at = inf
   Increment on distance indicator: 6.0
   Increment on tard indicator:     0.0
   Value of tmax indicator:         6.0

Task for patient = 1 with skills = {2,-1} and cost = 206.3
   Vehicle #0 = 5, leaving at = 751.0
   Vehicle #1 = -1, leaving at = inf
   Increment on distance indicator: 0.0
   Increment on tard indicator:     0.0
   Value of tmax indicator:         0.0

Task for patient = 40 with skills = {2,-1} and cost = 206.3
   Vehicle #0 = 6, leaving at = 638.0
   Vehicle #1 = -1, leaving at = inf
   Increment on distance indicator: 9.0
   Increment on tard indicator:     0.0
   Value of tmax indicator:         9.0

Task for patient = 61 with skills = {3,-1} and cost = 203.3
   Vehicle #0 = 7, leaving at = 758.0
   Vehicle #1 = -1, leaving at = inf
   Increment on distance indicator: 4.0
   Increment on tard indicator:     0.0
   Value of tmax indicator:         4.0

Task for patient = 12 with skills = {2,-1} and cost = 202.0
   Vehicle #0 = 6, leaving at = 612.0
   Vehicle #1 = -1, leaving at = inf
   Increment on distance indicator: 14.0
   Increment on tard indicator:     0.0
   Value of tmax indicator:         14.0

Task for patient = 13 with skills = {0,-1} and cost = 197.3
   Vehicle #0 = 6, leaving at = 565.0
   Vehicle #1 = -1, leaving at = inf
   Increment on distance indicator: 18.0
   Increment on tard indicator:     0.0
   Value of tmax indicator:         18.0

Task for patient = 19 with skills = {2,4} and cost = 191.3
   Vehicle #0 = 4, leaving at = 834.0
   Vehicle #1 = 14, leaving at = 854.0
   Increment on distance indicator: 47.0
   Increment on tard indicator:     0.0
   Value of tmax indicator:         47.0

Task for patient = 36 with skills = {0,-1} and cost = 132.7
   Vehicle #0 = 1, leaving at = 737.0
   Vehicle #1 = -1, leaving at = inf
   Increment on distance indicator: 7.0
   Increment on tard indicator:     0.0
   Value of tmax indicator:         7.0

Task for patient = 31 with skills = {0,-1} and cost = 174.0
   Vehicle #0 = 2, leaving at = 702.0
   Vehicle #1 = -1, leaving at = inf
   Increment on distance indicator: 9.0
   Increment on tard indicator:     0.0
   Value of tmax indicator:         9.0

Task for patient = 17 with skills = {1,-1} and cost = 171.0
   Vehicle #0 = 0, leaving at = 845.0
   Vehicle #1 = -1, leaving at = inf
   Increment on distance indicator: 9.0
   Increment on tard indicator:     0.0
   Value of tmax indicator:         9.0

Task for patient = 33 with skills = {3,-1} and cost = 168.0
   Vehicle #0 = 7, leaving at = 737.0
   Vehicle #1 = -1, leaving at = inf
   Increment on distance indicator: 6.0
   Increment on tard indicator:     0.0
   Value of tmax indicator:         6.0

Task for patient = 42 with skills = {1,-1} and cost = 166.0
   Vehicle #0 = 0, leaving at = 813.0
   Vehicle #1 = -1, leaving at = inf
   Increment on distance indicator: 12.0
   Increment on tard indicator:     0.0
   Value of tmax indicator:         12.0

Task for patient = 75 with skills = {1,-1} and cost = 162.0
   Vehicle #0 = 0, leaving at = 752.0
   Vehicle #1 = -1, leaving at = inf
   Increment on distance indicator: 11.0
   Increment on tard indicator:     0.0
   Value of tmax indicator:         11.0

Task for patient = 32 with skills = {5,-1} and cost = 158.3
   Vehicle #0 = 13, leaving at = 817.0
   Vehicle #1 = -1, leaving at = inf
   Increment on distance indicator: 52.0
   Increment on tard indicator:     0.0
   Value of tmax indicator:         52.0

Task for patient = 35 with skills = {0,-1} and cost = 141.0
   Vehicle #0 = 4, leaving at = 781.0
   Vehicle #1 = -1, leaving at = inf
   Increment on distance indicator: 14.0
   Increment on tard indicator:     0.0
   Value of tmax indicator:         14.0

Task for patient = 50 with skills = {1,-1} and cost = 136.3
   Vehicle #0 = 0, leaving at = 681.0
   Vehicle #1 = -1, leaving at = inf
   Increment on distance indicator: 7.0
   Increment on tard indicator:     0.0
   Value of tmax indicator:         7.0

Task for patient = 48 with skills = {4,-1} and cost = 134.0
   Vehicle #0 = 9, leaving at = 778.0
   Vehicle #1 = -1, leaving at = inf
   Increment on distance indicator: 4.0
   Increment on tard indicator:     0.0
   Value of tmax indicator:         4.0

Task for patient = 29 with skills = {0,-1} and cost = 175.7
   Vehicle #0 = 3, leaving at = 659.0
   Vehicle #1 = -1, leaving at = inf
   Increment on distance indicator: 5.0
   Increment on tard indicator:     0.0
   Value of tmax indicator:         5.0


Unused vehicle list: 12 (total = 1 out of 15)

---
Search finished.
Total of 448 generations in 0.5 seconds.
Exchange elite runs: 0
Implicit path relinking runs: 4
Reset attempts: 1

Best solution found:
   Cost: 499.0
   Total travel time: 1475.0
   Total tardiness time: 11.0
   Largest tardiness: 11.0


499.0
