--- BRKGA-MP-IPR for HHCRSP ---
Instance: new-instances/HHCRSP_75_15_74_1.6_R_RC.txt
Seed: 1

Reading data... Problem contains 75 patients  and 15 caregivers.

Summary of supply x demand for each service type:
Skill 0 has supply = 5 and demand = 12, ratio = 0.416667
Skill 1 has supply = 5 and demand = 21, ratio = 0.238095
Skill 2 has supply = 4 and demand = 14, ratio = 0.285714
Skill 3 has supply = 5 and demand = 17, ratio = 0.294118
Skill 4 has supply = 6 and demand = 26, ratio = 0.230769
Skill 5 has supply = 6 and demand = 9, ratio = 0.666667

Reading parameters...
Inferred distance function by PR type: kendall-tau
Building BRKGA data and initializing...
Evolving 448 generations...

  Gens  Rem    Local   ElDiv NoImpr             Best solution            Time  Op
                                       Cost     Dist    Tard    TMax 
*    0  448  2563.33  255.99      0  2563.33  1797.00  5566.0   327.0     0.0    
*    2  446  2403.67  248.23      0  2403.67  1872.00  4072.0   360.0     0.0    
*    3  445  2101.33  254.85      0  2101.33  1817.00  3345.0   402.0     0.0    
*    4  444  1854.67  195.03      0  1854.67  1817.00  3345.0   402.0     0.0    
*    7  441  1339.00  201.47      0  1339.00  1796.00  1878.0   343.0     0.0    
*   11  437  1258.33  119.38      0  1258.33  1793.00  1306.0   316.0     0.0    
*   12  436  1138.33  119.37      0  1138.33  1692.00  1280.0   169.0     0.0    
*   13  435  1047.00  110.32      0  1047.00  1745.00  1131.0   259.0     0.0    
*   14  434  1045.00   95.59      0  1045.00  1812.00   983.0   251.0     0.0    
*   15  433  1015.33   99.19      0  1015.33  1679.00   800.0   129.0     0.0    
*   16  432   869.33  100.90      0   869.33  1746.00   713.0   101.0     0.0    
*   17  431   853.33   95.86      0   853.33  1766.00   596.0   170.0     0.0    
*   18  430   844.00   88.25      0   844.00  1768.00   569.0   101.0     0.0    
*   19  429   812.67   82.23      0   812.67  1636.00   528.0   180.0     0.0    
*   20  428   781.33   75.50      0   781.33  1681.00   380.0    69.0     0.0    

  Gens  Rem    Local   ElDiv NoImpr             Best solution            Time  Op
                                       Cost     Dist    Tard    TMax 
*   21  427   710.00   68.74      0   710.00  1728.00   133.0    31.0     0.0    
*   22  426   630.67   60.37      0   630.67  1728.00   133.0    31.0     0.0    
*   28  420   602.00   43.56      0   602.00  1587.00    83.0    21.0     0.0    
*   29  419   563.67   39.23      0   563.67  1587.00    83.0    21.0     0.0    
*   33  415   542.00   26.31      0   542.00  1570.00    39.0    17.0     0.1    
*   37  411   529.67   20.37      0   529.67  1502.00    66.0    21.0     0.1    
*   41  407   526.33   14.27      0   526.33  1537.00    30.0    12.0     0.1    
*   43  405   512.67   13.33      0   512.67  1538.00     0.0     0.0     0.1    
*   45  403   505.33   11.84      0   505.33  1498.00    13.0     5.0     0.1    
    50  398   505.33    8.82      5   505.33  1498.00    13.0     5.0     0.1    
*   52  396   504.00    9.54      0   504.00  1452.00    14.0     6.0     0.1    
*   53  395   490.67   11.09      0   490.67  1420.00     1.0     1.0     0.1    
*   54  394   474.00   11.81      0   474.00  1420.00     1.0     1.0     0.1    
*   65  383   468.00    9.79      0   468.00  1352.00    14.0    12.0     0.1    
*   66  382   459.33    9.33      0   459.33  1352.00    14.0    12.0     0.1    
*   72  376   443.33    8.26      0   443.33  1330.00     0.0     0.0     0.1    

  Gens  Rem    Local   ElDiv NoImpr             Best solution            Time  Op
                                       Cost     Dist    Tard    TMax 
*   81  367   438.67    4.07      0   438.67  1316.00     0.0     0.0     0.1    
*   88  360   438.00    2.21      0   438.00  1312.00     1.0     1.0     0.1    
*   92  356   435.67    1.60      0   435.67  1307.00     0.0     0.0     0.1    
*   95  353   435.33    1.00      0   435.33  1306.00     0.0     0.0     0.1    
Path relinking result: too homogeneous.
    96  352   434.00    1.03      0   435.33  1306.00     0.0     0.0     0.1   P
*   97  351   434.00    0.95      0   434.00  1302.00     0.0     0.0     0.1    
*  100  348   433.33    0.82      0   433.33  1300.00     0.0     0.0     0.1    
*  102  346   432.67    0.66      0   432.67  1298.00     0.0     0.0     0.1    
*  106  342   432.33    0.04      0   432.33  1297.00     0.0     0.0     0.2    
*  108  340   427.67    0.86      0   427.67  1283.00     0.0     0.0     0.2    
*  146  302   426.00    0.35      0   426.00  1278.00     0.0     0.0     0.2    
   150  298   426.00    0.00      4   426.00  1278.00     0.0     0.0     0.2    
*  155  293   424.67    0.16      0   424.67  1274.00     0.0     0.0     0.2    
*  181  267   424.00    0.08      0   424.00  1272.00     0.0     0.0     0.2    
Path relinking result: too homogeneous.
   192  256   424.00    0.00     12   424.00  1272.00     0.0     0.0     0.3   P
   200  248   424.00    0.00     19   424.00  1272.00     0.0     0.0     0.3    

  Gens  Rem    Local   ElDiv NoImpr             Best solution            Time  Op
                                       Cost     Dist    Tard    TMax 
*  210  238   422.67    0.23      0   422.67  1268.00     0.0     0.0     0.3    
   250  198   422.67    0.00     40   422.67  1268.00     0.0     0.0     0.3    
   277  171      inf  278.76      0   422.67  1268.00     0.0     0.0     0.4   R
   278  170  2303.00  272.26      0   422.67  1268.00     0.0     0.0     0.4    
Path relinking result: too homogeneous.
   288  160  1375.00  128.70      0   422.67  1268.00     0.0     0.0     0.4   P
   300  148   710.67   62.26      0   422.67  1268.00     0.0     0.0     0.4    
   350   98   489.00    6.61      2   422.67  1268.00     0.0     0.0     0.5    
Path relinking result: too homogeneous.
   384   64   440.33    7.24      0   422.67  1268.00     0.0     0.0     0.5   P
   400   48   430.00    3.47      0   422.67  1268.00     0.0     0.0     0.5    
   448    0   423.67    0.00     25   422.67  1268.00     0.0     0.0     0.6    
Evolutionary process finished.
Solution written to 'solution-36960.txt'.

Sorted sequence of worst to best tardiness value:
Task for patient = 16 with skills = {1,-1} and cost = 245.3
   Vehicle #0 = 4, leaving at = 857.0
   Vehicle #1 = -1, leaving at = inf
   Increment on distance indicator: 16.0
   Increment on tard indicator:     0.0
   Value of tmax indicator:         16.0

Task for patient = 72 with skills = {1,5} and cost = 240.0
   Vehicle #0 = 1, leaving at = 925.0
   Vehicle #1 = 7, leaving at = 934.0
   Increment on distance indicator: 6.0
   Increment on tard indicator:     0.0
   Value of tmax indicator:         6.0

Task for patient = 28 with skills = {1,-1} and cost = 238.0
   Vehicle #0 = 0, leaving at = 750.0
   Vehicle #1 = -1, leaving at = inf
   Increment on distance indicator: 3.0
   Increment on tard indicator:     0.0
   Value of tmax indicator:         3.0

Task for patient = 35 with skills = {4,-1} and cost = 237.0
   Vehicle #0 = 9, leaving at = 888.0
   Vehicle #1 = -1, leaving at = inf
   Increment on distance indicator: 8.0
   Increment on tard indicator:     0.0
   Value of tmax indicator:         8.0

Task for patient = 51 with skills = {0,3} and cost = 234.3
   Vehicle #0 = 6, leaving at = 896.0
   Vehicle #1 = 8, leaving at = 906.0
   Increment on distance indicator: 6.0
   Increment on tard indicator:     0.0
   Value of tmax indicator:         6.0

Task for patient = 2 with skills = {0,4} and cost = 232.3
   Vehicle #0 = 1, leaving at = 886.0
   Vehicle #1 = 7, leaving at = 894.0
   Increment on distance indicator: 25.0
   Increment on tard indicator:     0.0
   Value of tmax indicator:         25.0

Task for patient = 34 with skills = {0,4} and cost = 224.0
   Vehicle #0 = 4, leaving at = 822.0
   Vehicle #1 = 9, leaving at = 840.0
   Increment on distance indicator: 37.0
   Increment on tard indicator:     0.0
   Value of tmax indicator:         37.0

Task for patient = 17 with skills = {1,5} and cost = 211.7
   Vehicle #0 = 6, leaving at = 867.0
   Vehicle #1 = 14, leaving at = 852.0
   Increment on distance indicator: 15.0
   Increment on tard indicator:     0.0
   Value of tmax indicator:         15.0

Task for patient = 61 with skills = {4,-1} and cost = 319.0
   Vehicle #0 = 9, leaving at = 943.0
   Vehicle #1 = -1, leaving at = inf
   Increment on distance indicator: 22.0
   Increment on tard indicator:     0.0
   Value of tmax indicator:         22.0

Task for patient = 58 with skills = {4,-1} and cost = 204.0
   Vehicle #0 = 9, leaving at = 774.0
   Vehicle #1 = -1, leaving at = inf
   Increment on distance indicator: 11.0
   Increment on tard indicator:     0.0
   Value of tmax indicator:         11.0

Task for patient = 22 with skills = {3,-1} and cost = 200.3
   Vehicle #0 = 14, leaving at = 802.0
   Vehicle #1 = -1, leaving at = inf
   Increment on distance indicator: 5.0
   Increment on tard indicator:     0.0
   Value of tmax indicator:         5.0

Task for patient = 44 with skills = {4,-1} and cost = 198.7
   Vehicle #0 = 7, leaving at = 807.0
   Vehicle #1 = -1, leaving at = inf
   Increment on distance indicator: 3.0
   Increment on tard indicator:     0.0
   Value of tmax indicator:         3.0

Task for patient = 31 with skills = {2,-1} and cost = 197.7
   Vehicle #0 = 5, leaving at = 901.0
   Vehicle #1 = -1, leaving at = inf
   Increment on distance indicator: 8.0
   Increment on tard indicator:     0.0
   Value of tmax indicator:         8.0

Task for patient = 55 with skills = {1,-1} and cost = 195.0
   Vehicle #0 = 2, leaving at = 815.0
   Vehicle #1 = -1, leaving at = inf
   Increment on distance indicator: 5.0
   Increment on tard indicator:     0.0
   Value of tmax indicator:         5.0

Task for patient = 69 with skills = {0,-1} and cost = 193.3
   Vehicle #0 = 5, leaving at = 850.0
   Vehicle #1 = -1, leaving at = inf
   Increment on distance indicator: 9.0
   Increment on tard indicator:     0.0
   Value of tmax indicator:         9.0

Task for patient = 42 with skills = {0,4} and cost = 190.3
   Vehicle #0 = 3, leaving at = 776.0
   Vehicle #1 = 13, leaving at = 776.0
   Increment on distance indicator: 19.0
   Increment on tard indicator:     0.0
   Value of tmax indicator:         19.0

Task for patient = 74 with skills = {0,-1} and cost = 184.0
   Vehicle #0 = 6, leaving at = 813.0
   Vehicle #1 = -1, leaving at = inf
   Increment on distance indicator: 12.0
   Increment on tard indicator:     0.0
   Value of tmax indicator:         12.0

Task for patient = 36 with skills = {4,-1} and cost = 206.7
   Vehicle #0 = 13, leaving at = 902.0
   Vehicle #1 = -1, leaving at = inf
   Increment on distance indicator: 8.0
   Increment on tard indicator:     0.0
   Value of tmax indicator:         8.0

Task for patient = 64 with skills = {2,-1} and cost = 311.7
   Vehicle #0 = 1, leaving at = 990.0
   Vehicle #1 = -1, leaving at = inf
   Increment on distance indicator: 18.0
   Increment on tard indicator:     0.0
   Value of tmax indicator:         18.0

Task for patient = 70 with skills = {1,4} and cost = 305.7
   Vehicle #0 = 0, leaving at = 1008.0
   Vehicle #1 = 11, leaving at = 1032.0
   Increment on distance indicator: 4.0
   Increment on tard indicator:     0.0
   Value of tmax indicator:         4.0

Task for patient = 67 with skills = {4,-1} and cost = 304.3
   Vehicle #0 = 7, leaving at = 985.0
   Vehicle #1 = -1, leaving at = inf
   Increment on distance indicator: 4.0
   Increment on tard indicator:     0.0
   Value of tmax indicator:         4.0

Task for patient = 15 with skills = {5,-1} and cost = 303.0
   Vehicle #0 = 14, leaving at = 1040.0
   Vehicle #1 = -1, leaving at = inf
   Increment on distance indicator: 9.0
   Increment on tard indicator:     0.0
   Value of tmax indicator:         9.0

Task for patient = 18 with skills = {2,-1} and cost = 300.0
   Vehicle #0 = 4, leaving at = 945.0
   Vehicle #1 = -1, leaving at = inf
   Increment on distance indicator: 8.0
   Increment on tard indicator:     0.0
   Value of tmax indicator:         8.0

Task for patient = 25 with skills = {1,3} and cost = 297.3
   Vehicle #0 = 2, leaving at = 1010.0
   Vehicle #1 = 13, leaving at = 1014.0
   Increment on distance indicator: 16.0
   Increment on tard indicator:     0.0
   Value of tmax indicator:         16.0

Task for patient = 8 with skills = {1,3} and cost = 292.0
   Vehicle #0 = 2, leaving at = 967.0
   Vehicle #1 = 10, leaving at = 965.0
   Increment on distance indicator: 19.0
   Increment on tard indicator:     0.0
   Value of tmax indicator:         19.0

Task for patient = 40 with skills = {1,4} and cost = 285.7
   Vehicle #0 = 0, leaving at = 951.0
   Vehicle #1 = 11, leaving at = 986.0
   Increment on distance indicator: 40.0
   Increment on tard indicator:     0.0
   Value of tmax indicator:         40.0

Task for patient = 49 with skills = {1,-1} and cost = 246.3
   Vehicle #0 = 2, leaving at = 844.0
   Vehicle #1 = -1, leaving at = inf
   Increment on distance indicator: 3.0
   Increment on tard indicator:     0.0
   Value of tmax indicator:         3.0

Task for patient = 1 with skills = {1,-1} and cost = 270.3
   Vehicle #0 = 6, leaving at = 1025.0
   Vehicle #1 = -1, leaving at = inf
   Increment on distance indicator: 3.0
   Increment on tard indicator:     0.0
   Value of tmax indicator:         3.0

Task for patient = 45 with skills = {0,4} and cost = 269.3
   Vehicle #0 = 6, leaving at = 1007.0
   Vehicle #1 = 8, leaving at = 992.0
   Increment on distance indicator: 6.0
   Increment on tard indicator:     0.0
   Value of tmax indicator:         6.0

Task for patient = 41 with skills = {3,-1} and cost = 267.3
   Vehicle #0 = 10, leaving at = 932.0
   Vehicle #1 = -1, leaving at = inf
   Increment on distance indicator: 7.0
   Increment on tard indicator:     0.0
   Value of tmax indicator:         7.0

Task for patient = 65 with skills = {5,-1} and cost = 265.0
   Vehicle #0 = 14, leaving at = 958.0
   Vehicle #1 = -1, leaving at = inf
   Increment on distance indicator: 2.0
   Increment on tard indicator:     0.0
   Value of tmax indicator:         2.0

Task for patient = 52 with skills = {1,4} and cost = 264.3
   Vehicle #0 = 0, leaving at = 901.0
   Vehicle #1 = 11, leaving at = 909.0
   Increment on distance indicator: 27.0
   Increment on tard indicator:     0.0
   Value of tmax indicator:         27.0

Task for patient = 54 with skills = {1,-1} and cost = 255.3
   Vehicle #0 = 2, leaving at = 892.0
   Vehicle #1 = -1, leaving at = inf
   Increment on distance indicator: 9.0
   Increment on tard indicator:     0.0
   Value of tmax indicator:         9.0

Task for patient = 30 with skills = {5,-1} and cost = 252.3
   Vehicle #0 = 12, leaving at = 789.0
   Vehicle #1 = -1, leaving at = inf
   Increment on distance indicator: 12.0
   Increment on tard indicator:     0.0
   Value of tmax indicator:         12.0

Task for patient = 59 with skills = {5,-1} and cost = 248.3
   Vehicle #0 = 14, leaving at = 924.0
   Vehicle #1 = -1, leaving at = inf
   Increment on distance indicator: 1.0
   Increment on tard indicator:     0.0
   Value of tmax indicator:         1.0

Task for patient = 38 with skills = {4,-1} and cost = 248.0
   Vehicle #0 = 14, leaving at = 908.0
   Vehicle #1 = -1, leaving at = inf
   Increment on distance indicator: 5.0
   Increment on tard indicator:     0.0
   Value of tmax indicator:         5.0

Task for patient = 12 with skills = {3,-1} and cost = 272.3
   Vehicle #0 = 14, leaving at = 1016.0
   Vehicle #1 = -1, leaving at = inf
   Increment on distance indicator: 6.0
   Increment on tard indicator:     0.0
   Value of tmax indicator:         6.0

Task for patient = 46 with skills = {2,3} and cost = 110.0
   Vehicle #0 = 5, leaving at = 633.0
   Vehicle #1 = 14, leaving at = 661.0
   Increment on distance indicator: 26.0
   Increment on tard indicator:     0.0
   Value of tmax indicator:         26.0

Task for patient = 13 with skills = {4,-1} and cost = 101.3
   Vehicle #0 = 7, leaving at = 672.0
   Vehicle #1 = -1, leaving at = inf
   Increment on distance indicator: 10.0
   Increment on tard indicator:     0.0
   Value of tmax indicator:         10.0

Task for patient = 71 with skills = {1,3} and cost = 98.0
   Vehicle #0 = 2, leaving at = 630.0
   Vehicle #1 = 10, leaving at = 619.0
   Increment on distance indicator: 6.0
   Increment on tard indicator:     0.0
   Value of tmax indicator:         6.0

Task for patient = 23 with skills = {0,3} and cost = 96.0
   Vehicle #0 = 1, leaving at = 716.0
   Vehicle #1 = 8, leaving at = 755.0
   Increment on distance indicator: 24.0
   Increment on tard indicator:     0.0
   Value of tmax indicator:         24.0

Task for patient = 10 with skills = {4,-1} and cost = 88.0
   Vehicle #0 = 13, leaving at = 640.0
   Vehicle #1 = -1, leaving at = inf
   Increment on distance indicator: 6.0
   Increment on tard indicator:     0.0
   Value of tmax indicator:         6.0

Task for patient = 11 with skills = {1,-1} and cost = 86.0
   Vehicle #0 = 2, leaving at = 571.0
   Vehicle #1 = -1, leaving at = inf
   Increment on distance indicator: 23.0
   Increment on tard indicator:     0.0
   Value of tmax indicator:         23.0

Task for patient = 14 with skills = {0,-1} and cost = 78.3
   Vehicle #0 = 1, leaving at = 678.0
   Vehicle #1 = -1, leaving at = inf
   Increment on distance indicator: 6.0
   Increment on tard indicator:     0.0
   Value of tmax indicator:         6.0

Task for patient = 9 with skills = {4,-1} and cost = 76.3
   Vehicle #0 = 9, leaving at = 606.0
   Vehicle #1 = -1, leaving at = inf
   Increment on distance indicator: 13.0
   Increment on tard indicator:     0.0
   Value of tmax indicator:         13.0

Task for patient = 53 with skills = {0,-1} and cost = 180.0
   Vehicle #0 = 1, leaving at = 848.0
   Vehicle #1 = -1, leaving at = inf
   Increment on distance indicator: 6.0
   Increment on tard indicator:     0.0
   Value of tmax indicator:         6.0

Task for patient = 66 with skills = {4,-1} and cost = 68.3
   Vehicle #0 = 11, leaving at = 666.0
   Vehicle #1 = -1, leaving at = inf
   Increment on distance indicator: 25.0
   Increment on tard indicator:     0.0
   Value of tmax indicator:         25.0

Task for patient = 63 with skills = {3,-1} and cost = 60.0
   Vehicle #0 = 8, leaving at = 673.0
   Vehicle #1 = -1, leaving at = inf
   Increment on distance indicator: 5.0
   Increment on tard indicator:     0.0
   Value of tmax indicator:         5.0

Task for patient = 37 with skills = {1,-1} and cost = 58.3
   Vehicle #0 = 0, leaving at = 646.0
   Vehicle #1 = -1, leaving at = inf
   Increment on distance indicator: 7.0
   Increment on tard indicator:     0.0
   Value of tmax indicator:         7.0

Task for patient = 33 with skills = {1,3} and cost = 56.0
   Vehicle #0 = 0, leaving at = 579.0
   Vehicle #1 = 11, leaving at = 586.0
   Increment on distance indicator: 24.0
   Increment on tard indicator:     0.0
   Value of tmax indicator:         24.0

Task for patient = 50 with skills = {3,-1} and cost = 48.0
   Vehicle #0 = 10, leaving at = 580.0
   Vehicle #1 = -1, leaving at = inf
   Increment on distance indicator: 20.0
   Increment on tard indicator:     0.0
   Value of tmax indicator:         20.0

Task for patient = 47 with skills = {2,-1} and cost = 41.3
   Vehicle #0 = 4, leaving at = 509.0
   Vehicle #1 = -1, leaving at = inf
   Increment on distance indicator: 43.0
   Increment on tard indicator:     0.0
   Value of tmax indicator:         43.0

Task for patient = 32 with skills = {2,3} and cost = 27.0
   Vehicle #0 = 1, leaving at = 594.0
   Vehicle #1 = 8, leaving at = 611.0
   Increment on distance indicator: 35.0
   Increment on tard indicator:     0.0
   Value of tmax indicator:         35.0

Task for patient = 62 with skills = {5,-1} and cost = 15.3
   Vehicle #0 = 7, leaving at = 635.0
   Vehicle #1 = -1, leaving at = inf
   Increment on distance indicator: 21.0
   Increment on tard indicator:     0.0
   Value of tmax indicator:         21.0

Task for patient = 43 with skills = {2,-1} and cost = 8.3
   Vehicle #0 = 1, leaving at = 531.0
   Vehicle #1 = -1, leaving at = inf
   Increment on distance indicator: 25.0
   Increment on tard indicator:     0.0
   Value of tmax indicator:         25.0

Task for patient = 73 with skills = {3,-1} and cost = 72.0
   Vehicle #0 = 11, leaving at = 713.0
   Vehicle #1 = -1, leaving at = inf
   Increment on distance indicator: 11.0
   Increment on tard indicator:     0.0
   Value of tmax indicator:         11.0

Task for patient = 4 with skills = {3,-1} and cost = 178.0
   Vehicle #0 = 13, leaving at = 733.0
   Vehicle #1 = -1, leaving at = inf
   Increment on distance indicator: 15.0
   Increment on tard indicator:     0.0
   Value of tmax indicator:         15.0

Task for patient = 57 with skills = {5,-1} and cost = 173.0
   Vehicle #0 = 12, leaving at = 707.0
   Vehicle #1 = -1, leaving at = inf
   Increment on distance indicator: 5.0
   Increment on tard indicator:     0.0
   Value of tmax indicator:         5.0

Task for patient = 26 with skills = {2,4} and cost = 171.3
   Vehicle #0 = 6, leaving at = 746.0
   Vehicle #1 = 9, leaving at = 744.0
   Increment on distance indicator: 6.0
   Increment on tard indicator:     0.0
   Value of tmax indicator:         6.0

Task for patient = 5 with skills = {4,-1} and cost = 169.3
   Vehicle #0 = 9, leaving at = 634.0
   Vehicle #1 = -1, leaving at = inf
   Increment on distance indicator: 9.0
   Increment on tard indicator:     0.0
   Value of tmax indicator:         9.0

Task for patient = 39 with skills = {1,-1} and cost = 166.3
   Vehicle #0 = 4, leaving at = 674.0
   Vehicle #1 = -1, leaving at = inf
   Increment on distance indicator: 4.0
   Increment on tard indicator:     0.0
   Value of tmax indicator:         4.0

Task for patient = 20 with skills = {4,-1} and cost = 165.0
   Vehicle #0 = 7, leaving at = 748.0
   Vehicle #1 = -1, leaving at = inf
   Increment on distance indicator: 5.0
   Increment on tard indicator:     0.0
   Value of tmax indicator:         5.0

Task for patient = 75 with skills = {2,-1} and cost = 163.3
   Vehicle #0 = 5, leaving at = 782.0
   Vehicle #1 = -1, leaving at = inf
   Increment on distance indicator: 3.0
   Increment on tard indicator:     0.0
   Value of tmax indicator:         3.0

Task for patient = 7 with skills = {4,-1} and cost = 162.3
   Vehicle #0 = 7, leaving at = 725.0
   Vehicle #1 = -1, leaving at = inf
   Increment on distance indicator: 5.0
   Increment on tard indicator:     0.0
   Value of tmax indicator:         5.0

Task for patient = 19 with skills = {2,-1} and cost = 117.3
   Vehicle #0 = 6, leaving at = 512.0
   Vehicle #1 = -1, leaving at = inf
   Increment on distance indicator: 22.0
   Increment on tard indicator:     0.0
   Value of tmax indicator:         22.0

Task for patient = 48 with skills = {2,3} and cost = 158.3
   Vehicle #0 = 1, leaving at = 801.0
   Vehicle #1 = 8, leaving at = 847.0
   Increment on distance indicator: 12.0
   Increment on tard indicator:     0.0
   Value of tmax indicator:         12.0

Task for patient = 68 with skills = {0,4} and cost = 154.3
   Vehicle #0 = 5, leaving at = 723.0
   Vehicle #1 = 7, leaving at = 698.0
   Increment on distance indicator: 8.0
   Increment on tard indicator:     0.0
   Value of tmax indicator:         8.0

Task for patient = 60 with skills = {1,-1} and cost = 151.7
   Vehicle #0 = 4, leaving at = 613.0
   Vehicle #1 = -1, leaving at = inf
   Increment on distance indicator: 11.0
   Increment on tard indicator:     0.0
   Value of tmax indicator:         11.0

Task for patient = 29 with skills = {0,4} and cost = 148.0
   Vehicle #0 = 6, leaving at = 723.0
   Vehicle #1 = 14, leaving at = 754.0
   Increment on distance indicator: 13.0
   Increment on tard indicator:     0.0
   Value of tmax indicator:         13.0

Task for patient = 6 with skills = {1,5} and cost = 143.7
   Vehicle #0 = 0, leaving at = 697.0
   Vehicle #1 = 14, leaving at = 694.0
   Increment on distance indicator: 18.0
   Increment on tard indicator:     0.0
   Value of tmax indicator:         18.0

Task for patient = 27 with skills = {2,4} and cost = 137.7
   Vehicle #0 = 1, leaving at = 777.0
   Vehicle #1 = 8, leaving at = 805.0
   Increment on distance indicator: 18.0
   Increment on tard indicator:     0.0
   Value of tmax indicator:         18.0

Task for patient = 21 with skills = {4,-1} and cost = 131.7
   Vehicle #0 = 11, leaving at = 766.0
   Vehicle #1 = -1, leaving at = inf
   Increment on distance indicator: 16.0
   Increment on tard indicator:     0.0
   Value of tmax indicator:         16.0

Task for patient = 24 with skills = {2,3} and cost = 126.3
   Vehicle #0 = 5, leaving at = 660.0
   Vehicle #1 = 10, leaving at = 672.0
   Increment on distance indicator: 16.0
   Increment on tard indicator:     0.0
   Value of tmax indicator:         16.0

Task for patient = 3 with skills = {2,-1} and cost = 121.0
   Vehicle #0 = 6, leaving at = 687.0
   Vehicle #1 = -1, leaving at = inf
   Increment on distance indicator: 11.0
   Increment on tard indicator:     0.0
   Value of tmax indicator:         11.0

Task for patient = 56 with skills = {1,-1} and cost = 160.7
   Vehicle #0 = 2, leaving at = 677.0
   Vehicle #1 = -1, leaving at = inf
   Increment on distance indicator: 7.0
   Increment on tard indicator:     0.0
   Value of tmax indicator:         7.0


Unused vehicle list: (total = 0 out of 15)

---
Search finished.
Total of 448 generations in 0.6 seconds.
Exchange elite runs: 0
Implicit path relinking runs: 4
Reset attempts: 1

Best solution found:
   Cost: 422.7
   Total travel time: 1268.0
   Total tardiness time: 0.0
   Largest tardiness: 0.0


422.7
