--- BRKGA-MP-IPR for HHCRSP ---
Instance: new-instances/HHCRSP_75_15_34_1.0_R_R.txt
Seed: 1

Reading data... Problem contains 75 patients  and 15 caregivers.

Summary of supply x demand for each service type:
Skill 0 has supply = 5 and demand = 14, ratio = 0.357143
Skill 1 has supply = 3 and demand = 11, ratio = 0.272727
Skill 2 has supply = 4 and demand = 13, ratio = 0.307692
Skill 3 has supply = 5 and demand = 26, ratio = 0.192308
Skill 4 has supply = 5 and demand = 11, ratio = 0.454545
Skill 5 has supply = 6 and demand = 24, ratio = 0.25

Reading parameters...
Inferred distance function by PR type: kendall-tau
Building BRKGA data and initializing...
Evolving 448 generations...

  Gens  Rem    Local   ElDiv NoImpr             Best solution            Time  Op
                                       Cost     Dist    Tard    TMax 
*    0  448  2702.00  331.76      0  2702.00  1864.00  5833.0   409.0     0.0    
*    4  444  2279.33  270.50      0  2279.33  1843.00  3901.0   321.0     0.0    
*    5  443  2021.67  218.03      0  2021.67  1843.00  3901.0   321.0     0.0    
*    7  441  1680.67  219.08      0  1680.67  1761.00  3012.0   269.0     0.0    
*    9  439  1662.33  156.85      0  1662.33  1760.00  2795.0   432.0     0.0    
*   11  437  1479.00  153.11      0  1479.00  1697.00  1722.0   312.0     0.0    
*   12  436  1243.67  129.84      0  1243.67  1697.00  1722.0   312.0     0.0    
*   15  433  1086.33  117.64      0  1086.33  1671.00  1244.0   180.0     0.0    
*   16  432  1031.67  103.64      0  1031.67  1671.00  1244.0   180.0     0.0    
*   19  429   917.33   73.67      0   917.33  1702.00   869.0   151.0     0.0    
*   20  428   907.33   79.57      0   907.33  1752.00   359.0    83.0     0.0    
*   21  427   731.33   75.64      0   731.33  1752.00   359.0    83.0     0.0    
*   24  424   695.67   55.67      0   695.67  1647.00   372.0    68.0     0.0    
*   26  422   615.00   58.08      0   615.00  1685.00    93.0    67.0     0.1    
*   31  417   598.67   32.03      0   598.67  1554.00   169.0    73.0     0.1    

  Gens  Rem    Local   ElDiv NoImpr             Best solution            Time  Op
                                       Cost     Dist    Tard    TMax 
*   36  412   546.33   25.33      0   546.33  1482.00   110.0    47.0     0.1    
*   41  407   544.33   22.67      0   544.33  1505.00    72.0    42.0     0.1    
*   42  406   539.67   21.49      0   539.67  1505.00    72.0    42.0     0.1    
*   46  402   515.33   18.63      0   515.33  1526.00    13.0     7.0     0.1    
    50  398   515.33   15.61      4   515.33  1526.00    13.0     7.0     0.1    
*   53  395   507.33   15.51      0   507.33  1457.00    42.0    23.0     0.1    
*   60  388   494.67   14.55      0   494.67  1468.00     9.0     7.0     0.1    
*   69  379   493.33   12.53      0   493.33  1458.00    11.0    11.0     0.1    
*   75  373   490.33   10.03      0   490.33  1462.00     6.0     3.0     0.1    
*   85  363   482.67    6.92      0   482.67  1431.00     9.0     8.0     0.1    
*   88  360   479.33    7.75      0   479.33  1434.00     2.0     2.0     0.1    
*   94  354   478.00    6.26      0   478.00  1402.00    20.0     8.0     0.1    
*   95  353   476.67    6.14      0   476.67  1402.00    20.0     8.0     0.1    
Path relinking result: too homogeneous.
    96  352   476.67    5.84      2   476.67  1402.00    20.0     8.0     0.1   P
*   98  350   470.00    6.34      0   470.00  1370.00    29.0    11.0     0.1    
   100  348   470.00    6.53      2   470.00  1370.00    29.0    11.0     0.1    

  Gens  Rem    Local   ElDiv NoImpr             Best solution            Time  Op
                                       Cost     Dist    Tard    TMax 
*  101  347   469.67    6.58      0   469.67  1388.00     8.0     8.0     0.2    
*  102  346   468.00    6.35      0   468.00  1388.00     8.0     8.0     0.2    
*  110  338   460.67    5.20      0   460.67  1378.00     2.0     2.0     0.2    
*  115  333   456.33    5.10      0   456.33  1369.00     0.0     0.0     0.2    
*  124  324   455.00    2.92      0   455.00  1352.00     0.0     0.0     0.2    
*  125  323   450.67    2.81      0   450.67  1352.00     0.0     0.0     0.2    
*  129  319   449.00    1.97      0   449.00  1347.00     0.0     0.0     0.2    
*  132  316   448.67    1.50      0   448.67  1337.00     0.0     0.0     0.2    
*  133  315   445.67    1.32      0   445.67  1337.00     0.0     0.0     0.2    
*  139  309   444.00    0.66      0   444.00  1332.00     0.0     0.0     0.2    
*  146  302   443.67    0.52      0   443.67  1331.00     0.0     0.0     0.2    
*  149  299   443.33    0.59      0   443.33  1330.00     0.0     0.0     0.2    
   150  298   443.33    0.58      1   443.33  1330.00     0.0     0.0     0.2    
*  167  281   443.00    0.06      0   443.00  1329.00     0.0     0.0     0.2    
*  181  267   442.67    0.06      0   442.67  1328.00     0.0     0.0     0.3    
*  192  256   442.00    0.16      0   442.00  1326.00     0.0     0.0     0.3    
Path relinking result: too homogeneous.

  Gens  Rem    Local   ElDiv NoImpr             Best solution            Time  Op
                                       Cost     Dist    Tard    TMax 
   192  256   442.00    0.16      1   442.00  1326.00     0.0     0.0     0.3   P
   200  248   442.00    0.00      8   442.00  1326.00     0.0     0.0     0.3    
   250  198   442.00    0.00     58   442.00  1326.00     0.0     0.0     0.3    
   259  189      inf  382.89      0   442.00  1326.00     0.0     0.0     0.4   R
   260  188  2700.67  330.98      0   442.00  1326.00     0.0     0.0     0.4    
Path relinking result: too homogeneous.
   288  160   611.00   42.35      0   442.00  1326.00     0.0     0.0     0.4   P
   300  148   490.67   24.56      1   442.00  1326.00     0.0     0.0     0.4    
*  347  101   440.33    3.96      0   440.33  1305.00     2.0     2.0     0.5    
*  348  100   436.33    3.30      0   436.33  1305.00     2.0     2.0     0.5    
   350   98   436.33    2.64      2   436.33  1305.00     2.0     2.0     0.5    
*  357   91   435.67    0.32      0   435.67  1306.00     0.0     0.0     0.5    
*  358   90   435.33    0.21      0   435.33  1306.00     0.0     0.0     0.5    
*  360   88   435.00    0.36      0   435.00  1301.00     2.0     2.0     0.5    
*  364   84   434.00    0.33      0   434.00  1298.00     2.0     2.0     0.5    
*  367   81   433.00    0.44      0   433.00  1295.00     2.0     2.0     0.5    
*  370   78   432.00    0.51      0   432.00  1292.00     2.0     2.0     0.5    

  Gens  Rem    Local   ElDiv NoImpr             Best solution            Time  Op
                                       Cost     Dist    Tard    TMax 
*  372   76   431.00    0.51      0   431.00  1289.00     2.0     2.0     0.5    
*  380   68   430.67    0.08      0   430.67  1288.00     2.0     2.0     0.5    
Path relinking result: too homogeneous.
   384   64   430.67    0.00      5   430.67  1288.00     2.0     2.0     0.5   P
   400   48   430.67    0.00     20   430.67  1288.00     2.0     2.0     0.5    
*  443    5   429.33    0.16      0   429.33  1284.00     2.0     2.0     0.6    
*  445    3   428.33    0.33      0   428.33  1281.00     2.0     2.0     0.6    
   448    0   428.33    0.43      3   428.33  1281.00     2.0     2.0     0.6    
Evolutionary process finished.
Solution written to 'solution-25726.txt'.

Sorted sequence of worst to best tardiness value:
Task for patient = 69 with skills = {2,5} and cost = 145.7
   Vehicle #0 = 3, leaving at = 669.0
   Vehicle #1 = 13, leaving at = 721.0
   Increment on distance indicator: 20.0
   Increment on tard indicator:     2.0
   Value of tmax indicator:         20.0

Task for patient = 55 with skills = {4,-1} and cost = 237.7
   Vehicle #0 = 14, leaving at = 864.0
   Vehicle #1 = -1, leaving at = inf
   Increment on distance indicator: 28.0
   Increment on tard indicator:     0.0
   Value of tmax indicator:         28.0

Task for patient = 64 with skills = {0,3} and cost = 228.3
   Vehicle #0 = 0, leaving at = 920.0
   Vehicle #1 = 8, leaving at = 954.0
   Increment on distance indicator: 25.0
   Increment on tard indicator:     0.0
   Value of tmax indicator:         25.0

Task for patient = 14 with skills = {0,5} and cost = 220.0
   Vehicle #0 = 1, leaving at = 954.0
   Vehicle #1 = 11, leaving at = 969.0
   Increment on distance indicator: 13.0
   Increment on tard indicator:     0.0
   Value of tmax indicator:         13.0

Task for patient = 13 with skills = {5,-1} and cost = 215.7
   Vehicle #0 = 10, leaving at = 960.0
   Vehicle #1 = -1, leaving at = inf
   Increment on distance indicator: 4.0
   Increment on tard indicator:     0.0
   Value of tmax indicator:         4.0

Task for patient = 30 with skills = {3,-1} and cost = 214.3
   Vehicle #0 = 7, leaving at = 827.0
   Vehicle #1 = -1, leaving at = inf
   Increment on distance indicator: 8.0
   Increment on tard indicator:     0.0
   Value of tmax indicator:         8.0

Task for patient = 75 with skills = {0,4} and cost = 211.7
   Vehicle #0 = 2, leaving at = 750.0
   Vehicle #1 = 14, leaving at = 732.0
   Increment on distance indicator: 31.0
   Increment on tard indicator:     0.0
   Value of tmax indicator:         31.0

Task for patient = 73 with skills = {1,5} and cost = 201.3
   Vehicle #0 = 4, leaving at = 905.0
   Vehicle #1 = 13, leaving at = 911.0
   Increment on distance indicator: 7.0
   Increment on tard indicator:     0.0
   Value of tmax indicator:         7.0

Task for patient = 1 with skills = {0,-1} and cost = 199.0
   Vehicle #0 = 5, leaving at = 948.0
   Vehicle #1 = -1, leaving at = inf
   Increment on distance indicator: 5.0
   Increment on tard indicator:     0.0
   Value of tmax indicator:         5.0

Task for patient = 12 with skills = {5,-1} and cost = 337.3
   Vehicle #0 = 11, leaving at = 1055.0
   Vehicle #1 = -1, leaving at = inf
   Increment on distance indicator: 14.0
   Increment on tard indicator:     0.0
   Value of tmax indicator:         14.0

Task for patient = 29 with skills = {3,-1} and cost = 195.7
   Vehicle #0 = 7, leaving at = 785.0
   Vehicle #1 = -1, leaving at = inf
   Increment on distance indicator: 12.0
   Increment on tard indicator:     0.0
   Value of tmax indicator:         12.0

Task for patient = 58 with skills = {4,-1} and cost = 191.7
   Vehicle #0 = 14, leaving at = 641.0
   Vehicle #1 = -1, leaving at = inf
   Increment on distance indicator: 5.0
   Increment on tard indicator:     0.0
   Value of tmax indicator:         5.0

Task for patient = 74 with skills = {0,-1} and cost = 190.0
   Vehicle #0 = 4, leaving at = 815.0
   Vehicle #1 = -1, leaving at = inf
   Increment on distance indicator: 3.0
   Increment on tard indicator:     0.0
   Value of tmax indicator:         3.0

Task for patient = 42 with skills = {3,-1} and cost = 189.0
   Vehicle #0 = 9, leaving at = 869.0
   Vehicle #1 = -1, leaving at = inf
   Increment on distance indicator: 14.0
   Increment on tard indicator:     0.0
   Value of tmax indicator:         14.0

Task for patient = 68 with skills = {3,-1} and cost = 184.3
   Vehicle #0 = 10, leaving at = 916.0
   Vehicle #1 = -1, leaving at = inf
   Increment on distance indicator: 8.0
   Increment on tard indicator:     0.0
   Value of tmax indicator:         8.0

Task for patient = 24 with skills = {4,-1} and cost = 181.7
   Vehicle #0 = 10, leaving at = 856.0
   Vehicle #1 = -1, leaving at = inf
   Increment on distance indicator: 3.0
   Increment on tard indicator:     0.0
   Value of tmax indicator:         3.0

Task for patient = 65 with skills = {2,5} and cost = 180.7
   Vehicle #0 = 4, leaving at = 771.0
   Vehicle #1 = 13, leaving at = 814.0
   Increment on distance indicator: 13.0
   Increment on tard indicator:     0.0
   Value of tmax indicator:         13.0

Task for patient = 8 with skills = {0,3} and cost = 176.3
   Vehicle #0 = 5, leaving at = 884.0
   Vehicle #1 = 8, leaving at = 897.0
   Increment on distance indicator: 2.0
   Increment on tard indicator:     0.0
   Value of tmax indicator:         2.0

Task for patient = 35 with skills = {5,-1} and cost = 197.3
   Vehicle #0 = 13, leaving at = 850.0
   Vehicle #1 = -1, leaving at = inf
   Increment on distance indicator: 5.0
   Increment on tard indicator:     0.0
   Value of tmax indicator:         5.0

Task for patient = 33 with skills = {2,4} and cost = 332.7
   Vehicle #0 = 3, leaving at = 961.0
   Vehicle #1 = 14, leaving at = 1024.0
   Increment on distance indicator: 29.0
   Increment on tard indicator:     0.0
   Value of tmax indicator:         29.0

Task for patient = 41 with skills = {5,-1} and cost = 323.0
   Vehicle #0 = 11, leaving at = 1002.0
   Vehicle #1 = -1, leaving at = inf
   Increment on distance indicator: 5.0
   Increment on tard indicator:     0.0
   Value of tmax indicator:         5.0

Task for patient = 20 with skills = {1,-1} and cost = 321.3
   Vehicle #0 = 1, leaving at = 999.0
   Vehicle #1 = -1, leaving at = inf
   Increment on distance indicator: 2.0
   Increment on tard indicator:     0.0
   Value of tmax indicator:         2.0

Task for patient = 23 with skills = {1,4} and cost = 320.7
   Vehicle #0 = 4, leaving at = 1039.0
   Vehicle #1 = 10, leaving at = 1090.0
   Increment on distance indicator: 31.0
   Increment on tard indicator:     0.0
   Value of tmax indicator:         31.0

Task for patient = 36 with skills = {3,-1} and cost = 310.3
   Vehicle #0 = 10, leaving at = 1022.0
   Vehicle #1 = -1, leaving at = inf
   Increment on distance indicator: 10.0
   Increment on tard indicator:     0.0
   Value of tmax indicator:         10.0

Task for patient = 61 with skills = {2,3} and cost = 307.0
   Vehicle #0 = 0, leaving at = 1044.0
   Vehicle #1 = 13, leaving at = 1025.0
   Increment on distance indicator: 8.0
   Increment on tard indicator:     0.0
   Value of tmax indicator:         8.0

Task for patient = 52 with skills = {5,-1} and cost = 304.3
   Vehicle #0 = 8, leaving at = 1015.0
   Vehicle #1 = -1, leaving at = inf
   Increment on distance indicator: 11.0
   Increment on tard indicator:     0.0
   Value of tmax indicator:         11.0

Task for patient = 16 with skills = {3,-1} and cost = 300.7
   Vehicle #0 = 9, leaving at = 1041.0
   Vehicle #1 = -1, leaving at = inf
   Increment on distance indicator: 10.0
   Increment on tard indicator:     0.0
   Value of tmax indicator:         10.0

Task for patient = 19 with skills = {3,-1} and cost = 239.7
   Vehicle #0 = 7, leaving at = 863.0
   Vehicle #1 = -1, leaving at = inf
   Increment on distance indicator: 6.0
   Increment on tard indicator:     0.0
   Value of tmax indicator:         6.0

Task for patient = 3 with skills = {5,-1} and cost = 296.0
   Vehicle #0 = 9, leaving at = 971.0
   Vehicle #1 = -1, leaving at = inf
   Increment on distance indicator: 1.0
   Increment on tard indicator:     0.0
   Value of tmax indicator:         1.0

Task for patient = 27 with skills = {3,-1} and cost = 295.7
   Vehicle #0 = 7, leaving at = 1013.0
   Vehicle #1 = -1, leaving at = inf
   Increment on distance indicator: 9.0
   Increment on tard indicator:     0.0
   Value of tmax indicator:         9.0

Task for patient = 50 with skills = {1,4} and cost = 292.7
   Vehicle #0 = 0, leaving at = 984.0
   Vehicle #1 = 13, leaving at = 995.0
   Increment on distance indicator: 25.0
   Increment on tard indicator:     0.0
   Value of tmax indicator:         25.0

Task for patient = 45 with skills = {0,-1} and cost = 284.3
   Vehicle #0 = 2, leaving at = 851.0
   Vehicle #1 = -1, leaving at = inf
   Increment on distance indicator: 13.0
   Increment on tard indicator:     0.0
   Value of tmax indicator:         13.0

Task for patient = 4 with skills = {1,-1} and cost = 280.0
   Vehicle #0 = 4, leaving at = 970.0
   Vehicle #1 = -1, leaving at = inf
   Increment on distance indicator: 10.0
   Increment on tard indicator:     0.0
   Value of tmax indicator:         10.0

Task for patient = 22 with skills = {2,5} and cost = 276.7
   Vehicle #0 = 6, leaving at = 806.0
   Vehicle #1 = 12, leaving at = 793.0
   Increment on distance indicator: 59.0
   Increment on tard indicator:     0.0
   Value of tmax indicator:         59.0

Task for patient = 25 with skills = {3,-1} and cost = 257.0
   Vehicle #0 = 7, leaving at = 955.0
   Vehicle #1 = -1, leaving at = inf
   Increment on distance indicator: 22.0
   Increment on tard indicator:     0.0
   Value of tmax indicator:         22.0

Task for patient = 44 with skills = {5,-1} and cost = 249.7
   Vehicle #0 = 8, leaving at = 986.0
   Vehicle #1 = -1, leaving at = inf
   Increment on distance indicator: 5.0
   Increment on tard indicator:     0.0
   Value of tmax indicator:         5.0

Task for patient = 7 with skills = {2,3} and cost = 248.0
   Vehicle #0 = 3, leaving at = 903.0
   Vehicle #1 = 7, leaving at = 918.0
   Increment on distance indicator: 25.0
   Increment on tard indicator:     0.0
   Value of tmax indicator:         25.0

Task for patient = 40 with skills = {3,-1} and cost = 297.3
   Vehicle #0 = 9, leaving at = 992.0
   Vehicle #1 = -1, leaving at = inf
   Increment on distance indicator: 4.0
   Increment on tard indicator:     0.0
   Value of tmax indicator:         4.0

Task for patient = 49 with skills = {3,-1} and cost = 76.7
   Vehicle #0 = 8, leaving at = 701.0
   Vehicle #1 = -1, leaving at = inf
   Increment on distance indicator: 4.0
   Increment on tard indicator:     0.0
   Value of tmax indicator:         4.0

Task for patient = 26 with skills = {0,-1} and cost = 75.3
   Vehicle #0 = 5, leaving at = 541.0
   Vehicle #1 = -1, leaving at = inf
   Increment on distance indicator: 0.0
   Increment on tard indicator:     0.0
   Value of tmax indicator:         0.0

Task for patient = 6 with skills = {1,-1} and cost = 75.3
   Vehicle #0 = 1, leaving at = 710.0
   Vehicle #1 = -1, leaving at = inf
   Increment on distance indicator: 5.0
   Increment on tard indicator:     0.0
   Value of tmax indicator:         5.0

Task for patient = 67 with skills = {5,-1} and cost = 73.7
   Vehicle #0 = 11, leaving at = 577.0
   Vehicle #1 = -1, leaving at = inf
   Increment on distance indicator: 14.0
   Increment on tard indicator:     0.0
   Value of tmax indicator:         14.0

Task for patient = 9 with skills = {0,-1} and cost = 69.0
   Vehicle #0 = 2, leaving at = 565.0
   Vehicle #1 = -1, leaving at = inf
   Increment on distance indicator: 19.0
   Increment on tard indicator:     0.0
   Value of tmax indicator:         19.0

Task for patient = 48 with skills = {1,3} and cost = 62.7
   Vehicle #0 = 4, leaving at = 644.0
   Vehicle #1 = 13, leaving at = 667.0
   Increment on distance indicator: 10.0
   Increment on tard indicator:     0.0
   Value of tmax indicator:         10.0

Task for patient = 10 with skills = {2,3} and cost = 59.3
   Vehicle #0 = 3, leaving at = 632.0
   Vehicle #1 = 7, leaving at = 621.0
   Increment on distance indicator: 26.0
   Increment on tard indicator:     0.0
   Value of tmax indicator:         26.0

Task for patient = 18 with skills = {1,5} and cost = 50.7
   Vehicle #0 = 1, leaving at = 664.0
   Vehicle #1 = 9, leaving at = 644.0
   Increment on distance indicator: 16.0
   Increment on tard indicator:     0.0
   Value of tmax indicator:         16.0

Task for patient = 59 with skills = {0,5} and cost = 175.7
   Vehicle #0 = 5, leaving at = 857.0
   Vehicle #1 = 8, leaving at = 841.0
   Increment on distance indicator: 11.0
   Increment on tard indicator:     0.0
   Value of tmax indicator:         11.0

Task for patient = 47 with skills = {3,-1} and cost = 44.7
   Vehicle #0 = 9, leaving at = 527.0
   Vehicle #1 = -1, leaving at = inf
   Increment on distance indicator: 22.0
   Increment on tard indicator:     0.0
   Value of tmax indicator:         22.0

Task for patient = 17 with skills = {3,-1} and cost = 37.3
   Vehicle #0 = 7, leaving at = 595.0
   Vehicle #1 = -1, leaving at = inf
   Increment on distance indicator: 14.0
   Increment on tard indicator:     0.0
   Value of tmax indicator:         14.0

Task for patient = 5 with skills = {3,-1} and cost = 32.7
   Vehicle #0 = 8, leaving at = 649.0
   Vehicle #1 = -1, leaving at = inf
   Increment on distance indicator: 3.0
   Increment on tard indicator:     0.0
   Value of tmax indicator:         3.0

Task for patient = 51 with skills = {3,-1} and cost = 31.7
   Vehicle #0 = 10, leaving at = 761.0
   Vehicle #1 = -1, leaving at = inf
   Increment on distance indicator: 6.0
   Increment on tard indicator:     0.0
   Value of tmax indicator:         6.0

Task for patient = 56 with skills = {3,-1} and cost = 29.7
   Vehicle #0 = 10, leaving at = 705.0
   Vehicle #1 = -1, leaving at = inf
   Increment on distance indicator: 6.0
   Increment on tard indicator:     0.0
   Value of tmax indicator:         6.0

Task for patient = 53 with skills = {0,5} and cost = 27.7
   Vehicle #0 = 1, leaving at = 607.0
   Vehicle #1 = 10, leaving at = 639.0
   Increment on distance indicator: 50.0
   Increment on tard indicator:     0.0
   Value of tmax indicator:         50.0

Task for patient = 37 with skills = {4,-1} and cost = 11.0
   Vehicle #0 = 10, leaving at = 535.0
   Vehicle #1 = -1, leaving at = inf
   Increment on distance indicator: 11.0
   Increment on tard indicator:     0.0
   Value of tmax indicator:         11.0

Task for patient = 71 with skills = {2,5} and cost = 7.3
   Vehicle #0 = 0, leaving at = 594.0
   Vehicle #1 = 8, leaving at = 605.0
   Increment on distance indicator: 22.0
   Increment on tard indicator:     0.0
   Value of tmax indicator:         22.0

Task for patient = 2 with skills = {1,-1} and cost = 45.3
   Vehicle #0 = 0, leaving at = 632.0
   Vehicle #1 = -1, leaving at = inf
   Increment on distance indicator: 2.0
   Increment on tard indicator:     0.0
   Value of tmax indicator:         2.0

Task for patient = 57 with skills = {5,-1} and cost = 172.0
   Vehicle #0 = 13, leaving at = 771.0
   Vehicle #1 = -1, leaving at = inf
   Increment on distance indicator: 12.0
   Increment on tard indicator:     0.0
   Value of tmax indicator:         12.0

Task for patient = 72 with skills = {2,-1} and cost = 168.0
   Vehicle #0 = 0, leaving at = 828.0
   Vehicle #1 = -1, leaving at = inf
   Increment on distance indicator: 22.0
   Increment on tard indicator:     0.0
   Value of tmax indicator:         22.0

Task for patient = 38 with skills = {2,5} and cost = 160.7
   Vehicle #0 = 6, leaving at = 717.0
   Vehicle #1 = 11, leaving at = 742.0
   Increment on distance indicator: 31.0
   Increment on tard indicator:     0.0
   Value of tmax indicator:         31.0

Task for patient = 70 with skills = {4,-1} and cost = 150.3
   Vehicle #0 = 10, leaving at = 833.0
   Vehicle #1 = -1, leaving at = inf
   Increment on distance indicator: 4.0
   Increment on tard indicator:     0.0
   Value of tmax indicator:         4.0

Task for patient = 31 with skills = {2,-1} and cost = 149.0
   Vehicle #0 = 6, leaving at = 658.0
   Vehicle #1 = -1, leaving at = inf
   Increment on distance indicator: 10.0
   Increment on tard indicator:     0.0
   Value of tmax indicator:         10.0

Task for patient = 54 with skills = {0,3} and cost = 137.7
   Vehicle #0 = 1, leaving at = 781.0
   Vehicle #1 = 9, leaving at = 823.0
   Increment on distance indicator: 9.0
   Increment on tard indicator:     0.0
   Value of tmax indicator:         9.0

Task for patient = 46 with skills = {3,-1} and cost = 134.7
   Vehicle #0 = 8, leaving at = 804.0
   Vehicle #1 = -1, leaving at = inf
   Increment on distance indicator: 4.0
   Increment on tard indicator:     0.0
   Value of tmax indicator:         4.0

Task for patient = 21 with skills = {4,-1} and cost = 133.3
   Vehicle #0 = 14, leaving at = 580.0
   Vehicle #1 = -1, leaving at = inf
   Increment on distance indicator: 16.0
   Increment on tard indicator:     0.0
   Value of tmax indicator:         16.0

Task for patient = 11 with skills = {1,5} and cost = 81.0
   Vehicle #0 = 0, leaving at = 728.0
   Vehicle #1 = 8, leaving at = 751.0
   Increment on distance indicator: 13.0
   Increment on tard indicator:     0.0
   Value of tmax indicator:         13.0

Task for patient = 66 with skills = {3,-1} and cost = 125.7
   Vehicle #0 = 7, leaving at = 662.0
   Vehicle #1 = -1, leaving at = inf
   Increment on distance indicator: 5.0
   Increment on tard indicator:     0.0
   Value of tmax indicator:         5.0

Task for patient = 63 with skills = {4,-1} and cost = 124.0
   Vehicle #0 = 12, leaving at = 627.0
   Vehicle #1 = -1, leaving at = inf
   Increment on distance indicator: 10.0
   Increment on tard indicator:     0.0
   Value of tmax indicator:         10.0

Task for patient = 39 with skills = {1,-1} and cost = 120.7
   Vehicle #0 = 0, leaving at = 790.0
   Vehicle #1 = -1, leaving at = inf
   Increment on distance indicator: 5.0
   Increment on tard indicator:     0.0
   Value of tmax indicator:         5.0

Task for patient = 43 with skills = {2,-1} and cost = 119.0
   Vehicle #0 = 6, leaving at = 569.0
   Vehicle #1 = -1, leaving at = inf
   Increment on distance indicator: 11.0
   Increment on tard indicator:     0.0
   Value of tmax indicator:         11.0

Task for patient = 34 with skills = {0,5} and cost = 115.3
   Vehicle #0 = 2, leaving at = 688.0
   Vehicle #1 = 11, leaving at = 676.0
   Increment on distance indicator: 35.0
   Increment on tard indicator:     0.0
   Value of tmax indicator:         35.0

Task for patient = 15 with skills = {0,3} and cost = 103.7
   Vehicle #0 = 1, leaving at = 752.0
   Vehicle #1 = 9, leaving at = 759.0
   Increment on distance indicator: 10.0
   Increment on tard indicator:     0.0
   Value of tmax indicator:         10.0

Task for patient = 60 with skills = {5,-1} and cost = 100.3
   Vehicle #0 = 11, leaving at = 617.0
   Vehicle #1 = -1, leaving at = inf
   Increment on distance indicator: 14.0
   Increment on tard indicator:     0.0
   Value of tmax indicator:         14.0

Task for patient = 28 with skills = {2,-1} and cost = 95.7
   Vehicle #0 = 4, leaving at = 686.0
   Vehicle #1 = -1, leaving at = inf
   Increment on distance indicator: 6.0
   Increment on tard indicator:     0.0
   Value of tmax indicator:         6.0

Task for patient = 62 with skills = {5,-1} and cost = 93.7
   Vehicle #0 = 12, leaving at = 559.0
   Vehicle #1 = -1, leaving at = inf
   Increment on distance indicator: 38.0
   Increment on tard indicator:     0.0
   Value of tmax indicator:         38.0

Task for patient = 32 with skills = {5,-1} and cost = 128.0
   Vehicle #0 = 9, leaving at = 781.0
   Vehicle #1 = -1, leaving at = inf
   Increment on distance indicator: 7.0
   Increment on tard indicator:     0.0
   Value of tmax indicator:         7.0


Unused vehicle list: (total = 0 out of 15)

---
Search finished.
Total of 448 generations in 0.6 seconds.
Exchange elite runs: 0
Implicit path relinking runs: 4
Reset attempts: 1

Best solution found:
   Cost: 428.3
   Total travel time: 1281.0
   Total tardiness time: 2.0
   Largest tardiness: 2.0


428.3
