#######################################
### Exact MIP solver for the HHCRSP ###
#######################################
-- Instance file: new-instances/HHCRSP_75_15_3_1.0_R_R.txt
-- Max threads: 4
-- Time limit: 999999 seconds
-- Use initial solution: No
Trivial flow violations prevented generating 19277 variables.
Model exported.
Version identifier: 20.1.0.0 | 2020-11-10 | 9bedb6d68
CPXPARAM_Threads                                 4
CPXPARAM_TimeLimit                               999999
Parallel mode: deterministic, using up to 4 threads for concurrent optimization:
 * Starting dual Simplex on 1 thread...
 * Starting Barrier on 3 threads...
Tried aggregator 1 time.
LP Presolve eliminated 3054 rows and 834 columns.
Reduced LP has 22432 rows, 21628 columns, and 220711 nonzeros.
Presolve time = 0.09 sec. (60.11 ticks)
Symmetry aggregator did 21819 additional substitutions.

Iteration log . . .
Iteration:     1   Dual objective     =             0.000000

Dual crossover.
  Dual:  Fixing 176 variables.
      175 DMoves:  Infeasibility  7.11248544e-14  Objective  1.68333333e+02
        0 DMoves:  Infeasibility  5.96895572e-14  Objective  1.68333333e+02
  Dual:  Pushed 4, exchanged 172.
  Primal:  Fixing 86 variables.
       85 PMoves:  Infeasibility  2.77555756e-17  Objective  1.68333333e+02
        0 PMoves:  Infeasibility  2.77555756e-17  Objective  1.68333333e+02
  Primal:  Pushed 47, exchanged 39.

Dual simplex solved model.


Solution status from MIP model:
-- Processing time: 0.183 sec.
-- Memory used: 84.5928 MB
-- Best bound: inf
-- Obj value: 168.333
-- Gap: inf%
-- Total distance: 505
-- Total tardiness: 0
-- Largest tardiness: 0
