#######################################
### Exact MIP solver for the HHCRSP ###
#######################################
-- Instance file: new-instances/HHCRSP_75_15_29_1.6_R_RC.txt
-- Max threads: 4
-- Time limit: 999999 seconds
-- Use initial solution: No
Trivial flow violations prevented generating 19795 variables.
Model exported.
Version identifier: 20.1.0.0 | 2020-11-10 | 9bedb6d68
CPXPARAM_Threads                                 4
CPXPARAM_TimeLimit                               999999
Parallel mode: deterministic, using up to 4 threads for concurrent optimization:
 * Starting dual Simplex on 1 thread...
 * Starting Barrier on 3 threads...
Tried aggregator 1 time.
LP Presolve eliminated 3042 rows and 702 columns.
Reduced LP has 21754 rows, 20936 columns, and 214677 nonzeros.
Presolve time = 0.10 sec. (59.34 ticks)
Symmetry aggregator did 18155 additional substitutions.
Initializing dual steep norms . . .

Iteration log . . .
Iteration:     1   Dual objective     =             1.000000
Iteration:   369   Dual objective     =           150.666667

Dual crossover.
  Dual:  Fixing 221 variables.
      220 DMoves:  Infeasibility  4.04676606e-14  Objective  1.50667913e+02
        0 DMoves:  Infeasibility  2.78666293e-14  Objective  1.50667913e+02
  Dual:  Pushed 12, exchanged 209.
  Primal:  Fixing 45 variables.
       44 PMoves:  Infeasibility  5.55111512e-17  Objective  1.50667913e+02
        0 PMoves:  Infeasibility  5.55111512e-17  Objective  1.50667913e+02
  Primal:  Pushed 13, exchanged 32.

Dual simplex solved model.


Solution status from MIP model:
-- Processing time: 0.206 sec.
-- Memory used: 84.7314 MB
-- Best bound: inf
-- Obj value: 150.668
-- Gap: inf%
-- Total distance: 452.004
-- Total tardiness: 0
-- Largest tardiness: 0
