--- BRKGA-MP-IPR for HHCRSP ---
Instance: new-instances/HHCRSP_100_20_90_1.0_C_C.txt
Seed: 1

Reading data... Problem contains 100 patients  and 20 caregivers.

Summary of supply x demand for each service type:
Skill 0 has supply = 6 and demand = 28, ratio = 0.214286
Skill 1 has supply = 5 and demand = 15, ratio = 0.333333
Skill 2 has supply = 5 and demand = 17, ratio = 0.294118
Skill 3 has supply = 6 and demand = 22, ratio = 0.272727
Skill 4 has supply = 8 and demand = 29, ratio = 0.275862
Skill 5 has supply = 7 and demand = 19, ratio = 0.368421

Reading parameters...
Inferred distance function by PR type: kendall-tau
Building BRKGA data and initializing...
Evolving 448 generations...

  Gens  Rem    Local   ElDiv NoImpr             Best solution            Time  Op
                                       Cost     Dist    Tard    TMax 
*    0  448  2884.33  344.01      0  2884.33  1780.00  6460.0   413.0     0.0    
*    2  446  2798.67  284.60      0  2798.67  1866.00  5244.0   406.0     0.0    
*    3  445  2505.33  248.88      0  2505.33  1866.00  5244.0   406.0     0.0    
*    5  443  2305.33  194.72      0  2305.33  1898.00  4248.0   406.0     0.0    
*    6  442  2184.00  188.05      0  2184.00  1870.00  3462.0   314.0     0.0    
*    7  441  1882.00  187.87      0  1882.00  1847.00  3283.0   289.0     0.0    
*    8  440  1806.33  193.06      0  1806.33  1860.00  2794.0   234.0     0.0    
*    9  439  1629.33  185.38      0  1629.33  1774.00  2353.0   312.0     0.0    
*   10  438  1479.67  184.32      0  1479.67  1837.00  2035.0   228.0     0.0    
*   11  437  1366.67  180.11      0  1366.67  1873.00  1451.0   170.0     0.0    
*   12  436  1164.67  139.32      0  1164.67  1873.00  1451.0   170.0     0.0    
*   14  434  1103.67  124.79      0  1103.67  1758.00   974.0   173.0     0.0    
*   15  433   968.33  105.91      0   968.33  1761.00   855.0   111.0     0.0    
*   16  432   909.00  101.66      0   909.00  1786.00   532.0    98.0     0.0    
*   17  431   805.33   85.50      0   805.33  1786.00   532.0    98.0     0.0    

  Gens  Rem    Local   ElDiv NoImpr             Best solution            Time  Op
                                       Cost     Dist    Tard    TMax 
*   19  429   754.33   65.61      0   754.33  1767.00   362.0   134.0     0.0    
*   21  427   613.00   67.70      0   613.00  1677.00   117.0    45.0     0.0    
*   28  420   581.00   27.11      0   581.00  1643.00    64.0    28.0     0.1    
*   29  419   578.33   24.76      0   578.33  1643.00    64.0    28.0     0.1    
*   31  417   559.33   25.42      0   559.33  1595.00    12.0     9.0     0.1    
*   32  416   538.67   23.74      0   538.67  1595.00    12.0     9.0     0.1    
*   34  414   514.67   21.51      0   514.67  1500.00    22.0    22.0     0.1    
*   40  408   513.00   13.22      0   513.00  1529.00     6.0     4.0     0.1    
*   43  405   509.67   11.12      0   509.67  1529.00     0.0     0.0     0.1    
*   45  403   491.33   11.36      0   491.33  1440.00    17.0    17.0     0.1    
    50  398   491.33    9.33      5   491.33  1440.00    17.0    17.0     0.1    
*   51  397   491.00    8.49      0   491.00  1473.00     0.0     0.0     0.1    
*   55  393   487.67    7.93      0   487.67  1461.00     1.0     1.0     0.1    
*   60  388   479.00    7.26      0   479.00  1421.00     8.0     8.0     0.1    
*   65  383   478.00    7.09      0   478.00  1434.00     0.0     0.0     0.1    
*   68  380   464.00    7.73      0   464.00  1389.00     2.0     1.0     0.1    

  Gens  Rem    Local   ElDiv NoImpr             Best solution            Time  Op
                                       Cost     Dist    Tard    TMax 
*   77  371   462.67    7.54      0   462.67  1349.00    30.0     9.0     0.2    
*   80  368   454.33    6.98      0   454.33  1351.00     6.0     6.0     0.2    
*   83  365   449.00    6.57      0   449.00  1344.00     0.0     0.0     0.2    
*   84  364   448.00    6.33      0   448.00  1344.00     0.0     0.0     0.2    
*   87  361   443.67    5.36      0   443.67  1331.00     0.0     0.0     0.2    
*   91  357   441.67    4.43      0   441.67  1306.00     0.0     0.0     0.2    
*   92  356   435.33    4.10      0   435.33  1306.00     0.0     0.0     0.2    
Path relinking result: too homogeneous.
    96  352   435.33    3.78      5   435.33  1306.00     0.0     0.0     0.2   P
*   99  349   430.67    3.09      0   430.67  1292.00     0.0     0.0     0.2    
   100  348   430.67    3.15      1   430.67  1292.00     0.0     0.0     0.2    
*  103  345   429.00    2.76      0   429.00  1281.00     3.0     3.0     0.2    
*  107  341   426.67    2.66      0   426.67  1280.00     0.0     0.0     0.2    
*  110  338   426.33    2.34      0   426.33  1279.00     0.0     0.0     0.2    
*  113  335   423.33    1.94      0   423.33  1270.00     0.0     0.0     0.2    
*  115  333   423.00    2.12      0   423.00  1269.00     0.0     0.0     0.2    
*  117  331   420.00    2.32      0   420.00  1260.00     0.0     0.0     0.3    

  Gens  Rem    Local   ElDiv NoImpr             Best solution            Time  Op
                                       Cost     Dist    Tard    TMax 
*  121  327   419.00    1.29      0   419.00  1256.00     0.0     0.0     0.3    
*  122  326   418.67    1.07      0   418.67  1254.00     0.0     0.0     0.3    
*  123  325   418.00    0.79      0   418.00  1254.00     0.0     0.0     0.3    
*  125  323   417.67    0.70      0   417.67  1251.00     0.0     0.0     0.3    
*  126  322   417.00    0.55      0   417.00  1251.00     0.0     0.0     0.3    
*  128  320   416.67    0.45      0   416.67  1249.00     0.0     0.0     0.3    
*  129  319   416.33    0.33      0   416.33  1249.00     0.0     0.0     0.3    
*  134  314   415.67    0.12      0   415.67  1247.00     0.0     0.0     0.3    
*  138  310   414.67    0.23      0   414.67  1244.00     0.0     0.0     0.3    
*  142  306   414.33    0.45      0   414.33  1243.00     0.0     0.0     0.3    
*  145  303   414.00    0.08      0   414.00  1242.00     0.0     0.0     0.3    
*  147  301   413.67    0.24      0   413.67  1241.00     0.0     0.0     0.3    
   150  298   413.67    0.00      3   413.67  1241.00     0.0     0.0     0.3    
*  176  272   413.00    0.08      0   413.00  1239.00     0.0     0.0     0.4    
*  188  260   412.33    0.08      0   412.33  1237.00     0.0     0.0     0.4    
*  190  258   412.00    0.19      0   412.00  1236.00     0.0     0.0     0.4    
Path relinking result: too homogeneous.

  Gens  Rem    Local   ElDiv NoImpr             Best solution            Time  Op
                                       Cost     Dist    Tard    TMax 
   192  256   412.00    0.36      3   412.00  1236.00     0.0     0.0     0.4   P
*  197  251   411.67    0.04      0   411.67  1235.00     0.0     0.0     0.4    
*  199  249   411.00    0.22      0   411.00  1233.00     0.0     0.0     0.4    
   200  248   411.00    0.23      1   411.00  1233.00     0.0     0.0     0.4    
*  202  246   410.67    0.41      0   410.67  1232.00     0.0     0.0     0.4    
*  242  206   410.00    0.14      0   410.00  1230.00     0.0     0.0     0.5    
   250  198   410.00    0.00      8   410.00  1230.00     0.0     0.0     0.5    
Path relinking result: too homogeneous.
   288  160   410.00    0.00     47   410.00  1230.00     0.0     0.0     0.6   P
   300  148   410.00    0.00     58   410.00  1230.00     0.0     0.0     0.6    
*  307  141   408.33    0.29      0   408.33  1225.00     0.0     0.0     0.7    
   350   98   408.33    0.00     43   408.33  1225.00     0.0     0.0     0.7    
   374   74      inf  352.34      0   408.33  1225.00     0.0     0.0     0.8   R
   375   73  3404.67  270.35      0   408.33  1225.00     0.0     0.0     0.8    
Path relinking result: too homogeneous.
   384   64  1558.00  185.58      0   408.33  1225.00     0.0     0.0     0.8   P
   400   48   637.00   44.14      2   408.33  1225.00     0.0     0.0     0.8    
   448    0   478.33    5.32      2   408.33  1225.00     0.0     0.0     0.9    
Evolutionary process finished.
Solution written to 'solution-47966.txt'.

Sorted sequence of worst to best tardiness value:
Task for patient = 71 with skills = {3,-1} and cost = 228.3
   Vehicle #0 = 15, leaving at = 843.0
   Vehicle #1 = -1, leaving at = inf
   Increment on distance indicator: 3.0
   Increment on tard indicator:     8.0
   Value of tmax indicator:         3.0

Task for patient = 51 with skills = {2,-1} and cost = 243.3
   Vehicle #0 = 6, leaving at = 878.0
   Vehicle #1 = -1, leaving at = inf
   Increment on distance indicator: 21.0
   Increment on tard indicator:     1.0
   Value of tmax indicator:         21.0

Task for patient = 78 with skills = {0,-1} and cost = 275.0
   Vehicle #0 = 6, leaving at = 919.0
   Vehicle #1 = -1, leaving at = inf
   Increment on distance indicator: 5.0
   Increment on tard indicator:     0.0
   Value of tmax indicator:         5.0

Task for patient = 98 with skills = {2,-1} and cost = 273.3
   Vehicle #0 = 5, leaving at = 917.0
   Vehicle #1 = -1, leaving at = inf
   Increment on distance indicator: 11.0
   Increment on tard indicator:     0.0
   Value of tmax indicator:         11.0

Task for patient = 13 with skills = {1,-1} and cost = 269.7
   Vehicle #0 = 2, leaving at = 936.0
   Vehicle #1 = -1, leaving at = inf
   Increment on distance indicator: 11.0
   Increment on tard indicator:     0.0
   Value of tmax indicator:         11.0

Task for patient = 54 with skills = {1,-1} and cost = 266.0
   Vehicle #0 = 0, leaving at = 861.0
   Vehicle #1 = -1, leaving at = inf
   Increment on distance indicator: 2.0
   Increment on tard indicator:     0.0
   Value of tmax indicator:         2.0

Task for patient = 79 with skills = {3,-1} and cost = 265.3
   Vehicle #0 = 17, leaving at = 718.0
   Vehicle #1 = -1, leaving at = inf
   Increment on distance indicator: 12.0
   Increment on tard indicator:     0.0
   Value of tmax indicator:         12.0

Task for patient = 44 with skills = {0,-1} and cost = 261.3
   Vehicle #0 = 8, leaving at = 832.0
   Vehicle #1 = -1, leaving at = inf
   Increment on distance indicator: 7.0
   Increment on tard indicator:     0.0
   Value of tmax indicator:         7.0

Task for patient = 56 with skills = {4,-1} and cost = 259.0
   Vehicle #0 = 13, leaving at = 992.0
   Vehicle #1 = -1, leaving at = inf
   Increment on distance indicator: 5.0
   Increment on tard indicator:     0.0
   Value of tmax indicator:         5.0

Task for patient = 4 with skills = {5,-1} and cost = 257.3
   Vehicle #0 = 13, leaving at = 930.0
   Vehicle #1 = -1, leaving at = inf
   Increment on distance indicator: 5.0
   Increment on tard indicator:     0.0
   Value of tmax indicator:         5.0

Task for patient = 12 with skills = {0,4} and cost = 255.7
   Vehicle #0 = 7, leaving at = 969.0
   Vehicle #1 = 10, leaving at = 964.0
   Increment on distance indicator: 16.0
   Increment on tard indicator:     0.0
   Value of tmax indicator:         16.0

Task for patient = 49 with skills = {1,-1} and cost = 250.3
   Vehicle #0 = 4, leaving at = 897.0
   Vehicle #1 = -1, leaving at = inf
   Increment on distance indicator: 4.0
   Increment on tard indicator:     0.0
   Value of tmax indicator:         4.0

Task for patient = 95 with skills = {5,-1} and cost = 249.0
   Vehicle #0 = 15, leaving at = 880.0
   Vehicle #1 = -1, leaving at = inf
   Increment on distance indicator: 5.0
   Increment on tard indicator:     0.0
   Value of tmax indicator:         5.0

Task for patient = 97 with skills = {1,-1} and cost = 371.0
   Vehicle #0 = 0, leaving at = 994.0
   Vehicle #1 = -1, leaving at = inf
   Increment on distance indicator: 10.0
   Increment on tard indicator:     0.0
   Value of tmax indicator:         10.0

Task for patient = 24 with skills = {4,-1} and cost = 244.7
   Vehicle #0 = 13, leaving at = 846.0
   Vehicle #1 = -1, leaving at = inf
   Increment on distance indicator: 4.0
   Increment on tard indicator:     0.0
   Value of tmax indicator:         4.0

Task for patient = 47 with skills = {5,-1} and cost = 236.0
   Vehicle #0 = 10, leaving at = 805.0
   Vehicle #1 = -1, leaving at = inf
   Increment on distance indicator: 6.0
   Increment on tard indicator:     0.0
   Value of tmax indicator:         6.0

Task for patient = 15 with skills = {2,-1} and cost = 234.0
   Vehicle #0 = 6, leaving at = 834.0
   Vehicle #1 = -1, leaving at = inf
   Increment on distance indicator: 9.0
   Increment on tard indicator:     0.0
   Value of tmax indicator:         9.0

Task for patient = 30 with skills = {3,-1} and cost = 231.0
   Vehicle #0 = 18, leaving at = 857.0
   Vehicle #1 = -1, leaving at = inf
   Increment on distance indicator: 8.0
   Increment on tard indicator:     0.0
   Value of tmax indicator:         8.0

Task for patient = 18 with skills = {0,-1} and cost = 222.0
   Vehicle #0 = 9, leaving at = 941.0
   Vehicle #1 = -1, leaving at = inf
   Increment on distance indicator: 3.0
   Increment on tard indicator:     0.0
   Value of tmax indicator:         3.0

Task for patient = 93 with skills = {4,-1} and cost = 221.0
   Vehicle #0 = 12, leaving at = 792.0
   Vehicle #1 = -1, leaving at = inf
   Increment on distance indicator: 5.0
   Increment on tard indicator:     0.0
   Value of tmax indicator:         5.0

Task for patient = 50 with skills = {4,-1} and cost = 219.3
   Vehicle #0 = 18, leaving at = 811.0
   Vehicle #1 = -1, leaving at = inf
   Increment on distance indicator: 3.0
   Increment on tard indicator:     0.0
   Value of tmax indicator:         3.0

Task for patient = 62 with skills = {1,-1} and cost = 218.3
   Vehicle #0 = 7, leaving at = 905.0
   Vehicle #1 = -1, leaving at = inf
   Increment on distance indicator: 9.0
   Increment on tard indicator:     0.0
   Value of tmax indicator:         9.0

Task for patient = 80 with skills = {2,-1} and cost = 215.3
   Vehicle #0 = 1, leaving at = 981.0
   Vehicle #1 = -1, leaving at = inf
   Increment on distance indicator: 15.0
   Increment on tard indicator:     0.0
   Value of tmax indicator:         15.0

Task for patient = 88 with skills = {1,-1} and cost = 210.3
   Vehicle #0 = 7, leaving at = 817.0
   Vehicle #1 = -1, leaving at = inf
   Increment on distance indicator: 10.0
   Increment on tard indicator:     0.0
   Value of tmax indicator:         10.0

Task for patient = 63 with skills = {1,-1} and cost = 247.3
   Vehicle #0 = 8, leaving at = 796.0
   Vehicle #1 = -1, leaving at = inf
   Increment on distance indicator: 8.0
   Increment on tard indicator:     0.0
   Value of tmax indicator:         8.0

Task for patient = 11 with skills = {1,4} and cost = 367.7
   Vehicle #0 = 7, leaving at = 998.0
   Vehicle #1 = 13, leaving at = 1044.0
   Increment on distance indicator: 15.0
   Increment on tard indicator:     0.0
   Value of tmax indicator:         15.0

Task for patient = 19 with skills = {2,4} and cost = 362.7
   Vehicle #0 = 5, leaving at = 996.0
   Vehicle #1 = 10, leaving at = 1023.0
   Increment on distance indicator: 16.0
   Increment on tard indicator:     0.0
   Value of tmax indicator:         16.0

Task for patient = 3 with skills = {3,-1} and cost = 357.3
   Vehicle #0 = 14, leaving at = 937.0
   Vehicle #1 = -1, leaving at = inf
   Increment on distance indicator: 13.0
   Increment on tard indicator:     0.0
   Value of tmax indicator:         13.0

Task for patient = 33 with skills = {3,-1} and cost = 353.0
   Vehicle #0 = 17, leaving at = 974.0
   Vehicle #1 = -1, leaving at = inf
   Increment on distance indicator: 7.0
   Increment on tard indicator:     0.0
   Value of tmax indicator:         7.0

Task for patient = 52 with skills = {0,4} and cost = 350.7
   Vehicle #0 = 0, leaving at = 962.0
   Vehicle #1 = 15, leaving at = 989.0
   Increment on distance indicator: 18.0
   Increment on tard indicator:     0.0
   Value of tmax indicator:         18.0

Task for patient = 37 with skills = {5,-1} and cost = 344.7
   Vehicle #0 = 12, leaving at = 899.0
   Vehicle #1 = -1, leaving at = inf
   Increment on distance indicator: 14.0
   Increment on tard indicator:     0.0
   Value of tmax indicator:         14.0

Task for patient = 17 with skills = {3,-1} and cost = 340.0
   Vehicle #0 = 17, leaving at = 909.0
   Vehicle #1 = -1, leaving at = inf
   Increment on distance indicator: 9.0
   Increment on tard indicator:     0.0
   Value of tmax indicator:         9.0

Task for patient = 7 with skills = {3,-1} and cost = 337.0
   Vehicle #0 = 14, leaving at = 882.0
   Vehicle #1 = -1, leaving at = inf
   Increment on distance indicator: 11.0
   Increment on tard indicator:     0.0
   Value of tmax indicator:         11.0

Task for patient = 84 with skills = {0,-1} and cost = 333.3
   Vehicle #0 = 4, leaving at = 1064.0
   Vehicle #1 = -1, leaving at = inf
   Increment on distance indicator: 7.0
   Increment on tard indicator:     0.0
   Value of tmax indicator:         7.0

Task for patient = 48 with skills = {1,4} and cost = 331.0
   Vehicle #0 = 2, leaving at = 1002.0
   Vehicle #1 = 16, leaving at = 1032.0
   Increment on distance indicator: 18.0
   Increment on tard indicator:     0.0
   Value of tmax indicator:         18.0

Task for patient = 99 with skills = {2,3} and cost = 325.0
   Vehicle #0 = 1, leaving at = 1051.0
   Vehicle #1 = 18, leaving at = 1034.0
   Increment on distance indicator: 18.0
   Increment on tard indicator:     0.0
   Value of tmax indicator:         18.0

Task for patient = 75 with skills = {0,5} and cost = 278.3
   Vehicle #0 = 4, leaving at = 950.0
   Vehicle #1 = 11, leaving at = 918.0
   Increment on distance indicator: 10.0
   Increment on tard indicator:     0.0
   Value of tmax indicator:         10.0

Task for patient = 6 with skills = {4,-1} and cost = 317.7
   Vehicle #0 = 19, leaving at = 999.0
   Vehicle #1 = -1, leaving at = inf
   Increment on distance indicator: 7.0
   Increment on tard indicator:     0.0
   Value of tmax indicator:         7.0

Task for patient = 58 with skills = {1,4} and cost = 315.3
   Vehicle #0 = 4, leaving at = 1021.0
   Vehicle #1 = 11, leaving at = 1059.0
   Increment on distance indicator: 12.0
   Increment on tard indicator:     0.0
   Value of tmax indicator:         12.0

Task for patient = 8 with skills = {0,3} and cost = 311.3
   Vehicle #0 = 4, leaving at = 994.0
   Vehicle #1 = 18, leaving at = 985.0
   Increment on distance indicator: 12.0
   Increment on tard indicator:     0.0
   Value of tmax indicator:         12.0

Task for patient = 2 with skills = {0,-1} and cost = 307.3
   Vehicle #0 = 8, leaving at = 962.0
   Vehicle #1 = -1, leaving at = inf
   Increment on distance indicator: 2.0
   Increment on tard indicator:     0.0
   Value of tmax indicator:         2.0

Task for patient = 60 with skills = {2,4} and cost = 306.7
   Vehicle #0 = 9, leaving at = 990.0
   Vehicle #1 = 11, leaving at = 981.0
   Increment on distance indicator: 13.0
   Increment on tard indicator:     0.0
   Value of tmax indicator:         13.0

Task for patient = 89 with skills = {3,-1} and cost = 302.3
   Vehicle #0 = 15, leaving at = 934.0
   Vehicle #1 = -1, leaving at = inf
   Increment on distance indicator: 3.0
   Increment on tard indicator:     0.0
   Value of tmax indicator:         3.0

Task for patient = 91 with skills = {0,5} and cost = 301.3
   Vehicle #0 = 8, leaving at = 920.0
   Vehicle #1 = 19, leaving at = 957.0
   Increment on distance indicator: 30.0
   Increment on tard indicator:     0.0
   Value of tmax indicator:         30.0

Task for patient = 5 with skills = {0,4} and cost = 291.3
   Vehicle #0 = 6, leaving at = 950.0
   Vehicle #1 = 16, leaving at = 949.0
   Increment on distance indicator: 14.0
   Increment on tard indicator:     0.0
   Value of tmax indicator:         14.0

Task for patient = 100 with skills = {0,-1} and cost = 286.7
   Vehicle #0 = 8, leaving at = 886.0
   Vehicle #1 = -1, leaving at = inf
   Increment on distance indicator: 3.0
   Increment on tard indicator:     0.0
   Value of tmax indicator:         3.0

Task for patient = 65 with skills = {4,-1} and cost = 285.7
   Vehicle #0 = 11, leaving at = 949.0
   Vehicle #1 = -1, leaving at = inf
   Increment on distance indicator: 3.0
   Increment on tard indicator:     0.0
   Value of tmax indicator:         3.0

Task for patient = 21 with skills = {3,-1} and cost = 284.7
   Vehicle #0 = 17, leaving at = 861.0
   Vehicle #1 = -1, leaving at = inf
   Increment on distance indicator: 11.0
   Increment on tard indicator:     0.0
   Value of tmax indicator:         11.0

Task for patient = 92 with skills = {0,5} and cost = 281.0
   Vehicle #0 = 0, leaving at = 927.0
   Vehicle #1 = 15, leaving at = 908.0
   Increment on distance indicator: 8.0
   Increment on tard indicator:     0.0
   Value of tmax indicator:         8.0

Task for patient = 86 with skills = {0,4} and cost = 319.0
   Vehicle #0 = 6, leaving at = 995.0
   Vehicle #1 = 16, leaving at = 997.0
   Increment on distance indicator: 4.0
   Increment on tard indicator:     0.0
   Value of tmax indicator:         4.0

Task for patient = 27 with skills = {5,-1} and cost = 117.7
   Vehicle #0 = 16, leaving at = 575.0
   Vehicle #1 = -1, leaving at = inf
   Increment on distance indicator: 7.0
   Increment on tard indicator:     0.0
   Value of tmax indicator:         7.0

Task for patient = 77 with skills = {2,3} and cost = 115.3
   Vehicle #0 = 3, leaving at = 628.0
   Vehicle #1 = 14, leaving at = 636.0
   Increment on distance indicator: 20.0
   Increment on tard indicator:     0.0
   Value of tmax indicator:         20.0

Task for patient = 61 with skills = {5,-1} and cost = 108.7
   Vehicle #0 = 15, leaving at = 655.0
   Vehicle #1 = -1, leaving at = inf
   Increment on distance indicator: 3.0
   Increment on tard indicator:     0.0
   Value of tmax indicator:         3.0

Task for patient = 16 with skills = {0,3} and cost = 107.7
   Vehicle #0 = 0, leaving at = 613.0
   Vehicle #1 = 15, leaving at = 631.0
   Increment on distance indicator: 8.0
   Increment on tard indicator:     0.0
   Value of tmax indicator:         8.0

Task for patient = 64 with skills = {1,-1} and cost = 105.0
   Vehicle #0 = 2, leaving at = 639.0
   Vehicle #1 = -1, leaving at = inf
   Increment on distance indicator: 7.0
   Increment on tard indicator:     0.0
   Value of tmax indicator:         7.0

Task for patient = 55 with skills = {1,-1} and cost = 102.7
   Vehicle #0 = 4, leaving at = 738.0
   Vehicle #1 = -1, leaving at = inf
   Increment on distance indicator: 11.0
   Increment on tard indicator:     0.0
   Value of tmax indicator:         11.0

Task for patient = 28 with skills = {2,3} and cost = 99.0
   Vehicle #0 = 3, leaving at = 583.0
   Vehicle #1 = 14, leaving at = 574.0
   Increment on distance indicator: 27.0
   Increment on tard indicator:     0.0
   Value of tmax indicator:         27.0

Task for patient = 59 with skills = {3,-1} and cost = 90.0
   Vehicle #0 = 19, leaving at = 638.0
   Vehicle #1 = -1, leaving at = inf
   Increment on distance indicator: 5.0
   Increment on tard indicator:     0.0
   Value of tmax indicator:         5.0

Task for patient = 40 with skills = {2,4} and cost = 88.3
   Vehicle #0 = 1, leaving at = 784.0
   Vehicle #1 = 11, leaving at = 791.0
   Increment on distance indicator: 18.0
   Increment on tard indicator:     0.0
   Value of tmax indicator:         18.0

Task for patient = 22 with skills = {0,4} and cost = 82.3
   Vehicle #0 = 4, leaving at = 675.0
   Vehicle #1 = 11, leaving at = 680.0
   Increment on distance indicator: 14.0
   Increment on tard indicator:     0.0
   Value of tmax indicator:         14.0

Task for patient = 1 with skills = {4,-1} and cost = 77.7
   Vehicle #0 = 13, leaving at = 682.0
   Vehicle #1 = -1, leaving at = inf
   Increment on distance indicator: 5.0
   Increment on tard indicator:     0.0
   Value of tmax indicator:         5.0

Task for patient = 69 with skills = {0,4} and cost = 207.0
   Vehicle #0 = 9, leaving at = 841.0
   Vehicle #1 = 11, leaving at = 874.0
   Increment on distance indicator: 17.0
   Increment on tard indicator:     0.0
   Value of tmax indicator:         17.0

Task for patient = 23 with skills = {5,-1} and cost = 68.0
   Vehicle #0 = 16, leaving at = 532.0
   Vehicle #1 = -1, leaving at = inf
   Increment on distance indicator: 14.0
   Increment on tard indicator:     0.0
   Value of tmax indicator:         14.0

Task for patient = 96 with skills = {3,-1} and cost = 63.3
   Vehicle #0 = 14, leaving at = 544.0
   Vehicle #1 = -1, leaving at = inf
   Increment on distance indicator: 14.0
   Increment on tard indicator:     0.0
   Value of tmax indicator:         14.0

Task for patient = 25 with skills = {0,-1} and cost = 58.7
   Vehicle #0 = 6, leaving at = 690.0
   Vehicle #1 = -1, leaving at = inf
   Increment on distance indicator: 3.0
   Increment on tard indicator:     0.0
   Value of tmax indicator:         3.0

Task for patient = 26 with skills = {0,-1} and cost = 57.7
   Vehicle #0 = 7, leaving at = 538.0
   Vehicle #1 = -1, leaving at = inf
   Increment on distance indicator: 21.0
   Increment on tard indicator:     0.0
   Value of tmax indicator:         21.0

Task for patient = 32 with skills = {5,-1} and cost = 50.7
   Vehicle #0 = 15, leaving at = 576.0
   Vehicle #1 = -1, leaving at = inf
   Increment on distance indicator: 30.0
   Increment on tard indicator:     0.0
   Value of tmax indicator:         30.0

Task for patient = 87 with skills = {4,-1} and cost = 40.7
   Vehicle #0 = 12, leaving at = 669.0
   Vehicle #1 = -1, leaving at = inf
   Increment on distance indicator: 6.0
   Increment on tard indicator:     0.0
   Value of tmax indicator:         6.0

Task for patient = 29 with skills = {0,3} and cost = 38.7
   Vehicle #0 = 6, leaving at = 643.0
   Vehicle #1 = 13, leaving at = 640.0
   Increment on distance indicator: 36.0
   Increment on tard indicator:     0.0
   Value of tmax indicator:         36.0

Task for patient = 35 with skills = {5,-1} and cost = 26.7
   Vehicle #0 = 13, leaving at = 529.0
   Vehicle #1 = -1, leaving at = inf
   Increment on distance indicator: 0.0
   Increment on tard indicator:     0.0
   Value of tmax indicator:         0.0

Task for patient = 39 with skills = {0,5} and cost = 26.7
   Vehicle #0 = 4, leaving at = 520.0
   Vehicle #1 = 12, leaving at = 585.0
   Increment on distance indicator: 22.0
   Increment on tard indicator:     0.0
   Value of tmax indicator:         22.0

Task for patient = 73 with skills = {4,-1} and cost = 19.3
   Vehicle #0 = 11, leaving at = 618.0
   Vehicle #1 = -1, leaving at = inf
   Increment on distance indicator: 12.0
   Increment on tard indicator:     0.0
   Value of tmax indicator:         12.0

Task for patient = 82 with skills = {4,-1} and cost = 15.3
   Vehicle #0 = 10, leaving at = 587.0
   Vehicle #1 = -1, leaving at = inf
   Increment on distance indicator: 17.0
   Increment on tard indicator:     0.0
   Value of tmax indicator:         17.0

Task for patient = 90 with skills = {0,-1} and cost = 9.7
   Vehicle #0 = 0, leaving at = 563.0
   Vehicle #1 = -1, leaving at = inf
   Increment on distance indicator: 29.0
   Increment on tard indicator:     0.0
   Value of tmax indicator:         29.0

Task for patient = 31 with skills = {0,5} and cost = 76.0
   Vehicle #0 = 8, leaving at = 514.0
   Vehicle #1 = 19, leaving at = 578.0
   Increment on distance indicator: 24.0
   Increment on tard indicator:     0.0
   Value of tmax indicator:         24.0

Task for patient = 10 with skills = {1,-1} and cost = 201.3
   Vehicle #0 = 4, leaving at = 858.0
   Vehicle #1 = -1, leaving at = inf
   Increment on distance indicator: 3.0
   Increment on tard indicator:     0.0
   Value of tmax indicator:         3.0

Task for patient = 43 with skills = {2,3} and cost = 200.3
   Vehicle #0 = 6, leaving at = 771.0
   Vehicle #1 = 13, leaving at = 751.0
   Increment on distance indicator: 5.0
   Increment on tard indicator:     0.0
   Value of tmax indicator:         5.0

Task for patient = 67 with skills = {5,-1} and cost = 198.7
   Vehicle #0 = 15, leaving at = 809.0
   Vehicle #1 = -1, leaving at = inf
   Increment on distance indicator: 3.0
   Increment on tard indicator:     0.0
   Value of tmax indicator:         3.0

Task for patient = 42 with skills = {3,-1} and cost = 197.7
   Vehicle #0 = 18, leaving at = 774.0
   Vehicle #1 = -1, leaving at = inf
   Increment on distance indicator: 10.0
   Increment on tard indicator:     0.0
   Value of tmax indicator:         10.0

Task for patient = 74 with skills = {1,-1} and cost = 194.3
   Vehicle #0 = 7, leaving at = 761.0
   Vehicle #1 = -1, leaving at = inf
   Increment on distance indicator: 10.0
   Increment on tard indicator:     0.0
   Value of tmax indicator:         10.0

Task for patient = 66 with skills = {2,-1} and cost = 191.0
   Vehicle #0 = 9, leaving at = 700.0
   Vehicle #1 = -1, leaving at = inf
   Increment on distance indicator: 8.0
   Increment on tard indicator:     0.0
   Value of tmax indicator:         8.0

Task for patient = 81 with skills = {0,5} and cost = 188.3
   Vehicle #0 = 0, leaving at = 712.0
   Vehicle #1 = 15, leaving at = 728.0
   Increment on distance indicator: 6.0
   Increment on tard indicator:     0.0
   Value of tmax indicator:         6.0

Task for patient = 76 with skills = {4,-1} and cost = 186.3
   Vehicle #0 = 19, leaving at = 743.0
   Vehicle #1 = -1, leaving at = inf
   Increment on distance indicator: 5.0
   Increment on tard indicator:     0.0
   Value of tmax indicator:         5.0

Task for patient = 9 with skills = {4,-1} and cost = 184.7
   Vehicle #0 = 18, leaving at = 673.0
   Vehicle #1 = -1, leaving at = inf
   Increment on distance indicator: 15.0
   Increment on tard indicator:     0.0
   Value of tmax indicator:         15.0

Task for patient = 72 with skills = {2,4} and cost = 179.7
   Vehicle #0 = 5, leaving at = 867.0
   Vehicle #1 = 16, leaving at = 867.0
   Increment on distance indicator: 13.0
   Increment on tard indicator:     0.0
   Value of tmax indicator:         13.0

Task for patient = 14 with skills = {0,4} and cost = 175.3
   Vehicle #0 = 4, leaving at = 799.0
   Vehicle #1 = 16, leaving at = 809.0
   Increment on distance indicator: 14.0
   Increment on tard indicator:     0.0
   Value of tmax indicator:         14.0

Task for patient = 68 with skills = {4,-1} and cost = 120.3
   Vehicle #0 = 18, leaving at = 628.0
   Vehicle #1 = -1, leaving at = inf
   Increment on distance indicator: 8.0
   Increment on tard indicator:     0.0
   Value of tmax indicator:         8.0

Task for patient = 36 with skills = {3,-1} and cost = 162.7
   Vehicle #0 = 14, leaving at = 741.0
   Vehicle #1 = -1, leaving at = inf
   Increment on distance indicator: 6.0
   Increment on tard indicator:     0.0
   Value of tmax indicator:         6.0

Task for patient = 57 with skills = {4,-1} and cost = 160.7
   Vehicle #0 = 11, leaving at = 815.0
   Vehicle #1 = -1, leaving at = inf
   Increment on distance indicator: 3.0
   Increment on tard indicator:     0.0
   Value of tmax indicator:         3.0

Task for patient = 20 with skills = {2,3} and cost = 159.7
   Vehicle #0 = 5, leaving at = 684.0
   Vehicle #1 = 14, leaving at = 699.0
   Increment on distance indicator: 21.0
   Increment on tard indicator:     0.0
   Value of tmax indicator:         21.0

Task for patient = 34 with skills = {5,-1} and cost = 152.7
   Vehicle #0 = 13, leaving at = 729.0
   Vehicle #1 = -1, leaving at = inf
   Increment on distance indicator: 1.0
   Increment on tard indicator:     0.0
   Value of tmax indicator:         1.0

Task for patient = 46 with skills = {1,-1} and cost = 152.3
   Vehicle #0 = 8, leaving at = 670.0
   Vehicle #1 = -1, leaving at = inf
   Increment on distance indicator: 13.0
   Increment on tard indicator:     0.0
   Value of tmax indicator:         13.0

Task for patient = 83 with skills = {2,-1} and cost = 148.0
   Vehicle #0 = 5, leaving at = 593.0
   Vehicle #1 = -1, leaving at = inf
   Increment on distance indicator: 8.0
   Increment on tard indicator:     0.0
   Value of tmax indicator:         8.0

Task for patient = 38 with skills = {0,-1} and cost = 145.3
   Vehicle #0 = 8, leaving at = 609.0
   Vehicle #1 = -1, leaving at = inf
   Increment on distance indicator: 6.0
   Increment on tard indicator:     0.0
   Value of tmax indicator:         6.0

Task for patient = 53 with skills = {2,5} and cost = 143.3
   Vehicle #0 = 3, leaving at = 719.0
   Vehicle #1 = 15, leaving at = 709.0
   Increment on distance indicator: 32.0
   Increment on tard indicator:     0.0
   Value of tmax indicator:         32.0

Task for patient = 41 with skills = {3,-1} and cost = 132.7
   Vehicle #0 = 19, leaving at = 706.0
   Vehicle #1 = -1, leaving at = inf
   Increment on distance indicator: 16.0
   Increment on tard indicator:     0.0
   Value of tmax indicator:         16.0

Task for patient = 70 with skills = {4,-1} and cost = 127.3
   Vehicle #0 = 10, leaving at = 626.0
   Vehicle #1 = -1, leaving at = inf
   Increment on distance indicator: 10.0
   Increment on tard indicator:     0.0
   Value of tmax indicator:         10.0

Task for patient = 85 with skills = {0,-1} and cost = 124.0
   Vehicle #0 = 4, leaving at = 768.0
   Vehicle #1 = -1, leaving at = inf
   Increment on distance indicator: 6.0
   Increment on tard indicator:     0.0
   Value of tmax indicator:         6.0

Task for patient = 94 with skills = {2,-1} and cost = 122.0
   Vehicle #0 = 6, leaving at = 732.0
   Vehicle #1 = -1, leaving at = inf
   Increment on distance indicator: 5.0
   Increment on tard indicator:     0.0
   Value of tmax indicator:         5.0

Task for patient = 45 with skills = {0,5} and cost = 170.7
   Vehicle #0 = 8, leaving at = 728.0
   Vehicle #1 = 12, leaving at = 744.0
   Increment on distance indicator: 24.0
   Increment on tard indicator:     0.0
   Value of tmax indicator:         24.0


Unused vehicle list: (total = 0 out of 20)

---
Search finished.
Total of 448 generations in 0.9 seconds.
Exchange elite runs: 0
Implicit path relinking runs: 4
Reset attempts: 1

Best solution found:
   Cost: 408.3
   Total travel time: 1225.0
   Total tardiness time: 0.0
   Largest tardiness: 0.0


408.3
