--- BRKGA-MP-IPR for HHCRSP ---
Instance: new-instances/HHCRSP_100_20_90_0.4_R_RC.txt
Seed: 1

Reading data... Problem contains 100 patients  and 20 caregivers.

Summary of supply x demand for each service type:
Skill 0 has supply = 6 and demand = 21, ratio = 0.285714
Skill 1 has supply = 5 and demand = 24, ratio = 0.208333
Skill 2 has supply = 5 and demand = 18, ratio = 0.277778
Skill 3 has supply = 6 and demand = 16, ratio = 0.375
Skill 4 has supply = 8 and demand = 30, ratio = 0.266667
Skill 5 has supply = 7 and demand = 21, ratio = 0.333333

Reading parameters...
Inferred distance function by PR type: kendall-tau
Building BRKGA data and initializing...
Evolving 448 generations...

  Gens  Rem    Local   ElDiv NoImpr             Best solution            Time  Op
                                       Cost     Dist    Tard    TMax 
*    0  448  3457.00  331.85      0  3457.00  2487.00  7425.0   459.0     0.0    
*    2  446  3402.33  208.78      0  3402.33  2433.00  7344.0   430.0     0.0    
*    4  444  3160.33  298.82      0  3160.33  2294.00  5120.0   434.0     0.0    
*    5  443  2616.00  310.93      0  2616.00  2465.00  4430.0   408.0     0.0    
*    6  442  2434.33  267.40      0  2434.33  2410.00  4276.0   401.0     0.0    
*    7  441  2362.33  229.30      0  2362.33  2410.00  4276.0   401.0     0.0    
*    9  439  2063.67  199.73      0  2063.67  2322.00  3570.0   299.0     0.0    
*   11  437  1994.67  164.77      0  1994.67  2307.00  2879.0   397.0     0.0    
*   12  436  1861.00  187.95      0  1861.00  2391.00  1983.0   205.0     0.0    
*   13  435  1526.33  173.98      0  1526.33  2391.00  1983.0   205.0     0.0    
*   15  433  1403.33  142.59      0  1403.33  2180.00  1775.0   255.0     0.0    
*   17  431  1384.33  132.26      0  1384.33  2298.00  1202.0   210.0     0.0    
*   18  430  1236.67  131.81      0  1236.67  2258.00  1024.0   199.0     0.0    
*   19  429  1160.33  112.77      0  1160.33  2258.00  1024.0   199.0     0.0    
*   22  426  1138.67   70.67      0  1138.67  2316.00   927.0   173.0     0.1    

  Gens  Rem    Local   ElDiv NoImpr             Best solution            Time  Op
                                       Cost     Dist    Tard    TMax 
*   24  424  1002.00   73.59      0  1002.00  2294.00   429.0   138.0     0.1    
*   25  423   953.67   69.91      0   953.67  2347.00   268.0    64.0     0.1    
*   26  422   893.00   67.58      0   893.00  2284.00   276.0    85.0     0.1    
*   27  421   881.67   60.99      0   881.67  2284.00   276.0    85.0     0.1    
*   29  419   777.00   56.47      0   777.00  2139.00   115.0    77.0     0.1    
*   34  414   762.33   49.86      0   762.33  2161.00    59.0    38.0     0.1    
*   35  413   752.67   46.65      0   752.67  2161.00    59.0    38.0     0.1    
*   41  407   725.00   24.45      0   725.00  2059.00    87.0    29.0     0.1    
*   44  404   705.00   21.65      0   705.00  2111.00     2.0     2.0     0.1    
    50  398   705.00   16.23      6   705.00  2111.00     2.0     2.0     0.1    
*   54  394   699.33   11.91      0   699.33  2044.00    29.0    25.0     0.1    
*   56  392   696.00   10.52      0   696.00  2059.00    23.0     6.0     0.1    
*   58  390   687.00   10.32      0   687.00  1978.00    58.0    25.0     0.1    
*   62  386   667.67   10.86      0   667.67  1985.00    13.0     5.0     0.1    
*   69  379   663.00    9.85      0   663.00  1974.00    10.0     5.0     0.2    
*   72  376   662.33    9.65      0   662.33  1955.00    24.0     8.0     0.2    

  Gens  Rem    Local   ElDiv NoImpr             Best solution            Time  Op
                                       Cost     Dist    Tard    TMax 
*   74  374   650.67   10.16      0   650.67  1926.00    19.0     7.0     0.2    
*   90  358   643.00    6.45      0   643.00  1929.00     0.0     0.0     0.2    
*   93  355   636.67    6.45      0   636.67  1871.00    31.0     8.0     0.2    
Path relinking result: too homogeneous.
    96  352   636.67    5.00      4   636.67  1871.00    31.0     8.0     0.2   P
*   99  349   634.67    5.15      0   634.67  1899.00     3.0     2.0     0.2    
   100  348   634.67    5.02      1   634.67  1899.00     3.0     2.0     0.2    
*  102  346   629.67    5.16      0   629.67  1889.00     0.0     0.0     0.2    
*  104  344   620.00    5.48      0   620.00  1860.00     0.0     0.0     0.2    
*  107  341   618.67    6.50      0   618.67  1836.00    13.0     7.0     0.2    
*  111  337   617.00    6.37      0   617.00  1846.00     3.0     2.0     0.3    
*  123  325   616.00    4.40      0   616.00  1831.00    10.0     7.0     0.3    
*  127  321   612.33    3.95      0   612.33  1818.00    12.0     7.0     0.3    
*  130  318   610.67    3.50      0   610.67  1821.00     8.0     3.0     0.3    
*  138  310   610.33    2.88      0   610.33  1822.00     6.0     3.0     0.3    
*  148  300   609.67    2.10      0   609.67  1807.00    16.0     6.0     0.3    
   150  298   609.67    2.03      2   609.67  1807.00    16.0     6.0     0.3    

  Gens  Rem    Local   ElDiv NoImpr             Best solution            Time  Op
                                       Cost     Dist    Tard    TMax 
*  155  293   604.67    1.68      0   604.67  1797.00    11.0     6.0     0.3    
*  167  281   602.33    1.86      0   602.33  1786.00    14.0     7.0     0.4    
*  175  273   601.67    1.43      0   601.67  1787.00    11.0     6.0     0.4    
*  176  272   601.33    1.04      0   601.33  1787.00    11.0     6.0     0.4    
*  180  268   600.67    0.22      0   600.67  1785.00    11.0     6.0     0.4    
*  182  266   599.67    0.32      0   599.67  1782.00    11.0     6.0     0.4    
*  189  259   599.33    0.10      0   599.33  1781.00    11.0     6.0     0.4    
Path relinking result: too homogeneous.
   192  256   599.33    0.13      4   599.33  1781.00    11.0     6.0     0.4   P
   200  248   599.33    0.00     11   599.33  1781.00    11.0     6.0     0.4    
   250  198   599.33    0.00     61   599.33  1781.00    11.0     6.0     0.5    
   256  192      inf  387.16      0   599.33  1781.00    11.0     6.0     0.6   R
   257  191  3860.67  326.70      0   599.33  1781.00    11.0     6.0     0.6    
Path relinking result: too homogeneous.
   288  160   833.67   45.45      0   599.33  1781.00    11.0     6.0     0.6   P
   300  148   749.00   23.33      1   599.33  1781.00    11.0     6.0     0.7    
   350   98   665.67    7.23      6   599.33  1781.00    11.0     6.0     0.8    
Path relinking result: too homogeneous.
   384   64   641.33    5.35      2   599.33  1781.00    11.0     6.0     0.8   P

  Gens  Rem    Local   ElDiv NoImpr             Best solution            Time  Op
                                       Cost     Dist    Tard    TMax 
   400   48   630.00    4.97      0   599.33  1781.00    11.0     6.0     0.9    
   448    0   603.00    4.81      5   599.33  1781.00    11.0     6.0     1.0    
Evolutionary process finished.
Solution written to 'solution-47892.txt'.

Sorted sequence of worst to best tardiness value:
Task for patient = 82 with skills = {2,-1} and cost = 365.7
   Vehicle #0 = 5, leaving at = 860.0
   Vehicle #1 = -1, leaving at = inf
   Increment on distance indicator: 6.0
   Increment on tard indicator:     0.0
   Value of tmax indicator:         6.0

Task for patient = 18 with skills = {5,-1} and cost = 363.7
   Vehicle #0 = 15, leaving at = 966.0
   Vehicle #1 = -1, leaving at = inf
   Increment on distance indicator: 14.0
   Increment on tard indicator:     0.0
   Value of tmax indicator:         14.0

Task for patient = 75 with skills = {3,-1} and cost = 359.0
   Vehicle #0 = 19, leaving at = 877.0
   Vehicle #1 = -1, leaving at = inf
   Increment on distance indicator: 4.0
   Increment on tard indicator:     0.0
   Value of tmax indicator:         4.0

Task for patient = 65 with skills = {1,-1} and cost = 357.7
   Vehicle #0 = 0, leaving at = 950.0
   Vehicle #1 = -1, leaving at = inf
   Increment on distance indicator: 9.0
   Increment on tard indicator:     0.0
   Value of tmax indicator:         9.0

Task for patient = 91 with skills = {1,4} and cost = 354.7
   Vehicle #0 = 0, leaving at = 877.0
   Vehicle #1 = 15, leaving at = 924.0
   Increment on distance indicator: 20.0
   Increment on tard indicator:     0.0
   Value of tmax indicator:         20.0

Task for patient = 79 with skills = {1,5} and cost = 348.0
   Vehicle #0 = 4, leaving at = 978.0
   Vehicle #1 = 16, leaving at = 1013.0
   Increment on distance indicator: 8.0
   Increment on tard indicator:     0.0
   Value of tmax indicator:         8.0

Task for patient = 93 with skills = {0,4} and cost = 345.3
   Vehicle #0 = 4, leaving at = 953.0
   Vehicle #1 = 16, leaving at = 973.0
   Increment on distance indicator: 20.0
   Increment on tard indicator:     0.0
   Value of tmax indicator:         20.0

Task for patient = 49 with skills = {4,-1} and cost = 338.7
   Vehicle #0 = 12, leaving at = 869.0
   Vehicle #1 = -1, leaving at = inf
   Increment on distance indicator: 7.0
   Increment on tard indicator:     0.0
   Value of tmax indicator:         7.0

Task for patient = 61 with skills = {3,-1} and cost = 336.3
   Vehicle #0 = 14, leaving at = 867.0
   Vehicle #1 = -1, leaving at = inf
   Increment on distance indicator: 6.0
   Increment on tard indicator:     0.0
   Value of tmax indicator:         6.0

Task for patient = 94 with skills = {3,-1} and cost = 334.3
   Vehicle #0 = 18, leaving at = 823.0
   Vehicle #1 = -1, leaving at = inf
   Increment on distance indicator: 2.0
   Increment on tard indicator:     0.0
   Value of tmax indicator:         2.0

Task for patient = 9 with skills = {0,-1} and cost = 333.7
   Vehicle #0 = 0, leaving at = 849.0
   Vehicle #1 = -1, leaving at = inf
   Increment on distance indicator: 3.0
   Increment on tard indicator:     0.0
   Value of tmax indicator:         3.0

Task for patient = 35 with skills = {1,-1} and cost = 469.7
   Vehicle #0 = 4, leaving at = 1097.0
   Vehicle #1 = -1, leaving at = inf
   Increment on distance indicator: 4.0
   Increment on tard indicator:     0.0
   Value of tmax indicator:         4.0

Task for patient = 85 with skills = {2,5} and cost = 330.3
   Vehicle #0 = 1, leaving at = 889.0
   Vehicle #1 = 10, leaving at = 885.0
   Increment on distance indicator: 22.0
   Increment on tard indicator:     0.0
   Value of tmax indicator:         22.0

Task for patient = 96 with skills = {0,4} and cost = 323.0
   Vehicle #0 = 9, leaving at = 934.0
   Vehicle #1 = 13, leaving at = 960.0
   Increment on distance indicator: 12.0
   Increment on tard indicator:     0.0
   Value of tmax indicator:         12.0

Task for patient = 39 with skills = {1,4} and cost = 319.0
   Vehicle #0 = 4, leaving at = 909.0
   Vehicle #1 = 16, leaving at = 913.0
   Increment on distance indicator: 11.0
   Increment on tard indicator:     0.0
   Value of tmax indicator:         11.0

Task for patient = 44 with skills = {4,-1} and cost = 315.3
   Vehicle #0 = 13, leaving at = 902.0
   Vehicle #1 = -1, leaving at = inf
   Increment on distance indicator: 10.0
   Increment on tard indicator:     0.0
   Value of tmax indicator:         10.0

Task for patient = 42 with skills = {1,4} and cost = 312.0
   Vehicle #0 = 4, leaving at = 870.0
   Vehicle #1 = 19, leaving at = 836.0
   Increment on distance indicator: 17.0
   Increment on tard indicator:     0.0
   Value of tmax indicator:         17.0

Task for patient = 55 with skills = {2,5} and cost = 306.3
   Vehicle #0 = 1, leaving at = 828.0
   Vehicle #1 = 10, leaving at = 848.0
   Increment on distance indicator: 35.0
   Increment on tard indicator:     0.0
   Value of tmax indicator:         35.0

Task for patient = 43 with skills = {1,5} and cost = 294.7
   Vehicle #0 = 8, leaving at = 866.0
   Vehicle #1 = 11, leaving at = 870.0
   Increment on distance indicator: 28.0
   Increment on tard indicator:     0.0
   Value of tmax indicator:         28.0

Task for patient = 21 with skills = {3,-1} and cost = 285.3
   Vehicle #0 = 13, leaving at = 840.0
   Vehicle #1 = -1, leaving at = inf
   Increment on distance indicator: 9.0
   Increment on tard indicator:     0.0
   Value of tmax indicator:         9.0

Task for patient = 90 with skills = {3,-1} and cost = 282.3
   Vehicle #0 = 18, leaving at = 647.0
   Vehicle #1 = -1, leaving at = inf
   Increment on distance indicator: 18.0
   Increment on tard indicator:     0.0
   Value of tmax indicator:         18.0

Task for patient = 58 with skills = {1,4} and cost = 276.3
   Vehicle #0 = 8, leaving at = 796.0
   Vehicle #1 = 19, leaving at = 813.0
   Increment on distance indicator: 22.0
   Increment on tard indicator:     0.0
   Value of tmax indicator:         22.0

Task for patient = 20 with skills = {0,4} and cost = 269.0
   Vehicle #0 = 9, leaving at = 819.0
   Vehicle #1 = 16, leaving at = 833.0
   Increment on distance indicator: 13.0
   Increment on tard indicator:     0.0
   Value of tmax indicator:         13.0

Task for patient = 15 with skills = {1,-1} and cost = 264.7
   Vehicle #0 = 2, leaving at = 862.0
   Vehicle #1 = -1, leaving at = inf
   Increment on distance indicator: 9.0
   Increment on tard indicator:     0.0
   Value of tmax indicator:         9.0

Task for patient = 71 with skills = {3,-1} and cost = 332.7
   Vehicle #0 = 18, leaving at = 763.0
   Vehicle #1 = -1, leaving at = inf
   Increment on distance indicator: 7.0
   Increment on tard indicator:     0.0
   Value of tmax indicator:         7.0

Task for patient = 6 with skills = {1,3} and cost = 468.3
   Vehicle #0 = 4, leaving at = 1056.0
   Vehicle #1 = 19, leaving at = 1049.0
   Increment on distance indicator: 21.0
   Increment on tard indicator:     0.0
   Value of tmax indicator:         21.0

Task for patient = 40 with skills = {3,-1} and cost = 461.3
   Vehicle #0 = 13, leaving at = 1038.0
   Vehicle #1 = -1, leaving at = inf
   Increment on distance indicator: 13.0
   Increment on tard indicator:     0.0
   Value of tmax indicator:         13.0

Task for patient = 33 with skills = {3,-1} and cost = 457.0
   Vehicle #0 = 13, leaving at = 1009.0
   Vehicle #1 = -1, leaving at = inf
   Increment on distance indicator: 5.0
   Increment on tard indicator:     0.0
   Value of tmax indicator:         5.0

Task for patient = 17 with skills = {2,-1} and cost = 455.3
   Vehicle #0 = 9, leaving at = 964.0
   Vehicle #1 = -1, leaving at = inf
   Increment on distance indicator: 4.0
   Increment on tard indicator:     0.0
   Value of tmax indicator:         4.0

Task for patient = 8 with skills = {2,-1} and cost = 454.0
   Vehicle #0 = 3, leaving at = 1054.0
   Vehicle #1 = -1, leaving at = inf
   Increment on distance indicator: 7.0
   Increment on tard indicator:     0.0
   Value of tmax indicator:         7.0

Task for patient = 38 with skills = {0,5} and cost = 451.7
   Vehicle #0 = 8, leaving at = 1065.0
   Vehicle #1 = 11, leaving at = 1072.0
   Increment on distance indicator: 7.0
   Increment on tard indicator:     0.0
   Value of tmax indicator:         7.0

Task for patient = 46 with skills = {1,-1} and cost = 449.3
   Vehicle #0 = 2, leaving at = 979.0
   Vehicle #1 = -1, leaving at = inf
   Increment on distance indicator: 17.0
   Increment on tard indicator:     0.0
   Value of tmax indicator:         17.0

Task for patient = 41 with skills = {2,4} and cost = 443.7
   Vehicle #0 = 5, leaving at = 1017.0
   Vehicle #1 = 11, leaving at = 1022.0
   Increment on distance indicator: 16.0
   Increment on tard indicator:     0.0
   Value of tmax indicator:         16.0

Task for patient = 66 with skills = {2,4} and cost = 438.3
   Vehicle #0 = 3, leaving at = 996.0
   Vehicle #1 = 18, leaving at = 1037.0
   Increment on distance indicator: 12.0
   Increment on tard indicator:     0.0
   Value of tmax indicator:         12.0

Task for patient = 54 with skills = {0,-1} and cost = 434.3
   Vehicle #0 = 8, leaving at = 1015.0
   Vehicle #1 = -1, leaving at = inf
   Increment on distance indicator: 6.0
   Increment on tard indicator:     0.0
   Value of tmax indicator:         6.0

Task for patient = 83 with skills = {1,-1} and cost = 432.3
   Vehicle #0 = 8, leaving at = 994.0
   Vehicle #1 = -1, leaving at = inf
   Increment on distance indicator: 7.0
   Increment on tard indicator:     0.0
   Value of tmax indicator:         7.0

Task for patient = 45 with skills = {0,-1} and cost = 372.0
   Vehicle #0 = 0, leaving at = 985.0
   Vehicle #1 = -1, leaving at = inf
   Increment on distance indicator: 19.0
   Increment on tard indicator:     0.0
   Value of tmax indicator:         19.0

Task for patient = 47 with skills = {2,-1} and cost = 425.3
   Vehicle #0 = 3, leaving at = 969.0
   Vehicle #1 = -1, leaving at = inf
   Increment on distance indicator: 5.0
   Increment on tard indicator:     0.0
   Value of tmax indicator:         5.0

Task for patient = 12 with skills = {0,-1} and cost = 423.7
   Vehicle #0 = 6, leaving at = 971.0
   Vehicle #1 = -1, leaving at = inf
   Increment on distance indicator: 11.0
   Increment on tard indicator:     0.0
   Value of tmax indicator:         11.0

Task for patient = 74 with skills = {3,-1} and cost = 420.0
   Vehicle #0 = 14, leaving at = 928.0
   Vehicle #1 = -1, leaving at = inf
   Increment on distance indicator: 7.0
   Increment on tard indicator:     0.0
   Value of tmax indicator:         7.0

Task for patient = 31 with skills = {0,5} and cost = 417.7
   Vehicle #0 = 8, leaving at = 954.0
   Vehicle #1 = 11, leaving at = 956.0
   Increment on distance indicator: 32.0
   Increment on tard indicator:     0.0
   Value of tmax indicator:         32.0

Task for patient = 84 with skills = {4,-1} and cost = 407.0
   Vehicle #0 = 11, leaving at = 912.0
   Vehicle #1 = -1, leaving at = inf
   Increment on distance indicator: 25.0
   Increment on tard indicator:     0.0
   Value of tmax indicator:         25.0

Task for patient = 7 with skills = {1,-1} and cost = 398.7
   Vehicle #0 = 7, leaving at = 970.0
   Vehicle #1 = -1, leaving at = inf
   Increment on distance indicator: 7.0
   Increment on tard indicator:     0.0
   Value of tmax indicator:         7.0

Task for patient = 34 with skills = {4,-1} and cost = 396.3
   Vehicle #0 = 12, leaving at = 968.0
   Vehicle #1 = -1, leaving at = inf
   Increment on distance indicator: 7.0
   Increment on tard indicator:     0.0
   Value of tmax indicator:         7.0

Task for patient = 10 with skills = {5,-1} and cost = 394.0
   Vehicle #0 = 19, leaving at = 983.0
   Vehicle #1 = -1, leaving at = inf
   Increment on distance indicator: 10.0
   Increment on tard indicator:     0.0
   Value of tmax indicator:         10.0

Task for patient = 22 with skills = {3,-1} and cost = 390.7
   Vehicle #0 = 19, leaving at = 922.0
   Vehicle #1 = -1, leaving at = inf
   Increment on distance indicator: 5.0
   Increment on tard indicator:     0.0
   Value of tmax indicator:         5.0

Task for patient = 73 with skills = {1,-1} and cost = 389.0
   Vehicle #0 = 2, leaving at = 929.0
   Vehicle #1 = -1, leaving at = inf
   Increment on distance indicator: 11.0
   Increment on tard indicator:     0.0
   Value of tmax indicator:         11.0

Task for patient = 97 with skills = {2,4} and cost = 385.3
   Vehicle #0 = 3, leaving at = 918.0
   Vehicle #1 = 18, leaving at = 936.0
   Increment on distance indicator: 18.0
   Increment on tard indicator:     0.0
   Value of tmax indicator:         18.0

Task for patient = 100 with skills = {0,4} and cost = 379.3
   Vehicle #0 = 6, leaving at = 939.0
   Vehicle #1 = 12, leaving at = 933.0
   Increment on distance indicator: 22.0
   Increment on tard indicator:     0.0
   Value of tmax indicator:         22.0

Task for patient = 11 with skills = {3,-1} and cost = 430.0
   Vehicle #0 = 15, leaving at = 1037.0
   Vehicle #1 = -1, leaving at = inf
   Increment on distance indicator: 14.0
   Increment on tard indicator:     0.0
   Value of tmax indicator:         14.0

Task for patient = 60 with skills = {5,-1} and cost = 156.0
   Vehicle #0 = 16, leaving at = 628.0
   Vehicle #1 = -1, leaving at = inf
   Increment on distance indicator: 2.0
   Increment on tard indicator:     0.0
   Value of tmax indicator:         2.0

Task for patient = 69 with skills = {0,-1} and cost = 155.3
   Vehicle #0 = 4, leaving at = 657.0
   Vehicle #1 = -1, leaving at = inf
   Increment on distance indicator: 19.0
   Increment on tard indicator:     0.0
   Value of tmax indicator:         19.0

Task for patient = 19 with skills = {4,-1} and cost = 149.0
   Vehicle #0 = 16, leaving at = 596.0
   Vehicle #1 = -1, leaving at = inf
   Increment on distance indicator: 7.0
   Increment on tard indicator:     0.0
   Value of tmax indicator:         7.0

Task for patient = 64 with skills = {2,5} and cost = 146.7
   Vehicle #0 = 5, leaving at = 801.0
   Vehicle #1 = 12, leaving at = 816.0
   Increment on distance indicator: 13.0
   Increment on tard indicator:     0.0
   Value of tmax indicator:         13.0

Task for patient = 77 with skills = {4,-1} and cost = 142.3
   Vehicle #0 = 16, leaving at = 574.0
   Vehicle #1 = -1, leaving at = inf
   Increment on distance indicator: 24.0
   Increment on tard indicator:     0.0
   Value of tmax indicator:         24.0

Task for patient = 14 with skills = {4,-1} and cost = 134.3
   Vehicle #0 = 15, leaving at = 662.0
   Vehicle #1 = -1, leaving at = inf
   Increment on distance indicator: 29.0
   Increment on tard indicator:     0.0
   Value of tmax indicator:         29.0

Task for patient = 13 with skills = {4,-1} and cost = 124.7
   Vehicle #0 = 15, leaving at = 610.0
   Vehicle #1 = -1, leaving at = inf
   Increment on distance indicator: 22.0
   Increment on tard indicator:     0.0
   Value of tmax indicator:         22.0

Task for patient = 1 with skills = {5,-1} and cost = 117.3
   Vehicle #0 = 12, leaving at = 752.0
   Vehicle #1 = -1, leaving at = inf
   Increment on distance indicator: 6.0
   Increment on tard indicator:     0.0
   Value of tmax indicator:         6.0

Task for patient = 29 with skills = {1,-1} and cost = 115.3
   Vehicle #0 = 7, leaving at = 718.0
   Vehicle #1 = -1, leaving at = inf
   Increment on distance indicator: 9.0
   Increment on tard indicator:     0.0
   Value of tmax indicator:         9.0

Task for patient = 26 with skills = {2,-1} and cost = 112.3
   Vehicle #0 = 3, leaving at = 594.0
   Vehicle #1 = -1, leaving at = inf
   Increment on distance indicator: 12.0
   Increment on tard indicator:     0.0
   Value of tmax indicator:         12.0

Task for patient = 28 with skills = {5,-1} and cost = 108.3
   Vehicle #0 = 13, leaving at = 754.0
   Vehicle #1 = -1, leaving at = inf
   Increment on distance indicator: 6.0
   Increment on tard indicator:     0.0
   Value of tmax indicator:         6.0

Task for patient = 72 with skills = {0,-1} and cost = 261.7
   Vehicle #0 = 4, leaving at = 803.0
   Vehicle #1 = -1, leaving at = inf
   Increment on distance indicator: 7.0
   Increment on tard indicator:     0.0
   Value of tmax indicator:         7.0

Task for patient = 25 with skills = {3,-1} and cost = 99.3
   Vehicle #0 = 15, leaving at = 538.0
   Vehicle #1 = -1, leaving at = inf
   Increment on distance indicator: 11.0
   Increment on tard indicator:     0.0
   Value of tmax indicator:         11.0

Task for patient = 52 with skills = {1,-1} and cost = 95.7
   Vehicle #0 = 2, leaving at = 738.0
   Vehicle #1 = -1, leaving at = inf
   Increment on distance indicator: 24.0
   Increment on tard indicator:     0.0
   Value of tmax indicator:         24.0

Task for patient = 48 with skills = {3,-1} and cost = 87.7
   Vehicle #0 = 14, leaving at = 593.0
   Vehicle #1 = -1, leaving at = inf
   Increment on distance indicator: 10.0
   Increment on tard indicator:     0.0
   Value of tmax indicator:         10.0

Task for patient = 98 with skills = {4,-1} and cost = 84.3
   Vehicle #0 = 10, leaving at = 679.0
   Vehicle #1 = -1, leaving at = inf
   Increment on distance indicator: 4.0
   Increment on tard indicator:     0.0
   Value of tmax indicator:         4.0

Task for patient = 2 with skills = {1,5} and cost = 83.0
   Vehicle #0 = 2, leaving at = 636.0
   Vehicle #1 = 11, leaving at = 644.0
   Increment on distance indicator: 27.0
   Increment on tard indicator:     0.0
   Value of tmax indicator:         27.0

Task for patient = 50 with skills = {4,-1} and cost = 74.0
   Vehicle #0 = 11, leaving at = 599.0
   Vehicle #1 = -1, leaving at = inf
   Increment on distance indicator: 20.0
   Increment on tard indicator:     0.0
   Value of tmax indicator:         20.0

Task for patient = 4 with skills = {2,-1} and cost = 67.3
   Vehicle #0 = 3, leaving at = 549.0
   Vehicle #1 = -1, leaving at = inf
   Increment on distance indicator: 9.0
   Increment on tard indicator:     0.0
   Value of tmax indicator:         9.0

Task for patient = 68 with skills = {5,-1} and cost = 64.3
   Vehicle #0 = 10, leaving at = 619.0
   Vehicle #1 = -1, leaving at = inf
   Increment on distance indicator: 20.0
   Increment on tard indicator:     0.0
   Value of tmax indicator:         20.0

Task for patient = 16 with skills = {5,-1} and cost = 57.7
   Vehicle #0 = 10, leaving at = 566.0
   Vehicle #1 = -1, leaving at = inf
   Increment on distance indicator: 41.0
   Increment on tard indicator:     0.0
   Value of tmax indicator:         41.0

Task for patient = 92 with skills = {2,5} and cost = 44.0
   Vehicle #0 = 1, leaving at = 679.0
   Vehicle #1 = 13, leaving at = 693.0
   Increment on distance indicator: 41.0
   Increment on tard indicator:     0.0
   Value of tmax indicator:         41.0

Task for patient = 99 with skills = {0,-1} and cost = 30.3
   Vehicle #0 = 0, leaving at = 690.0
   Vehicle #1 = -1, leaving at = inf
   Increment on distance indicator: 35.0
   Increment on tard indicator:     0.0
   Value of tmax indicator:         35.0

Task for patient = 95 with skills = {0,3} and cost = 18.7
   Vehicle #0 = 0, leaving at = 629.0
   Vehicle #1 = 13, leaving at = 634.0
   Increment on distance indicator: 56.0
   Increment on tard indicator:     0.0
   Value of tmax indicator:         56.0

Task for patient = 80 with skills = {1,-1} and cost = 106.3
   Vehicle #0 = 4, leaving at = 605.0
   Vehicle #1 = -1, leaving at = inf
   Increment on distance indicator: 21.0
   Increment on tard indicator:     0.0
   Value of tmax indicator:         21.0

Task for patient = 81 with skills = {2,-1} and cost = 259.3
   Vehicle #0 = 9, leaving at = 735.0
   Vehicle #1 = -1, leaving at = inf
   Increment on distance indicator: 5.0
   Increment on tard indicator:     0.0
   Value of tmax indicator:         5.0

Task for patient = 57 with skills = {1,4} and cost = 257.7
   Vehicle #0 = 8, leaving at = 760.0
   Vehicle #1 = 16, leaving at = 785.0
   Increment on distance indicator: 21.0
   Increment on tard indicator:     0.0
   Value of tmax indicator:         21.0

Task for patient = 67 with skills = {4,-1} and cost = 250.7
   Vehicle #0 = 11, leaving at = 787.0
   Vehicle #1 = -1, leaving at = inf
   Increment on distance indicator: 9.0
   Increment on tard indicator:     0.0
   Value of tmax indicator:         9.0

Task for patient = 32 with skills = {2,3} and cost = 247.7
   Vehicle #0 = 6, leaving at = 844.0
   Vehicle #1 = 14, leaving at = 843.0
   Increment on distance indicator: 12.0
   Increment on tard indicator:     0.0
   Value of tmax indicator:         12.0

Task for patient = 36 with skills = {5,-1} and cost = 243.7
   Vehicle #0 = 19, leaving at = 754.0
   Vehicle #1 = -1, leaving at = inf
   Increment on distance indicator: 13.0
   Increment on tard indicator:     0.0
   Value of tmax indicator:         13.0

Task for patient = 86 with skills = {1,4} and cost = 239.3
   Vehicle #0 = 0, leaving at = 810.0
   Vehicle #1 = 10, leaving at = 811.0
   Increment on distance indicator: 8.0
   Increment on tard indicator:     0.0
   Value of tmax indicator:         8.0

Task for patient = 23 with skills = {0,-1} and cost = 236.7
   Vehicle #0 = 6, leaving at = 802.0
   Vehicle #1 = -1, leaving at = inf
   Increment on distance indicator: 5.0
   Increment on tard indicator:     0.0
   Value of tmax indicator:         5.0

Task for patient = 62 with skills = {4,-1} and cost = 235.0
   Vehicle #0 = 11, leaving at = 731.0
   Vehicle #1 = -1, leaving at = inf
   Increment on distance indicator: 6.0
   Increment on tard indicator:     0.0
   Value of tmax indicator:         6.0

Task for patient = 5 with skills = {2,-1} and cost = 233.0
   Vehicle #0 = 9, leaving at = 683.0
   Vehicle #1 = -1, leaving at = inf
   Increment on distance indicator: 13.0
   Increment on tard indicator:     0.0
   Value of tmax indicator:         13.0

Task for patient = 37 with skills = {1,-1} and cost = 228.7
   Vehicle #0 = 0, leaving at = 758.0
   Vehicle #1 = -1, leaving at = inf
   Increment on distance indicator: 20.0
   Increment on tard indicator:     0.0
   Value of tmax indicator:         20.0

Task for patient = 89 with skills = {1,4} and cost = 222.0
   Vehicle #0 = 2, leaving at = 801.0
   Vehicle #1 = 13, leaving at = 811.0
   Increment on distance indicator: 14.0
   Increment on tard indicator:     0.0
   Value of tmax indicator:         14.0

Task for patient = 24 with skills = {1,4} and cost = 163.3
   Vehicle #0 = 8, leaving at = 536.0
   Vehicle #1 = 18, leaving at = 575.0
   Increment on distance indicator: 22.0
   Increment on tard indicator:     0.0
   Value of tmax indicator:         22.0

Task for patient = 78 with skills = {0,-1} and cost = 213.0
   Vehicle #0 = 4, leaving at = 763.0
   Vehicle #1 = -1, leaving at = inf
   Increment on distance indicator: 10.0
   Increment on tard indicator:     0.0
   Value of tmax indicator:         10.0

Task for patient = 30 with skills = {0,-1} and cost = 209.7
   Vehicle #0 = 9, leaving at = 546.0
   Vehicle #1 = -1, leaving at = inf
   Increment on distance indicator: 14.0
   Increment on tard indicator:     0.0
   Value of tmax indicator:         14.0

Task for patient = 76 with skills = {0,4} and cost = 205.0
   Vehicle #0 = 8, leaving at = 681.0
   Vehicle #1 = 19, leaving at = 681.0
   Increment on distance indicator: 14.0
   Increment on tard indicator:     0.0
   Value of tmax indicator:         14.0

Task for patient = 53 with skills = {0,-1} and cost = 200.3
   Vehicle #0 = 6, leaving at = 754.0
   Vehicle #1 = -1, leaving at = inf
   Increment on distance indicator: 0.0
   Increment on tard indicator:     0.0
   Value of tmax indicator:         0.0

Task for patient = 87 with skills = {0,5} and cost = 200.3
   Vehicle #0 = 4, leaving at = 722.0
   Vehicle #1 = 16, leaving at = 725.0
   Increment on distance indicator: 24.0
   Increment on tard indicator:     0.0
   Value of tmax indicator:         24.0

Task for patient = 59 with skills = {1,-1} and cost = 192.3
   Vehicle #0 = 8, leaving at = 612.0
   Vehicle #1 = -1, leaving at = inf
   Increment on distance indicator: 21.0
   Increment on tard indicator:     0.0
   Value of tmax indicator:         21.0

Task for patient = 27 with skills = {5,-1} and cost = 185.3
   Vehicle #0 = 13, leaving at = 787.0
   Vehicle #1 = -1, leaving at = inf
   Increment on distance indicator: 7.0
   Increment on tard indicator:     0.0
   Value of tmax indicator:         7.0

Task for patient = 70 with skills = {5,-1} and cost = 183.0
   Vehicle #0 = 19, leaving at = 556.0
   Vehicle #1 = -1, leaving at = inf
   Increment on distance indicator: 19.0
   Increment on tard indicator:     0.0
   Value of tmax indicator:         19.0

Task for patient = 3 with skills = {2,4} and cost = 176.7
   Vehicle #0 = 1, leaving at = 756.0
   Vehicle #1 = 10, leaving at = 775.0
   Increment on distance indicator: 23.0
   Increment on tard indicator:     0.0
   Value of tmax indicator:         23.0

Task for patient = 51 with skills = {2,-1} and cost = 169.0
   Vehicle #0 = 3, leaving at = 669.0
   Vehicle #1 = -1, leaving at = inf
   Increment on distance indicator: 5.0
   Increment on tard indicator:     0.0
   Value of tmax indicator:         5.0

Task for patient = 63 with skills = {4,-1} and cost = 167.3
   Vehicle #0 = 11, leaving at = 707.0
   Vehicle #1 = -1, leaving at = inf
   Increment on distance indicator: 4.0
   Increment on tard indicator:     0.0
   Value of tmax indicator:         4.0

Task for patient = 56 with skills = {5,-1} and cost = 166.0
   Vehicle #0 = 16, leaving at = 675.0
   Vehicle #1 = -1, leaving at = inf
   Increment on distance indicator: 8.0
   Increment on tard indicator:     0.0
   Value of tmax indicator:         8.0

Task for patient = 88 with skills = {0,-1} and cost = 217.3
   Vehicle #0 = 9, leaving at = 615.0
   Vehicle #1 = -1, leaving at = inf
   Increment on distance indicator: 13.0
   Increment on tard indicator:     0.0
   Value of tmax indicator:         13.0


Unused vehicle list: 17 (total = 1 out of 20)

---
Search finished.
Total of 448 generations in 1.0 seconds.
Exchange elite runs: 0
Implicit path relinking runs: 4
Reset attempts: 1

Best solution found:
   Cost: 599.3
   Total travel time: 1781.0
   Total tardiness time: 11.0
   Largest tardiness: 6.0


599.3
