--- BRKGA-MP-IPR for HHCRSP ---
Instance: new-instances/HHCRSP_100_20_76_1.0_C_RC.txt
Seed: 1

Reading data... Problem contains 100 patients  and 20 caregivers.

Summary of supply x demand for each service type:
Skill 0 has supply = 7 and demand = 16, ratio = 0.4375
Skill 1 has supply = 7 and demand = 27, ratio = 0.259259
Skill 2 has supply = 7 and demand = 24, ratio = 0.291667
Skill 3 has supply = 5 and demand = 14, ratio = 0.357143
Skill 4 has supply = 4 and demand = 24, ratio = 0.166667
Skill 5 has supply = 7 and demand = 25, ratio = 0.28

Reading parameters...
Inferred distance function by PR type: kendall-tau
Building BRKGA data and initializing...
Evolving 448 generations...

  Gens  Rem    Local   ElDiv NoImpr             Best solution            Time  Op
                                       Cost     Dist    Tard    TMax 
*    0  448  3229.67  321.94      0  3229.67  2011.00  7315.0   363.0     0.0    
*    2  446  2834.33  244.00      0  2834.33  2105.00  5963.0   435.0     0.0    
*    5  443  2404.00  268.41      0  2404.00  2134.00  4247.0   367.0     0.0    
*    6  442  2249.33  238.77      0  2249.33  2017.00  3935.0   461.0     0.0    
*    7  441  2137.67  193.13      0  2137.67  2017.00  3935.0   461.0     0.0    
*    9  439  1780.33  195.74      0  1780.33  2044.00  2859.0   438.0     0.0    
*   12  436  1696.33  153.24      0  1696.33  1945.00  2672.0   472.0     0.0    
*   14  434  1438.67  156.86      0  1438.67  1905.00  1881.0   262.0     0.0    
*   15  433  1349.33  140.31      0  1349.33  1905.00  1881.0   262.0     0.0    
*   17  431  1307.67   96.46      0  1307.67  1963.00  1471.0   245.0     0.0    
*   18  430  1226.33  113.18      0  1226.33  1955.00  1008.0   161.0     0.0    
*   19  429  1041.33   93.19      0  1041.33  1955.00  1008.0   161.0     0.0    
*   21  427   979.67   85.04      0   979.67  1865.00   656.0   192.0     0.1    
*   22  426   904.33   79.79      0   904.33  1865.00   656.0   192.0     0.1    
*   24  424   839.67   81.04      0   839.67  1887.00   108.0    64.0     0.1    

  Gens  Rem    Local   ElDiv NoImpr             Best solution            Time  Op
                                       Cost     Dist    Tard    TMax 
*   25  423   686.33   70.15      0   686.33  1887.00   108.0    64.0     0.1    
*   29  419   678.67   51.70      0   678.67  1864.00   141.0    31.0     0.1    
*   32  416   625.33   33.86      0   625.33  1797.00    49.0    30.0     0.1    
*   36  412   619.67   24.58      0   619.67  1793.00    31.0    15.0     0.1    
*   37  411   613.00   24.67      0   613.00  1750.00    29.0    12.0     0.1    
*   38  410   597.00   25.77      0   597.00  1750.00    29.0    12.0     0.1    
*   43  405   589.33   17.04      0   589.33  1746.00    12.0    10.0     0.1    
*   49  399   588.00   10.05      0   588.00  1762.00     1.0     1.0     0.1    
    50  398   588.00   11.36      1   588.00  1762.00     1.0     1.0     0.1    
*   51  397   576.00   10.92      0   576.00  1728.00     0.0     0.0     0.1    
*   57  391   570.67    8.60      0   570.67  1709.00     1.0     1.0     0.1    
*   58  390   570.33    8.65      0   570.33  1690.00     4.0     4.0     0.1    
*   59  389   566.00    8.45      0   566.00  1690.00     4.0     4.0     0.2    
*   64  384   561.00    7.62      0   561.00  1665.00    13.0     5.0     0.2    
*   66  382   543.33    8.22      0   543.33  1630.00     0.0     0.0     0.2    
*   84  364   542.67    5.34      0   542.67  1598.00     0.0     0.0     0.2    

  Gens  Rem    Local   ElDiv NoImpr             Best solution            Time  Op
                                       Cost     Dist    Tard    TMax 
*   85  363   532.67    5.17      0   532.67  1598.00     0.0     0.0     0.2    
*   96  352   529.67    4.63      0   529.67  1586.00     0.0     0.0     0.2    
Path relinking result: too homogeneous.
    96  352   528.67    4.63      0   529.67  1586.00     0.0     0.0     0.2   P
*   97  351   528.67    4.48      0   528.67  1586.00     0.0     0.0     0.3    
   100  348   528.67    4.36      3   528.67  1586.00     0.0     0.0     0.3    
*  102  346   525.67    4.49      0   525.67  1577.00     0.0     0.0     0.3    
*  116  332   523.67    2.17      0   523.67  1571.00     0.0     0.0     0.3    
*  118  330   523.00    2.14      0   523.00  1569.00     0.0     0.0     0.3    
*  122  326   522.33    1.92      0   522.33  1567.00     0.0     0.0     0.3    
*  124  324   521.33    1.88      0   521.33  1555.00     0.0     0.0     0.3    
*  125  323   518.33    1.65      0   518.33  1555.00     0.0     0.0     0.3    
*  127  321   517.67    1.94      0   517.67  1553.00     0.0     0.0     0.3    
*  129  319   517.33    1.71      0   517.33  1552.00     0.0     0.0     0.3    
*  131  317   517.00    1.91      0   517.00  1539.00     0.0     0.0     0.3    
*  132  316   513.00    1.78      0   513.00  1539.00     0.0     0.0     0.3    
*  139  309   511.33    0.57      0   511.33  1534.00     0.0     0.0     0.4    

  Gens  Rem    Local   ElDiv NoImpr             Best solution            Time  Op
                                       Cost     Dist    Tard    TMax 
   150  298   511.33    0.00     11   511.33  1534.00     0.0     0.0     0.4    
*  162  286   510.67    0.08      0   510.67  1532.00     0.0     0.0     0.4    
*  165  283   510.33    0.29      0   510.33  1531.00     0.0     0.0     0.4    
*  180  268   510.00    0.04      0   510.00  1530.00     0.0     0.0     0.5    
Path relinking result: too homogeneous.
   192  256   510.00    0.00     13   510.00  1530.00     0.0     0.0     0.5   P
*  196  252   509.00    0.12      0   509.00  1527.00     0.0     0.0     0.5    
*  200  248   507.33    0.53      0   507.33  1522.00     0.0     0.0     0.5    
*  217  231   506.67    0.08      0   506.67  1520.00     0.0     0.0     0.6    
*  227  221   505.67    0.12      0   505.67  1517.00     0.0     0.0     0.6    
*  236  212   504.67    0.57      0   504.67  1504.00     7.0     3.0     0.6    
*  242  206   503.67    0.40      0   503.67  1501.00     7.0     3.0     0.7    
   250  198   503.67    0.00      8   503.67  1501.00     7.0     3.0     0.7    
*  259  189   502.67    0.27      0   502.67  1496.00     7.0     3.0     0.7    
*  260  188   502.00    0.43      0   502.00  1496.00     7.0     3.0     0.7    
Path relinking result: too homogeneous.
   288  160   502.00    0.00     29   502.00  1496.00     7.0     3.0     0.8   P
*  293  155   501.67    0.04      0   501.67  1495.00     7.0     3.0     0.8    

  Gens  Rem    Local   ElDiv NoImpr             Best solution            Time  Op
                                       Cost     Dist    Tard    TMax 
   300  148   501.67    0.00      7   501.67  1495.00     7.0     3.0     0.8    
*  312  136   499.67    0.35      0   499.67  1484.00    11.0     4.0     0.8    
   350   98   499.67    0.00     38   499.67  1484.00    11.0     4.0     1.0    
*  357   91   498.00    0.29      0   498.00  1484.00     7.0     3.0     1.0    
*  364   84   497.33    0.08      0   497.33  1490.00     1.0     1.0     1.0    
*  378   70   495.00    0.40      0   495.00  1483.00     1.0     1.0     1.0    
*  380   68   494.00    0.69      0   494.00  1480.00     1.0     1.0     1.0    
Path relinking result: too homogeneous.
   384   64   493.67    0.04      0   494.00  1480.00     1.0     1.0     1.0   P
*  385   63   493.67    0.07      0   493.67  1479.00     1.0     1.0     1.0    
   400   48   493.67    0.00     15   493.67  1479.00     1.0     1.0     1.1    
*  424   24   492.33    0.16      0   492.33  1475.00     1.0     1.0     1.1    
   448    0   492.33    0.00     24   492.33  1475.00     1.0     1.0     1.2    
Evolutionary process finished.
Solution written to 'solution-42145.txt'.

Sorted sequence of worst to best tardiness value:
Task for patient = 77 with skills = {2,-1} and cost = 249.0
   Vehicle #0 = 3, leaving at = 865.0
   Vehicle #1 = -1, leaving at = inf
   Increment on distance indicator: 5.0
   Increment on tard indicator:     1.0
   Value of tmax indicator:         5.0

Task for patient = 10 with skills = {1,-1} and cost = 288.0
   Vehicle #0 = 6, leaving at = 1004.0
   Vehicle #1 = -1, leaving at = inf
   Increment on distance indicator: 6.0
   Increment on tard indicator:     0.0
   Value of tmax indicator:         6.0

Task for patient = 3 with skills = {1,-1} and cost = 286.0
   Vehicle #0 = 3, leaving at = 897.0
   Vehicle #1 = -1, leaving at = inf
   Increment on distance indicator: 9.0
   Increment on tard indicator:     0.0
   Value of tmax indicator:         9.0

Task for patient = 99 with skills = {5,-1} and cost = 283.0
   Vehicle #0 = 19, leaving at = 905.0
   Vehicle #1 = -1, leaving at = inf
   Increment on distance indicator: 3.0
   Increment on tard indicator:     0.0
   Value of tmax indicator:         3.0

Task for patient = 28 with skills = {4,-1} and cost = 282.0
   Vehicle #0 = 10, leaving at = 1060.0
   Vehicle #1 = -1, leaving at = inf
   Increment on distance indicator: 6.0
   Increment on tard indicator:     0.0
   Value of tmax indicator:         6.0

Task for patient = 53 with skills = {3,-1} and cost = 280.0
   Vehicle #0 = 13, leaving at = 952.0
   Vehicle #1 = -1, leaving at = inf
   Increment on distance indicator: 5.0
   Increment on tard indicator:     0.0
   Value of tmax indicator:         5.0

Task for patient = 65 with skills = {1,5} and cost = 278.3
   Vehicle #0 = 2, leaving at = 1007.0
   Vehicle #1 = 10, leaving at = 1004.0
   Increment on distance indicator: 13.0
   Increment on tard indicator:     0.0
   Value of tmax indicator:         13.0

Task for patient = 38 with skills = {1,-1} and cost = 274.0
   Vehicle #0 = 5, leaving at = 869.0
   Vehicle #1 = -1, leaving at = inf
   Increment on distance indicator: 11.0
   Increment on tard indicator:     0.0
   Value of tmax indicator:         11.0

Task for patient = 26 with skills = {1,-1} and cost = 270.3
   Vehicle #0 = 6, leaving at = 938.0
   Vehicle #1 = -1, leaving at = inf
   Increment on distance indicator: 2.0
   Increment on tard indicator:     0.0
   Value of tmax indicator:         2.0

Task for patient = 30 with skills = {0,3} and cost = 269.7
   Vehicle #0 = 1, leaving at = 830.0
   Vehicle #1 = 14, leaving at = 853.0
   Increment on distance indicator: 9.0
   Increment on tard indicator:     0.0
   Value of tmax indicator:         9.0

Task for patient = 80 with skills = {0,3} and cost = 266.7
   Vehicle #0 = 5, leaving at = 802.0
   Vehicle #1 = 11, leaving at = 851.0
   Increment on distance indicator: 17.0
   Increment on tard indicator:     0.0
   Value of tmax indicator:         17.0

Task for patient = 33 with skills = {1,5} and cost = 261.0
   Vehicle #0 = 9, leaving at = 885.0
   Vehicle #1 = 17, leaving at = 875.0
   Increment on distance indicator: 13.0
   Increment on tard indicator:     0.0
   Value of tmax indicator:         13.0

Task for patient = 24 with skills = {1,-1} and cost = 377.3
   Vehicle #0 = 5, leaving at = 1068.0
   Vehicle #1 = -1, leaving at = inf
   Increment on distance indicator: 2.0
   Increment on tard indicator:     0.0
   Value of tmax indicator:         2.0

Task for patient = 78 with skills = {4,-1} and cost = 255.7
   Vehicle #0 = 19, leaving at = 857.0
   Vehicle #1 = -1, leaving at = inf
   Increment on distance indicator: 15.0
   Increment on tard indicator:     0.0
   Value of tmax indicator:         15.0

Task for patient = 75 with skills = {1,-1} and cost = 250.7
   Vehicle #0 = 9, leaving at = 828.0
   Vehicle #1 = -1, leaving at = inf
   Increment on distance indicator: 5.0
   Increment on tard indicator:     0.0
   Value of tmax indicator:         5.0

Task for patient = 16 with skills = {0,-1} and cost = 246.7
   Vehicle #0 = 8, leaving at = 816.0
   Vehicle #1 = -1, leaving at = inf
   Increment on distance indicator: 3.0
   Increment on tard indicator:     0.0
   Value of tmax indicator:         3.0

Task for patient = 86 with skills = {1,-1} and cost = 245.7
   Vehicle #0 = 9, leaving at = 658.0
   Vehicle #1 = -1, leaving at = inf
   Increment on distance indicator: 7.0
   Increment on tard indicator:     0.0
   Value of tmax indicator:         7.0

Task for patient = 43 with skills = {0,-1} and cost = 243.3
   Vehicle #0 = 1, leaving at = 802.0
   Vehicle #1 = -1, leaving at = inf
   Increment on distance indicator: 7.0
   Increment on tard indicator:     0.0
   Value of tmax indicator:         7.0

Task for patient = 17 with skills = {5,-1} and cost = 241.0
   Vehicle #0 = 15, leaving at = 742.0
   Vehicle #1 = -1, leaving at = inf
   Increment on distance indicator: 6.0
   Increment on tard indicator:     0.0
   Value of tmax indicator:         6.0

Task for patient = 81 with skills = {4,-1} and cost = 239.0
   Vehicle #0 = 10, leaving at = 969.0
   Vehicle #1 = -1, leaving at = inf
   Increment on distance indicator: 8.0
   Increment on tard indicator:     0.0
   Value of tmax indicator:         8.0

Task for patient = 50 with skills = {2,-1} and cost = 236.3
   Vehicle #0 = 8, leaving at = 786.0
   Vehicle #1 = -1, leaving at = inf
   Increment on distance indicator: 3.0
   Increment on tard indicator:     0.0
   Value of tmax indicator:         3.0

Task for patient = 60 with skills = {3,-1} and cost = 235.3
   Vehicle #0 = 14, leaving at = 731.0
   Vehicle #1 = -1, leaving at = inf
   Increment on distance indicator: 12.0
   Increment on tard indicator:     0.0
   Value of tmax indicator:         12.0

Task for patient = 56 with skills = {5,-1} and cost = 231.3
   Vehicle #0 = 10, leaving at = 918.0
   Vehicle #1 = -1, leaving at = inf
   Increment on distance indicator: 2.0
   Increment on tard indicator:     0.0
   Value of tmax indicator:         2.0

Task for patient = 9 with skills = {1,-1} and cost = 230.7
   Vehicle #0 = 6, leaving at = 834.0
   Vehicle #1 = -1, leaving at = inf
   Increment on distance indicator: 3.0
   Increment on tard indicator:     0.0
   Value of tmax indicator:         3.0

Task for patient = 42 with skills = {1,-1} and cost = 256.7
   Vehicle #0 = 6, leaving at = 889.0
   Vehicle #1 = -1, leaving at = inf
   Increment on distance indicator: 3.0
   Increment on tard indicator:     0.0
   Value of tmax indicator:         3.0

Task for patient = 64 with skills = {0,5} and cost = 376.7
   Vehicle #0 = 5, leaving at = 1023.0
   Vehicle #1 = 17, leaving at = 1058.0
   Increment on distance indicator: 18.0
   Increment on tard indicator:     0.0
   Value of tmax indicator:         18.0

Task for patient = 52 with skills = {1,-1} and cost = 370.7
   Vehicle #0 = 8, leaving at = 982.0
   Vehicle #1 = -1, leaving at = inf
   Increment on distance indicator: 7.0
   Increment on tard indicator:     0.0
   Value of tmax indicator:         7.0

Task for patient = 51 with skills = {2,4} and cost = 368.3
   Vehicle #0 = 9, leaving at = 1049.0
   Vehicle #1 = 18, leaving at = 1035.0
   Increment on distance indicator: 18.0
   Increment on tard indicator:     0.0
   Value of tmax indicator:         18.0

Task for patient = 92 with skills = {1,4} and cost = 362.3
   Vehicle #0 = 3, leaving at = 1014.0
   Vehicle #1 = 12, leaving at = 1030.0
   Increment on distance indicator: 22.0
   Increment on tard indicator:     0.0
   Value of tmax indicator:         22.0

Task for patient = 40 with skills = {5,-1} and cost = 355.0
   Vehicle #0 = 19, leaving at = 1034.0
   Vehicle #1 = -1, leaving at = inf
   Increment on distance indicator: 6.0
   Increment on tard indicator:     0.0
   Value of tmax indicator:         6.0

Task for patient = 39 with skills = {0,3} and cost = 353.0
   Vehicle #0 = 1, leaving at = 972.0
   Vehicle #1 = 14, leaving at = 988.0
   Increment on distance indicator: 14.0
   Increment on tard indicator:     0.0
   Value of tmax indicator:         14.0

Task for patient = 5 with skills = {0,-1} and cost = 348.3
   Vehicle #0 = 0, leaving at = 878.0
   Vehicle #1 = -1, leaving at = inf
   Increment on distance indicator: 4.0
   Increment on tard indicator:     0.0
   Value of tmax indicator:         4.0

Task for patient = 79 with skills = {1,-1} and cost = 347.0
   Vehicle #0 = 5, leaving at = 974.0
   Vehicle #1 = -1, leaving at = inf
   Increment on distance indicator: 13.0
   Increment on tard indicator:     0.0
   Value of tmax indicator:         13.0

Task for patient = 98 with skills = {1,4} and cost = 342.7
   Vehicle #0 = 3, leaving at = 947.0
   Vehicle #1 = 12, leaving at = 972.0
   Increment on distance indicator: 18.0
   Increment on tard indicator:     0.0
   Value of tmax indicator:         18.0

Task for patient = 91 with skills = {2,-1} and cost = 336.7
   Vehicle #0 = 9, leaving at = 1011.0
   Vehicle #1 = -1, leaving at = inf
   Increment on distance indicator: 6.0
   Increment on tard indicator:     0.0
   Value of tmax indicator:         6.0

Task for patient = 72 with skills = {2,-1} and cost = 334.7
   Vehicle #0 = 4, leaving at = 908.0
   Vehicle #1 = -1, leaving at = inf
   Increment on distance indicator: 7.0
   Increment on tard indicator:     0.0
   Value of tmax indicator:         7.0

Task for patient = 49 with skills = {1,-1} and cost = 289.3
   Vehicle #0 = 7, leaving at = 903.0
   Vehicle #1 = -1, leaving at = inf
   Increment on distance indicator: 4.0
   Increment on tard indicator:     0.0
   Value of tmax indicator:         4.0

Task for patient = 71 with skills = {5,-1} and cost = 327.3
   Vehicle #0 = 16, leaving at = 956.0
   Vehicle #1 = -1, leaving at = inf
   Increment on distance indicator: 3.0
   Increment on tard indicator:     0.0
   Value of tmax indicator:         3.0

Task for patient = 100 with skills = {3,-1} and cost = 326.3
   Vehicle #0 = 13, leaving at = 1028.0
   Vehicle #1 = -1, leaving at = inf
   Increment on distance indicator: 11.0
   Increment on tard indicator:     0.0
   Value of tmax indicator:         11.0

Task for patient = 84 with skills = {5,-1} and cost = 322.7
   Vehicle #0 = 15, leaving at = 821.0
   Vehicle #1 = -1, leaving at = inf
   Increment on distance indicator: 18.0
   Increment on tard indicator:     0.0
   Value of tmax indicator:         18.0

Task for patient = 47 with skills = {2,3} and cost = 316.7
   Vehicle #0 = 8, leaving at = 927.0
   Vehicle #1 = 11, leaving at = 968.0
   Increment on distance indicator: 22.0
   Increment on tard indicator:     0.0
   Value of tmax indicator:         22.0

Task for patient = 66 with skills = {4,-1} and cost = 309.3
   Vehicle #0 = 19, leaving at = 1011.0
   Vehicle #1 = -1, leaving at = inf
   Increment on distance indicator: 13.0
   Increment on tard indicator:     0.0
   Value of tmax indicator:         13.0

Task for patient = 94 with skills = {1,-1} and cost = 305.0
   Vehicle #0 = 2, leaving at = 1107.0
   Vehicle #1 = -1, leaving at = inf
   Increment on distance indicator: 8.0
   Increment on tard indicator:     0.0
   Value of tmax indicator:         8.0

Task for patient = 58 with skills = {5,-1} and cost = 302.3
   Vehicle #0 = 13, leaving at = 994.0
   Vehicle #1 = -1, leaving at = inf
   Increment on distance indicator: 5.0
   Increment on tard indicator:     0.0
   Value of tmax indicator:         5.0

Task for patient = 63 with skills = {1,-1} and cost = 300.7
   Vehicle #0 = 7, leaving at = 1027.0
   Vehicle #1 = -1, leaving at = inf
   Increment on distance indicator: 4.0
   Increment on tard indicator:     0.0
   Value of tmax indicator:         4.0

Task for patient = 70 with skills = {0,-1} and cost = 299.3
   Vehicle #0 = 2, leaving at = 1040.0
   Vehicle #1 = -1, leaving at = inf
   Increment on distance indicator: 6.0
   Increment on tard indicator:     0.0
   Value of tmax indicator:         6.0

Task for patient = 12 with skills = {1,4} and cost = 297.3
   Vehicle #0 = 5, leaving at = 937.0
   Vehicle #1 = 19, leaving at = 969.0
   Increment on distance indicator: 8.0
   Increment on tard indicator:     0.0
   Value of tmax indicator:         8.0

Task for patient = 97 with skills = {2,-1} and cost = 294.7
   Vehicle #0 = 4, leaving at = 855.0
   Vehicle #1 = -1, leaving at = inf
   Increment on distance indicator: 4.0
   Increment on tard indicator:     0.0
   Value of tmax indicator:         4.0

Task for patient = 55 with skills = {2,4} and cost = 293.3
   Vehicle #0 = 7, leaving at = 966.0
   Vehicle #1 = 12, leaving at = 926.0
   Increment on distance indicator: 12.0
   Increment on tard indicator:     0.0
   Value of tmax indicator:         12.0

Task for patient = 95 with skills = {5,-1} and cost = 332.3
   Vehicle #0 = 15, leaving at = 874.0
   Vehicle #1 = -1, leaving at = inf
   Increment on distance indicator: 15.0
   Increment on tard indicator:     0.0
   Value of tmax indicator:         15.0

Task for patient = 11 with skills = {2,3} and cost = 130.3
   Vehicle #0 = 4, leaving at = 670.0
   Vehicle #1 = 13, leaving at = 705.0
   Increment on distance indicator: 12.0
   Increment on tard indicator:     0.0
   Value of tmax indicator:         12.0

Task for patient = 96 with skills = {5,-1} and cost = 126.3
   Vehicle #0 = 16, leaving at = 627.0
   Vehicle #1 = -1, leaving at = inf
   Increment on distance indicator: 31.0
   Increment on tard indicator:     0.0
   Value of tmax indicator:         31.0

Task for patient = 93 with skills = {1,-1} and cost = 116.0
   Vehicle #0 = 6, leaving at = 612.0
   Vehicle #1 = -1, leaving at = inf
   Increment on distance indicator: 10.0
   Increment on tard indicator:     0.0
   Value of tmax indicator:         10.0

Task for patient = 82 with skills = {4,-1} and cost = 112.7
   Vehicle #0 = 18, leaving at = 674.0
   Vehicle #1 = -1, leaving at = inf
   Increment on distance indicator: 5.0
   Increment on tard indicator:     0.0
   Value of tmax indicator:         5.0

Task for patient = 83 with skills = {4,-1} and cost = 111.0
   Vehicle #0 = 10, leaving at = 796.0
   Vehicle #1 = -1, leaving at = inf
   Increment on distance indicator: 8.0
   Increment on tard indicator:     0.0
   Value of tmax indicator:         8.0

Task for patient = 85 with skills = {0,-1} and cost = 108.3
   Vehicle #0 = 2, leaving at = 799.0
   Vehicle #1 = -1, leaving at = inf
   Increment on distance indicator: 1.0
   Increment on tard indicator:     0.0
   Value of tmax indicator:         1.0

Task for patient = 15 with skills = {5,-1} and cost = 108.0
   Vehicle #0 = 15, leaving at = 556.0
   Vehicle #1 = -1, leaving at = inf
   Increment on distance indicator: 12.0
   Increment on tard indicator:     0.0
   Value of tmax indicator:         12.0

Task for patient = 41 with skills = {2,3} and cost = 104.0
   Vehicle #0 = 5, leaving at = 714.0
   Vehicle #1 = 11, leaving at = 710.0
   Increment on distance indicator: 23.0
   Increment on tard indicator:     0.0
   Value of tmax indicator:         23.0

Task for patient = 29 with skills = {1,3} and cost = 96.3
   Vehicle #0 = 3, leaving at = 817.0
   Vehicle #1 = 12, leaving at = 828.0
   Increment on distance indicator: 15.0
   Increment on tard indicator:     0.0
   Value of tmax indicator:         15.0

Task for patient = 68 with skills = {5,-1} and cost = 91.3
   Vehicle #0 = 10, leaving at = 757.0
   Vehicle #1 = -1, leaving at = inf
   Increment on distance indicator: 8.0
   Increment on tard indicator:     0.0
   Value of tmax indicator:         8.0

Task for patient = 18 with skills = {0,-1} and cost = 88.7
   Vehicle #0 = 5, leaving at = 557.0
   Vehicle #1 = -1, leaving at = inf
   Increment on distance indicator: 15.0
   Increment on tard indicator:     0.0
   Value of tmax indicator:         15.0

Task for patient = 90 with skills = {2,5} and cost = 229.7
   Vehicle #0 = 8, leaving at = 765.0
   Vehicle #1 = 16, leaving at = 737.0
   Increment on distance indicator: 24.0
   Increment on tard indicator:     0.0
   Value of tmax indicator:         24.0

Task for patient = 2 with skills = {0,5} and cost = 74.3
   Vehicle #0 = 0, leaving at = 605.0
   Vehicle #1 = 13, leaving at = 635.0
   Increment on distance indicator: 38.0
   Increment on tard indicator:     0.0
   Value of tmax indicator:         38.0

Task for patient = 31 with skills = {4,-1} and cost = 61.7
   Vehicle #0 = 10, leaving at = 724.0
   Vehicle #1 = -1, leaving at = inf
   Increment on distance indicator: 7.0
   Increment on tard indicator:     0.0
   Value of tmax indicator:         7.0

Task for patient = 20 with skills = {2,4} and cost = 59.3
   Vehicle #0 = 4, leaving at = 628.0
   Vehicle #1 = 18, leaving at = 634.0
   Increment on distance indicator: 12.0
   Increment on tard indicator:     0.0
   Value of tmax indicator:         12.0

Task for patient = 4 with skills = {2,-1} and cost = 55.3
   Vehicle #0 = 2, leaving at = 739.0
   Vehicle #1 = -1, leaving at = inf
   Increment on distance indicator: 12.0
   Increment on tard indicator:     0.0
   Value of tmax indicator:         12.0

Task for patient = 88 with skills = {4,-1} and cost = 51.3
   Vehicle #0 = 18, leaving at = 589.0
   Vehicle #1 = -1, leaving at = inf
   Increment on distance indicator: 20.0
   Increment on tard indicator:     0.0
   Value of tmax indicator:         20.0

Task for patient = 23 with skills = {2,-1} and cost = 44.7
   Vehicle #0 = 4, leaving at = 588.0
   Vehicle #1 = -1, leaving at = inf
   Increment on distance indicator: 17.0
   Increment on tard indicator:     0.0
   Value of tmax indicator:         17.0

Task for patient = 34 with skills = {2,-1} and cost = 39.0
   Vehicle #0 = 4, leaving at = 528.0
   Vehicle #1 = -1, leaving at = inf
   Increment on distance indicator: 21.0
   Increment on tard indicator:     0.0
   Value of tmax indicator:         21.0

Task for patient = 14 with skills = {2,4} and cost = 32.0
   Vehicle #0 = 3, leaving at = 733.0
   Vehicle #1 = 12, leaving at = 729.0
   Increment on distance indicator: 10.0
   Increment on tard indicator:     0.0
   Value of tmax indicator:         10.0

Task for patient = 46 with skills = {1,5} and cost = 28.7
   Vehicle #0 = 2, leaving at = 668.0
   Vehicle #1 = 10, leaving at = 683.0
   Increment on distance indicator: 14.0
   Increment on tard indicator:     0.0
   Value of tmax indicator:         14.0

Task for patient = 25 with skills = {2,5} and cost = 24.0
   Vehicle #0 = 3, leaving at = 690.0
   Vehicle #1 = 12, leaving at = 693.0
   Increment on distance indicator: 15.0
   Increment on tard indicator:     0.0
   Value of tmax indicator:         15.0

Task for patient = 36 with skills = {4,-1} and cost = 19.0
   Vehicle #0 = 12, leaving at = 631.0
   Vehicle #1 = -1, leaving at = inf
   Increment on distance indicator: 13.0
   Increment on tard indicator:     0.0
   Value of tmax indicator:         13.0

Task for patient = 1 with skills = {1,5} and cost = 14.7
   Vehicle #0 = 2, leaving at = 587.0
   Vehicle #1 = 10, leaving at = 629.0
   Increment on distance indicator: 44.0
   Increment on tard indicator:     0.0
   Value of tmax indicator:         44.0

Task for patient = 48 with skills = {0,4} and cost = 83.7
   Vehicle #0 = 1, leaving at = 778.0
   Vehicle #1 = 12, leaving at = 777.0
   Increment on distance indicator: 28.0
   Increment on tard indicator:     0.0
   Value of tmax indicator:         28.0

Task for patient = 44 with skills = {2,-1} and cost = 221.7
   Vehicle #0 = 4, leaving at = 822.0
   Vehicle #1 = -1, leaving at = inf
   Increment on distance indicator: 5.0
   Increment on tard indicator:     0.0
   Value of tmax indicator:         5.0

Task for patient = 67 with skills = {2,3} and cost = 220.0
   Vehicle #0 = 9, leaving at = 610.0
   Vehicle #1 = 14, leaving at = 659.0
   Increment on distance indicator: 15.0
   Increment on tard indicator:     0.0
   Value of tmax indicator:         15.0

Task for patient = 37 with skills = {0,-1} and cost = 215.0
   Vehicle #0 = 8, leaving at = 701.0
   Vehicle #1 = -1, leaving at = inf
   Increment on distance indicator: 9.0
   Increment on tard indicator:     0.0
   Value of tmax indicator:         9.0

Task for patient = 45 with skills = {3,-1} and cost = 212.0
   Vehicle #0 = 11, leaving at = 793.0
   Vehicle #1 = -1, leaving at = inf
   Increment on distance indicator: 4.0
   Increment on tard indicator:     0.0
   Value of tmax indicator:         4.0

Task for patient = 35 with skills = {4,-1} and cost = 210.7
   Vehicle #0 = 10, leaving at = 874.0
   Vehicle #1 = -1, leaving at = inf
   Increment on distance indicator: 11.0
   Increment on tard indicator:     0.0
   Value of tmax indicator:         11.0

Task for patient = 59 with skills = {4,-1} and cost = 207.0
   Vehicle #0 = 10, leaving at = 847.0
   Vehicle #1 = -1, leaving at = inf
   Increment on distance indicator: 6.0
   Increment on tard indicator:     0.0
   Value of tmax indicator:         6.0

Task for patient = 69 with skills = {0,-1} and cost = 205.0
   Vehicle #0 = 6, leaving at = 768.0
   Vehicle #1 = -1, leaving at = inf
   Increment on distance indicator: 6.0
   Increment on tard indicator:     0.0
   Value of tmax indicator:         6.0

Task for patient = 74 with skills = {4,-1} and cost = 203.0
   Vehicle #0 = 12, leaving at = 863.0
   Vehicle #1 = -1, leaving at = inf
   Increment on distance indicator: 7.0
   Increment on tard indicator:     0.0
   Value of tmax indicator:         7.0

Task for patient = 57 with skills = {3,-1} and cost = 200.7
   Vehicle #0 = 18, leaving at = 851.0
   Vehicle #1 = -1, leaving at = inf
   Increment on distance indicator: 5.0
   Increment on tard indicator:     0.0
   Value of tmax indicator:         5.0

Task for patient = 7 with skills = {0,-1} and cost = 199.0
   Vehicle #0 = 2, leaving at = 886.0
   Vehicle #1 = -1, leaving at = inf
   Increment on distance indicator: 3.0
   Increment on tard indicator:     0.0
   Value of tmax indicator:         3.0

Task for patient = 62 with skills = {2,-1} and cost = 198.0
   Vehicle #0 = 4, leaving at = 778.0
   Vehicle #1 = -1, leaving at = inf
   Increment on distance indicator: 5.0
   Increment on tard indicator:     0.0
   Value of tmax indicator:         5.0

Task for patient = 76 with skills = {0,5} and cost = 134.0
   Vehicle #0 = 6, leaving at = 641.0
   Vehicle #1 = 15, leaving at = 665.0
   Increment on distance indicator: 11.0
   Increment on tard indicator:     0.0
   Value of tmax indicator:         11.0

Task for patient = 54 with skills = {5,-1} and cost = 194.7
   Vehicle #0 = 17, leaving at = 828.0
   Vehicle #1 = -1, leaving at = inf
   Increment on distance indicator: 8.0
   Increment on tard indicator:     0.0
   Value of tmax indicator:         8.0

Task for patient = 89 with skills = {2,4} and cost = 192.0
   Vehicle #0 = 7, leaving at = 734.0
   Vehicle #1 = 19, leaving at = 793.0
   Increment on distance indicator: 12.0
   Increment on tard indicator:     0.0
   Value of tmax indicator:         12.0

Task for patient = 27 with skills = {5,-1} and cost = 188.0
   Vehicle #0 = 15, leaving at = 716.0
   Vehicle #1 = -1, leaving at = inf
   Increment on distance indicator: 4.0
   Increment on tard indicator:     0.0
   Value of tmax indicator:         4.0

Task for patient = 73 with skills = {1,4} and cost = 186.7
   Vehicle #0 = 7, leaving at = 708.0
   Vehicle #1 = 19, leaving at = 696.0
   Increment on distance indicator: 15.0
   Increment on tard indicator:     0.0
   Value of tmax indicator:         15.0

Task for patient = 6 with skills = {3,-1} and cost = 181.7
   Vehicle #0 = 14, leaving at = 530.0
   Vehicle #1 = -1, leaving at = inf
   Increment on distance indicator: 10.0
   Increment on tard indicator:     0.0
   Value of tmax indicator:         10.0

Task for patient = 21 with skills = {1,-1} and cost = 178.3
   Vehicle #0 = 7, leaving at = 632.0
   Vehicle #1 = -1, leaving at = inf
   Increment on distance indicator: 12.0
   Increment on tard indicator:     0.0
   Value of tmax indicator:         12.0

Task for patient = 8 with skills = {2,-1} and cost = 174.3
   Vehicle #0 = 8, leaving at = 510.0
   Vehicle #1 = -1, leaving at = inf
   Increment on distance indicator: 20.0
   Increment on tard indicator:     0.0
   Value of tmax indicator:         20.0

Task for patient = 13 with skills = {2,5} and cost = 167.7
   Vehicle #0 = 7, leaving at = 585.0
   Vehicle #1 = 19, leaving at = 594.0
   Increment on distance indicator: 32.0
   Increment on tard indicator:     0.0
   Value of tmax indicator:         32.0

Task for patient = 19 with skills = {2,4} and cost = 157.0
   Vehicle #0 = 2, leaving at = 855.0
   Vehicle #1 = 18, leaving at = 828.0
   Increment on distance indicator: 22.0
   Increment on tard indicator:     0.0
   Value of tmax indicator:         22.0

Task for patient = 32 with skills = {5,-1} and cost = 149.7
   Vehicle #0 = 17, leaving at = 531.0
   Vehicle #1 = -1, leaving at = inf
   Increment on distance indicator: 22.0
   Increment on tard indicator:     0.0
   Value of tmax indicator:         22.0

Task for patient = 22 with skills = {1,-1} and cost = 142.3
   Vehicle #0 = 6, leaving at = 716.0
   Vehicle #1 = -1, leaving at = inf
   Increment on distance indicator: 7.0
   Increment on tard indicator:     0.0
   Value of tmax indicator:         7.0

Task for patient = 87 with skills = {1,4} and cost = 140.0
   Vehicle #0 = 6, leaving at = 676.0
   Vehicle #1 = 18, leaving at = 698.0
   Increment on distance indicator: 18.0
   Increment on tard indicator:     0.0
   Value of tmax indicator:         18.0

Task for patient = 61 with skills = {5,-1} and cost = 196.3
   Vehicle #0 = 13, leaving at = 737.0
   Vehicle #1 = -1, leaving at = inf
   Increment on distance indicator: 5.0
   Increment on tard indicator:     0.0
   Value of tmax indicator:         5.0


Unused vehicle list: (total = 0 out of 20)

---
Search finished.
Total of 448 generations in 1.2 seconds.
Exchange elite runs: 0
Implicit path relinking runs: 4
Reset attempts: 0

Best solution found:
   Cost: 492.3
   Total travel time: 1475.0
   Total tardiness time: 1.0
   Largest tardiness: 1.0


492.3
