--- BRKGA-MP-IPR for HHCRSP ---
Instance: new-instances/HHCRSP_100_20_70_1.6_R_RC.txt
Seed: 1

Reading data... Problem contains 100 patients  and 20 caregivers.

Summary of supply x demand for each service type:
Skill 0 has supply = 8 and demand = 28, ratio = 0.285714
Skill 1 has supply = 6 and demand = 21, ratio = 0.285714
Skill 2 has supply = 7 and demand = 19, ratio = 0.368421
Skill 3 has supply = 9 and demand = 27, ratio = 0.333333
Skill 4 has supply = 7 and demand = 14, ratio = 0.5
Skill 5 has supply = 8 and demand = 21, ratio = 0.380952

Reading parameters...
Inferred distance function by PR type: kendall-tau
Building BRKGA data and initializing...
Evolving 448 generations...

  Gens  Rem    Local   ElDiv NoImpr             Best solution            Time  Op
                                       Cost     Dist    Tard    TMax 
*    0  448  3063.33  343.16      0  3063.33  2556.00  6244.0   390.0     0.0    
*    2  446  2998.67  256.95      0  2998.67  2465.00  4641.0   314.0     0.0    
*    3  445  2473.33  261.20      0  2473.33  2465.00  4641.0   314.0     0.0    
*    6  442  2105.00  209.72      0  2105.00  2402.00  3538.0   375.0     0.0    
*   10  438  2022.33  163.05      0  2022.33  2492.00  2704.0   331.0     0.0    
*   11  437  1842.33  147.63      0  1842.33  2540.00  2474.0   291.0     0.0    
*   12  436  1768.33  124.16      0  1768.33  2540.00  2474.0   291.0     0.0    
*   14  434  1484.67  121.89      0  1484.67  2380.00  1864.0   210.0     0.0    
*   16  432  1274.33   95.69      0  1274.33  2285.00  1328.0   210.0     0.0    
*   18  430  1126.33  112.16      0  1126.33  2318.00   960.0   101.0     0.0    
*   21  427  1061.33   63.41      0  1061.33  2292.00   683.0   125.0     0.0    
*   22  426  1033.33   49.79      0  1033.33  2406.00   541.0   150.0     0.0    
*   23  425  1032.33   58.77      0  1032.33  2272.00   463.0    99.0     0.0    
*   24  424   944.67   55.26      0   944.67  2272.00   463.0    99.0     0.1    
*   26  422   918.33   54.83      0   918.33  2233.00   219.0    83.0     0.1    

  Gens  Rem    Local   ElDiv NoImpr             Best solution            Time  Op
                                       Cost     Dist    Tard    TMax 
*   27  421   845.00   54.02      0   845.00  2233.00   219.0    83.0     0.1    
*   29  419   761.00   50.23      0   761.00  2182.00    78.0    23.0     0.1    
*   35  413   699.33   36.45      0   699.33  2054.00    34.0    10.0     0.1    
*   44  404   681.33   14.83      0   681.33  2023.00    15.0     6.0     0.1    
*   47  401   679.67   14.87      0   679.67  2037.00     1.0     1.0     0.1    
    50  398   679.67   13.27      3   679.67  2037.00     1.0     1.0     0.1    
*   55  393   670.00   11.72      0   670.00  1998.00     6.0     6.0     0.1    
*   62  386   648.67   10.93      0   648.67  1930.00     9.0     7.0     0.1    
*   71  377   633.67   10.38      0   633.67  1899.00     1.0     1.0     0.1    
*   79  369   631.00    9.03      0   631.00  1878.00     9.0     6.0     0.2    
*   90  358   629.33    6.14      0   629.33  1888.00     0.0     0.0     0.2    
*   92  356   628.67    6.58      0   628.67  1865.00    10.0     6.0     0.2    
*   93  355   627.00    6.32      0   627.00  1865.00    10.0     6.0     0.2    
Path relinking result: too homogeneous.
    96  352   627.00    5.94      4   627.00  1865.00    10.0     6.0     0.2   P
*   98  350   613.67    6.77      0   613.67  1829.00     6.0     6.0     0.2    
   100  348   613.67    6.55      2   613.67  1829.00     6.0     6.0     0.2    

  Gens  Rem    Local   ElDiv NoImpr             Best solution            Time  Op
                                       Cost     Dist    Tard    TMax 
*  105  343   609.00    5.90      0   609.00  1815.00     6.0     6.0     0.2    
*  110  338   603.33    4.85      0   603.33  1788.00    14.0     8.0     0.2    
*  112  336   599.67    4.49      0   599.67  1779.00    13.0     7.0     0.2    
*  115  333   596.00    4.57      0   596.00  1763.00     6.0     6.0     0.2    
*  116  332   591.67    4.50      0   591.67  1763.00     6.0     6.0     0.2    
*  118  330   588.00    4.41      0   588.00  1752.00     6.0     6.0     0.2    
*  121  327   586.33    3.71      0   586.33  1747.00     6.0     6.0     0.2    
*  124  324   583.33    2.12      0   583.33  1735.00     6.0     6.0     0.3    
*  125  323   582.33    1.93      0   582.33  1735.00     6.0     6.0     0.3    
*  127  321   581.67    1.91      0   581.67  1733.00     6.0     6.0     0.3    
*  130  318   580.67    0.57      0   580.67  1726.00    10.0     6.0     0.3    
*  133  315   580.33    0.37      0   580.33  1729.00     6.0     6.0     0.3    
*  135  313   580.00    0.32      0   580.00  1724.00    10.0     6.0     0.3    
*  137  311   579.33    0.33      0   579.33  1726.00     6.0     6.0     0.3    
*  139  309   579.00    0.18      0   579.00  1725.00     6.0     6.0     0.3    
*  142  306   578.33    0.36      0   578.33  1721.00     6.0     6.0     0.3    

  Gens  Rem    Local   ElDiv NoImpr             Best solution            Time  Op
                                       Cost     Dist    Tard    TMax 
*  143  305   577.67    0.55      0   577.67  1721.00     6.0     6.0     0.3    
   150  298   577.67    0.00      7   577.67  1721.00     6.0     6.0     0.3    
*  155  293   577.33    0.10      0   577.33  1720.00     6.0     6.0     0.3    
*  167  281   575.67    0.21      0   575.67  1715.00     6.0     6.0     0.4    
*  172  276   574.33    0.68      0   574.33  1711.00     6.0     6.0     0.4    
*  182  266   569.67    0.81      0   569.67  1697.00     6.0     6.0     0.4    
Path relinking result: too homogeneous.
   192  256   569.67    0.00     11   569.67  1697.00     6.0     6.0     0.4   P
*  194  254   568.67    0.12      0   568.67  1694.00     6.0     6.0     0.4    
   200  248   568.67    0.00      6   568.67  1694.00     6.0     6.0     0.4    
*  230  218   568.33    0.06      0   568.33  1693.00     6.0     6.0     0.5    
*  232  216   564.67    0.96      0   564.67  1694.00     0.0     0.0     0.5    
*  236  212   564.33    1.72      0   564.33  1693.00     0.0     0.0     0.5    
   250  198   564.33    0.00     14   564.33  1693.00     0.0     0.0     0.5    
*  257  191   563.67    0.08      0   563.67  1691.00     0.0     0.0     0.5    
Path relinking result: too homogeneous.
   288  160   563.67    0.00     32   563.67  1691.00     0.0     0.0     0.6   P
*  290  158   562.33    0.16      0   562.33  1687.00     0.0     0.0     0.6    

  Gens  Rem    Local   ElDiv NoImpr             Best solution            Time  Op
                                       Cost     Dist    Tard    TMax 
*  300  148   555.00    0.90      0   555.00  1665.00     0.0     0.0     0.6    
   350   98   555.00    0.00     50   555.00  1665.00     0.0     0.0     0.7    
   367   81      inf  385.95      0   555.00  1665.00     0.0     0.0     0.8   R
   368   80  2728.00  350.09      0   555.00  1665.00     0.0     0.0     0.8    
Path relinking result: too homogeneous.
   384   64  1198.00  110.30      2   555.00  1665.00     0.0     0.0     0.8   P
   400   48   793.67   34.36      2   555.00  1665.00     0.0     0.0     0.8    
   448    0   653.00    7.08      2   555.00  1665.00     0.0     0.0     0.9    
Evolutionary process finished.
Solution written to 'solution-39727.txt'.

Sorted sequence of worst to best tardiness value:
Task for patient = 30 with skills = {0,4} and cost = 415.7
   Vehicle #0 = 2, leaving at = 1021.0
   Vehicle #1 = 10, leaving at = 1003.0
   Increment on distance indicator: 11.0
   Increment on tard indicator:     4.0
   Value of tmax indicator:         11.0

Task for patient = 16 with skills = {0,-1} and cost = 196.3
   Vehicle #0 = 1, leaving at = 858.0
   Vehicle #1 = -1, leaving at = inf
   Increment on distance indicator: 4.0
   Increment on tard indicator:     2.0
   Value of tmax indicator:         4.0

Task for patient = 53 with skills = {0,-1} and cost = 268.7
   Vehicle #0 = 1, leaving at = 964.0
   Vehicle #1 = -1, leaving at = inf
   Increment on distance indicator: 5.0
   Increment on tard indicator:     1.0
   Value of tmax indicator:         5.0

Task for patient = 69 with skills = {2,-1} and cost = 270.0
   Vehicle #0 = 7, leaving at = 786.0
   Vehicle #1 = -1, leaving at = inf
   Increment on distance indicator: 4.0
   Increment on tard indicator:     0.0
   Value of tmax indicator:         4.0

Task for patient = 42 with skills = {3,-1} and cost = 359.3
   Vehicle #0 = 13, leaving at = 1029.0
   Vehicle #1 = -1, leaving at = inf
   Increment on distance indicator: 3.0
   Increment on tard indicator:     0.0
   Value of tmax indicator:         3.0

Task for patient = 81 with skills = {3,-1} and cost = 358.3
   Vehicle #0 = 18, leaving at = 784.0
   Vehicle #1 = -1, leaving at = inf
   Increment on distance indicator: 17.0
   Increment on tard indicator:     0.0
   Value of tmax indicator:         17.0

Task for patient = 79 with skills = {5,-1} and cost = 352.7
   Vehicle #0 = 13, leaving at = 970.0
   Vehicle #1 = -1, leaving at = inf
   Increment on distance indicator: 5.0
   Increment on tard indicator:     0.0
   Value of tmax indicator:         5.0

Task for patient = 72 with skills = {2,-1} and cost = 351.0
   Vehicle #0 = 8, leaving at = 942.0
   Vehicle #1 = -1, leaving at = inf
   Increment on distance indicator: 17.0
   Increment on tard indicator:     0.0
   Value of tmax indicator:         17.0

Task for patient = 71 with skills = {0,5} and cost = 345.3
   Vehicle #0 = 8, leaving at = 884.0
   Vehicle #1 = 12, leaving at = 919.0
   Increment on distance indicator: 11.0
   Increment on tard indicator:     0.0
   Value of tmax indicator:         11.0

Task for patient = 60 with skills = {0,-1} and cost = 341.7
   Vehicle #0 = 1, leaving at = 1024.0
   Vehicle #1 = -1, leaving at = inf
   Increment on distance indicator: 4.0
   Increment on tard indicator:     0.0
   Value of tmax indicator:         4.0

Task for patient = 10 with skills = {3,-1} and cost = 340.3
   Vehicle #0 = 14, leaving at = 845.0
   Vehicle #1 = -1, leaving at = inf
   Increment on distance indicator: 8.0
   Increment on tard indicator:     0.0
   Value of tmax indicator:         8.0

Task for patient = 8 with skills = {0,-1} and cost = 337.7
   Vehicle #0 = 4, leaving at = 803.0
   Vehicle #1 = -1, leaving at = inf
   Increment on distance indicator: 10.0
   Increment on tard indicator:     0.0
   Value of tmax indicator:         10.0

Task for patient = 21 with skills = {5,-1} and cost = 334.3
   Vehicle #0 = 17, leaving at = 869.0
   Vehicle #1 = -1, leaving at = inf
   Increment on distance indicator: 16.0
   Increment on tard indicator:     0.0
   Value of tmax indicator:         16.0

Task for patient = 33 with skills = {0,-1} and cost = 329.0
   Vehicle #0 = 4, leaving at = 700.0
   Vehicle #1 = -1, leaving at = inf
   Increment on distance indicator: 24.0
   Increment on tard indicator:     0.0
   Value of tmax indicator:         24.0

Task for patient = 88 with skills = {2,3} and cost = 321.0
   Vehicle #0 = 0, leaving at = 849.0
   Vehicle #1 = 11, leaving at = 814.0
   Increment on distance indicator: 16.0
   Increment on tard indicator:     0.0
   Value of tmax indicator:         16.0

Task for patient = 40 with skills = {0,-1} and cost = 315.7
   Vehicle #0 = 8, leaving at = 841.0
   Vehicle #1 = -1, leaving at = inf
   Increment on distance indicator: 9.0
   Increment on tard indicator:     0.0
   Value of tmax indicator:         9.0

Task for patient = 99 with skills = {1,-1} and cost = 312.7
   Vehicle #0 = 9, leaving at = 829.0
   Vehicle #1 = -1, leaving at = inf
   Increment on distance indicator: 8.0
   Increment on tard indicator:     0.0
   Value of tmax indicator:         8.0

Task for patient = 74 with skills = {2,3} and cost = 310.0
   Vehicle #0 = 8, leaving at = 779.0
   Vehicle #1 = 14, leaving at = 780.0
   Increment on distance indicator: 31.0
   Increment on tard indicator:     0.0
   Value of tmax indicator:         31.0

Task for patient = 63 with skills = {2,3} and cost = 299.7
   Vehicle #0 = 0, leaving at = 791.0
   Vehicle #1 = 11, leaving at = 767.0
   Increment on distance indicator: 25.0
   Increment on tard indicator:     0.0
   Value of tmax indicator:         25.0

Task for patient = 12 with skills = {4,-1} and cost = 291.3
   Vehicle #0 = 10, leaving at = 703.0
   Vehicle #1 = -1, leaving at = inf
   Increment on distance indicator: 12.0
   Increment on tard indicator:     0.0
   Value of tmax indicator:         12.0

Task for patient = 46 with skills = {0,-1} and cost = 287.3
   Vehicle #0 = 8, leaving at = 718.0
   Vehicle #1 = -1, leaving at = inf
   Increment on distance indicator: 6.0
   Increment on tard indicator:     0.0
   Value of tmax indicator:         6.0

Task for patient = 98 with skills = {1,3} and cost = 285.3
   Vehicle #0 = 7, leaving at = 829.0
   Vehicle #1 = 15, leaving at = 880.0
   Increment on distance indicator: 4.0
   Increment on tard indicator:     0.0
   Value of tmax indicator:         4.0

Task for patient = 28 with skills = {1,-1} and cost = 284.0
   Vehicle #0 = 3, leaving at = 836.0
   Vehicle #1 = -1, leaving at = inf
   Increment on distance indicator: 11.0
   Increment on tard indicator:     0.0
   Value of tmax indicator:         11.0

Task for patient = 59 with skills = {1,3} and cost = 280.3
   Vehicle #0 = 9, leaving at = 776.0
   Vehicle #1 = 17, leaving at = 760.0
   Increment on distance indicator: 29.0
   Increment on tard indicator:     0.0
   Value of tmax indicator:         29.0

Task for patient = 51 with skills = {2,-1} and cost = 270.7
   Vehicle #0 = 7, leaving at = 805.0
   Vehicle #1 = -1, leaving at = inf
   Increment on distance indicator: 2.0
   Increment on tard indicator:     0.0
   Value of tmax indicator:         2.0

Task for patient = 84 with skills = {3,-1} and cost = 362.3
   Vehicle #0 = 16, leaving at = 939.0
   Vehicle #1 = -1, leaving at = inf
   Increment on distance indicator: 9.0
   Increment on tard indicator:     0.0
   Value of tmax indicator:         9.0

Task for patient = 6 with skills = {5,-1} and cost = 493.3
   Vehicle #0 = 16, leaving at = 1024.0
   Vehicle #1 = -1, leaving at = inf
   Increment on distance indicator: 14.0
   Increment on tard indicator:     0.0
   Value of tmax indicator:         14.0

Task for patient = 47 with skills = {0,-1} and cost = 486.3
   Vehicle #0 = 8, leaving at = 982.0
   Vehicle #1 = -1, leaving at = inf
   Increment on distance indicator: 9.0
   Increment on tard indicator:     0.0
   Value of tmax indicator:         9.0

Task for patient = 5 with skills = {1,5} and cost = 483.3
   Vehicle #0 = 7, leaving at = 970.0
   Vehicle #1 = 17, leaving at = 1022.0
   Increment on distance indicator: 30.0
   Increment on tard indicator:     0.0
   Value of tmax indicator:         30.0

Task for patient = 73 with skills = {3,-1} and cost = 473.3
   Vehicle #0 = 15, leaving at = 991.0
   Vehicle #1 = -1, leaving at = inf
   Increment on distance indicator: 2.0
   Increment on tard indicator:     0.0
   Value of tmax indicator:         2.0

Task for patient = 55 with skills = {1,3} and cost = 472.7
   Vehicle #0 = 6, leaving at = 1028.0
   Vehicle #1 = 12, leaving at = 1050.0
   Increment on distance indicator: 18.0
   Increment on tard indicator:     0.0
   Value of tmax indicator:         18.0

Task for patient = 50 with skills = {5,-1} and cost = 466.7
   Vehicle #0 = 19, leaving at = 1018.0
   Vehicle #1 = -1, leaving at = inf
   Increment on distance indicator: 9.0
   Increment on tard indicator:     0.0
   Value of tmax indicator:         9.0

Task for patient = 13 with skills = {5,-1} and cost = 463.7
   Vehicle #0 = 17, leaving at = 970.0
   Vehicle #1 = -1, leaving at = inf
   Increment on distance indicator: 15.0
   Increment on tard indicator:     0.0
   Value of tmax indicator:         15.0

Task for patient = 76 with skills = {2,-1} and cost = 458.7
   Vehicle #0 = 3, leaving at = 912.0
   Vehicle #1 = -1, leaving at = inf
   Increment on distance indicator: 7.0
   Increment on tard indicator:     0.0
   Value of tmax indicator:         7.0

Task for patient = 61 with skills = {0,3} and cost = 456.3
   Vehicle #0 = 4, leaving at = 940.0
   Vehicle #1 = 14, leaving at = 950.0
   Increment on distance indicator: 8.0
   Increment on tard indicator:     0.0
   Value of tmax indicator:         8.0

Task for patient = 87 with skills = {1,4} and cost = 453.7
   Vehicle #0 = 6, leaving at = 965.0
   Vehicle #1 = 19, leaving at = 960.0
   Increment on distance indicator: 36.0
   Increment on tard indicator:     0.0
   Value of tmax indicator:         36.0

Task for patient = 56 with skills = {0,-1} and cost = 441.7
   Vehicle #0 = 7, leaving at = 921.0
   Vehicle #1 = -1, leaving at = inf
   Increment on distance indicator: 3.0
   Increment on tard indicator:     0.0
   Value of tmax indicator:         3.0

Task for patient = 83 with skills = {3,-1} and cost = 368.3
   Vehicle #0 = 11, leaving at = 887.0
   Vehicle #1 = -1, leaving at = inf
   Increment on distance indicator: 18.0
   Increment on tard indicator:     0.0
   Value of tmax indicator:         18.0

Task for patient = 25 with skills = {0,-1} and cost = 439.3
   Vehicle #0 = 2, leaving at = 1085.0
   Vehicle #1 = -1, leaving at = inf
   Increment on distance indicator: 6.0
   Increment on tard indicator:     0.0
   Value of tmax indicator:         6.0

Task for patient = 90 with skills = {0,3} and cost = 437.3
   Vehicle #0 = 9, leaving at = 961.0
   Vehicle #1 = 17, leaving at = 932.0
   Increment on distance indicator: 10.0
   Increment on tard indicator:     0.0
   Value of tmax indicator:         10.0

Task for patient = 36 with skills = {0,5} and cost = 434.0
   Vehicle #0 = 4, leaving at = 865.0
   Vehicle #1 = 19, leaving at = 887.0
   Increment on distance indicator: 49.0
   Increment on tard indicator:     0.0
   Value of tmax indicator:         49.0

Task for patient = 14 with skills = {0,4} and cost = 417.7
   Vehicle #0 = 0, leaving at = 942.0
   Vehicle #1 = 11, leaving at = 935.0
   Increment on distance indicator: 6.0
   Increment on tard indicator:     0.0
   Value of tmax indicator:         6.0

Task for patient = 27 with skills = {1,-1} and cost = 410.7
   Vehicle #0 = 1, leaving at = 1086.0
   Vehicle #1 = -1, leaving at = inf
   Increment on distance indicator: 5.0
   Increment on tard indicator:     0.0
   Value of tmax indicator:         5.0

Task for patient = 2 with skills = {1,5} and cost = 409.0
   Vehicle #0 = 5, leaving at = 871.0
   Vehicle #1 = 18, leaving at = 857.0
   Increment on distance indicator: 59.0
   Increment on tard indicator:     0.0
   Value of tmax indicator:         59.0

Task for patient = 1 with skills = {0,-1} and cost = 389.3
   Vehicle #0 = 7, leaving at = 864.0
   Vehicle #1 = -1, leaving at = inf
   Increment on distance indicator: 4.0
   Increment on tard indicator:     0.0
   Value of tmax indicator:         4.0

Task for patient = 48 with skills = {0,-1} and cost = 388.0
   Vehicle #0 = 2, leaving at = 978.0
   Vehicle #1 = -1, leaving at = inf
   Increment on distance indicator: 5.0
   Increment on tard indicator:     0.0
   Value of tmax indicator:         5.0

Task for patient = 64 with skills = {2,-1} and cost = 386.3
   Vehicle #0 = 0, leaving at = 883.0
   Vehicle #1 = -1, leaving at = inf
   Increment on distance indicator: 17.0
   Increment on tard indicator:     0.0
   Value of tmax indicator:         17.0

Task for patient = 49 with skills = {3,-1} and cost = 380.7
   Vehicle #0 = 17, leaving at = 909.0
   Vehicle #1 = -1, leaving at = inf
   Increment on distance indicator: 17.0
   Increment on tard indicator:     0.0
   Value of tmax indicator:         17.0

Task for patient = 35 with skills = {0,3} and cost = 375.0
   Vehicle #0 = 2, leaving at = 945.0
   Vehicle #1 = 12, leaving at = 954.0
   Increment on distance indicator: 15.0
   Increment on tard indicator:     0.0
   Value of tmax indicator:         15.0

Task for patient = 54 with skills = {5,-1} and cost = 370.0
   Vehicle #0 = 13, leaving at = 1058.0
   Vehicle #1 = -1, leaving at = inf
   Increment on distance indicator: 5.0
   Increment on tard indicator:     0.0
   Value of tmax indicator:         5.0

Task for patient = 86 with skills = {4,-1} and cost = 440.7
   Vehicle #0 = 15, leaving at = 912.0
   Vehicle #1 = -1, leaving at = inf
   Increment on distance indicator: 4.0
   Increment on tard indicator:     0.0
   Value of tmax indicator:         4.0

Task for patient = 94 with skills = {1,5} and cost = 142.7
   Vehicle #0 = 5, leaving at = 685.0
   Vehicle #1 = 11, leaving at = 710.0
   Increment on distance indicator: 5.0
   Increment on tard indicator:     0.0
   Value of tmax indicator:         5.0

Task for patient = 15 with skills = {1,-1} and cost = 141.0
   Vehicle #0 = 1, leaving at = 787.0
   Vehicle #1 = -1, leaving at = inf
   Increment on distance indicator: 8.0
   Increment on tard indicator:     0.0
   Value of tmax indicator:         8.0

Task for patient = 100 with skills = {2,-1} and cost = 138.3
   Vehicle #0 = 1, leaving at = 735.0
   Vehicle #1 = -1, leaving at = inf
   Increment on distance indicator: 2.0
   Increment on tard indicator:     0.0
   Value of tmax indicator:         2.0

Task for patient = 19 with skills = {0,5} and cost = 137.7
   Vehicle #0 = 4, leaving at = 544.0
   Vehicle #1 = 16, leaving at = 548.0
   Increment on distance indicator: 42.0
   Increment on tard indicator:     0.0
   Value of tmax indicator:         42.0

Task for patient = 18 with skills = {1,-1} and cost = 123.7
   Vehicle #0 = 1, leaving at = 714.0
   Vehicle #1 = -1, leaving at = inf
   Increment on distance indicator: 16.0
   Increment on tard indicator:     0.0
   Value of tmax indicator:         16.0

Task for patient = 67 with skills = {1,-1} and cost = 118.3
   Vehicle #0 = 6, leaving at = 565.0
   Vehicle #1 = -1, leaving at = inf
   Increment on distance indicator: 31.0
   Increment on tard indicator:     0.0
   Value of tmax indicator:         31.0

Task for patient = 80 with skills = {0,4} and cost = 108.0
   Vehicle #0 = 2, leaving at = 685.0
   Vehicle #1 = 15, leaving at = 693.0
   Increment on distance indicator: 26.0
   Increment on tard indicator:     0.0
   Value of tmax indicator:         26.0

Task for patient = 32 with skills = {2,-1} and cost = 99.3
   Vehicle #0 = 1, leaving at = 675.0
   Vehicle #1 = -1, leaving at = inf
   Increment on distance indicator: 8.0
   Increment on tard indicator:     0.0
   Value of tmax indicator:         8.0

Task for patient = 75 with skills = {1,-1} and cost = 96.7
   Vehicle #0 = 5, leaving at = 658.0
   Vehicle #1 = -1, leaving at = inf
   Increment on distance indicator: 20.0
   Increment on tard indicator:     0.0
   Value of tmax indicator:         20.0

Task for patient = 52 with skills = {4,-1} and cost = 90.0
   Vehicle #0 = 10, leaving at = 629.0
   Vehicle #1 = -1, leaving at = inf
   Increment on distance indicator: 15.0
   Increment on tard indicator:     0.0
   Value of tmax indicator:         15.0

Task for patient = 43 with skills = {1,4} and cost = 85.0
   Vehicle #0 = 3, leaving at = 633.0
   Vehicle #1 = 15, leaving at = 658.0
   Increment on distance indicator: 26.0
   Increment on tard indicator:     0.0
   Value of tmax indicator:         26.0

Task for patient = 29 with skills = {4,-1} and cost = 488.7
   Vehicle #0 = 16, leaving at = 965.0
   Vehicle #1 = -1, leaving at = inf
   Increment on distance indicator: 7.0
   Increment on tard indicator:     0.0
   Value of tmax indicator:         7.0

Task for patient = 23 with skills = {4,-1} and cost = 72.7
   Vehicle #0 = 15, leaving at = 605.0
   Vehicle #1 = -1, leaving at = inf
   Increment on distance indicator: 9.0
   Increment on tard indicator:     0.0
   Value of tmax indicator:         9.0

Task for patient = 3 with skills = {3,-1} and cost = 69.7
   Vehicle #0 = 12, leaving at = 590.0
   Vehicle #1 = -1, leaving at = inf
   Increment on distance indicator: 5.0
   Increment on tard indicator:     0.0
   Value of tmax indicator:         5.0

Task for patient = 9 with skills = {3,-1} and cost = 68.0
   Vehicle #0 = 13, leaving at = 558.0
   Vehicle #1 = -1, leaving at = inf
   Increment on distance indicator: 17.0
   Increment on tard indicator:     0.0
   Value of tmax indicator:         17.0

Task for patient = 82 with skills = {2,-1} and cost = 62.3
   Vehicle #0 = 3, leaving at = 603.0
   Vehicle #1 = -1, leaving at = inf
   Increment on distance indicator: 16.0
   Increment on tard indicator:     0.0
   Value of tmax indicator:         16.0

Task for patient = 38 with skills = {4,-1} and cost = 57.0
   Vehicle #0 = 13, leaving at = 504.0
   Vehicle #1 = -1, leaving at = inf
   Increment on distance indicator: 20.0
   Increment on tard indicator:     0.0
   Value of tmax indicator:         20.0

Task for patient = 78 with skills = {2,3} and cost = 50.3
   Vehicle #0 = 0, leaving at = 698.0
   Vehicle #1 = 11, leaving at = 676.0
   Increment on distance indicator: 4.0
   Increment on tard indicator:     0.0
   Value of tmax indicator:         4.0

Task for patient = 58 with skills = {2,5} and cost = 49.0
   Vehicle #0 = 0, leaving at = 595.0
   Vehicle #1 = 11, leaving at = 638.0
   Increment on distance indicator: 8.0
   Increment on tard indicator:     0.0
   Value of tmax indicator:         8.0

Task for patient = 97 with skills = {4,-1} and cost = 46.3
   Vehicle #0 = 10, leaving at = 568.0
   Vehicle #1 = -1, leaving at = inf
   Increment on distance indicator: 25.0
   Increment on tard indicator:     0.0
   Value of tmax indicator:         25.0

Task for patient = 22 with skills = {2,3} and cost = 38.0
   Vehicle #0 = 3, leaving at = 550.0
   Vehicle #1 = 12, leaving at = 535.0
   Increment on distance indicator: 48.0
   Increment on tard indicator:     0.0
   Value of tmax indicator:         48.0

Task for patient = 4 with skills = {1,-1} and cost = 22.0
   Vehicle #0 = 1, leaving at = 636.0
   Vehicle #1 = -1, leaving at = inf
   Increment on distance indicator: 26.0
   Increment on tard indicator:     0.0
   Value of tmax indicator:         26.0

Task for patient = 93 with skills = {2,3} and cost = 13.3
   Vehicle #0 = 0, leaving at = 561.0
   Vehicle #1 = 11, leaving at = 580.0
   Increment on distance indicator: 40.0
   Increment on tard indicator:     0.0
   Value of tmax indicator:         40.0

Task for patient = 96 with skills = {5,-1} and cost = 76.3
   Vehicle #0 = 12, leaving at = 674.0
   Vehicle #1 = -1, leaving at = inf
   Increment on distance indicator: 11.0
   Increment on tard indicator:     0.0
   Value of tmax indicator:         11.0

Task for patient = 57 with skills = {5,-1} and cost = 266.7
   Vehicle #0 = 17, leaving at = 715.0
   Vehicle #1 = -1, leaving at = inf
   Increment on distance indicator: 10.0
   Increment on tard indicator:     0.0
   Value of tmax indicator:         10.0

Task for patient = 34 with skills = {1,5} and cost = 263.3
   Vehicle #0 = 6, leaving at = 859.0
   Vehicle #1 = 16, leaving at = 840.0
   Increment on distance indicator: 18.0
   Increment on tard indicator:     0.0
   Value of tmax indicator:         18.0

Task for patient = 85 with skills = {0,-1} and cost = 257.3
   Vehicle #0 = 2, leaving at = 899.0
   Vehicle #1 = -1, leaving at = inf
   Increment on distance indicator: 6.0
   Increment on tard indicator:     0.0
   Value of tmax indicator:         6.0

Task for patient = 37 with skills = {2,-1} and cost = 255.3
   Vehicle #0 = 7, leaving at = 755.0
   Vehicle #1 = -1, leaving at = inf
   Increment on distance indicator: 5.0
   Increment on tard indicator:     0.0
   Value of tmax indicator:         5.0

Task for patient = 44 with skills = {1,5} and cost = 253.7
   Vehicle #0 = 6, leaving at = 759.0
   Vehicle #1 = 16, leaving at = 793.0
   Increment on distance indicator: 19.0
   Increment on tard indicator:     0.0
   Value of tmax indicator:         19.0

Task for patient = 41 with skills = {0,-1} and cost = 247.3
   Vehicle #0 = 2, leaving at = 823.0
   Vehicle #1 = -1, leaving at = inf
   Increment on distance indicator: 12.0
   Increment on tard indicator:     0.0
   Value of tmax indicator:         12.0

Task for patient = 77 with skills = {0,-1} and cost = 243.3
   Vehicle #0 = 8, leaving at = 559.0
   Vehicle #1 = -1, leaving at = inf
   Increment on distance indicator: 22.0
   Increment on tard indicator:     0.0
   Value of tmax indicator:         22.0

Task for patient = 92 with skills = {1,-1} and cost = 236.0
   Vehicle #0 = 7, leaving at = 705.0
   Vehicle #1 = -1, leaving at = inf
   Increment on distance indicator: 17.0
   Increment on tard indicator:     0.0
   Value of tmax indicator:         17.0

Task for patient = 26 with skills = {2,-1} and cost = 230.3
   Vehicle #0 = 1, leaving at = 905.0
   Vehicle #1 = -1, leaving at = inf
   Increment on distance indicator: 6.0
   Increment on tard indicator:     0.0
   Value of tmax indicator:         6.0

Task for patient = 68 with skills = {0,3} and cost = 228.3
   Vehicle #0 = 4, leaving at = 634.0
   Vehicle #1 = 17, leaving at = 650.0
   Increment on distance indicator: 34.0
   Increment on tard indicator:     0.0
   Value of tmax indicator:         34.0

Task for patient = 95 with skills = {1,-1} and cost = 217.0
   Vehicle #0 = 5, leaving at = 767.0
   Vehicle #1 = -1, leaving at = inf
   Increment on distance indicator: 8.0
   Increment on tard indicator:     0.0
   Value of tmax indicator:         8.0

Task for patient = 20 with skills = {3,-1} and cost = 146.3
   Vehicle #0 = 15, leaving at = 788.0
   Vehicle #1 = -1, leaving at = inf
   Increment on distance indicator: 11.0
   Increment on tard indicator:     0.0
   Value of tmax indicator:         11.0

Task for patient = 62 with skills = {2,3} and cost = 211.7
   Vehicle #0 = 3, leaving at = 682.0
   Vehicle #1 = 14, leaving at = 717.0
   Increment on distance indicator: 40.0
   Increment on tard indicator:     0.0
   Value of tmax indicator:         40.0

Task for patient = 89 with skills = {4,-1} and cost = 198.3
   Vehicle #0 = 13, leaving at = 788.0
   Vehicle #1 = -1, leaving at = inf
   Increment on distance indicator: 6.0
   Increment on tard indicator:     0.0
   Value of tmax indicator:         6.0

Task for patient = 11 with skills = {3,-1} and cost = 193.7
   Vehicle #0 = 14, leaving at = 602.0
   Vehicle #1 = -1, leaving at = inf
   Increment on distance indicator: 6.0
   Increment on tard indicator:     0.0
   Value of tmax indicator:         6.0

Task for patient = 66 with skills = {0,-1} and cost = 191.7
   Vehicle #0 = 2, leaving at = 752.0
   Vehicle #1 = -1, leaving at = inf
   Increment on distance indicator: 7.0
   Increment on tard indicator:     0.0
   Value of tmax indicator:         7.0

Task for patient = 91 with skills = {4,-1} and cost = 189.3
   Vehicle #0 = 16, leaving at = 751.0
   Vehicle #1 = -1, leaving at = inf
   Increment on distance indicator: 14.0
   Increment on tard indicator:     0.0
   Value of tmax indicator:         14.0

Task for patient = 7 with skills = {2,5} and cost = 184.7
   Vehicle #0 = 0, leaving at = 740.0
   Vehicle #1 = 13, leaving at = 735.0
   Increment on distance indicator: 19.0
   Increment on tard indicator:     0.0
   Value of tmax indicator:         19.0

Task for patient = 70 with skills = {5,-1} and cost = 178.3
   Vehicle #0 = 11, leaving at = 739.0
   Vehicle #1 = -1, leaving at = inf
   Increment on distance indicator: 4.0
   Increment on tard indicator:     0.0
   Value of tmax indicator:         4.0

Task for patient = 31 with skills = {3,-1} and cost = 177.0
   Vehicle #0 = 14, leaving at = 581.0
   Vehicle #1 = -1, leaving at = inf
   Increment on distance indicator: 27.0
   Increment on tard indicator:     0.0
   Value of tmax indicator:         27.0

Task for patient = 39 with skills = {3,-1} and cost = 168.0
   Vehicle #0 = 16, leaving at = 685.0
   Vehicle #1 = -1, leaving at = inf
   Increment on distance indicator: 11.0
   Increment on tard indicator:     0.0
   Value of tmax indicator:         11.0

Task for patient = 24 with skills = {0,-1} and cost = 164.3
   Vehicle #0 = 5, leaving at = 719.0
   Vehicle #1 = -1, leaving at = inf
   Increment on distance indicator: 19.0
   Increment on tard indicator:     0.0
   Value of tmax indicator:         19.0

Task for patient = 17 with skills = {5,-1} and cost = 158.0
   Vehicle #0 = 16, leaving at = 623.0
   Vehicle #1 = -1, leaving at = inf
   Increment on distance indicator: 18.0
   Increment on tard indicator:     0.0
   Value of tmax indicator:         18.0

Task for patient = 45 with skills = {1,5} and cost = 152.0
   Vehicle #0 = 1, leaving at = 812.0
   Vehicle #1 = 12, leaving at = 875.0
   Increment on distance indicator: 17.0
   Increment on tard indicator:     0.0
   Value of tmax indicator:         17.0

Task for patient = 65 with skills = {0,-1} and cost = 214.3
   Vehicle #0 = 4, leaving at = 591.0
   Vehicle #1 = -1, leaving at = inf
   Increment on distance indicator: 8.0
   Increment on tard indicator:     0.0
   Value of tmax indicator:         8.0


Unused vehicle list: (total = 0 out of 20)

---
Search finished.
Total of 448 generations in 0.9 seconds.
Exchange elite runs: 0
Implicit path relinking runs: 4
Reset attempts: 1

Best solution found:
   Cost: 555.0
   Total travel time: 1665.0
   Total tardiness time: 0.0
   Largest tardiness: 0.0


555.0
