--- BRKGA-MP-IPR for HHCRSP ---
Instance: new-instances/HHCRSP_100_20_72_1.6_R_C.txt
Seed: 1

Reading data... Problem contains 100 patients  and 20 caregivers.

Summary of supply x demand for each service type:
Skill 0 has supply = 8 and demand = 27, ratio = 0.296296
Skill 1 has supply = 7 and demand = 20, ratio = 0.35
Skill 2 has supply = 6 and demand = 14, ratio = 0.428571
Skill 3 has supply = 8 and demand = 31, ratio = 0.258065
Skill 4 has supply = 8 and demand = 21, ratio = 0.380952
Skill 5 has supply = 5 and demand = 17, ratio = 0.294118

Reading parameters...
Inferred distance function by PR type: kendall-tau
Building BRKGA data and initializing...
Evolving 448 generations...

  Gens  Rem    Local   ElDiv NoImpr             Best solution            Time  Op
                                       Cost     Dist    Tard    TMax 
*    0  448  2682.67  229.18      0  2682.67  2529.00  5102.0   417.0     0.0    
*    2  446  2364.00  240.64      0  2364.00  2548.00  4178.0   366.0     0.0    
*    4  444  2069.00  235.97      0  2069.00  2424.00  3454.0   329.0     0.0    
*    6  442  1873.67  180.87      0  1873.67  2348.00  2577.0   359.0     0.0    
*    7  441  1761.33  185.93      0  1761.33  2402.00  1951.0   324.0     0.0    
*    8  440  1559.00  167.81      0  1559.00  2402.00  1951.0   324.0     0.0    
*   10  438  1442.67  152.44      0  1442.67  2328.00  1760.0   228.0     0.0    
*   11  437  1438.67  144.92      0  1438.67  2328.00  1760.0   228.0     0.0    
*   13  435  1266.67  129.25      0  1266.67  2399.00   847.0   195.0     0.0    
*   14  434  1147.00  118.31      0  1147.00  2399.00   847.0   195.0     0.0    
*   16  432   989.33  110.20      0   989.33  2247.00   409.0   220.0     0.0    
*   17  431   958.67   98.62      0   958.67  2304.00   399.0   112.0     0.0    
*   18  430   938.33  103.47      0   938.33  2279.00   195.0    61.0     0.0    
*   19  429   845.00   87.87      0   845.00  2279.00   195.0    61.0     0.0    
*   22  426   840.33   61.42      0   840.33  2171.00   273.0    77.0     0.1    

  Gens  Rem    Local   ElDiv NoImpr             Best solution            Time  Op
                                       Cost     Dist    Tard    TMax 
*   26  422   830.67   47.93      0   830.67  2265.00   170.0    57.0     0.1    
*   29  419   790.67   37.45      0   790.67  2277.00    75.0    20.0     0.1    
*   32  416   765.00   26.28      0   765.00  2166.00    96.0    33.0     0.1    
*   34  414   724.33   27.22      0   724.33  2159.00    10.0     4.0     0.1    
*   41  407   713.33   24.39      0   713.33  2132.00     4.0     4.0     0.1    
*   44  404   685.67   21.85      0   685.67  2043.00    10.0     4.0     0.1    
    50  398   685.67   14.74      6   685.67  2043.00    10.0     4.0     0.1    
*   54  394   680.67   13.53      0   680.67  1969.00    26.0    15.0     0.1    
*   55  393   670.00   12.68      0   670.00  1969.00    26.0    15.0     0.1    
*   58  390   660.67   14.36      0   660.67  1982.00     0.0     0.0     0.1    
*   66  382   658.00   10.15      0   658.00  1972.00     1.0     1.0     0.2    
*   71  377   653.33    9.63      0   653.33  1952.00     4.0     4.0     0.2    
*   79  369   647.00    7.42      0   647.00  1932.00     5.0     4.0     0.2    
*   81  367   633.67    8.11      0   633.67  1847.00    41.0    13.0     0.2    
*   94  354   623.67    6.86      0   623.67  1871.00     0.0     0.0     0.2    
Path relinking result: too homogeneous.
    96  352   609.00    7.28      0   623.67  1871.00     0.0     0.0     0.2   P

  Gens  Rem    Local   ElDiv NoImpr             Best solution            Time  Op
                                       Cost     Dist    Tard    TMax 
*   97  351   609.00    7.45      0   609.00  1827.00     0.0     0.0     0.2    
   100  348   609.00    7.51      3   609.00  1827.00     0.0     0.0     0.2    
*  105  343   604.33    6.94      0   604.33  1813.00     0.0     0.0     0.3    
*  109  339   601.33    7.23      0   601.33  1792.00     3.0     3.0     0.3    
*  110  338   599.33    7.56      0   599.33  1794.00     0.0     0.0     0.3    
*  111  337   598.00    7.18      0   598.00  1794.00     0.0     0.0     0.3    
*  116  332   597.00    6.09      0   597.00  1756.00    19.0    16.0     0.3    
*  121  327   592.00    5.45      0   592.00  1766.00     7.0     3.0     0.3    
*  123  325   585.00    6.56      0   585.00  1751.00     2.0     2.0     0.3    
*  134  314   578.33    6.49      0   578.33  1727.00     4.0     4.0     0.3    
*  144  304   577.67    5.00      0   577.67  1724.00     4.0     4.0     0.4    
*  145  303   577.33    4.27      0   577.33  1724.00     4.0     4.0     0.4    
*  147  301   576.67    3.81      0   576.67  1720.00     5.0     5.0     0.4    
*  149  299   568.33    4.13      0   568.33  1705.00     0.0     0.0     0.4    
   150  298   568.33    3.84      1   568.33  1705.00     0.0     0.0     0.4    
*  154  294   565.33    3.79      0   565.33  1686.00     5.0     5.0     0.4    

  Gens  Rem    Local   ElDiv NoImpr             Best solution            Time  Op
                                       Cost     Dist    Tard    TMax 
*  158  290   563.00    2.54      0   563.00  1679.00     5.0     5.0     0.4    
*  161  287   561.33    2.47      0   561.33  1674.00     5.0     5.0     0.4    
*  168  280   561.00    0.94      0   561.00  1673.00     5.0     5.0     0.4    
*  180  268   559.33    0.25      0   559.33  1668.00     5.0     5.0     0.4    
*  184  264   559.00    0.47      0   559.00  1665.00     7.0     5.0     0.5    
*  187  261   558.67    0.85      0   558.67  1666.00     5.0     5.0     0.5    
*  192  256   556.67    0.27      0   556.67  1658.00     7.0     5.0     0.5    
Path relinking result: too homogeneous.
   192  256   556.67    0.27      1   556.67  1658.00     7.0     5.0     0.5   P
*  198  250   556.33    0.69      0   556.33  1657.00     7.0     5.0     0.5    
   200  248   556.33    0.71      2   556.33  1657.00     7.0     5.0     0.5    
*  229  219   556.00    0.06      0   556.00  1656.00     7.0     5.0     0.6    
*  236  212   555.00    0.21      0   555.00  1653.00     7.0     5.0     0.6    
*  245  203   550.00    0.86      0   550.00  1638.00     7.0     5.0     0.6    
   250  198   550.00    1.45      5   550.00  1638.00     7.0     5.0     0.6    
*  262  186   548.67    0.20      0   548.67  1634.00     7.0     5.0     0.6    
*  267  181   548.33    0.53      0   548.33  1632.00     8.0     5.0     0.6    

  Gens  Rem    Local   ElDiv NoImpr             Best solution            Time  Op
                                       Cost     Dist    Tard    TMax 
*  273  175   547.33    0.66      0   547.33  1629.00     8.0     5.0     0.6    
*  280  168   546.67    0.18      0   546.67  1627.00     7.0     5.0     0.7    
*  281  167   546.33    0.33      0   546.33  1627.00     7.0     5.0     0.7    
Path relinking result: too homogeneous.
   288  160   546.33    0.00      8   546.33  1627.00     7.0     5.0     0.7   P
   300  148   546.33    0.00     19   546.33  1627.00     7.0     5.0     0.7    
*  341  107   543.67    0.33      0   543.67  1631.00     0.0     0.0     0.8    
   350   98   543.67    1.09      9   543.67  1631.00     0.0     0.0     0.8    
*  371   77   542.33    0.23      0   542.33  1627.00     0.0     0.0     0.8    
Path relinking result: too homogeneous.
   384   64   542.33    0.00     14   542.33  1627.00     0.0     0.0     0.8   P
*  387   61   542.00    0.04      0   542.00  1626.00     0.0     0.0     0.9    
*  397   51   541.67    0.06      0   541.67  1625.00     0.0     0.0     0.9    
   400   48   541.67    0.13      3   541.67  1625.00     0.0     0.0     0.9    
*  403   45   540.00    0.21      0   540.00  1620.00     0.0     0.0     0.9    
*  418   30   536.67    0.70      0   536.67  1610.00     0.0     0.0     0.9    
*  433   15   536.33    0.08      0   536.33  1607.00     1.0     1.0     0.9    
*  443    5   536.00    0.06      0   536.00  1606.00     1.0     1.0     1.0    

  Gens  Rem    Local   ElDiv NoImpr             Best solution            Time  Op
                                       Cost     Dist    Tard    TMax 
   448    0   536.00    0.16      5   536.00  1606.00     1.0     1.0     1.0    
Evolutionary process finished.
Solution written to 'solution-40867.txt'.

Sorted sequence of worst to best tardiness value:
Task for patient = 8 with skills = {0,-1} and cost = 263.3
   Vehicle #0 = 5, leaving at = 702.0
   Vehicle #1 = -1, leaving at = inf
   Increment on distance indicator: 2.0
   Increment on tard indicator:     1.0
   Value of tmax indicator:         2.0

Task for patient = 20 with skills = {1,3} and cost = 317.7
   Vehicle #0 = 2, leaving at = 941.0
   Vehicle #1 = 13, leaving at = 951.0
   Increment on distance indicator: 12.0
   Increment on tard indicator:     0.0
   Value of tmax indicator:         12.0

Task for patient = 27 with skills = {0,-1} and cost = 313.7
   Vehicle #0 = 4, leaving at = 1022.0
   Vehicle #1 = -1, leaving at = inf
   Increment on distance indicator: 6.0
   Increment on tard indicator:     0.0
   Value of tmax indicator:         6.0

Task for patient = 76 with skills = {4,-1} and cost = 311.7
   Vehicle #0 = 18, leaving at = 929.0
   Vehicle #1 = -1, leaving at = inf
   Increment on distance indicator: 2.0
   Increment on tard indicator:     0.0
   Value of tmax indicator:         2.0

Task for patient = 55 with skills = {3,-1} and cost = 311.0
   Vehicle #0 = 10, leaving at = 929.0
   Vehicle #1 = -1, leaving at = inf
   Increment on distance indicator: 1.0
   Increment on tard indicator:     0.0
   Value of tmax indicator:         1.0

Task for patient = 81 with skills = {1,3} and cost = 310.7
   Vehicle #0 = 7, leaving at = 911.0
   Vehicle #1 = 15, leaving at = 948.0
   Increment on distance indicator: 10.0
   Increment on tard indicator:     0.0
   Value of tmax indicator:         10.0

Task for patient = 40 with skills = {0,-1} and cost = 307.3
   Vehicle #0 = 0, leaving at = 853.0
   Vehicle #1 = -1, leaving at = inf
   Increment on distance indicator: 6.0
   Increment on tard indicator:     0.0
   Value of tmax indicator:         6.0

Task for patient = 52 with skills = {1,5} and cost = 305.3
   Vehicle #0 = 6, leaving at = 822.0
   Vehicle #1 = 16, leaving at = 786.0
   Increment on distance indicator: 32.0
   Increment on tard indicator:     0.0
   Value of tmax indicator:         32.0

Task for patient = 11 with skills = {0,5} and cost = 294.7
   Vehicle #0 = 3, leaving at = 872.0
   Vehicle #1 = 10, leaving at = 889.0
   Increment on distance indicator: 7.0
   Increment on tard indicator:     0.0
   Value of tmax indicator:         7.0

Task for patient = 77 with skills = {4,-1} and cost = 292.3
   Vehicle #0 = 11, leaving at = 911.0
   Vehicle #1 = -1, leaving at = inf
   Increment on distance indicator: 8.0
   Increment on tard indicator:     0.0
   Value of tmax indicator:         8.0

Task for patient = 64 with skills = {4,-1} and cost = 289.7
   Vehicle #0 = 18, leaving at = 908.0
   Vehicle #1 = -1, leaving at = inf
   Increment on distance indicator: 4.0
   Increment on tard indicator:     0.0
   Value of tmax indicator:         4.0

Task for patient = 99 with skills = {2,-1} and cost = 288.3
   Vehicle #0 = 4, leaving at = 995.0
   Vehicle #1 = -1, leaving at = inf
   Increment on distance indicator: 2.0
   Increment on tard indicator:     0.0
   Value of tmax indicator:         2.0

Task for patient = 6 with skills = {5,-1} and cost = 371.3
   Vehicle #0 = 10, leaving at = 1050.0
   Vehicle #1 = -1, leaving at = inf
   Increment on distance indicator: 13.0
   Increment on tard indicator:     0.0
   Value of tmax indicator:         13.0

Task for patient = 10 with skills = {1,-1} and cost = 287.3
   Vehicle #0 = 6, leaving at = 699.0
   Vehicle #1 = -1, leaving at = inf
   Increment on distance indicator: 14.0
   Increment on tard indicator:     0.0
   Value of tmax indicator:         14.0

Task for patient = 38 with skills = {0,3} and cost = 282.7
   Vehicle #0 = 2, leaving at = 900.0
   Vehicle #1 = 13, leaving at = 896.0
   Increment on distance indicator: 12.0
   Increment on tard indicator:     0.0
   Value of tmax indicator:         12.0

Task for patient = 58 with skills = {0,3} and cost = 278.7
   Vehicle #0 = 4, leaving at = 852.0
   Vehicle #1 = 13, leaving at = 856.0
   Increment on distance indicator: 6.0
   Increment on tard indicator:     0.0
   Value of tmax indicator:         6.0

Task for patient = 83 with skills = {4,-1} and cost = 276.7
   Vehicle #0 = 18, leaving at = 873.0
   Vehicle #1 = -1, leaving at = inf
   Increment on distance indicator: 3.0
   Increment on tard indicator:     0.0
   Value of tmax indicator:         3.0

Task for patient = 37 with skills = {0,3} and cost = 275.7
   Vehicle #0 = 4, leaving at = 745.0
   Vehicle #1 = 13, leaving at = 797.0
   Increment on distance indicator: 12.0
   Increment on tard indicator:     0.0
   Value of tmax indicator:         12.0

Task for patient = 7 with skills = {5,-1} and cost = 271.7
   Vehicle #0 = 15, leaving at = 894.0
   Vehicle #1 = -1, leaving at = inf
   Increment on distance indicator: 4.0
   Increment on tard indicator:     0.0
   Value of tmax indicator:         4.0

Task for patient = 18 with skills = {1,3} and cost = 270.3
   Vehicle #0 = 7, leaving at = 851.0
   Vehicle #1 = 11, leaving at = 850.0
   Increment on distance indicator: 13.0
   Increment on tard indicator:     0.0
   Value of tmax indicator:         13.0

Task for patient = 59 with skills = {3,-1} and cost = 266.0
   Vehicle #0 = 11, leaving at = 804.0
   Vehicle #1 = -1, leaving at = inf
   Increment on distance indicator: 2.0
   Increment on tard indicator:     0.0
   Value of tmax indicator:         2.0

Task for patient = 91 with skills = {5,-1} and cost = 265.3
   Vehicle #0 = 15, leaving at = 845.0
   Vehicle #1 = -1, leaving at = inf
   Increment on distance indicator: 6.0
   Increment on tard indicator:     0.0
   Value of tmax indicator:         6.0

Task for patient = 50 with skills = {0,-1} and cost = 262.0
   Vehicle #0 = 3, leaving at = 792.0
   Vehicle #1 = -1, leaving at = inf
   Increment on distance indicator: 2.0
   Increment on tard indicator:     0.0
   Value of tmax indicator:         2.0

Task for patient = 9 with skills = {1,-1} and cost = 261.3
   Vehicle #0 = 2, leaving at = 874.0
   Vehicle #1 = -1, leaving at = inf
   Increment on distance indicator: 6.0
   Increment on tard indicator:     0.0
   Value of tmax indicator:         6.0

Task for patient = 62 with skills = {2,-1} and cost = 287.7
   Vehicle #0 = 5, leaving at = 760.0
   Vehicle #1 = -1, leaving at = inf
   Increment on distance indicator: 1.0
   Increment on tard indicator:     0.0
   Value of tmax indicator:         1.0

Task for patient = 45 with skills = {5,-1} and cost = 367.0
   Vehicle #0 = 15, leaving at = 1057.0
   Vehicle #1 = -1, leaving at = inf
   Increment on distance indicator: 2.0
   Increment on tard indicator:     0.0
   Value of tmax indicator:         2.0

Task for patient = 63 with skills = {1,3} and cost = 366.3
   Vehicle #0 = 0, leaving at = 1041.0
   Vehicle #1 = 15, leaving at = 1027.0
   Increment on distance indicator: 11.0
   Increment on tard indicator:     0.0
   Value of tmax indicator:         11.0

Task for patient = 23 with skills = {0,5} and cost = 362.7
   Vehicle #0 = 0, leaving at = 974.0
   Vehicle #1 = 10, leaving at = 1010.0
   Increment on distance indicator: 7.0
   Increment on tard indicator:     0.0
   Value of tmax indicator:         7.0

Task for patient = 57 with skills = {5,-1} and cost = 360.3
   Vehicle #0 = 16, leaving at = 922.0
   Vehicle #1 = -1, leaving at = inf
   Increment on distance indicator: 3.0
   Increment on tard indicator:     0.0
   Value of tmax indicator:         3.0

Task for patient = 2 with skills = {4,-1} and cost = 359.3
   Vehicle #0 = 12, leaving at = 977.0
   Vehicle #1 = -1, leaving at = inf
   Increment on distance indicator: 14.0
   Increment on tard indicator:     0.0
   Value of tmax indicator:         14.0

Task for patient = 13 with skills = {1,4} and cost = 354.7
   Vehicle #0 = 7, leaving at = 1081.0
   Vehicle #1 = 11, leaving at = 1077.0
   Increment on distance indicator: 6.0
   Increment on tard indicator:     0.0
   Value of tmax indicator:         6.0

Task for patient = 39 with skills = {0,-1} and cost = 352.7
   Vehicle #0 = 7, leaving at = 1051.0
   Vehicle #1 = -1, leaving at = inf
   Increment on distance indicator: 5.0
   Increment on tard indicator:     0.0
   Value of tmax indicator:         5.0

Task for patient = 32 with skills = {4,-1} and cost = 351.0
   Vehicle #0 = 11, leaving at = 1026.0
   Vehicle #1 = -1, leaving at = inf
   Increment on distance indicator: 2.0
   Increment on tard indicator:     0.0
   Value of tmax indicator:         2.0

Task for patient = 84 with skills = {0,-1} and cost = 350.3
   Vehicle #0 = 3, leaving at = 922.0
   Vehicle #1 = -1, leaving at = inf
   Increment on distance indicator: 6.0
   Increment on tard indicator:     0.0
   Value of tmax indicator:         6.0

Task for patient = 33 with skills = {0,-1} and cost = 348.3
   Vehicle #0 = 2, leaving at = 981.0
   Vehicle #1 = -1, leaving at = inf
   Increment on distance indicator: 3.0
   Increment on tard indicator:     0.0
   Value of tmax indicator:         3.0

Task for patient = 100 with skills = {1,-1} and cost = 347.3
   Vehicle #0 = 6, leaving at = 879.0
   Vehicle #1 = -1, leaving at = inf
   Increment on distance indicator: 8.0
   Increment on tard indicator:     0.0
   Value of tmax indicator:         8.0

Task for patient = 66 with skills = {3,-1} and cost = 318.7
   Vehicle #0 = 13, leaving at = 999.0
   Vehicle #1 = -1, leaving at = inf
   Increment on distance indicator: 3.0
   Increment on tard indicator:     0.0
   Value of tmax indicator:         3.0

Task for patient = 85 with skills = {2,-1} and cost = 342.3
   Vehicle #0 = 7, leaving at = 1004.0
   Vehicle #1 = -1, leaving at = inf
   Increment on distance indicator: 5.0
   Increment on tard indicator:     0.0
   Value of tmax indicator:         5.0

Task for patient = 5 with skills = {0,5} and cost = 340.7
   Vehicle #0 = 8, leaving at = 1035.0
   Vehicle #1 = 18, leaving at = 1034.0
   Increment on distance indicator: 23.0
   Increment on tard indicator:     0.0
   Value of tmax indicator:         23.0

Task for patient = 86 with skills = {3,-1} and cost = 333.0
   Vehicle #0 = 11, leaving at = 974.0
   Vehicle #1 = -1, leaving at = inf
   Increment on distance indicator: 1.0
   Increment on tard indicator:     0.0
   Value of tmax indicator:         1.0

Task for patient = 69 with skills = {0,-1} and cost = 332.7
   Vehicle #0 = 7, leaving at = 957.0
   Vehicle #1 = -1, leaving at = inf
   Increment on distance indicator: 2.0
   Increment on tard indicator:     0.0
   Value of tmax indicator:         2.0

Task for patient = 47 with skills = {5,-1} and cost = 332.0
   Vehicle #0 = 15, leaving at = 996.0
   Vehicle #1 = -1, leaving at = inf
   Increment on distance indicator: 2.0
   Increment on tard indicator:     0.0
   Value of tmax indicator:         2.0

Task for patient = 79 with skills = {3,-1} and cost = 331.3
   Vehicle #0 = 12, leaving at = 903.0
   Vehicle #1 = -1, leaving at = inf
   Increment on distance indicator: 17.0
   Increment on tard indicator:     0.0
   Value of tmax indicator:         17.0

Task for patient = 72 with skills = {4,-1} and cost = 325.7
   Vehicle #0 = 17, leaving at = 857.0
   Vehicle #1 = -1, leaving at = inf
   Increment on distance indicator: 5.0
   Increment on tard indicator:     0.0
   Value of tmax indicator:         5.0

Task for patient = 68 with skills = {4,-1} and cost = 324.0
   Vehicle #0 = 17, leaving at = 729.0
   Vehicle #1 = -1, leaving at = inf
   Increment on distance indicator: 3.0
   Increment on tard indicator:     0.0
   Value of tmax indicator:         3.0

Task for patient = 12 with skills = {0,-1} and cost = 323.0
   Vehicle #0 = 0, leaving at = 874.0
   Vehicle #1 = -1, leaving at = inf
   Increment on distance indicator: 2.0
   Increment on tard indicator:     0.0
   Value of tmax indicator:         2.0

Task for patient = 95 with skills = {3,-1} and cost = 322.3
   Vehicle #0 = 10, leaving at = 968.0
   Vehicle #1 = -1, leaving at = inf
   Increment on distance indicator: 2.0
   Increment on tard indicator:     0.0
   Value of tmax indicator:         2.0

Task for patient = 41 with skills = {0,5} and cost = 321.7
   Vehicle #0 = 2, leaving at = 963.0
   Vehicle #1 = 18, leaving at = 980.0
   Increment on distance indicator: 5.0
   Increment on tard indicator:     0.0
   Value of tmax indicator:         5.0

Task for patient = 14 with skills = {3,-1} and cost = 320.0
   Vehicle #0 = 13, leaving at = 1040.0
   Vehicle #1 = -1, leaving at = inf
   Increment on distance indicator: 4.0
   Increment on tard indicator:     0.0
   Value of tmax indicator:         4.0

Task for patient = 26 with skills = {0,-1} and cost = 344.7
   Vehicle #0 = 5, leaving at = 841.0
   Vehicle #1 = -1, leaving at = inf
   Increment on distance indicator: 7.0
   Increment on tard indicator:     0.0
   Value of tmax indicator:         7.0

Task for patient = 87 with skills = {4,-1} and cost = 191.7
   Vehicle #0 = 11, leaving at = 711.0
   Vehicle #1 = -1, leaving at = inf
   Increment on distance indicator: 2.0
   Increment on tard indicator:     0.0
   Value of tmax indicator:         2.0

Task for patient = 44 with skills = {4,-1} and cost = 191.0
   Vehicle #0 = 16, leaving at = 730.0
   Vehicle #1 = -1, leaving at = inf
   Increment on distance indicator: 3.0
   Increment on tard indicator:     0.0
   Value of tmax indicator:         3.0

Task for patient = 30 with skills = {2,3} and cost = 190.0
   Vehicle #0 = 7, leaving at = 623.0
   Vehicle #1 = 15, leaving at = 614.0
   Increment on distance indicator: 48.0
   Increment on tard indicator:     0.0
   Value of tmax indicator:         48.0

Task for patient = 54 with skills = {1,5} and cost = 174.0
   Vehicle #0 = 3, leaving at = 594.0
   Vehicle #1 = 15, leaving at = 594.0
   Increment on distance indicator: 8.0
   Increment on tard indicator:     0.0
   Value of tmax indicator:         8.0

Task for patient = 56 with skills = {2,-1} and cost = 171.3
   Vehicle #0 = 4, leaving at = 652.0
   Vehicle #1 = -1, leaving at = inf
   Increment on distance indicator: 3.0
   Increment on tard indicator:     0.0
   Value of tmax indicator:         3.0

Task for patient = 78 with skills = {3,-1} and cost = 170.3
   Vehicle #0 = 15, leaving at = 565.0
   Vehicle #1 = -1, leaving at = inf
   Increment on distance indicator: 1.0
   Increment on tard indicator:     0.0
   Value of tmax indicator:         1.0

Task for patient = 73 with skills = {0,5} and cost = 170.0
   Vehicle #0 = 5, leaving at = 608.0
   Vehicle #1 = 18, leaving at = 606.0
   Increment on distance indicator: 38.0
   Increment on tard indicator:     0.0
   Value of tmax indicator:         38.0

Task for patient = 82 with skills = {5,-1} and cost = 157.3
   Vehicle #0 = 16, leaving at = 704.0
   Vehicle #1 = -1, leaving at = inf
   Increment on distance indicator: 20.0
   Increment on tard indicator:     0.0
   Value of tmax indicator:         20.0

Task for patient = 70 with skills = {1,3} and cost = 150.7
   Vehicle #0 = 3, leaving at = 546.0
   Vehicle #1 = 15, leaving at = 527.0
   Increment on distance indicator: 94.0
   Increment on tard indicator:     0.0
   Value of tmax indicator:         94.0

Task for patient = 31 with skills = {3,-1} and cost = 119.3
   Vehicle #0 = 13, leaving at = 750.0
   Vehicle #1 = -1, leaving at = inf
   Increment on distance indicator: 5.0
   Increment on tard indicator:     0.0
   Value of tmax indicator:         5.0

Task for patient = 21 with skills = {0,3} and cost = 117.7
   Vehicle #0 = 0, leaving at = 792.0
   Vehicle #1 = 10, leaving at = 782.0
   Increment on distance indicator: 16.0
   Increment on tard indicator:     0.0
   Value of tmax indicator:         16.0

Task for patient = 75 with skills = {4,-1} and cost = 259.3
   Vehicle #0 = 17, leaving at = 693.0
   Vehicle #1 = -1, leaving at = inf
   Increment on distance indicator: 2.0
   Increment on tard indicator:     0.0
   Value of tmax indicator:         2.0

Task for patient = 65 with skills = {1,-1} and cost = 89.7
   Vehicle #0 = 2, leaving at = 726.0
   Vehicle #1 = -1, leaving at = inf
   Increment on distance indicator: 3.0
   Increment on tard indicator:     0.0
   Value of tmax indicator:         3.0

Task for patient = 90 with skills = {1,3} and cost = 88.7
   Vehicle #0 = 2, leaving at = 698.0
   Vehicle #1 = 12, leaving at = 697.0
   Increment on distance indicator: 10.0
   Increment on tard indicator:     0.0
   Value of tmax indicator:         10.0

Task for patient = 19 with skills = {2,-1} and cost = 85.3
   Vehicle #0 = 2, leaving at = 652.0
   Vehicle #1 = -1, leaving at = inf
   Increment on distance indicator: 5.0
   Increment on tard indicator:     0.0
   Value of tmax indicator:         5.0

Task for patient = 34 with skills = {0,3} and cost = 83.7
   Vehicle #0 = 2, leaving at = 598.0
   Vehicle #1 = 12, leaving at = 645.0
   Increment on distance indicator: 50.0
   Increment on tard indicator:     0.0
   Value of tmax indicator:         50.0

Task for patient = 49 with skills = {0,-1} and cost = 67.0
   Vehicle #0 = 2, leaving at = 561.0
   Vehicle #1 = -1, leaving at = inf
   Increment on distance indicator: 32.0
   Increment on tard indicator:     0.0
   Value of tmax indicator:         32.0

Task for patient = 43 with skills = {2,-1} and cost = 56.3
   Vehicle #0 = 1, leaving at = 630.0
   Vehicle #1 = -1, leaving at = inf
   Increment on distance indicator: 0.0
   Increment on tard indicator:     0.0
   Value of tmax indicator:         0.0

Task for patient = 4 with skills = {4,-1} and cost = 56.3
   Vehicle #0 = 11, leaving at = 668.0
   Vehicle #1 = -1, leaving at = inf
   Increment on distance indicator: 11.0
   Increment on tard indicator:     0.0
   Value of tmax indicator:         11.0

Task for patient = 80 with skills = {1,3} and cost = 52.7
   Vehicle #0 = 0, leaving at = 739.0
   Vehicle #1 = 10, leaving at = 740.0
   Increment on distance indicator: 6.0
   Increment on tard indicator:     0.0
   Value of tmax indicator:         6.0

Task for patient = 92 with skills = {4,-1} and cost = 50.7
   Vehicle #0 = 11, leaving at = 537.0
   Vehicle #1 = -1, leaving at = inf
   Increment on distance indicator: 40.0
   Increment on tard indicator:     0.0
   Value of tmax indicator:         40.0

Task for patient = 96 with skills = {2,4} and cost = 37.3
   Vehicle #0 = 0, leaving at = 697.0
   Vehicle #1 = 10, leaving at = 678.0
   Increment on distance indicator: 22.0
   Increment on tard indicator:     0.0
   Value of tmax indicator:         22.0

Task for patient = 36 with skills = {0,3} and cost = 30.0
   Vehicle #0 = 0, leaving at = 637.0
   Vehicle #1 = 10, leaving at = 646.0
   Increment on distance indicator: 22.0
   Increment on tard indicator:     0.0
   Value of tmax indicator:         22.0

Task for patient = 48 with skills = {2,3} and cost = 22.7
   Vehicle #0 = 0, leaving at = 579.0
   Vehicle #1 = 10, leaving at = 586.0
   Increment on distance indicator: 68.0
   Increment on tard indicator:     0.0
   Value of tmax indicator:         68.0

Task for patient = 3 with skills = {2,3} and cost = 112.3
   Vehicle #0 = 4, leaving at = 546.0
   Vehicle #1 = 13, leaving at = 543.0
   Increment on distance indicator: 68.0
   Increment on tard indicator:     0.0
   Value of tmax indicator:         68.0

Task for patient = 28 with skills = {1,5} and cost = 258.7
   Vehicle #0 = 7, leaving at = 791.0
   Vehicle #1 = 15, leaving at = 794.0
   Increment on distance indicator: 10.0
   Increment on tard indicator:     0.0
   Value of tmax indicator:         10.0

Task for patient = 22 with skills = {3,-1} and cost = 255.3
   Vehicle #0 = 12, leaving at = 858.0
   Vehicle #1 = -1, leaving at = inf
   Increment on distance indicator: 2.0
   Increment on tard indicator:     0.0
   Value of tmax indicator:         2.0

Task for patient = 29 with skills = {4,-1} and cost = 254.7
   Vehicle #0 = 18, leaving at = 843.0
   Vehicle #1 = -1, leaving at = inf
   Increment on distance indicator: 3.0
   Increment on tard indicator:     0.0
   Value of tmax indicator:         3.0

Task for patient = 74 with skills = {0,3} and cost = 253.7
   Vehicle #0 = 7, leaving at = 767.0
   Vehicle #1 = 15, leaving at = 738.0
   Increment on distance indicator: 6.0
   Increment on tard indicator:     0.0
   Value of tmax indicator:         6.0

Task for patient = 15 with skills = {2,-1} and cost = 251.7
   Vehicle #0 = 2, leaving at = 832.0
   Vehicle #1 = -1, leaving at = inf
   Increment on distance indicator: 6.0
   Increment on tard indicator:     0.0
   Value of tmax indicator:         6.0

Task for patient = 17 with skills = {3,-1} and cost = 249.7
   Vehicle #0 = 10, leaving at = 846.0
   Vehicle #1 = -1, leaving at = inf
   Increment on distance indicator: 6.0
   Increment on tard indicator:     0.0
   Value of tmax indicator:         6.0

Task for patient = 16 with skills = {2,3} and cost = 247.7
   Vehicle #0 = 5, leaving at = 663.0
   Vehicle #1 = 17, leaving at = 671.0
   Increment on distance indicator: 5.0
   Increment on tard indicator:     0.0
   Value of tmax indicator:         5.0

Task for patient = 71 with skills = {4,-1} and cost = 246.0
   Vehicle #0 = 17, leaving at = 619.0
   Vehicle #1 = -1, leaving at = inf
   Increment on distance indicator: 9.0
   Increment on tard indicator:     0.0
   Value of tmax indicator:         9.0

Task for patient = 25 with skills = {5,-1} and cost = 243.0
   Vehicle #0 = 18, leaving at = 702.0
   Vehicle #1 = -1, leaving at = inf
   Increment on distance indicator: 22.0
   Increment on tard indicator:     0.0
   Value of tmax indicator:         22.0

Task for patient = 94 with skills = {1,-1} and cost = 235.7
   Vehicle #0 = 6, leaving at = 532.0
   Vehicle #1 = -1, leaving at = inf
   Increment on distance indicator: 18.0
   Increment on tard indicator:     0.0
   Value of tmax indicator:         18.0

Task for patient = 24 with skills = {1,-1} and cost = 229.7
   Vehicle #0 = 3, leaving at = 770.0
   Vehicle #1 = -1, leaving at = inf
   Increment on distance indicator: 4.0
   Increment on tard indicator:     0.0
   Value of tmax indicator:         4.0

Task for patient = 42 with skills = {4,-1} and cost = 192.0
   Vehicle #0 = 18, leaving at = 637.0
   Vehicle #1 = -1, leaving at = inf
   Increment on distance indicator: 1.0
   Increment on tard indicator:     0.0
   Value of tmax indicator:         1.0

Task for patient = 53 with skills = {3,-1} and cost = 226.3
   Vehicle #0 = 15, leaving at = 695.0
   Vehicle #1 = -1, leaving at = inf
   Increment on distance indicator: 9.0
   Increment on tard indicator:     0.0
   Value of tmax indicator:         9.0

Task for patient = 61 with skills = {4,-1} and cost = 223.3
   Vehicle #0 = 12, leaving at = 772.0
   Vehicle #1 = -1, leaving at = inf
   Increment on distance indicator: 2.0
   Increment on tard indicator:     0.0
   Value of tmax indicator:         2.0

Task for patient = 93 with skills = {2,-1} and cost = 222.7
   Vehicle #0 = 0, leaving at = 821.0
   Vehicle #1 = -1, leaving at = inf
   Increment on distance indicator: 3.0
   Increment on tard indicator:     0.0
   Value of tmax indicator:         3.0

Task for patient = 46 with skills = {1,5} and cost = 221.7
   Vehicle #0 = 3, leaving at = 660.0
   Vehicle #1 = 15, leaving at = 663.0
   Increment on distance indicator: 20.0
   Increment on tard indicator:     0.0
   Value of tmax indicator:         20.0

Task for patient = 51 with skills = {0,4} and cost = 215.0
   Vehicle #0 = 4, leaving at = 721.0
   Vehicle #1 = 12, leaving at = 734.0
   Increment on distance indicator: 18.0
   Increment on tard indicator:     0.0
   Value of tmax indicator:         18.0

Task for patient = 67 with skills = {3,-1} and cost = 209.0
   Vehicle #0 = 17, leaving at = 552.0
   Vehicle #1 = -1, leaving at = inf
   Increment on distance indicator: 16.0
   Increment on tard indicator:     0.0
   Value of tmax indicator:         16.0

Task for patient = 60 with skills = {1,-1} and cost = 203.7
   Vehicle #0 = 2, leaving at = 794.0
   Vehicle #1 = -1, leaving at = inf
   Increment on distance indicator: 8.0
   Increment on tard indicator:     0.0
   Value of tmax indicator:         8.0

Task for patient = 1 with skills = {0,-1} and cost = 201.0
   Vehicle #0 = 4, leaving at = 683.0
   Vehicle #1 = -1, leaving at = inf
   Increment on distance indicator: 4.0
   Increment on tard indicator:     0.0
   Value of tmax indicator:         4.0

Task for patient = 98 with skills = {4,-1} and cost = 199.7
   Vehicle #0 = 11, leaving at = 755.0
   Vehicle #1 = -1, leaving at = inf
   Increment on distance indicator: 3.0
   Increment on tard indicator:     0.0
   Value of tmax indicator:         3.0

Task for patient = 35 with skills = {0,-1} and cost = 198.7
   Vehicle #0 = 3, leaving at = 616.0
   Vehicle #1 = -1, leaving at = inf
   Increment on distance indicator: 2.0
   Increment on tard indicator:     0.0
   Value of tmax indicator:         2.0

Task for patient = 89 with skills = {2,-1} and cost = 198.0
   Vehicle #0 = 7, leaving at = 709.0
   Vehicle #1 = -1, leaving at = inf
   Increment on distance indicator: 1.0
   Increment on tard indicator:     0.0
   Value of tmax indicator:         1.0

Task for patient = 97 with skills = {0,-1} and cost = 197.7
   Vehicle #0 = 8, leaving at = 562.0
   Vehicle #1 = -1, leaving at = inf
   Increment on distance indicator: 17.0
   Increment on tard indicator:     0.0
   Value of tmax indicator:         17.0

Task for patient = 88 with skills = {1,-1} and cost = 228.3
   Vehicle #0 = 3, leaving at = 724.0
   Vehicle #1 = -1, leaving at = inf
   Increment on distance indicator: 6.0
   Increment on tard indicator:     0.0
   Value of tmax indicator:         6.0


Unused vehicle list: 9 14 19 (total = 3 out of 20)

---
Search finished.
Total of 448 generations in 1.0 seconds.
Exchange elite runs: 0
Implicit path relinking runs: 4
Reset attempts: 0

Best solution found:
   Cost: 536.0
   Total travel time: 1606.0
   Total tardiness time: 1.0
   Largest tardiness: 1.0


536.0
