--- BRKGA-MP-IPR for HHCRSP ---
Instance: new-instances/HHCRSP_100_20_82_0.8_C_RC.txt
Seed: 1

Reading data... Problem contains 100 patients  and 20 caregivers.

Summary of supply x demand for each service type:
Skill 0 has supply = 8 and demand = 25, ratio = 0.32
Skill 1 has supply = 7 and demand = 23, ratio = 0.304348
Skill 2 has supply = 5 and demand = 15, ratio = 0.333333
Skill 3 has supply = 7 and demand = 26, ratio = 0.269231
Skill 4 has supply = 8 and demand = 21, ratio = 0.380952
Skill 5 has supply = 7 and demand = 20, ratio = 0.35

Reading parameters...
Inferred distance function by PR type: kendall-tau
Building BRKGA data and initializing...
Evolving 448 generations...

  Gens  Rem    Local   ElDiv NoImpr             Best solution            Time  Op
                                       Cost     Dist    Tard    TMax 
*    0  448  2826.33  339.91      0  2826.33  2261.00  5815.0   403.0     0.0    
*    2  446  2631.67  242.71      0  2631.67  2309.00  4973.0   332.0     0.0    
*    3  445  2538.00  269.19      0  2538.00  2152.00  3538.0   338.0     0.0    
*    4  444  2009.33  216.55      0  2009.33  2152.00  3538.0   338.0     0.0    
*    7  441  1843.67  178.59      0  1843.67  2158.00  3053.0   320.0     0.0    
*    9  439  1681.33  178.59      0  1681.33  2108.00  2625.0   311.0     0.0    
*   12  436  1567.33  124.16      0  1567.33  2138.00  2096.0   213.0     0.0    
*   13  435  1482.33  133.10      0  1482.33  1987.00  1821.0   238.0     0.0    
*   14  434  1348.67  131.74      0  1348.67  2180.00  1473.0   241.0     0.0    
*   15  433  1298.00  133.42      0  1298.00  2107.00  1185.0   139.0     0.0    
*   16  432  1143.67   95.95      0  1143.67  2107.00  1185.0   139.0     0.0    
*   18  430  1060.00   83.80      0  1060.00  1835.00   996.0   191.0     0.0    
*   19  429  1007.33   85.96      0  1007.33  2106.00   768.0    67.0     0.0    
*   20  428   980.33   76.12      0   980.33  1982.00   768.0   130.0     0.0    
*   21  427   960.00   79.09      0   960.00  2072.00   258.0    60.0     0.1    

  Gens  Rem    Local   ElDiv NoImpr             Best solution            Time  Op
                                       Cost     Dist    Tard    TMax 
*   22  426   796.67   61.70      0   796.67  2072.00   258.0    60.0     0.1    
*   27  421   756.00   41.41      0   756.00  2134.00    91.0    43.0     0.1    
*   30  418   742.00   39.68      0   742.00  1959.00   117.0    29.0     0.1    
*   31  417   701.67   37.87      0   701.67  1973.00    13.0     7.0     0.1    
*   32  416   664.33   33.17      0   664.33  1973.00    13.0     7.0     0.1    
*   37  411   624.00   27.77      0   624.00  1859.00     9.0     4.0     0.1    
*   41  407   602.33   23.51      0   602.33  1807.00     0.0     0.0     0.1    
    50  398   602.33   15.74      9   602.33  1807.00     0.0     0.0     0.1    
*   57  391   587.33   11.46      0   587.33  1750.00     6.0     6.0     0.1    
*   65  383   584.67    9.72      0   584.67  1692.00    36.0    26.0     0.2    
*   71  377   573.67    8.97      0   573.67  1705.00    10.0     6.0     0.2    
*   75  373   567.67    9.02      0   567.67  1689.00     9.0     5.0     0.2    
*   86  362   565.67    5.74      0   565.67  1684.00     8.0     5.0     0.2    
*   90  358   561.67    6.03      0   561.67  1685.00     0.0     0.0     0.2    
Path relinking result: too homogeneous.
    96  352   561.67    5.09      7   561.67  1685.00     0.0     0.0     0.2   P
*   99  349   555.67    5.25      0   555.67  1652.00     8.0     7.0     0.2    

  Gens  Rem    Local   ElDiv NoImpr             Best solution            Time  Op
                                       Cost     Dist    Tard    TMax 
   100  348   555.67    5.16      1   555.67  1652.00     8.0     7.0     0.2    
*  103  345   546.67    6.42      0   546.67  1630.00     5.0     5.0     0.2    
*  106  342   532.33    7.29      0   532.33  1593.00     2.0     2.0     0.3    
*  123  325   526.33    6.98      0   526.33  1579.00     0.0     0.0     0.3    
*  147  301   518.00    4.27      0   518.00  1543.00     7.0     4.0     0.4    
   150  298   518.00    4.53      3   518.00  1543.00     7.0     4.0     0.4    
*  152  296   515.67    5.36      0   515.67  1534.00     0.0     0.0     0.4    
*  153  295   511.33    5.07      0   511.33  1534.00     0.0     0.0     0.4    
*  163  285   510.33    3.52      0   510.33  1531.00     0.0     0.0     0.4    
*  171  277   508.00    2.37      0   508.00  1509.00     0.0     0.0     0.4    
*  172  276   503.00    2.29      0   503.00  1509.00     0.0     0.0     0.4    
*  181  267   502.33    0.80      0   502.33  1507.00     0.0     0.0     0.5    
*  184  264   501.67    0.53      0   501.67  1505.00     0.0     0.0     0.5    
*  188  260   501.33    0.08      0   501.33  1504.00     0.0     0.0     0.5    
Path relinking result: too homogeneous.
   192  256   501.33    0.17      5   501.33  1504.00     0.0     0.0     0.5   P
*  198  250   499.33    0.42      0   499.33  1498.00     0.0     0.0     0.5    

  Gens  Rem    Local   ElDiv NoImpr             Best solution            Time  Op
                                       Cost     Dist    Tard    TMax 
   200  248   499.33    0.62      2   499.33  1498.00     0.0     0.0     0.5    
*  212  236   499.00    0.07      0   499.00  1497.00     0.0     0.0     0.6    
   250  198   499.00    0.00     38   499.00  1497.00     0.0     0.0     0.7    
   279  169      inf  424.72      0   499.00  1497.00     0.0     0.0     0.7   R
   280  168  2925.67  347.98      0   499.00  1497.00     0.0     0.0     0.7    
Path relinking result: too homogeneous.
   288  160  1910.33  182.61      2   499.00  1497.00     0.0     0.0     0.7   P
   300  148   915.00   94.48      0   499.00  1497.00     0.0     0.0     0.8    
   350   98   549.33    5.77      6   499.00  1497.00     0.0     0.0     0.9    
Path relinking result: too homogeneous.
   384   64   530.67    5.32      5   499.00  1497.00     0.0     0.0     1.0   P
   400   48   513.67    6.11      2   499.00  1497.00     0.0     0.0     1.0    
*  413   35   489.00    6.19      0   489.00  1467.00     0.0     0.0     1.1    
*  425   23   486.67    1.48      0   486.67  1456.00     2.0     2.0     1.1    
*  441    7   486.00    0.30      0   486.00  1453.00     2.0     2.0     1.1    
*  442    6   485.67    0.17      0   485.67  1453.00     2.0     2.0     1.1    
   448    0   485.67    0.26      6   485.67  1453.00     2.0     2.0     1.1    
Evolutionary process finished.
Solution written to 'solution-44849.txt'.

Sorted sequence of worst to best tardiness value:
Task for patient = 3 with skills = {1,-1} and cost = 171.7
   Vehicle #0 = 5, leaving at = 746.0
   Vehicle #1 = -1, leaving at = inf
   Increment on distance indicator: 10.0
   Increment on tard indicator:     2.0
   Value of tmax indicator:         10.0

Task for patient = 98 with skills = {1,-1} and cost = 302.3
   Vehicle #0 = 4, leaving at = 953.0
   Vehicle #1 = -1, leaving at = inf
   Increment on distance indicator: 14.0
   Increment on tard indicator:     0.0
   Value of tmax indicator:         14.0

Task for patient = 37 with skills = {0,-1} and cost = 297.7
   Vehicle #0 = 0, leaving at = 912.0
   Vehicle #1 = -1, leaving at = inf
   Increment on distance indicator: 9.0
   Increment on tard indicator:     0.0
   Value of tmax indicator:         9.0

Task for patient = 64 with skills = {0,5} and cost = 294.7
   Vehicle #0 = 6, leaving at = 893.0
   Vehicle #1 = 11, leaving at = 908.0
   Increment on distance indicator: 14.0
   Increment on tard indicator:     0.0
   Value of tmax indicator:         14.0

Task for patient = 80 with skills = {1,3} and cost = 290.0
   Vehicle #0 = 5, leaving at = 860.0
   Vehicle #1 = 15, leaving at = 895.0
   Increment on distance indicator: 16.0
   Increment on tard indicator:     0.0
   Value of tmax indicator:         16.0

Task for patient = 77 with skills = {1,-1} and cost = 284.7
   Vehicle #0 = 4, leaving at = 905.0
   Vehicle #1 = -1, leaving at = inf
   Increment on distance indicator: 26.0
   Increment on tard indicator:     0.0
   Value of tmax indicator:         26.0

Task for patient = 54 with skills = {2,-1} and cost = 276.0
   Vehicle #0 = 2, leaving at = 852.0
   Vehicle #1 = -1, leaving at = inf
   Increment on distance indicator: 8.0
   Increment on tard indicator:     0.0
   Value of tmax indicator:         8.0

Task for patient = 17 with skills = {1,4} and cost = 273.3
   Vehicle #0 = 9, leaving at = 852.0
   Vehicle #1 = 19, leaving at = 878.0
   Increment on distance indicator: 22.0
   Increment on tard indicator:     0.0
   Value of tmax indicator:         22.0

Task for patient = 56 with skills = {3,-1} and cost = 266.0
   Vehicle #0 = 13, leaving at = 968.0
   Vehicle #1 = -1, leaving at = inf
   Increment on distance indicator: 9.0
   Increment on tard indicator:     0.0
   Value of tmax indicator:         9.0

Task for patient = 13 with skills = {3,-1} and cost = 263.0
   Vehicle #0 = 13, leaving at = 906.0
   Vehicle #1 = -1, leaving at = inf
   Increment on distance indicator: 5.0
   Increment on tard indicator:     0.0
   Value of tmax indicator:         5.0

Task for patient = 15 with skills = {3,-1} and cost = 261.3
   Vehicle #0 = 13, leaving at = 878.0
   Vehicle #1 = -1, leaving at = inf
   Increment on distance indicator: 3.0
   Increment on tard indicator:     0.0
   Value of tmax indicator:         3.0

Task for patient = 30 with skills = {1,-1} and cost = 217.7
   Vehicle #0 = 7, leaving at = 740.0
   Vehicle #1 = -1, leaving at = inf
   Increment on distance indicator: 8.0
   Increment on tard indicator:     0.0
   Value of tmax indicator:         8.0

Task for patient = 78 with skills = {3,-1} and cost = 255.3
   Vehicle #0 = 15, leaving at = 838.0
   Vehicle #1 = -1, leaving at = inf
   Increment on distance indicator: 5.0
   Increment on tard indicator:     0.0
   Value of tmax indicator:         5.0

Task for patient = 1 with skills = {0,3} and cost = 253.7
   Vehicle #0 = 6, leaving at = 846.0
   Vehicle #1 = 13, leaving at = 859.0
   Increment on distance indicator: 18.0
   Increment on tard indicator:     0.0
   Value of tmax indicator:         18.0

Task for patient = 94 with skills = {0,-1} and cost = 247.7
   Vehicle #0 = 0, leaving at = 856.0
   Vehicle #1 = -1, leaving at = inf
   Increment on distance indicator: 4.0
   Increment on tard indicator:     0.0
   Value of tmax indicator:         4.0

Task for patient = 11 with skills = {5,-1} and cost = 246.3
   Vehicle #0 = 18, leaving at = 865.0
   Vehicle #1 = -1, leaving at = inf
   Increment on distance indicator: 10.0
   Increment on tard indicator:     0.0
   Value of tmax indicator:         10.0

Task for patient = 6 with skills = {0,-1} and cost = 243.0
   Vehicle #0 = 1, leaving at = 879.0
   Vehicle #1 = -1, leaving at = inf
   Increment on distance indicator: 8.0
   Increment on tard indicator:     0.0
   Value of tmax indicator:         8.0

Task for patient = 67 with skills = {3,-1} and cost = 240.3
   Vehicle #0 = 12, leaving at = 921.0
   Vehicle #1 = -1, leaving at = inf
   Increment on distance indicator: 8.0
   Increment on tard indicator:     0.0
   Value of tmax indicator:         8.0

Task for patient = 90 with skills = {1,-1} and cost = 237.7
   Vehicle #0 = 4, leaving at = 853.0
   Vehicle #1 = -1, leaving at = inf
   Increment on distance indicator: 7.0
   Increment on tard indicator:     0.0
   Value of tmax indicator:         7.0

Task for patient = 31 with skills = {0,5} and cost = 235.3
   Vehicle #0 = 7, leaving at = 882.0
   Vehicle #1 = 12, leaving at = 854.0
   Increment on distance indicator: 11.0
   Increment on tard indicator:     0.0
   Value of tmax indicator:         11.0

Task for patient = 10 with skills = {1,4} and cost = 231.7
   Vehicle #0 = 5, leaving at = 805.0
   Vehicle #1 = 15, leaving at = 786.0
   Increment on distance indicator: 15.0
   Increment on tard indicator:     0.0
   Value of tmax indicator:         15.0

Task for patient = 85 with skills = {0,-1} and cost = 226.7
   Vehicle #0 = 4, leaving at = 788.0
   Vehicle #1 = -1, leaving at = inf
   Increment on distance indicator: 12.0
   Increment on tard indicator:     0.0
   Value of tmax indicator:         12.0

Task for patient = 35 with skills = {2,5} and cost = 222.7
   Vehicle #0 = 9, leaving at = 780.0
   Vehicle #1 = 19, leaving at = 823.0
   Increment on distance indicator: 13.0
   Increment on tard indicator:     0.0
   Value of tmax indicator:         13.0

Task for patient = 57 with skills = {4,-1} and cost = 218.3
   Vehicle #0 = 18, leaving at = 748.0
   Vehicle #1 = -1, leaving at = inf
   Increment on distance indicator: 2.0
   Increment on tard indicator:     0.0
   Value of tmax indicator:         2.0

Task for patient = 26 with skills = {5,-1} and cost = 260.3
   Vehicle #0 = 11, leaving at = 850.0
   Vehicle #1 = -1, leaving at = inf
   Increment on distance indicator: 15.0
   Increment on tard indicator:     0.0
   Value of tmax indicator:         15.0

Task for patient = 79 with skills = {0,3} and cost = 382.7
   Vehicle #0 = 4, leaving at = 1003.0
   Vehicle #1 = 14, leaving at = 992.0
   Increment on distance indicator: 26.0
   Increment on tard indicator:     0.0
   Value of tmax indicator:         26.0

Task for patient = 45 with skills = {0,-1} and cost = 374.0
   Vehicle #0 = 0, leaving at = 981.0
   Vehicle #1 = -1, leaving at = inf
   Increment on distance indicator: 9.0
   Increment on tard indicator:     0.0
   Value of tmax indicator:         9.0

Task for patient = 53 with skills = {5,-1} and cost = 371.0
   Vehicle #0 = 12, leaving at = 1051.0
   Vehicle #1 = -1, leaving at = inf
   Increment on distance indicator: 4.0
   Increment on tard indicator:     0.0
   Value of tmax indicator:         4.0

Task for patient = 20 with skills = {0,-1} and cost = 369.7
   Vehicle #0 = 6, leaving at = 1048.0
   Vehicle #1 = -1, leaving at = inf
   Increment on distance indicator: 7.0
   Increment on tard indicator:     0.0
   Value of tmax indicator:         7.0

Task for patient = 84 with skills = {2,4} and cost = 367.3
   Vehicle #0 = 9, leaving at = 997.0
   Vehicle #1 = 19, leaving at = 983.0
   Increment on distance indicator: 10.0
   Increment on tard indicator:     0.0
   Value of tmax indicator:         10.0

Task for patient = 19 with skills = {0,4} and cost = 364.0
   Vehicle #0 = 7, leaving at = 1079.0
   Vehicle #1 = 11, leaving at = 1098.0
   Increment on distance indicator: 13.0
   Increment on tard indicator:     0.0
   Value of tmax indicator:         13.0

Task for patient = 99 with skills = {3,-1} and cost = 359.7
   Vehicle #0 = 15, leaving at = 1030.0
   Vehicle #1 = -1, leaving at = inf
   Increment on distance indicator: 7.0
   Increment on tard indicator:     0.0
   Value of tmax indicator:         7.0

Task for patient = 41 with skills = {0,-1} and cost = 357.3
   Vehicle #0 = 6, leaving at = 998.0
   Vehicle #1 = -1, leaving at = inf
   Increment on distance indicator: 8.0
   Increment on tard indicator:     0.0
   Value of tmax indicator:         8.0

Task for patient = 58 with skills = {4,-1} and cost = 354.7
   Vehicle #0 = 11, leaving at = 1053.0
   Vehicle #1 = -1, leaving at = inf
   Increment on distance indicator: 3.0
   Increment on tard indicator:     0.0
   Value of tmax indicator:         3.0

Task for patient = 65 with skills = {0,-1} and cost = 353.7
   Vehicle #0 = 6, leaving at = 962.0
   Vehicle #1 = -1, leaving at = inf
   Increment on distance indicator: 4.0
   Increment on tard indicator:     0.0
   Value of tmax indicator:         4.0

Task for patient = 46 with skills = {2,-1} and cost = 352.3
   Vehicle #0 = 2, leaving at = 961.0
   Vehicle #1 = -1, leaving at = inf
   Increment on distance indicator: 6.0
   Increment on tard indicator:     0.0
   Value of tmax indicator:         6.0

Task for patient = 63 with skills = {5,-1} and cost = 305.7
   Vehicle #0 = 10, leaving at = 870.0
   Vehicle #1 = -1, leaving at = inf
   Increment on distance indicator: 10.0
   Increment on tard indicator:     0.0
   Value of tmax indicator:         10.0

Task for patient = 18 with skills = {0,4} and cost = 349.3
   Vehicle #0 = 7, leaving at = 1002.0
   Vehicle #1 = 11, leaving at = 1002.0
   Increment on distance indicator: 11.0
   Increment on tard indicator:     0.0
   Value of tmax indicator:         11.0

Task for patient = 87 with skills = {3,-1} and cost = 345.7
   Vehicle #0 = 14, leaving at = 941.0
   Vehicle #1 = -1, leaving at = inf
   Increment on distance indicator: 6.0
   Increment on tard indicator:     0.0
   Value of tmax indicator:         6.0

Task for patient = 61 with skills = {4,-1} and cost = 343.7
   Vehicle #0 = 11, leaving at = 973.0
   Vehicle #1 = -1, leaving at = inf
   Increment on distance indicator: 7.0
   Increment on tard indicator:     0.0
   Value of tmax indicator:         7.0

Task for patient = 8 with skills = {0,3} and cost = 341.3
   Vehicle #0 = 6, leaving at = 940.0
   Vehicle #1 = 15, leaving at = 997.0
   Increment on distance indicator: 23.0
   Increment on tard indicator:     0.0
   Value of tmax indicator:         23.0

Task for patient = 29 with skills = {4,-1} and cost = 333.7
   Vehicle #0 = 19, leaving at = 941.0
   Vehicle #1 = -1, leaving at = inf
   Increment on distance indicator: 8.0
   Increment on tard indicator:     0.0
   Value of tmax indicator:         8.0

Task for patient = 100 with skills = {4,-1} and cost = 331.0
   Vehicle #0 = 15, leaving at = 929.0
   Vehicle #1 = -1, leaving at = inf
   Increment on distance indicator: 4.0
   Increment on tard indicator:     0.0
   Value of tmax indicator:         4.0

Task for patient = 95 with skills = {0,4} and cost = 329.7
   Vehicle #0 = 1, leaving at = 954.0
   Vehicle #1 = 10, leaving at = 959.0
   Increment on distance indicator: 9.0
   Increment on tard indicator:     0.0
   Value of tmax indicator:         9.0

Task for patient = 75 with skills = {1,-1} and cost = 326.7
   Vehicle #0 = 5, leaving at = 912.0
   Vehicle #1 = -1, leaving at = inf
   Increment on distance indicator: 8.0
   Increment on tard indicator:     0.0
   Value of tmax indicator:         8.0

Task for patient = 4 with skills = {2,3} and cost = 324.0
   Vehicle #0 = 3, leaving at = 904.0
   Vehicle #1 = 18, leaving at = 914.0
   Increment on distance indicator: 23.0
   Increment on tard indicator:     0.0
   Value of tmax indicator:         23.0

Task for patient = 92 with skills = {4,-1} and cost = 316.3
   Vehicle #0 = 12, leaving at = 965.0
   Vehicle #1 = -1, leaving at = inf
   Increment on distance indicator: 4.0
   Increment on tard indicator:     0.0
   Value of tmax indicator:         4.0

Task for patient = 34 with skills = {5,-1} and cost = 315.0
   Vehicle #0 = 14, leaving at = 902.0
   Vehicle #1 = -1, leaving at = inf
   Increment on distance indicator: 11.0
   Increment on tard indicator:     0.0
   Value of tmax indicator:         11.0

Task for patient = 50 with skills = {2,4} and cost = 311.3
   Vehicle #0 = 2, leaving at = 883.0
   Vehicle #1 = 10, leaving at = 904.0
   Increment on distance indicator: 17.0
   Increment on tard indicator:     0.0
   Value of tmax indicator:         17.0

Task for patient = 73 with skills = {3,-1} and cost = 350.3
   Vehicle #0 = 12, leaving at = 993.0
   Vehicle #1 = -1, leaving at = inf
   Increment on distance indicator: 3.0
   Increment on tard indicator:     0.0
   Value of tmax indicator:         3.0

Task for patient = 43 with skills = {3,-1} and cost = 129.3
   Vehicle #0 = 14, leaving at = 738.0
   Vehicle #1 = -1, leaving at = inf
   Increment on distance indicator: 3.0
   Increment on tard indicator:     0.0
   Value of tmax indicator:         3.0

Task for patient = 51 with skills = {1,-1} and cost = 128.3
   Vehicle #0 = 2, leaving at = 733.0
   Vehicle #1 = -1, leaving at = inf
   Increment on distance indicator: 3.0
   Increment on tard indicator:     0.0
   Value of tmax indicator:         3.0

Task for patient = 69 with skills = {0,-1} and cost = 127.3
   Vehicle #0 = 1, leaving at = 814.0
   Vehicle #1 = -1, leaving at = inf
   Increment on distance indicator: 6.0
   Increment on tard indicator:     0.0
   Value of tmax indicator:         6.0

Task for patient = 89 with skills = {1,3} and cost = 125.3
   Vehicle #0 = 7, leaving at = 590.0
   Vehicle #1 = 17, leaving at = 619.0
   Increment on distance indicator: 22.0
   Increment on tard indicator:     0.0
   Value of tmax indicator:         22.0

Task for patient = 60 with skills = {5,-1} and cost = 118.0
   Vehicle #0 = 17, leaving at = 508.0
   Vehicle #1 = -1, leaving at = inf
   Increment on distance indicator: 16.0
   Increment on tard indicator:     0.0
   Value of tmax indicator:         16.0

Task for patient = 16 with skills = {2,4} and cost = 112.7
   Vehicle #0 = 0, leaving at = 630.0
   Vehicle #1 = 11, leaving at = 674.0
   Increment on distance indicator: 14.0
   Increment on tard indicator:     0.0
   Value of tmax indicator:         14.0

Task for patient = 9 with skills = {1,-1} and cost = 108.0
   Vehicle #0 = 4, leaving at = 561.0
   Vehicle #1 = -1, leaving at = inf
   Increment on distance indicator: 25.0
   Increment on tard indicator:     0.0
   Value of tmax indicator:         25.0

Task for patient = 25 with skills = {1,-1} and cost = 99.7
   Vehicle #0 = 5, leaving at = 588.0
   Vehicle #1 = -1, leaving at = inf
   Increment on distance indicator: 26.0
   Increment on tard indicator:     0.0
   Value of tmax indicator:         26.0

Task for patient = 21 with skills = {0,5} and cost = 91.0
   Vehicle #0 = 1, leaving at = 766.0
   Vehicle #1 = 10, leaving at = 726.0
   Increment on distance indicator: 11.0
   Increment on tard indicator:     0.0
   Value of tmax indicator:         11.0

Task for patient = 76 with skills = {1,-1} and cost = 87.3
   Vehicle #0 = 2, leaving at = 689.0
   Vehicle #1 = -1, leaving at = inf
   Increment on distance indicator: 2.0
   Increment on tard indicator:     0.0
   Value of tmax indicator:         2.0

Task for patient = 62 with skills = {2,5} and cost = 86.7
   Vehicle #0 = 2, leaving at = 651.0
   Vehicle #1 = 10, leaving at = 690.0
   Increment on distance indicator: 16.0
   Increment on tard indicator:     0.0
   Value of tmax indicator:         16.0

Task for patient = 52 with skills = {3,-1} and cost = 215.0
   Vehicle #0 = 19, leaving at = 715.0
   Vehicle #1 = -1, leaving at = inf
   Increment on distance indicator: 7.0
   Increment on tard indicator:     0.0
   Value of tmax indicator:         7.0

Task for patient = 5 with skills = {2,5} and cost = 73.7
   Vehicle #0 = 0, leaving at = 574.0
   Vehicle #1 = 11, leaving at = 600.0
   Increment on distance indicator: 23.0
   Increment on tard indicator:     0.0
   Value of tmax indicator:         23.0

Task for patient = 23 with skills = {5,-1} and cost = 66.0
   Vehicle #0 = 10, leaving at = 618.0
   Vehicle #1 = -1, leaving at = inf
   Increment on distance indicator: 29.0
   Increment on tard indicator:     0.0
   Value of tmax indicator:         29.0

Task for patient = 66 with skills = {1,3} and cost = 56.3
   Vehicle #0 = 1, leaving at = 700.0
   Vehicle #1 = 13, leaving at = 706.0
   Increment on distance indicator: 10.0
   Increment on tard indicator:     0.0
   Value of tmax indicator:         10.0

Task for patient = 36 with skills = {2,-1} and cost = 53.0
   Vehicle #0 = 2, leaving at = 521.0
   Vehicle #1 = -1, leaving at = inf
   Increment on distance indicator: 26.0
   Increment on tard indicator:     0.0
   Value of tmax indicator:         26.0

Task for patient = 97 with skills = {0,-1} and cost = 44.3
   Vehicle #0 = 3, leaving at = 770.0
   Vehicle #1 = -1, leaving at = inf
   Increment on distance indicator: 7.0
   Increment on tard indicator:     0.0
   Value of tmax indicator:         7.0

Task for patient = 12 with skills = {5,-1} and cost = 42.0
   Vehicle #0 = 12, leaving at = 755.0
   Vehicle #1 = -1, leaving at = inf
   Increment on distance indicator: 5.0
   Increment on tard indicator:     0.0
   Value of tmax indicator:         5.0

Task for patient = 33 with skills = {3,-1} and cost = 40.3
   Vehicle #0 = 14, leaving at = 649.0
   Vehicle #1 = -1, leaving at = inf
   Increment on distance indicator: 18.0
   Increment on tard indicator:     0.0
   Value of tmax indicator:         18.0

Task for patient = 27 with skills = {4,-1} and cost = 34.3
   Vehicle #0 = 12, leaving at = 708.0
   Vehicle #1 = -1, leaving at = inf
   Increment on distance indicator: 12.0
   Increment on tard indicator:     0.0
   Value of tmax indicator:         12.0

Task for patient = 42 with skills = {1,3} and cost = 30.3
   Vehicle #0 = 1, leaving at = 653.0
   Vehicle #1 = 13, leaving at = 628.0
   Increment on distance indicator: 12.0
   Increment on tard indicator:     0.0
   Value of tmax indicator:         12.0

Task for patient = 47 with skills = {1,3} and cost = 26.3
   Vehicle #0 = 1, leaving at = 538.0
   Vehicle #1 = 13, leaving at = 566.0
   Increment on distance indicator: 46.0
   Increment on tard indicator:     0.0
   Value of tmax indicator:         46.0

Task for patient = 49 with skills = {3,-1} and cost = 11.0
   Vehicle #0 = 12, leaving at = 660.0
   Vehicle #1 = -1, leaving at = inf
   Increment on distance indicator: 15.0
   Increment on tard indicator:     0.0
   Value of tmax indicator:         15.0

Task for patient = 68 with skills = {2,-1} and cost = 6.0
   Vehicle #0 = 0, leaving at = 498.0
   Vehicle #1 = -1, leaving at = inf
   Increment on distance indicator: 18.0
   Increment on tard indicator:     0.0
   Value of tmax indicator:         18.0

Task for patient = 39 with skills = {1,-1} and cost = 81.3
   Vehicle #0 = 4, leaving at = 516.0
   Vehicle #1 = -1, leaving at = inf
   Increment on distance indicator: 23.0
   Increment on tard indicator:     0.0
   Value of tmax indicator:         23.0

Task for patient = 59 with skills = {0,4} and cost = 385.3
   Vehicle #0 = 1, leaving at = 1017.0
   Vehicle #1 = 10, leaving at = 1003.0
   Increment on distance indicator: 8.0
   Increment on tard indicator:     0.0
   Value of tmax indicator:         8.0

Task for patient = 70 with skills = {5,-1} and cost = 212.7
   Vehicle #0 = 10, leaving at = 839.0
   Vehicle #1 = -1, leaving at = inf
   Increment on distance indicator: 15.0
   Increment on tard indicator:     0.0
   Value of tmax indicator:         15.0

Task for patient = 24 with skills = {1,-1} and cost = 207.7
   Vehicle #0 = 4, leaving at = 721.0
   Vehicle #1 = -1, leaving at = inf
   Increment on distance indicator: 2.0
   Increment on tard indicator:     0.0
   Value of tmax indicator:         2.0

Task for patient = 71 with skills = {0,-1} and cost = 207.0
   Vehicle #0 = 6, leaving at = 816.0
   Vehicle #1 = -1, leaving at = inf
   Increment on distance indicator: 5.0
   Increment on tard indicator:     0.0
   Value of tmax indicator:         5.0

Task for patient = 74 with skills = {2,-1} and cost = 205.3
   Vehicle #0 = 6, leaving at = 795.0
   Vehicle #1 = -1, leaving at = inf
   Increment on distance indicator: 2.0
   Increment on tard indicator:     0.0
   Value of tmax indicator:         2.0

Task for patient = 28 with skills = {3,-1} and cost = 204.7
   Vehicle #0 = 17, leaving at = 771.0
   Vehicle #1 = -1, leaving at = inf
   Increment on distance indicator: 10.0
   Increment on tard indicator:     0.0
   Value of tmax indicator:         10.0

Task for patient = 81 with skills = {1,-1} and cost = 201.3
   Vehicle #0 = 7, leaving at = 715.0
   Vehicle #1 = -1, leaving at = inf
   Increment on distance indicator: 4.0
   Increment on tard indicator:     0.0
   Value of tmax indicator:         4.0

Task for patient = 91 with skills = {5,-1} and cost = 200.0
   Vehicle #0 = 19, leaving at = 660.0
   Vehicle #1 = -1, leaving at = inf
   Increment on distance indicator: 7.0
   Increment on tard indicator:     0.0
   Value of tmax indicator:         7.0

Task for patient = 88 with skills = {4,-1} and cost = 197.7
   Vehicle #0 = 18, leaving at = 685.0
   Vehicle #1 = -1, leaving at = inf
   Increment on distance indicator: 4.0
   Increment on tard indicator:     0.0
   Value of tmax indicator:         4.0

Task for patient = 72 with skills = {0,3} and cost = 196.3
   Vehicle #0 = 6, leaving at = 724.0
   Vehicle #1 = 13, leaving at = 747.0
   Increment on distance indicator: 24.0
   Increment on tard indicator:     0.0
   Value of tmax indicator:         24.0

Task for patient = 14 with skills = {5,-1} and cost = 188.3
   Vehicle #0 = 14, leaving at = 866.0
   Vehicle #1 = -1, leaving at = inf
   Increment on distance indicator: 4.0
   Increment on tard indicator:     0.0
   Value of tmax indicator:         4.0

Task for patient = 55 with skills = {1,4} and cost = 141.0
   Vehicle #0 = 5, leaving at = 624.0
   Vehicle #1 = 15, leaving at = 636.0
   Increment on distance indicator: 35.0
   Increment on tard indicator:     0.0
   Value of tmax indicator:         35.0

Task for patient = 38 with skills = {2,5} and cost = 176.7
   Vehicle #0 = 0, leaving at = 791.0
   Vehicle #1 = 11, leaving at = 805.0
   Increment on distance indicator: 5.0
   Increment on tard indicator:     0.0
   Value of tmax indicator:         5.0

Task for patient = 40 with skills = {0,-1} and cost = 175.0
   Vehicle #0 = 7, leaving at = 656.0
   Vehicle #1 = -1, leaving at = inf
   Increment on distance indicator: 10.0
   Increment on tard indicator:     0.0
   Value of tmax indicator:         10.0

Task for patient = 48 with skills = {2,-1} and cost = 167.0
   Vehicle #0 = 2, leaving at = 800.0
   Vehicle #1 = -1, leaving at = inf
   Increment on distance indicator: 6.0
   Increment on tard indicator:     0.0
   Value of tmax indicator:         6.0

Task for patient = 44 with skills = {4,-1} and cost = 165.0
   Vehicle #0 = 10, leaving at = 766.0
   Vehicle #1 = -1, leaving at = inf
   Increment on distance indicator: 9.0
   Increment on tard indicator:     0.0
   Value of tmax indicator:         9.0

Task for patient = 93 with skills = {4,-1} and cost = 162.0
   Vehicle #0 = 11, leaving at = 761.0
   Vehicle #1 = -1, leaving at = inf
   Increment on distance indicator: 4.0
   Increment on tard indicator:     0.0
   Value of tmax indicator:         4.0

Task for patient = 82 with skills = {1,3} and cost = 160.7
   Vehicle #0 = 5, leaving at = 719.0
   Vehicle #1 = 15, leaving at = 724.0
   Increment on distance indicator: 4.0
   Increment on tard indicator:     0.0
   Value of tmax indicator:         4.0

Task for patient = 32 with skills = {3,-1} and cost = 159.3
   Vehicle #0 = 14, leaving at = 807.0
   Vehicle #1 = -1, leaving at = inf
   Increment on distance indicator: 15.0
   Increment on tard indicator:     0.0
   Value of tmax indicator:         15.0

Task for patient = 7 with skills = {5,-1} and cost = 154.3
   Vehicle #0 = 12, leaving at = 816.0
   Vehicle #1 = -1, leaving at = inf
   Increment on distance indicator: 4.0
   Increment on tard indicator:     0.0
   Value of tmax indicator:         4.0

Task for patient = 22 with skills = {0,-1} and cost = 153.0
   Vehicle #0 = 6, leaving at = 549.0
   Vehicle #1 = -1, leaving at = inf
   Increment on distance indicator: 10.0
   Increment on tard indicator:     0.0
   Value of tmax indicator:         10.0

Task for patient = 96 with skills = {3,-1} and cost = 149.7
   Vehicle #0 = 18, leaving at = 581.0
   Vehicle #1 = -1, leaving at = inf
   Increment on distance indicator: 5.0
   Increment on tard indicator:     0.0
   Value of tmax indicator:         5.0

Task for patient = 2 with skills = {2,4} and cost = 148.0
   Vehicle #0 = 0, leaving at = 710.0
   Vehicle #1 = 11, leaving at = 730.0
   Increment on distance indicator: 8.0
   Increment on tard indicator:     0.0
   Value of tmax indicator:         8.0

Task for patient = 83 with skills = {1,-1} and cost = 145.3
   Vehicle #0 = 7, leaving at = 618.0
   Vehicle #1 = -1, leaving at = inf
   Increment on distance indicator: 13.0
   Increment on tard indicator:     0.0
   Value of tmax indicator:         13.0

Task for patient = 86 with skills = {0,5} and cost = 187.0
   Vehicle #0 = 6, leaving at = 645.0
   Vehicle #1 = 18, leaving at = 640.0
   Increment on distance indicator: 31.0
   Increment on tard indicator:     0.0
   Value of tmax indicator:         31.0


Unused vehicle list: 8 16 (total = 2 out of 20)

---
Search finished.
Total of 448 generations in 1.1 seconds.
Exchange elite runs: 0
Implicit path relinking runs: 4
Reset attempts: 1

Best solution found:
   Cost: 485.7
   Total travel time: 1453.0
   Total tardiness time: 2.0
   Largest tardiness: 2.0


485.7
