--- BRKGA-MP-IPR for HHCRSP ---
Instance: new-instances/HHCRSP_100_20_40_0.8_C_C.txt
Seed: 1

Reading data... Problem contains 100 patients  and 20 caregivers.

Summary of supply x demand for each service type:
Skill 0 has supply = 10 and demand = 23, ratio = 0.434783
Skill 1 has supply = 7 and demand = 12, ratio = 0.583333
Skill 2 has supply = 9 and demand = 24, ratio = 0.375
Skill 3 has supply = 7 and demand = 21, ratio = 0.333333
Skill 4 has supply = 7 and demand = 20, ratio = 0.35
Skill 5 has supply = 8 and demand = 30, ratio = 0.266667

Reading parameters...
Inferred distance function by PR type: kendall-tau
Building BRKGA data and initializing...
Evolving 448 generations...

  Gens  Rem    Local   ElDiv NoImpr             Best solution            Time  Op
                                       Cost     Dist    Tard    TMax 
*    0  448  2166.33  275.49      0  2166.33  1104.00  5009.0   386.0     0.0    
*    3  445  1492.00  219.81      0  1492.00  1053.00  3165.0   258.0     0.0    
*    7  441  1204.67  159.42      0  1204.67  1096.00  2317.0   201.0     0.0    
*    9  439  1106.67  136.68      0  1106.67  1124.00  1680.0   222.0     0.0    
*   10  438  1008.67  137.93      0  1008.67   993.00   755.0   199.0     0.0    
*   11  437   649.00  142.74      0   649.00   983.00   779.0   130.0     0.0    
*   12  436   630.67  134.11      0   630.67   983.00   779.0   130.0     0.0    
*   16  432   566.33   85.89      0   566.33  1010.00   352.0   158.0     0.0    
*   17  431   506.67   76.69      0   506.67  1010.00   352.0   158.0     0.0    
*   19  429   461.33   52.06      0   461.33  1021.00   212.0    79.0     0.1    
*   20  428   437.33   42.69      0   437.33  1021.00   212.0    79.0     0.1    
*   22  426   358.67   49.81      0   358.67  1015.00    36.0    25.0     0.1    
*   24  424   337.67   38.05      0   337.67   992.00    12.0     9.0     0.1    
*   26  422   329.33   25.27      0   329.33   954.00    22.0    12.0     0.1    
*   30  418   315.67   16.65      0   315.67   937.00     2.0     2.0     0.1    

  Gens  Rem    Local   ElDiv NoImpr             Best solution            Time  Op
                                       Cost     Dist    Tard    TMax 
*   31  417   313.67   16.08      0   313.67   937.00     2.0     2.0     0.1    
*   36  412   306.67    9.57      0   306.67   904.00     0.0     0.0     0.1    
*   37  411   301.33    8.34      0   301.33   904.00     0.0     0.0     0.1    
*   41  407   299.67    6.71      0   299.67   888.00     0.0     0.0     0.1    
*   42  406   296.00    6.67      0   296.00   888.00     0.0     0.0     0.1    
*   46  402   293.67    5.08      0   293.67   869.00     7.0     5.0     0.1    
*   48  400   289.33    4.48      0   289.33   864.00     2.0     2.0     0.1    
    50  398   289.33    3.79      2   289.33   864.00     2.0     2.0     0.1    
*   53  395   281.33    4.05      0   281.33   844.00     0.0     0.0     0.1    
*   63  385   279.67    3.92      0   279.67   827.00     8.0     4.0     0.2    
*   70  378   276.00    3.53      0   276.00   823.00     0.0     0.0     0.2    
*   71  377   274.33    3.24      0   274.33   823.00     0.0     0.0     0.2    
*   74  374   266.33    3.20      0   266.33   799.00     0.0     0.0     0.2    
*   84  364   264.00    3.09      0   264.00   792.00     0.0     0.0     0.2    
*   89  359   262.67    3.16      0   262.67   788.00     0.0     0.0     0.2    
*   92  356   261.00    3.03      0   261.00   780.00     1.0     1.0     0.2    

  Gens  Rem    Local   ElDiv NoImpr             Best solution            Time  Op
                                       Cost     Dist    Tard    TMax 
*   93  355   260.67    3.24      0   260.67   780.00     0.0     0.0     0.2    
*   94  354   260.00    3.12      0   260.00   780.00     0.0     0.0     0.2    
Path relinking result: too homogeneous.
    96  352   260.00    2.86      3   260.00   780.00     0.0     0.0     0.3   P
*   98  350   259.33    2.83      0   259.33   776.00     0.0     0.0     0.3    
*   99  349   258.67    2.65      0   258.67   771.00     0.0     0.0     0.3    
*  100  348   257.00    2.43      0   257.00   771.00     0.0     0.0     0.3    
*  103  345   255.33    2.37      0   255.33   760.00     0.0     0.0     0.3    
*  104  344   253.33    2.19      0   253.33   760.00     0.0     0.0     0.3    
*  111  337   251.33    1.55      0   251.33   754.00     0.0     0.0     0.3    
*  114  334   250.00    1.33      0   250.00   747.00     0.0     0.0     0.3    
*  115  333   249.00    1.18      0   249.00   747.00     0.0     0.0     0.3    
*  118  330   248.00    1.18      0   248.00   744.00     0.0     0.0     0.3    
*  123  325   247.67    0.82      0   247.67   741.00     0.0     0.0     0.3    
*  124  324   247.00    0.76      0   247.00   741.00     0.0     0.0     0.3    
*  126  322   245.33    0.86      0   245.33   736.00     0.0     0.0     0.3    
*  133  315   245.00    0.56      0   245.00   735.00     0.0     0.0     0.4    

  Gens  Rem    Local   ElDiv NoImpr             Best solution            Time  Op
                                       Cost     Dist    Tard    TMax 
*  141  307   244.33    0.34      0   244.33   733.00     0.0     0.0     0.4    
*  145  303   244.00    0.33      0   244.00   732.00     0.0     0.0     0.4    
   150  298   244.00    0.39      5   244.00   732.00     0.0     0.0     0.4    
*  152  296   243.67    0.18      0   243.67   731.00     0.0     0.0     0.4    
*  156  292   243.33    0.11      0   243.33   730.00     0.0     0.0     0.4    
*  167  281   243.00    0.16      0   243.00   729.00     0.0     0.0     0.4    
*  180  268   242.67    0.04      0   242.67   728.00     0.0     0.0     0.5    
Path relinking result: too homogeneous.
   192  256   242.67    0.00     13   242.67   728.00     0.0     0.0     0.5   P
   200  248   242.67    0.00     20   242.67   728.00     0.0     0.0     0.5    
*  208  240   242.33    0.07      0   242.33   727.00     0.0     0.0     0.5    
*  223  225   241.67    0.16      0   241.67   725.00     0.0     0.0     0.6    
*  237  211   241.33    0.07      0   241.33   724.00     0.0     0.0     0.6    
   250  198   241.33    0.00     13   241.33   724.00     0.0     0.0     0.6    
*  277  171   240.67    0.16      0   240.67   722.00     0.0     0.0     0.7    
Path relinking result: too homogeneous.
   288  160   240.67    0.00     12   240.67   722.00     0.0     0.0     0.7   P
   300  148   240.67    0.00     23   240.67   722.00     0.0     0.0     0.8    

  Gens  Rem    Local   ElDiv NoImpr             Best solution            Time  Op
                                       Cost     Dist    Tard    TMax 
*  323  125   240.33    0.06      0   240.33   721.00     0.0     0.0     0.8    
   350   98   240.33    0.00     27   240.33   721.00     0.0     0.0     0.9    
*  363   85   240.00    0.04      0   240.00   720.00     0.0     0.0     0.9    
*  376   72   239.00    0.17      0   239.00   717.00     0.0     0.0     1.0    
Path relinking result: too homogeneous.
   384   64   239.00    0.00      9   239.00   717.00     0.0     0.0     1.0   P
*  389   59   238.33    0.08      0   238.33   715.00     0.0     0.0     1.0    
   400   48   238.33    0.00     11   238.33   715.00     0.0     0.0     1.0    
*  444    4   238.00    0.04      0   238.00   714.00     0.0     0.0     1.1    
   448    0   238.00    0.09      4   238.00   714.00     0.0     0.0     1.1    
Evolutionary process finished.
Solution written to 'solution-26773.txt'.

Sorted sequence of worst to best tardiness value:
Task for patient = 40 with skills = {0,5} and cost = 145.3
   Vehicle #0 = 1, leaving at = 791.0
   Vehicle #1 = 16, leaving at = 817.0
   Increment on distance indicator: 13.0
   Increment on tard indicator:     0.0
   Value of tmax indicator:         13.0

Task for patient = 77 with skills = {2,-1} and cost = 141.0
   Vehicle #0 = 2, leaving at = 898.0
   Vehicle #1 = -1, leaving at = inf
   Increment on distance indicator: 2.0
   Increment on tard indicator:     0.0
   Value of tmax indicator:         2.0

Task for patient = 47 with skills = {5,-1} and cost = 140.3
   Vehicle #0 = 15, leaving at = 846.0
   Vehicle #1 = -1, leaving at = inf
   Increment on distance indicator: 7.0
   Increment on tard indicator:     0.0
   Value of tmax indicator:         7.0

Task for patient = 46 with skills = {0,5} and cost = 138.0
   Vehicle #0 = 7, leaving at = 861.0
   Vehicle #1 = 15, leaving at = 817.0
   Increment on distance indicator: 14.0
   Increment on tard indicator:     0.0
   Value of tmax indicator:         14.0

Task for patient = 32 with skills = {2,-1} and cost = 133.3
   Vehicle #0 = 5, leaving at = 999.0
   Vehicle #1 = -1, leaving at = inf
   Increment on distance indicator: 1.0
   Increment on tard indicator:     0.0
   Value of tmax indicator:         1.0

Task for patient = 76 with skills = {4,-1} and cost = 133.0
   Vehicle #0 = 18, leaving at = 862.0
   Vehicle #1 = -1, leaving at = inf
   Increment on distance indicator: 5.0
   Increment on tard indicator:     0.0
   Value of tmax indicator:         5.0

Task for patient = 16 with skills = {2,-1} and cost = 131.3
   Vehicle #0 = 0, leaving at = 913.0
   Vehicle #1 = -1, leaving at = inf
   Increment on distance indicator: 5.0
   Increment on tard indicator:     0.0
   Value of tmax indicator:         5.0

Task for patient = 54 with skills = {0,-1} and cost = 129.7
   Vehicle #0 = 4, leaving at = 801.0
   Vehicle #1 = -1, leaving at = inf
   Increment on distance indicator: 2.0
   Increment on tard indicator:     0.0
   Value of tmax indicator:         2.0

Task for patient = 15 with skills = {3,-1} and cost = 129.0
   Vehicle #0 = 18, leaving at = 840.0
   Vehicle #1 = -1, leaving at = inf
   Increment on distance indicator: 3.0
   Increment on tard indicator:     0.0
   Value of tmax indicator:         3.0

Task for patient = 74 with skills = {0,4} and cost = 128.0
   Vehicle #0 = 6, leaving at = 911.0
   Vehicle #1 = 19, leaving at = 903.0
   Increment on distance indicator: 5.0
   Increment on tard indicator:     0.0
   Value of tmax indicator:         5.0

Task for patient = 3 with skills = {2,-1} and cost = 126.3
   Vehicle #0 = 3, leaving at = 790.0
   Vehicle #1 = -1, leaving at = inf
   Increment on distance indicator: 8.0
   Increment on tard indicator:     0.0
   Value of tmax indicator:         8.0

Task for patient = 59 with skills = {1,-1} and cost = 197.3
   Vehicle #0 = 2, leaving at = 1048.0
   Vehicle #1 = -1, leaving at = inf
   Increment on distance indicator: 7.0
   Increment on tard indicator:     0.0
   Value of tmax indicator:         7.0

Task for patient = 36 with skills = {2,-1} and cost = 122.0
   Vehicle #0 = 6, leaving at = 869.0
   Vehicle #1 = -1, leaving at = inf
   Increment on distance indicator: 2.0
   Increment on tard indicator:     0.0
   Value of tmax indicator:         2.0

Task for patient = 57 with skills = {2,5} and cost = 121.3
   Vehicle #0 = 4, leaving at = 739.0
   Vehicle #1 = 15, leaving at = 773.0
   Increment on distance indicator: 8.0
   Increment on tard indicator:     0.0
   Value of tmax indicator:         8.0

Task for patient = 4 with skills = {5,-1} and cost = 118.7
   Vehicle #0 = 10, leaving at = 844.0
   Vehicle #1 = -1, leaving at = inf
   Increment on distance indicator: 1.0
   Increment on tard indicator:     0.0
   Value of tmax indicator:         1.0

Task for patient = 85 with skills = {2,-1} and cost = 118.3
   Vehicle #0 = 5, leaving at = 938.0
   Vehicle #1 = -1, leaving at = inf
   Increment on distance indicator: 5.0
   Increment on tard indicator:     0.0
   Value of tmax indicator:         5.0

Task for patient = 5 with skills = {3,-1} and cost = 116.7
   Vehicle #0 = 12, leaving at = 863.0
   Vehicle #1 = -1, leaving at = inf
   Increment on distance indicator: 3.0
   Increment on tard indicator:     0.0
   Value of tmax indicator:         3.0

Task for patient = 61 with skills = {0,-1} and cost = 115.7
   Vehicle #0 = 3, leaving at = 734.0
   Vehicle #1 = -1, leaving at = inf
   Increment on distance indicator: 2.0
   Increment on tard indicator:     0.0
   Value of tmax indicator:         2.0

Task for patient = 69 with skills = {1,3} and cost = 115.0
   Vehicle #0 = 5, leaving at = 917.0
   Vehicle #1 = 14, leaving at = 897.0
   Increment on distance indicator: 4.0
   Increment on tard indicator:     0.0
   Value of tmax indicator:         4.0

Task for patient = 38 with skills = {4,-1} and cost = 113.7
   Vehicle #0 = 13, leaving at = 898.0
   Vehicle #1 = -1, leaving at = inf
   Increment on distance indicator: 5.0
   Increment on tard indicator:     0.0
   Value of tmax indicator:         5.0

Task for patient = 88 with skills = {4,-1} and cost = 112.0
   Vehicle #0 = 14, leaving at = 873.0
   Vehicle #1 = -1, leaving at = inf
   Increment on distance indicator: 3.0
   Increment on tard indicator:     0.0
   Value of tmax indicator:         3.0

Task for patient = 98 with skills = {2,-1} and cost = 111.0
   Vehicle #0 = 7, leaving at = 654.0
   Vehicle #1 = -1, leaving at = inf
   Increment on distance indicator: 5.0
   Increment on tard indicator:     0.0
   Value of tmax indicator:         5.0

Task for patient = 12 with skills = {2,-1} and cost = 109.3
   Vehicle #0 = 7, leaving at = 602.0
   Vehicle #1 = -1, leaving at = inf
   Increment on distance indicator: 10.0
   Increment on tard indicator:     0.0
   Value of tmax indicator:         10.0

Task for patient = 2 with skills = {0,4} and cost = 106.0
   Vehicle #0 = 6, leaving at = 798.0
   Vehicle #1 = 19, leaving at = 828.0
   Increment on distance indicator: 0.0
   Increment on tard indicator:     0.0
   Value of tmax indicator:         0.0

Task for patient = 87 with skills = {1,-1} and cost = 123.7
   Vehicle #0 = 2, leaving at = 828.0
   Vehicle #1 = -1, leaving at = inf
   Increment on distance indicator: 5.0
   Increment on tard indicator:     0.0
   Value of tmax indicator:         5.0

Task for patient = 43 with skills = {3,-1} and cost = 195.0
   Vehicle #0 = 14, leaving at = 960.0
   Vehicle #1 = -1, leaving at = inf
   Increment on distance indicator: 6.0
   Increment on tard indicator:     0.0
   Value of tmax indicator:         6.0

Task for patient = 11 with skills = {5,-1} and cost = 193.0
   Vehicle #0 = 18, leaving at = 1045.0
   Vehicle #1 = -1, leaving at = inf
   Increment on distance indicator: 4.0
   Increment on tard indicator:     0.0
   Value of tmax indicator:         4.0

Task for patient = 78 with skills = {0,-1} and cost = 191.7
   Vehicle #0 = 2, leaving at = 1010.0
   Vehicle #1 = -1, leaving at = inf
   Increment on distance indicator: 4.0
   Increment on tard indicator:     0.0
   Value of tmax indicator:         4.0

Task for patient = 58 with skills = {3,-1} and cost = 190.3
   Vehicle #0 = 17, leaving at = 1046.0
   Vehicle #1 = -1, leaving at = inf
   Increment on distance indicator: 5.0
   Increment on tard indicator:     0.0
   Value of tmax indicator:         5.0

Task for patient = 60 with skills = {0,4} and cost = 188.7
   Vehicle #0 = 2, leaving at = 985.0
   Vehicle #1 = 12, leaving at = 1013.0
   Increment on distance indicator: 5.0
   Increment on tard indicator:     0.0
   Value of tmax indicator:         5.0

Task for patient = 99 with skills = {4,-1} and cost = 187.0
   Vehicle #0 = 15, leaving at = 1064.0
   Vehicle #1 = -1, leaving at = inf
   Increment on distance indicator: 3.0
   Increment on tard indicator:     0.0
   Value of tmax indicator:         3.0

Task for patient = 72 with skills = {0,-1} and cost = 186.0
   Vehicle #0 = 2, leaving at = 967.0
   Vehicle #1 = -1, leaving at = inf
   Increment on distance indicator: 2.0
   Increment on tard indicator:     0.0
   Value of tmax indicator:         2.0

Task for patient = 95 with skills = {5,-1} and cost = 185.3
   Vehicle #0 = 18, leaving at = 982.0
   Vehicle #1 = -1, leaving at = inf
   Increment on distance indicator: 8.0
   Increment on tard indicator:     0.0
   Value of tmax indicator:         8.0

Task for patient = 44 with skills = {2,-1} and cost = 182.7
   Vehicle #0 = 4, leaving at = 961.0
   Vehicle #1 = -1, leaving at = inf
   Increment on distance indicator: 4.0
   Increment on tard indicator:     0.0
   Value of tmax indicator:         4.0

Task for patient = 45 with skills = {2,5} and cost = 181.3
   Vehicle #0 = 2, leaving at = 947.0
   Vehicle #1 = 10, leaving at = 949.0
   Increment on distance indicator: 7.0
   Increment on tard indicator:     0.0
   Value of tmax indicator:         7.0

Task for patient = 55 with skills = {2,5} and cost = 179.0
   Vehicle #0 = 0, leaving at = 973.0
   Vehicle #1 = 15, leaving at = 1002.0
   Increment on distance indicator: 2.0
   Increment on tard indicator:     0.0
   Value of tmax indicator:         2.0

Task for patient = 22 with skills = {5,-1} and cost = 146.0
   Vehicle #0 = 15, leaving at = 891.0
   Vehicle #1 = -1, leaving at = inf
   Increment on distance indicator: 2.0
   Increment on tard indicator:     0.0
   Value of tmax indicator:         2.0

Task for patient = 21 with skills = {0,3} and cost = 175.0
   Vehicle #0 = 3, leaving at = 980.0
   Vehicle #1 = 17, leaving at = 991.0
   Increment on distance indicator: 8.0
   Increment on tard indicator:     0.0
   Value of tmax indicator:         8.0

Task for patient = 83 with skills = {3,-1} and cost = 172.3
   Vehicle #0 = 18, leaving at = 951.0
   Vehicle #1 = -1, leaving at = inf
   Increment on distance indicator: 7.0
   Increment on tard indicator:     0.0
   Value of tmax indicator:         7.0

Task for patient = 62 with skills = {5,-1} and cost = 170.0
   Vehicle #0 = 10, leaving at = 928.0
   Vehicle #1 = -1, leaving at = inf
   Increment on distance indicator: 3.0
   Increment on tard indicator:     0.0
   Value of tmax indicator:         3.0

Task for patient = 30 with skills = {0,5} and cost = 169.0
   Vehicle #0 = 1, leaving at = 874.0
   Vehicle #1 = 16, leaving at = 858.0
   Increment on distance indicator: 8.0
   Increment on tard indicator:     0.0
   Value of tmax indicator:         8.0

Task for patient = 51 with skills = {5,-1} and cost = 166.3
   Vehicle #0 = 15, leaving at = 948.0
   Vehicle #1 = -1, leaving at = inf
   Increment on distance indicator: 4.0
   Increment on tard indicator:     0.0
   Value of tmax indicator:         4.0

Task for patient = 28 with skills = {0,4} and cost = 165.0
   Vehicle #0 = 3, leaving at = 952.0
   Vehicle #1 = 17, leaving at = 921.0
   Increment on distance indicator: 5.0
   Increment on tard indicator:     0.0
   Value of tmax indicator:         5.0

Task for patient = 24 with skills = {1,4} and cost = 163.3
   Vehicle #0 = 3, leaving at = 872.0
   Vehicle #1 = 18, leaving at = 888.0
   Increment on distance indicator: 6.0
   Increment on tard indicator:     0.0
   Value of tmax indicator:         6.0

Task for patient = 93 with skills = {2,4} and cost = 161.3
   Vehicle #0 = 3, leaving at = 846.0
   Vehicle #1 = 17, leaving at = 860.0
   Increment on distance indicator: 17.0
   Increment on tard indicator:     0.0
   Value of tmax indicator:         17.0

Task for patient = 75 with skills = {5,-1} and cost = 155.7
   Vehicle #0 = 10, leaving at = 884.0
   Vehicle #1 = -1, leaving at = inf
   Increment on distance indicator: 6.0
   Increment on tard indicator:     0.0
   Value of tmax indicator:         6.0

Task for patient = 66 with skills = {0,4} and cost = 153.7
   Vehicle #0 = 4, leaving at = 919.0
   Vehicle #1 = 14, leaving at = 938.0
   Increment on distance indicator: 11.0
   Increment on tard indicator:     0.0
   Value of tmax indicator:         11.0

Task for patient = 29 with skills = {2,-1} and cost = 150.0
   Vehicle #0 = 0, leaving at = 944.0
   Vehicle #1 = -1, leaving at = inf
   Increment on distance indicator: 4.0
   Increment on tard indicator:     0.0
   Value of tmax indicator:         4.0

Task for patient = 94 with skills = {4,-1} and cost = 148.7
   Vehicle #0 = 17, leaving at = 817.0
   Vehicle #1 = -1, leaving at = inf
   Increment on distance indicator: 8.0
   Increment on tard indicator:     0.0
   Value of tmax indicator:         8.0

Task for patient = 67 with skills = {2,4} and cost = 178.3
   Vehicle #0 = 5, leaving at = 1035.0
   Vehicle #1 = 13, leaving at = 1038.0
   Increment on distance indicator: 10.0
   Increment on tard indicator:     0.0
   Value of tmax indicator:         10.0

Task for patient = 97 with skills = {0,5} and cost = 58.3
   Vehicle #0 = 5, leaving at = 571.0
   Vehicle #1 = 16, leaving at = 599.0
   Increment on distance indicator: 4.0
   Increment on tard indicator:     0.0
   Value of tmax indicator:         4.0

Task for patient = 64 with skills = {1,-1} and cost = 57.0
   Vehicle #0 = 4, leaving at = 618.0
   Vehicle #1 = -1, leaving at = inf
   Increment on distance indicator: 4.0
   Increment on tard indicator:     0.0
   Value of tmax indicator:         4.0

Task for patient = 18 with skills = {0,5} and cost = 55.7
   Vehicle #0 = 5, leaving at = 533.0
   Vehicle #1 = 16, leaving at = 523.0
   Increment on distance indicator: 20.0
   Increment on tard indicator:     0.0
   Value of tmax indicator:         20.0

Task for patient = 86 with skills = {3,-1} and cost = 49.0
   Vehicle #0 = 12, leaving at = 640.0
   Vehicle #1 = -1, leaving at = inf
   Increment on distance indicator: 7.0
   Increment on tard indicator:     0.0
   Value of tmax indicator:         7.0

Task for patient = 19 with skills = {5,-1} and cost = 46.7
   Vehicle #0 = 15, leaving at = 603.0
   Vehicle #1 = -1, leaving at = inf
   Increment on distance indicator: 9.0
   Increment on tard indicator:     0.0
   Value of tmax indicator:         9.0

Task for patient = 73 with skills = {1,-1} and cost = 43.7
   Vehicle #0 = 2, leaving at = 613.0
   Vehicle #1 = -1, leaving at = inf
   Increment on distance indicator: 6.0
   Increment on tard indicator:     0.0
   Value of tmax indicator:         6.0

Task for patient = 39 with skills = {2,-1} and cost = 41.7
   Vehicle #0 = 4, leaving at = 560.0
   Vehicle #1 = -1, leaving at = inf
   Increment on distance indicator: 4.0
   Increment on tard indicator:     0.0
   Value of tmax indicator:         4.0

Task for patient = 7 with skills = {2,-1} and cost = 40.3
   Vehicle #0 = 2, leaving at = 582.0
   Vehicle #1 = -1, leaving at = inf
   Increment on distance indicator: 4.0
   Increment on tard indicator:     0.0
   Value of tmax indicator:         4.0

Task for patient = 6 with skills = {3,-1} and cost = 39.0
   Vehicle #0 = 14, leaving at = 645.0
   Vehicle #1 = -1, leaving at = inf
   Increment on distance indicator: 11.0
   Increment on tard indicator:     0.0
   Value of tmax indicator:         11.0

Task for patient = 81 with skills = {0,4} and cost = 35.3
   Vehicle #0 = 1, leaving at = 614.0
   Vehicle #1 = 15, leaving at = 578.0
   Increment on distance indicator: 12.0
   Increment on tard indicator:     0.0
   Value of tmax indicator:         12.0

Task for patient = 13 with skills = {5,-1} and cost = 31.3
   Vehicle #0 = 11, leaving at = 692.0
   Vehicle #1 = -1, leaving at = inf
   Increment on distance indicator: 1.0
   Increment on tard indicator:     0.0
   Value of tmax indicator:         1.0

Task for patient = 71 with skills = {1,-1} and cost = 106.0
   Vehicle #0 = 5, leaving at = 854.0
   Vehicle #1 = -1, leaving at = inf
   Increment on distance indicator: 5.0
   Increment on tard indicator:     0.0
   Value of tmax indicator:         5.0

Task for patient = 8 with skills = {2,5} and cost = 29.0
   Vehicle #0 = 3, leaving at = 628.0
   Vehicle #1 = 11, leaving at = 635.0
   Increment on distance indicator: 4.0
   Increment on tard indicator:     0.0
   Value of tmax indicator:         4.0

Task for patient = 49 with skills = {2,5} and cost = 27.7
   Vehicle #0 = 3, leaving at = 527.0
   Vehicle #1 = 11, leaving at = 533.0
   Increment on distance indicator: 10.0
   Increment on tard indicator:     0.0
   Value of tmax indicator:         10.0

Task for patient = 90 with skills = {2,3} and cost = 24.3
   Vehicle #0 = 2, leaving at = 556.0
   Vehicle #1 = 14, leaving at = 609.0
   Increment on distance indicator: 14.0
   Increment on tard indicator:     0.0
   Value of tmax indicator:         14.0

Task for patient = 27 with skills = {4,-1} and cost = 19.7
   Vehicle #0 = 13, leaving at = 612.0
   Vehicle #1 = -1, leaving at = inf
   Increment on distance indicator: 3.0
   Increment on tard indicator:     0.0
   Value of tmax indicator:         3.0

Task for patient = 42 with skills = {2,-1} and cost = 18.7
   Vehicle #0 = 0, leaving at = 716.0
   Vehicle #1 = -1, leaving at = inf
   Increment on distance indicator: 2.0
   Increment on tard indicator:     0.0
   Value of tmax indicator:         2.0

Task for patient = 25 with skills = {0,-1} and cost = 18.0
   Vehicle #0 = 0, leaving at = 665.0
   Vehicle #1 = -1, leaving at = inf
   Increment on distance indicator: 3.0
   Increment on tard indicator:     0.0
   Value of tmax indicator:         3.0

Task for patient = 70 with skills = {3,-1} and cost = 17.0
   Vehicle #0 = 14, leaving at = 556.0
   Vehicle #1 = -1, leaving at = inf
   Increment on distance indicator: 6.0
   Increment on tard indicator:     0.0
   Value of tmax indicator:         6.0

Task for patient = 56 with skills = {2,3} and cost = 15.0
   Vehicle #0 = 0, leaving at = 557.0
   Vehicle #1 = 13, leaving at = 565.0
   Increment on distance indicator: 16.0
   Increment on tard indicator:     0.0
   Value of tmax indicator:         16.0

Task for patient = 92 with skills = {5,-1} and cost = 9.7
   Vehicle #0 = 10, leaving at = 740.0
   Vehicle #1 = -1, leaving at = inf
   Increment on distance indicator: 4.0
   Increment on tard indicator:     0.0
   Value of tmax indicator:         4.0

Task for patient = 53 with skills = {3,-1} and cost = 8.3
   Vehicle #0 = 12, leaving at = 593.0
   Vehicle #1 = -1, leaving at = inf
   Increment on distance indicator: 13.0
   Increment on tard indicator:     0.0
   Value of tmax indicator:         13.0

Task for patient = 14 with skills = {3,-1} and cost = 4.0
   Vehicle #0 = 10, leaving at = 709.0
   Vehicle #1 = -1, leaving at = inf
   Increment on distance indicator: 3.0
   Increment on tard indicator:     0.0
   Value of tmax indicator:         3.0

Task for patient = 41 with skills = {5,-1} and cost = 3.0
   Vehicle #0 = 10, leaving at = 575.0
   Vehicle #1 = -1, leaving at = inf
   Increment on distance indicator: 9.0
   Increment on tard indicator:     0.0
   Value of tmax indicator:         9.0

Task for patient = 63 with skills = {0,5} and cost = 31.0
   Vehicle #0 = 0, leaving at = 772.0
   Vehicle #1 = 13, leaving at = 755.0
   Increment on distance indicator: 6.0
   Increment on tard indicator:     0.0
   Value of tmax indicator:         6.0

Task for patient = 31 with skills = {1,-1} and cost = 104.3
   Vehicle #0 = 5, leaving at = 757.0
   Vehicle #1 = -1, leaving at = inf
   Increment on distance indicator: 5.0
   Increment on tard indicator:     0.0
   Value of tmax indicator:         5.0

Task for patient = 23 with skills = {3,-1} and cost = 102.7
   Vehicle #0 = 14, leaving at = 833.0
   Vehicle #1 = -1, leaving at = inf
   Increment on distance indicator: 4.0
   Increment on tard indicator:     0.0
   Value of tmax indicator:         4.0

Task for patient = 34 with skills = {5,-1} and cost = 101.3
   Vehicle #0 = 16, leaving at = 662.0
   Vehicle #1 = -1, leaving at = inf
   Increment on distance indicator: 5.0
   Increment on tard indicator:     0.0
   Value of tmax indicator:         5.0

Task for patient = 48 with skills = {4,-1} and cost = 99.7
   Vehicle #0 = 17, leaving at = 718.0
   Vehicle #1 = -1, leaving at = inf
   Increment on distance indicator: 6.0
   Increment on tard indicator:     0.0
   Value of tmax indicator:         6.0

Task for patient = 91 with skills = {4,-1} and cost = 97.7
   Vehicle #0 = 14, leaving at = 794.0
   Vehicle #1 = -1, leaving at = inf
   Increment on distance indicator: 4.0
   Increment on tard indicator:     0.0
   Value of tmax indicator:         4.0

Task for patient = 9 with skills = {5,-1} and cost = 96.3
   Vehicle #0 = 18, leaving at = 822.0
   Vehicle #1 = -1, leaving at = inf
   Increment on distance indicator: 6.0
   Increment on tard indicator:     0.0
   Value of tmax indicator:         6.0

Task for patient = 79 with skills = {2,3} and cost = 94.3
   Vehicle #0 = 3, leaving at = 714.0
   Vehicle #1 = 18, leaving at = 721.0
   Increment on distance indicator: 8.0
   Increment on tard indicator:     0.0
   Value of tmax indicator:         8.0

Task for patient = 33 with skills = {3,-1} and cost = 91.7
   Vehicle #0 = 14, leaving at = 772.0
   Vehicle #1 = -1, leaving at = inf
   Increment on distance indicator: 4.0
   Increment on tard indicator:     0.0
   Value of tmax indicator:         4.0

Task for patient = 96 with skills = {0,3} and cost = 90.3
   Vehicle #0 = 2, leaving at = 792.0
   Vehicle #1 = 12, leaving at = 815.0
   Increment on distance indicator: 2.0
   Increment on tard indicator:     0.0
   Value of tmax indicator:         2.0

Task for patient = 89 with skills = {5,-1} and cost = 89.7
   Vehicle #0 = 14, leaving at = 740.0
   Vehicle #1 = -1, leaving at = inf
   Increment on distance indicator: 2.0
   Increment on tard indicator:     0.0
   Value of tmax indicator:         2.0

Task for patient = 84 with skills = {0,5} and cost = 89.0
   Vehicle #0 = 1, leaving at = 746.0
   Vehicle #1 = 15, leaving at = 735.0
   Increment on distance indicator: 10.0
   Increment on tard indicator:     0.0
   Value of tmax indicator:         10.0

Task for patient = 68 with skills = {0,-1} and cost = 60.3
   Vehicle #0 = 2, leaving at = 641.0
   Vehicle #1 = -1, leaving at = inf
   Increment on distance indicator: 6.0
   Increment on tard indicator:     0.0
   Value of tmax indicator:         6.0

Task for patient = 10 with skills = {0,-1} and cost = 83.3
   Vehicle #0 = 5, leaving at = 677.0
   Vehicle #1 = -1, leaving at = inf
   Increment on distance indicator: 4.0
   Increment on tard indicator:     0.0
   Value of tmax indicator:         4.0

Task for patient = 65 with skills = {3,-1} and cost = 82.0
   Vehicle #0 = 10, leaving at = 790.0
   Vehicle #1 = -1, leaving at = inf
   Increment on distance indicator: 1.0
   Increment on tard indicator:     0.0
   Value of tmax indicator:         1.0

Task for patient = 50 with skills = {1,4} and cost = 81.7
   Vehicle #0 = 4, leaving at = 697.0
   Vehicle #1 = 15, leaving at = 689.0
   Increment on distance indicator: 13.0
   Increment on tard indicator:     0.0
   Value of tmax indicator:         13.0

Task for patient = 52 with skills = {3,-1} and cost = 77.3
   Vehicle #0 = 18, leaving at = 621.0
   Vehicle #1 = -1, leaving at = inf
   Increment on distance indicator: 4.0
   Increment on tard indicator:     0.0
   Value of tmax indicator:         4.0

Task for patient = 26 with skills = {1,-1} and cost = 76.0
   Vehicle #0 = 5, leaving at = 623.0
   Vehicle #1 = -1, leaving at = inf
   Increment on distance indicator: 6.0
   Increment on tard indicator:     0.0
   Value of tmax indicator:         6.0

Task for patient = 1 with skills = {4,-1} and cost = 74.0
   Vehicle #0 = 18, leaving at = 581.0
   Vehicle #1 = -1, leaving at = inf
   Increment on distance indicator: 8.0
   Increment on tard indicator:     0.0
   Value of tmax indicator:         8.0

Task for patient = 20 with skills = {2,-1} and cost = 71.3
   Vehicle #0 = 0, leaving at = 878.0
   Vehicle #1 = -1, leaving at = inf
   Increment on distance indicator: 3.0
   Increment on tard indicator:     0.0
   Value of tmax indicator:         3.0

Task for patient = 82 with skills = {5,-1} and cost = 70.3
   Vehicle #0 = 11, leaving at = 731.0
   Vehicle #1 = -1, leaving at = inf
   Increment on distance indicator: 4.0
   Increment on tard indicator:     0.0
   Value of tmax indicator:         4.0

Task for patient = 37 with skills = {5,-1} and cost = 69.0
   Vehicle #0 = 17, leaving at = 592.0
   Vehicle #1 = -1, leaving at = inf
   Increment on distance indicator: 5.0
   Increment on tard indicator:     0.0
   Value of tmax indicator:         5.0

Task for patient = 80 with skills = {1,3} and cost = 67.3
   Vehicle #0 = 2, leaving at = 731.0
   Vehicle #1 = 12, leaving at = 766.0
   Increment on distance indicator: 11.0
   Increment on tard indicator:     0.0
   Value of tmax indicator:         11.0

Task for patient = 17 with skills = {1,-1} and cost = 63.7
   Vehicle #0 = 3, leaving at = 678.0
   Vehicle #1 = -1, leaving at = inf
   Increment on distance indicator: 6.0
   Increment on tard indicator:     0.0
   Value of tmax indicator:         6.0

Task for patient = 35 with skills = {0,5} and cost = 61.7
   Vehicle #0 = 0, leaving at = 831.0
   Vehicle #1 = 13, leaving at = 834.0
   Increment on distance indicator: 4.0
   Increment on tard indicator:     0.0
   Value of tmax indicator:         4.0

Task for patient = 100 with skills = {4,-1} and cost = 85.7
   Vehicle #0 = 14, leaving at = 689.0
   Vehicle #1 = -1, leaving at = inf
   Increment on distance indicator: 7.0
   Increment on tard indicator:     0.0
   Value of tmax indicator:         7.0


Unused vehicle list: 8 9 (total = 2 out of 20)

---
Search finished.
Total of 448 generations in 1.1 seconds.
Exchange elite runs: 0
Implicit path relinking runs: 4
Reset attempts: 0

Best solution found:
   Cost: 238.0
   Total travel time: 714.0
   Total tardiness time: 0.0
   Largest tardiness: 0.0


238.0
