--- BRKGA-MP-IPR for HHCRSP ---
Instance: new-instances/HHCRSP_100_20_27_1.6_C_C.txt
Seed: 1

Reading data... Problem contains 100 patients  and 20 caregivers.

Summary of supply x demand for each service type:
Skill 0 has supply = 7 and demand = 16, ratio = 0.4375
Skill 1 has supply = 6 and demand = 15, ratio = 0.4
Skill 2 has supply = 7 and demand = 33, ratio = 0.212121
Skill 3 has supply = 7 and demand = 26, ratio = 0.269231
Skill 4 has supply = 6 and demand = 28, ratio = 0.214286
Skill 5 has supply = 5 and demand = 12, ratio = 0.416667

Reading parameters...
Inferred distance function by PR type: kendall-tau
Building BRKGA data and initializing...
Evolving 448 generations...

  Gens  Rem    Local   ElDiv NoImpr             Best solution            Time  Op
                                       Cost     Dist    Tard    TMax 
*    0  448  2931.33  268.75      0  2931.33  1851.00  6576.0   367.0     0.0    
*    2  446  2661.00  256.03      0  2661.00  1834.00  4888.0   401.0     0.0    
*    3  445  2374.33  219.11      0  2374.33  1839.00  4844.0   335.0     0.0    
*    4  444  2339.33  190.42      0  2339.33  1913.00  4496.0   367.0     0.0    
*    5  443  2258.67  171.40      0  2258.67  1710.00  4412.0   404.0     0.0    
*    6  442  2175.33  166.59      0  2175.33  1817.00  3694.0   313.0     0.0    
*    7  441  1941.33  148.35      0  1941.33  1881.00  3430.0   301.0     0.0    
*    8  440  1870.67  166.98      0  1870.67  1785.00  3311.0   285.0     0.0    
*    9  439  1793.67  175.48      0  1793.67  1853.00  2441.0   260.0     0.0    
*   10  438  1518.00  158.95      0  1518.00  1791.00  2276.0   234.0     0.0    
*   11  437  1433.67  129.29      0  1433.67  1791.00  2276.0   234.0     0.0    
*   13  435  1256.33  119.88      0  1256.33  1720.00  1819.0   230.0     0.0    
*   15  433  1248.33  100.34      0  1248.33  1807.00  1128.0   169.0     0.0    
*   16  432  1034.67  118.28      0  1034.67  1698.00   772.0   250.0     0.0    
*   17  431   906.67  108.29      0   906.67  1698.00   772.0   250.0     0.0    

  Gens  Rem    Local   ElDiv NoImpr             Best solution            Time  Op
                                       Cost     Dist    Tard    TMax 
*   21  427   808.00   86.10      0   808.00  1643.00   647.0   134.0     0.1    
*   24  424   803.67   59.90      0   803.67  1705.00   445.0    89.0     0.1    
*   25  423   746.33   66.36      0   746.33  1698.00   181.0    63.0     0.1    
*   26  422   647.33   53.63      0   647.33  1698.00   181.0    63.0     0.1    
*   29  419   629.00   52.05      0   629.00  1691.00    16.0     6.0     0.1    
*   30  418   571.00   43.73      0   571.00  1691.00    16.0     6.0     0.1    
*   34  414   557.00   28.47      0   557.00  1550.00    77.0    40.0     0.1    
*   35  413   555.67   26.82      0   555.67  1502.00    40.0    22.0     0.1    
*   36  412   521.33   26.55      0   521.33  1502.00    40.0    22.0     0.1    
*   48  400   513.00   12.02      0   513.00  1466.00    14.0    10.0     0.1    
*   49  399   496.67   12.31      0   496.67  1466.00    14.0    10.0     0.1    
    50  398   496.67   12.78      1   496.67  1466.00    14.0    10.0     0.1    
*   53  395   493.33   10.94      0   493.33  1466.00     8.0     6.0     0.1    
*   56  392   490.33   11.24      0   490.33  1425.00     1.0     1.0     0.1    
*   57  391   475.67   10.86      0   475.67  1425.00     1.0     1.0     0.2    
*   60  388   470.33    9.35      0   470.33  1377.00    23.0    11.0     0.2    

  Gens  Rem    Local   ElDiv NoImpr             Best solution            Time  Op
                                       Cost     Dist    Tard    TMax 
*   68  380   460.33    7.43      0   460.33  1366.00    10.0     5.0     0.2    
*   77  371   456.67    7.08      0   456.67  1362.00     5.0     3.0     0.2    
*   85  363   455.67    5.16      0   455.67  1356.00     7.0     4.0     0.2    
*   88  360   448.33    5.61      0   448.33  1321.00    14.0    10.0     0.2    
*   93  355   444.67    4.98      0   444.67  1326.00     5.0     3.0     0.2    
*   95  353   439.33    6.92      0   439.33  1270.00    15.0     6.0     0.2    
*   96  352   430.33    6.61      0   430.33  1270.00    15.0     6.0     0.3    
Path relinking result: too homogeneous.
    96  352   430.33    6.61      1   430.33  1270.00    15.0     6.0     0.3   P
*  100  348   427.00    6.04      0   427.00  1265.00    12.0     4.0     0.3    
*  107  341   425.33    3.87      0   425.33  1263.00    10.0     3.0     0.3    
*  111  337   424.67    3.28      0   424.67  1259.00    11.0     4.0     0.3    
*  114  334   421.67    2.93      0   421.67  1252.00    10.0     3.0     0.3    
*  117  331   421.00    2.33      0   421.00  1235.00    14.0     4.0     0.3    
*  118  330   417.67    2.08      0   417.67  1235.00    14.0     4.0     0.3    
*  120  328   416.00    2.23      0   416.00  1235.00    10.0     3.0     0.3    
*  129  319   414.67    1.75      0   414.67  1220.00    18.0     6.0     0.3    

  Gens  Rem    Local   ElDiv NoImpr             Best solution            Time  Op
                                       Cost     Dist    Tard    TMax 
*  131  317   407.33    2.15      0   407.33  1200.00    16.0     6.0     0.3    
*  146  302   407.00    0.93      0   407.00  1204.00    10.0     3.0     0.4    
*  147  301   405.67    0.73      0   405.67  1204.00    10.0     3.0     0.4    
*  150  298   403.67    1.00      0   403.67  1199.00     8.0     3.0     0.4    
*  151  297   403.33    0.88      0   403.33  1198.00     8.0     3.0     0.4    
*  152  296   403.00    0.85      0   403.00  1197.00     8.0     3.0     0.4    
*  153  295   402.67    0.70      0   402.67  1196.00     8.0     3.0     0.4    
*  154  294   402.33    0.38      0   402.33  1196.00     8.0     3.0     0.4    
*  164  284   402.00    0.08      0   402.00  1195.00     8.0     3.0     0.4    
*  189  259   401.67    0.04      0   401.67  1194.00     8.0     3.0     0.5    
Path relinking result: too homogeneous.
   192  256   401.67    0.10      4   401.67  1194.00     8.0     3.0     0.5   P
   200  248   401.67    0.00     11   401.67  1194.00     8.0     3.0     0.5    
*  228  220   397.67    0.96      0   397.67  1183.00     7.0     3.0     0.6    
*  239  209   395.67    0.35      0   395.67  1177.00     7.0     3.0     0.6    
   250  198   395.67    0.00     11   395.67  1177.00     7.0     3.0     0.7    
*  255  193   394.33    0.16      0   394.33  1173.00     7.0     3.0     0.7    
Path relinking result: too homogeneous.

  Gens  Rem    Local   ElDiv NoImpr             Best solution            Time  Op
                                       Cost     Dist    Tard    TMax 
   288  160   394.33    0.00     34   394.33  1173.00     7.0     3.0     0.7   P
   300  148   394.33    0.00     45   394.33  1173.00     7.0     3.0     0.8    
   322  126      inf  384.90      0   394.33  1173.00     7.0     3.0     0.8   R
   323  125  2738.33  284.60      0   394.33  1173.00     7.0     3.0     0.8    
   350   98   666.00   53.50      3   394.33  1173.00     7.0     3.0     0.9    
Path relinking result: too homogeneous.
   384   64   483.33    9.16      1   394.33  1173.00     7.0     3.0     1.0   P
   400   48   464.33    8.08      7   394.33  1173.00     7.0     3.0     1.0    
   448    0   419.00    3.68      2   394.33  1173.00     7.0     3.0     1.1    
Evolutionary process finished.
Solution written to 'solution-21631.txt'.

Sorted sequence of worst to best tardiness value:
Task for patient = 17 with skills = {2,-1} and cost = 246.7
   Vehicle #0 = 3, leaving at = 898.0
   Vehicle #1 = -1, leaving at = inf
   Increment on distance indicator: 2.0
   Increment on tard indicator:     0.0
   Value of tmax indicator:         2.0

Task for patient = 13 with skills = {5,-1} and cost = 246.0
   Vehicle #0 = 18, leaving at = 837.0
   Vehicle #1 = -1, leaving at = inf
   Increment on distance indicator: 7.0
   Increment on tard indicator:     0.0
   Value of tmax indicator:         7.0

Task for patient = 76 with skills = {2,5} and cost = 243.7
   Vehicle #0 = 1, leaving at = 962.0
   Vehicle #1 = 10, leaving at = 989.0
   Increment on distance indicator: 6.0
   Increment on tard indicator:     0.0
   Value of tmax indicator:         6.0

Task for patient = 90 with skills = {0,4} and cost = 241.7
   Vehicle #0 = 2, leaving at = 916.0
   Vehicle #1 = 13, leaving at = 903.0
   Increment on distance indicator: 9.0
   Increment on tard indicator:     0.0
   Value of tmax indicator:         9.0

Task for patient = 5 with skills = {0,3} and cost = 238.7
   Vehicle #0 = 4, leaving at = 833.0
   Vehicle #1 = 11, leaving at = 835.0
   Increment on distance indicator: 10.0
   Increment on tard indicator:     0.0
   Value of tmax indicator:         10.0

Task for patient = 55 with skills = {2,4} and cost = 235.3
   Vehicle #0 = 0, leaving at = 933.0
   Vehicle #1 = 17, leaving at = 958.0
   Increment on distance indicator: 8.0
   Increment on tard indicator:     0.0
   Value of tmax indicator:         8.0

Task for patient = 60 with skills = {5,-1} and cost = 232.7
   Vehicle #0 = 19, leaving at = 1007.0
   Vehicle #1 = -1, leaving at = inf
   Increment on distance indicator: 1.0
   Increment on tard indicator:     0.0
   Value of tmax indicator:         1.0

Task for patient = 66 with skills = {1,3} and cost = 232.3
   Vehicle #0 = 0, leaving at = 853.0
   Vehicle #1 = 17, leaving at = 906.0
   Increment on distance indicator: 8.0
   Increment on tard indicator:     0.0
   Value of tmax indicator:         8.0

Task for patient = 22 with skills = {3,-1} and cost = 229.7
   Vehicle #0 = 15, leaving at = 861.0
   Vehicle #1 = -1, leaving at = inf
   Increment on distance indicator: 4.0
   Increment on tard indicator:     0.0
   Value of tmax indicator:         4.0

Task for patient = 1 with skills = {2,-1} and cost = 228.3
   Vehicle #0 = 9, leaving at = 862.0
   Vehicle #1 = -1, leaving at = inf
   Increment on distance indicator: 4.0
   Increment on tard indicator:     0.0
   Value of tmax indicator:         4.0

Task for patient = 31 with skills = {4,-1} and cost = 227.0
   Vehicle #0 = 19, leaving at = 991.0
   Vehicle #1 = -1, leaving at = inf
   Increment on distance indicator: 2.0
   Increment on tard indicator:     0.0
   Value of tmax indicator:         2.0

Task for patient = 18 with skills = {4,-1} and cost = 304.7
   Vehicle #0 = 10, leaving at = 1031.0
   Vehicle #1 = -1, leaving at = inf
   Increment on distance indicator: 5.0
   Increment on tard indicator:     0.0
   Value of tmax indicator:         5.0

Task for patient = 89 with skills = {2,-1} and cost = 221.7
   Vehicle #0 = 5, leaving at = 878.0
   Vehicle #1 = -1, leaving at = inf
   Increment on distance indicator: 3.0
   Increment on tard indicator:     0.0
   Value of tmax indicator:         3.0

Task for patient = 70 with skills = {3,-1} and cost = 220.7
   Vehicle #0 = 15, leaving at = 809.0
   Vehicle #1 = -1, leaving at = inf
   Increment on distance indicator: 5.0
   Increment on tard indicator:     0.0
   Value of tmax indicator:         5.0

Task for patient = 85 with skills = {2,5} and cost = 219.0
   Vehicle #0 = 3, leaving at = 847.0
   Vehicle #1 = 19, leaving at = 877.0
   Increment on distance indicator: 12.0
   Increment on tard indicator:     0.0
   Value of tmax indicator:         12.0

Task for patient = 25 with skills = {2,3} and cost = 215.0
   Vehicle #0 = 0, leaving at = 769.0
   Vehicle #1 = 18, leaving at = 781.0
   Increment on distance indicator: 8.0
   Increment on tard indicator:     0.0
   Value of tmax indicator:         8.0

Task for patient = 80 with skills = {2,4} and cost = 212.3
   Vehicle #0 = 9, leaving at = 810.0
   Vehicle #1 = 19, leaving at = 814.0
   Increment on distance indicator: 9.0
   Increment on tard indicator:     0.0
   Value of tmax indicator:         9.0

Task for patient = 51 with skills = {5,-1} and cost = 209.3
   Vehicle #0 = 18, leaving at = 711.0
   Vehicle #1 = -1, leaving at = inf
   Increment on distance indicator: 7.0
   Increment on tard indicator:     0.0
   Value of tmax indicator:         7.0

Task for patient = 65 with skills = {3,-1} and cost = 207.0
   Vehicle #0 = 18, leaving at = 627.0
   Vehicle #1 = -1, leaving at = inf
   Increment on distance indicator: 13.0
   Increment on tard indicator:     0.0
   Value of tmax indicator:         13.0

Task for patient = 39 with skills = {2,-1} and cost = 202.7
   Vehicle #0 = 1, leaving at = 929.0
   Vehicle #1 = -1, leaving at = inf
   Increment on distance indicator: 5.0
   Increment on tard indicator:     0.0
   Value of tmax indicator:         5.0

Task for patient = 40 with skills = {4,-1} and cost = 201.0
   Vehicle #0 = 13, leaving at = 871.0
   Vehicle #1 = -1, leaving at = inf
   Increment on distance indicator: 7.0
   Increment on tard indicator:     0.0
   Value of tmax indicator:         7.0

Task for patient = 69 with skills = {3,-1} and cost = 198.7
   Vehicle #0 = 16, leaving at = 743.0
   Vehicle #1 = -1, leaving at = inf
   Increment on distance indicator: 10.0
   Increment on tard indicator:     0.0
   Value of tmax indicator:         10.0

Task for patient = 53 with skills = {3,-1} and cost = 195.3
   Vehicle #0 = 16, leaving at = 689.0
   Vehicle #1 = -1, leaving at = inf
   Increment on distance indicator: 17.0
   Increment on tard indicator:     0.0
   Value of tmax indicator:         17.0

Task for patient = 26 with skills = {4,-1} and cost = 189.7
   Vehicle #0 = 17, leaving at = 765.0
   Vehicle #1 = -1, leaving at = inf
   Increment on distance indicator: 10.0
   Increment on tard indicator:     0.0
   Value of tmax indicator:         10.0

Task for patient = 28 with skills = {2,4} and cost = 226.3
   Vehicle #0 = 0, leaving at = 826.0
   Vehicle #1 = 17, leaving at = 824.0
   Increment on distance indicator: 14.0
   Increment on tard indicator:     0.0
   Value of tmax indicator:         14.0

Task for patient = 48 with skills = {0,-1} and cost = 303.0
   Vehicle #0 = 6, leaving at = 879.0
   Vehicle #1 = -1, leaving at = inf
   Increment on distance indicator: 18.0
   Increment on tard indicator:     0.0
   Value of tmax indicator:         18.0

Task for patient = 95 with skills = {4,-1} and cost = 297.0
   Vehicle #0 = 11, leaving at = 1034.0
   Vehicle #1 = -1, leaving at = inf
   Increment on distance indicator: 3.0
   Increment on tard indicator:     0.0
   Value of tmax indicator:         3.0

Task for patient = 63 with skills = {3,-1} and cost = 296.0
   Vehicle #0 = 12, leaving at = 1004.0
   Vehicle #1 = -1, leaving at = inf
   Increment on distance indicator: 10.0
   Increment on tard indicator:     0.0
   Value of tmax indicator:         10.0

Task for patient = 87 with skills = {1,4} and cost = 292.7
   Vehicle #0 = 5, leaving at = 988.0
   Vehicle #1 = 17, leaving at = 1000.0
   Increment on distance indicator: 15.0
   Increment on tard indicator:     0.0
   Value of tmax indicator:         15.0

Task for patient = 21 with skills = {0,-1} and cost = 287.7
   Vehicle #0 = 5, leaving at = 942.0
   Vehicle #1 = -1, leaving at = inf
   Increment on distance indicator: 5.0
   Increment on tard indicator:     0.0
   Value of tmax indicator:         5.0

Task for patient = 14 with skills = {2,4} and cost = 286.0
   Vehicle #0 = 4, leaving at = 988.0
   Vehicle #1 = 11, leaving at = 1005.0
   Increment on distance indicator: 4.0
   Increment on tard indicator:     0.0
   Value of tmax indicator:         4.0

Task for patient = 38 with skills = {2,-1} and cost = 284.7
   Vehicle #0 = 9, leaving at = 1050.0
   Vehicle #1 = -1, leaving at = inf
   Increment on distance indicator: 2.0
   Increment on tard indicator:     0.0
   Value of tmax indicator:         2.0

Task for patient = 54 with skills = {2,3} and cost = 284.0
   Vehicle #0 = 4, leaving at = 946.0
   Vehicle #1 = 11, leaving at = 951.0
   Increment on distance indicator: 4.0
   Increment on tard indicator:     0.0
   Value of tmax indicator:         4.0

Task for patient = 92 with skills = {4,-1} and cost = 282.7
   Vehicle #0 = 13, leaving at = 978.0
   Vehicle #1 = -1, leaving at = inf
   Increment on distance indicator: 4.0
   Increment on tard indicator:     0.0
   Value of tmax indicator:         4.0

Task for patient = 78 with skills = {0,5} and cost = 281.3
   Vehicle #0 = 9, leaving at = 1021.0
   Vehicle #1 = 19, leaving at = 1059.0
   Increment on distance indicator: 12.0
   Increment on tard indicator:     0.0
   Value of tmax indicator:         12.0

Task for patient = 83 with skills = {2,3} and cost = 277.3
   Vehicle #0 = 9, leaving at = 965.0
   Vehicle #1 = 15, leaving at = 960.0
   Increment on distance indicator: 10.0
   Increment on tard indicator:     0.0
   Value of tmax indicator:         10.0

Task for patient = 56 with skills = {0,3} and cost = 248.7
   Vehicle #0 = 2, leaving at = 958.0
   Vehicle #1 = 18, leaving at = 964.0
   Increment on distance indicator: 6.0
   Increment on tard indicator:     0.0
   Value of tmax indicator:         6.0

Task for patient = 32 with skills = {2,-1} and cost = 273.3
   Vehicle #0 = 3, leaving at = 984.0
   Vehicle #1 = -1, leaving at = inf
   Increment on distance indicator: 4.0
   Increment on tard indicator:     0.0
   Value of tmax indicator:         4.0

Task for patient = 6 with skills = {2,-1} and cost = 272.0
   Vehicle #0 = 5, leaving at = 906.0
   Vehicle #1 = -1, leaving at = inf
   Increment on distance indicator: 9.0
   Increment on tard indicator:     0.0
   Value of tmax indicator:         9.0

Task for patient = 4 with skills = {2,-1} and cost = 269.0
   Vehicle #0 = 1, leaving at = 1044.0
   Vehicle #1 = -1, leaving at = inf
   Increment on distance indicator: 5.0
   Increment on tard indicator:     0.0
   Value of tmax indicator:         5.0

Task for patient = 19 with skills = {1,-1} and cost = 267.3
   Vehicle #0 = 7, leaving at = 936.0
   Vehicle #1 = -1, leaving at = inf
   Increment on distance indicator: 2.0
   Increment on tard indicator:     0.0
   Value of tmax indicator:         2.0

Task for patient = 67 with skills = {0,-1} and cost = 266.7
   Vehicle #0 = 9, leaving at = 903.0
   Vehicle #1 = -1, leaving at = inf
   Increment on distance indicator: 9.0
   Increment on tard indicator:     0.0
   Value of tmax indicator:         9.0

Task for patient = 79 with skills = {1,-1} and cost = 263.7
   Vehicle #0 = 7, leaving at = 890.0
   Vehicle #1 = -1, leaving at = inf
   Increment on distance indicator: 3.0
   Increment on tard indicator:     0.0
   Value of tmax indicator:         3.0

Task for patient = 3 with skills = {2,-1} and cost = 262.7
   Vehicle #0 = 1, leaving at = 1018.0
   Vehicle #1 = -1, leaving at = inf
   Increment on distance indicator: 6.0
   Increment on tard indicator:     0.0
   Value of tmax indicator:         6.0

Task for patient = 74 with skills = {3,-1} and cost = 260.7
   Vehicle #0 = 12, leaving at = 940.0
   Vehicle #1 = -1, leaving at = inf
   Increment on distance indicator: 2.0
   Increment on tard indicator:     0.0
   Value of tmax indicator:         2.0

Task for patient = 7 with skills = {0,-1} and cost = 260.0
   Vehicle #0 = 2, leaving at = 1015.0
   Vehicle #1 = -1, leaving at = inf
   Increment on distance indicator: 7.0
   Increment on tard indicator:     0.0
   Value of tmax indicator:         7.0

Task for patient = 64 with skills = {1,4} and cost = 257.7
   Vehicle #0 = 8, leaving at = 852.0
   Vehicle #1 = 12, leaving at = 894.0
   Increment on distance indicator: 14.0
   Increment on tard indicator:     0.0
   Value of tmax indicator:         14.0

Task for patient = 94 with skills = {4,-1} and cost = 253.0
   Vehicle #0 = 13, leaving at = 929.0
   Vehicle #1 = -1, leaving at = inf
   Increment on distance indicator: 7.0
   Increment on tard indicator:     0.0
   Value of tmax indicator:         7.0

Task for patient = 73 with skills = {1,-1} and cost = 250.7
   Vehicle #0 = 0, leaving at = 975.0
   Vehicle #1 = -1, leaving at = inf
   Increment on distance indicator: 6.0
   Increment on tard indicator:     0.0
   Value of tmax indicator:         6.0

Task for patient = 100 with skills = {2,-1} and cost = 274.0
   Vehicle #0 = 8, leaving at = 996.0
   Vehicle #1 = -1, leaving at = inf
   Increment on distance indicator: 2.0
   Increment on tard indicator:     0.0
   Value of tmax indicator:         2.0

Task for patient = 96 with skills = {2,3} and cost = 110.0
   Vehicle #0 = 3, leaving at = 728.0
   Vehicle #1 = 15, leaving at = 705.0
   Increment on distance indicator: 16.0
   Increment on tard indicator:     0.0
   Value of tmax indicator:         16.0

Task for patient = 91 with skills = {2,3} and cost = 104.7
   Vehicle #0 = 3, leaving at = 651.0
   Vehicle #1 = 15, leaving at = 643.0
   Increment on distance indicator: 28.0
   Increment on tard indicator:     0.0
   Value of tmax indicator:         28.0

Task for patient = 59 with skills = {2,-1} and cost = 95.3
   Vehicle #0 = 4, leaving at = 665.0
   Vehicle #1 = -1, leaving at = inf
   Increment on distance indicator: 6.0
   Increment on tard indicator:     0.0
   Value of tmax indicator:         6.0

Task for patient = 93 with skills = {0,3} and cost = 93.3
   Vehicle #0 = 7, leaving at = 675.0
   Vehicle #1 = 13, leaving at = 672.0
   Increment on distance indicator: 14.0
   Increment on tard indicator:     0.0
   Value of tmax indicator:         14.0

Task for patient = 81 with skills = {1,-1} and cost = 88.7
   Vehicle #0 = 7, leaving at = 609.0
   Vehicle #1 = -1, leaving at = inf
   Increment on distance indicator: 15.0
   Increment on tard indicator:     0.0
   Value of tmax indicator:         15.0

Task for patient = 99 with skills = {1,4} and cost = 83.7
   Vehicle #0 = 5, leaving at = 703.0
   Vehicle #1 = 17, leaving at = 716.0
   Increment on distance indicator: 14.0
   Increment on tard indicator:     0.0
   Value of tmax indicator:         14.0

Task for patient = 46 with skills = {3,-1} and cost = 79.0
   Vehicle #0 = 12, leaving at = 771.0
   Vehicle #1 = -1, leaving at = inf
   Increment on distance indicator: 17.0
   Increment on tard indicator:     0.0
   Value of tmax indicator:         17.0

Task for patient = 52 with skills = {0,-1} and cost = 73.3
   Vehicle #0 = 4, leaving at = 508.0
   Vehicle #1 = -1, leaving at = inf
   Increment on distance indicator: 16.0
   Increment on tard indicator:     0.0
   Value of tmax indicator:         16.0

Task for patient = 41 with skills = {2,4} and cost = 68.0
   Vehicle #0 = 3, leaving at = 552.0
   Vehicle #1 = 17, leaving at = 591.0
   Increment on distance indicator: 26.0
   Increment on tard indicator:     0.0
   Value of tmax indicator:         26.0

Task for patient = 43 with skills = {3,-1} and cost = 59.3
   Vehicle #0 = 15, leaving at = 598.0
   Vehicle #1 = -1, leaving at = inf
   Increment on distance indicator: 16.0
   Increment on tard indicator:     0.0
   Value of tmax indicator:         16.0

Task for patient = 10 with skills = {2,-1} and cost = 54.0
   Vehicle #0 = 1, leaving at = 794.0
   Vehicle #1 = -1, leaving at = inf
   Increment on distance indicator: 3.0
   Increment on tard indicator:     0.0
   Value of tmax indicator:         3.0

Task for patient = 71 with skills = {4,-1} and cost = 186.3
   Vehicle #0 = 19, leaving at = 785.0
   Vehicle #1 = -1, leaving at = inf
   Increment on distance indicator: 8.0
   Increment on tard indicator:     0.0
   Value of tmax indicator:         8.0

Task for patient = 72 with skills = {2,-1} and cost = 49.7
   Vehicle #0 = 1, leaving at = 597.0
   Vehicle #1 = -1, leaving at = inf
   Increment on distance indicator: 16.0
   Increment on tard indicator:     0.0
   Value of tmax indicator:         16.0

Task for patient = 27 with skills = {4,-1} and cost = 44.3
   Vehicle #0 = 13, leaving at = 594.0
   Vehicle #1 = -1, leaving at = inf
   Increment on distance indicator: 10.0
   Increment on tard indicator:     0.0
   Value of tmax indicator:         10.0

Task for patient = 84 with skills = {3,-1} and cost = 41.0
   Vehicle #0 = 13, leaving at = 521.0
   Vehicle #1 = -1, leaving at = inf
   Increment on distance indicator: 16.0
   Increment on tard indicator:     0.0
   Value of tmax indicator:         16.0

Task for patient = 49 with skills = {4,-1} and cost = 35.7
   Vehicle #0 = 10, leaving at = 790.0
   Vehicle #1 = -1, leaving at = inf
   Increment on distance indicator: 2.0
   Increment on tard indicator:     0.0
   Value of tmax indicator:         2.0

Task for patient = 57 with skills = {3,-1} and cost = 35.0
   Vehicle #0 = 12, leaving at = 695.0
   Vehicle #1 = -1, leaving at = inf
   Increment on distance indicator: 16.0
   Increment on tard indicator:     0.0
   Value of tmax indicator:         16.0

Task for patient = 97 with skills = {4,-1} and cost = 29.7
   Vehicle #0 = 11, leaving at = 690.0
   Vehicle #1 = -1, leaving at = inf
   Increment on distance indicator: 20.0
   Increment on tard indicator:     0.0
   Value of tmax indicator:         20.0

Task for patient = 33 with skills = {0,-1} and cost = 23.0
   Vehicle #0 = 2, leaving at = 753.0
   Vehicle #1 = -1, leaving at = inf
   Increment on distance indicator: 4.0
   Increment on tard indicator:     0.0
   Value of tmax indicator:         4.0

Task for patient = 12 with skills = {2,4} and cost = 21.7
   Vehicle #0 = 0, leaving at = 715.0
   Vehicle #1 = 10, leaving at = 745.0
   Increment on distance indicator: 4.0
   Increment on tard indicator:     0.0
   Value of tmax indicator:         4.0

Task for patient = 75 with skills = {2,5} and cost = 20.3
   Vehicle #0 = 0, leaving at = 669.0
   Vehicle #1 = 10, leaving at = 689.0
   Increment on distance indicator: 10.0
   Increment on tard indicator:     0.0
   Value of tmax indicator:         10.0

Task for patient = 8 with skills = {1,-1} and cost = 17.0
   Vehicle #0 = 2, leaving at = 525.0
   Vehicle #1 = -1, leaving at = inf
   Increment on distance indicator: 18.0
   Increment on tard indicator:     0.0
   Value of tmax indicator:         18.0

Task for patient = 2 with skills = {4,-1} and cost = 11.0
   Vehicle #0 = 10, leaving at = 635.0
   Vehicle #1 = -1, leaving at = inf
   Increment on distance indicator: 7.0
   Increment on tard indicator:     0.0
   Value of tmax indicator:         7.0

Task for patient = 68 with skills = {1,4} and cost = 8.7
   Vehicle #0 = 0, leaving at = 599.0
   Vehicle #1 = 10, leaving at = 579.0
   Increment on distance indicator: 26.0
   Increment on tard indicator:     0.0
   Value of tmax indicator:         26.0

Task for patient = 34 with skills = {5,-1} and cost = 53.0
   Vehicle #0 = 11, leaving at = 717.0
   Vehicle #1 = -1, leaving at = inf
   Increment on distance indicator: 10.0
   Increment on tard indicator:     0.0
   Value of tmax indicator:         10.0

Task for patient = 20 with skills = {1,4} and cost = 183.7
   Vehicle #0 = 8, leaving at = 825.0
   Vehicle #1 = 12, leaving at = 805.0
   Increment on distance indicator: 0.0
   Increment on tard indicator:     0.0
   Value of tmax indicator:         0.0

Task for patient = 88 with skills = {1,-1} and cost = 183.7
   Vehicle #0 = 5, leaving at = 859.0
   Vehicle #1 = -1, leaving at = inf
   Increment on distance indicator: 6.0
   Increment on tard indicator:     0.0
   Value of tmax indicator:         6.0

Task for patient = 50 with skills = {3,-1} and cost = 181.7
   Vehicle #0 = 15, leaving at = 782.0
   Vehicle #1 = -1, leaving at = inf
   Increment on distance indicator: 9.0
   Increment on tard indicator:     0.0
   Value of tmax indicator:         9.0

Task for patient = 29 with skills = {1,3} and cost = 178.7
   Vehicle #0 = 5, leaving at = 810.0
   Vehicle #1 = 11, leaving at = 778.0
   Increment on distance indicator: 6.0
   Increment on tard indicator:     0.0
   Value of tmax indicator:         6.0

Task for patient = 15 with skills = {2,-1} and cost = 176.7
   Vehicle #0 = 9, leaving at = 678.0
   Vehicle #1 = -1, leaving at = inf
   Increment on distance indicator: 3.0
   Increment on tard indicator:     0.0
   Value of tmax indicator:         3.0

Task for patient = 37 with skills = {1,-1} and cost = 175.7
   Vehicle #0 = 5, leaving at = 740.0
   Vehicle #1 = -1, leaving at = inf
   Increment on distance indicator: 10.0
   Increment on tard indicator:     0.0
   Value of tmax indicator:         10.0

Task for patient = 16 with skills = {0,-1} and cost = 172.3
   Vehicle #0 = 8, leaving at = 646.0
   Vehicle #1 = -1, leaving at = inf
   Increment on distance indicator: 6.0
   Increment on tard indicator:     0.0
   Value of tmax indicator:         6.0

Task for patient = 36 with skills = {3,-1} and cost = 170.3
   Vehicle #0 = 15, leaving at = 743.0
   Vehicle #1 = -1, leaving at = inf
   Increment on distance indicator: 4.0
   Increment on tard indicator:     0.0
   Value of tmax indicator:         4.0

Task for patient = 23 with skills = {3,-1} and cost = 169.0
   Vehicle #0 = 16, leaving at = 617.0
   Vehicle #1 = -1, leaving at = inf
   Increment on distance indicator: 6.0
   Increment on tard indicator:     0.0
   Value of tmax indicator:         6.0

Task for patient = 98 with skills = {0,-1} and cost = 167.0
   Vehicle #0 = 9, leaving at = 631.0
   Vehicle #1 = -1, leaving at = inf
   Increment on distance indicator: 20.0
   Increment on tard indicator:     0.0
   Value of tmax indicator:         20.0

Task for patient = 62 with skills = {0,-1} and cost = 160.3
   Vehicle #0 = 6, leaving at = 705.0
   Vehicle #1 = -1, leaving at = inf
   Increment on distance indicator: 8.0
   Increment on tard indicator:     0.0
   Value of tmax indicator:         8.0

Task for patient = 24 with skills = {0,4} and cost = 119.3
   Vehicle #0 = 6, leaving at = 557.0
   Vehicle #1 = 19, leaving at = 565.0
   Increment on distance indicator: 28.0
   Increment on tard indicator:     0.0
   Value of tmax indicator:         28.0

Task for patient = 47 with skills = {2,5} and cost = 149.3
   Vehicle #0 = 4, leaving at = 780.0
   Vehicle #1 = 11, leaving at = 760.0
   Increment on distance indicator: 6.0
   Increment on tard indicator:     0.0
   Value of tmax indicator:         6.0

Task for patient = 42 with skills = {5,-1} and cost = 147.3
   Vehicle #0 = 10, leaving at = 927.0
   Vehicle #1 = -1, leaving at = inf
   Increment on distance indicator: 4.0
   Increment on tard indicator:     0.0
   Value of tmax indicator:         4.0

Task for patient = 30 with skills = {2,5} and cost = 146.0
   Vehicle #0 = 1, leaving at = 876.0
   Vehicle #1 = 10, leaving at = 875.0
   Increment on distance indicator: 15.0
   Increment on tard indicator:     0.0
   Value of tmax indicator:         15.0

Task for patient = 86 with skills = {0,4} and cost = 141.0
   Vehicle #0 = 2, leaving at = 780.0
   Vehicle #1 = 13, leaving at = 822.0
   Increment on distance indicator: 4.0
   Increment on tard indicator:     0.0
   Value of tmax indicator:         4.0

Task for patient = 77 with skills = {1,-1} and cost = 139.7
   Vehicle #0 = 7, leaving at = 740.0
   Vehicle #1 = -1, leaving at = inf
   Increment on distance indicator: 6.0
   Increment on tard indicator:     0.0
   Value of tmax indicator:         6.0

Task for patient = 44 with skills = {4,-1} and cost = 137.7
   Vehicle #0 = 19, leaving at = 737.0
   Vehicle #1 = -1, leaving at = inf
   Increment on distance indicator: 5.0
   Increment on tard indicator:     0.0
   Value of tmax indicator:         5.0

Task for patient = 82 with skills = {2,-1} and cost = 136.0
   Vehicle #0 = 4, leaving at = 710.0
   Vehicle #1 = -1, leaving at = inf
   Increment on distance indicator: 1.0
   Increment on tard indicator:     0.0
   Value of tmax indicator:         1.0

Task for patient = 58 with skills = {2,-1} and cost = 135.7
   Vehicle #0 = 1, leaving at = 813.0
   Vehicle #1 = -1, leaving at = inf
   Increment on distance indicator: 4.0
   Increment on tard indicator:     0.0
   Value of tmax indicator:         4.0

Task for patient = 9 with skills = {4,-1} and cost = 134.3
   Vehicle #0 = 19, leaving at = 693.0
   Vehicle #1 = -1, leaving at = inf
   Increment on distance indicator: 5.0
   Increment on tard indicator:     0.0
   Value of tmax indicator:         5.0

Task for patient = 35 with skills = {3,-1} and cost = 132.7
   Vehicle #0 = 16, leaving at = 595.0
   Vehicle #1 = -1, leaving at = inf
   Increment on distance indicator: 19.0
   Increment on tard indicator:     0.0
   Value of tmax indicator:         19.0

Task for patient = 61 with skills = {5,-1} and cost = 126.3
   Vehicle #0 = 19, leaving at = 630.0
   Vehicle #1 = -1, leaving at = inf
   Increment on distance indicator: 14.0
   Increment on tard indicator:     0.0
   Value of tmax indicator:         14.0

Task for patient = 11 with skills = {3,-1} and cost = 121.7
   Vehicle #0 = 13, leaving at = 712.0
   Vehicle #1 = -1, leaving at = inf
   Increment on distance indicator: 7.0
   Increment on tard indicator:     0.0
   Value of tmax indicator:         7.0

Task for patient = 45 with skills = {2,-1} and cost = 157.7
   Vehicle #0 = 8, leaving at = 568.0
   Vehicle #1 = -1, leaving at = inf
   Increment on distance indicator: 25.0
   Increment on tard indicator:     0.0
   Value of tmax indicator:         25.0


Unused vehicle list: 14 (total = 1 out of 20)

---
Search finished.
Total of 448 generations in 1.1 seconds.
Exchange elite runs: 0
Implicit path relinking runs: 4
Reset attempts: 1

Best solution found:
   Cost: 394.3
   Total travel time: 1173.0
   Total tardiness time: 7.0
   Largest tardiness: 3.0


394.3
