--- BRKGA-MP-IPR for HHCRSP ---
Instance: new-instances/HHCRSP_100_20_16_0.4_C_C.txt
Seed: 1

Reading data... Problem contains 100 patients  and 20 caregivers.

Summary of supply x demand for each service type:
Skill 0 has supply = 6 and demand = 26, ratio = 0.230769
Skill 1 has supply = 7 and demand = 18, ratio = 0.388889
Skill 2 has supply = 8 and demand = 23, ratio = 0.347826
Skill 3 has supply = 4 and demand = 9, ratio = 0.444444
Skill 4 has supply = 7 and demand = 35, ratio = 0.2
Skill 5 has supply = 5 and demand = 19, ratio = 0.263158

Reading parameters...
Inferred distance function by PR type: kendall-tau
Building BRKGA data and initializing...
Evolving 448 generations...

  Gens  Rem    Local   ElDiv NoImpr             Best solution            Time  Op
                                       Cost     Dist    Tard    TMax 
*    0  448  3128.67  316.47      0  3128.67  1825.00  7195.0   366.0     0.0    
*    2  446  2929.33  312.03      0  2929.33  1753.00  5166.0   401.0     0.0    
*    3  445  2440.00  279.79      0  2440.00  1753.00  5166.0   401.0     0.0    
*    5  443  2190.33  249.28      0  2190.33  1701.00  2583.0   364.0     0.0    
*    6  442  1549.33  246.32      0  1549.33  1701.00  2583.0   364.0     0.0    
*    8  440  1533.67  185.35      0  1533.67  1768.00  2525.0   308.0     0.0    
*   10  438  1517.00  143.66      0  1517.00  1708.00  2207.0   293.0     0.0    
*   11  437  1402.67  147.13      0  1402.67  1777.00  1687.0   224.0     0.0    
*   12  436  1229.33  135.66      0  1229.33  1686.00  1491.0   142.0     0.0    
*   13  435  1106.33  140.90      0  1106.33  1737.00  1230.0   235.0     0.0    
*   14  434  1067.33  118.87      0  1067.33  1769.00  1148.0   243.0     0.0    
*   15  433  1053.33  124.28      0  1053.33  1653.00   938.0   222.0     0.0    
*   16  432   937.67  114.10      0   937.67  1585.00   751.0   147.0     0.0    
*   17  431   827.67  108.12      0   827.67  1585.00   751.0   147.0     0.0    
*   20  428   779.00   70.51      0   779.00  1573.00   579.0   185.0     0.1    

  Gens  Rem    Local   ElDiv NoImpr             Best solution            Time  Op
                                       Cost     Dist    Tard    TMax 
*   22  426   726.00   69.13      0   726.00  1645.00   100.0    49.0     0.1    
*   23  425   598.00   60.50      0   598.00  1645.00   100.0    49.0     0.1    
*   28  420   578.00   39.18      0   578.00  1542.00   117.0    75.0     0.1    
*   30  418   572.67   25.84      0   572.67  1707.00     8.0     3.0     0.1    
*   32  416   565.33   26.04      0   565.33  1570.00    36.0    18.0     0.1    
*   33  415   541.33   24.71      0   541.33  1597.00     0.0     0.0     0.1    
*   34  414   532.33   24.39      0   532.33  1568.00    18.0     7.0     0.1    
*   35  413   531.00   21.35      0   531.00  1506.00     3.0     2.0     0.1    
*   36  412   503.67   19.96      0   503.67  1506.00     3.0     2.0     0.1    
*   40  408   501.67   15.62      0   501.67  1500.00     3.0     2.0     0.1    
*   47  401   497.00    7.26      0   497.00  1446.00    33.0    12.0     0.1    
*   49  399   494.67    7.77      0   494.67  1445.00     8.0     3.0     0.1    
*   50  398   485.33    7.54      0   485.33  1445.00     8.0     3.0     0.1    
*   55  393   481.67    7.69      0   481.67  1438.00     4.0     3.0     0.1    
*   57  391   470.33    8.26      0   470.33  1411.00     0.0     0.0     0.2    
*   70  378   470.00    5.45      0   470.00  1408.00     1.0     1.0     0.2    

  Gens  Rem    Local   ElDiv NoImpr             Best solution            Time  Op
                                       Cost     Dist    Tard    TMax 
*   74  374   464.67    5.36      0   464.67  1392.00     1.0     1.0     0.2    
*   78  370   463.00    5.24      0   463.00  1379.00     5.0     5.0     0.2    
*   82  366   462.00    4.16      0   462.00  1380.00     3.0     3.0     0.2    
*   85  363   458.67    3.97      0   458.67  1361.00     0.0     0.0     0.2    
*   86  362   453.67    4.34      0   453.67  1351.00     1.0     1.0     0.2    
*   87  361   451.00    4.24      0   451.00  1351.00     1.0     1.0     0.2    
*   93  355   446.67    3.50      0   446.67  1340.00     0.0     0.0     0.2    
Path relinking result: too homogeneous.
    96  352   446.67    2.90      4   446.67  1340.00     0.0     0.0     0.3   P
*   99  349   445.33    3.17      0   445.33  1325.00     5.0     4.0     0.3    
*  100  348   444.67    3.12      0   444.67  1325.00     5.0     4.0     0.3    
*  102  346   443.00    3.24      0   443.00  1325.00     3.0     1.0     0.3    
*  109  339   442.33    2.59      0   442.33  1315.00     4.0     2.0     0.3    
*  110  338   440.33    2.41      0   440.33  1315.00     4.0     2.0     0.3    
*  113  335   434.00    2.85      0   434.00  1298.00     3.0     1.0     0.3    
*  129  319   431.67    2.21      0   431.67  1293.00     1.0     1.0     0.3    
*  131  317   430.33    2.18      0   430.33  1288.00     0.0     0.0     0.3    

  Gens  Rem    Local   ElDiv NoImpr             Best solution            Time  Op
                                       Cost     Dist    Tard    TMax 
*  132  316   429.33    2.53      0   429.33  1274.00     0.0     0.0     0.3    
*  133  315   424.67    2.47      0   424.67  1274.00     0.0     0.0     0.4    
*  135  313   424.00    2.21      0   424.00  1272.00     0.0     0.0     0.4    
*  141  307   423.67    1.30      0   423.67  1271.00     0.0     0.0     0.4    
*  144  304   421.00    1.28      0   421.00  1262.00     0.0     0.0     0.4    
*  145  303   420.67    1.06      0   420.67  1262.00     0.0     0.0     0.4    
   150  298   420.67    0.26      5   420.67  1262.00     0.0     0.0     0.4    
*  151  297   419.33    0.30      0   419.33  1258.00     0.0     0.0     0.4    
*  154  294   419.00    0.63      0   419.00  1257.00     0.0     0.0     0.4    
*  158  290   418.67    0.08      0   418.67  1256.00     0.0     0.0     0.4    
*  170  278   417.67    0.20      0   417.67  1253.00     0.0     0.0     0.4    
*  175  273   417.00    0.20      0   417.00  1251.00     0.0     0.0     0.5    
*  177  271   416.00    0.40      0   416.00  1248.00     0.0     0.0     0.5    
*  180  268   415.33    0.48      0   415.33  1246.00     0.0     0.0     0.5    
*  189  259   415.00    0.13      0   415.00  1243.00     0.0     0.0     0.5    
*  190  258   414.33    0.29      0   414.33  1243.00     0.0     0.0     0.5    
Path relinking result: too homogeneous.

  Gens  Rem    Local   ElDiv NoImpr             Best solution            Time  Op
                                       Cost     Dist    Tard    TMax 
   192  256   414.33    0.47      3   414.33  1243.00     0.0     0.0     0.5   P
   200  248   414.33    0.00     10   414.33  1243.00     0.0     0.0     0.5    
*  227  221   412.67    0.21      0   412.67  1238.00     0.0     0.0     0.6    
*  231  217   411.67    0.80      0   411.67  1235.00     0.0     0.0     0.6    
   250  198   411.67    0.00     19   411.67  1235.00     0.0     0.0     0.7    
Path relinking result: too homogeneous.
   288  160   411.67    0.00     58   411.67  1235.00     0.0     0.0     0.8   P
   298  150      inf  393.63      0   411.67  1235.00     0.0     0.0     0.8   R
   299  149  3014.00  360.21      0   411.67  1235.00     0.0     0.0     0.8    
   300  148  3014.00  354.26      1   411.67  1235.00     0.0     0.0     0.8    
   350   98   495.00    7.38      4   411.67  1235.00     0.0     0.0     0.9    
Path relinking result: too homogeneous.
   384   64   455.67    3.98      3   411.67  1235.00     0.0     0.0     1.0   P
   400   48   436.00    4.41      9   411.67  1235.00     0.0     0.0     1.0    
   448    0   424.33    1.63      0   411.67  1235.00     0.0     0.0     1.2    
Evolutionary process finished.
Solution written to 'solution-16839.txt'.

Sorted sequence of worst to best tardiness value:
Task for patient = 88 with skills = {0,-1} and cost = 246.7
   Vehicle #0 = 7, leaving at = 970.0
   Vehicle #1 = -1, leaving at = inf
   Increment on distance indicator: 5.0
   Increment on tard indicator:     0.0
   Value of tmax indicator:         5.0

Task for patient = 98 with skills = {0,-1} and cost = 245.0
   Vehicle #0 = 3, leaving at = 940.0
   Vehicle #1 = -1, leaving at = inf
   Increment on distance indicator: 2.0
   Increment on tard indicator:     0.0
   Value of tmax indicator:         2.0

Task for patient = 63 with skills = {5,-1} and cost = 244.3
   Vehicle #0 = 12, leaving at = 936.0
   Vehicle #1 = -1, leaving at = inf
   Increment on distance indicator: 11.0
   Increment on tard indicator:     0.0
   Value of tmax indicator:         11.0

Task for patient = 93 with skills = {4,-1} and cost = 240.7
   Vehicle #0 = 14, leaving at = 967.0
   Vehicle #1 = -1, leaving at = inf
   Increment on distance indicator: 7.0
   Increment on tard indicator:     0.0
   Value of tmax indicator:         7.0

Task for patient = 79 with skills = {2,4} and cost = 238.3
   Vehicle #0 = 8, leaving at = 846.0
   Vehicle #1 = 15, leaving at = 861.0
   Increment on distance indicator: 13.0
   Increment on tard indicator:     0.0
   Value of tmax indicator:         13.0

Task for patient = 61 with skills = {2,4} and cost = 234.0
   Vehicle #0 = 8, leaving at = 812.0
   Vehicle #1 = 19, leaving at = 849.0
   Increment on distance indicator: 6.0
   Increment on tard indicator:     0.0
   Value of tmax indicator:         6.0

Task for patient = 45 with skills = {4,-1} and cost = 232.0
   Vehicle #0 = 15, leaving at = 759.0
   Vehicle #1 = -1, leaving at = inf
   Increment on distance indicator: 14.0
   Increment on tard indicator:     0.0
   Value of tmax indicator:         14.0

Task for patient = 11 with skills = {5,-1} and cost = 227.3
   Vehicle #0 = 16, leaving at = 922.0
   Vehicle #1 = -1, leaving at = inf
   Increment on distance indicator: 2.0
   Increment on tard indicator:     0.0
   Value of tmax indicator:         2.0

Task for patient = 72 with skills = {2,5} and cost = 226.7
   Vehicle #0 = 9, leaving at = 827.0
   Vehicle #1 = 17, leaving at = 827.0
   Increment on distance indicator: 18.0
   Increment on tard indicator:     0.0
   Value of tmax indicator:         18.0

Task for patient = 57 with skills = {0,4} and cost = 220.7
   Vehicle #0 = 3, leaving at = 922.0
   Vehicle #1 = 13, leaving at = 928.0
   Increment on distance indicator: 14.0
   Increment on tard indicator:     0.0
   Value of tmax indicator:         14.0

Task for patient = 17 with skills = {4,-1} and cost = 216.0
   Vehicle #0 = 18, leaving at = 909.0
   Vehicle #1 = -1, leaving at = inf
   Increment on distance indicator: 5.0
   Increment on tard indicator:     0.0
   Value of tmax indicator:         5.0

Task for patient = 75 with skills = {2,5} and cost = 338.7
   Vehicle #0 = 8, leaving at = 1017.0
   Vehicle #1 = 17, leaving at = 1052.0
   Increment on distance indicator: 12.0
   Increment on tard indicator:     0.0
   Value of tmax indicator:         12.0

Task for patient = 35 with skills = {3,-1} and cost = 213.3
   Vehicle #0 = 10, leaving at = 1002.0
   Vehicle #1 = -1, leaving at = inf
   Increment on distance indicator: 6.0
   Increment on tard indicator:     0.0
   Value of tmax indicator:         6.0

Task for patient = 10 with skills = {0,-1} and cost = 211.3
   Vehicle #0 = 6, leaving at = 763.0
   Vehicle #1 = -1, leaving at = inf
   Increment on distance indicator: 5.0
   Increment on tard indicator:     0.0
   Value of tmax indicator:         5.0

Task for patient = 64 with skills = {1,4} and cost = 209.7
   Vehicle #0 = 1, leaving at = 801.0
   Vehicle #1 = 19, leaving at = 793.0
   Increment on distance indicator: 6.0
   Increment on tard indicator:     0.0
   Value of tmax indicator:         6.0

Task for patient = 84 with skills = {1,5} and cost = 207.7
   Vehicle #0 = 3, leaving at = 875.0
   Vehicle #1 = 12, leaving at = 868.0
   Increment on distance indicator: 19.0
   Increment on tard indicator:     0.0
   Value of tmax indicator:         19.0

Task for patient = 49 with skills = {0,-1} and cost = 201.3
   Vehicle #0 = 3, leaving at = 815.0
   Vehicle #1 = -1, leaving at = inf
   Increment on distance indicator: 11.0
   Increment on tard indicator:     0.0
   Value of tmax indicator:         11.0

Task for patient = 27 with skills = {0,-1} and cost = 197.7
   Vehicle #0 = 4, leaving at = 869.0
   Vehicle #1 = -1, leaving at = inf
   Increment on distance indicator: 2.0
   Increment on tard indicator:     0.0
   Value of tmax indicator:         2.0

Task for patient = 16 with skills = {3,-1} and cost = 197.0
   Vehicle #0 = 16, leaving at = 881.0
   Vehicle #1 = -1, leaving at = inf
   Increment on distance indicator: 11.0
   Increment on tard indicator:     0.0
   Value of tmax indicator:         11.0

Task for patient = 12 with skills = {0,4} and cost = 193.3
   Vehicle #0 = 4, leaving at = 828.0
   Vehicle #1 = 14, leaving at = 848.0
   Increment on distance indicator: 17.0
   Increment on tard indicator:     0.0
   Value of tmax indicator:         17.0

Task for patient = 76 with skills = {0,-1} and cost = 187.7
   Vehicle #0 = 9, leaving at = 750.0
   Vehicle #1 = -1, leaving at = inf
   Increment on distance indicator: 8.0
   Increment on tard indicator:     0.0
   Value of tmax indicator:         8.0

Task for patient = 33 with skills = {4,-1} and cost = 185.0
   Vehicle #0 = 19, leaving at = 701.0
   Vehicle #1 = -1, leaving at = inf
   Increment on distance indicator: 6.0
   Increment on tard indicator:     0.0
   Value of tmax indicator:         6.0

Task for patient = 74 with skills = {2,-1} and cost = 183.0
   Vehicle #0 = 0, leaving at = 768.0
   Vehicle #1 = -1, leaving at = inf
   Increment on distance indicator: 8.0
   Increment on tard indicator:     0.0
   Value of tmax indicator:         8.0

Task for patient = 42 with skills = {5,-1} and cost = 180.3
   Vehicle #0 = 17, leaving at = 782.0
   Vehicle #1 = -1, leaving at = inf
   Increment on distance indicator: 15.0
   Increment on tard indicator:     0.0
   Value of tmax indicator:         15.0

Task for patient = 15 with skills = {4,-1} and cost = 214.3
   Vehicle #0 = 10, leaving at = 1056.0
   Vehicle #1 = -1, leaving at = inf
   Increment on distance indicator: 3.0
   Increment on tard indicator:     0.0
   Value of tmax indicator:         3.0

Task for patient = 95 with skills = {2,-1} and cost = 334.7
   Vehicle #0 = 0, leaving at = 962.0
   Vehicle #1 = -1, leaving at = inf
   Increment on distance indicator: 12.0
   Increment on tard indicator:     0.0
   Value of tmax indicator:         12.0

Task for patient = 20 with skills = {1,5} and cost = 330.7
   Vehicle #0 = 8, leaving at = 951.0
   Vehicle #1 = 17, leaving at = 1011.0
   Increment on distance indicator: 21.0
   Increment on tard indicator:     0.0
   Value of tmax indicator:         21.0

Task for patient = 86 with skills = {4,-1} and cost = 323.7
   Vehicle #0 = 15, leaving at = 1065.0
   Vehicle #1 = -1, leaving at = inf
   Increment on distance indicator: 7.0
   Increment on tard indicator:     0.0
   Value of tmax indicator:         7.0

Task for patient = 14 with skills = {2,-1} and cost = 321.3
   Vehicle #0 = 1, leaving at = 1065.0
   Vehicle #1 = -1, leaving at = inf
   Increment on distance indicator: 9.0
   Increment on tard indicator:     0.0
   Value of tmax indicator:         9.0

Task for patient = 97 with skills = {0,-1} and cost = 318.3
   Vehicle #0 = 7, leaving at = 1070.0
   Vehicle #1 = -1, leaving at = inf
   Increment on distance indicator: 4.0
   Increment on tard indicator:     0.0
   Value of tmax indicator:         4.0

Task for patient = 56 with skills = {1,3} and cost = 317.0
   Vehicle #0 = 9, leaving at = 1058.0
   Vehicle #1 = 11, leaving at = 1040.0
   Increment on distance indicator: 25.0
   Increment on tard indicator:     0.0
   Value of tmax indicator:         25.0

Task for patient = 28 with skills = {4,-1} and cost = 308.7
   Vehicle #0 = 13, leaving at = 1021.0
   Vehicle #1 = -1, leaving at = inf
   Increment on distance indicator: 13.0
   Increment on tard indicator:     0.0
   Value of tmax indicator:         13.0

Task for patient = 50 with skills = {0,-1} and cost = 304.3
   Vehicle #0 = 3, leaving at = 1033.0
   Vehicle #1 = -1, leaving at = inf
   Increment on distance indicator: 2.0
   Increment on tard indicator:     0.0
   Value of tmax indicator:         2.0

Task for patient = 4 with skills = {1,-1} and cost = 303.7
   Vehicle #0 = 1, leaving at = 1008.0
   Vehicle #1 = -1, leaving at = inf
   Increment on distance indicator: 3.0
   Increment on tard indicator:     0.0
   Value of tmax indicator:         3.0

Task for patient = 36 with skills = {3,-1} and cost = 302.7
   Vehicle #0 = 11, leaving at = 807.0
   Vehicle #1 = -1, leaving at = inf
   Increment on distance indicator: 15.0
   Increment on tard indicator:     0.0
   Value of tmax indicator:         15.0

Task for patient = 55 with skills = {1,5} and cost = 297.7
   Vehicle #0 = 7, leaving at = 1015.0
   Vehicle #1 = 15, leaving at = 1005.0
   Increment on distance indicator: 10.0
   Increment on tard indicator:     0.0
   Value of tmax indicator:         10.0

Task for patient = 13 with skills = {0,-1} and cost = 251.3
   Vehicle #0 = 6, leaving at = 820.0
   Vehicle #1 = -1, leaving at = inf
   Increment on distance indicator: 14.0
   Increment on tard indicator:     0.0
   Value of tmax indicator:         14.0

Task for patient = 34 with skills = {4,-1} and cost = 293.7
   Vehicle #0 = 19, leaving at = 942.0
   Vehicle #1 = -1, leaving at = inf
   Increment on distance indicator: 6.0
   Increment on tard indicator:     0.0
   Value of tmax indicator:         6.0

Task for patient = 54 with skills = {1,5} and cost = 291.7
   Vehicle #0 = 3, leaving at = 993.0
   Vehicle #1 = 16, leaving at = 1004.0
   Increment on distance indicator: 4.0
   Increment on tard indicator:     0.0
   Value of tmax indicator:         4.0

Task for patient = 60 with skills = {0,-1} and cost = 290.3
   Vehicle #0 = 9, leaving at = 1004.0
   Vehicle #1 = -1, leaving at = inf
   Increment on distance indicator: 5.0
   Increment on tard indicator:     0.0
   Value of tmax indicator:         5.0

Task for patient = 51 with skills = {2,5} and cost = 288.7
   Vehicle #0 = 9, leaving at = 951.0
   Vehicle #1 = 17, leaving at = 941.0
   Increment on distance indicator: 12.0
   Increment on tard indicator:     0.0
   Value of tmax indicator:         12.0

Task for patient = 29 with skills = {4,-1} and cost = 284.7
   Vehicle #0 = 16, leaving at = 970.0
   Vehicle #1 = -1, leaving at = inf
   Increment on distance indicator: 8.0
   Increment on tard indicator:     0.0
   Value of tmax indicator:         8.0

Task for patient = 65 with skills = {0,4} and cost = 282.0
   Vehicle #0 = 2, leaving at = 1039.0
   Vehicle #1 = 18, leaving at = 1082.0
   Increment on distance indicator: 17.0
   Increment on tard indicator:     0.0
   Value of tmax indicator:         17.0

Task for patient = 58 with skills = {5,-1} and cost = 276.3
   Vehicle #0 = 12, leaving at = 1056.0
   Vehicle #1 = -1, leaving at = inf
   Increment on distance indicator: 5.0
   Increment on tard indicator:     0.0
   Value of tmax indicator:         5.0

Task for patient = 67 with skills = {2,-1} and cost = 274.7
   Vehicle #0 = 4, leaving at = 936.0
   Vehicle #1 = -1, leaving at = inf
   Increment on distance indicator: 13.0
   Increment on tard indicator:     0.0
   Value of tmax indicator:         13.0

Task for patient = 62 with skills = {1,-1} and cost = 270.3
   Vehicle #0 = 8, leaving at = 915.0
   Vehicle #1 = -1, leaving at = inf
   Increment on distance indicator: 11.0
   Increment on tard indicator:     0.0
   Value of tmax indicator:         11.0

Task for patient = 46 with skills = {4,-1} and cost = 266.7
   Vehicle #0 = 13, leaving at = 955.0
   Vehicle #1 = -1, leaving at = inf
   Increment on distance indicator: 6.0
   Increment on tard indicator:     0.0
   Value of tmax indicator:         6.0

Task for patient = 78 with skills = {0,5} and cost = 264.7
   Vehicle #0 = 6, leaving at = 971.0
   Vehicle #1 = 12, leaving at = 991.0
   Increment on distance indicator: 18.0
   Increment on tard indicator:     0.0
   Value of tmax indicator:         18.0

Task for patient = 1 with skills = {2,4} and cost = 258.7
   Vehicle #0 = 0, leaving at = 907.0
   Vehicle #1 = 19, leaving at = 876.0
   Increment on distance indicator: 22.0
   Increment on tard indicator:     0.0
   Value of tmax indicator:         22.0

Task for patient = 70 with skills = {1,-1} and cost = 294.3
   Vehicle #0 = 2, leaving at = 1093.0
   Vehicle #1 = -1, leaving at = inf
   Increment on distance indicator: 2.0
   Increment on tard indicator:     0.0
   Value of tmax indicator:         2.0

Task for patient = 92 with skills = {2,-1} and cost = 96.7
   Vehicle #0 = 0, leaving at = 622.0
   Vehicle #1 = -1, leaving at = inf
   Increment on distance indicator: 8.0
   Increment on tard indicator:     0.0
   Value of tmax indicator:         8.0

Task for patient = 39 with skills = {2,3} and cost = 94.0
   Vehicle #0 = 0, leaving at = 597.0
   Vehicle #1 = 11, leaving at = 595.0
   Increment on distance indicator: 27.0
   Increment on tard indicator:     0.0
   Value of tmax indicator:         27.0

Task for patient = 87 with skills = {4,-1} and cost = 85.0
   Vehicle #0 = 13, leaving at = 666.0
   Vehicle #1 = -1, leaving at = inf
   Increment on distance indicator: 7.0
   Increment on tard indicator:     0.0
   Value of tmax indicator:         7.0

Task for patient = 31 with skills = {4,-1} and cost = 82.7
   Vehicle #0 = 10, leaving at = 736.0
   Vehicle #1 = -1, leaving at = inf
   Increment on distance indicator: 6.0
   Increment on tard indicator:     0.0
   Value of tmax indicator:         6.0

Task for patient = 8 with skills = {1,5} and cost = 80.7
   Vehicle #0 = 4, leaving at = 727.0
   Vehicle #1 = 17, leaving at = 742.0
   Increment on distance indicator: 30.0
   Increment on tard indicator:     0.0
   Value of tmax indicator:         30.0

Task for patient = 2 with skills = {1,-1} and cost = 70.7
   Vehicle #0 = 3, leaving at = 657.0
   Vehicle #1 = -1, leaving at = inf
   Increment on distance indicator: 4.0
   Increment on tard indicator:     0.0
   Value of tmax indicator:         4.0

Task for patient = 5 with skills = {0,-1} and cost = 69.3
   Vehicle #0 = 3, leaving at = 632.0
   Vehicle #1 = -1, leaving at = inf
   Increment on distance indicator: 2.0
   Increment on tard indicator:     0.0
   Value of tmax indicator:         2.0

Task for patient = 18 with skills = {4,-1} and cost = 68.7
   Vehicle #0 = 14, leaving at = 707.0
   Vehicle #1 = -1, leaving at = inf
   Increment on distance indicator: 8.0
   Increment on tard indicator:     0.0
   Value of tmax indicator:         8.0

Task for patient = 25 with skills = {1,-1} and cost = 66.0
   Vehicle #0 = 7, leaving at = 646.0
   Vehicle #1 = -1, leaving at = inf
   Increment on distance indicator: 4.0
   Increment on tard indicator:     0.0
   Value of tmax indicator:         4.0

Task for patient = 83 with skills = {1,-1} and cost = 64.7
   Vehicle #0 = 2, leaving at = 693.0
   Vehicle #1 = -1, leaving at = inf
   Increment on distance indicator: 6.0
   Increment on tard indicator:     0.0
   Value of tmax indicator:         6.0

Task for patient = 23 with skills = {2,-1} and cost = 62.7
   Vehicle #0 = 0, leaving at = 533.0
   Vehicle #1 = -1, leaving at = inf
   Increment on distance indicator: 7.0
   Increment on tard indicator:     0.0
   Value of tmax indicator:         7.0

Task for patient = 89 with skills = {2,3} and cost = 175.3
   Vehicle #0 = 2, leaving at = 1000.0
   Vehicle #1 = 10, leaving at = 979.0
   Increment on distance indicator: 15.0
   Increment on tard indicator:     0.0
   Value of tmax indicator:         15.0

Task for patient = 26 with skills = {4,-1} and cost = 54.7
   Vehicle #0 = 10, leaving at = 713.0
   Vehicle #1 = -1, leaving at = inf
   Increment on distance indicator: 8.0
   Increment on tard indicator:     0.0
   Value of tmax indicator:         8.0

Task for patient = 37 with skills = {0,4} and cost = 52.0
   Vehicle #0 = 7, leaving at = 623.0
   Vehicle #1 = 16, leaving at = 666.0
   Increment on distance indicator: 10.0
   Increment on tard indicator:     0.0
   Value of tmax indicator:         10.0

Task for patient = 81 with skills = {2,4} and cost = 48.7
   Vehicle #0 = 4, leaving at = 592.0
   Vehicle #1 = 14, leaving at = 580.0
   Increment on distance indicator: 15.0
   Increment on tard indicator:     0.0
   Value of tmax indicator:         15.0

Task for patient = 100 with skills = {1,5} and cost = 43.7
   Vehicle #0 = 7, leaving at = 546.0
   Vehicle #1 = 16, leaving at = 533.0
   Increment on distance indicator: 24.0
   Increment on tard indicator:     0.0
   Value of tmax indicator:         24.0

Task for patient = 47 with skills = {5,-1} and cost = 35.7
   Vehicle #0 = 15, leaving at = 656.0
   Vehicle #1 = -1, leaving at = inf
   Increment on distance indicator: 16.0
   Increment on tard indicator:     0.0
   Value of tmax indicator:         16.0

Task for patient = 6 with skills = {5,-1} and cost = 30.3
   Vehicle #0 = 12, leaving at = 691.0
   Vehicle #1 = -1, leaving at = inf
   Increment on distance indicator: 11.0
   Increment on tard indicator:     0.0
   Value of tmax indicator:         11.0

Task for patient = 24 with skills = {4,-1} and cost = 26.7
   Vehicle #0 = 13, leaving at = 610.0
   Vehicle #1 = -1, leaving at = inf
   Increment on distance indicator: 11.0
   Increment on tard indicator:     0.0
   Value of tmax indicator:         11.0

Task for patient = 41 with skills = {4,-1} and cost = 23.0
   Vehicle #0 = 13, leaving at = 570.0
   Vehicle #1 = -1, leaving at = inf
   Increment on distance indicator: 10.0
   Increment on tard indicator:     0.0
   Value of tmax indicator:         10.0

Task for patient = 30 with skills = {1,-1} and cost = 19.7
   Vehicle #0 = 4, leaving at = 543.0
   Vehicle #1 = -1, leaving at = inf
   Increment on distance indicator: 11.0
   Increment on tard indicator:     0.0
   Value of tmax indicator:         11.0

Task for patient = 52 with skills = {0,-1} and cost = 16.0
   Vehicle #0 = 3, leaving at = 593.0
   Vehicle #1 = -1, leaving at = inf
   Increment on distance indicator: 12.0
   Increment on tard indicator:     0.0
   Value of tmax indicator:         12.0

Task for patient = 90 with skills = {0,5} and cost = 12.0
   Vehicle #0 = 2, leaving at = 646.0
   Vehicle #1 = 12, leaving at = 639.0
   Increment on distance indicator: 20.0
   Increment on tard indicator:     0.0
   Value of tmax indicator:         20.0

Task for patient = 53 with skills = {1,4} and cost = 5.3
   Vehicle #0 = 1, leaving at = 676.0
   Vehicle #1 = 10, leaving at = 690.0
   Increment on distance indicator: 16.0
   Increment on tard indicator:     0.0
   Value of tmax indicator:         16.0

Task for patient = 7 with skills = {0,-1} and cost = 60.3
   Vehicle #0 = 4, leaving at = 669.0
   Vehicle #1 = -1, leaving at = inf
   Increment on distance indicator: 17.0
   Increment on tard indicator:     0.0
   Value of tmax indicator:         17.0

Task for patient = 91 with skills = {2,-1} and cost = 170.3
   Vehicle #0 = 2, leaving at = 875.0
   Vehicle #1 = -1, leaving at = inf
   Increment on distance indicator: 6.0
   Increment on tard indicator:     0.0
   Value of tmax indicator:         6.0

Task for patient = 68 with skills = {2,-1} and cost = 168.3
   Vehicle #0 = 0, leaving at = 694.0
   Vehicle #1 = -1, leaving at = inf
   Increment on distance indicator: 10.0
   Increment on tard indicator:     0.0
   Value of tmax indicator:         10.0

Task for patient = 99 with skills = {0,-1} and cost = 165.0
   Vehicle #0 = 3, leaving at = 753.0
   Vehicle #1 = -1, leaving at = inf
   Increment on distance indicator: 7.0
   Increment on tard indicator:     0.0
   Value of tmax indicator:         7.0

Task for patient = 9 with skills = {5,-1} and cost = 162.7
   Vehicle #0 = 19, leaving at = 676.0
   Vehicle #1 = -1, leaving at = inf
   Increment on distance indicator: 7.0
   Increment on tard indicator:     0.0
   Value of tmax indicator:         7.0

Task for patient = 66 with skills = {3,-1} and cost = 160.3
   Vehicle #0 = 11, leaving at = 671.0
   Vehicle #1 = -1, leaving at = inf
   Increment on distance indicator: 11.0
   Increment on tard indicator:     0.0
   Value of tmax indicator:         11.0

Task for patient = 43 with skills = {4,-1} and cost = 156.7
   Vehicle #0 = 15, leaving at = 712.0
   Vehicle #1 = -1, leaving at = inf
   Increment on distance indicator: 5.0
   Increment on tard indicator:     0.0
   Value of tmax indicator:         5.0

Task for patient = 48 with skills = {0,3} and cost = 155.0
   Vehicle #0 = 7, leaving at = 819.0
   Vehicle #1 = 16, leaving at = 834.0
   Increment on distance indicator: 8.0
   Increment on tard indicator:     0.0
   Value of tmax indicator:         8.0

Task for patient = 80 with skills = {1,-1} and cost = 152.3
   Vehicle #0 = 8, leaving at = 763.0
   Vehicle #1 = -1, leaving at = inf
   Increment on distance indicator: 3.0
   Increment on tard indicator:     0.0
   Value of tmax indicator:         3.0

Task for patient = 32 with skills = {0,-1} and cost = 151.3
   Vehicle #0 = 4, leaving at = 782.0
   Vehicle #1 = -1, leaving at = inf
   Increment on distance indicator: 6.0
   Increment on tard indicator:     0.0
   Value of tmax indicator:         6.0

Task for patient = 85 with skills = {2,3} and cost = 149.3
   Vehicle #0 = 7, leaving at = 781.0
   Vehicle #1 = 16, leaving at = 770.0
   Increment on distance indicator: 6.0
   Increment on tard indicator:     0.0
   Value of tmax indicator:         6.0

Task for patient = 22 with skills = {0,4} and cost = 147.3
   Vehicle #0 = 2, leaving at = 832.0
   Vehicle #1 = 10, leaving at = 833.0
   Increment on distance indicator: 12.0
   Increment on tard indicator:     0.0
   Value of tmax indicator:         12.0

Task for patient = 40 with skills = {0,4} and cost = 108.7
   Vehicle #0 = 6, leaving at = 558.0
   Vehicle #1 = 18, leaving at = 567.0
   Increment on distance indicator: 36.0
   Increment on tard indicator:     0.0
   Value of tmax indicator:         36.0

Task for patient = 73 with skills = {1,-1} and cost = 140.7
   Vehicle #0 = 8, leaving at = 742.0
   Vehicle #1 = -1, leaving at = inf
   Increment on distance indicator: 3.0
   Increment on tard indicator:     0.0
   Value of tmax indicator:         3.0

Task for patient = 82 with skills = {2,4} and cost = 139.7
   Vehicle #0 = 7, leaving at = 705.0
   Vehicle #1 = 16, leaving at = 728.0
   Increment on distance indicator: 14.0
   Increment on tard indicator:     0.0
   Value of tmax indicator:         14.0

Task for patient = 21 with skills = {4,-1} and cost = 135.0
   Vehicle #0 = 14, leaving at = 766.0
   Vehicle #1 = -1, leaving at = inf
   Increment on distance indicator: 8.0
   Increment on tard indicator:     0.0
   Value of tmax indicator:         8.0

Task for patient = 59 with skills = {2,-1} and cost = 132.3
   Vehicle #0 = 5, leaving at = 560.0
   Vehicle #1 = -1, leaving at = inf
   Increment on distance indicator: 12.0
   Increment on tard indicator:     0.0
   Value of tmax indicator:         12.0

Task for patient = 38 with skills = {2,-1} and cost = 128.3
   Vehicle #0 = 0, leaving at = 658.0
   Vehicle #1 = -1, leaving at = inf
   Increment on distance indicator: 8.0
   Increment on tard indicator:     0.0
   Value of tmax indicator:         8.0

Task for patient = 71 with skills = {4,-1} and cost = 125.7
   Vehicle #0 = 18, leaving at = 855.0
   Vehicle #1 = -1, leaving at = inf
   Increment on distance indicator: 7.0
   Increment on tard indicator:     0.0
   Value of tmax indicator:         7.0

Task for patient = 94 with skills = {2,-1} and cost = 123.3
   Vehicle #0 = 2, leaving at = 805.0
   Vehicle #1 = -1, leaving at = inf
   Increment on distance indicator: 2.0
   Increment on tard indicator:     0.0
   Value of tmax indicator:         2.0

Task for patient = 96 with skills = {4,-1} and cost = 122.7
   Vehicle #0 = 13, leaving at = 742.0
   Vehicle #1 = -1, leaving at = inf
   Increment on distance indicator: 3.0
   Increment on tard indicator:     0.0
   Value of tmax indicator:         3.0

Task for patient = 77 with skills = {0,-1} and cost = 121.7
   Vehicle #0 = 6, leaving at = 594.0
   Vehicle #1 = -1, leaving at = inf
   Increment on distance indicator: 9.0
   Increment on tard indicator:     0.0
   Value of tmax indicator:         9.0

Task for patient = 3 with skills = {4,-1} and cost = 118.7
   Vehicle #0 = 18, leaving at = 802.0
   Vehicle #1 = -1, leaving at = inf
   Increment on distance indicator: 5.0
   Increment on tard indicator:     0.0
   Value of tmax indicator:         5.0

Task for patient = 44 with skills = {5,-1} and cost = 117.0
   Vehicle #0 = 12, leaving at = 788.0
   Vehicle #1 = -1, leaving at = inf
   Increment on distance indicator: 10.0
   Increment on tard indicator:     0.0
   Value of tmax indicator:         10.0

Task for patient = 19 with skills = {2,4} and cost = 113.7
   Vehicle #0 = 2, leaving at = 758.0
   Vehicle #1 = 18, leaving at = 767.0
   Increment on distance indicator: 15.0
   Increment on tard indicator:     0.0
   Value of tmax indicator:         15.0

Task for patient = 69 with skills = {0,-1} and cost = 143.3
   Vehicle #0 = 3, leaving at = 690.0
   Vehicle #1 = -1, leaving at = inf
   Increment on distance indicator: 8.0
   Increment on tard indicator:     0.0
   Value of tmax indicator:         8.0


Unused vehicle list: (total = 0 out of 20)

---
Search finished.
Total of 448 generations in 1.2 seconds.
Exchange elite runs: 0
Implicit path relinking runs: 4
Reset attempts: 1

Best solution found:
   Cost: 411.7
   Total travel time: 1235.0
   Total tardiness time: 0.0
   Largest tardiness: 0.0


411.7
