--- BRKGA-MP-IPR for HHCRSP ---
Instance: new-instances/HHCRSP_100_20_48_1.0_R_C.txt
Seed: 1

Reading data... Problem contains 100 patients  and 20 caregivers.

Summary of supply x demand for each service type:
Skill 0 has supply = 6 and demand = 25, ratio = 0.24
Skill 1 has supply = 6 and demand = 18, ratio = 0.333333
Skill 2 has supply = 7 and demand = 27, ratio = 0.259259
Skill 3 has supply = 4 and demand = 18, ratio = 0.222222
Skill 4 has supply = 5 and demand = 17, ratio = 0.294118
Skill 5 has supply = 6 and demand = 25, ratio = 0.24

Reading parameters...
Inferred distance function by PR type: kendall-tau
Building BRKGA data and initializing...
Evolving 448 generations...

  Gens  Rem    Local   ElDiv NoImpr             Best solution            Time  Op
                                       Cost     Dist    Tard    TMax 
*    0  448  3026.00  292.83      0  3026.00  2184.00  6502.0   392.0     0.0    
*    3  445  2458.33  277.52      0  2458.33  2190.00  4888.0   297.0     0.0    
*    5  443  2355.67  217.70      0  2355.67  2008.00  3948.0   358.0     0.0    
*    6  442  2104.67  217.87      0  2104.67  1987.00  3474.0   296.0     0.0    
*    7  441  1919.00  218.49      0  1919.00  1987.00  3474.0   296.0     0.0    
*    9  439  1828.33  194.66      0  1828.33  2116.00  2710.0   369.0     0.0    
*   10  438  1731.67  167.17      0  1731.67  1957.00  2763.0   227.0     0.0    
*   11  437  1649.00  157.01      0  1649.00  1920.00  2187.0   341.0     0.0    
*   12  436  1482.67  147.69      0  1482.67  1852.00  2026.0   170.0     0.0    
*   13  435  1349.33  159.60      0  1349.33  1964.00  1676.0   187.0     0.0    
*   14  434  1275.67  140.76      0  1275.67  1964.00  1676.0   187.0     0.0    
*   17  431  1255.67  113.96      0  1255.67  2020.00   835.0   148.0     0.0    
*   18  430  1001.00  112.03      0  1001.00  2020.00   835.0   148.0     0.0    
*   22  426   986.33   77.31      0   986.33  1764.00  1061.0   134.0     0.1    
*   25  423   916.67   61.68      0   916.67  1963.00   668.0   119.0     0.1    

  Gens  Rem    Local   ElDiv NoImpr             Best solution            Time  Op
                                       Cost     Dist    Tard    TMax 
*   28  420   842.33   57.33      0   842.33  1792.00   601.0    91.0     0.1    
*   29  419   828.00   62.95      0   828.00  1829.00   216.0    55.0     0.1    
*   30  418   700.00   59.26      0   700.00  1829.00   216.0    55.0     0.1    
*   39  409   679.33   33.28      0   679.33  2017.00    15.0     6.0     0.1    
*   41  407   662.67   31.60      0   662.67  1803.00   131.0    54.0     0.1    
*   43  405   625.00   30.39      0   625.00  1747.00    95.0    33.0     0.1    
*   45  403   623.67   27.31      0   623.67  1837.00    25.0     9.0     0.1    
*   50  398   612.33   22.02      0   612.33  1795.00    28.0    14.0     0.1    
*   57  391   602.67   14.48      0   602.67  1788.00    14.0     6.0     0.1    
*   61  387   587.00   14.65      0   587.00  1761.00     0.0     0.0     0.2    
*   66  382   584.33   13.05      0   584.33  1721.00    20.0    12.0     0.2    
*   68  380   577.00   13.42      0   577.00  1720.00     7.0     4.0     0.2    
*   77  371   573.33    9.33      0   573.33  1712.00     5.0     3.0     0.2    
*   79  369   570.00    8.88      0   570.00  1663.00    28.0    19.0     0.2    
*   82  366   569.33    8.13      0   569.33  1689.00    10.0     9.0     0.2    
*   84  364   565.00    8.69      0   565.00  1682.00     1.0     1.0     0.2    

  Gens  Rem    Local   ElDiv NoImpr             Best solution            Time  Op
                                       Cost     Dist    Tard    TMax 
*   85  363   561.33    8.44      0   561.33  1682.00     1.0     1.0     0.2    
*   92  356   557.67    8.90      0   557.67  1671.00     1.0     1.0     0.2    
Path relinking result: too homogeneous.
    96  352   557.67    8.13      5   557.67  1671.00     1.0     1.0     0.2   P
   100  348   557.67    7.67      8   557.67  1671.00     1.0     1.0     0.2    
*  105  343   555.67    7.45      0   555.67  1658.00     6.0     3.0     0.3    
*  117  331   550.33    6.26      0   550.33  1639.00     9.0     3.0     0.3    
*  119  329   548.67    6.27      0   548.67  1644.00     1.0     1.0     0.3    
*  130  318   546.00    5.60      0   546.00  1634.00     3.0     1.0     0.3    
*  138  310   535.33    5.98      0   535.33  1603.00     2.0     1.0     0.3    
*  145  303   533.33    5.96      0   533.33  1577.00    15.0     8.0     0.4    
*  150  298   529.67    6.06      0   529.67  1571.00    13.0     5.0     0.4    
*  154  294   528.67    4.21      0   528.67  1582.00     3.0     1.0     0.4    
*  157  291   527.00    4.32      0   527.00  1548.00     7.0     2.0     0.4    
*  158  290   519.00    4.19      0   519.00  1548.00     7.0     2.0     0.4    
*  171  277   516.67    3.34      0   516.67  1541.00     7.0     2.0     0.4    
*  175  273   514.67    3.62      0   514.67  1540.00     3.0     1.0     0.4    

  Gens  Rem    Local   ElDiv NoImpr             Best solution            Time  Op
                                       Cost     Dist    Tard    TMax 
*  184  264   511.33    2.26      0   511.33  1529.00     4.0     1.0     0.5    
*  186  262   511.00    2.74      0   511.00  1522.00     4.0     1.0     0.5    
*  187  261   509.00    2.43      0   509.00  1522.00     4.0     1.0     0.5    
*  189  259   507.67    2.35      0   507.67  1518.00     4.0     1.0     0.5    
Path relinking result: too homogeneous.
   192  256   507.67    2.19      4   507.67  1518.00     4.0     1.0     0.5   P
*  195  253   505.67    2.09      0   505.67  1513.00     3.0     1.0     0.5    
   200  248   505.67    1.63      5   505.67  1513.00     3.0     1.0     0.5    
*  207  241   504.33    0.69      0   504.33  1508.00     4.0     1.0     0.5    
*  211  237   503.33    0.83      0   503.33  1505.00     4.0     1.0     0.5    
*  217  231   503.00    0.93      0   503.00  1504.00     4.0     1.0     0.5    
*  221  227   502.67    0.16      0   502.67  1503.00     4.0     1.0     0.5    
*  232  216   502.00    0.08      0   502.00  1501.00     4.0     1.0     0.6    
*  249  199   501.33    0.08      0   501.33  1499.00     4.0     1.0     0.6    
   250  198   501.33    0.12      1   501.33  1499.00     4.0     1.0     0.6    
*  256  192   500.67    0.12      0   500.67  1497.00     4.0     1.0     0.6    
*  259  189   500.00    0.40      0   500.00  1495.00     4.0     1.0     0.6    

  Gens  Rem    Local   ElDiv NoImpr             Best solution            Time  Op
                                       Cost     Dist    Tard    TMax 
*  262  186   498.67    0.58      0   498.67  1491.00     4.0     1.0     0.6    
*  271  177   498.00    0.08      0   498.00  1489.00     4.0     1.0     0.6    
*  273  175   496.00    0.37      0   496.00  1483.00     4.0     1.0     0.6    
*  279  169   495.33    1.10      0   495.33  1481.00     4.0     1.0     0.6    
Path relinking result: too homogeneous.
   288  160   495.33    0.00     10   495.33  1481.00     4.0     1.0     0.7   P
   300  148   495.33    0.00     21   495.33  1481.00     4.0     1.0     0.7    
   346  102      inf  265.76      0   495.33  1481.00     4.0     1.0     0.8   R
   347  101  3165.00  256.87      0   495.33  1481.00     4.0     1.0     0.8    
   350   98  2889.33  231.71      1   495.33  1481.00     4.0     1.0     0.8    
Path relinking result: too homogeneous.
   384   64   690.67   34.18      0   495.33  1481.00     4.0     1.0     0.8   P
   400   48   610.00   19.57      6   495.33  1481.00     4.0     1.0     0.8    
   448    0   535.67    8.30      0   495.33  1481.00     4.0     1.0     0.9    
Evolutionary process finished.
Solution written to 'solution-30395.txt'.

Sorted sequence of worst to best tardiness value:
Task for patient = 29 with skills = {2,-1} and cost = 351.0
   Vehicle #0 = 3, leaving at = 873.0
   Vehicle #1 = -1, leaving at = inf
   Increment on distance indicator: 22.0
   Increment on tard indicator:     14.0
   Value of tmax indicator:         22.0

Task for patient = 52 with skills = {4,-1} and cost = 256.7
   Vehicle #0 = 12, leaving at = 858.0
   Vehicle #1 = -1, leaving at = inf
   Increment on distance indicator: 3.0
   Increment on tard indicator:     9.0
   Value of tmax indicator:         3.0

Task for patient = 32 with skills = {0,3} and cost = 328.7
   Vehicle #0 = 6, leaving at = 862.0
   Vehicle #1 = 19, leaving at = 889.0
   Increment on distance indicator: 11.0
   Increment on tard indicator:     0.0
   Value of tmax indicator:         11.0

Task for patient = 35 with skills = {1,3} and cost = 325.0
   Vehicle #0 = 9, leaving at = 969.0
   Vehicle #1 = 14, leaving at = 973.0
   Increment on distance indicator: 18.0
   Increment on tard indicator:     0.0
   Value of tmax indicator:         18.0

Task for patient = 96 with skills = {2,-1} and cost = 319.0
   Vehicle #0 = 2, leaving at = 976.0
   Vehicle #1 = -1, leaving at = inf
   Increment on distance indicator: 5.0
   Increment on tard indicator:     0.0
   Value of tmax indicator:         5.0

Task for patient = 38 with skills = {2,5} and cost = 317.3
   Vehicle #0 = 0, leaving at = 865.0
   Vehicle #1 = 15, leaving at = 895.0
   Increment on distance indicator: 20.0
   Increment on tard indicator:     0.0
   Value of tmax indicator:         20.0

Task for patient = 40 with skills = {5,-1} and cost = 310.7
   Vehicle #0 = 15, leaving at = 833.0
   Vehicle #1 = -1, leaving at = inf
   Increment on distance indicator: 6.0
   Increment on tard indicator:     0.0
   Value of tmax indicator:         6.0

Task for patient = 85 with skills = {0,-1} and cost = 308.7
   Vehicle #0 = 6, leaving at = 842.0
   Vehicle #1 = -1, leaving at = inf
   Increment on distance indicator: 3.0
   Increment on tard indicator:     0.0
   Value of tmax indicator:         3.0

Task for patient = 87 with skills = {1,5} and cost = 307.7
   Vehicle #0 = 6, leaving at = 819.0
   Vehicle #1 = 18, leaving at = 855.0
   Increment on distance indicator: 11.0
   Increment on tard indicator:     0.0
   Value of tmax indicator:         11.0

Task for patient = 93 with skills = {2,-1} and cost = 304.0
   Vehicle #0 = 0, leaving at = 759.0
   Vehicle #1 = -1, leaving at = inf
   Increment on distance indicator: 11.0
   Increment on tard indicator:     0.0
   Value of tmax indicator:         11.0

Task for patient = 44 with skills = {4,-1} and cost = 300.3
   Vehicle #0 = 18, leaving at = 807.0
   Vehicle #1 = -1, leaving at = inf
   Increment on distance indicator: 3.0
   Increment on tard indicator:     0.0
   Value of tmax indicator:         3.0

Task for patient = 76 with skills = {0,-1} and cost = 299.3
   Vehicle #0 = 4, leaving at = 885.0
   Vehicle #1 = -1, leaving at = inf
   Increment on distance indicator: 10.0
   Increment on tard indicator:     0.0
   Value of tmax indicator:         10.0

Task for patient = 50 with skills = {2,-1} and cost = 332.0
   Vehicle #0 = 0, leaving at = 934.0
   Vehicle #1 = -1, leaving at = inf
   Increment on distance indicator: 10.0
   Increment on tard indicator:     0.0
   Value of tmax indicator:         10.0

Task for patient = 77 with skills = {1,4} and cost = 291.3
   Vehicle #0 = 9, leaving at = 919.0
   Vehicle #1 = 16, leaving at = 947.0
   Increment on distance indicator: 11.0
   Increment on tard indicator:     0.0
   Value of tmax indicator:         11.0

Task for patient = 23 with skills = {0,4} and cost = 287.7
   Vehicle #0 = 3, leaving at = 817.0
   Vehicle #1 = 17, leaving at = 791.0
   Increment on distance indicator: 17.0
   Increment on tard indicator:     0.0
   Value of tmax indicator:         17.0

Task for patient = 62 with skills = {1,-1} and cost = 282.0
   Vehicle #0 = 2, leaving at = 925.0
   Vehicle #1 = -1, leaving at = inf
   Increment on distance indicator: 5.0
   Increment on tard indicator:     0.0
   Value of tmax indicator:         5.0

Task for patient = 56 with skills = {0,-1} and cost = 280.3
   Vehicle #0 = 4, leaving at = 828.0
   Vehicle #1 = -1, leaving at = inf
   Increment on distance indicator: 4.0
   Increment on tard indicator:     0.0
   Value of tmax indicator:         4.0

Task for patient = 100 with skills = {4,-1} and cost = 279.0
   Vehicle #0 = 17, leaving at = 651.0
   Vehicle #1 = -1, leaving at = inf
   Increment on distance indicator: 9.0
   Increment on tard indicator:     0.0
   Value of tmax indicator:         9.0

Task for patient = 82 with skills = {2,4} and cost = 276.0
   Vehicle #0 = 2, leaving at = 881.0
   Vehicle #1 = 16, leaving at = 884.0
   Increment on distance indicator: 21.0
   Increment on tard indicator:     0.0
   Value of tmax indicator:         21.0

Task for patient = 5 with skills = {1,-1} and cost = 269.0
   Vehicle #0 = 2, leaving at = 833.0
   Vehicle #1 = -1, leaving at = inf
   Increment on distance indicator: 9.0
   Increment on tard indicator:     0.0
   Value of tmax indicator:         9.0

Task for patient = 67 with skills = {1,-1} and cost = 266.0
   Vehicle #0 = 7, leaving at = 812.0
   Vehicle #1 = -1, leaving at = inf
   Increment on distance indicator: 9.0
   Increment on tard indicator:     0.0
   Value of tmax indicator:         9.0

Task for patient = 58 with skills = {2,5} and cost = 263.0
   Vehicle #0 = 9, leaving at = 785.0
   Vehicle #1 = 15, leaving at = 788.0
   Increment on distance indicator: 19.0
   Increment on tard indicator:     0.0
   Value of tmax indicator:         19.0

Task for patient = 81 with skills = {0,-1} and cost = 249.7
   Vehicle #0 = 4, leaving at = 780.0
   Vehicle #1 = -1, leaving at = inf
   Increment on distance indicator: 5.0
   Increment on tard indicator:     0.0
   Value of tmax indicator:         5.0

Task for patient = 31 with skills = {2,-1} and cost = 248.0
   Vehicle #0 = 9, leaving at = 674.0
   Vehicle #1 = -1, leaving at = inf
   Increment on distance indicator: 0.0
   Increment on tard indicator:     0.0
   Value of tmax indicator:         0.0

Task for patient = 13 with skills = {4,-1} and cost = 296.0
   Vehicle #0 = 18, leaving at = 681.0
   Vehicle #1 = -1, leaving at = inf
   Increment on distance indicator: 14.0
   Increment on tard indicator:     0.0
   Value of tmax indicator:         14.0

Task for patient = 73 with skills = {0,-1} and cost = 406.7
   Vehicle #0 = 4, leaving at = 988.0
   Vehicle #1 = -1, leaving at = inf
   Increment on distance indicator: 1.0
   Increment on tard indicator:     0.0
   Value of tmax indicator:         1.0

Task for patient = 89 with skills = {2,3} and cost = 406.3
   Vehicle #0 = 7, leaving at = 994.0
   Vehicle #1 = 12, leaving at = 1018.0
   Increment on distance indicator: 8.0
   Increment on tard indicator:     0.0
   Value of tmax indicator:         8.0

Task for patient = 37 with skills = {4,-1} and cost = 403.7
   Vehicle #0 = 13, leaving at = 997.0
   Vehicle #1 = -1, leaving at = inf
   Increment on distance indicator: 6.0
   Increment on tard indicator:     0.0
   Value of tmax indicator:         6.0

Task for patient = 63 with skills = {3,-1} and cost = 401.7
   Vehicle #0 = 12, leaving at = 958.0
   Vehicle #1 = -1, leaving at = inf
   Increment on distance indicator: 9.0
   Increment on tard indicator:     0.0
   Value of tmax indicator:         9.0

Task for patient = 22 with skills = {4,-1} and cost = 398.7
   Vehicle #0 = 17, leaving at = 877.0
   Vehicle #1 = -1, leaving at = inf
   Increment on distance indicator: 9.0
   Increment on tard indicator:     0.0
   Value of tmax indicator:         9.0

Task for patient = 30 with skills = {2,-1} and cost = 395.7
   Vehicle #0 = 1, leaving at = 1021.0
   Vehicle #1 = -1, leaving at = inf
   Increment on distance indicator: 4.0
   Increment on tard indicator:     0.0
   Value of tmax indicator:         4.0

Task for patient = 46 with skills = {0,-1} and cost = 394.3
   Vehicle #0 = 4, leaving at = 965.0
   Vehicle #1 = -1, leaving at = inf
   Increment on distance indicator: 4.0
   Increment on tard indicator:     0.0
   Value of tmax indicator:         4.0

Task for patient = 6 with skills = {4,-1} and cost = 393.0
   Vehicle #0 = 18, leaving at = 966.0
   Vehicle #1 = -1, leaving at = inf
   Increment on distance indicator: 5.0
   Increment on tard indicator:     0.0
   Value of tmax indicator:         5.0

Task for patient = 1 with skills = {2,-1} and cost = 391.3
   Vehicle #0 = 1, leaving at = 974.0
   Vehicle #1 = -1, leaving at = inf
   Increment on distance indicator: 3.0
   Increment on tard indicator:     0.0
   Value of tmax indicator:         3.0

Task for patient = 57 with skills = {1,-1} and cost = 390.3
   Vehicle #0 = 9, leaving at = 996.0
   Vehicle #1 = -1, leaving at = inf
   Increment on distance indicator: 6.0
   Increment on tard indicator:     0.0
   Value of tmax indicator:         6.0

Task for patient = 83 with skills = {5,-1} and cost = 388.3
   Vehicle #0 = 18, leaving at = 927.0
   Vehicle #1 = -1, leaving at = inf
   Increment on distance indicator: 6.0
   Increment on tard indicator:     0.0
   Value of tmax indicator:         6.0

Task for patient = 98 with skills = {1,5} and cost = 337.3
   Vehicle #0 = 7, leaving at = 866.0
   Vehicle #1 = 12, leaving at = 915.0
   Increment on distance indicator: 16.0
   Increment on tard indicator:     0.0
   Value of tmax indicator:         16.0

Task for patient = 74 with skills = {1,5} and cost = 385.3
   Vehicle #0 = 5, leaving at = 1035.0
   Vehicle #1 = 11, leaving at = 1022.0
   Increment on distance indicator: 13.0
   Increment on tard indicator:     0.0
   Value of tmax indicator:         13.0

Task for patient = 60 with skills = {1,-1} and cost = 381.0
   Vehicle #0 = 2, leaving at = 1005.0
   Vehicle #1 = -1, leaving at = inf
   Increment on distance indicator: 6.0
   Increment on tard indicator:     0.0
   Value of tmax indicator:         6.0

Task for patient = 25 with skills = {2,-1} and cost = 379.0
   Vehicle #0 = 1, leaving at = 911.0
   Vehicle #1 = -1, leaving at = inf
   Increment on distance indicator: 8.0
   Increment on tard indicator:     0.0
   Value of tmax indicator:         8.0

Task for patient = 43 with skills = {5,-1} and cost = 376.3
   Vehicle #0 = 15, leaving at = 1002.0
   Vehicle #1 = -1, leaving at = inf
   Increment on distance indicator: 7.0
   Increment on tard indicator:     0.0
   Value of tmax indicator:         7.0

Task for patient = 3 with skills = {1,-1} and cost = 374.0
   Vehicle #0 = 6, leaving at = 908.0
   Vehicle #1 = -1, leaving at = inf
   Increment on distance indicator: 9.0
   Increment on tard indicator:     0.0
   Value of tmax indicator:         9.0

Task for patient = 27 with skills = {0,5} and cost = 371.0
   Vehicle #0 = 7, leaving at = 925.0
   Vehicle #1 = 10, leaving at = 917.0
   Increment on distance indicator: 23.0
   Increment on tard indicator:     0.0
   Value of tmax indicator:         23.0

Task for patient = 41 with skills = {3,-1} and cost = 363.3
   Vehicle #0 = 13, leaving at = 965.0
   Vehicle #1 = -1, leaving at = inf
   Increment on distance indicator: 7.0
   Increment on tard indicator:     0.0
   Value of tmax indicator:         7.0

Task for patient = 15 with skills = {0,-1} and cost = 361.0
   Vehicle #0 = 5, leaving at = 993.0
   Vehicle #1 = -1, leaving at = inf
   Increment on distance indicator: 3.0
   Increment on tard indicator:     0.0
   Value of tmax indicator:         3.0

Task for patient = 51 with skills = {0,-1} and cost = 360.0
   Vehicle #0 = 4, leaving at = 912.0
   Vehicle #1 = -1, leaving at = inf
   Increment on distance indicator: 9.0
   Increment on tard indicator:     0.0
   Value of tmax indicator:         9.0

Task for patient = 48 with skills = {1,-1} and cost = 357.0
   Vehicle #0 = 5, leaving at = 932.0
   Vehicle #1 = -1, leaving at = inf
   Increment on distance indicator: 5.0
   Increment on tard indicator:     0.0
   Value of tmax indicator:         5.0

Task for patient = 97 with skills = {0,5} and cost = 355.3
   Vehicle #0 = 3, leaving at = 926.0
   Vehicle #1 = 15, leaving at = 939.0
   Increment on distance indicator: 13.0
   Increment on tard indicator:     0.0
   Value of tmax indicator:         13.0

Task for patient = 34 with skills = {2,-1} and cost = 410.3
   Vehicle #0 = 0, leaving at = 1000.0
   Vehicle #1 = -1, leaving at = inf
   Increment on distance indicator: 11.0
   Increment on tard indicator:     0.0
   Value of tmax indicator:         11.0

Task for patient = 65 with skills = {4,-1} and cost = 386.3
   Vehicle #0 = 16, leaving at = 992.0
   Vehicle #1 = -1, leaving at = inf
   Increment on distance indicator: 3.0
   Increment on tard indicator:     0.0
   Value of tmax indicator:         3.0

Task for patient = 54 with skills = {3,-1} and cost = 133.7
   Vehicle #0 = 19, leaving at = 670.0
   Vehicle #1 = -1, leaving at = inf
   Increment on distance indicator: 11.0
   Increment on tard indicator:     0.0
   Value of tmax indicator:         11.0

Task for patient = 53 with skills = {4,-1} and cost = 130.0
   Vehicle #0 = 16, leaving at = 665.0
   Vehicle #1 = -1, leaving at = inf
   Increment on distance indicator: 18.0
   Increment on tard indicator:     0.0
   Value of tmax indicator:         18.0

Task for patient = 10 with skills = {1,3} and cost = 124.0
   Vehicle #0 = 7, leaving at = 572.0
   Vehicle #1 = 19, leaving at = 589.0
   Increment on distance indicator: 21.0
   Increment on tard indicator:     0.0
   Value of tmax indicator:         21.0

Task for patient = 24 with skills = {2,-1} and cost = 117.0
   Vehicle #0 = 7, leaving at = 529.0
   Vehicle #1 = -1, leaving at = inf
   Increment on distance indicator: 19.0
   Increment on tard indicator:     0.0
   Value of tmax indicator:         19.0

Task for patient = 68 with skills = {2,5} and cost = 110.7
   Vehicle #0 = 0, leaving at = 705.0
   Vehicle #1 = 14, leaving at = 741.0
   Increment on distance indicator: 22.0
   Increment on tard indicator:     0.0
   Value of tmax indicator:         22.0

Task for patient = 49 with skills = {2,-1} and cost = 103.3
   Vehicle #0 = 0, leaving at = 672.0
   Vehicle #1 = -1, leaving at = inf
   Increment on distance indicator: 18.0
   Increment on tard indicator:     0.0
   Value of tmax indicator:         18.0

Task for patient = 92 with skills = {2,3} and cost = 97.3
   Vehicle #0 = 1, leaving at = 770.0
   Vehicle #1 = 13, leaving at = 787.0
   Increment on distance indicator: 19.0
   Increment on tard indicator:     0.0
   Value of tmax indicator:         19.0

Task for patient = 95 with skills = {2,-1} and cost = 91.0
   Vehicle #0 = 3, leaving at = 621.0
   Vehicle #1 = -1, leaving at = inf
   Increment on distance indicator: 11.0
   Increment on tard indicator:     0.0
   Value of tmax indicator:         11.0

Task for patient = 18 with skills = {0,-1} and cost = 87.3
   Vehicle #0 = 5, leaving at = 655.0
   Vehicle #1 = -1, leaving at = inf
   Increment on distance indicator: 11.0
   Increment on tard indicator:     0.0
   Value of tmax indicator:         11.0

Task for patient = 17 with skills = {5,-1} and cost = 83.7
   Vehicle #0 = 12, leaving at = 719.0
   Vehicle #1 = -1, leaving at = inf
   Increment on distance indicator: 7.0
   Increment on tard indicator:     0.0
   Value of tmax indicator:         7.0

Task for patient = 88 with skills = {0,-1} and cost = 81.3
   Vehicle #0 = 1, leaving at = 719.0
   Vehicle #1 = -1, leaving at = inf
   Increment on distance indicator: 6.0
   Increment on tard indicator:     0.0
   Value of tmax indicator:         6.0

Task for patient = 20 with skills = {3,-1} and cost = 248.0
   Vehicle #0 = 19, leaving at = 747.0
   Vehicle #1 = -1, leaving at = inf
   Increment on distance indicator: 8.0
   Increment on tard indicator:     0.0
   Value of tmax indicator:         8.0

Task for patient = 75 with skills = {3,-1} and cost = 73.7
   Vehicle #0 = 13, leaving at = 724.0
   Vehicle #1 = -1, leaving at = inf
   Increment on distance indicator: 5.0
   Increment on tard indicator:     0.0
   Value of tmax indicator:         5.0

Task for patient = 61 with skills = {2,3} and cost = 72.0
   Vehicle #0 = 0, leaving at = 632.0
   Vehicle #1 = 14, leaving at = 632.0
   Increment on distance indicator: 13.0
   Increment on tard indicator:     0.0
   Value of tmax indicator:         13.0

Task for patient = 26 with skills = {3,-1} and cost = 67.7
   Vehicle #0 = 13, leaving at = 697.0
   Vehicle #1 = -1, leaving at = inf
   Increment on distance indicator: 10.0
   Increment on tard indicator:     0.0
   Value of tmax indicator:         10.0

Task for patient = 21 with skills = {2,5} and cost = 64.3
   Vehicle #0 = 2, leaving at = 677.0
   Vehicle #1 = 11, leaving at = 673.0
   Increment on distance indicator: 23.0
   Increment on tard indicator:     0.0
   Value of tmax indicator:         23.0

Task for patient = 84 with skills = {3,-1} and cost = 56.7
   Vehicle #0 = 14, leaving at = 598.0
   Vehicle #1 = -1, leaving at = inf
   Increment on distance indicator: 14.0
   Increment on tard indicator:     0.0
   Value of tmax indicator:         14.0

Task for patient = 64 with skills = {0,-1} and cost = 52.0
   Vehicle #0 = 1, leaving at = 672.0
   Vehicle #1 = -1, leaving at = inf
   Increment on distance indicator: 6.0
   Increment on tard indicator:     0.0
   Value of tmax indicator:         6.0

Task for patient = 70 with skills = {2,3} and cost = 50.0
   Vehicle #0 = 3, leaving at = 557.0
   Vehicle #1 = 14, leaving at = 549.0
   Increment on distance indicator: 22.0
   Increment on tard indicator:     0.0
   Value of tmax indicator:         22.0

Task for patient = 33 with skills = {0,3} and cost = 42.7
   Vehicle #0 = 1, leaving at = 614.0
   Vehicle #1 = 13, leaving at = 634.0
   Increment on distance indicator: 28.0
   Increment on tard indicator:     0.0
   Value of tmax indicator:         28.0

Task for patient = 55 with skills = {2,5} and cost = 33.3
   Vehicle #0 = 0, leaving at = 522.0
   Vehicle #1 = 10, leaving at = 528.0
   Increment on distance indicator: 32.0
   Increment on tard indicator:     0.0
   Value of tmax indicator:         32.0

Task for patient = 47 with skills = {2,-1} and cost = 22.7
   Vehicle #0 = 2, leaving at = 646.0
   Vehicle #1 = -1, leaving at = inf
   Increment on distance indicator: 9.0
   Increment on tard indicator:     0.0
   Value of tmax indicator:         9.0

Task for patient = 66 with skills = {3,-1} and cost = 19.7
   Vehicle #0 = 12, leaving at = 667.0
   Vehicle #1 = -1, leaving at = inf
   Increment on distance indicator: 43.0
   Increment on tard indicator:     0.0
   Value of tmax indicator:         43.0

Task for patient = 8 with skills = {1,-1} and cost = 5.3
   Vehicle #0 = 2, leaving at = 535.0
   Vehicle #1 = -1, leaving at = inf
   Increment on distance indicator: 16.0
   Increment on tard indicator:     0.0
   Value of tmax indicator:         16.0

Task for patient = 91 with skills = {1,-1} and cost = 79.3
   Vehicle #0 = 5, leaving at = 622.0
   Vehicle #1 = -1, leaving at = inf
   Increment on distance indicator: 17.0
   Increment on tard indicator:     0.0
   Value of tmax indicator:         17.0

Task for patient = 94 with skills = {0,-1} and cost = 245.3
   Vehicle #0 = 4, leaving at = 693.0
   Vehicle #1 = -1, leaving at = inf
   Increment on distance indicator: 15.0
   Increment on tard indicator:     0.0
   Value of tmax indicator:         15.0

Task for patient = 12 with skills = {5,-1} and cost = 240.3
   Vehicle #0 = 12, leaving at = 813.0
   Vehicle #1 = -1, leaving at = inf
   Increment on distance indicator: 4.0
   Increment on tard indicator:     0.0
   Value of tmax indicator:         4.0

Task for patient = 71 with skills = {0,-1} and cost = 239.0
   Vehicle #0 = 1, leaving at = 876.0
   Vehicle #1 = -1, leaving at = inf
   Increment on distance indicator: 2.0
   Increment on tard indicator:     0.0
   Value of tmax indicator:         2.0

Task for patient = 7 with skills = {0,-1} and cost = 238.3
   Vehicle #0 = 5, leaving at = 887.0
   Vehicle #1 = -1, leaving at = inf
   Increment on distance indicator: 8.0
   Increment on tard indicator:     0.0
   Value of tmax indicator:         8.0

Task for patient = 39 with skills = {2,5} and cost = 235.7
   Vehicle #0 = 5, leaving at = 821.0
   Vehicle #1 = 11, leaving at = 792.0
   Increment on distance indicator: 14.0
   Increment on tard indicator:     0.0
   Value of tmax indicator:         14.0

Task for patient = 59 with skills = {0,5} and cost = 231.0
   Vehicle #0 = 7, leaving at = 760.0
   Vehicle #1 = 10, leaving at = 779.0
   Increment on distance indicator: 2.0
   Increment on tard indicator:     0.0
   Value of tmax indicator:         2.0

Task for patient = 28 with skills = {2,-1} and cost = 230.3
   Vehicle #0 = 2, leaving at = 762.0
   Vehicle #1 = -1, leaving at = inf
   Increment on distance indicator: 9.0
   Increment on tard indicator:     0.0
   Value of tmax indicator:         9.0

Task for patient = 69 with skills = {0,4} and cost = 227.3
   Vehicle #0 = 5, leaving at = 758.0
   Vehicle #1 = 16, leaving at = 763.0
   Increment on distance indicator: 22.0
   Increment on tard indicator:     0.0
   Value of tmax indicator:         22.0

Task for patient = 99 with skills = {5,-1} and cost = 220.0
   Vehicle #0 = 12, leaving at = 758.0
   Vehicle #1 = -1, leaving at = inf
   Increment on distance indicator: 10.0
   Increment on tard indicator:     0.0
   Value of tmax indicator:         10.0

Task for patient = 90 with skills = {5,-1} and cost = 216.7
   Vehicle #0 = 14, leaving at = 831.0
   Vehicle #1 = -1, leaving at = inf
   Increment on distance indicator: 8.0
   Increment on tard indicator:     0.0
   Value of tmax indicator:         8.0

Task for patient = 14 with skills = {2,5} and cost = 214.0
   Vehicle #0 = 2, leaving at = 709.0
   Vehicle #1 = 11, leaving at = 731.0
   Increment on distance indicator: 18.0
   Increment on tard indicator:     0.0
   Value of tmax indicator:         18.0

Task for patient = 36 with skills = {2,-1} and cost = 136.0
   Vehicle #0 = 7, leaving at = 594.0
   Vehicle #1 = -1, leaving at = inf
   Increment on distance indicator: 7.0
   Increment on tard indicator:     0.0
   Value of tmax indicator:         7.0

Task for patient = 78 with skills = {5,-1} and cost = 205.3
   Vehicle #0 = 14, leaving at = 764.0
   Vehicle #1 = -1, leaving at = inf
   Increment on distance indicator: 6.0
   Increment on tard indicator:     0.0
   Value of tmax indicator:         6.0

Task for patient = 45 with skills = {4,-1} and cost = 203.3
   Vehicle #0 = 17, leaving at = 600.0
   Vehicle #1 = -1, leaving at = inf
   Increment on distance indicator: 4.0
   Increment on tard indicator:     0.0
   Value of tmax indicator:         4.0

Task for patient = 80 with skills = {1,5} and cost = 202.0
   Vehicle #0 = 7, leaving at = 721.0
   Vehicle #1 = 10, leaving at = 745.0
   Increment on distance indicator: 22.0
   Increment on tard indicator:     0.0
   Value of tmax indicator:         22.0

Task for patient = 16 with skills = {0,-1} and cost = 194.7
   Vehicle #0 = 6, leaving at = 699.0
   Vehicle #1 = -1, leaving at = inf
   Increment on distance indicator: 6.0
   Increment on tard indicator:     0.0
   Value of tmax indicator:         6.0

Task for patient = 72 with skills = {1,4} and cost = 192.7
   Vehicle #0 = 6, leaving at = 559.0
   Vehicle #1 = 17, leaving at = 578.0
   Increment on distance indicator: 28.0
   Increment on tard indicator:     0.0
   Value of tmax indicator:         28.0

Task for patient = 11 with skills = {0,5} and cost = 183.3
   Vehicle #0 = 7, leaving at = 684.0
   Vehicle #1 = 10, leaving at = 685.0
   Increment on distance indicator: 76.0
   Increment on tard indicator:     0.0
   Value of tmax indicator:         76.0

Task for patient = 2 with skills = {0,4} and cost = 158.0
   Vehicle #0 = 1, leaving at = 816.0
   Vehicle #1 = 13, leaving at = 849.0
   Increment on distance indicator: 10.0
   Increment on tard indicator:     0.0
   Value of tmax indicator:         10.0

Task for patient = 19 with skills = {5,-1} and cost = 154.7
   Vehicle #0 = 15, leaving at = 748.0
   Vehicle #1 = -1, leaving at = inf
   Increment on distance indicator: 14.0
   Increment on tard indicator:     0.0
   Value of tmax indicator:         14.0

Task for patient = 79 with skills = {3,-1} and cost = 150.0
   Vehicle #0 = 19, leaving at = 706.0
   Vehicle #1 = -1, leaving at = inf
   Increment on distance indicator: 3.0
   Increment on tard indicator:     0.0
   Value of tmax indicator:         3.0

Task for patient = 9 with skills = {5,-1} and cost = 149.0
   Vehicle #0 = 10, leaving at = 597.0
   Vehicle #1 = -1, leaving at = inf
   Increment on distance indicator: 15.0
   Increment on tard indicator:     0.0
   Value of tmax indicator:         15.0

Task for patient = 4 with skills = {1,4} and cost = 144.0
   Vehicle #0 = 5, leaving at = 716.0
   Vehicle #1 = 16, leaving at = 708.0
   Increment on distance indicator: 18.0
   Increment on tard indicator:     0.0
   Value of tmax indicator:         18.0

Task for patient = 86 with skills = {0,-1} and cost = 138.0
   Vehicle #0 = 5, leaving at = 678.0
   Vehicle #1 = -1, leaving at = inf
   Increment on distance indicator: 6.0
   Increment on tard indicator:     0.0
   Value of tmax indicator:         6.0

Task for patient = 42 with skills = {3,-1} and cost = 208.0
   Vehicle #0 = 13, leaving at = 890.0
   Vehicle #1 = -1, leaving at = inf
   Increment on distance indicator: 8.0
   Increment on tard indicator:     0.0
   Value of tmax indicator:         8.0


Unused vehicle list: 8 (total = 1 out of 20)

---
Search finished.
Total of 448 generations in 0.9 seconds.
Exchange elite runs: 0
Implicit path relinking runs: 4
Reset attempts: 1

Best solution found:
   Cost: 495.3
   Total travel time: 1481.0
   Total tardiness time: 4.0
   Largest tardiness: 1.0


495.3
