#######################################
### Exact MIP solver for the HHCRSP ###
#######################################
-- Instance file: new-instances/HHCRSP_100_20_85_1.6_C_C.txt
-- Max threads: 4
-- Time limit: 999999 seconds
-- Use initial solution: No
Trivial flow violations prevented generating 45207 variables.
Model exported.
Version identifier: 20.1.0.0 | 2020-11-10 | 9bedb6d68
CPXPARAM_Threads                                 4
CPXPARAM_TimeLimit                               999999
Parallel mode: deterministic, using up to 4 threads for concurrent optimization:
 * Starting dual Simplex on 1 thread...
 * Starting Barrier on 3 threads...
Tried aggregator 1 time.
LP Presolve eliminated 4884 rows and 1092 columns.
Reduced LP has 42212 rows, 40717 columns, and 449132 nonzeros.
Presolve time = 0.25 sec. (120.22 ticks)
Symmetry aggregator did 39102 additional substitutions.

Iteration log . . .
Iteration:     1   Dual objective     =             0.000000
Iteration:   487   Dual objective     =           140.666667

Dual crossover.
  Dual:  Fixing 285 variables.
      284 DMoves:  Infeasibility  8.83182509e-14  Objective  1.42000000e+02
        0 DMoves:  Infeasibility  1.06377879e-13  Objective  1.42000000e+02
  Dual:  Pushed 5, exchanged 280.
  Primal:  Fixing 92 variables.
       91 PMoves:  Infeasibility  8.32667268e-16  Objective  1.42000000e+02
        0 PMoves:  Infeasibility  1.36923892e-15  Objective  1.42000000e+02
  Primal:  Pushed 49, exchanged 43.

Dual simplex solved model.


Solution status from MIP model:
-- Processing time: 0.424 sec.
-- Memory used: 97.8457 MB
-- Best bound: inf
-- Obj value: 142
-- Gap: inf%
-- Total distance: 426
-- Total tardiness: 0
-- Largest tardiness: 0
