#######################################
### Exact MIP solver for the HHCRSP ###
#######################################
-- Instance file: new-instances/HHCRSP_100_20_85_1.2_C_RC.txt
-- Max threads: 4
-- Time limit: 999999 seconds
-- Use initial solution: No
Trivial flow violations prevented generating 45921 variables.
Model exported.
Version identifier: 20.1.0.0 | 2020-11-10 | 9bedb6d68
CPXPARAM_Threads                                 4
CPXPARAM_TimeLimit                               999999
Parallel mode: deterministic, using up to 4 threads for concurrent optimization:
 * Starting dual Simplex on 1 thread...
 * Starting Barrier on 3 threads...
Tried aggregator 1 time.
LP Presolve eliminated 5082 rows and 1109 columns.
Reduced LP has 45178 rows, 43352 columns, and 501715 nonzeros.
Presolve time = 0.27 sec. (131.98 ticks)
Symmetry aggregator did 42890 additional substitutions.

Iteration log . . .
Iteration:     1   Dual objective     =             0.000000
Iteration:   479   Dual objective     =           197.500000

Dual crossover.
  Dual:  Fixing 277 variables.
      276 DMoves:  Infeasibility  7.51141313e-14  Objective  1.98000000e+02
        0 DMoves:  Infeasibility  5.19659813e-14  Objective  1.98000000e+02
  Dual:  Pushed 20, exchanged 257.
  Primal:  Fixing 89 variables.
       88 PMoves:  Infeasibility  7.21644966e-16  Objective  1.98000000e+02
        0 PMoves:  Infeasibility  9.43689571e-16  Objective  1.98000000e+02
  Primal:  Pushed 46, exchanged 43.

Dual simplex solved model.


Solution status from MIP model:
-- Processing time: 0.43 sec.
-- Memory used: 99.7607 MB
-- Best bound: inf
-- Obj value: 198
-- Gap: inf%
-- Total distance: 594
-- Total tardiness: 0
-- Largest tardiness: 0
