--- BRKGA-MP-IPR for HHCRSP ---
Instance: new-instances/HHCRSP_10_3_35_1.6_R_C.txt
Seed: 1

Reading data... Problem contains 10 patients  and 3 caregivers.

Summary of supply x demand for each service type:
Skill 0 has supply = 1 and demand = 2, ratio = 0.5
Skill 1 has supply = 1 and demand = 1, ratio = 1
Skill 2 has supply = 1 and demand = 4, ratio = 0.25
Skill 3 has supply = 1 and demand = 0, ratio = inf
Skill 4 has supply = 1 and demand = 0, ratio = inf
Skill 5 has supply = 2 and demand = 7, ratio = 0.285714

Reading parameters...
Inferred distance function by PR type: kendall-tau
Building BRKGA data and initializing...
Evolving 448 generations...

  Gens  Rem    Local   ElDiv NoImpr             Best solution            Time  Op
                                       Cost     Dist    Tard    TMax 
*    0  448   136.67  135.71      0   136.67   359.00    28.0    23.0     0.0    
*    2  446   116.33   77.35      0   116.33   316.00    15.0    15.0     0.0    
*    3  445   115.33   51.81      0   115.33   316.00    15.0    15.0     0.0    
*    5  443   104.67   23.01      0   104.67   291.00     0.0     0.0     0.0    
*    6  442    97.00   16.52      0    97.00   290.00     0.0     0.0     0.0    
*    7  441    96.67    8.08      0    96.67   275.00     0.0     0.0     0.0    
*    8  440    91.67    6.19      0    91.67   269.00     0.0     0.0     0.0    
*    9  439    89.67    5.47      0    89.67   269.00     0.0     0.0     0.0    
    50  398    89.67    0.00     41    89.67   269.00     0.0     0.0     0.0    
    76  372      inf  155.27      0    89.67   269.00     0.0     0.0     0.1   R
    77  371   128.67  119.01      0    89.67   269.00     0.0     0.0     0.1    
Path relinking result: too homogeneous.
    96  352    89.67    0.00      9    89.67   269.00     0.0     0.0     0.1   P
   100  348    89.67    0.00     12    89.67   269.00     0.0     0.0     0.1    
   150  298    89.67    0.00     62    89.67   269.00     0.0     0.0     0.1    
   155  293      inf  159.19      0    89.67   269.00     0.0     0.0     0.1   R

  Gens  Rem    Local   ElDiv NoImpr             Best solution            Time  Op
                                       Cost     Dist    Tard    TMax 
   156  292   169.67   96.28      0    89.67   269.00     0.0     0.0     0.1    
Path relinking result: too homogeneous.
   192  256    89.67    0.00     26    89.67   269.00     0.0     0.0     0.1   P
   200  248    89.67    0.00     33    89.67   269.00     0.0     0.0     0.2    
   234  214      inf  149.80      0    89.67   269.00     0.0     0.0     0.2   R
   235  213   118.00  110.62      0    89.67   269.00     0.0     0.0     0.2    
   250  198    89.67    0.00      5    89.67   269.00     0.0     0.0     0.2    
Path relinking result: too homogeneous.
   288  160    89.67    0.00     44    89.67   269.00     0.0     0.0     0.2   P
   300  148    89.67    0.00     55    89.67   269.00     0.0     0.0     0.2    
   312  136      inf  149.18      0    89.67   269.00     0.0     0.0     0.2   R
   313  135    95.67  119.03      0    89.67   269.00     0.0     0.0     0.2    
   350   98    89.67    0.00     30    89.67   269.00     0.0     0.0     0.3    
Path relinking result: too homogeneous.
   384   64    89.67    0.00     65    89.67   269.00     0.0     0.0     0.3   P
   387   61      inf  129.78      0    89.67   269.00     0.0     0.0     0.3   R
   388   60   241.00   93.11      0    89.67   269.00     0.0     0.0     0.3    
   400   48    89.67    3.32      4    89.67   269.00     0.0     0.0     0.3    
   448    0    89.67    0.00     52    89.67   269.00     0.0     0.0     0.3    
Evolutionary process finished.
Solution written to 'solution-35772.txt'.

Sorted sequence of worst to best tardiness value:
Task for patient = 7 with skills = {2,5} and cost = 0.0
   Vehicle #0 = 0, leaving at = 532.0
   Vehicle #1 = 1, leaving at = 540.0
   Increment on distance indicator: 0.0
   Increment on tard indicator:     0.0
   Value of tmax indicator:         0.0

Task for patient = 9 with skills = {0,-1} and cost = 7.3
   Vehicle #0 = 0, leaving at = 588.0
   Vehicle #1 = -1, leaving at = inf
   Increment on distance indicator: 22.0
   Increment on tard indicator:     0.0
   Value of tmax indicator:         22.0

Task for patient = 1 with skills = {5,-1} and cost = 18.0
   Vehicle #0 = 1, leaving at = 647.0
   Vehicle #1 = -1, leaving at = inf
   Increment on distance indicator: 32.0
   Increment on tard indicator:     0.0
   Value of tmax indicator:         32.0

Task for patient = 3 with skills = {2,5} and cost = 25.0
   Vehicle #0 = 0, leaving at = 709.0
   Vehicle #1 = 1, leaving at = 732.0
   Increment on distance indicator: 21.0
   Increment on tard indicator:     0.0
   Value of tmax indicator:         21.0

Task for patient = 5 with skills = {5,-1} and cost = 30.7
   Vehicle #0 = 1, leaving at = 774.0
   Vehicle #1 = -1, leaving at = inf
   Increment on distance indicator: 17.0
   Increment on tard indicator:     0.0
   Value of tmax indicator:         17.0

Task for patient = 10 with skills = {0,-1} and cost = 42.7
   Vehicle #0 = 0, leaving at = 794.0
   Vehicle #1 = -1, leaving at = inf
   Increment on distance indicator: 36.0
   Increment on tard indicator:     0.0
   Value of tmax indicator:         36.0

Task for patient = 8 with skills = {5,-1} and cost = 48.7
   Vehicle #0 = 1, leaving at = 852.0
   Vehicle #1 = -1, leaving at = inf
   Increment on distance indicator: 18.0
   Increment on tard indicator:     0.0
   Value of tmax indicator:         18.0

Task for patient = 4 with skills = {1,-1} and cost = 56.7
   Vehicle #0 = 0, leaving at = 872.0
   Vehicle #1 = -1, leaving at = inf
   Increment on distance indicator: 24.0
   Increment on tard indicator:     0.0
   Value of tmax indicator:         24.0

Task for patient = 6 with skills = {2,5} and cost = 69.0
   Vehicle #0 = 0, leaving at = 930.0
   Vehicle #1 = 1, leaving at = 933.0
   Increment on distance indicator: 37.0
   Increment on tard indicator:     0.0
   Value of tmax indicator:         37.0

Task for patient = 2 with skills = {2,5} and cost = 75.7
   Vehicle #0 = 0, leaving at = 983.0
   Vehicle #1 = 1, leaving at = 984.0
   Increment on distance indicator: 20.0
   Increment on tard indicator:     0.0
   Value of tmax indicator:         20.0


Unused vehicle list: 2 (total = 1 out of 3)

---
Search finished.
Total of 448 generations in 0.3 seconds.
Exchange elite runs: 0
Implicit path relinking runs: 4
Reset attempts: 5

Best solution found:
   Cost: 89.7
   Total travel time: 269.0
   Total tardiness time: 0.0
   Largest tardiness: 0.0


89.7
