--- BRKGA-MP-IPR for HHCRSP ---
Instance: new-instances/HHCRSP_10_3_76_0.4_R_RC.txt
Seed: 1

Reading data... Problem contains 10 patients  and 3 caregivers.

Summary of supply x demand for each service type:
Skill 0 has supply = 1 and demand = 1, ratio = 1
Skill 1 has supply = 1 and demand = 3, ratio = 0.333333
Skill 2 has supply = 1 and demand = 3, ratio = 0.333333
Skill 3 has supply = 1 and demand = 4, ratio = 0.25
Skill 4 has supply = 1 and demand = 1, ratio = 1
Skill 5 has supply = 1 and demand = 2, ratio = 0.5

Reading parameters...
Inferred distance function by PR type: kendall-tau
Building BRKGA data and initializing...
Evolving 448 generations...

  Gens  Rem    Local   ElDiv NoImpr             Best solution            Time  Op
                                       Cost     Dist    Tard    TMax 
*    0  448   218.67  129.05      0   218.67   450.00   149.0    57.0     0.0    
*    4  444   193.00   43.44      0   193.00   381.00    80.0    40.0     0.0    
*    5  443   167.00   36.80      0   167.00   390.00    25.0    19.0     0.0    
*    6  442   144.67   31.53      0   144.67   390.00    25.0    19.0     0.0    
    50  398   144.67    0.00     44   144.67   390.00    25.0    19.0     0.0    
    73  375      inf  190.06      0   144.67   390.00    25.0    19.0     0.1   R
    74  374   236.00  142.44      0   144.67   390.00    25.0    19.0     0.1    
Path relinking result: too homogeneous.
    96  352   144.67    0.00     17   144.67   390.00    25.0    19.0     0.1   P
   100  348   144.67    0.00     20   144.67   390.00    25.0    19.0     0.1    
   147  301      inf  197.41      0   144.67   390.00    25.0    19.0     0.1   R
   148  300   171.67  139.62      0   144.67   390.00    25.0    19.0     0.1    
   150  298   168.67  106.47      0   144.67   390.00    25.0    19.0     0.1    
Path relinking result: too homogeneous.
   192  256   144.67    0.00     37   144.67   390.00    25.0    19.0     0.1   P
   200  248   144.67    0.00     44   144.67   390.00    25.0    19.0     0.2    
   223  225      inf  174.69      0   144.67   390.00    25.0    19.0     0.2   R

  Gens  Rem    Local   ElDiv NoImpr             Best solution            Time  Op
                                       Cost     Dist    Tard    TMax 
   224  224   322.00  123.24      0   144.67   390.00    25.0    19.0     0.2    
   250  198   144.67    0.00     19   144.67   390.00    25.0    19.0     0.2    
Path relinking result: too homogeneous.
   288  160   144.67    0.00     58   144.67   390.00    25.0    19.0     0.2   P
   298  150      inf  175.03      0   144.67   390.00    25.0    19.0     0.2   R
   299  149   300.33  123.22      0   144.67   390.00    25.0    19.0     0.2    
   300  148   300.33   85.82      1   144.67   390.00    25.0    19.0     0.2    
   350   98   144.67    0.00     42   144.67   390.00    25.0    19.0     0.3    
   375   73      inf  198.01      0   144.67   390.00    25.0    19.0     0.3   R
   376   72   318.33  155.98      0   144.67   390.00    25.0    19.0     0.3    
Path relinking result: too homogeneous.
   384   64   144.67   13.81      3   144.67   390.00    25.0    19.0     0.3   P
   400   48   144.67    0.00     18   144.67   390.00    25.0    19.0     0.3    
   448    0   144.67    0.00     66   144.67   390.00    25.0    19.0     0.3    
Evolutionary process finished.
Solution written to 'solution-46624.txt'.

Sorted sequence of worst to best tardiness value:
Task for patient = 8 with skills = {3,-1} and cost = 122.7
   Vehicle #0 = 1, leaving at = 1114.0
   Vehicle #1 = -1, leaving at = inf
   Increment on distance indicator: 39.0
   Increment on tard indicator:     19.0
   Value of tmax indicator:         39.0

Task for patient = 4 with skills = {1,4} and cost = 98.0
   Vehicle #0 = 0, leaving at = 1059.0
   Vehicle #1 = 1, leaving at = 1035.0
   Increment on distance indicator: 84.0
   Increment on tard indicator:     6.0
   Value of tmax indicator:         84.0

Task for patient = 7 with skills = {3,-1} and cost = 12.3
   Vehicle #0 = 1, leaving at = 557.0
   Vehicle #1 = -1, leaving at = inf
   Increment on distance indicator: 37.0
   Increment on tard indicator:     0.0
   Value of tmax indicator:         37.0

Task for patient = 9 with skills = {2,5} and cost = 15.0
   Vehicle #0 = 0, leaving at = 543.0
   Vehicle #1 = 2, leaving at = 561.0
   Increment on distance indicator: 8.0
   Increment on tard indicator:     0.0
   Value of tmax indicator:         8.0

Task for patient = 6 with skills = {0,-1} and cost = 26.0
   Vehicle #0 = 0, leaving at = 631.0
   Vehicle #1 = -1, leaving at = inf
   Increment on distance indicator: 33.0
   Increment on tard indicator:     0.0
   Value of tmax indicator:         33.0

Task for patient = 5 with skills = {1,-1} and cost = 31.7
   Vehicle #0 = 0, leaving at = 664.0
   Vehicle #1 = -1, leaving at = inf
   Increment on distance indicator: 17.0
   Increment on tard indicator:     0.0
   Value of tmax indicator:         17.0

Task for patient = 3 with skills = {1,-1} and cost = 46.3
   Vehicle #0 = 0, leaving at = 761.0
   Vehicle #1 = -1, leaving at = inf
   Increment on distance indicator: 44.0
   Increment on tard indicator:     0.0
   Value of tmax indicator:         44.0

Task for patient = 10 with skills = {2,3} and cost = 59.7
   Vehicle #0 = 0, leaving at = 895.0
   Vehicle #1 = 1, leaving at = 906.0
   Increment on distance indicator: 40.0
   Increment on tard indicator:     0.0
   Value of tmax indicator:         40.0

Task for patient = 2 with skills = {2,3} and cost = 67.0
   Vehicle #0 = 0, leaving at = 976.0
   Vehicle #1 = 1, leaving at = 965.0
   Increment on distance indicator: 22.0
   Increment on tard indicator:     0.0
   Value of tmax indicator:         22.0

Task for patient = 1 with skills = {5,-1} and cost = 125.7
   Vehicle #0 = 2, leaving at = 709.0
   Vehicle #1 = -1, leaving at = inf
   Increment on distance indicator: 9.0
   Increment on tard indicator:     0.0
   Value of tmax indicator:         9.0


Unused vehicle list: (total = 0 out of 3)

---
Search finished.
Total of 448 generations in 0.3 seconds.
Exchange elite runs: 0
Implicit path relinking runs: 4
Reset attempts: 5

Best solution found:
   Cost: 144.7
   Total travel time: 390.0
   Total tardiness time: 25.0
   Largest tardiness: 19.0


144.7
