--- BRKGA-MP-IPR for HHCRSP ---
Instance: new-instances/HHCRSP_10_3_79_1.0_C_C.txt
Seed: 1

Reading data... Problem contains 10 patients  and 3 caregivers.

Summary of supply x demand for each service type:
Skill 0 has supply = 1 and demand = 1, ratio = 1
Skill 1 has supply = 1 and demand = 0, ratio = inf
Skill 2 has supply = 1 and demand = 4, ratio = 0.25
Skill 3 has supply = 2 and demand = 4, ratio = 0.5
Skill 4 has supply = 1 and demand = 5, ratio = 0.2
Skill 5 has supply = 2 and demand = 0, ratio = inf

Reading parameters...
Inferred distance function by PR type: kendall-tau
Building BRKGA data and initializing...
Evolving 448 generations...

  Gens  Rem    Local   ElDiv NoImpr             Best solution            Time  Op
                                       Cost     Dist    Tard    TMax 
*    0  448   105.33  128.67      0   105.33   291.00    16.0     9.0     0.0    
*    5  443    97.33   28.09      0    97.33   292.00     0.0     0.0     0.0    
*   11  437    93.33    3.20      0    93.33   280.00     0.0     0.0     0.0    
    50  398    93.33    0.00     39    93.33   280.00     0.0     0.0     0.0    
    78  370      inf  144.93      0    93.33   280.00     0.0     0.0     0.1   R
    79  369   237.33   97.46      0    93.33   280.00     0.0     0.0     0.1    
Path relinking result: too homogeneous.
    96  352    93.33    0.00     10    93.33   280.00     0.0     0.0     0.1   P
   100  348    93.33    0.00     13    93.33   280.00     0.0     0.0     0.1    
   150  298    93.33    0.00     63    93.33   280.00     0.0     0.0     0.1    
   154  294      inf  133.03      0    93.33   280.00     0.0     0.0     0.1   R
   155  293   166.00  107.43      0    93.33   280.00     0.0     0.0     0.1    
Path relinking result: too homogeneous.
   192  256    93.33    0.00     29    93.33   280.00     0.0     0.0     0.1   P
   200  248    93.33    0.00     36    93.33   280.00     0.0     0.0     0.2    
   231  217      inf  120.02      0    93.33   280.00     0.0     0.0     0.2   R
   232  216   209.00   80.48      0    93.33   280.00     0.0     0.0     0.2    

  Gens  Rem    Local   ElDiv NoImpr             Best solution            Time  Op
                                       Cost     Dist    Tard    TMax 
   250  198    93.33    1.97      8    93.33   280.00     0.0     0.0     0.2    
Path relinking result: too homogeneous.
   288  160    93.33    0.00     47    93.33   280.00     0.0     0.0     0.2   P
   300  148    93.33    0.00     58    93.33   280.00     0.0     0.0     0.2    
   309  139      inf  137.09      0    93.33   280.00     0.0     0.0     0.2   R
   310  138   100.67   98.53      0    93.33   280.00     0.0     0.0     0.2    
   350   98    93.33    0.00     34    93.33   280.00     0.0     0.0     0.3    
   383   65      inf  136.29      0    93.33   280.00     0.0     0.0     0.3   R
   384   64   148.67   93.99      0    93.33   280.00     0.0     0.0     0.3    
Path relinking result: too homogeneous.
   384   64   148.67   93.99      1    93.33   280.00     0.0     0.0     0.3   P
   400   48    93.33    0.00     10    93.33   280.00     0.0     0.0     0.3    
   448    0    93.33    0.00     58    93.33   280.00     0.0     0.0     0.3    
Evolutionary process finished.
Solution written to 'solution-47420.txt'.

Sorted sequence of worst to best tardiness value:
Task for patient = 3 with skills = {4,-1} and cost = 0.0
   Vehicle #0 = 1, leaving at = 563.0
   Vehicle #1 = -1, leaving at = inf
   Increment on distance indicator: 0.0
   Increment on tard indicator:     0.0
   Value of tmax indicator:         0.0

Task for patient = 1 with skills = {0,4} and cost = 12.0
   Vehicle #0 = 0, leaving at = 662.0
   Vehicle #1 = 1, leaving at = 704.0
   Increment on distance indicator: 36.0
   Increment on tard indicator:     0.0
   Value of tmax indicator:         36.0

Task for patient = 7 with skills = {2,4} and cost = 30.7
   Vehicle #0 = 0, leaving at = 788.0
   Vehicle #1 = 1, leaving at = 791.0
   Increment on distance indicator: 56.0
   Increment on tard indicator:     0.0
   Value of tmax indicator:         56.0

Task for patient = 9 with skills = {2,4} and cost = 44.0
   Vehicle #0 = 0, leaving at = 829.0
   Vehicle #1 = 1, leaving at = 851.0
   Increment on distance indicator: 40.0
   Increment on tard indicator:     0.0
   Value of tmax indicator:         40.0

Task for patient = 2 with skills = {3,-1} and cost = 50.3
   Vehicle #0 = 2, leaving at = 902.0
   Vehicle #1 = -1, leaving at = inf
   Increment on distance indicator: 19.0
   Increment on tard indicator:     0.0
   Value of tmax indicator:         19.0

Task for patient = 4 with skills = {2,-1} and cost = 56.7
   Vehicle #0 = 0, leaving at = 908.0
   Vehicle #1 = -1, leaving at = inf
   Increment on distance indicator: 19.0
   Increment on tard indicator:     0.0
   Value of tmax indicator:         19.0

Task for patient = 10 with skills = {4,-1} and cost = 66.0
   Vehicle #0 = 1, leaving at = 928.0
   Vehicle #1 = -1, leaving at = inf
   Increment on distance indicator: 28.0
   Increment on tard indicator:     0.0
   Value of tmax indicator:         28.0

Task for patient = 8 with skills = {3,-1} and cost = 68.0
   Vehicle #0 = 1, leaving at = 993.0
   Vehicle #1 = -1, leaving at = inf
   Increment on distance indicator: 6.0
   Increment on tard indicator:     0.0
   Value of tmax indicator:         6.0

Task for patient = 6 with skills = {2,3} and cost = 76.0
   Vehicle #0 = 0, leaving at = 1058.0
   Vehicle #1 = 1, leaving at = 1030.0
   Increment on distance indicator: 24.0
   Increment on tard indicator:     0.0
   Value of tmax indicator:         24.0

Task for patient = 5 with skills = {3,-1} and cost = 78.0
   Vehicle #0 = 1, leaving at = 1088.0
   Vehicle #1 = -1, leaving at = inf
   Increment on distance indicator: 6.0
   Increment on tard indicator:     0.0
   Value of tmax indicator:         6.0


Unused vehicle list: (total = 0 out of 3)

---
Search finished.
Total of 448 generations in 0.3 seconds.
Exchange elite runs: 0
Implicit path relinking runs: 4
Reset attempts: 5

Best solution found:
   Cost: 93.3
   Total travel time: 280.0
   Total tardiness time: 0.0
   Largest tardiness: 0.0


93.3
