--- BRKGA-MP-IPR for HHCRSP ---
Instance: new-instances/HHCRSP_10_3_24_1.6_R_C.txt
Seed: 1

Reading data... Problem contains 10 patients  and 3 caregivers.

Summary of supply x demand for each service type:
Skill 0 has supply = 1 and demand = 3, ratio = 0.333333
Skill 1 has supply = 1 and demand = 3, ratio = 0.333333
Skill 2 has supply = 1 and demand = 1, ratio = 1
Skill 3 has supply = 1 and demand = 0, ratio = inf
Skill 4 has supply = 2 and demand = 4, ratio = 0.5
Skill 5 has supply = 2 and demand = 3, ratio = 0.666667

Reading parameters...
Inferred distance function by PR type: kendall-tau
Building BRKGA data and initializing...
Evolving 448 generations...

  Gens  Rem    Local   ElDiv NoImpr             Best solution            Time  Op
                                       Cost     Dist    Tard    TMax 
*    0  448   269.33   84.21      0   269.33   379.00   287.0   142.0     0.0    
*    2  446   150.33   49.10      0   150.33   327.00    62.0    62.0     0.0    
*    5  443   121.33   27.67      0   121.33   330.00    12.0     7.0     0.0    
*    6  442   116.33   19.78      0   116.33   330.00    12.0     7.0     0.0    
    50  398   116.33    0.00     44   116.33   330.00    12.0     7.0     0.0    
    73  375      inf  119.24      0   116.33   330.00    12.0     7.0     0.1   R
    74  374   153.33  100.00      0   116.33   330.00    12.0     7.0     0.1    
Path relinking result: too homogeneous.
    96  352   116.33    0.00     13   116.33   330.00    12.0     7.0     0.1   P
   100  348   116.33    0.00     16   116.33   330.00    12.0     7.0     0.1    
   150  298   116.33    0.00     66   116.33   330.00    12.0     7.0     0.1    
   151  297      inf  119.13      0   116.33   330.00    12.0     7.0     0.1   R
   152  296   200.67   90.33      0   116.33   330.00    12.0     7.0     0.1    
Path relinking result: too homogeneous.
   192  256   116.33    0.00     28   116.33   330.00    12.0     7.0     0.1   P
   200  248   116.33    0.00     35   116.33   330.00    12.0     7.0     0.2    
   232  216      inf  109.11      0   116.33   330.00    12.0     7.0     0.2   R

  Gens  Rem    Local   ElDiv NoImpr             Best solution            Time  Op
                                       Cost     Dist    Tard    TMax 
   233  215   179.00   75.93      0   116.33   330.00    12.0     7.0     0.2    
   250  198   116.33    0.00      7   116.33   330.00    12.0     7.0     0.2    
Path relinking result: too homogeneous.
   288  160   116.33    0.00     46   116.33   330.00    12.0     7.0     0.2   P
   300  148   116.33    0.00     57   116.33   330.00    12.0     7.0     0.2    
   310  138      inf  113.00      0   116.33   330.00    12.0     7.0     0.2   R
   311  137   150.67   94.53      0   116.33   330.00    12.0     7.0     0.2    
   350   98   116.33    0.00     28   116.33   330.00    12.0     7.0     0.3    
Path relinking result: too homogeneous.
   384   64   116.33    0.00     63   116.33   330.00    12.0     7.0     0.3   P
   389   59      inf  118.29      0   116.33   330.00    12.0     7.0     0.3   R
   390   58   215.67   99.59      0   116.33   330.00    12.0     7.0     0.3    
   400   48   118.33    7.34      4   116.33   330.00    12.0     7.0     0.3    
   448    0   116.33    0.00     44   116.33   330.00    12.0     7.0     0.3    
Evolutionary process finished.
Solution written to 'solution-32820.txt'.

Sorted sequence of worst to best tardiness value:
Task for patient = 3 with skills = {2,4} and cost = 93.7
   Vehicle #0 = 0, leaving at = 941.0
   Vehicle #1 = 1, leaving at = 991.0
   Increment on distance indicator: 26.0
   Increment on tard indicator:     7.0
   Value of tmax indicator:         26.0

Task for patient = 5 with skills = {4,-1} and cost = 105.0
   Vehicle #0 = 1, leaving at = 1068.0
   Vehicle #1 = -1, leaving at = inf
   Increment on distance indicator: 11.0
   Increment on tard indicator:     5.0
   Value of tmax indicator:         11.0

Task for patient = 1 with skills = {0,4} and cost = 8.7
   Vehicle #0 = 0, leaving at = 547.0
   Vehicle #1 = 1, leaving at = 600.0
   Increment on distance indicator: 26.0
   Increment on tard indicator:     0.0
   Value of tmax indicator:         26.0

Task for patient = 7 with skills = {0,5} and cost = 31.7
   Vehicle #0 = 0, leaving at = 656.0
   Vehicle #1 = 2, leaving at = 644.0
   Increment on distance indicator: 69.0
   Increment on tard indicator:     0.0
   Value of tmax indicator:         69.0

Task for patient = 10 with skills = {1,-1} and cost = 38.7
   Vehicle #0 = 0, leaving at = 724.0
   Vehicle #1 = -1, leaving at = inf
   Increment on distance indicator: 21.0
   Increment on tard indicator:     0.0
   Value of tmax indicator:         21.0

Task for patient = 2 with skills = {5,-1} and cost = 44.0
   Vehicle #0 = 1, leaving at = 889.0
   Vehicle #1 = -1, leaving at = inf
   Increment on distance indicator: 16.0
   Increment on tard indicator:     0.0
   Value of tmax indicator:         16.0

Task for patient = 8 with skills = {1,-1} and cost = 51.0
   Vehicle #0 = 0, leaving at = 797.0
   Vehicle #1 = -1, leaving at = inf
   Increment on distance indicator: 21.0
   Increment on tard indicator:     0.0
   Value of tmax indicator:         21.0

Task for patient = 6 with skills = {0,4} and cost = 70.0
   Vehicle #0 = 0, leaving at = 859.0
   Vehicle #1 = 2, leaving at = 868.0
   Increment on distance indicator: 57.0
   Increment on tard indicator:     0.0
   Value of tmax indicator:         57.0

Task for patient = 9 with skills = {1,-1} and cost = 80.3
   Vehicle #0 = 0, leaving at = 910.0
   Vehicle #1 = -1, leaving at = inf
   Increment on distance indicator: 31.0
   Increment on tard indicator:     0.0
   Value of tmax indicator:         31.0

Task for patient = 4 with skills = {5,-1} and cost = 99.7
   Vehicle #0 = 1, leaving at = 1024.0
   Vehicle #1 = -1, leaving at = inf
   Increment on distance indicator: 18.0
   Increment on tard indicator:     0.0
   Value of tmax indicator:         18.0


Unused vehicle list: (total = 0 out of 3)

---
Search finished.
Total of 448 generations in 0.3 seconds.
Exchange elite runs: 0
Implicit path relinking runs: 4
Reset attempts: 5

Best solution found:
   Cost: 116.3
   Total travel time: 330.0
   Total tardiness time: 12.0
   Largest tardiness: 7.0


116.3
