--- BRKGA-MP-IPR for HHCRSP ---
Instance: new-instances/HHCRSP_10_3_2_0.8_C_C.txt
Seed: 1

Reading data... Problem contains 10 patients  and 3 caregivers.

Summary of supply x demand for each service type:
Skill 0 has supply = 1 and demand = 2, ratio = 0.5
Skill 1 has supply = 1 and demand = 1, ratio = 1
Skill 2 has supply = 1 and demand = 5, ratio = 0.2
Skill 3 has supply = 2 and demand = 2, ratio = 1
Skill 4 has supply = 1 and demand = 1, ratio = 1
Skill 5 has supply = 2 and demand = 3, ratio = 0.666667

Reading parameters...
Inferred distance function by PR type: kendall-tau
Building BRKGA data and initializing...
Evolving 448 generations...

  Gens  Rem    Local   ElDiv NoImpr             Best solution            Time  Op
                                       Cost     Dist    Tard    TMax 
*    0  448   132.33  105.84      0   132.33   168.00   116.0   113.0     0.0    
*    2  446    57.67   54.91      0    57.67   173.00     0.0     0.0     0.0    
*    8  440    54.67    1.76      0    54.67   161.00     0.0     0.0     0.0    
*    9  439    53.67    1.70      0    53.67   161.00     0.0     0.0     0.0    
    50  398    53.67    0.00     41    53.67   161.00     0.0     0.0     0.0    
    76  372      inf  116.54      0    53.67   161.00     0.0     0.0     0.1   R
    77  371   108.67   99.76      0    53.67   161.00     0.0     0.0     0.1    
Path relinking result: too homogeneous.
    96  352    53.67    0.00      6    53.67   161.00     0.0     0.0     0.1   P
   100  348    53.67    0.00      9    53.67   161.00     0.0     0.0     0.1    
   150  298    53.67    0.00     59    53.67   161.00     0.0     0.0     0.1    
   158  290      inf  146.53      0    53.67   161.00     0.0     0.0     0.1   R
   159  289    98.00  107.53      0    53.67   161.00     0.0     0.0     0.1    
Path relinking result: too homogeneous.
   192  256    53.67    0.00     21    53.67   161.00     0.0     0.0     0.2   P
   200  248    53.67    0.00     28    53.67   161.00     0.0     0.0     0.2    
   239  209      inf  123.48      0    53.67   161.00     0.0     0.0     0.2   R

  Gens  Rem    Local   ElDiv NoImpr             Best solution            Time  Op
                                       Cost     Dist    Tard    TMax 
   240  208    74.33  110.01      0    53.67   161.00     0.0     0.0     0.2    
   250  198    55.67    1.34      0    53.67   161.00     0.0     0.0     0.2    
Path relinking result: too homogeneous.
   288  160    53.67    0.00     32    53.67   161.00     0.0     0.0     0.2   P
   300  148    53.67    0.00     43    53.67   161.00     0.0     0.0     0.3    
   324  124      inf  161.35      0    53.67   161.00     0.0     0.0     0.3   R
   325  123   152.67   91.96      0    53.67   161.00     0.0     0.0     0.3    
   350   98    53.67    0.00     15    53.67   161.00     0.0     0.0     0.3    
Path relinking result: too homogeneous.
   384   64    53.67    0.00     50    53.67   161.00     0.0     0.0     0.3   P
   400   48    53.67    0.00     65    53.67   161.00     0.0     0.0     0.3    
   402   46      inf  126.34      0    53.67   161.00     0.0     0.0     0.3   R
   403   45   187.00   97.53      0    53.67   161.00     0.0     0.0     0.3    
   448    0    53.67    0.00     34    53.67   161.00     0.0     0.0     0.4    
Evolutionary process finished.
Solution written to 'solution-31660.txt'.

Sorted sequence of worst to best tardiness value:
Task for patient = 2 with skills = {4,-1} and cost = 1.7
   Vehicle #0 = 1, leaving at = 684.0
   Vehicle #1 = -1, leaving at = inf
   Increment on distance indicator: 5.0
   Increment on tard indicator:     0.0
   Value of tmax indicator:         5.0

Task for patient = 4 with skills = {2,-1} and cost = 6.0
   Vehicle #0 = 0, leaving at = 532.0
   Vehicle #1 = -1, leaving at = inf
   Increment on distance indicator: 13.0
   Increment on tard indicator:     0.0
   Value of tmax indicator:         13.0

Task for patient = 6 with skills = {0,3} and cost = 11.3
   Vehicle #0 = 0, leaving at = 587.0
   Vehicle #1 = 2, leaving at = 584.0
   Increment on distance indicator: 16.0
   Increment on tard indicator:     0.0
   Value of tmax indicator:         16.0

Task for patient = 1 with skills = {2,3} and cost = 20.7
   Vehicle #0 = 0, leaving at = 724.0
   Vehicle #1 = 1, leaving at = 742.0
   Increment on distance indicator: 28.0
   Increment on tard indicator:     0.0
   Value of tmax indicator:         28.0

Task for patient = 7 with skills = {2,5} and cost = 27.3
   Vehicle #0 = 0, leaving at = 791.0
   Vehicle #1 = 2, leaving at = 794.0
   Increment on distance indicator: 20.0
   Increment on tard indicator:     0.0
   Value of tmax indicator:         20.0

Task for patient = 9 with skills = {2,-1} and cost = 30.3
   Vehicle #0 = 0, leaving at = 839.0
   Vehicle #1 = -1, leaving at = inf
   Increment on distance indicator: 9.0
   Increment on tard indicator:     0.0
   Value of tmax indicator:         9.0

Task for patient = 10 with skills = {5,-1} and cost = 33.7
   Vehicle #0 = 2, leaving at = 874.0
   Vehicle #1 = -1, leaving at = inf
   Increment on distance indicator: 10.0
   Increment on tard indicator:     0.0
   Value of tmax indicator:         10.0

Task for patient = 5 with skills = {0,5} and cost = 39.3
   Vehicle #0 = 0, leaving at = 880.0
   Vehicle #1 = 2, leaving at = 939.0
   Increment on distance indicator: 17.0
   Increment on tard indicator:     0.0
   Value of tmax indicator:         17.0

Task for patient = 3 with skills = {2,-1} and cost = 43.3
   Vehicle #0 = 0, leaving at = 933.0
   Vehicle #1 = -1, leaving at = inf
   Increment on distance indicator: 12.0
   Increment on tard indicator:     0.0
   Value of tmax indicator:         12.0

Task for patient = 8 with skills = {1,-1} and cost = 46.3
   Vehicle #0 = 0, leaving at = 983.0
   Vehicle #1 = -1, leaving at = inf
   Increment on distance indicator: 9.0
   Increment on tard indicator:     0.0
   Value of tmax indicator:         9.0


Unused vehicle list: (total = 0 out of 3)

---
Search finished.
Total of 448 generations in 0.4 seconds.
Exchange elite runs: 0
Implicit path relinking runs: 4
Reset attempts: 5

Best solution found:
   Cost: 53.7
   Total travel time: 161.0
   Total tardiness time: 0.0
   Largest tardiness: 0.0


53.7
