--- BRKGA-MP-IPR for HHCRSP ---
Instance: new-instances/HHCRSP_10_3_58_1.0_R_RC.txt
Seed: 1

Reading data... Problem contains 10 patients  and 3 caregivers.

Summary of supply x demand for each service type:
Skill 0 has supply = 1 and demand = 2, ratio = 0.5
Skill 1 has supply = 1 and demand = 1, ratio = 1
Skill 2 has supply = 1 and demand = 5, ratio = 0.2
Skill 3 has supply = 2 and demand = 3, ratio = 0.666667
Skill 4 has supply = 1 and demand = 1, ratio = 1
Skill 5 has supply = 1 and demand = 2, ratio = 0.5

Reading parameters...
Inferred distance function by PR type: kendall-tau
Building BRKGA data and initializing...
Evolving 448 generations...

  Gens  Rem    Local   ElDiv NoImpr             Best solution            Time  Op
                                       Cost     Dist    Tard    TMax 
*    0  448   309.33  170.67      0   309.33   402.00   280.0   246.0     0.0    
*    2  446   265.00  106.21      0   265.00   386.00     8.0     8.0     0.0    
*    3  445   134.00   74.19      0   134.00   386.00     8.0     8.0     0.0    
*    5  443   118.67   58.79      0   118.67   356.00     0.0     0.0     0.0    
*    7  441   115.33   28.06      0   115.33   346.00     0.0     0.0     0.0    
*   11  437   114.67    3.44      0   114.67   344.00     0.0     0.0     0.0    
    50  398   114.67    0.00     39   114.67   344.00     0.0     0.0     0.0    
    78  370      inf  198.53      0   114.67   344.00     0.0     0.0     0.1   R
    79  369   226.00  170.88      0   114.67   344.00     0.0     0.0     0.1    
Path relinking result: too homogeneous.
    96  352   114.67    0.53     10   114.67   344.00     0.0     0.0     0.1   P
   100  348   114.67    0.00     13   114.67   344.00     0.0     0.0     0.1    
   150  298   114.67    0.00     63   114.67   344.00     0.0     0.0     0.1    
   154  294      inf  180.49      0   114.67   344.00     0.0     0.0     0.1   R
   155  293   243.33  178.28      0   114.67   344.00     0.0     0.0     0.1    
Path relinking result: too homogeneous.
   192  256   114.67    0.00     25   114.67   344.00     0.0     0.0     0.1   P

  Gens  Rem    Local   ElDiv NoImpr             Best solution            Time  Op
                                       Cost     Dist    Tard    TMax 
   200  248   114.67    0.00     32   114.67   344.00     0.0     0.0     0.2    
   235  213      inf  213.87      0   114.67   344.00     0.0     0.0     0.2   R
   236  212   135.67  158.42      0   114.67   344.00     0.0     0.0     0.2    
   250  198   114.67    0.60      4   114.67   344.00     0.0     0.0     0.2    
Path relinking result: too homogeneous.
   288  160   114.67    0.00     43   114.67   344.00     0.0     0.0     0.2   P
   300  148   114.67    0.00     54   114.67   344.00     0.0     0.0     0.2    
   313  135      inf  205.06      0   114.67   344.00     0.0     0.0     0.2   R
   314  134   292.33  148.01      0   114.67   344.00     0.0     0.0     0.2    
   350   98   114.67    0.08     21   114.67   344.00     0.0     0.0     0.3    
Path relinking result: too homogeneous.
   384   64   114.67    0.26     56   114.67   344.00     0.0     0.0     0.3   P
   396   52      inf  207.11      0   114.67   344.00     0.0     0.0     0.3   R
   397   51   322.67  157.23      0   114.67   344.00     0.0     0.0     0.3    
   400   48   191.00   54.63      1   114.67   344.00     0.0     0.0     0.3    
   448    0   114.67    0.00     42   114.67   344.00     0.0     0.0     0.4    
Evolutionary process finished.
Solution written to 'solution-41808.txt'.

Sorted sequence of worst to best tardiness value:
Task for patient = 7 with skills = {4,-1} and cost = 3.3
   Vehicle #0 = 1, leaving at = 539.0
   Vehicle #1 = -1, leaving at = inf
   Increment on distance indicator: 10.0
   Increment on tard indicator:     0.0
   Value of tmax indicator:         10.0

Task for patient = 5 with skills = {2,5} and cost = 9.0
   Vehicle #0 = 0, leaving at = 540.0
   Vehicle #1 = 1, leaving at = 604.0
   Increment on distance indicator: 17.0
   Increment on tard indicator:     0.0
   Value of tmax indicator:         17.0

Task for patient = 9 with skills = {0,3} and cost = 22.0
   Vehicle #0 = 0, leaving at = 594.0
   Vehicle #1 = 2, leaving at = 594.0
   Increment on distance indicator: 39.0
   Increment on tard indicator:     0.0
   Value of tmax indicator:         39.0

Task for patient = 6 with skills = {3,-1} and cost = 28.0
   Vehicle #0 = 1, leaving at = 661.0
   Vehicle #1 = -1, leaving at = inf
   Increment on distance indicator: 18.0
   Increment on tard indicator:     0.0
   Value of tmax indicator:         18.0

Task for patient = 4 with skills = {1,3} and cost = 52.7
   Vehicle #0 = 0, leaving at = 747.0
   Vehicle #1 = 1, leaving at = 735.0
   Increment on distance indicator: 74.0
   Increment on tard indicator:     0.0
   Value of tmax indicator:         74.0

Task for patient = 1 with skills = {2,5} and cost = 80.7
   Vehicle #0 = 0, leaving at = 844.0
   Vehicle #1 = 1, leaving at = 848.0
   Increment on distance indicator: 84.0
   Increment on tard indicator:     0.0
   Value of tmax indicator:         84.0

Task for patient = 10 with skills = {2,-1} and cost = 87.7
   Vehicle #0 = 0, leaving at = 918.0
   Vehicle #1 = -1, leaving at = inf
   Increment on distance indicator: 21.0
   Increment on tard indicator:     0.0
   Value of tmax indicator:         21.0

Task for patient = 8 with skills = {2,-1} and cost = 93.7
   Vehicle #0 = 0, leaving at = 957.0
   Vehicle #1 = -1, leaving at = inf
   Increment on distance indicator: 18.0
   Increment on tard indicator:     0.0
   Value of tmax indicator:         18.0

Task for patient = 3 with skills = {2,-1} and cost = 98.7
   Vehicle #0 = 0, leaving at = 994.0
   Vehicle #1 = -1, leaving at = inf
   Increment on distance indicator: 15.0
   Increment on tard indicator:     0.0
   Value of tmax indicator:         15.0

Task for patient = 2 with skills = {0,-1} and cost = 102.3
   Vehicle #0 = 0, leaving at = 1031.0
   Vehicle #1 = -1, leaving at = inf
   Increment on distance indicator: 11.0
   Increment on tard indicator:     0.0
   Value of tmax indicator:         11.0


Unused vehicle list: (total = 0 out of 3)

---
Search finished.
Total of 448 generations in 0.4 seconds.
Exchange elite runs: 0
Implicit path relinking runs: 4
Reset attempts: 5

Best solution found:
   Cost: 114.7
   Total travel time: 344.0
   Total tardiness time: 0.0
   Largest tardiness: 0.0


114.7
