--- BRKGA-MP-IPR for HHCRSP ---
Instance: new-instances/HHCRSP_10_3_61_1.2_C_C.txt
Seed: 1

Reading data... Problem contains 10 patients  and 3 caregivers.

Summary of supply x demand for each service type:
Skill 0 has supply = 1 and demand = 1, ratio = 1
Skill 1 has supply = 1 and demand = 3, ratio = 0.333333
Skill 2 has supply = 1 and demand = 3, ratio = 0.333333
Skill 3 has supply = 1 and demand = 1, ratio = 1
Skill 4 has supply = 2 and demand = 1, ratio = 2
Skill 5 has supply = 1 and demand = 5, ratio = 0.2

Reading parameters...
Inferred distance function by PR type: kendall-tau
Building BRKGA data and initializing...
Evolving 448 generations...

  Gens  Rem    Local   ElDiv NoImpr             Best solution            Time  Op
                                       Cost     Dist    Tard    TMax 
*    0  448   154.33  105.55      0   154.33   327.00    82.0    54.0     0.0    
*    3  445   134.67   42.64      0   134.67   316.00    54.0    34.0     0.0    
*    5  443   109.33   31.19      0   109.33   311.00     1.0     1.0     0.0    
*    6  442   104.33   20.26      0   104.33   311.00     1.0     1.0     0.0    
*    9  439   103.67   12.94      0   103.67   311.00     0.0     0.0     0.0    
*   12  436   103.33    2.82      0   103.33   310.00     0.0     0.0     0.0    
    50  398   103.33    0.00     38   103.33   310.00     0.0     0.0     0.0    
    79  369      inf  116.27      0   103.33   310.00     0.0     0.0     0.1   R
    80  368   192.33   86.29      0   103.33   310.00     0.0     0.0     0.1    
Path relinking result: too homogeneous.
    96  352   103.67    0.25      4   103.33   310.00     0.0     0.0     0.1   P
   100  348   103.33    0.41      1   103.33   310.00     0.0     0.0     0.1    
   150  298   103.33    0.00     51   103.33   310.00     0.0     0.0     0.1    
   166  282      inf  140.90      0   103.33   310.00     0.0     0.0     0.1   R
   167  281   192.67   94.46      0   103.33   310.00     0.0     0.0     0.1    
Path relinking result: too homogeneous.
   192  256   103.33    0.12     15   103.33   310.00     0.0     0.0     0.1   P

  Gens  Rem    Local   ElDiv NoImpr             Best solution            Time  Op
                                       Cost     Dist    Tard    TMax 
   200  248   103.33    0.00     22   103.33   310.00     0.0     0.0     0.2    
   245  203      inf  153.32      0   103.33   310.00     0.0     0.0     0.2   R
   246  202   129.33  119.02      0   103.33   310.00     0.0     0.0     0.2    
   250  198   112.00   39.13      0   103.33   310.00     0.0     0.0     0.2    
Path relinking result: too homogeneous.
   288  160   103.33    0.00     30   103.33   310.00     0.0     0.0     0.2   P
   300  148   103.33    0.00     41   103.33   310.00     0.0     0.0     0.2    
   326  122      inf  126.18      0   103.33   310.00     0.0     0.0     0.2   R
   327  121   154.33   96.32      0   103.33   310.00     0.0     0.0     0.2    
   350   98   103.33    0.00     12   103.33   310.00     0.0     0.0     0.3    
Path relinking result: too homogeneous.
   384   64   103.33    0.00     47   103.33   310.00     0.0     0.0     0.3   P
   400   48   103.33    0.00     62   103.33   310.00     0.0     0.0     0.3    
   405   43      inf  124.56      0   103.33   310.00     0.0     0.0     0.3   R
   406   42   218.67   89.65      0   103.33   310.00     0.0     0.0     0.3    
   448    0   103.33    0.00     34   103.33   310.00     0.0     0.0     0.3    
Evolutionary process finished.
Solution written to 'solution-42722.txt'.

Sorted sequence of worst to best tardiness value:
Task for patient = 7 with skills = {1,5} and cost = 14.0
   Vehicle #0 = 0, leaving at = 606.0
   Vehicle #1 = 2, leaving at = 631.0
   Increment on distance indicator: 42.0
   Increment on tard indicator:     0.0
   Value of tmax indicator:         42.0

Task for patient = 1 with skills = {5,-1} and cost = 28.0
   Vehicle #0 = 2, leaving at = 773.0
   Vehicle #1 = -1, leaving at = inf
   Increment on distance indicator: 42.0
   Increment on tard indicator:     0.0
   Value of tmax indicator:         42.0

Task for patient = 2 with skills = {1,4} and cost = 37.7
   Vehicle #0 = 0, leaving at = 645.0
   Vehicle #1 = 1, leaving at = 661.0
   Increment on distance indicator: 29.0
   Increment on tard indicator:     0.0
   Value of tmax indicator:         29.0

Task for patient = 4 with skills = {5,-1} and cost = 44.7
   Vehicle #0 = 2, leaving at = 840.0
   Vehicle #1 = -1, leaving at = inf
   Increment on distance indicator: 21.0
   Increment on tard indicator:     0.0
   Value of tmax indicator:         21.0

Task for patient = 3 with skills = {1,-1} and cost = 50.3
   Vehicle #0 = 0, leaving at = 712.0
   Vehicle #1 = -1, leaving at = inf
   Increment on distance indicator: 17.0
   Increment on tard indicator:     0.0
   Value of tmax indicator:         17.0

Task for patient = 10 with skills = {0,-1} and cost = 55.7
   Vehicle #0 = 0, leaving at = 772.0
   Vehicle #1 = -1, leaving at = inf
   Increment on distance indicator: 16.0
   Increment on tard indicator:     0.0
   Value of tmax indicator:         16.0

Task for patient = 5 with skills = {2,-1} and cost = 63.3
   Vehicle #0 = 0, leaving at = 852.0
   Vehicle #1 = -1, leaving at = inf
   Increment on distance indicator: 23.0
   Increment on tard indicator:     0.0
   Value of tmax indicator:         23.0

Task for patient = 6 with skills = {2,5} and cost = 78.0
   Vehicle #0 = 0, leaving at = 893.0
   Vehicle #1 = 2, leaving at = 935.0
   Increment on distance indicator: 44.0
   Increment on tard indicator:     0.0
   Value of tmax indicator:         44.0

Task for patient = 9 with skills = {5,-1} and cost = 82.3
   Vehicle #0 = 2, leaving at = 993.0
   Vehicle #1 = -1, leaving at = inf
   Increment on distance indicator: 13.0
   Increment on tard indicator:     0.0
   Value of tmax indicator:         13.0

Task for patient = 8 with skills = {2,3} and cost = 90.3
   Vehicle #0 = 0, leaving at = 927.0
   Vehicle #1 = 1, leaving at = 964.0
   Increment on distance indicator: 24.0
   Increment on tard indicator:     0.0
   Value of tmax indicator:         24.0


Unused vehicle list: (total = 0 out of 3)

---
Search finished.
Total of 448 generations in 0.3 seconds.
Exchange elite runs: 0
Implicit path relinking runs: 4
Reset attempts: 5

Best solution found:
   Cost: 103.3
   Total travel time: 310.0
   Total tardiness time: 0.0
   Largest tardiness: 0.0


103.3
