#######################################
### Exact MIP solver for the HHCRSP ###
#######################################
-- Instance file: new-instances/HHCRSP_10_3_3_1.6_R_RC.txt
-- Max threads: 4
-- Time limit: 999999 seconds
-- Use initial solution: No
Trivial flow violations prevented generating 86 variables.
Model exported.
Version identifier: 20.1.0.0 | 2020-11-10 | 9bedb6d68
CPXPARAM_Threads                                 4
CPXPARAM_TimeLimit                               999999
Tried aggregator 1 time.
LP Presolve eliminated 87 rows and 42 columns.
Aggregator did 4 substitutions.
Reduced LP has 143 rows, 135 columns, and 678 nonzeros.
Presolve time = 0.00 sec. (0.32 ticks)

Iteration log . . .
Iteration:     1   Dual objective     =             7.000000

Solution status from MIP model:
-- Processing time: 0.003 sec.
-- Memory used: 14.1592 MB
-- Best bound: inf
-- Obj value: 63.6919
-- Gap: inf%
-- Total distance: 191.076
-- Total tardiness: 0
-- Largest tardiness: 0
