--- BRKGA-MP-IPR for HHCRSP ---
Instance: new-instances/HHCRSP_300_60_80_0.4_C_C.txt
Seed: 1

Reading data... Problem contains 300 patients  and 60 caregivers.

Summary of supply x demand for each service type:
Skill 0 has supply = 21 and demand = 65, ratio = 0.323077
Skill 1 has supply = 22 and demand = 66, ratio = 0.333333
Skill 2 has supply = 18 and demand = 61, ratio = 0.295082
Skill 3 has supply = 18 and demand = 62, ratio = 0.290323
Skill 4 has supply = 24 and demand = 75, ratio = 0.32
Skill 5 has supply = 18 and demand = 61, ratio = 0.295082

Reading parameters...
Inferred distance function by PR type: kendall-tau
Building BRKGA data and initializing...
Evolving 448 generations...

  Gens  Rem    Local   ElDiv NoImpr             Best solution            Time  Op
                                       Cost     Dist    Tard    TMax 
*    0  448  6347.33  494.94      0  6347.33  5738.00 12886.0   418.0     0.0    
*    4  444  5677.00  428.75      0  5677.00  5782.00 10893.0   356.0     0.2    
*    7  441  5638.00  349.00      0  5638.00  5978.00  7300.0   342.0     0.4    
*    8  440  4540.00  325.54      0  4540.00  5978.00  7300.0   342.0     0.5    
*   12  436  4493.33  307.16      0  4493.33  5630.00  7161.0   310.0     0.7    
*   13  435  4367.00  282.18      0  4367.00  5724.00  5396.0   344.0     0.7    
*   14  434  3821.33  284.92      0  3821.33  5724.00  5396.0   344.0     0.8    
*   18  430  3455.67  186.16      0  3455.67  5643.00  4406.0   318.0     0.9    
*   20  428  3207.33  209.94      0  3207.33  5631.00  3619.0   276.0     1.0    
*   21  427  3175.33  239.52      0  3175.33  5441.00  1785.0   226.0     1.1    
*   22  426  2484.00  251.09      0  2484.00  5441.00  1785.0   226.0     1.1    
*   28  420  2403.67  136.41      0  2403.67  5399.00  1552.0   260.0     1.4    
*   31  417  2386.33  130.78      0  2386.33  5341.00  1560.0   213.0     1.5    
*   32  416  2371.33  119.80      0  2371.33  5305.00  1374.0   173.0     1.6    
*   33  415  2284.00  105.15      0  2284.00  5473.00  1141.0   217.0     1.6    

  Gens  Rem    Local   ElDiv NoImpr             Best solution            Time  Op
                                       Cost     Dist    Tard    TMax 
*   34  414  2277.00   97.50      0  2277.00  5364.00   985.0   132.0     1.6    
*   35  413  2160.33  110.09      0  2160.33  5231.00   275.0    62.0     1.7    
*   36  412  1856.00  104.83      0  1856.00  5231.00   275.0    62.0     1.7    
*   42  406  1830.33   82.41      0  1830.33  5125.00   203.0   106.0     2.0    
*   43  405  1811.33   74.79      0  1811.33  5125.00   203.0   106.0     2.1    
*   48  400  1778.67   49.82      0  1778.67  5250.00    29.0     7.0     2.3    
*   49  399  1762.00   50.59      0  1762.00  5250.00    29.0     7.0     2.3    
    50  398  1762.00   42.40      1  1762.00  5250.00    29.0     7.0     2.4    
*   51  397  1751.67   42.98      0  1751.67  4994.00   130.0    75.0     2.4    
*   52  396  1733.00   34.50      0  1733.00  4994.00   130.0    75.0     2.5    
*   55  393  1710.33   25.71      0  1710.33  5071.00    52.0     8.0     2.6    
*   59  389  1700.00   22.10      0  1700.00  4947.00   106.0    47.0     2.8    
*   61  387  1675.67   20.20      0  1675.67  4921.00    90.0    16.0     2.9    
*   63  385  1669.00   20.08      0  1669.00  4974.00    26.0     7.0     3.0    
*   71  377  1667.00   16.76      0  1667.00  4939.00    51.0    11.0     3.4    
*   74  374  1653.33   15.12      0  1653.33  4872.00    67.0    21.0     3.5    

  Gens  Rem    Local   ElDiv NoImpr             Best solution            Time  Op
                                       Cost     Dist    Tard    TMax 
*   79  369  1651.00   13.21      0  1651.00  4915.00     3.0     2.0     3.8    
*   80  368  1640.00   15.73      0  1640.00  4773.00    34.0    11.0     3.8    
*   81  367  1606.00   14.92      0  1606.00  4773.00    34.0    11.0     3.9    
Path relinking result: too homogeneous.
    96  352  1587.33   14.91      0  1606.00  4773.00    34.0    11.0     4.6   P
*   97  351  1587.33   14.97      0  1587.33  4705.00    43.0    14.0     4.6    
   100  348  1587.33   13.93      3  1587.33  4705.00    43.0    14.0     4.8    
*  115  333  1574.33   11.37      0  1574.33  4690.00    27.0     6.0     5.5    
*  121  327  1574.00   10.29      0  1574.00  4692.00    22.0     4.0     5.8    
*  122  326  1572.67    9.96      0  1572.67  4692.00    22.0     4.0     5.8    
*  130  318  1560.00    7.85      0  1560.00  4669.00     8.0     3.0     6.2    
*  135  313  1558.67    8.04      0  1558.67  4663.00    11.0     2.0     6.4    
*  138  310  1554.00    9.88      0  1554.00  4612.00     9.0     4.0     6.6    
*  139  309  1541.67   10.46      0  1541.67  4612.00     9.0     4.0     6.6    
*  141  307  1541.00   10.25      0  1541.00  4565.00    34.0    24.0     6.7    
   150  298  1541.00    7.33      9  1541.00  4565.00    34.0    24.0     7.2    
*  152  296  1536.67    7.59      0  1536.67  4589.00    16.0     5.0     7.3    

  Gens  Rem    Local   ElDiv NoImpr             Best solution            Time  Op
                                       Cost     Dist    Tard    TMax 
*  155  293  1531.00    8.25      0  1531.00  4547.00    38.0     8.0     7.4    
*  159  289  1528.67    8.39      0  1528.67  4563.00    19.0     4.0     7.6    
*  164  284  1520.00    9.06      0  1520.00  4517.00    22.0     7.0     7.8    
*  165  283  1515.33    9.04      0  1515.33  4517.00    22.0     7.0     7.9    
*  170  278  1513.00   12.31      0  1513.00  4425.00    10.0     2.0     8.1    
*  171  277  1479.00   14.13      0  1479.00  4425.00    10.0     2.0     8.1    
Path relinking result: too homogeneous.
   192  256  1479.00   11.45     22  1479.00  4425.00    10.0     2.0     9.2   P
   200  248  1479.00    9.46     29  1479.00  4425.00    10.0     2.0     9.5    
*  224  224  1477.00    8.36      0  1477.00  4395.00    26.0    10.0    10.7    
*  234  214  1472.00    8.56      0  1472.00  4410.00     4.0     2.0    11.2    
*  243  205  1471.33    8.85      0  1471.33  4410.00     3.0     1.0    11.6    
   250  198  1471.33    8.10      7  1471.33  4410.00     3.0     1.0    11.9    
*  254  194  1469.00    9.70      0  1469.00  4367.00     2.0     1.0    12.1    
*  255  193  1456.67   10.70      0  1456.67  4311.00     7.0     2.0    12.1    
*  256  192  1440.00   10.54      0  1440.00  4311.00     7.0     2.0    12.2    
*  283  165  1434.67   10.17      0  1434.67  4266.00     6.0     2.0    13.4    

  Gens  Rem    Local   ElDiv NoImpr             Best solution            Time  Op
                                       Cost     Dist    Tard    TMax 
*  284  164  1424.67   10.00      0  1424.67  4266.00     6.0     2.0    13.5    
Path relinking result: too homogeneous.
   288  160  1424.67    9.48      5  1424.67  4266.00     6.0     2.0    13.7   P
   300  148  1424.67    7.37     16  1424.67  4266.00     6.0     2.0    14.3    
*  303  145  1412.33    8.22      0  1412.33  4206.00    24.0     7.0    14.4    
*  307  141  1410.67    9.44      0  1410.67  4211.00    16.0     5.0    14.6    
*  333  115  1403.00    6.94      0  1403.00  4187.00    17.0     5.0    15.9    
*  338  110  1398.33    6.18      0  1398.33  4183.00    10.0     2.0    16.1    
*  348  100  1397.33    6.44      0  1397.33  4165.00     8.0     3.0    16.6    
*  349   99  1392.00    6.38      0  1392.00  4165.00     8.0     3.0    16.6    
   350   98  1392.00    6.03      1  1392.00  4165.00     8.0     3.0    16.7    
*  365   83  1386.00    4.52      0  1386.00  4151.00     5.0     2.0    17.5    
*  370   78  1384.67    4.00      0  1384.67  4145.00     7.0     2.0    17.7    
*  377   71  1384.00    3.66      0  1384.00  4143.00     7.0     2.0    18.0    
*  380   68  1381.00    3.72      0  1381.00  4136.00     5.0     2.0    18.2    
*  383   65  1379.67    4.26      0  1379.67  4127.00     8.0     2.0    18.3    
*  384   64  1379.00    4.36      0  1379.00  4127.00     8.0     2.0    18.4    
Path relinking result: too homogeneous.

  Gens  Rem    Local   ElDiv NoImpr             Best solution            Time  Op
                                       Cost     Dist    Tard    TMax 
   384   64  1379.00    4.36      1  1379.00  4127.00     8.0     2.0    18.4   P
*  386   62  1377.00    4.52      0  1377.00  4121.00     8.0     2.0    18.4    
*  389   59  1374.00    3.78      0  1374.00  4112.00     8.0     2.0    18.6    
*  393   55  1373.00    2.87      0  1373.00  4109.00     8.0     2.0    18.8    
*  395   53  1370.33    2.67      0  1370.33  4099.00    10.0     2.0    18.9    
   400   48  1370.33    1.44      5  1370.33  4099.00    10.0     2.0    19.1    
*  413   35  1367.33    0.59      0  1367.33  4090.00    10.0     2.0    19.8    
*  416   32  1366.67    0.77      0  1366.67  4088.00    10.0     2.0    19.9    
*  440    8  1363.67    0.39      0  1363.67  4079.00    10.0     2.0    21.1    
   448    0  1363.67    0.95      8  1363.67  4079.00    10.0     2.0    21.4    
Evolutionary process finished.
Solution written to 'solution-29087.txt'.

Sorted sequence of worst to best tardiness value:
Task for patient = 261 with skills = {1,4} and cost = 650.0
   Vehicle #0 = 16, leaving at = 816.0
   Vehicle #1 = 40, leaving at = 834.0
   Increment on distance indicator: 10.0
   Increment on tard indicator:     2.0
   Value of tmax indicator:         10.0

Task for patient = 22 with skills = {1,4} and cost = 100.3
   Vehicle #0 = 9, leaving at = 647.0
   Vehicle #1 = 31, leaving at = 660.0
   Increment on distance indicator: 30.0
   Increment on tard indicator:     2.0
   Value of tmax indicator:         30.0

Task for patient = 234 with skills = {0,5} and cost = 867.3
   Vehicle #0 = 13, leaving at = 1032.0
   Vehicle #1 = 54, leaving at = 1006.0
   Increment on distance indicator: 14.0
   Increment on tard indicator:     2.0
   Value of tmax indicator:         14.0

Task for patient = 163 with skills = {0,-1} and cost = 433.0
   Vehicle #0 = 16, leaving at = 694.0
   Vehicle #1 = -1, leaving at = inf
   Increment on distance indicator: 4.0
   Increment on tard indicator:     1.0
   Value of tmax indicator:         4.0

Task for patient = 85 with skills = {5,-1} and cost = 239.3
   Vehicle #0 = 34, leaving at = 762.0
   Vehicle #1 = -1, leaving at = inf
   Increment on distance indicator: 3.0
   Increment on tard indicator:     1.0
   Value of tmax indicator:         3.0

Task for patient = 283 with skills = {5,-1} and cost = 314.7
   Vehicle #0 = 39, leaving at = 710.0
   Vehicle #1 = -1, leaving at = inf
   Increment on distance indicator: 5.0
   Increment on tard indicator:     1.0
   Value of tmax indicator:         5.0

Task for patient = 172 with skills = {3,-1} and cost = 769.7
   Vehicle #0 = 32, leaving at = 1033.0
   Vehicle #1 = -1, leaving at = inf
   Increment on distance indicator: 4.0
   Increment on tard indicator:     1.0
   Value of tmax indicator:         4.0

Task for patient = 250 with skills = {0,4} and cost = 756.7
   Vehicle #0 = 23, leaving at = 865.0
   Vehicle #1 = 30, leaving at = 909.0
   Increment on distance indicator: 4.0
   Increment on tard indicator:     0.0
   Value of tmax indicator:         4.0

Task for patient = 169 with skills = {3,-1} and cost = 755.3
   Vehicle #0 = 39, leaving at = 868.0
   Vehicle #1 = -1, leaving at = inf
   Increment on distance indicator: 6.0
   Increment on tard indicator:     0.0
   Value of tmax indicator:         6.0

Task for patient = 120 with skills = {0,-1} and cost = 753.3
   Vehicle #0 = 25, leaving at = 709.0
   Vehicle #1 = -1, leaving at = inf
   Increment on distance indicator: 10.0
   Increment on tard indicator:     0.0
   Value of tmax indicator:         10.0

Task for patient = 292 with skills = {2,-1} and cost = 750.0
   Vehicle #0 = 19, leaving at = 934.0
   Vehicle #1 = -1, leaving at = inf
   Increment on distance indicator: 3.0
   Increment on tard indicator:     0.0
   Value of tmax indicator:         3.0

Task for patient = 270 with skills = {4,-1} and cost = 749.0
   Vehicle #0 = 57, leaving at = 967.0
   Vehicle #1 = -1, leaving at = inf
   Increment on distance indicator: 6.0
   Increment on tard indicator:     0.0
   Value of tmax indicator:         6.0

Task for patient = 220 with skills = {5,-1} and cost = 757.7
   Vehicle #0 = 34, leaving at = 908.0
   Vehicle #1 = -1, leaving at = inf
   Increment on distance indicator: 3.0
   Increment on tard indicator:     0.0
   Value of tmax indicator:         3.0

Task for patient = 16 with skills = {3,-1} and cost = 745.3
   Vehicle #0 = 51, leaving at = 955.0
   Vehicle #1 = -1, leaving at = inf
   Increment on distance indicator: 4.0
   Increment on tard indicator:     0.0
   Value of tmax indicator:         4.0

Task for patient = 233 with skills = {0,-1} and cost = 744.0
   Vehicle #0 = 0, leaving at = 1004.0
   Vehicle #1 = -1, leaving at = inf
   Increment on distance indicator: 3.0
   Increment on tard indicator:     0.0
   Value of tmax indicator:         3.0

Task for patient = 295 with skills = {1,-1} and cost = 743.0
   Vehicle #0 = 14, leaving at = 804.0
   Vehicle #1 = -1, leaving at = inf
   Increment on distance indicator: 4.0
   Increment on tard indicator:     0.0
   Value of tmax indicator:         4.0

Task for patient = 206 with skills = {4,-1} and cost = 741.7
   Vehicle #0 = 32, leaving at = 1004.0
   Vehicle #1 = -1, leaving at = inf
   Increment on distance indicator: 4.0
   Increment on tard indicator:     0.0
   Value of tmax indicator:         4.0

Task for patient = 138 with skills = {0,-1} and cost = 740.3
   Vehicle #0 = 0, leaving at = 960.0
   Vehicle #1 = -1, leaving at = inf
   Increment on distance indicator: 5.0
   Increment on tard indicator:     0.0
   Value of tmax indicator:         5.0

Task for patient = 264 with skills = {1,5} and cost = 738.7
   Vehicle #0 = 15, leaving at = 879.0
   Vehicle #1 = 51, leaving at = 893.0
   Increment on distance indicator: 15.0
   Increment on tard indicator:     0.0
   Value of tmax indicator:         15.0

Task for patient = 89 with skills = {2,-1} and cost = 733.7
   Vehicle #0 = 6, leaving at = 910.0
   Vehicle #1 = -1, leaving at = inf
   Increment on distance indicator: 2.0
   Increment on tard indicator:     0.0
   Value of tmax indicator:         2.0

Task for patient = 145 with skills = {0,4} and cost = 733.0
   Vehicle #0 = 7, leaving at = 901.0
   Vehicle #1 = 43, leaving at = 907.0
   Increment on distance indicator: 9.0
   Increment on tard indicator:     0.0
   Value of tmax indicator:         9.0

Task for patient = 285 with skills = {5,-1} and cost = 747.0
   Vehicle #0 = 54, leaving at = 820.0
   Vehicle #1 = -1, leaving at = inf
   Increment on distance indicator: 5.0
   Increment on tard indicator:     0.0
   Value of tmax indicator:         5.0

Task for patient = 171 with skills = {4,-1} and cost = 794.0
   Vehicle #0 = 49, leaving at = 932.0
   Vehicle #1 = -1, leaving at = inf
   Increment on distance indicator: 4.0
   Increment on tard indicator:     0.0
   Value of tmax indicator:         4.0

Task for patient = 64 with skills = {2,-1} and cost = 792.7
   Vehicle #0 = 19, leaving at = 962.0
   Vehicle #1 = -1, leaving at = inf
   Increment on distance indicator: 5.0
   Increment on tard indicator:     0.0
   Value of tmax indicator:         5.0

Task for patient = 56 with skills = {2,-1} and cost = 791.0
   Vehicle #0 = 2, leaving at = 859.0
   Vehicle #1 = -1, leaving at = inf
   Increment on distance indicator: 6.0
   Increment on tard indicator:     0.0
   Value of tmax indicator:         6.0

Task for patient = 287 with skills = {4,-1} and cost = 789.0
   Vehicle #0 = 35, leaving at = 827.0
   Vehicle #1 = -1, leaving at = inf
   Increment on distance indicator: 7.0
   Increment on tard indicator:     0.0
   Value of tmax indicator:         7.0

Task for patient = 23 with skills = {2,5} and cost = 786.7
   Vehicle #0 = 5, leaving at = 882.0
   Vehicle #1 = 49, leaving at = 878.0
   Increment on distance indicator: 8.0
   Increment on tard indicator:     0.0
   Value of tmax indicator:         8.0

Task for patient = 151 with skills = {0,3} and cost = 784.0
   Vehicle #0 = 8, leaving at = 882.0
   Vehicle #1 = 59, leaving at = 849.0
   Increment on distance indicator: 8.0
   Increment on tard indicator:     0.0
   Value of tmax indicator:         8.0

Task for patient = 166 with skills = {0,-1} and cost = 781.3
   Vehicle #0 = 10, leaving at = 942.0
   Vehicle #1 = -1, leaving at = inf
   Increment on distance indicator: 6.0
   Increment on tard indicator:     0.0
   Value of tmax indicator:         6.0

Task for patient = 193 with skills = {1,-1} and cost = 779.3
   Vehicle #0 = 6, leaving at = 1032.0
   Vehicle #1 = -1, leaving at = inf
   Increment on distance indicator: 5.0
   Increment on tard indicator:     0.0
   Value of tmax indicator:         5.0

Task for patient = 211 with skills = {5,-1} and cost = 761.3
   Vehicle #0 = 44, leaving at = 933.0
   Vehicle #1 = -1, leaving at = inf
   Increment on distance indicator: 2.0
   Increment on tard indicator:     0.0
   Value of tmax indicator:         2.0

Task for patient = 12 with skills = {4,-1} and cost = 775.7
   Vehicle #0 = 38, leaving at = 774.0
   Vehicle #1 = -1, leaving at = inf
   Increment on distance indicator: 2.0
   Increment on tard indicator:     0.0
   Value of tmax indicator:         2.0

Task for patient = 11 with skills = {0,-1} and cost = 775.0
   Vehicle #0 = 8, leaving at = 825.0
   Vehicle #1 = -1, leaving at = inf
   Increment on distance indicator: 4.0
   Increment on tard indicator:     0.0
   Value of tmax indicator:         4.0

Task for patient = 184 with skills = {3,-1} and cost = 773.7
   Vehicle #0 = 42, leaving at = 840.0
   Vehicle #1 = -1, leaving at = inf
   Increment on distance indicator: 12.0
   Increment on tard indicator:     0.0
   Value of tmax indicator:         12.0

Task for patient = 202 with skills = {1,-1} and cost = 768.0
   Vehicle #0 = 1, leaving at = 950.0
   Vehicle #1 = -1, leaving at = inf
   Increment on distance indicator: 8.0
   Increment on tard indicator:     0.0
   Value of tmax indicator:         8.0

Task for patient = 284 with skills = {4,-1} and cost = 765.3
   Vehicle #0 = 46, leaving at = 734.0
   Vehicle #1 = -1, leaving at = inf
   Increment on distance indicator: 8.0
   Increment on tard indicator:     0.0
   Value of tmax indicator:         8.0

Task for patient = 65 with skills = {5,-1} and cost = 762.7
   Vehicle #0 = 30, leaving at = 973.0
   Vehicle #1 = -1, leaving at = inf
   Increment on distance indicator: 4.0
   Increment on tard indicator:     0.0
   Value of tmax indicator:         4.0

Task for patient = 115 with skills = {2,4} and cost = 730.0
   Vehicle #0 = 19, leaving at = 891.0
   Vehicle #1 = 44, leaving at = 898.0
   Increment on distance indicator: 6.0
   Increment on tard indicator:     0.0
   Value of tmax indicator:         6.0

Task for patient = 192 with skills = {0,3} and cost = 760.7
   Vehicle #0 = 8, leaving at = 781.0
   Vehicle #1 = 59, leaving at = 809.0
   Increment on distance indicator: 9.0
   Increment on tard indicator:     0.0
   Value of tmax indicator:         9.0

Task for patient = 125 with skills = {2,3} and cost = 777.7
   Vehicle #0 = 6, leaving at = 973.0
   Vehicle #1 = 40, leaving at = 967.0
   Increment on distance indicator: 6.0
   Increment on tard indicator:     0.0
   Value of tmax indicator:         6.0

Task for patient = 153 with skills = {3,-1} and cost = 682.3
   Vehicle #0 = 40, leaving at = 919.0
   Vehicle #1 = -1, leaving at = inf
   Increment on distance indicator: 2.0
   Increment on tard indicator:     0.0
   Value of tmax indicator:         2.0

Task for patient = 60 with skills = {3,-1} and cost = 681.7
   Vehicle #0 = 32, leaving at = 978.0
   Vehicle #1 = -1, leaving at = inf
   Increment on distance indicator: 8.0
   Increment on tard indicator:     0.0
   Value of tmax indicator:         8.0

Task for patient = 231 with skills = {2,-1} and cost = 679.0
   Vehicle #0 = 9, leaving at = 823.0
   Vehicle #1 = -1, leaving at = inf
   Increment on distance indicator: 10.0
   Increment on tard indicator:     0.0
   Value of tmax indicator:         10.0

Task for patient = 59 with skills = {2,5} and cost = 675.7
   Vehicle #0 = 4, leaving at = 917.0
   Vehicle #1 = 37, leaving at = 888.0
   Increment on distance indicator: 13.0
   Increment on tard indicator:     0.0
   Value of tmax indicator:         13.0

Task for patient = 46 with skills = {0,-1} and cost = 671.3
   Vehicle #0 = 15, leaving at = 841.0
   Vehicle #1 = -1, leaving at = inf
   Increment on distance indicator: 9.0
   Increment on tard indicator:     0.0
   Value of tmax indicator:         9.0

Task for patient = 209 with skills = {3,-1} and cost = 668.3
   Vehicle #0 = 58, leaving at = 839.0
   Vehicle #1 = -1, leaving at = inf
   Increment on distance indicator: 6.0
   Increment on tard indicator:     0.0
   Value of tmax indicator:         6.0

Task for patient = 112 with skills = {2,5} and cost = 666.3
   Vehicle #0 = 23, leaving at = 841.0
   Vehicle #1 = 30, leaving at = 839.0
   Increment on distance indicator: 8.0
   Increment on tard indicator:     0.0
   Value of tmax indicator:         8.0

Task for patient = 214 with skills = {4,-1} and cost = 663.7
   Vehicle #0 = 42, leaving at = 747.0
   Vehicle #1 = -1, leaving at = inf
   Increment on distance indicator: 6.0
   Increment on tard indicator:     0.0
   Value of tmax indicator:         6.0

Task for patient = 252 with skills = {2,5} and cost = 728.0
   Vehicle #0 = 18, leaving at = 876.0
   Vehicle #1 = 52, leaving at = 855.0
   Increment on distance indicator: 6.0
   Increment on tard indicator:     0.0
   Value of tmax indicator:         6.0

Task for patient = 259 with skills = {1,-1} and cost = 661.3
   Vehicle #0 = 20, leaving at = 659.0
   Vehicle #1 = -1, leaving at = inf
   Increment on distance indicator: 6.0
   Increment on tard indicator:     0.0
   Value of tmax indicator:         6.0

Task for patient = 235 with skills = {1,4} and cost = 659.3
   Vehicle #0 = 23, leaving at = 632.0
   Vehicle #1 = 46, leaving at = 644.0
   Increment on distance indicator: 11.0
   Increment on tard indicator:     0.0
   Value of tmax indicator:         11.0

Task for patient = 188 with skills = {2,-1} and cost = 655.7
   Vehicle #0 = 23, leaving at = 607.0
   Vehicle #1 = -1, leaving at = inf
   Increment on distance indicator: 10.0
   Increment on tard indicator:     0.0
   Value of tmax indicator:         10.0

Task for patient = 141 with skills = {2,3} and cost = 652.3
   Vehicle #0 = 6, leaving at = 892.0
   Vehicle #1 = 40, leaving at = 862.0
   Increment on distance indicator: 7.0
   Increment on tard indicator:     0.0
   Value of tmax indicator:         7.0

Task for patient = 213 with skills = {0,3} and cost = 646.0
   Vehicle #0 = 18, leaving at = 836.0
   Vehicle #1 = 52, leaving at = 834.0
   Increment on distance indicator: 6.0
   Increment on tard indicator:     0.0
   Value of tmax indicator:         6.0

Task for patient = 124 with skills = {1,-1} and cost = 644.0
   Vehicle #0 = 15, leaving at = 791.0
   Vehicle #1 = -1, leaving at = inf
   Increment on distance indicator: 5.0
   Increment on tard indicator:     0.0
   Value of tmax indicator:         5.0

Task for patient = 17 with skills = {5,-1} and cost = 642.3
   Vehicle #0 = 45, leaving at = 968.0
   Vehicle #1 = -1, leaving at = inf
   Increment on distance indicator: 3.0
   Increment on tard indicator:     0.0
   Value of tmax indicator:         3.0

Task for patient = 82 with skills = {4,-1} and cost = 641.3
   Vehicle #0 = 45, leaving at = 915.0
   Vehicle #1 = -1, leaving at = inf
   Increment on distance indicator: 2.0
   Increment on tard indicator:     0.0
   Value of tmax indicator:         2.0

Task for patient = 102 with skills = {4,-1} and cost = 640.7
   Vehicle #0 = 43, leaving at = 675.0
   Vehicle #1 = -1, leaving at = inf
   Increment on distance indicator: 12.0
   Increment on tard indicator:     0.0
   Value of tmax indicator:         12.0

Task for patient = 236 with skills = {1,-1} and cost = 661.7
   Vehicle #0 = 17, leaving at = 856.0
   Vehicle #1 = -1, leaving at = inf
   Increment on distance indicator: 1.0
   Increment on tard indicator:     0.0
   Value of tmax indicator:         1.0

Task for patient = 38 with skills = {0,-1} and cost = 795.7
   Vehicle #0 = 25, leaving at = 748.0
   Vehicle #1 = -1, leaving at = inf
   Increment on distance indicator: 5.0
   Increment on tard indicator:     0.0
   Value of tmax indicator:         5.0

Task for patient = 290 with skills = {2,-1} and cost = 726.0
   Vehicle #0 = 11, leaving at = 887.0
   Vehicle #1 = -1, leaving at = inf
   Increment on distance indicator: 3.0
   Increment on tard indicator:     0.0
   Value of tmax indicator:         3.0

Task for patient = 203 with skills = {4,-1} and cost = 725.0
   Vehicle #0 = 43, leaving at = 729.0
   Vehicle #1 = -1, leaving at = inf
   Increment on distance indicator: 5.0
   Increment on tard indicator:     0.0
   Value of tmax indicator:         5.0

Task for patient = 147 with skills = {5,-1} and cost = 723.3
   Vehicle #0 = 41, leaving at = 980.0
   Vehicle #1 = -1, leaving at = inf
   Increment on distance indicator: 6.0
   Increment on tard indicator:     0.0
   Value of tmax indicator:         6.0

Task for patient = 185 with skills = {5,-1} and cost = 721.3
   Vehicle #0 = 39, leaving at = 800.0
   Vehicle #1 = -1, leaving at = inf
   Increment on distance indicator: 6.0
   Increment on tard indicator:     0.0
   Value of tmax indicator:         6.0

Task for patient = 281 with skills = {1,5} and cost = 719.3
   Vehicle #0 = 20, leaving at = 737.0
   Vehicle #1 = 55, leaving at = 772.0
   Increment on distance indicator: 20.0
   Increment on tard indicator:     0.0
   Value of tmax indicator:         20.0

Task for patient = 8 with skills = {4,-1} and cost = 712.7
   Vehicle #0 = 33, leaving at = 877.0
   Vehicle #1 = -1, leaving at = inf
   Increment on distance indicator: 14.0
   Increment on tard indicator:     0.0
   Value of tmax indicator:         14.0

Task for patient = 254 with skills = {4,-1} and cost = 708.0
   Vehicle #0 = 42, leaving at = 780.0
   Vehicle #1 = -1, leaving at = inf
   Increment on distance indicator: 11.0
   Increment on tard indicator:     0.0
   Value of tmax indicator:         11.0

Task for patient = 274 with skills = {4,-1} and cost = 683.0
   Vehicle #0 = 45, leaving at = 1019.0
   Vehicle #1 = -1, leaving at = inf
   Increment on distance indicator: 2.0
   Increment on tard indicator:     0.0
   Value of tmax indicator:         2.0

Task for patient = 240 with skills = {2,-1} and cost = 699.0
   Vehicle #0 = 5, leaving at = 769.0
   Vehicle #1 = -1, leaving at = inf
   Increment on distance indicator: 4.0
   Increment on tard indicator:     0.0
   Value of tmax indicator:         4.0

Task for patient = 80 with skills = {4,-1} and cost = 697.7
   Vehicle #0 = 46, leaving at = 701.0
   Vehicle #1 = -1, leaving at = inf
   Increment on distance indicator: 8.0
   Increment on tard indicator:     0.0
   Value of tmax indicator:         8.0

Task for patient = 280 with skills = {1,-1} and cost = 695.0
   Vehicle #0 = 14, leaving at = 775.0
   Vehicle #1 = -1, leaving at = inf
   Increment on distance indicator: 1.0
   Increment on tard indicator:     0.0
   Value of tmax indicator:         1.0

Task for patient = 18 with skills = {1,5} and cost = 694.7
   Vehicle #0 = 19, leaving at = 806.0
   Vehicle #1 = 51, leaving at = 852.0
   Increment on distance indicator: 5.0
   Increment on tard indicator:     0.0
   Value of tmax indicator:         5.0

Task for patient = 237 with skills = {3,-1} and cost = 693.0
   Vehicle #0 = 41, leaving at = 936.0
   Vehicle #1 = -1, leaving at = inf
   Increment on distance indicator: 3.0
   Increment on tard indicator:     0.0
   Value of tmax indicator:         3.0

Task for patient = 117 with skills = {5,-1} and cost = 692.0
   Vehicle #0 = 58, leaving at = 905.0
   Vehicle #1 = -1, leaving at = inf
   Increment on distance indicator: 5.0
   Increment on tard indicator:     0.0
   Value of tmax indicator:         5.0

Task for patient = 106 with skills = {0,-1} and cost = 690.3
   Vehicle #0 = 19, leaving at = 749.0
   Vehicle #1 = -1, leaving at = inf
   Increment on distance indicator: 9.0
   Increment on tard indicator:     0.0
   Value of tmax indicator:         9.0

Task for patient = 199 with skills = {2,-1} and cost = 687.3
   Vehicle #0 = 22, leaving at = 845.0
   Vehicle #1 = -1, leaving at = inf
   Increment on distance indicator: 6.0
   Increment on tard indicator:     0.0
   Value of tmax indicator:         6.0

Task for patient = 109 with skills = {1,-1} and cost = 685.3
   Vehicle #0 = 14, leaving at = 748.0
   Vehicle #1 = -1, leaving at = inf
   Increment on distance indicator: 7.0
   Increment on tard indicator:     0.0
   Value of tmax indicator:         7.0

Task for patient = 224 with skills = {0,3} and cost = 704.3
   Vehicle #0 = 19, leaving at = 841.0
   Vehicle #1 = 44, leaving at = 867.0
   Increment on distance indicator: 16.0
   Increment on tard indicator:     0.0
   Value of tmax indicator:         16.0

Task for patient = 238 with skills = {4,-1} and cost = 948.0
   Vehicle #0 = 48, leaving at = 966.0
   Vehicle #1 = -1, leaving at = inf
   Increment on distance indicator: 5.0
   Increment on tard indicator:     0.0
   Value of tmax indicator:         5.0

Task for patient = 35 with skills = {4,-1} and cost = 946.3
   Vehicle #0 = 48, leaving at = 782.0
   Vehicle #1 = -1, leaving at = inf
   Increment on distance indicator: 14.0
   Increment on tard indicator:     0.0
   Value of tmax indicator:         14.0

Task for patient = 262 with skills = {1,3} and cost = 941.7
   Vehicle #0 = 16, leaving at = 893.0
   Vehicle #1 = 33, leaving at = 912.0
   Increment on distance indicator: 11.0
   Increment on tard indicator:     0.0
   Value of tmax indicator:         11.0

Task for patient = 229 with skills = {2,3} and cost = 938.0
   Vehicle #0 = 18, leaving at = 937.0
   Vehicle #1 = 50, leaving at = 950.0
   Increment on distance indicator: 13.0
   Increment on tard indicator:     0.0
   Value of tmax indicator:         13.0

Task for patient = 156 with skills = {5,-1} and cost = 933.7
   Vehicle #0 = 55, leaving at = 977.0
   Vehicle #1 = -1, leaving at = inf
   Increment on distance indicator: 3.0
   Increment on tard indicator:     0.0
   Value of tmax indicator:         3.0

Task for patient = 253 with skills = {5,-1} and cost = 932.7
   Vehicle #0 = 34, leaving at = 1051.0
   Vehicle #1 = -1, leaving at = inf
   Increment on distance indicator: 5.0
   Increment on tard indicator:     0.0
   Value of tmax indicator:         5.0

Task for patient = 118 with skills = {3,-1} and cost = 931.0
   Vehicle #0 = 41, leaving at = 1000.0
   Vehicle #1 = -1, leaving at = inf
   Increment on distance indicator: 1.0
   Increment on tard indicator:     0.0
   Value of tmax indicator:         1.0

Task for patient = 216 with skills = {1,-1} and cost = 930.7
   Vehicle #0 = 12, leaving at = 1034.0
   Vehicle #1 = -1, leaving at = inf
   Increment on distance indicator: 13.0
   Increment on tard indicator:     0.0
   Value of tmax indicator:         13.0

Task for patient = 19 with skills = {3,-1} and cost = 798.7
   Vehicle #0 = 40, leaving at = 1009.0
   Vehicle #1 = -1, leaving at = inf
   Increment on distance indicator: 6.0
   Increment on tard indicator:     0.0
   Value of tmax indicator:         6.0

Task for patient = 4 with skills = {2,4} and cost = 924.0
   Vehicle #0 = 23, leaving at = 986.0
   Vehicle #1 = 49, leaving at = 1006.0
   Increment on distance indicator: 8.0
   Increment on tard indicator:     0.0
   Value of tmax indicator:         8.0

Task for patient = 187 with skills = {4,-1} and cost = 921.3
   Vehicle #0 = 38, leaving at = 918.0
   Vehicle #1 = -1, leaving at = inf
   Increment on distance indicator: 3.0
   Increment on tard indicator:     0.0
   Value of tmax indicator:         3.0

Task for patient = 294 with skills = {2,3} and cost = 920.3
   Vehicle #0 = 24, leaving at = 987.0
   Vehicle #1 = 59, leaving at = 1004.0
   Increment on distance indicator: 6.0
   Increment on tard indicator:     0.0
   Value of tmax indicator:         6.0

Task for patient = 83 with skills = {2,-1} and cost = 918.3
   Vehicle #0 = 16, leaving at = 860.0
   Vehicle #1 = -1, leaving at = inf
   Increment on distance indicator: 8.0
   Increment on tard indicator:     0.0
   Value of tmax indicator:         8.0

Task for patient = 127 with skills = {0,5} and cost = 915.7
   Vehicle #0 = 10, leaving at = 1052.0
   Vehicle #1 = 52, leaving at = 1075.0
   Increment on distance indicator: 8.0
   Increment on tard indicator:     0.0
   Value of tmax indicator:         8.0

Task for patient = 21 with skills = {2,5} and cost = 913.0
   Vehicle #0 = 10, leaving at = 992.0
   Vehicle #1 = 52, leaving at = 1002.0
   Increment on distance indicator: 15.0
   Increment on tard indicator:     0.0
   Value of tmax indicator:         15.0

Task for patient = 177 with skills = {1,4} and cost = 908.0
   Vehicle #0 = 14, leaving at = 1025.0
   Vehicle #1 = 35, leaving at = 993.0
   Increment on distance indicator: 10.0
   Increment on tard indicator:     0.0
   Value of tmax indicator:         10.0

Task for patient = 159 with skills = {1,4} and cost = 904.7
   Vehicle #0 = 2, leaving at = 930.0
   Vehicle #1 = 52, leaving at = 937.0
   Increment on distance indicator: 16.0
   Increment on tard indicator:     0.0
   Value of tmax indicator:         16.0

Task for patient = 279 with skills = {0,-1} and cost = 926.3
   Vehicle #0 = 8, leaving at = 958.0
   Vehicle #1 = -1, leaving at = inf
   Increment on distance indicator: 7.0
   Increment on tard indicator:     0.0
   Value of tmax indicator:         7.0

Task for patient = 74 with skills = {0,-1} and cost = 1005.7
   Vehicle #0 = 23, leaving at = 1047.0
   Vehicle #1 = -1, leaving at = inf
   Increment on distance indicator: 6.0
   Increment on tard indicator:     0.0
   Value of tmax indicator:         6.0

Task for patient = 90 with skills = {1,4} and cost = 1003.7
   Vehicle #0 = 9, leaving at = 984.0
   Vehicle #1 = 46, leaving at = 979.0
   Increment on distance indicator: 22.0
   Increment on tard indicator:     0.0
   Value of tmax indicator:         22.0

Task for patient = 143 with skills = {0,-1} and cost = 996.3
   Vehicle #0 = 27, leaving at = 1026.0
   Vehicle #1 = -1, leaving at = inf
   Increment on distance indicator: 6.0
   Increment on tard indicator:     0.0
   Value of tmax indicator:         6.0

Task for patient = 212 with skills = {2,-1} and cost = 994.3
   Vehicle #0 = 8, leaving at = 1027.0
   Vehicle #1 = -1, leaving at = inf
   Increment on distance indicator: 9.0
   Increment on tard indicator:     0.0
   Value of tmax indicator:         9.0

Task for patient = 273 with skills = {2,-1} and cost = 991.3
   Vehicle #0 = 4, leaving at = 1036.0
   Vehicle #1 = -1, leaving at = inf
   Increment on distance indicator: 8.0
   Increment on tard indicator:     0.0
   Value of tmax indicator:         8.0

Task for patient = 116 with skills = {2,4} and cost = 988.7
   Vehicle #0 = 21, leaving at = 1040.0
   Vehicle #1 = 37, leaving at = 1037.0
   Increment on distance indicator: 18.0
   Increment on tard indicator:     0.0
   Value of tmax indicator:         18.0

Task for patient = 114 with skills = {2,-1} and cost = 982.7
   Vehicle #0 = 8, leaving at = 990.0
   Vehicle #1 = -1, leaving at = inf
   Increment on distance indicator: 4.0
   Increment on tard indicator:     0.0
   Value of tmax indicator:         4.0

Task for patient = 277 with skills = {1,4} and cost = 981.3
   Vehicle #0 = 24, leaving at = 1048.0
   Vehicle #1 = 34, leaving at = 1073.0
   Increment on distance indicator: 9.0
   Increment on tard indicator:     0.0
   Value of tmax indicator:         9.0

Task for patient = 176 with skills = {0,-1} and cost = 950.7
   Vehicle #0 = 21, leaving at = 909.0
   Vehicle #1 = -1, leaving at = inf
   Increment on distance indicator: 8.0
   Increment on tard indicator:     0.0
   Value of tmax indicator:         8.0

Task for patient = 296 with skills = {2,-1} and cost = 974.0
   Vehicle #0 = 10, leaving at = 1085.0
   Vehicle #1 = -1, leaving at = inf
   Increment on distance indicator: 4.0
   Increment on tard indicator:     0.0
   Value of tmax indicator:         4.0

Task for patient = 155 with skills = {1,4} and cost = 972.7
   Vehicle #0 = 26, leaving at = 889.0
   Vehicle #1 = 37, leaving at = 915.0
   Increment on distance indicator: 13.0
   Increment on tard indicator:     0.0
   Value of tmax indicator:         13.0

Task for patient = 3 with skills = {1,4} and cost = 968.3
   Vehicle #0 = 24, leaving at = 1012.0
   Vehicle #1 = 48, leaving at = 1048.0
   Increment on distance indicator: 7.0
   Increment on tard indicator:     0.0
   Value of tmax indicator:         7.0

Task for patient = 41 with skills = {0,5} and cost = 966.0
   Vehicle #0 = 18, leaving at = 1053.0
   Vehicle #1 = 35, leaving at = 1040.0
   Increment on distance indicator: 10.0
   Increment on tard indicator:     0.0
   Value of tmax indicator:         10.0

Task for patient = 45 with skills = {4,-1} and cost = 962.7
   Vehicle #0 = 42, leaving at = 934.0
   Vehicle #1 = -1, leaving at = inf
   Increment on distance indicator: 6.0
   Increment on tard indicator:     0.0
   Value of tmax indicator:         6.0

Task for patient = 293 with skills = {2,-1} and cost = 960.7
   Vehicle #0 = 2, leaving at = 997.0
   Vehicle #1 = -1, leaving at = inf
   Increment on distance indicator: 8.0
   Increment on tard indicator:     0.0
   Value of tmax indicator:         8.0

Task for patient = 113 with skills = {2,-1} and cost = 958.0
   Vehicle #0 = 9, leaving at = 917.0
   Vehicle #1 = -1, leaving at = inf
   Increment on distance indicator: 6.0
   Increment on tard indicator:     0.0
   Value of tmax indicator:         6.0

Task for patient = 122 with skills = {1,-1} and cost = 956.0
   Vehicle #0 = 18, leaving at = 968.0
   Vehicle #1 = -1, leaving at = inf
   Increment on distance indicator: 7.0
   Increment on tard indicator:     0.0
   Value of tmax indicator:         7.0

Task for patient = 189 with skills = {0,-1} and cost = 953.7
   Vehicle #0 = 29, leaving at = 771.0
   Vehicle #1 = -1, leaving at = inf
   Increment on distance indicator: 9.0
   Increment on tard indicator:     0.0
   Value of tmax indicator:         9.0

Task for patient = 244 with skills = {0,5} and cost = 978.3
   Vehicle #0 = 21, leaving at = 971.0
   Vehicle #1 = 37, leaving at = 963.0
   Increment on distance indicator: 13.0
   Increment on tard indicator:     0.0
   Value of tmax indicator:         13.0

Task for patient = 100 with skills = {2,5} and cost = 844.3
   Vehicle #0 = 13, leaving at = 970.0
   Vehicle #1 = 54, leaving at = 970.0
   Increment on distance indicator: 13.0
   Increment on tard indicator:     0.0
   Value of tmax indicator:         13.0

Task for patient = 39 with skills = {1,-1} and cost = 840.0
   Vehicle #0 = 15, leaving at = 1020.0
   Vehicle #1 = -1, leaving at = inf
   Increment on distance indicator: 4.0
   Increment on tard indicator:     0.0
   Value of tmax indicator:         4.0

Task for patient = 96 with skills = {0,-1} and cost = 838.7
   Vehicle #0 = 26, leaving at = 701.0
   Vehicle #1 = -1, leaving at = inf
   Increment on distance indicator: 11.0
   Increment on tard indicator:     0.0
   Value of tmax indicator:         11.0

Task for patient = 251 with skills = {1,-1} and cost = 835.0
   Vehicle #0 = 12, leaving at = 977.0
   Vehicle #1 = -1, leaving at = inf
   Increment on distance indicator: 12.0
   Increment on tard indicator:     0.0
   Value of tmax indicator:         12.0

Task for patient = 121 with skills = {2,-1} and cost = 831.0
   Vehicle #0 = 13, leaving at = 921.0
   Vehicle #1 = -1, leaving at = inf
   Increment on distance indicator: 5.0
   Increment on tard indicator:     0.0
   Value of tmax indicator:         5.0

Task for patient = 48 with skills = {4,-1} and cost = 829.3
   Vehicle #0 = 58, leaving at = 926.0
   Vehicle #1 = -1, leaving at = inf
   Increment on distance indicator: 3.0
   Increment on tard indicator:     0.0
   Value of tmax indicator:         3.0

Task for patient = 167 with skills = {0,-1} and cost = 828.3
   Vehicle #0 = 21, leaving at = 816.0
   Vehicle #1 = -1, leaving at = inf
   Increment on distance indicator: 16.0
   Increment on tard indicator:     0.0
   Value of tmax indicator:         16.0

Task for patient = 42 with skills = {2,4} and cost = 823.0
   Vehicle #0 = 13, leaving at = 901.0
   Vehicle #1 = 54, leaving at = 880.0
   Increment on distance indicator: 12.0
   Increment on tard indicator:     0.0
   Value of tmax indicator:         12.0

Task for patient = 142 with skills = {1,4} and cost = 899.3
   Vehicle #0 = 14, leaving at = 938.0
   Vehicle #1 = 35, leaving at = 967.0
   Increment on distance indicator: 12.0
   Increment on tard indicator:     0.0
   Value of tmax indicator:         12.0

Task for patient = 68 with skills = {1,3} and cost = 817.0
   Vehicle #0 = 15, leaving at = 994.0
   Vehicle #1 = 44, leaving at = 964.0
   Increment on distance indicator: 5.0
   Increment on tard indicator:     0.0
   Value of tmax indicator:         5.0

Task for patient = 128 with skills = {0,4} and cost = 815.3
   Vehicle #0 = 2, leaving at = 879.0
   Vehicle #1 = 52, leaving at = 896.0
   Increment on distance indicator: 9.0
   Increment on tard indicator:     0.0
   Value of tmax indicator:         9.0

Task for patient = 66 with skills = {1,-1} and cost = 812.3
   Vehicle #0 = 14, leaving at = 885.0
   Vehicle #1 = -1, leaving at = inf
   Increment on distance indicator: 4.0
   Increment on tard indicator:     0.0
   Value of tmax indicator:         4.0

Task for patient = 24 with skills = {5,-1} and cost = 811.0
   Vehicle #0 = 39, leaving at = 935.0
   Vehicle #1 = -1, leaving at = inf
   Increment on distance indicator: 16.0
   Increment on tard indicator:     0.0
   Value of tmax indicator:         16.0

Task for patient = 98 with skills = {2,5} and cost = 805.7
   Vehicle #0 = 23, leaving at = 953.0
   Vehicle #1 = 49, leaving at = 965.0
   Increment on distance indicator: 12.0
   Increment on tard indicator:     0.0
   Value of tmax indicator:         12.0

Task for patient = 62 with skills = {3,-1} and cost = 801.7
   Vehicle #0 = 55, leaving at = 831.0
   Vehicle #1 = -1, leaving at = inf
   Increment on distance indicator: 9.0
   Increment on tard indicator:     0.0
   Value of tmax indicator:         9.0

Task for patient = 2 with skills = {3,-1} and cost = 636.7
   Vehicle #0 = 40, leaving at = 771.0
   Vehicle #1 = -1, leaving at = inf
   Increment on distance indicator: 14.0
   Increment on tard indicator:     0.0
   Value of tmax indicator:         14.0

Task for patient = 40 with skills = {1,-1} and cost = 796.7
   Vehicle #0 = 1, leaving at = 977.0
   Vehicle #1 = -1, leaving at = inf
   Increment on distance indicator: 3.0
   Increment on tard indicator:     0.0
   Value of tmax indicator:         3.0

Task for patient = 5 with skills = {4,-1} and cost = 819.0
   Vehicle #0 = 40, leaving at = 1074.0
   Vehicle #1 = -1, leaving at = inf
   Increment on distance indicator: 6.0
   Increment on tard indicator:     0.0
   Value of tmax indicator:         6.0

Task for patient = 207 with skills = {1,4} and cost = 895.3
   Vehicle #0 = 19, leaving at = 1008.0
   Vehicle #1 = 44, leaving at = 1013.0
   Increment on distance indicator: 6.0
   Increment on tard indicator:     0.0
   Value of tmax indicator:         6.0

Task for patient = 88 with skills = {0,-1} and cost = 893.3
   Vehicle #0 = 15, leaving at = 1073.0
   Vehicle #1 = -1, leaving at = inf
   Increment on distance indicator: 7.0
   Increment on tard indicator:     0.0
   Value of tmax indicator:         7.0

Task for patient = 275 with skills = {2,-1} and cost = 891.0
   Vehicle #0 = 4, leaving at = 979.0
   Vehicle #1 = -1, leaving at = inf
   Increment on distance indicator: 7.0
   Increment on tard indicator:     0.0
   Value of tmax indicator:         7.0

Task for patient = 298 with skills = {3,-1} and cost = 888.7
   Vehicle #0 = 59, leaving at = 939.0
   Vehicle #1 = -1, leaving at = inf
   Increment on distance indicator: 4.0
   Increment on tard indicator:     0.0
   Value of tmax indicator:         4.0

Task for patient = 160 with skills = {2,-1} and cost = 887.3
   Vehicle #0 = 27, leaving at = 983.0
   Vehicle #1 = -1, leaving at = inf
   Increment on distance indicator: 8.0
   Increment on tard indicator:     0.0
   Value of tmax indicator:         8.0

Task for patient = 230 with skills = {2,-1} and cost = 884.7
   Vehicle #0 = 11, leaving at = 945.0
   Vehicle #1 = -1, leaving at = inf
   Increment on distance indicator: 7.0
   Increment on tard indicator:     0.0
   Value of tmax indicator:         7.0

Task for patient = 198 with skills = {1,4} and cost = 882.3
   Vehicle #0 = 28, leaving at = 740.0
   Vehicle #1 = 47, leaving at = 752.0
   Increment on distance indicator: 12.0
   Increment on tard indicator:     0.0
   Value of tmax indicator:         12.0

Task for patient = 6 with skills = {2,4} and cost = 878.3
   Vehicle #0 = 27, leaving at = 894.0
   Vehicle #1 = 42, leaving at = 871.0
   Increment on distance indicator: 16.0
   Increment on tard indicator:     0.0
   Value of tmax indicator:         16.0

Task for patient = 181 with skills = {0,-1} and cost = 846.7
   Vehicle #0 = 21, leaving at = 849.0
   Vehicle #1 = -1, leaving at = inf
   Increment on distance indicator: 7.0
   Increment on tard indicator:     0.0
   Value of tmax indicator:         7.0

Task for patient = 70 with skills = {3,-1} and cost = 871.7
   Vehicle #0 = 50, leaving at = 886.0
   Vehicle #1 = -1, leaving at = inf
   Increment on distance indicator: 5.0
   Increment on tard indicator:     0.0
   Value of tmax indicator:         5.0

Task for patient = 87 with skills = {4,-1} and cost = 870.0
   Vehicle #0 = 34, leaving at = 990.0
   Vehicle #1 = -1, leaving at = inf
   Increment on distance indicator: 1.0
   Increment on tard indicator:     0.0
   Value of tmax indicator:         1.0

Task for patient = 139 with skills = {0,-1} and cost = 869.7
   Vehicle #0 = 0, leaving at = 1033.0
   Vehicle #1 = -1, leaving at = inf
   Increment on distance indicator: 3.0
   Increment on tard indicator:     0.0
   Value of tmax indicator:         3.0

Task for patient = 239 with skills = {3,-1} and cost = 868.7
   Vehicle #0 = 54, leaving at = 1045.0
   Vehicle #1 = -1, leaving at = inf
   Increment on distance indicator: 4.0
   Increment on tard indicator:     0.0
   Value of tmax indicator:         4.0

Task for patient = 103 with skills = {1,4} and cost = 862.0
   Vehicle #0 = 24, leaving at = 953.0
   Vehicle #1 = 34, leaving at = 934.0
   Increment on distance indicator: 18.0
   Increment on tard indicator:     0.0
   Value of tmax indicator:         18.0

Task for patient = 10 with skills = {2,3} and cost = 856.0
   Vehicle #0 = 8, leaving at = 905.0
   Vehicle #1 = 59, leaving at = 918.0
   Increment on distance indicator: 12.0
   Increment on tard indicator:     0.0
   Value of tmax indicator:         12.0

Task for patient = 194 with skills = {1,-1} and cost = 852.0
   Vehicle #0 = 14, leaving at = 917.0
   Vehicle #1 = -1, leaving at = inf
   Increment on distance indicator: 9.0
   Increment on tard indicator:     0.0
   Value of tmax indicator:         9.0

Task for patient = 30 with skills = {2,3} and cost = 849.0
   Vehicle #0 = 22, leaving at = 980.0
   Vehicle #1 = 58, leaving at = 955.0
   Increment on distance indicator: 5.0
   Increment on tard indicator:     0.0
   Value of tmax indicator:         5.0

Task for patient = 33 with skills = {2,-1} and cost = 847.3
   Vehicle #0 = 5, leaving at = 933.0
   Vehicle #1 = -1, leaving at = inf
   Increment on distance indicator: 2.0
   Increment on tard indicator:     0.0
   Value of tmax indicator:         2.0

Task for patient = 178 with skills = {4,-1} and cost = 873.0
   Vehicle #0 = 35, leaving at = 919.0
   Vehicle #1 = -1, leaving at = inf
   Increment on distance indicator: 4.0
   Increment on tard indicator:     0.0
   Value of tmax indicator:         4.0

Task for patient = 37 with skills = {4,-1} and cost = 282.0
   Vehicle #0 = 37, leaving at = 818.0
   Vehicle #1 = -1, leaving at = inf
   Increment on distance indicator: 8.0
   Increment on tard indicator:     0.0
   Value of tmax indicator:         8.0

Task for patient = 164 with skills = {0,3} and cost = 279.3
   Vehicle #0 = 3, leaving at = 744.0
   Vehicle #1 = 33, leaving at = 744.0
   Increment on distance indicator: 17.0
   Increment on tard indicator:     0.0
   Value of tmax indicator:         17.0

Task for patient = 222 with skills = {4,-1} and cost = 273.7
   Vehicle #0 = 41, leaving at = 745.0
   Vehicle #1 = -1, leaving at = inf
   Increment on distance indicator: 6.0
   Increment on tard indicator:     0.0
   Value of tmax indicator:         6.0

Task for patient = 126 with skills = {4,-1} and cost = 271.7
   Vehicle #0 = 41, leaving at = 670.0
   Vehicle #1 = -1, leaving at = inf
   Increment on distance indicator: 11.0
   Increment on tard indicator:     0.0
   Value of tmax indicator:         11.0

Task for patient = 14 with skills = {4,-1} and cost = 268.0
   Vehicle #0 = 32, leaving at = 858.0
   Vehicle #1 = -1, leaving at = inf
   Increment on distance indicator: 4.0
   Increment on tard indicator:     0.0
   Value of tmax indicator:         4.0

Task for patient = 146 with skills = {1,5} and cost = 266.7
   Vehicle #0 = 12, leaving at = 764.0
   Vehicle #1 = 35, leaving at = 768.0
   Increment on distance indicator: 11.0
   Increment on tard indicator:     0.0
   Value of tmax indicator:         11.0

Task for patient = 205 with skills = {1,3} and cost = 263.0
   Vehicle #0 = 14, leaving at = 644.0
   Vehicle #1 = 41, leaving at = 632.0
   Increment on distance indicator: 9.0
   Increment on tard indicator:     0.0
   Value of tmax indicator:         9.0

Task for patient = 97 with skills = {4,-1} and cost = 260.0
   Vehicle #0 = 34, leaving at = 796.0
   Vehicle #1 = -1, leaving at = inf
   Increment on distance indicator: 1.0
   Increment on tard indicator:     0.0
   Value of tmax indicator:         1.0

Task for patient = 161 with skills = {5,-1} and cost = 628.0
   Vehicle #0 = 55, leaving at = 716.0
   Vehicle #1 = -1, leaving at = inf
   Increment on distance indicator: 9.0
   Increment on tard indicator:     0.0
   Value of tmax indicator:         9.0

Task for patient = 104 with skills = {4,-1} and cost = 256.0
   Vehicle #0 = 40, leaving at = 727.0
   Vehicle #1 = -1, leaving at = inf
   Increment on distance indicator: 10.0
   Increment on tard indicator:     0.0
   Value of tmax indicator:         10.0

Task for patient = 201 with skills = {3,-1} and cost = 252.7
   Vehicle #0 = 41, leaving at = 560.0
   Vehicle #1 = -1, leaving at = inf
   Increment on distance indicator: 14.0
   Increment on tard indicator:     0.0
   Value of tmax indicator:         14.0

Task for patient = 249 with skills = {2,5} and cost = 248.0
   Vehicle #0 = 13, leaving at = 635.0
   Vehicle #1 = 39, leaving at = 617.0
   Increment on distance indicator: 26.0
   Increment on tard indicator:     0.0
   Value of tmax indicator:         26.0

Task for patient = 78 with skills = {1,3} and cost = 238.0
   Vehicle #0 = 1, leaving at = 847.0
   Vehicle #1 = 36, leaving at = 834.0
   Increment on distance indicator: 12.0
   Increment on tard indicator:     0.0
   Value of tmax indicator:         12.0

Task for patient = 50 with skills = {1,-1} and cost = 234.0
   Vehicle #0 = 12, leaving at = 713.0
   Vehicle #1 = -1, leaving at = inf
   Increment on distance indicator: 9.0
   Increment on tard indicator:     0.0
   Value of tmax indicator:         9.0

Task for patient = 71 with skills = {4,-1} and cost = 231.0
   Vehicle #0 = 31, leaving at = 738.0
   Vehicle #1 = -1, leaving at = inf
   Increment on distance indicator: 2.0
   Increment on tard indicator:     0.0
   Value of tmax indicator:         2.0

Task for patient = 31 with skills = {1,-1} and cost = 230.3
   Vehicle #0 = 14, leaving at = 590.0
   Vehicle #1 = -1, leaving at = inf
   Increment on distance indicator: 21.0
   Increment on tard indicator:     0.0
   Value of tmax indicator:         21.0

Task for patient = 269 with skills = {0,4} and cost = 223.3
   Vehicle #0 = 3, leaving at = 661.0
   Vehicle #1 = 40, leaving at = 691.0
   Increment on distance indicator: 29.0
   Increment on tard indicator:     0.0
   Value of tmax indicator:         29.0

Task for patient = 154 with skills = {5,-1} and cost = 259.7
   Vehicle #0 = 39, leaving at = 676.0
   Vehicle #1 = -1, leaving at = inf
   Increment on distance indicator: 11.0
   Increment on tard indicator:     0.0
   Value of tmax indicator:         11.0

Task for patient = 162 with skills = {2,-1} and cost = 368.0
   Vehicle #0 = 4, leaving at = 761.0
   Vehicle #1 = -1, leaving at = inf
   Increment on distance indicator: 11.0
   Increment on tard indicator:     0.0
   Value of tmax indicator:         11.0

Task for patient = 79 with skills = {1,4} and cost = 364.3
   Vehicle #0 = 19, leaving at = 685.0
   Vehicle #1 = 42, leaving at = 690.0
   Increment on distance indicator: 10.0
   Increment on tard indicator:     0.0
   Value of tmax indicator:         10.0

Task for patient = 152 with skills = {0,-1} and cost = 361.0
   Vehicle #0 = 7, leaving at = 867.0
   Vehicle #1 = -1, leaving at = inf
   Increment on distance indicator: 8.0
   Increment on tard indicator:     0.0
   Value of tmax indicator:         8.0

Task for patient = 111 with skills = {3,-1} and cost = 358.3
   Vehicle #0 = 44, leaving at = 736.0
   Vehicle #1 = -1, leaving at = inf
   Increment on distance indicator: 3.0
   Increment on tard indicator:     0.0
   Value of tmax indicator:         3.0

Task for patient = 299 with skills = {1,3} and cost = 357.3
   Vehicle #0 = 19, leaving at = 630.0
   Vehicle #1 = 42, leaving at = 636.0
   Increment on distance indicator: 14.0
   Increment on tard indicator:     0.0
   Value of tmax indicator:         14.0

Task for patient = 149 with skills = {5,-1} and cost = 352.7
   Vehicle #0 = 44, leaving at = 691.0
   Vehicle #1 = -1, leaving at = inf
   Increment on distance indicator: 11.0
   Increment on tard indicator:     0.0
   Value of tmax indicator:         11.0

Task for patient = 256 with skills = {1,5} and cost = 349.0
   Vehicle #0 = 2, leaving at = 820.0
   Vehicle #1 = 30, leaving at = 805.0
   Increment on distance indicator: 10.0
   Increment on tard indicator:     0.0
   Value of tmax indicator:         10.0

Task for patient = 157 with skills = {3,-1} and cost = 345.7
   Vehicle #0 = 50, leaving at = 610.0
   Vehicle #1 = -1, leaving at = inf
   Increment on distance indicator: 10.0
   Increment on tard indicator:     0.0
   Value of tmax indicator:         10.0

Task for patient = 95 with skills = {5,-1} and cost = 288.7
   Vehicle #0 = 44, leaving at = 577.0
   Vehicle #1 = -1, leaving at = inf
   Increment on distance indicator: 20.0
   Increment on tard indicator:     0.0
   Value of tmax indicator:         20.0

Task for patient = 191 with skills = {0,3} and cost = 336.0
   Vehicle #0 = 18, leaving at = 536.0
   Vehicle #1 = 50, leaving at = 562.0
   Increment on distance indicator: 28.0
   Increment on tard indicator:     0.0
   Value of tmax indicator:         28.0

Task for patient = 34 with skills = {2,-1} and cost = 326.7
   Vehicle #0 = 13, leaving at = 677.0
   Vehicle #1 = -1, leaving at = inf
   Increment on distance indicator: 13.0
   Increment on tard indicator:     0.0
   Value of tmax indicator:         13.0

Task for patient = 175 with skills = {1,-1} and cost = 322.3
   Vehicle #0 = 14, leaving at = 676.0
   Vehicle #1 = -1, leaving at = inf
   Increment on distance indicator: 6.0
   Increment on tard indicator:     0.0
   Value of tmax indicator:         6.0

Task for patient = 20 with skills = {0,-1} and cost = 320.3
   Vehicle #0 = 0, leaving at = 848.0
   Vehicle #1 = -1, leaving at = inf
   Increment on distance indicator: 1.0
   Increment on tard indicator:     0.0
   Value of tmax indicator:         1.0

Task for patient = 150 with skills = {3,-1} and cost = 320.0
   Vehicle #0 = 42, leaving at = 500.0
   Vehicle #1 = -1, leaving at = inf
   Increment on distance indicator: 16.0
   Increment on tard indicator:     0.0
   Value of tmax indicator:         16.0

Task for patient = 51 with skills = {5,-1} and cost = 312.7
   Vehicle #0 = 44, leaving at = 665.0
   Vehicle #1 = -1, leaving at = inf
   Increment on distance indicator: 14.0
   Increment on tard indicator:     0.0
   Value of tmax indicator:         14.0

Task for patient = 32 with skills = {1,5} and cost = 308.0
   Vehicle #0 = 16, leaving at = 579.0
   Vehicle #1 = 45, leaving at = 595.0
   Increment on distance indicator: 32.0
   Increment on tard indicator:     0.0
   Value of tmax indicator:         32.0

Task for patient = 288 with skills = {1,-1} and cost = 297.3
   Vehicle #0 = 15, leaving at = 542.0
   Vehicle #1 = -1, leaving at = inf
   Increment on distance indicator: 22.0
   Increment on tard indicator:     0.0
   Value of tmax indicator:         22.0

Task for patient = 36 with skills = {3,-1} and cost = 290.0
   Vehicle #0 = 36, leaving at = 896.0
   Vehicle #1 = -1, leaving at = inf
   Increment on distance indicator: 4.0
   Increment on tard indicator:     0.0
   Value of tmax indicator:         4.0

Task for patient = 246 with skills = {2,4} and cost = 342.3
   Vehicle #0 = 19, leaving at = 544.0
   Vehicle #1 = 42, leaving at = 572.0
   Increment on distance indicator: 19.0
   Increment on tard indicator:     0.0
   Value of tmax indicator:         19.0

Task for patient = 268 with skills = {1,3} and cost = 114.3
   Vehicle #0 = 1, leaving at = 727.0
   Vehicle #1 = 36, leaving at = 768.0
   Increment on distance indicator: 26.0
   Increment on tard indicator:     0.0
   Value of tmax indicator:         26.0

Task for patient = 52 with skills = {0,3} and cost = 105.7
   Vehicle #0 = 2, leaving at = 739.0
   Vehicle #1 = 30, leaving at = 735.0
   Increment on distance indicator: 16.0
   Increment on tard indicator:     0.0
   Value of tmax indicator:         16.0

Task for patient = 243 with skills = {0,-1} and cost = 89.0
   Vehicle #0 = 2, leaving at = 687.0
   Vehicle #1 = -1, leaving at = inf
   Increment on distance indicator: 4.0
   Increment on tard indicator:     0.0
   Value of tmax indicator:         4.0

Task for patient = 49 with skills = {0,-1} and cost = 87.7
   Vehicle #0 = 0, leaving at = 768.0
   Vehicle #1 = -1, leaving at = inf
   Increment on distance indicator: 10.0
   Increment on tard indicator:     0.0
   Value of tmax indicator:         10.0

Task for patient = 73 with skills = {2,-1} and cost = 84.3
   Vehicle #0 = 4, leaving at = 729.0
   Vehicle #1 = -1, leaving at = inf
   Increment on distance indicator: 12.0
   Increment on tard indicator:     0.0
   Value of tmax indicator:         12.0

Task for patient = 123 with skills = {2,4} and cost = 80.3
   Vehicle #0 = 6, leaving at = 605.0
   Vehicle #1 = 33, leaving at = 606.0
   Increment on distance indicator: 42.0
   Increment on tard indicator:     0.0
   Value of tmax indicator:         42.0

Task for patient = 168 with skills = {1,-1} and cost = 66.3
   Vehicle #0 = 1, leaving at = 621.0
   Vehicle #1 = -1, leaving at = inf
   Increment on distance indicator: 6.0
   Increment on tard indicator:     0.0
   Value of tmax indicator:         6.0

Task for patient = 29 with skills = {5,-1} and cost = 64.3
   Vehicle #0 = 32, leaving at = 766.0
   Vehicle #1 = -1, leaving at = inf
   Increment on distance indicator: 11.0
   Increment on tard indicator:     0.0
   Value of tmax indicator:         11.0

Task for patient = 92 with skills = {4,-1} and cost = 213.7
   Vehicle #0 = 38, leaving at = 528.0
   Vehicle #1 = -1, leaving at = inf
   Increment on distance indicator: 21.0
   Increment on tard indicator:     0.0
   Value of tmax indicator:         21.0

Task for patient = 215 with skills = {2,-1} and cost = 55.3
   Vehicle #0 = 5, leaving at = 502.0
   Vehicle #1 = -1, leaving at = inf
   Increment on distance indicator: 16.0
   Increment on tard indicator:     0.0
   Value of tmax indicator:         16.0

Task for patient = 173 with skills = {3,-1} and cost = 50.0
   Vehicle #0 = 31, leaving at = 615.0
   Vehicle #1 = -1, leaving at = inf
   Increment on distance indicator: 9.0
   Increment on tard indicator:     0.0
   Value of tmax indicator:         9.0

Task for patient = 276 with skills = {2,-1} and cost = 47.0
   Vehicle #0 = 4, leaving at = 672.0
   Vehicle #1 = -1, leaving at = inf
   Increment on distance indicator: 20.0
   Increment on tard indicator:     0.0
   Value of tmax indicator:         20.0

Task for patient = 7 with skills = {3,-1} and cost = 40.3
   Vehicle #0 = 31, leaving at = 569.0
   Vehicle #1 = -1, leaving at = inf
   Increment on distance indicator: 21.0
   Increment on tard indicator:     0.0
   Value of tmax indicator:         21.0

Task for patient = 137 with skills = {0,4} and cost = 33.3
   Vehicle #0 = 2, leaving at = 645.0
   Vehicle #1 = 30, leaving at = 685.0
   Increment on distance indicator: 33.0
   Increment on tard indicator:     0.0
   Value of tmax indicator:         33.0

Task for patient = 94 with skills = {1,-1} and cost = 22.3
   Vehicle #0 = 3, leaving at = 629.0
   Vehicle #1 = -1, leaving at = inf
   Increment on distance indicator: 17.0
   Increment on tard indicator:     0.0
   Value of tmax indicator:         17.0

Task for patient = 291 with skills = {1,-1} and cost = 16.7
   Vehicle #0 = 1, leaving at = 568.0
   Vehicle #1 = -1, leaving at = inf
   Increment on distance indicator: 22.0
   Increment on tard indicator:     0.0
   Value of tmax indicator:         22.0

Task for patient = 99 with skills = {2,-1} and cost = 9.3
   Vehicle #0 = 2, leaving at = 611.0
   Vehicle #1 = -1, leaving at = inf
   Increment on distance indicator: 28.0
   Increment on tard indicator:     0.0
   Value of tmax indicator:         28.0

Task for patient = 170 with skills = {0,4} and cost = 60.7
   Vehicle #0 = 0, leaving at = 503.0
   Vehicle #1 = 32, leaving at = 552.0
   Increment on distance indicator: 16.0
   Increment on tard indicator:     0.0
   Value of tmax indicator:         16.0

Task for patient = 255 with skills = {1,4} and cost = 206.7
   Vehicle #0 = 6, leaving at = 739.0
   Vehicle #1 = 33, leaving at = 716.0
   Increment on distance indicator: 6.0
   Increment on tard indicator:     0.0
   Value of tmax indicator:         6.0

Task for patient = 289 with skills = {1,4} and cost = 204.7
   Vehicle #0 = 12, leaving at = 643.0
   Vehicle #1 = 35, leaving at = 708.0
   Increment on distance indicator: 35.0
   Increment on tard indicator:     0.0
   Value of tmax indicator:         35.0

Task for patient = 265 with skills = {0,5} and cost = 193.0
   Vehicle #0 = 8, leaving at = 703.0
   Vehicle #1 = 34, leaving at = 705.0
   Increment on distance indicator: 4.0
   Increment on tard indicator:     0.0
   Value of tmax indicator:         4.0

Task for patient = 131 with skills = {0,5} and cost = 191.7
   Vehicle #0 = 10, leaving at = 600.0
   Vehicle #1 = 35, leaving at = 647.0
   Increment on distance indicator: 27.0
   Increment on tard indicator:     0.0
   Value of tmax indicator:         27.0

Task for patient = 232 with skills = {1,4} and cost = 182.7
   Vehicle #0 = 9, leaving at = 774.0
   Vehicle #1 = 30, leaving at = 775.0
   Increment on distance indicator: 14.0
   Increment on tard indicator:     0.0
   Value of tmax indicator:         14.0

Task for patient = 133 with skills = {0,-1} and cost = 178.0
   Vehicle #0 = 7, leaving at = 827.0
   Vehicle #1 = -1, leaving at = inf
   Increment on distance indicator: 5.0
   Increment on tard indicator:     0.0
   Value of tmax indicator:         5.0

Task for patient = 278 with skills = {0,-1} and cost = 176.3
   Vehicle #0 = 10, leaving at = 562.0
   Vehicle #1 = -1, leaving at = inf
   Increment on distance indicator: 6.0
   Increment on tard indicator:     0.0
   Value of tmax indicator:         6.0

Task for patient = 27 with skills = {3,-1} and cost = 174.3
   Vehicle #0 = 32, leaving at = 814.0
   Vehicle #1 = -1, leaving at = inf
   Increment on distance indicator: 11.0
   Increment on tard indicator:     0.0
   Value of tmax indicator:         11.0

Task for patient = 1 with skills = {3,-1} and cost = 117.7
   Vehicle #0 = 31, leaving at = 706.0
   Vehicle #1 = -1, leaving at = inf
   Increment on distance indicator: 10.0
   Increment on tard indicator:     0.0
   Value of tmax indicator:         10.0

Task for patient = 81 with skills = {1,-1} and cost = 164.3
   Vehicle #0 = 11, leaving at = 680.0
   Vehicle #1 = -1, leaving at = inf
   Increment on distance indicator: 13.0
   Increment on tard indicator:     0.0
   Value of tmax indicator:         13.0

Task for patient = 129 with skills = {0,3} and cost = 160.0
   Vehicle #0 = 7, leaving at = 765.0
   Vehicle #1 = 37, leaving at = 758.0
   Increment on distance indicator: 16.0
   Increment on tard indicator:     0.0
   Value of tmax indicator:         16.0

Task for patient = 266 with skills = {2,4} and cost = 154.7
   Vehicle #0 = 8, leaving at = 573.0
   Vehicle #1 = 34, leaving at = 554.0
   Increment on distance indicator: 32.0
   Increment on tard indicator:     0.0
   Value of tmax indicator:         32.0

Task for patient = 242 with skills = {0,3} and cost = 144.0
   Vehicle #0 = 7, leaving at = 661.0
   Vehicle #1 = 37, leaving at = 671.0
   Increment on distance indicator: 15.0
   Increment on tard indicator:     0.0
   Value of tmax indicator:         15.0

Task for patient = 63 with skills = {0,5} and cost = 139.0
   Vehicle #0 = 6, leaving at = 666.0
   Vehicle #1 = 33, leaving at = 695.0
   Increment on distance indicator: 5.0
   Increment on tard indicator:     0.0
   Value of tmax indicator:         5.0

Task for patient = 300 with skills = {3,-1} and cost = 137.3
   Vehicle #0 = 37, leaving at = 588.0
   Vehicle #1 = -1, leaving at = inf
   Increment on distance indicator: 22.0
   Increment on tard indicator:     0.0
   Value of tmax indicator:         22.0

Task for patient = 110 with skills = {1,-1} and cost = 130.0
   Vehicle #0 = 6, leaving at = 639.0
   Vehicle #1 = -1, leaving at = inf
   Increment on distance indicator: 5.0
   Increment on tard indicator:     0.0
   Value of tmax indicator:         5.0

Task for patient = 217 with skills = {0,-1} and cost = 128.3
   Vehicle #0 = 7, leaving at = 611.0
   Vehicle #1 = -1, leaving at = inf
   Increment on distance indicator: 12.0
   Increment on tard indicator:     0.0
   Value of tmax indicator:         12.0

Task for patient = 228 with skills = {0,-1} and cost = 124.3
   Vehicle #0 = 7, leaving at = 563.0
   Vehicle #1 = -1, leaving at = inf
   Increment on distance indicator: 20.0
   Increment on tard indicator:     0.0
   Value of tmax indicator:         20.0

Task for patient = 286 with skills = {0,-1} and cost = 170.7
   Vehicle #0 = 10, leaving at = 534.0
   Vehicle #1 = -1, leaving at = inf
   Increment on distance indicator: 19.0
   Increment on tard indicator:     0.0
   Value of tmax indicator:         19.0

Task for patient = 25 with skills = {4,-1} and cost = 568.7
   Vehicle #0 = 32, leaving at = 913.0
   Vehicle #1 = -1, leaving at = inf
   Increment on distance indicator: 4.0
   Increment on tard indicator:     0.0
   Value of tmax indicator:         4.0

Task for patient = 144 with skills = {3,-1} and cost = 567.3
   Vehicle #0 = 55, leaving at = 580.0
   Vehicle #1 = -1, leaving at = inf
   Increment on distance indicator: 5.0
   Increment on tard indicator:     0.0
   Value of tmax indicator:         5.0

Task for patient = 15 with skills = {1,3} and cost = 565.7
   Vehicle #0 = 1, leaving at = 901.0
   Vehicle #1 = 36, leaving at = 924.0
   Increment on distance indicator: 7.0
   Increment on tard indicator:     0.0
   Value of tmax indicator:         7.0

Task for patient = 282 with skills = {0,5} and cost = 563.3
   Vehicle #0 = 21, leaving at = 757.0
   Vehicle #1 = 39, leaving at = 740.0
   Increment on distance indicator: 10.0
   Increment on tard indicator:     0.0
   Value of tmax indicator:         10.0

Task for patient = 218 with skills = {2,-1} and cost = 560.0
   Vehicle #0 = 5, leaving at = 671.0
   Vehicle #1 = -1, leaving at = inf
   Increment on distance indicator: 9.0
   Increment on tard indicator:     0.0
   Value of tmax indicator:         9.0

Task for patient = 58 with skills = {2,4} and cost = 557.0
   Vehicle #0 = 22, leaving at = 686.0
   Vehicle #1 = 58, leaving at = 747.0
   Increment on distance indicator: 8.0
   Increment on tard indicator:     0.0
   Value of tmax indicator:         8.0

Task for patient = 179 with skills = {3,-1} and cost = 554.3
   Vehicle #0 = 54, leaving at = 718.0
   Vehicle #1 = -1, leaving at = inf
   Increment on distance indicator: 8.0
   Increment on tard indicator:     0.0
   Value of tmax indicator:         8.0

Task for patient = 180 with skills = {2,3} and cost = 551.7
   Vehicle #0 = 22, leaving at = 643.0
   Vehicle #1 = 58, leaving at = 688.0
   Increment on distance indicator: 52.0
   Increment on tard indicator:     0.0
   Value of tmax indicator:         52.0

Task for patient = 219 with skills = {1,-1} and cost = 369.7
   Vehicle #0 = 18, leaving at = 613.0
   Vehicle #1 = -1, leaving at = inf
   Increment on distance indicator: 5.0
   Increment on tard indicator:     0.0
   Value of tmax indicator:         5.0

Task for patient = 197 with skills = {5,-1} and cost = 530.7
   Vehicle #0 = 44, leaving at = 804.0
   Vehicle #1 = -1, leaving at = inf
   Increment on distance indicator: 4.0
   Increment on tard indicator:     0.0
   Value of tmax indicator:         4.0

Task for patient = 84 with skills = {5,-1} and cost = 529.3
   Vehicle #0 = 55, leaving at = 559.0
   Vehicle #1 = -1, leaving at = inf
   Increment on distance indicator: 5.0
   Increment on tard indicator:     0.0
   Value of tmax indicator:         5.0

Task for patient = 47 with skills = {1,-1} and cost = 527.7
   Vehicle #0 = 17, leaving at = 609.0
   Vehicle #1 = -1, leaving at = inf
   Increment on distance indicator: 5.0
   Increment on tard indicator:     0.0
   Value of tmax indicator:         5.0

Task for patient = 107 with skills = {5,-1} and cost = 526.0
   Vehicle #0 = 55, leaving at = 514.0
   Vehicle #1 = -1, leaving at = inf
   Increment on distance indicator: 17.0
   Increment on tard indicator:     0.0
   Value of tmax indicator:         17.0

Task for patient = 134 with skills = {3,-1} and cost = 520.3
   Vehicle #0 = 33, leaving at = 806.0
   Vehicle #1 = -1, leaving at = inf
   Increment on distance indicator: 10.0
   Increment on tard indicator:     0.0
   Value of tmax indicator:         10.0

Task for patient = 221 with skills = {0,-1} and cost = 517.0
   Vehicle #0 = 23, leaving at = 565.0
   Vehicle #1 = -1, leaving at = inf
   Increment on distance indicator: 29.0
   Increment on tard indicator:     0.0
   Value of tmax indicator:         29.0

Task for patient = 271 with skills = {5,-1} and cost = 507.3
   Vehicle #0 = 54, leaving at = 676.0
   Vehicle #1 = -1, leaving at = inf
   Increment on distance indicator: 5.0
   Increment on tard indicator:     0.0
   Value of tmax indicator:         5.0

Task for patient = 43 with skills = {5,-1} and cost = 505.7
   Vehicle #0 = 49, leaving at = 772.0
   Vehicle #1 = -1, leaving at = inf
   Increment on distance indicator: 11.0
   Increment on tard indicator:     0.0
   Value of tmax indicator:         11.0

Task for patient = 245 with skills = {5,-1} and cost = 534.3
   Vehicle #0 = 57, leaving at = 531.0
   Vehicle #1 = -1, leaving at = inf
   Increment on distance indicator: 11.0
   Increment on tard indicator:     0.0
   Value of tmax indicator:         11.0

Task for patient = 72 with skills = {5,-1} and cost = 632.0
   Vehicle #0 = 59, leaving at = 665.0
   Vehicle #1 = -1, leaving at = inf
   Increment on distance indicator: 12.0
   Increment on tard indicator:     0.0
   Value of tmax indicator:         12.0

Task for patient = 158 with skills = {1,-1} and cost = 1006.7
   Vehicle #0 = 19, leaving at = 1029.0
   Vehicle #1 = -1, leaving at = inf
   Increment on distance indicator: 3.0
   Increment on tard indicator:     0.0
   Value of tmax indicator:         3.0

Task for patient = 297 with skills = {3,-1} and cost = 625.0
   Vehicle #0 = 52, leaving at = 807.0
   Vehicle #1 = -1, leaving at = inf
   Increment on distance indicator: 7.0
   Increment on tard indicator:     0.0
   Value of tmax indicator:         7.0

Task for patient = 272 with skills = {2,-1} and cost = 622.7
   Vehicle #0 = 20, leaving at = 602.0
   Vehicle #1 = -1, leaving at = inf
   Increment on distance indicator: 14.0
   Increment on tard indicator:     0.0
   Value of tmax indicator:         14.0

Task for patient = 247 with skills = {4,-1} and cost = 618.0
   Vehicle #0 = 43, leaving at = 648.0
   Vehicle #1 = -1, leaving at = inf
   Increment on distance indicator: 8.0
   Increment on tard indicator:     0.0
   Value of tmax indicator:         8.0

Task for patient = 174 with skills = {5,-1} and cost = 615.3
   Vehicle #0 = 52, leaving at = 762.0
   Vehicle #1 = -1, leaving at = inf
   Increment on distance indicator: 3.0
   Increment on tard indicator:     0.0
   Value of tmax indicator:         3.0

Task for patient = 267 with skills = {3,-1} and cost = 614.3
   Vehicle #0 = 36, leaving at = 962.0
   Vehicle #1 = -1, leaving at = inf
   Increment on distance indicator: 4.0
   Increment on tard indicator:     0.0
   Value of tmax indicator:         4.0

Task for patient = 101 with skills = {3,-1} and cost = 613.0
   Vehicle #0 = 51, leaving at = 797.0
   Vehicle #1 = -1, leaving at = inf
   Increment on distance indicator: 1.0
   Increment on tard indicator:     0.0
   Value of tmax indicator:         1.0

Task for patient = 190 with skills = {2,4} and cost = 575.7
   Vehicle #0 = 5, leaving at = 730.0
   Vehicle #1 = 57, leaving at = 729.0
   Increment on distance indicator: 21.0
   Increment on tard indicator:     0.0
   Value of tmax indicator:         21.0

Task for patient = 75 with skills = {4,-1} and cost = 609.7
   Vehicle #0 = 46, leaving at = 603.0
   Vehicle #1 = -1, leaving at = inf
   Increment on distance indicator: 21.0
   Increment on tard indicator:     0.0
   Value of tmax indicator:         21.0

Task for patient = 86 with skills = {1,-1} and cost = 602.7
   Vehicle #0 = 20, leaving at = 547.0
   Vehicle #1 = -1, leaving at = inf
   Increment on distance indicator: 15.0
   Increment on tard indicator:     0.0
   Value of tmax indicator:         15.0

Task for patient = 182 with skills = {3,-1} and cost = 597.7
   Vehicle #0 = 52, leaving at = 720.0
   Vehicle #1 = -1, leaving at = inf
   Increment on distance indicator: 14.0
   Increment on tard indicator:     0.0
   Value of tmax indicator:         14.0

Task for patient = 225 with skills = {1,5} and cost = 593.0
   Vehicle #0 = 6, leaving at = 776.0
   Vehicle #1 = 45, leaving at = 789.0
   Increment on distance indicator: 10.0
   Increment on tard indicator:     0.0
   Value of tmax indicator:         10.0

Task for patient = 263 with skills = {0,-1} and cost = 589.7
   Vehicle #0 = 25, leaving at = 574.0
   Vehicle #1 = -1, leaving at = inf
   Increment on distance indicator: 16.0
   Increment on tard indicator:     0.0
   Value of tmax indicator:         16.0

Task for patient = 195 with skills = {3,-1} and cost = 584.3
   Vehicle #0 = 55, leaving at = 656.0
   Vehicle #1 = -1, leaving at = inf
   Increment on distance indicator: 6.0
   Increment on tard indicator:     0.0
   Value of tmax indicator:         6.0

Task for patient = 136 with skills = {1,-1} and cost = 582.3
   Vehicle #0 = 11, leaving at = 775.0
   Vehicle #1 = -1, leaving at = inf
   Increment on distance indicator: 3.0
   Increment on tard indicator:     0.0
   Value of tmax indicator:         3.0

Task for patient = 135 with skills = {0,5} and cost = 581.3
   Vehicle #0 = 22, leaving at = 785.0
   Vehicle #1 = 58, leaving at = 784.0
   Increment on distance indicator: 10.0
   Increment on tard indicator:     0.0
   Value of tmax indicator:         10.0

Task for patient = 61 with skills = {4,-1} and cost = 578.0
   Vehicle #0 = 37, leaving at = 865.0
   Vehicle #1 = -1, leaving at = inf
   Increment on distance indicator: 7.0
   Increment on tard indicator:     0.0
   Value of tmax indicator:         7.0

Task for patient = 77 with skills = {4,-1} and cost = 612.7
   Vehicle #0 = 31, leaving at = 856.0
   Vehicle #1 = -1, leaving at = inf
   Increment on distance indicator: 9.0
   Increment on tard indicator:     0.0
   Value of tmax indicator:         9.0

Task for patient = 105 with skills = {1,-1} and cost = 418.7
   Vehicle #0 = 18, leaving at = 743.0
   Vehicle #1 = -1, leaving at = inf
   Increment on distance indicator: 6.0
   Increment on tard indicator:     0.0
   Value of tmax indicator:         6.0

Task for patient = 13 with skills = {3,-1} and cost = 416.7
   Vehicle #0 = 50, leaving at = 748.0
   Vehicle #1 = -1, leaving at = inf
   Increment on distance indicator: 6.0
   Increment on tard indicator:     0.0
   Value of tmax indicator:         6.0

Task for patient = 119 with skills = {0,3} and cost = 414.7
   Vehicle #0 = 0, leaving at = 906.0
   Vehicle #1 = 41, leaving at = 875.0
   Increment on distance indicator: 7.0
   Increment on tard indicator:     0.0
   Value of tmax indicator:         7.0

Task for patient = 130 with skills = {4,-1} and cost = 412.3
   Vehicle #0 = 38, leaving at = 644.0
   Vehicle #1 = -1, leaving at = inf
   Increment on distance indicator: 4.0
   Increment on tard indicator:     0.0
   Value of tmax indicator:         4.0

Task for patient = 165 with skills = {2,5} and cost = 411.0
   Vehicle #0 = 16, leaving at = 672.0
   Vehicle #1 = 45, leaving at = 675.0
   Increment on distance indicator: 10.0
   Increment on tard indicator:     0.0
   Value of tmax indicator:         10.0

Task for patient = 148 with skills = {4,-1} and cost = 407.7
   Vehicle #0 = 38, leaving at = 554.0
   Vehicle #1 = -1, leaving at = inf
   Increment on distance indicator: 10.0
   Increment on tard indicator:     0.0
   Value of tmax indicator:         10.0

Task for patient = 258 with skills = {0,-1} and cost = 404.3
   Vehicle #0 = 12, leaving at = 862.0
   Vehicle #1 = -1, leaving at = inf
   Increment on distance indicator: 5.0
   Increment on tard indicator:     0.0
   Value of tmax indicator:         5.0

Task for patient = 69 with skills = {0,-1} and cost = 402.7
   Vehicle #0 = 10, leaving at = 646.0
   Vehicle #1 = -1, leaving at = inf
   Increment on distance indicator: 6.0
   Increment on tard indicator:     0.0
   Value of tmax indicator:         6.0

Task for patient = 26 with skills = {5,-1} and cost = 502.0
   Vehicle #0 = 52, leaving at = 682.0
   Vehicle #1 = -1, leaving at = inf
   Increment on distance indicator: 11.0
   Increment on tard indicator:     0.0
   Value of tmax indicator:         11.0

Task for patient = 57 with skills = {4,-1} and cost = 398.3
   Vehicle #0 = 49, leaving at = 640.0
   Vehicle #1 = -1, leaving at = inf
   Increment on distance indicator: 14.0
   Increment on tard indicator:     0.0
   Value of tmax indicator:         14.0

Task for patient = 241 with skills = {0,3} and cost = 393.7
   Vehicle #0 = 15, leaving at = 743.0
   Vehicle #1 = 44, leaving at = 774.0
   Increment on distance indicator: 14.0
   Increment on tard indicator:     0.0
   Value of tmax indicator:         14.0

Task for patient = 196 with skills = {0,5} and cost = 389.0
   Vehicle #0 = 16, leaving at = 632.0
   Vehicle #1 = 45, leaving at = 647.0
   Increment on distance indicator: 14.0
   Increment on tard indicator:     0.0
   Value of tmax indicator:         14.0

Task for patient = 55 with skills = {1,-1} and cost = 384.3
   Vehicle #0 = 18, leaving at = 695.0
   Vehicle #1 = -1, leaving at = inf
   Increment on distance indicator: 11.0
   Increment on tard indicator:     0.0
   Value of tmax indicator:         11.0

Task for patient = 183 with skills = {2,-1} and cost = 380.7
   Vehicle #0 = 5, leaving at = 534.0
   Vehicle #1 = -1, leaving at = inf
   Increment on distance indicator: 3.0
   Increment on tard indicator:     0.0
   Value of tmax indicator:         3.0

Task for patient = 54 with skills = {5,-1} and cost = 379.7
   Vehicle #0 = 35, leaving at = 791.0
   Vehicle #1 = -1, leaving at = inf
   Increment on distance indicator: 8.0
   Increment on tard indicator:     0.0
   Value of tmax indicator:         8.0

Task for patient = 186 with skills = {4,-1} and cost = 377.0
   Vehicle #0 = 41, leaving at = 847.0
   Vehicle #1 = -1, leaving at = inf
   Increment on distance indicator: 1.0
   Increment on tard indicator:     0.0
   Value of tmax indicator:         1.0

Task for patient = 208 with skills = {5,-1} and cost = 376.7
   Vehicle #0 = 49, leaving at = 597.0
   Vehicle #1 = -1, leaving at = inf
   Increment on distance indicator: 21.0
   Increment on tard indicator:     0.0
   Value of tmax indicator:         21.0

Task for patient = 257 with skills = {0,-1} and cost = 400.7
   Vehicle #0 = 19, leaving at = 723.0
   Vehicle #1 = -1, leaving at = inf
   Increment on distance indicator: 7.0
   Increment on tard indicator:     0.0
   Value of tmax indicator:         7.0

Task for patient = 226 with skills = {3,-1} and cost = 498.3
   Vehicle #0 = 50, leaving at = 806.0
   Vehicle #1 = -1, leaving at = inf
   Increment on distance indicator: 14.0
   Increment on tard indicator:     0.0
   Value of tmax indicator:         14.0

Task for patient = 9 with skills = {2,-1} and cost = 493.7
   Vehicle #0 = 22, leaving at = 589.0
   Vehicle #1 = -1, leaving at = inf
   Increment on distance indicator: 15.0
   Increment on tard indicator:     0.0
   Value of tmax indicator:         15.0

Task for patient = 28 with skills = {5,-1} and cost = 488.7
   Vehicle #0 = 34, leaving at = 850.0
   Vehicle #1 = -1, leaving at = inf
   Increment on distance indicator: 3.0
   Increment on tard indicator:     0.0
   Value of tmax indicator:         3.0

Task for patient = 200 with skills = {5,-1} and cost = 487.7
   Vehicle #0 = 52, leaving at = 650.0
   Vehicle #1 = -1, leaving at = inf
   Increment on distance indicator: 5.0
   Increment on tard indicator:     0.0
   Value of tmax indicator:         5.0

Task for patient = 227 with skills = {1,-1} and cost = 486.0
   Vehicle #0 = 21, leaving at = 635.0
   Vehicle #1 = -1, leaving at = inf
   Increment on distance indicator: 9.0
   Increment on tard indicator:     0.0
   Value of tmax indicator:         9.0

Task for patient = 108 with skills = {2,-1} and cost = 483.0
   Vehicle #0 = 13, leaving at = 804.0
   Vehicle #1 = -1, leaving at = inf
   Increment on distance indicator: 2.0
   Increment on tard indicator:     0.0
   Value of tmax indicator:         2.0

Task for patient = 44 with skills = {1,3} and cost = 482.3
   Vehicle #0 = 21, leaving at = 577.0
   Vehicle #1 = 54, leaving at = 607.0
   Increment on distance indicator: 37.0
   Increment on tard indicator:     0.0
   Value of tmax indicator:         37.0

Task for patient = 248 with skills = {1,-1} and cost = 470.0
   Vehicle #0 = 17, leaving at = 553.0
   Vehicle #1 = -1, leaving at = inf
   Increment on distance indicator: 14.0
   Increment on tard indicator:     0.0
   Value of tmax indicator:         14.0

Task for patient = 223 with skills = {1,4} and cost = 424.3
   Vehicle #0 = 14, leaving at = 718.0
   Vehicle #1 = 38, leaving at = 751.0
   Increment on distance indicator: 17.0
   Increment on tard indicator:     0.0
   Value of tmax indicator:         17.0

Task for patient = 260 with skills = {0,-1} and cost = 464.0
   Vehicle #0 = 22, leaving at = 556.0
   Vehicle #1 = -1, leaving at = inf
   Increment on distance indicator: 16.0
   Increment on tard indicator:     0.0
   Value of tmax indicator:         16.0

Task for patient = 91 with skills = {3,-1} and cost = 458.7
   Vehicle #0 = 52, leaving at = 606.0
   Vehicle #1 = -1, leaving at = inf
   Increment on distance indicator: 7.0
   Increment on tard indicator:     0.0
   Value of tmax indicator:         7.0

Task for patient = 53 with skills = {0,4} and cost = 456.3
   Vehicle #0 = 11, leaving at = 731.0
   Vehicle #1 = 31, leaving at = 794.0
   Increment on distance indicator: 20.0
   Increment on tard indicator:     0.0
   Value of tmax indicator:         20.0

Task for patient = 140 with skills = {0,-1} and cost = 449.7
   Vehicle #0 = 10, leaving at = 782.0
   Vehicle #1 = -1, leaving at = inf
   Increment on distance indicator: 2.0
   Increment on tard indicator:     0.0
   Value of tmax indicator:         2.0

Task for patient = 132 with skills = {2,5} and cost = 449.0
   Vehicle #0 = 13, leaving at = 745.0
   Vehicle #1 = 51, leaving at = 771.0
   Increment on distance indicator: 7.0
   Increment on tard indicator:     0.0
   Value of tmax indicator:         7.0

Task for patient = 204 with skills = {5,-1} and cost = 446.7
   Vehicle #0 = 51, leaving at = 534.0
   Vehicle #1 = -1, leaving at = inf
   Increment on distance indicator: 19.0
   Increment on tard indicator:     0.0
   Value of tmax indicator:         19.0

Task for patient = 67 with skills = {0,4} and cost = 440.3
   Vehicle #0 = 21, leaving at = 524.0
   Vehicle #1 = 43, leaving at = 524.0
   Increment on distance indicator: 22.0
   Increment on tard indicator:     0.0
   Value of tmax indicator:         22.0

Task for patient = 93 with skills = {0,-1} and cost = 431.3
   Vehicle #0 = 12, leaving at = 908.0
   Vehicle #1 = -1, leaving at = inf
   Increment on distance indicator: 6.0
   Increment on tard indicator:     0.0
   Value of tmax indicator:         6.0

Task for patient = 76 with skills = {2,5} and cost = 429.3
   Vehicle #0 = 10, leaving at = 698.0
   Vehicle #1 = 49, leaving at = 712.0
   Increment on distance indicator: 15.0
   Increment on tard indicator:     0.0
   Value of tmax indicator:         15.0

Task for patient = 210 with skills = {2,-1} and cost = 465.3
   Vehicle #0 = 18, leaving at = 790.0
   Vehicle #1 = -1, leaving at = inf
   Increment on distance indicator: 4.0
   Increment on tard indicator:     0.0
   Value of tmax indicator:         4.0


Unused vehicle list: 53 56 (total = 2 out of 60)

---
Search finished.
Total of 448 generations in 21.4 seconds.
Exchange elite runs: 0
Implicit path relinking runs: 4
Reset attempts: 0

Best solution found:
   Cost: 1363.7
   Total travel time: 4079.0
   Total tardiness time: 10.0
   Largest tardiness: 2.0


1363.7
