--- BRKGA-MP-IPR for HHCRSP ---
Instance: new-instances/HHCRSP_300_60_16_1.0_C_RC.txt
Seed: 1

Reading data... Problem contains 300 patients  and 60 caregivers.

Summary of supply x demand for each service type:
Skill 0 has supply = 18 and demand = 67, ratio = 0.268657
Skill 1 has supply = 21 and demand = 75, ratio = 0.28
Skill 2 has supply = 15 and demand = 55, ratio = 0.272727
Skill 3 has supply = 15 and demand = 69, ratio = 0.217391
Skill 4 has supply = 16 and demand = 68, ratio = 0.235294
Skill 5 has supply = 18 and demand = 56, ratio = 0.321429

Reading parameters...
Inferred distance function by PR type: kendall-tau
Building BRKGA data and initializing...
Evolving 448 generations...

  Gens  Rem    Local   ElDiv NoImpr             Best solution            Time  Op
                                       Cost     Dist    Tard    TMax 
*    0  448  7536.67  538.26      0  7536.67  6245.00 15925.0   440.0     0.0    
*    3  445  7294.00  350.88      0  7294.00  5927.00 14209.0   386.0     0.2    
*    4  444  6840.67  434.82      0  6840.67  6284.00 12658.0   441.0     0.2    
*    5  443  6461.00  358.94      0  6461.00  6284.00 12658.0   441.0     0.2    
*    7  441  5832.33  368.48      0  5832.33  6117.00 10173.0   334.0     0.3    
*    8  440  5541.33  339.63      0  5541.33  6151.00  9866.0   433.0     0.3    
*    9  439  5483.33  374.36      0  5483.33  5835.00  8233.0   351.0     0.4    
*   10  438  4806.33  331.67      0  4806.33  5835.00  8233.0   351.0     0.4    
*   13  435  4582.67  242.24      0  4582.67  5764.00  6907.0   337.0     0.5    
*   14  434  4336.00  240.19      0  4336.00  5779.00  5804.0   335.0     0.6    
*   15  433  3972.67  276.65      0  3972.67  5835.00  5631.0   281.0     0.6    
*   16  432  3915.67  276.53      0  3915.67  5869.00  5175.0   266.0     0.6    
*   17  431  3770.00  265.61      0  3770.00  5869.00  5175.0   266.0     0.7    
*   19  429  3677.00  221.45      0  3677.00  5810.00  4924.0   297.0     0.7    
*   21  427  3669.67  174.03      0  3669.67  6014.00  4622.0   316.0     0.8    

  Gens  Rem    Local   ElDiv NoImpr             Best solution            Time  Op
                                       Cost     Dist    Tard    TMax 
*   22  426  3650.67  170.74      0  3650.67  5811.00  4132.0   284.0     0.8    
*   23  425  3409.00  169.42      0  3409.00  5811.00  4132.0   284.0     0.9    
*   25  423  3127.00  176.11      0  3127.00  5755.00  3277.0   332.0     0.9    
*   26  422  3121.33  172.65      0  3121.33  5667.00  3063.0   299.0     1.0    
*   27  421  3009.67  163.83      0  3009.67  5702.00  2766.0   260.0     1.0    
*   28  420  2909.33  163.09      0  2909.33  5534.00  2551.0   266.0     1.1    
*   29  419  2783.67  165.46      0  2783.67  5534.00  2551.0   266.0     1.1    
*   31  417  2723.33  130.16      0  2723.33  5779.00  1937.0   225.0     1.2    
*   32  416  2647.00  129.00      0  2647.00  5670.00  1538.0   261.0     1.2    
*   33  415  2489.67  115.10      0  2489.67  5670.00  1538.0   261.0     1.2    
*   35  413  2456.33  104.64      0  2456.33  5713.00  1351.0   305.0     1.3    
*   37  411  2344.33  117.37      0  2344.33  5522.00  1102.0   211.0     1.4    
*   38  410  2278.33  108.77      0  2278.33  5522.00  1102.0   211.0     1.5    
*   41  407  2253.33   95.60      0  2253.33  5676.00   583.0   166.0     1.6    
*   42  406  2141.67   98.06      0  2141.67  5654.00   523.0   151.0     1.6    
*   43  405  2109.33  101.07      0  2109.33  5497.00   360.0    83.0     1.6    

  Gens  Rem    Local   ElDiv NoImpr             Best solution            Time  Op
                                       Cost     Dist    Tard    TMax 
*   44  404  1980.00   99.06      0  1980.00  5497.00   360.0    83.0     1.7    
    50  398  1980.00   48.47      6  1980.00  5497.00   360.0    83.0     1.9    
*   52  396  1921.00   53.48      0  1921.00  5409.00   233.0   121.0     2.0    
*   61  387  1880.00   27.95      0  1880.00  5457.00   110.0    73.0     2.3    
*   63  385  1861.67   27.04      0  1861.67  5166.00   329.0    90.0     2.4    
*   65  383  1856.67   27.89      0  1856.67  5217.00   256.0    54.0     2.5    
*   66  382  1842.33   26.36      0  1842.33  5217.00   256.0    54.0     2.5    
*   68  380  1814.33   28.56      0  1814.33  5328.00    62.0    15.0     2.6    
*   69  379  1801.67   28.46      0  1801.67  5328.00    62.0    15.0     2.7    
*   73  375  1778.33   26.54      0  1778.33  5187.00   110.0    38.0     2.8    
*   77  371  1777.67   22.31      0  1777.67  5309.00    19.0     5.0     2.9    
*   79  369  1750.33   21.64      0  1750.33  5217.00    27.0     7.0     3.0    
*   83  365  1744.33   17.27      0  1744.33  5125.00    79.0    29.0     3.2    
*   85  363  1744.00   18.39      0  1744.00  5167.00    12.0     3.0     3.3    
*   86  362  1727.33   18.24      0  1727.33  5137.00    30.0     9.0     3.3    
*   87  361  1725.33   17.74      0  1725.33  5137.00    30.0     9.0     3.3    

  Gens  Rem    Local   ElDiv NoImpr             Best solution            Time  Op
                                       Cost     Dist    Tard    TMax 
*   94  354  1706.67   16.06      0  1706.67  5098.00    17.0     5.0     3.6    
Path relinking result: too homogeneous.
    96  352  1706.67   13.92      3  1706.67  5098.00    17.0     5.0     3.7   P
   100  348  1706.67   12.82      6  1706.67  5098.00    17.0     5.0     3.8    
*  102  346  1676.67   13.93      0  1676.67  5030.00     0.0     0.0     3.9    
*  126  322  1670.00   10.41      0  1670.00  4952.00    49.0     9.0     4.8    
*  129  319  1664.00   10.66      0  1664.00  4964.00    24.0     4.0     4.9    
*  136  312  1659.00    8.49      0  1659.00  4939.00    30.0     8.0     5.2    
*  139  309  1650.67    8.64      0  1650.67  4898.00    30.0     4.0     5.3    
*  140  308  1644.00    8.29      0  1644.00  4898.00    30.0     4.0     5.3    
*  146  302  1625.67    9.57      0  1625.67  4866.00     8.0     3.0     5.6    
   150  298  1625.67    8.97      4  1625.67  4866.00     8.0     3.0     5.7    
*  152  296  1614.33   11.43      0  1614.33  4798.00    38.0     7.0     5.8    
*  160  288  1609.67   10.88      0  1609.67  4764.00    34.0     8.0     6.1    
*  161  287  1602.00   10.35      0  1602.00  4764.00    34.0     8.0     6.1    
*  164  284  1596.67   10.42      0  1596.67  4758.00    27.0     5.0     6.2    
*  166  282  1588.00   10.66      0  1588.00  4703.00    35.0     6.0     6.3    

  Gens  Rem    Local   ElDiv NoImpr             Best solution            Time  Op
                                       Cost     Dist    Tard    TMax 
*  167  281  1581.33   10.70      0  1581.33  4703.00    35.0     6.0     6.3    
*  187  261  1570.67    6.93      0  1570.67  4687.00    19.0     6.0     7.1    
Path relinking result: too homogeneous.
   192  256  1562.00    5.88      0  1570.67  4687.00    19.0     6.0     7.3   P
*  193  255  1562.00    5.75      0  1562.00  4678.00     6.0     2.0     7.3    
   200  248  1562.00    6.30      7  1562.00  4678.00     6.0     2.0     7.6    
*  208  240  1543.00    8.28      0  1543.00  4602.00     2.0     1.0     7.9    
*  209  239  1535.00    8.01      0  1535.00  4602.00     2.0     1.0     7.9    
*  227  221  1533.00    6.90      0  1533.00  4572.00    21.0     6.0     8.6    
*  235  213  1530.67    5.93      0  1530.67  4574.00    15.0     3.0     8.9    
*  247  201  1524.33    4.92      0  1524.33  4548.00    19.0     6.0     9.3    
*  250  198  1523.67    5.80      0  1523.67  4496.00    21.0     6.0     9.4    
*  251  197  1507.67    5.83      0  1507.67  4496.00    21.0     6.0     9.4    
*  264  184  1502.67    6.26      0  1502.67  4453.00    36.0    19.0     9.9    
*  282  166  1496.67    5.47      0  1496.67  4456.00    26.0     8.0    10.6    
*  287  161  1495.67    4.87      0  1495.67  4460.00    21.0     6.0    10.8    
Path relinking result: too homogeneous.
   288  160  1495.67    4.69      2  1495.67  4460.00    21.0     6.0    10.8   P

  Gens  Rem    Local   ElDiv NoImpr             Best solution            Time  Op
                                       Cost     Dist    Tard    TMax 
*  296  152  1490.33    4.56      0  1490.33  4421.00    39.0    11.0    11.1    
   300  148  1490.33    4.70      4  1490.33  4421.00    39.0    11.0    11.3    
*  304  144  1483.67    4.10      0  1483.67  4407.00    33.0    11.0    11.4    
*  309  139  1480.33    3.20      0  1480.33  4391.00    39.0    11.0    11.6    
*  313  135  1477.00    2.33      0  1477.00  4380.00    40.0    11.0    11.8    
*  317  131  1476.67    2.85      0  1476.67  4363.00    40.0    11.0    12.0    
*  318  130  1471.33    2.97      0  1471.33  4363.00    40.0    11.0    12.0    
*  333  115  1470.33    1.63      0  1470.33  4360.00    40.0    11.0    12.5    
*  339  109  1470.00    1.12      0  1470.00  4359.00    40.0    11.0    12.7    
*  341  107  1469.67    1.35      0  1469.67  4357.00    41.0    11.0    12.8    
*  344  104  1469.00    1.66      0  1469.00  4354.00    40.0    11.0    12.9    
*  345  103  1468.33    1.75      0  1468.33  4354.00    40.0    11.0    13.0    
*  350   98  1468.00    0.62      0  1468.00  4352.00    41.0    11.0    13.1    
*  356   92  1466.67    0.25      0  1466.67  4349.00    40.0    11.0    13.4    
*  370   78  1466.33    0.24      0  1466.33  4348.00    37.0    11.0    13.8    
*  371   77  1465.33    0.37      0  1465.33  4348.00    37.0    11.0    13.9    

  Gens  Rem    Local   ElDiv NoImpr             Best solution            Time  Op
                                       Cost     Dist    Tard    TMax 
*  373   75  1464.67    0.67      0  1464.67  4346.00    37.0    11.0    13.9    
*  378   70  1462.00    0.50      0  1462.00  4338.00    37.0    11.0    14.1    
Path relinking result: too homogeneous.
   384   64  1462.00    0.33      7  1462.00  4338.00    37.0    11.0    14.4   P
*  390   58  1461.33    0.91      0  1461.33  4336.00    37.0    11.0    14.6    
*  398   50  1461.00    0.08      0  1461.00  4334.00    38.0    11.0    14.9    
   400   48  1461.00    0.12      2  1461.00  4334.00    38.0    11.0    15.0    
*  409   39  1460.33    0.08      0  1460.33  4333.00    37.0    11.0    15.3    
*  416   32  1459.67    0.19      0  1459.67  4331.00    37.0    11.0    15.6    
*  436   12  1458.33    0.16      0  1458.33  4327.00    37.0    11.0    16.3    
*  445    3  1456.33    0.33      0  1456.33  4321.00    37.0    11.0    16.6    
   448    0  1456.33    0.59      3  1456.33  4321.00    37.0    11.0    16.7    
Evolutionary process finished.
Solution written to 'solution-5141.txt'.

Sorted sequence of worst to best tardiness value:
Task for patient = 207 with skills = {2,-1} and cost = 735.0
   Vehicle #0 = 16, leaving at = 772.0
   Vehicle #1 = -1, leaving at = inf
   Increment on distance indicator: 11.0
   Increment on tard indicator:     11.0
   Value of tmax indicator:         11.0

Task for patient = 49 with skills = {5,-1} and cost = 782.0
   Vehicle #0 = 56, leaving at = 813.0
   Vehicle #1 = -1, leaving at = inf
   Increment on distance indicator: 3.0
   Increment on tard indicator:     6.0
   Value of tmax indicator:         3.0

Task for patient = 295 with skills = {0,4} and cost = 1065.0
   Vehicle #0 = 9, leaving at = 1039.0
   Vehicle #1 = 42, leaving at = 1040.0
   Increment on distance indicator: 12.0
   Increment on tard indicator:     4.0
   Value of tmax indicator:         12.0

Task for patient = 203 with skills = {0,-1} and cost = 954.0
   Vehicle #0 = 28, leaving at = 1010.0
   Vehicle #1 = -1, leaving at = inf
   Increment on distance indicator: 5.0
   Increment on tard indicator:     3.0
   Value of tmax indicator:         5.0

Task for patient = 172 with skills = {2,4} and cost = 905.7
   Vehicle #0 = 16, leaving at = 954.0
   Vehicle #1 = 46, leaving at = 994.0
   Increment on distance indicator: 9.0
   Increment on tard indicator:     3.0
   Value of tmax indicator:         9.0

Task for patient = 99 with skills = {4,-1} and cost = 843.7
   Vehicle #0 = 33, leaving at = 921.0
   Vehicle #1 = -1, leaving at = inf
   Increment on distance indicator: 10.0
   Increment on tard indicator:     2.0
   Value of tmax indicator:         10.0

Task for patient = 269 with skills = {3,-1} and cost = 257.3
   Vehicle #0 = 42, leaving at = 804.0
   Vehicle #1 = -1, leaving at = inf
   Increment on distance indicator: 8.0
   Increment on tard indicator:     2.0
   Value of tmax indicator:         8.0

Task for patient = 256 with skills = {5,-1} and cost = 482.0
   Vehicle #0 = 35, leaving at = 669.0
   Vehicle #1 = -1, leaving at = inf
   Increment on distance indicator: 6.0
   Increment on tard indicator:     2.0
   Value of tmax indicator:         6.0

Task for patient = 18 with skills = {4,-1} and cost = 227.0
   Vehicle #0 = 42, leaving at = 664.0
   Vehicle #1 = -1, leaving at = inf
   Increment on distance indicator: 12.0
   Increment on tard indicator:     2.0
   Value of tmax indicator:         12.0

Task for patient = 184 with skills = {1,-1} and cost = 254.0
   Vehicle #0 = 9, leaving at = 741.0
   Vehicle #1 = -1, leaving at = inf
   Increment on distance indicator: 9.0
   Increment on tard indicator:     1.0
   Value of tmax indicator:         9.0

Task for patient = 145 with skills = {4,-1} and cost = 818.3
   Vehicle #0 = 46, leaving at = 877.0
   Vehicle #1 = -1, leaving at = inf
   Increment on distance indicator: 10.0
   Increment on tard indicator:     1.0
   Value of tmax indicator:         10.0

Task for patient = 8 with skills = {1,-1} and cost = 808.7
   Vehicle #0 = 4, leaving at = 912.0
   Vehicle #1 = -1, leaving at = inf
   Increment on distance indicator: 3.0
   Increment on tard indicator:     0.0
   Value of tmax indicator:         3.0

Task for patient = 192 with skills = {0,5} and cost = 814.7
   Vehicle #0 = 28, leaving at = 872.0
   Vehicle #1 = 56, leaving at = 875.0
   Increment on distance indicator: 18.0
   Increment on tard indicator:     0.0
   Value of tmax indicator:         18.0

Task for patient = 235 with skills = {1,-1} and cost = 807.7
   Vehicle #0 = 16, leaving at = 823.0
   Vehicle #1 = -1, leaving at = inf
   Increment on distance indicator: 4.0
   Increment on tard indicator:     0.0
   Value of tmax indicator:         4.0

Task for patient = 224 with skills = {4,-1} and cost = 819.0
   Vehicle #0 = 46, leaving at = 937.0
   Vehicle #1 = -1, leaving at = inf
   Increment on distance indicator: 2.0
   Increment on tard indicator:     0.0
   Value of tmax indicator:         2.0

Task for patient = 153 with skills = {1,-1} and cost = 820.3
   Vehicle #0 = 22, leaving at = 969.0
   Vehicle #1 = -1, leaving at = inf
   Increment on distance indicator: 4.0
   Increment on tard indicator:     0.0
   Value of tmax indicator:         4.0

Task for patient = 257 with skills = {2,3} and cost = 806.3
   Vehicle #0 = 17, leaving at = 901.0
   Vehicle #1 = 43, leaving at = 913.0
   Increment on distance indicator: 17.0
   Increment on tard indicator:     0.0
   Value of tmax indicator:         17.0

Task for patient = 296 with skills = {4,-1} and cost = 800.7
   Vehicle #0 = 43, leaving at = 855.0
   Vehicle #1 = -1, leaving at = inf
   Increment on distance indicator: 6.0
   Increment on tard indicator:     0.0
   Value of tmax indicator:         6.0

Task for patient = 55 with skills = {0,-1} and cost = 822.7
   Vehicle #0 = 12, leaving at = 796.0
   Vehicle #1 = -1, leaving at = inf
   Increment on distance indicator: 7.0
   Increment on tard indicator:     0.0
   Value of tmax indicator:         7.0

Task for patient = 273 with skills = {3,-1} and cost = 826.0
   Vehicle #0 = 48, leaving at = 873.0
   Vehicle #1 = -1, leaving at = inf
   Increment on distance indicator: 10.0
   Increment on tard indicator:     0.0
   Value of tmax indicator:         10.0

Task for patient = 115 with skills = {4,-1} and cost = 828.0
   Vehicle #0 = 42, leaving at = 836.0
   Vehicle #1 = -1, leaving at = inf
   Increment on distance indicator: 6.0
   Increment on tard indicator:     0.0
   Value of tmax indicator:         6.0

Task for patient = 81 with skills = {1,-1} and cost = 829.0
   Vehicle #0 = 25, leaving at = 637.0
   Vehicle #1 = -1, leaving at = inf
   Increment on distance indicator: 3.0
   Increment on tard indicator:     0.0
   Value of tmax indicator:         3.0

Task for patient = 160 with skills = {0,3} and cost = 887.3
   Vehicle #0 = 17, leaving at = 1047.0
   Vehicle #1 = 43, leaving at = 1032.0
   Increment on distance indicator: 8.0
   Increment on tard indicator:     0.0
   Value of tmax indicator:         8.0

Task for patient = 161 with skills = {5,-1} and cost = 879.3
   Vehicle #0 = 38, leaving at = 936.0
   Vehicle #1 = -1, leaving at = inf
   Increment on distance indicator: 2.0
   Increment on tard indicator:     0.0
   Value of tmax indicator:         2.0

Task for patient = 196 with skills = {5,-1} and cost = 878.7
   Vehicle #0 = 44, leaving at = 908.0
   Vehicle #1 = -1, leaving at = inf
   Increment on distance indicator: 5.0
   Increment on tard indicator:     0.0
   Value of tmax indicator:         5.0

Task for patient = 200 with skills = {2,-1} and cost = 877.0
   Vehicle #0 = 4, leaving at = 965.0
   Vehicle #1 = -1, leaving at = inf
   Increment on distance indicator: 4.0
   Increment on tard indicator:     0.0
   Value of tmax indicator:         4.0

Task for patient = 62 with skills = {1,3} and cost = 875.7
   Vehicle #0 = 3, leaving at = 970.0
   Vehicle #1 = 48, leaving at = 966.0
   Increment on distance indicator: 10.0
   Increment on tard indicator:     0.0
   Value of tmax indicator:         10.0

Task for patient = 297 with skills = {0,-1} and cost = 872.3
   Vehicle #0 = 16, leaving at = 843.0
   Vehicle #1 = -1, leaving at = inf
   Increment on distance indicator: 5.0
   Increment on tard indicator:     0.0
   Value of tmax indicator:         5.0

Task for patient = 205 with skills = {1,3} and cost = 870.7
   Vehicle #0 = 17, leaving at = 989.0
   Vehicle #1 = 43, leaving at = 999.0
   Increment on distance indicator: 2.0
   Increment on tard indicator:     0.0
   Value of tmax indicator:         2.0

Task for patient = 126 with skills = {0,-1} and cost = 870.0
   Vehicle #0 = 15, leaving at = 831.0
   Vehicle #1 = -1, leaving at = inf
   Increment on distance indicator: 8.0
   Increment on tard indicator:     0.0
   Value of tmax indicator:         8.0

Task for patient = 236 with skills = {4,-1} and cost = 839.7
   Vehicle #0 = 57, leaving at = 747.0
   Vehicle #1 = -1, leaving at = inf
   Increment on distance indicator: 28.0
   Increment on tard indicator:     0.0
   Value of tmax indicator:         28.0

Task for patient = 64 with skills = {0,3} and cost = 864.3
   Vehicle #0 = 17, leaving at = 937.0
   Vehicle #1 = 43, leaving at = 957.0
   Increment on distance indicator: 6.0
   Increment on tard indicator:     0.0
   Value of tmax indicator:         6.0

Task for patient = 27 with skills = {3,-1} and cost = 862.3
   Vehicle #0 = 41, leaving at = 797.0
   Vehicle #1 = -1, leaving at = inf
   Increment on distance indicator: 18.0
   Increment on tard indicator:     0.0
   Value of tmax indicator:         18.0

Task for patient = 265 with skills = {3,-1} and cost = 856.3
   Vehicle #0 = 31, leaving at = 1041.0
   Vehicle #1 = -1, leaving at = inf
   Increment on distance indicator: 11.0
   Increment on tard indicator:     0.0
   Value of tmax indicator:         11.0

Task for patient = 165 with skills = {1,-1} and cost = 852.7
   Vehicle #0 = 21, leaving at = 946.0
   Vehicle #1 = -1, leaving at = inf
   Increment on distance indicator: 9.0
   Increment on tard indicator:     0.0
   Value of tmax indicator:         9.0

Task for patient = 267 with skills = {0,-1} and cost = 849.7
   Vehicle #0 = 7, leaving at = 964.0
   Vehicle #1 = -1, leaving at = inf
   Increment on distance indicator: 7.0
   Increment on tard indicator:     0.0
   Value of tmax indicator:         7.0

Task for patient = 152 with skills = {3,-1} and cost = 847.3
   Vehicle #0 = 58, leaving at = 858.0
   Vehicle #1 = -1, leaving at = inf
   Increment on distance indicator: 7.0
   Increment on tard indicator:     0.0
   Value of tmax indicator:         7.0

Task for patient = 66 with skills = {3,-1} and cost = 845.0
   Vehicle #0 = 37, leaving at = 909.0
   Vehicle #1 = -1, leaving at = inf
   Increment on distance indicator: 4.0
   Increment on tard indicator:     0.0
   Value of tmax indicator:         4.0

Task for patient = 80 with skills = {4,-1} and cost = 798.7
   Vehicle #0 = 38, leaving at = 891.0
   Vehicle #1 = -1, leaving at = inf
   Increment on distance indicator: 11.0
   Increment on tard indicator:     0.0
   Value of tmax indicator:         11.0

Task for patient = 15 with skills = {1,-1} and cost = 830.3
   Vehicle #0 = 3, leaving at = 932.0
   Vehicle #1 = -1, leaving at = inf
   Increment on distance indicator: 4.0
   Increment on tard indicator:     0.0
   Value of tmax indicator:         4.0

Task for patient = 233 with skills = {3,-1} and cost = 867.3
   Vehicle #0 = 41, leaving at = 908.0
   Vehicle #1 = -1, leaving at = inf
   Increment on distance indicator: 9.0
   Increment on tard indicator:     0.0
   Value of tmax indicator:         9.0

Task for patient = 24 with skills = {1,-1} and cost = 755.3
   Vehicle #0 = 24, leaving at = 800.0
   Vehicle #1 = -1, leaving at = inf
   Increment on distance indicator: 4.0
   Increment on tard indicator:     0.0
   Value of tmax indicator:         4.0

Task for patient = 245 with skills = {1,5} and cost = 754.0
   Vehicle #0 = 17, leaving at = 830.0
   Vehicle #1 = 46, leaving at = 844.0
   Increment on distance indicator: 9.0
   Increment on tard indicator:     0.0
   Value of tmax indicator:         9.0

Task for patient = 142 with skills = {0,-1} and cost = 751.0
   Vehicle #0 = 2, leaving at = 948.0
   Vehicle #1 = -1, leaving at = inf
   Increment on distance indicator: 4.0
   Increment on tard indicator:     0.0
   Value of tmax indicator:         4.0

Task for patient = 108 with skills = {2,-1} and cost = 749.7
   Vehicle #0 = 6, leaving at = 861.0
   Vehicle #1 = -1, leaving at = inf
   Increment on distance indicator: 7.0
   Increment on tard indicator:     0.0
   Value of tmax indicator:         7.0

Task for patient = 206 with skills = {5,-1} and cost = 747.3
   Vehicle #0 = 40, leaving at = 779.0
   Vehicle #1 = -1, leaving at = inf
   Increment on distance indicator: 5.0
   Increment on tard indicator:     0.0
   Value of tmax indicator:         5.0

Task for patient = 158 with skills = {3,-1} and cost = 745.7
   Vehicle #0 = 36, leaving at = 921.0
   Vehicle #1 = -1, leaving at = inf
   Increment on distance indicator: 2.0
   Increment on tard indicator:     0.0
   Value of tmax indicator:         2.0

Task for patient = 4 with skills = {1,4} and cost = 745.0
   Vehicle #0 = 19, leaving at = 839.0
   Vehicle #1 = 33, leaving at = 852.0
   Increment on distance indicator: 9.0
   Increment on tard indicator:     0.0
   Value of tmax indicator:         9.0

Task for patient = 33 with skills = {0,-1} and cost = 742.0
   Vehicle #0 = 28, leaving at = 796.0
   Vehicle #1 = -1, leaving at = inf
   Increment on distance indicator: 13.0
   Increment on tard indicator:     0.0
   Value of tmax indicator:         13.0

Task for patient = 104 with skills = {1,5} and cost = 884.7
   Vehicle #0 = 21, leaving at = 1010.0
   Vehicle #1 = 59, leaving at = 1004.0
   Increment on distance indicator: 16.0
   Increment on tard indicator:     0.0
   Value of tmax indicator:         16.0

Task for patient = 140 with skills = {3,-1} and cost = 736.3
   Vehicle #0 = 52, leaving at = 813.0
   Vehicle #1 = -1, leaving at = inf
   Increment on distance indicator: 4.0
   Increment on tard indicator:     0.0
   Value of tmax indicator:         4.0

Task for patient = 106 with skills = {0,-1} and cost = 724.7
   Vehicle #0 = 11, leaving at = 847.0
   Vehicle #1 = -1, leaving at = inf
   Increment on distance indicator: 6.0
   Increment on tard indicator:     0.0
   Value of tmax indicator:         6.0

Task for patient = 234 with skills = {3,-1} and cost = 722.7
   Vehicle #0 = 43, leaving at = 814.0
   Vehicle #1 = -1, leaving at = inf
   Increment on distance indicator: 4.0
   Increment on tard indicator:     0.0
   Value of tmax indicator:         4.0

Task for patient = 26 with skills = {1,-1} and cost = 721.3
   Vehicle #0 = 23, leaving at = 861.0
   Vehicle #1 = -1, leaving at = inf
   Increment on distance indicator: 6.0
   Increment on tard indicator:     0.0
   Value of tmax indicator:         6.0

Task for patient = 51 with skills = {1,-1} and cost = 719.3
   Vehicle #0 = 24, leaving at = 774.0
   Vehicle #1 = -1, leaving at = inf
   Increment on distance indicator: 5.0
   Increment on tard indicator:     0.0
   Value of tmax indicator:         5.0

Task for patient = 285 with skills = {0,-1} and cost = 717.7
   Vehicle #0 = 21, leaving at = 846.0
   Vehicle #1 = -1, leaving at = inf
   Increment on distance indicator: 10.0
   Increment on tard indicator:     0.0
   Value of tmax indicator:         10.0

Task for patient = 91 with skills = {1,4} and cost = 714.3
   Vehicle #0 = 16, leaving at = 728.0
   Vehicle #1 = 33, leaving at = 783.0
   Increment on distance indicator: 21.0
   Increment on tard indicator:     0.0
   Value of tmax indicator:         21.0

Task for patient = 163 with skills = {0,-1} and cost = 707.3
   Vehicle #0 = 21, leaving at = 816.0
   Vehicle #1 = -1, leaving at = inf
   Increment on distance indicator: 9.0
   Increment on tard indicator:     0.0
   Value of tmax indicator:         9.0

Task for patient = 70 with skills = {5,-1} and cost = 704.3
   Vehicle #0 = 59, leaving at = 862.0
   Vehicle #1 = -1, leaving at = inf
   Increment on distance indicator: 6.0
   Increment on tard indicator:     0.0
   Value of tmax indicator:         6.0

Task for patient = 221 with skills = {3,-1} and cost = 737.7
   Vehicle #0 = 31, leaving at = 1004.0
   Vehicle #1 = -1, leaving at = inf
   Increment on distance indicator: 4.0
   Increment on tard indicator:     0.0
   Value of tmax indicator:         4.0

Task for patient = 258 with skills = {1,-1} and cost = 795.0
   Vehicle #0 = 25, leaving at = 573.0
   Vehicle #1 = -1, leaving at = inf
   Increment on distance indicator: 2.0
   Increment on tard indicator:     0.0
   Value of tmax indicator:         2.0

Task for patient = 58 with skills = {4,-1} and cost = 794.3
   Vehicle #0 = 45, leaving at = 917.0
   Vehicle #1 = -1, leaving at = inf
   Increment on distance indicator: 5.0
   Increment on tard indicator:     0.0
   Value of tmax indicator:         5.0

Task for patient = 69 with skills = {2,4} and cost = 792.7
   Vehicle #0 = 4, leaving at = 854.0
   Vehicle #1 = 50, leaving at = 880.0
   Increment on distance indicator: 11.0
   Increment on tard indicator:     0.0
   Value of tmax indicator:         11.0

Task for patient = 83 with skills = {4,-1} and cost = 789.0
   Vehicle #0 = 51, leaving at = 878.0
   Vehicle #1 = -1, leaving at = inf
   Increment on distance indicator: 6.0
   Increment on tard indicator:     0.0
   Value of tmax indicator:         6.0

Task for patient = 52 with skills = {2,5} and cost = 787.0
   Vehicle #0 = 21, leaving at = 897.0
   Vehicle #1 = 59, leaving at = 913.0
   Increment on distance indicator: 9.0
   Increment on tard indicator:     0.0
   Value of tmax indicator:         9.0

Task for patient = 147 with skills = {3,-1} and cost = 784.0
   Vehicle #0 = 34, leaving at = 939.0
   Vehicle #1 = -1, leaving at = inf
   Increment on distance indicator: 3.0
   Increment on tard indicator:     0.0
   Value of tmax indicator:         3.0

Task for patient = 132 with skills = {1,-1} and cost = 783.0
   Vehicle #0 = 27, leaving at = 529.0
   Vehicle #1 = -1, leaving at = inf
   Increment on distance indicator: 0.0
   Increment on tard indicator:     0.0
   Value of tmax indicator:         0.0

Task for patient = 56 with skills = {2,-1} and cost = 783.0
   Vehicle #0 = 14, leaving at = 963.0
   Vehicle #1 = -1, leaving at = inf
   Increment on distance indicator: 3.0
   Increment on tard indicator:     0.0
   Value of tmax indicator:         3.0

Task for patient = 222 with skills = {1,3} and cost = 758.7
   Vehicle #0 = 8, leaving at = 853.0
   Vehicle #1 = 45, leaving at = 887.0
   Increment on distance indicator: 10.0
   Increment on tard indicator:     0.0
   Value of tmax indicator:         10.0

Task for patient = 150 with skills = {2,-1} and cost = 776.0
   Vehicle #0 = 2, leaving at = 1012.0
   Vehicle #1 = -1, leaving at = inf
   Increment on distance indicator: 4.0
   Increment on tard indicator:     0.0
   Value of tmax indicator:         4.0

Task for patient = 197 with skills = {5,-1} and cost = 774.7
   Vehicle #0 = 56, leaving at = 770.0
   Vehicle #1 = -1, leaving at = inf
   Increment on distance indicator: 9.0
   Increment on tard indicator:     0.0
   Value of tmax indicator:         9.0

Task for patient = 120 with skills = {5,-1} and cost = 771.7
   Vehicle #0 = 40, leaving at = 840.0
   Vehicle #1 = -1, leaving at = inf
   Increment on distance indicator: 4.0
   Increment on tard indicator:     0.0
   Value of tmax indicator:         4.0

Task for patient = 193 with skills = {0,-1} and cost = 770.3
   Vehicle #0 = 11, leaving at = 868.0
   Vehicle #1 = -1, leaving at = inf
   Increment on distance indicator: 5.0
   Increment on tard indicator:     0.0
   Value of tmax indicator:         5.0

Task for patient = 73 with skills = {1,-1} and cost = 768.7
   Vehicle #0 = 23, leaving at = 923.0
   Vehicle #1 = -1, leaving at = inf
   Increment on distance indicator: 4.0
   Increment on tard indicator:     0.0
   Value of tmax indicator:         4.0

Task for patient = 229 with skills = {5,-1} and cost = 767.3
   Vehicle #0 = 34, leaving at = 920.0
   Vehicle #1 = -1, leaving at = inf
   Increment on distance indicator: 6.0
   Increment on tard indicator:     0.0
   Value of tmax indicator:         6.0

Task for patient = 210 with skills = {2,-1} and cost = 765.3
   Vehicle #0 = 14, leaving at = 906.0
   Vehicle #1 = -1, leaving at = inf
   Increment on distance indicator: 4.0
   Increment on tard indicator:     0.0
   Value of tmax indicator:         4.0

Task for patient = 11 with skills = {3,-1} and cost = 764.0
   Vehicle #0 = 54, leaving at = 741.0
   Vehicle #1 = -1, leaving at = inf
   Increment on distance indicator: 7.0
   Increment on tard indicator:     0.0
   Value of tmax indicator:         7.0

Task for patient = 124 with skills = {3,-1} and cost = 761.7
   Vehicle #0 = 52, leaving at = 882.0
   Vehicle #1 = -1, leaving at = inf
   Increment on distance indicator: 9.0
   Increment on tard indicator:     0.0
   Value of tmax indicator:         9.0

Task for patient = 155 with skills = {0,-1} and cost = 779.0
   Vehicle #0 = 19, leaving at = 898.0
   Vehicle #1 = -1, leaving at = inf
   Increment on distance indicator: 9.0
   Increment on tard indicator:     0.0
   Value of tmax indicator:         9.0

Task for patient = 57 with skills = {1,5} and cost = 1042.3
   Vehicle #0 = 1, leaving at = 1022.0
   Vehicle #1 = 57, leaving at = 1033.0
   Increment on distance indicator: 19.0
   Increment on tard indicator:     0.0
   Value of tmax indicator:         19.0

Task for patient = 118 with skills = {2,-1} and cost = 1036.0
   Vehicle #0 = 10, leaving at = 1014.0
   Vehicle #1 = -1, leaving at = inf
   Increment on distance indicator: 4.0
   Increment on tard indicator:     0.0
   Value of tmax indicator:         4.0

Task for patient = 68 with skills = {4,-1} and cost = 1034.7
   Vehicle #0 = 50, leaving at = 913.0
   Vehicle #1 = -1, leaving at = inf
   Increment on distance indicator: 6.0
   Increment on tard indicator:     0.0
   Value of tmax indicator:         6.0

Task for patient = 125 with skills = {1,-1} and cost = 1032.7
   Vehicle #0 = 10, leaving at = 954.0
   Vehicle #1 = -1, leaving at = inf
   Increment on distance indicator: 16.0
   Increment on tard indicator:     0.0
   Value of tmax indicator:         16.0

Task for patient = 94 with skills = {2,3} and cost = 1027.3
   Vehicle #0 = 9, leaving at = 980.0
   Vehicle #1 = 37, leaving at = 996.0
   Increment on distance indicator: 8.0
   Increment on tard indicator:     0.0
   Value of tmax indicator:         8.0

Task for patient = 85 with skills = {4,-1} and cost = 1024.7
   Vehicle #0 = 42, leaving at = 984.0
   Vehicle #1 = -1, leaving at = inf
   Increment on distance indicator: 10.0
   Increment on tard indicator:     0.0
   Value of tmax indicator:         10.0

Task for patient = 220 with skills = {4,-1} and cost = 1021.3
   Vehicle #0 = 48, leaving at = 1065.0
   Vehicle #1 = -1, leaving at = inf
   Increment on distance indicator: 4.0
   Increment on tard indicator:     0.0
   Value of tmax indicator:         4.0

Task for patient = 201 with skills = {2,3} and cost = 1020.0
   Vehicle #0 = 2, leaving at = 1113.0
   Vehicle #1 = 51, leaving at = 1104.0
   Increment on distance indicator: 12.0
   Increment on tard indicator:     0.0
   Value of tmax indicator:         12.0

Task for patient = 82 with skills = {0,-1} and cost = 891.7
   Vehicle #0 = 18, leaving at = 595.0
   Vehicle #1 = -1, leaving at = inf
   Increment on distance indicator: 5.0
   Increment on tard indicator:     0.0
   Value of tmax indicator:         5.0

Task for patient = 28 with skills = {1,5} and cost = 1014.0
   Vehicle #0 = 4, leaving at = 1046.0
   Vehicle #1 = 44, leaving at = 1085.0
   Increment on distance indicator: 6.0
   Increment on tard indicator:     0.0
   Value of tmax indicator:         6.0

Task for patient = 121 with skills = {0,-1} and cost = 1012.0
   Vehicle #0 = 7, leaving at = 1046.0
   Vehicle #1 = -1, leaving at = inf
   Increment on distance indicator: 5.0
   Increment on tard indicator:     0.0
   Value of tmax indicator:         5.0

Task for patient = 244 with skills = {4,-1} and cost = 1010.3
   Vehicle #0 = 34, leaving at = 977.0
   Vehicle #1 = -1, leaving at = inf
   Increment on distance indicator: 7.0
   Increment on tard indicator:     0.0
   Value of tmax indicator:         7.0

Task for patient = 287 with skills = {1,4} and cost = 1008.0
   Vehicle #0 = 13, leaving at = 1086.0
   Vehicle #1 = 52, leaving at = 1061.0
   Increment on distance indicator: 5.0
   Increment on tard indicator:     0.0
   Value of tmax indicator:         5.0

Task for patient = 198 with skills = {2,4} and cost = 1006.3
   Vehicle #0 = 9, leaving at = 927.0
   Vehicle #1 = 52, leaving at = 957.0
   Increment on distance indicator: 10.0
   Increment on tard indicator:     0.0
   Value of tmax indicator:         10.0

Task for patient = 98 with skills = {2,-1} and cost = 1003.0
   Vehicle #0 = 21, leaving at = 1055.0
   Vehicle #1 = -1, leaving at = inf
   Increment on distance indicator: 4.0
   Increment on tard indicator:     0.0
   Value of tmax indicator:         4.0

Task for patient = 134 with skills = {0,4} and cost = 1001.7
   Vehicle #0 = 28, leaving at = 1066.0
   Vehicle #1 = 46, leaving at = 1097.0
   Increment on distance indicator: 11.0
   Increment on tard indicator:     0.0
   Value of tmax indicator:         11.0

Task for patient = 29 with skills = {0,5} and cost = 998.0
   Vehicle #0 = 13, leaving at = 1032.0
   Vehicle #1 = 32, leaving at = 1039.0
   Increment on distance indicator: 9.0
   Increment on tard indicator:     0.0
   Value of tmax indicator:         9.0

Task for patient = 154 with skills = {1,5} and cost = 1016.0
   Vehicle #0 = 14, leaving at = 1002.0
   Vehicle #1 = 38, leaving at = 1000.0
   Increment on distance indicator: 6.0
   Increment on tard indicator:     0.0
   Value of tmax indicator:         6.0

Task for patient = 31 with skills = {1,3} and cost = 1103.7
   Vehicle #0 = 8, leaving at = 1064.0
   Vehicle #1 = 54, leaving at = 1061.0
   Increment on distance indicator: 10.0
   Increment on tard indicator:     0.0
   Value of tmax indicator:         10.0

Task for patient = 159 with skills = {0,-1} and cost = 1100.3
   Vehicle #0 = 16, leaving at = 1093.0
   Vehicle #1 = -1, leaving at = inf
   Increment on distance indicator: 4.0
   Increment on tard indicator:     0.0
   Value of tmax indicator:         4.0

Task for patient = 211 with skills = {2,-1} and cost = 1099.0
   Vehicle #0 = 19, leaving at = 958.0
   Vehicle #1 = -1, leaving at = inf
   Increment on distance indicator: 17.0
   Increment on tard indicator:     0.0
   Value of tmax indicator:         17.0

Task for patient = 228 with skills = {2,5} and cost = 1093.3
   Vehicle #0 = 17, leaving at = 1087.0
   Vehicle #1 = 43, leaving at = 1112.0
   Increment on distance indicator: 2.0
   Increment on tard indicator:     0.0
   Value of tmax indicator:         2.0

Task for patient = 242 with skills = {2,-1} and cost = 1092.7
   Vehicle #0 = 10, leaving at = 1064.0
   Vehicle #1 = -1, leaving at = inf
   Increment on distance indicator: 9.0
   Increment on tard indicator:     0.0
   Value of tmax indicator:         9.0

Task for patient = 78 with skills = {1,3} and cost = 1089.7
   Vehicle #0 = 21, leaving at = 1117.0
   Vehicle #1 = 59, leaving at = 1087.0
   Increment on distance indicator: 7.0
   Increment on tard indicator:     0.0
   Value of tmax indicator:         7.0

Task for patient = 240 with skills = {4,-1} and cost = 1087.3
   Vehicle #0 = 33, leaving at = 958.0
   Vehicle #1 = -1, leaving at = inf
   Increment on distance indicator: 13.0
   Increment on tard indicator:     0.0
   Value of tmax indicator:         13.0

Task for patient = 271 with skills = {0,5} and cost = 1083.0
   Vehicle #0 = 12, leaving at = 965.0
   Vehicle #1 = 40, leaving at = 1008.0
   Increment on distance indicator: 8.0
   Increment on tard indicator:     0.0
   Value of tmax indicator:         8.0

Task for patient = 77 with skills = {0,-1} and cost = 1046.7
   Vehicle #0 = 18, leaving at = 911.0
   Vehicle #1 = -1, leaving at = inf
   Increment on distance indicator: 13.0
   Increment on tard indicator:     0.0
   Value of tmax indicator:         13.0

Task for patient = 101 with skills = {5,-1} and cost = 1079.7
   Vehicle #0 = 56, leaving at = 964.0
   Vehicle #1 = -1, leaving at = inf
   Increment on distance indicator: 5.0
   Increment on tard indicator:     0.0
   Value of tmax indicator:         5.0

Task for patient = 105 with skills = {1,5} and cost = 1078.0
   Vehicle #0 = 8, leaving at = 1002.0
   Vehicle #1 = 35, leaving at = 978.0
   Increment on distance indicator: 8.0
   Increment on tard indicator:     0.0
   Value of tmax indicator:         8.0

Task for patient = 59 with skills = {0,-1} and cost = 1075.3
   Vehicle #0 = 7, leaving at = 1095.0
   Vehicle #1 = -1, leaving at = inf
   Increment on distance indicator: 7.0
   Increment on tard indicator:     0.0
   Value of tmax indicator:         7.0

Task for patient = 25 with skills = {0,5} and cost = 1073.0
   Vehicle #0 = 3, leaving at = 1061.0
   Vehicle #1 = 32, leaving at = 1100.0
   Increment on distance indicator: 18.0
   Increment on tard indicator:     0.0
   Value of tmax indicator:         18.0

Task for patient = 129 with skills = {0,-1} and cost = 1067.0
   Vehicle #0 = 12, leaving at = 892.0
   Vehicle #1 = -1, leaving at = inf
   Increment on distance indicator: 6.0
   Increment on tard indicator:     0.0
   Value of tmax indicator:         6.0

Task for patient = 243 with skills = {3,-1} and cost = 1059.7
   Vehicle #0 = 58, leaving at = 917.0
   Vehicle #1 = -1, leaving at = inf
   Increment on distance indicator: 13.0
   Increment on tard indicator:     0.0
   Value of tmax indicator:         13.0

Task for patient = 175 with skills = {1,3} and cost = 1055.3
   Vehicle #0 = 1, leaving at = 1056.0
   Vehicle #1 = 37, leaving at = 1077.0
   Increment on distance indicator: 15.0
   Increment on tard indicator:     0.0
   Value of tmax indicator:         15.0

Task for patient = 86 with skills = {0,5} and cost = 1050.3
   Vehicle #0 = 15, leaving at = 924.0
   Vehicle #1 = 35, leaving at = 899.0
   Increment on distance indicator: 11.0
   Increment on tard indicator:     0.0
   Value of tmax indicator:         11.0

Task for patient = 130 with skills = {0,-1} and cost = 1080.3
   Vehicle #0 = 14, leaving at = 1059.0
   Vehicle #1 = -1, leaving at = inf
   Increment on distance indicator: 2.0
   Increment on tard indicator:     0.0
   Value of tmax indicator:         2.0

Task for patient = 60 with skills = {2,3} and cost = 937.7
   Vehicle #0 = 2, leaving at = 1036.0
   Vehicle #1 = 51, leaving at = 1062.0
   Increment on distance indicator: 6.0
   Increment on tard indicator:     0.0
   Value of tmax indicator:         6.0

Task for patient = 30 with skills = {0,4} and cost = 935.7
   Vehicle #0 = 28, leaving at = 899.0
   Vehicle #1 = 56, leaving at = 915.0
   Increment on distance indicator: 12.0
   Increment on tard indicator:     0.0
   Value of tmax indicator:         12.0

Task for patient = 191 with skills = {0,-1} and cost = 931.7
   Vehicle #0 = 18, leaving at = 711.0
   Vehicle #1 = -1, leaving at = inf
   Increment on distance indicator: 6.0
   Increment on tard indicator:     0.0
   Value of tmax indicator:         6.0

Task for patient = 93 with skills = {2,3} and cost = 929.7
   Vehicle #0 = 10, leaving at = 903.0
   Vehicle #1 = 42, leaving at = 936.0
   Increment on distance indicator: 22.0
   Increment on tard indicator:     0.0
   Value of tmax indicator:         22.0

Task for patient = 250 with skills = {1,-1} and cost = 922.3
   Vehicle #0 = 25, leaving at = 756.0
   Vehicle #1 = -1, leaving at = inf
   Increment on distance indicator: 7.0
   Increment on tard indicator:     0.0
   Value of tmax indicator:         7.0

Task for patient = 97 with skills = {5,-1} and cost = 920.0
   Vehicle #0 = 30, leaving at = 1010.0
   Vehicle #1 = -1, leaving at = inf
   Increment on distance indicator: 19.0
   Increment on tard indicator:     0.0
   Value of tmax indicator:         19.0

Task for patient = 186 with skills = {0,-1} and cost = 913.7
   Vehicle #0 = 13, leaving at = 872.0
   Vehicle #1 = -1, leaving at = inf
   Increment on distance indicator: 4.0
   Increment on tard indicator:     0.0
   Value of tmax indicator:         4.0

Task for patient = 72 with skills = {2,4} and cost = 912.3
   Vehicle #0 = 6, leaving at = 963.0
   Vehicle #1 = 45, leaving at = 949.0
   Increment on distance indicator: 9.0
   Increment on tard indicator:     0.0
   Value of tmax indicator:         9.0

Task for patient = 156 with skills = {2,3} and cost = 995.0
   Vehicle #0 = 4, leaving at = 1003.0
   Vehicle #1 = 48, leaving at = 1041.0
   Increment on distance indicator: 14.0
   Increment on tard indicator:     0.0
   Value of tmax indicator:         14.0

Task for patient = 261 with skills = {1,-1} and cost = 909.0
   Vehicle #0 = 3, leaving at = 988.0
   Vehicle #1 = -1, leaving at = inf
   Increment on distance indicator: 3.0
   Increment on tard indicator:     0.0
   Value of tmax indicator:         3.0

Task for patient = 230 with skills = {2,4} and cost = 908.0
   Vehicle #0 = 10, leaving at = 862.0
   Vehicle #1 = 57, leaving at = 852.0
   Increment on distance indicator: 7.0
   Increment on tard indicator:     0.0
   Value of tmax indicator:         7.0

Task for patient = 283 with skills = {0,-1} and cost = 901.7
   Vehicle #0 = 13, leaving at = 835.0
   Vehicle #1 = -1, leaving at = inf
   Increment on distance indicator: 18.0
   Increment on tard indicator:     0.0
   Value of tmax indicator:         18.0

Task for patient = 157 with skills = {5,-1} and cost = 895.7
   Vehicle #0 = 30, leaving at = 967.0
   Vehicle #1 = -1, leaving at = inf
   Increment on distance indicator: 5.0
   Increment on tard indicator:     0.0
   Value of tmax indicator:         5.0

Task for patient = 215 with skills = {0,3} and cost = 894.0
   Vehicle #0 = 24, leaving at = 986.0
   Vehicle #1 = 48, leaving at = 993.0
   Increment on distance indicator: 7.0
   Increment on tard indicator:     0.0
   Value of tmax indicator:         7.0

Task for patient = 9 with skills = {2,-1} and cost = 702.3
   Vehicle #0 = 28, leaving at = 742.0
   Vehicle #1 = -1, leaving at = inf
   Increment on distance indicator: 7.0
   Increment on tard indicator:     0.0
   Value of tmax indicator:         7.0

Task for patient = 119 with skills = {4,-1} and cost = 890.0
   Vehicle #0 = 31, leaving at = 1083.0
   Vehicle #1 = -1, leaving at = inf
   Increment on distance indicator: 3.0
   Increment on tard indicator:     0.0
   Value of tmax indicator:         3.0

Task for patient = 53 with skills = {1,5} and cost = 889.0
   Vehicle #0 = 23, leaving at = 968.0
   Vehicle #1 = 32, leaving at = 968.0
   Increment on distance indicator: 5.0
   Increment on tard indicator:     0.0
   Value of tmax indicator:         5.0

Task for patient = 36 with skills = {5,-1} and cost = 909.3
   Vehicle #0 = 32, leaving at = 989.0
   Vehicle #1 = -1, leaving at = inf
   Increment on distance indicator: 1.0
   Increment on tard indicator:     0.0
   Value of tmax indicator:         1.0

Task for patient = 202 with skills = {1,4} and cost = 990.3
   Vehicle #0 = 11, leaving at = 1051.0
   Vehicle #1 = 45, leaving at = 1064.0
   Increment on distance indicator: 20.0
   Increment on tard indicator:     0.0
   Value of tmax indicator:         20.0

Task for patient = 19 with skills = {5,-1} and cost = 983.7
   Vehicle #0 = 57, leaving at = 952.0
   Vehicle #1 = -1, leaving at = inf
   Increment on distance indicator: 12.0
   Increment on tard indicator:     0.0
   Value of tmax indicator:         12.0

Task for patient = 50 with skills = {2,5} and cost = 979.7
   Vehicle #0 = 16, leaving at = 1034.0
   Vehicle #1 = 44, leaving at = 1021.0
   Increment on distance indicator: 6.0
   Increment on tard indicator:     0.0
   Value of tmax indicator:         6.0

Task for patient = 239 with skills = {5,-1} and cost = 977.7
   Vehicle #0 = 40, leaving at = 945.0
   Vehicle #1 = -1, leaving at = inf
   Increment on distance indicator: 7.0
   Increment on tard indicator:     0.0
   Value of tmax indicator:         7.0

Task for patient = 40 with skills = {4,-1} and cost = 975.3
   Vehicle #0 = 45, leaving at = 1010.0
   Vehicle #1 = -1, leaving at = inf
   Increment on distance indicator: 2.0
   Increment on tard indicator:     0.0
   Value of tmax indicator:         2.0

Task for patient = 44 with skills = {0,3} and cost = 974.7
   Vehicle #0 = 18, leaving at = 879.0
   Vehicle #1 = 58, leaving at = 885.0
   Increment on distance indicator: 12.0
   Increment on tard indicator:     0.0
   Value of tmax indicator:         12.0

Task for patient = 139 with skills = {5,-1} and cost = 970.7
   Vehicle #0 = 40, leaving at = 883.0
   Vehicle #1 = -1, leaving at = inf
   Increment on distance indicator: 12.0
   Increment on tard indicator:     0.0
   Value of tmax indicator:         12.0

Task for patient = 247 with skills = {0,3} and cost = 966.7
   Vehicle #0 = 13, leaving at = 933.0
   Vehicle #1 = 52, leaving at = 920.0
   Increment on distance indicator: 7.0
   Increment on tard indicator:     0.0
   Value of tmax indicator:         7.0

Task for patient = 299 with skills = {5,-1} and cost = 939.3
   Vehicle #0 = 44, leaving at = 939.0
   Vehicle #1 = -1, leaving at = inf
   Increment on distance indicator: 5.0
   Increment on tard indicator:     0.0
   Value of tmax indicator:         5.0

Task for patient = 195 with skills = {2,-1} and cost = 963.7
   Vehicle #0 = 20, leaving at = 724.0
   Vehicle #1 = -1, leaving at = inf
   Increment on distance indicator: 19.0
   Increment on tard indicator:     0.0
   Value of tmax indicator:         19.0

Task for patient = 187 with skills = {3,-1} and cost = 957.3
   Vehicle #0 = 36, leaving at = 951.0
   Vehicle #1 = -1, leaving at = inf
   Increment on distance indicator: 5.0
   Increment on tard indicator:     0.0
   Value of tmax indicator:         5.0

Task for patient = 1 with skills = {1,-1} and cost = 955.7
   Vehicle #0 = 24, leaving at = 1047.0
   Vehicle #1 = -1, leaving at = inf
   Increment on distance indicator: 5.0
   Increment on tard indicator:     0.0
   Value of tmax indicator:         5.0

Task for patient = 148 with skills = {2,-1} and cost = 951.3
   Vehicle #0 = 28, leaving at = 960.0
   Vehicle #1 = -1, leaving at = inf
   Increment on distance indicator: 5.0
   Increment on tard indicator:     0.0
   Value of tmax indicator:         5.0

Task for patient = 22 with skills = {1,-1} and cost = 949.7
   Vehicle #0 = 3, leaving at = 1018.0
   Vehicle #1 = -1, leaving at = inf
   Increment on distance indicator: 7.0
   Increment on tard indicator:     0.0
   Value of tmax indicator:         7.0

Task for patient = 136 with skills = {2,-1} and cost = 947.3
   Vehicle #0 = 6, leaving at = 994.0
   Vehicle #1 = -1, leaving at = inf
   Increment on distance indicator: 6.0
   Increment on tard indicator:     0.0
   Value of tmax indicator:         6.0

Task for patient = 111 with skills = {2,-1} and cost = 945.3
   Vehicle #0 = 16, leaving at = 984.0
   Vehicle #1 = -1, leaving at = inf
   Increment on distance indicator: 7.0
   Increment on tard indicator:     0.0
   Value of tmax indicator:         7.0

Task for patient = 227 with skills = {2,-1} and cost = 943.0
   Vehicle #0 = 1, leaving at = 989.0
   Vehicle #1 = -1, leaving at = inf
   Increment on distance indicator: 3.0
   Increment on tard indicator:     0.0
   Value of tmax indicator:         3.0

Task for patient = 290 with skills = {0,4} and cost = 942.0
   Vehicle #0 = 7, leaving at = 1021.0
   Vehicle #1 = 39, leaving at = 1024.0
   Increment on distance indicator: 8.0
   Increment on tard indicator:     0.0
   Value of tmax indicator:         8.0

Task for patient = 87 with skills = {5,-1} and cost = 964.3
   Vehicle #0 = 35, leaving at = 702.0
   Vehicle #1 = -1, leaving at = inf
   Increment on distance indicator: 2.0
   Increment on tard indicator:     0.0
   Value of tmax indicator:         2.0

Task for patient = 181 with skills = {1,-1} and cost = 298.7
   Vehicle #0 = 13, leaving at = 609.0
   Vehicle #1 = -1, leaving at = inf
   Increment on distance indicator: 21.0
   Increment on tard indicator:     0.0
   Value of tmax indicator:         21.0

Task for patient = 137 with skills = {4,-1} and cost = 291.7
   Vehicle #0 = 43, leaving at = 513.0
   Vehicle #1 = -1, leaving at = inf
   Increment on distance indicator: 33.0
   Increment on tard indicator:     0.0
   Value of tmax indicator:         33.0

Task for patient = 293 with skills = {0,-1} and cost = 280.7
   Vehicle #0 = 4, leaving at = 781.0
   Vehicle #1 = -1, leaving at = inf
   Increment on distance indicator: 2.0
   Increment on tard indicator:     0.0
   Value of tmax indicator:         2.0

Task for patient = 10 with skills = {1,4} and cost = 280.0
   Vehicle #0 = 10, leaving at = 784.0
   Vehicle #1 = 39, leaving at = 823.0
   Increment on distance indicator: 16.0
   Increment on tard indicator:     0.0
   Value of tmax indicator:         16.0

Task for patient = 216 with skills = {3,-1} and cost = 274.7
   Vehicle #0 = 31, leaving at = 855.0
   Vehicle #1 = -1, leaving at = inf
   Increment on distance indicator: 15.0
   Increment on tard indicator:     0.0
   Value of tmax indicator:         15.0

Task for patient = 266 with skills = {0,-1} and cost = 269.7
   Vehicle #0 = 3, leaving at = 898.0
   Vehicle #1 = -1, leaving at = inf
   Increment on distance indicator: 4.0
   Increment on tard indicator:     0.0
   Value of tmax indicator:         4.0

Task for patient = 212 with skills = {0,5} and cost = 268.3
   Vehicle #0 = 12, leaving at = 609.0
   Vehicle #1 = 35, leaving at = 641.0
   Increment on distance indicator: 14.0
   Increment on tard indicator:     0.0
   Value of tmax indicator:         14.0

Task for patient = 135 with skills = {0,-1} and cost = 263.7
   Vehicle #0 = 12, leaving at = 574.0
   Vehicle #1 = -1, leaving at = inf
   Increment on distance indicator: 9.0
   Increment on tard indicator:     0.0
   Value of tmax indicator:         9.0

Task for patient = 282 with skills = {1,3} and cost = 698.7
   Vehicle #0 = 24, leaving at = 740.0
   Vehicle #1 = 52, leaving at = 773.0
   Increment on distance indicator: 26.0
   Increment on tard indicator:     0.0
   Value of tmax indicator:         26.0

Task for patient = 17 with skills = {4,-1} and cost = 250.7
   Vehicle #0 = 42, leaving at = 752.0
   Vehicle #1 = -1, leaving at = inf
   Increment on distance indicator: 11.0
   Increment on tard indicator:     0.0
   Value of tmax indicator:         11.0

Task for patient = 143 with skills = {2,-1} and cost = 247.0
   Vehicle #0 = 4, leaving at = 750.0
   Vehicle #1 = -1, leaving at = inf
   Increment on distance indicator: 11.0
   Increment on tard indicator:     0.0
   Value of tmax indicator:         11.0

Task for patient = 182 with skills = {2,5} and cost = 243.3
   Vehicle #0 = 5, leaving at = 817.0
   Vehicle #1 = 38, leaving at = 837.0
   Increment on distance indicator: 24.0
   Increment on tard indicator:     0.0
   Value of tmax indicator:         24.0

Task for patient = 117 with skills = {2,-1} and cost = 235.3
   Vehicle #0 = 9, leaving at = 686.0
   Vehicle #1 = -1, leaving at = inf
   Increment on distance indicator: 10.0
   Increment on tard indicator:     0.0
   Value of tmax indicator:         10.0

Task for patient = 6 with skills = {3,-1} and cost = 232.0
   Vehicle #0 = 42, leaving at = 706.0
   Vehicle #1 = -1, leaving at = inf
   Increment on distance indicator: 9.0
   Increment on tard indicator:     0.0
   Value of tmax indicator:         9.0

Task for patient = 262 with skills = {1,-1} and cost = 229.0
   Vehicle #0 = 8, leaving at = 685.0
   Vehicle #1 = -1, leaving at = inf
   Increment on distance indicator: 6.0
   Increment on tard indicator:     0.0
   Value of tmax indicator:         6.0

Task for patient = 270 with skills = {2,-1} and cost = 221.7
   Vehicle #0 = 5, leaving at = 763.0
   Vehicle #1 = -1, leaving at = inf
   Increment on distance indicator: 4.0
   Increment on tard indicator:     0.0
   Value of tmax indicator:         4.0

Task for patient = 252 with skills = {4,-1} and cost = 220.3
   Vehicle #0 = 42, leaving at = 632.0
   Vehicle #1 = -1, leaving at = inf
   Increment on distance indicator: 5.0
   Increment on tard indicator:     0.0
   Value of tmax indicator:         5.0

Task for patient = 116 with skills = {1,5} and cost = 260.7
   Vehicle #0 = 9, leaving at = 795.0
   Vehicle #1 = 32, leaving at = 811.0
   Increment on distance indicator: 10.0
   Increment on tard indicator:     0.0
   Value of tmax indicator:         10.0

Task for patient = 183 with skills = {5,-1} and cost = 376.7
   Vehicle #0 = 41, leaving at = 717.0
   Vehicle #1 = -1, leaving at = inf
   Increment on distance indicator: 9.0
   Increment on tard indicator:     0.0
   Value of tmax indicator:         9.0

Task for patient = 217 with skills = {5,-1} and cost = 373.7
   Vehicle #0 = 46, leaving at = 705.0
   Vehicle #1 = -1, leaving at = inf
   Increment on distance indicator: 6.0
   Increment on tard indicator:     0.0
   Value of tmax indicator:         6.0

Task for patient = 241 with skills = {3,-1} and cost = 371.7
   Vehicle #0 = 37, leaving at = 770.0
   Vehicle #1 = -1, leaving at = inf
   Increment on distance indicator: 8.0
   Increment on tard indicator:     0.0
   Value of tmax indicator:         8.0

Task for patient = 284 with skills = {0,4} and cost = 369.0
   Vehicle #0 = 7, leaving at = 848.0
   Vehicle #1 = 39, leaving at = 874.0
   Increment on distance indicator: 15.0
   Increment on tard indicator:     0.0
   Value of tmax indicator:         15.0

Task for patient = 103 with skills = {3,-1} and cost = 364.0
   Vehicle #0 = 36, leaving at = 806.0
   Vehicle #1 = -1, leaving at = inf
   Increment on distance indicator: 6.0
   Increment on tard indicator:     0.0
   Value of tmax indicator:         6.0

Task for patient = 176 with skills = {1,-1} and cost = 362.0
   Vehicle #0 = 2, leaving at = 843.0
   Vehicle #1 = -1, leaving at = inf
   Increment on distance indicator: 3.0
   Increment on tard indicator:     0.0
   Value of tmax indicator:         3.0

Task for patient = 237 with skills = {2,3} and cost = 361.0
   Vehicle #0 = 13, leaving at = 686.0
   Vehicle #1 = 43, leaving at = 666.0
   Increment on distance indicator: 18.0
   Increment on tard indicator:     0.0
   Value of tmax indicator:         18.0

Task for patient = 298 with skills = {3,-1} and cost = 355.0
   Vehicle #0 = 37, leaving at = 723.0
   Vehicle #1 = -1, leaving at = inf
   Increment on distance indicator: 9.0
   Increment on tard indicator:     0.0
   Value of tmax indicator:         9.0

Task for patient = 141 with skills = {3,-1} and cost = 303.0
   Vehicle #0 = 36, leaving at = 711.0
   Vehicle #1 = -1, leaving at = inf
   Increment on distance indicator: 13.0
   Increment on tard indicator:     0.0
   Value of tmax indicator:         13.0

Task for patient = 219 with skills = {2,-1} and cost = 345.7
   Vehicle #0 = 9, leaving at = 843.0
   Vehicle #1 = -1, leaving at = inf
   Increment on distance indicator: 3.0
   Increment on tard indicator:     0.0
   Value of tmax indicator:         3.0

Task for patient = 110 with skills = {1,-1} and cost = 344.7
   Vehicle #0 = 16, leaving at = 704.0
   Vehicle #1 = -1, leaving at = inf
   Increment on distance indicator: 11.0
   Increment on tard indicator:     0.0
   Value of tmax indicator:         11.0

Task for patient = 167 with skills = {1,5} and cost = 341.0
   Vehicle #0 = 14, leaving at = 648.0
   Vehicle #1 = 41, leaving at = 656.0
   Increment on distance indicator: 21.0
   Increment on tard indicator:     0.0
   Value of tmax indicator:         21.0

Task for patient = 260 with skills = {5,-1} and cost = 334.0
   Vehicle #0 = 34, leaving at = 896.0
   Vehicle #1 = -1, leaving at = inf
   Increment on distance indicator: 5.0
   Increment on tard indicator:     0.0
   Value of tmax indicator:         5.0

Task for patient = 39 with skills = {1,5} and cost = 332.3
   Vehicle #0 = 16, leaving at = 626.0
   Vehicle #1 = 40, leaving at = 620.0
   Increment on distance indicator: 32.0
   Increment on tard indicator:     0.0
   Value of tmax indicator:         32.0

Task for patient = 37 with skills = {2,3} and cost = 321.7
   Vehicle #0 = 13, leaving at = 638.0
   Vehicle #1 = 37, leaving at = 675.0
   Increment on distance indicator: 21.0
   Increment on tard indicator:     0.0
   Value of tmax indicator:         21.0

Task for patient = 47 with skills = {1,4} and cost = 314.7
   Vehicle #0 = 11, leaving at = 734.0
   Vehicle #1 = 45, leaving at = 691.0
   Increment on distance indicator: 19.0
   Increment on tard indicator:     0.0
   Value of tmax indicator:         19.0

Task for patient = 279 with skills = {1,-1} and cost = 308.3
   Vehicle #0 = 14, leaving at = 572.0
   Vehicle #1 = -1, leaving at = inf
   Increment on distance indicator: 13.0
   Increment on tard indicator:     0.0
   Value of tmax indicator:         13.0

Task for patient = 112 with skills = {3,-1} and cost = 304.0
   Vehicle #0 = 34, leaving at = 868.0
   Vehicle #1 = -1, leaving at = inf
   Increment on distance indicator: 3.0
   Increment on tard indicator:     0.0
   Value of tmax indicator:         3.0

Task for patient = 48 with skills = {4,-1} and cost = 352.0
   Vehicle #0 = 46, leaving at = 640.0
   Vehicle #1 = -1, leaving at = inf
   Increment on distance indicator: 19.0
   Increment on tard indicator:     0.0
   Value of tmax indicator:         19.0

Task for patient = 131 with skills = {1,4} and cost = 108.7
   Vehicle #0 = 0, leaving at = 698.0
   Vehicle #1 = 33, leaving at = 701.0
   Increment on distance indicator: 20.0
   Increment on tard indicator:     0.0
   Value of tmax indicator:         20.0

Task for patient = 274 with skills = {0,3} and cost = 102.0
   Vehicle #0 = 3, leaving at = 755.0
   Vehicle #1 = 34, leaving at = 776.0
   Increment on distance indicator: 20.0
   Increment on tard indicator:     0.0
   Value of tmax indicator:         20.0

Task for patient = 7 with skills = {0,5} and cost = 95.3
   Vehicle #0 = 7, leaving at = 601.0
   Vehicle #1 = 32, leaving at = 579.0
   Increment on distance indicator: 54.0
   Increment on tard indicator:     0.0
   Value of tmax indicator:         54.0

Task for patient = 95 with skills = {1,-1} and cost = 77.3
   Vehicle #0 = 2, leaving at = 773.0
   Vehicle #1 = -1, leaving at = inf
   Increment on distance indicator: 6.0
   Increment on tard indicator:     0.0
   Value of tmax indicator:         6.0

Task for patient = 114 with skills = {2,4} and cost = 75.3
   Vehicle #0 = 4, leaving at = 659.0
   Vehicle #1 = 34, leaving at = 662.0
   Increment on distance indicator: 16.0
   Increment on tard indicator:     0.0
   Value of tmax indicator:         16.0

Task for patient = 23 with skills = {4,-1} and cost = 70.0
   Vehicle #0 = 34, leaving at = 590.0
   Vehicle #1 = -1, leaving at = inf
   Increment on distance indicator: 11.0
   Increment on tard indicator:     0.0
   Value of tmax indicator:         11.0

Task for patient = 185 with skills = {2,-1} and cost = 66.3
   Vehicle #0 = 1, leaving at = 669.0
   Vehicle #1 = -1, leaving at = inf
   Increment on distance indicator: 8.0
   Increment on tard indicator:     0.0
   Value of tmax indicator:         8.0

Task for patient = 289 with skills = {2,4} and cost = 63.7
   Vehicle #0 = 4, leaving at = 566.0
   Vehicle #1 = 34, leaving at = 550.0
   Increment on distance indicator: 38.0
   Increment on tard indicator:     0.0
   Value of tmax indicator:         38.0

Task for patient = 3 with skills = {1,-1} and cost = 218.7
   Vehicle #0 = 3, leaving at = 838.0
   Vehicle #1 = -1, leaving at = inf
   Increment on distance indicator: 6.0
   Increment on tard indicator:     0.0
   Value of tmax indicator:         6.0

Task for patient = 174 with skills = {1,-1} and cost = 48.3
   Vehicle #0 = 1, leaving at = 624.0
   Vehicle #1 = -1, leaving at = inf
   Increment on distance indicator: 8.0
   Increment on tard indicator:     0.0
   Value of tmax indicator:         8.0

Task for patient = 179 with skills = {1,3} and cost = 45.7
   Vehicle #0 = 3, leaving at = 694.0
   Vehicle #1 = 30, leaving at = 757.0
   Increment on distance indicator: 8.0
   Increment on tard indicator:     0.0
   Value of tmax indicator:         8.0

Task for patient = 84 with skills = {0,4} and cost = 43.0
   Vehicle #0 = 3, leaving at = 668.0
   Vehicle #1 = 30, leaving at = 651.0
   Increment on distance indicator: 18.0
   Increment on tard indicator:     0.0
   Value of tmax indicator:         18.0

Task for patient = 189 with skills = {2,3} and cost = 37.0
   Vehicle #0 = 2, leaving at = 727.0
   Vehicle #1 = 31, leaving at = 737.0
   Increment on distance indicator: 13.0
   Increment on tard indicator:     0.0
   Value of tmax indicator:         13.0

Task for patient = 16 with skills = {3,-1} and cost = 32.7
   Vehicle #0 = 31, leaving at = 564.0
   Vehicle #1 = -1, leaving at = inf
   Increment on distance indicator: 15.0
   Increment on tard indicator:     0.0
   Value of tmax indicator:         15.0

Task for patient = 259 with skills = {0,3} and cost = 27.7
   Vehicle #0 = 3, leaving at = 590.0
   Vehicle #1 = 30, leaving at = 599.0
   Increment on distance indicator: 35.0
   Increment on tard indicator:     0.0
   Value of tmax indicator:         35.0

Task for patient = 232 with skills = {2,-1} and cost = 16.0
   Vehicle #0 = 2, leaving at = 689.0
   Vehicle #1 = -1, leaving at = inf
   Increment on distance indicator: 10.0
   Increment on tard indicator:     0.0
   Value of tmax indicator:         10.0

Task for patient = 248 with skills = {2,4} and cost = 12.7
   Vehicle #0 = 1, leaving at = 525.0
   Vehicle #1 = 30, leaving at = 551.0
   Increment on distance indicator: 38.0
   Increment on tard indicator:     0.0
   Value of tmax indicator:         38.0

Task for patient = 253 with skills = {4,-1} and cost = 51.0
   Vehicle #0 = 33, leaving at = 659.0
   Vehicle #1 = -1, leaving at = inf
   Increment on distance indicator: 8.0
   Increment on tard indicator:     0.0
   Value of tmax indicator:         8.0

Task for patient = 272 with skills = {4,-1} and cost = 216.7
   Vehicle #0 = 42, leaving at = 601.0
   Vehicle #1 = -1, leaving at = inf
   Increment on distance indicator: 19.0
   Increment on tard indicator:     0.0
   Value of tmax indicator:         19.0

Task for patient = 45 with skills = {4,-1} and cost = 210.3
   Vehicle #0 = 31, leaving at = 789.0
   Vehicle #1 = -1, leaving at = inf
   Increment on distance indicator: 6.0
   Increment on tard indicator:     0.0
   Value of tmax indicator:         6.0

Task for patient = 208 with skills = {5,-1} and cost = 208.3
   Vehicle #0 = 30, leaving at = 811.0
   Vehicle #1 = -1, leaving at = inf
   Increment on distance indicator: 6.0
   Increment on tard indicator:     0.0
   Value of tmax indicator:         6.0

Task for patient = 275 with skills = {0,-1} and cost = 206.3
   Vehicle #0 = 3, leaving at = 789.0
   Vehicle #1 = -1, leaving at = inf
   Increment on distance indicator: 5.0
   Increment on tard indicator:     0.0
   Value of tmax indicator:         5.0

Task for patient = 90 with skills = {1,4} and cost = 204.7
   Vehicle #0 = 1, leaving at = 796.0
   Vehicle #1 = 39, leaving at = 769.0
   Increment on distance indicator: 6.0
   Increment on tard indicator:     0.0
   Value of tmax indicator:         6.0

Task for patient = 127 with skills = {2,4} and cost = 202.7
   Vehicle #0 = 1, leaving at = 744.0
   Vehicle #1 = 39, leaving at = 748.0
   Increment on distance indicator: 17.0
   Increment on tard indicator:     0.0
   Value of tmax indicator:         17.0

Task for patient = 280 with skills = {1,3} and cost = 197.0
   Vehicle #0 = 8, leaving at = 629.0
   Vehicle #1 = 36, leaving at = 660.0
   Increment on distance indicator: 4.0
   Increment on tard indicator:     0.0
   Value of tmax indicator:         4.0

Task for patient = 54 with skills = {2,4} and cost = 195.7
   Vehicle #0 = 10, leaving at = 667.0
   Vehicle #1 = 39, leaving at = 718.0
   Increment on distance indicator: 24.0
   Increment on tard indicator:     0.0
   Value of tmax indicator:         24.0

Task for patient = 199 with skills = {1,3} and cost = 120.0
   Vehicle #0 = 8, leaving at = 584.0
   Vehicle #1 = 36, leaving at = 552.0
   Increment on distance indicator: 34.0
   Increment on tard indicator:     0.0
   Value of tmax indicator:         34.0

Task for patient = 89 with skills = {4,-1} and cost = 183.0
   Vehicle #0 = 34, leaving at = 830.0
   Vehicle #1 = -1, leaving at = inf
   Increment on distance indicator: 2.0
   Increment on tard indicator:     0.0
   Value of tmax indicator:         2.0

Task for patient = 169 with skills = {5,-1} and cost = 182.3
   Vehicle #0 = 32, leaving at = 686.0
   Vehicle #1 = -1, leaving at = inf
   Increment on distance indicator: 11.0
   Increment on tard indicator:     0.0
   Value of tmax indicator:         11.0

Task for patient = 171 with skills = {3,-1} and cost = 178.7
   Vehicle #0 = 37, leaving at = 524.0
   Vehicle #1 = -1, leaving at = inf
   Increment on distance indicator: 20.0
   Increment on tard indicator:     0.0
   Value of tmax indicator:         20.0

Task for patient = 75 with skills = {4,-1} and cost = 172.0
   Vehicle #0 = 38, leaving at = 653.0
   Vehicle #1 = -1, leaving at = inf
   Increment on distance indicator: 15.0
   Increment on tard indicator:     0.0
   Value of tmax indicator:         15.0

Task for patient = 2 with skills = {1,-1} and cost = 167.0
   Vehicle #0 = 10, leaving at = 525.0
   Vehicle #1 = -1, leaving at = inf
   Increment on distance indicator: 29.0
   Increment on tard indicator:     0.0
   Value of tmax indicator:         29.0

Task for patient = 67 with skills = {1,5} and cost = 157.3
   Vehicle #0 = 9, leaving at = 628.0
   Vehicle #1 = 32, leaving at = 621.0
   Increment on distance indicator: 41.0
   Increment on tard indicator:     0.0
   Value of tmax indicator:         41.0

Task for patient = 65 with skills = {5,-1} and cost = 143.7
   Vehicle #0 = 35, leaving at = 599.0
   Vehicle #1 = -1, leaving at = inf
   Increment on distance indicator: 14.0
   Increment on tard indicator:     0.0
   Value of tmax indicator:         14.0

Task for patient = 151 with skills = {4,-1} and cost = 139.0
   Vehicle #0 = 39, leaving at = 662.0
   Vehicle #1 = -1, leaving at = inf
   Increment on distance indicator: 25.0
   Increment on tard indicator:     0.0
   Value of tmax indicator:         25.0

Task for patient = 42 with skills = {2,4} and cost = 130.7
   Vehicle #0 = 5, leaving at = 611.0
   Vehicle #1 = 38, leaving at = 583.0
   Increment on distance indicator: 32.0
   Increment on tard indicator:     0.0
   Value of tmax indicator:         32.0

Task for patient = 288 with skills = {1,-1} and cost = 187.7
   Vehicle #0 = 11, leaving at = 670.0
   Vehicle #1 = -1, leaving at = inf
   Increment on distance indicator: 14.0
   Increment on tard indicator:     0.0
   Value of tmax indicator:         14.0

Task for patient = 277 with skills = {0,-1} and cost = 629.0
   Vehicle #0 = 2, leaving at = 884.0
   Vehicle #1 = -1, leaving at = inf
   Increment on distance indicator: 4.0
   Increment on tard indicator:     0.0
   Value of tmax indicator:         4.0

Task for patient = 38 with skills = {0,-1} and cost = 627.7
   Vehicle #0 = 24, leaving at = 639.0
   Vehicle #1 = -1, leaving at = inf
   Increment on distance indicator: 20.0
   Increment on tard indicator:     0.0
   Value of tmax indicator:         20.0

Task for patient = 138 with skills = {4,-1} and cost = 621.0
   Vehicle #0 = 43, leaving at = 784.0
   Vehicle #1 = -1, leaving at = inf
   Increment on distance indicator: 2.0
   Increment on tard indicator:     0.0
   Value of tmax indicator:         2.0

Task for patient = 264 with skills = {3,-1} and cost = 620.3
   Vehicle #0 = 54, leaving at = 670.0
   Vehicle #1 = -1, leaving at = inf
   Increment on distance indicator: 5.0
   Increment on tard indicator:     0.0
   Value of tmax indicator:         5.0

Task for patient = 178 with skills = {1,-1} and cost = 618.7
   Vehicle #0 = 14, leaving at = 769.0
   Vehicle #1 = -1, leaving at = inf
   Increment on distance indicator: 3.0
   Increment on tard indicator:     0.0
   Value of tmax indicator:         3.0

Task for patient = 100 with skills = {2,-1} and cost = 617.7
   Vehicle #0 = 28, leaving at = 505.0
   Vehicle #1 = -1, leaving at = inf
   Increment on distance indicator: 23.0
   Increment on tard indicator:     0.0
   Value of tmax indicator:         23.0

Task for patient = 46 with skills = {3,-1} and cost = 610.0
   Vehicle #0 = 30, leaving at = 873.0
   Vehicle #1 = -1, leaving at = inf
   Increment on distance indicator: 5.0
   Increment on tard indicator:     0.0
   Value of tmax indicator:         5.0

Task for patient = 162 with skills = {0,3} and cost = 608.3
   Vehicle #0 = 19, leaving at = 798.0
   Vehicle #1 = 48, leaving at = 821.0
   Increment on distance indicator: 10.0
   Increment on tard indicator:     0.0
   Value of tmax indicator:         10.0

Task for patient = 255 with skills = {4,-1} and cost = 386.7
   Vehicle #0 = 48, leaving at = 574.0
   Vehicle #1 = -1, leaving at = inf
   Increment on distance indicator: 30.0
   Increment on tard indicator:     0.0
   Value of tmax indicator:         30.0

Task for patient = 43 with skills = {1,3} and cost = 600.3
   Vehicle #0 = 25, leaving at = 527.0
   Vehicle #1 = 58, leaving at = 549.0
   Increment on distance indicator: 28.0
   Increment on tard indicator:     0.0
   Value of tmax indicator:         28.0

Task for patient = 166 with skills = {1,5} and cost = 591.0
   Vehicle #0 = 23, leaving at = 645.0
   Vehicle #1 = 40, leaving at = 656.0
   Increment on distance indicator: 23.0
   Increment on tard indicator:     0.0
   Value of tmax indicator:         23.0

Task for patient = 5 with skills = {2,-1} and cost = 583.3
   Vehicle #0 = 1, leaving at = 928.0
   Vehicle #1 = -1, leaving at = inf
   Increment on distance indicator: 4.0
   Increment on tard indicator:     0.0
   Value of tmax indicator:         4.0

Task for patient = 268 with skills = {0,-1} and cost = 582.0
   Vehicle #0 = 24, leaving at = 592.0
   Vehicle #1 = -1, leaving at = inf
   Increment on distance indicator: 23.0
   Increment on tard indicator:     0.0
   Value of tmax indicator:         23.0

Task for patient = 35 with skills = {1,-1} and cost = 574.3
   Vehicle #0 = 22, leaving at = 619.0
   Vehicle #1 = -1, leaving at = inf
   Increment on distance indicator: 1.0
   Increment on tard indicator:     0.0
   Value of tmax indicator:         1.0

Task for patient = 214 with skills = {1,4} and cost = 574.0
   Vehicle #0 = 22, leaving at = 585.0
   Vehicle #1 = 56, leaving at = 578.0
   Increment on distance indicator: 30.0
   Increment on tard indicator:     0.0
   Value of tmax indicator:         30.0

Task for patient = 12 with skills = {3,-1} and cost = 564.0
   Vehicle #0 = 31, leaving at = 964.0
   Vehicle #1 = -1, leaving at = inf
   Increment on distance indicator: 4.0
   Increment on tard indicator:     0.0
   Value of tmax indicator:         4.0

Task for patient = 173 with skills = {0,-1} and cost = 562.7
   Vehicle #0 = 12, leaving at = 730.0
   Vehicle #1 = -1, leaving at = inf
   Increment on distance indicator: 5.0
   Increment on tard indicator:     0.0
   Value of tmax indicator:         5.0

Task for patient = 144 with skills = {4,-1} and cost = 605.0
   Vehicle #0 = 48, leaving at = 752.0
   Vehicle #1 = -1, leaving at = inf
   Increment on distance indicator: 14.0
   Increment on tard indicator:     0.0
   Value of tmax indicator:         14.0

Task for patient = 133 with skills = {3,-1} and cost = 700.0
   Vehicle #0 = 36, leaving at = 884.0
   Vehicle #1 = -1, leaving at = inf
   Increment on distance indicator: 4.0
   Increment on tard indicator:     0.0
   Value of tmax indicator:         4.0

Task for patient = 88 with skills = {0,-1} and cost = 1105.0
   Vehicle #0 = 19, leaving at = 1018.0
   Vehicle #1 = -1, leaving at = inf
   Increment on distance indicator: 4.0
   Increment on tard indicator:     0.0
   Value of tmax indicator:         4.0

Task for patient = 209 with skills = {5,-1} and cost = 690.0
   Vehicle #0 = 56, leaving at = 716.0
   Vehicle #1 = -1, leaving at = inf
   Increment on distance indicator: 7.0
   Increment on tard indicator:     0.0
   Value of tmax indicator:         7.0

Task for patient = 14 with skills = {0,-1} and cost = 687.7
   Vehicle #0 = 28, leaving at = 720.0
   Vehicle #1 = -1, leaving at = inf
   Increment on distance indicator: 3.0
   Increment on tard indicator:     0.0
   Value of tmax indicator:         3.0

Task for patient = 177 with skills = {5,-1} and cost = 686.7
   Vehicle #0 = 40, leaving at = 729.0
   Vehicle #1 = -1, leaving at = inf
   Increment on distance indicator: 7.0
   Increment on tard indicator:     0.0
   Value of tmax indicator:         7.0

Task for patient = 21 with skills = {3,-1} and cost = 684.3
   Vehicle #0 = 51, leaving at = 767.0
   Vehicle #1 = -1, leaving at = inf
   Increment on distance indicator: 2.0
   Increment on tard indicator:     0.0
   Value of tmax indicator:         2.0

Task for patient = 107 with skills = {1,-1} and cost = 683.7
   Vehicle #0 = 22, leaving at = 646.0
   Vehicle #1 = -1, leaving at = inf
   Increment on distance indicator: 5.0
   Increment on tard indicator:     0.0
   Value of tmax indicator:         5.0

Task for patient = 123 with skills = {1,3} and cost = 682.0
   Vehicle #0 = 23, leaving at = 774.0
   Vehicle #1 = 59, leaving at = 778.0
   Increment on distance indicator: 19.0
   Increment on tard indicator:     0.0
   Value of tmax indicator:         19.0

Task for patient = 20 with skills = {4,-1} and cost = 632.3
   Vehicle #0 = 56, leaving at = 619.0
   Vehicle #1 = -1, leaving at = inf
   Increment on distance indicator: 10.0
   Increment on tard indicator:     0.0
   Value of tmax indicator:         10.0

Task for patient = 286 with skills = {1,-1} and cost = 674.7
   Vehicle #0 = 23, leaving at = 704.0
   Vehicle #1 = -1, leaving at = inf
   Increment on distance indicator: 14.0
   Increment on tard indicator:     0.0
   Value of tmax indicator:         14.0

Task for patient = 168 with skills = {0,-1} and cost = 670.0
   Vehicle #0 = 28, leaving at = 669.0
   Vehicle #1 = -1, leaving at = inf
   Increment on distance indicator: 10.0
   Increment on tard indicator:     0.0
   Value of tmax indicator:         10.0

Task for patient = 32 with skills = {5,-1} and cost = 666.7
   Vehicle #0 = 56, leaving at = 662.0
   Vehicle #1 = -1, leaving at = inf
   Increment on distance indicator: 10.0
   Increment on tard indicator:     0.0
   Value of tmax indicator:         10.0

Task for patient = 76 with skills = {2,-1} and cost = 663.3
   Vehicle #0 = 17, leaving at = 781.0
   Vehicle #1 = -1, leaving at = inf
   Increment on distance indicator: 4.0
   Increment on tard indicator:     0.0
   Value of tmax indicator:         4.0

Task for patient = 13 with skills = {0,-1} and cost = 662.0
   Vehicle #0 = 9, leaving at = 868.0
   Vehicle #1 = -1, leaving at = inf
   Increment on distance indicator: 6.0
   Increment on tard indicator:     0.0
   Value of tmax indicator:         6.0

Task for patient = 213 with skills = {0,3} and cost = 660.0
   Vehicle #0 = 28, leaving at = 631.0
   Vehicle #1 = 59, leaving at = 643.0
   Increment on distance indicator: 17.0
   Increment on tard indicator:     0.0
   Value of tmax indicator:         17.0

Task for patient = 109 with skills = {3,-1} and cost = 654.3
   Vehicle #0 = 59, leaving at = 607.0
   Vehicle #1 = -1, leaving at = inf
   Increment on distance indicator: 27.0
   Increment on tard indicator:     0.0
   Value of tmax indicator:         27.0

Task for patient = 71 with skills = {1,4} and cost = 645.3
   Vehicle #0 = 24, leaving at = 700.0
   Vehicle #1 = 52, leaving at = 709.0
   Increment on distance indicator: 28.0
   Increment on tard indicator:     0.0
   Value of tmax indicator:         28.0

Task for patient = 96 with skills = {5,-1} and cost = 636.0
   Vehicle #0 = 40, leaving at = 706.0
   Vehicle #1 = -1, leaving at = inf
   Increment on distance indicator: 11.0
   Increment on tard indicator:     0.0
   Value of tmax indicator:         11.0

Task for patient = 226 with skills = {3,-1} and cost = 675.7
   Vehicle #0 = 58, leaving at = 643.0
   Vehicle #1 = -1, leaving at = inf
   Increment on distance indicator: 3.0
   Increment on tard indicator:     0.0
   Value of tmax indicator:         3.0

Task for patient = 188 with skills = {3,-1} and cost = 476.7
   Vehicle #0 = 51, leaving at = 709.0
   Vehicle #1 = -1, leaving at = inf
   Increment on distance indicator: 5.0
   Increment on tard indicator:     0.0
   Value of tmax indicator:         5.0

Task for patient = 92 with skills = {1,-1} and cost = 475.0
   Vehicle #0 = 17, leaving at = 708.0
   Vehicle #1 = -1, leaving at = inf
   Increment on distance indicator: 18.0
   Increment on tard indicator:     0.0
   Value of tmax indicator:         18.0

Task for patient = 170 with skills = {3,-1} and cost = 469.0
   Vehicle #0 = 37, leaving at = 826.0
   Vehicle #1 = -1, leaving at = inf
   Increment on distance indicator: 6.0
   Increment on tard indicator:     0.0
   Value of tmax indicator:         6.0

Task for patient = 263 with skills = {4,-1} and cost = 467.0
   Vehicle #0 = 50, leaving at = 567.0
   Vehicle #1 = -1, leaving at = inf
   Increment on distance indicator: 14.0
   Increment on tard indicator:     0.0
   Value of tmax indicator:         14.0

Task for patient = 254 with skills = {4,-1} and cost = 462.3
   Vehicle #0 = 43, leaving at = 751.0
   Vehicle #1 = -1, leaving at = inf
   Increment on distance indicator: 2.0
   Increment on tard indicator:     0.0
   Value of tmax indicator:         2.0

Task for patient = 113 with skills = {0,-1} and cost = 461.7
   Vehicle #0 = 19, leaving at = 705.0
   Vehicle #1 = -1, leaving at = inf
   Increment on distance indicator: 9.0
   Increment on tard indicator:     0.0
   Value of tmax indicator:         9.0

Task for patient = 180 with skills = {1,5} and cost = 458.7
   Vehicle #0 = 19, leaving at = 651.0
   Vehicle #1 = 44, leaving at = 639.0
   Increment on distance indicator: 17.0
   Increment on tard indicator:     0.0
   Value of tmax indicator:         17.0

Task for patient = 79 with skills = {0,-1} and cost = 453.0
   Vehicle #0 = 19, leaving at = 609.0
   Vehicle #1 = -1, leaving at = inf
   Increment on distance indicator: 6.0
   Increment on tard indicator:     0.0
   Value of tmax indicator:         6.0

Task for patient = 146 with skills = {1,4} and cost = 561.0
   Vehicle #0 = 21, leaving at = 696.0
   Vehicle #1 = 48, leaving at = 719.0
   Increment on distance indicator: 37.0
   Increment on tard indicator:     0.0
   Value of tmax indicator:         37.0

Task for patient = 74 with skills = {2,5} and cost = 448.3
   Vehicle #0 = 19, leaving at = 545.0
   Vehicle #1 = 44, leaving at = 564.0
   Increment on distance indicator: 32.0
   Increment on tard indicator:     0.0
   Value of tmax indicator:         32.0

Task for patient = 249 with skills = {0,4} and cost = 437.7
   Vehicle #0 = 13, leaving at = 723.0
   Vehicle #1 = 43, leaving at = 718.0
   Increment on distance indicator: 34.0
   Increment on tard indicator:     0.0
   Value of tmax indicator:         34.0

Task for patient = 128 with skills = {3,-1} and cost = 426.3
   Vehicle #0 = 51, leaving at = 665.0
   Vehicle #1 = -1, leaving at = inf
   Increment on distance indicator: 13.0
   Increment on tard indicator:     0.0
   Value of tmax indicator:         13.0

Task for patient = 231 with skills = {1,4} and cost = 422.0
   Vehicle #0 = 17, leaving at = 631.0
   Vehicle #1 = 48, leaving at = 664.0
   Increment on distance indicator: 23.0
   Increment on tard indicator:     0.0
   Value of tmax indicator:         23.0

Task for patient = 164 with skills = {0,4} and cost = 414.3
   Vehicle #0 = 11, leaving at = 817.0
   Vehicle #1 = 45, leaving at = 824.0
   Increment on distance indicator: 21.0
   Increment on tard indicator:     0.0
   Value of tmax indicator:         21.0

Task for patient = 194 with skills = {1,-1} and cost = 407.3
   Vehicle #0 = 17, leaving at = 556.0
   Vehicle #1 = -1, leaving at = inf
   Increment on distance indicator: 25.0
   Increment on tard indicator:     0.0
   Value of tmax indicator:         25.0

Task for patient = 218 with skills = {2,4} and cost = 399.0
   Vehicle #0 = 6, leaving at = 725.0
   Vehicle #1 = 45, leaving at = 762.0
   Increment on distance indicator: 33.0
   Increment on tard indicator:     0.0
   Value of tmax indicator:         33.0

Task for patient = 238 with skills = {0,-1} and cost = 388.0
   Vehicle #0 = 14, leaving at = 691.0
   Vehicle #1 = -1, leaving at = inf
   Increment on distance indicator: 4.0
   Increment on tard indicator:     0.0
   Value of tmax indicator:         4.0

Task for patient = 122 with skills = {2,-1} and cost = 451.0
   Vehicle #0 = 6, leaving at = 787.0
   Vehicle #1 = -1, leaving at = inf
   Increment on distance indicator: 8.0
   Increment on tard indicator:     0.0
   Value of tmax indicator:         8.0

Task for patient = 292 with skills = {1,3} and cost = 548.7
   Vehicle #0 = 1, leaving at = 855.0
   Vehicle #1 = 37, leaving at = 877.0
   Increment on distance indicator: 14.0
   Increment on tard indicator:     0.0
   Value of tmax indicator:         14.0

Task for patient = 223 with skills = {3,-1} and cost = 544.0
   Vehicle #0 = 54, leaving at = 604.0
   Vehicle #1 = -1, leaving at = inf
   Increment on distance indicator: 16.0
   Increment on tard indicator:     0.0
   Value of tmax indicator:         16.0

Task for patient = 34 with skills = {1,3} and cost = 538.7
   Vehicle #0 = 21, leaving at = 611.0
   Vehicle #1 = 52, leaving at = 617.0
   Increment on distance indicator: 31.0
   Increment on tard indicator:     0.0
   Value of tmax indicator:         31.0

Task for patient = 291 with skills = {5,-1} and cost = 528.3
   Vehicle #0 = 44, leaving at = 867.0
   Vehicle #1 = -1, leaving at = inf
   Increment on distance indicator: 5.0
   Increment on tard indicator:     0.0
   Value of tmax indicator:         5.0

Task for patient = 294 with skills = {1,5} and cost = 526.7
   Vehicle #0 = 17, leaving at = 759.0
   Vehicle #1 = 46, leaving at = 786.0
   Increment on distance indicator: 9.0
   Increment on tard indicator:     0.0
   Value of tmax indicator:         9.0

Task for patient = 251 with skills = {0,-1} and cost = 523.7
   Vehicle #0 = 7, leaving at = 911.0
   Vehicle #1 = -1, leaving at = inf
   Increment on distance indicator: 11.0
   Increment on tard indicator:     0.0
   Value of tmax indicator:         11.0

Task for patient = 276 with skills = {0,-1} and cost = 520.0
   Vehicle #0 = 4, leaving at = 827.0
   Vehicle #1 = -1, leaving at = inf
   Increment on distance indicator: 6.0
   Increment on tard indicator:     0.0
   Value of tmax indicator:         6.0

Task for patient = 204 with skills = {2,-1} and cost = 518.0
   Vehicle #0 = 13, leaving at = 758.0
   Vehicle #1 = -1, leaving at = inf
   Increment on distance indicator: 10.0
   Increment on tard indicator:     0.0
   Value of tmax indicator:         10.0

Task for patient = 278 with skills = {5,-1} and cost = 477.3
   Vehicle #0 = 32, leaving at = 841.0
   Vehicle #1 = -1, leaving at = inf
   Increment on distance indicator: 2.0
   Increment on tard indicator:     0.0
   Value of tmax indicator:         2.0

Task for patient = 41 with skills = {3,-1} and cost = 504.7
   Vehicle #0 = 36, leaving at = 825.0
   Vehicle #1 = -1, leaving at = inf
   Increment on distance indicator: 3.0
   Increment on tard indicator:     0.0
   Value of tmax indicator:         3.0

Task for patient = 225 with skills = {0,-1} and cost = 503.7
   Vehicle #0 = 15, leaving at = 594.0
   Vehicle #1 = -1, leaving at = inf
   Increment on distance indicator: 10.0
   Increment on tard indicator:     0.0
   Value of tmax indicator:         10.0

Task for patient = 102 with skills = {0,-1} and cost = 500.3
   Vehicle #0 = 18, leaving at = 569.0
   Vehicle #1 = -1, leaving at = inf
   Increment on distance indicator: 16.0
   Increment on tard indicator:     0.0
   Value of tmax indicator:         16.0

Task for patient = 300 with skills = {0,-1} and cost = 495.0
   Vehicle #0 = 12, leaving at = 676.0
   Vehicle #1 = -1, leaving at = inf
   Increment on distance indicator: 3.0
   Increment on tard indicator:     0.0
   Value of tmax indicator:         3.0

Task for patient = 281 with skills = {1,-1} and cost = 494.0
   Vehicle #0 = 21, leaving at = 585.0
   Vehicle #1 = -1, leaving at = inf
   Increment on distance indicator: 21.0
   Increment on tard indicator:     0.0
   Value of tmax indicator:         21.0

Task for patient = 61 with skills = {0,-1} and cost = 487.0
   Vehicle #0 = 15, leaving at = 549.0
   Vehicle #1 = -1, leaving at = inf
   Increment on distance indicator: 15.0
   Increment on tard indicator:     0.0
   Value of tmax indicator:         15.0

Task for patient = 63 with skills = {2,-1} and cost = 479.3
   Vehicle #0 = 14, leaving at = 736.0
   Vehicle #1 = -1, leaving at = inf
   Increment on distance indicator: 2.0
   Increment on tard indicator:     0.0
   Value of tmax indicator:         2.0

Task for patient = 190 with skills = {4,-1} and cost = 478.7
   Vehicle #0 = 50, leaving at = 795.0
   Vehicle #1 = -1, leaving at = inf
   Increment on distance indicator: 2.0
   Increment on tard indicator:     0.0
   Value of tmax indicator:         2.0

Task for patient = 246 with skills = {4,-1} and cost = 478.0
   Vehicle #0 = 50, leaving at = 662.0
   Vehicle #1 = -1, leaving at = inf
   Increment on distance indicator: 2.0
   Increment on tard indicator:     0.0
   Value of tmax indicator:         2.0

Task for patient = 149 with skills = {2,-1} and cost = 514.7
   Vehicle #0 = 20, leaving at = 565.0
   Vehicle #1 = -1, leaving at = inf
   Increment on distance indicator: 30.0
   Increment on tard indicator:     0.0
   Value of tmax indicator:         30.0


Unused vehicle list: 26 29 47 49 53 55 (total = 6 out of 60)

---
Search finished.
Total of 448 generations in 16.7 seconds.
Exchange elite runs: 0
Implicit path relinking runs: 4
Reset attempts: 0

Best solution found:
   Cost: 1456.3
   Total travel time: 4321.0
   Total tardiness time: 37.0
   Largest tardiness: 11.0


1456.3
