--- BRKGA-MP-IPR for HHCRSP ---
Instance: new-instances/HHCRSP_300_60_99_1.2_C_C.txt
Seed: 1

Reading data... Problem contains 300 patients  and 60 caregivers.

Summary of supply x demand for each service type:
Skill 0 has supply = 24 and demand = 72, ratio = 0.333333
Skill 1 has supply = 22 and demand = 53, ratio = 0.415094
Skill 2 has supply = 23 and demand = 67, ratio = 0.343284
Skill 3 has supply = 20 and demand = 74, ratio = 0.27027
Skill 4 has supply = 20 and demand = 55, ratio = 0.363636
Skill 5 has supply = 24 and demand = 69, ratio = 0.347826

Reading parameters...
Inferred distance function by PR type: kendall-tau
Building BRKGA data and initializing...
Evolving 448 generations...

  Gens  Rem    Local   ElDiv NoImpr             Best solution            Time  Op
                                       Cost     Dist    Tard    TMax 
*    0  448  5070.33  373.93      0  5070.33  4772.00 10054.0   385.0     0.1    
*    2  446  4309.67  361.96      0  4309.67  4656.00  7962.0   311.0     0.2    
*    5  443  4170.00  347.10      0  4170.00  4614.00  7235.0   294.0     0.3    
*    6  442  4047.67  383.93      0  4047.67  4606.00  5252.0   342.0     0.4    
*    7  441  3400.00  321.45      0  3400.00  4606.00  5252.0   342.0     0.4    
*   10  438  3385.33  268.75      0  3385.33  4705.00  5126.0   325.0     0.6    
*   12  436  2432.33  326.41      0  2432.33  4689.00  2196.0   241.0     0.7    
*   13  435  2375.33  271.89      0  2375.33  4689.00  2196.0   241.0     0.8    
*   17  431  2177.67  190.85      0  2177.67  4446.00  1804.0   283.0     1.0    
*   19  429  1892.00  178.08      0  1892.00  4305.00  1202.0   169.0     1.1    
*   22  426  1883.67  148.37      0  1883.67  4353.00  1085.0   205.0     1.2    
*   23  425  1881.00  127.02      0  1881.00  4353.00  1085.0   205.0     1.3    
*   25  423  1821.00  102.85      0  1821.00  4332.00   828.0    82.0     1.4    
*   26  422  1747.33   80.75      0  1747.33  4332.00   828.0    82.0     1.5    
*   28  420  1732.33   91.37      0  1732.33  4294.00   207.0    82.0     1.6    

  Gens  Rem    Local   ElDiv NoImpr             Best solution            Time  Op
                                       Cost     Dist    Tard    TMax 
*   29  419  1527.67   94.82      0  1527.67  4294.00   207.0    82.0     1.6    
*   33  415  1484.00   67.04      0  1484.00  4220.00   184.0    48.0     1.8    
*   35  413  1472.33   62.93      0  1472.33  4273.00    40.0     8.0     1.9    
*   36  412  1440.33   55.32      0  1440.33  4273.00    40.0     8.0     2.0    
*   42  406  1416.33   33.28      0  1416.33  4192.00    47.0    10.0     2.3    
*   44  404  1415.67   27.13      0  1415.67  4110.00    96.0    41.0     2.4    
*   46  402  1399.00   22.61      0  1399.00  4180.00    12.0     5.0     2.5    
*   48  400  1383.67   17.96      0  1383.67  4074.00    54.0    23.0     2.6    
*   50  398  1350.33   18.51      0  1350.33  4028.00    16.0     7.0     2.7    
*   59  389  1347.00   16.79      0  1347.00  4011.00     5.0     2.0     3.3    
*   60  388  1339.33   16.73      0  1339.33  4008.00     6.0     2.0     3.3    
*   61  387  1338.67   15.22      0  1338.67  3983.00    20.0     3.0     3.4    
*   62  386  1335.33   14.20      0  1335.33  3983.00    20.0     3.0     3.5    
*   64  384  1334.67   13.70      0  1334.67  3953.00    35.0     9.0     3.6    
*   65  383  1332.33   12.97      0  1332.33  3953.00    35.0     9.0     3.6    
*   67  381  1325.33   11.18      0  1325.33  3956.00    14.0     6.0     3.7    

  Gens  Rem    Local   ElDiv NoImpr             Best solution            Time  Op
                                       Cost     Dist    Tard    TMax 
*   69  379  1321.00   11.64      0  1321.00  3933.00    18.0     4.0     3.9    
*   70  378  1318.33   11.25      0  1318.33  3933.00    18.0     4.0     3.9    
*   76  372  1317.67    8.06      0  1317.67  3876.00    60.0     7.0     4.2    
*   77  371  1314.33    8.77      0  1314.33  3876.00    60.0     7.0     4.3    
*   80  368  1312.33    8.61      0  1312.33  3879.00    33.0     9.0     4.5    
*   81  367  1307.00    8.83      0  1307.00  3845.00    49.0    11.0     4.5    
*   82  366  1301.67    9.16      0  1301.67  3827.00    43.0     7.0     4.5    
*   83  365  1292.33    8.84      0  1292.33  3827.00    43.0     7.0     4.6    
*   86  362  1283.00   11.82      0  1283.00  3807.00    20.0     4.0     4.7    
*   87  361  1277.00   11.02      0  1277.00  3807.00    20.0     4.0     4.8    
Path relinking result: too homogeneous.
    96  352  1257.33   10.17      0  1277.00  3807.00    20.0     4.0     5.3   P
*   97  351  1257.33    9.28      0  1257.33  3701.00    59.0    12.0     5.3    
   100  348  1257.33    8.66      3  1257.33  3701.00    59.0    12.0     5.4    
*  104  344  1257.00   10.68      0  1257.00  3686.00     5.0     2.0     5.7    
*  105  343  1231.00   10.30      0  1231.00  3686.00     5.0     2.0     5.7    
*  112  336  1229.00   10.80      0  1229.00  3661.00    20.0     6.0     6.1    

  Gens  Rem    Local   ElDiv NoImpr             Best solution            Time  Op
                                       Cost     Dist    Tard    TMax 
*  117  331  1214.67   12.32      0  1214.67  3616.00    21.0     7.0     6.4    
*  140  308  1212.00    8.45      0  1212.00  3619.00     9.0     3.0     7.6    
*  141  307  1210.33    8.59      0  1210.33  3619.00     9.0     3.0     7.7    
*  144  304  1204.00    8.91      0  1204.00  3587.00    17.0     8.0     7.8    
   150  298  1204.00    7.59      6  1204.00  3587.00    17.0     8.0     8.1    
*  160  288  1202.67    7.16      0  1202.67  3570.00    29.0     9.0     8.7    
*  166  282  1201.00    6.77      0  1201.00  3553.00    39.0    11.0     9.0    
*  171  277  1191.33    6.42      0  1191.33  3551.00    14.0     9.0     9.3    
*  173  275  1188.67    7.17      0  1188.67  3515.00    41.0    10.0     9.4    
*  175  273  1167.00    8.61      0  1167.00  3486.00    10.0     5.0     9.5    
Path relinking result: too homogeneous.
   192  256  1167.00    7.58     18  1167.00  3486.00    10.0     5.0    10.4   P
   200  248  1167.00    6.31     25  1167.00  3486.00    10.0     5.0    10.9    
*  215  233  1166.67    5.95      0  1166.67  3495.00     4.0     1.0    11.7    
*  217  231  1155.00    7.33      0  1155.00  3431.00    26.0     8.0    11.8    
*  221  227  1153.00    7.64      0  1153.00  3432.00    19.0     8.0    12.0    
*  227  221  1152.00    6.58      0  1152.00  3431.00    15.0    10.0    12.3    

  Gens  Rem    Local   ElDiv NoImpr             Best solution            Time  Op
                                       Cost     Dist    Tard    TMax 
*  230  218  1148.67    6.84      0  1148.67  3410.00    27.0     9.0    12.5    
*  238  210  1148.00    6.82      0  1148.00  3419.00    13.0     6.0    12.9    
*  239  209  1146.00    6.66      0  1146.00  3419.00    13.0     6.0    12.9    
*  244  204  1138.33    5.85      0  1138.33  3401.00    11.0     3.0    13.2    
   250  198  1138.33    6.74      6  1138.33  3401.00    11.0     3.0    13.5    
*  251  197  1124.33    6.43      0  1124.33  3370.00     2.0     1.0    13.6    
*  257  191  1123.67    6.79      0  1123.67  3364.00     5.0     2.0    13.9    
*  274  174  1122.33    5.67      0  1122.33  3357.00     7.0     3.0    14.7    
*  278  170  1115.00    6.56      0  1115.00  3329.00    11.0     5.0    14.9    
*  280  168  1109.00    6.45      0  1109.00  3300.00    21.0     6.0    15.0    
Path relinking result: too homogeneous.
   288  160  1093.67    6.40      0  1109.00  3300.00    21.0     6.0    15.5   P
*  289  159  1093.67    6.32      0  1093.67  3252.00    24.0     5.0    15.5    
*  296  152  1092.33    6.02      0  1092.33  3270.00     5.0     2.0    15.8    
   300  148  1092.33    6.11      4  1092.33  3270.00     5.0     2.0    16.1    
*  303  145  1091.00    6.33      0  1091.00  3258.00    10.0     5.0    16.3    
*  307  141  1081.33    6.16      0  1081.33  3233.00     8.0     3.0    16.5    

  Gens  Rem    Local   ElDiv NoImpr             Best solution            Time  Op
                                       Cost     Dist    Tard    TMax 
*  318  130  1076.33    4.47      0  1076.33  3199.00    25.0     5.0    17.1    
*  326  122  1075.33    5.01      0  1075.33  3181.00    15.0     4.0    17.4    
*  327  121  1066.67    4.86      0  1066.67  3181.00    15.0     4.0    17.5    
*  343  105  1066.33    2.84      0  1066.33  3185.00    11.0     3.0    18.3    
*  346  102  1065.33    2.78      0  1065.33  3179.00    14.0     3.0    18.5    
*  350   98  1064.00    2.63      0  1064.00  3178.00    11.0     3.0    18.7    
*  354   94  1061.33    2.87      0  1061.33  3161.00    11.0     3.0    18.9    
*  355   93  1058.33    2.72      0  1058.33  3161.00    11.0     3.0    19.0    
*  367   81  1058.00    1.24      0  1058.00  3157.00    13.0     3.0    19.6    
*  368   80  1057.67    1.11      0  1057.67  3157.00    13.0     3.0    19.7    
*  371   77  1057.00    0.85      0  1057.00  3155.00    13.0     3.0    19.9    
*  374   74  1056.33    1.29      0  1056.33  3146.00    12.0     3.0    20.0    
*  375   73  1053.67    1.26      0  1053.67  3146.00    12.0     3.0    20.1    
*  378   70  1052.33    1.64      0  1052.33  3132.00    17.0     3.0    20.2    
*  379   69  1050.67    1.65      0  1050.67  3132.00    17.0     3.0    20.3    
*  383   65  1048.67    0.87      0  1048.67  3128.00    15.0     3.0    20.5    
Path relinking result: too homogeneous.

  Gens  Rem    Local   ElDiv NoImpr             Best solution            Time  Op
                                       Cost     Dist    Tard    TMax 
   384   64  1048.67    0.68      2  1048.67  3128.00    15.0     3.0    20.5   P
*  388   60  1046.67    0.75      0  1046.67  3122.00    15.0     3.0    20.7    
   400   48  1046.67    0.22     12  1046.67  3122.00    15.0     3.0    21.4    
*  401   47  1046.33    0.04      0  1046.33  3119.00    17.0     3.0    21.5    
*  411   37  1046.00    0.06      0  1046.00  3118.00    17.0     3.0    22.1    
*  417   31  1045.33    0.19      0  1045.33  3116.00    17.0     3.0    22.4    
*  421   27  1045.00    0.21      0  1045.00  3115.00    17.0     3.0    22.6    
*  423   25  1043.33    0.48      0  1043.33  3116.00    11.0     3.0    22.7    
*  428   20  1042.33    0.92      0  1042.33  3113.00    11.0     3.0    23.0    
*  432   16  1041.33    0.12      0  1041.33  3110.00    11.0     3.0    23.2    
*  442    6  1041.00    0.06      0  1041.00  3109.00    11.0     3.0    23.8    
*  444    4  1040.67    0.19      0  1040.67  3106.00    11.0     3.0    23.9    
*  445    3  1040.00    0.37      0  1040.00  3105.00    11.0     3.0    23.9    
*  446    2  1039.67    0.49      0  1039.67  3105.00    11.0     3.0    24.0    
   448    0  1039.67    0.50      2  1039.67  3105.00    11.0     3.0    24.1    
Evolutionary process finished.
Solution written to 'solution-36613.txt'.

Sorted sequence of worst to best tardiness value:
Task for patient = 139 with skills = {0,5} and cost = 431.7
   Vehicle #0 = 6, leaving at = 791.0
   Vehicle #1 = 44, leaving at = 773.0
   Increment on distance indicator: 8.0
   Increment on tard indicator:     4.0
   Value of tmax indicator:         8.0

Task for patient = 87 with skills = {3,-1} and cost = 493.3
   Vehicle #0 = 51, leaving at = 710.0
   Vehicle #1 = -1, leaving at = inf
   Increment on distance indicator: 4.0
   Increment on tard indicator:     3.0
   Value of tmax indicator:         4.0

Task for patient = 108 with skills = {2,3} and cost = 712.0
   Vehicle #0 = 15, leaving at = 991.0
   Vehicle #1 = 51, leaving at = 997.0
   Increment on distance indicator: 18.0
   Increment on tard indicator:     3.0
   Value of tmax indicator:         18.0

Task for patient = 80 with skills = {5,-1} and cost = 309.0
   Vehicle #0 = 42, leaving at = 661.0
   Vehicle #1 = -1, leaving at = inf
   Increment on distance indicator: 14.0
   Increment on tard indicator:     1.0
   Value of tmax indicator:         14.0

Task for patient = 250 with skills = {4,-1} and cost = 588.3
   Vehicle #0 = 45, leaving at = 855.0
   Vehicle #1 = -1, leaving at = inf
   Increment on distance indicator: 3.0
   Increment on tard indicator:     0.0
   Value of tmax indicator:         3.0

Task for patient = 125 with skills = {2,-1} and cost = 586.3
   Vehicle #0 = 8, leaving at = 752.0
   Vehicle #1 = -1, leaving at = inf
   Increment on distance indicator: 10.0
   Increment on tard indicator:     0.0
   Value of tmax indicator:         10.0

Task for patient = 276 with skills = {0,-1} and cost = 583.0
   Vehicle #0 = 7, leaving at = 939.0
   Vehicle #1 = -1, leaving at = inf
   Increment on distance indicator: 1.0
   Increment on tard indicator:     0.0
   Value of tmax indicator:         1.0

Task for patient = 199 with skills = {4,-1} and cost = 582.7
   Vehicle #0 = 36, leaving at = 819.0
   Vehicle #1 = -1, leaving at = inf
   Increment on distance indicator: 4.0
   Increment on tard indicator:     0.0
   Value of tmax indicator:         4.0

Task for patient = 247 with skills = {2,-1} and cost = 581.3
   Vehicle #0 = 14, leaving at = 834.0
   Vehicle #1 = -1, leaving at = inf
   Increment on distance indicator: 1.0
   Increment on tard indicator:     0.0
   Value of tmax indicator:         1.0

Task for patient = 248 with skills = {0,-1} and cost = 581.0
   Vehicle #0 = 3, leaving at = 986.0
   Vehicle #1 = -1, leaving at = inf
   Increment on distance indicator: 3.0
   Increment on tard indicator:     0.0
   Value of tmax indicator:         3.0

Task for patient = 157 with skills = {2,3} and cost = 580.0
   Vehicle #0 = 15, leaving at = 869.0
   Vehicle #1 = 51, leaving at = 883.0
   Increment on distance indicator: 11.0
   Increment on tard indicator:     0.0
   Value of tmax indicator:         11.0

Task for patient = 192 with skills = {3,-1} and cost = 576.3
   Vehicle #0 = 46, leaving at = 745.0
   Vehicle #1 = -1, leaving at = inf
   Increment on distance indicator: 6.0
   Increment on tard indicator:     0.0
   Value of tmax indicator:         6.0

Task for patient = 24 with skills = {1,-1} and cost = 574.3
   Vehicle #0 = 20, leaving at = 800.0
   Vehicle #1 = -1, leaving at = inf
   Increment on distance indicator: 1.0
   Increment on tard indicator:     0.0
   Value of tmax indicator:         1.0

Task for patient = 141 with skills = {4,-1} and cost = 574.0
   Vehicle #0 = 30, leaving at = 955.0
   Vehicle #1 = -1, leaving at = inf
   Increment on distance indicator: 3.0
   Increment on tard indicator:     0.0
   Value of tmax indicator:         3.0

Task for patient = 107 with skills = {4,-1} and cost = 573.0
   Vehicle #0 = 52, leaving at = 722.0
   Vehicle #1 = -1, leaving at = inf
   Increment on distance indicator: 8.0
   Increment on tard indicator:     0.0
   Value of tmax indicator:         8.0

Task for patient = 221 with skills = {0,5} and cost = 570.3
   Vehicle #0 = 6, leaving at = 921.0
   Vehicle #1 = 30, leaving at = 924.0
   Increment on distance indicator: 5.0
   Increment on tard indicator:     0.0
   Value of tmax indicator:         5.0

Task for patient = 203 with skills = {1,-1} and cost = 568.7
   Vehicle #0 = 17, leaving at = 787.0
   Vehicle #1 = -1, leaving at = inf
   Increment on distance indicator: 2.0
   Increment on tard indicator:     0.0
   Value of tmax indicator:         2.0

Task for patient = 111 with skills = {0,3} and cost = 568.0
   Vehicle #0 = 16, leaving at = 874.0
   Vehicle #1 = 41, leaving at = 875.0
   Increment on distance indicator: 7.0
   Increment on tard indicator:     0.0
   Value of tmax indicator:         7.0

Task for patient = 166 with skills = {0,-1} and cost = 565.7
   Vehicle #0 = 3, leaving at = 959.0
   Vehicle #1 = -1, leaving at = inf
   Increment on distance indicator: 2.0
   Increment on tard indicator:     0.0
   Value of tmax indicator:         2.0

Task for patient = 13 with skills = {5,-1} and cost = 565.0
   Vehicle #0 = 51, leaving at = 798.0
   Vehicle #1 = -1, leaving at = inf
   Increment on distance indicator: 6.0
   Increment on tard indicator:     0.0
   Value of tmax indicator:         6.0

Task for patient = 283 with skills = {1,-1} and cost = 587.3
   Vehicle #0 = 20, leaving at = 847.0
   Vehicle #1 = -1, leaving at = inf
   Increment on distance indicator: 3.0
   Increment on tard indicator:     0.0
   Value of tmax indicator:         3.0

Task for patient = 8 with skills = {5,-1} and cost = 613.0
   Vehicle #0 = 56, leaving at = 660.0
   Vehicle #1 = -1, leaving at = inf
   Increment on distance indicator: 2.0
   Increment on tard indicator:     0.0
   Value of tmax indicator:         2.0

Task for patient = 74 with skills = {5,-1} and cost = 612.3
   Vehicle #0 = 37, leaving at = 989.0
   Vehicle #1 = -1, leaving at = inf
   Increment on distance indicator: 6.0
   Increment on tard indicator:     0.0
   Value of tmax indicator:         6.0

Task for patient = 259 with skills = {0,-1} and cost = 610.3
   Vehicle #0 = 10, leaving at = 969.0
   Vehicle #1 = -1, leaving at = inf
   Increment on distance indicator: 5.0
   Increment on tard indicator:     0.0
   Value of tmax indicator:         5.0

Task for patient = 191 with skills = {3,-1} and cost = 608.7
   Vehicle #0 = 36, leaving at = 897.0
   Vehicle #1 = -1, leaving at = inf
   Increment on distance indicator: 4.0
   Increment on tard indicator:     0.0
   Value of tmax indicator:         4.0

Task for patient = 296 with skills = {3,-1} and cost = 607.3
   Vehicle #0 = 49, leaving at = 898.0
   Vehicle #1 = -1, leaving at = inf
   Increment on distance indicator: 8.0
   Increment on tard indicator:     0.0
   Value of tmax indicator:         8.0

Task for patient = 81 with skills = {0,4} and cost = 604.7
   Vehicle #0 = 8, leaving at = 946.0
   Vehicle #1 = 37, leaving at = 923.0
   Increment on distance indicator: 4.0
   Increment on tard indicator:     0.0
   Value of tmax indicator:         4.0

Task for patient = 53 with skills = {3,-1} and cost = 603.3
   Vehicle #0 = 32, leaving at = 895.0
   Vehicle #1 = -1, leaving at = inf
   Increment on distance indicator: 5.0
   Increment on tard indicator:     0.0
   Value of tmax indicator:         5.0

Task for patient = 260 with skills = {2,-1} and cost = 601.7
   Vehicle #0 = 1, leaving at = 1041.0
   Vehicle #1 = -1, leaving at = inf
   Increment on distance indicator: 1.0
   Increment on tard indicator:     0.0
   Value of tmax indicator:         1.0

Task for patient = 14 with skills = {2,3} and cost = 592.7
   Vehicle #0 = 4, leaving at = 789.0
   Vehicle #1 = 46, leaving at = 808.0
   Increment on distance indicator: 13.0
   Increment on tard indicator:     0.0
   Value of tmax indicator:         13.0

Task for patient = 291 with skills = {0,-1} and cost = 600.7
   Vehicle #0 = 3, leaving at = 1037.0
   Vehicle #1 = -1, leaving at = inf
   Increment on distance indicator: 4.0
   Increment on tard indicator:     0.0
   Value of tmax indicator:         4.0

Task for patient = 85 with skills = {1,-1} and cost = 599.3
   Vehicle #0 = 22, leaving at = 621.0
   Vehicle #1 = -1, leaving at = inf
   Increment on distance indicator: 0.0
   Increment on tard indicator:     0.0
   Value of tmax indicator:         0.0

Task for patient = 50 with skills = {2,-1} and cost = 599.3
   Vehicle #0 = 8, leaving at = 900.0
   Vehicle #1 = -1, leaving at = inf
   Increment on distance indicator: 4.0
   Increment on tard indicator:     0.0
   Value of tmax indicator:         4.0

Task for patient = 175 with skills = {1,-1} and cost = 598.0
   Vehicle #0 = 20, leaving at = 943.0
   Vehicle #1 = -1, leaving at = inf
   Increment on distance indicator: 2.0
   Increment on tard indicator:     0.0
   Value of tmax indicator:         2.0

Task for patient = 207 with skills = {1,-1} and cost = 597.3
   Vehicle #0 = 2, leaving at = 980.0
   Vehicle #1 = -1, leaving at = inf
   Increment on distance indicator: 4.0
   Increment on tard indicator:     0.0
   Value of tmax indicator:         4.0

Task for patient = 101 with skills = {5,-1} and cost = 596.0
   Vehicle #0 = 47, leaving at = 836.0
   Vehicle #1 = -1, leaving at = inf
   Increment on distance indicator: 6.0
   Increment on tard indicator:     0.0
   Value of tmax indicator:         6.0

Task for patient = 1 with skills = {0,-1} and cost = 594.0
   Vehicle #0 = 8, leaving at = 791.0
   Vehicle #1 = -1, leaving at = inf
   Increment on distance indicator: 4.0
   Increment on tard indicator:     0.0
   Value of tmax indicator:         4.0

Task for patient = 65 with skills = {0,-1} and cost = 563.0
   Vehicle #0 = 21, leaving at = 749.0
   Vehicle #1 = -1, leaving at = inf
   Increment on distance indicator: 7.0
   Increment on tard indicator:     0.0
   Value of tmax indicator:         7.0

Task for patient = 284 with skills = {3,-1} and cost = 601.3
   Vehicle #0 = 46, leaving at = 872.0
   Vehicle #1 = -1, leaving at = inf
   Increment on distance indicator: 2.0
   Increment on tard indicator:     0.0
   Value of tmax indicator:         2.0

Task for patient = 223 with skills = {0,4} and cost = 523.3
   Vehicle #0 = 12, leaving at = 865.0
   Vehicle #1 = 40, leaving at = 853.0
   Increment on distance indicator: 4.0
   Increment on tard indicator:     0.0
   Value of tmax indicator:         4.0

Task for patient = 156 with skills = {2,-1} and cost = 522.0
   Vehicle #0 = 14, leaving at = 789.0
   Vehicle #1 = -1, leaving at = inf
   Increment on distance indicator: 4.0
   Increment on tard indicator:     0.0
   Value of tmax indicator:         4.0

Task for patient = 11 with skills = {4,-1} and cost = 520.7
   Vehicle #0 = 33, leaving at = 987.0
   Vehicle #1 = -1, leaving at = inf
   Increment on distance indicator: 3.0
   Increment on tard indicator:     0.0
   Value of tmax indicator:         3.0

Task for patient = 151 with skills = {2,-1} and cost = 519.7
   Vehicle #0 = 8, leaving at = 720.0
   Vehicle #1 = -1, leaving at = inf
   Increment on distance indicator: 4.0
   Increment on tard indicator:     0.0
   Value of tmax indicator:         4.0

Task for patient = 202 with skills = {3,-1} and cost = 518.3
   Vehicle #0 = 31, leaving at = 958.0
   Vehicle #1 = -1, leaving at = inf
   Increment on distance indicator: 3.0
   Increment on tard indicator:     0.0
   Value of tmax indicator:         3.0

Task for patient = 154 with skills = {4,-1} and cost = 517.3
   Vehicle #0 = 30, leaving at = 901.0
   Vehicle #1 = -1, leaving at = inf
   Increment on distance indicator: 2.0
   Increment on tard indicator:     0.0
   Value of tmax indicator:         2.0

Task for patient = 130 with skills = {2,3} and cost = 516.7
   Vehicle #0 = 13, leaving at = 792.0
   Vehicle #1 = 35, leaving at = 839.0
   Increment on distance indicator: 7.0
   Increment on tard indicator:     0.0
   Value of tmax indicator:         7.0

Task for patient = 258 with skills = {0,-1} and cost = 514.3
   Vehicle #0 = 17, leaving at = 523.0
   Vehicle #1 = -1, leaving at = inf
   Increment on distance indicator: 29.0
   Increment on tard indicator:     0.0
   Value of tmax indicator:         29.0

Task for patient = 150 with skills = {1,-1} and cost = 560.0
   Vehicle #0 = 20, leaving at = 719.0
   Vehicle #1 = -1, leaving at = inf
   Increment on distance indicator: 5.0
   Increment on tard indicator:     0.0
   Value of tmax indicator:         5.0

Task for patient = 134 with skills = {0,5} and cost = 504.0
   Vehicle #0 = 10, leaving at = 838.0
   Vehicle #1 = 39, leaving at = 808.0
   Increment on distance indicator: 13.0
   Increment on tard indicator:     0.0
   Value of tmax indicator:         13.0

Task for patient = 173 with skills = {0,-1} and cost = 499.7
   Vehicle #0 = 20, leaving at = 660.0
   Vehicle #1 = -1, leaving at = inf
   Increment on distance indicator: 15.0
   Increment on tard indicator:     0.0
   Value of tmax indicator:         15.0

Task for patient = 112 with skills = {0,-1} and cost = 494.7
   Vehicle #0 = 6, leaving at = 875.0
   Vehicle #1 = -1, leaving at = inf
   Increment on distance indicator: 4.0
   Increment on tard indicator:     0.0
   Value of tmax indicator:         4.0

Task for patient = 243 with skills = {5,-1} and cost = 490.7
   Vehicle #0 = 51, leaving at = 679.0
   Vehicle #1 = -1, leaving at = inf
   Increment on distance indicator: 9.0
   Increment on tard indicator:     0.0
   Value of tmax indicator:         9.0

Task for patient = 29 with skills = {1,-1} and cost = 487.7
   Vehicle #0 = 14, leaving at = 754.0
   Vehicle #1 = -1, leaving at = inf
   Increment on distance indicator: 5.0
   Increment on tard indicator:     0.0
   Value of tmax indicator:         5.0

Task for patient = 117 with skills = {4,-1} and cost = 486.0
   Vehicle #0 = 37, leaving at = 759.0
   Vehicle #1 = -1, leaving at = inf
   Increment on distance indicator: 7.0
   Increment on tard indicator:     0.0
   Value of tmax indicator:         7.0

Task for patient = 73 with skills = {4,-1} and cost = 483.7
   Vehicle #0 = 32, leaving at = 804.0
   Vehicle #1 = -1, leaving at = inf
   Increment on distance indicator: 4.0
   Increment on tard indicator:     0.0
   Value of tmax indicator:         4.0

Task for patient = 19 with skills = {2,5} and cost = 482.3
   Vehicle #0 = 7, leaving at = 880.0
   Vehicle #1 = 48, leaving at = 880.0
   Increment on distance indicator: 7.0
   Increment on tard indicator:     0.0
   Value of tmax indicator:         7.0

Task for patient = 185 with skills = {0,-1} and cost = 504.7
   Vehicle #0 = 10, leaving at = 874.0
   Vehicle #1 = -1, leaving at = inf
   Increment on distance indicator: 2.0
   Increment on tard indicator:     0.0
   Value of tmax indicator:         2.0

Task for patient = 71 with skills = {0,-1} and cost = 560.7
   Vehicle #0 = 10, leaving at = 928.0
   Vehicle #1 = -1, leaving at = inf
   Increment on distance indicator: 2.0
   Increment on tard indicator:     0.0
   Value of tmax indicator:         2.0

Task for patient = 144 with skills = {2,-1} and cost = 615.0
   Vehicle #0 = 11, leaving at = 923.0
   Vehicle #1 = -1, leaving at = inf
   Increment on distance indicator: 6.0
   Increment on tard indicator:     0.0
   Value of tmax indicator:         6.0

Task for patient = 96 with skills = {1,5} and cost = 558.3
   Vehicle #0 = 17, leaving at = 743.0
   Vehicle #1 = 36, leaving at = 741.0
   Increment on distance indicator: 7.0
   Increment on tard indicator:     0.0
   Value of tmax indicator:         7.0

Task for patient = 280 with skills = {3,-1} and cost = 556.0
   Vehicle #0 = 56, leaving at = 576.0
   Vehicle #1 = -1, leaving at = inf
   Increment on distance indicator: 22.0
   Increment on tard indicator:     0.0
   Value of tmax indicator:         22.0

Task for patient = 3 with skills = {1,4} and cost = 548.7
   Vehicle #0 = 19, leaving at = 645.0
   Vehicle #1 = 52, leaving at = 623.0
   Increment on distance indicator: 24.0
   Increment on tard indicator:     0.0
   Value of tmax indicator:         24.0

Task for patient = 22 with skills = {4,-1} and cost = 540.7
   Vehicle #0 = 52, leaving at = 588.0
   Vehicle #1 = -1, leaving at = inf
   Increment on distance indicator: 10.0
   Increment on tard indicator:     0.0
   Value of tmax indicator:         10.0

Task for patient = 164 with skills = {1,-1} and cost = 537.3
   Vehicle #0 = 13, leaving at = 818.0
   Vehicle #1 = -1, leaving at = inf
   Increment on distance indicator: 1.0
   Increment on tard indicator:     0.0
   Value of tmax indicator:         1.0

Task for patient = 12 with skills = {4,-1} and cost = 537.0
   Vehicle #0 = 38, leaving at = 963.0
   Vehicle #1 = -1, leaving at = inf
   Increment on distance indicator: 4.0
   Increment on tard indicator:     0.0
   Value of tmax indicator:         4.0

Task for patient = 204 with skills = {5,-1} and cost = 524.0
   Vehicle #0 = 39, leaving at = 866.0
   Vehicle #1 = -1, leaving at = inf
   Increment on distance indicator: 2.0
   Increment on tard indicator:     0.0
   Value of tmax indicator:         2.0

Task for patient = 229 with skills = {5,-1} and cost = 535.0
   Vehicle #0 = 45, leaving at = 818.0
   Vehicle #1 = -1, leaving at = inf
   Increment on distance indicator: 2.0
   Increment on tard indicator:     0.0
   Value of tmax indicator:         2.0

Task for patient = 236 with skills = {2,-1} and cost = 534.3
   Vehicle #0 = 9, leaving at = 920.0
   Vehicle #1 = -1, leaving at = inf
   Increment on distance indicator: 1.0
   Increment on tard indicator:     0.0
   Value of tmax indicator:         1.0

Task for patient = 146 with skills = {0,-1} and cost = 534.0
   Vehicle #0 = 9, leaving at = 886.0
   Vehicle #1 = -1, leaving at = inf
   Increment on distance indicator: 3.0
   Increment on tard indicator:     0.0
   Value of tmax indicator:         3.0

Task for patient = 188 with skills = {2,4} and cost = 533.0
   Vehicle #0 = 12, leaving at = 936.0
   Vehicle #1 = 40, leaving at = 948.0
   Increment on distance indicator: 8.0
   Increment on tard indicator:     0.0
   Value of tmax indicator:         8.0

Task for patient = 88 with skills = {4,-1} and cost = 530.3
   Vehicle #0 = 37, leaving at = 899.0
   Vehicle #1 = -1, leaving at = inf
   Increment on distance indicator: 3.0
   Increment on tard indicator:     0.0
   Value of tmax indicator:         3.0

Task for patient = 116 with skills = {4,-1} and cost = 529.3
   Vehicle #0 = 37, leaving at = 840.0
   Vehicle #1 = -1, leaving at = inf
   Increment on distance indicator: 3.0
   Increment on tard indicator:     0.0
   Value of tmax indicator:         3.0

Task for patient = 273 with skills = {4,-1} and cost = 528.3
   Vehicle #0 = 40, leaving at = 896.0
   Vehicle #1 = -1, leaving at = inf
   Increment on distance indicator: 2.0
   Increment on tard indicator:     0.0
   Value of tmax indicator:         2.0

Task for patient = 5 with skills = {5,-1} and cost = 527.7
   Vehicle #0 = 37, leaving at = 818.0
   Vehicle #1 = -1, leaving at = inf
   Increment on distance indicator: 4.0
   Increment on tard indicator:     0.0
   Value of tmax indicator:         4.0

Task for patient = 174 with skills = {2,5} and cost = 526.3
   Vehicle #0 = 12, leaving at = 907.0
   Vehicle #1 = 39, leaving at = 911.0
   Increment on distance indicator: 7.0
   Increment on tard indicator:     0.0
   Value of tmax indicator:         7.0

Task for patient = 299 with skills = {3,-1} and cost = 535.7
   Vehicle #0 = 51, leaving at = 746.0
   Vehicle #1 = -1, leaving at = inf
   Increment on distance indicator: 2.0
   Increment on tard indicator:     0.0
   Value of tmax indicator:         2.0

Task for patient = 226 with skills = {5,-1} and cost = 700.3
   Vehicle #0 = 49, leaving at = 1023.0
   Vehicle #1 = -1, leaving at = inf
   Increment on distance indicator: 2.0
   Increment on tard indicator:     0.0
   Value of tmax indicator:         2.0

Task for patient = 235 with skills = {0,-1} and cost = 699.7
   Vehicle #0 = 5, leaving at = 1041.0
   Vehicle #1 = -1, leaving at = inf
   Increment on distance indicator: 1.0
   Increment on tard indicator:     0.0
   Value of tmax indicator:         1.0

Task for patient = 138 with skills = {5,-1} and cost = 699.3
   Vehicle #0 = 39, leaving at = 1104.0
   Vehicle #1 = -1, leaving at = inf
   Increment on distance indicator: 5.0
   Increment on tard indicator:     0.0
   Value of tmax indicator:         5.0

Task for patient = 169 with skills = {5,-1} and cost = 697.7
   Vehicle #0 = 46, leaving at = 1008.0
   Vehicle #1 = -1, leaving at = inf
   Increment on distance indicator: 5.0
   Increment on tard indicator:     0.0
   Value of tmax indicator:         5.0

Task for patient = 182 with skills = {4,-1} and cost = 696.0
   Vehicle #0 = 45, leaving at = 1002.0
   Vehicle #1 = -1, leaving at = inf
   Increment on distance indicator: 5.0
   Increment on tard indicator:     0.0
   Value of tmax indicator:         5.0

Task for patient = 289 with skills = {2,3} and cost = 694.3
   Vehicle #0 = 14, leaving at = 922.0
   Vehicle #1 = 34, leaving at = 897.0
   Increment on distance indicator: 7.0
   Increment on tard indicator:     0.0
   Value of tmax indicator:         7.0

Task for patient = 70 with skills = {0,-1} and cost = 692.0
   Vehicle #0 = 6, leaving at = 957.0
   Vehicle #1 = -1, leaving at = inf
   Increment on distance indicator: 3.0
   Increment on tard indicator:     0.0
   Value of tmax indicator:         3.0

Task for patient = 72 with skills = {4,-1} and cost = 691.0
   Vehicle #0 = 30, leaving at = 1077.0
   Vehicle #1 = -1, leaving at = inf
   Increment on distance indicator: 5.0
   Increment on tard indicator:     0.0
   Value of tmax indicator:         5.0

Task for patient = 124 with skills = {5,-1} and cost = 615.7
   Vehicle #0 = 43, leaving at = 874.0
   Vehicle #1 = -1, leaving at = inf
   Increment on distance indicator: 2.0
   Increment on tard indicator:     0.0
   Value of tmax indicator:         2.0

Task for patient = 256 with skills = {3,-1} and cost = 685.3
   Vehicle #0 = 40, leaving at = 1036.0
   Vehicle #1 = -1, leaving at = inf
   Increment on distance indicator: 2.0
   Increment on tard indicator:     0.0
   Value of tmax indicator:         2.0

Task for patient = 37 with skills = {2,5} and cost = 684.7
   Vehicle #0 = 11, leaving at = 1025.0
   Vehicle #1 = 39, leaving at = 1045.0
   Increment on distance indicator: 13.0
   Increment on tard indicator:     0.0
   Value of tmax indicator:         13.0

Task for patient = 6 with skills = {2,-1} and cost = 680.3
   Vehicle #0 = 13, leaving at = 914.0
   Vehicle #1 = -1, leaving at = inf
   Increment on distance indicator: 2.0
   Increment on tard indicator:     0.0
   Value of tmax indicator:         2.0

Task for patient = 57 with skills = {1,5} and cost = 679.7
   Vehicle #0 = 17, leaving at = 979.0
   Vehicle #1 = 56, leaving at = 1002.0
   Increment on distance indicator: 8.0
   Increment on tard indicator:     0.0
   Value of tmax indicator:         8.0

Task for patient = 63 with skills = {5,-1} and cost = 677.0
   Vehicle #0 = 42, leaving at = 968.0
   Vehicle #1 = -1, leaving at = inf
   Increment on distance indicator: 2.0
   Increment on tard indicator:     0.0
   Value of tmax indicator:         2.0

Task for patient = 271 with skills = {5,-1} and cost = 676.3
   Vehicle #0 = 52, leaving at = 839.0
   Vehicle #1 = -1, leaving at = inf
   Increment on distance indicator: 5.0
   Increment on tard indicator:     0.0
   Value of tmax indicator:         5.0

Task for patient = 224 with skills = {1,3} and cost = 674.7
   Vehicle #0 = 0, leaving at = 949.0
   Vehicle #1 = 46, leaving at = 964.0
   Increment on distance indicator: 7.0
   Increment on tard indicator:     0.0
   Value of tmax indicator:         7.0

Task for patient = 179 with skills = {3,-1} and cost = 672.3
   Vehicle #0 = 40, leaving at = 1004.0
   Vehicle #1 = -1, leaving at = inf
   Increment on distance indicator: 3.0
   Increment on tard indicator:     0.0
   Value of tmax indicator:         3.0

Task for patient = 172 with skills = {3,-1} and cost = 689.3
   Vehicle #0 = 43, leaving at = 931.0
   Vehicle #1 = -1, leaving at = inf
   Increment on distance indicator: 12.0
   Increment on tard indicator:     0.0
   Value of tmax indicator:         12.0

Task for patient = 181 with skills = {2,3} and cost = 737.7
   Vehicle #0 = 13, leaving at = 1037.0
   Vehicle #1 = 31, leaving at = 1074.0
   Increment on distance indicator: 3.0
   Increment on tard indicator:     0.0
   Value of tmax indicator:         3.0

Task for patient = 99 with skills = {0,-1} and cost = 736.7
   Vehicle #0 = 15, leaving at = 1031.0
   Vehicle #1 = -1, leaving at = inf
   Increment on distance indicator: 3.0
   Increment on tard indicator:     0.0
   Value of tmax indicator:         3.0

Task for patient = 171 with skills = {5,-1} and cost = 735.7
   Vehicle #0 = 52, leaving at = 944.0
   Vehicle #1 = -1, leaving at = inf
   Increment on distance indicator: 6.0
   Increment on tard indicator:     0.0
   Value of tmax indicator:         6.0

Task for patient = 281 with skills = {2,3} and cost = 733.7
   Vehicle #0 = 6, leaving at = 1022.0
   Vehicle #1 = 42, leaving at = 1020.0
   Increment on distance indicator: 8.0
   Increment on tard indicator:     0.0
   Value of tmax indicator:         8.0

Task for patient = 34 with skills = {1,4} and cost = 731.0
   Vehicle #0 = 5, leaving at = 1071.0
   Vehicle #1 = 34, leaving at = 1110.0
   Increment on distance indicator: 2.0
   Increment on tard indicator:     0.0
   Value of tmax indicator:         2.0

Task for patient = 186 with skills = {0,-1} and cost = 730.3
   Vehicle #0 = 3, leaving at = 1093.0
   Vehicle #1 = -1, leaving at = inf
   Increment on distance indicator: 2.0
   Increment on tard indicator:     0.0
   Value of tmax indicator:         2.0

Task for patient = 94 with skills = {5,-1} and cost = 729.7
   Vehicle #0 = 34, leaving at = 1026.0
   Vehicle #1 = -1, leaving at = inf
   Increment on distance indicator: 2.0
   Increment on tard indicator:     0.0
   Value of tmax indicator:         2.0

Task for patient = 194 with skills = {5,-1} and cost = 729.0
   Vehicle #0 = 37, leaving at = 1054.0
   Vehicle #1 = -1, leaving at = inf
   Increment on distance indicator: 5.0
   Increment on tard indicator:     0.0
   Value of tmax indicator:         5.0

Task for patient = 198 with skills = {0,-1} and cost = 701.3
   Vehicle #0 = 13, leaving at = 937.0
   Vehicle #1 = -1, leaving at = inf
   Increment on distance indicator: 3.0
   Increment on tard indicator:     0.0
   Value of tmax indicator:         3.0

Task for patient = 286 with skills = {0,-1} and cost = 725.3
   Vehicle #0 = 11, leaving at = 1053.0
   Vehicle #1 = -1, leaving at = inf
   Increment on distance indicator: 10.0
   Increment on tard indicator:     0.0
   Value of tmax indicator:         10.0

Task for patient = 143 with skills = {0,3} and cost = 722.0
   Vehicle #0 = 19, leaving at = 1002.0
   Vehicle #1 = 38, leaving at = 1021.0
   Increment on distance indicator: 7.0
   Increment on tard indicator:     0.0
   Value of tmax indicator:         7.0

Task for patient = 97 with skills = {0,5} and cost = 719.7
   Vehicle #0 = 16, leaving at = 1009.0
   Vehicle #1 = 34, leaving at = 1007.0
   Increment on distance indicator: 7.0
   Increment on tard indicator:     0.0
   Value of tmax indicator:         7.0

Task for patient = 76 with skills = {2,5} and cost = 717.3
   Vehicle #0 = 8, leaving at = 1085.0
   Vehicle #1 = 33, leaving at = 1094.0
   Increment on distance indicator: 10.0
   Increment on tard indicator:     0.0
   Value of tmax indicator:         10.0

Task for patient = 52 with skills = {1,-1} and cost = 714.0
   Vehicle #0 = 13, leaving at = 987.0
   Vehicle #1 = -1, leaving at = inf
   Increment on distance indicator: 3.0
   Increment on tard indicator:     0.0
   Value of tmax indicator:         3.0

Task for patient = 75 with skills = {2,4} and cost = 713.0
   Vehicle #0 = 6, leaving at = 987.0
   Vehicle #1 = 34, leaving at = 976.0
   Increment on distance indicator: 3.0
   Increment on tard indicator:     0.0
   Value of tmax indicator:         3.0

Task for patient = 254 with skills = {5,-1} and cost = 705.0
   Vehicle #0 = 52, leaving at = 893.0
   Vehicle #1 = -1, leaving at = inf
   Increment on distance indicator: 5.0
   Increment on tard indicator:     0.0
   Value of tmax indicator:         5.0

Task for patient = 205 with skills = {2,-1} and cost = 703.3
   Vehicle #0 = 14, leaving at = 982.0
   Vehicle #1 = -1, leaving at = inf
   Increment on distance indicator: 2.0
   Increment on tard indicator:     0.0
   Value of tmax indicator:         2.0

Task for patient = 49 with skills = {4,-1} and cost = 702.7
   Vehicle #0 = 38, leaving at = 984.0
   Vehicle #1 = -1, leaving at = inf
   Increment on distance indicator: 4.0
   Increment on tard indicator:     0.0
   Value of tmax indicator:         4.0

Task for patient = 21 with skills = {2,4} and cost = 727.3
   Vehicle #0 = 9, leaving at = 1048.0
   Vehicle #1 = 51, leaving at = 1036.0
   Increment on distance indicator: 6.0
   Increment on tard indicator:     0.0
   Value of tmax indicator:         6.0

Task for patient = 163 with skills = {0,4} and cost = 643.3
   Vehicle #0 = 17, leaving at = 882.0
   Vehicle #1 = 45, leaving at = 901.0
   Increment on distance indicator: 6.0
   Increment on tard indicator:     0.0
   Value of tmax indicator:         6.0

Task for patient = 184 with skills = {2,5} and cost = 641.3
   Vehicle #0 = 7, leaving at = 973.0
   Vehicle #1 = 48, leaving at = 998.0
   Increment on distance indicator: 3.0
   Increment on tard indicator:     0.0
   Value of tmax indicator:         3.0

Task for patient = 241 with skills = {5,-1} and cost = 640.3
   Vehicle #0 = 32, leaving at = 992.0
   Vehicle #1 = -1, leaving at = inf
   Increment on distance indicator: 5.0
   Increment on tard indicator:     0.0
   Value of tmax indicator:         5.0

Task for patient = 239 with skills = {5,-1} and cost = 638.7
   Vehicle #0 = 39, leaving at = 947.0
   Vehicle #1 = -1, leaving at = inf
   Increment on distance indicator: 6.0
   Increment on tard indicator:     0.0
   Value of tmax indicator:         6.0

Task for patient = 216 with skills = {1,-1} and cost = 636.7
   Vehicle #0 = 19, leaving at = 803.0
   Vehicle #1 = -1, leaving at = inf
   Increment on distance indicator: 4.0
   Increment on tard indicator:     0.0
   Value of tmax indicator:         4.0

Task for patient = 90 with skills = {1,-1} and cost = 635.3
   Vehicle #0 = 15, leaving at = 922.0
   Vehicle #1 = -1, leaving at = inf
   Increment on distance indicator: 6.0
   Increment on tard indicator:     0.0
   Value of tmax indicator:         6.0

Task for patient = 60 with skills = {2,4} and cost = 633.3
   Vehicle #0 = 11, leaving at = 966.0
   Vehicle #1 = 49, leaving at = 965.0
   Increment on distance indicator: 5.0
   Increment on tard indicator:     0.0
   Value of tmax indicator:         5.0

Task for patient = 67 with skills = {2,5} and cost = 631.7
   Vehicle #0 = 2, leaving at = 1018.0
   Vehicle #1 = 41, leaving at = 1025.0
   Increment on distance indicator: 3.0
   Increment on tard indicator:     0.0
   Value of tmax indicator:         3.0

Task for patient = 128 with skills = {0,-1} and cost = 671.3
   Vehicle #0 = 19, leaving at = 976.0
   Vehicle #1 = -1, leaving at = inf
   Increment on distance indicator: 1.0
   Increment on tard indicator:     0.0
   Value of tmax indicator:         1.0

Task for patient = 220 with skills = {4,-1} and cost = 629.3
   Vehicle #0 = 48, leaving at = 912.0
   Vehicle #1 = -1, leaving at = inf
   Increment on distance indicator: 2.0
   Increment on tard indicator:     0.0
   Value of tmax indicator:         2.0

Task for patient = 110 with skills = {1,3} and cost = 628.7
   Vehicle #0 = 17, leaving at = 831.0
   Vehicle #1 = 56, leaving at = 833.0
   Increment on distance indicator: 10.0
   Increment on tard indicator:     0.0
   Value of tmax indicator:         10.0

Task for patient = 16 with skills = {5,-1} and cost = 625.3
   Vehicle #0 = 32, leaving at = 969.0
   Vehicle #1 = -1, leaving at = inf
   Increment on distance indicator: 6.0
   Increment on tard indicator:     0.0
   Value of tmax indicator:         6.0

Task for patient = 77 with skills = {0,-1} and cost = 623.3
   Vehicle #0 = 9, leaving at = 991.0
   Vehicle #1 = -1, leaving at = inf
   Increment on distance indicator: 3.0
   Increment on tard indicator:     0.0
   Value of tmax indicator:         3.0

Task for patient = 298 with skills = {5,-1} and cost = 622.3
   Vehicle #0 = 41, leaving at = 966.0
   Vehicle #1 = -1, leaving at = inf
   Increment on distance indicator: 3.0
   Increment on tard indicator:     0.0
   Value of tmax indicator:         3.0

Task for patient = 38 with skills = {5,-1} and cost = 621.3
   Vehicle #0 = 41, leaving at = 931.0
   Vehicle #1 = -1, leaving at = inf
   Increment on distance indicator: 1.0
   Increment on tard indicator:     0.0
   Value of tmax indicator:         1.0

Task for patient = 269 with skills = {1,5} and cost = 621.0
   Vehicle #0 = 19, leaving at = 755.0
   Vehicle #1 = 52, leaving at = 789.0
   Increment on distance indicator: 13.0
   Increment on tard indicator:     0.0
   Value of tmax indicator:         13.0

Task for patient = 152 with skills = {0,-1} and cost = 616.7
   Vehicle #0 = 12, leaving at = 955.0
   Vehicle #1 = -1, leaving at = inf
   Increment on distance indicator: 3.0
   Increment on tard indicator:     0.0
   Value of tmax indicator:         3.0

Task for patient = 35 with skills = {0,3} and cost = 480.0
   Vehicle #0 = 21, leaving at = 693.0
   Vehicle #1 = 46, leaving at = 698.0
   Increment on distance indicator: 16.0
   Increment on tard indicator:     0.0
   Value of tmax indicator:         16.0

Task for patient = 119 with skills = {1,-1} and cost = 630.7
   Vehicle #0 = 12, leaving at = 997.0
   Vehicle #1 = -1, leaving at = inf
   Increment on distance indicator: 4.0
   Increment on tard indicator:     0.0
   Value of tmax indicator:         4.0

Task for patient = 104 with skills = {1,-1} and cost = 671.0
   Vehicle #0 = 5, leaving at = 1024.0
   Vehicle #1 = -1, leaving at = inf
   Increment on distance indicator: 4.0
   Increment on tard indicator:     0.0
   Value of tmax indicator:         4.0

Task for patient = 292 with skills = {2,4} and cost = 669.7
   Vehicle #0 = 8, leaving at = 1033.0
   Vehicle #1 = 33, leaving at = 1040.0
   Increment on distance indicator: 9.0
   Increment on tard indicator:     0.0
   Value of tmax indicator:         9.0

Task for patient = 95 with skills = {3,-1} and cost = 666.7
   Vehicle #0 = 46, leaving at = 931.0
   Vehicle #1 = -1, leaving at = inf
   Increment on distance indicator: 1.0
   Increment on tard indicator:     0.0
   Value of tmax indicator:         1.0

Task for patient = 115 with skills = {3,-1} and cost = 666.3
   Vehicle #0 = 31, leaving at = 988.0
   Vehicle #1 = -1, leaving at = inf
   Increment on distance indicator: 3.0
   Increment on tard indicator:     0.0
   Value of tmax indicator:         3.0

Task for patient = 131 with skills = {2,3} and cost = 665.3
   Vehicle #0 = 8, leaving at = 981.0
   Vehicle #1 = 45, leaving at = 980.0
   Increment on distance indicator: 7.0
   Increment on tard indicator:     0.0
   Value of tmax indicator:         7.0

Task for patient = 92 with skills = {0,5} and cost = 663.0
   Vehicle #0 = 20, leaving at = 1054.0
   Vehicle #1 = 30, leaving at = 1046.0
   Increment on distance indicator: 2.0
   Increment on tard indicator:     0.0
   Value of tmax indicator:         2.0

Task for patient = 245 with skills = {0,-1} and cost = 662.3
   Vehicle #0 = 19, leaving at = 836.0
   Vehicle #1 = -1, leaving at = inf
   Increment on distance indicator: 3.0
   Increment on tard indicator:     0.0
   Value of tmax indicator:         3.0

Task for patient = 208 with skills = {0,-1} and cost = 661.3
   Vehicle #0 = 10, leaving at = 1028.0
   Vehicle #1 = -1, leaving at = inf
   Increment on distance indicator: 2.0
   Increment on tard indicator:     0.0
   Value of tmax indicator:         2.0

Task for patient = 47 with skills = {2,-1} and cost = 644.0
   Vehicle #0 = 12, leaving at = 1023.0
   Vehicle #1 = -1, leaving at = inf
   Increment on distance indicator: 2.0
   Increment on tard indicator:     0.0
   Value of tmax indicator:         2.0

Task for patient = 7 with skills = {3,-1} and cost = 660.0
   Vehicle #0 = 46, leaving at = 914.0
   Vehicle #1 = -1, leaving at = inf
   Increment on distance indicator: 2.0
   Increment on tard indicator:     0.0
   Value of tmax indicator:         2.0

Task for patient = 133 with skills = {4,-1} and cost = 659.3
   Vehicle #0 = 43, leaving at = 894.0
   Vehicle #1 = -1, leaving at = inf
   Increment on distance indicator: 4.0
   Increment on tard indicator:     0.0
   Value of tmax indicator:         4.0

Task for patient = 251 with skills = {3,-1} and cost = 658.0
   Vehicle #0 = 42, leaving at = 836.0
   Vehicle #1 = -1, leaving at = inf
   Increment on distance indicator: 1.0
   Increment on tard indicator:     0.0
   Value of tmax indicator:         1.0

Task for patient = 33 with skills = {1,5} and cost = 657.7
   Vehicle #0 = 20, leaving at = 1002.0
   Vehicle #1 = 30, leaving at = 1001.0
   Increment on distance indicator: 7.0
   Increment on tard indicator:     0.0
   Value of tmax indicator:         7.0

Task for patient = 275 with skills = {5,-1} and cost = 655.3
   Vehicle #0 = 36, leaving at = 1000.0
   Vehicle #1 = -1, leaving at = inf
   Increment on distance indicator: 4.0
   Increment on tard indicator:     0.0
   Value of tmax indicator:         4.0

Task for patient = 234 with skills = {2,3} and cost = 654.0
   Vehicle #0 = 2, leaving at = 1081.0
   Vehicle #1 = 41, leaving at = 1086.0
   Increment on distance indicator: 6.0
   Increment on tard indicator:     0.0
   Value of tmax indicator:         6.0

Task for patient = 39 with skills = {2,-1} and cost = 652.0
   Vehicle #0 = 4, leaving at = 825.0
   Vehicle #1 = -1, leaving at = inf
   Increment on distance indicator: 10.0
   Increment on tard indicator:     0.0
   Value of tmax indicator:         10.0

Task for patient = 246 with skills = {0,-1} and cost = 648.7
   Vehicle #0 = 17, leaving at = 942.0
   Vehicle #1 = -1, leaving at = inf
   Increment on distance indicator: 3.0
   Increment on tard indicator:     0.0
   Value of tmax indicator:         3.0

Task for patient = 268 with skills = {0,4} and cost = 647.7
   Vehicle #0 = 13, leaving at = 867.0
   Vehicle #1 = 34, leaving at = 874.0
   Increment on distance indicator: 11.0
   Increment on tard indicator:     0.0
   Value of tmax indicator:         11.0

Task for patient = 132 with skills = {1,-1} and cost = 660.7
   Vehicle #0 = 21, leaving at = 806.0
   Vehicle #1 = -1, leaving at = inf
   Increment on distance indicator: 2.0
   Increment on tard indicator:     0.0
   Value of tmax indicator:         2.0

Task for patient = 209 with skills = {2,-1} and cost = 253.0
   Vehicle #0 = 11, leaving at = 725.0
   Vehicle #1 = -1, leaving at = inf
   Increment on distance indicator: 6.0
   Increment on tard indicator:     0.0
   Value of tmax indicator:         6.0

Task for patient = 153 with skills = {0,-1} and cost = 251.0
   Vehicle #0 = 9, leaving at = 860.0
   Vehicle #1 = -1, leaving at = inf
   Increment on distance indicator: 4.0
   Increment on tard indicator:     0.0
   Value of tmax indicator:         4.0

Task for patient = 297 with skills = {5,-1} and cost = 249.7
   Vehicle #0 = 41, leaving at = 698.0
   Vehicle #1 = -1, leaving at = inf
   Increment on distance indicator: 5.0
   Increment on tard indicator:     0.0
   Value of tmax indicator:         5.0

Task for patient = 230 with skills = {5,-1} and cost = 248.0
   Vehicle #0 = 41, leaving at = 662.0
   Vehicle #1 = -1, leaving at = inf
   Increment on distance indicator: 6.0
   Increment on tard indicator:     0.0
   Value of tmax indicator:         6.0

Task for patient = 15 with skills = {2,5} and cost = 246.0
   Vehicle #0 = 12, leaving at = 614.0
   Vehicle #1 = 39, leaving at = 601.0
   Increment on distance indicator: 26.0
   Increment on tard indicator:     0.0
   Value of tmax indicator:         26.0

Task for patient = 227 with skills = {0,3} and cost = 237.3
   Vehicle #0 = 7, leaving at = 598.0
   Vehicle #1 = 41, leaving at = 618.0
   Increment on distance indicator: 25.0
   Increment on tard indicator:     0.0
   Value of tmax indicator:         25.0

Task for patient = 55 with skills = {2,-1} and cost = 229.0
   Vehicle #0 = 11, leaving at = 681.0
   Vehicle #1 = -1, leaving at = inf
   Increment on distance indicator: 2.0
   Increment on tard indicator:     0.0
   Value of tmax indicator:         2.0

Task for patient = 279 with skills = {0,5} and cost = 228.3
   Vehicle #0 = 3, leaving at = 807.0
   Vehicle #1 = 33, leaving at = 820.0
   Increment on distance indicator: 6.0
   Increment on tard indicator:     0.0
   Value of tmax indicator:         6.0

Task for patient = 162 with skills = {0,-1} and cost = 474.7
   Vehicle #0 = 12, leaving at = 830.0
   Vehicle #1 = -1, leaving at = inf
   Increment on distance indicator: 3.0
   Increment on tard indicator:     0.0
   Value of tmax indicator:         3.0

Task for patient = 290 with skills = {2,-1} and cost = 224.3
   Vehicle #0 = 11, leaving at = 523.0
   Vehicle #1 = -1, leaving at = inf
   Increment on distance indicator: 21.0
   Increment on tard indicator:     0.0
   Value of tmax indicator:         21.0

Task for patient = 89 with skills = {3,-1} and cost = 217.3
   Vehicle #0 = 40, leaving at = 563.0
   Vehicle #1 = -1, leaving at = inf
   Increment on distance indicator: 2.0
   Increment on tard indicator:     0.0
   Value of tmax indicator:         2.0

Task for patient = 277 with skills = {0,3} and cost = 216.7
   Vehicle #0 = 10, leaving at = 510.0
   Vehicle #1 = 40, leaving at = 526.0
   Increment on distance indicator: 42.0
   Increment on tard indicator:     0.0
   Value of tmax indicator:         42.0

Task for patient = 44 with skills = {2,-1} and cost = 202.7
   Vehicle #0 = 7, leaving at = 570.0
   Vehicle #1 = -1, leaving at = inf
   Increment on distance indicator: 23.0
   Increment on tard indicator:     0.0
   Value of tmax indicator:         23.0

Task for patient = 165 with skills = {1,3} and cost = 195.0
   Vehicle #0 = 0, leaving at = 640.0
   Vehicle #1 = 38, leaving at = 634.0
   Increment on distance indicator: 4.0
   Increment on tard indicator:     0.0
   Value of tmax indicator:         4.0

Task for patient = 183 with skills = {2,5} and cost = 193.7
   Vehicle #0 = 1, leaving at = 827.0
   Vehicle #1 = 30, leaving at = 828.0
   Increment on distance indicator: 8.0
   Increment on tard indicator:     0.0
   Value of tmax indicator:         8.0

Task for patient = 79 with skills = {0,-1} and cost = 191.0
   Vehicle #0 = 3, leaving at = 759.0
   Vehicle #1 = -1, leaving at = inf
   Increment on distance indicator: 4.0
   Increment on tard indicator:     0.0
   Value of tmax indicator:         4.0

Task for patient = 98 with skills = {1,-1} and cost = 189.7
   Vehicle #0 = 2, leaving at = 726.0
   Vehicle #1 = -1, leaving at = inf
   Increment on distance indicator: 3.0
   Increment on tard indicator:     0.0
   Value of tmax indicator:         3.0

Task for patient = 118 with skills = {2,-1} and cost = 226.3
   Vehicle #0 = 11, leaving at = 632.0
   Vehicle #1 = -1, leaving at = inf
   Increment on distance indicator: 6.0
   Increment on tard indicator:     0.0
   Value of tmax indicator:         6.0

Task for patient = 282 with skills = {1,-1} and cost = 318.3
   Vehicle #0 = 14, leaving at = 518.0
   Vehicle #1 = -1, leaving at = inf
   Increment on distance indicator: 17.0
   Increment on tard indicator:     0.0
   Value of tmax indicator:         17.0

Task for patient = 20 with skills = {0,5} and cost = 312.7
   Vehicle #0 = 15, leaving at = 692.0
   Vehicle #1 = 45, leaving at = 716.0
   Increment on distance indicator: 8.0
   Increment on tard indicator:     0.0
   Value of tmax indicator:         8.0

Task for patient = 9 with skills = {0,-1} and cost = 310.0
   Vehicle #0 = 7, leaving at = 715.0
   Vehicle #1 = -1, leaving at = inf
   Increment on distance indicator: 3.0
   Increment on tard indicator:     0.0
   Value of tmax indicator:         3.0

Task for patient = 159 with skills = {5,-1} and cost = 303.7
   Vehicle #0 = 30, leaving at = 851.0
   Vehicle #1 = -1, leaving at = inf
   Increment on distance indicator: 2.0
   Increment on tard indicator:     0.0
   Value of tmax indicator:         2.0

Task for patient = 91 with skills = {2,-1} and cost = 303.0
   Vehicle #0 = 12, leaving at = 666.0
   Vehicle #1 = -1, leaving at = inf
   Increment on distance indicator: 5.0
   Increment on tard indicator:     0.0
   Value of tmax indicator:         5.0

Task for patient = 244 with skills = {3,-1} and cost = 301.3
   Vehicle #0 = 42, leaving at = 588.0
   Vehicle #1 = -1, leaving at = inf
   Increment on distance indicator: 3.0
   Increment on tard indicator:     0.0
   Value of tmax indicator:         3.0

Task for patient = 215 with skills = {2,3} and cost = 300.3
   Vehicle #0 = 5, leaving at = 834.0
   Vehicle #1 = 31, leaving at = 835.0
   Increment on distance indicator: 4.0
   Increment on tard indicator:     0.0
   Value of tmax indicator:         4.0

Task for patient = 120 with skills = {0,-1} and cost = 299.0
   Vehicle #0 = 15, leaving at = 587.0
   Vehicle #1 = -1, leaving at = inf
   Increment on distance indicator: 4.0
   Increment on tard indicator:     0.0
   Value of tmax indicator:         4.0

Task for patient = 274 with skills = {2,3} and cost = 254.7
   Vehicle #0 = 2, leaving at = 782.0
   Vehicle #1 = 41, leaving at = 788.0
   Increment on distance indicator: 5.0
   Increment on tard indicator:     0.0
   Value of tmax indicator:         5.0

Task for patient = 231 with skills = {2,-1} and cost = 297.0
   Vehicle #0 = 7, leaving at = 626.0
   Vehicle #1 = -1, leaving at = inf
   Increment on distance indicator: 3.0
   Increment on tard indicator:     0.0
   Value of tmax indicator:         3.0

Task for patient = 64 with skills = {0,4} and cost = 296.0
   Vehicle #0 = 15, leaving at = 559.0
   Vehicle #1 = 45, leaving at = 561.0
   Increment on distance indicator: 42.0
   Increment on tard indicator:     0.0
   Value of tmax indicator:         42.0

Task for patient = 262 with skills = {4,-1} and cost = 282.0
   Vehicle #0 = 43, leaving at = 628.0
   Vehicle #1 = -1, leaving at = inf
   Increment on distance indicator: 20.0
   Increment on tard indicator:     0.0
   Value of tmax indicator:         20.0

Task for patient = 61 with skills = {2,5} and cost = 275.3
   Vehicle #0 = 13, leaving at = 691.0
   Vehicle #1 = 37, leaving at = 699.0
   Increment on distance indicator: 9.0
   Increment on tard indicator:     0.0
   Value of tmax indicator:         9.0

Task for patient = 41 with skills = {0,-1} and cost = 272.3
   Vehicle #0 = 13, leaving at = 610.0
   Vehicle #1 = -1, leaving at = inf
   Increment on distance indicator: 7.0
   Increment on tard indicator:     0.0
   Value of tmax indicator:         7.0

Task for patient = 78 with skills = {4,-1} and cost = 270.0
   Vehicle #0 = 38, leaving at = 720.0
   Vehicle #1 = -1, leaving at = inf
   Increment on distance indicator: 4.0
   Increment on tard indicator:     0.0
   Value of tmax indicator:         4.0

Task for patient = 255 with skills = {1,5} and cost = 268.7
   Vehicle #0 = 13, leaving at = 570.0
   Vehicle #1 = 42, leaving at = 531.0
   Increment on distance indicator: 38.0
   Increment on tard indicator:     0.0
   Value of tmax indicator:         38.0

Task for patient = 240 with skills = {0,-1} and cost = 256.0
   Vehicle #0 = 1, leaving at = 885.0
   Vehicle #1 = -1, leaving at = inf
   Increment on distance indicator: 2.0
   Increment on tard indicator:     0.0
   Value of tmax indicator:         2.0

Task for patient = 196 with skills = {1,-1} and cost = 255.3
   Vehicle #0 = 2, leaving at = 816.0
   Vehicle #1 = -1, leaving at = inf
   Increment on distance indicator: 2.0
   Increment on tard indicator:     0.0
   Value of tmax indicator:         2.0

Task for patient = 123 with skills = {0,-1} and cost = 297.7
   Vehicle #0 = 6, leaving at = 744.0
   Vehicle #1 = -1, leaving at = inf
   Increment on distance indicator: 2.0
   Increment on tard indicator:     0.0
   Value of tmax indicator:         2.0

Task for patient = 242 with skills = {3,-1} and cost = 93.3
   Vehicle #0 = 32, leaving at = 659.0
   Vehicle #1 = -1, leaving at = inf
   Increment on distance indicator: 13.0
   Increment on tard indicator:     0.0
   Value of tmax indicator:         13.0

Task for patient = 178 with skills = {0,4} and cost = 89.0
   Vehicle #0 = 5, leaving at = 581.0
   Vehicle #1 = 34, leaving at = 599.0
   Increment on distance indicator: 48.0
   Increment on tard indicator:     0.0
   Value of tmax indicator:         48.0

Task for patient = 155 with skills = {1,3} and cost = 73.0
   Vehicle #0 = 3, leaving at = 701.0
   Vehicle #1 = 33, leaving at = 701.0
   Increment on distance indicator: 5.0
   Increment on tard indicator:     0.0
   Value of tmax indicator:         5.0

Task for patient = 148 with skills = {0,-1} and cost = 71.3
   Vehicle #0 = 3, leaving at = 615.0
   Vehicle #1 = -1, leaving at = inf
   Increment on distance indicator: 5.0
   Increment on tard indicator:     0.0
   Value of tmax indicator:         5.0

Task for patient = 28 with skills = {2,3} and cost = 69.7
   Vehicle #0 = 1, leaving at = 674.0
   Vehicle #1 = 31, leaving at = 684.0
   Increment on distance indicator: 4.0
   Increment on tard indicator:     0.0
   Value of tmax indicator:         4.0

Task for patient = 147 with skills = {4,-1} and cost = 68.3
   Vehicle #0 = 33, leaving at = 605.0
   Vehicle #1 = -1, leaving at = inf
   Increment on distance indicator: 20.0
   Increment on tard indicator:     0.0
   Value of tmax indicator:         20.0

Task for patient = 197 with skills = {2,5} and cost = 61.7
   Vehicle #0 = 4, leaving at = 599.0
   Vehicle #1 = 32, leaving at = 608.0
   Increment on distance indicator: 20.0
   Increment on tard indicator:     0.0
   Value of tmax indicator:         20.0

Task for patient = 218 with skills = {4,-1} and cost = 55.0
   Vehicle #0 = 30, leaving at = 735.0
   Vehicle #1 = -1, leaving at = inf
   Increment on distance indicator: 4.0
   Increment on tard indicator:     0.0
   Value of tmax indicator:         4.0

Task for patient = 31 with skills = {1,4} and cost = 188.7
   Vehicle #0 = 0, leaving at = 586.0
   Vehicle #1 = 38, leaving at = 595.0
   Increment on distance indicator: 24.0
   Increment on tard indicator:     0.0
   Value of tmax indicator:         24.0

Task for patient = 212 with skills = {1,4} and cost = 46.3
   Vehicle #0 = 2, leaving at = 664.0
   Vehicle #1 = 30, leaving at = 662.0
   Increment on distance indicator: 5.0
   Increment on tard indicator:     0.0
   Value of tmax indicator:         5.0

Task for patient = 263 with skills = {5,-1} and cost = 44.7
   Vehicle #0 = 30, leaving at = 599.0
   Vehicle #1 = -1, leaving at = inf
   Increment on distance indicator: 5.0
   Increment on tard indicator:     0.0
   Value of tmax indicator:         5.0

Task for patient = 237 with skills = {0,-1} and cost = 43.0
   Vehicle #0 = 1, leaving at = 584.0
   Vehicle #1 = -1, leaving at = inf
   Increment on distance indicator: 21.0
   Increment on tard indicator:     0.0
   Value of tmax indicator:         21.0

Task for patient = 32 with skills = {3,-1} and cost = 36.0
   Vehicle #0 = 32, leaving at = 583.0
   Vehicle #1 = -1, leaving at = inf
   Increment on distance indicator: 19.0
   Increment on tard indicator:     0.0
   Value of tmax indicator:         19.0

Task for patient = 288 with skills = {1,3} and cost = 29.7
   Vehicle #0 = 2, leaving at = 625.0
   Vehicle #1 = 31, leaving at = 637.0
   Increment on distance indicator: 10.0
   Increment on tard indicator:     0.0
   Value of tmax indicator:         10.0

Task for patient = 102 with skills = {2,3} and cost = 26.3
   Vehicle #0 = 2, leaving at = 580.0
   Vehicle #1 = 31, leaving at = 541.0
   Increment on distance indicator: 20.0
   Increment on tard indicator:     0.0
   Value of tmax indicator:         20.0

Task for patient = 82 with skills = {1,4} and cost = 19.7
   Vehicle #0 = 2, leaving at = 522.0
   Vehicle #1 = 30, leaving at = 544.0
   Increment on distance indicator: 40.0
   Increment on tard indicator:     0.0
   Value of tmax indicator:         40.0

Task for patient = 180 with skills = {1,-1} and cost = 6.3
   Vehicle #0 = 0, leaving at = 560.0
   Vehicle #1 = -1, leaving at = inf
   Increment on distance indicator: 19.0
   Increment on tard indicator:     0.0
   Value of tmax indicator:         19.0

Task for patient = 48 with skills = {1,-1} and cost = 53.7
   Vehicle #0 = 3, leaving at = 579.0
   Vehicle #1 = -1, leaving at = inf
   Increment on distance indicator: 22.0
   Increment on tard indicator:     0.0
   Value of tmax indicator:         22.0

Task for patient = 45 with skills = {5,-1} and cost = 180.7
   Vehicle #0 = 39, leaving at = 549.0
   Vehicle #1 = -1, leaving at = inf
   Increment on distance indicator: 18.0
   Increment on tard indicator:     0.0
   Value of tmax indicator:         18.0

Task for patient = 270 with skills = {2,3} and cost = 174.7
   Vehicle #0 = 6, leaving at = 671.0
   Vehicle #1 = 35, leaving at = 675.0
   Increment on distance indicator: 36.0
   Increment on tard indicator:     0.0
   Value of tmax indicator:         36.0

Task for patient = 295 with skills = {1,3} and cost = 162.7
   Vehicle #0 = 5, leaving at = 781.0
   Vehicle #1 = 31, leaving at = 792.0
   Increment on distance indicator: 5.0
   Increment on tard indicator:     0.0
   Value of tmax indicator:         5.0

Task for patient = 200 with skills = {2,5} and cost = 161.0
   Vehicle #0 = 9, leaving at = 808.0
   Vehicle #1 = 33, leaving at = 789.0
   Increment on distance indicator: 10.0
   Increment on tard indicator:     0.0
   Value of tmax indicator:         10.0

Task for patient = 187 with skills = {2,3} and cost = 157.7
   Vehicle #0 = 1, leaving at = 765.0
   Vehicle #1 = 34, leaving at = 782.0
   Increment on distance indicator: 2.0
   Increment on tard indicator:     0.0
   Value of tmax indicator:         2.0

Task for patient = 201 with skills = {3,-1} and cost = 157.0
   Vehicle #0 = 35, leaving at = 632.0
   Vehicle #1 = -1, leaving at = inf
   Increment on distance indicator: 6.0
   Increment on tard indicator:     0.0
   Value of tmax indicator:         6.0

Task for patient = 160 with skills = {3,-1} and cost = 155.0
   Vehicle #0 = 31, leaving at = 739.0
   Vehicle #1 = -1, leaving at = inf
   Increment on distance indicator: 2.0
   Increment on tard indicator:     0.0
   Value of tmax indicator:         2.0

Task for patient = 211 with skills = {0,-1} and cost = 154.3
   Vehicle #0 = 4, leaving at = 724.0
   Vehicle #1 = -1, leaving at = inf
   Increment on distance indicator: 4.0
   Increment on tard indicator:     0.0
   Value of tmax indicator:         4.0

Task for patient = 225 with skills = {1,-1} and cost = 96.0
   Vehicle #0 = 5, leaving at = 647.0
   Vehicle #1 = -1, leaving at = inf
   Increment on distance indicator: 8.0
   Increment on tard indicator:     0.0
   Value of tmax indicator:         8.0

Task for patient = 190 with skills = {5,-1} and cost = 151.3
   Vehicle #0 = 37, leaving at = 641.0
   Vehicle #1 = -1, leaving at = inf
   Increment on distance indicator: 5.0
   Increment on tard indicator:     0.0
   Value of tmax indicator:         5.0

Task for patient = 100 with skills = {2,4} and cost = 149.7
   Vehicle #0 = 9, leaving at = 744.0
   Vehicle #1 = 33, leaving at = 764.0
   Increment on distance indicator: 11.0
   Increment on tard indicator:     0.0
   Value of tmax indicator:         11.0

Task for patient = 25 with skills = {1,4} and cost = 146.0
   Vehicle #0 = 9, leaving at = 578.0
   Vehicle #1 = 37, leaving at = 597.0
   Increment on distance indicator: 38.0
   Increment on tard indicator:     0.0
   Value of tmax indicator:         38.0

Task for patient = 126 with skills = {0,4} and cost = 133.3
   Vehicle #0 = 8, leaving at = 662.0
   Vehicle #1 = 36, leaving at = 660.0
   Increment on distance indicator: 18.0
   Increment on tard indicator:     0.0
   Value of tmax indicator:         18.0

Task for patient = 113 with skills = {1,4} and cost = 127.3
   Vehicle #0 = 8, leaving at = 586.0
   Vehicle #1 = 36, leaving at = 603.0
   Increment on distance indicator: 28.0
   Increment on tard indicator:     0.0
   Value of tmax indicator:         28.0

Task for patient = 83 with skills = {1,3} and cost = 118.0
   Vehicle #0 = 8, leaving at = 559.0
   Vehicle #1 = 35, leaving at = 548.0
   Increment on distance indicator: 42.0
   Increment on tard indicator:     0.0
   Value of tmax indicator:         42.0

Task for patient = 267 with skills = {1,3} and cost = 104.0
   Vehicle #0 = 5, leaving at = 695.0
   Vehicle #1 = 34, leaving at = 682.0
   Increment on distance indicator: 6.0
   Increment on tard indicator:     0.0
   Value of tmax indicator:         6.0

Task for patient = 2 with skills = {5,-1} and cost = 102.0
   Vehicle #0 = 34, leaving at = 661.0
   Vehicle #1 = -1, leaving at = inf
   Increment on distance indicator: 9.0
   Increment on tard indicator:     0.0
   Value of tmax indicator:         9.0

Task for patient = 168 with skills = {2,-1} and cost = 99.0
   Vehicle #0 = 4, leaving at = 676.0
   Vehicle #1 = -1, leaving at = inf
   Increment on distance indicator: 9.0
   Increment on tard indicator:     0.0
   Value of tmax indicator:         9.0

Task for patient = 238 with skills = {0,4} and cost = 153.0
   Vehicle #0 = 1, leaving at = 723.0
   Vehicle #1 = 34, leaving at = 725.0
   Increment on distance indicator: 5.0
   Increment on tard indicator:     0.0
   Value of tmax indicator:         5.0

Task for patient = 249 with skills = {3,-1} and cost = 446.7
   Vehicle #0 = 34, leaving at = 828.0
   Vehicle #1 = -1, leaving at = inf
   Increment on distance indicator: 2.0
   Increment on tard indicator:     0.0
   Value of tmax indicator:         2.0

Task for patient = 219 with skills = {2,-1} and cost = 446.0
   Vehicle #0 = 21, leaving at = 591.0
   Vehicle #1 = -1, leaving at = inf
   Increment on distance indicator: 15.0
   Increment on tard indicator:     0.0
   Value of tmax indicator:         15.0

Task for patient = 135 with skills = {0,-1} and cost = 441.0
   Vehicle #0 = 3, leaving at = 925.0
   Vehicle #1 = -1, leaving at = inf
   Increment on distance indicator: 4.0
   Increment on tard indicator:     0.0
   Value of tmax indicator:         4.0

Task for patient = 17 with skills = {5,-1} and cost = 439.7
   Vehicle #0 = 44, leaving at = 874.0
   Vehicle #1 = -1, leaving at = inf
   Increment on distance indicator: 3.0
   Increment on tard indicator:     0.0
   Value of tmax indicator:         3.0

Task for patient = 210 with skills = {3,-1} and cost = 438.7
   Vehicle #0 = 41, leaving at = 827.0
   Vehicle #1 = -1, leaving at = inf
   Increment on distance indicator: 2.0
   Increment on tard indicator:     0.0
   Value of tmax indicator:         2.0

Task for patient = 27 with skills = {4,-1} and cost = 438.0
   Vehicle #0 = 34, leaving at = 802.0
   Vehicle #1 = -1, leaving at = inf
   Increment on distance indicator: 1.0
   Increment on tard indicator:     0.0
   Value of tmax indicator:         1.0

Task for patient = 177 with skills = {3,-1} and cost = 437.7
   Vehicle #0 = 44, leaving at = 817.0
   Vehicle #1 = -1, leaving at = inf
   Increment on distance indicator: 2.0
   Increment on tard indicator:     0.0
   Value of tmax indicator:         2.0

Task for patient = 69 with skills = {0,-1} and cost = 437.0
   Vehicle #0 = 10, leaving at = 772.0
   Vehicle #1 = -1, leaving at = inf
   Increment on distance indicator: 3.0
   Increment on tard indicator:     0.0
   Value of tmax indicator:         3.0

Task for patient = 62 with skills = {0,-1} and cost = 319.3
   Vehicle #0 = 13, leaving at = 731.0
   Vehicle #1 = -1, leaving at = inf
   Increment on distance indicator: 3.0
   Increment on tard indicator:     0.0
   Value of tmax indicator:         3.0

Task for patient = 140 with skills = {3,-1} and cost = 427.3
   Vehicle #0 = 38, leaving at = 896.0
   Vehicle #1 = -1, leaving at = inf
   Increment on distance indicator: 5.0
   Increment on tard indicator:     0.0
   Value of tmax indicator:         5.0

Task for patient = 232 with skills = {1,3} and cost = 425.7
   Vehicle #0 = 0, leaving at = 777.0
   Vehicle #1 = 49, leaving at = 797.0
   Increment on distance indicator: 4.0
   Increment on tard indicator:     0.0
   Value of tmax indicator:         4.0

Task for patient = 43 with skills = {0,4} and cost = 424.3
   Vehicle #0 = 10, leaving at = 740.0
   Vehicle #1 = 32, leaving at = 751.0
   Increment on distance indicator: 10.0
   Increment on tard indicator:     0.0
   Value of tmax indicator:         10.0

Task for patient = 109 with skills = {1,-1} and cost = 421.0
   Vehicle #0 = 20, leaving at = 626.0
   Vehicle #1 = -1, leaving at = inf
   Increment on distance indicator: 6.0
   Increment on tard indicator:     0.0
   Value of tmax indicator:         6.0

Task for patient = 142 with skills = {1,3} and cost = 419.0
   Vehicle #0 = 0, leaving at = 725.0
   Vehicle #1 = 49, leaving at = 739.0
   Increment on distance indicator: 6.0
   Increment on tard indicator:     0.0
   Value of tmax indicator:         6.0

Task for patient = 264 with skills = {0,-1} and cost = 417.0
   Vehicle #0 = 1, leaving at = 935.0
   Vehicle #1 = -1, leaving at = inf
   Increment on distance indicator: 5.0
   Increment on tard indicator:     0.0
   Value of tmax indicator:         5.0

Task for patient = 293 with skills = {0,-1} and cost = 415.3
   Vehicle #0 = 10, leaving at = 690.0
   Vehicle #1 = -1, leaving at = inf
   Increment on distance indicator: 4.0
   Increment on tard indicator:     0.0
   Value of tmax indicator:         4.0

Task for patient = 253 with skills = {2,4} and cost = 414.0
   Vehicle #0 = 20, leaving at = 564.0
   Vehicle #1 = 51, leaving at = 594.0
   Increment on distance indicator: 28.0
   Increment on tard indicator:     0.0
   Value of tmax indicator:         28.0

Task for patient = 193 with skills = {1,-1} and cost = 436.0
   Vehicle #0 = 14, leaving at = 687.0
   Vehicle #1 = -1, leaving at = inf
   Increment on distance indicator: 13.0
   Increment on tard indicator:     0.0
   Value of tmax indicator:         13.0

Task for patient = 252 with skills = {0,3} and cost = 740.0
   Vehicle #0 = 7, leaving at = 1025.0
   Vehicle #1 = 44, leaving at = 1052.0
   Increment on distance indicator: 7.0
   Increment on tard indicator:     0.0
   Value of tmax indicator:         7.0

Task for patient = 36 with skills = {0,3} and cost = 473.7
   Vehicle #0 = 21, leaving at = 620.0
   Vehicle #1 = 46, leaving at = 652.0
   Increment on distance indicator: 21.0
   Increment on tard indicator:     0.0
   Value of tmax indicator:         21.0

Task for patient = 176 with skills = {4,-1} and cost = 466.7
   Vehicle #0 = 40, leaving at = 835.0
   Vehicle #1 = -1, leaving at = inf
   Increment on distance indicator: 1.0
   Increment on tard indicator:     0.0
   Value of tmax indicator:         1.0

Task for patient = 114 with skills = {3,-1} and cost = 466.3
   Vehicle #0 = 31, leaving at = 913.0
   Vehicle #1 = -1, leaving at = inf
   Increment on distance indicator: 3.0
   Increment on tard indicator:     0.0
   Value of tmax indicator:         3.0

Task for patient = 228 with skills = {5,-1} and cost = 465.3
   Vehicle #0 = 51, leaving at = 643.0
   Vehicle #1 = -1, leaving at = inf
   Increment on distance indicator: 5.0
   Increment on tard indicator:     0.0
   Value of tmax indicator:         5.0

Task for patient = 266 with skills = {0,-1} and cost = 463.7
   Vehicle #0 = 12, leaving at = 763.0
   Vehicle #1 = -1, leaving at = inf
   Increment on distance indicator: 2.0
   Increment on tard indicator:     0.0
   Value of tmax indicator:         2.0

Task for patient = 122 with skills = {3,-1} and cost = 463.0
   Vehicle #0 = 35, leaving at = 785.0
   Vehicle #1 = -1, leaving at = inf
   Increment on distance indicator: 8.0
   Increment on tard indicator:     0.0
   Value of tmax indicator:         8.0

Task for patient = 4 with skills = {3,-1} and cost = 460.3
   Vehicle #0 = 38, leaving at = 914.0
   Vehicle #1 = -1, leaving at = inf
   Increment on distance indicator: 2.0
   Increment on tard indicator:     0.0
   Value of tmax indicator:         2.0

Task for patient = 42 with skills = {5,-1} and cost = 447.7
   Vehicle #0 = 39, leaving at = 746.0
   Vehicle #1 = -1, leaving at = inf
   Increment on distance indicator: 3.0
   Increment on tard indicator:     0.0
   Value of tmax indicator:         3.0

Task for patient = 129 with skills = {0,5} and cost = 459.3
   Vehicle #0 = 16, leaving at = 803.0
   Vehicle #1 = 48, leaving at = 774.0
   Increment on distance indicator: 6.0
   Increment on tard indicator:     0.0
   Value of tmax indicator:         6.0

Task for patient = 56 with skills = {2,3} and cost = 457.3
   Vehicle #0 = 1, leaving at = 982.0
   Vehicle #1 = 44, leaving at = 999.0
   Increment on distance indicator: 7.0
   Increment on tard indicator:     0.0
   Value of tmax indicator:         7.0

Task for patient = 167 with skills = {2,-1} and cost = 455.0
   Vehicle #0 = 14, leaving at = 712.0
   Vehicle #1 = -1, leaving at = inf
   Increment on distance indicator: 2.0
   Increment on tard indicator:     0.0
   Value of tmax indicator:         2.0

Task for patient = 46 with skills = {5,-1} and cost = 454.3
   Vehicle #0 = 33, leaving at = 962.0
   Vehicle #1 = -1, leaving at = inf
   Increment on distance indicator: 2.0
   Increment on tard indicator:     0.0
   Value of tmax indicator:         2.0

Task for patient = 278 with skills = {4,-1} and cost = 453.7
   Vehicle #0 = 43, leaving at = 839.0
   Vehicle #1 = -1, leaving at = inf
   Increment on distance indicator: 2.0
   Increment on tard indicator:     0.0
   Value of tmax indicator:         2.0

Task for patient = 145 with skills = {2,-1} and cost = 453.0
   Vehicle #0 = 6, leaving at = 834.0
   Vehicle #1 = -1, leaving at = inf
   Increment on distance indicator: 2.0
   Increment on tard indicator:     0.0
   Value of tmax indicator:         2.0

Task for patient = 233 with skills = {3,-1} and cost = 452.3
   Vehicle #0 = 31, leaving at = 876.0
   Vehicle #1 = -1, leaving at = inf
   Increment on distance indicator: 1.0
   Increment on tard indicator:     0.0
   Value of tmax indicator:         1.0

Task for patient = 18 with skills = {2,4} and cost = 452.0
   Vehicle #0 = 11, leaving at = 862.0
   Vehicle #1 = 49, leaving at = 850.0
   Increment on distance indicator: 10.0
   Increment on tard indicator:     0.0
   Value of tmax indicator:         10.0

Task for patient = 195 with skills = {5,-1} and cost = 448.7
   Vehicle #0 = 42, leaving at = 706.0
   Vehicle #1 = -1, leaving at = inf
   Increment on distance indicator: 3.0
   Increment on tard indicator:     0.0
   Value of tmax indicator:         3.0

Task for patient = 272 with skills = {0,-1} and cost = 459.7
   Vehicle #0 = 7, leaving at = 843.0
   Vehicle #1 = -1, leaving at = inf
   Increment on distance indicator: 1.0
   Increment on tard indicator:     0.0
   Value of tmax indicator:         1.0

Task for patient = 26 with skills = {2,-1} and cost = 352.7
   Vehicle #0 = 18, leaving at = 923.0
   Vehicle #1 = -1, leaving at = inf
   Increment on distance indicator: 7.0
   Increment on tard indicator:     0.0
   Value of tmax indicator:         7.0

Task for patient = 68 with skills = {1,-1} and cost = 350.3
   Vehicle #0 = 13, leaving at = 769.0
   Vehicle #1 = -1, leaving at = inf
   Increment on distance indicator: 12.0
   Increment on tard indicator:     0.0
   Value of tmax indicator:         12.0

Task for patient = 189 with skills = {4,-1} and cost = 346.3
   Vehicle #0 = 43, leaving at = 674.0
   Vehicle #1 = -1, leaving at = inf
   Increment on distance indicator: 1.0
   Increment on tard indicator:     0.0
   Value of tmax indicator:         1.0

Task for patient = 58 with skills = {1,-1} and cost = 346.0
   Vehicle #0 = 2, leaving at = 855.0
   Vehicle #1 = -1, leaving at = inf
   Increment on distance indicator: 2.0
   Increment on tard indicator:     0.0
   Value of tmax indicator:         2.0

Task for patient = 206 with skills = {0,3} and cost = 345.3
   Vehicle #0 = 12, leaving at = 719.0
   Vehicle #1 = 40, leaving at = 711.0
   Increment on distance indicator: 9.0
   Increment on tard indicator:     0.0
   Value of tmax indicator:         9.0

Task for patient = 294 with skills = {0,-1} and cost = 342.3
   Vehicle #0 = 16, leaving at = 747.0
   Vehicle #1 = -1, leaving at = inf
   Increment on distance indicator: 3.0
   Increment on tard indicator:     0.0
   Value of tmax indicator:         3.0

Task for patient = 161 with skills = {3,-1} and cost = 341.3
   Vehicle #0 = 40, leaving at = 624.0
   Vehicle #1 = -1, leaving at = inf
   Increment on distance indicator: 4.0
   Increment on tard indicator:     0.0
   Value of tmax indicator:         4.0

Task for patient = 66 with skills = {3,-1} and cost = 340.0
   Vehicle #0 = 38, leaving at = 826.0
   Vehicle #1 = -1, leaving at = inf
   Increment on distance indicator: 7.0
   Increment on tard indicator:     0.0
   Value of tmax indicator:         7.0

Task for patient = 40 with skills = {0,5} and cost = 404.7
   Vehicle #0 = 10, leaving at = 653.0
   Vehicle #1 = 39, leaving at = 706.0
   Increment on distance indicator: 7.0
   Increment on tard indicator:     0.0
   Value of tmax indicator:         7.0

Task for patient = 23 with skills = {2,-1} and cost = 335.3
   Vehicle #0 = 14, leaving at = 595.0
   Vehicle #1 = -1, leaving at = inf
   Increment on distance indicator: 9.0
   Increment on tard indicator:     0.0
   Value of tmax indicator:         9.0

Task for patient = 30 with skills = {5,-1} and cost = 332.3
   Vehicle #0 = 43, leaving at = 658.0
   Vehicle #1 = -1, leaving at = inf
   Increment on distance indicator: 2.0
   Increment on tard indicator:     0.0
   Value of tmax indicator:         2.0

Task for patient = 257 with skills = {0,-1} and cost = 331.7
   Vehicle #0 = 16, leaving at = 556.0
   Vehicle #1 = -1, leaving at = inf
   Increment on distance indicator: 20.0
   Increment on tard indicator:     0.0
   Value of tmax indicator:         20.0

Task for patient = 214 with skills = {2,-1} and cost = 325.0
   Vehicle #0 = 5, leaving at = 872.0
   Vehicle #1 = -1, leaving at = inf
   Increment on distance indicator: 2.0
   Increment on tard indicator:     0.0
   Value of tmax indicator:         2.0

Task for patient = 93 with skills = {1,4} and cost = 324.3
   Vehicle #0 = 3, leaving at = 880.0
   Vehicle #1 = 33, leaving at = 897.0
   Increment on distance indicator: 2.0
   Increment on tard indicator:     0.0
   Value of tmax indicator:         2.0

Task for patient = 84 with skills = {4,-1} and cost = 323.7
   Vehicle #0 = 38, leaving at = 775.0
   Vehicle #1 = -1, leaving at = inf
   Increment on distance indicator: 3.0
   Increment on tard indicator:     0.0
   Value of tmax indicator:         3.0

Task for patient = 105 with skills = {2,3} and cost = 322.7
   Vehicle #0 = 15, leaving at = 711.0
   Vehicle #1 = 45, leaving at = 762.0
   Increment on distance indicator: 4.0
   Increment on tard indicator:     0.0
   Value of tmax indicator:         4.0

Task for patient = 285 with skills = {5,-1} and cost = 321.3
   Vehicle #0 = 39, leaving at = 646.0
   Vehicle #1 = -1, leaving at = inf
   Increment on distance indicator: 4.0
   Increment on tard indicator:     0.0
   Value of tmax indicator:         4.0

Task for patient = 222 with skills = {3,-1} and cost = 320.0
   Vehicle #0 = 33, leaving at = 840.0
   Vehicle #1 = -1, leaving at = inf
   Increment on distance indicator: 2.0
   Increment on tard indicator:     0.0
   Value of tmax indicator:         2.0

Task for patient = 136 with skills = {0,3} and cost = 337.7
   Vehicle #0 = 16, leaving at = 697.0
   Vehicle #1 = 35, leaving at = 720.0
   Increment on distance indicator: 7.0
   Increment on tard indicator:     0.0
   Value of tmax indicator:         7.0

Task for patient = 121 with skills = {3,-1} and cost = 402.3
   Vehicle #0 = 44, leaving at = 616.0
   Vehicle #1 = -1, leaving at = inf
   Increment on distance indicator: 4.0
   Increment on tard indicator:     0.0
   Value of tmax indicator:         4.0

Task for patient = 106 with skills = {3,-1} and cost = 401.0
   Vehicle #0 = 44, leaving at = 579.0
   Vehicle #1 = -1, leaving at = inf
   Increment on distance indicator: 3.0
   Increment on tard indicator:     0.0
   Value of tmax indicator:         3.0

Task for patient = 170 with skills = {1,5} and cost = 400.0
   Vehicle #0 = 0, leaving at = 667.0
   Vehicle #1 = 49, leaving at = 662.0
   Increment on distance indicator: 5.0
   Increment on tard indicator:     0.0
   Value of tmax indicator:         5.0

Task for patient = 86 with skills = {5,-1} and cost = 398.3
   Vehicle #0 = 48, leaving at = 709.0
   Vehicle #1 = -1, leaving at = inf
   Increment on distance indicator: 2.0
   Increment on tard indicator:     0.0
   Value of tmax indicator:         2.0

Task for patient = 59 with skills = {3,-1} and cost = 397.7
   Vehicle #0 = 43, leaving at = 796.0
   Vehicle #1 = -1, leaving at = inf
   Increment on distance indicator: 2.0
   Increment on tard indicator:     0.0
   Value of tmax indicator:         2.0

Task for patient = 217 with skills = {1,-1} and cost = 397.0
   Vehicle #0 = 15, leaving at = 825.0
   Vehicle #1 = -1, leaving at = inf
   Increment on distance indicator: 5.0
   Increment on tard indicator:     0.0
   Value of tmax indicator:         5.0

Task for patient = 300 with skills = {2,-1} and cost = 395.3
   Vehicle #0 = 5, leaving at = 969.0
   Vehicle #1 = -1, leaving at = inf
   Increment on distance indicator: 4.0
   Increment on tard indicator:     0.0
   Value of tmax indicator:         4.0

Task for patient = 261 with skills = {3,-1} and cost = 394.0
   Vehicle #0 = 44, leaving at = 503.0
   Vehicle #1 = -1, leaving at = inf
   Increment on distance indicator: 19.0
   Increment on tard indicator:     0.0
   Value of tmax indicator:         19.0

Task for patient = 127 with skills = {2,-1} and cost = 353.0
   Vehicle #0 = 5, leaving at = 905.0
   Vehicle #1 = -1, leaving at = inf
   Increment on distance indicator: 1.0
   Increment on tard indicator:     0.0
   Value of tmax indicator:         1.0

Task for patient = 287 with skills = {1,-1} and cost = 386.0
   Vehicle #0 = 2, leaving at = 948.0
   Vehicle #1 = -1, leaving at = inf
   Increment on distance indicator: 3.0
   Increment on tard indicator:     0.0
   Value of tmax indicator:         3.0

Task for patient = 158 with skills = {5,-1} and cost = 385.0
   Vehicle #0 = 48, leaving at = 613.0
   Vehicle #1 = -1, leaving at = inf
   Increment on distance indicator: 2.0
   Increment on tard indicator:     0.0
   Value of tmax indicator:         2.0

Task for patient = 54 with skills = {1,-1} and cost = 384.3
   Vehicle #0 = 2, leaving at = 891.0
   Vehicle #1 = -1, leaving at = inf
   Increment on distance indicator: 2.0
   Increment on tard indicator:     0.0
   Value of tmax indicator:         2.0

Task for patient = 103 with skills = {2,-1} and cost = 383.7
   Vehicle #0 = 15, leaving at = 763.0
   Vehicle #1 = -1, leaving at = inf
   Increment on distance indicator: 1.0
   Increment on tard indicator:     0.0
   Value of tmax indicator:         1.0

Task for patient = 149 with skills = {3,-1} and cost = 383.3
   Vehicle #0 = 49, leaving at = 559.0
   Vehicle #1 = -1, leaving at = inf
   Increment on distance indicator: 8.0
   Increment on tard indicator:     0.0
   Value of tmax indicator:         8.0

Task for patient = 137 with skills = {1,4} and cost = 380.7
   Vehicle #0 = 10, leaving at = 558.0
   Vehicle #1 = 49, leaving at = 530.0
   Increment on distance indicator: 28.0
   Increment on tard indicator:     0.0
   Value of tmax indicator:         28.0

Task for patient = 265 with skills = {4,-1} and cost = 371.3
   Vehicle #0 = 48, leaving at = 561.0
   Vehicle #1 = -1, leaving at = inf
   Increment on distance indicator: 21.0
   Increment on tard indicator:     0.0
   Value of tmax indicator:         21.0

Task for patient = 10 with skills = {2,4} and cost = 364.3
   Vehicle #0 = 14, leaving at = 620.0
   Vehicle #1 = 47, leaving at = 649.0
   Increment on distance indicator: 30.0
   Increment on tard indicator:     0.0
   Value of tmax indicator:         30.0

Task for patient = 51 with skills = {5,-1} and cost = 354.3
   Vehicle #0 = 33, leaving at = 927.0
   Vehicle #1 = -1, leaving at = inf
   Increment on distance indicator: 4.0
   Increment on tard indicator:     0.0
   Value of tmax indicator:         4.0

Task for patient = 213 with skills = {2,5} and cost = 387.7
   Vehicle #0 = 7, leaving at = 795.0
   Vehicle #1 = 43, leaving at = 759.0
   Increment on distance indicator: 5.0
   Increment on tard indicator:     0.0
   Value of tmax indicator:         5.0


Unused vehicle list: 23 24 25 26 27 28 29 50 53 54 55 57 58 59 (total = 14 out of 60)

---
Search finished.
Total of 448 generations in 24.1 seconds.
Exchange elite runs: 0
Implicit path relinking runs: 4
Reset attempts: 0

Best solution found:
   Cost: 1039.7
   Total travel time: 3105.0
   Total tardiness time: 11.0
   Largest tardiness: 3.0


1039.7
