--- BRKGA-MP-IPR for HHCRSP ---
Instance: new-instances/HHCRSP_300_60_5_0.4_R_RC.txt
Seed: 1

Reading data... Problem contains 300 patients  and 60 caregivers.

Summary of supply x demand for each service type:
Skill 0 has supply = 16 and demand = 61, ratio = 0.262295
Skill 1 has supply = 21 and demand = 62, ratio = 0.33871
Skill 2 has supply = 16 and demand = 64, ratio = 0.25
Skill 3 has supply = 20 and demand = 65, ratio = 0.307692
Skill 4 has supply = 20 and demand = 85, ratio = 0.235294
Skill 5 has supply = 19 and demand = 53, ratio = 0.358491

Reading parameters...
Inferred distance function by PR type: kendall-tau
Building BRKGA data and initializing...
Evolving 448 generations...

  Gens  Rem    Local   ElDiv NoImpr             Best solution            Time  Op
                                       Cost     Dist    Tard    TMax 
*    0  448  8790.67  554.00      0  8790.67  5453.00 20504.0   415.0     0.0    
*    3  445  8524.33  392.15      0  8524.33  5276.00 17523.0   429.0     0.2    
*    4  444  7742.67  417.54      0  7742.67  5330.00 17222.0   403.0     0.2    
*    5  443  7651.67  520.50      0  7651.67  5307.00 13476.0   435.0     0.3    
*    6  442  6406.00  525.91      0  6406.00  5314.00 13350.0   372.0     0.3    
*    7  441  6345.33  426.06      0  6345.33  5314.00 13350.0   372.0     0.4    
*    9  439  6340.33  311.56      0  6340.33  5174.00 13471.0   376.0     0.4    
*   11  437  5755.00  334.95      0  5755.00  5445.00  9667.0   416.0     0.5    
*   12  436  5176.00  397.13      0  5176.00  5445.00  9667.0   416.0     0.6    
*   15  433  5152.33  240.91      0  5152.33  5278.00  8892.0   362.0     0.7    
*   16  432  4844.00  269.03      0  4844.00  5195.00  7668.0   334.0     0.7    
*   17  431  4399.00  232.23      0  4399.00  5195.00  7668.0   334.0     0.8    
*   19  429  4224.00  276.31      0  4224.00  5187.00  6585.0   372.0     0.9    
*   20  428  4048.00  222.69      0  4048.00  5187.00  6585.0   372.0     0.9    
*   22  426  3665.00  262.43      0  3665.00  4884.00  4470.0   303.0     1.0    

  Gens  Rem    Local   ElDiv NoImpr             Best solution            Time  Op
                                       Cost     Dist    Tard    TMax 
*   23  425  3219.00  259.22      0  3219.00  4884.00  4470.0   303.0     1.0    
*   25  423  3037.33  224.69      0  3037.33  5092.00  3761.0   259.0     1.1    
*   27  421  3010.67  208.50      0  3010.67  5091.00  3224.0   231.0     1.2    
*   28  420  2848.67  204.10      0  2848.67  5029.00  3120.0   278.0     1.3    
*   29  419  2809.00  168.85      0  2809.00  5029.00  3120.0   278.0     1.3    
*   31  417  2548.33  145.04      0  2548.33  5001.00  2435.0   209.0     1.4    
*   33  415  2386.33  164.78      0  2386.33  4971.00  1156.0   131.0     1.5    
*   34  414  2086.00  154.30      0  2086.00  4971.00  1156.0   131.0     1.5    
*   40  408  1978.00   91.46      0  1978.00  4857.00   880.0   197.0     1.8    
*   42  406  1921.67   98.21      0  1921.67  4586.00   672.0    96.0     1.9    
*   43  405  1784.67   93.43      0  1784.67  4586.00   672.0    96.0     1.9    
*   46  402  1740.33   77.47      0  1740.33  4695.00   407.0   105.0     2.1    
*   47  401  1735.67   71.70      0  1735.67  4695.00   407.0   105.0     2.1    
*   49  399  1673.00   54.57      0  1673.00  4621.00   324.0    74.0     2.2    
    50  398  1673.00   47.87      1  1673.00  4621.00   324.0    74.0     2.2    
*   52  396  1672.33   45.00      0  1672.33  4571.00   237.0    71.0     2.3    

  Gens  Rem    Local   ElDiv NoImpr             Best solution            Time  Op
                                       Cost     Dist    Tard    TMax 
*   53  395  1626.33   42.71      0  1626.33  4656.00   125.0    40.0     2.4    
*   54  394  1607.00   37.42      0  1607.00  4656.00   125.0    40.0     2.4    
*   56  392  1581.67   40.34      0  1581.67  4582.00    86.0    24.0     2.5    
*   57  391  1564.00   36.40      0  1564.00  4582.00    86.0    24.0     2.5    
*   63  385  1537.00   22.36      0  1537.00  4474.00   104.0    33.0     2.8    
*   67  381  1531.00   19.62      0  1531.00  4549.00    35.0     9.0     3.0    
*   71  377  1490.33   19.16      0  1490.33  4460.00     8.0     3.0     3.2    
*   79  369  1488.00   12.72      0  1488.00  4453.00     7.0     4.0     3.5    
*   81  367  1483.00   15.05      0  1483.00  4386.00    12.0     8.0     3.6    
*   82  366  1468.67   14.15      0  1468.67  4386.00    12.0     8.0     3.7    
*   86  362  1441.00   13.49      0  1441.00  4307.00    14.0     2.0     3.8    
*   90  358  1409.33   14.38      0  1409.33  4193.00    22.0    13.0     4.0    
Path relinking result: too homogeneous.
    96  352  1409.33   13.27      7  1409.33  4193.00    22.0    13.0     4.3   P
   100  348  1409.33   11.85     10  1409.33  4193.00    22.0    13.0     4.5    
*  128  320  1406.00    8.69      0  1406.00  4197.00    16.0     5.0     5.7    
*  140  308  1387.00    7.60      0  1387.00  4145.00    11.0     5.0     6.2    

  Gens  Rem    Local   ElDiv NoImpr             Best solution            Time  Op
                                       Cost     Dist    Tard    TMax 
   150  298  1387.00    7.32     10  1387.00  4145.00    11.0     5.0     6.7    
*  162  286  1386.33    8.04      0  1386.33  4148.00     9.0     2.0     7.2    
*  168  280  1381.00    7.70      0  1381.00  4129.00    11.0     3.0     7.4    
*  180  268  1367.33    8.10      0  1367.33  4082.00    14.0     6.0     7.9    
Path relinking result: too homogeneous.
   192  256  1367.33    6.22     13  1367.33  4082.00    14.0     6.0     8.3   P
*  199  249  1365.00    6.08      0  1365.00  4061.00    29.0     5.0     8.6    
   200  248  1365.00    6.02      1  1365.00  4061.00    29.0     5.0     8.7    
*  210  238  1361.67    5.58      0  1361.67  4073.00     8.0     4.0     9.1    
*  212  236  1358.33    5.84      0  1358.33  4054.00    17.0     4.0     9.2    
*  218  230  1350.33    6.49      0  1350.33  4025.00    21.0     5.0     9.5    
*  222  226  1350.00    6.92      0  1350.00  4025.00    20.0     5.0     9.6    
*  224  224  1347.67    7.93      0  1347.67  4016.00     5.0     3.0     9.7    
*  225  223  1341.33    7.93      0  1341.33  4016.00     5.0     3.0     9.7    
*  228  220  1331.33    9.22      0  1331.33  3979.00    10.0     5.0     9.9    
*  238  210  1327.00    8.83      0  1327.00  3967.00    11.0     3.0    10.3    
*  245  203  1324.33    8.55      0  1324.33  3952.00    16.0     5.0    10.6    

  Gens  Rem    Local   ElDiv NoImpr             Best solution            Time  Op
                                       Cost     Dist    Tard    TMax 
   250  198  1324.33    9.35      5  1324.33  3952.00    16.0     5.0    10.8    
*  251  197  1309.00    9.25      0  1309.00  3918.00     6.0     3.0    10.9    
*  273  175  1304.67    7.97      0  1304.67  3908.00     4.0     2.0    11.8    
*  279  169  1288.00    9.83      0  1288.00  3833.00    25.0     6.0    12.0    
Path relinking result: too homogeneous.
   288  160  1288.00    8.32     10  1288.00  3833.00    25.0     6.0    12.4   P
   300  148  1288.00    6.21     21  1288.00  3833.00    25.0     6.0    13.0    
*  310  138  1286.00    6.82      0  1286.00  3851.00     5.0     2.0    13.4    
*  318  130  1285.00    5.60      0  1285.00  3844.00     7.0     4.0    13.7    
*  320  128  1282.67    5.12      0  1282.67  3842.00     4.0     2.0    13.8    
*  322  126  1277.67    5.46      0  1277.67  3798.00     9.0     5.0    13.9    
*  323  125  1270.67    6.35      0  1270.67  3804.00     4.0     2.0    14.0    
*  324  124  1270.00    6.09      0  1270.00  3804.00     4.0     2.0    14.0    
*  329  119  1269.00    4.37      0  1269.00  3799.00     5.0     2.0    14.2    
*  330  118  1268.67    4.41      0  1268.67  3797.00     2.0     2.0    14.2    
*  331  117  1267.00    3.94      0  1267.00  3797.00     2.0     2.0    14.3    
*  333  115  1260.67    4.77      0  1260.67  3769.00     3.0     2.0    14.3    

  Gens  Rem    Local   ElDiv NoImpr             Best solution            Time  Op
                                       Cost     Dist    Tard    TMax 
*  334  114  1258.00    4.66      0  1258.00  3769.00     3.0     2.0    14.4    
*  336  112  1252.33    4.22      0  1252.33  3750.00     5.0     2.0    14.5    
*  340  108  1251.67    3.38      0  1251.67  3750.00     3.0     2.0    14.7    
*  342  106  1249.67    3.81      0  1249.67  3730.00     7.0     3.0    14.7    
*  343  105  1246.67    3.57      0  1246.67  3730.00     7.0     3.0    14.8    
*  345  103  1246.33    4.01      0  1246.33  3717.00     3.0     2.0    14.9    
*  346  102  1240.67    3.90      0  1240.67  3717.00     3.0     2.0    14.9    
   350   98  1240.67    2.97      4  1240.67  3717.00     3.0     2.0    15.1    
*  357   91  1239.00    2.46      0  1239.00  3710.00     5.0     2.0    15.4    
*  359   89  1236.00    2.45      0  1236.00  3697.00     8.0     3.0    15.5    
*  364   84  1235.33    2.17      0  1235.33  3698.00     6.0     2.0    15.7    
*  366   82  1231.00    2.60      0  1231.00  3686.00     5.0     2.0    15.7    
*  372   76  1230.33    2.08      0  1230.33  3680.00     4.0     2.0    16.0    
*  373   75  1228.67    1.73      0  1228.67  3680.00     4.0     2.0    16.0    
*  376   72  1228.33    1.11      0  1228.33  3666.00     8.0     3.0    16.2    
*  377   71  1225.67    1.29      0  1225.67  3665.00     5.0     2.0    16.2    

  Gens  Rem    Local   ElDiv NoImpr             Best solution            Time  Op
                                       Cost     Dist    Tard    TMax 
*  378   70  1224.00    1.32      0  1224.00  3665.00     5.0     2.0    16.3    
*  380   68  1223.67    1.74      0  1223.67  3663.00     3.0     2.0    16.3    
*  381   67  1222.67    1.88      0  1222.67  3661.00     4.0     2.0    16.4    
*  382   66  1222.33    1.11      0  1222.33  3659.00     3.0     2.0    16.4    
*  383   65  1221.33    0.68      0  1221.33  3659.00     3.0     2.0    16.5    
Path relinking result: too homogeneous.
   384   64  1221.33    0.56      2  1221.33  3659.00     3.0     2.0    16.5   P
*  386   62  1221.00    0.48      0  1221.00  3658.00     3.0     2.0    16.6    
*  395   53  1220.67    0.09      0  1220.67  3657.00     3.0     2.0    17.0    
   400   48  1220.67    0.08      5  1220.67  3657.00     3.0     2.0    17.2    
*  401   47  1220.00    0.12      0  1220.00  3655.00     3.0     2.0    17.3    
*  410   38  1217.67    0.40      0  1217.67  3648.00     3.0     2.0    17.7    
*  417   31  1216.33    0.32      0  1216.33  3644.00     3.0     2.0    18.0    
*  436   12  1216.00    0.06      0  1216.00  3643.00     3.0     2.0    18.8    
*  442    6  1215.67    0.04      0  1215.67  3642.00     3.0     2.0    19.0    
*  445    3  1215.33    0.21      0  1215.33  3641.00     3.0     2.0    19.1    
   448    0  1215.00    0.30      0  1215.33  3641.00     3.0     2.0    19.2    
Evolutionary process finished.
Solution written to 'solution-18028.txt'.

Sorted sequence of worst to best tardiness value:
Task for patient = 242 with skills = {5,-1} and cost = 365.7
   Vehicle #0 = 43, leaving at = 666.0
   Vehicle #1 = -1, leaving at = inf
   Increment on distance indicator: 3.0
   Increment on tard indicator:     2.0
   Value of tmax indicator:         3.0

Task for patient = 280 with skills = {0,5} and cost = 806.0
   Vehicle #0 = 7, leaving at = 946.0
   Vehicle #1 = 41, leaving at = 971.0
   Increment on distance indicator: 18.0
   Increment on tard indicator:     2.0
   Value of tmax indicator:         18.0

Task for patient = 71 with skills = {3,-1} and cost = 955.7
   Vehicle #0 = 38, leaving at = 1032.0
   Vehicle #1 = -1, leaving at = inf
   Increment on distance indicator: 8.0
   Increment on tard indicator:     1.0
   Value of tmax indicator:         8.0

Task for patient = 15 with skills = {0,4} and cost = 689.7
   Vehicle #0 = 1, leaving at = 933.0
   Vehicle #1 = 39, leaving at = 942.0
   Increment on distance indicator: 11.0
   Increment on tard indicator:     0.0
   Value of tmax indicator:         11.0

Task for patient = 29 with skills = {1,-1} and cost = 684.7
   Vehicle #0 = 9, leaving at = 704.0
   Vehicle #1 = -1, leaving at = inf
   Increment on distance indicator: 7.0
   Increment on tard indicator:     0.0
   Value of tmax indicator:         7.0

Task for patient = 187 with skills = {1,3} and cost = 682.3
   Vehicle #0 = 12, leaving at = 888.0
   Vehicle #1 = 53, leaving at = 906.0
   Increment on distance indicator: 10.0
   Increment on tard indicator:     0.0
   Value of tmax indicator:         10.0

Task for patient = 221 with skills = {1,-1} and cost = 679.0
   Vehicle #0 = 16, leaving at = 912.0
   Vehicle #1 = -1, leaving at = inf
   Increment on distance indicator: 4.0
   Increment on tard indicator:     0.0
   Value of tmax indicator:         4.0

Task for patient = 171 with skills = {4,-1} and cost = 677.7
   Vehicle #0 = 36, leaving at = 903.0
   Vehicle #1 = -1, leaving at = inf
   Increment on distance indicator: 4.0
   Increment on tard indicator:     0.0
   Value of tmax indicator:         4.0

Task for patient = 289 with skills = {0,-1} and cost = 676.3
   Vehicle #0 = 1, leaving at = 891.0
   Vehicle #1 = -1, leaving at = inf
   Increment on distance indicator: 5.0
   Increment on tard indicator:     0.0
   Value of tmax indicator:         5.0

Task for patient = 164 with skills = {1,4} and cost = 674.7
   Vehicle #0 = 25, leaving at = 825.0
   Vehicle #1 = 47, leaving at = 868.0
   Increment on distance indicator: 27.0
   Increment on tard indicator:     0.0
   Value of tmax indicator:         27.0

Task for patient = 101 with skills = {1,3} and cost = 665.7
   Vehicle #0 = 12, leaving at = 842.0
   Vehicle #1 = 53, leaving at = 847.0
   Increment on distance indicator: 13.0
   Increment on tard indicator:     0.0
   Value of tmax indicator:         13.0

Task for patient = 246 with skills = {0,4} and cost = 661.3
   Vehicle #0 = 29, leaving at = 924.0
   Vehicle #1 = 44, leaving at = 956.0
   Increment on distance indicator: 7.0
   Increment on tard indicator:     0.0
   Value of tmax indicator:         7.0

Task for patient = 88 with skills = {3,-1} and cost = 659.0
   Vehicle #0 = 41, leaving at = 816.0
   Vehicle #1 = -1, leaving at = inf
   Increment on distance indicator: 6.0
   Increment on tard indicator:     0.0
   Value of tmax indicator:         6.0

Task for patient = 140 with skills = {1,-1} and cost = 657.0
   Vehicle #0 = 7, leaving at = 888.0
   Vehicle #1 = -1, leaving at = inf
   Increment on distance indicator: 5.0
   Increment on tard indicator:     0.0
   Value of tmax indicator:         5.0

Task for patient = 231 with skills = {0,-1} and cost = 655.3
   Vehicle #0 = 17, leaving at = 858.0
   Vehicle #1 = -1, leaving at = inf
   Increment on distance indicator: 7.0
   Increment on tard indicator:     0.0
   Value of tmax indicator:         7.0

Task for patient = 260 with skills = {3,-1} and cost = 653.0
   Vehicle #0 = 53, leaving at = 802.0
   Vehicle #1 = -1, leaving at = inf
   Increment on distance indicator: 9.0
   Increment on tard indicator:     0.0
   Value of tmax indicator:         9.0

Task for patient = 266 with skills = {0,-1} and cost = 650.0
   Vehicle #0 = 17, leaving at = 820.0
   Vehicle #1 = -1, leaving at = inf
   Increment on distance indicator: 6.0
   Increment on tard indicator:     0.0
   Value of tmax indicator:         6.0

Task for patient = 166 with skills = {0,4} and cost = 645.3
   Vehicle #0 = 1, leaving at = 837.0
   Vehicle #1 = 39, leaving at = 877.0
   Increment on distance indicator: 19.0
   Increment on tard indicator:     0.0
   Value of tmax indicator:         19.0

Task for patient = 82 with skills = {0,-1} and cost = 686.0
   Vehicle #0 = 0, leaving at = 903.0
   Vehicle #1 = -1, leaving at = inf
   Increment on distance indicator: 4.0
   Increment on tard indicator:     0.0
   Value of tmax indicator:         4.0

Task for patient = 227 with skills = {1,4} and cost = 732.3
   Vehicle #0 = 19, leaving at = 877.0
   Vehicle #1 = 35, leaving at = 874.0
   Increment on distance indicator: 18.0
   Increment on tard indicator:     0.0
   Value of tmax indicator:         18.0

Task for patient = 42 with skills = {1,3} and cost = 724.3
   Vehicle #0 = 11, leaving at = 972.0
   Vehicle #1 = 56, leaving at = 978.0
   Increment on distance indicator: 17.0
   Increment on tard indicator:     0.0
   Value of tmax indicator:         17.0

Task for patient = 68 with skills = {3,-1} and cost = 718.7
   Vehicle #0 = 30, leaving at = 907.0
   Vehicle #1 = -1, leaving at = inf
   Increment on distance indicator: 4.0
   Increment on tard indicator:     0.0
   Value of tmax indicator:         4.0

Task for patient = 16 with skills = {1,-1} and cost = 717.3
   Vehicle #0 = 18, leaving at = 956.0
   Vehicle #1 = -1, leaving at = inf
   Increment on distance indicator: 3.0
   Increment on tard indicator:     0.0
   Value of tmax indicator:         3.0

Task for patient = 104 with skills = {2,4} and cost = 716.3
   Vehicle #0 = 4, leaving at = 930.0
   Vehicle #1 = 52, leaving at = 915.0
   Increment on distance indicator: 8.0
   Increment on tard indicator:     0.0
   Value of tmax indicator:         8.0

Task for patient = 35 with skills = {2,-1} and cost = 713.7
   Vehicle #0 = 27, leaving at = 907.0
   Vehicle #1 = -1, leaving at = inf
   Increment on distance indicator: 2.0
   Increment on tard indicator:     0.0
   Value of tmax indicator:         2.0

Task for patient = 75 with skills = {2,4} and cost = 713.0
   Vehicle #0 = 29, leaving at = 953.0
   Vehicle #1 = 44, leaving at = 1016.0
   Increment on distance indicator: 12.0
   Increment on tard indicator:     0.0
   Value of tmax indicator:         12.0

Task for patient = 66 with skills = {1,-1} and cost = 709.0
   Vehicle #0 = 28, leaving at = 835.0
   Vehicle #1 = -1, leaving at = inf
   Increment on distance indicator: 4.0
   Increment on tard indicator:     0.0
   Value of tmax indicator:         4.0

Task for patient = 165 with skills = {1,3} and cost = 648.0
   Vehicle #0 = 5, leaving at = 938.0
   Vehicle #1 = 44, leaving at = 904.0
   Increment on distance indicator: 8.0
   Increment on tard indicator:     0.0
   Value of tmax indicator:         8.0

Task for patient = 84 with skills = {5,-1} and cost = 704.3
   Vehicle #0 = 55, leaving at = 658.0
   Vehicle #1 = -1, leaving at = inf
   Increment on distance indicator: 2.0
   Increment on tard indicator:     0.0
   Value of tmax indicator:         2.0

Task for patient = 56 with skills = {2,-1} and cost = 703.7
   Vehicle #0 = 10, leaving at = 1047.0
   Vehicle #1 = -1, leaving at = inf
   Increment on distance indicator: 6.0
   Increment on tard indicator:     0.0
   Value of tmax indicator:         6.0

Task for patient = 226 with skills = {4,-1} and cost = 701.7
   Vehicle #0 = 47, leaving at = 904.0
   Vehicle #1 = -1, leaving at = inf
   Increment on distance indicator: 5.0
   Increment on tard indicator:     0.0
   Value of tmax indicator:         5.0

Task for patient = 121 with skills = {2,-1} and cost = 700.0
   Vehicle #0 = 27, leaving at = 822.0
   Vehicle #1 = -1, leaving at = inf
   Increment on distance indicator: 5.0
   Increment on tard indicator:     0.0
   Value of tmax indicator:         5.0

Task for patient = 21 with skills = {2,-1} and cost = 698.3
   Vehicle #0 = 10, leaving at = 981.0
   Vehicle #1 = -1, leaving at = inf
   Increment on distance indicator: 3.0
   Increment on tard indicator:     0.0
   Value of tmax indicator:         3.0

Task for patient = 176 with skills = {1,-1} and cost = 697.3
   Vehicle #0 = 25, leaving at = 851.0
   Vehicle #1 = -1, leaving at = inf
   Increment on distance indicator: 3.0
   Increment on tard indicator:     0.0
   Value of tmax indicator:         3.0

Task for patient = 198 with skills = {4,-1} and cost = 696.3
   Vehicle #0 = 58, leaving at = 825.0
   Vehicle #1 = -1, leaving at = inf
   Increment on distance indicator: 4.0
   Increment on tard indicator:     0.0
   Value of tmax indicator:         4.0

Task for patient = 216 with skills = {0,4} and cost = 695.0
   Vehicle #0 = 1, leaving at = 985.0
   Vehicle #1 = 39, leaving at = 978.0
   Increment on distance indicator: 2.0
   Increment on tard indicator:     0.0
   Value of tmax indicator:         2.0

Task for patient = 163 with skills = {0,3} and cost = 694.3
   Vehicle #0 = 2, leaving at = 927.0
   Vehicle #1 = 38, leaving at = 932.0
   Increment on distance indicator: 14.0
   Increment on tard indicator:     0.0
   Value of tmax indicator:         14.0

Task for patient = 208 with skills = {5,-1} and cost = 707.7
   Vehicle #0 = 41, leaving at = 880.0
   Vehicle #1 = -1, leaving at = inf
   Increment on distance indicator: 10.0
   Increment on tard indicator:     0.0
   Value of tmax indicator:         10.0

Task for patient = 47 with skills = {2,4} and cost = 578.0
   Vehicle #0 = 28, leaving at = 786.0
   Vehicle #1 = 36, leaving at = 799.0
   Increment on distance indicator: 9.0
   Increment on tard indicator:     0.0
   Value of tmax indicator:         9.0

Task for patient = 245 with skills = {4,-1} and cost = 575.0
   Vehicle #0 = 55, leaving at = 616.0
   Vehicle #1 = -1, leaving at = inf
   Increment on distance indicator: 10.0
   Increment on tard indicator:     0.0
   Value of tmax indicator:         10.0

Task for patient = 213 with skills = {0,5} and cost = 571.7
   Vehicle #0 = 12, leaving at = 780.0
   Vehicle #1 = 53, leaving at = 761.0
   Increment on distance indicator: 16.0
   Increment on tard indicator:     0.0
   Value of tmax indicator:         16.0

Task for patient = 244 with skills = {0,-1} and cost = 566.3
   Vehicle #0 = 29, leaving at = 580.0
   Vehicle #1 = -1, leaving at = inf
   Increment on distance indicator: 4.0
   Increment on tard indicator:     0.0
   Value of tmax indicator:         4.0

Task for patient = 95 with skills = {2,3} and cost = 565.0
   Vehicle #0 = 26, leaving at = 739.0
   Vehicle #1 = 59, leaving at = 710.0
   Increment on distance indicator: 20.0
   Increment on tard indicator:     0.0
   Value of tmax indicator:         20.0

Task for patient = 80 with skills = {1,4} and cost = 558.3
   Vehicle #0 = 8, leaving at = 820.0
   Vehicle #1 = 54, leaving at = 833.0
   Increment on distance indicator: 10.0
   Increment on tard indicator:     0.0
   Value of tmax indicator:         10.0

Task for patient = 225 with skills = {5,-1} and cost = 555.0
   Vehicle #0 = 35, leaving at = 847.0
   Vehicle #1 = -1, leaving at = inf
   Increment on distance indicator: 5.0
   Increment on tard indicator:     0.0
   Value of tmax indicator:         5.0

Task for patient = 275 with skills = {2,3} and cost = 553.3
   Vehicle #0 = 10, leaving at = 813.0
   Vehicle #1 = 38, leaving at = 791.0
   Increment on distance indicator: 9.0
   Increment on tard indicator:     0.0
   Value of tmax indicator:         9.0

Task for patient = 132 with skills = {1,-1} and cost = 726.3
   Vehicle #0 = 5, leaving at = 983.0
   Vehicle #1 = -1, leaving at = inf
   Increment on distance indicator: 6.0
   Increment on tard indicator:     0.0
   Value of tmax indicator:         6.0

Task for patient = 43 with skills = {1,-1} and cost = 546.7
   Vehicle #0 = 11, leaving at = 856.0
   Vehicle #1 = -1, leaving at = inf
   Increment on distance indicator: 6.0
   Increment on tard indicator:     0.0
   Value of tmax indicator:         6.0

Task for patient = 169 with skills = {1,4} and cost = 544.7
   Vehicle #0 = 7, leaving at = 792.0
   Vehicle #1 = 47, leaving at = 777.0
   Increment on distance indicator: 11.0
   Increment on tard indicator:     0.0
   Value of tmax indicator:         11.0

Task for patient = 152 with skills = {3,-1} and cost = 541.0
   Vehicle #0 = 45, leaving at = 851.0
   Vehicle #1 = -1, leaving at = inf
   Increment on distance indicator: 9.0
   Increment on tard indicator:     0.0
   Value of tmax indicator:         9.0

Task for patient = 3 with skills = {2,-1} and cost = 538.0
   Vehicle #0 = 26, leaving at = 677.0
   Vehicle #1 = -1, leaving at = inf
   Increment on distance indicator: 17.0
   Increment on tard indicator:     0.0
   Value of tmax indicator:         17.0

Task for patient = 125 with skills = {0,-1} and cost = 532.3
   Vehicle #0 = 12, leaving at = 723.0
   Vehicle #1 = -1, leaving at = inf
   Increment on distance indicator: 8.0
   Increment on tard indicator:     0.0
   Value of tmax indicator:         8.0

Task for patient = 98 with skills = {4,-1} and cost = 529.7
   Vehicle #0 = 50, leaving at = 926.0
   Vehicle #1 = -1, leaving at = inf
   Increment on distance indicator: 5.0
   Increment on tard indicator:     0.0
   Value of tmax indicator:         5.0

Task for patient = 186 with skills = {0,5} and cost = 528.0
   Vehicle #0 = 13, leaving at = 833.0
   Vehicle #1 = 33, leaving at = 835.0
   Increment on distance indicator: 10.0
   Increment on tard indicator:     0.0
   Value of tmax indicator:         10.0

Task for patient = 182 with skills = {2,-1} and cost = 524.7
   Vehicle #0 = 8, leaving at = 785.0
   Vehicle #1 = -1, leaving at = inf
   Increment on distance indicator: 8.0
   Increment on tard indicator:     0.0
   Value of tmax indicator:         8.0

Task for patient = 210 with skills = {1,-1} and cost = 520.0
   Vehicle #0 = 18, leaving at = 829.0
   Vehicle #1 = -1, leaving at = inf
   Increment on distance indicator: 3.0
   Increment on tard indicator:     0.0
   Value of tmax indicator:         3.0

Task for patient = 67 with skills = {2,-1} and cost = 550.3
   Vehicle #0 = 10, leaving at = 711.0
   Vehicle #1 = -1, leaving at = inf
   Increment on distance indicator: 11.0
   Increment on tard indicator:     0.0
   Value of tmax indicator:         11.0

Task for patient = 94 with skills = {1,5} and cost = 639.0
   Vehicle #0 = 18, leaving at = 936.0
   Vehicle #1 = 49, leaving at = 926.0
   Increment on distance indicator: 15.0
   Increment on tard indicator:     0.0
   Value of tmax indicator:         15.0

Task for patient = 41 with skills = {1,3} and cost = 634.0
   Vehicle #0 = 5, leaving at = 853.0
   Vehicle #1 = 59, leaving at = 819.0
   Increment on distance indicator: 15.0
   Increment on tard indicator:     0.0
   Value of tmax indicator:         15.0

Task for patient = 153 with skills = {2,-1} and cost = 629.0
   Vehicle #0 = 11, leaving at = 908.0
   Vehicle #1 = -1, leaving at = inf
   Increment on distance indicator: 8.0
   Increment on tard indicator:     0.0
   Value of tmax indicator:         8.0

Task for patient = 278 with skills = {2,3} and cost = 626.3
   Vehicle #0 = 6, leaving at = 1004.0
   Vehicle #1 = 34, leaving at = 979.0
   Increment on distance indicator: 11.0
   Increment on tard indicator:     0.0
   Value of tmax indicator:         11.0

Task for patient = 65 with skills = {3,-1} and cost = 622.7
   Vehicle #0 = 47, leaving at = 815.0
   Vehicle #1 = -1, leaving at = inf
   Increment on distance indicator: 5.0
   Increment on tard indicator:     0.0
   Value of tmax indicator:         5.0

Task for patient = 37 with skills = {0,4} and cost = 621.0
   Vehicle #0 = 17, leaving at = 795.0
   Vehicle #1 = 59, leaving at = 796.0
   Increment on distance indicator: 12.0
   Increment on tard indicator:     0.0
   Value of tmax indicator:         12.0

Task for patient = 251 with skills = {3,-1} and cost = 617.0
   Vehicle #0 = 51, leaving at = 891.0
   Vehicle #1 = -1, leaving at = inf
   Increment on distance indicator: 1.0
   Increment on tard indicator:     0.0
   Value of tmax indicator:         1.0

Task for patient = 156 with skills = {3,-1} and cost = 616.7
   Vehicle #0 = 38, leaving at = 859.0
   Vehicle #1 = -1, leaving at = inf
   Increment on distance indicator: 5.0
   Increment on tard indicator:     0.0
   Value of tmax indicator:         5.0

Task for patient = 253 with skills = {1,-1} and cost = 579.7
   Vehicle #0 = 18, leaving at = 878.0
   Vehicle #1 = -1, leaving at = inf
   Increment on distance indicator: 5.0
   Increment on tard indicator:     0.0
   Value of tmax indicator:         5.0

Task for patient = 59 with skills = {0,5} and cost = 613.7
   Vehicle #0 = 29, leaving at = 775.0
   Vehicle #1 = 57, leaving at = 773.0
   Increment on distance indicator: 21.0
   Increment on tard indicator:     0.0
   Value of tmax indicator:         21.0

Task for patient = 158 with skills = {5,-1} and cost = 606.7
   Vehicle #0 = 40, leaving at = 799.0
   Vehicle #1 = -1, leaving at = inf
   Increment on distance indicator: 3.0
   Increment on tard indicator:     0.0
   Value of tmax indicator:         3.0

Task for patient = 262 with skills = {5,-1} and cost = 605.7
   Vehicle #0 = 46, leaving at = 755.0
   Vehicle #1 = -1, leaving at = inf
   Increment on distance indicator: 6.0
   Increment on tard indicator:     0.0
   Value of tmax indicator:         6.0

Task for patient = 268 with skills = {5,-1} and cost = 603.7
   Vehicle #0 = 41, leaving at = 763.0
   Vehicle #1 = -1, leaving at = inf
   Increment on distance indicator: 10.0
   Increment on tard indicator:     0.0
   Value of tmax indicator:         10.0

Task for patient = 200 with skills = {1,-1} and cost = 600.3
   Vehicle #0 = 7, leaving at = 843.0
   Vehicle #1 = -1, leaving at = inf
   Increment on distance indicator: 7.0
   Increment on tard indicator:     0.0
   Value of tmax indicator:         7.0

Task for patient = 137 with skills = {2,4} and cost = 598.0
   Vehicle #0 = 15, leaving at = 825.0
   Vehicle #1 = 51, leaving at = 851.0
   Increment on distance indicator: 16.0
   Increment on tard indicator:     0.0
   Value of tmax indicator:         16.0

Task for patient = 39 with skills = {2,4} and cost = 592.7
   Vehicle #0 = 27, leaving at = 782.0
   Vehicle #1 = 39, leaving at = 782.0
   Increment on distance indicator: 19.0
   Increment on tard indicator:     0.0
   Value of tmax indicator:         19.0

Task for patient = 162 with skills = {2,-1} and cost = 586.3
   Vehicle #0 = 26, leaving at = 764.0
   Vehicle #1 = -1, leaving at = inf
   Increment on distance indicator: 4.0
   Increment on tard indicator:     0.0
   Value of tmax indicator:         4.0

Task for patient = 184 with skills = {0,3} and cost = 585.0
   Vehicle #0 = 29, leaving at = 722.0
   Vehicle #1 = 59, leaving at = 751.0
   Increment on distance indicator: 16.0
   Increment on tard indicator:     0.0
   Value of tmax indicator:         16.0

Task for patient = 149 with skills = {3,-1} and cost = 615.0
   Vehicle #0 = 38, leaving at = 814.0
   Vehicle #1 = -1, leaving at = inf
   Increment on distance indicator: 4.0
   Increment on tard indicator:     0.0
   Value of tmax indicator:         4.0

Task for patient = 220 with skills = {4,-1} and cost = 884.7
   Vehicle #0 = 37, leaving at = 986.0
   Vehicle #1 = -1, leaving at = inf
   Increment on distance indicator: 3.0
   Increment on tard indicator:     0.0
   Value of tmax indicator:         3.0

Task for patient = 218 with skills = {2,5} and cost = 883.7
   Vehicle #0 = 3, leaving at = 1006.0
   Vehicle #1 = 33, leaving at = 1012.0
   Increment on distance indicator: 10.0
   Increment on tard indicator:     0.0
   Value of tmax indicator:         10.0

Task for patient = 124 with skills = {1,3} and cost = 880.3
   Vehicle #0 = 12, leaving at = 952.0
   Vehicle #1 = 53, leaving at = 940.0
   Increment on distance indicator: 12.0
   Increment on tard indicator:     0.0
   Value of tmax indicator:         12.0

Task for patient = 209 with skills = {2,-1} and cost = 876.3
   Vehicle #0 = 3, leaving at = 933.0
   Vehicle #1 = -1, leaving at = inf
   Increment on distance indicator: 3.0
   Increment on tard indicator:     0.0
   Value of tmax indicator:         3.0

Task for patient = 86 with skills = {2,4} and cost = 875.3
   Vehicle #0 = 0, leaving at = 1040.0
   Vehicle #1 = 45, leaving at = 1013.0
   Increment on distance indicator: 13.0
   Increment on tard indicator:     0.0
   Value of tmax indicator:         13.0

Task for patient = 257 with skills = {3,-1} and cost = 871.0
   Vehicle #0 = 41, leaving at = 1045.0
   Vehicle #1 = -1, leaving at = inf
   Increment on distance indicator: 5.0
   Increment on tard indicator:     0.0
   Value of tmax indicator:         5.0

Task for patient = 122 with skills = {4,-1} and cost = 869.3
   Vehicle #0 = 50, leaving at = 1037.0
   Vehicle #1 = -1, leaving at = inf
   Increment on distance indicator: 3.0
   Increment on tard indicator:     0.0
   Value of tmax indicator:         3.0

Task for patient = 287 with skills = {2,5} and cost = 868.3
   Vehicle #0 = 28, leaving at = 988.0
   Vehicle #1 = 57, leaving at = 1029.0
   Increment on distance indicator: 10.0
   Increment on tard indicator:     0.0
   Value of tmax indicator:         10.0

Task for patient = 224 with skills = {0,-1} and cost = 522.0
   Vehicle #0 = 2, leaving at = 889.0
   Vehicle #1 = -1, leaving at = inf
   Increment on distance indicator: 6.0
   Increment on tard indicator:     0.0
   Value of tmax indicator:         6.0

Task for patient = 155 with skills = {4,-1} and cost = 859.7
   Vehicle #0 = 59, leaving at = 909.0
   Vehicle #1 = -1, leaving at = inf
   Increment on distance indicator: 9.0
   Increment on tard indicator:     0.0
   Value of tmax indicator:         9.0

Task for patient = 36 with skills = {0,-1} and cost = 856.7
   Vehicle #0 = 12, leaving at = 914.0
   Vehicle #1 = -1, leaving at = inf
   Increment on distance indicator: 8.0
   Increment on tard indicator:     0.0
   Value of tmax indicator:         8.0

Task for patient = 44 with skills = {3,-1} and cost = 854.0
   Vehicle #0 = 45, leaving at = 906.0
   Vehicle #1 = -1, leaving at = inf
   Increment on distance indicator: 8.0
   Increment on tard indicator:     0.0
   Value of tmax indicator:         8.0

Task for patient = 54 with skills = {5,-1} and cost = 851.3
   Vehicle #0 = 43, leaving at = 998.0
   Vehicle #1 = -1, leaving at = inf
   Increment on distance indicator: 4.0
   Increment on tard indicator:     0.0
   Value of tmax indicator:         4.0

Task for patient = 51 with skills = {1,-1} and cost = 850.0
   Vehicle #0 = 18, leaving at = 1003.0
   Vehicle #1 = -1, leaving at = inf
   Increment on distance indicator: 5.0
   Increment on tard indicator:     0.0
   Value of tmax indicator:         5.0

Task for patient = 288 with skills = {0,4} and cost = 848.3
   Vehicle #0 = 15, leaving at = 1058.0
   Vehicle #1 = 55, leaving at = 1052.0
   Increment on distance indicator: 18.0
   Increment on tard indicator:     0.0
   Value of tmax indicator:         18.0

Task for patient = 237 with skills = {2,3} and cost = 842.3
   Vehicle #0 = 24, leaving at = 940.0
   Vehicle #1 = 31, leaving at = 983.0
   Increment on distance indicator: 9.0
   Increment on tard indicator:     0.0
   Value of tmax indicator:         9.0

Task for patient = 229 with skills = {3,-1} and cost = 839.3
   Vehicle #0 = 47, leaving at = 1107.0
   Vehicle #1 = -1, leaving at = inf
   Increment on distance indicator: 2.0
   Increment on tard indicator:     0.0
   Value of tmax indicator:         2.0

Task for patient = 273 with skills = {2,4} and cost = 865.0
   Vehicle #0 = 27, leaving at = 1042.0
   Vehicle #1 = 35, leaving at = 1026.0
   Increment on distance indicator: 16.0
   Increment on tard indicator:     0.0
   Value of tmax indicator:         16.0

Task for patient = 243 with skills = {1,-1} and cost = 952.7
   Vehicle #0 = 14, leaving at = 968.0
   Vehicle #1 = -1, leaving at = inf
   Increment on distance indicator: 11.0
   Increment on tard indicator:     0.0
   Value of tmax indicator:         11.0

Task for patient = 49 with skills = {0,3} and cost = 949.0
   Vehicle #0 = 2, leaving at = 986.0
   Vehicle #1 = 38, leaving at = 994.0
   Increment on distance indicator: 8.0
   Increment on tard indicator:     0.0
   Value of tmax indicator:         8.0

Task for patient = 299 with skills = {2,-1} and cost = 946.3
   Vehicle #0 = 11, leaving at = 1065.0
   Vehicle #1 = -1, leaving at = inf
   Increment on distance indicator: 4.0
   Increment on tard indicator:     0.0
   Value of tmax indicator:         4.0

Task for patient = 202 with skills = {1,4} and cost = 945.0
   Vehicle #0 = 19, leaving at = 1004.0
   Vehicle #1 = 51, leaving at = 1047.0
   Increment on distance indicator: 10.0
   Increment on tard indicator:     0.0
   Value of tmax indicator:         10.0

Task for patient = 28 with skills = {2,-1} and cost = 941.7
   Vehicle #0 = 0, leaving at = 1109.0
   Vehicle #1 = -1, leaving at = inf
   Increment on distance indicator: 8.0
   Increment on tard indicator:     0.0
   Value of tmax indicator:         8.0

Task for patient = 222 with skills = {4,-1} and cost = 939.0
   Vehicle #0 = 54, leaving at = 907.0
   Vehicle #1 = -1, leaving at = inf
   Increment on distance indicator: 16.0
   Increment on tard indicator:     0.0
   Value of tmax indicator:         16.0

Task for patient = 136 with skills = {0,-1} and cost = 933.7
   Vehicle #0 = 8, leaving at = 1009.0
   Vehicle #1 = -1, leaving at = inf
   Increment on distance indicator: 6.0
   Increment on tard indicator:     0.0
   Value of tmax indicator:         6.0

Task for patient = 7 with skills = {4,-1} and cost = 931.7
   Vehicle #0 = 30, leaving at = 1002.0
   Vehicle #1 = -1, leaving at = inf
   Increment on distance indicator: 4.0
   Increment on tard indicator:     0.0
   Value of tmax indicator:         4.0

Task for patient = 217 with skills = {0,-1} and cost = 887.3
   Vehicle #0 = 25, leaving at = 1014.0
   Vehicle #1 = -1, leaving at = inf
   Increment on distance indicator: 8.0
   Increment on tard indicator:     0.0
   Value of tmax indicator:         8.0

Task for patient = 130 with skills = {0,3} and cost = 926.7
   Vehicle #0 = 0, leaving at = 1066.0
   Vehicle #1 = 32, leaving at = 1086.0
   Increment on distance indicator: 13.0
   Increment on tard indicator:     0.0
   Value of tmax indicator:         13.0

Task for patient = 219 with skills = {4,-1} and cost = 922.3
   Vehicle #0 = 45, leaving at = 1078.0
   Vehicle #1 = -1, leaving at = inf
   Increment on distance indicator: 8.0
   Increment on tard indicator:     0.0
   Value of tmax indicator:         8.0

Task for patient = 85 with skills = {1,3} and cost = 919.7
   Vehicle #0 = 19, leaving at = 970.0
   Vehicle #1 = 51, leaving at = 949.0
   Increment on distance indicator: 16.0
   Increment on tard indicator:     0.0
   Value of tmax indicator:         16.0

Task for patient = 285 with skills = {5,-1} and cost = 914.3
   Vehicle #0 = 40, leaving at = 978.0
   Vehicle #1 = -1, leaving at = inf
   Increment on distance indicator: 4.0
   Increment on tard indicator:     0.0
   Value of tmax indicator:         4.0

Task for patient = 284 with skills = {4,-1} and cost = 913.0
   Vehicle #0 = 42, leaving at = 878.0
   Vehicle #1 = -1, leaving at = inf
   Increment on distance indicator: 12.0
   Increment on tard indicator:     0.0
   Value of tmax indicator:         12.0

Task for patient = 143 with skills = {5,-1} and cost = 909.0
   Vehicle #0 = 46, leaving at = 950.0
   Vehicle #1 = -1, leaving at = inf
   Increment on distance indicator: 14.0
   Increment on tard indicator:     0.0
   Value of tmax indicator:         14.0

Task for patient = 112 with skills = {0,5} and cost = 904.3
   Vehicle #0 = 14, leaving at = 937.0
   Vehicle #1 = 46, leaving at = 902.0
   Increment on distance indicator: 32.0
   Increment on tard indicator:     0.0
   Value of tmax indicator:         32.0

Task for patient = 211 with skills = {3,-1} and cost = 893.7
   Vehicle #0 = 51, leaving at = 920.0
   Vehicle #1 = -1, leaving at = inf
   Increment on distance indicator: 5.0
   Increment on tard indicator:     0.0
   Value of tmax indicator:         5.0

Task for patient = 87 with skills = {2,5} and cost = 892.0
   Vehicle #0 = 26, leaving at = 939.0
   Vehicle #1 = 59, leaving at = 959.0
   Increment on distance indicator: 14.0
   Increment on tard indicator:     0.0
   Value of tmax indicator:         14.0

Task for patient = 264 with skills = {2,4} and cost = 930.3
   Vehicle #0 = 28, leaving at = 1050.0
   Vehicle #1 = 58, leaving at = 1017.0
   Increment on distance indicator: 11.0
   Increment on tard indicator:     0.0
   Value of tmax indicator:         11.0

Task for patient = 45 with skills = {0,3} and cost = 768.7
   Vehicle #0 = 17, leaving at = 910.0
   Vehicle #1 = 48, leaving at = 888.0
   Increment on distance indicator: 13.0
   Increment on tard indicator:     0.0
   Value of tmax indicator:         13.0

Task for patient = 159 with skills = {1,-1} and cost = 764.3
   Vehicle #0 = 9, leaving at = 929.0
   Vehicle #1 = -1, leaving at = inf
   Increment on distance indicator: 5.0
   Increment on tard indicator:     0.0
   Value of tmax indicator:         5.0

Task for patient = 276 with skills = {4,-1} and cost = 762.7
   Vehicle #0 = 32, leaving at = 947.0
   Vehicle #1 = -1, leaving at = inf
   Increment on distance indicator: 2.0
   Increment on tard indicator:     0.0
   Value of tmax indicator:         2.0

Task for patient = 22 with skills = {5,-1} and cost = 762.0
   Vehicle #0 = 35, leaving at = 986.0
   Vehicle #1 = -1, leaving at = inf
   Increment on distance indicator: 5.0
   Increment on tard indicator:     0.0
   Value of tmax indicator:         5.0

Task for patient = 4 with skills = {4,-1} and cost = 760.3
   Vehicle #0 = 47, leaving at = 957.0
   Vehicle #1 = -1, leaving at = inf
   Increment on distance indicator: 6.0
   Increment on tard indicator:     0.0
   Value of tmax indicator:         6.0

Task for patient = 76 with skills = {4,-1} and cost = 758.3
   Vehicle #0 = 34, leaving at = 1031.0
   Vehicle #1 = -1, leaving at = inf
   Increment on distance indicator: 6.0
   Increment on tard indicator:     0.0
   Value of tmax indicator:         6.0

Task for patient = 17 with skills = {5,-1} and cost = 756.3
   Vehicle #0 = 58, leaving at = 963.0
   Vehicle #1 = -1, leaving at = inf
   Increment on distance indicator: 8.0
   Increment on tard indicator:     0.0
   Value of tmax indicator:         8.0

Task for patient = 201 with skills = {4,-1} and cost = 753.7
   Vehicle #0 = 58, leaving at = 910.0
   Vehicle #1 = -1, leaving at = inf
   Increment on distance indicator: 3.0
   Increment on tard indicator:     0.0
   Value of tmax indicator:         3.0

Task for patient = 269 with skills = {2,4} and cost = 838.7
   Vehicle #0 = 15, leaving at = 987.0
   Vehicle #1 = 55, leaving at = 994.0
   Increment on distance indicator: 16.0
   Increment on tard indicator:     0.0
   Value of tmax indicator:         16.0

Task for patient = 26 with skills = {2,3} and cost = 750.7
   Vehicle #0 = 3, leaving at = 915.0
   Vehicle #1 = 33, leaving at = 954.0
   Increment on distance indicator: 10.0
   Increment on tard indicator:     0.0
   Value of tmax indicator:         10.0

Task for patient = 234 with skills = {1,5} and cost = 747.3
   Vehicle #0 = 28, leaving at = 945.0
   Vehicle #1 = 57, leaving at = 965.0
   Increment on distance indicator: 6.0
   Increment on tard indicator:     0.0
   Value of tmax indicator:         6.0

Task for patient = 282 with skills = {3,-1} and cost = 745.3
   Vehicle #0 = 48, leaving at = 819.0
   Vehicle #1 = -1, leaving at = inf
   Increment on distance indicator: 2.0
   Increment on tard indicator:     0.0
   Value of tmax indicator:         2.0

Task for patient = 151 with skills = {0,-1} and cost = 744.7
   Vehicle #0 = 0, leaving at = 942.0
   Vehicle #1 = -1, leaving at = inf
   Increment on distance indicator: 3.0
   Increment on tard indicator:     0.0
   Value of tmax indicator:         3.0

Task for patient = 228 with skills = {4,-1} and cost = 743.7
   Vehicle #0 = 56, leaving at = 1016.0
   Vehicle #1 = -1, leaving at = inf
   Increment on distance indicator: 2.0
   Increment on tard indicator:     0.0
   Value of tmax indicator:         2.0

Task for patient = 134 with skills = {4,-1} and cost = 743.0
   Vehicle #0 = 55, leaving at = 907.0
   Vehicle #1 = -1, leaving at = inf
   Increment on distance indicator: 6.0
   Increment on tard indicator:     0.0
   Value of tmax indicator:         6.0

Task for patient = 157 with skills = {1,4} and cost = 741.0
   Vehicle #0 = 3, leaving at = 820.0
   Vehicle #1 = 42, leaving at = 811.0
   Increment on distance indicator: 15.0
   Increment on tard indicator:     0.0
   Value of tmax indicator:         15.0

Task for patient = 19 with skills = {0,-1} and cost = 736.0
   Vehicle #0 = 15, leaving at = 873.0
   Vehicle #1 = -1, leaving at = inf
   Increment on distance indicator: 11.0
   Increment on tard indicator:     0.0
   Value of tmax indicator:         11.0

Task for patient = 193 with skills = {2,-1} and cost = 752.7
   Vehicle #0 = 4, leaving at = 956.0
   Vehicle #1 = -1, leaving at = inf
   Increment on distance indicator: 6.0
   Increment on tard indicator:     0.0
   Value of tmax indicator:         6.0

Task for patient = 232 with skills = {4,-1} and cost = 833.3
   Vehicle #0 = 30, leaving at = 966.0
   Vehicle #1 = -1, leaving at = inf
   Increment on distance indicator: 5.0
   Increment on tard indicator:     0.0
   Value of tmax indicator:         5.0

Task for patient = 168 with skills = {3,-1} and cost = 831.7
   Vehicle #0 = 48, leaving at = 924.0
   Vehicle #1 = -1, leaving at = inf
   Increment on distance indicator: 7.0
   Increment on tard indicator:     0.0
   Value of tmax indicator:         7.0

Task for patient = 133 with skills = {4,-1} and cost = 829.3
   Vehicle #0 = 31, leaving at = 930.0
   Vehicle #1 = -1, leaving at = inf
   Increment on distance indicator: 8.0
   Increment on tard indicator:     0.0
   Value of tmax indicator:         8.0

Task for patient = 255 with skills = {5,-1} and cost = 826.7
   Vehicle #0 = 34, leaving at = 1057.0
   Vehicle #1 = -1, leaving at = inf
   Increment on distance indicator: 7.0
   Increment on tard indicator:     0.0
   Value of tmax indicator:         7.0

Task for patient = 63 with skills = {3,-1} and cost = 824.3
   Vehicle #0 = 52, leaving at = 981.0
   Vehicle #1 = -1, leaving at = inf
   Increment on distance indicator: 9.0
   Increment on tard indicator:     0.0
   Value of tmax indicator:         9.0

Task for patient = 9 with skills = {1,-1} and cost = 821.3
   Vehicle #0 = 7, leaving at = 1000.0
   Vehicle #1 = -1, leaving at = inf
   Increment on distance indicator: 3.0
   Increment on tard indicator:     0.0
   Value of tmax indicator:         3.0

Task for patient = 58 with skills = {4,-1} and cost = 820.3
   Vehicle #0 = 50, leaving at = 984.0
   Vehicle #1 = -1, leaving at = inf
   Increment on distance indicator: 3.0
   Increment on tard indicator:     0.0
   Value of tmax indicator:         3.0

Task for patient = 33 with skills = {2,-1} and cost = 819.3
   Vehicle #0 = 0, leaving at = 982.0
   Vehicle #1 = -1, leaving at = inf
   Increment on distance indicator: 3.0
   Increment on tard indicator:     0.0
   Value of tmax indicator:         3.0

Task for patient = 23 with skills = {0,4} and cost = 773.0
   Vehicle #0 = 11, leaving at = 1037.0
   Vehicle #1 = 36, leaving at = 1021.0
   Increment on distance indicator: 13.0
   Increment on tard indicator:     0.0
   Value of tmax indicator:         13.0

Task for patient = 5 with skills = {4,-1} and cost = 816.7
   Vehicle #0 = 56, leaving at = 1077.0
   Vehicle #1 = -1, leaving at = inf
   Increment on distance indicator: 5.0
   Increment on tard indicator:     0.0
   Value of tmax indicator:         5.0

Task for patient = 185 with skills = {0,-1} and cost = 815.0
   Vehicle #0 = 15, leaving at = 930.0
   Vehicle #1 = -1, leaving at = inf
   Increment on distance indicator: 7.0
   Increment on tard indicator:     0.0
   Value of tmax indicator:         7.0

Task for patient = 93 with skills = {1,-1} and cost = 812.7
   Vehicle #0 = 8, leaving at = 969.0
   Vehicle #1 = -1, leaving at = inf
   Increment on distance indicator: 11.0
   Increment on tard indicator:     0.0
   Value of tmax indicator:         11.0

Task for patient = 32 with skills = {0,3} and cost = 809.0
   Vehicle #0 = 29, leaving at = 1048.0
   Vehicle #1 = 44, leaving at = 1065.0
   Increment on distance indicator: 6.0
   Increment on tard indicator:     0.0
   Value of tmax indicator:         6.0

Task for patient = 191 with skills = {2,-1} and cost = 807.0
   Vehicle #0 = 4, leaving at = 984.0
   Vehicle #1 = -1, leaving at = inf
   Increment on distance indicator: 3.0
   Increment on tard indicator:     0.0
   Value of tmax indicator:         3.0

Task for patient = 119 with skills = {0,5} and cost = 799.3
   Vehicle #0 = 25, leaving at = 946.0
   Vehicle #1 = 43, leaving at = 977.0
   Increment on distance indicator: 12.0
   Increment on tard indicator:     0.0
   Value of tmax indicator:         12.0

Task for patient = 105 with skills = {2,4} and cost = 795.3
   Vehicle #0 = 27, leaving at = 959.0
   Vehicle #1 = 55, leaving at = 972.0
   Increment on distance indicator: 12.0
   Increment on tard indicator:     0.0
   Value of tmax indicator:         12.0

Task for patient = 14 with skills = {1,5} and cost = 791.3
   Vehicle #0 = 14, leaving at = 858.0
   Vehicle #1 = 40, leaving at = 858.0
   Increment on distance indicator: 42.0
   Increment on tard indicator:     0.0
   Value of tmax indicator:         42.0

Task for patient = 126 with skills = {2,3} and cost = 777.3
   Vehicle #0 = 6, leaving at = 1032.0
   Vehicle #1 = 47, leaving at = 1060.0
   Increment on distance indicator: 13.0
   Increment on tard indicator:     0.0
   Value of tmax indicator:         13.0

Task for patient = 69 with skills = {3,-1} and cost = 818.3
   Vehicle #0 = 41, leaving at = 1015.0
   Vehicle #1 = -1, leaving at = inf
   Increment on distance indicator: 5.0
   Increment on tard indicator:     0.0
   Value of tmax indicator:         5.0

Task for patient = 179 with skills = {5,-1} and cost = 217.3
   Vehicle #0 = 46, leaving at = 547.0
   Vehicle #1 = -1, leaving at = inf
   Increment on distance indicator: 25.0
   Increment on tard indicator:     0.0
   Value of tmax indicator:         25.0

Task for patient = 254 with skills = {3,-1} and cost = 209.0
   Vehicle #0 = 41, leaving at = 680.0
   Vehicle #1 = -1, leaving at = inf
   Increment on distance indicator: 8.0
   Increment on tard indicator:     0.0
   Value of tmax indicator:         8.0

Task for patient = 212 with skills = {3,-1} and cost = 206.3
   Vehicle #0 = 44, leaving at = 629.0
   Vehicle #1 = -1, leaving at = inf
   Increment on distance indicator: 7.0
   Increment on tard indicator:     0.0
   Value of tmax indicator:         7.0

Task for patient = 183 with skills = {3,-1} and cost = 204.0
   Vehicle #0 = 38, leaving at = 634.0
   Vehicle #1 = -1, leaving at = inf
   Increment on distance indicator: 9.0
   Increment on tard indicator:     0.0
   Value of tmax indicator:         9.0

Task for patient = 144 with skills = {5,-1} and cost = 201.0
   Vehicle #0 = 43, leaving at = 622.0
   Vehicle #1 = -1, leaving at = inf
   Increment on distance indicator: 12.0
   Increment on tard indicator:     0.0
   Value of tmax indicator:         12.0

Task for patient = 291 with skills = {0,4} and cost = 197.0
   Vehicle #0 = 0, leaving at = 752.0
   Vehicle #1 = 32, leaving at = 773.0
   Increment on distance indicator: 15.0
   Increment on tard indicator:     0.0
   Value of tmax indicator:         15.0

Task for patient = 116 with skills = {3,-1} and cost = 192.0
   Vehicle #0 = 41, leaving at = 636.0
   Vehicle #1 = -1, leaving at = inf
   Increment on distance indicator: 10.0
   Increment on tard indicator:     0.0
   Value of tmax indicator:         10.0

Task for patient = 30 with skills = {1,-1} and cost = 188.7
   Vehicle #0 = 9, leaving at = 621.0
   Vehicle #1 = -1, leaving at = inf
   Increment on distance indicator: 3.0
   Increment on tard indicator:     0.0
   Value of tmax indicator:         3.0

Task for patient = 109 with skills = {0,-1} and cost = 519.0
   Vehicle #0 = 4, leaving at = 870.0
   Vehicle #1 = -1, leaving at = inf
   Increment on distance indicator: 5.0
   Increment on tard indicator:     0.0
   Value of tmax indicator:         5.0

Task for patient = 118 with skills = {3,-1} and cost = 185.3
   Vehicle #0 = 34, leaving at = 890.0
   Vehicle #1 = -1, leaving at = inf
   Increment on distance indicator: 4.0
   Increment on tard indicator:     0.0
   Value of tmax indicator:         4.0

Task for patient = 189 with skills = {2,-1} and cost = 184.0
   Vehicle #0 = 13, leaving at = 687.0
   Vehicle #1 = -1, leaving at = inf
   Increment on distance indicator: 3.0
   Increment on tard indicator:     0.0
   Value of tmax indicator:         3.0

Task for patient = 298 with skills = {0,-1} and cost = 183.0
   Vehicle #0 = 1, leaving at = 757.0
   Vehicle #1 = -1, leaving at = inf
   Increment on distance indicator: 5.0
   Increment on tard indicator:     0.0
   Value of tmax indicator:         5.0

Task for patient = 77 with skills = {0,-1} and cost = 181.3
   Vehicle #0 = 12, leaving at = 652.0
   Vehicle #1 = -1, leaving at = inf
   Increment on distance indicator: 12.0
   Increment on tard indicator:     0.0
   Value of tmax indicator:         12.0

Task for patient = 90 with skills = {1,-1} and cost = 177.3
   Vehicle #0 = 12, leaving at = 609.0
   Vehicle #1 = -1, leaving at = inf
   Increment on distance indicator: 4.0
   Increment on tard indicator:     0.0
   Value of tmax indicator:         4.0

Task for patient = 148 with skills = {1,3} and cost = 176.0
   Vehicle #0 = 4, leaving at = 663.0
   Vehicle #1 = 31, leaving at = 693.0
   Increment on distance indicator: 18.0
   Increment on tard indicator:     0.0
   Value of tmax indicator:         18.0

Task for patient = 204 with skills = {4,-1} and cost = 170.0
   Vehicle #0 = 39, leaving at = 705.0
   Vehicle #1 = -1, leaving at = inf
   Increment on distance indicator: 8.0
   Increment on tard indicator:     0.0
   Value of tmax indicator:         8.0

Task for patient = 92 with skills = {5,-1} and cost = 167.3
   Vehicle #0 = 41, leaving at = 563.0
   Vehicle #1 = -1, leaving at = inf
   Increment on distance indicator: 14.0
   Increment on tard indicator:     0.0
   Value of tmax indicator:         14.0

Task for patient = 99 with skills = {3,-1} and cost = 187.7
   Vehicle #0 = 31, leaving at = 726.0
   Vehicle #1 = -1, leaving at = inf
   Increment on distance indicator: 7.0
   Increment on tard indicator:     0.0
   Value of tmax indicator:         7.0

Task for patient = 107 with skills = {5,-1} and cost = 300.7
   Vehicle #0 = 49, leaving at = 653.0
   Vehicle #1 = -1, leaving at = inf
   Increment on distance indicator: 8.0
   Increment on tard indicator:     0.0
   Value of tmax indicator:         8.0

Task for patient = 238 with skills = {3,-1} and cost = 298.0
   Vehicle #0 = 47, leaving at = 543.0
   Vehicle #1 = -1, leaving at = inf
   Increment on distance indicator: 13.0
   Increment on tard indicator:     0.0
   Value of tmax indicator:         13.0

Task for patient = 236 with skills = {3,-1} and cost = 293.7
   Vehicle #0 = 32, leaving at = 805.0
   Vehicle #1 = -1, leaving at = inf
   Increment on distance indicator: 4.0
   Increment on tard indicator:     0.0
   Value of tmax indicator:         4.0

Task for patient = 207 with skills = {0,3} and cost = 292.3
   Vehicle #0 = 15, leaving at = 611.0
   Vehicle #1 = 45, leaving at = 654.0
   Increment on distance indicator: 28.0
   Increment on tard indicator:     0.0
   Value of tmax indicator:         28.0

Task for patient = 135 with skills = {3,-1} and cost = 283.0
   Vehicle #0 = 44, leaving at = 779.0
   Vehicle #1 = -1, leaving at = inf
   Increment on distance indicator: 3.0
   Increment on tard indicator:     0.0
   Value of tmax indicator:         3.0

Task for patient = 150 with skills = {2,3} and cost = 282.0
   Vehicle #0 = 14, leaving at = 636.0
   Vehicle #1 = 46, leaving at = 658.0
   Increment on distance indicator: 8.0
   Increment on tard indicator:     0.0
   Value of tmax indicator:         8.0

Task for patient = 89 with skills = {5,-1} and cost = 279.3
   Vehicle #0 = 52, leaving at = 540.0
   Vehicle #1 = -1, leaving at = inf
   Increment on distance indicator: 8.0
   Increment on tard indicator:     0.0
   Value of tmax indicator:         8.0

Task for patient = 60 with skills = {2,-1} and cost = 276.7
   Vehicle #0 = 11, leaving at = 696.0
   Vehicle #1 = -1, leaving at = inf
   Increment on distance indicator: 10.0
   Increment on tard indicator:     0.0
   Value of tmax indicator:         10.0

Task for patient = 46 with skills = {5,-1} and cost = 217.7
   Vehicle #0 = 41, leaving at = 704.0
   Vehicle #1 = -1, leaving at = inf
   Increment on distance indicator: 1.0
   Increment on tard indicator:     0.0
   Value of tmax indicator:         1.0

Task for patient = 230 with skills = {1,-1} and cost = 269.7
   Vehicle #0 = 12, leaving at = 679.0
   Vehicle #1 = -1, leaving at = inf
   Increment on distance indicator: 9.0
   Increment on tard indicator:     0.0
   Value of tmax indicator:         9.0

Task for patient = 250 with skills = {3,-1} and cost = 266.7
   Vehicle #0 = 45, leaving at = 537.0
   Vehicle #1 = -1, leaving at = inf
   Increment on distance indicator: 21.0
   Increment on tard indicator:     0.0
   Value of tmax indicator:         21.0

Task for patient = 113 with skills = {1,5} and cost = 259.7
   Vehicle #0 = 16, leaving at = 584.0
   Vehicle #1 = 49, leaving at = 603.0
   Increment on distance indicator: 21.0
   Increment on tard indicator:     0.0
   Value of tmax indicator:         21.0

Task for patient = 6 with skills = {2,-1} and cost = 252.7
   Vehicle #0 = 8, leaving at = 682.0
   Vehicle #1 = -1, leaving at = inf
   Increment on distance indicator: 6.0
   Increment on tard indicator:     0.0
   Value of tmax indicator:         6.0

Task for patient = 239 with skills = {1,4} and cost = 250.7
   Vehicle #0 = 16, leaving at = 538.0
   Vehicle #1 = 42, leaving at = 549.0
   Increment on distance indicator: 30.0
   Increment on tard indicator:     0.0
   Value of tmax indicator:         30.0

Task for patient = 53 with skills = {0,-1} and cost = 240.7
   Vehicle #0 = 0, leaving at = 792.0
   Vehicle #1 = -1, leaving at = inf
   Increment on distance indicator: 7.0
   Increment on tard indicator:     0.0
   Value of tmax indicator:         7.0

Task for patient = 111 with skills = {3,-1} and cost = 238.3
   Vehicle #0 = 38, leaving at = 714.0
   Vehicle #1 = -1, leaving at = inf
   Increment on distance indicator: 4.0
   Increment on tard indicator:     0.0
   Value of tmax indicator:         4.0

Task for patient = 223 with skills = {1,5} and cost = 237.0
   Vehicle #0 = 14, leaving at = 594.0
   Vehicle #1 = 46, leaving at = 588.0
   Increment on distance indicator: 49.0
   Increment on tard indicator:     0.0
   Value of tmax indicator:         49.0

Task for patient = 192 with skills = {1,4} and cost = 220.7
   Vehicle #0 = 5, leaving at = 733.0
   Vehicle #1 = 44, leaving at = 735.0
   Increment on distance indicator: 9.0
   Increment on tard indicator:     0.0
   Value of tmax indicator:         9.0

Task for patient = 8 with skills = {1,-1} and cost = 273.3
   Vehicle #0 = 4, leaving at = 689.0
   Vehicle #1 = -1, leaving at = inf
   Increment on distance indicator: 11.0
   Increment on tard indicator:     0.0
   Value of tmax indicator:         11.0

Task for patient = 129 with skills = {4,-1} and cost = 82.7
   Vehicle #0 = 35, leaving at = 713.0
   Vehicle #1 = -1, leaving at = inf
   Increment on distance indicator: 3.0
   Increment on tard indicator:     0.0
   Value of tmax indicator:         3.0

Task for patient = 259 with skills = {0,-1} and cost = 81.7
   Vehicle #0 = 8, leaving at = 575.0
   Vehicle #1 = -1, leaving at = inf
   Increment on distance indicator: 3.0
   Increment on tard indicator:     0.0
   Value of tmax indicator:         3.0

Task for patient = 248 with skills = {0,-1} and cost = 80.7
   Vehicle #0 = 8, leaving at = 518.0
   Vehicle #1 = -1, leaving at = inf
   Increment on distance indicator: 14.0
   Increment on tard indicator:     0.0
   Value of tmax indicator:         14.0

Task for patient = 252 with skills = {1,4} and cost = 76.0
   Vehicle #0 = 5, leaving at = 696.0
   Vehicle #1 = 36, leaving at = 708.0
   Increment on distance indicator: 8.0
   Increment on tard indicator:     0.0
   Value of tmax indicator:         8.0

Task for patient = 139 with skills = {3,-1} and cost = 73.3
   Vehicle #0 = 33, leaving at = 776.0
   Vehicle #1 = -1, leaving at = inf
   Increment on distance indicator: 6.0
   Increment on tard indicator:     0.0
   Value of tmax indicator:         6.0

Task for patient = 293 with skills = {3,-1} and cost = 71.3
   Vehicle #0 = 33, leaving at = 588.0
   Vehicle #1 = -1, leaving at = inf
   Increment on distance indicator: 8.0
   Increment on tard indicator:     0.0
   Value of tmax indicator:         8.0

Task for patient = 271 with skills = {0,4} and cost = 68.7
   Vehicle #0 = 2, leaving at = 682.0
   Vehicle #1 = 34, leaving at = 704.0
   Increment on distance indicator: 18.0
   Increment on tard indicator:     0.0
   Value of tmax indicator:         18.0

Task for patient = 128 with skills = {4,-1} and cost = 62.7
   Vehicle #0 = 35, leaving at = 678.0
   Vehicle #1 = -1, leaving at = inf
   Increment on distance indicator: 8.0
   Increment on tard indicator:     0.0
   Value of tmax indicator:         8.0

Task for patient = 294 with skills = {5,-1} and cost = 162.7
   Vehicle #0 = 40, leaving at = 672.0
   Vehicle #1 = -1, leaving at = inf
   Increment on distance indicator: 20.0
   Increment on tard indicator:     0.0
   Value of tmax indicator:         20.0

Task for patient = 13 with skills = {2,-1} and cost = 55.3
   Vehicle #0 = 7, leaving at = 531.0
   Vehicle #1 = -1, leaving at = inf
   Increment on distance indicator: 14.0
   Increment on tard indicator:     0.0
   Value of tmax indicator:         14.0

Task for patient = 261 with skills = {2,4} and cost = 50.7
   Vehicle #0 = 3, leaving at = 733.0
   Vehicle #1 = 30, leaving at = 735.0
   Increment on distance indicator: 6.0
   Increment on tard indicator:     0.0
   Value of tmax indicator:         6.0

Task for patient = 283 with skills = {4,-1} and cost = 48.7
   Vehicle #0 = 35, leaving at = 632.0
   Vehicle #1 = -1, leaving at = inf
   Increment on distance indicator: 11.0
   Increment on tard indicator:     0.0
   Value of tmax indicator:         11.0

Task for patient = 24 with skills = {2,4} and cost = 45.0
   Vehicle #0 = 6, leaving at = 643.0
   Vehicle #1 = 34, leaving at = 653.0
   Increment on distance indicator: 12.0
   Increment on tard indicator:     0.0
   Value of tmax indicator:         12.0

Task for patient = 48 with skills = {0,4} and cost = 41.0
   Vehicle #0 = 1, leaving at = 574.0
   Vehicle #1 = 32, leaving at = 604.0
   Increment on distance indicator: 40.0
   Increment on tard indicator:     0.0
   Value of tmax indicator:         40.0

Task for patient = 235 with skills = {1,3} and cost = 27.7
   Vehicle #0 = 4, leaving at = 631.0
   Vehicle #1 = 31, leaving at = 620.0
   Increment on distance indicator: 34.0
   Increment on tard indicator:     0.0
   Value of tmax indicator:         34.0

Task for patient = 114 with skills = {2,5} and cost = 16.3
   Vehicle #0 = 3, leaving at = 698.0
   Vehicle #1 = 30, leaving at = 703.0
   Increment on distance indicator: 20.0
   Increment on tard indicator:     0.0
   Value of tmax indicator:         20.0

Task for patient = 174 with skills = {0,-1} and cost = 9.7
   Vehicle #0 = 0, leaving at = 671.0
   Vehicle #1 = -1, leaving at = inf
   Increment on distance indicator: 20.0
   Increment on tard indicator:     0.0
   Value of tmax indicator:         20.0

Task for patient = 138 with skills = {2,-1} and cost = 3.0
   Vehicle #0 = 0, leaving at = 613.0
   Vehicle #1 = -1, leaving at = inf
   Increment on distance indicator: 9.0
   Increment on tard indicator:     0.0
   Value of tmax indicator:         9.0

Task for patient = 194 with skills = {0,5} and cost = 60.0
   Vehicle #0 = 1, leaving at = 725.0
   Vehicle #1 = 32, leaving at = 734.0
   Increment on distance indicator: 14.0
   Increment on tard indicator:     0.0
   Value of tmax indicator:         14.0

Task for patient = 180 with skills = {0,5} and cost = 156.0
   Vehicle #0 = 12, leaving at = 574.0
   Vehicle #1 = 40, leaving at = 588.0
   Increment on distance indicator: 12.0
   Increment on tard indicator:     0.0
   Value of tmax indicator:         12.0

Task for patient = 300 with skills = {1,-1} and cost = 152.0
   Vehicle #0 = 9, leaving at = 520.0
   Vehicle #1 = -1, leaving at = inf
   Increment on distance indicator: 8.0
   Increment on tard indicator:     0.0
   Value of tmax indicator:         8.0

Task for patient = 127 with skills = {5,-1} and cost = 149.3
   Vehicle #0 = 35, leaving at = 755.0
   Vehicle #1 = -1, leaving at = inf
   Increment on distance indicator: 10.0
   Increment on tard indicator:     0.0
   Value of tmax indicator:         10.0

Task for patient = 50 with skills = {2,-1} and cost = 146.0
   Vehicle #0 = 13, leaving at = 585.0
   Vehicle #1 = -1, leaving at = inf
   Increment on distance indicator: 13.0
   Increment on tard indicator:     0.0
   Value of tmax indicator:         13.0

Task for patient = 188 with skills = {0,4} and cost = 141.7
   Vehicle #0 = 11, leaving at = 643.0
   Vehicle #1 = 39, leaving at = 661.0
   Increment on distance indicator: 23.0
   Increment on tard indicator:     0.0
   Value of tmax indicator:         23.0

Task for patient = 97 with skills = {4,-1} and cost = 134.0
   Vehicle #0 = 39, leaving at = 572.0
   Vehicle #1 = -1, leaving at = inf
   Increment on distance indicator: 8.0
   Increment on tard indicator:     0.0
   Value of tmax indicator:         8.0

Task for patient = 79 with skills = {2,-1} and cost = 131.3
   Vehicle #0 = 6, leaving at = 824.0
   Vehicle #1 = -1, leaving at = inf
   Increment on distance indicator: 4.0
   Increment on tard indicator:     0.0
   Value of tmax indicator:         4.0

Task for patient = 240 with skills = {0,-1} and cost = 130.0
   Vehicle #0 = 7, leaving at = 705.0
   Vehicle #1 = -1, leaving at = inf
   Increment on distance indicator: 3.0
   Increment on tard indicator:     0.0
   Value of tmax indicator:         3.0

Task for patient = 265 with skills = {0,-1} and cost = 84.0
   Vehicle #0 = 2, leaving at = 705.0
   Vehicle #1 = -1, leaving at = inf
   Increment on distance indicator: 4.0
   Increment on tard indicator:     0.0
   Value of tmax indicator:         4.0

Task for patient = 61 with skills = {2,-1} and cost = 128.3
   Vehicle #0 = 8, leaving at = 636.0
   Vehicle #1 = -1, leaving at = inf
   Increment on distance indicator: 17.0
   Increment on tard indicator:     0.0
   Value of tmax indicator:         17.0

Task for patient = 57 with skills = {3,-1} and cost = 122.7
   Vehicle #0 = 30, leaving at = 831.0
   Vehicle #1 = -1, leaving at = inf
   Increment on distance indicator: 5.0
   Increment on tard indicator:     0.0
   Value of tmax indicator:         5.0

Task for patient = 131 with skills = {2,4} and cost = 121.0
   Vehicle #0 = 11, leaving at = 604.0
   Vehicle #1 = 37, leaving at = 626.0
   Increment on distance indicator: 25.0
   Increment on tard indicator:     0.0
   Value of tmax indicator:         25.0

Task for patient = 161 with skills = {0,5} and cost = 112.7
   Vehicle #0 = 11, leaving at = 567.0
   Vehicle #1 = 40, leaving at = 543.0
   Increment on distance indicator: 20.0
   Increment on tard indicator:     0.0
   Value of tmax indicator:         20.0

Task for patient = 96 with skills = {2,-1} and cost = 106.0
   Vehicle #0 = 10, leaving at = 512.0
   Vehicle #1 = -1, leaving at = inf
   Increment on distance indicator: 27.0
   Increment on tard indicator:     0.0
   Value of tmax indicator:         27.0

Task for patient = 103 with skills = {0,3} and cost = 97.0
   Vehicle #0 = 2, leaving at = 795.0
   Vehicle #1 = 34, leaving at = 811.0
   Increment on distance indicator: 12.0
   Increment on tard indicator:     0.0
   Value of tmax indicator:         12.0

Task for patient = 205 with skills = {2,5} and cost = 93.0
   Vehicle #0 = 6, leaving at = 709.0
   Vehicle #1 = 34, leaving at = 743.0
   Increment on distance indicator: 11.0
   Increment on tard indicator:     0.0
   Value of tmax indicator:         11.0

Task for patient = 274 with skills = {0,-1} and cost = 89.3
   Vehicle #0 = 7, leaving at = 629.0
   Vehicle #1 = -1, leaving at = inf
   Increment on distance indicator: 4.0
   Increment on tard indicator:     0.0
   Value of tmax indicator:         4.0

Task for patient = 172 with skills = {1,-1} and cost = 88.0
   Vehicle #0 = 7, leaving at = 585.0
   Vehicle #1 = -1, leaving at = inf
   Increment on distance indicator: 12.0
   Increment on tard indicator:     0.0
   Value of tmax indicator:         12.0

Task for patient = 214 with skills = {0,-1} and cost = 129.0
   Vehicle #0 = 7, leaving at = 649.0
   Vehicle #1 = -1, leaving at = inf
   Increment on distance indicator: 2.0
   Increment on tard indicator:     0.0
   Value of tmax indicator:         2.0

Task for patient = 167 with skills = {5,-1} and cost = 463.7
   Vehicle #0 = 55, leaving at = 541.0
   Vehicle #1 = -1, leaving at = inf
   Increment on distance indicator: 7.0
   Increment on tard indicator:     0.0
   Value of tmax indicator:         7.0

Task for patient = 295 with skills = {4,-1} and cost = 461.3
   Vehicle #0 = 51, leaving at = 692.0
   Vehicle #1 = -1, leaving at = inf
   Increment on distance indicator: 3.0
   Increment on tard indicator:     0.0
   Value of tmax indicator:         3.0

Task for patient = 196 with skills = {5,-1} and cost = 460.3
   Vehicle #0 = 49, leaving at = 788.0
   Vehicle #1 = -1, leaving at = inf
   Increment on distance indicator: 5.0
   Increment on tard indicator:     0.0
   Value of tmax indicator:         5.0

Task for patient = 70 with skills = {3,-1} and cost = 458.7
   Vehicle #0 = 45, leaving at = 808.0
   Vehicle #1 = -1, leaving at = inf
   Increment on distance indicator: 4.0
   Increment on tard indicator:     0.0
   Value of tmax indicator:         4.0

Task for patient = 91 with skills = {2,-1} and cost = 457.3
   Vehicle #0 = 11, leaving at = 810.0
   Vehicle #1 = -1, leaving at = inf
   Increment on distance indicator: 3.0
   Increment on tard indicator:     0.0
   Value of tmax indicator:         3.0

Task for patient = 270 with skills = {1,-1} and cost = 456.3
   Vehicle #0 = 5, leaving at = 763.0
   Vehicle #1 = -1, leaving at = inf
   Increment on distance indicator: 1.0
   Increment on tard indicator:     0.0
   Value of tmax indicator:         1.0

Task for patient = 297 with skills = {2,-1} and cost = 456.0
   Vehicle #0 = 27, leaving at = 684.0
   Vehicle #1 = -1, leaving at = inf
   Increment on distance indicator: 7.0
   Increment on tard indicator:     0.0
   Value of tmax indicator:         7.0

Task for patient = 195 with skills = {1,-1} and cost = 453.7
   Vehicle #0 = 19, leaving at = 576.0
   Vehicle #1 = -1, leaving at = inf
   Increment on distance indicator: 14.0
   Increment on tard indicator:     0.0
   Value of tmax indicator:         14.0

Task for patient = 83 with skills = {1,3} and cost = 307.3
   Vehicle #0 = 18, leaving at = 555.0
   Vehicle #1 = 47, leaving at = 571.0
   Increment on distance indicator: 20.0
   Increment on tard indicator:     0.0
   Value of tmax indicator:         20.0

Task for patient = 215 with skills = {1,-1} and cost = 445.7
   Vehicle #0 = 18, leaving at = 731.0
   Vehicle #1 = -1, leaving at = inf
   Increment on distance indicator: 12.0
   Increment on tard indicator:     0.0
   Value of tmax indicator:         12.0

Task for patient = 199 with skills = {2,5} and cost = 441.7
   Vehicle #0 = 26, leaving at = 624.0
   Vehicle #1 = 54, leaving at = 626.0
   Increment on distance indicator: 31.0
   Increment on tard indicator:     0.0
   Value of tmax indicator:         31.0

Task for patient = 25 with skills = {0,-1} and cost = 431.3
   Vehicle #0 = 15, leaving at = 725.0
   Vehicle #1 = -1, leaving at = inf
   Increment on distance indicator: 9.0
   Increment on tard indicator:     0.0
   Value of tmax indicator:         9.0

Task for patient = 31 with skills = {3,-1} and cost = 428.3
   Vehicle #0 = 49, leaving at = 722.0
   Vehicle #1 = -1, leaving at = inf
   Increment on distance indicator: 5.0
   Increment on tard indicator:     0.0
   Value of tmax indicator:         5.0

Task for patient = 178 with skills = {3,-1} and cost = 426.7
   Vehicle #0 = 48, leaving at = 660.0
   Vehicle #1 = -1, leaving at = inf
   Increment on distance indicator: 4.0
   Increment on tard indicator:     0.0
   Value of tmax indicator:         4.0

Task for patient = 27 with skills = {5,-1} and cost = 425.3
   Vehicle #0 = 34, leaving at = 948.0
   Vehicle #1 = -1, leaving at = inf
   Increment on distance indicator: 3.0
   Increment on tard indicator:     0.0
   Value of tmax indicator:         3.0

Task for patient = 142 with skills = {0,-1} and cost = 424.3
   Vehicle #0 = 2, leaving at = 828.0
   Vehicle #1 = -1, leaving at = inf
   Increment on distance indicator: 3.0
   Increment on tard indicator:     0.0
   Value of tmax indicator:         3.0

Task for patient = 177 with skills = {3,-1} and cost = 423.3
   Vehicle #0 = 46, leaving at = 695.0
   Vehicle #1 = -1, leaving at = inf
   Increment on distance indicator: 11.0
   Increment on tard indicator:     0.0
   Value of tmax indicator:         11.0

Task for patient = 72 with skills = {2,-1} and cost = 449.0
   Vehicle #0 = 27, leaving at = 624.0
   Vehicle #1 = -1, leaving at = inf
   Increment on distance indicator: 10.0
   Increment on tard indicator:     0.0
   Value of tmax indicator:         10.0

Task for patient = 110 with skills = {4,-1} and cost = 957.7
   Vehicle #0 = 31, leaving at = 1009.0
   Vehicle #1 = -1, leaving at = inf
   Increment on distance indicator: 6.0
   Increment on tard indicator:     0.0
   Value of tmax indicator:         6.0

Task for patient = 74 with skills = {5,-1} and cost = 517.3
   Vehicle #0 = 44, leaving at = 878.0
   Vehicle #1 = -1, leaving at = inf
   Increment on distance indicator: 5.0
   Increment on tard indicator:     0.0
   Value of tmax indicator:         5.0

Task for patient = 64 with skills = {2,-1} and cost = 515.7
   Vehicle #0 = 6, leaving at = 877.0
   Vehicle #1 = -1, leaving at = inf
   Increment on distance indicator: 2.0
   Increment on tard indicator:     0.0
   Value of tmax indicator:         2.0

Task for patient = 40 with skills = {0,-1} and cost = 515.0
   Vehicle #0 = 25, leaving at = 636.0
   Vehicle #1 = -1, leaving at = inf
   Increment on distance indicator: 11.0
   Increment on tard indicator:     0.0
   Value of tmax indicator:         11.0

Task for patient = 78 with skills = {0,-1} and cost = 511.3
   Vehicle #0 = 17, leaving at = 712.0
   Vehicle #1 = -1, leaving at = inf
   Increment on distance indicator: 6.0
   Increment on tard indicator:     0.0
   Value of tmax indicator:         6.0

Task for patient = 146 with skills = {1,-1} and cost = 509.3
   Vehicle #0 = 16, leaving at = 865.0
   Vehicle #1 = -1, leaving at = inf
   Increment on distance indicator: 6.0
   Increment on tard indicator:     0.0
   Value of tmax indicator:         6.0

Task for patient = 81 with skills = {5,-1} and cost = 507.3
   Vehicle #0 = 40, leaving at = 740.0
   Vehicle #1 = -1, leaving at = inf
   Increment on distance indicator: 19.0
   Increment on tard indicator:     0.0
   Value of tmax indicator:         19.0

Task for patient = 181 with skills = {5,-1} and cost = 501.0
   Vehicle #0 = 43, leaving at = 751.0
   Vehicle #1 = -1, leaving at = inf
   Increment on distance indicator: 3.0
   Increment on tard indicator:     0.0
   Value of tmax indicator:         3.0

Task for patient = 18 with skills = {5,-1} and cost = 464.3
   Vehicle #0 = 32, leaving at = 903.0
   Vehicle #1 = -1, leaving at = inf
   Increment on distance indicator: 2.0
   Increment on tard indicator:     0.0
   Value of tmax indicator:         2.0

Task for patient = 203 with skills = {0,-1} and cost = 498.7
   Vehicle #0 = 17, leaving at = 601.0
   Vehicle #1 = -1, leaving at = inf
   Increment on distance indicator: 8.0
   Increment on tard indicator:     0.0
   Value of tmax indicator:         8.0

Task for patient = 170 with skills = {1,4} and cost = 496.0
   Vehicle #0 = 21, leaving at = 966.0
   Vehicle #1 = 56, leaving at = 940.0
   Increment on distance indicator: 6.0
   Increment on tard indicator:     0.0
   Value of tmax indicator:         6.0

Task for patient = 73 with skills = {2,4} and cost = 494.0
   Vehicle #0 = 8, leaving at = 720.0
   Vehicle #1 = 54, leaving at = 707.0
   Increment on distance indicator: 30.0
   Increment on tard indicator:     0.0
   Value of tmax indicator:         30.0

Task for patient = 108 with skills = {5,-1} and cost = 484.0
   Vehicle #0 = 30, leaving at = 882.0
   Vehicle #1 = -1, leaving at = inf
   Increment on distance indicator: 3.0
   Increment on tard indicator:     0.0
   Value of tmax indicator:         3.0

Task for patient = 281 with skills = {1,-1} and cost = 483.0
   Vehicle #0 = 16, leaving at = 697.0
   Vehicle #1 = -1, leaving at = inf
   Increment on distance indicator: 13.0
   Increment on tard indicator:     0.0
   Value of tmax indicator:         13.0

Task for patient = 247 with skills = {1,4} and cost = 478.7
   Vehicle #0 = 20, leaving at = 746.0
   Vehicle #1 = 36, leaving at = 731.0
   Increment on distance indicator: 6.0
   Increment on tard indicator:     0.0
   Value of tmax indicator:         6.0

Task for patient = 11 with skills = {5,-1} and cost = 476.7
   Vehicle #0 = 55, leaving at = 571.0
   Vehicle #1 = -1, leaving at = inf
   Increment on distance indicator: 13.0
   Increment on tard indicator:     0.0
   Value of tmax indicator:         13.0

Task for patient = 55 with skills = {1,4} and cost = 472.3
   Vehicle #0 = 19, leaving at = 795.0
   Vehicle #1 = 51, leaving at = 811.0
   Increment on distance indicator: 18.0
   Increment on tard indicator:     0.0
   Value of tmax indicator:         18.0

Task for patient = 206 with skills = {0,-1} and cost = 466.3
   Vehicle #0 = 0, leaving at = 874.0
   Vehicle #1 = -1, leaving at = inf
   Increment on distance indicator: 6.0
   Increment on tard indicator:     0.0
   Value of tmax indicator:         6.0

Task for patient = 197 with skills = {4,-1} and cost = 500.0
   Vehicle #0 = 44, leaving at = 841.0
   Vehicle #1 = -1, leaving at = inf
   Increment on distance indicator: 4.0
   Increment on tard indicator:     0.0
   Value of tmax indicator:         4.0

Task for patient = 147 with skills = {2,3} and cost = 359.3
   Vehicle #0 = 24, leaving at = 858.0
   Vehicle #1 = 31, leaving at = 847.0
   Increment on distance indicator: 12.0
   Increment on tard indicator:     0.0
   Value of tmax indicator:         12.0

Task for patient = 175 with skills = {3,-1} and cost = 355.3
   Vehicle #0 = 48, leaving at = 583.0
   Vehicle #1 = -1, leaving at = inf
   Increment on distance indicator: 9.0
   Increment on tard indicator:     0.0
   Value of tmax indicator:         9.0

Task for patient = 123 with skills = {4,-1} and cost = 352.3
   Vehicle #0 = 45, leaving at = 697.0
   Vehicle #1 = -1, leaving at = inf
   Increment on distance indicator: 6.0
   Increment on tard indicator:     0.0
   Value of tmax indicator:         6.0

Task for patient = 173 with skills = {0,-1} and cost = 350.3
   Vehicle #0 = 1, leaving at = 810.0
   Vehicle #1 = -1, leaving at = inf
   Increment on distance indicator: 2.0
   Increment on tard indicator:     0.0
   Value of tmax indicator:         2.0

Task for patient = 115 with skills = {4,-1} and cost = 349.7
   Vehicle #0 = 39, leaving at = 727.0
   Vehicle #1 = -1, leaving at = inf
   Increment on distance indicator: 4.0
   Increment on tard indicator:     0.0
   Value of tmax indicator:         4.0

Task for patient = 258 with skills = {0,-1} and cost = 348.3
   Vehicle #0 = 1, leaving at = 780.0
   Vehicle #1 = -1, leaving at = inf
   Increment on distance indicator: 5.0
   Increment on tard indicator:     0.0
   Value of tmax indicator:         5.0

Task for patient = 256 with skills = {2,-1} and cost = 346.7
   Vehicle #0 = 24, leaving at = 759.0
   Vehicle #1 = -1, leaving at = inf
   Increment on distance indicator: 8.0
   Increment on tard indicator:     0.0
   Value of tmax indicator:         8.0

Task for patient = 62 with skills = {4,-1} and cost = 344.0
   Vehicle #0 = 52, leaving at = 725.0
   Vehicle #1 = -1, leaving at = inf
   Increment on distance indicator: 6.0
   Increment on tard indicator:     0.0
   Value of tmax indicator:         6.0

Task for patient = 102 with skills = {2,-1} and cost = 419.7
   Vehicle #0 = 27, leaving at = 568.0
   Vehicle #1 = -1, leaving at = inf
   Increment on distance indicator: 0.0
   Increment on tard indicator:     0.0
   Value of tmax indicator:         0.0

Task for patient = 190 with skills = {4,-1} and cost = 336.0
   Vehicle #0 = 31, leaving at = 810.0
   Vehicle #1 = -1, leaving at = inf
   Increment on distance indicator: 6.0
   Increment on tard indicator:     0.0
   Value of tmax indicator:         6.0

Task for patient = 233 with skills = {1,-1} and cost = 334.0
   Vehicle #0 = 24, leaving at = 697.0
   Vehicle #1 = -1, leaving at = inf
   Increment on distance indicator: 3.0
   Increment on tard indicator:     0.0
   Value of tmax indicator:         3.0

Task for patient = 277 with skills = {4,-1} and cost = 333.0
   Vehicle #0 = 35, leaving at = 816.0
   Vehicle #1 = -1, leaving at = inf
   Increment on distance indicator: 7.0
   Increment on tard indicator:     0.0
   Value of tmax indicator:         7.0

Task for patient = 52 with skills = {2,5} and cost = 330.7
   Vehicle #0 = 24, leaving at = 672.0
   Vehicle #1 = 52, leaving at = 665.0
   Increment on distance indicator: 24.0
   Increment on tard indicator:     0.0
   Value of tmax indicator:         24.0

Task for patient = 292 with skills = {2,3} and cost = 322.7
   Vehicle #0 = 24, leaving at = 548.0
   Vehicle #1 = 48, leaving at = 524.0
   Increment on distance indicator: 4.0
   Increment on tard indicator:     0.0
   Value of tmax indicator:         4.0

Task for patient = 120 with skills = {1,3} and cost = 321.3
   Vehicle #0 = 18, leaving at = 659.0
   Vehicle #1 = 47, leaving at = 649.0
   Increment on distance indicator: 4.0
   Increment on tard indicator:     0.0
   Value of tmax indicator:         4.0

Task for patient = 20 with skills = {1,-1} and cost = 320.0
   Vehicle #0 = 19, leaving at = 545.0
   Vehicle #1 = -1, leaving at = inf
   Increment on distance indicator: 9.0
   Increment on tard indicator:     0.0
   Value of tmax indicator:         9.0

Task for patient = 100 with skills = {4,-1} and cost = 317.0
   Vehicle #0 = 42, leaving at = 767.0
   Vehicle #1 = -1, leaving at = inf
   Increment on distance indicator: 5.0
   Increment on tard indicator:     0.0
   Value of tmax indicator:         5.0

Task for patient = 286 with skills = {1,4} and cost = 315.3
   Vehicle #0 = 18, leaving at = 632.0
   Vehicle #1 = 47, leaving at = 621.0
   Increment on distance indicator: 24.0
   Increment on tard indicator:     0.0
   Value of tmax indicator:         24.0

Task for patient = 272 with skills = {5,-1} and cost = 342.0
   Vehicle #0 = 53, leaving at = 580.0
   Vehicle #1 = -1, leaving at = inf
   Increment on distance indicator: 18.0
   Increment on tard indicator:     0.0
   Value of tmax indicator:         18.0

Task for patient = 160 with skills = {4,-1} and cost = 419.7
   Vehicle #0 = 51, leaving at = 663.0
   Vehicle #1 = -1, leaving at = inf
   Increment on distance indicator: 17.0
   Increment on tard indicator:     0.0
   Value of tmax indicator:         17.0

Task for patient = 2 with skills = {4,-1} and cost = 414.0
   Vehicle #0 = 32, leaving at = 862.0
   Vehicle #1 = -1, leaving at = inf
   Increment on distance indicator: 6.0
   Increment on tard indicator:     0.0
   Value of tmax indicator:         6.0

Task for patient = 117 with skills = {4,-1} and cost = 412.0
   Vehicle #0 = 37, leaving at = 734.0
   Vehicle #1 = -1, leaving at = inf
   Increment on distance indicator: 4.0
   Increment on tard indicator:     0.0
   Value of tmax indicator:         4.0

Task for patient = 1 with skills = {4,-1} and cost = 410.7
   Vehicle #0 = 45, leaving at = 746.0
   Vehicle #1 = -1, leaving at = inf
   Increment on distance indicator: 3.0
   Increment on tard indicator:     0.0
   Value of tmax indicator:         3.0

Task for patient = 296 with skills = {2,-1} and cost = 409.7
   Vehicle #0 = 10, leaving at = 575.0
   Vehicle #1 = -1, leaving at = inf
   Increment on distance indicator: 14.0
   Increment on tard indicator:     0.0
   Value of tmax indicator:         14.0

Task for patient = 38 with skills = {1,-1} and cost = 405.0
   Vehicle #0 = 16, leaving at = 635.0
   Vehicle #1 = -1, leaving at = inf
   Increment on distance indicator: 7.0
   Increment on tard indicator:     0.0
   Value of tmax indicator:         7.0

Task for patient = 10 with skills = {4,-1} and cost = 402.7
   Vehicle #0 = 51, leaving at = 615.0
   Vehicle #1 = -1, leaving at = inf
   Increment on distance indicator: 9.0
   Increment on tard indicator:     0.0
   Value of tmax indicator:         9.0

Task for patient = 106 with skills = {0,3} and cost = 399.7
   Vehicle #0 = 4, leaving at = 837.0
   Vehicle #1 = 52, leaving at = 854.0
   Increment on distance indicator: 20.0
   Increment on tard indicator:     0.0
   Value of tmax indicator:         20.0

Task for patient = 145 with skills = {1,-1} and cost = 359.7
   Vehicle #0 = 0, leaving at = 837.0
   Vehicle #1 = -1, leaving at = inf
   Increment on distance indicator: 1.0
   Increment on tard indicator:     0.0
   Value of tmax indicator:         1.0

Task for patient = 267 with skills = {1,4} and cost = 392.7
   Vehicle #0 = 4, leaving at = 769.0
   Vehicle #1 = 52, leaving at = 800.0
   Increment on distance indicator: 21.0
   Increment on tard indicator:     0.0
   Value of tmax indicator:         21.0

Task for patient = 12 with skills = {4,-1} and cost = 385.7
   Vehicle #0 = 47, leaving at = 702.0
   Vehicle #1 = -1, leaving at = inf
   Increment on distance indicator: 4.0
   Increment on tard indicator:     0.0
   Value of tmax indicator:         4.0

Task for patient = 241 with skills = {4,-1} and cost = 384.3
   Vehicle #0 = 51, leaving at = 562.0
   Vehicle #1 = -1, leaving at = inf
   Increment on distance indicator: 8.0
   Increment on tard indicator:     0.0
   Value of tmax indicator:         8.0

Task for patient = 141 with skills = {1,4} and cost = 381.7
   Vehicle #0 = 9, leaving at = 656.0
   Vehicle #1 = 50, leaving at = 674.0
   Increment on distance indicator: 12.0
   Increment on tard indicator:     0.0
   Value of tmax indicator:         12.0

Task for patient = 154 with skills = {4,-1} and cost = 377.7
   Vehicle #0 = 37, leaving at = 672.0
   Vehicle #1 = -1, leaving at = inf
   Increment on distance indicator: 12.0
   Increment on tard indicator:     0.0
   Value of tmax indicator:         12.0

Task for patient = 263 with skills = {2,-1} and cost = 373.7
   Vehicle #0 = 26, leaving at = 586.0
   Vehicle #1 = -1, leaving at = inf
   Increment on distance indicator: 21.0
   Increment on tard indicator:     0.0
   Value of tmax indicator:         21.0

Task for patient = 290 with skills = {2,-1} and cost = 366.7
   Vehicle #0 = 7, leaving at = 730.0
   Vehicle #1 = -1, leaving at = inf
   Increment on distance indicator: 3.0
   Increment on tard indicator:     0.0
   Value of tmax indicator:         3.0

Task for patient = 34 with skills = {5,-1} and cost = 363.3
   Vehicle #0 = 53, leaving at = 683.0
   Vehicle #1 = -1, leaving at = inf
   Increment on distance indicator: 2.0
   Increment on tard indicator:     0.0
   Value of tmax indicator:         2.0

Task for patient = 249 with skills = {2,-1} and cost = 362.7
   Vehicle #0 = 15, leaving at = 657.0
   Vehicle #1 = -1, leaving at = inf
   Increment on distance indicator: 9.0
   Increment on tard indicator:     0.0
   Value of tmax indicator:         9.0

Task for patient = 279 with skills = {4,-1} and cost = 393.0
   Vehicle #0 = 47, leaving at = 720.0
   Vehicle #1 = -1, leaving at = inf
   Increment on distance indicator: 1.0
   Increment on tard indicator:     0.0
   Value of tmax indicator:         1.0


Unused vehicle list: 22 23 (total = 2 out of 60)

---
Search finished.
Total of 448 generations in 19.2 seconds.
Exchange elite runs: 0
Implicit path relinking runs: 4
Reset attempts: 0

Best solution found:
   Cost: 1215.3
   Total travel time: 3641.0
   Total tardiness time: 3.0
   Largest tardiness: 2.0


1215.3
