--- BRKGA-MP-IPR for HHCRSP ---
Instance: new-instances/HHCRSP_300_60_12_1.0_C_R.txt
Seed: 1

Reading data... Problem contains 300 patients  and 60 caregivers.

Summary of supply x demand for each service type:
Skill 0 has supply = 21 and demand = 74, ratio = 0.283784
Skill 1 has supply = 18 and demand = 49, ratio = 0.367347
Skill 2 has supply = 22 and demand = 74, ratio = 0.297297
Skill 3 has supply = 23 and demand = 65, ratio = 0.353846
Skill 4 has supply = 16 and demand = 57, ratio = 0.280702
Skill 5 has supply = 19 and demand = 71, ratio = 0.267606

Reading parameters...
Inferred distance function by PR type: kendall-tau
Building BRKGA data and initializing...
Evolving 448 generations...

  Gens  Rem    Local   ElDiv NoImpr             Best solution            Time  Op
                                       Cost     Dist    Tard    TMax 
*    0  448  8496.33  469.22      0  8496.33  6370.00 18713.0   406.0     0.1    
*    2  446  8052.00  502.74      0  8052.00  6112.00 16476.0   404.0     0.1    
*    3  445  7664.00  469.09      0  7664.00  6302.00 14662.0   384.0     0.2    
*    4  444  7116.00  431.26      0  7116.00  6302.00 14662.0   384.0     0.2    
*    7  441  6617.00  304.29      0  6617.00  6379.00 13088.0   384.0     0.4    
*    9  439  6252.67  329.09      0  6252.67  6313.00 11394.0   389.0     0.5    
*   10  438  6032.00  356.80      0  6032.00  6261.00  9604.0   372.0     0.5    
*   11  437  5412.33  328.77      0  5412.33  6165.00  9463.0   342.0     0.5    
*   12  436  5323.33  337.07      0  5323.33  6160.00  8918.0   375.0     0.6    
*   13  435  5151.00  301.28      0  5151.00  6007.00  8511.0   402.0     0.6    
*   14  434  4973.33  312.59      0  4973.33  6088.00  8149.0   329.0     0.7    
*   15  433  4855.33  253.59      0  4855.33  6082.00  7513.0   384.0     0.7    
*   16  432  4659.67  225.16      0  4659.67  6069.00  7465.0   369.0     0.8    
*   17  431  4634.33  206.05      0  4634.33  6115.00  6679.0   352.0     0.8    
*   18  430  4382.00  216.15      0  4382.00  6241.00  6424.0   330.0     0.9    

  Gens  Rem    Local   ElDiv NoImpr             Best solution            Time  Op
                                       Cost     Dist    Tard    TMax 
*   19  429  4331.67  231.74      0  4331.67  6269.00  5784.0   283.0     0.9    
*   20  428  4112.00  264.36      0  4112.00  6181.00  3964.0   244.0     1.0    
*   21  427  3463.00  274.98      0  3463.00  6181.00  3964.0   244.0     1.0    
*   23  425  3455.33  216.26      0  3455.33  6052.00  4017.0   297.0     1.1    
*   25  423  3448.00  206.57      0  3448.00  5957.00  4030.0   357.0     1.2    
*   27  421  3260.67  176.90      0  3260.67  6003.00  3123.0   316.0     1.3    
*   28  420  3147.33  157.32      0  3147.33  6147.00  2968.0   319.0     1.4    
*   29  419  3144.67  162.26      0  3144.67  6046.00  2465.0   208.0     1.4    
*   30  418  2906.33  163.54      0  2906.33  5923.00  1769.0   277.0     1.5    
*   31  417  2656.33  140.89      0  2656.33  5923.00  1769.0   277.0     1.5    
*   35  413  2525.00  139.20      0  2525.00  5826.00  1504.0   245.0     1.7    
*   39  409  2303.00  117.52      0  2303.00  5779.00   943.0   187.0     1.9    
*   44  404  2218.67   73.00      0  2218.67  5772.00   716.0   168.0     2.1    
*   46  402  2073.67   71.23      0  2073.67  5751.00   386.0    84.0     2.2    
*   49  399  2066.67   57.82      0  2066.67  5708.00   386.0   106.0     2.4    
    50  398  2066.67   52.54      1  2066.67  5708.00   386.0   106.0     2.4    

  Gens  Rem    Local   ElDiv NoImpr             Best solution            Time  Op
                                       Cost     Dist    Tard    TMax 
*   52  396  2041.00   51.81      0  2041.00  5698.00   299.0    74.0     2.5    
*   53  395  2023.67   61.13      0  2023.67  5814.00    30.0     7.0     2.6    
*   54  394  1950.33   56.31      0  1950.33  5814.00    30.0     7.0     2.6    
*   58  390  1930.67   37.77      0  1930.67  5727.00    50.0    15.0     2.8    
*   60  388  1926.33   36.03      0  1926.33  5566.00   169.0    44.0     2.9    
*   63  385  1918.33   32.41      0  1918.33  5499.00   128.0    51.0     3.0    
*   64  384  1892.67   31.18      0  1892.67  5499.00   128.0    51.0     3.1    
*   67  381  1884.33   23.14      0  1884.33  5526.00    98.0    29.0     3.2    
*   72  376  1875.33   21.71      0  1875.33  5388.00    56.0    20.0     3.5    
*   73  375  1821.33   20.97      0  1821.33  5388.00    56.0    20.0     3.5    
*   80  368  1817.00   17.83      0  1817.00  5404.00    40.0     7.0     3.8    
*   91  357  1814.67   12.33      0  1814.67  5376.00    49.0    12.0     4.3    
*   92  356  1812.33   11.70      0  1812.33  5376.00    49.0    12.0     4.4    
Path relinking result: too homogeneous.
    96  352  1798.00   11.26      0  1812.33  5376.00    49.0    12.0     4.6   P
*   97  351  1798.00   10.59      0  1798.00  5353.00    34.0     7.0     4.7    
*   99  349  1794.67   12.44      0  1794.67  5318.00    26.0     6.0     4.7    

  Gens  Rem    Local   ElDiv NoImpr             Best solution            Time  Op
                                       Cost     Dist    Tard    TMax 
*  100  348  1783.33   15.25      0  1783.33  5198.00    47.0    24.0     4.8    
*  101  347  1756.33   15.16      0  1756.33  5198.00    47.0    24.0     4.8    
*  106  342  1751.00   16.62      0  1751.00  5210.00    35.0     8.0     5.1    
*  108  340  1726.33   17.33      0  1726.33  5106.00    60.0    13.0     5.2    
*  131  317  1705.33   12.85      0  1705.33  5080.00    24.0    10.0     6.3    
*  132  316  1704.67   13.23      0  1704.67  5080.00    24.0    10.0     6.3    
*  135  313  1704.33   13.54      0  1704.33  5099.00     9.0     5.0     6.5    
*  142  306  1684.67   12.08      0  1684.67  5007.00    41.0     6.0     6.9    
*  147  301  1682.00   11.63      0  1682.00  5040.00     4.0     2.0     7.1    
*  150  298  1677.00   12.07      0  1677.00  4973.00    48.0    10.0     7.2    
*  165  283  1665.33   10.91      0  1665.33  4984.00     8.0     4.0     7.9    
*  186  262  1664.67    8.05      0  1664.67  4962.00    25.0     7.0     8.9    
*  188  260  1662.00    9.22      0  1662.00  4964.00     5.0     2.0     9.0    
*  189  259  1657.00    8.96      0  1657.00  4964.00     5.0     2.0     9.0    
Path relinking result: too homogeneous.
   192  256  1657.00    8.44      4  1657.00  4964.00     5.0     2.0     9.2   P
   200  248  1657.00    7.18     11  1657.00  4964.00     5.0     2.0     9.6    

  Gens  Rem    Local   ElDiv NoImpr             Best solution            Time  Op
                                       Cost     Dist    Tard    TMax 
*  207  241  1645.00    6.96      0  1645.00  4901.00    26.0     8.0     9.9    
*  215  233  1642.00    7.77      0  1642.00  4876.00    40.0    10.0    10.3    
*  219  229  1639.67    8.11      0  1639.67  4911.00     6.0     2.0    10.5    
*  222  226  1634.00    8.37      0  1634.00  4861.00    31.0    10.0    10.6    
*  234  214  1632.67    8.12      0  1632.67  4869.00    23.0     6.0    11.2    
*  243  205  1609.67   10.44      0  1609.67  4803.00    21.0     5.0    11.6    
   250  198  1609.67    9.33      7  1609.67  4803.00    21.0     5.0    11.9    
*  277  171  1606.00    8.07      0  1606.00  4775.00    35.0     8.0    13.3    
Path relinking result: too homogeneous.
   288  160  1606.00    7.23     12  1606.00  4775.00    35.0     8.0    13.8   P
*  291  157  1603.67    7.98      0  1603.67  4787.00     9.0     3.0    14.0    
*  292  156  1599.67    8.01      0  1599.67  4787.00     9.0     3.0    14.0    
   300  148  1599.67    6.34      8  1599.67  4787.00     9.0     3.0    14.4    
*  302  146  1599.00    6.43      0  1599.00  4759.00    20.0     6.0    14.5    
*  303  145  1595.00    6.20      0  1595.00  4759.00    20.0     6.0    14.5    
*  307  141  1588.67    6.31      0  1588.67  4720.00    38.0     8.0    14.7    
*  310  138  1584.00    7.52      0  1584.00  4731.00    14.0     3.0    14.9    

  Gens  Rem    Local   ElDiv NoImpr             Best solution            Time  Op
                                       Cost     Dist    Tard    TMax 
*  311  137  1582.67    8.14      0  1582.67  4711.00    16.0     4.0    14.9    
*  312  136  1577.00    7.72      0  1577.00  4711.00    16.0     4.0    15.0    
*  316  132  1576.67    6.34      0  1576.67  4706.00    13.0     8.0    15.2    
*  317  131  1575.67    5.83      0  1575.67  4706.00    14.0     3.0    15.2    
*  318  130  1574.33    6.31      0  1574.33  4675.00     9.0     3.0    15.3    
*  319  129  1562.33    6.73      0  1562.33  4663.00     9.0     3.0    15.3    
*  320  128  1558.33    7.28      0  1558.33  4663.00     9.0     3.0    15.4    
*  326  122  1552.67    4.29      0  1552.67  4646.00     9.0     3.0    15.6    
*  330  118  1550.00    3.95      0  1550.00  4638.00     9.0     3.0    15.9    
*  332  116  1547.00    3.36      0  1547.00  4629.00     9.0     3.0    15.9    
*  334  114  1542.33    3.15      0  1542.33  4602.00     9.0     3.0    16.0    
*  335  113  1538.00    3.59      0  1538.00  4602.00     9.0     3.0    16.1    
*  337  111  1536.00    3.19      0  1536.00  4596.00     9.0     3.0    16.2    
*  339  109  1535.00    2.60      0  1535.00  4592.00     9.0     3.0    16.3    
*  340  108  1534.67    2.31      0  1534.67  4582.00     9.0     3.0    16.3    
*  341  107  1531.33    1.92      0  1531.33  4582.00     9.0     3.0    16.4    

  Gens  Rem    Local   ElDiv NoImpr             Best solution            Time  Op
                                       Cost     Dist    Tard    TMax 
*  344  104  1531.00    1.28      0  1531.00  4578.00     9.0     3.0    16.5    
*  345  103  1530.00    1.24      0  1530.00  4578.00     9.0     3.0    16.6    
   350   98  1530.00    0.32      5  1530.00  4578.00     9.0     3.0    16.8    
*  364   84  1528.33    0.21      0  1528.33  4573.00     9.0     3.0    17.4    
*  373   75  1526.67    0.30      0  1526.67  4567.00    10.0     3.0    17.8    
*  379   69  1526.00    0.12      0  1526.00  4565.00    10.0     3.0    18.1    
Path relinking result: too homogeneous.
   384   64  1526.00    0.27      6  1526.00  4565.00    10.0     3.0    18.4   P
*  388   60  1525.67    0.06      0  1525.67  4564.00    10.0     3.0    18.5    
   400   48  1525.67    0.00     12  1525.67  4564.00    10.0     3.0    19.1    
*  419   29  1523.33    0.40      0  1523.33  4557.00    10.0     3.0    20.0    
*  433   15  1521.33    0.35      0  1521.33  4551.00    10.0     3.0    20.6    
*  440    8  1519.33    0.53      0  1519.33  4545.00    10.0     3.0    21.0    
   448    0  1519.33    0.00      8  1519.33  4545.00    10.0     3.0    21.3    
Evolutionary process finished.
Solution written to 'solution-3795.txt'.

Sorted sequence of worst to best tardiness value:
Task for patient = 28 with skills = {2,-1} and cost = 207.3
   Vehicle #0 = 6, leaving at = 678.0
   Vehicle #1 = -1, leaving at = inf
   Increment on distance indicator: 4.0
   Increment on tard indicator:     3.0
   Value of tmax indicator:         4.0

Task for patient = 255 with skills = {0,3} and cost = 479.0
   Vehicle #0 = 14, leaving at = 821.0
   Vehicle #1 = 34, leaving at = 869.0
   Increment on distance indicator: 8.0
   Increment on tard indicator:     3.0
   Value of tmax indicator:         8.0

Task for patient = 20 with skills = {2,-1} and cost = 387.7
   Vehicle #0 = 3, leaving at = 906.0
   Vehicle #1 = -1, leaving at = inf
   Increment on distance indicator: 5.0
   Increment on tard indicator:     2.0
   Value of tmax indicator:         5.0

Task for patient = 133 with skills = {2,3} and cost = 385.3
   Vehicle #0 = 10, leaving at = 726.0
   Vehicle #1 = 45, leaving at = 779.0
   Increment on distance indicator: 8.0
   Increment on tard indicator:     1.0
   Value of tmax indicator:         8.0

Task for patient = 95 with skills = {1,3} and cost = 539.0
   Vehicle #0 = 15, leaving at = 797.0
   Vehicle #1 = 31, leaving at = 805.0
   Increment on distance indicator: 21.0
   Increment on tard indicator:     1.0
   Value of tmax indicator:         21.0

Task for patient = 145 with skills = {0,-1} and cost = 863.7
   Vehicle #0 = 24, leaving at = 690.0
   Vehicle #1 = -1, leaving at = inf
   Increment on distance indicator: 11.0
   Increment on tard indicator:     0.0
   Value of tmax indicator:         11.0

Task for patient = 261 with skills = {3,-1} and cost = 808.3
   Vehicle #0 = 38, leaving at = 999.0
   Vehicle #1 = -1, leaving at = inf
   Increment on distance indicator: 1.0
   Increment on tard indicator:     0.0
   Value of tmax indicator:         1.0

Task for patient = 267 with skills = {1,-1} and cost = 860.0
   Vehicle #0 = 1, leaving at = 893.0
   Vehicle #1 = -1, leaving at = inf
   Increment on distance indicator: 8.0
   Increment on tard indicator:     0.0
   Value of tmax indicator:         8.0

Task for patient = 17 with skills = {1,3} and cost = 857.3
   Vehicle #0 = 26, leaving at = 713.0
   Vehicle #1 = 51, leaving at = 717.0
   Increment on distance indicator: 16.0
   Increment on tard indicator:     0.0
   Value of tmax indicator:         16.0

Task for patient = 87 with skills = {3,-1} and cost = 852.0
   Vehicle #0 = 41, leaving at = 882.0
   Vehicle #1 = -1, leaving at = inf
   Increment on distance indicator: 5.0
   Increment on tard indicator:     0.0
   Value of tmax indicator:         5.0

Task for patient = 212 with skills = {2,-1} and cost = 850.3
   Vehicle #0 = 9, leaving at = 985.0
   Vehicle #1 = -1, leaving at = inf
   Increment on distance indicator: 7.0
   Increment on tard indicator:     0.0
   Value of tmax indicator:         7.0

Task for patient = 205 with skills = {0,-1} and cost = 848.0
   Vehicle #0 = 10, leaving at = 954.0
   Vehicle #1 = -1, leaving at = inf
   Increment on distance indicator: 5.0
   Increment on tard indicator:     0.0
   Value of tmax indicator:         5.0

Task for patient = 26 with skills = {2,3} and cost = 842.0
   Vehicle #0 = 9, leaving at = 820.0
   Vehicle #1 = 49, leaving at = 838.0
   Increment on distance indicator: 14.0
   Increment on tard indicator:     0.0
   Value of tmax indicator:         14.0

Task for patient = 193 with skills = {5,-1} and cost = 837.3
   Vehicle #0 = 53, leaving at = 932.0
   Vehicle #1 = -1, leaving at = inf
   Increment on distance indicator: 5.0
   Increment on tard indicator:     0.0
   Value of tmax indicator:         5.0

Task for patient = 78 with skills = {5,-1} and cost = 835.7
   Vehicle #0 = 58, leaving at = 725.0
   Vehicle #1 = -1, leaving at = inf
   Increment on distance indicator: 27.0
   Increment on tard indicator:     0.0
   Value of tmax indicator:         27.0

Task for patient = 275 with skills = {2,-1} and cost = 826.7
   Vehicle #0 = 1, leaving at = 867.0
   Vehicle #1 = -1, leaving at = inf
   Increment on distance indicator: 7.0
   Increment on tard indicator:     0.0
   Value of tmax indicator:         7.0

Task for patient = 220 with skills = {0,3} and cost = 824.3
   Vehicle #0 = 7, leaving at = 857.0
   Vehicle #1 = 56, leaving at = 886.0
   Increment on distance indicator: 6.0
   Increment on tard indicator:     0.0
   Value of tmax indicator:         6.0

Task for patient = 56 with skills = {2,4} and cost = 822.3
   Vehicle #0 = 21, leaving at = 916.0
   Vehicle #1 = 47, leaving at = 884.0
   Increment on distance indicator: 18.0
   Increment on tard indicator:     0.0
   Value of tmax indicator:         18.0

Task for patient = 269 with skills = {1,-1} and cost = 816.3
   Vehicle #0 = 28, leaving at = 845.0
   Vehicle #1 = -1, leaving at = inf
   Increment on distance indicator: 10.0
   Increment on tard indicator:     0.0
   Value of tmax indicator:         10.0

Task for patient = 283 with skills = {0,4} and cost = 813.0
   Vehicle #0 = 21, leaving at = 795.0
   Vehicle #1 = 47, leaving at = 848.0
   Increment on distance indicator: 14.0
   Increment on tard indicator:     0.0
   Value of tmax indicator:         14.0

Task for patient = 246 with skills = {0,-1} and cost = 846.3
   Vehicle #0 = 24, leaving at = 660.0
   Vehicle #1 = -1, leaving at = inf
   Increment on distance indicator: 13.0
   Increment on tard indicator:     0.0
   Value of tmax indicator:         13.0

Task for patient = 265 with skills = {2,-1} and cost = 909.3
   Vehicle #0 = 13, leaving at = 942.0
   Vehicle #1 = -1, leaving at = inf
   Increment on distance indicator: 6.0
   Increment on tard indicator:     0.0
   Value of tmax indicator:         6.0

Task for patient = 55 with skills = {5,-1} and cost = 904.7
   Vehicle #0 = 40, leaving at = 948.0
   Vehicle #1 = -1, leaving at = inf
   Increment on distance indicator: 6.0
   Increment on tard indicator:     0.0
   Value of tmax indicator:         6.0

Task for patient = 36 with skills = {0,4} and cost = 902.7
   Vehicle #0 = 24, leaving at = 861.0
   Vehicle #1 = 57, leaving at = 884.0
   Increment on distance indicator: 6.0
   Increment on tard indicator:     0.0
   Value of tmax indicator:         6.0

Task for patient = 192 with skills = {1,3} and cost = 900.7
   Vehicle #0 = 1, leaving at = 922.0
   Vehicle #1 = 43, leaving at = 980.0
   Increment on distance indicator: 16.0
   Increment on tard indicator:     0.0
   Value of tmax indicator:         16.0

Task for patient = 224 with skills = {1,5} and cost = 895.3
   Vehicle #0 = 11, leaving at = 934.0
   Vehicle #1 = 31, leaving at = 934.0
   Increment on distance indicator: 13.0
   Increment on tard indicator:     0.0
   Value of tmax indicator:         13.0

Task for patient = 86 with skills = {3,-1} and cost = 891.0
   Vehicle #0 = 37, leaving at = 974.0
   Vehicle #1 = -1, leaving at = inf
   Increment on distance indicator: 4.0
   Increment on tard indicator:     0.0
   Value of tmax indicator:         4.0

Task for patient = 6 with skills = {2,-1} and cost = 889.7
   Vehicle #0 = 9, leaving at = 1014.0
   Vehicle #1 = -1, leaving at = inf
   Increment on distance indicator: 3.0
   Increment on tard indicator:     0.0
   Value of tmax indicator:         3.0

Task for patient = 115 with skills = {3,-1} and cost = 888.7
   Vehicle #0 = 43, leaving at = 915.0
   Vehicle #1 = -1, leaving at = inf
   Increment on distance indicator: 3.0
   Increment on tard indicator:     0.0
   Value of tmax indicator:         3.0

Task for patient = 271 with skills = {3,-1} and cost = 864.7
   Vehicle #0 = 54, leaving at = 922.0
   Vehicle #1 = -1, leaving at = inf
   Increment on distance indicator: 3.0
   Increment on tard indicator:     0.0
   Value of tmax indicator:         3.0

Task for patient = 189 with skills = {1,-1} and cost = 886.0
   Vehicle #0 = 22, leaving at = 852.0
   Vehicle #1 = -1, leaving at = inf
   Increment on distance indicator: 12.0
   Increment on tard indicator:     0.0
   Value of tmax indicator:         12.0

Task for patient = 196 with skills = {3,-1} and cost = 882.0
   Vehicle #0 = 58, leaving at = 792.0
   Vehicle #1 = -1, leaving at = inf
   Increment on distance indicator: 7.0
   Increment on tard indicator:     0.0
   Value of tmax indicator:         7.0

Task for patient = 285 with skills = {0,-1} and cost = 879.7
   Vehicle #0 = 24, leaving at = 720.0
   Vehicle #1 = -1, leaving at = inf
   Increment on distance indicator: 5.0
   Increment on tard indicator:     0.0
   Value of tmax indicator:         5.0

Task for patient = 60 with skills = {3,-1} and cost = 878.0
   Vehicle #0 = 49, leaving at = 947.0
   Vehicle #1 = -1, leaving at = inf
   Increment on distance indicator: 7.0
   Increment on tard indicator:     0.0
   Value of tmax indicator:         7.0

Task for patient = 185 with skills = {2,-1} and cost = 875.7
   Vehicle #0 = 13, leaving at = 919.0
   Vehicle #1 = -1, leaving at = inf
   Increment on distance indicator: 7.0
   Increment on tard indicator:     0.0
   Value of tmax indicator:         7.0

Task for patient = 53 with skills = {1,-1} and cost = 873.3
   Vehicle #0 = 22, leaving at = 790.0
   Vehicle #1 = -1, leaving at = inf
   Increment on distance indicator: 9.0
   Increment on tard indicator:     0.0
   Value of tmax indicator:         9.0

Task for patient = 207 with skills = {1,5} and cost = 870.3
   Vehicle #0 = 26, leaving at = 922.0
   Vehicle #1 = 35, leaving at = 910.0
   Increment on distance indicator: 12.0
   Increment on tard indicator:     0.0
   Value of tmax indicator:         12.0

Task for patient = 296 with skills = {3,-1} and cost = 866.3
   Vehicle #0 = 30, leaving at = 1056.0
   Vehicle #1 = -1, leaving at = inf
   Increment on distance indicator: 5.0
   Increment on tard indicator:     0.0
   Value of tmax indicator:         5.0

Task for patient = 147 with skills = {2,-1} and cost = 887.7
   Vehicle #0 = 28, leaving at = 871.0
   Vehicle #1 = -1, leaving at = inf
   Increment on distance indicator: 5.0
   Increment on tard indicator:     0.0
   Value of tmax indicator:         5.0

Task for patient = 148 with skills = {0,-1} and cost = 757.0
   Vehicle #0 = 10, leaving at = 863.0
   Vehicle #1 = -1, leaving at = inf
   Increment on distance indicator: 5.0
   Increment on tard indicator:     0.0
   Value of tmax indicator:         5.0

Task for patient = 263 with skills = {4,-1} and cost = 755.3
   Vehicle #0 = 40, leaving at = 899.0
   Vehicle #1 = -1, leaving at = inf
   Increment on distance indicator: 9.0
   Increment on tard indicator:     0.0
   Value of tmax indicator:         9.0

Task for patient = 279 with skills = {2,3} and cost = 752.3
   Vehicle #0 = 18, leaving at = 887.0
   Vehicle #1 = 38, leaving at = 890.0
   Increment on distance indicator: 4.0
   Increment on tard indicator:     0.0
   Value of tmax indicator:         4.0

Task for patient = 94 with skills = {3,-1} and cost = 751.0
   Vehicle #0 = 33, leaving at = 695.0
   Vehicle #1 = -1, leaving at = inf
   Increment on distance indicator: 9.0
   Increment on tard indicator:     0.0
   Value of tmax indicator:         9.0

Task for patient = 227 with skills = {2,3} and cost = 748.0
   Vehicle #0 = 23, leaving at = 807.0
   Vehicle #1 = 54, leaving at = 856.0
   Increment on distance indicator: 6.0
   Increment on tard indicator:     0.0
   Value of tmax indicator:         6.0

Task for patient = 206 with skills = {0,3} and cost = 746.0
   Vehicle #0 = 23, leaving at = 751.0
   Vehicle #1 = 54, leaving at = 802.0
   Increment on distance indicator: 7.0
   Increment on tard indicator:     0.0
   Value of tmax indicator:         7.0

Task for patient = 9 with skills = {2,-1} and cost = 743.7
   Vehicle #0 = 6, leaving at = 763.0
   Vehicle #1 = -1, leaving at = inf
   Increment on distance indicator: 7.0
   Increment on tard indicator:     0.0
   Value of tmax indicator:         7.0

Task for patient = 38 with skills = {4,-1} and cost = 741.3
   Vehicle #0 = 56, leaving at = 737.0
   Vehicle #1 = -1, leaving at = inf
   Increment on distance indicator: 4.0
   Increment on tard indicator:     0.0
   Value of tmax indicator:         4.0

Task for patient = 139 with skills = {0,5} and cost = 907.3
   Vehicle #0 = 24, leaving at = 937.0
   Vehicle #1 = 57, leaving at = 969.0
   Increment on distance indicator: 8.0
   Increment on tard indicator:     0.0
   Value of tmax indicator:         8.0

Task for patient = 179 with skills = {3,-1} and cost = 738.3
   Vehicle #0 = 31, leaving at = 872.0
   Vehicle #1 = -1, leaving at = inf
   Increment on distance indicator: 7.0
   Increment on tard indicator:     0.0
   Value of tmax indicator:         7.0

Task for patient = 82 with skills = {4,-1} and cost = 736.0
   Vehicle #0 = 56, leaving at = 624.0
   Vehicle #1 = -1, leaving at = inf
   Increment on distance indicator: 19.0
   Increment on tard indicator:     0.0
   Value of tmax indicator:         19.0

Task for patient = 108 with skills = {2,-1} and cost = 729.7
   Vehicle #0 = 12, leaving at = 785.0
   Vehicle #1 = -1, leaving at = inf
   Increment on distance indicator: 8.0
   Increment on tard indicator:     0.0
   Value of tmax indicator:         8.0

Task for patient = 239 with skills = {0,-1} and cost = 727.0
   Vehicle #0 = 8, leaving at = 976.0
   Vehicle #1 = -1, leaving at = inf
   Increment on distance indicator: 13.0
   Increment on tard indicator:     0.0
   Value of tmax indicator:         13.0

Task for patient = 245 with skills = {3,-1} and cost = 722.7
   Vehicle #0 = 54, leaving at = 696.0
   Vehicle #1 = -1, leaving at = inf
   Increment on distance indicator: 15.0
   Increment on tard indicator:     0.0
   Value of tmax indicator:         15.0

Task for patient = 290 with skills = {3,-1} and cost = 717.7
   Vehicle #0 = 54, leaving at = 637.0
   Vehicle #1 = -1, leaving at = inf
   Increment on distance indicator: 9.0
   Increment on tard indicator:     0.0
   Value of tmax indicator:         9.0

Task for patient = 61 with skills = {1,-1} and cost = 714.7
   Vehicle #0 = 15, leaving at = 887.0
   Vehicle #1 = -1, leaving at = inf
   Increment on distance indicator: 4.0
   Increment on tard indicator:     0.0
   Value of tmax indicator:         4.0

Task for patient = 112 with skills = {2,-1} and cost = 713.3
   Vehicle #0 = 23, leaving at = 727.0
   Vehicle #1 = -1, leaving at = inf
   Increment on distance indicator: 3.0
   Increment on tard indicator:     0.0
   Value of tmax indicator:         3.0

Task for patient = 258 with skills = {3,-1} and cost = 712.3
   Vehicle #0 = 39, leaving at = 952.0
   Vehicle #1 = -1, leaving at = inf
   Increment on distance indicator: 4.0
   Increment on tard indicator:     0.0
   Value of tmax indicator:         4.0

Task for patient = 231 with skills = {5,-1} and cost = 740.0
   Vehicle #0 = 30, leaving at = 1008.0
   Vehicle #1 = -1, leaving at = inf
   Increment on distance indicator: 5.0
   Increment on tard indicator:     0.0
   Value of tmax indicator:         5.0

Task for patient = 134 with skills = {4,-1} and cost = 808.0
   Vehicle #0 = 37, leaving at = 915.0
   Vehicle #1 = -1, leaving at = inf
   Increment on distance indicator: 6.0
   Increment on tard indicator:     0.0
   Value of tmax indicator:         6.0

Task for patient = 4 with skills = {0,3} and cost = 806.0
   Vehicle #0 = 14, leaving at = 981.0
   Vehicle #1 = 38, leaving at = 962.0
   Increment on distance indicator: 12.0
   Increment on tard indicator:     0.0
   Value of tmax indicator:         12.0

Task for patient = 295 with skills = {2,-1} and cost = 802.0
   Vehicle #0 = 8, leaving at = 1015.0
   Vehicle #1 = -1, leaving at = inf
   Increment on distance indicator: 3.0
   Increment on tard indicator:     0.0
   Value of tmax indicator:         3.0

Task for patient = 1 with skills = {5,-1} and cost = 801.0
   Vehicle #0 = 56, leaving at = 837.0
   Vehicle #1 = -1, leaving at = inf
   Increment on distance indicator: 3.0
   Increment on tard indicator:     0.0
   Value of tmax indicator:         3.0

Task for patient = 262 with skills = {5,-1} and cost = 800.0
   Vehicle #0 = 39, leaving at = 994.0
   Vehicle #1 = -1, leaving at = inf
   Increment on distance indicator: 5.0
   Increment on tard indicator:     0.0
   Value of tmax indicator:         5.0

Task for patient = 153 with skills = {2,-1} and cost = 798.3
   Vehicle #0 = 28, leaving at = 782.0
   Vehicle #1 = -1, leaving at = inf
   Increment on distance indicator: 2.0
   Increment on tard indicator:     0.0
   Value of tmax indicator:         2.0

Task for patient = 32 with skills = {2,-1} and cost = 797.7
   Vehicle #0 = 28, leaving at = 754.0
   Vehicle #1 = -1, leaving at = inf
   Increment on distance indicator: 23.0
   Increment on tard indicator:     0.0
   Value of tmax indicator:         23.0

Task for patient = 175 with skills = {0,-1} and cost = 790.0
   Vehicle #0 = 21, leaving at = 766.0
   Vehicle #1 = -1, leaving at = inf
   Increment on distance indicator: 7.0
   Increment on tard indicator:     0.0
   Value of tmax indicator:         7.0

Task for patient = 7 with skills = {5,-1} and cost = 758.3
   Vehicle #0 = 32, leaving at = 834.0
   Vehicle #1 = -1, leaving at = inf
   Increment on distance indicator: 4.0
   Increment on tard indicator:     0.0
   Value of tmax indicator:         4.0

Task for patient = 120 with skills = {0,-1} and cost = 784.7
   Vehicle #0 = 14, leaving at = 918.0
   Vehicle #1 = -1, leaving at = inf
   Increment on distance indicator: 6.0
   Increment on tard indicator:     0.0
   Value of tmax indicator:         6.0

Task for patient = 23 with skills = {2,3} and cost = 782.7
   Vehicle #0 = 10, leaving at = 915.0
   Vehicle #1 = 45, leaving at = 913.0
   Increment on distance indicator: 12.0
   Increment on tard indicator:     0.0
   Value of tmax indicator:         12.0

Task for patient = 73 with skills = {0,3} and cost = 778.7
   Vehicle #0 = 17, leaving at = 885.0
   Vehicle #1 = 44, leaving at = 867.0
   Increment on distance indicator: 9.0
   Increment on tard indicator:     0.0
   Value of tmax indicator:         9.0

Task for patient = 19 with skills = {2,5} and cost = 775.7
   Vehicle #0 = 23, leaving at = 869.0
   Vehicle #1 = 50, leaving at = 862.0
   Increment on distance indicator: 5.0
   Increment on tard indicator:     0.0
   Value of tmax indicator:         5.0

Task for patient = 103 with skills = {2,-1} and cost = 774.0
   Vehicle #0 = 25, leaving at = 700.0
   Vehicle #1 = -1, leaving at = inf
   Increment on distance indicator: 10.0
   Increment on tard indicator:     0.0
   Value of tmax indicator:         10.0

Task for patient = 8 with skills = {3,-1} and cost = 770.7
   Vehicle #0 = 43, leaving at = 855.0
   Vehicle #1 = -1, leaving at = inf
   Increment on distance indicator: 13.0
   Increment on tard indicator:     0.0
   Value of tmax indicator:         13.0

Task for patient = 298 with skills = {1,-1} and cost = 766.3
   Vehicle #0 = 2, leaving at = 1036.0
   Vehicle #1 = -1, leaving at = inf
   Increment on distance indicator: 2.0
   Increment on tard indicator:     0.0
   Value of tmax indicator:         2.0

Task for patient = 116 with skills = {5,-1} and cost = 765.7
   Vehicle #0 = 53, leaving at = 842.0
   Vehicle #1 = -1, leaving at = inf
   Increment on distance indicator: 5.0
   Increment on tard indicator:     0.0
   Value of tmax indicator:         5.0

Task for patient = 281 with skills = {5,-1} and cost = 764.0
   Vehicle #0 = 57, leaving at = 645.0
   Vehicle #1 = -1, leaving at = inf
   Increment on distance indicator: 17.0
   Increment on tard indicator:     0.0
   Value of tmax indicator:         17.0

Task for patient = 272 with skills = {5,-1} and cost = 787.7
   Vehicle #0 = 57, leaving at = 699.0
   Vehicle #1 = -1, leaving at = inf
   Increment on distance indicator: 9.0
   Increment on tard indicator:     0.0
   Value of tmax indicator:         9.0

Task for patient = 168 with skills = {0,-1} and cost = 1068.0
   Vehicle #0 = 25, leaving at = 928.0
   Vehicle #1 = -1, leaving at = inf
   Increment on distance indicator: 13.0
   Increment on tard indicator:     0.0
   Value of tmax indicator:         13.0

Task for patient = 250 with skills = {0,5} and cost = 1063.7
   Vehicle #0 = 17, leaving at = 1055.0
   Vehicle #1 = 39, leaving at = 1046.0
   Increment on distance indicator: 16.0
   Increment on tard indicator:     0.0
   Value of tmax indicator:         16.0

Task for patient = 14 with skills = {1,3} and cost = 1058.3
   Vehicle #0 = 3, leaving at = 945.0
   Vehicle #1 = 58, leaving at = 958.0
   Increment on distance indicator: 4.0
   Increment on tard indicator:     0.0
   Value of tmax indicator:         4.0

Task for patient = 132 with skills = {0,5} and cost = 1057.0
   Vehicle #0 = 20, leaving at = 1011.0
   Vehicle #1 = 35, leaving at = 1002.0
   Increment on distance indicator: 8.0
   Increment on tard indicator:     0.0
   Value of tmax indicator:         8.0

Task for patient = 90 with skills = {3,-1} and cost = 1054.3
   Vehicle #0 = 38, leaving at = 1052.0
   Vehicle #1 = -1, leaving at = inf
   Increment on distance indicator: 6.0
   Increment on tard indicator:     0.0
   Value of tmax indicator:         6.0

Task for patient = 80 with skills = {2,3} and cost = 1052.3
   Vehicle #0 = 18, leaving at = 928.0
   Vehicle #1 = 36, leaving at = 944.0
   Increment on distance indicator: 9.0
   Increment on tard indicator:     0.0
   Value of tmax indicator:         9.0

Task for patient = 284 with skills = {2,-1} and cost = 1049.3
   Vehicle #0 = 1, leaving at = 984.0
   Vehicle #1 = -1, leaving at = inf
   Increment on distance indicator: 8.0
   Increment on tard indicator:     0.0
   Value of tmax indicator:         8.0

Task for patient = 54 with skills = {1,5} and cost = 1046.7
   Vehicle #0 = 0, leaving at = 967.0
   Vehicle #1 = 48, leaving at = 982.0
   Increment on distance indicator: 24.0
   Increment on tard indicator:     0.0
   Value of tmax indicator:         24.0

Task for patient = 49 with skills = {4,-1} and cost = 916.0
   Vehicle #0 = 41, leaving at = 953.0
   Vehicle #1 = -1, leaving at = inf
   Increment on distance indicator: 12.0
   Increment on tard indicator:     0.0
   Value of tmax indicator:         12.0

Task for patient = 121 with skills = {3,-1} and cost = 1037.3
   Vehicle #0 = 48, leaving at = 907.0
   Vehicle #1 = -1, leaving at = inf
   Increment on distance indicator: 8.0
   Increment on tard indicator:     0.0
   Value of tmax indicator:         8.0

Task for patient = 137 with skills = {1,-1} and cost = 1034.7
   Vehicle #0 = 27, leaving at = 1025.0
   Vehicle #1 = -1, leaving at = inf
   Increment on distance indicator: 2.0
   Increment on tard indicator:     0.0
   Value of tmax indicator:         2.0

Task for patient = 158 with skills = {0,4} and cost = 1034.0
   Vehicle #0 = 27, leaving at = 985.0
   Vehicle #1 = 47, leaving at = 959.0
   Increment on distance indicator: 18.0
   Increment on tard indicator:     0.0
   Value of tmax indicator:         18.0

Task for patient = 39 with skills = {4,-1} and cost = 1028.0
   Vehicle #0 = 45, leaving at = 1031.0
   Vehicle #1 = -1, leaving at = inf
   Increment on distance indicator: 8.0
   Increment on tard indicator:     0.0
   Value of tmax indicator:         8.0

Task for patient = 131 with skills = {0,3} and cost = 1025.3
   Vehicle #0 = 25, leaving at = 857.0
   Vehicle #1 = 33, leaving at = 893.0
   Increment on distance indicator: 8.0
   Increment on tard indicator:     0.0
   Value of tmax indicator:         8.0

Task for patient = 11 with skills = {2,3} and cost = 1022.7
   Vehicle #0 = 25, leaving at = 821.0
   Vehicle #1 = 33, leaving at = 834.0
   Increment on distance indicator: 10.0
   Increment on tard indicator:     0.0
   Value of tmax indicator:         10.0

Task for patient = 184 with skills = {0,-1} and cost = 1019.3
   Vehicle #0 = 0, leaving at = 903.0
   Vehicle #1 = -1, leaving at = inf
   Increment on distance indicator: 10.0
   Increment on tard indicator:     0.0
   Value of tmax indicator:         10.0

Task for patient = 135 with skills = {0,-1} and cost = 1016.0
   Vehicle #0 = 28, leaving at = 1038.0
   Vehicle #1 = -1, leaving at = inf
   Increment on distance indicator: 4.0
   Increment on tard indicator:     0.0
   Value of tmax indicator:         4.0

Task for patient = 171 with skills = {5,-1} and cost = 1038.7
   Vehicle #0 = 50, leaving at = 964.0
   Vehicle #1 = -1, leaving at = inf
   Increment on distance indicator: 4.0
   Increment on tard indicator:     0.0
   Value of tmax indicator:         4.0

Task for patient = 52 with skills = {5,-1} and cost = 1144.0
   Vehicle #0 = 53, leaving at = 986.0
   Vehicle #1 = -1, leaving at = inf
   Increment on distance indicator: 9.0
   Increment on tard indicator:     0.0
   Value of tmax indicator:         9.0

Task for patient = 252 with skills = {3,-1} and cost = 1141.0
   Vehicle #0 = 48, leaving at = 1040.0
   Vehicle #1 = -1, leaving at = inf
   Increment on distance indicator: 11.0
   Increment on tard indicator:     0.0
   Value of tmax indicator:         11.0

Task for patient = 297 with skills = {0,4} and cost = 1137.3
   Vehicle #0 = 7, leaving at = 998.0
   Vehicle #1 = 58, leaving at = 1055.0
   Increment on distance indicator: 5.0
   Increment on tard indicator:     0.0
   Value of tmax indicator:         5.0

Task for patient = 173 with skills = {2,4} and cost = 1135.7
   Vehicle #0 = 3, leaving at = 1018.0
   Vehicle #1 = 58, leaving at = 983.0
   Increment on distance indicator: 6.0
   Increment on tard indicator:     0.0
   Value of tmax indicator:         6.0

Task for patient = 91 with skills = {0,-1} and cost = 1133.7
   Vehicle #0 = 24, leaving at = 970.0
   Vehicle #1 = -1, leaving at = inf
   Increment on distance indicator: 6.0
   Increment on tard indicator:     0.0
   Value of tmax indicator:         6.0

Task for patient = 270 with skills = {3,-1} and cost = 1131.7
   Vehicle #0 = 33, leaving at = 962.0
   Vehicle #1 = -1, leaving at = inf
   Increment on distance indicator: 10.0
   Increment on tard indicator:     0.0
   Value of tmax indicator:         10.0

Task for patient = 232 with skills = {2,3} and cost = 1128.3
   Vehicle #0 = 6, leaving at = 993.0
   Vehicle #1 = 44, leaving at = 1032.0
   Increment on distance indicator: 14.0
   Increment on tard indicator:     0.0
   Value of tmax indicator:         14.0

Task for patient = 202 with skills = {0,4} and cost = 1123.7
   Vehicle #0 = 14, leaving at = 1069.0
   Vehicle #1 = 34, leaving at = 1040.0
   Increment on distance indicator: 16.0
   Increment on tard indicator:     0.0
   Value of tmax indicator:         16.0

Task for patient = 85 with skills = {1,-1} and cost = 1070.0
   Vehicle #0 = 4, leaving at = 994.0
   Vehicle #1 = -1, leaving at = inf
   Increment on distance indicator: 6.0
   Increment on tard indicator:     0.0
   Value of tmax indicator:         6.0

Task for patient = 286 with skills = {1,4} and cost = 1113.0
   Vehicle #0 = 21, leaving at = 1068.0
   Vehicle #1 = 47, leaving at = 1069.0
   Increment on distance indicator: 21.0
   Increment on tard indicator:     0.0
   Value of tmax indicator:         21.0

Task for patient = 256 with skills = {3,-1} and cost = 1106.0
   Vehicle #0 = 40, leaving at = 1125.0
   Vehicle #1 = -1, leaving at = inf
   Increment on distance indicator: 6.0
   Increment on tard indicator:     0.0
   Value of tmax indicator:         6.0

Task for patient = 110 with skills = {0,5} and cost = 1104.0
   Vehicle #0 = 18, leaving at = 1062.0
   Vehicle #1 = 45, leaving at = 1053.0
   Increment on distance indicator: 12.0
   Increment on tard indicator:     0.0
   Value of tmax indicator:         12.0

Task for patient = 151 with skills = {1,3} and cost = 1100.0
   Vehicle #0 = 1, leaving at = 1030.0
   Vehicle #1 = 43, leaving at = 1035.0
   Increment on distance indicator: 13.0
   Increment on tard indicator:     0.0
   Value of tmax indicator:         13.0

Task for patient = 210 with skills = {4,-1} and cost = 1095.7
   Vehicle #0 = 40, leaving at = 1063.0
   Vehicle #1 = -1, leaving at = inf
   Increment on distance indicator: 4.0
   Increment on tard indicator:     0.0
   Value of tmax indicator:         4.0

Task for patient = 264 with skills = {0,4} and cost = 1094.3
   Vehicle #0 = 18, leaving at = 1000.0
   Vehicle #1 = 34, leaving at = 966.0
   Increment on distance indicator: 18.0
   Increment on tard indicator:     0.0
   Value of tmax indicator:         18.0

Task for patient = 152 with skills = {2,5} and cost = 1088.3
   Vehicle #0 = 25, leaving at = 962.0
   Vehicle #1 = 59, leaving at = 987.0
   Increment on distance indicator: 14.0
   Increment on tard indicator:     0.0
   Value of tmax indicator:         14.0

Task for patient = 101 with skills = {1,3} and cost = 1083.7
   Vehicle #0 = 21, leaving at = 998.0
   Vehicle #1 = 44, leaving at = 977.0
   Increment on distance indicator: 18.0
   Increment on tard indicator:     0.0
   Value of tmax indicator:         18.0

Task for patient = 15 with skills = {2,5} and cost = 1077.7
   Vehicle #0 = 0, leaving at = 1039.0
   Vehicle #1 = 50, leaving at = 1024.0
   Increment on distance indicator: 23.0
   Increment on tard indicator:     0.0
   Value of tmax indicator:         23.0

Task for patient = 236 with skills = {2,4} and cost = 1118.3
   Vehicle #0 = 13, leaving at = 1055.0
   Vehicle #1 = 43, leaving at = 1085.0
   Increment on distance indicator: 16.0
   Increment on tard indicator:     0.0
   Value of tmax indicator:         16.0

Task for patient = 43 with skills = {0,-1} and cost = 954.0
   Vehicle #0 = 7, leaving at = 977.0
   Vehicle #1 = -1, leaving at = inf
   Increment on distance indicator: 6.0
   Increment on tard indicator:     0.0
   Value of tmax indicator:         6.0

Task for patient = 40 with skills = {5,-1} and cost = 952.0
   Vehicle #0 = 50, leaving at = 903.0
   Vehicle #1 = -1, leaving at = inf
   Increment on distance indicator: 3.0
   Increment on tard indicator:     0.0
   Value of tmax indicator:         3.0

Task for patient = 2 with skills = {1,-1} and cost = 951.0
   Vehicle #0 = 16, leaving at = 870.0
   Vehicle #1 = -1, leaving at = inf
   Increment on distance indicator: 2.0
   Increment on tard indicator:     0.0
   Value of tmax indicator:         2.0

Task for patient = 57 with skills = {2,-1} and cost = 950.3
   Vehicle #0 = 12, leaving at = 1040.0
   Vehicle #1 = -1, leaving at = inf
   Increment on distance indicator: 4.0
   Increment on tard indicator:     0.0
   Value of tmax indicator:         4.0

Task for patient = 195 with skills = {5,-1} and cost = 949.0
   Vehicle #0 = 56, leaving at = 965.0
   Vehicle #1 = -1, leaving at = inf
   Increment on distance indicator: 9.0
   Increment on tard indicator:     0.0
   Value of tmax indicator:         9.0

Task for patient = 141 with skills = {0,-1} and cost = 946.0
   Vehicle #0 = 16, leaving at = 827.0
   Vehicle #1 = -1, leaving at = inf
   Increment on distance indicator: 9.0
   Increment on tard indicator:     0.0
   Value of tmax indicator:         9.0

Task for patient = 225 with skills = {0,-1} and cost = 943.0
   Vehicle #0 = 11, leaving at = 969.0
   Vehicle #1 = -1, leaving at = inf
   Increment on distance indicator: 5.0
   Increment on tard indicator:     0.0
   Value of tmax indicator:         5.0

Task for patient = 170 with skills = {4,-1} and cost = 941.3
   Vehicle #0 = 34, leaving at = 930.0
   Vehicle #1 = -1, leaving at = inf
   Increment on distance indicator: 10.0
   Increment on tard indicator:     0.0
   Value of tmax indicator:         10.0

Task for patient = 22 with skills = {0,-1} and cost = 1014.7
   Vehicle #0 = 20, leaving at = 970.0
   Vehicle #1 = -1, leaving at = inf
   Increment on distance indicator: 7.0
   Increment on tard indicator:     0.0
   Value of tmax indicator:         7.0

Task for patient = 215 with skills = {2,-1} and cost = 936.0
   Vehicle #0 = 12, leaving at = 979.0
   Vehicle #1 = -1, leaving at = inf
   Increment on distance indicator: 5.0
   Increment on tard indicator:     0.0
   Value of tmax indicator:         5.0

Task for patient = 35 with skills = {5,-1} and cost = 934.3
   Vehicle #0 = 48, leaving at = 794.0
   Vehicle #1 = -1, leaving at = inf
   Increment on distance indicator: 15.0
   Increment on tard indicator:     0.0
   Value of tmax indicator:         15.0

Task for patient = 72 with skills = {1,4} and cost = 929.3
   Vehicle #0 = 7, leaving at = 929.0
   Vehicle #1 = 56, leaving at = 931.0
   Increment on distance indicator: 7.0
   Increment on tard indicator:     0.0
   Value of tmax indicator:         7.0

Task for patient = 47 with skills = {0,-1} and cost = 927.0
   Vehicle #0 = 7, leaving at = 891.0
   Vehicle #1 = -1, leaving at = inf
   Increment on distance indicator: 5.0
   Increment on tard indicator:     0.0
   Value of tmax indicator:         5.0

Task for patient = 249 with skills = {2,-1} and cost = 925.3
   Vehicle #0 = 13, leaving at = 1000.0
   Vehicle #1 = -1, leaving at = inf
   Increment on distance indicator: 5.0
   Increment on tard indicator:     0.0
   Value of tmax indicator:         5.0

Task for patient = 177 with skills = {4,-1} and cost = 923.7
   Vehicle #0 = 47, leaving at = 930.0
   Vehicle #1 = -1, leaving at = inf
   Increment on distance indicator: 10.0
   Increment on tard indicator:     0.0
   Value of tmax indicator:         10.0

Task for patient = 165 with skills = {0,5} and cost = 920.3
   Vehicle #0 = 28, leaving at = 970.0
   Vehicle #1 = 31, leaving at = 980.0
   Increment on distance indicator: 13.0
   Increment on tard indicator:     0.0
   Value of tmax indicator:         13.0

Task for patient = 128 with skills = {5,-1} and cost = 711.0
   Vehicle #0 = 56, leaving at = 577.0
   Vehicle #1 = -1, leaving at = inf
   Increment on distance indicator: 16.0
   Increment on tard indicator:     0.0
   Value of tmax indicator:         16.0

Task for patient = 104 with skills = {2,-1} and cost = 912.0
   Vehicle #0 = 12, leaving at = 836.0
   Vehicle #1 = -1, leaving at = inf
   Increment on distance indicator: 8.0
   Increment on tard indicator:     0.0
   Value of tmax indicator:         8.0

Task for patient = 299 with skills = {4,-1} and cost = 938.0
   Vehicle #0 = 42, leaving at = 827.0
   Vehicle #1 = -1, leaving at = inf
   Increment on distance indicator: 6.0
   Increment on tard indicator:     0.0
   Value of tmax indicator:         6.0

Task for patient = 240 with skills = {2,3} and cost = 1012.3
   Vehicle #0 = 5, leaving at = 926.0
   Vehicle #1 = 45, leaving at = 968.0
   Increment on distance indicator: 15.0
   Increment on tard indicator:     0.0
   Value of tmax indicator:         15.0

Task for patient = 12 with skills = {1,3} and cost = 1007.3
   Vehicle #0 = 25, leaving at = 747.0
   Vehicle #1 = 33, leaving at = 750.0
   Increment on distance indicator: 12.0
   Increment on tard indicator:     0.0
   Value of tmax indicator:         12.0

Task for patient = 64 with skills = {0,5} and cost = 1003.3
   Vehicle #0 = 23, leaving at = 1017.0
   Vehicle #1 = 41, leaving at = 1041.0
   Increment on distance indicator: 14.0
   Increment on tard indicator:     0.0
   Value of tmax indicator:         14.0

Task for patient = 102 with skills = {0,4} and cost = 998.7
   Vehicle #0 = 11, leaving at = 1002.0
   Vehicle #1 = 42, leaving at = 1038.0
   Increment on distance indicator: 12.0
   Increment on tard indicator:     0.0
   Value of tmax indicator:         12.0

Task for patient = 197 with skills = {3,-1} and cost = 994.7
   Vehicle #0 = 48, leaving at = 839.0
   Vehicle #1 = -1, leaving at = inf
   Increment on distance indicator: 5.0
   Increment on tard indicator:     0.0
   Value of tmax indicator:         5.0

Task for patient = 157 with skills = {2,-1} and cost = 993.0
   Vehicle #0 = 21, leaving at = 950.0
   Vehicle #1 = -1, leaving at = inf
   Increment on distance indicator: 7.0
   Increment on tard indicator:     0.0
   Value of tmax indicator:         7.0

Task for patient = 88 with skills = {1,5} and cost = 990.7
   Vehicle #0 = 28, leaving at = 1019.0
   Vehicle #1 = 40, leaving at = 1023.0
   Increment on distance indicator: 14.0
   Increment on tard indicator:     0.0
   Value of tmax indicator:         14.0

Task for patient = 109 with skills = {5,-1} and cost = 986.0
   Vehicle #0 = 54, leaving at = 1023.0
   Vehicle #1 = -1, leaving at = inf
   Increment on distance indicator: 3.0
   Increment on tard indicator:     0.0
   Value of tmax indicator:         3.0

Task for patient = 247 with skills = {5,-1} and cost = 955.3
   Vehicle #0 = 41, leaving at = 991.0
   Vehicle #1 = -1, leaving at = inf
   Increment on distance indicator: 4.0
   Increment on tard indicator:     0.0
   Value of tmax indicator:         4.0

Task for patient = 66 with skills = {4,-1} and cost = 982.0
   Vehicle #0 = 37, leaving at = 1068.0
   Vehicle #1 = -1, leaving at = inf
   Increment on distance indicator: 4.0
   Increment on tard indicator:     0.0
   Value of tmax indicator:         4.0

Task for patient = 146 with skills = {0,-1} and cost = 980.7
   Vehicle #0 = 20, leaving at = 937.0
   Vehicle #1 = -1, leaving at = inf
   Increment on distance indicator: 0.0
   Increment on tard indicator:     0.0
   Value of tmax indicator:         0.0

Task for patient = 118 with skills = {0,-1} and cost = 980.7
   Vehicle #0 = 14, leaving at = 1015.0
   Vehicle #1 = -1, leaving at = inf
   Increment on distance indicator: 6.0
   Increment on tard indicator:     0.0
   Value of tmax indicator:         6.0

Task for patient = 187 with skills = {5,-1} and cost = 978.7
   Vehicle #0 = 54, leaving at = 962.0
   Vehicle #1 = -1, leaving at = inf
   Increment on distance indicator: 3.0
   Increment on tard indicator:     0.0
   Value of tmax indicator:         3.0

Task for patient = 162 with skills = {5,-1} and cost = 977.7
   Vehicle #0 = 58, leaving at = 854.0
   Vehicle #1 = -1, leaving at = inf
   Increment on distance indicator: 16.0
   Increment on tard indicator:     0.0
   Value of tmax indicator:         16.0

Task for patient = 46 with skills = {0,3} and cost = 972.3
   Vehicle #0 = 16, leaving at = 1036.0
   Vehicle #1 = 31, leaving at = 1029.0
   Increment on distance indicator: 36.0
   Increment on tard indicator:     0.0
   Value of tmax indicator:         36.0

Task for patient = 77 with skills = {1,-1} and cost = 960.3
   Vehicle #0 = 23, leaving at = 979.0
   Vehicle #1 = -1, leaving at = inf
   Increment on distance indicator: 4.0
   Increment on tard indicator:     0.0
   Value of tmax indicator:         4.0

Task for patient = 251 with skills = {5,-1} and cost = 959.0
   Vehicle #0 = 37, leaving at = 1023.0
   Vehicle #1 = -1, leaving at = inf
   Increment on distance indicator: 4.0
   Increment on tard indicator:     0.0
   Value of tmax indicator:         4.0

Task for patient = 149 with skills = {5,-1} and cost = 957.7
   Vehicle #0 = 32, leaving at = 941.0
   Vehicle #1 = -1, leaving at = inf
   Increment on distance indicator: 7.0
   Increment on tard indicator:     0.0
   Value of tmax indicator:         7.0

Task for patient = 163 with skills = {5,-1} and cost = 985.0
   Vehicle #0 = 59, leaving at = 856.0
   Vehicle #1 = -1, leaving at = inf
   Increment on distance indicator: 9.0
   Increment on tard indicator:     0.0
   Value of tmax indicator:         9.0

Task for patient = 291 with skills = {4,-1} and cost = 318.0
   Vehicle #0 = 41, leaving at = 724.0
   Vehicle #1 = -1, leaving at = inf
   Increment on distance indicator: 2.0
   Increment on tard indicator:     0.0
   Value of tmax indicator:         2.0

Task for patient = 280 with skills = {3,-1} and cost = 317.3
   Vehicle #0 = 36, leaving at = 753.0
   Vehicle #1 = -1, leaving at = inf
   Increment on distance indicator: 10.0
   Increment on tard indicator:     0.0
   Value of tmax indicator:         10.0

Task for patient = 84 with skills = {0,4} and cost = 314.0
   Vehicle #0 = 16, leaving at = 648.0
   Vehicle #1 = 43, leaving at = 673.0
   Increment on distance indicator: 32.0
   Increment on tard indicator:     0.0
   Value of tmax indicator:         32.0

Task for patient = 100 with skills = {2,-1} and cost = 303.3
   Vehicle #0 = 15, leaving at = 533.0
   Vehicle #1 = -1, leaving at = inf
   Increment on distance indicator: 31.0
   Increment on tard indicator:     0.0
   Value of tmax indicator:         31.0

Task for patient = 123 with skills = {2,-1} and cost = 293.0
   Vehicle #0 = 12, leaving at = 636.0
   Vehicle #1 = -1, leaving at = inf
   Increment on distance indicator: 13.0
   Increment on tard indicator:     0.0
   Value of tmax indicator:         13.0

Task for patient = 44 with skills = {0,5} and cost = 288.7
   Vehicle #0 = 16, leaving at = 599.0
   Vehicle #1 = 39, leaving at = 604.0
   Increment on distance indicator: 38.0
   Increment on tard indicator:     0.0
   Value of tmax indicator:         38.0

Task for patient = 169 with skills = {0,4} and cost = 276.0
   Vehicle #0 = 14, leaving at = 549.0
   Vehicle #1 = 42, leaving at = 558.0
   Increment on distance indicator: 48.0
   Increment on tard indicator:     0.0
   Value of tmax indicator:         48.0

Task for patient = 214 with skills = {0,3} and cost = 260.0
   Vehicle #0 = 13, leaving at = 707.0
   Vehicle #1 = 41, leaving at = 672.0
   Increment on distance indicator: 4.0
   Increment on tard indicator:     0.0
   Value of tmax indicator:         4.0

Task for patient = 257 with skills = {2,-1} and cost = 696.3
   Vehicle #0 = 28, leaving at = 681.0
   Vehicle #1 = -1, leaving at = inf
   Increment on distance indicator: 10.0
   Increment on tard indicator:     0.0
   Value of tmax indicator:         10.0

Task for patient = 181 with skills = {2,3} and cost = 248.3
   Vehicle #0 = 10, leaving at = 703.0
   Vehicle #1 = 36, leaving at = 698.0
   Increment on distance indicator: 15.0
   Increment on tard indicator:     0.0
   Value of tmax indicator:         15.0

Task for patient = 51 with skills = {2,4} and cost = 243.3
   Vehicle #0 = 12, leaving at = 585.0
   Vehicle #1 = 41, leaving at = 591.0
   Increment on distance indicator: 52.0
   Increment on tard indicator:     0.0
   Value of tmax indicator:         52.0

Task for patient = 174 with skills = {1,-1} and cost = 226.0
   Vehicle #0 = 2, leaving at = 862.0
   Vehicle #1 = -1, leaving at = inf
   Increment on distance indicator: 7.0
   Increment on tard indicator:     0.0
   Value of tmax indicator:         7.0

Task for patient = 97 with skills = {2,-1} and cost = 223.7
   Vehicle #0 = 0, leaving at = 761.0
   Vehicle #1 = -1, leaving at = inf
   Increment on distance indicator: 10.0
   Increment on tard indicator:     0.0
   Value of tmax indicator:         10.0

Task for patient = 282 with skills = {3,-1} and cost = 220.3
   Vehicle #0 = 38, leaving at = 791.0
   Vehicle #1 = -1, leaving at = inf
   Increment on distance indicator: 11.0
   Increment on tard indicator:     0.0
   Value of tmax indicator:         11.0

Task for patient = 114 with skills = {2,-1} and cost = 216.7
   Vehicle #0 = 9, leaving at = 740.0
   Vehicle #1 = -1, leaving at = inf
   Increment on distance indicator: 8.0
   Increment on tard indicator:     0.0
   Value of tmax indicator:         8.0

Task for patient = 278 with skills = {0,-1} and cost = 214.0
   Vehicle #0 = 10, leaving at = 552.0
   Vehicle #1 = -1, leaving at = inf
   Increment on distance indicator: 20.0
   Increment on tard indicator:     0.0
   Value of tmax indicator:         20.0

Task for patient = 124 with skills = {2,-1} and cost = 204.0
   Vehicle #0 = 11, leaving at = 692.0
   Vehicle #1 = -1, leaving at = inf
   Increment on distance indicator: 4.0
   Increment on tard indicator:     0.0
   Value of tmax indicator:         4.0

Task for patient = 92 with skills = {0,4} and cost = 258.7
   Vehicle #0 = 13, leaving at = 626.0
   Vehicle #1 = 41, leaving at = 653.0
   Increment on distance indicator: 31.0
   Increment on tard indicator:     0.0
   Value of tmax indicator:         31.0

Task for patient = 65 with skills = {3,-1} and cost = 392.0
   Vehicle #0 = 30, leaving at = 868.0
   Vehicle #1 = -1, leaving at = inf
   Increment on distance indicator: 9.0
   Increment on tard indicator:     0.0
   Value of tmax indicator:         9.0

Task for patient = 107 with skills = {5,-1} and cost = 389.0
   Vehicle #0 = 41, leaving at = 822.0
   Vehicle #1 = -1, leaving at = inf
   Increment on distance indicator: 4.0
   Increment on tard indicator:     0.0
   Value of tmax indicator:         4.0

Task for patient = 218 with skills = {5,-1} and cost = 382.3
   Vehicle #0 = 34, leaving at = 660.0
   Vehicle #1 = -1, leaving at = inf
   Increment on distance indicator: 10.0
   Increment on tard indicator:     0.0
   Value of tmax indicator:         10.0

Task for patient = 167 with skills = {0,-1} and cost = 379.0
   Vehicle #0 = 13, leaving at = 844.0
   Vehicle #1 = -1, leaving at = inf
   Increment on distance indicator: 4.0
   Increment on tard indicator:     0.0
   Value of tmax indicator:         4.0

Task for patient = 223 with skills = {3,-1} and cost = 377.7
   Vehicle #0 = 33, leaving at = 633.0
   Vehicle #1 = -1, leaving at = inf
   Increment on distance indicator: 6.0
   Increment on tard indicator:     0.0
   Value of tmax indicator:         6.0

Task for patient = 161 with skills = {2,5} and cost = 375.7
   Vehicle #0 = 15, leaving at = 588.0
   Vehicle #1 = 48, leaving at = 557.0
   Increment on distance indicator: 41.0
   Increment on tard indicator:     0.0
   Value of tmax indicator:         41.0

Task for patient = 150 with skills = {2,5} and cost = 362.0
   Vehicle #0 = 5, leaving at = 661.0
   Vehicle #1 = 45, leaving at = 674.0
   Increment on distance indicator: 21.0
   Increment on tard indicator:     0.0
   Value of tmax indicator:         21.0

Task for patient = 276 with skills = {2,5} and cost = 355.0
   Vehicle #0 = 12, leaving at = 728.0
   Vehicle #1 = 40, leaving at = 762.0
   Increment on distance indicator: 2.0
   Increment on tard indicator:     0.0
   Value of tmax indicator:         2.0

Task for patient = 235 with skills = {0,-1} and cost = 320.0
   Vehicle #0 = 4, leaving at = 817.0
   Vehicle #1 = -1, leaving at = inf
   Increment on distance indicator: 6.0
   Increment on tard indicator:     0.0
   Value of tmax indicator:         6.0

Task for patient = 37 with skills = {0,5} and cost = 351.0
   Vehicle #0 = 11, leaving at = 722.0
   Vehicle #1 = 39, leaving at = 748.0
   Increment on distance indicator: 5.0
   Increment on tard indicator:     0.0
   Value of tmax indicator:         5.0

Task for patient = 266 with skills = {3,-1} and cost = 349.3
   Vehicle #0 = 33, leaving at = 572.0
   Vehicle #1 = -1, leaving at = inf
   Increment on distance indicator: 12.0
   Increment on tard indicator:     0.0
   Value of tmax indicator:         12.0

Task for patient = 70 with skills = {2,-1} and cost = 345.3
   Vehicle #0 = 7, leaving at = 687.0
   Vehicle #1 = -1, leaving at = inf
   Increment on distance indicator: 8.0
   Increment on tard indicator:     0.0
   Value of tmax indicator:         8.0

Task for patient = 34 with skills = {4,-1} and cost = 342.7
   Vehicle #0 = 45, leaving at = 542.0
   Vehicle #1 = -1, leaving at = inf
   Increment on distance indicator: 16.0
   Increment on tard indicator:     0.0
   Value of tmax indicator:         16.0

Task for patient = 219 with skills = {0,4} and cost = 337.3
   Vehicle #0 = 13, leaving at = 803.0
   Vehicle #1 = 41, leaving at = 792.0
   Increment on distance indicator: 14.0
   Increment on tard indicator:     0.0
   Value of tmax indicator:         14.0

Task for patient = 273 with skills = {0,4} and cost = 332.7
   Vehicle #0 = 16, leaving at = 743.0
   Vehicle #1 = 43, leaving at = 728.0
   Increment on distance indicator: 12.0
   Increment on tard indicator:     0.0
   Value of tmax indicator:         12.0

Task for patient = 129 with skills = {2,4} and cost = 328.7
   Vehicle #0 = 13, leaving at = 756.0
   Vehicle #1 = 41, leaving at = 752.0
   Increment on distance indicator: 10.0
   Increment on tard indicator:     0.0
   Value of tmax indicator:         10.0

Task for patient = 228 with skills = {3,-1} and cost = 325.3
   Vehicle #0 = 39, leaving at = 654.0
   Vehicle #1 = -1, leaving at = inf
   Increment on distance indicator: 11.0
   Increment on tard indicator:     0.0
   Value of tmax indicator:         11.0

Task for patient = 292 with skills = {0,-1} and cost = 321.7
   Vehicle #0 = 16, leaving at = 687.0
   Vehicle #1 = -1, leaving at = inf
   Increment on distance indicator: 5.0
   Increment on tard indicator:     0.0
   Value of tmax indicator:         5.0

Task for patient = 201 with skills = {2,4} and cost = 354.3
   Vehicle #0 = 12, leaving at = 710.0
   Vehicle #1 = 40, leaving at = 705.0
   Increment on distance indicator: 10.0
   Increment on tard indicator:     0.0
   Value of tmax indicator:         10.0

Task for patient = 186 with skills = {4,-1} and cost = 101.0
   Vehicle #0 = 31, leaving at = 763.0
   Vehicle #1 = -1, leaving at = inf
   Increment on distance indicator: 7.0
   Increment on tard indicator:     0.0
   Value of tmax indicator:         7.0

Task for patient = 127 with skills = {0,-1} and cost = 98.7
   Vehicle #0 = 4, leaving at = 562.0
   Vehicle #1 = -1, leaving at = inf
   Increment on distance indicator: 21.0
   Increment on tard indicator:     0.0
   Value of tmax indicator:         21.0

Task for patient = 237 with skills = {5,-1} and cost = 91.7
   Vehicle #0 = 32, leaving at = 616.0
   Vehicle #1 = -1, leaving at = inf
   Increment on distance indicator: 11.0
   Increment on tard indicator:     0.0
   Value of tmax indicator:         11.0

Task for patient = 48 with skills = {2,-1} and cost = 88.0
   Vehicle #0 = 5, leaving at = 625.0
   Vehicle #1 = -1, leaving at = inf
   Increment on distance indicator: 16.0
   Increment on tard indicator:     0.0
   Value of tmax indicator:         16.0

Task for patient = 142 with skills = {2,-1} and cost = 82.7
   Vehicle #0 = 5, leaving at = 578.0
   Vehicle #1 = -1, leaving at = inf
   Increment on distance indicator: 16.0
   Increment on tard indicator:     0.0
   Value of tmax indicator:         16.0

Task for patient = 188 with skills = {4,-1} and cost = 77.3
   Vehicle #0 = 37, leaving at = 774.0
   Vehicle #1 = -1, leaving at = inf
   Increment on distance indicator: 10.0
   Increment on tard indicator:     0.0
   Value of tmax indicator:         10.0

Task for patient = 27 with skills = {1,-1} and cost = 74.0
   Vehicle #0 = 1, leaving at = 630.0
   Vehicle #1 = -1, leaving at = inf
   Increment on distance indicator: 4.0
   Increment on tard indicator:     0.0
   Value of tmax indicator:         4.0

Task for patient = 229 with skills = {5,-1} and cost = 72.7
   Vehicle #0 = 35, leaving at = 539.0
   Vehicle #1 = -1, leaving at = inf
   Increment on distance indicator: 20.0
   Increment on tard indicator:     0.0
   Value of tmax indicator:         20.0

Task for patient = 81 with skills = {1,-1} and cost = 202.7
   Vehicle #0 = 11, leaving at = 637.0
   Vehicle #1 = -1, leaving at = inf
   Increment on distance indicator: 18.0
   Increment on tard indicator:     0.0
   Value of tmax indicator:         18.0

Task for patient = 68 with skills = {4,-1} and cost = 65.0
   Vehicle #0 = 34, leaving at = 632.0
   Vehicle #1 = -1, leaving at = inf
   Increment on distance indicator: 4.0
   Increment on tard indicator:     0.0
   Value of tmax indicator:         4.0

Task for patient = 208 with skills = {5,-1} and cost = 63.7
   Vehicle #0 = 32, leaving at = 560.0
   Vehicle #1 = -1, leaving at = inf
   Increment on distance indicator: 21.0
   Increment on tard indicator:     0.0
   Value of tmax indicator:         21.0

Task for patient = 119 with skills = {1,-1} and cost = 56.7
   Vehicle #0 = 3, leaving at = 767.0
   Vehicle #1 = -1, leaving at = inf
   Increment on distance indicator: 14.0
   Increment on tard indicator:     0.0
   Value of tmax indicator:         14.0

Task for patient = 122 with skills = {5,-1} and cost = 52.0
   Vehicle #0 = 31, leaving at = 712.0
   Vehicle #1 = -1, leaving at = inf
   Increment on distance indicator: 9.0
   Increment on tard indicator:     0.0
   Value of tmax indicator:         9.0

Task for patient = 79 with skills = {4,-1} and cost = 49.0
   Vehicle #0 = 34, leaving at = 590.0
   Vehicle #1 = -1, leaving at = inf
   Increment on distance indicator: 22.0
   Increment on tard indicator:     0.0
   Value of tmax indicator:         22.0

Task for patient = 259 with skills = {0,5} and cost = 41.7
   Vehicle #0 = 2, leaving at = 666.0
   Vehicle #1 = 31, leaving at = 657.0
   Increment on distance indicator: 40.0
   Increment on tard indicator:     0.0
   Value of tmax indicator:         40.0

Task for patient = 10 with skills = {1,-1} and cost = 28.3
   Vehicle #0 = 1, leaving at = 577.0
   Vehicle #1 = -1, leaving at = inf
   Increment on distance indicator: 25.0
   Increment on tard indicator:     0.0
   Value of tmax indicator:         25.0

Task for patient = 268 with skills = {2,4} and cost = 20.0
   Vehicle #0 = 0, leaving at = 691.0
   Vehicle #1 = 30, leaving at = 673.0
   Increment on distance indicator: 60.0
   Increment on tard indicator:     0.0
   Value of tmax indicator:         60.0

Task for patient = 136 with skills = {2,-1} and cost = 66.0
   Vehicle #0 = 3, leaving at = 802.0
   Vehicle #1 = -1, leaving at = inf
   Increment on distance indicator: 3.0
   Increment on tard indicator:     0.0
   Value of tmax indicator:         3.0

Task for patient = 138 with skills = {5,-1} and cost = 196.7
   Vehicle #0 = 37, leaving at = 805.0
   Vehicle #1 = -1, leaving at = inf
   Increment on distance indicator: 9.0
   Increment on tard indicator:     0.0
   Value of tmax indicator:         9.0

Task for patient = 222 with skills = {5,-1} and cost = 193.7
   Vehicle #0 = 40, leaving at = 683.0
   Vehicle #1 = -1, leaving at = inf
   Increment on distance indicator: 13.0
   Increment on tard indicator:     0.0
   Value of tmax indicator:         13.0

Task for patient = 248 with skills = {1,-1} and cost = 189.3
   Vehicle #0 = 4, leaving at = 764.0
   Vehicle #1 = -1, leaving at = inf
   Increment on distance indicator: 4.0
   Increment on tard indicator:     0.0
   Value of tmax indicator:         4.0

Task for patient = 156 with skills = {3,-1} and cost = 188.0
   Vehicle #0 = 36, leaving at = 629.0
   Vehicle #1 = -1, leaving at = inf
   Increment on distance indicator: 19.0
   Increment on tard indicator:     0.0
   Value of tmax indicator:         19.0

Task for patient = 50 with skills = {4,-1} and cost = 181.7
   Vehicle #0 = 30, leaving at = 840.0
   Vehicle #1 = -1, leaving at = inf
   Increment on distance indicator: 3.0
   Increment on tard indicator:     0.0
   Value of tmax indicator:         3.0

Task for patient = 172 with skills = {1,5} and cost = 180.7
   Vehicle #0 = 4, leaving at = 724.0
   Vehicle #1 = 32, leaving at = 718.0
   Increment on distance indicator: 16.0
   Increment on tard indicator:     0.0
   Value of tmax indicator:         16.0

Task for patient = 125 with skills = {0,5} and cost = 175.3
   Vehicle #0 = 8, leaving at = 692.0
   Vehicle #1 = 38, leaving at = 698.0
   Increment on distance indicator: 14.0
   Increment on tard indicator:     0.0
   Value of tmax indicator:         14.0

Task for patient = 42 with skills = {0,5} and cost = 170.7
   Vehicle #0 = 8, leaving at = 642.0
   Vehicle #1 = 38, leaving at = 627.0
   Increment on distance indicator: 29.0
   Increment on tard indicator:     0.0
   Value of tmax indicator:         29.0

Task for patient = 178 with skills = {4,-1} and cost = 108.3
   Vehicle #0 = 38, leaving at = 512.0
   Vehicle #1 = -1, leaving at = inf
   Increment on distance indicator: 22.0
   Increment on tard indicator:     0.0
   Value of tmax indicator:         22.0

Task for patient = 176 with skills = {2,-1} and cost = 159.3
   Vehicle #0 = 2, leaving at = 808.0
   Vehicle #1 = -1, leaving at = inf
   Increment on distance indicator: 8.0
   Increment on tard indicator:     0.0
   Value of tmax indicator:         8.0

Task for patient = 113 with skills = {0,-1} and cost = 156.7
   Vehicle #0 = 7, leaving at = 540.0
   Vehicle #1 = -1, leaving at = inf
   Increment on distance indicator: 15.0
   Increment on tard indicator:     0.0
   Value of tmax indicator:         15.0

Task for patient = 211 with skills = {2,5} and cost = 151.7
   Vehicle #0 = 6, leaving at = 634.0
   Vehicle #1 = 40, leaving at = 651.0
   Increment on distance indicator: 44.0
   Increment on tard indicator:     0.0
   Value of tmax indicator:         44.0

Task for patient = 99 with skills = {1,5} and cost = 137.0
   Vehicle #0 = 2, leaving at = 774.0
   Vehicle #1 = 35, leaving at = 835.0
   Increment on distance indicator: 14.0
   Increment on tard indicator:     0.0
   Value of tmax indicator:         14.0

Task for patient = 244 with skills = {1,4} and cost = 132.3
   Vehicle #0 = 4, leaving at = 614.0
   Vehicle #1 = 40, leaving at = 590.0
   Increment on distance indicator: 26.0
   Increment on tard indicator:     0.0
   Value of tmax indicator:         26.0

Task for patient = 294 with skills = {3,-1} and cost = 123.7
   Vehicle #0 = 33, leaving at = 533.0
   Vehicle #1 = -1, leaving at = inf
   Increment on distance indicator: 17.0
   Increment on tard indicator:     0.0
   Value of tmax indicator:         17.0

Task for patient = 74 with skills = {1,4} and cost = 118.0
   Vehicle #0 = 1, leaving at = 801.0
   Vehicle #1 = 30, leaving at = 816.0
   Increment on distance indicator: 9.0
   Increment on tard indicator:     0.0
   Value of tmax indicator:         9.0

Task for patient = 89 with skills = {0,-1} and cost = 115.0
   Vehicle #0 = 2, leaving at = 694.0
   Vehicle #1 = -1, leaving at = inf
   Increment on distance indicator: 7.0
   Increment on tard indicator:     0.0
   Value of tmax indicator:         7.0

Task for patient = 45 with skills = {1,-1} and cost = 112.7
   Vehicle #0 = 3, leaving at = 855.0
   Vehicle #1 = -1, leaving at = inf
   Increment on distance indicator: 13.0
   Increment on tard indicator:     0.0
   Value of tmax indicator:         13.0

Task for patient = 130 with skills = {0,-1} and cost = 161.0
   Vehicle #0 = 4, leaving at = 658.0
   Vehicle #1 = -1, leaving at = inf
   Increment on distance indicator: 5.0
   Increment on tard indicator:     0.0
   Value of tmax indicator:         5.0

Task for patient = 209 with skills = {1,3} and cost = 638.7
   Vehicle #0 = 25, leaving at = 545.0
   Vehicle #1 = 46, leaving at = 514.0
   Increment on distance indicator: 48.0
   Increment on tard indicator:     0.0
   Value of tmax indicator:         48.0

Task for patient = 30 with skills = {2,5} and cost = 622.7
   Vehicle #0 = 5, leaving at = 824.0
   Vehicle #1 = 53, leaving at = 797.0
   Increment on distance indicator: 19.0
   Increment on tard indicator:     0.0
   Value of tmax indicator:         19.0

Task for patient = 111 with skills = {0,4} and cost = 616.3
   Vehicle #0 = 17, leaving at = 760.0
   Vehicle #1 = 43, leaving at = 785.0
   Increment on distance indicator: 16.0
   Increment on tard indicator:     0.0
   Value of tmax indicator:         16.0

Task for patient = 164 with skills = {1,-1} and cost = 611.0
   Vehicle #0 = 4, leaving at = 929.0
   Vehicle #1 = -1, leaving at = inf
   Increment on distance indicator: 8.0
   Increment on tard indicator:     0.0
   Value of tmax indicator:         8.0

Task for patient = 199 with skills = {4,-1} and cost = 608.3
   Vehicle #0 = 40, leaving at = 871.0
   Vehicle #1 = -1, leaving at = inf
   Increment on distance indicator: 3.0
   Increment on tard indicator:     0.0
   Value of tmax indicator:         3.0

Task for patient = 289 with skills = {5,-1} and cost = 607.3
   Vehicle #0 = 50, leaving at = 641.0
   Vehicle #1 = -1, leaving at = inf
   Increment on distance indicator: 9.0
   Increment on tard indicator:     0.0
   Value of tmax indicator:         9.0

Task for patient = 242 with skills = {1,3} and cost = 604.3
   Vehicle #0 = 22, leaving at = 755.0
   Vehicle #1 = 53, leaving at = 753.0
   Increment on distance indicator: 17.0
   Increment on tard indicator:     0.0
   Value of tmax indicator:         17.0

Task for patient = 106 with skills = {2,-1} and cost = 598.7
   Vehicle #0 = 24, leaving at = 589.0
   Vehicle #1 = -1, leaving at = inf
   Increment on distance indicator: 8.0
   Increment on tard indicator:     0.0
   Value of tmax indicator:         8.0

Task for patient = 226 with skills = {0,5} and cost = 396.3
   Vehicle #0 = 14, leaving at = 698.0
   Vehicle #1 = 34, leaving at = 712.0
   Increment on distance indicator: 13.0
   Increment on tard indicator:     0.0
   Value of tmax indicator:         13.0

Task for patient = 59 with skills = {1,5} and cost = 594.0
   Vehicle #0 = 4, leaving at = 880.0
   Vehicle #1 = 39, leaving at = 897.0
   Increment on distance indicator: 12.0
   Increment on tard indicator:     0.0
   Value of tmax indicator:         12.0

Task for patient = 96 with skills = {4,-1} and cost = 590.0
   Vehicle #0 = 47, leaving at = 745.0
   Vehicle #1 = -1, leaving at = inf
   Increment on distance indicator: 15.0
   Increment on tard indicator:     0.0
   Value of tmax indicator:         15.0

Task for patient = 18 with skills = {5,-1} and cost = 585.0
   Vehicle #0 = 50, leaving at = 607.0
   Vehicle #1 = -1, leaving at = inf
   Increment on distance indicator: 20.0
   Increment on tard indicator:     0.0
   Value of tmax indicator:         20.0

Task for patient = 166 with skills = {4,-1} and cost = 578.3
   Vehicle #0 = 42, leaving at = 636.0
   Vehicle #1 = -1, leaving at = inf
   Increment on distance indicator: 16.0
   Increment on tard indicator:     0.0
   Value of tmax indicator:         16.0

Task for patient = 29 with skills = {4,-1} and cost = 573.0
   Vehicle #0 = 48, leaving at = 732.0
   Vehicle #1 = -1, leaving at = inf
   Increment on distance indicator: 10.0
   Increment on tard indicator:     0.0
   Value of tmax indicator:         10.0

Task for patient = 180 with skills = {3,-1} and cost = 569.7
   Vehicle #0 = 53, leaving at = 731.0
   Vehicle #1 = -1, leaving at = inf
   Increment on distance indicator: 6.0
   Increment on tard indicator:     0.0
   Value of tmax indicator:         6.0

Task for patient = 16 with skills = {1,5} and cost = 567.7
   Vehicle #0 = 22, leaving at = 659.0
   Vehicle #1 = 53, leaving at = 708.0
   Increment on distance indicator: 30.0
   Increment on tard indicator:     0.0
   Value of tmax indicator:         30.0

Task for patient = 117 with skills = {1,-1} and cost = 557.7
   Vehicle #0 = 23, leaving at = 531.0
   Vehicle #1 = -1, leaving at = inf
   Increment on distance indicator: 28.0
   Increment on tard indicator:     0.0
   Value of tmax indicator:         28.0

Task for patient = 154 with skills = {0,-1} and cost = 596.0
   Vehicle #0 = 10, leaving at = 792.0
   Vehicle #1 = -1, leaving at = inf
   Increment on distance indicator: 6.0
   Increment on tard indicator:     0.0
   Value of tmax indicator:         6.0

Task for patient = 160 with skills = {4,-1} and cost = 705.7
   Vehicle #0 = 42, leaving at = 722.0
   Vehicle #1 = -1, leaving at = inf
   Increment on distance indicator: 17.0
   Increment on tard indicator:     0.0
   Value of tmax indicator:         17.0

Task for patient = 83 with skills = {0,-1} and cost = 700.0
   Vehicle #0 = 23, leaving at = 707.0
   Vehicle #1 = -1, leaving at = inf
   Increment on distance indicator: 11.0
   Increment on tard indicator:     0.0
   Value of tmax indicator:         11.0

Task for patient = 293 with skills = {0,-1} and cost = 1147.7
   Vehicle #0 = 2, leaving at = 1101.0
   Vehicle #1 = -1, leaving at = inf
   Increment on distance indicator: 11.0
   Increment on tard indicator:     0.0
   Value of tmax indicator:         11.0

Task for patient = 140 with skills = {5,-1} and cost = 693.0
   Vehicle #0 = 54, leaving at = 536.0
   Vehicle #1 = -1, leaving at = inf
   Increment on distance indicator: 25.0
   Increment on tard indicator:     0.0
   Value of tmax indicator:         25.0

Task for patient = 144 with skills = {1,-1} and cost = 684.7
   Vehicle #0 = 21, leaving at = 705.0
   Vehicle #1 = -1, leaving at = inf
   Increment on distance indicator: 4.0
   Increment on tard indicator:     0.0
   Value of tmax indicator:         4.0

Task for patient = 3 with skills = {3,-1} and cost = 683.3
   Vehicle #0 = 36, leaving at = 810.0
   Vehicle #1 = -1, leaving at = inf
   Increment on distance indicator: 1.0
   Increment on tard indicator:     0.0
   Value of tmax indicator:         1.0

Task for patient = 230 with skills = {1,-1} and cost = 683.0
   Vehicle #0 = 26, leaving at = 582.0
   Vehicle #1 = -1, leaving at = inf
   Increment on distance indicator: 7.0
   Increment on tard indicator:     0.0
   Value of tmax indicator:         7.0

Task for patient = 143 with skills = {2,-1} and cost = 680.7
   Vehicle #0 = 28, leaving at = 635.0
   Vehicle #1 = -1, leaving at = inf
   Increment on distance indicator: 14.0
   Increment on tard indicator:     0.0
   Value of tmax indicator:         14.0

Task for patient = 105 with skills = {4,-1} and cost = 640.0
   Vehicle #0 = 42, leaving at = 688.0
   Vehicle #1 = -1, leaving at = inf
   Increment on distance indicator: 4.0
   Increment on tard indicator:     0.0
   Value of tmax indicator:         4.0

Task for patient = 31 with skills = {0,-1} and cost = 673.7
   Vehicle #0 = 10, leaving at = 839.0
   Vehicle #1 = -1, leaving at = inf
   Increment on distance indicator: 9.0
   Increment on tard indicator:     0.0
   Value of tmax indicator:         9.0

Task for patient = 58 with skills = {4,-1} and cost = 670.7
   Vehicle #0 = 37, leaving at = 856.0
   Vehicle #1 = -1, leaving at = inf
   Increment on distance indicator: 7.0
   Increment on tard indicator:     0.0
   Value of tmax indicator:         7.0

Task for patient = 21 with skills = {5,-1} and cost = 668.3
   Vehicle #0 = 50, leaving at = 756.0
   Vehicle #1 = -1, leaving at = inf
   Increment on distance indicator: 6.0
   Increment on tard indicator:     0.0
   Value of tmax indicator:         6.0

Task for patient = 41 with skills = {0,-1} and cost = 666.3
   Vehicle #0 = 23, leaving at = 635.0
   Vehicle #1 = -1, leaving at = inf
   Increment on distance indicator: 10.0
   Increment on tard indicator:     0.0
   Value of tmax indicator:         10.0

Task for patient = 204 with skills = {2,-1} and cost = 663.0
   Vehicle #0 = 7, leaving at = 791.0
   Vehicle #1 = -1, leaving at = inf
   Increment on distance indicator: 5.0
   Increment on tard indicator:     0.0
   Value of tmax indicator:         5.0

Task for patient = 203 with skills = {2,-1} and cost = 661.3
   Vehicle #0 = 15, leaving at = 840.0
   Vehicle #1 = -1, leaving at = inf
   Increment on distance indicator: 8.0
   Increment on tard indicator:     0.0
   Value of tmax indicator:         8.0

Task for patient = 243 with skills = {0,3} and cost = 658.7
   Vehicle #0 = 8, leaving at = 762.0
   Vehicle #1 = 46, leaving at = 788.0
   Increment on distance indicator: 43.0
   Increment on tard indicator:     0.0
   Value of tmax indicator:         43.0

Task for patient = 300 with skills = {0,-1} and cost = 644.3
   Vehicle #0 = 17, leaving at = 797.0
   Vehicle #1 = -1, leaving at = inf
   Increment on distance indicator: 7.0
   Increment on tard indicator:     0.0
   Value of tmax indicator:         7.0

Task for patient = 200 with skills = {5,-1} and cost = 642.0
   Vehicle #0 = 50, leaving at = 690.0
   Vehicle #1 = -1, leaving at = inf
   Increment on distance indicator: 6.0
   Increment on tard indicator:     0.0
   Value of tmax indicator:         6.0

Task for patient = 25 with skills = {1,-1} and cost = 676.0
   Vehicle #0 = 8, leaving at = 788.0
   Vehicle #1 = -1, leaving at = inf
   Increment on distance indicator: 7.0
   Increment on tard indicator:     0.0
   Value of tmax indicator:         7.0

Task for patient = 190 with skills = {0,-1} and cost = 462.7
   Vehicle #0 = 18, leaving at = 628.0
   Vehicle #1 = -1, leaving at = inf
   Increment on distance indicator: 3.0
   Increment on tard indicator:     0.0
   Value of tmax indicator:         3.0

Task for patient = 277 with skills = {2,-1} and cost = 461.7
   Vehicle #0 = 5, leaving at = 765.0
   Vehicle #1 = -1, leaving at = inf
   Increment on distance indicator: 5.0
   Increment on tard indicator:     0.0
   Value of tmax indicator:         5.0

Task for patient = 13 with skills = {3,-1} and cost = 460.0
   Vehicle #0 = 48, leaving at = 612.0
   Vehicle #1 = -1, leaving at = inf
   Increment on distance indicator: 15.0
   Increment on tard indicator:     0.0
   Value of tmax indicator:         15.0

Task for patient = 198 with skills = {0,-1} and cost = 455.0
   Vehicle #0 = 18, leaving at = 609.0
   Vehicle #1 = -1, leaving at = inf
   Increment on distance indicator: 10.0
   Increment on tard indicator:     0.0
   Value of tmax indicator:         10.0

Task for patient = 194 with skills = {5,-1} and cost = 451.7
   Vehicle #0 = 30, leaving at = 916.0
   Vehicle #1 = -1, leaving at = inf
   Increment on distance indicator: 2.0
   Increment on tard indicator:     0.0
   Value of tmax indicator:         2.0

Task for patient = 254 with skills = {2,5} and cost = 451.0
   Vehicle #0 = 14, leaving at = 781.0
   Vehicle #1 = 34, leaving at = 831.0
   Increment on distance indicator: 16.0
   Increment on tard indicator:     0.0
   Value of tmax indicator:         16.0

Task for patient = 63 with skills = {1,3} and cost = 445.7
   Vehicle #0 = 21, leaving at = 597.0
   Vehicle #1 = 44, leaving at = 622.0
   Increment on distance indicator: 38.0
   Increment on tard indicator:     0.0
   Value of tmax indicator:         38.0

Task for patient = 93 with skills = {5,-1} and cost = 433.0
   Vehicle #0 = 45, leaving at = 812.0
   Vehicle #1 = -1, leaving at = inf
   Increment on distance indicator: 6.0
   Increment on tard indicator:     0.0
   Value of tmax indicator:         6.0

Task for patient = 191 with skills = {1,-1} and cost = 548.3
   Vehicle #0 = 2, leaving at = 980.0
   Vehicle #1 = -1, leaving at = inf
   Increment on distance indicator: 8.0
   Increment on tard indicator:     0.0
   Value of tmax indicator:         8.0

Task for patient = 221 with skills = {4,-1} and cost = 420.3
   Vehicle #0 = 40, leaving at = 810.0
   Vehicle #1 = -1, leaving at = inf
   Increment on distance indicator: 13.0
   Increment on tard indicator:     0.0
   Value of tmax indicator:         13.0

Task for patient = 233 with skills = {2,-1} and cost = 416.0
   Vehicle #0 = 6, leaving at = 709.0
   Vehicle #1 = -1, leaving at = inf
   Increment on distance indicator: 7.0
   Increment on tard indicator:     0.0
   Value of tmax indicator:         7.0

Task for patient = 62 with skills = {5,-1} and cost = 413.7
   Vehicle #0 = 35, leaving at = 855.0
   Vehicle #1 = -1, leaving at = inf
   Increment on distance indicator: 5.0
   Increment on tard indicator:     0.0
   Value of tmax indicator:         5.0

Task for patient = 217 with skills = {0,5} and cost = 412.0
   Vehicle #0 = 17, leaving at = 530.0
   Vehicle #1 = 50, leaving at = 546.0
   Increment on distance indicator: 16.0
   Increment on tard indicator:     0.0
   Value of tmax indicator:         16.0

Task for patient = 253 with skills = {2,5} and cost = 406.7
   Vehicle #0 = 11, leaving at = 822.0
   Vehicle #1 = 39, leaving at = 845.0
   Increment on distance indicator: 6.0
   Increment on tard indicator:     0.0
   Value of tmax indicator:         6.0

Task for patient = 5 with skills = {2,3} and cost = 404.7
   Vehicle #0 = 14, leaving at = 721.0
   Vehicle #1 = 34, leaving at = 764.0
   Increment on distance indicator: 2.0
   Increment on tard indicator:     0.0
   Value of tmax indicator:         2.0

Task for patient = 288 with skills = {0,-1} and cost = 404.0
   Vehicle #0 = 0, leaving at = 812.0
   Vehicle #1 = -1, leaving at = inf
   Increment on distance indicator: 5.0
   Increment on tard indicator:     0.0
   Value of tmax indicator:         5.0

Task for patient = 216 with skills = {2,3} and cost = 402.3
   Vehicle #0 = 11, leaving at = 803.0
   Vehicle #1 = 39, leaving at = 774.0
   Increment on distance indicator: 18.0
   Increment on tard indicator:     0.0
   Value of tmax indicator:         18.0

Task for patient = 234 with skills = {0,4} and cost = 431.0
   Vehicle #0 = 18, leaving at = 580.0
   Vehicle #1 = 42, leaving at = 600.0
   Increment on distance indicator: 32.0
   Increment on tard indicator:     0.0
   Value of tmax indicator:         32.0

Task for patient = 71 with skills = {2,3} and cost = 545.7
   Vehicle #0 = 19, leaving at = 694.0
   Vehicle #1 = 51, leaving at = 679.0
   Increment on distance indicator: 20.0
   Increment on tard indicator:     0.0
   Value of tmax indicator:         20.0

Task for patient = 126 with skills = {0,4} and cost = 531.7
   Vehicle #0 = 18, leaving at = 851.0
   Vehicle #1 = 38, leaving at = 831.0
   Increment on distance indicator: 15.0
   Increment on tard indicator:     0.0
   Value of tmax indicator:         15.0

Task for patient = 241 with skills = {2,-1} and cost = 526.7
   Vehicle #0 = 14, leaving at = 877.0
   Vehicle #1 = -1, leaving at = inf
   Increment on distance indicator: 6.0
   Increment on tard indicator:     0.0
   Value of tmax indicator:         6.0

Task for patient = 75 with skills = {2,-1} and cost = 524.7
   Vehicle #0 = 2, leaving at = 924.0
   Vehicle #1 = -1, leaving at = inf
   Increment on distance indicator: 4.0
   Increment on tard indicator:     0.0
   Value of tmax indicator:         4.0

Task for patient = 274 with skills = {3,-1} and cost = 523.3
   Vehicle #0 = 48, leaving at = 648.0
   Vehicle #1 = -1, leaving at = inf
   Increment on distance indicator: 7.0
   Increment on tard indicator:     0.0
   Value of tmax indicator:         7.0

Task for patient = 69 with skills = {4,-1} and cost = 521.0
   Vehicle #0 = 47, leaving at = 708.0
   Vehicle #1 = -1, leaving at = inf
   Increment on distance indicator: 13.0
   Increment on tard indicator:     0.0
   Value of tmax indicator:         13.0

Task for patient = 183 with skills = {2,4} and cost = 516.7
   Vehicle #0 = 19, leaving at = 626.0
   Vehicle #1 = 51, leaving at = 650.0
   Increment on distance indicator: 22.0
   Increment on tard indicator:     0.0
   Value of tmax indicator:         22.0

Task for patient = 182 with skills = {5,-1} and cost = 509.3
   Vehicle #0 = 53, leaving at = 601.0
   Vehicle #1 = -1, leaving at = inf
   Increment on distance indicator: 19.0
   Increment on tard indicator:     0.0
   Value of tmax indicator:         19.0

Task for patient = 213 with skills = {4,-1} and cost = 468.0
   Vehicle #0 = 47, leaving at = 632.0
   Vehicle #1 = -1, leaving at = inf
   Increment on distance indicator: 16.0
   Increment on tard indicator:     0.0
   Value of tmax indicator:         16.0

Task for patient = 67 with skills = {2,-1} and cost = 500.0
   Vehicle #0 = 8, leaving at = 727.0
   Vehicle #1 = -1, leaving at = inf
   Increment on distance indicator: 18.0
   Increment on tard indicator:     0.0
   Value of tmax indicator:         18.0

Task for patient = 238 with skills = {0,-1} and cost = 494.0
   Vehicle #0 = 16, leaving at = 779.0
   Vehicle #1 = -1, leaving at = inf
   Increment on distance indicator: 8.0
   Increment on tard indicator:     0.0
   Value of tmax indicator:         8.0

Task for patient = 159 with skills = {2,-1} and cost = 491.3
   Vehicle #0 = 13, leaving at = 893.0
   Vehicle #1 = -1, leaving at = inf
   Increment on distance indicator: 1.0
   Increment on tard indicator:     0.0
   Value of tmax indicator:         1.0

Task for patient = 76 with skills = {1,-1} and cost = 491.0
   Vehicle #0 = 15, leaving at = 666.0
   Vehicle #1 = -1, leaving at = inf
   Increment on distance indicator: 12.0
   Increment on tard indicator:     0.0
   Value of tmax indicator:         12.0

Task for patient = 260 with skills = {3,-1} and cost = 487.0
   Vehicle #0 = 30, leaving at = 946.0
   Vehicle #1 = -1, leaving at = inf
   Increment on distance indicator: 4.0
   Increment on tard indicator:     0.0
   Value of tmax indicator:         4.0

Task for patient = 98 with skills = {2,-1} and cost = 485.7
   Vehicle #0 = 7, leaving at = 734.0
   Vehicle #1 = -1, leaving at = inf
   Increment on distance indicator: 3.0
   Increment on tard indicator:     0.0
   Value of tmax indicator:         3.0

Task for patient = 33 with skills = {1,-1} and cost = 484.7
   Vehicle #0 = 22, leaving at = 620.0
   Vehicle #1 = -1, leaving at = inf
   Increment on distance indicator: 17.0
   Increment on tard indicator:     0.0
   Value of tmax indicator:         17.0

Task for patient = 155 with skills = {4,-1} and cost = 475.3
   Vehicle #0 = 47, leaving at = 662.0
   Vehicle #1 = -1, leaving at = inf
   Increment on distance indicator: 5.0
   Increment on tard indicator:     0.0
   Value of tmax indicator:         5.0

Task for patient = 287 with skills = {1,-1} and cost = 473.7
   Vehicle #0 = 21, leaving at = 666.0
   Vehicle #1 = -1, leaving at = inf
   Increment on distance indicator: 17.0
   Increment on tard indicator:     0.0
   Value of tmax indicator:         17.0

Task for patient = 24 with skills = {1,-1} and cost = 503.0
   Vehicle #0 = 0, leaving at = 868.0
   Vehicle #1 = -1, leaving at = inf
   Increment on distance indicator: 9.0
   Increment on tard indicator:     0.0
   Value of tmax indicator:         9.0


Unused vehicle list: 29 52 55 (total = 3 out of 60)

---
Search finished.
Total of 448 generations in 21.3 seconds.
Exchange elite runs: 0
Implicit path relinking runs: 4
Reset attempts: 0

Best solution found:
   Cost: 1519.3
   Total travel time: 4545.0
   Total tardiness time: 10.0
   Largest tardiness: 3.0


1519.3
