--- BRKGA-MP-IPR for HHCRSP ---
Instance: new-instances/HHCRSP_300_60_52_1.6_R_RC.txt
Seed: 1

Reading data... Problem contains 300 patients  and 60 caregivers.

Summary of supply x demand for each service type:
Skill 0 has supply = 16 and demand = 51, ratio = 0.313725
Skill 1 has supply = 24 and demand = 73, ratio = 0.328767
Skill 2 has supply = 17 and demand = 54, ratio = 0.314815
Skill 3 has supply = 22 and demand = 75, ratio = 0.293333
Skill 4 has supply = 22 and demand = 61, ratio = 0.360656
Skill 5 has supply = 20 and demand = 76, ratio = 0.263158

Reading parameters...
Inferred distance function by PR type: kendall-tau
Building BRKGA data and initializing...
Evolving 448 generations...

  Gens  Rem    Local   ElDiv NoImpr             Best solution            Time  Op
                                       Cost     Dist    Tard    TMax 
*    0  448  7857.67  484.03      0  7857.67  7071.00 16099.0   403.0     0.1    
*    2  446  7504.67  385.48      0  7504.67  7443.00 13652.0   391.0     0.1    
*    3  445  7162.00  396.60      0  7162.00  7276.00 12298.0   377.0     0.2    
*    4  444  6650.33  454.18      0  6650.33  7233.00  9197.0   365.0     0.2    
*    5  443  5598.33  392.00      0  5598.33  7233.00  9197.0   365.0     0.3    
*    9  439  5301.67  336.07      0  5301.67  7133.00  8437.0   335.0     0.5    
*   12  436  5107.33  318.49      0  5107.33  7264.00  7678.0   380.0     0.7    
*   15  433  4850.67  220.00      0  4850.67  7252.00  6448.0   324.0     0.8    
*   16  432  4674.67  238.02      0  4674.67  7108.00  5610.0   311.0     0.8    
*   17  431  4343.00  247.93      0  4343.00  7108.00  5610.0   311.0     0.9    
*   19  429  4278.33  244.11      0  4278.33  7124.00  5413.0   291.0     1.0    
*   20  428  4276.00  260.66      0  4276.00  7114.00  3631.0   340.0     1.0    
*   21  427  3695.00  228.31      0  3695.00  7114.00  3631.0   340.0     1.1    
*   23  425  3492.00  218.90      0  3492.00  7191.00  2996.0   289.0     1.2    
*   25  423  3262.67  211.52      0  3262.67  7016.00  2441.0   229.0     1.3    

  Gens  Rem    Local   ElDiv NoImpr             Best solution            Time  Op
                                       Cost     Dist    Tard    TMax 
*   26  422  3228.67  180.90      0  3228.67  7016.00  2441.0   229.0     1.3    
*   29  419  3105.00  138.21      0  3105.00  7168.00  1950.0   195.0     1.5    
*   30  418  3104.33  113.44      0  3104.33  7168.00  1950.0   195.0     1.5    
*   32  416  2971.00  130.21      0  2971.00  7005.00  1746.0   162.0     1.6    
*   35  413  2898.67  135.59      0  2898.67  7093.00   813.0   104.0     1.8    
*   36  412  2670.00  121.21      0  2670.00  7093.00   813.0   104.0     1.8    
*   39  409  2620.67  103.72      0  2620.67  6852.00   846.0   164.0     1.9    
*   43  405  2564.00   90.05      0  2564.00  6735.00   761.0   113.0     2.1    
*   44  404  2536.33   85.58      0  2536.33  6956.00   440.0   114.0     2.2    
*   45  403  2503.33   83.71      0  2503.33  6956.00   440.0   114.0     2.2    
*   47  401  2431.33   75.87      0  2431.33  6813.00   369.0   112.0     2.3    
    50  398  2431.33   60.65      3  2431.33  6813.00   369.0   112.0     2.5    
*   51  397  2324.67   54.06      0  2324.67  6846.00   101.0    27.0     2.5    
*   60  388  2280.67   38.66      0  2280.67  6707.00   110.0    25.0     2.9    
*   65  383  2273.33   35.98      0  2273.33  6711.00    83.0    15.0     3.2    
*   66  382  2269.67   33.38      0  2269.67  6603.00   152.0    29.0     3.2    

  Gens  Rem    Local   ElDiv NoImpr             Best solution            Time  Op
                                       Cost     Dist    Tard    TMax 
*   67  381  2261.33   28.53      0  2261.33  6603.00   152.0    29.0     3.3    
*   70  378  2242.33   26.08      0  2242.33  6573.00   118.0    17.0     3.4    
*   71  377  2236.00   24.99      0  2236.00  6573.00   118.0    17.0     3.5    
*   74  374  2206.67   22.11      0  2206.67  6558.00    51.0    11.0     3.6    
*   76  372  2198.67   22.95      0  2198.67  6544.00    41.0    11.0     3.7    
*   84  364  2197.67   17.97      0  2197.67  6380.00    96.0    19.0     4.0    
*   85  363  2165.00   20.43      0  2165.00  6380.00    96.0    19.0     4.1    
Path relinking result: too homogeneous.
    96  352  2165.00   16.51     12  2165.00  6380.00    96.0    19.0     4.6   P
*   99  349  2159.33   15.58      0  2159.33  6425.00    39.0    14.0     4.8    
   100  348  2159.33   16.23      1  2159.33  6425.00    39.0    14.0     4.8    
*  101  347  2150.00   15.57      0  2150.00  6391.00    51.0     8.0     4.9    
*  103  345  2145.33   17.68      0  2145.33  6323.00    70.0    14.0     5.0    
*  104  344  2135.67   17.37      0  2135.67  6323.00    70.0    14.0     5.0    
*  108  340  2125.67   14.83      0  2125.67  6280.00    77.0    15.0     5.2    
*  109  339  2124.00   13.93      0  2124.00  6280.00    77.0    15.0     5.2    
*  114  334  2095.33   14.89      0  2095.33  6194.00    75.0    17.0     5.5    

  Gens  Rem    Local   ElDiv NoImpr             Best solution            Time  Op
                                       Cost     Dist    Tard    TMax 
*  117  331  2092.33   14.71      0  2092.33  6143.00   122.0    12.0     5.6    
*  121  327  2058.33   16.31      0  2058.33  6103.00    59.0    13.0     5.9    
*  131  317  2048.33   16.21      0  2048.33  5984.00    62.0    11.0     6.3    
*  132  316  2019.00   15.51      0  2019.00  5984.00    62.0    11.0     6.4    
*  138  310  1984.33   16.58      0  1984.33  5910.00    34.0     9.0     6.7    
*  142  306  1978.00   19.35      0  1978.00  5913.00    17.0     4.0     6.9    
   150  298  1978.00   16.21      8  1978.00  5913.00    17.0     4.0     7.3    
*  155  293  1975.00   15.87      0  1975.00  5865.00    41.0    19.0     7.5    
*  168  280  1957.00   12.11      0  1957.00  5816.00    45.0    10.0     8.2    
*  171  277  1952.00   14.68      0  1952.00  5800.00    46.0    10.0     8.3    
*  176  272  1944.67   13.78      0  1944.67  5809.00    19.0     6.0     8.6    
*  183  265  1943.00   10.54      0  1943.00  5803.00    23.0     3.0     8.9    
*  185  263  1927.33   12.42      0  1927.33  5746.00    27.0     9.0     9.0    
Path relinking result: too homogeneous.
   192  256  1927.33   10.31      8  1927.33  5746.00    27.0     9.0     9.3   P
   200  248  1927.33    7.73     15  1927.33  5746.00    27.0     9.0     9.7    
*  202  246  1909.00    8.86      0  1909.00  5685.00    32.0    10.0     9.8    

  Gens  Rem    Local   ElDiv NoImpr             Best solution            Time  Op
                                       Cost     Dist    Tard    TMax 
*  208  240  1905.67    9.91      0  1905.67  5694.00    18.0     5.0    10.1    
*  214  234  1900.67    8.48      0  1900.67  5632.00    62.0     8.0    10.4    
*  221  227  1871.33    9.28      0  1871.33  5601.00     8.0     5.0    10.7    
*  237  211  1868.67    8.42      0  1868.67  5592.00     8.0     6.0    11.5    
*  242  206  1863.00    8.24      0  1863.00  5542.00    40.0     7.0    11.7    
*  247  201  1862.00    7.37      0  1862.00  5565.00    14.0     7.0    12.0    
*  249  199  1852.00    7.42      0  1852.00  5530.00    19.0     7.0    12.1    
   250  198  1852.00    7.33      1  1852.00  5530.00    19.0     7.0    12.1    
*  255  193  1847.00    6.78      0  1847.00  5517.00    17.0     7.0    12.4    
*  264  184  1846.67    5.66      0  1846.67  5508.00    25.0     7.0    12.8    
*  267  181  1843.33    5.71      0  1843.33  5525.00     3.0     2.0    12.9    
*  274  174  1834.00    5.38      0  1834.00  5488.00     7.0     7.0    13.3    
*  276  172  1828.67    6.04      0  1828.67  5456.00    23.0     7.0    13.4    
*  278  170  1827.33    6.33      0  1827.33  5452.00    23.0     7.0    13.4    
*  283  165  1821.67    6.34      0  1821.67  5441.00    17.0     7.0    13.7    
Path relinking result: too homogeneous.
   288  160  1821.67    5.92      6  1821.67  5441.00    17.0     7.0    13.9   P

  Gens  Rem    Local   ElDiv NoImpr             Best solution            Time  Op
                                       Cost     Dist    Tard    TMax 
*  292  156  1816.33    5.15      0  1816.33  5432.00    10.0     7.0    14.1    
*  294  154  1816.00    5.33      0  1816.00  5430.00     7.0     7.0    14.1    
*  295  153  1814.67    4.89      0  1814.67  5430.00     7.0     7.0    14.2    
*  298  150  1814.00    3.98      0  1814.00  5420.00    15.0     7.0    14.3    
*  300  148  1809.33    3.79      0  1809.33  5405.00    16.0     7.0    14.4    
*  304  144  1807.33    3.89      0  1807.33  5403.00     8.0     7.0    14.6    
*  305  143  1806.00    4.24      0  1806.00  5390.00    21.0     7.0    14.7    
*  308  140  1805.00    2.42      0  1805.00  5388.00    15.0     7.0    14.8    
*  309  139  1803.33    2.02      0  1803.33  5386.00    15.0     7.0    14.8    
*  310  138  1802.67    1.82      0  1802.67  5386.00    15.0     7.0    14.9    
*  312  136  1801.33    1.31      0  1801.33  5382.00    15.0     7.0    15.0    
*  316  132  1800.67    0.81      0  1800.67  5373.00    21.0     7.0    15.2    
*  317  131  1800.33    0.69      0  1800.33  5372.00    18.0     7.0    15.2    
*  318  130  1799.00    0.67      0  1799.00  5372.00    18.0     7.0    15.3    
*  321  127  1797.67    0.76      0  1797.67  5373.00    12.0     7.0    15.4    
*  322  126  1797.33    0.87      0  1797.33  5370.00    12.0     7.0    15.5    

  Gens  Rem    Local   ElDiv NoImpr             Best solution            Time  Op
                                       Cost     Dist    Tard    TMax 
*  323  125  1796.33    0.91      0  1796.33  5370.00    12.0     7.0    15.5    
*  326  122  1794.67    0.88      0  1794.67  5365.00    12.0     7.0    15.7    
*  328  120  1794.33    0.58      0  1794.33  5363.00    12.0     7.0    15.8    
*  329  119  1794.00    0.61      0  1794.00  5363.00    12.0     7.0    15.8    
*  331  117  1793.33    0.49      0  1793.33  5361.00    12.0     7.0    15.9    
*  334  114  1793.00    0.36      0  1793.00  5358.00    12.0     7.0    16.0    
*  335  113  1792.33    0.53      0  1792.33  5356.00    12.0     7.0    16.1    
*  336  112  1791.67    0.73      0  1791.67  5354.00    12.0     7.0    16.1    
*  337  111  1791.00    0.56      0  1791.00  5354.00    12.0     7.0    16.2    
   350   98  1791.00    0.00     13  1791.00  5354.00    12.0     7.0    16.8    
*  365   83  1790.67    0.04      0  1790.67  5353.00    12.0     7.0    17.5    
*  374   74  1789.00    0.35      0  1789.00  5348.00    12.0     7.0    17.9    
*  376   72  1788.67    0.73      0  1788.67  5347.00    12.0     7.0    18.0    
*  382   66  1787.00    0.21      0  1787.00  5342.00    12.0     7.0    18.3    
Path relinking result: too homogeneous.
   384   64  1787.00    0.21      3  1787.00  5342.00    12.0     7.0    18.4   P
*  395   53  1784.67    0.71      0  1784.67  5335.00    12.0     7.0    18.9    

  Gens  Rem    Local   ElDiv NoImpr             Best solution            Time  Op
                                       Cost     Dist    Tard    TMax 
*  398   50  1784.00    0.44      0  1784.00  5333.00    12.0     7.0    19.1    
   400   48  1784.00    0.58      2  1784.00  5333.00    12.0     7.0    19.2    
*  403   45  1783.00    0.46      0  1783.00  5330.00    12.0     7.0    19.3    
*  423   25  1781.67    0.23      0  1781.67  5326.00    12.0     7.0    20.2    
*  431   17  1781.00    0.14      0  1781.00  5324.00    12.0     7.0    20.6    
*  437   11  1780.67    0.19      0  1780.67  5323.00    12.0     7.0    20.9    
   448    0  1780.67    0.00     11  1780.67  5323.00    12.0     7.0    21.4    
Evolutionary process finished.
Solution written to 'solution-18968.txt'.

Sorted sequence of worst to best tardiness value:
Task for patient = 7 with skills = {4,-1} and cost = 808.7
   Vehicle #0 = 53, leaving at = 669.0
   Vehicle #1 = -1, leaving at = inf
   Increment on distance indicator: 4.0
   Increment on tard indicator:     7.0
   Value of tmax indicator:         4.0

Task for patient = 65 with skills = {0,-1} and cost = 451.0
   Vehicle #0 = 9, leaving at = 821.0
   Vehicle #1 = -1, leaving at = inf
   Increment on distance indicator: 5.0
   Increment on tard indicator:     5.0
   Value of tmax indicator:         5.0

Task for patient = 87 with skills = {2,5} and cost = 982.7
   Vehicle #0 = 13, leaving at = 849.0
   Vehicle #1 = 45, leaving at = 846.0
   Increment on distance indicator: 13.0
   Increment on tard indicator:     0.0
   Value of tmax indicator:         13.0

Task for patient = 156 with skills = {2,3} and cost = 978.3
   Vehicle #0 = 23, leaving at = 713.0
   Vehicle #1 = 57, leaving at = 691.0
   Increment on distance indicator: 42.0
   Increment on tard indicator:     0.0
   Value of tmax indicator:         42.0

Task for patient = 60 with skills = {1,-1} and cost = 964.3
   Vehicle #0 = 12, leaving at = 970.0
   Vehicle #1 = -1, leaving at = inf
   Increment on distance indicator: 6.0
   Increment on tard indicator:     0.0
   Value of tmax indicator:         6.0

Task for patient = 278 with skills = {5,-1} and cost = 962.3
   Vehicle #0 = 55, leaving at = 985.0
   Vehicle #1 = -1, leaving at = inf
   Increment on distance indicator: 4.0
   Increment on tard indicator:     0.0
   Value of tmax indicator:         4.0

Task for patient = 119 with skills = {0,4} and cost = 961.0
   Vehicle #0 = 11, leaving at = 895.0
   Vehicle #1 = 42, leaving at = 886.0
   Increment on distance indicator: 11.0
   Increment on tard indicator:     0.0
   Value of tmax indicator:         11.0

Task for patient = 82 with skills = {5,-1} and cost = 957.3
   Vehicle #0 = 51, leaving at = 786.0
   Vehicle #1 = -1, leaving at = inf
   Increment on distance indicator: 3.0
   Increment on tard indicator:     0.0
   Value of tmax indicator:         3.0

Task for patient = 202 with skills = {1,-1} and cost = 956.3
   Vehicle #0 = 15, leaving at = 648.0
   Vehicle #1 = -1, leaving at = inf
   Increment on distance indicator: 18.0
   Increment on tard indicator:     0.0
   Value of tmax indicator:         18.0

Task for patient = 282 with skills = {4,-1} and cost = 950.3
   Vehicle #0 = 37, leaving at = 920.0
   Vehicle #1 = -1, leaving at = inf
   Increment on distance indicator: 1.0
   Increment on tard indicator:     0.0
   Value of tmax indicator:         1.0

Task for patient = 45 with skills = {0,-1} and cost = 950.0
   Vehicle #0 = 10, leaving at = 928.0
   Vehicle #1 = -1, leaving at = inf
   Increment on distance indicator: 4.0
   Increment on tard indicator:     0.0
   Value of tmax indicator:         4.0

Task for patient = 105 with skills = {1,-1} and cost = 985.7
   Vehicle #0 = 18, leaving at = 1000.0
   Vehicle #1 = -1, leaving at = inf
   Increment on distance indicator: 9.0
   Increment on tard indicator:     0.0
   Value of tmax indicator:         9.0

Task for patient = 113 with skills = {1,3} and cost = 946.3
   Vehicle #0 = 16, leaving at = 816.0
   Vehicle #1 = 43, leaving at = 809.0
   Increment on distance indicator: 9.0
   Increment on tard indicator:     0.0
   Value of tmax indicator:         9.0

Task for patient = 133 with skills = {0,-1} and cost = 943.3
   Vehicle #0 = 9, leaving at = 925.0
   Vehicle #1 = -1, leaving at = inf
   Increment on distance indicator: 5.0
   Increment on tard indicator:     0.0
   Value of tmax indicator:         5.0

Task for patient = 141 with skills = {4,-1} and cost = 941.7
   Vehicle #0 = 42, leaving at = 709.0
   Vehicle #1 = -1, leaving at = inf
   Increment on distance indicator: 10.0
   Increment on tard indicator:     0.0
   Value of tmax indicator:         10.0

Task for patient = 84 with skills = {3,-1} and cost = 938.3
   Vehicle #0 = 32, leaving at = 878.0
   Vehicle #1 = -1, leaving at = inf
   Increment on distance indicator: 3.0
   Increment on tard indicator:     0.0
   Value of tmax indicator:         3.0

Task for patient = 39 with skills = {4,-1} and cost = 937.3
   Vehicle #0 = 42, leaving at = 655.0
   Vehicle #1 = -1, leaving at = inf
   Increment on distance indicator: 13.0
   Increment on tard indicator:     0.0
   Value of tmax indicator:         13.0

Task for patient = 281 with skills = {0,4} and cost = 933.0
   Vehicle #0 = 24, leaving at = 779.0
   Vehicle #1 = 41, leaving at = 771.0
   Increment on distance indicator: 19.0
   Increment on tard indicator:     0.0
   Value of tmax indicator:         19.0

Task for patient = 193 with skills = {2,-1} and cost = 926.7
   Vehicle #0 = 22, leaving at = 930.0
   Vehicle #1 = -1, leaving at = inf
   Increment on distance indicator: 5.0
   Increment on tard indicator:     0.0
   Value of tmax indicator:         5.0

Task for patient = 130 with skills = {1,-1} and cost = 948.7
   Vehicle #0 = 18, leaving at = 974.0
   Vehicle #1 = -1, leaving at = inf
   Increment on distance indicator: 7.0
   Increment on tard indicator:     0.0
   Value of tmax indicator:         7.0

Task for patient = 245 with skills = {1,5} and cost = 1040.3
   Vehicle #0 = 2, leaving at = 857.0
   Vehicle #1 = 48, leaving at = 911.0
   Increment on distance indicator: 5.0
   Increment on tard indicator:     0.0
   Value of tmax indicator:         5.0

Task for patient = 253 with skills = {1,4} and cost = 1038.7
   Vehicle #0 = 24, leaving at = 848.0
   Vehicle #1 = 34, leaving at = 910.0
   Increment on distance indicator: 8.0
   Increment on tard indicator:     0.0
   Value of tmax indicator:         8.0

Task for patient = 189 with skills = {2,4} and cost = 1036.0
   Vehicle #0 = 5, leaving at = 855.0
   Vehicle #1 = 46, leaving at = 858.0
   Increment on distance indicator: 23.0
   Increment on tard indicator:     0.0
   Value of tmax indicator:         23.0

Task for patient = 288 with skills = {1,-1} and cost = 1028.3
   Vehicle #0 = 25, leaving at = 874.0
   Vehicle #1 = -1, leaving at = inf
   Increment on distance indicator: 9.0
   Increment on tard indicator:     0.0
   Value of tmax indicator:         9.0

Task for patient = 177 with skills = {0,-1} and cost = 1025.3
   Vehicle #0 = 4, leaving at = 985.0
   Vehicle #1 = -1, leaving at = inf
   Increment on distance indicator: 5.0
   Increment on tard indicator:     0.0
   Value of tmax indicator:         5.0

Task for patient = 149 with skills = {4,-1} and cost = 1023.7
   Vehicle #0 = 32, leaving at = 942.0
   Vehicle #1 = -1, leaving at = inf
   Increment on distance indicator: 9.0
   Increment on tard indicator:     0.0
   Value of tmax indicator:         9.0

Task for patient = 31 with skills = {4,-1} and cost = 1020.7
   Vehicle #0 = 41, leaving at = 816.0
   Vehicle #1 = -1, leaving at = inf
   Increment on distance indicator: 6.0
   Increment on tard indicator:     0.0
   Value of tmax indicator:         6.0

Task for patient = 268 with skills = {2,-1} and cost = 1018.7
   Vehicle #0 = 22, leaving at = 982.0
   Vehicle #1 = -1, leaving at = inf
   Increment on distance indicator: 14.0
   Increment on tard indicator:     0.0
   Value of tmax indicator:         14.0

Task for patient = 54 with skills = {0,3} and cost = 990.7
   Vehicle #0 = 25, leaving at = 842.0
   Vehicle #1 = 53, leaving at = 873.0
   Increment on distance indicator: 15.0
   Increment on tard indicator:     0.0
   Value of tmax indicator:         15.0

Task for patient = 187 with skills = {1,-1} and cost = 1012.7
   Vehicle #0 = 24, leaving at = 825.0
   Vehicle #1 = -1, leaving at = inf
   Increment on distance indicator: 7.0
   Increment on tard indicator:     0.0
   Value of tmax indicator:         7.0

Task for patient = 262 with skills = {5,-1} and cost = 1010.3
   Vehicle #0 = 48, leaving at = 853.0
   Vehicle #1 = -1, leaving at = inf
   Increment on distance indicator: 2.0
   Increment on tard indicator:     0.0
   Value of tmax indicator:         2.0

Task for patient = 254 with skills = {1,5} and cost = 1009.7
   Vehicle #0 = 10, leaving at = 988.0
   Vehicle #1 = 37, leaving at = 963.0
   Increment on distance indicator: 10.0
   Increment on tard indicator:     0.0
   Value of tmax indicator:         10.0

Task for patient = 234 with skills = {2,-1} and cost = 1006.3
   Vehicle #0 = 6, leaving at = 866.0
   Vehicle #1 = -1, leaving at = inf
   Increment on distance indicator: 8.0
   Increment on tard indicator:     0.0
   Value of tmax indicator:         8.0

Task for patient = 41 with skills = {2,4} and cost = 1003.7
   Vehicle #0 = 13, leaving at = 905.0
   Vehicle #1 = 42, leaving at = 932.0
   Increment on distance indicator: 14.0
   Increment on tard indicator:     0.0
   Value of tmax indicator:         14.0

Task for patient = 169 with skills = {1,5} and cost = 999.0
   Vehicle #0 = 3, leaving at = 794.0
   Vehicle #1 = 52, leaving at = 791.0
   Increment on distance indicator: 10.0
   Increment on tard indicator:     0.0
   Value of tmax indicator:         10.0

Task for patient = 166 with skills = {0,-1} and cost = 995.7
   Vehicle #0 = 1, leaving at = 920.0
   Vehicle #1 = -1, leaving at = inf
   Increment on distance indicator: 15.0
   Increment on tard indicator:     0.0
   Value of tmax indicator:         15.0

Task for patient = 292 with skills = {5,-1} and cost = 1043.7
   Vehicle #0 = 54, leaving at = 949.0
   Vehicle #1 = -1, leaving at = inf
   Increment on distance indicator: 10.0
   Increment on tard indicator:     0.0
   Value of tmax indicator:         10.0

Task for patient = 240 with skills = {4,-1} and cost = 1014.0
   Vehicle #0 = 50, leaving at = 968.0
   Vehicle #1 = -1, leaving at = inf
   Increment on distance indicator: 4.0
   Increment on tard indicator:     0.0
   Value of tmax indicator:         4.0

Task for patient = 72 with skills = {3,-1} and cost = 875.7
   Vehicle #0 = 32, leaving at = 857.0
   Vehicle #1 = -1, leaving at = inf
   Increment on distance indicator: 3.0
   Increment on tard indicator:     0.0
   Value of tmax indicator:         3.0

Task for patient = 1 with skills = {1,5} and cost = 874.7
   Vehicle #0 = 11, leaving at = 750.0
   Vehicle #1 = 45, leaving at = 730.0
   Increment on distance indicator: 23.0
   Increment on tard indicator:     0.0
   Value of tmax indicator:         23.0

Task for patient = 22 with skills = {0,3} and cost = 867.0
   Vehicle #0 = 25, leaving at = 748.0
   Vehicle #1 = 53, leaving at = 779.0
   Increment on distance indicator: 4.0
   Increment on tard indicator:     0.0
   Value of tmax indicator:         4.0

Task for patient = 257 with skills = {4,-1} and cost = 865.7
   Vehicle #0 = 54, leaving at = 660.0
   Vehicle #1 = -1, leaving at = inf
   Increment on distance indicator: 3.0
   Increment on tard indicator:     0.0
   Value of tmax indicator:         3.0

Task for patient = 242 with skills = {3,-1} and cost = 864.7
   Vehicle #0 = 32, leaving at = 815.0
   Vehicle #1 = -1, leaving at = inf
   Increment on distance indicator: 5.0
   Increment on tard indicator:     0.0
   Value of tmax indicator:         5.0

Task for patient = 235 with skills = {1,3} and cost = 863.0
   Vehicle #0 = 25, leaving at = 702.0
   Vehicle #1 = 53, leaving at = 729.0
   Increment on distance indicator: 10.0
   Increment on tard indicator:     0.0
   Value of tmax indicator:         10.0

Task for patient = 247 with skills = {0,5} and cost = 859.7
   Vehicle #0 = 25, leaving at = 604.0
   Vehicle #1 = 54, leaving at = 623.0
   Increment on distance indicator: 53.0
   Increment on tard indicator:     0.0
   Value of tmax indicator:         53.0

Task for patient = 161 with skills = {3,-1} and cost = 842.0
   Vehicle #0 = 51, leaving at = 758.0
   Vehicle #1 = -1, leaving at = inf
   Increment on distance indicator: 7.0
   Increment on tard indicator:     0.0
   Value of tmax indicator:         7.0

Task for patient = 6 with skills = {5,-1} and cost = 925.0
   Vehicle #0 = 47, leaving at = 831.0
   Vehicle #1 = -1, leaving at = inf
   Increment on distance indicator: 3.0
   Increment on tard indicator:     0.0
   Value of tmax indicator:         3.0

Task for patient = 204 with skills = {3,-1} and cost = 838.7
   Vehicle #0 = 54, leaving at = 553.0
   Vehicle #1 = -1, leaving at = inf
   Increment on distance indicator: 36.0
   Increment on tard indicator:     0.0
   Value of tmax indicator:         36.0

Task for patient = 122 with skills = {2,-1} and cost = 826.7
   Vehicle #0 = 13, leaving at = 806.0
   Vehicle #1 = -1, leaving at = inf
   Increment on distance indicator: 11.0
   Increment on tard indicator:     0.0
   Value of tmax indicator:         11.0

Task for patient = 215 with skills = {5,-1} and cost = 823.0
   Vehicle #0 = 52, leaving at = 532.0
   Vehicle #1 = -1, leaving at = inf
   Increment on distance indicator: 43.0
   Increment on tard indicator:     0.0
   Value of tmax indicator:         43.0

Task for patient = 61 with skills = {1,-1} and cost = 804.3
   Vehicle #0 = 3, leaving at = 730.0
   Vehicle #1 = -1, leaving at = inf
   Increment on distance indicator: 7.0
   Increment on tard indicator:     0.0
   Value of tmax indicator:         7.0

Task for patient = 261 with skills = {1,-1} and cost = 802.0
   Vehicle #0 = 10, leaving at = 813.0
   Vehicle #1 = -1, leaving at = inf
   Increment on distance indicator: 2.0
   Increment on tard indicator:     0.0
   Value of tmax indicator:         2.0

Task for patient = 211 with skills = {3,-1} and cost = 801.3
   Vehicle #0 = 53, leaving at = 611.0
   Vehicle #1 = -1, leaving at = inf
   Increment on distance indicator: 4.0
   Increment on tard indicator:     0.0
   Value of tmax indicator:         4.0

Task for patient = 266 with skills = {5,-1} and cost = 800.0
   Vehicle #0 = 53, leaving at = 564.0
   Vehicle #1 = -1, leaving at = inf
   Increment on distance indicator: 9.0
   Increment on tard indicator:     0.0
   Value of tmax indicator:         9.0

Task for patient = 138 with skills = {1,5} and cost = 797.0
   Vehicle #0 = 18, leaving at = 870.0
   Vehicle #1 = 49, leaving at = 866.0
   Increment on distance indicator: 9.0
   Increment on tard indicator:     0.0
   Value of tmax indicator:         9.0

Task for patient = 267 with skills = {3,-1} and cost = 839.7
   Vehicle #0 = 35, leaving at = 922.0
   Vehicle #1 = -1, leaving at = inf
   Increment on distance indicator: 3.0
   Increment on tard indicator:     0.0
   Value of tmax indicator:         3.0

Task for patient = 280 with skills = {3,-1} and cost = 924.0
   Vehicle #0 = 33, leaving at = 955.0
   Vehicle #1 = -1, leaving at = inf
   Increment on distance indicator: 4.0
   Increment on tard indicator:     0.0
   Value of tmax indicator:         4.0

Task for patient = 291 with skills = {4,-1} and cost = 922.7
   Vehicle #0 = 54, leaving at = 915.0
   Vehicle #1 = -1, leaving at = inf
   Increment on distance indicator: 5.0
   Increment on tard indicator:     0.0
   Value of tmax indicator:         5.0

Task for patient = 27 with skills = {4,-1} and cost = 921.0
   Vehicle #0 = 54, leaving at = 762.0
   Vehicle #1 = -1, leaving at = inf
   Increment on distance indicator: 20.0
   Increment on tard indicator:     0.0
   Value of tmax indicator:         20.0

Task for patient = 182 with skills = {5,-1} and cost = 914.3
   Vehicle #0 = 47, leaving at = 777.0
   Vehicle #1 = -1, leaving at = inf
   Increment on distance indicator: 3.0
   Increment on tard indicator:     0.0
   Value of tmax indicator:         3.0

Task for patient = 38 with skills = {5,-1} and cost = 913.3
   Vehicle #0 = 45, leaving at = 779.0
   Vehicle #1 = -1, leaving at = inf
   Increment on distance indicator: 20.0
   Increment on tard indicator:     0.0
   Value of tmax indicator:         20.0

Task for patient = 101 with skills = {0,4} and cost = 906.7
   Vehicle #0 = 10, leaving at = 874.0
   Vehicle #1 = 34, leaving at = 845.0
   Increment on distance indicator: 4.0
   Increment on tard indicator:     0.0
   Value of tmax indicator:         4.0

Task for patient = 283 with skills = {4,-1} and cost = 905.3
   Vehicle #0 = 41, leaving at = 744.0
   Vehicle #1 = -1, leaving at = inf
   Increment on distance indicator: 8.0
   Increment on tard indicator:     0.0
   Value of tmax indicator:         8.0

Task for patient = 96 with skills = {3,-1} and cost = 902.7
   Vehicle #0 = 49, leaving at = 928.0
   Vehicle #1 = -1, leaving at = inf
   Increment on distance indicator: 2.0
   Increment on tard indicator:     0.0
   Value of tmax indicator:         2.0

Task for patient = 140 with skills = {5,-1} and cost = 877.3
   Vehicle #0 = 52, leaving at = 565.0
   Vehicle #1 = -1, leaving at = inf
   Increment on distance indicator: 5.0
   Increment on tard indicator:     0.0
   Value of tmax indicator:         5.0

Task for patient = 42 with skills = {4,-1} and cost = 897.7
   Vehicle #0 = 41, leaving at = 687.0
   Vehicle #1 = -1, leaving at = inf
   Increment on distance indicator: 11.0
   Increment on tard indicator:     0.0
   Value of tmax indicator:         11.0

Task for patient = 300 with skills = {2,-1} and cost = 894.0
   Vehicle #0 = 7, leaving at = 872.0
   Vehicle #1 = -1, leaving at = inf
   Increment on distance indicator: 3.0
   Increment on tard indicator:     0.0
   Value of tmax indicator:         3.0

Task for patient = 19 with skills = {1,-1} and cost = 893.0
   Vehicle #0 = 11, leaving at = 831.0
   Vehicle #1 = -1, leaving at = inf
   Increment on distance indicator: 6.0
   Increment on tard indicator:     0.0
   Value of tmax indicator:         6.0

Task for patient = 100 with skills = {2,-1} and cost = 891.0
   Vehicle #0 = 0, leaving at = 952.0
   Vehicle #1 = -1, leaving at = inf
   Increment on distance indicator: 3.0
   Increment on tard indicator:     0.0
   Value of tmax indicator:         3.0

Task for patient = 58 with skills = {4,-1} and cost = 890.0
   Vehicle #0 = 30, leaving at = 956.0
   Vehicle #1 = -1, leaving at = inf
   Increment on distance indicator: 5.0
   Increment on tard indicator:     0.0
   Value of tmax indicator:         5.0

Task for patient = 203 with skills = {1,3} and cost = 888.3
   Vehicle #0 = 22, leaving at = 866.0
   Vehicle #1 = 38, leaving at = 855.0
   Increment on distance indicator: 8.0
   Increment on tard indicator:     0.0
   Value of tmax indicator:         8.0

Task for patient = 258 with skills = {5,-1} and cost = 885.7
   Vehicle #0 = 54, leaving at = 721.0
   Vehicle #1 = -1, leaving at = inf
   Increment on distance indicator: 7.0
   Increment on tard indicator:     0.0
   Value of tmax indicator:         7.0

Task for patient = 220 with skills = {0,-1} and cost = 883.3
   Vehicle #0 = 25, leaving at = 801.0
   Vehicle #1 = -1, leaving at = inf
   Increment on distance indicator: 10.0
   Increment on tard indicator:     0.0
   Value of tmax indicator:         10.0

Task for patient = 264 with skills = {2,4} and cost = 880.0
   Vehicle #0 = 5, leaving at = 798.0
   Vehicle #1 = 34, leaving at = 789.0
   Increment on distance indicator: 8.0
   Increment on tard indicator:     0.0
   Value of tmax indicator:         8.0

Task for patient = 293 with skills = {3,-1} and cost = 902.0
   Vehicle #0 = 50, leaving at = 749.0
   Vehicle #1 = -1, leaving at = inf
   Increment on distance indicator: 13.0
   Increment on tard indicator:     0.0
   Value of tmax indicator:         13.0

Task for patient = 256 with skills = {0,-1} and cost = 1197.3
   Vehicle #0 = 10, leaving at = 1020.0
   Vehicle #1 = -1, leaving at = inf
   Increment on distance indicator: 6.0
   Increment on tard indicator:     0.0
   Value of tmax indicator:         6.0

Task for patient = 136 with skills = {1,5} and cost = 1195.3
   Vehicle #0 = 15, leaving at = 987.0
   Vehicle #1 = 51, leaving at = 961.0
   Increment on distance indicator: 12.0
   Increment on tard indicator:     0.0
   Value of tmax indicator:         12.0

Task for patient = 299 with skills = {2,5} and cost = 1191.3
   Vehicle #0 = 18, leaving at = 1035.0
   Vehicle #1 = 47, leaving at = 1056.0
   Increment on distance indicator: 11.0
   Increment on tard indicator:     0.0
   Value of tmax indicator:         11.0

Task for patient = 98 with skills = {1,-1} and cost = 1187.7
   Vehicle #0 = 22, leaving at = 1021.0
   Vehicle #1 = -1, leaving at = inf
   Increment on distance indicator: 2.0
   Increment on tard indicator:     0.0
   Value of tmax indicator:         2.0

Task for patient = 270 with skills = {2,-1} and cost = 1187.0
   Vehicle #0 = 7, leaving at = 965.0
   Vehicle #1 = -1, leaving at = inf
   Increment on distance indicator: 6.0
   Increment on tard indicator:     0.0
   Value of tmax indicator:         6.0

Task for patient = 236 with skills = {4,-1} and cost = 1185.0
   Vehicle #0 = 34, leaving at = 963.0
   Vehicle #1 = -1, leaving at = inf
   Increment on distance indicator: 9.0
   Increment on tard indicator:     0.0
   Value of tmax indicator:         9.0

Task for patient = 263 with skills = {1,4} and cost = 1182.0
   Vehicle #0 = 25, leaving at = 1011.0
   Vehicle #1 = 53, leaving at = 1020.0
   Increment on distance indicator: 7.0
   Increment on tard indicator:     0.0
   Value of tmax indicator:         7.0

Task for patient = 67 with skills = {2,5} and cost = 1179.7
   Vehicle #0 = 26, leaving at = 958.0
   Vehicle #1 = 56, leaving at = 953.0
   Increment on distance indicator: 6.0
   Increment on tard indicator:     0.0
   Value of tmax indicator:         6.0

Task for patient = 18 with skills = {1,-1} and cost = 1047.3
   Vehicle #0 = 15, leaving at = 678.0
   Vehicle #1 = -1, leaving at = inf
   Increment on distance indicator: 11.0
   Increment on tard indicator:     0.0
   Value of tmax indicator:         11.0

Task for patient = 179 with skills = {0,3} and cost = 1176.3
   Vehicle #0 = 19, leaving at = 959.0
   Vehicle #1 = 48, leaving at = 945.0
   Increment on distance indicator: 22.0
   Increment on tard indicator:     0.0
   Value of tmax indicator:         22.0

Task for patient = 123 with skills = {2,-1} and cost = 1169.0
   Vehicle #0 = 25, leaving at = 975.0
   Vehicle #1 = -1, leaving at = inf
   Increment on distance indicator: 4.0
   Increment on tard indicator:     0.0
   Value of tmax indicator:         4.0

Task for patient = 170 with skills = {0,3} and cost = 1167.7
   Vehicle #0 = 9, leaving at = 999.0
   Vehicle #1 = 33, leaving at = 990.0
   Increment on distance indicator: 7.0
   Increment on tard indicator:     0.0
   Value of tmax indicator:         7.0

Task for patient = 165 with skills = {1,4} and cost = 1165.3
   Vehicle #0 = 24, leaving at = 1011.0
   Vehicle #1 = 46, leaving at = 1019.0
   Increment on distance indicator: 13.0
   Increment on tard indicator:     0.0
   Value of tmax indicator:         13.0

Task for patient = 34 with skills = {1,-1} and cost = 1161.0
   Vehicle #0 = 6, leaving at = 949.0
   Vehicle #1 = -1, leaving at = inf
   Increment on distance indicator: 9.0
   Increment on tard indicator:     0.0
   Value of tmax indicator:         9.0

Task for patient = 290 with skills = {4,-1} and cost = 1158.0
   Vehicle #0 = 45, leaving at = 893.0
   Vehicle #1 = -1, leaving at = inf
   Increment on distance indicator: 2.0
   Increment on tard indicator:     0.0
   Value of tmax indicator:         2.0

Task for patient = 232 with skills = {1,-1} and cost = 1157.3
   Vehicle #0 = 6, leaving at = 924.0
   Vehicle #1 = -1, leaving at = inf
   Increment on distance indicator: 4.0
   Increment on tard indicator:     0.0
   Value of tmax indicator:         4.0

Task for patient = 97 with skills = {0,-1} and cost = 1156.0
   Vehicle #0 = 24, leaving at = 978.0
   Vehicle #1 = -1, leaving at = inf
   Increment on distance indicator: 17.0
   Increment on tard indicator:     0.0
   Value of tmax indicator:         17.0

Task for patient = 37 with skills = {4,-1} and cost = 1177.7
   Vehicle #0 = 33, leaving at = 1024.0
   Vehicle #1 = -1, leaving at = inf
   Increment on distance indicator: 4.0
   Increment on tard indicator:     0.0
   Value of tmax indicator:         4.0

Task for patient = 273 with skills = {1,-1} and cost = 1246.0
   Vehicle #0 = 8, leaving at = 904.0
   Vehicle #1 = -1, leaving at = inf
   Increment on distance indicator: 14.0
   Increment on tard indicator:     0.0
   Value of tmax indicator:         14.0

Task for patient = 208 with skills = {1,4} and cost = 1241.3
   Vehicle #0 = 3, leaving at = 981.0
   Vehicle #1 = 34, leaving at = 1010.0
   Increment on distance indicator: 17.0
   Increment on tard indicator:     0.0
   Value of tmax indicator:         17.0

Task for patient = 286 with skills = {0,-1} and cost = 1235.7
   Vehicle #0 = 19, leaving at = 1003.0
   Vehicle #1 = -1, leaving at = inf
   Increment on distance indicator: 6.0
   Increment on tard indicator:     0.0
   Value of tmax indicator:         6.0

Task for patient = 260 with skills = {1,-1} and cost = 1233.7
   Vehicle #0 = 3, leaving at = 939.0
   Vehicle #1 = -1, leaving at = inf
   Increment on distance indicator: 9.0
   Increment on tard indicator:     0.0
   Value of tmax indicator:         9.0

Task for patient = 5 with skills = {0,5} and cost = 1230.7
   Vehicle #0 = 10, leaving at = 1077.0
   Vehicle #1 = 49, leaving at = 1072.0
   Increment on distance indicator: 11.0
   Increment on tard indicator:     0.0
   Value of tmax indicator:         11.0

Task for patient = 289 with skills = {4,-1} and cost = 1227.0
   Vehicle #0 = 30, leaving at = 981.0
   Vehicle #1 = -1, leaving at = inf
   Increment on distance indicator: 2.0
   Increment on tard indicator:     0.0
   Value of tmax indicator:         2.0

Task for patient = 25 with skills = {3,-1} and cost = 1226.3
   Vehicle #0 = 31, leaving at = 968.0
   Vehicle #1 = -1, leaving at = inf
   Increment on distance indicator: 2.0
   Increment on tard indicator:     0.0
   Value of tmax indicator:         2.0

Task for patient = 102 with skills = {1,-1} and cost = 1225.7
   Vehicle #0 = 26, leaving at = 987.0
   Vehicle #1 = -1, leaving at = inf
   Increment on distance indicator: 3.0
   Increment on tard indicator:     0.0
   Value of tmax indicator:         3.0

Task for patient = 59 with skills = {1,4} and cost = 1200.3
   Vehicle #0 = 2, leaving at = 1036.0
   Vehicle #1 = 35, leaving at = 1006.0
   Increment on distance indicator: 9.0
   Increment on tard indicator:     0.0
   Value of tmax indicator:         9.0

Task for patient = 99 with skills = {4,-1} and cost = 1222.0
   Vehicle #0 = 35, leaving at = 1073.0
   Vehicle #1 = -1, leaving at = inf
   Increment on distance indicator: 5.0
   Increment on tard indicator:     0.0
   Value of tmax indicator:         5.0

Task for patient = 128 with skills = {5,-1} and cost = 1220.3
   Vehicle #0 = 53, leaving at = 1059.0
   Vehicle #1 = -1, leaving at = inf
   Increment on distance indicator: 4.0
   Increment on tard indicator:     0.0
   Value of tmax indicator:         4.0

Task for patient = 239 with skills = {2,4} and cost = 1219.0
   Vehicle #0 = 0, leaving at = 995.0
   Vehicle #1 = 52, leaving at = 1009.0
   Increment on distance indicator: 14.0
   Increment on tard indicator:     0.0
   Value of tmax indicator:         14.0

Task for patient = 216 with skills = {3,-1} and cost = 1214.3
   Vehicle #0 = 35, leaving at = 1028.0
   Vehicle #1 = -1, leaving at = inf
   Increment on distance indicator: 2.0
   Increment on tard indicator:     0.0
   Value of tmax indicator:         2.0

Task for patient = 218 with skills = {3,-1} and cost = 1213.7
   Vehicle #0 = 45, leaving at = 958.0
   Vehicle #1 = -1, leaving at = inf
   Increment on distance indicator: 5.0
   Increment on tard indicator:     0.0
   Value of tmax indicator:         5.0

Task for patient = 94 with skills = {0,3} and cost = 1212.0
   Vehicle #0 = 18, leaving at = 1090.0
   Vehicle #1 = 39, leaving at = 1118.0
   Increment on distance indicator: 12.0
   Increment on tard indicator:     0.0
   Value of tmax indicator:         12.0

Task for patient = 209 with skills = {2,-1} and cost = 1208.0
   Vehicle #0 = 6, leaving at = 1004.0
   Vehicle #1 = -1, leaving at = inf
   Increment on distance indicator: 4.0
   Increment on tard indicator:     0.0
   Value of tmax indicator:         4.0

Task for patient = 46 with skills = {0,-1} and cost = 1206.7
   Vehicle #0 = 11, leaving at = 1043.0
   Vehicle #1 = -1, leaving at = inf
   Increment on distance indicator: 4.0
   Increment on tard indicator:     0.0
   Value of tmax indicator:         4.0

Task for patient = 274 with skills = {4,-1} and cost = 1205.3
   Vehicle #0 = 52, leaving at = 859.0
   Vehicle #1 = -1, leaving at = inf
   Increment on distance indicator: 15.0
   Increment on tard indicator:     0.0
   Value of tmax indicator:         15.0

Task for patient = 162 with skills = {2,5} and cost = 1224.7
   Vehicle #0 = 25, leaving at = 1074.0
   Vehicle #1 = 53, leaving at = 1094.0
   Increment on distance indicator: 8.0
   Increment on tard indicator:     0.0
   Value of tmax indicator:         8.0

Task for patient = 157 with skills = {4,-1} and cost = 1094.0
   Vehicle #0 = 46, leaving at = 882.0
   Vehicle #1 = -1, leaving at = inf
   Increment on distance indicator: 1.0
   Increment on tard indicator:     0.0
   Value of tmax indicator:         1.0

Task for patient = 213 with skills = {0,-1} and cost = 1093.7
   Vehicle #0 = 25, leaving at = 926.0
   Vehicle #1 = -1, leaving at = inf
   Increment on distance indicator: 5.0
   Increment on tard indicator:     0.0
   Value of tmax indicator:         5.0

Task for patient = 134 with skills = {0,3} and cost = 1092.0
   Vehicle #0 = 20, leaving at = 1017.0
   Vehicle #1 = 55, leaving at = 1011.0
   Increment on distance indicator: 5.0
   Increment on tard indicator:     0.0
   Value of tmax indicator:         5.0

Task for patient = 186 with skills = {3,-1} and cost = 1090.3
   Vehicle #0 = 32, leaving at = 969.0
   Vehicle #1 = -1, leaving at = inf
   Increment on distance indicator: 7.0
   Increment on tard indicator:     0.0
   Value of tmax indicator:         7.0

Task for patient = 151 with skills = {4,-1} and cost = 1088.0
   Vehicle #0 = 58, leaving at = 856.0
   Vehicle #1 = -1, leaving at = inf
   Increment on distance indicator: 7.0
   Increment on tard indicator:     0.0
   Value of tmax indicator:         7.0

Task for patient = 35 with skills = {1,3} and cost = 1085.7
   Vehicle #0 = 24, leaving at = 939.0
   Vehicle #1 = 51, leaving at = 939.0
   Increment on distance indicator: 15.0
   Increment on tard indicator:     0.0
   Value of tmax indicator:         15.0

Task for patient = 206 with skills = {3,-1} and cost = 1080.7
   Vehicle #0 = 53, leaving at = 911.0
   Vehicle #1 = -1, leaving at = inf
   Increment on distance indicator: 9.0
   Increment on tard indicator:     0.0
   Value of tmax indicator:         9.0

Task for patient = 163 with skills = {5,-1} and cost = 1077.7
   Vehicle #0 = 40, leaving at = 971.0
   Vehicle #1 = -1, leaving at = inf
   Increment on distance indicator: 2.0
   Increment on tard indicator:     0.0
   Value of tmax indicator:         2.0

Task for patient = 76 with skills = {5,-1} and cost = 1150.3
   Vehicle #0 = 38, leaving at = 983.0
   Vehicle #1 = -1, leaving at = inf
   Increment on distance indicator: 5.0
   Increment on tard indicator:     0.0
   Value of tmax indicator:         5.0

Task for patient = 11 with skills = {1,-1} and cost = 1076.0
   Vehicle #0 = 14, leaving at = 700.0
   Vehicle #1 = -1, leaving at = inf
   Increment on distance indicator: 4.0
   Increment on tard indicator:     0.0
   Value of tmax indicator:         4.0

Task for patient = 259 with skills = {1,-1} and cost = 1074.7
   Vehicle #0 = 15, leaving at = 705.0
   Vehicle #1 = -1, leaving at = inf
   Increment on distance indicator: 9.0
   Increment on tard indicator:     0.0
   Value of tmax indicator:         9.0

Task for patient = 294 with skills = {0,5} and cost = 1071.7
   Vehicle #0 = 11, leaving at = 1006.0
   Vehicle #1 = 36, leaving at = 1021.0
   Increment on distance indicator: 15.0
   Increment on tard indicator:     0.0
   Value of tmax indicator:         15.0

Task for patient = 48 with skills = {5,-1} and cost = 1066.7
   Vehicle #0 = 51, leaving at = 899.0
   Vehicle #1 = -1, leaving at = inf
   Increment on distance indicator: 2.0
   Increment on tard indicator:     0.0
   Value of tmax indicator:         2.0

Task for patient = 296 with skills = {1,3} and cost = 1066.0
   Vehicle #0 = 16, leaving at = 874.0
   Vehicle #1 = 51, leaving at = 848.0
   Increment on distance indicator: 26.0
   Increment on tard indicator:     0.0
   Value of tmax indicator:         26.0

Task for patient = 224 with skills = {1,5} and cost = 1057.3
   Vehicle #0 = 24, leaving at = 884.0
   Vehicle #1 = 44, leaving at = 908.0
   Increment on distance indicator: 16.0
   Increment on tard indicator:     0.0
   Value of tmax indicator:         16.0

Task for patient = 86 with skills = {2,-1} and cost = 1052.0
   Vehicle #0 = 23, leaving at = 837.0
   Vehicle #1 = -1, leaving at = inf
   Increment on distance indicator: 7.0
   Increment on tard indicator:     0.0
   Value of tmax indicator:         7.0

Task for patient = 181 with skills = {5,-1} and cost = 1049.7
   Vehicle #0 = 37, leaving at = 1003.0
   Vehicle #1 = -1, leaving at = inf
   Increment on distance indicator: 7.0
   Increment on tard indicator:     0.0
   Value of tmax indicator:         7.0

Task for patient = 248 with skills = {1,-1} and cost = 794.0
   Vehicle #0 = 24, leaving at = 603.0
   Vehicle #1 = -1, leaving at = inf
   Increment on distance indicator: 14.0
   Increment on tard indicator:     0.0
   Value of tmax indicator:         14.0

Task for patient = 116 with skills = {3,-1} and cost = 1077.0
   Vehicle #0 = 37, leaving at = 1043.0
   Vehicle #1 = -1, leaving at = inf
   Increment on distance indicator: 3.0
   Increment on tard indicator:     0.0
   Value of tmax indicator:         3.0

Task for patient = 196 with skills = {1,5} and cost = 1148.7
   Vehicle #0 = 6, leaving at = 891.0
   Vehicle #1 = 38, leaving at = 933.0
   Increment on distance indicator: 13.0
   Increment on tard indicator:     0.0
   Value of tmax indicator:         13.0

Task for patient = 180 with skills = {5,-1} and cost = 1144.3
   Vehicle #0 = 56, leaving at = 895.0
   Vehicle #1 = -1, leaving at = inf
   Increment on distance indicator: 2.0
   Increment on tard indicator:     0.0
   Value of tmax indicator:         2.0

Task for patient = 195 with skills = {1,-1} and cost = 1143.7
   Vehicle #0 = 2, leaving at = 933.0
   Vehicle #1 = -1, leaving at = inf
   Increment on distance indicator: 7.0
   Increment on tard indicator:     0.0
   Value of tmax indicator:         7.0

Task for patient = 127 with skills = {2,-1} and cost = 1141.3
   Vehicle #0 = 7, leaving at = 911.0
   Vehicle #1 = -1, leaving at = inf
   Increment on distance indicator: 8.0
   Increment on tard indicator:     0.0
   Value of tmax indicator:         8.0

Task for patient = 188 with skills = {1,5} and cost = 1138.7
   Vehicle #0 = 16, leaving at = 985.0
   Vehicle #1 = 47, leaving at = 1008.0
   Increment on distance indicator: 16.0
   Increment on tard indicator:     0.0
   Value of tmax indicator:         16.0

Task for patient = 142 with skills = {1,4} and cost = 1133.3
   Vehicle #0 = 4, leaving at = 1012.0
   Vehicle #1 = 41, leaving at = 1036.0
   Increment on distance indicator: 12.0
   Increment on tard indicator:     0.0
   Value of tmax indicator:         12.0

Task for patient = 44 with skills = {0,3} and cost = 1129.3
   Vehicle #0 = 13, leaving at = 977.0
   Vehicle #1 = 32, leaving at = 1029.0
   Increment on distance indicator: 12.0
   Increment on tard indicator:     0.0
   Value of tmax indicator:         12.0

Task for patient = 175 with skills = {3,-1} and cost = 1125.3
   Vehicle #0 = 40, leaving at = 1027.0
   Vehicle #1 = -1, leaving at = inf
   Increment on distance indicator: 3.0
   Increment on tard indicator:     0.0
   Value of tmax indicator:         3.0

Task for patient = 190 with skills = {2,-1} and cost = 1096.3
   Vehicle #0 = 25, leaving at = 955.0
   Vehicle #1 = -1, leaving at = inf
   Increment on distance indicator: 7.0
   Increment on tard indicator:     0.0
   Value of tmax indicator:         7.0

Task for patient = 183 with skills = {5,-1} and cost = 1119.3
   Vehicle #0 = 47, leaving at = 891.0
   Vehicle #1 = -1, leaving at = inf
   Increment on distance indicator: 7.0
   Increment on tard indicator:     0.0
   Value of tmax indicator:         7.0

Task for patient = 298 with skills = {1,-1} and cost = 1117.0
   Vehicle #0 = 2, leaving at = 891.0
   Vehicle #1 = -1, leaving at = inf
   Increment on distance indicator: 9.0
   Increment on tard indicator:     0.0
   Value of tmax indicator:         9.0

Task for patient = 171 with skills = {4,-1} and cost = 1114.0
   Vehicle #0 = 46, leaving at = 917.0
   Vehicle #1 = -1, leaving at = inf
   Increment on distance indicator: 5.0
   Increment on tard indicator:     0.0
   Value of tmax indicator:         5.0

Task for patient = 13 with skills = {0,-1} and cost = 1112.3
   Vehicle #0 = 1, leaving at = 982.0
   Vehicle #1 = -1, leaving at = inf
   Increment on distance indicator: 19.0
   Increment on tard indicator:     0.0
   Value of tmax indicator:         19.0

Task for patient = 139 with skills = {1,-1} and cost = 1106.0
   Vehicle #0 = 15, leaving at = 745.0
   Vehicle #1 = -1, leaving at = inf
   Increment on distance indicator: 6.0
   Increment on tard indicator:     0.0
   Value of tmax indicator:         6.0

Task for patient = 90 with skills = {3,-1} and cost = 1104.0
   Vehicle #0 = 35, leaving at = 977.0
   Vehicle #1 = -1, leaving at = inf
   Increment on distance indicator: 4.0
   Increment on tard indicator:     0.0
   Value of tmax indicator:         4.0

Task for patient = 135 with skills = {5,-1} and cost = 1102.7
   Vehicle #0 = 49, leaving at = 979.0
   Vehicle #1 = -1, leaving at = inf
   Increment on distance indicator: 5.0
   Increment on tard indicator:     0.0
   Value of tmax indicator:         5.0

Task for patient = 26 with skills = {2,5} and cost = 1101.0
   Vehicle #0 = 12, leaving at = 1006.0
   Vehicle #1 = 44, leaving at = 1036.0
   Increment on distance indicator: 12.0
   Increment on tard indicator:     0.0
   Value of tmax indicator:         12.0

Task for patient = 178 with skills = {4,-1} and cost = 1097.0
   Vehicle #0 = 55, leaving at = 1068.0
   Vehicle #1 = -1, leaving at = inf
   Increment on distance indicator: 2.0
   Increment on tard indicator:     0.0
   Value of tmax indicator:         2.0

Task for patient = 219 with skills = {1,5} and cost = 1124.3
   Vehicle #0 = 16, leaving at = 938.0
   Vehicle #1 = 47, leaving at = 953.0
   Increment on distance indicator: 15.0
   Increment on tard indicator:     0.0
   Value of tmax indicator:         15.0

Task for patient = 125 with skills = {2,-1} and cost = 356.0
   Vehicle #0 = 5, leaving at = 687.0
   Vehicle #1 = -1, leaving at = inf
   Increment on distance indicator: 9.0
   Increment on tard indicator:     0.0
   Value of tmax indicator:         9.0

Task for patient = 148 with skills = {0,-1} and cost = 353.0
   Vehicle #0 = 9, leaving at = 766.0
   Vehicle #1 = -1, leaving at = inf
   Increment on distance indicator: 11.0
   Increment on tard indicator:     0.0
   Value of tmax indicator:         11.0

Task for patient = 14 with skills = {5,-1} and cost = 349.3
   Vehicle #0 = 37, leaving at = 733.0
   Vehicle #1 = -1, leaving at = inf
   Increment on distance indicator: 14.0
   Increment on tard indicator:     0.0
   Value of tmax indicator:         14.0

Task for patient = 199 with skills = {2,3} and cost = 344.7
   Vehicle #0 = 0, leaving at = 840.0
   Vehicle #1 = 40, leaving at = 820.0
   Increment on distance indicator: 8.0
   Increment on tard indicator:     0.0
   Value of tmax indicator:         8.0

Task for patient = 47 with skills = {2,4} and cost = 342.0
   Vehicle #0 = 9, leaving at = 730.0
   Vehicle #1 = 34, leaving at = 730.0
   Increment on distance indicator: 16.0
   Increment on tard indicator:     0.0
   Value of tmax indicator:         16.0

Task for patient = 83 with skills = {1,4} and cost = 336.7
   Vehicle #0 = 4, leaving at = 818.0
   Vehicle #1 = 35, leaving at = 825.0
   Increment on distance indicator: 14.0
   Increment on tard indicator:     0.0
   Value of tmax indicator:         14.0

Task for patient = 2 with skills = {5,-1} and cost = 332.0
   Vehicle #0 = 40, leaving at = 770.0
   Vehicle #1 = -1, leaving at = inf
   Increment on distance indicator: 1.0
   Increment on tard indicator:     0.0
   Value of tmax indicator:         1.0

Task for patient = 241 with skills = {1,4} and cost = 331.7
   Vehicle #0 = 10, leaving at = 627.0
   Vehicle #1 = 34, leaving at = 604.0
   Increment on distance indicator: 12.0
   Increment on tard indicator:     0.0
   Value of tmax indicator:         12.0

Task for patient = 71 with skills = {0,-1} and cost = 789.3
   Vehicle #0 = 24, leaving at = 531.0
   Vehicle #1 = -1, leaving at = inf
   Increment on distance indicator: 23.0
   Increment on tard indicator:     0.0
   Value of tmax indicator:         23.0

Task for patient = 36 with skills = {1,4} and cost = 325.3
   Vehicle #0 = 10, leaving at = 562.0
   Vehicle #1 = 34, leaving at = 546.0
   Increment on distance indicator: 62.0
   Increment on tard indicator:     0.0
   Value of tmax indicator:         62.0

Task for patient = 4 with skills = {5,-1} and cost = 304.7
   Vehicle #0 = 40, leaving at = 741.0
   Vehicle #1 = -1, leaving at = inf
   Increment on distance indicator: 2.0
   Increment on tard indicator:     0.0
   Value of tmax indicator:         2.0

Task for patient = 85 with skills = {1,5} and cost = 304.0
   Vehicle #0 = 8, leaving at = 833.0
   Vehicle #1 = 36, leaving at = 869.0
   Increment on distance indicator: 7.0
   Increment on tard indicator:     0.0
   Value of tmax indicator:         7.0

Task for patient = 53 with skills = {3,-1} and cost = 301.7
   Vehicle #0 = 39, leaving at = 549.0
   Vehicle #1 = -1, leaving at = inf
   Increment on distance indicator: 34.0
   Increment on tard indicator:     0.0
   Value of tmax indicator:         34.0

Task for patient = 255 with skills = {0,-1} and cost = 290.3
   Vehicle #0 = 9, leaving at = 663.0
   Vehicle #1 = -1, leaving at = inf
   Increment on distance indicator: 32.0
   Increment on tard indicator:     0.0
   Value of tmax indicator:         32.0

Task for patient = 222 with skills = {5,-1} and cost = 279.7
   Vehicle #0 = 40, leaving at = 685.0
   Vehicle #1 = -1, leaving at = inf
   Increment on distance indicator: 1.0
   Increment on tard indicator:     0.0
   Value of tmax indicator:         1.0

Task for patient = 111 with skills = {0,-1} and cost = 279.3
   Vehicle #0 = 4, leaving at = 773.0
   Vehicle #1 = -1, leaving at = inf
   Increment on distance indicator: 10.0
   Increment on tard indicator:     0.0
   Value of tmax indicator:         10.0

Task for patient = 21 with skills = {2,5} and cost = 276.0
   Vehicle #0 = 7, leaving at = 644.0
   Vehicle #1 = 40, leaving at = 641.0
   Increment on distance indicator: 57.0
   Increment on tard indicator:     0.0
   Value of tmax indicator:         57.0

Task for patient = 104 with skills = {2,-1} and cost = 327.7
   Vehicle #0 = 7, leaving at = 706.0
   Vehicle #1 = -1, leaving at = inf
   Increment on distance indicator: 7.0
   Increment on tard indicator:     0.0
   Value of tmax indicator:         7.0

Task for patient = 68 with skills = {5,-1} and cost = 455.3
   Vehicle #0 = 40, leaving at = 865.0
   Vehicle #1 = -1, leaving at = inf
   Increment on distance indicator: 3.0
   Increment on tard indicator:     0.0
   Value of tmax indicator:         3.0

Task for patient = 124 with skills = {3,-1} and cost = 454.3
   Vehicle #0 = 31, leaving at = 940.0
   Vehicle #1 = -1, leaving at = inf
   Increment on distance indicator: 4.0
   Increment on tard indicator:     0.0
   Value of tmax indicator:         4.0

Task for patient = 3 with skills = {2,-1} and cost = 453.0
   Vehicle #0 = 0, leaving at = 860.0
   Vehicle #1 = -1, leaving at = inf
   Increment on distance indicator: 1.0
   Increment on tard indicator:     0.0
   Value of tmax indicator:         1.0

Task for patient = 92 with skills = {3,-1} and cost = 452.7
   Vehicle #0 = 35, leaving at = 845.0
   Vehicle #1 = -1, leaving at = inf
   Increment on distance indicator: 5.0
   Increment on tard indicator:     0.0
   Value of tmax indicator:         5.0

Task for patient = 164 with skills = {0,3} and cost = 446.0
   Vehicle #0 = 1, leaving at = 849.0
   Vehicle #1 = 31, leaving at = 883.0
   Increment on distance indicator: 12.0
   Increment on tard indicator:     0.0
   Value of tmax indicator:         12.0

Task for patient = 265 with skills = {3,-1} and cost = 442.0
   Vehicle #0 = 33, leaving at = 869.0
   Vehicle #1 = -1, leaving at = inf
   Increment on distance indicator: 3.0
   Increment on tard indicator:     0.0
   Value of tmax indicator:         3.0

Task for patient = 109 with skills = {2,4} and cost = 441.0
   Vehicle #0 = 12, leaving at = 810.0
   Vehicle #1 = 44, leaving at = 804.0
   Increment on distance indicator: 14.0
   Increment on tard indicator:     0.0
   Value of tmax indicator:         14.0

Task for patient = 154 with skills = {1,-1} and cost = 436.3
   Vehicle #0 = 12, leaving at = 676.0
   Vehicle #1 = -1, leaving at = inf
   Increment on distance indicator: 8.0
   Increment on tard indicator:     0.0
   Value of tmax indicator:         8.0

Task for patient = 80 with skills = {5,-1} and cost = 370.0
   Vehicle #0 = 44, leaving at = 623.0
   Vehicle #1 = -1, leaving at = inf
   Increment on distance indicator: 42.0
   Increment on tard indicator:     0.0
   Value of tmax indicator:         42.0

Task for patient = 285 with skills = {1,4} and cost = 432.7
   Vehicle #0 = 12, leaving at = 635.0
   Vehicle #1 = 41, leaving at = 643.0
   Increment on distance indicator: 21.0
   Increment on tard indicator:     0.0
   Value of tmax indicator:         21.0

Task for patient = 272 with skills = {5,-1} and cost = 425.7
   Vehicle #0 = 30, leaving at = 892.0
   Vehicle #1 = -1, leaving at = inf
   Increment on distance indicator: 1.0
   Increment on tard indicator:     0.0
   Value of tmax indicator:         1.0

Task for patient = 237 with skills = {1,-1} and cost = 425.3
   Vehicle #0 = 12, leaving at = 583.0
   Vehicle #1 = -1, leaving at = inf
   Increment on distance indicator: 9.0
   Increment on tard indicator:     0.0
   Value of tmax indicator:         9.0

Task for patient = 129 with skills = {1,-1} and cost = 422.3
   Vehicle #0 = 12, leaving at = 549.0
   Vehicle #1 = -1, leaving at = inf
   Increment on distance indicator: 43.0
   Increment on tard indicator:     0.0
   Value of tmax indicator:         43.0

Task for patient = 143 with skills = {5,-1} and cost = 408.0
   Vehicle #0 = 37, leaving at = 843.0
   Vehicle #1 = -1, leaving at = inf
   Increment on distance indicator: 3.0
   Increment on tard indicator:     0.0
   Value of tmax indicator:         3.0

Task for patient = 297 with skills = {2,5} and cost = 407.0
   Vehicle #0 = 7, leaving at = 746.0
   Vehicle #1 = 37, leaving at = 780.0
   Increment on distance indicator: 14.0
   Increment on tard indicator:     0.0
   Value of tmax indicator:         14.0

Task for patient = 91 with skills = {1,5} and cost = 402.3
   Vehicle #0 = 11, leaving at = 662.0
   Vehicle #1 = 45, leaving at = 627.0
   Increment on distance indicator: 24.0
   Increment on tard indicator:     0.0
   Value of tmax indicator:         24.0

Task for patient = 210 with skills = {4,-1} and cost = 394.3
   Vehicle #0 = 41, leaving at = 546.0
   Vehicle #1 = -1, leaving at = inf
   Increment on distance indicator: 40.0
   Increment on tard indicator:     0.0
   Value of tmax indicator:         40.0

Task for patient = 106 with skills = {1,4} and cost = 381.0
   Vehicle #0 = 10, leaving at = 700.0
   Vehicle #1 = 44, leaving at = 697.0
   Increment on distance indicator: 33.0
   Increment on tard indicator:     0.0
   Value of tmax indicator:         33.0

Task for patient = 74 with skills = {4,-1} and cost = 433.7
   Vehicle #0 = 30, leaving at = 929.0
   Vehicle #1 = -1, leaving at = inf
   Increment on distance indicator: 3.0
   Increment on tard indicator:     0.0
   Value of tmax indicator:         3.0

Task for patient = 137 with skills = {3,-1} and cost = 148.3
   Vehicle #0 = 32, leaving at = 695.0
   Vehicle #1 = -1, leaving at = inf
   Increment on distance indicator: 11.0
   Increment on tard indicator:     0.0
   Value of tmax indicator:         11.0

Task for patient = 117 with skills = {2,4} and cost = 144.7
   Vehicle #0 = 5, leaving at = 554.0
   Vehicle #1 = 32, leaving at = 615.0
   Increment on distance indicator: 60.0
   Increment on tard indicator:     0.0
   Value of tmax indicator:         60.0

Task for patient = 33 with skills = {1,-1} and cost = 124.7
   Vehicle #0 = 3, leaving at = 633.0
   Vehicle #1 = -1, leaving at = inf
   Increment on distance indicator: 8.0
   Increment on tard indicator:     0.0
   Value of tmax indicator:         8.0

Task for patient = 79 with skills = {3,-1} and cost = 122.0
   Vehicle #0 = 31, leaving at = 637.0
   Vehicle #1 = -1, leaving at = inf
   Increment on distance indicator: 20.0
   Increment on tard indicator:     0.0
   Value of tmax indicator:         20.0

Task for patient = 62 with skills = {0,-1} and cost = 115.3
   Vehicle #0 = 4, leaving at = 544.0
   Vehicle #1 = -1, leaving at = inf
   Increment on distance indicator: 32.0
   Increment on tard indicator:     0.0
   Value of tmax indicator:         32.0

Task for patient = 52 with skills = {3,-1} and cost = 104.7
   Vehicle #0 = 31, leaving at = 584.0
   Vehicle #1 = -1, leaving at = inf
   Increment on distance indicator: 29.0
   Increment on tard indicator:     0.0
   Value of tmax indicator:         29.0

Task for patient = 228 with skills = {5,-1} and cost = 95.0
   Vehicle #0 = 36, leaving at = 784.0
   Vehicle #1 = -1, leaving at = inf
   Increment on distance indicator: 5.0
   Increment on tard indicator:     0.0
   Value of tmax indicator:         5.0

Task for patient = 95 with skills = {1,-1} and cost = 93.3
   Vehicle #0 = 3, leaving at = 590.0
   Vehicle #1 = -1, leaving at = inf
   Increment on distance indicator: 43.0
   Increment on tard indicator:     0.0
   Value of tmax indicator:         43.0

Task for patient = 295 with skills = {2,4} and cost = 257.0
   Vehicle #0 = 0, leaving at = 784.0
   Vehicle #1 = 33, leaving at = 797.0
   Increment on distance indicator: 10.0
   Increment on tard indicator:     0.0
   Value of tmax indicator:         10.0

Task for patient = 73 with skills = {0,3} and cost = 77.0
   Vehicle #0 = 1, leaving at = 728.0
   Vehicle #1 = 35, leaving at = 720.0
   Increment on distance indicator: 33.0
   Increment on tard indicator:     0.0
   Value of tmax indicator:         33.0

Task for patient = 30 with skills = {1,-1} and cost = 66.0
   Vehicle #0 = 2, leaving at = 801.0
   Vehicle #1 = -1, leaving at = inf
   Increment on distance indicator: 14.0
   Increment on tard indicator:     0.0
   Value of tmax indicator:         14.0

Task for patient = 24 with skills = {5,-1} and cost = 61.3
   Vehicle #0 = 35, leaving at = 594.0
   Vehicle #1 = -1, leaving at = inf
   Increment on distance indicator: 33.0
   Increment on tard indicator:     0.0
   Value of tmax indicator:         33.0

Task for patient = 192 with skills = {2,-1} and cost = 50.3
   Vehicle #0 = 0, leaving at = 732.0
   Vehicle #1 = -1, leaving at = inf
   Increment on distance indicator: 7.0
   Increment on tard indicator:     0.0
   Value of tmax indicator:         7.0

Task for patient = 15 with skills = {4,-1} and cost = 48.0
   Vehicle #0 = 30, leaving at = 789.0
   Vehicle #1 = -1, leaving at = inf
   Increment on distance indicator: 7.0
   Increment on tard indicator:     0.0
   Value of tmax indicator:         7.0

Task for patient = 284 with skills = {1,5} and cost = 45.7
   Vehicle #0 = 2, leaving at = 734.0
   Vehicle #1 = 30, leaving at = 744.0
   Increment on distance indicator: 42.0
   Increment on tard indicator:     0.0
   Value of tmax indicator:         42.0

Task for patient = 185 with skills = {0,3} and cost = 31.7
   Vehicle #0 = 1, leaving at = 637.0
   Vehicle #1 = 30, leaving at = 675.0
   Increment on distance indicator: 50.0
   Increment on tard indicator:     0.0
   Value of tmax indicator:         50.0

Task for patient = 276 with skills = {2,-1} and cost = 15.0
   Vehicle #0 = 0, leaving at = 672.0
   Vehicle #1 = -1, leaving at = inf
   Increment on distance indicator: 9.0
   Increment on tard indicator:     0.0
   Value of tmax indicator:         9.0

Task for patient = 231 with skills = {2,-1} and cost = 12.0
   Vehicle #0 = 0, leaving at = 535.0
   Vehicle #1 = -1, leaving at = inf
   Increment on distance indicator: 36.0
   Increment on tard indicator:     0.0
   Value of tmax indicator:         36.0

Task for patient = 159 with skills = {4,-1} and cost = 79.0
   Vehicle #0 = 35, leaving at = 773.0
   Vehicle #1 = -1, leaving at = inf
   Increment on distance indicator: 6.0
   Increment on tard indicator:     0.0
   Value of tmax indicator:         6.0

Task for patient = 246 with skills = {3,-1} and cost = 253.7
   Vehicle #0 = 33, leaving at = 693.0
   Vehicle #1 = -1, leaving at = inf
   Increment on distance indicator: 10.0
   Increment on tard indicator:     0.0
   Value of tmax indicator:         10.0

Task for patient = 146 with skills = {0,3} and cost = 250.3
   Vehicle #0 = 1, leaving at = 828.0
   Vehicle #1 = 31, leaving at = 826.0
   Increment on distance indicator: 8.0
   Increment on tard indicator:     0.0
   Value of tmax indicator:         8.0

Task for patient = 227 with skills = {0,3} and cost = 247.7
   Vehicle #0 = 1, leaving at = 769.0
   Vehicle #1 = 31, leaving at = 785.0
   Increment on distance indicator: 14.0
   Increment on tard indicator:     0.0
   Value of tmax indicator:         14.0

Task for patient = 28 with skills = {1,3} and cost = 243.0
   Vehicle #0 = 6, leaving at = 719.0
   Vehicle #1 = 32, leaving at = 714.0
   Increment on distance indicator: 9.0
   Increment on tard indicator:     0.0
   Value of tmax indicator:         9.0

Task for patient = 56 with skills = {3,-1} and cost = 240.0
   Vehicle #0 = 31, leaving at = 738.0
   Vehicle #1 = -1, leaving at = inf
   Increment on distance indicator: 5.0
   Increment on tard indicator:     0.0
   Value of tmax indicator:         5.0

Task for patient = 252 with skills = {2,-1} and cost = 238.3
   Vehicle #0 = 7, leaving at = 589.0
   Vehicle #1 = -1, leaving at = inf
   Increment on distance indicator: 6.0
   Increment on tard indicator:     0.0
   Value of tmax indicator:         6.0

Task for patient = 158 with skills = {2,4} and cost = 236.3
   Vehicle #0 = 7, leaving at = 550.0
   Vehicle #1 = 33, leaving at = 568.0
   Increment on distance indicator: 84.0
   Increment on tard indicator:     0.0
   Value of tmax indicator:         84.0

Task for patient = 212 with skills = {5,-1} and cost = 208.3
   Vehicle #0 = 30, leaving at = 847.0
   Vehicle #1 = -1, leaving at = inf
   Increment on distance indicator: 4.0
   Increment on tard indicator:     0.0
   Value of tmax indicator:         4.0

Task for patient = 229 with skills = {1,-1} and cost = 153.3
   Vehicle #0 = 3, leaving at = 677.0
   Vehicle #1 = -1, leaving at = inf
   Increment on distance indicator: 15.0
   Increment on tard indicator:     0.0
   Value of tmax indicator:         15.0

Task for patient = 214 with skills = {0,5} and cost = 204.3
   Vehicle #0 = 4, leaving at = 669.0
   Vehicle #1 = 38, leaving at = 687.0
   Increment on distance indicator: 15.0
   Increment on tard indicator:     0.0
   Value of tmax indicator:         15.0

Task for patient = 201 with skills = {2,-1} and cost = 199.3
   Vehicle #0 = 6, leaving at = 648.0
   Vehicle #1 = -1, leaving at = inf
   Increment on distance indicator: 6.0
   Increment on tard indicator:     0.0
   Value of tmax indicator:         6.0

Task for patient = 271 with skills = {1,3} and cost = 197.3
   Vehicle #0 = 6, leaving at = 612.0
   Vehicle #1 = 38, leaving at = 622.0
   Increment on distance indicator: 27.0
   Increment on tard indicator:     0.0
   Value of tmax indicator:         27.0

Task for patient = 107 with skills = {5,-1} and cost = 188.3
   Vehicle #0 = 30, leaving at = 828.0
   Vehicle #1 = -1, leaving at = inf
   Increment on distance indicator: 2.0
   Increment on tard indicator:     0.0
   Value of tmax indicator:         2.0

Task for patient = 221 with skills = {2,-1} and cost = 187.7
   Vehicle #0 = 6, leaving at = 538.0
   Vehicle #1 = -1, leaving at = inf
   Increment on distance indicator: 33.0
   Increment on tard indicator:     0.0
   Value of tmax indicator:         33.0

Task for patient = 150 with skills = {5,-1} and cost = 176.7
   Vehicle #0 = 38, leaving at = 543.0
   Vehicle #1 = -1, leaving at = inf
   Increment on distance indicator: 18.0
   Increment on tard indicator:     0.0
   Value of tmax indicator:         18.0

Task for patient = 93 with skills = {3,-1} and cost = 170.7
   Vehicle #0 = 31, leaving at = 676.0
   Vehicle #1 = -1, leaving at = inf
   Increment on distance indicator: 7.0
   Increment on tard indicator:     0.0
   Value of tmax indicator:         7.0

Task for patient = 17 with skills = {2,5} and cost = 168.3
   Vehicle #0 = 5, leaving at = 661.0
   Vehicle #1 = 37, leaving at = 665.0
   Increment on distance indicator: 13.0
   Increment on tard indicator:     0.0
   Value of tmax indicator:         13.0

Task for patient = 120 with skills = {5,-1} and cost = 164.0
   Vehicle #0 = 37, leaving at = 611.0
   Vehicle #1 = -1, leaving at = inf
   Increment on distance indicator: 32.0
   Increment on tard indicator:     0.0
   Value of tmax indicator:         32.0

Task for patient = 176 with skills = {1,3} and cost = 207.0
   Vehicle #0 = 4, leaving at = 706.0
   Vehicle #1 = 38, leaving at = 732.0
   Increment on distance indicator: 8.0
   Increment on tard indicator:     0.0
   Value of tmax indicator:         8.0

Task for patient = 147 with skills = {0,3} and cost = 717.0
   Vehicle #0 = 22, leaving at = 769.0
   Vehicle #1 = 38, leaving at = 833.0
   Increment on distance indicator: 6.0
   Increment on tard indicator:     0.0
   Value of tmax indicator:         6.0

Task for patient = 10 with skills = {0,-1} and cost = 715.0
   Vehicle #0 = 4, leaving at = 927.0
   Vehicle #1 = -1, leaving at = inf
   Increment on distance indicator: 1.0
   Increment on tard indicator:     0.0
   Value of tmax indicator:         1.0

Task for patient = 244 with skills = {0,3} and cost = 714.7
   Vehicle #0 = 19, leaving at = 784.0
   Vehicle #1 = 39, leaving at = 774.0
   Increment on distance indicator: 17.0
   Increment on tard indicator:     0.0
   Value of tmax indicator:         17.0

Task for patient = 51 with skills = {0,-1} and cost = 709.0
   Vehicle #0 = 4, leaving at = 850.0
   Vehicle #1 = -1, leaving at = inf
   Increment on distance indicator: 5.0
   Increment on tard indicator:     0.0
   Value of tmax indicator:         5.0

Task for patient = 16 with skills = {1,5} and cost = 707.3
   Vehicle #0 = 10, leaving at = 783.0
   Vehicle #1 = 49, leaving at = 826.0
   Increment on distance indicator: 11.0
   Increment on tard indicator:     0.0
   Value of tmax indicator:         11.0

Task for patient = 63 with skills = {5,-1} and cost = 703.7
   Vehicle #0 = 51, leaving at = 630.0
   Vehicle #1 = -1, leaving at = inf
   Increment on distance indicator: 33.0
   Increment on tard indicator:     0.0
   Value of tmax indicator:         33.0

Task for patient = 249 with skills = {5,-1} and cost = 692.7
   Vehicle #0 = 48, leaving at = 731.0
   Vehicle #1 = -1, leaving at = inf
   Increment on distance indicator: 11.0
   Increment on tard indicator:     0.0
   Value of tmax indicator:         11.0

Task for patient = 217 with skills = {0,-1} and cost = 689.0
   Vehicle #0 = 16, leaving at = 722.0
   Vehicle #1 = -1, leaving at = inf
   Increment on distance indicator: 9.0
   Increment on tard indicator:     0.0
   Value of tmax indicator:         9.0

Task for patient = 269 with skills = {2,5} and cost = 457.3
   Vehicle #0 = 0, leaving at = 918.0
   Vehicle #1 = 40, leaving at = 899.0
   Increment on distance indicator: 6.0
   Increment on tard indicator:     0.0
   Value of tmax indicator:         6.0

Task for patient = 223 with skills = {1,-1} and cost = 685.3
   Vehicle #0 = 22, leaving at = 738.0
   Vehicle #1 = -1, leaving at = inf
   Increment on distance indicator: 2.0
   Increment on tard indicator:     0.0
   Value of tmax indicator:         2.0

Task for patient = 205 with skills = {1,-1} and cost = 684.7
   Vehicle #0 = 22, leaving at = 678.0
   Vehicle #1 = -1, leaving at = inf
   Increment on distance indicator: 13.0
   Increment on tard indicator:     0.0
   Value of tmax indicator:         13.0

Task for patient = 29 with skills = {5,-1} and cost = 680.3
   Vehicle #0 = 48, leaving at = 690.0
   Vehicle #1 = -1, leaving at = inf
   Increment on distance indicator: 15.0
   Increment on tard indicator:     0.0
   Value of tmax indicator:         15.0

Task for patient = 75 with skills = {2,3} and cost = 675.3
   Vehicle #0 = 22, leaving at = 613.0
   Vehicle #1 = 43, leaving at = 604.0
   Increment on distance indicator: 26.0
   Increment on tard indicator:     0.0
   Value of tmax indicator:         26.0

Task for patient = 167 with skills = {2,4} and cost = 666.7
   Vehicle #0 = 19, leaving at = 753.0
   Vehicle #1 = 47, leaving at = 714.0
   Increment on distance indicator: 6.0
   Increment on tard indicator:     0.0
   Value of tmax indicator:         6.0

Task for patient = 226 with skills = {2,-1} and cost = 664.7
   Vehicle #0 = 18, leaving at = 790.0
   Vehicle #1 = -1, leaving at = inf
   Increment on distance indicator: 5.0
   Increment on tard indicator:     0.0
   Value of tmax indicator:         5.0

Task for patient = 112 with skills = {2,5} and cost = 663.0
   Vehicle #0 = 5, leaving at = 746.0
   Vehicle #1 = 49, leaving at = 718.0
   Increment on distance indicator: 16.0
   Increment on tard indicator:     0.0
   Value of tmax indicator:         16.0

Task for patient = 279 with skills = {2,-1} and cost = 657.7
   Vehicle #0 = 22, leaving at = 513.0
   Vehicle #1 = -1, leaving at = inf
   Increment on distance indicator: 30.0
   Increment on tard indicator:     0.0
   Value of tmax indicator:         30.0

Task for patient = 64 with skills = {2,-1} and cost = 686.0
   Vehicle #0 = 18, leaving at = 840.0
   Vehicle #1 = -1, leaving at = inf
   Increment on distance indicator: 2.0
   Increment on tard indicator:     0.0
   Value of tmax indicator:         2.0

Task for patient = 69 with skills = {3,-1} and cost = 1247.3
   Vehicle #0 = 30, leaving at = 1016.0
   Vehicle #1 = -1, leaving at = inf
   Increment on distance indicator: 4.0
   Increment on tard indicator:     0.0
   Value of tmax indicator:         4.0

Task for patient = 191 with skills = {4,-1} and cost = 781.7
   Vehicle #0 = 45, leaving at = 693.0
   Vehicle #1 = -1, leaving at = inf
   Increment on distance indicator: 10.0
   Increment on tard indicator:     0.0
   Value of tmax indicator:         10.0

Task for patient = 144 with skills = {1,-1} and cost = 778.3
   Vehicle #0 = 6, leaving at = 815.0
   Vehicle #1 = -1, leaving at = inf
   Increment on distance indicator: 5.0
   Increment on tard indicator:     0.0
   Value of tmax indicator:         5.0

Task for patient = 194 with skills = {0,3} and cost = 776.7
   Vehicle #0 = 19, leaving at = 879.0
   Vehicle #1 = 39, leaving at = 922.0
   Increment on distance indicator: 18.0
   Increment on tard indicator:     0.0
   Value of tmax indicator:         18.0

Task for patient = 20 with skills = {3,-1} and cost = 770.7
   Vehicle #0 = 51, leaving at = 716.0
   Vehicle #1 = -1, leaving at = inf
   Increment on distance indicator: 10.0
   Increment on tard indicator:     0.0
   Value of tmax indicator:         10.0

Task for patient = 243 with skills = {1,-1} and cost = 767.3
   Vehicle #0 = 12, leaving at = 920.0
   Vehicle #1 = -1, leaving at = inf
   Increment on distance indicator: 4.0
   Increment on tard indicator:     0.0
   Value of tmax indicator:         4.0

Task for patient = 250 with skills = {1,3} and cost = 766.0
   Vehicle #0 = 13, leaving at = 750.0
   Vehicle #1 = 43, leaving at = 731.0
   Increment on distance indicator: 15.0
   Increment on tard indicator:     0.0
   Value of tmax indicator:         15.0

Task for patient = 172 with skills = {0,-1} and cost = 761.0
   Vehicle #0 = 9, leaving at = 871.0
   Vehicle #1 = -1, leaving at = inf
   Increment on distance indicator: 7.0
   Increment on tard indicator:     0.0
   Value of tmax indicator:         7.0

Task for patient = 197 with skills = {5,-1} and cost = 718.0
   Vehicle #0 = 35, leaving at = 898.0
   Vehicle #1 = -1, leaving at = inf
   Increment on distance indicator: 3.0
   Increment on tard indicator:     0.0
   Value of tmax indicator:         3.0

Task for patient = 77 with skills = {1,3} and cost = 753.0
   Vehicle #0 = 2, leaving at = 829.0
   Vehicle #1 = 48, leaving at = 823.0
   Increment on distance indicator: 9.0
   Increment on tard indicator:     0.0
   Value of tmax indicator:         9.0

Task for patient = 277 with skills = {3,-1} and cost = 750.0
   Vehicle #0 = 53, leaving at = 537.0
   Vehicle #1 = -1, leaving at = inf
   Increment on distance indicator: 43.0
   Increment on tard indicator:     0.0
   Value of tmax indicator:         43.0

Task for patient = 155 with skills = {2,3} and cost = 735.7
   Vehicle #0 = 19, leaving at = 822.0
   Vehicle #1 = 39, leaving at = 875.0
   Increment on distance indicator: 18.0
   Increment on tard indicator:     0.0
   Value of tmax indicator:         18.0

Task for patient = 160 with skills = {5,-1} and cost = 729.7
   Vehicle #0 = 44, leaving at = 841.0
   Vehicle #1 = -1, leaving at = inf
   Increment on distance indicator: 11.0
   Increment on tard indicator:     0.0
   Value of tmax indicator:         11.0

Task for patient = 50 with skills = {3,-1} and cost = 726.0
   Vehicle #0 = 40, leaving at = 923.0
   Vehicle #1 = -1, leaving at = inf
   Increment on distance indicator: 4.0
   Increment on tard indicator:     0.0
   Value of tmax indicator:         4.0

Task for patient = 238 with skills = {3,-1} and cost = 724.7
   Vehicle #0 = 51, leaving at = 682.0
   Vehicle #1 = -1, leaving at = inf
   Increment on distance indicator: 3.0
   Increment on tard indicator:     0.0
   Value of tmax indicator:         3.0

Task for patient = 9 with skills = {2,5} and cost = 723.7
   Vehicle #0 = 6, leaving at = 793.0
   Vehicle #1 = 46, leaving at = 820.0
   Increment on distance indicator: 12.0
   Increment on tard indicator:     0.0
   Value of tmax indicator:         12.0

Task for patient = 174 with skills = {5,-1} and cost = 719.7
   Vehicle #0 = 51, leaving at = 664.0
   Vehicle #1 = -1, leaving at = inf
   Increment on distance indicator: 4.0
   Increment on tard indicator:     0.0
   Value of tmax indicator:         4.0

Task for patient = 145 with skills = {4,-1} and cost = 718.3
   Vehicle #0 = 36, leaving at = 927.0
   Vehicle #1 = -1, leaving at = inf
   Increment on distance indicator: 1.0
   Increment on tard indicator:     0.0
   Value of tmax indicator:         1.0

Task for patient = 110 with skills = {4,-1} and cost = 758.7
   Vehicle #0 = 36, leaving at = 968.0
   Vehicle #1 = -1, leaving at = inf
   Increment on distance indicator: 17.0
   Increment on tard indicator:     0.0
   Value of tmax indicator:         17.0

Task for patient = 103 with skills = {0,-1} and cost = 546.3
   Vehicle #0 = 10, leaving at = 754.0
   Vehicle #1 = -1, leaving at = inf
   Increment on distance indicator: 8.0
   Increment on tard indicator:     0.0
   Value of tmax indicator:         8.0

Task for patient = 173 with skills = {0,-1} and cost = 543.7
   Vehicle #0 = 18, leaving at = 595.0
   Vehicle #1 = -1, leaving at = inf
   Increment on distance indicator: 5.0
   Increment on tard indicator:     0.0
   Value of tmax indicator:         5.0

Task for patient = 131 with skills = {3,-1} and cost = 542.0
   Vehicle #0 = 43, leaving at = 543.0
   Vehicle #1 = -1, leaving at = inf
   Increment on distance indicator: 28.0
   Increment on tard indicator:     0.0
   Value of tmax indicator:         28.0

Task for patient = 287 with skills = {2,-1} and cost = 532.7
   Vehicle #0 = 7, leaving at = 815.0
   Vehicle #1 = -1, leaving at = inf
   Increment on distance indicator: 1.0
   Increment on tard indicator:     0.0
   Value of tmax indicator:         1.0

Task for patient = 168 with skills = {5,-1} and cost = 532.3
   Vehicle #0 = 47, leaving at = 556.0
   Vehicle #1 = -1, leaving at = inf
   Increment on distance indicator: 38.0
   Increment on tard indicator:     0.0
   Value of tmax indicator:         38.0

Task for patient = 43 with skills = {3,-1} and cost = 519.7
   Vehicle #0 = 39, leaving at = 669.0
   Vehicle #1 = -1, leaving at = inf
   Increment on distance indicator: 4.0
   Increment on tard indicator:     0.0
   Value of tmax indicator:         4.0

Task for patient = 126 with skills = {3,-1} and cost = 518.3
   Vehicle #0 = 33, leaving at = 902.0
   Vehicle #1 = -1, leaving at = inf
   Increment on distance indicator: 3.0
   Increment on tard indicator:     0.0
   Value of tmax indicator:         3.0

Task for patient = 115 with skills = {1,-1} and cost = 517.3
   Vehicle #0 = 14, leaving at = 655.0
   Vehicle #1 = -1, leaving at = inf
   Increment on distance indicator: 18.0
   Increment on tard indicator:     0.0
   Value of tmax indicator:         18.0

Task for patient = 12 with skills = {3,-1} and cost = 647.7
   Vehicle #0 = 48, leaving at = 615.0
   Vehicle #1 = -1, leaving at = inf
   Increment on distance indicator: 20.0
   Increment on tard indicator:     0.0
   Value of tmax indicator:         20.0

Task for patient = 32 with skills = {3,-1} and cost = 498.7
   Vehicle #0 = 39, leaving at = 631.0
   Vehicle #1 = -1, leaving at = inf
   Increment on distance indicator: 6.0
   Increment on tard indicator:     0.0
   Value of tmax indicator:         6.0

Task for patient = 225 with skills = {5,-1} and cost = 496.7
   Vehicle #0 = 36, leaving at = 894.0
   Vehicle #1 = -1, leaving at = inf
   Increment on distance indicator: 7.0
   Increment on tard indicator:     0.0
   Value of tmax indicator:         7.0

Task for patient = 108 with skills = {0,4} and cost = 494.3
   Vehicle #0 = 16, leaving at = 560.0
   Vehicle #1 = 42, leaving at = 537.0
   Increment on distance indicator: 10.0
   Increment on tard indicator:     0.0
   Value of tmax indicator:         10.0

Task for patient = 66 with skills = {1,4} and cost = 491.0
   Vehicle #0 = 13, leaving at = 687.0
   Vehicle #1 = 46, leaving at = 739.0
   Increment on distance indicator: 14.0
   Increment on tard indicator:     0.0
   Value of tmax indicator:         14.0

Task for patient = 251 with skills = {5,-1} and cost = 486.3
   Vehicle #0 = 46, leaving at = 671.0
   Vehicle #1 = -1, leaving at = inf
   Increment on distance indicator: 4.0
   Increment on tard indicator:     0.0
   Value of tmax indicator:         4.0

Task for patient = 81 with skills = {0,4} and cost = 485.0
   Vehicle #0 = 13, leaving at = 606.0
   Vehicle #1 = 46, leaving at = 607.0
   Increment on distance indicator: 40.0
   Increment on tard indicator:     0.0
   Value of tmax indicator:         40.0

Task for patient = 70 with skills = {3,-1} and cost = 471.7
   Vehicle #0 = 32, leaving at = 773.0
   Vehicle #1 = -1, leaving at = inf
   Increment on distance indicator: 3.0
   Increment on tard indicator:     0.0
   Value of tmax indicator:         3.0

Task for patient = 184 with skills = {5,-1} and cost = 470.7
   Vehicle #0 = 46, leaving at = 556.0
   Vehicle #1 = -1, leaving at = inf
   Increment on distance indicator: 37.0
   Increment on tard indicator:     0.0
   Value of tmax indicator:         37.0

Task for patient = 57 with skills = {3,-1} and cost = 458.3
   Vehicle #0 = 37, leaving at = 894.0
   Vehicle #1 = -1, leaving at = inf
   Increment on distance indicator: 3.0
   Increment on tard indicator:     0.0
   Value of tmax indicator:         3.0

Task for patient = 152 with skills = {0,-1} and cost = 511.3
   Vehicle #0 = 18, leaving at = 558.0
   Vehicle #1 = -1, leaving at = inf
   Increment on distance indicator: 38.0
   Increment on tard indicator:     0.0
   Value of tmax indicator:         38.0

Task for patient = 121 with skills = {3,-1} and cost = 641.0
   Vehicle #0 = 49, leaving at = 613.0
   Vehicle #1 = -1, leaving at = inf
   Increment on distance indicator: 6.0
   Increment on tard indicator:     0.0
   Value of tmax indicator:         6.0

Task for patient = 88 with skills = {1,4} and cost = 639.0
   Vehicle #0 = 15, leaving at = 591.0
   Vehicle #1 = 51, leaving at = 561.0
   Increment on distance indicator: 6.0
   Increment on tard indicator:     0.0
   Value of tmax indicator:         6.0

Task for patient = 132 with skills = {0,5} and cost = 637.0
   Vehicle #0 = 19, leaving at = 667.0
   Vehicle #1 = 47, leaving at = 681.0
   Increment on distance indicator: 12.0
   Increment on tard indicator:     0.0
   Value of tmax indicator:         12.0

Task for patient = 40 with skills = {3,-1} and cost = 633.0
   Vehicle #0 = 50, leaving at = 687.0
   Vehicle #1 = -1, leaving at = inf
   Increment on distance indicator: 0.0
   Increment on tard indicator:     0.0
   Value of tmax indicator:         0.0

Task for patient = 233 with skills = {2,5} and cost = 633.0
   Vehicle #0 = 19, leaving at = 593.0
   Vehicle #1 = 49, leaving at = 580.0
   Increment on distance indicator: 17.0
   Increment on tard indicator:     0.0
   Value of tmax indicator:         17.0

Task for patient = 114 with skills = {5,-1} and cost = 627.3
   Vehicle #0 = 49, leaving at = 548.0
   Vehicle #1 = -1, leaving at = inf
   Increment on distance indicator: 42.0
   Increment on tard indicator:     0.0
   Value of tmax indicator:         42.0

Task for patient = 200 with skills = {2,-1} and cost = 613.3
   Vehicle #0 = 19, leaving at = 545.0
   Vehicle #1 = -1, leaving at = inf
   Increment on distance indicator: 17.0
   Increment on tard indicator:     0.0
   Value of tmax indicator:         17.0

Task for patient = 78 with skills = {2,-1} and cost = 607.7
   Vehicle #0 = 20, leaving at = 808.0
   Vehicle #1 = -1, leaving at = inf
   Increment on distance indicator: 3.0
   Increment on tard indicator:     0.0
   Value of tmax indicator:         3.0

Task for patient = 230 with skills = {3,-1} and cost = 548.3
   Vehicle #0 = 38, leaving at = 775.0
   Vehicle #1 = -1, leaving at = inf
   Increment on distance indicator: 6.0
   Increment on tard indicator:     0.0
   Value of tmax indicator:         6.0

Task for patient = 23 with skills = {4,-1} and cost = 606.0
   Vehicle #0 = 48, leaving at = 541.0
   Vehicle #1 = -1, leaving at = inf
   Increment on distance indicator: 9.0
   Increment on tard indicator:     0.0
   Value of tmax indicator:         9.0

Task for patient = 153 with skills = {4,-1} and cost = 603.0
   Vehicle #0 = 42, leaving at = 590.0
   Vehicle #1 = -1, leaving at = inf
   Increment on distance indicator: 33.0
   Increment on tard indicator:     0.0
   Value of tmax indicator:         33.0

Task for patient = 198 with skills = {0,-1} and cost = 592.0
   Vehicle #0 = 19, leaving at = 500.0
   Vehicle #1 = -1, leaving at = inf
   Increment on distance indicator: 34.0
   Increment on tard indicator:     0.0
   Value of tmax indicator:         34.0

Task for patient = 207 with skills = {0,-1} and cost = 580.7
   Vehicle #0 = 16, leaving at = 624.0
   Vehicle #1 = -1, leaving at = inf
   Increment on distance indicator: 37.0
   Increment on tard indicator:     0.0
   Value of tmax indicator:         37.0

Task for patient = 8 with skills = {5,-1} and cost = 568.3
   Vehicle #0 = 47, leaving at = 636.0
   Vehicle #1 = -1, leaving at = inf
   Increment on distance indicator: 21.0
   Increment on tard indicator:     0.0
   Value of tmax indicator:         21.0

Task for patient = 118 with skills = {3,-1} and cost = 561.3
   Vehicle #0 = 43, leaving at = 574.0
   Vehicle #1 = -1, leaving at = inf
   Increment on distance indicator: 16.0
   Increment on tard indicator:     0.0
   Value of tmax indicator:         16.0

Task for patient = 55 with skills = {3,-1} and cost = 556.0
   Vehicle #0 = 46, leaving at = 768.0
   Vehicle #1 = -1, leaving at = inf
   Increment on distance indicator: 2.0
   Increment on tard indicator:     0.0
   Value of tmax indicator:         2.0

Task for patient = 89 with skills = {2,4} and cost = 555.3
   Vehicle #0 = 18, leaving at = 745.0
   Vehicle #1 = 34, leaving at = 758.0
   Increment on distance indicator: 6.0
   Increment on tard indicator:     0.0
   Value of tmax indicator:         6.0

Task for patient = 275 with skills = {1,3} and cost = 553.3
   Vehicle #0 = 18, leaving at = 701.0
   Vehicle #1 = 39, leaving at = 697.0
   Increment on distance indicator: 15.0
   Increment on tard indicator:     0.0
   Value of tmax indicator:         15.0

Task for patient = 49 with skills = {1,-1} and cost = 606.7
   Vehicle #0 = 16, leaving at = 678.0
   Vehicle #1 = -1, leaving at = inf
   Increment on distance indicator: 2.0
   Increment on tard indicator:     0.0
   Value of tmax indicator:         2.0


Unused vehicle list: 17 21 27 28 29 59 (total = 6 out of 60)

---
Search finished.
Total of 448 generations in 21.4 seconds.
Exchange elite runs: 0
Implicit path relinking runs: 4
Reset attempts: 0

Best solution found:
   Cost: 1780.7
   Total travel time: 5323.0
   Total tardiness time: 12.0
   Largest tardiness: 7.0


1780.7
