--- BRKGA-MP-IPR for HHCRSP ---
Instance: new-instances/HHCRSP_300_60_18_0.8_C_RC.txt
Seed: 1

Reading data... Problem contains 300 patients  and 60 caregivers.

Summary of supply x demand for each service type:
Skill 0 has supply = 19 and demand = 67, ratio = 0.283582
Skill 1 has supply = 22 and demand = 77, ratio = 0.285714
Skill 2 has supply = 18 and demand = 55, ratio = 0.327273
Skill 3 has supply = 18 and demand = 55, ratio = 0.327273
Skill 4 has supply = 20 and demand = 78, ratio = 0.25641
Skill 5 has supply = 18 and demand = 58, ratio = 0.310345

Reading parameters...
Inferred distance function by PR type: kendall-tau
Building BRKGA data and initializing...
Evolving 448 generations...

  Gens  Rem    Local   ElDiv NoImpr             Best solution            Time  Op
                                       Cost     Dist    Tard    TMax 
*    0  448  6354.33  423.38      0  6354.33  6458.00 12187.0   418.0     0.0    
*    2  446  5748.00  343.81      0  5748.00  6285.00 10551.0   408.0     0.1    
*    5  443  5144.00  384.55      0  5144.00  6293.00  8421.0   345.0     0.3    
*    6  442  5019.67  354.15      0  5019.67  6194.00  8157.0   396.0     0.3    
*    7  441  4915.67  309.90      0  4915.67  6323.00  8001.0   352.0     0.3    
*    8  440  4892.00  300.37      0  4892.00  6422.00  7100.0   374.0     0.4    
*    9  439  4632.00  321.82      0  4632.00  5965.00  5209.0   316.0     0.4    
*   10  438  3830.00  279.93      0  3830.00  5965.00  5209.0   316.0     0.5    
*   15  433  3773.67  252.60      0  3773.67  6107.00  3646.0   279.0     0.7    
*   16  432  3344.00  242.93      0  3344.00  6001.00  3260.0   332.0     0.7    
*   17  431  3197.67  225.84      0  3197.67  6001.00  3260.0   332.0     0.8    
*   19  429  2816.00  215.08      0  2816.00  6078.00  2056.0   314.0     0.9    
*   23  425  2626.00  145.47      0  2626.00  6141.00  1561.0   176.0     1.1    
*   25  423  2524.33  124.07      0  2524.33  5894.00  1485.0   194.0     1.2    
*   28  420  2478.00  111.46      0  2478.00  5965.00   808.0   115.0     1.3    

  Gens  Rem    Local   ElDiv NoImpr             Best solution            Time  Op
                                       Cost     Dist    Tard    TMax 
*   29  419  2296.00  103.76      0  2296.00  5965.00   808.0   115.0     1.4    
*   31  417  2232.67  100.88      0  2232.67  6030.00   529.0   139.0     1.4    
*   33  415  2226.67   86.31      0  2226.67  6051.00   516.0   113.0     1.5    
*   36  412  2178.33   65.53      0  2178.33  5772.00   150.0    72.0     1.7    
*   37  411  1998.00   62.28      0  1998.00  5772.00   150.0    72.0     1.7    
*   40  408  1982.67   65.64      0  1982.67  5835.00    93.0    20.0     1.8    
*   43  405  1972.33   42.92      0  1972.33  5776.00   108.0    33.0     2.0    
*   45  403  1945.00   40.84      0  1945.00  5673.00    98.0    24.0     2.1    
*   46  402  1931.67   37.38      0  1931.67  5673.00    98.0    24.0     2.1    
*   48  400  1896.33   34.91      0  1896.33  5618.00    60.0    11.0     2.2    
    50  398  1896.33   31.20      2  1896.33  5618.00    60.0    11.0     2.3    
*   51  397  1877.33   29.97      0  1877.33  5553.00    64.0    15.0     2.3    
*   59  389  1860.00   19.50      0  1860.00  5539.00    32.0     9.0     2.7    
*   61  387  1858.00   19.71      0  1858.00  5555.00    15.0     4.0     2.8    
*   65  383  1847.33   17.70      0  1847.33  5479.00     9.0     5.0     3.0    
*   66  382  1831.00   17.17      0  1831.00  5479.00     9.0     5.0     3.0    

  Gens  Rem    Local   ElDiv NoImpr             Best solution            Time  Op
                                       Cost     Dist    Tard    TMax 
*   68  380  1826.00   17.28      0  1826.00  5475.00     2.0     1.0     3.1    
*   77  371  1825.67   10.08      0  1825.67  5446.00    25.0     6.0     3.5    
*   79  369  1794.33   10.54      0  1794.33  5338.00    38.0     7.0     3.6    
*   88  360  1787.67    9.86      0  1787.67  5323.00    33.0     7.0     4.0    
*   90  358  1784.00    9.59      0  1784.00  5311.00    35.0     6.0     4.1    
*   94  354  1783.00    9.98      0  1783.00  5252.00    23.0     4.0     4.3    
*   95  353  1759.67   10.83      0  1759.67  5252.00    23.0     4.0     4.3    
Path relinking result: too homogeneous.
    96  352  1759.67   10.96      2  1759.67  5252.00    23.0     4.0     4.4   P
   100  348  1759.67   12.05      5  1759.67  5252.00    23.0     4.0     4.6    
*  101  347  1752.00   13.02      0  1752.00  5221.00    27.0     8.0     4.6    
*  108  340  1748.00   10.29      0  1748.00  5191.00    18.0     5.0     5.0    
*  109  339  1738.00    9.25      0  1738.00  5191.00    18.0     5.0     5.0    
*  111  337  1730.67    9.95      0  1730.67  5118.00    60.0    14.0     5.1    
*  116  332  1730.00   12.05      0  1730.00  5103.00    15.0     5.0     5.3    
*  117  331  1707.67   11.38      0  1707.67  5103.00    15.0     5.0     5.3    
*  130  318  1700.33    8.99      0  1700.33  5081.00    15.0     5.0     5.9    

  Gens  Rem    Local   ElDiv NoImpr             Best solution            Time  Op
                                       Cost     Dist    Tard    TMax 
*  133  315  1697.33    9.04      0  1697.33  5043.00    39.0    10.0     6.0    
*  139  309  1697.00    9.13      0  1697.00  5013.00    49.0    18.0     6.3    
*  140  308  1693.33    8.86      0  1693.33  5013.00    49.0    18.0     6.4    
*  145  303  1681.00    9.69      0  1681.00  5035.00     6.0     2.0     6.6    
*  150  298  1654.33   11.26      0  1654.33  4953.00     6.0     4.0     6.8    
*  168  280  1651.00    8.77      0  1651.00  4935.00    12.0     6.0     7.5    
*  175  273  1641.67    7.75      0  1641.67  4903.00    17.0     5.0     7.8    
*  186  262  1639.00    6.72      0  1639.00  4914.00     2.0     1.0     8.3    
*  188  260  1620.67    7.51      0  1620.67  4856.00     3.0     3.0     8.4    
Path relinking result: too homogeneous.
   192  256  1620.67    9.13      5  1620.67  4856.00     3.0     3.0     8.6   P
*  197  251  1614.67   10.60      0  1614.67  4818.00     0.0     0.0     8.8    
*  198  250  1606.00   10.07      0  1606.00  4818.00     0.0     0.0     8.8    
   200  248  1606.00    8.93      2  1606.00  4818.00     0.0     0.0     8.9    
*  207  241  1603.00    7.92      0  1603.00  4809.00     0.0     0.0     9.2    
*  213  235  1582.67    9.07      0  1582.67  4743.00     3.0     2.0     9.5    
*  237  211  1582.33    7.66      0  1582.33  4696.00    13.0     5.0    10.5    

  Gens  Rem    Local   ElDiv NoImpr             Best solution            Time  Op
                                       Cost     Dist    Tard    TMax 
*  238  210  1571.33    7.53      0  1571.33  4696.00    13.0     5.0    10.5    
*  240  208  1570.67    7.86      0  1570.67  4712.00     0.0     0.0    10.6    
*  249  199  1566.33    5.95      0  1566.33  4683.00    11.0     5.0    11.0    
   250  198  1566.33    5.80      1  1566.33  4683.00    11.0     5.0    11.0    
*  252  196  1557.33    6.64      0  1557.33  4655.00    12.0     5.0    11.1    
*  267  181  1556.33    4.41      0  1556.33  4651.00     9.0     5.0    11.8    
*  268  180  1555.00    4.64      0  1555.00  4639.00    11.0     5.0    11.8    
*  269  179  1551.67    4.70      0  1551.67  4639.00    11.0     5.0    11.9    
*  271  177  1551.33    4.64      0  1551.33  4632.00    17.0     5.0    12.0    
*  275  173  1549.67    5.11      0  1549.67  4625.00     7.0     5.0    12.1    
*  276  172  1545.67    5.21      0  1545.67  4609.00    10.0     5.0    12.2    
*  277  171  1541.33    4.87      0  1541.33  4609.00    10.0     5.0    12.2    
*  279  169  1536.33    5.70      0  1536.33  4575.00     0.0     0.0    12.3    
*  280  168  1525.00    5.30      0  1525.00  4575.00     0.0     0.0    12.3    
Path relinking result: too homogeneous.
   288  160  1525.00    4.68      9  1525.00  4575.00     0.0     0.0    12.7   P
*  296  152  1519.00    2.73      0  1519.00  4557.00     0.0     0.0    13.0    

  Gens  Rem    Local   ElDiv NoImpr             Best solution            Time  Op
                                       Cost     Dist    Tard    TMax 
   300  148  1519.00    1.95      4  1519.00  4557.00     0.0     0.0    13.2    
*  307  141  1516.67    1.73      0  1516.67  4546.00     3.0     1.0    13.5    
*  315  133  1516.00    2.31      0  1516.00  4538.00     3.0     1.0    13.9    
*  316  132  1514.00    2.19      0  1514.00  4538.00     3.0     1.0    13.9    
*  319  129  1512.67    2.52      0  1512.67  4532.00     3.0     1.0    14.0    
*  320  128  1512.00    2.17      0  1512.00  4532.00     3.0     1.0    14.1    
*  322  126  1511.67    1.31      0  1511.67  4531.00     3.0     1.0    14.2    
*  326  122  1510.67    0.28      0  1510.67  4527.00     3.0     1.0    14.3    
*  327  121  1510.33    0.32      0  1510.33  4527.00     3.0     1.0    14.4    
   350   98  1510.33    0.00     23  1510.33  4527.00     3.0     1.0    15.4    
*  359   89  1509.00    0.16      0  1509.00  4518.00     6.0     3.0    15.7    
Path relinking result: too homogeneous.
   384   64  1509.00    0.00     26  1509.00  4518.00     6.0     3.0    16.8   P
   400   48  1509.00    0.00     41  1509.00  4518.00     6.0     3.0    17.5    
*  407   41  1507.33    0.21      0  1507.33  4513.00     6.0     3.0    17.8    
*  434   14  1507.00    0.42      0  1507.00  4503.00     6.0     3.0    18.9    
*  435   13  1504.00    0.58      0  1504.00  4503.00     6.0     3.0    18.9    

  Gens  Rem    Local   ElDiv NoImpr             Best solution            Time  Op
                                       Cost     Dist    Tard    TMax 
*  438   10  1503.67    1.32      0  1503.67  4502.00     6.0     3.0    19.0    
*  446    2  1503.33    0.08      0  1503.33  4500.00     7.0     3.0    19.4    
   448    0  1503.33    0.09      2  1503.33  4500.00     7.0     3.0    19.4    
Evolutionary process finished.
Solution written to 'solution-5729.txt'.

Sorted sequence of worst to best tardiness value:
Task for patient = 11 with skills = {1,-1} and cost = 886.3
   Vehicle #0 = 14, leaving at = 979.0
   Vehicle #1 = -1, leaving at = inf
   Increment on distance indicator: 4.0
   Increment on tard indicator:     3.0
   Value of tmax indicator:         4.0

Task for patient = 188 with skills = {0,4} and cost = 406.3
   Vehicle #0 = 9, leaving at = 755.0
   Vehicle #1 = 37, leaving at = 736.0
   Increment on distance indicator: 6.0
   Increment on tard indicator:     2.0
   Value of tmax indicator:         6.0

Task for patient = 93 with skills = {2,-1} and cost = 694.3
   Vehicle #0 = 11, leaving at = 815.0
   Vehicle #1 = -1, leaving at = inf
   Increment on distance indicator: 4.0
   Increment on tard indicator:     1.0
   Value of tmax indicator:         4.0

Task for patient = 283 with skills = {3,-1} and cost = 802.7
   Vehicle #0 = 32, leaving at = 907.0
   Vehicle #1 = -1, leaving at = inf
   Increment on distance indicator: 4.0
   Increment on tard indicator:     1.0
   Value of tmax indicator:         4.0

Task for patient = 207 with skills = {1,4} and cost = 864.0
   Vehicle #0 = 14, leaving at = 920.0
   Vehicle #1 = 42, leaving at = 914.0
   Increment on distance indicator: 9.0
   Increment on tard indicator:     0.0
   Value of tmax indicator:         9.0

Task for patient = 222 with skills = {5,-1} and cost = 859.3
   Vehicle #0 = 31, leaving at = 1004.0
   Vehicle #1 = -1, leaving at = inf
   Increment on distance indicator: 1.0
   Increment on tard indicator:     0.0
   Value of tmax indicator:         1.0

Task for patient = 45 with skills = {1,-1} and cost = 859.0
   Vehicle #0 = 13, leaving at = 890.0
   Vehicle #1 = -1, leaving at = inf
   Increment on distance indicator: 13.0
   Increment on tard indicator:     0.0
   Value of tmax indicator:         13.0

Task for patient = 192 with skills = {1,3} and cost = 854.7
   Vehicle #0 = 2, leaving at = 852.0
   Vehicle #1 = 43, leaving at = 827.0
   Increment on distance indicator: 20.0
   Increment on tard indicator:     0.0
   Value of tmax indicator:         20.0

Task for patient = 269 with skills = {0,3} and cost = 848.0
   Vehicle #0 = 17, leaving at = 809.0
   Vehicle #1 = 51, leaving at = 788.0
   Increment on distance indicator: 12.0
   Increment on tard indicator:     0.0
   Value of tmax indicator:         12.0

Task for patient = 108 with skills = {0,-1} and cost = 844.0
   Vehicle #0 = 11, leaving at = 879.0
   Vehicle #1 = -1, leaving at = inf
   Increment on distance indicator: 5.0
   Increment on tard indicator:     0.0
   Value of tmax indicator:         5.0

Task for patient = 8 with skills = {3,-1} and cost = 842.3
   Vehicle #0 = 43, leaving at = 704.0
   Vehicle #1 = -1, leaving at = inf
   Increment on distance indicator: 13.0
   Increment on tard indicator:     0.0
   Value of tmax indicator:         13.0

Task for patient = 86 with skills = {2,4} and cost = 838.0
   Vehicle #0 = 10, leaving at = 923.0
   Vehicle #1 = 38, leaving at = 917.0
   Increment on distance indicator: 22.0
   Increment on tard indicator:     0.0
   Value of tmax indicator:         22.0

Task for patient = 138 with skills = {5,-1} and cost = 830.7
   Vehicle #0 = 36, leaving at = 901.0
   Vehicle #1 = -1, leaving at = inf
   Increment on distance indicator: 6.0
   Increment on tard indicator:     0.0
   Value of tmax indicator:         6.0

Task for patient = 172 with skills = {0,5} and cost = 828.7
   Vehicle #0 = 25, leaving at = 864.0
   Vehicle #1 = 37, leaving at = 894.0
   Increment on distance indicator: 15.0
   Increment on tard indicator:     0.0
   Value of tmax indicator:         15.0

Task for patient = 53 with skills = {1,4} and cost = 823.7
   Vehicle #0 = 4, leaving at = 961.0
   Vehicle #1 = 46, leaving at = 975.0
   Increment on distance indicator: 8.0
   Increment on tard indicator:     0.0
   Value of tmax indicator:         8.0

Task for patient = 208 with skills = {3,-1} and cost = 821.0
   Vehicle #0 = 45, leaving at = 938.0
   Vehicle #1 = -1, leaving at = inf
   Increment on distance indicator: 4.0
   Increment on tard indicator:     0.0
   Value of tmax indicator:         4.0

Task for patient = 221 with skills = {0,4} and cost = 819.7
   Vehicle #0 = 22, leaving at = 751.0
   Vehicle #1 = 51, leaving at = 750.0
   Increment on distance indicator: 8.0
   Increment on tard indicator:     0.0
   Value of tmax indicator:         8.0

Task for patient = 199 with skills = {1,5} and cost = 817.0
   Vehicle #0 = 27, leaving at = 687.0
   Vehicle #1 = 52, leaving at = 680.0
   Increment on distance indicator: 22.0
   Increment on tard indicator:     0.0
   Value of tmax indicator:         22.0

Task for patient = 257 with skills = {4,-1} and cost = 809.7
   Vehicle #0 = 42, leaving at = 786.0
   Vehicle #1 = -1, leaving at = inf
   Increment on distance indicator: 9.0
   Increment on tard indicator:     0.0
   Value of tmax indicator:         9.0

Task for patient = 81 with skills = {1,-1} and cost = 861.0
   Vehicle #0 = 11, leaving at = 926.0
   Vehicle #1 = -1, leaving at = inf
   Increment on distance indicator: 5.0
   Increment on tard indicator:     0.0
   Value of tmax indicator:         5.0

Task for patient = 36 with skills = {5,-1} and cost = 911.3
   Vehicle #0 = 35, leaving at = 952.0
   Vehicle #1 = -1, leaving at = inf
   Increment on distance indicator: 10.0
   Increment on tard indicator:     0.0
   Value of tmax indicator:         10.0

Task for patient = 260 with skills = {0,3} and cost = 908.0
   Vehicle #0 = 20, leaving at = 875.0
   Vehicle #1 = 49, leaving at = 880.0
   Increment on distance indicator: 8.0
   Increment on tard indicator:     0.0
   Value of tmax indicator:         8.0

Task for patient = 128 with skills = {3,-1} and cost = 905.3
   Vehicle #0 = 49, leaving at = 847.0
   Vehicle #1 = -1, leaving at = inf
   Increment on distance indicator: 12.0
   Increment on tard indicator:     0.0
   Value of tmax indicator:         12.0

Task for patient = 169 with skills = {5,-1} and cost = 901.3
   Vehicle #0 = 47, leaving at = 1004.0
   Vehicle #1 = -1, leaving at = inf
   Increment on distance indicator: 5.0
   Increment on tard indicator:     0.0
   Value of tmax indicator:         5.0

Task for patient = 245 with skills = {5,-1} and cost = 899.7
   Vehicle #0 = 37, leaving at = 986.0
   Vehicle #1 = -1, leaving at = inf
   Increment on distance indicator: 7.0
   Increment on tard indicator:     0.0
   Value of tmax indicator:         7.0

Task for patient = 249 with skills = {0,5} and cost = 897.3
   Vehicle #0 = 11, leaving at = 975.0
   Vehicle #1 = 36, leaving at = 981.0
   Increment on distance indicator: 13.0
   Increment on tard indicator:     0.0
   Value of tmax indicator:         13.0

Task for patient = 187 with skills = {3,-1} and cost = 893.0
   Vehicle #0 = 49, leaving at = 816.0
   Vehicle #1 = -1, leaving at = inf
   Increment on distance indicator: 5.0
   Increment on tard indicator:     0.0
   Value of tmax indicator:         5.0

Task for patient = 82 with skills = {0,-1} and cost = 891.3
   Vehicle #0 = 23, leaving at = 798.0
   Vehicle #1 = -1, leaving at = inf
   Increment on distance indicator: 5.0
   Increment on tard indicator:     0.0
   Value of tmax indicator:         5.0

Task for patient = 153 with skills = {1,-1} and cost = 866.7
   Vehicle #0 = 20, leaving at = 710.0
   Vehicle #1 = -1, leaving at = inf
   Increment on distance indicator: 8.0
   Increment on tard indicator:     0.0
   Value of tmax indicator:         8.0

Task for patient = 217 with skills = {3,-1} and cost = 883.3
   Vehicle #0 = 32, leaving at = 935.0
   Vehicle #1 = -1, leaving at = inf
   Increment on distance indicator: 5.0
   Increment on tard indicator:     0.0
   Value of tmax indicator:         5.0

Task for patient = 174 with skills = {2,-1} and cost = 881.7
   Vehicle #0 = 19, leaving at = 915.0
   Vehicle #1 = -1, leaving at = inf
   Increment on distance indicator: 7.0
   Increment on tard indicator:     0.0
   Value of tmax indicator:         7.0

Task for patient = 90 with skills = {4,-1} and cost = 879.3
   Vehicle #0 = 38, leaving at = 958.0
   Vehicle #1 = -1, leaving at = inf
   Increment on distance indicator: 18.0
   Increment on tard indicator:     0.0
   Value of tmax indicator:         18.0

Task for patient = 213 with skills = {1,-1} and cost = 873.3
   Vehicle #0 = 4, leaving at = 996.0
   Vehicle #1 = -1, leaving at = inf
   Increment on distance indicator: 4.0
   Increment on tard indicator:     0.0
   Value of tmax indicator:         4.0

Task for patient = 55 with skills = {5,-1} and cost = 872.0
   Vehicle #0 = 36, leaving at = 925.0
   Vehicle #1 = -1, leaving at = inf
   Increment on distance indicator: 3.0
   Increment on tard indicator:     0.0
   Value of tmax indicator:         3.0

Task for patient = 73 with skills = {4,-1} and cost = 871.0
   Vehicle #0 = 50, leaving at = 786.0
   Vehicle #1 = -1, leaving at = inf
   Increment on distance indicator: 9.0
   Increment on tard indicator:     0.0
   Value of tmax indicator:         9.0

Task for patient = 184 with skills = {1,-1} and cost = 868.0
   Vehicle #0 = 3, leaving at = 990.0
   Vehicle #1 = -1, leaving at = inf
   Increment on distance indicator: 3.0
   Increment on tard indicator:     0.0
   Value of tmax indicator:         3.0

Task for patient = 115 with skills = {4,-1} and cost = 867.0
   Vehicle #0 = 34, leaving at = 950.0
   Vehicle #1 = -1, leaving at = inf
   Increment on distance indicator: 1.0
   Increment on tard indicator:     0.0
   Value of tmax indicator:         1.0

Task for patient = 165 with skills = {0,-1} and cost = 806.7
   Vehicle #0 = 16, leaving at = 913.0
   Vehicle #1 = -1, leaving at = inf
   Increment on distance indicator: 3.0
   Increment on tard indicator:     0.0
   Value of tmax indicator:         3.0

Task for patient = 154 with skills = {2,-1} and cost = 889.7
   Vehicle #0 = 25, leaving at = 922.0
   Vehicle #1 = -1, leaving at = inf
   Increment on distance indicator: 10.0
   Increment on tard indicator:     0.0
   Value of tmax indicator:         10.0

Task for patient = 240 with skills = {2,-1} and cost = 757.7
   Vehicle #0 = 19, leaving at = 891.0
   Vehicle #1 = -1, leaving at = inf
   Increment on distance indicator: 2.0
   Increment on tard indicator:     0.0
   Value of tmax indicator:         2.0

Task for patient = 5 with skills = {1,-1} and cost = 757.0
   Vehicle #0 = 27, leaving at = 546.0
   Vehicle #1 = -1, leaving at = inf
   Increment on distance indicator: 15.0
   Increment on tard indicator:     0.0
   Value of tmax indicator:         15.0

Task for patient = 52 with skills = {3,-1} and cost = 752.0
   Vehicle #0 = 32, leaving at = 877.0
   Vehicle #1 = -1, leaving at = inf
   Increment on distance indicator: 2.0
   Increment on tard indicator:     0.0
   Value of tmax indicator:         2.0

Task for patient = 33 with skills = {0,-1} and cost = 751.3
   Vehicle #0 = 13, leaving at = 835.0
   Vehicle #1 = -1, leaving at = inf
   Increment on distance indicator: 4.0
   Increment on tard indicator:     0.0
   Value of tmax indicator:         4.0

Task for patient = 294 with skills = {1,5} and cost = 750.0
   Vehicle #0 = 23, leaving at = 702.0
   Vehicle #1 = 54, leaving at = 752.0
   Increment on distance indicator: 16.0
   Increment on tard indicator:     0.0
   Value of tmax indicator:         16.0

Task for patient = 275 with skills = {1,-1} and cost = 744.7
   Vehicle #0 = 23, leaving at = 591.0
   Vehicle #1 = -1, leaving at = inf
   Increment on distance indicator: 6.0
   Increment on tard indicator:     0.0
   Value of tmax indicator:         6.0

Task for patient = 1 with skills = {3,-1} and cost = 742.7
   Vehicle #0 = 47, leaving at = 921.0
   Vehicle #1 = -1, leaving at = inf
   Increment on distance indicator: 1.0
   Increment on tard indicator:     0.0
   Value of tmax indicator:         1.0

Task for patient = 254 with skills = {1,-1} and cost = 742.3
   Vehicle #0 = 21, leaving at = 734.0
   Vehicle #1 = -1, leaving at = inf
   Increment on distance indicator: 5.0
   Increment on tard indicator:     0.0
   Value of tmax indicator:         5.0

Task for patient = 84 with skills = {1,-1} and cost = 805.7
   Vehicle #0 = 25, leaving at = 833.0
   Vehicle #1 = -1, leaving at = inf
   Increment on distance indicator: 3.0
   Increment on tard indicator:     0.0
   Value of tmax indicator:         3.0

Task for patient = 99 with skills = {2,4} and cost = 739.3
   Vehicle #0 = 20, leaving at = 656.0
   Vehicle #1 = 53, leaving at = 665.0
   Increment on distance indicator: 16.0
   Increment on tard indicator:     0.0
   Value of tmax indicator:         16.0

Task for patient = 271 with skills = {4,-1} and cost = 734.0
   Vehicle #0 = 42, leaving at = 735.0
   Vehicle #1 = -1, leaving at = inf
   Increment on distance indicator: 8.0
   Increment on tard indicator:     0.0
   Value of tmax indicator:         8.0

Task for patient = 166 with skills = {4,-1} and cost = 731.3
   Vehicle #0 = 54, leaving at = 629.0
   Vehicle #1 = -1, leaving at = inf
   Increment on distance indicator: 8.0
   Increment on tard indicator:     0.0
   Value of tmax indicator:         8.0

Task for patient = 195 with skills = {2,-1} and cost = 728.7
   Vehicle #0 = 25, leaving at = 706.0
   Vehicle #1 = -1, leaving at = inf
   Increment on distance indicator: 8.0
   Increment on tard indicator:     0.0
   Value of tmax indicator:         8.0

Task for patient = 256 with skills = {5,-1} and cost = 726.0
   Vehicle #0 = 54, leaving at = 604.0
   Vehicle #1 = -1, leaving at = inf
   Increment on distance indicator: 12.0
   Increment on tard indicator:     0.0
   Value of tmax indicator:         12.0

Task for patient = 3 with skills = {3,-1} and cost = 722.0
   Vehicle #0 = 31, leaving at = 976.0
   Vehicle #1 = -1, leaving at = inf
   Increment on distance indicator: 3.0
   Increment on tard indicator:     0.0
   Value of tmax indicator:         3.0

Task for patient = 79 with skills = {0,-1} and cost = 721.0
   Vehicle #0 = 16, leaving at = 838.0
   Vehicle #1 = -1, leaving at = inf
   Increment on distance indicator: 3.0
   Increment on tard indicator:     0.0
   Value of tmax indicator:         3.0

Task for patient = 25 with skills = {4,-1} and cost = 717.0
   Vehicle #0 = 54, leaving at = 552.0
   Vehicle #1 = -1, leaving at = inf
   Increment on distance indicator: 29.0
   Increment on tard indicator:     0.0
   Value of tmax indicator:         29.0

Task for patient = 104 with skills = {0,-1} and cost = 740.7
   Vehicle #0 = 5, leaving at = 957.0
   Vehicle #1 = -1, leaving at = inf
   Increment on distance indicator: 4.0
   Increment on tard indicator:     0.0
   Value of tmax indicator:         4.0

Task for patient = 101 with skills = {0,-1} and cost = 804.7
   Vehicle #0 = 9, leaving at = 786.0
   Vehicle #1 = -1, leaving at = inf
   Increment on distance indicator: 1.0
   Increment on tard indicator:     0.0
   Value of tmax indicator:         1.0

Task for patient = 203 with skills = {1,-1} and cost = 804.3
   Vehicle #0 = 15, leaving at = 742.0
   Vehicle #1 = -1, leaving at = inf
   Increment on distance indicator: 5.0
   Increment on tard indicator:     0.0
   Value of tmax indicator:         5.0

Task for patient = 125 with skills = {2,-1} and cost = 801.0
   Vehicle #0 = 24, leaving at = 889.0
   Vehicle #1 = -1, leaving at = inf
   Increment on distance indicator: 2.0
   Increment on tard indicator:     0.0
   Value of tmax indicator:         2.0

Task for patient = 142 with skills = {4,-1} and cost = 800.3
   Vehicle #0 = 34, leaving at = 929.0
   Vehicle #1 = -1, leaving at = inf
   Increment on distance indicator: 7.0
   Increment on tard indicator:     0.0
   Value of tmax indicator:         7.0

Task for patient = 112 with skills = {1,-1} and cost = 798.0
   Vehicle #0 = 14, leaving at = 857.0
   Vehicle #1 = -1, leaving at = inf
   Increment on distance indicator: 6.0
   Increment on tard indicator:     0.0
   Value of tmax indicator:         6.0

Task for patient = 278 with skills = {0,5} and cost = 796.0
   Vehicle #0 = 16, leaving at = 864.0
   Vehicle #1 = 46, leaving at = 924.0
   Increment on distance indicator: 7.0
   Increment on tard indicator:     0.0
   Value of tmax indicator:         7.0

Task for patient = 124 with skills = {1,-1} and cost = 793.7
   Vehicle #0 = 23, leaving at = 738.0
   Vehicle #1 = -1, leaving at = inf
   Increment on distance indicator: 8.0
   Increment on tard indicator:     0.0
   Value of tmax indicator:         8.0

Task for patient = 182 with skills = {0,5} and cost = 791.0
   Vehicle #0 = 12, leaving at = 903.0
   Vehicle #1 = 35, leaving at = 893.0
   Increment on distance indicator: 16.0
   Increment on tard indicator:     0.0
   Value of tmax indicator:         16.0

Task for patient = 270 with skills = {3,-1} and cost = 759.7
   Vehicle #0 = 40, leaving at = 783.0
   Vehicle #1 = -1, leaving at = inf
   Increment on distance indicator: 6.0
   Increment on tard indicator:     0.0
   Value of tmax indicator:         6.0

Task for patient = 223 with skills = {1,4} and cost = 783.3
   Vehicle #0 = 24, leaving at = 825.0
   Vehicle #1 = 46, leaving at = 870.0
   Increment on distance indicator: 11.0
   Increment on tard indicator:     0.0
   Value of tmax indicator:         11.0

Task for patient = 14 with skills = {1,-1} and cost = 779.7
   Vehicle #0 = 14, leaving at = 799.0
   Vehicle #1 = -1, leaving at = inf
   Increment on distance indicator: 6.0
   Increment on tard indicator:     0.0
   Value of tmax indicator:         6.0

Task for patient = 39 with skills = {4,-1} and cost = 777.7
   Vehicle #0 = 35, leaving at = 847.0
   Vehicle #1 = -1, leaving at = inf
   Increment on distance indicator: 4.0
   Increment on tard indicator:     0.0
   Value of tmax indicator:         4.0

Task for patient = 161 with skills = {1,4} and cost = 776.3
   Vehicle #0 = 24, leaving at = 796.0
   Vehicle #1 = 35, leaving at = 818.0
   Increment on distance indicator: 10.0
   Increment on tard indicator:     0.0
   Value of tmax indicator:         10.0

Task for patient = 177 with skills = {4,-1} and cost = 773.0
   Vehicle #0 = 50, leaving at = 751.0
   Vehicle #1 = -1, leaving at = inf
   Increment on distance indicator: 5.0
   Increment on tard indicator:     0.0
   Value of tmax indicator:         5.0

Task for patient = 209 with skills = {1,5} and cost = 771.3
   Vehicle #0 = 14, leaving at = 740.0
   Vehicle #1 = 49, leaving at = 770.0
   Increment on distance indicator: 16.0
   Increment on tard indicator:     0.0
   Value of tmax indicator:         16.0

Task for patient = 236 with skills = {1,-1} and cost = 766.0
   Vehicle #0 = 27, leaving at = 589.0
   Vehicle #1 = -1, leaving at = inf
   Increment on distance indicator: 10.0
   Increment on tard indicator:     0.0
   Value of tmax indicator:         10.0

Task for patient = 175 with skills = {4,-1} and cost = 762.7
   Vehicle #0 = 50, leaving at = 727.0
   Vehicle #1 = -1, leaving at = inf
   Increment on distance indicator: 9.0
   Increment on tard indicator:     0.0
   Value of tmax indicator:         9.0

Task for patient = 61 with skills = {3,-1} and cost = 785.7
   Vehicle #0 = 47, leaving at = 949.0
   Vehicle #1 = -1, leaving at = inf
   Increment on distance indicator: 7.0
   Increment on tard indicator:     0.0
   Value of tmax indicator:         7.0

Task for patient = 231 with skills = {1,4} and cost = 1048.0
   Vehicle #0 = 20, leaving at = 977.0
   Vehicle #1 = 53, leaving at = 1031.0
   Increment on distance indicator: 20.0
   Increment on tard indicator:     0.0
   Value of tmax indicator:         20.0

Task for patient = 185 with skills = {3,-1} and cost = 1041.3
   Vehicle #0 = 37, leaving at = 1033.0
   Vehicle #1 = -1, leaving at = inf
   Increment on distance indicator: 4.0
   Increment on tard indicator:     0.0
   Value of tmax indicator:         4.0

Task for patient = 224 with skills = {0,-1} and cost = 1040.0
   Vehicle #0 = 16, leaving at = 1008.0
   Vehicle #1 = -1, leaving at = inf
   Increment on distance indicator: 5.0
   Increment on tard indicator:     0.0
   Value of tmax indicator:         5.0

Task for patient = 233 with skills = {5,-1} and cost = 1038.3
   Vehicle #0 = 36, leaving at = 1058.0
   Vehicle #1 = -1, leaving at = inf
   Increment on distance indicator: 4.0
   Increment on tard indicator:     0.0
   Value of tmax indicator:         4.0

Task for patient = 18 with skills = {1,3} and cost = 1037.0
   Vehicle #0 = 22, leaving at = 982.0
   Vehicle #1 = 34, leaving at = 992.0
   Increment on distance indicator: 11.0
   Increment on tard indicator:     0.0
   Value of tmax indicator:         11.0

Task for patient = 215 with skills = {3,-1} and cost = 1033.3
   Vehicle #0 = 43, leaving at = 1025.0
   Vehicle #1 = -1, leaving at = inf
   Increment on distance indicator: 4.0
   Increment on tard indicator:     0.0
   Value of tmax indicator:         4.0

Task for patient = 63 with skills = {4,-1} and cost = 1032.0
   Vehicle #0 = 30, leaving at = 978.0
   Vehicle #1 = -1, leaving at = inf
   Increment on distance indicator: 1.0
   Increment on tard indicator:     0.0
   Value of tmax indicator:         1.0

Task for patient = 164 with skills = {0,-1} and cost = 1031.7
   Vehicle #0 = 17, leaving at = 1037.0
   Vehicle #1 = -1, leaving at = inf
   Increment on distance indicator: 3.0
   Increment on tard indicator:     0.0
   Value of tmax indicator:         3.0

Task for patient = 244 with skills = {1,-1} and cost = 720.0
   Vehicle #0 = 25, leaving at = 642.0
   Vehicle #1 = -1, leaving at = inf
   Increment on distance indicator: 9.0
   Increment on tard indicator:     0.0
   Value of tmax indicator:         9.0

Task for patient = 77 with skills = {3,-1} and cost = 1029.3
   Vehicle #0 = 40, leaving at = 942.0
   Vehicle #1 = -1, leaving at = inf
   Increment on distance indicator: 8.0
   Increment on tard indicator:     0.0
   Value of tmax indicator:         8.0

Task for patient = 20 with skills = {4,-1} and cost = 1026.7
   Vehicle #0 = 49, leaving at = 1006.0
   Vehicle #1 = -1, leaving at = inf
   Increment on distance indicator: 9.0
   Increment on tard indicator:     0.0
   Value of tmax indicator:         9.0

Task for patient = 216 with skills = {2,-1} and cost = 1023.7
   Vehicle #0 = 7, leaving at = 1086.0
   Vehicle #1 = -1, leaving at = inf
   Increment on distance indicator: 3.0
   Increment on tard indicator:     0.0
   Value of tmax indicator:         3.0

Task for patient = 157 with skills = {0,-1} and cost = 1022.7
   Vehicle #0 = 12, leaving at = 941.0
   Vehicle #1 = -1, leaving at = inf
   Increment on distance indicator: 2.0
   Increment on tard indicator:     0.0
   Value of tmax indicator:         2.0

Task for patient = 250 with skills = {2,4} and cost = 1022.0
   Vehicle #0 = 7, leaving at = 1031.0
   Vehicle #1 = 31, leaving at = 1028.0
   Increment on distance indicator: 6.0
   Increment on tard indicator:     0.0
   Value of tmax indicator:         6.0

Task for patient = 241 with skills = {1,-1} and cost = 1020.0
   Vehicle #0 = 11, leaving at = 1003.0
   Vehicle #1 = -1, leaving at = inf
   Increment on distance indicator: 5.0
   Increment on tard indicator:     0.0
   Value of tmax indicator:         5.0

Task for patient = 21 with skills = {4,-1} and cost = 1018.3
   Vehicle #0 = 50, leaving at = 996.0
   Vehicle #1 = -1, leaving at = inf
   Increment on distance indicator: 7.0
   Increment on tard indicator:     0.0
   Value of tmax indicator:         7.0

Task for patient = 205 with skills = {0,-1} and cost = 1016.0
   Vehicle #0 = 27, leaving at = 974.0
   Vehicle #1 = -1, leaving at = inf
   Increment on distance indicator: 4.0
   Increment on tard indicator:     0.0
   Value of tmax indicator:         4.0

Task for patient = 267 with skills = {5,-1} and cost = 1014.7
   Vehicle #0 = 35, leaving at = 1013.0
   Vehicle #1 = -1, leaving at = inf
   Increment on distance indicator: 6.0
   Increment on tard indicator:     0.0
   Value of tmax indicator:         6.0

Task for patient = 206 with skills = {0,-1} and cost = 1030.7
   Vehicle #0 = 22, leaving at = 953.0
   Vehicle #1 = -1, leaving at = inf
   Increment on distance indicator: 4.0
   Increment on tard indicator:     0.0
   Value of tmax indicator:         4.0

Task for patient = 189 with skills = {1,4} and cost = 1102.0
   Vehicle #0 = 25, leaving at = 1085.0
   Vehicle #1 = 50, leaving at = 1073.0
   Increment on distance indicator: 14.0
   Increment on tard indicator:     0.0
   Value of tmax indicator:         14.0

Task for patient = 17 with skills = {5,-1} and cost = 1097.3
   Vehicle #0 = 34, leaving at = 1053.0
   Vehicle #1 = -1, leaving at = inf
   Increment on distance indicator: 5.0
   Increment on tard indicator:     0.0
   Value of tmax indicator:         5.0

Task for patient = 268 with skills = {4,-1} and cost = 1095.7
   Vehicle #0 = 55, leaving at = 942.0
   Vehicle #1 = -1, leaving at = inf
   Increment on distance indicator: 8.0
   Increment on tard indicator:     0.0
   Value of tmax indicator:         8.0

Task for patient = 243 with skills = {2,3} and cost = 1093.0
   Vehicle #0 = 25, leaving at = 1034.0
   Vehicle #1 = 40, leaving at = 1044.0
   Increment on distance indicator: 19.0
   Increment on tard indicator:     0.0
   Value of tmax indicator:         19.0

Task for patient = 298 with skills = {2,5} and cost = 1086.7
   Vehicle #0 = 8, leaving at = 1075.0
   Vehicle #1 = 41, leaving at = 1060.0
   Increment on distance indicator: 9.0
   Increment on tard indicator:     0.0
   Value of tmax indicator:         9.0

Task for patient = 160 with skills = {4,-1} and cost = 1083.7
   Vehicle #0 = 30, leaving at = 1065.0
   Vehicle #1 = -1, leaving at = inf
   Increment on distance indicator: 6.0
   Increment on tard indicator:     0.0
   Value of tmax indicator:         6.0

Task for patient = 106 with skills = {2,-1} and cost = 1081.7
   Vehicle #0 = 12, leaving at = 973.0
   Vehicle #1 = -1, leaving at = inf
   Increment on distance indicator: 5.0
   Increment on tard indicator:     0.0
   Value of tmax indicator:         5.0

Task for patient = 47 with skills = {0,4} and cost = 1080.0
   Vehicle #0 = 23, leaving at = 899.0
   Vehicle #1 = 54, leaving at = 906.0
   Increment on distance indicator: 8.0
   Increment on tard indicator:     0.0
   Value of tmax indicator:         8.0

Task for patient = 109 with skills = {1,4} and cost = 1051.3
   Vehicle #0 = 5, leaving at = 1090.0
   Vehicle #1 = 46, leaving at = 1109.0
   Increment on distance indicator: 10.0
   Increment on tard indicator:     0.0
   Value of tmax indicator:         10.0

Task for patient = 247 with skills = {0,5} and cost = 1076.0
   Vehicle #0 = 19, leaving at = 1087.0
   Vehicle #1 = 37, leaving at = 1089.0
   Increment on distance indicator: 5.0
   Increment on tard indicator:     0.0
   Value of tmax indicator:         5.0

Task for patient = 16 with skills = {1,3} and cost = 1074.3
   Vehicle #0 = 13, leaving at = 979.0
   Vehicle #1 = 45, leaving at = 1008.0
   Increment on distance indicator: 28.0
   Increment on tard indicator:     0.0
   Value of tmax indicator:         28.0

Task for patient = 289 with skills = {4,-1} and cost = 1065.0
   Vehicle #0 = 35, leaving at = 1077.0
   Vehicle #1 = -1, leaving at = inf
   Increment on distance indicator: 4.0
   Increment on tard indicator:     0.0
   Value of tmax indicator:         4.0

Task for patient = 251 with skills = {0,-1} and cost = 1063.7
   Vehicle #0 = 0, leaving at = 1038.0
   Vehicle #1 = -1, leaving at = inf
   Increment on distance indicator: 5.0
   Increment on tard indicator:     0.0
   Value of tmax indicator:         5.0

Task for patient = 23 with skills = {5,-1} and cost = 1062.0
   Vehicle #0 = 30, leaving at = 1008.0
   Vehicle #1 = -1, leaving at = inf
   Increment on distance indicator: 6.0
   Increment on tard indicator:     0.0
   Value of tmax indicator:         6.0

Task for patient = 151 with skills = {2,3} and cost = 1060.0
   Vehicle #0 = 27, leaving at = 1035.0
   Vehicle #1 = 48, leaving at = 1060.0
   Increment on distance indicator: 6.0
   Increment on tard indicator:     0.0
   Value of tmax indicator:         6.0

Task for patient = 56 with skills = {1,4} and cost = 1058.0
   Vehicle #0 = 11, leaving at = 1055.0
   Vehicle #1 = 39, leaving at = 1052.0
   Increment on distance indicator: 7.0
   Increment on tard indicator:     0.0
   Value of tmax indicator:         7.0

Task for patient = 190 with skills = {2,5} and cost = 1055.7
   Vehicle #0 = 18, leaving at = 780.0
   Vehicle #1 = 57, leaving at = 808.0
   Increment on distance indicator: 6.0
   Increment on tard indicator:     0.0
   Value of tmax indicator:         6.0

Task for patient = 193 with skills = {0,-1} and cost = 1053.7
   Vehicle #0 = 9, leaving at = 970.0
   Vehicle #1 = -1, leaving at = inf
   Increment on distance indicator: 7.0
   Increment on tard indicator:     0.0
   Value of tmax indicator:         7.0

Task for patient = 19 with skills = {4,-1} and cost = 1077.3
   Vehicle #0 = 42, leaving at = 1000.0
   Vehicle #1 = -1, leaving at = inf
   Increment on distance indicator: 4.0
   Increment on tard indicator:     0.0
   Value of tmax indicator:         4.0

Task for patient = 218 with skills = {4,-1} and cost = 951.0
   Vehicle #0 = 39, leaving at = 933.0
   Vehicle #1 = -1, leaving at = inf
   Increment on distance indicator: 10.0
   Increment on tard indicator:     0.0
   Value of tmax indicator:         10.0

Task for patient = 131 with skills = {1,-1} and cost = 947.7
   Vehicle #0 = 2, leaving at = 941.0
   Vehicle #1 = -1, leaving at = inf
   Increment on distance indicator: 4.0
   Increment on tard indicator:     0.0
   Value of tmax indicator:         4.0

Task for patient = 179 with skills = {0,-1} and cost = 946.3
   Vehicle #0 = 0, leaving at = 999.0
   Vehicle #1 = -1, leaving at = inf
   Increment on distance indicator: 4.0
   Increment on tard indicator:     0.0
   Value of tmax indicator:         4.0

Task for patient = 127 with skills = {0,3} and cost = 945.0
   Vehicle #0 = 17, leaving at = 875.0
   Vehicle #1 = 40, leaving at = 842.0
   Increment on distance indicator: 14.0
   Increment on tard indicator:     0.0
   Value of tmax indicator:         14.0

Task for patient = 123 with skills = {0,-1} and cost = 940.3
   Vehicle #0 = 2, leaving at = 912.0
   Vehicle #1 = -1, leaving at = inf
   Increment on distance indicator: 2.0
   Increment on tard indicator:     0.0
   Value of tmax indicator:         2.0

Task for patient = 291 with skills = {4,-1} and cost = 939.7
   Vehicle #0 = 50, leaving at = 896.0
   Vehicle #1 = -1, leaving at = inf
   Increment on distance indicator: 11.0
   Increment on tard indicator:     0.0
   Value of tmax indicator:         11.0

Task for patient = 150 with skills = {1,4} and cost = 936.0
   Vehicle #0 = 21, leaving at = 844.0
   Vehicle #1 = 39, leaving at = 877.0
   Increment on distance indicator: 8.0
   Increment on tard indicator:     0.0
   Value of tmax indicator:         8.0

Task for patient = 284 with skills = {4,-1} and cost = 933.3
   Vehicle #0 = 30, leaving at = 940.0
   Vehicle #1 = -1, leaving at = inf
   Increment on distance indicator: 2.0
   Increment on tard indicator:     0.0
   Value of tmax indicator:         2.0

Task for patient = 255 with skills = {1,-1} and cost = 1012.7
   Vehicle #0 = 4, leaving at = 1024.0
   Vehicle #1 = -1, leaving at = inf
   Increment on distance indicator: 2.0
   Increment on tard indicator:     0.0
   Value of tmax indicator:         2.0

Task for patient = 121 with skills = {1,-1} and cost = 927.3
   Vehicle #0 = 27, leaving at = 952.0
   Vehicle #1 = -1, leaving at = inf
   Increment on distance indicator: 1.0
   Increment on tard indicator:     0.0
   Value of tmax indicator:         1.0

Task for patient = 65 with skills = {5,-1} and cost = 927.0
   Vehicle #0 = 52, leaving at = 879.0
   Vehicle #1 = -1, leaving at = inf
   Increment on distance indicator: 7.0
   Increment on tard indicator:     0.0
   Value of tmax indicator:         7.0

Task for patient = 35 with skills = {5,-1} and cost = 924.7
   Vehicle #0 = 35, leaving at = 989.0
   Vehicle #1 = -1, leaving at = inf
   Increment on distance indicator: 11.0
   Increment on tard indicator:     0.0
   Value of tmax indicator:         11.0

Task for patient = 141 with skills = {2,3} and cost = 921.0
   Vehicle #0 = 24, leaving at = 955.0
   Vehicle #1 = 32, leaving at = 973.0
   Increment on distance indicator: 10.0
   Increment on tard indicator:     0.0
   Value of tmax indicator:         10.0

Task for patient = 234 with skills = {4,-1} and cost = 917.7
   Vehicle #0 = 42, leaving at = 976.0
   Vehicle #1 = -1, leaving at = inf
   Increment on distance indicator: 4.0
   Increment on tard indicator:     0.0
   Value of tmax indicator:         4.0

Task for patient = 119 with skills = {2,-1} and cost = 916.3
   Vehicle #0 = 5, leaving at = 977.0
   Vehicle #1 = -1, leaving at = inf
   Increment on distance indicator: 2.0
   Increment on tard indicator:     0.0
   Value of tmax indicator:         2.0

Task for patient = 46 with skills = {4,-1} and cost = 915.7
   Vehicle #0 = 50, leaving at = 847.0
   Vehicle #1 = -1, leaving at = inf
   Increment on distance indicator: 2.0
   Increment on tard indicator:     0.0
   Value of tmax indicator:         2.0

Task for patient = 295 with skills = {1,-1} and cost = 915.0
   Vehicle #0 = 27, leaving at = 907.0
   Vehicle #1 = -1, leaving at = inf
   Increment on distance indicator: 3.0
   Increment on tard indicator:     0.0
   Value of tmax indicator:         3.0

Task for patient = 226 with skills = {4,-1} and cost = 914.0
   Vehicle #0 = 33, leaving at = 927.0
   Vehicle #1 = -1, leaving at = inf
   Increment on distance indicator: 8.0
   Increment on tard indicator:     0.0
   Value of tmax indicator:         8.0

Task for patient = 238 with skills = {5,-1} and cost = 932.7
   Vehicle #0 = 51, leaving at = 820.0
   Vehicle #1 = -1, leaving at = inf
   Increment on distance indicator: 16.0
   Increment on tard indicator:     0.0
   Value of tmax indicator:         16.0

Task for patient = 180 with skills = {5,-1} and cost = 1012.0
   Vehicle #0 = 49, leaving at = 970.0
   Vehicle #1 = -1, leaving at = inf
   Increment on distance indicator: 4.0
   Increment on tard indicator:     0.0
   Value of tmax indicator:         4.0

Task for patient = 229 with skills = {0,4} and cost = 1010.7
   Vehicle #0 = 9, leaving at = 926.0
   Vehicle #1 = 50, leaving at = 939.0
   Increment on distance indicator: 14.0
   Increment on tard indicator:     0.0
   Value of tmax indicator:         14.0

Task for patient = 143 with skills = {1,3} and cost = 1006.0
   Vehicle #0 = 20, leaving at = 944.0
   Vehicle #1 = 49, leaving at = 917.0
   Increment on distance indicator: 16.0
   Increment on tard indicator:     0.0
   Value of tmax indicator:         16.0

Task for patient = 168 with skills = {0,5} and cost = 1000.7
   Vehicle #0 = 5, leaving at = 1034.0
   Vehicle #1 = 46, leaving at = 1042.0
   Increment on distance indicator: 8.0
   Increment on tard indicator:     0.0
   Value of tmax indicator:         8.0

Task for patient = 285 with skills = {1,5} and cost = 998.0
   Vehicle #0 = 2, leaving at = 1033.0
   Vehicle #1 = 47, leaving at = 1066.0
   Increment on distance indicator: 8.0
   Increment on tard indicator:     0.0
   Value of tmax indicator:         8.0

Task for patient = 96 with skills = {2,3} and cost = 995.3
   Vehicle #0 = 25, leaving at = 971.0
   Vehicle #1 = 43, leaving at = 991.0
   Increment on distance indicator: 13.0
   Increment on tard indicator:     0.0
   Value of tmax indicator:         13.0

Task for patient = 136 with skills = {3,-1} and cost = 991.0
   Vehicle #0 = 37, leaving at = 1012.0
   Vehicle #1 = -1, leaving at = inf
   Increment on distance indicator: 3.0
   Increment on tard indicator:     0.0
   Value of tmax indicator:         3.0

Task for patient = 237 with skills = {1,3} and cost = 990.0
   Vehicle #0 = 24, leaving at = 1007.0
   Vehicle #1 = 32, leaving at = 1036.0
   Increment on distance indicator: 6.0
   Increment on tard indicator:     0.0
   Value of tmax indicator:         6.0

Task for patient = 102 with skills = {3,-1} and cost = 952.3
   Vehicle #0 = 43, leaving at = 912.0
   Vehicle #1 = -1, leaving at = inf
   Increment on distance indicator: 4.0
   Increment on tard indicator:     0.0
   Value of tmax indicator:         4.0

Task for patient = 85 with skills = {2,-1} and cost = 987.7
   Vehicle #0 = 8, leaving at = 992.0
   Vehicle #1 = -1, leaving at = inf
   Increment on distance indicator: 7.0
   Increment on tard indicator:     0.0
   Value of tmax indicator:         7.0

Task for patient = 60 with skills = {4,-1} and cost = 985.3
   Vehicle #0 = 53, leaving at = 852.0
   Vehicle #1 = -1, leaving at = inf
   Increment on distance indicator: 15.0
   Increment on tard indicator:     0.0
   Value of tmax indicator:         15.0

Task for patient = 30 with skills = {1,-1} and cost = 980.3
   Vehicle #0 = 19, leaving at = 978.0
   Vehicle #1 = -1, leaving at = inf
   Increment on distance indicator: 6.0
   Increment on tard indicator:     0.0
   Value of tmax indicator:         6.0

Task for patient = 246 with skills = {1,4} and cost = 978.3
   Vehicle #0 = 22, leaving at = 931.0
   Vehicle #1 = 33, leaving at = 983.0
   Increment on distance indicator: 12.0
   Increment on tard indicator:     0.0
   Value of tmax indicator:         12.0

Task for patient = 261 with skills = {1,4} and cost = 974.3
   Vehicle #0 = 23, leaving at = 862.0
   Vehicle #1 = 54, leaving at = 844.0
   Increment on distance indicator: 22.0
   Increment on tard indicator:     0.0
   Value of tmax indicator:         22.0

Task for patient = 248 with skills = {3,-1} and cost = 967.0
   Vehicle #0 = 41, leaving at = 1020.0
   Vehicle #1 = -1, leaving at = inf
   Increment on distance indicator: 8.0
   Increment on tard indicator:     0.0
   Value of tmax indicator:         8.0

Task for patient = 212 with skills = {1,3} and cost = 964.3
   Vehicle #0 = 21, leaving at = 973.0
   Vehicle #1 = 41, leaving at = 961.0
   Increment on distance indicator: 14.0
   Increment on tard indicator:     0.0
   Value of tmax indicator:         14.0

Task for patient = 9 with skills = {5,-1} and cost = 959.7
   Vehicle #0 = 36, leaving at = 1017.0
   Vehicle #1 = -1, leaving at = inf
   Increment on distance indicator: 1.0
   Increment on tard indicator:     0.0
   Value of tmax indicator:         1.0

Task for patient = 105 with skills = {1,5} and cost = 959.3
   Vehicle #0 = 15, leaving at = 845.0
   Vehicle #1 = 51, leaving at = 841.0
   Increment on distance indicator: 21.0
   Increment on tard indicator:     0.0
   Value of tmax indicator:         21.0

Task for patient = 259 with skills = {2,-1} and cost = 988.0
   Vehicle #0 = 17, leaving at = 989.0
   Vehicle #1 = -1, leaving at = inf
   Increment on distance indicator: 1.0
   Increment on tard indicator:     0.0
   Value of tmax indicator:         1.0

Task for patient = 94 with skills = {3,-1} and cost = 326.3
   Vehicle #0 = 32, leaving at = 598.0
   Vehicle #1 = -1, leaving at = inf
   Increment on distance indicator: 7.0
   Increment on tard indicator:     0.0
   Value of tmax indicator:         7.0

Task for patient = 72 with skills = {3,-1} and cost = 324.0
   Vehicle #0 = 41, leaving at = 724.0
   Vehicle #1 = -1, leaving at = inf
   Increment on distance indicator: 9.0
   Increment on tard indicator:     0.0
   Value of tmax indicator:         9.0

Task for patient = 28 with skills = {0,5} and cost = 321.0
   Vehicle #0 = 0, leaving at = 870.0
   Vehicle #1 = 34, leaving at = 850.0
   Increment on distance indicator: 12.0
   Increment on tard indicator:     0.0
   Value of tmax indicator:         12.0

Task for patient = 147 with skills = {1,-1} and cost = 317.0
   Vehicle #0 = 5, leaving at = 865.0
   Vehicle #1 = -1, leaving at = inf
   Increment on distance indicator: 3.0
   Increment on tard indicator:     0.0
   Value of tmax indicator:         3.0

Task for patient = 197 with skills = {2,-1} and cost = 316.0
   Vehicle #0 = 7, leaving at = 861.0
   Vehicle #1 = -1, leaving at = inf
   Increment on distance indicator: 5.0
   Increment on tard indicator:     0.0
   Value of tmax indicator:         5.0

Task for patient = 58 with skills = {4,-1} and cost = 314.3
   Vehicle #0 = 35, leaving at = 671.0
   Vehicle #1 = -1, leaving at = inf
   Increment on distance indicator: 2.0
   Increment on tard indicator:     0.0
   Value of tmax indicator:         2.0

Task for patient = 191 with skills = {3,-1} and cost = 313.7
   Vehicle #0 = 38, leaving at = 714.0
   Vehicle #1 = -1, leaving at = inf
   Increment on distance indicator: 12.0
   Increment on tard indicator:     0.0
   Value of tmax indicator:         12.0

Task for patient = 225 with skills = {0,-1} and cost = 309.7
   Vehicle #0 = 9, leaving at = 702.0
   Vehicle #1 = -1, leaving at = inf
   Increment on distance indicator: 5.0
   Increment on tard indicator:     0.0
   Value of tmax indicator:         5.0

Task for patient = 288 with skills = {1,3} and cost = 707.3
   Vehicle #0 = 25, leaving at = 586.0
   Vehicle #1 = 43, leaving at = 608.0
   Increment on distance indicator: 28.0
   Increment on tard indicator:     0.0
   Value of tmax indicator:         28.0

Task for patient = 34 with skills = {1,-1} and cost = 300.7
   Vehicle #0 = 11, leaving at = 640.0
   Vehicle #1 = -1, leaving at = inf
   Increment on distance indicator: 8.0
   Increment on tard indicator:     0.0
   Value of tmax indicator:         8.0

Task for patient = 24 with skills = {2,-1} and cost = 298.0
   Vehicle #0 = 11, leaving at = 591.0
   Vehicle #1 = -1, leaving at = inf
   Increment on distance indicator: 13.0
   Increment on tard indicator:     0.0
   Value of tmax indicator:         13.0

Task for patient = 51 with skills = {2,5} and cost = 293.7
   Vehicle #0 = 8, leaving at = 676.0
   Vehicle #1 = 41, leaving at = 681.0
   Increment on distance indicator: 14.0
   Increment on tard indicator:     0.0
   Value of tmax indicator:         14.0

Task for patient = 178 with skills = {5,-1} and cost = 289.0
   Vehicle #0 = 41, leaving at = 505.0
   Vehicle #1 = -1, leaving at = inf
   Increment on distance indicator: 24.0
   Increment on tard indicator:     0.0
   Value of tmax indicator:         24.0

Task for patient = 235 with skills = {2,5} and cost = 281.0
   Vehicle #0 = 7, leaving at = 808.0
   Vehicle #1 = 34, leaving at = 823.0
   Increment on distance indicator: 6.0
   Increment on tard indicator:     0.0
   Value of tmax indicator:         6.0

Task for patient = 75 with skills = {4,-1} and cost = 279.0
   Vehicle #0 = 42, leaving at = 662.0
   Vehicle #1 = -1, leaving at = inf
   Increment on distance indicator: 14.0
   Increment on tard indicator:     0.0
   Value of tmax indicator:         14.0

Task for patient = 186 with skills = {0,-1} and cost = 274.3
   Vehicle #0 = 0, leaving at = 807.0
   Vehicle #1 = -1, leaving at = inf
   Increment on distance indicator: 4.0
   Increment on tard indicator:     0.0
   Value of tmax indicator:         4.0

Task for patient = 170 with skills = {2,-1} and cost = 273.0
   Vehicle #0 = 5, leaving at = 808.0
   Vehicle #1 = -1, leaving at = inf
   Increment on distance indicator: 8.0
   Increment on tard indicator:     0.0
   Value of tmax indicator:         8.0

Task for patient = 83 with skills = {2,-1} and cost = 308.0
   Vehicle #0 = 12, leaving at = 496.0
   Vehicle #1 = -1, leaving at = inf
   Increment on distance indicator: 22.0
   Increment on tard indicator:     0.0
   Value of tmax indicator:         22.0

Task for patient = 40 with skills = {5,-1} and cost = 396.3
   Vehicle #0 = 46, leaving at = 565.0
   Vehicle #1 = -1, leaving at = inf
   Increment on distance indicator: 12.0
   Increment on tard indicator:     0.0
   Value of tmax indicator:         12.0

Task for patient = 32 with skills = {1,-1} and cost = 392.3
   Vehicle #0 = 14, leaving at = 623.0
   Vehicle #1 = -1, leaving at = inf
   Increment on distance indicator: 8.0
   Increment on tard indicator:     0.0
   Value of tmax indicator:         8.0

Task for patient = 194 with skills = {0,-1} and cost = 389.7
   Vehicle #0 = 0, leaving at = 920.0
   Vehicle #1 = -1, leaving at = inf
   Increment on distance indicator: 7.0
   Increment on tard indicator:     0.0
   Value of tmax indicator:         7.0

Task for patient = 287 with skills = {3,-1} and cost = 387.3
   Vehicle #0 = 32, leaving at = 816.0
   Vehicle #1 = -1, leaving at = inf
   Increment on distance indicator: 4.0
   Increment on tard indicator:     0.0
   Value of tmax indicator:         4.0

Task for patient = 149 with skills = {2,-1} and cost = 386.0
   Vehicle #0 = 4, leaving at = 819.0
   Vehicle #1 = -1, leaving at = inf
   Increment on distance indicator: 6.0
   Increment on tard indicator:     0.0
   Value of tmax indicator:         6.0

Task for patient = 272 with skills = {2,3} and cost = 384.0
   Vehicle #0 = 8, leaving at = 769.0
   Vehicle #1 = 32, leaving at = 768.0
   Increment on distance indicator: 7.0
   Increment on tard indicator:     0.0
   Value of tmax indicator:         7.0

Task for patient = 15 with skills = {1,5} and cost = 381.7
   Vehicle #0 = 14, leaving at = 511.0
   Vehicle #1 = 46, leaving at = 513.0
   Increment on distance indicator: 46.0
   Increment on tard indicator:     0.0
   Value of tmax indicator:         46.0

Task for patient = 98 with skills = {4,-1} and cost = 366.3
   Vehicle #0 = 33, leaving at = 779.0
   Vehicle #1 = -1, leaving at = inf
   Increment on distance indicator: 8.0
   Increment on tard indicator:     0.0
   Value of tmax indicator:         8.0

Task for patient = 43 with skills = {2,5} and cost = 329.0
   Vehicle #0 = 4, leaving at = 784.0
   Vehicle #1 = 36, leaving at = 778.0
   Increment on distance indicator: 8.0
   Increment on tard indicator:     0.0
   Value of tmax indicator:         8.0

Task for patient = 293 with skills = {2,-1} and cost = 362.0
   Vehicle #0 = 12, leaving at = 737.0
   Vehicle #1 = -1, leaving at = inf
   Increment on distance indicator: 4.0
   Increment on tard indicator:     0.0
   Value of tmax indicator:         4.0

Task for patient = 67 with skills = {2,5} and cost = 360.7
   Vehicle #0 = 13, leaving at = 650.0
   Vehicle #1 = 44, leaving at = 678.0
   Increment on distance indicator: 38.0
   Increment on tard indicator:     0.0
   Value of tmax indicator:         38.0

Task for patient = 158 with skills = {3,-1} and cost = 348.0
   Vehicle #0 = 32, leaving at = 743.0
   Vehicle #1 = -1, leaving at = inf
   Increment on distance indicator: 5.0
   Increment on tard indicator:     0.0
   Value of tmax indicator:         5.0

Task for patient = 156 with skills = {1,5} and cost = 346.3
   Vehicle #0 = 3, leaving at = 825.0
   Vehicle #1 = 31, leaving at = 876.0
   Increment on distance indicator: 13.0
   Increment on tard indicator:     0.0
   Value of tmax indicator:         13.0

Task for patient = 54 with skills = {3,-1} and cost = 342.0
   Vehicle #0 = 31, leaving at = 821.0
   Vehicle #1 = -1, leaving at = inf
   Increment on distance indicator: 3.0
   Increment on tard indicator:     0.0
   Value of tmax indicator:         3.0

Task for patient = 290 with skills = {3,-1} and cost = 341.0
   Vehicle #0 = 32, leaving at = 704.0
   Vehicle #1 = -1, leaving at = inf
   Increment on distance indicator: 10.0
   Increment on tard indicator:     0.0
   Value of tmax indicator:         10.0

Task for patient = 262 with skills = {2,-1} and cost = 337.7
   Vehicle #0 = 8, leaving at = 715.0
   Vehicle #1 = -1, leaving at = inf
   Increment on distance indicator: 4.0
   Increment on tard indicator:     0.0
   Value of tmax indicator:         4.0

Task for patient = 211 with skills = {0,3} and cost = 336.3
   Vehicle #0 = 12, leaving at = 643.0
   Vehicle #1 = 32, leaving at = 668.0
   Increment on distance indicator: 15.0
   Increment on tard indicator:     0.0
   Value of tmax indicator:         15.0

Task for patient = 113 with skills = {1,-1} and cost = 331.3
   Vehicle #0 = 11, leaving at = 689.0
   Vehicle #1 = -1, leaving at = inf
   Increment on distance indicator: 7.0
   Increment on tard indicator:     0.0
   Value of tmax indicator:         7.0

Task for patient = 296 with skills = {4,-1} and cost = 363.7
   Vehicle #0 = 33, leaving at = 725.0
   Vehicle #1 = -1, leaving at = inf
   Increment on distance indicator: 5.0
   Increment on tard indicator:     0.0
   Value of tmax indicator:         5.0

Task for patient = 183 with skills = {1,-1} and cost = 121.3
   Vehicle #0 = 4, leaving at = 746.0
   Vehicle #1 = -1, leaving at = inf
   Increment on distance indicator: 6.0
   Increment on tard indicator:     0.0
   Value of tmax indicator:         6.0

Task for patient = 116 with skills = {2,5} and cost = 119.3
   Vehicle #0 = 7, leaving at = 638.0
   Vehicle #1 = 34, leaving at = 694.0
   Increment on distance indicator: 26.0
   Increment on tard indicator:     0.0
   Value of tmax indicator:         26.0

Task for patient = 76 with skills = {0,5} and cost = 110.7
   Vehicle #0 = 2, leaving at = 797.0
   Vehicle #1 = 31, leaving at = 763.0
   Increment on distance indicator: 22.0
   Increment on tard indicator:     0.0
   Value of tmax indicator:         22.0

Task for patient = 220 with skills = {0,5} and cost = 103.3
   Vehicle #0 = 2, leaving at = 640.0
   Vehicle #1 = 34, leaving at = 625.0
   Increment on distance indicator: 14.0
   Increment on tard indicator:     0.0
   Value of tmax indicator:         14.0

Task for patient = 110 with skills = {0,-1} and cost = 98.7
   Vehicle #0 = 2, leaving at = 580.0
   Vehicle #1 = -1, leaving at = inf
   Increment on distance indicator: 9.0
   Increment on tard indicator:     0.0
   Value of tmax indicator:         9.0

Task for patient = 279 with skills = {0,-1} and cost = 95.7
   Vehicle #0 = 5, leaving at = 719.0
   Vehicle #1 = -1, leaving at = inf
   Increment on distance indicator: 8.0
   Increment on tard indicator:     0.0
   Value of tmax indicator:         8.0

Task for patient = 70 with skills = {4,-1} and cost = 93.0
   Vehicle #0 = 34, leaving at = 530.0
   Vehicle #1 = -1, leaving at = inf
   Increment on distance indicator: 24.0
   Increment on tard indicator:     0.0
   Value of tmax indicator:         24.0

Task for patient = 129 with skills = {2,4} and cost = 85.0
   Vehicle #0 = 5, leaving at = 615.0
   Vehicle #1 = 33, leaving at = 664.0
   Increment on distance indicator: 42.0
   Increment on tard indicator:     0.0
   Value of tmax indicator:         42.0

Task for patient = 10 with skills = {2,4} and cost = 270.3
   Vehicle #0 = 8, leaving at = 625.0
   Vehicle #1 = 39, leaving at = 633.0
   Increment on distance indicator: 49.0
   Increment on tard indicator:     0.0
   Value of tmax indicator:         49.0

Task for patient = 146 with skills = {1,4} and cost = 62.0
   Vehicle #0 = 4, leaving at = 714.0
   Vehicle #1 = 31, leaving at = 733.0
   Increment on distance indicator: 6.0
   Increment on tard indicator:     0.0
   Value of tmax indicator:         6.0

Task for patient = 148 with skills = {3,-1} and cost = 60.0
   Vehicle #0 = 32, leaving at = 517.0
   Vehicle #1 = -1, leaving at = inf
   Increment on distance indicator: 26.0
   Increment on tard indicator:     0.0
   Value of tmax indicator:         26.0

Task for patient = 137 with skills = {2,4} and cost = 51.3
   Vehicle #0 = 1, leaving at = 786.0
   Vehicle #1 = 30, leaving at = 791.0
   Increment on distance indicator: 18.0
   Increment on tard indicator:     0.0
   Value of tmax indicator:         18.0

Task for patient = 280 with skills = {2,5} and cost = 45.3
   Vehicle #0 = 1, leaving at = 756.0
   Vehicle #1 = 30, leaving at = 752.0
   Increment on distance indicator: 2.0
   Increment on tard indicator:     0.0
   Value of tmax indicator:         2.0

Task for patient = 27 with skills = {0,-1} and cost = 44.7
   Vehicle #0 = 0, leaving at = 776.0
   Vehicle #1 = -1, leaving at = inf
   Increment on distance indicator: 26.0
   Increment on tard indicator:     0.0
   Value of tmax indicator:         26.0

Task for patient = 97 with skills = {1,4} and cost = 36.0
   Vehicle #0 = 4, leaving at = 662.0
   Vehicle #1 = 31, leaving at = 661.0
   Increment on distance indicator: 36.0
   Increment on tard indicator:     0.0
   Value of tmax indicator:         36.0

Task for patient = 214 with skills = {2,-1} and cost = 24.0
   Vehicle #0 = 4, leaving at = 502.0
   Vehicle #1 = -1, leaving at = inf
   Increment on distance indicator: 28.0
   Increment on tard indicator:     0.0
   Value of tmax indicator:         28.0

Task for patient = 111 with skills = {2,5} and cost = 14.7
   Vehicle #0 = 1, leaving at = 722.0
   Vehicle #1 = 30, leaving at = 735.0
   Increment on distance indicator: 44.0
   Increment on tard indicator:     0.0
   Value of tmax indicator:         44.0

Task for patient = 12 with skills = {0,-1} and cost = 71.0
   Vehicle #0 = 2, leaving at = 552.0
   Vehicle #1 = -1, leaving at = inf
   Increment on distance indicator: 27.0
   Increment on tard indicator:     0.0
   Value of tmax indicator:         27.0

Task for patient = 92 with skills = {1,3} and cost = 254.0
   Vehicle #0 = 7, leaving at = 745.0
   Vehicle #1 = 34, leaving at = 760.0
   Increment on distance indicator: 15.0
   Increment on tard indicator:     0.0
   Value of tmax indicator:         15.0

Task for patient = 200 with skills = {2,4} and cost = 249.0
   Vehicle #0 = 1, leaving at = 818.0
   Vehicle #1 = 30, leaving at = 827.0
   Increment on distance indicator: 10.0
   Increment on tard indicator:     0.0
   Value of tmax indicator:         10.0

Task for patient = 50 with skills = {0,3} and cost = 245.7
   Vehicle #0 = 10, leaving at = 635.0
   Vehicle #1 = 38, leaving at = 663.0
   Increment on distance indicator: 46.0
   Increment on tard indicator:     0.0
   Value of tmax indicator:         46.0

Task for patient = 91 with skills = {0,-1} and cost = 230.3
   Vehicle #0 = 11, leaving at = 558.0
   Vehicle #1 = -1, leaving at = inf
   Increment on distance indicator: 17.0
   Increment on tard indicator:     0.0
   Value of tmax indicator:         17.0

Task for patient = 292 with skills = {0,3} and cost = 224.7
   Vehicle #0 = 9, leaving at = 660.0
   Vehicle #1 = 37, leaving at = 702.0
   Increment on distance indicator: 18.0
   Increment on tard indicator:     0.0
   Value of tmax indicator:         18.0

Task for patient = 201 with skills = {1,-1} and cost = 218.7
   Vehicle #0 = 3, leaving at = 630.0
   Vehicle #1 = -1, leaving at = inf
   Increment on distance indicator: 3.0
   Increment on tard indicator:     0.0
   Value of tmax indicator:         3.0

Task for patient = 66 with skills = {5,-1} and cost = 217.7
   Vehicle #0 = 36, leaving at = 741.0
   Vehicle #1 = -1, leaving at = inf
   Increment on distance indicator: 5.0
   Increment on tard indicator:     0.0
   Value of tmax indicator:         5.0

Task for patient = 114 with skills = {2,3} and cost = 216.0
   Vehicle #0 = 10, leaving at = 549.0
   Vehicle #1 = 38, leaving at = 565.0
   Increment on distance indicator: 50.0
   Increment on tard indicator:     0.0
   Value of tmax indicator:         50.0

Task for patient = 202 with skills = {4,-1} and cost = 127.3
   Vehicle #0 = 35, leaving at = 577.0
   Vehicle #1 = -1, leaving at = inf
   Increment on distance indicator: 18.0
   Increment on tard indicator:     0.0
   Value of tmax indicator:         18.0

Task for patient = 297 with skills = {1,-1} and cost = 194.0
   Vehicle #0 = 3, leaving at = 557.0
   Vehicle #1 = -1, leaving at = inf
   Increment on distance indicator: 8.0
   Increment on tard indicator:     0.0
   Value of tmax indicator:         8.0

Task for patient = 31 with skills = {2,-1} and cost = 191.3
   Vehicle #0 = 8, leaving at = 574.0
   Vehicle #1 = -1, leaving at = inf
   Increment on distance indicator: 19.0
   Increment on tard indicator:     0.0
   Value of tmax indicator:         19.0

Task for patient = 71 with skills = {1,4} and cost = 185.0
   Vehicle #0 = 3, leaving at = 534.0
   Vehicle #1 = 37, leaving at = 555.0
   Increment on distance indicator: 54.0
   Increment on tard indicator:     0.0
   Value of tmax indicator:         54.0

Task for patient = 253 with skills = {2,-1} and cost = 167.0
   Vehicle #0 = 7, leaving at = 706.0
   Vehicle #1 = -1, leaving at = inf
   Increment on distance indicator: 9.0
   Increment on tard indicator:     0.0
   Value of tmax indicator:         9.0

Task for patient = 144 with skills = {0,-1} and cost = 164.0
   Vehicle #0 = 9, leaving at = 598.0
   Vehicle #1 = -1, leaving at = inf
   Increment on distance indicator: 6.0
   Increment on tard indicator:     0.0
   Value of tmax indicator:         6.0

Task for patient = 266 with skills = {0,5} and cost = 162.0
   Vehicle #0 = 9, leaving at = 545.0
   Vehicle #1 = 36, leaving at = 545.0
   Increment on distance indicator: 48.0
   Increment on tard indicator:     0.0
   Value of tmax indicator:         48.0

Task for patient = 281 with skills = {0,4} and cost = 146.0
   Vehicle #0 = 6, leaving at = 653.0
   Vehicle #1 = 35, leaving at = 645.0
   Increment on distance indicator: 42.0
   Increment on tard indicator:     0.0
   Value of tmax indicator:         42.0

Task for patient = 42 with skills = {0,-1} and cost = 132.0
   Vehicle #0 = 5, leaving at = 763.0
   Vehicle #1 = -1, leaving at = inf
   Increment on distance indicator: 6.0
   Increment on tard indicator:     0.0
   Value of tmax indicator:         6.0

Task for patient = 48 with skills = {5,-1} and cost = 130.0
   Vehicle #0 = 31, leaving at = 799.0
   Vehicle #1 = -1, leaving at = inf
   Increment on distance indicator: 8.0
   Increment on tard indicator:     0.0
   Value of tmax indicator:         8.0

Task for patient = 163 with skills = {0,-1} and cost = 199.3
   Vehicle #0 = 9, leaving at = 635.0
   Vehicle #1 = -1, leaving at = inf
   Increment on distance indicator: 16.0
   Increment on tard indicator:     0.0
   Value of tmax indicator:         16.0

Task for patient = 135 with skills = {4,-1} and cost = 626.3
   Vehicle #0 = 53, leaving at = 562.0
   Vehicle #1 = -1, leaving at = inf
   Increment on distance indicator: 26.0
   Increment on tard indicator:     0.0
   Value of tmax indicator:         26.0

Task for patient = 103 with skills = {0,-1} and cost = 617.7
   Vehicle #0 = 16, leaving at = 779.0
   Vehicle #1 = -1, leaving at = inf
   Increment on distance indicator: 3.0
   Increment on tard indicator:     0.0
   Value of tmax indicator:         3.0

Task for patient = 173 with skills = {4,-1} and cost = 616.7
   Vehicle #0 = 51, leaving at = 608.0
   Vehicle #1 = -1, leaving at = inf
   Increment on distance indicator: 18.0
   Increment on tard indicator:     0.0
   Value of tmax indicator:         18.0

Task for patient = 204 with skills = {4,-1} and cost = 610.7
   Vehicle #0 = 34, leaving at = 882.0
   Vehicle #1 = -1, leaving at = inf
   Increment on distance indicator: 9.0
   Increment on tard indicator:     0.0
   Value of tmax indicator:         9.0

Task for patient = 74 with skills = {2,-1} and cost = 607.7
   Vehicle #0 = 24, leaving at = 530.0
   Vehicle #1 = -1, leaving at = inf
   Increment on distance indicator: 4.0
   Increment on tard indicator:     0.0
   Value of tmax indicator:         4.0

Task for patient = 2 with skills = {0,-1} and cost = 606.3
   Vehicle #0 = 11, leaving at = 783.0
   Vehicle #1 = -1, leaving at = inf
   Increment on distance indicator: 1.0
   Increment on tard indicator:     0.0
   Value of tmax indicator:         1.0

Task for patient = 139 with skills = {2,-1} and cost = 606.0
   Vehicle #0 = 24, leaving at = 508.0
   Vehicle #1 = -1, leaving at = inf
   Increment on distance indicator: 25.0
   Increment on tard indicator:     0.0
   Value of tmax indicator:         25.0

Task for patient = 7 with skills = {1,-1} and cost = 597.7
   Vehicle #0 = 21, leaving at = 608.0
   Vehicle #1 = -1, leaving at = inf
   Increment on distance indicator: 10.0
   Increment on tard indicator:     0.0
   Value of tmax indicator:         10.0

Task for patient = 140 with skills = {2,-1} and cost = 402.7
   Vehicle #0 = 17, leaving at = 621.0
   Vehicle #1 = -1, leaving at = inf
   Increment on distance indicator: 19.0
   Increment on tard indicator:     0.0
   Value of tmax indicator:         19.0

Task for patient = 273 with skills = {2,-1} and cost = 580.3
   Vehicle #0 = 1, leaving at = 961.0
   Vehicle #1 = -1, leaving at = inf
   Increment on distance indicator: 2.0
   Increment on tard indicator:     0.0
   Value of tmax indicator:         2.0

Task for patient = 22 with skills = {4,-1} and cost = 579.7
   Vehicle #0 = 42, leaving at = 698.0
   Vehicle #1 = -1, leaving at = inf
   Increment on distance indicator: 14.0
   Increment on tard indicator:     0.0
   Value of tmax indicator:         14.0

Task for patient = 126 with skills = {1,3} and cost = 575.0
   Vehicle #0 = 19, leaving at = 697.0
   Vehicle #1 = 40, leaving at = 730.0
   Increment on distance indicator: 10.0
   Increment on tard indicator:     0.0
   Value of tmax indicator:         10.0

Task for patient = 107 with skills = {0,-1} and cost = 571.7
   Vehicle #0 = 20, leaving at = 533.0
   Vehicle #1 = -1, leaving at = inf
   Increment on distance indicator: 17.0
   Increment on tard indicator:     0.0
   Value of tmax indicator:         17.0

Task for patient = 219 with skills = {3,-1} and cost = 566.0
   Vehicle #0 = 48, leaving at = 902.0
   Vehicle #1 = -1, leaving at = inf
   Increment on distance indicator: 5.0
   Increment on tard indicator:     0.0
   Value of tmax indicator:         5.0

Task for patient = 100 with skills = {1,4} and cost = 564.3
   Vehicle #0 = 19, leaving at = 572.0
   Vehicle #1 = 50, leaving at = 601.0
   Increment on distance indicator: 40.0
   Increment on tard indicator:     0.0
   Value of tmax indicator:         40.0

Task for patient = 242 with skills = {1,3} and cost = 551.0
   Vehicle #0 = 3, leaving at = 869.0
   Vehicle #1 = 47, leaving at = 887.0
   Increment on distance indicator: 11.0
   Increment on tard indicator:     0.0
   Value of tmax indicator:         11.0

Task for patient = 80 with skills = {4,-1} and cost = 547.3
   Vehicle #0 = 47, leaving at = 770.0
   Vehicle #1 = -1, leaving at = inf
   Increment on distance indicator: 4.0
   Increment on tard indicator:     0.0
   Value of tmax indicator:         4.0

Task for patient = 130 with skills = {1,3} and cost = 594.3
   Vehicle #0 = 21, leaving at = 580.0
   Vehicle #1 = 43, leaving at = 582.0
   Increment on distance indicator: 42.0
   Increment on tard indicator:     0.0
   Value of tmax indicator:         42.0

Task for patient = 264 with skills = {1,-1} and cost = 1102.7
   Vehicle #0 = 24, leaving at = 1032.0
   Vehicle #1 = -1, leaving at = inf
   Increment on distance indicator: 2.0
   Increment on tard indicator:     0.0
   Value of tmax indicator:         2.0

Task for patient = 181 with skills = {1,-1} and cost = 698.0
   Vehicle #0 = 7, leaving at = 968.0
   Vehicle #1 = -1, leaving at = inf
   Increment on distance indicator: 4.0
   Increment on tard indicator:     0.0
   Value of tmax indicator:         4.0

Task for patient = 4 with skills = {1,5} and cost = 696.7
   Vehicle #0 = 7, leaving at = 913.0
   Vehicle #1 = 31, leaving at = 935.0
   Increment on distance indicator: 7.0
   Increment on tard indicator:     0.0
   Value of tmax indicator:         7.0

Task for patient = 152 with skills = {1,-1} and cost = 692.7
   Vehicle #0 = 21, leaving at = 669.0
   Vehicle #1 = -1, leaving at = inf
   Increment on distance indicator: 9.0
   Increment on tard indicator:     0.0
   Value of tmax indicator:         9.0

Task for patient = 64 with skills = {0,-1} and cost = 689.7
   Vehicle #0 = 23, leaving at = 553.0
   Vehicle #1 = -1, leaving at = inf
   Increment on distance indicator: 29.0
   Increment on tard indicator:     0.0
   Value of tmax indicator:         29.0

Task for patient = 13 with skills = {0,5} and cost = 680.0
   Vehicle #0 = 22, leaving at = 674.0
   Vehicle #1 = 51, leaving at = 644.0
   Increment on distance indicator: 32.0
   Increment on tard indicator:     0.0
   Value of tmax indicator:         32.0

Task for patient = 120 with skills = {5,-1} and cost = 669.3
   Vehicle #0 = 41, leaving at = 931.0
   Vehicle #1 = -1, leaving at = inf
   Increment on distance indicator: 3.0
   Increment on tard indicator:     0.0
   Value of tmax indicator:         3.0

Task for patient = 78 with skills = {1,3} and cost = 668.3
   Vehicle #0 = 20, leaving at = 564.0
   Vehicle #1 = 45, leaving at = 583.0
   Increment on distance indicator: 27.0
   Increment on tard indicator:     0.0
   Value of tmax indicator:         27.0

Task for patient = 232 with skills = {2,-1} and cost = 627.3
   Vehicle #0 = 24, leaving at = 678.0
   Vehicle #1 = -1, leaving at = inf
   Increment on distance indicator: 3.0
   Increment on tard indicator:     0.0
   Value of tmax indicator:         3.0

Task for patient = 162 with skills = {3,-1} and cost = 654.3
   Vehicle #0 = 48, leaving at = 999.0
   Vehicle #1 = -1, leaving at = inf
   Increment on distance indicator: 11.0
   Increment on tard indicator:     0.0
   Value of tmax indicator:         11.0

Task for patient = 6 with skills = {4,-1} and cost = 650.7
   Vehicle #0 = 50, leaving at = 673.0
   Vehicle #1 = -1, leaving at = inf
   Increment on distance indicator: 8.0
   Increment on tard indicator:     0.0
   Value of tmax indicator:         8.0

Task for patient = 155 with skills = {1,-1} and cost = 648.0
   Vehicle #0 = 3, leaving at = 933.0
   Vehicle #1 = -1, leaving at = inf
   Increment on distance indicator: 4.0
   Increment on tard indicator:     0.0
   Value of tmax indicator:         4.0

Task for patient = 37 with skills = {4,-1} and cost = 646.7
   Vehicle #0 = 30, leaving at = 893.0
   Vehicle #1 = -1, leaving at = inf
   Increment on distance indicator: 10.0
   Increment on tard indicator:     0.0
   Value of tmax indicator:         10.0

Task for patient = 263 with skills = {2,-1} and cost = 643.3
   Vehicle #0 = 19, leaving at = 753.0
   Vehicle #1 = -1, leaving at = inf
   Increment on distance indicator: 8.0
   Increment on tard indicator:     0.0
   Value of tmax indicator:         8.0

Task for patient = 87 with skills = {0,-1} and cost = 640.7
   Vehicle #0 = 10, leaving at = 861.0
   Vehicle #1 = -1, leaving at = inf
   Increment on distance indicator: 5.0
   Increment on tard indicator:     0.0
   Value of tmax indicator:         5.0

Task for patient = 122 with skills = {4,-1} and cost = 639.0
   Vehicle #0 = 35, leaving at = 772.0
   Vehicle #1 = -1, leaving at = inf
   Increment on distance indicator: 3.0
   Increment on tard indicator:     0.0
   Value of tmax indicator:         3.0

Task for patient = 167 with skills = {5,-1} and cost = 638.0
   Vehicle #0 = 52, leaving at = 517.0
   Vehicle #1 = -1, leaving at = inf
   Increment on distance indicator: 25.0
   Increment on tard indicator:     0.0
   Value of tmax indicator:         25.0

Task for patient = 227 with skills = {4,-1} and cost = 629.7
   Vehicle #0 = 33, leaving at = 889.0
   Vehicle #1 = -1, leaving at = inf
   Increment on distance indicator: 7.0
   Increment on tard indicator:     0.0
   Value of tmax indicator:         7.0

Task for patient = 258 with skills = {2,4} and cost = 659.3
   Vehicle #0 = 19, leaving at = 842.0
   Vehicle #1 = 39, leaving at = 825.0
   Increment on distance indicator: 15.0
   Increment on tard indicator:     0.0
   Value of tmax indicator:         15.0

Task for patient = 132 with skills = {0,3} and cost = 467.7
   Vehicle #0 = 10, leaving at = 749.0
   Vehicle #1 = 38, leaving at = 785.0
   Increment on distance indicator: 36.0
   Increment on tard indicator:     0.0
   Value of tmax indicator:         36.0

Task for patient = 228 with skills = {0,5} and cost = 455.7
   Vehicle #0 = 6, leaving at = 769.0
   Vehicle #1 = 36, leaving at = 800.0
   Increment on distance indicator: 9.0
   Increment on tard indicator:     0.0
   Value of tmax indicator:         9.0

Task for patient = 41 with skills = {1,-1} and cost = 452.7
   Vehicle #0 = 14, leaving at = 677.0
   Vehicle #1 = -1, leaving at = inf
   Increment on distance indicator: 7.0
   Increment on tard indicator:     0.0
   Value of tmax indicator:         7.0

Task for patient = 277 with skills = {4,-1} and cost = 450.3
   Vehicle #0 = 39, leaving at = 698.0
   Vehicle #1 = -1, leaving at = inf
   Increment on distance indicator: 2.0
   Increment on tard indicator:     0.0
   Value of tmax indicator:         2.0

Task for patient = 282 with skills = {1,5} and cost = 449.7
   Vehicle #0 = 14, leaving at = 649.0
   Vehicle #1 = 48, leaving at = 699.0
   Increment on distance indicator: 29.0
   Increment on tard indicator:     0.0
   Value of tmax indicator:         29.0

Task for patient = 230 with skills = {5,-1} and cost = 440.0
   Vehicle #0 = 47, leaving at = 731.0
   Vehicle #1 = -1, leaving at = inf
   Increment on distance indicator: 7.0
   Increment on tard indicator:     0.0
   Value of tmax indicator:         7.0

Task for patient = 62 with skills = {2,-1} and cost = 437.7
   Vehicle #0 = 10, leaving at = 686.0
   Vehicle #1 = -1, leaving at = inf
   Increment on distance indicator: 14.0
   Increment on tard indicator:     0.0
   Value of tmax indicator:         14.0

Task for patient = 69 with skills = {0,5} and cost = 433.0
   Vehicle #0 = 17, leaving at = 657.0
   Vehicle #1 = 47, leaving at = 697.0
   Increment on distance indicator: 31.0
   Increment on tard indicator:     0.0
   Value of tmax indicator:         31.0

Task for patient = 171 with skills = {0,3} and cost = 546.0
   Vehicle #0 = 17, leaving at = 717.0
   Vehicle #1 = 40, leaving at = 696.0
   Increment on distance indicator: 28.0
   Increment on tard indicator:     0.0
   Value of tmax indicator:         28.0

Task for patient = 265 with skills = {0,-1} and cost = 421.7
   Vehicle #0 = 16, leaving at = 736.0
   Vehicle #1 = -1, leaving at = inf
   Increment on distance indicator: 3.0
   Increment on tard indicator:     0.0
   Value of tmax indicator:         3.0

Task for patient = 299 with skills = {0,-1} and cost = 420.7
   Vehicle #0 = 5, leaving at = 901.0
   Vehicle #1 = -1, leaving at = inf
   Increment on distance indicator: 5.0
   Increment on tard indicator:     0.0
   Value of tmax indicator:         5.0

Task for patient = 196 with skills = {0,-1} and cost = 419.0
   Vehicle #0 = 6, leaving at = 719.0
   Vehicle #1 = -1, leaving at = inf
   Increment on distance indicator: 6.0
   Increment on tard indicator:     0.0
   Value of tmax indicator:         6.0

Task for patient = 239 with skills = {5,-1} and cost = 417.0
   Vehicle #0 = 41, leaving at = 771.0
   Vehicle #1 = -1, leaving at = inf
   Increment on distance indicator: 2.0
   Increment on tard indicator:     0.0
   Value of tmax indicator:         2.0

Task for patient = 44 with skills = {0,-1} and cost = 416.3
   Vehicle #0 = 16, leaving at = 677.0
   Vehicle #1 = -1, leaving at = inf
   Increment on distance indicator: 4.0
   Increment on tard indicator:     0.0
   Value of tmax indicator:         4.0

Task for patient = 118 with skills = {2,-1} and cost = 415.0
   Vehicle #0 = 18, leaving at = 664.0
   Vehicle #1 = -1, leaving at = inf
   Increment on distance indicator: 0.0
   Increment on tard indicator:     0.0
   Value of tmax indicator:         0.0

Task for patient = 29 with skills = {4,-1} and cost = 415.0
   Vehicle #0 = 46, leaving at = 695.0
   Vehicle #1 = -1, leaving at = inf
   Increment on distance indicator: 2.0
   Increment on tard indicator:     0.0
   Value of tmax indicator:         2.0

Task for patient = 59 with skills = {0,-1} and cost = 414.3
   Vehicle #0 = 16, leaving at = 537.0
   Vehicle #1 = -1, leaving at = inf
   Increment on distance indicator: 24.0
   Increment on tard indicator:     0.0
   Value of tmax indicator:         24.0

Task for patient = 95 with skills = {4,-1} and cost = 403.3
   Vehicle #0 = 46, leaving at = 666.0
   Vehicle #1 = -1, leaving at = inf
   Increment on distance indicator: 2.0
   Increment on tard indicator:     0.0
   Value of tmax indicator:         2.0

Task for patient = 274 with skills = {4,-1} and cost = 422.7
   Vehicle #0 = 46, leaving at = 810.0
   Vehicle #1 = -1, leaving at = inf
   Increment on distance indicator: 3.0
   Increment on tard indicator:     0.0
   Value of tmax indicator:         3.0

Task for patient = 286 with skills = {3,-1} and cost = 536.7
   Vehicle #0 = 38, leaving at = 848.0
   Vehicle #1 = -1, leaving at = inf
   Increment on distance indicator: 17.0
   Increment on tard indicator:     0.0
   Value of tmax indicator:         17.0

Task for patient = 159 with skills = {5,-1} and cost = 531.0
   Vehicle #0 = 48, leaving at = 845.0
   Vehicle #1 = -1, leaving at = inf
   Increment on distance indicator: 7.0
   Increment on tard indicator:     0.0
   Value of tmax indicator:         7.0

Task for patient = 88 with skills = {2,-1} and cost = 528.7
   Vehicle #0 = 13, leaving at = 686.0
   Vehicle #1 = -1, leaving at = inf
   Increment on distance indicator: 10.0
   Increment on tard indicator:     0.0
   Value of tmax indicator:         10.0

Task for patient = 176 with skills = {1,-1} and cost = 525.3
   Vehicle #0 = 8, leaving at = 966.0
   Vehicle #1 = -1, leaving at = inf
   Increment on distance indicator: 2.0
   Increment on tard indicator:     0.0
   Value of tmax indicator:         2.0

Task for patient = 89 with skills = {4,-1} and cost = 524.7
   Vehicle #0 = 37, leaving at = 783.0
   Vehicle #1 = -1, leaving at = inf
   Increment on distance indicator: 4.0
   Increment on tard indicator:     0.0
   Value of tmax indicator:         4.0

Task for patient = 68 with skills = {1,-1} and cost = 523.3
   Vehicle #0 = 15, leaving at = 634.0
   Vehicle #1 = -1, leaving at = inf
   Increment on distance indicator: 11.0
   Increment on tard indicator:     0.0
   Value of tmax indicator:         11.0

Task for patient = 57 with skills = {1,4} and cost = 519.7
   Vehicle #0 = 12, leaving at = 839.0
   Vehicle #1 = 33, leaving at = 829.0
   Increment on distance indicator: 11.0
   Increment on tard indicator:     0.0
   Value of tmax indicator:         11.0

Task for patient = 145 with skills = {1,-1} and cost = 516.0
   Vehicle #0 = 8, leaving at = 918.0
   Vehicle #1 = -1, leaving at = inf
   Increment on distance indicator: 6.0
   Increment on tard indicator:     0.0
   Value of tmax indicator:         6.0

Task for patient = 300 with skills = {1,-1} and cost = 472.0
   Vehicle #0 = 10, leaving at = 818.0
   Vehicle #1 = -1, leaving at = inf
   Increment on distance indicator: 13.0
   Increment on tard indicator:     0.0
   Value of tmax indicator:         13.0

Task for patient = 134 with skills = {2,4} and cost = 513.0
   Vehicle #0 = 11, leaving at = 756.0
   Vehicle #1 = 49, leaving at = 729.0
   Increment on distance indicator: 15.0
   Increment on tard indicator:     0.0
   Value of tmax indicator:         15.0

Task for patient = 26 with skills = {2,3} and cost = 508.0
   Vehicle #0 = 4, leaving at = 920.0
   Vehicle #1 = 41, leaving at = 903.0
   Increment on distance indicator: 6.0
   Increment on tard indicator:     0.0
   Value of tmax indicator:         6.0

Task for patient = 276 with skills = {0,-1} and cost = 506.0
   Vehicle #0 = 0, leaving at = 950.0
   Vehicle #1 = -1, leaving at = inf
   Increment on distance indicator: 4.0
   Increment on tard indicator:     0.0
   Value of tmax indicator:         4.0

Task for patient = 210 with skills = {5,-1} and cost = 504.7
   Vehicle #0 = 41, leaving at = 864.0
   Vehicle #1 = -1, leaving at = inf
   Increment on distance indicator: 3.0
   Increment on tard indicator:     0.0
   Value of tmax indicator:         3.0

Task for patient = 49 with skills = {0,4} and cost = 503.7
   Vehicle #0 = 19, leaving at = 534.0
   Vehicle #1 = 49, leaving at = 534.0
   Increment on distance indicator: 38.0
   Increment on tard indicator:     0.0
   Value of tmax indicator:         38.0

Task for patient = 117 with skills = {4,-1} and cost = 491.0
   Vehicle #0 = 35, leaving at = 754.0
   Vehicle #1 = -1, leaving at = inf
   Increment on distance indicator: 5.0
   Increment on tard indicator:     0.0
   Value of tmax indicator:         5.0

Task for patient = 198 with skills = {0,-1} and cost = 489.3
   Vehicle #0 = 6, leaving at = 923.0
   Vehicle #1 = -1, leaving at = inf
   Increment on distance indicator: 7.0
   Increment on tard indicator:     0.0
   Value of tmax indicator:         7.0

Task for patient = 133 with skills = {0,5} and cost = 487.0
   Vehicle #0 = 10, leaving at = 840.0
   Vehicle #1 = 44, leaving at = 869.0
   Increment on distance indicator: 24.0
   Increment on tard indicator:     0.0
   Value of tmax indicator:         24.0

Task for patient = 38 with skills = {1,-1} and cost = 479.0
   Vehicle #0 = 15, leaving at = 586.0
   Vehicle #1 = -1, leaving at = inf
   Increment on distance indicator: 21.0
   Increment on tard indicator:     0.0
   Value of tmax indicator:         21.0

Task for patient = 252 with skills = {4,-1} and cost = 514.0
   Vehicle #0 = 39, leaving at = 743.0
   Vehicle #1 = -1, leaving at = inf
   Increment on distance indicator: 3.0
   Increment on tard indicator:     0.0
   Value of tmax indicator:         3.0


Unused vehicle list: 26 28 29 56 58 59 (total = 6 out of 60)

---
Search finished.
Total of 448 generations in 19.4 seconds.
Exchange elite runs: 0
Implicit path relinking runs: 4
Reset attempts: 0

Best solution found:
   Cost: 1503.3
   Total travel time: 4500.0
   Total tardiness time: 7.0
   Largest tardiness: 3.0


1503.3
