--- BRKGA-MP-IPR for HHCRSP ---
Instance: new-instances/HHCRSP_300_60_38_1.6_R_RC.txt
Seed: 1

Reading data... Problem contains 300 patients  and 60 caregivers.

Summary of supply x demand for each service type:
Skill 0 has supply = 22 and demand = 69, ratio = 0.318841
Skill 1 has supply = 20 and demand = 61, ratio = 0.327869
Skill 2 has supply = 20 and demand = 55, ratio = 0.363636
Skill 3 has supply = 22 and demand = 68, ratio = 0.323529
Skill 4 has supply = 21 and demand = 69, ratio = 0.304348
Skill 5 has supply = 20 and demand = 68, ratio = 0.294118

Reading parameters...
Inferred distance function by PR type: kendall-tau
Building BRKGA data and initializing...
Evolving 448 generations...

  Gens  Rem    Local   ElDiv NoImpr             Best solution            Time  Op
                                       Cost     Dist    Tard    TMax 
*    0  448  6900.67  401.65      0  6900.67  6047.00 14254.0   401.0     0.0    
*    2  446  6093.67  405.49      0  6093.67  6046.00 11838.0   397.0     0.1    
*    4  444  5857.33  387.19      0  5857.33  6062.00 11115.0   395.0     0.2    
*    6  442  5823.33  337.55      0  5823.33  6069.00  9518.0   392.0     0.3    
*    7  441  5326.33  348.08      0  5326.33  6040.00  7589.0   411.0     0.4    
*    8  440  4680.00  332.06      0  4680.00  6040.00  7589.0   411.0     0.4    
*   10  438  4617.00  298.17      0  4617.00  5777.00  7386.0   344.0     0.5    
*   11  437  4502.33  256.85      0  4502.33  6063.00  6809.0   343.0     0.6    
*   12  436  4405.00  290.97      0  4405.00  5833.00  5557.0   374.0     0.6    
*   13  435  3921.33  239.69      0  3921.33  5833.00  5557.0   374.0     0.7    
*   15  433  3614.33  282.45      0  3614.33  5894.00  3944.0   262.0     0.8    
*   16  432  3366.67  257.82      0  3366.67  5894.00  3944.0   262.0     0.8    
*   18  430  3292.00  210.39      0  3292.00  5681.00  3870.0   325.0     0.9    
*   20  428  3033.00  228.03      0  3033.00  5986.00  2914.0   199.0     1.0    
*   23  425  2889.67  190.68      0  2889.67  5806.00  2154.0   227.0     1.1    

  Gens  Rem    Local   ElDiv NoImpr             Best solution            Time  Op
                                       Cost     Dist    Tard    TMax 
*   24  424  2729.00  151.72      0  2729.00  5806.00  2154.0   227.0     1.2    
*   27  421  2678.67  142.97      0  2678.67  5747.00  1998.0   288.0     1.3    
*   28  420  2677.67  124.94      0  2677.67  5826.00  1873.0   169.0     1.4    
*   29  419  2622.67  115.40      0  2622.67  5659.00  1829.0   247.0     1.4    
*   30  418  2578.33  119.59      0  2578.33  5809.00  1527.0   175.0     1.5    
*   31  417  2503.67  125.24      0  2503.67  5690.00  1297.0   182.0     1.5    
*   32  416  2389.67  138.08      0  2389.67  5691.00   549.0   103.0     1.6    
*   33  415  2114.33  129.20      0  2114.33  5691.00   549.0   103.0     1.6    
*   42  406  2076.33   57.98      0  2076.33  5546.00   462.0   165.0     2.1    
*   43  405  2057.67   50.34      0  2057.67  5646.00   390.0    89.0     2.1    
*   44  404  2041.67   46.32      0  2041.67  5646.00   390.0    89.0     2.2    
*   46  402  1890.00   49.55      0  1890.00  5445.00   200.0    25.0     2.3    
    50  398  1890.00   44.41      4  1890.00  5445.00   200.0    25.0     2.5    
*   53  395  1881.00   51.19      0  1881.00  5403.00    72.0    35.0     2.6    
*   54  394  1836.67   44.94      0  1836.67  5403.00    72.0    35.0     2.7    
*   60  388  1830.33   28.31      0  1830.33  5391.00    50.0    22.0     3.0    

  Gens  Rem    Local   ElDiv NoImpr             Best solution            Time  Op
                                       Cost     Dist    Tard    TMax 
*   61  387  1821.00   26.53      0  1821.00  5391.00    50.0    22.0     3.0    
*   63  385  1795.00   25.09      0  1795.00  5313.00    50.0    22.0     3.1    
*   66  382  1786.67   21.99      0  1786.67  5272.00    73.0    15.0     3.3    
*   68  380  1755.33   21.68      0  1755.33  5226.00    36.0     4.0     3.4    
*   77  371  1739.67   15.46      0  1739.67  5162.00    45.0    12.0     3.8    
*   82  366  1733.00   15.31      0  1733.00  5102.00    61.0    36.0     4.0    
*   86  362  1730.33   14.62      0  1730.33  5068.00    57.0    16.0     4.2    
*   87  361  1713.67   13.96      0  1713.67  5068.00    57.0    16.0     4.3    
*   89  359  1701.67   13.60      0  1701.67  5064.00    33.0     8.0     4.3    
*   95  353  1663.33   16.45      0  1663.33  4982.00     6.0     2.0     4.6    
Path relinking result: too homogeneous.
    96  352  1663.33   16.70      2  1663.33  4982.00     6.0     2.0     4.7   P
   100  348  1663.33   16.15      5  1663.33  4982.00     6.0     2.0     4.9    
*  113  335  1654.00   12.72      0  1654.00  4910.00    36.0    16.0     5.5    
*  117  331  1650.67   12.32      0  1650.67  4902.00    36.0    14.0     5.7    
*  124  324  1625.00   11.63      0  1625.00  4852.00    15.0     8.0     6.0    
*  134  314  1613.00   12.11      0  1613.00  4832.00     5.0     2.0     6.5    

  Gens  Rem    Local   ElDiv NoImpr             Best solution            Time  Op
                                       Cost     Dist    Tard    TMax 
   150  298  1613.00    9.02     16  1613.00  4832.00     5.0     2.0     7.3    
*  153  295  1610.33    9.37      0  1610.33  4797.00    28.0     6.0     7.4    
*  160  288  1594.67    9.80      0  1594.67  4762.00    18.0     4.0     7.7    
*  174  274  1584.33   10.15      0  1584.33  4714.00    27.0    12.0     8.4    
*  182  266  1577.33   10.89      0  1577.33  4708.00    16.0     8.0     8.8    
*  191  257  1575.67   10.42      0  1575.67  4721.00     4.0     2.0     9.2    
Path relinking result: too homogeneous.
   192  256  1575.67   10.15      2  1575.67  4721.00     4.0     2.0     9.3   P
*  195  253  1555.33   11.32      0  1555.33  4656.00     5.0     5.0     9.4    
   200  248  1555.33   11.34      5  1555.33  4656.00     5.0     5.0     9.6    
*  214  234  1545.33    7.28      0  1545.33  4633.00     2.0     1.0    10.3    
*  222  226  1535.33    7.91      0  1535.33  4586.00    14.0     6.0    10.7    
*  230  218  1515.00    9.86      0  1515.00  4545.00     0.0     0.0    11.1    
   250  198  1515.00    7.50     20  1515.00  4545.00     0.0     0.0    12.1    
*  254  194  1499.33    8.34      0  1499.33  4486.00     8.0     4.0    12.3    
*  266  182  1490.33    8.12      0  1490.33  4468.00     2.0     1.0    12.8    
*  279  169  1487.00    6.32      0  1487.00  4456.00     0.0     0.0    13.4    

  Gens  Rem    Local   ElDiv NoImpr             Best solution            Time  Op
                                       Cost     Dist    Tard    TMax 
*  280  168  1485.33    6.12      0  1485.33  4456.00     0.0     0.0    13.4    
*  283  165  1482.67    5.89      0  1482.67  4441.00     4.0     3.0    13.5    
Path relinking result: too homogeneous.
   288  160  1480.33    5.21      0  1482.67  4441.00     4.0     3.0    13.8   P
*  289  159  1480.33    5.39      0  1480.33  4392.00    23.0    11.0    13.8    
*  290  158  1475.33    5.32      0  1475.33  4412.00     4.0     4.0    13.9    
*  291  157  1473.33    4.89      0  1473.33  4412.00     4.0     4.0    13.9    
*  296  152  1469.00    4.71      0  1469.00  4403.00     3.0     1.0    14.2    
   300  148  1469.00    4.22      4  1469.00  4403.00     3.0     1.0    14.3    
*  305  143  1458.00    5.00      0  1458.00  4365.00     5.0     4.0    14.6    
*  316  132  1457.00    4.00      0  1457.00  4371.00     0.0     0.0    15.1    
*  319  129  1456.00    3.64      0  1456.00  4368.00     0.0     0.0    15.2    
*  324  124  1450.33    3.03      0  1450.33  4351.00     0.0     0.0    15.4    
*  329  119  1446.00    2.80      0  1446.00  4338.00     0.0     0.0    15.7    
*  333  115  1445.00    2.50      0  1445.00  4333.00     0.0     0.0    15.8    
*  334  114  1444.33    1.88      0  1444.33  4331.00     0.0     0.0    15.9    
*  335  113  1443.67    1.65      0  1443.67  4331.00     0.0     0.0    16.0    

  Gens  Rem    Local   ElDiv NoImpr             Best solution            Time  Op
                                       Cost     Dist    Tard    TMax 
*  339  109  1443.33    0.64      0  1443.33  4328.00     0.0     0.0    16.2    
*  340  108  1442.67    0.49      0  1442.67  4327.00     0.0     0.0    16.2    
*  341  107  1442.33    0.52      0  1442.33  4327.00     0.0     0.0    16.3    
*  344  104  1442.00    0.44      0  1442.00  4324.00     0.0     0.0    16.4    
*  345  103  1441.33    0.52      0  1441.33  4324.00     0.0     0.0    16.4    
*  348  100  1441.00    0.51      0  1441.00  4320.00     0.0     0.0    16.6    
*  349   99  1440.00    0.58      0  1440.00  4320.00     0.0     0.0    16.6    
   350   98  1440.00    0.44      1  1440.00  4320.00     0.0     0.0    16.7    
*  360   88  1438.33    0.30      0  1438.33  4315.00     0.0     0.0    17.1    
*  365   83  1438.00    0.68      0  1438.00  4314.00     0.0     0.0    17.3    
*  378   70  1434.33    0.67      0  1434.33  4303.00     0.0     0.0    18.0    
*  382   66  1431.00    2.26      0  1431.00  4276.00     0.0     0.0    18.1    
*  383   65  1425.33    2.20      0  1425.33  4276.00     0.0     0.0    18.2    
Path relinking result: too homogeneous.
   384   64  1425.33    2.74      2  1425.33  4276.00     0.0     0.0    18.2   P
*  390   58  1424.33    0.17      0  1424.33  4273.00     0.0     0.0    18.5    
*  392   56  1424.00    0.38      0  1424.00  4272.00     0.0     0.0    18.6    

  Gens  Rem    Local   ElDiv NoImpr             Best solution            Time  Op
                                       Cost     Dist    Tard    TMax 
*  395   53  1423.67    0.40      0  1423.67  4271.00     0.0     0.0    18.7    
*  397   51  1423.00    0.48      0  1423.00  4265.00     0.0     0.0    18.8    
*  398   50  1421.67    0.63      0  1421.67  4265.00     0.0     0.0    18.9    
   400   48  1421.67    0.54      2  1421.67  4265.00     0.0     0.0    19.0    
*  401   47  1420.67    0.57      0  1420.67  4262.00     0.0     0.0    19.0    
*  404   44  1419.67    0.34      0  1419.67  4259.00     0.0     0.0    19.2    
*  415   33  1418.33    0.54      0  1418.33  4255.00     0.0     0.0    19.7    
*  424   24  1416.67    0.35      0  1416.67  4228.00    14.0     8.0    20.1    
*  428   20  1409.67    1.26      0  1409.67  4229.00     0.0     0.0    20.3    
*  432   16  1408.00    3.89      0  1408.00  4202.00    14.0     8.0    20.5    
*  438   10  1407.00    0.21      0  1407.00  4199.00    14.0     8.0    20.8    
   448    0  1407.00    0.00     10  1407.00  4199.00    14.0     8.0    21.2    
Evolutionary process finished.
Solution written to 'solution-13542.txt'.

Sorted sequence of worst to best tardiness value:
Task for patient = 99 with skills = {5,-1} and cost = 639.7
   Vehicle #0 = 41, leaving at = 795.0
   Vehicle #1 = -1, leaving at = inf
   Increment on distance indicator: 2.0
   Increment on tard indicator:     8.0
   Value of tmax indicator:         2.0

Task for patient = 175 with skills = {5,-1} and cost = 633.7
   Vehicle #0 = 45, leaving at = 789.0
   Vehicle #1 = -1, leaving at = inf
   Increment on distance indicator: 8.0
   Increment on tard indicator:     6.0
   Value of tmax indicator:         8.0

Task for patient = 262 with skills = {1,5} and cost = 739.0
   Vehicle #0 = 19, leaving at = 854.0
   Vehicle #1 = 51, leaving at = 853.0
   Increment on distance indicator: 6.0
   Increment on tard indicator:     0.0
   Value of tmax indicator:         6.0

Task for patient = 63 with skills = {0,-1} and cost = 737.0
   Vehicle #0 = 6, leaving at = 805.0
   Vehicle #1 = -1, leaving at = inf
   Increment on distance indicator: 6.0
   Increment on tard indicator:     0.0
   Value of tmax indicator:         6.0

Task for patient = 231 with skills = {2,-1} and cost = 735.0
   Vehicle #0 = 5, leaving at = 887.0
   Vehicle #1 = -1, leaving at = inf
   Increment on distance indicator: 11.0
   Increment on tard indicator:     0.0
   Value of tmax indicator:         11.0

Task for patient = 21 with skills = {0,-1} and cost = 731.3
   Vehicle #0 = 23, leaving at = 819.0
   Vehicle #1 = -1, leaving at = inf
   Increment on distance indicator: 8.0
   Increment on tard indicator:     0.0
   Value of tmax indicator:         8.0

Task for patient = 189 with skills = {2,4} and cost = 728.7
   Vehicle #0 = 17, leaving at = 868.0
   Vehicle #1 = 57, leaving at = 897.0
   Increment on distance indicator: 5.0
   Increment on tard indicator:     0.0
   Value of tmax indicator:         5.0

Task for patient = 131 with skills = {4,-1} and cost = 727.0
   Vehicle #0 = 45, leaving at = 851.0
   Vehicle #1 = -1, leaving at = inf
   Increment on distance indicator: 4.0
   Increment on tard indicator:     0.0
   Value of tmax indicator:         4.0

Task for patient = 152 with skills = {5,-1} and cost = 725.7
   Vehicle #0 = 57, leaving at = 776.0
   Vehicle #1 = -1, leaving at = inf
   Increment on distance indicator: 3.0
   Increment on tard indicator:     0.0
   Value of tmax indicator:         3.0

Task for patient = 237 with skills = {1,-1} and cost = 740.3
   Vehicle #0 = 15, leaving at = 1052.0
   Vehicle #1 = -1, leaving at = inf
   Increment on distance indicator: 4.0
   Increment on tard indicator:     0.0
   Value of tmax indicator:         4.0

Task for patient = 92 with skills = {2,-1} and cost = 723.0
   Vehicle #0 = 4, leaving at = 874.0
   Vehicle #1 = -1, leaving at = inf
   Increment on distance indicator: 2.0
   Increment on tard indicator:     0.0
   Value of tmax indicator:         2.0

Task for patient = 71 with skills = {5,-1} and cost = 722.3
   Vehicle #0 = 43, leaving at = 871.0
   Vehicle #1 = -1, leaving at = inf
   Increment on distance indicator: 1.0
   Increment on tard indicator:     0.0
   Value of tmax indicator:         1.0

Task for patient = 51 with skills = {5,-1} and cost = 722.0
   Vehicle #0 = 49, leaving at = 859.0
   Vehicle #1 = -1, leaving at = inf
   Increment on distance indicator: 8.0
   Increment on tard indicator:     0.0
   Value of tmax indicator:         8.0

Task for patient = 72 with skills = {1,-1} and cost = 719.3
   Vehicle #0 = 24, leaving at = 720.0
   Vehicle #1 = -1, leaving at = inf
   Increment on distance indicator: 17.0
   Increment on tard indicator:     0.0
   Value of tmax indicator:         17.0

Task for patient = 2 with skills = {5,-1} and cost = 713.7
   Vehicle #0 = 43, leaving at = 823.0
   Vehicle #1 = -1, leaving at = inf
   Increment on distance indicator: 2.0
   Increment on tard indicator:     0.0
   Value of tmax indicator:         2.0

Task for patient = 39 with skills = {1,-1} and cost = 713.0
   Vehicle #0 = 15, leaving at = 1001.0
   Vehicle #1 = -1, leaving at = inf
   Increment on distance indicator: 2.0
   Increment on tard indicator:     0.0
   Value of tmax indicator:         2.0

Task for patient = 260 with skills = {5,-1} and cost = 712.3
   Vehicle #0 = 57, leaving at = 737.0
   Vehicle #1 = -1, leaving at = inf
   Increment on distance indicator: 4.0
   Increment on tard indicator:     0.0
   Value of tmax indicator:         4.0

Task for patient = 1 with skills = {4,-1} and cost = 711.0
   Vehicle #0 = 54, leaving at = 967.0
   Vehicle #1 = -1, leaving at = inf
   Increment on distance indicator: 2.0
   Increment on tard indicator:     0.0
   Value of tmax indicator:         2.0

Task for patient = 122 with skills = {0,5} and cost = 710.3
   Vehicle #0 = 20, leaving at = 666.0
   Vehicle #1 = 57, leaving at = 683.0
   Increment on distance indicator: 10.0
   Increment on tard indicator:     0.0
   Value of tmax indicator:         10.0

Task for patient = 198 with skills = {1,-1} and cost = 724.7
   Vehicle #0 = 19, leaving at = 798.0
   Vehicle #1 = -1, leaving at = inf
   Increment on distance indicator: 5.0
   Increment on tard indicator:     0.0
   Value of tmax indicator:         5.0

Task for patient = 144 with skills = {4,-1} and cost = 793.3
   Vehicle #0 = 50, leaving at = 893.0
   Vehicle #1 = -1, leaving at = inf
   Increment on distance indicator: 1.0
   Increment on tard indicator:     0.0
   Value of tmax indicator:         1.0

Task for patient = 95 with skills = {0,3} and cost = 793.0
   Vehicle #0 = 14, leaving at = 915.0
   Vehicle #1 = 33, leaving at = 945.0
   Increment on distance indicator: 5.0
   Increment on tard indicator:     0.0
   Value of tmax indicator:         5.0

Task for patient = 179 with skills = {1,3} and cost = 791.3
   Vehicle #0 = 10, leaving at = 872.0
   Vehicle #1 = 47, leaving at = 857.0
   Increment on distance indicator: 7.0
   Increment on tard indicator:     0.0
   Value of tmax indicator:         7.0

Task for patient = 197 with skills = {5,-1} and cost = 789.0
   Vehicle #0 = 46, leaving at = 866.0
   Vehicle #1 = -1, leaving at = inf
   Increment on distance indicator: 1.0
   Increment on tard indicator:     0.0
   Value of tmax indicator:         1.0

Task for patient = 169 with skills = {2,-1} and cost = 788.7
   Vehicle #0 = 23, leaving at = 916.0
   Vehicle #1 = -1, leaving at = inf
   Increment on distance indicator: 5.0
   Increment on tard indicator:     0.0
   Value of tmax indicator:         5.0

Task for patient = 214 with skills = {3,-1} and cost = 787.0
   Vehicle #0 = 47, leaving at = 826.0
   Vehicle #1 = -1, leaving at = inf
   Increment on distance indicator: 6.0
   Increment on tard indicator:     0.0
   Value of tmax indicator:         6.0

Task for patient = 166 with skills = {2,4} and cost = 785.0
   Vehicle #0 = 11, leaving at = 832.0
   Vehicle #1 = 38, leaving at = 862.0
   Increment on distance indicator: 10.0
   Increment on tard indicator:     0.0
   Value of tmax indicator:         10.0

Task for patient = 89 with skills = {2,3} and cost = 781.7
   Vehicle #0 = 12, leaving at = 872.0
   Vehicle #1 = 34, leaving at = 859.0
   Increment on distance indicator: 10.0
   Increment on tard indicator:     0.0
   Value of tmax indicator:         10.0

Task for patient = 251 with skills = {2,4} and cost = 745.0
   Vehicle #0 = 21, leaving at = 824.0
   Vehicle #1 = 40, leaving at = 836.0
   Increment on distance indicator: 14.0
   Increment on tard indicator:     0.0
   Value of tmax indicator:         14.0

Task for patient = 90 with skills = {2,4} and cost = 775.3
   Vehicle #0 = 7, leaving at = 964.0
   Vehicle #1 = 35, leaving at = 971.0
   Increment on distance indicator: 4.0
   Increment on tard indicator:     0.0
   Value of tmax indicator:         4.0

Task for patient = 253 with skills = {0,3} and cost = 774.0
   Vehicle #0 = 26, leaving at = 770.0
   Vehicle #1 = 39, leaving at = 772.0
   Increment on distance indicator: 20.0
   Increment on tard indicator:     0.0
   Value of tmax indicator:         20.0

Task for patient = 108 with skills = {1,3} and cost = 767.3
   Vehicle #0 = 24, leaving at = 925.0
   Vehicle #1 = 31, leaving at = 915.0
   Increment on distance indicator: 39.0
   Increment on tard indicator:     0.0
   Value of tmax indicator:         39.0

Task for patient = 201 with skills = {4,-1} and cost = 754.3
   Vehicle #0 = 47, leaving at = 745.0
   Vehicle #1 = -1, leaving at = inf
   Increment on distance indicator: 6.0
   Increment on tard indicator:     0.0
   Value of tmax indicator:         6.0

Task for patient = 255 with skills = {2,-1} and cost = 752.3
   Vehicle #0 = 5, leaving at = 907.0
   Vehicle #1 = -1, leaving at = inf
   Increment on distance indicator: 5.0
   Increment on tard indicator:     0.0
   Value of tmax indicator:         5.0

Task for patient = 129 with skills = {2,-1} and cost = 750.7
   Vehicle #0 = 26, leaving at = 684.0
   Vehicle #1 = -1, leaving at = inf
   Increment on distance indicator: 15.0
   Increment on tard indicator:     0.0
   Value of tmax indicator:         15.0

Task for patient = 62 with skills = {0,-1} and cost = 745.7
   Vehicle #0 = 20, leaving at = 717.0
   Vehicle #1 = -1, leaving at = inf
   Increment on distance indicator: 2.0
   Increment on tard indicator:     0.0
   Value of tmax indicator:         2.0

Task for patient = 244 with skills = {3,-1} and cost = 707.0
   Vehicle #0 = 50, leaving at = 841.0
   Vehicle #1 = -1, leaving at = inf
   Increment on distance indicator: 7.0
   Increment on tard indicator:     0.0
   Value of tmax indicator:         7.0

Task for patient = 137 with skills = {0,3} and cost = 778.3
   Vehicle #0 = 18, leaving at = 939.0
   Vehicle #1 = 48, leaving at = 920.0
   Increment on distance indicator: 9.0
   Increment on tard indicator:     0.0
   Value of tmax indicator:         9.0

Task for patient = 282 with skills = {3,-1} and cost = 645.0
   Vehicle #0 = 32, leaving at = 972.0
   Vehicle #1 = -1, leaving at = inf
   Increment on distance indicator: 3.0
   Increment on tard indicator:     0.0
   Value of tmax indicator:         3.0

Task for patient = 40 with skills = {4,-1} and cost = 644.0
   Vehicle #0 = 51, leaving at = 773.0
   Vehicle #1 = -1, leaving at = inf
   Increment on distance indicator: 4.0
   Increment on tard indicator:     0.0
   Value of tmax indicator:         4.0

Task for patient = 130 with skills = {2,-1} and cost = 642.7
   Vehicle #0 = 3, leaving at = 871.0
   Vehicle #1 = -1, leaving at = inf
   Increment on distance indicator: 9.0
   Increment on tard indicator:     0.0
   Value of tmax indicator:         9.0

Task for patient = 14 with skills = {1,-1} and cost = 635.7
   Vehicle #0 = 27, leaving at = 599.0
   Vehicle #1 = -1, leaving at = inf
   Increment on distance indicator: 6.0
   Increment on tard indicator:     0.0
   Value of tmax indicator:         6.0

Task for patient = 145 with skills = {0,-1} and cost = 627.0
   Vehicle #0 = 24, leaving at = 612.0
   Vehicle #1 = -1, leaving at = inf
   Increment on distance indicator: 19.0
   Increment on tard indicator:     0.0
   Value of tmax indicator:         19.0

Task for patient = 291 with skills = {1,-1} and cost = 620.7
   Vehicle #0 = 24, leaving at = 575.0
   Vehicle #1 = -1, leaving at = inf
   Increment on distance indicator: 16.0
   Increment on tard indicator:     0.0
   Value of tmax indicator:         16.0

Task for patient = 230 with skills = {2,-1} and cost = 615.3
   Vehicle #0 = 21, leaving at = 689.0
   Vehicle #1 = -1, leaving at = inf
   Increment on distance indicator: 10.0
   Increment on tard indicator:     0.0
   Value of tmax indicator:         10.0

Task for patient = 238 with skills = {1,-1} and cost = 612.0
   Vehicle #0 = 18, leaving at = 889.0
   Vehicle #1 = -1, leaving at = inf
   Increment on distance indicator: 6.0
   Increment on tard indicator:     0.0
   Value of tmax indicator:         6.0

Task for patient = 110 with skills = {1,-1} and cost = 704.7
   Vehicle #0 = 16, leaving at = 821.0
   Vehicle #1 = -1, leaving at = inf
   Increment on distance indicator: 6.0
   Increment on tard indicator:     0.0
   Value of tmax indicator:         6.0

Task for patient = 211 with skills = {2,5} and cost = 603.7
   Vehicle #0 = 6, leaving at = 761.0
   Vehicle #1 = 43, leaving at = 765.0
   Increment on distance indicator: 14.0
   Increment on tard indicator:     0.0
   Value of tmax indicator:         14.0

Task for patient = 48 with skills = {3,-1} and cost = 599.0
   Vehicle #0 = 50, leaving at = 764.0
   Vehicle #1 = -1, leaving at = inf
   Increment on distance indicator: 2.0
   Increment on tard indicator:     0.0
   Value of tmax indicator:         2.0

Task for patient = 59 with skills = {2,-1} and cost = 598.3
   Vehicle #0 = 15, leaving at = 902.0
   Vehicle #1 = -1, leaving at = inf
   Increment on distance indicator: 1.0
   Increment on tard indicator:     0.0
   Value of tmax indicator:         1.0

Task for patient = 120 with skills = {1,-1} and cost = 598.0
   Vehicle #0 = 23, leaving at = 620.0
   Vehicle #1 = -1, leaving at = inf
   Increment on distance indicator: 20.0
   Increment on tard indicator:     0.0
   Value of tmax indicator:         20.0

Task for patient = 124 with skills = {1,3} and cost = 591.3
   Vehicle #0 = 0, leaving at = 942.0
   Vehicle #1 = 42, leaving at = 961.0
   Increment on distance indicator: 14.0
   Increment on tard indicator:     0.0
   Value of tmax indicator:         14.0

Task for patient = 184 with skills = {2,-1} and cost = 586.7
   Vehicle #0 = 21, leaving at = 664.0
   Vehicle #1 = -1, leaving at = inf
   Increment on distance indicator: 9.0
   Increment on tard indicator:     0.0
   Value of tmax indicator:         9.0

Task for patient = 150 with skills = {0,-1} and cost = 583.7
   Vehicle #0 = 0, leaving at = 886.0
   Vehicle #1 = -1, leaving at = inf
   Increment on distance indicator: 4.0
   Increment on tard indicator:     0.0
   Value of tmax indicator:         4.0

Task for patient = 240 with skills = {4,-1} and cost = 582.3
   Vehicle #0 = 35, leaving at = 845.0
   Vehicle #1 = -1, leaving at = inf
   Increment on distance indicator: 3.0
   Increment on tard indicator:     0.0
   Value of tmax indicator:         3.0

Task for patient = 98 with skills = {0,3} and cost = 610.0
   Vehicle #0 = 22, leaving at = 846.0
   Vehicle #1 = 49, leaving at = 818.0
   Increment on distance indicator: 19.0
   Increment on tard indicator:     0.0
   Value of tmax indicator:         19.0

Task for patient = 186 with skills = {5,-1} and cost = 992.7
   Vehicle #0 = 45, leaving at = 1013.0
   Vehicle #1 = -1, leaving at = inf
   Increment on distance indicator: 4.0
   Increment on tard indicator:     0.0
   Value of tmax indicator:         4.0

Task for patient = 75 with skills = {0,3} and cost = 702.7
   Vehicle #0 = 27, leaving at = 697.0
   Vehicle #1 = 55, leaving at = 699.0
   Increment on distance indicator: 59.0
   Increment on tard indicator:     0.0
   Value of tmax indicator:         59.0

Task for patient = 109 with skills = {2,-1} and cost = 683.0
   Vehicle #0 = 19, leaving at = 735.0
   Vehicle #1 = -1, leaving at = inf
   Increment on distance indicator: 8.0
   Increment on tard indicator:     0.0
   Value of tmax indicator:         8.0

Task for patient = 11 with skills = {0,-1} and cost = 680.3
   Vehicle #0 = 1, leaving at = 991.0
   Vehicle #1 = -1, leaving at = inf
   Increment on distance indicator: 4.0
   Increment on tard indicator:     0.0
   Value of tmax indicator:         4.0

Task for patient = 134 with skills = {2,-1} and cost = 679.0
   Vehicle #0 = 23, leaving at = 716.0
   Vehicle #1 = -1, leaving at = inf
   Increment on distance indicator: 5.0
   Increment on tard indicator:     0.0
   Value of tmax indicator:         5.0

Task for patient = 271 with skills = {2,-1} and cost = 677.3
   Vehicle #0 = 19, leaving at = 685.0
   Vehicle #1 = -1, leaving at = inf
   Increment on distance indicator: 6.0
   Increment on tard indicator:     0.0
   Value of tmax indicator:         6.0

Task for patient = 205 with skills = {0,-1} and cost = 675.3
   Vehicle #0 = 24, leaving at = 635.0
   Vehicle #1 = -1, leaving at = inf
   Increment on distance indicator: 4.0
   Increment on tard indicator:     0.0
   Value of tmax indicator:         4.0

Task for patient = 115 with skills = {0,5} and cost = 674.0
   Vehicle #0 = 4, leaving at = 841.0
   Vehicle #1 = 51, leaving at = 801.0
   Increment on distance indicator: 13.0
   Increment on tard indicator:     0.0
   Value of tmax indicator:         13.0

Task for patient = 234 with skills = {5,-1} and cost = 646.7
   Vehicle #0 = 50, leaving at = 789.0
   Vehicle #1 = -1, leaving at = inf
   Increment on distance indicator: 5.0
   Increment on tard indicator:     0.0
   Value of tmax indicator:         5.0

Task for patient = 36 with skills = {5,-1} and cost = 668.3
   Vehicle #0 = 55, leaving at = 577.0
   Vehicle #1 = -1, leaving at = inf
   Increment on distance indicator: 9.0
   Increment on tard indicator:     0.0
   Value of tmax indicator:         9.0

Task for patient = 135 with skills = {3,-1} and cost = 665.3
   Vehicle #0 = 30, leaving at = 1034.0
   Vehicle #1 = -1, leaving at = inf
   Increment on distance indicator: 2.0
   Increment on tard indicator:     0.0
   Value of tmax indicator:         2.0

Task for patient = 128 with skills = {1,-1} and cost = 664.7
   Vehicle #0 = 22, leaving at = 955.0
   Vehicle #1 = -1, leaving at = inf
   Increment on distance indicator: 4.0
   Increment on tard indicator:     0.0
   Value of tmax indicator:         4.0

Task for patient = 246 with skills = {5,-1} and cost = 663.3
   Vehicle #0 = 52, leaving at = 664.0
   Vehicle #1 = -1, leaving at = inf
   Increment on distance indicator: 24.0
   Increment on tard indicator:     0.0
   Value of tmax indicator:         24.0

Task for patient = 113 with skills = {2,-1} and cost = 655.3
   Vehicle #0 = 5, leaving at = 839.0
   Vehicle #1 = -1, leaving at = inf
   Increment on distance indicator: 1.0
   Increment on tard indicator:     0.0
   Value of tmax indicator:         1.0

Task for patient = 193 with skills = {1,-1} and cost = 655.0
   Vehicle #0 = 15, leaving at = 940.0
   Vehicle #1 = -1, leaving at = inf
   Increment on distance indicator: 2.0
   Increment on tard indicator:     0.0
   Value of tmax indicator:         2.0

Task for patient = 265 with skills = {1,-1} and cost = 654.3
   Vehicle #0 = 23, leaving at = 672.0
   Vehicle #1 = -1, leaving at = inf
   Increment on distance indicator: 13.0
   Increment on tard indicator:     0.0
   Value of tmax indicator:         13.0

Task for patient = 195 with skills = {1,4} and cost = 650.0
   Vehicle #0 = 7, leaving at = 877.0
   Vehicle #1 = 35, leaving at = 917.0
   Increment on distance indicator: 5.0
   Increment on tard indicator:     0.0
   Value of tmax indicator:         5.0

Task for patient = 164 with skills = {3,-1} and cost = 648.3
   Vehicle #0 = 30, leaving at = 973.0
   Vehicle #1 = -1, leaving at = inf
   Increment on distance indicator: 5.0
   Increment on tard indicator:     0.0
   Value of tmax indicator:         5.0

Task for patient = 31 with skills = {4,-1} and cost = 669.7
   Vehicle #0 = 38, leaving at = 829.0
   Vehicle #1 = -1, leaving at = inf
   Increment on distance indicator: 4.0
   Increment on tard indicator:     0.0
   Value of tmax indicator:         4.0

Task for patient = 194 with skills = {0,-1} and cost = 931.7
   Vehicle #0 = 19, leaving at = 961.0
   Vehicle #1 = -1, leaving at = inf
   Increment on distance indicator: 7.0
   Increment on tard indicator:     0.0
   Value of tmax indicator:         7.0

Task for patient = 16 with skills = {1,5} and cost = 929.3
   Vehicle #0 = 12, leaving at = 948.0
   Vehicle #1 = 46, leaving at = 976.0
   Increment on distance indicator: 22.0
   Increment on tard indicator:     0.0
   Value of tmax indicator:         22.0

Task for patient = 226 with skills = {2,-1} and cost = 922.0
   Vehicle #0 = 26, leaving at = 966.0
   Vehicle #1 = -1, leaving at = inf
   Increment on distance indicator: 2.0
   Increment on tard indicator:     0.0
   Value of tmax indicator:         2.0

Task for patient = 13 with skills = {0,-1} and cost = 921.3
   Vehicle #0 = 11, leaving at = 878.0
   Vehicle #1 = -1, leaving at = inf
   Increment on distance indicator: 5.0
   Increment on tard indicator:     0.0
   Value of tmax indicator:         5.0

Task for patient = 233 with skills = {4,-1} and cost = 919.7
   Vehicle #0 = 49, leaving at = 1021.0
   Vehicle #1 = -1, leaving at = inf
   Increment on distance indicator: 8.0
   Increment on tard indicator:     0.0
   Value of tmax indicator:         8.0

Task for patient = 44 with skills = {0,-1} and cost = 917.0
   Vehicle #0 = 26, leaving at = 938.0
   Vehicle #1 = -1, leaving at = inf
   Increment on distance indicator: 7.0
   Increment on tard indicator:     0.0
   Value of tmax indicator:         7.0

Task for patient = 180 with skills = {0,3} and cost = 914.7
   Vehicle #0 = 4, leaving at = 1038.0
   Vehicle #1 = 44, leaving at = 1039.0
   Increment on distance indicator: 16.0
   Increment on tard indicator:     0.0
   Value of tmax indicator:         16.0

Task for patient = 55 with skills = {0,4} and cost = 909.3
   Vehicle #0 = 3, leaving at = 1050.0
   Vehicle #1 = 36, leaving at = 1035.0
   Increment on distance indicator: 8.0
   Increment on tard indicator:     0.0
   Value of tmax indicator:         8.0

Task for patient = 77 with skills = {2,-1} and cost = 794.7
   Vehicle #0 = 8, leaving at = 836.0
   Vehicle #1 = -1, leaving at = inf
   Increment on distance indicator: 4.0
   Increment on tard indicator:     0.0
   Value of tmax indicator:         4.0

Task for patient = 247 with skills = {5,-1} and cost = 905.7
   Vehicle #0 = 51, leaving at = 989.0
   Vehicle #1 = -1, leaving at = inf
   Increment on distance indicator: 12.0
   Increment on tard indicator:     0.0
   Value of tmax indicator:         12.0

Task for patient = 272 with skills = {4,-1} and cost = 901.7
   Vehicle #0 = 38, leaving at = 1030.0
   Vehicle #1 = -1, leaving at = inf
   Increment on distance indicator: 2.0
   Increment on tard indicator:     0.0
   Value of tmax indicator:         2.0

Task for patient = 235 with skills = {5,-1} and cost = 901.0
   Vehicle #0 = 48, leaving at = 957.0
   Vehicle #1 = -1, leaving at = inf
   Increment on distance indicator: 6.0
   Increment on tard indicator:     0.0
   Value of tmax indicator:         6.0

Task for patient = 183 with skills = {3,-1} and cost = 899.0
   Vehicle #0 = 38, leaving at = 970.0
   Vehicle #1 = -1, leaving at = inf
   Increment on distance indicator: 5.0
   Increment on tard indicator:     0.0
   Value of tmax indicator:         5.0

Task for patient = 6 with skills = {3,-1} and cost = 897.3
   Vehicle #0 = 52, leaving at = 952.0
   Vehicle #1 = -1, leaving at = inf
   Increment on distance indicator: 10.0
   Increment on tard indicator:     0.0
   Value of tmax indicator:         10.0

Task for patient = 173 with skills = {1,4} and cost = 894.0
   Vehicle #0 = 0, leaving at = 1017.0
   Vehicle #1 = 42, leaving at = 987.0
   Increment on distance indicator: 5.0
   Increment on tard indicator:     0.0
   Value of tmax indicator:         5.0

Task for patient = 207 with skills = {0,5} and cost = 892.3
   Vehicle #0 = 2, leaving at = 1063.0
   Vehicle #1 = 37, leaving at = 1064.0
   Increment on distance indicator: 5.0
   Increment on tard indicator:     0.0
   Value of tmax indicator:         5.0

Task for patient = 7 with skills = {1,3} and cost = 890.7
   Vehicle #0 = 14, leaving at = 993.0
   Vehicle #1 = 54, leaving at = 1012.0
   Increment on distance indicator: 7.0
   Increment on tard indicator:     0.0
   Value of tmax indicator:         7.0

Task for patient = 50 with skills = {1,-1} and cost = 906.7
   Vehicle #0 = 13, leaving at = 1041.0
   Vehicle #1 = -1, leaving at = inf
   Increment on distance indicator: 3.0
   Increment on tard indicator:     0.0
   Value of tmax indicator:         3.0

Task for patient = 217 with skills = {2,-1} and cost = 991.3
   Vehicle #0 = 9, leaving at = 987.0
   Vehicle #1 = -1, leaving at = inf
   Increment on distance indicator: 4.0
   Increment on tard indicator:     0.0
   Value of tmax indicator:         4.0

Task for patient = 58 with skills = {2,-1} and cost = 990.0
   Vehicle #0 = 21, leaving at = 939.0
   Vehicle #1 = -1, leaving at = inf
   Increment on distance indicator: 9.0
   Increment on tard indicator:     0.0
   Value of tmax indicator:         9.0

Task for patient = 114 with skills = {4,-1} and cost = 987.0
   Vehicle #0 = 32, leaving at = 1003.0
   Vehicle #1 = -1, leaving at = inf
   Increment on distance indicator: 7.0
   Increment on tard indicator:     0.0
   Value of tmax indicator:         7.0

Task for patient = 28 with skills = {4,-1} and cost = 984.7
   Vehicle #0 = 30, leaving at = 1067.0
   Vehicle #1 = -1, leaving at = inf
   Increment on distance indicator: 4.0
   Increment on tard indicator:     0.0
   Value of tmax indicator:         4.0

Task for patient = 34 with skills = {0,4} and cost = 983.3
   Vehicle #0 = 3, leaving at = 1112.0
   Vehicle #1 = 40, leaving at = 1104.0
   Increment on distance indicator: 11.0
   Increment on tard indicator:     0.0
   Value of tmax indicator:         11.0

Task for patient = 191 with skills = {4,-1} and cost = 979.7
   Vehicle #0 = 40, leaving at = 923.0
   Vehicle #1 = -1, leaving at = inf
   Increment on distance indicator: 4.0
   Increment on tard indicator:     0.0
   Value of tmax indicator:         4.0

Task for patient = 245 with skills = {5,-1} and cost = 978.3
   Vehicle #0 = 51, leaving at = 1032.0
   Vehicle #1 = -1, leaving at = inf
   Increment on distance indicator: 3.0
   Increment on tard indicator:     0.0
   Value of tmax indicator:         3.0

Task for patient = 118 with skills = {1,4} and cost = 977.3
   Vehicle #0 = 24, leaving at = 992.0
   Vehicle #1 = 31, leaving at = 988.0
   Increment on distance indicator: 30.0
   Increment on tard indicator:     0.0
   Value of tmax indicator:         30.0

Task for patient = 292 with skills = {0,-1} and cost = 934.0
   Vehicle #0 = 11, leaving at = 905.0
   Vehicle #1 = -1, leaving at = inf
   Increment on distance indicator: 7.0
   Increment on tard indicator:     0.0
   Value of tmax indicator:         7.0

Task for patient = 215 with skills = {1,-1} and cost = 963.3
   Vehicle #0 = 8, leaving at = 924.0
   Vehicle #1 = -1, leaving at = inf
   Increment on distance indicator: 7.0
   Increment on tard indicator:     0.0
   Value of tmax indicator:         7.0

Task for patient = 53 with skills = {0,5} and cost = 961.0
   Vehicle #0 = 18, leaving at = 984.0
   Vehicle #1 = 48, leaving at = 1022.0
   Increment on distance indicator: 10.0
   Increment on tard indicator:     0.0
   Value of tmax indicator:         10.0

Task for patient = 182 with skills = {4,-1} and cost = 957.7
   Vehicle #0 = 39, leaving at = 1046.0
   Vehicle #1 = -1, leaving at = inf
   Increment on distance indicator: 3.0
   Increment on tard indicator:     0.0
   Value of tmax indicator:         3.0

Task for patient = 264 with skills = {4,-1} and cost = 956.7
   Vehicle #0 = 41, leaving at = 918.0
   Vehicle #1 = -1, leaving at = inf
   Increment on distance indicator: 8.0
   Increment on tard indicator:     0.0
   Value of tmax indicator:         8.0

Task for patient = 54 with skills = {0,5} and cost = 954.0
   Vehicle #0 = 23, leaving at = 1025.0
   Vehicle #1 = 45, leaving at = 989.0
   Increment on distance indicator: 16.0
   Increment on tard indicator:     0.0
   Value of tmax indicator:         16.0

Task for patient = 45 with skills = {3,-1} and cost = 948.7
   Vehicle #0 = 43, leaving at = 1007.0
   Vehicle #1 = -1, leaving at = inf
   Increment on distance indicator: 4.0
   Increment on tard indicator:     0.0
   Value of tmax indicator:         4.0

Task for patient = 181 with skills = {0,-1} and cost = 947.3
   Vehicle #0 = 26, leaving at = 1002.0
   Vehicle #1 = -1, leaving at = inf
   Increment on distance indicator: 3.0
   Increment on tard indicator:     0.0
   Value of tmax indicator:         3.0

Task for patient = 293 with skills = {2,5} and cost = 946.3
   Vehicle #0 = 21, leaving at = 914.0
   Vehicle #1 = 45, leaving at = 936.0
   Increment on distance indicator: 16.0
   Increment on tard indicator:     0.0
   Value of tmax indicator:         16.0

Task for patient = 49 with skills = {0,3} and cost = 941.0
   Vehicle #0 = 20, leaving at = 981.0
   Vehicle #1 = 33, leaving at = 1005.0
   Increment on distance indicator: 21.0
   Increment on tard indicator:     0.0
   Value of tmax indicator:         21.0

Task for patient = 190 with skills = {2,4} and cost = 967.3
   Vehicle #0 = 17, leaving at = 944.0
   Vehicle #1 = 57, leaving at = 949.0
   Increment on distance indicator: 12.0
   Increment on tard indicator:     0.0
   Value of tmax indicator:         12.0

Task for patient = 41 with skills = {0,-1} and cost = 836.7
   Vehicle #0 = 1, leaving at = 1043.0
   Vehicle #1 = -1, leaving at = inf
   Increment on distance indicator: 1.0
   Increment on tard indicator:     0.0
   Value of tmax indicator:         1.0

Task for patient = 288 with skills = {0,-1} and cost = 836.3
   Vehicle #0 = 16, leaving at = 1021.0
   Vehicle #1 = -1, leaving at = inf
   Increment on distance indicator: 4.0
   Increment on tard indicator:     0.0
   Value of tmax indicator:         4.0

Task for patient = 204 with skills = {5,-1} and cost = 835.0
   Vehicle #0 = 38, leaving at = 937.0
   Vehicle #1 = -1, leaving at = inf
   Increment on distance indicator: 4.0
   Increment on tard indicator:     0.0
   Value of tmax indicator:         4.0

Task for patient = 225 with skills = {1,-1} and cost = 833.7
   Vehicle #0 = 0, leaving at = 965.0
   Vehicle #1 = -1, leaving at = inf
   Increment on distance indicator: 3.0
   Increment on tard indicator:     0.0
   Value of tmax indicator:         3.0

Task for patient = 60 with skills = {0,5} and cost = 832.7
   Vehicle #0 = 3, leaving at = 997.0
   Vehicle #1 = 50, leaving at = 1002.0
   Increment on distance indicator: 16.0
   Increment on tard indicator:     0.0
   Value of tmax indicator:         16.0

Task for patient = 212 with skills = {0,5} and cost = 827.3
   Vehicle #0 = 13, leaving at = 983.0
   Vehicle #1 = 39, leaving at = 1011.0
   Increment on distance indicator: 4.0
   Increment on tard indicator:     0.0
   Value of tmax indicator:         4.0

Task for patient = 157 with skills = {1,5} and cost = 826.0
   Vehicle #0 = 16, leaving at = 959.0
   Vehicle #1 = 37, leaving at = 983.0
   Increment on distance indicator: 8.0
   Increment on tard indicator:     0.0
   Value of tmax indicator:         8.0

Task for patient = 188 with skills = {0,3} and cost = 823.3
   Vehicle #0 = 16, leaving at = 919.0
   Vehicle #1 = 34, leaving at = 888.0
   Increment on distance indicator: 15.0
   Increment on tard indicator:     0.0
   Value of tmax indicator:         15.0

Task for patient = 37 with skills = {0,3} and cost = 888.3
   Vehicle #0 = 26, leaving at = 879.0
   Vehicle #1 = 52, leaving at = 873.0
   Increment on distance indicator: 9.0
   Increment on tard indicator:     0.0
   Value of tmax indicator:         9.0

Task for patient = 174 with skills = {5,-1} and cost = 815.3
   Vehicle #0 = 41, leaving at = 829.0
   Vehicle #1 = -1, leaving at = inf
   Increment on distance indicator: 5.0
   Increment on tard indicator:     0.0
   Value of tmax indicator:         5.0

Task for patient = 125 with skills = {5,-1} and cost = 813.7
   Vehicle #0 = 39, leaving at = 895.0
   Vehicle #1 = -1, leaving at = inf
   Increment on distance indicator: 8.0
   Increment on tard indicator:     0.0
   Value of tmax indicator:         8.0

Task for patient = 20 with skills = {5,-1} and cost = 811.0
   Vehicle #0 = 39, leaving at = 853.0
   Vehicle #1 = -1, leaving at = inf
   Increment on distance indicator: 2.0
   Increment on tard indicator:     0.0
   Value of tmax indicator:         2.0

Task for patient = 139 with skills = {1,-1} and cost = 810.3
   Vehicle #0 = 10, leaving at = 933.0
   Vehicle #1 = -1, leaving at = inf
   Increment on distance indicator: 5.0
   Increment on tard indicator:     0.0
   Value of tmax indicator:         5.0

Task for patient = 254 with skills = {1,5} and cost = 808.7
   Vehicle #0 = 13, leaving at = 903.0
   Vehicle #1 = 46, leaving at = 894.0
   Increment on distance indicator: 8.0
   Increment on tard indicator:     0.0
   Value of tmax indicator:         8.0

Task for patient = 5 with skills = {4,-1} and cost = 806.0
   Vehicle #0 = 40, leaving at = 892.0
   Vehicle #1 = -1, leaving at = inf
   Increment on distance indicator: 12.0
   Increment on tard indicator:     0.0
   Value of tmax indicator:         12.0

Task for patient = 294 with skills = {3,-1} and cost = 802.0
   Vehicle #0 = 39, leaving at = 825.0
   Vehicle #1 = -1, leaving at = inf
   Increment on distance indicator: 8.0
   Increment on tard indicator:     0.0
   Value of tmax indicator:         8.0

Task for patient = 299 with skills = {2,5} and cost = 799.3
   Vehicle #0 = 12, leaving at = 897.0
   Vehicle #1 = 50, leaving at = 933.0
   Increment on distance indicator: 10.0
   Increment on tard indicator:     0.0
   Value of tmax indicator:         10.0

Task for patient = 116 with skills = {0,-1} and cost = 796.0
   Vehicle #0 = 4, leaving at = 893.0
   Vehicle #1 = -1, leaving at = inf
   Increment on distance indicator: 4.0
   Increment on tard indicator:     0.0
   Value of tmax indicator:         4.0

Task for patient = 286 with skills = {1,4} and cost = 818.3
   Vehicle #0 = 13, leaving at = 963.0
   Vehicle #1 = 39, leaving at = 924.0
   Increment on distance indicator: 9.0
   Increment on tard indicator:     0.0
   Value of tmax indicator:         9.0

Task for patient = 102 with skills = {2,-1} and cost = 885.3
   Vehicle #0 = 6, leaving at = 881.0
   Vehicle #1 = -1, leaving at = inf
   Increment on distance indicator: 10.0
   Increment on tard indicator:     0.0
   Value of tmax indicator:         10.0

Task for patient = 78 with skills = {3,-1} and cost = 882.0
   Vehicle #0 = 51, leaving at = 958.0
   Vehicle #1 = -1, leaving at = inf
   Increment on distance indicator: 9.0
   Increment on tard indicator:     0.0
   Value of tmax indicator:         9.0

Task for patient = 261 with skills = {5,-1} and cost = 879.0
   Vehicle #0 = 43, leaving at = 965.0
   Vehicle #1 = -1, leaving at = inf
   Increment on distance indicator: 5.0
   Increment on tard indicator:     0.0
   Value of tmax indicator:         5.0

Task for patient = 274 with skills = {3,-1} and cost = 877.3
   Vehicle #0 = 49, leaving at = 960.0
   Vehicle #1 = -1, leaving at = inf
   Increment on distance indicator: 5.0
   Increment on tard indicator:     0.0
   Value of tmax indicator:         5.0

Task for patient = 224 with skills = {0,-1} and cost = 875.7
   Vehicle #0 = 1, leaving at = 1079.0
   Vehicle #1 = -1, leaving at = inf
   Increment on distance indicator: 1.0
   Increment on tard indicator:     0.0
   Value of tmax indicator:         1.0

Task for patient = 242 with skills = {1,5} and cost = 875.3
   Vehicle #0 = 15, leaving at = 1108.0
   Vehicle #1 = 50, leaving at = 1107.0
   Increment on distance indicator: 6.0
   Increment on tard indicator:     0.0
   Value of tmax indicator:         6.0

Task for patient = 111 with skills = {3,-1} and cost = 873.3
   Vehicle #0 = 52, leaving at = 745.0
   Vehicle #1 = -1, leaving at = inf
   Increment on distance indicator: 8.0
   Increment on tard indicator:     0.0
   Value of tmax indicator:         8.0

Task for patient = 220 with skills = {5,-1} and cost = 870.7
   Vehicle #0 = 49, leaving at = 923.0
   Vehicle #1 = -1, leaving at = inf
   Increment on distance indicator: 9.0
   Increment on tard indicator:     0.0
   Value of tmax indicator:         9.0

Task for patient = 296 with skills = {2,-1} and cost = 839.3
   Vehicle #0 = 4, leaving at = 931.0
   Vehicle #1 = -1, leaving at = inf
   Increment on distance indicator: 8.0
   Increment on tard indicator:     0.0
   Value of tmax indicator:         8.0

Task for patient = 159 with skills = {5,-1} and cost = 866.0
   Vehicle #0 = 51, leaving at = 897.0
   Vehicle #1 = -1, leaving at = inf
   Increment on distance indicator: 10.0
   Increment on tard indicator:     0.0
   Value of tmax indicator:         10.0

Task for patient = 70 with skills = {2,-1} and cost = 862.7
   Vehicle #0 = 26, leaving at = 830.0
   Vehicle #1 = -1, leaving at = inf
   Increment on distance indicator: 10.0
   Increment on tard indicator:     0.0
   Value of tmax indicator:         10.0

Task for patient = 153 with skills = {0,3} and cost = 859.3
   Vehicle #0 = 20, leaving at = 887.0
   Vehicle #1 = 43, leaving at = 926.0
   Increment on distance indicator: 12.0
   Increment on tard indicator:     0.0
   Value of tmax indicator:         12.0

Task for patient = 87 with skills = {3,-1} and cost = 855.3
   Vehicle #0 = 44, leaving at = 986.0
   Vehicle #1 = -1, leaving at = inf
   Increment on distance indicator: 11.0
   Increment on tard indicator:     0.0
   Value of tmax indicator:         11.0

Task for patient = 200 with skills = {4,-1} and cost = 851.7
   Vehicle #0 = 35, leaving at = 1081.0
   Vehicle #1 = -1, leaving at = inf
   Increment on distance indicator: 4.0
   Increment on tard indicator:     0.0
   Value of tmax indicator:         4.0

Task for patient = 289 with skills = {3,-1} and cost = 850.3
   Vehicle #0 = 47, leaving at = 948.0
   Vehicle #1 = -1, leaving at = inf
   Increment on distance indicator: 3.0
   Increment on tard indicator:     0.0
   Value of tmax indicator:         3.0

Task for patient = 221 with skills = {0,4} and cost = 849.3
   Vehicle #0 = 23, leaving at = 967.0
   Vehicle #1 = 34, leaving at = 975.0
   Increment on distance indicator: 14.0
   Increment on tard indicator:     0.0
   Value of tmax indicator:         14.0

Task for patient = 219 with skills = {1,4} and cost = 844.7
   Vehicle #0 = 8, leaving at = 886.0
   Vehicle #1 = 45, leaving at = 870.0
   Increment on distance indicator: 12.0
   Increment on tard indicator:     0.0
   Value of tmax indicator:         12.0

Task for patient = 47 with skills = {2,4} and cost = 840.7
   Vehicle #0 = 7, leaving at = 1020.0
   Vehicle #1 = 35, leaving at = 1030.0
   Increment on distance indicator: 4.0
   Increment on tard indicator:     0.0
   Value of tmax indicator:         4.0

Task for patient = 196 with skills = {3,-1} and cost = 867.7
   Vehicle #0 = 41, leaving at = 865.0
   Vehicle #1 = -1, leaving at = inf
   Increment on distance indicator: 5.0
   Increment on tard indicator:     0.0
   Value of tmax indicator:         5.0

Task for patient = 88 with skills = {2,-1} and cost = 319.3
   Vehicle #0 = 12, leaving at = 556.0
   Vehicle #1 = -1, leaving at = inf
   Increment on distance indicator: 23.0
   Increment on tard indicator:     0.0
   Value of tmax indicator:         23.0

Task for patient = 281 with skills = {2,4} and cost = 311.7
   Vehicle #0 = 8, leaving at = 758.0
   Vehicle #1 = 41, leaving at = 768.0
   Increment on distance indicator: 14.0
   Increment on tard indicator:     0.0
   Value of tmax indicator:         14.0

Task for patient = 65 with skills = {4,-1} and cost = 307.0
   Vehicle #0 = 48, leaving at = 546.0
   Vehicle #1 = -1, leaving at = inf
   Increment on distance indicator: 8.0
   Increment on tard indicator:     0.0
   Value of tmax indicator:         8.0

Task for patient = 295 with skills = {5,-1} and cost = 304.3
   Vehicle #0 = 45, leaving at = 613.0
   Vehicle #1 = -1, leaving at = inf
   Increment on distance indicator: 20.0
   Increment on tard indicator:     0.0
   Value of tmax indicator:         20.0

Task for patient = 241 with skills = {1,4} and cost = 297.7
   Vehicle #0 = 10, leaving at = 556.0
   Vehicle #1 = 47, leaving at = 559.0
   Increment on distance indicator: 16.0
   Increment on tard indicator:     0.0
   Value of tmax indicator:         16.0

Task for patient = 79 with skills = {2,5} and cost = 292.3
   Vehicle #0 = 12, leaving at = 498.0
   Vehicle #1 = 43, leaving at = 526.0
   Increment on distance indicator: 12.0
   Increment on tard indicator:     0.0
   Value of tmax indicator:         12.0

Task for patient = 8 with skills = {0,3} and cost = 288.3
   Vehicle #0 = 14, leaving at = 773.0
   Vehicle #1 = 33, leaving at = 796.0
   Increment on distance indicator: 10.0
   Increment on tard indicator:     0.0
   Value of tmax indicator:         10.0

Task for patient = 256 with skills = {4,-1} and cost = 285.0
   Vehicle #0 = 45, leaving at = 561.0
   Vehicle #1 = -1, leaving at = inf
   Increment on distance indicator: 14.0
   Increment on tard indicator:     0.0
   Value of tmax indicator:         14.0

Task for patient = 94 with skills = {3,-1} and cost = 581.3
   Vehicle #0 = 50, leaving at = 742.0
   Vehicle #1 = -1, leaving at = inf
   Increment on distance indicator: 6.0
   Increment on tard indicator:     0.0
   Value of tmax indicator:         6.0

Task for patient = 149 with skills = {2,3} and cost = 272.3
   Vehicle #0 = 9, leaving at = 614.0
   Vehicle #1 = 42, leaving at = 633.0
   Increment on distance indicator: 50.0
   Increment on tard indicator:     0.0
   Value of tmax indicator:         50.0

Task for patient = 84 with skills = {3,-1} and cost = 255.7
   Vehicle #0 = 40, leaving at = 637.0
   Vehicle #1 = -1, leaving at = inf
   Increment on distance indicator: 15.0
   Increment on tard indicator:     0.0
   Value of tmax indicator:         15.0

Task for patient = 290 with skills = {1,4} and cost = 250.7
   Vehicle #0 = 7, leaving at = 803.0
   Vehicle #1 = 35, leaving at = 798.0
   Increment on distance indicator: 10.0
   Increment on tard indicator:     0.0
   Value of tmax indicator:         10.0

Task for patient = 210 with skills = {3,-1} and cost = 247.3
   Vehicle #0 = 36, leaving at = 790.0
   Vehicle #1 = -1, leaving at = inf
   Increment on distance indicator: 2.0
   Increment on tard indicator:     0.0
   Value of tmax indicator:         2.0

Task for patient = 202 with skills = {2,3} and cost = 246.7
   Vehicle #0 = 5, leaving at = 664.0
   Vehicle #1 = 39, leaving at = 673.0
   Increment on distance indicator: 35.0
   Increment on tard indicator:     0.0
   Value of tmax indicator:         35.0

Task for patient = 208 with skills = {0,3} and cost = 235.0
   Vehicle #0 = 13, leaving at = 537.0
   Vehicle #1 = 42, leaving at = 560.0
   Increment on distance indicator: 52.0
   Increment on tard indicator:     0.0
   Value of tmax indicator:         52.0

Task for patient = 156 with skills = {0,5} and cost = 217.7
   Vehicle #0 = 11, leaving at = 753.0
   Vehicle #1 = 38, leaving at = 768.0
   Increment on distance indicator: 19.0
   Increment on tard indicator:     0.0
   Value of tmax indicator:         19.0

Task for patient = 10 with skills = {4,-1} and cost = 211.3
   Vehicle #0 = 31, leaving at = 832.0
   Vehicle #1 = -1, leaving at = inf
   Increment on distance indicator: 2.0
   Increment on tard indicator:     0.0
   Value of tmax indicator:         2.0

Task for patient = 22 with skills = {1,3} and cost = 280.3
   Vehicle #0 = 8, leaving at = 697.0
   Vehicle #1 = 41, leaving at = 731.0
   Increment on distance indicator: 24.0
   Increment on tard indicator:     0.0
   Value of tmax indicator:         24.0

Task for patient = 163 with skills = {5,-1} and cost = 374.0
   Vehicle #0 = 37, leaving at = 795.0
   Vehicle #1 = -1, leaving at = inf
   Increment on distance indicator: 2.0
   Increment on tard indicator:     0.0
   Value of tmax indicator:         2.0

Task for patient = 83 with skills = {3,-1} and cost = 373.3
   Vehicle #0 = 47, leaving at = 659.0
   Vehicle #1 = -1, leaving at = inf
   Increment on distance indicator: 6.0
   Increment on tard indicator:     0.0
   Value of tmax indicator:         6.0

Task for patient = 27 with skills = {4,-1} and cost = 371.3
   Vehicle #0 = 49, leaving at = 695.0
   Vehicle #1 = -1, leaving at = inf
   Increment on distance indicator: 5.0
   Increment on tard indicator:     0.0
   Value of tmax indicator:         5.0

Task for patient = 178 with skills = {2,-1} and cost = 369.7
   Vehicle #0 = 17, leaving at = 576.0
   Vehicle #1 = -1, leaving at = inf
   Increment on distance indicator: 7.0
   Increment on tard indicator:     0.0
   Value of tmax indicator:         7.0

Task for patient = 203 with skills = {4,-1} and cost = 367.3
   Vehicle #0 = 30, leaving at = 886.0
   Vehicle #1 = -1, leaving at = inf
   Increment on distance indicator: 3.0
   Increment on tard indicator:     0.0
   Value of tmax indicator:         3.0

Task for patient = 132 with skills = {1,-1} and cost = 366.3
   Vehicle #0 = 13, leaving at = 662.0
   Vehicle #1 = -1, leaving at = inf
   Increment on distance indicator: 15.0
   Increment on tard indicator:     0.0
   Value of tmax indicator:         15.0

Task for patient = 216 with skills = {4,-1} and cost = 361.3
   Vehicle #0 = 49, leaving at = 586.0
   Vehicle #1 = -1, leaving at = inf
   Increment on distance indicator: 7.0
   Increment on tard indicator:     0.0
   Value of tmax indicator:         7.0

Task for patient = 158 with skills = {2,4} and cost = 359.0
   Vehicle #0 = 15, leaving at = 528.0
   Vehicle #1 = 49, leaving at = 547.0
   Increment on distance indicator: 38.0
   Increment on tard indicator:     0.0
   Value of tmax indicator:         38.0

Task for patient = 206 with skills = {3,-1} and cost = 321.0
   Vehicle #0 = 48, leaving at = 624.0
   Vehicle #1 = -1, leaving at = inf
   Increment on distance indicator: 5.0
   Increment on tard indicator:     0.0
   Value of tmax indicator:         5.0

Task for patient = 23 with skills = {0,-1} and cost = 345.3
   Vehicle #0 = 16, leaving at = 616.0
   Vehicle #1 = -1, leaving at = inf
   Increment on distance indicator: 4.0
   Increment on tard indicator:     0.0
   Value of tmax indicator:         4.0

Task for patient = 168 with skills = {4,-1} and cost = 344.0
   Vehicle #0 = 48, leaving at = 748.0
   Vehicle #1 = -1, leaving at = inf
   Increment on distance indicator: 8.0
   Increment on tard indicator:     0.0
   Value of tmax indicator:         8.0

Task for patient = 119 with skills = {1,-1} and cost = 341.3
   Vehicle #0 = 10, leaving at = 579.0
   Vehicle #1 = -1, leaving at = inf
   Increment on distance indicator: 4.0
   Increment on tard indicator:     0.0
   Value of tmax indicator:         4.0

Task for patient = 46 with skills = {4,-1} and cost = 340.0
   Vehicle #0 = 42, leaving at = 654.0
   Vehicle #1 = -1, leaving at = inf
   Increment on distance indicator: 4.0
   Increment on tard indicator:     0.0
   Value of tmax indicator:         4.0

Task for patient = 223 with skills = {0,-1} and cost = 338.7
   Vehicle #0 = 13, leaving at = 613.0
   Vehicle #1 = -1, leaving at = inf
   Increment on distance indicator: 16.0
   Increment on tard indicator:     0.0
   Value of tmax indicator:         16.0

Task for patient = 107 with skills = {2,-1} and cost = 333.3
   Vehicle #0 = 12, leaving at = 609.0
   Vehicle #1 = -1, leaving at = inf
   Increment on distance indicator: 11.0
   Increment on tard indicator:     0.0
   Value of tmax indicator:         11.0

Task for patient = 161 with skills = {0,5} and cost = 329.7
   Vehicle #0 = 16, leaving at = 540.0
   Vehicle #1 = 43, leaving at = 584.0
   Increment on distance indicator: 10.0
   Increment on tard indicator:     0.0
   Value of tmax indicator:         10.0

Task for patient = 3 with skills = {5,-1} and cost = 326.3
   Vehicle #0 = 48, leaving at = 691.0
   Vehicle #1 = -1, leaving at = inf
   Increment on distance indicator: 13.0
   Increment on tard indicator:     0.0
   Value of tmax indicator:         13.0

Task for patient = 38 with skills = {0,-1} and cost = 322.0
   Vehicle #0 = 13, leaving at = 574.0
   Vehicle #1 = -1, leaving at = inf
   Increment on distance indicator: 3.0
   Increment on tard indicator:     0.0
   Value of tmax indicator:         3.0

Task for patient = 155 with skills = {3,-1} and cost = 346.3
   Vehicle #0 = 42, leaving at = 702.0
   Vehicle #1 = -1, leaving at = inf
   Increment on distance indicator: 3.0
   Increment on tard indicator:     0.0
   Value of tmax indicator:         3.0

Task for patient = 229 with skills = {3,-1} and cost = 91.3
   Vehicle #0 = 33, leaving at = 537.0
   Vehicle #1 = -1, leaving at = inf
   Increment on distance indicator: 6.0
   Increment on tard indicator:     0.0
   Value of tmax indicator:         6.0

Task for patient = 96 with skills = {0,-1} and cost = 89.3
   Vehicle #0 = 3, leaving at = 617.0
   Vehicle #1 = -1, leaving at = inf
   Increment on distance indicator: 2.0
   Increment on tard indicator:     0.0
   Value of tmax indicator:         2.0

Task for patient = 287 with skills = {1,-1} and cost = 88.7
   Vehicle #0 = 2, leaving at = 773.0
   Vehicle #1 = -1, leaving at = inf
   Increment on distance indicator: 7.0
   Increment on tard indicator:     0.0
   Value of tmax indicator:         7.0

Task for patient = 126 with skills = {3,-1} and cost = 86.3
   Vehicle #0 = 32, leaving at = 801.0
   Vehicle #1 = -1, leaving at = inf
   Increment on distance indicator: 5.0
   Increment on tard indicator:     0.0
   Value of tmax indicator:         5.0

Task for patient = 167 with skills = {5,-1} and cost = 84.7
   Vehicle #0 = 37, leaving at = 654.0
   Vehicle #1 = -1, leaving at = inf
   Increment on distance indicator: 20.0
   Increment on tard indicator:     0.0
   Value of tmax indicator:         20.0

Task for patient = 29 with skills = {4,-1} and cost = 78.0
   Vehicle #0 = 32, leaving at = 736.0
   Vehicle #1 = -1, leaving at = inf
   Increment on distance indicator: 1.0
   Increment on tard indicator:     0.0
   Value of tmax indicator:         1.0

Task for patient = 91 with skills = {0,4} and cost = 77.7
   Vehicle #0 = 3, leaving at = 573.0
   Vehicle #1 = 34, leaving at = 577.0
   Increment on distance indicator: 64.0
   Increment on tard indicator:     0.0
   Value of tmax indicator:         64.0

Task for patient = 270 with skills = {4,-1} and cost = 56.3
   Vehicle #0 = 32, leaving at = 710.0
   Vehicle #1 = -1, leaving at = inf
   Increment on distance indicator: 8.0
   Increment on tard indicator:     0.0
   Value of tmax indicator:         8.0

Task for patient = 97 with skills = {1,3} and cost = 210.7
   Vehicle #0 = 8, leaving at = 629.0
   Vehicle #1 = 41, leaving at = 660.0
   Increment on distance indicator: 18.0
   Increment on tard indicator:     0.0
   Value of tmax indicator:         18.0

Task for patient = 69 with skills = {2,3} and cost = 51.3
   Vehicle #0 = 2, leaving at = 674.0
   Vehicle #1 = 32, leaving at = 659.0
   Increment on distance indicator: 36.0
   Increment on tard indicator:     0.0
   Value of tmax indicator:         36.0

Task for patient = 243 with skills = {3,-1} and cost = 39.3
   Vehicle #0 = 32, leaving at = 536.0
   Vehicle #1 = -1, leaving at = inf
   Increment on distance indicator: 6.0
   Increment on tard indicator:     0.0
   Value of tmax indicator:         6.0

Task for patient = 19 with skills = {1,3} and cost = 37.3
   Vehicle #0 = 0, leaving at = 745.0
   Vehicle #1 = 30, leaving at = 759.0
   Increment on distance indicator: 4.0
   Increment on tard indicator:     0.0
   Value of tmax indicator:         4.0

Task for patient = 85 with skills = {2,5} and cost = 36.0
   Vehicle #0 = 2, leaving at = 603.0
   Vehicle #1 = 37, leaving at = 579.0
   Increment on distance indicator: 34.0
   Increment on tard indicator:     0.0
   Value of tmax indicator:         34.0

Task for patient = 76 with skills = {4,-1} and cost = 24.7
   Vehicle #0 = 31, leaving at = 653.0
   Vehicle #1 = -1, leaving at = inf
   Increment on distance indicator: 14.0
   Increment on tard indicator:     0.0
   Value of tmax indicator:         14.0

Task for patient = 275 with skills = {5,-1} and cost = 20.0
   Vehicle #0 = 31, leaving at = 592.0
   Vehicle #1 = -1, leaving at = inf
   Increment on distance indicator: 6.0
   Increment on tard indicator:     0.0
   Value of tmax indicator:         6.0

Task for patient = 86 with skills = {0,-1} and cost = 18.0
   Vehicle #0 = 1, leaving at = 652.0
   Vehicle #1 = -1, leaving at = inf
   Increment on distance indicator: 8.0
   Increment on tard indicator:     0.0
   Value of tmax indicator:         8.0

Task for patient = 17 with skills = {1,-1} and cost = 15.3
   Vehicle #0 = 2, leaving at = 551.0
   Vehicle #1 = -1, leaving at = inf
   Increment on distance indicator: 16.0
   Increment on tard indicator:     0.0
   Value of tmax indicator:         16.0

Task for patient = 74 with skills = {1,3} and cost = 10.0
   Vehicle #0 = 0, leaving at = 715.0
   Vehicle #1 = 30, leaving at = 727.0
   Increment on distance indicator: 30.0
   Increment on tard indicator:     0.0
   Value of tmax indicator:         30.0

Task for patient = 154 with skills = {5,-1} and cost = 53.7
   Vehicle #0 = 38, leaving at = 702.0
   Vehicle #1 = -1, leaving at = inf
   Increment on distance indicator: 7.0
   Increment on tard indicator:     0.0
   Value of tmax indicator:         7.0

Task for patient = 12 with skills = {0,5} and cost = 204.7
   Vehicle #0 = 8, leaving at = 529.0
   Vehicle #1 = 41, leaving at = 536.0
   Increment on distance indicator: 66.0
   Increment on tard indicator:     0.0
   Value of tmax indicator:         66.0

Task for patient = 105 with skills = {1,3} and cost = 182.7
   Vehicle #0 = 2, leaving at = 825.0
   Vehicle #1 = 32, leaving at = 852.0
   Increment on distance indicator: 7.0
   Increment on tard indicator:     0.0
   Value of tmax indicator:         7.0

Task for patient = 171 with skills = {0,5} and cost = 180.3
   Vehicle #0 = 4, leaving at = 749.0
   Vehicle #1 = 31, leaving at = 775.0
   Increment on distance indicator: 8.0
   Increment on tard indicator:     0.0
   Value of tmax indicator:         8.0

Task for patient = 80 with skills = {0,-1} and cost = 177.7
   Vehicle #0 = 1, leaving at = 812.0
   Vehicle #1 = -1, leaving at = inf
   Increment on distance indicator: 2.0
   Increment on tard indicator:     0.0
   Value of tmax indicator:         2.0

Task for patient = 269 with skills = {0,5} and cost = 177.0
   Vehicle #0 = 1, leaving at = 747.0
   Vehicle #1 = 37, leaving at = 771.0
   Increment on distance indicator: 3.0
   Increment on tard indicator:     0.0
   Value of tmax indicator:         3.0

Task for patient = 300 with skills = {2,4} and cost = 176.0
   Vehicle #0 = 5, leaving at = 585.0
   Vehicle #1 = 40, leaving at = 606.0
   Increment on distance indicator: 32.0
   Increment on tard indicator:     0.0
   Value of tmax indicator:         32.0

Task for patient = 127 with skills = {5,-1} and cost = 165.3
   Vehicle #0 = 39, leaving at = 626.0
   Vehicle #1 = -1, leaving at = inf
   Increment on distance indicator: 26.0
   Increment on tard indicator:     0.0
   Value of tmax indicator:         26.0

Task for patient = 199 with skills = {0,-1} and cost = 156.7
   Vehicle #0 = 1, leaving at = 722.0
   Vehicle #1 = -1, leaving at = inf
   Increment on distance indicator: 27.0
   Increment on tard indicator:     0.0
   Value of tmax indicator:         27.0

Task for patient = 52 with skills = {0,4} and cost = 104.7
   Vehicle #0 = 0, leaving at = 803.0
   Vehicle #1 = 30, leaving at = 808.0
   Increment on distance indicator: 40.0
   Increment on tard indicator:     0.0
   Value of tmax indicator:         40.0

Task for patient = 147 with skills = {1,4} and cost = 147.0
   Vehicle #0 = 3, leaving at = 740.0
   Vehicle #1 = 36, leaving at = 765.0
   Increment on distance indicator: 13.0
   Increment on tard indicator:     0.0
   Value of tmax indicator:         13.0

Task for patient = 160 with skills = {1,5} and cost = 142.7
   Vehicle #0 = 3, leaving at = 707.0
   Vehicle #1 = 37, leaving at = 727.0
   Increment on distance indicator: 14.0
   Increment on tard indicator:     0.0
   Value of tmax indicator:         14.0

Task for patient = 250 with skills = {0,3} and cost = 138.0
   Vehicle #0 = 3, leaving at = 661.0
   Vehicle #1 = 36, leaving at = 685.0
   Increment on distance indicator: 36.0
   Increment on tard indicator:     0.0
   Value of tmax indicator:         36.0

Task for patient = 103 with skills = {1,4} and cost = 126.0
   Vehicle #0 = 7, leaving at = 778.0
   Vehicle #1 = 35, leaving at = 758.0
   Increment on distance indicator: 6.0
   Increment on tard indicator:     0.0
   Value of tmax indicator:         6.0

Task for patient = 170 with skills = {4,-1} and cost = 124.0
   Vehicle #0 = 34, leaving at = 664.0
   Vehicle #1 = -1, leaving at = inf
   Increment on distance indicator: 5.0
   Increment on tard indicator:     0.0
   Value of tmax indicator:         5.0

Task for patient = 276 with skills = {3,-1} and cost = 122.3
   Vehicle #0 = 33, leaving at = 737.0
   Vehicle #1 = -1, leaving at = inf
   Increment on distance indicator: 1.0
   Increment on tard indicator:     0.0
   Value of tmax indicator:         1.0

Task for patient = 4 with skills = {0,-1} and cost = 122.0
   Vehicle #0 = 6, leaving at = 653.0
   Vehicle #1 = -1, leaving at = inf
   Increment on distance indicator: 6.0
   Increment on tard indicator:     0.0
   Value of tmax indicator:         6.0

Task for patient = 227 with skills = {1,4} and cost = 120.0
   Vehicle #0 = 7, leaving at = 594.0
   Vehicle #1 = 35, leaving at = 595.0
   Increment on distance indicator: 14.0
   Increment on tard indicator:     0.0
   Value of tmax indicator:         14.0

Task for patient = 73 with skills = {0,4} and cost = 115.3
   Vehicle #0 = 4, leaving at = 688.0
   Vehicle #1 = 31, leaving at = 715.0
   Increment on distance indicator: 32.0
   Increment on tard indicator:     0.0
   Value of tmax indicator:         32.0

Task for patient = 266 with skills = {3,-1} and cost = 147.7
   Vehicle #0 = 30, leaving at = 851.0
   Vehicle #1 = -1, leaving at = inf
   Increment on distance indicator: 2.0
   Increment on tard indicator:     0.0
   Value of tmax indicator:         2.0

Task for patient = 277 with skills = {1,-1} and cost = 530.3
   Vehicle #0 = 2, leaving at = 1015.0
   Vehicle #1 = -1, leaving at = inf
   Increment on distance indicator: 5.0
   Increment on tard indicator:     0.0
   Value of tmax indicator:         5.0

Task for patient = 32 with skills = {1,5} and cost = 528.7
   Vehicle #0 = 13, leaving at = 846.0
   Vehicle #1 = 46, leaving at = 837.0
   Increment on distance indicator: 7.0
   Increment on tard indicator:     0.0
   Value of tmax indicator:         7.0

Task for patient = 143 with skills = {0,-1} and cost = 526.3
   Vehicle #0 = 18, leaving at = 868.0
   Vehicle #1 = -1, leaving at = inf
   Increment on distance indicator: 14.0
   Increment on tard indicator:     0.0
   Value of tmax indicator:         14.0

Task for patient = 133 with skills = {5,-1} and cost = 521.7
   Vehicle #0 = 50, leaving at = 662.0
   Vehicle #1 = -1, leaving at = inf
   Increment on distance indicator: 2.0
   Increment on tard indicator:     0.0
   Value of tmax indicator:         2.0

Task for patient = 259 with skills = {2,3} and cost = 521.0
   Vehicle #0 = 21, leaving at = 637.0
   Vehicle #1 = 50, leaving at = 633.0
   Increment on distance indicator: 40.0
   Increment on tard indicator:     0.0
   Value of tmax indicator:         40.0

Task for patient = 26 with skills = {4,-1} and cost = 507.7
   Vehicle #0 = 56, leaving at = 798.0
   Vehicle #1 = -1, leaving at = inf
   Increment on distance indicator: 0.0
   Increment on tard indicator:     0.0
   Value of tmax indicator:         0.0

Task for patient = 263 with skills = {4,-1} and cost = 507.7
   Vehicle #0 = 40, leaving at = 783.0
   Vehicle #1 = -1, leaving at = inf
   Increment on distance indicator: 6.0
   Increment on tard indicator:     0.0
   Value of tmax indicator:         6.0

Task for patient = 30 with skills = {2,5} and cost = 505.7
   Vehicle #0 = 21, leaving at = 531.0
   Vehicle #1 = 52, leaving at = 555.0
   Increment on distance indicator: 30.0
   Increment on tard indicator:     0.0
   Value of tmax indicator:         30.0

Task for patient = 64 with skills = {0,-1} and cost = 375.0
   Vehicle #0 = 16, leaving at = 690.0
   Vehicle #1 = -1, leaving at = inf
   Increment on distance indicator: 3.0
   Increment on tard indicator:     0.0
   Value of tmax indicator:         3.0

Task for patient = 285 with skills = {3,-1} and cost = 493.7
   Vehicle #0 = 44, leaving at = 949.0
   Vehicle #1 = -1, leaving at = inf
   Increment on distance indicator: 3.0
   Increment on tard indicator:     0.0
   Value of tmax indicator:         3.0

Task for patient = 142 with skills = {2,-1} and cost = 492.7
   Vehicle #0 = 2, leaving at = 970.0
   Vehicle #1 = -1, leaving at = inf
   Increment on distance indicator: 2.0
   Increment on tard indicator:     0.0
   Value of tmax indicator:         2.0

Task for patient = 284 with skills = {2,-1} and cost = 492.0
   Vehicle #0 = 17, leaving at = 834.0
   Vehicle #1 = -1, leaving at = inf
   Increment on distance indicator: 2.0
   Increment on tard indicator:     0.0
   Value of tmax indicator:         2.0

Task for patient = 248 with skills = {1,-1} and cost = 491.3
   Vehicle #0 = 18, leaving at = 775.0
   Vehicle #1 = -1, leaving at = inf
   Increment on distance indicator: 3.0
   Increment on tard indicator:     0.0
   Value of tmax indicator:         3.0

Task for patient = 138 with skills = {0,-1} and cost = 490.3
   Vehicle #0 = 1, leaving at = 938.0
   Vehicle #1 = -1, leaving at = inf
   Increment on distance indicator: 2.0
   Increment on tard indicator:     0.0
   Value of tmax indicator:         2.0

Task for patient = 239 with skills = {1,-1} and cost = 489.7
   Vehicle #0 = 8, leaving at = 801.0
   Vehicle #1 = -1, leaving at = inf
   Increment on distance indicator: 7.0
   Increment on tard indicator:     0.0
   Value of tmax indicator:         7.0

Task for patient = 279 with skills = {0,-1} and cost = 487.3
   Vehicle #0 = 19, leaving at = 631.0
   Vehicle #1 = -1, leaving at = inf
   Increment on distance indicator: 12.0
   Increment on tard indicator:     0.0
   Value of tmax indicator:         12.0

Task for patient = 249 with skills = {1,3} and cost = 483.3
   Vehicle #0 = 18, leaving at = 749.0
   Vehicle #1 = 40, leaving at = 757.0
   Increment on distance indicator: 3.0
   Increment on tard indicator:     0.0
   Value of tmax indicator:         3.0

Task for patient = 123 with skills = {2,-1} and cost = 495.7
   Vehicle #0 = 2, leaving at = 994.0
   Vehicle #1 = -1, leaving at = inf
   Increment on distance indicator: 6.0
   Increment on tard indicator:     0.0
   Value of tmax indicator:         6.0

Task for patient = 209 with skills = {3,-1} and cost = 579.3
   Vehicle #0 = 50, leaving at = 705.0
   Vehicle #1 = -1, leaving at = inf
   Increment on distance indicator: 9.0
   Increment on tard indicator:     0.0
   Value of tmax indicator:         9.0

Task for patient = 218 with skills = {2,-1} and cost = 576.3
   Vehicle #0 = 9, leaving at = 936.0
   Vehicle #1 = -1, leaving at = inf
   Increment on distance indicator: 3.0
   Increment on tard indicator:     0.0
   Value of tmax indicator:         3.0

Task for patient = 228 with skills = {5,-1} and cost = 575.3
   Vehicle #0 = 37, leaving at = 865.0
   Vehicle #1 = -1, leaving at = inf
   Increment on distance indicator: 4.0
   Increment on tard indicator:     0.0
   Value of tmax indicator:         4.0

Task for patient = 146 with skills = {3,-1} and cost = 574.0
   Vehicle #0 = 32, leaving at = 879.0
   Vehicle #1 = -1, leaving at = inf
   Increment on distance indicator: 6.0
   Increment on tard indicator:     0.0
   Value of tmax indicator:         6.0

Task for patient = 177 with skills = {5,-1} and cost = 572.0
   Vehicle #0 = 43, leaving at = 710.0
   Vehicle #1 = -1, leaving at = inf
   Increment on distance indicator: 3.0
   Increment on tard indicator:     0.0
   Value of tmax indicator:         3.0

Task for patient = 33 with skills = {1,-1} and cost = 571.0
   Vehicle #0 = 10, leaving at = 787.0
   Vehicle #1 = -1, leaving at = inf
   Increment on distance indicator: 6.0
   Increment on tard indicator:     0.0
   Value of tmax indicator:         6.0

Task for patient = 176 with skills = {1,-1} and cost = 569.0
   Vehicle #0 = 22, leaving at = 648.0
   Vehicle #1 = -1, leaving at = inf
   Increment on distance indicator: 7.0
   Increment on tard indicator:     0.0
   Value of tmax indicator:         7.0

Task for patient = 104 with skills = {2,5} and cost = 566.7
   Vehicle #0 = 9, leaving at = 885.0
   Vehicle #1 = 42, leaving at = 895.0
   Increment on distance indicator: 7.0
   Increment on tard indicator:     0.0
   Value of tmax indicator:         7.0

Task for patient = 67 with skills = {0,-1} and cost = 536.7
   Vehicle #0 = 16, leaving at = 759.0
   Vehicle #1 = -1, leaving at = inf
   Increment on distance indicator: 19.0
   Increment on tard indicator:     0.0
   Value of tmax indicator:         19.0

Task for patient = 61 with skills = {4,-1} and cost = 557.3
   Vehicle #0 = 45, leaving at = 753.0
   Vehicle #1 = -1, leaving at = inf
   Increment on distance indicator: 4.0
   Increment on tard indicator:     0.0
   Value of tmax indicator:         4.0

Task for patient = 25 with skills = {3,-1} and cost = 556.0
   Vehicle #0 = 42, leaving at = 859.0
   Vehicle #1 = -1, leaving at = inf
   Increment on distance indicator: 7.0
   Increment on tard indicator:     0.0
   Value of tmax indicator:         7.0

Task for patient = 297 with skills = {4,-1} and cost = 553.7
   Vehicle #0 = 36, leaving at = 956.0
   Vehicle #1 = -1, leaving at = inf
   Increment on distance indicator: 2.0
   Increment on tard indicator:     0.0
   Value of tmax indicator:         2.0

Task for patient = 267 with skills = {5,-1} and cost = 553.0
   Vehicle #0 = 53, leaving at = 620.0
   Vehicle #1 = -1, leaving at = inf
   Increment on distance indicator: 5.0
   Increment on tard indicator:     0.0
   Value of tmax indicator:         5.0

Task for patient = 252 with skills = {4,-1} and cost = 551.3
   Vehicle #0 = 49, leaving at = 787.0
   Vehicle #1 = -1, leaving at = inf
   Increment on distance indicator: 16.0
   Increment on tard indicator:     0.0
   Value of tmax indicator:         16.0

Task for patient = 236 with skills = {5,-1} and cost = 546.0
   Vehicle #0 = 30, leaving at = 946.0
   Vehicle #1 = -1, leaving at = inf
   Increment on distance indicator: 1.0
   Increment on tard indicator:     0.0
   Value of tmax indicator:         1.0

Task for patient = 141 with skills = {4,-1} and cost = 545.7
   Vehicle #0 = 39, leaving at = 752.0
   Vehicle #1 = -1, leaving at = inf
   Increment on distance indicator: 11.0
   Increment on tard indicator:     0.0
   Value of tmax indicator:         11.0

Task for patient = 106 with skills = {4,-1} and cost = 542.0
   Vehicle #0 = 54, leaving at = 592.0
   Vehicle #1 = -1, leaving at = inf
   Increment on distance indicator: 2.0
   Increment on tard indicator:     0.0
   Value of tmax indicator:         2.0

Task for patient = 268 with skills = {2,5} and cost = 541.3
   Vehicle #0 = 22, leaving at = 546.0
   Vehicle #1 = 53, leaving at = 580.0
   Increment on distance indicator: 14.0
   Increment on tard indicator:     0.0
   Value of tmax indicator:         14.0

Task for patient = 280 with skills = {0,-1} and cost = 564.3
   Vehicle #0 = 22, leaving at = 597.0
   Vehicle #1 = -1, leaving at = inf
   Increment on distance indicator: 21.0
   Increment on tard indicator:     0.0
   Value of tmax indicator:         21.0

Task for patient = 185 with skills = {0,3} and cost = 428.3
   Vehicle #0 = 13, leaving at = 789.0
   Vehicle #1 = 42, leaving at = 805.0
   Increment on distance indicator: 12.0
   Increment on tard indicator:     0.0
   Value of tmax indicator:         12.0

Task for patient = 101 with skills = {0,5} and cost = 424.3
   Vehicle #0 = 13, leaving at = 766.0
   Vehicle #1 = 46, leaving at = 733.0
   Increment on distance indicator: 4.0
   Increment on tard indicator:     0.0
   Value of tmax indicator:         4.0

Task for patient = 258 with skills = {1,-1} and cost = 423.0
   Vehicle #0 = 3, leaving at = 824.0
   Vehicle #1 = -1, leaving at = inf
   Increment on distance indicator: 2.0
   Increment on tard indicator:     0.0
   Value of tmax indicator:         2.0

Task for patient = 93 with skills = {0,-1} and cost = 422.3
   Vehicle #0 = 2, leaving at = 884.0
   Vehicle #1 = -1, leaving at = inf
   Increment on distance indicator: 2.0
   Increment on tard indicator:     0.0
   Value of tmax indicator:         2.0

Task for patient = 42 with skills = {5,-1} and cost = 421.7
   Vehicle #0 = 46, leaving at = 573.0
   Vehicle #1 = -1, leaving at = inf
   Increment on distance indicator: 25.0
   Increment on tard indicator:     0.0
   Value of tmax indicator:         25.0

Task for patient = 56 with skills = {0,4} and cost = 413.3
   Vehicle #0 = 1, leaving at = 837.0
   Vehicle #1 = 36, leaving at = 832.0
   Increment on distance indicator: 4.0
   Increment on tard indicator:     0.0
   Value of tmax indicator:         4.0

Task for patient = 57 with skills = {4,-1} and cost = 412.0
   Vehicle #0 = 42, leaving at = 751.0
   Vehicle #1 = -1, leaving at = inf
   Increment on distance indicator: 2.0
   Increment on tard indicator:     0.0
   Value of tmax indicator:         2.0

Task for patient = 112 with skills = {5,-1} and cost = 411.3
   Vehicle #0 = 37, leaving at = 816.0
   Vehicle #1 = -1, leaving at = inf
   Increment on distance indicator: 3.0
   Increment on tard indicator:     0.0
   Value of tmax indicator:         3.0

Task for patient = 213 with skills = {4,-1} and cost = 482.3
   Vehicle #0 = 40, leaving at = 710.0
   Vehicle #1 = -1, leaving at = inf
   Increment on distance indicator: 2.0
   Increment on tard indicator:     0.0
   Value of tmax indicator:         2.0

Task for patient = 121 with skills = {1,4} and cost = 404.7
   Vehicle #0 = 15, leaving at = 670.0
   Vehicle #1 = 45, leaving at = 679.0
   Increment on distance indicator: 22.0
   Increment on tard indicator:     0.0
   Value of tmax indicator:         22.0

Task for patient = 283 with skills = {2,3} and cost = 397.3
   Vehicle #0 = 12, leaving at = 783.0
   Vehicle #1 = 48, leaving at = 808.0
   Increment on distance indicator: 17.0
   Increment on tard indicator:     0.0
   Value of tmax indicator:         17.0

Task for patient = 162 with skills = {3,-1} and cost = 391.7
   Vehicle #0 = 50, leaving at = 579.0
   Vehicle #1 = -1, leaving at = inf
   Increment on distance indicator: 19.0
   Increment on tard indicator:     0.0
   Value of tmax indicator:         19.0

Task for patient = 117 with skills = {4,-1} and cost = 385.3
   Vehicle #0 = 50, leaving at = 517.0
   Vehicle #1 = -1, leaving at = inf
   Increment on distance indicator: 7.0
   Increment on tard indicator:     0.0
   Value of tmax indicator:         7.0

Task for patient = 148 with skills = {0,3} and cost = 383.0
   Vehicle #0 = 13, leaving at = 715.0
   Vehicle #1 = 42, leaving at = 721.0
   Increment on distance indicator: 6.0
   Increment on tard indicator:     0.0
   Value of tmax indicator:         6.0

Task for patient = 298 with skills = {1,-1} and cost = 381.0
   Vehicle #0 = 14, leaving at = 847.0
   Vehicle #1 = -1, leaving at = inf
   Increment on distance indicator: 3.0
   Increment on tard indicator:     0.0
   Value of tmax indicator:         3.0

Task for patient = 273 with skills = {5,-1} and cost = 380.0
   Vehicle #0 = 43, leaving at = 689.0
   Vehicle #1 = -1, leaving at = inf
   Increment on distance indicator: 6.0
   Increment on tard indicator:     0.0
   Value of tmax indicator:         6.0

Task for patient = 192 with skills = {2,-1} and cost = 378.0
   Vehicle #0 = 17, leaving at = 685.0
   Vehicle #1 = -1, leaving at = inf
   Increment on distance indicator: 5.0
   Increment on tard indicator:     0.0
   Value of tmax indicator:         5.0

Task for patient = 43 with skills = {2,-1} and cost = 376.3
   Vehicle #0 = 17, leaving at = 622.0
   Vehicle #1 = -1, leaving at = inf
   Increment on distance indicator: 4.0
   Increment on tard indicator:     0.0
   Value of tmax indicator:         4.0

Task for patient = 278 with skills = {2,-1} and cost = 410.3
   Vehicle #0 = 19, leaving at = 521.0
   Vehicle #1 = -1, leaving at = inf
   Increment on distance indicator: 17.0
   Increment on tard indicator:     0.0
   Value of tmax indicator:         17.0

Task for patient = 9 with skills = {2,-1} and cost = 481.7
   Vehicle #0 = 9, leaving at = 653.0
   Vehicle #1 = -1, leaving at = inf
   Increment on distance indicator: 5.0
   Increment on tard indicator:     0.0
   Value of tmax indicator:         5.0

Task for patient = 18 with skills = {1,-1} and cost = 480.0
   Vehicle #0 = 10, leaving at = 745.0
   Vehicle #1 = -1, leaving at = inf
   Increment on distance indicator: 5.0
   Increment on tard indicator:     0.0
   Value of tmax indicator:         5.0

Task for patient = 136 with skills = {4,-1} and cost = 478.3
   Vehicle #0 = 36, leaving at = 917.0
   Vehicle #1 = -1, leaving at = inf
   Increment on distance indicator: 3.0
   Increment on tard indicator:     0.0
   Value of tmax indicator:         3.0

Task for patient = 232 with skills = {3,-1} and cost = 477.3
   Vehicle #0 = 39, leaving at = 701.0
   Vehicle #1 = -1, leaving at = inf
   Increment on distance indicator: 7.0
   Increment on tard indicator:     0.0
   Value of tmax indicator:         7.0

Task for patient = 68 with skills = {1,-1} and cost = 475.0
   Vehicle #0 = 11, leaving at = 792.0
   Vehicle #1 = -1, leaving at = inf
   Increment on distance indicator: 7.0
   Increment on tard indicator:     0.0
   Value of tmax indicator:         7.0

Task for patient = 15 with skills = {3,-1} and cost = 472.7
   Vehicle #0 = 31, leaving at = 866.0
   Vehicle #1 = -1, leaving at = inf
   Increment on distance indicator: 9.0
   Increment on tard indicator:     0.0
   Value of tmax indicator:         9.0

Task for patient = 172 with skills = {0,-1} and cost = 469.7
   Vehicle #0 = 0, leaving at = 825.0
   Vehicle #1 = -1, leaving at = inf
   Increment on distance indicator: 2.0
   Increment on tard indicator:     0.0
   Value of tmax indicator:         2.0

Task for patient = 187 with skills = {1,3} and cost = 469.0
   Vehicle #0 = 18, leaving at = 666.0
   Vehicle #1 = 40, leaving at = 662.0
   Increment on distance indicator: 11.0
   Increment on tard indicator:     0.0
   Value of tmax indicator:         11.0

Task for patient = 140 with skills = {0,-1} and cost = 429.0
   Vehicle #0 = 14, leaving at = 896.0
   Vehicle #1 = -1, leaving at = inf
   Increment on distance indicator: 2.0
   Increment on tard indicator:     0.0
   Value of tmax indicator:         2.0

Task for patient = 66 with skills = {5,-1} and cost = 454.0
   Vehicle #0 = 49, leaving at = 755.0
   Vehicle #1 = -1, leaving at = inf
   Increment on distance indicator: 8.0
   Increment on tard indicator:     0.0
   Value of tmax indicator:         8.0

Task for patient = 35 with skills = {1,3} and cost = 451.3
   Vehicle #0 = 7, leaving at = 856.0
   Vehicle #1 = 44, leaving at = 835.0
   Increment on distance indicator: 7.0
   Increment on tard indicator:     0.0
   Value of tmax indicator:         7.0

Task for patient = 100 with skills = {1,-1} and cost = 449.0
   Vehicle #0 = 10, leaving at = 690.0
   Vehicle #1 = -1, leaving at = inf
   Increment on distance indicator: 3.0
   Increment on tard indicator:     0.0
   Value of tmax indicator:         3.0

Task for patient = 165 with skills = {4,-1} and cost = 448.0
   Vehicle #0 = 54, leaving at = 568.0
   Vehicle #1 = -1, leaving at = inf
   Increment on distance indicator: 9.0
   Increment on tard indicator:     0.0
   Value of tmax indicator:         9.0

Task for patient = 257 with skills = {1,4} and cost = 445.0
   Vehicle #0 = 15, leaving at = 872.0
   Vehicle #1 = 36, leaving at = 882.0
   Increment on distance indicator: 4.0
   Increment on tard indicator:     0.0
   Value of tmax indicator:         4.0

Task for patient = 82 with skills = {5,-1} and cost = 443.7
   Vehicle #0 = 45, leaving at = 724.0
   Vehicle #1 = -1, leaving at = inf
   Increment on distance indicator: 1.0
   Increment on tard indicator:     0.0
   Value of tmax indicator:         1.0

Task for patient = 81 with skills = {2,4} and cost = 443.3
   Vehicle #0 = 12, leaving at = 810.0
   Vehicle #1 = 34, leaving at = 807.0
   Increment on distance indicator: 15.0
   Increment on tard indicator:     0.0
   Value of tmax indicator:         15.0

Task for patient = 24 with skills = {5,-1} and cost = 438.3
   Vehicle #0 = 51, leaving at = 576.0
   Vehicle #1 = -1, leaving at = inf
   Increment on distance indicator: 21.0
   Increment on tard indicator:     0.0
   Value of tmax indicator:         21.0

Task for patient = 151 with skills = {3,-1} and cost = 431.3
   Vehicle #0 = 44, leaving at = 625.0
   Vehicle #1 = -1, leaving at = inf
   Increment on distance indicator: 7.0
   Increment on tard indicator:     0.0
   Value of tmax indicator:         7.0

Task for patient = 222 with skills = {0,-1} and cost = 465.3
   Vehicle #0 = 18, leaving at = 519.0
   Vehicle #1 = -1, leaving at = inf
   Increment on distance indicator: 34.0
   Increment on tard indicator:     0.0
   Value of tmax indicator:         34.0


Unused vehicle list: 25 28 29 58 59 (total = 5 out of 60)

---
Search finished.
Total of 448 generations in 21.2 seconds.
Exchange elite runs: 0
Implicit path relinking runs: 4
Reset attempts: 0

Best solution found:
   Cost: 1407.0
   Total travel time: 4199.0
   Total tardiness time: 14.0
   Largest tardiness: 8.0


1407.0
