--- BRKGA-MP-IPR for HHCRSP ---
Instance: new-instances/HHCRSP_300_60_81_1.0_R_RC.txt
Seed: 1

Reading data... Problem contains 300 patients  and 60 caregivers.

Summary of supply x demand for each service type:
Skill 0 has supply = 20 and demand = 58, ratio = 0.344828
Skill 1 has supply = 22 and demand = 75, ratio = 0.293333
Skill 2 has supply = 18 and demand = 63, ratio = 0.285714
Skill 3 has supply = 17 and demand = 56, ratio = 0.303571
Skill 4 has supply = 21 and demand = 62, ratio = 0.33871
Skill 5 has supply = 24 and demand = 76, ratio = 0.315789

Reading parameters...
Inferred distance function by PR type: kendall-tau
Building BRKGA data and initializing...
Evolving 448 generations...

  Gens  Rem    Local   ElDiv NoImpr             Best solution            Time  Op
                                       Cost     Dist    Tard    TMax 
*    0  448  6215.67  447.39      0  6215.67  7901.00 10385.0   361.0     0.0    
*    3  445  5508.00  340.95      0  5508.00  7875.00  8289.0   360.0     0.2    
*    5  443  4773.33  318.45      0  4773.33  7911.00  6064.0   345.0     0.3    
*   10  438  4349.00  263.60      0  4349.00  7848.00  4950.0   249.0     0.5    
*   12  436  4234.33  292.25      0  4234.33  7630.00  3831.0   302.0     0.6    
*   13  435  3921.00  266.03      0  3921.00  8086.00  2760.0   257.0     0.7    
*   14  434  3701.00  235.04      0  3701.00  8086.00  2760.0   257.0     0.7    
*   16  432  3617.67  209.44      0  3617.67  7944.00  2656.0   253.0     0.8    
*   18  430  3498.00  194.52      0  3498.00  7829.00  2375.0   266.0     0.9    
*   19  429  3490.00  174.26      0  3490.00  7734.00  2470.0   237.0     1.0    
*   20  428  3480.33  166.40      0  3480.33  7692.00  2157.0   329.0     1.0    
*   21  427  3392.67  165.54      0  3392.67  8130.00  1615.0   249.0     1.0    
*   22  426  3331.33  150.41      0  3331.33  7940.00  1310.0   185.0     1.1    
*   23  425  3145.00  150.45      0  3145.00  7940.00  1310.0   185.0     1.1    
*   25  423  2926.33  137.73      0  2926.33  7599.00  1041.0   139.0     1.2    

  Gens  Rem    Local   ElDiv NoImpr             Best solution            Time  Op
                                       Cost     Dist    Tard    TMax 
*   27  421  2905.00  142.12      0  2905.00  7627.00   666.0   164.0     1.3    
*   28  420  2819.00  128.25      0  2819.00  7627.00   666.0   164.0     1.4    
*   30  418  2793.00  107.80      0  2793.00  7716.00   527.0   136.0     1.5    
*   33  415  2695.00   84.28      0  2695.00  7475.00   480.0   109.0     1.6    
*   34  414  2688.00   80.13      0  2688.00  7475.00   480.0   109.0     1.7    
*   36  412  2658.67   70.77      0  2658.67  7478.00   387.0   111.0     1.8    
*   40  408  2612.00   55.93      0  2612.00  7436.00   353.0    47.0     1.9    
*   44  404  2491.33   43.43      0  2491.33  7251.00   174.0    49.0     2.1    
*   47  401  2483.00   42.60      0  2483.00  7352.00    84.0    13.0     2.3    
    50  398  2483.00   38.11      3  2483.00  7352.00    84.0    13.0     2.4    
*   52  396  2399.00   44.42      0  2399.00  7077.00    98.0    22.0     2.5    
*   64  384  2390.33   22.04      0  2390.33  7097.00    55.0    19.0     3.1    
*   69  379  2381.33   18.64      0  2381.33  6975.00   112.0    22.0     3.3    
*   70  378  2369.67   17.68      0  2369.67  6975.00   112.0    22.0     3.3    
*   75  373  2357.00   16.78      0  2357.00  6870.00   176.0    25.0     3.6    
*   78  370  2346.33   18.36      0  2346.33  6848.00    81.0    14.0     3.7    

  Gens  Rem    Local   ElDiv NoImpr             Best solution            Time  Op
                                       Cost     Dist    Tard    TMax 
*   79  369  2314.33   18.23      0  2314.33  6848.00    81.0    14.0     3.8    
*   81  367  2304.00   19.73      0  2304.00  6863.00    42.0     7.0     3.8    
*   86  362  2271.67   19.73      0  2271.67  6763.00    44.0     8.0     4.1    
*   88  360  2261.00   21.83      0  2261.00  6741.00    33.0     9.0     4.2    
*   92  356  2218.33   18.58      0  2218.33  6600.00    48.0     7.0     4.4    
Path relinking result: too homogeneous.
    96  352  2218.33   21.74      5  2218.33  6600.00    48.0     7.0     4.6   P
*  100  348  2217.33   19.60      0  2217.33  6536.00   101.0    15.0     4.8    
*  102  346  2207.33   20.78      0  2207.33  6541.00    70.0    11.0     4.9    
*  108  340  2190.00   18.43      0  2190.00  6474.00    67.0    17.0     5.2    
*  109  339  2186.00   18.04      0  2186.00  6474.00    67.0    17.0     5.2    
*  118  330  2182.00   14.39      0  2182.00  6468.00    66.0    12.0     5.6    
*  121  327  2179.33   14.19      0  2179.33  6494.00    34.0    10.0     5.8    
*  130  318  2173.67   12.89      0  2173.67  6382.00   102.0    21.0     6.2    
*  131  317  2168.33   12.88      0  2168.33  6382.00   102.0    21.0     6.2    
*  133  315  2151.67   12.65      0  2151.67  6286.00   145.0    24.0     6.3    
*  135  313  2145.00   13.60      0  2145.00  6380.00    39.0    16.0     6.4    

  Gens  Rem    Local   ElDiv NoImpr             Best solution            Time  Op
                                       Cost     Dist    Tard    TMax 
*  139  309  2135.00   14.34      0  2135.00  6313.00    77.0    15.0     6.6    
*  144  304  2131.33   15.14      0  2131.33  6262.00    81.0    11.0     6.9    
*  145  303  2118.00   14.83      0  2118.00  6262.00    81.0    11.0     6.9    
*  150  298  2109.00   16.18      0  2109.00  6244.00    71.0    12.0     7.2    
*  159  289  2095.00   14.26      0  2095.00  6182.00    88.0    15.0     7.6    
*  170  278  2076.00   12.19      0  2076.00  6210.00    14.0     4.0     8.2    
*  173  275  2067.33   15.32      0  2067.33  6142.00    42.0    10.0     8.3    
*  174  274  2064.67   15.42      0  2064.67  6142.00    42.0    10.0     8.4    
*  181  267  2059.00   12.76      0  2059.00  6134.00    31.0    12.0     8.7    
*  186  262  2052.33   11.46      0  2052.33  6082.00    66.0     9.0     8.9    
*  188  260  2043.67   11.99      0  2043.67  6073.00    51.0     7.0     9.0    
*  191  257  2043.33   13.24      0  2043.33  6023.00    56.0     9.0     9.2    
*  192  256  2029.33   13.08      0  2029.33  6023.00    56.0     9.0     9.2    
Path relinking result: too homogeneous.
   192  256  2029.33   13.08      1  2029.33  6023.00    56.0     9.0     9.2   P
   200  248  2029.33   11.66      8  2029.33  6023.00    56.0     9.0     9.6    
*  216  232  2028.67   10.24      0  2028.67  6047.00    35.0     4.0    10.4    

  Gens  Rem    Local   ElDiv NoImpr             Best solution            Time  Op
                                       Cost     Dist    Tard    TMax 
*  218  230  2020.33   10.69      0  2020.33  6020.00    33.0     8.0    10.5    
*  230  218  2020.00   10.49      0  2020.00  6000.00    52.0     8.0    11.1    
*  235  213  2019.67   14.12      0  2019.67  5844.00    48.0    13.0    11.3    
*  236  212  1968.33   14.01      0  1968.33  5844.00    48.0    13.0    11.4    
   250  198  1968.33   12.86     14  1968.33  5844.00    48.0    13.0    12.1    
Path relinking result: too homogeneous.
   288  160  1968.33   12.50     53  1968.33  5844.00    48.0    13.0    13.8   P
   300  148  1968.33   11.65     64  1968.33  5844.00    48.0    13.0    14.4    
   303  145      inf  560.89      0  1968.33  5844.00    48.0    13.0    14.6   R
   304  144  6119.00  480.67      0  1968.33  5844.00    48.0    13.0    14.6    
   350   98  2545.33   51.98      1  1968.33  5844.00    48.0    13.0    16.9    
Path relinking result: too homogeneous.
   384   64  2349.00   20.24      4  1968.33  5844.00    48.0    13.0    18.4   P
   400   48  2310.00   15.56      5  1968.33  5844.00    48.0    13.0    19.3    
   448    0  2222.67   15.59     10  1968.33  5844.00    48.0    13.0    21.4    
Evolutionary process finished.
Solution written to 'solution-29853.txt'.

Sorted sequence of worst to best tardiness value:
Task for patient = 144 with skills = {5,-1} and cost = 900.7
   Vehicle #0 = 47, leaving at = 739.0
   Vehicle #1 = -1, leaving at = inf
   Increment on distance indicator: 8.0
   Increment on tard indicator:     17.0
   Value of tmax indicator:         8.0

Task for patient = 5 with skills = {5,-1} and cost = 687.7
   Vehicle #0 = 44, leaving at = 798.0
   Vehicle #1 = -1, leaving at = inf
   Increment on distance indicator: 9.0
   Increment on tard indicator:     15.0
   Value of tmax indicator:         9.0

Task for patient = 119 with skills = {1,5} and cost = 1388.3
   Vehicle #0 = 8, leaving at = 1028.0
   Vehicle #1 = 38, leaving at = 1049.0
   Increment on distance indicator: 5.0
   Increment on tard indicator:     9.0
   Value of tmax indicator:         5.0

Task for patient = 74 with skills = {1,5} and cost = 1534.3
   Vehicle #0 = 25, leaving at = 978.0
   Vehicle #1 = 32, leaving at = 1023.0
   Increment on distance indicator: 29.0
   Increment on tard indicator:     9.0
   Value of tmax indicator:         29.0

Task for patient = 155 with skills = {5,-1} and cost = 672.3
   Vehicle #0 = 43, leaving at = 779.0
   Vehicle #1 = -1, leaving at = inf
   Increment on distance indicator: 10.0
   Increment on tard indicator:     9.0
   Value of tmax indicator:         10.0

Task for patient = 143 with skills = {4,-1} and cost = 925.3
   Vehicle #0 = 40, leaving at = 803.0
   Vehicle #1 = -1, leaving at = inf
   Increment on distance indicator: 12.0
   Increment on tard indicator:     9.0
   Value of tmax indicator:         12.0

Task for patient = 216 with skills = {0,-1} and cost = 1098.0
   Vehicle #0 = 22, leaving at = 792.0
   Vehicle #1 = -1, leaving at = inf
   Increment on distance indicator: 6.0
   Increment on tard indicator:     8.0
   Value of tmax indicator:         6.0

Task for patient = 31 with skills = {0,-1} and cost = 1540.7
   Vehicle #0 = 4, leaving at = 990.0
   Vehicle #1 = -1, leaving at = inf
   Increment on distance indicator: 13.0
   Increment on tard indicator:     6.0
   Value of tmax indicator:         13.0

Task for patient = 211 with skills = {4,-1} and cost = 1001.0
   Vehicle #0 = 50, leaving at = 745.0
   Vehicle #1 = -1, leaving at = inf
   Increment on distance indicator: 15.0
   Increment on tard indicator:     5.0
   Value of tmax indicator:         15.0

Task for patient = 227 with skills = {4,-1} and cost = 877.7
   Vehicle #0 = 47, leaving at = 702.0
   Vehicle #1 = -1, leaving at = inf
   Increment on distance indicator: 34.0
   Increment on tard indicator:     5.0
   Value of tmax indicator:         34.0

Task for patient = 267 with skills = {0,-1} and cost = 1117.7
   Vehicle #0 = 25, leaving at = 659.0
   Vehicle #1 = -1, leaving at = inf
   Increment on distance indicator: 33.0
   Increment on tard indicator:     3.0
   Value of tmax indicator:         33.0

Task for patient = 100 with skills = {1,5} and cost = 1089.0
   Vehicle #0 = 24, leaving at = 671.0
   Vehicle #1 = 49, leaving at = 714.0
   Increment on distance indicator: 51.0
   Increment on tard indicator:     3.0
   Value of tmax indicator:         51.0

Task for patient = 197 with skills = {2,-1} and cost = 827.3
   Vehicle #0 = 9, leaving at = 767.0
   Vehicle #1 = -1, leaving at = inf
   Increment on distance indicator: 6.0
   Increment on tard indicator:     2.0
   Value of tmax indicator:         6.0

Task for patient = 265 with skills = {5,-1} and cost = 1278.7
   Vehicle #0 = 49, leaving at = 754.0
   Vehicle #1 = -1, leaving at = inf
   Increment on distance indicator: 13.0
   Increment on tard indicator:     2.0
   Value of tmax indicator:         13.0

Task for patient = 213 with skills = {2,4} and cost = 283.0
   Vehicle #0 = 6, leaving at = 759.0
   Vehicle #1 = 35, leaving at = 764.0
   Increment on distance indicator: 19.0
   Increment on tard indicator:     2.0
   Value of tmax indicator:         19.0

Task for patient = 218 with skills = {1,4} and cost = 1216.7
   Vehicle #0 = 20, leaving at = 967.0
   Vehicle #1 = 40, leaving at = 977.0
   Increment on distance indicator: 2.0
   Increment on tard indicator:     1.0
   Value of tmax indicator:         2.0

Task for patient = 128 with skills = {1,5} and cost = 1283.0
   Vehicle #0 = 10, leaving at = 922.0
   Vehicle #1 = 30, leaving at = 942.0
   Increment on distance indicator: 3.0
   Increment on tard indicator:     1.0
   Value of tmax indicator:         3.0

Task for patient = 262 with skills = {3,-1} and cost = 1227.7
   Vehicle #0 = 50, leaving at = 857.0
   Vehicle #1 = -1, leaving at = inf
   Increment on distance indicator: 3.0
   Increment on tard indicator:     1.0
   Value of tmax indicator:         3.0

Task for patient = 182 with skills = {5,-1} and cost = 1167.3
   Vehicle #0 = 38, leaving at = 878.0
   Vehicle #1 = -1, leaving at = inf
   Increment on distance indicator: 2.0
   Increment on tard indicator:     0.0
   Value of tmax indicator:         2.0

Task for patient = 278 with skills = {5,-1} and cost = 1168.0
   Vehicle #0 = 37, leaving at = 846.0
   Vehicle #1 = -1, leaving at = inf
   Increment on distance indicator: 2.0
   Increment on tard indicator:     0.0
   Value of tmax indicator:         2.0

Task for patient = 277 with skills = {1,-1} and cost = 1175.0
   Vehicle #0 = 27, leaving at = 635.0
   Vehicle #1 = -1, leaving at = inf
   Increment on distance indicator: 21.0
   Increment on tard indicator:     0.0
   Value of tmax indicator:         21.0

Task for patient = 104 with skills = {3,-1} and cost = 1191.0
   Vehicle #0 = 58, leaving at = 673.0
   Vehicle #1 = -1, leaving at = inf
   Increment on distance indicator: 48.0
   Increment on tard indicator:     0.0
   Value of tmax indicator:         48.0

Task for patient = 134 with skills = {0,-1} and cost = 1194.7
   Vehicle #0 = 24, leaving at = 819.0
   Vehicle #1 = -1, leaving at = inf
   Increment on distance indicator: 11.0
   Increment on tard indicator:     0.0
   Value of tmax indicator:         11.0

Task for patient = 257 with skills = {2,-1} and cost = 1198.7
   Vehicle #0 = 27, leaving at = 668.0
   Vehicle #1 = -1, leaving at = inf
   Increment on distance indicator: 12.0
   Increment on tard indicator:     0.0
   Value of tmax indicator:         12.0

Task for patient = 194 with skills = {2,-1} and cost = 1281.7
   Vehicle #0 = 22, leaving at = 856.0
   Vehicle #1 = -1, leaving at = inf
   Increment on distance indicator: 9.0
   Increment on tard indicator:     0.0
   Value of tmax indicator:         9.0

Task for patient = 165 with skills = {1,-1} and cost = 1201.3
   Vehicle #0 = 21, leaving at = 709.0
   Vehicle #1 = -1, leaving at = inf
   Increment on distance indicator: 8.0
   Increment on tard indicator:     0.0
   Value of tmax indicator:         8.0

Task for patient = 184 with skills = {0,3} and cost = 1273.7
   Vehicle #0 = 27, leaving at = 795.0
   Vehicle #1 = 58, leaving at = 801.0
   Increment on distance indicator: 31.0
   Increment on tard indicator:     0.0
   Value of tmax indicator:         31.0

Task for patient = 21 with skills = {4,-1} and cost = 1204.3
   Vehicle #0 = 55, leaving at = 858.0
   Vehicle #1 = -1, leaving at = inf
   Increment on distance indicator: 9.0
   Increment on tard indicator:     0.0
   Value of tmax indicator:         9.0

Task for patient = 9 with skills = {2,-1} and cost = 1206.7
   Vehicle #0 = 19, leaving at = 863.0
   Vehicle #1 = -1, leaving at = inf
   Increment on distance indicator: 7.0
   Increment on tard indicator:     0.0
   Value of tmax indicator:         7.0

Task for patient = 273 with skills = {0,5} and cost = 1263.3
   Vehicle #0 = 4, leaving at = 895.0
   Vehicle #1 = 56, leaving at = 913.0
   Increment on distance indicator: 22.0
   Increment on tard indicator:     0.0
   Value of tmax indicator:         22.0

Task for patient = 108 with skills = {1,-1} and cost = 1256.0
   Vehicle #0 = 5, leaving at = 972.0
   Vehicle #1 = -1, leaving at = inf
   Increment on distance indicator: 3.0
   Increment on tard indicator:     0.0
   Value of tmax indicator:         3.0

Task for patient = 11 with skills = {2,3} and cost = 1255.0
   Vehicle #0 = 1, leaving at = 915.0
   Vehicle #1 = 43, leaving at = 926.0
   Increment on distance indicator: 8.0
   Increment on tard indicator:     0.0
   Value of tmax indicator:         8.0

Task for patient = 248 with skills = {1,-1} and cost = 1220.7
   Vehicle #0 = 11, leaving at = 899.0
   Vehicle #1 = -1, leaving at = inf
   Increment on distance indicator: 12.0
   Increment on tard indicator:     0.0
   Value of tmax indicator:         12.0

Task for patient = 243 with skills = {4,-1} and cost = 1223.7
   Vehicle #0 = 47, leaving at = 892.0
   Vehicle #1 = -1, leaving at = inf
   Increment on distance indicator: 9.0
   Increment on tard indicator:     0.0
   Value of tmax indicator:         9.0

Task for patient = 67 with skills = {2,4} and cost = 1252.3
   Vehicle #0 = 19, leaving at = 928.0
   Vehicle #1 = 32, leaving at = 897.0
   Increment on distance indicator: 20.0
   Increment on tard indicator:     0.0
   Value of tmax indicator:         20.0

Task for patient = 164 with skills = {0,-1} and cost = 1245.7
   Vehicle #0 = 24, leaving at = 932.0
   Vehicle #1 = -1, leaving at = inf
   Increment on distance indicator: 12.0
   Increment on tard indicator:     0.0
   Value of tmax indicator:         12.0

Task for patient = 54 with skills = {1,5} and cost = 1226.3
   Vehicle #0 = 14, leaving at = 982.0
   Vehicle #1 = 34, leaving at = 1024.0
   Increment on distance indicator: 8.0
   Increment on tard indicator:     0.0
   Value of tmax indicator:         8.0

Task for patient = 40 with skills = {4,-1} and cost = 1166.7
   Vehicle #0 = 56, leaving at = 823.0
   Vehicle #1 = -1, leaving at = inf
   Increment on distance indicator: 9.0
   Increment on tard indicator:     0.0
   Value of tmax indicator:         9.0

Task for patient = 157 with skills = {0,-1} and cost = 1230.7
   Vehicle #0 = 25, leaving at = 757.0
   Vehicle #1 = -1, leaving at = inf
   Increment on distance indicator: 9.0
   Increment on tard indicator:     0.0
   Value of tmax indicator:         9.0

Task for patient = 23 with skills = {5,-1} and cost = 1233.0
   Vehicle #0 = 50, leaving at = 879.0
   Vehicle #1 = -1, leaving at = inf
   Increment on distance indicator: 7.0
   Increment on tard indicator:     0.0
   Value of tmax indicator:         7.0

Task for patient = 51 with skills = {2,-1} and cost = 1234.0
   Vehicle #0 = 16, leaving at = 838.0
   Vehicle #1 = -1, leaving at = inf
   Increment on distance indicator: 3.0
   Increment on tard indicator:     0.0
   Value of tmax indicator:         3.0

Task for patient = 19 with skills = {0,-1} and cost = 1241.7
   Vehicle #0 = 27, leaving at = 696.0
   Vehicle #1 = -1, leaving at = inf
   Increment on distance indicator: 12.0
   Increment on tard indicator:     0.0
   Value of tmax indicator:         12.0

Task for patient = 80 with skills = {2,3} and cost = 1237.7
   Vehicle #0 = 17, leaving at = 917.0
   Vehicle #1 = 55, leaving at = 874.0
   Increment on distance indicator: 11.0
   Increment on tard indicator:     0.0
   Value of tmax indicator:         11.0

Task for patient = 76 with skills = {3,-1} and cost = 1215.7
   Vehicle #0 = 58, leaving at = 743.0
   Vehicle #1 = -1, leaving at = inf
   Increment on distance indicator: 27.0
   Increment on tard indicator:     0.0
   Value of tmax indicator:         27.0

Task for patient = 241 with skills = {5,-1} and cost = 1064.0
   Vehicle #0 = 51, leaving at = 833.0
   Vehicle #1 = -1, leaving at = inf
   Increment on distance indicator: 7.0
   Increment on tard indicator:     0.0
   Value of tmax indicator:         7.0

Task for patient = 25 with skills = {0,5} and cost = 1061.7
   Vehicle #0 = 25, leaving at = 570.0
   Vehicle #1 = 49, leaving at = 532.0
   Increment on distance indicator: 50.0
   Increment on tard indicator:     0.0
   Value of tmax indicator:         50.0

Task for patient = 210 with skills = {1,-1} and cost = 1045.0
   Vehicle #0 = 13, leaving at = 1004.0
   Vehicle #1 = -1, leaving at = inf
   Increment on distance indicator: 1.0
   Increment on tard indicator:     0.0
   Value of tmax indicator:         1.0

Task for patient = 204 with skills = {4,-1} and cost = 1044.7
   Vehicle #0 = 36, leaving at = 875.0
   Vehicle #1 = -1, leaving at = inf
   Increment on distance indicator: 1.0
   Increment on tard indicator:     0.0
   Value of tmax indicator:         1.0

Task for patient = 4 with skills = {0,-1} and cost = 1044.3
   Vehicle #0 = 16, leaving at = 776.0
   Vehicle #1 = -1, leaving at = inf
   Increment on distance indicator: 5.0
   Increment on tard indicator:     0.0
   Value of tmax indicator:         5.0

Task for patient = 199 with skills = {2,-1} and cost = 1042.7
   Vehicle #0 = 24, leaving at = 623.0
   Vehicle #1 = -1, leaving at = inf
   Increment on distance indicator: 29.0
   Increment on tard indicator:     0.0
   Value of tmax indicator:         29.0

Task for patient = 27 with skills = {1,4} and cost = 1033.0
   Vehicle #0 = 17, leaving at = 778.0
   Vehicle #1 = 55, leaving at = 830.0
   Increment on distance indicator: 29.0
   Increment on tard indicator:     0.0
   Value of tmax indicator:         29.0

Task for patient = 170 with skills = {0,-1} and cost = 1128.7
   Vehicle #0 = 24, leaving at = 725.0
   Vehicle #1 = -1, leaving at = inf
   Increment on distance indicator: 13.0
   Increment on tard indicator:     0.0
   Value of tmax indicator:         13.0

Task for patient = 201 with skills = {1,4} and cost = 1020.3
   Vehicle #0 = 20, leaving at = 855.0
   Vehicle #1 = 40, leaving at = 879.0
   Increment on distance indicator: 10.0
   Increment on tard indicator:     0.0
   Value of tmax indicator:         10.0

Task for patient = 179 with skills = {3,-1} and cost = 1017.0
   Vehicle #0 = 55, leaving at = 665.0
   Vehicle #1 = -1, leaving at = inf
   Increment on distance indicator: 18.0
   Increment on tard indicator:     0.0
   Value of tmax indicator:         18.0

Task for patient = 22 with skills = {1,-1} and cost = 1011.0
   Vehicle #0 = 8, leaving at = 940.0
   Vehicle #1 = -1, leaving at = inf
   Increment on distance indicator: 7.0
   Increment on tard indicator:     0.0
   Value of tmax indicator:         7.0

Task for patient = 244 with skills = {2,5} and cost = 1008.7
   Vehicle #0 = 19, leaving at = 756.0
   Vehicle #1 = 51, leaving at = 768.0
   Increment on distance indicator: 11.0
   Increment on tard indicator:     0.0
   Value of tmax indicator:         11.0

Task for patient = 151 with skills = {3,-1} and cost = 1005.0
   Vehicle #0 = 33, leaving at = 928.0
   Vehicle #1 = -1, leaving at = inf
   Increment on distance indicator: 4.0
   Increment on tard indicator:     0.0
   Value of tmax indicator:         4.0

Task for patient = 63 with skills = {1,-1} and cost = 1003.7
   Vehicle #0 = 15, leaving at = 787.0
   Vehicle #1 = -1, leaving at = inf
   Increment on distance indicator: 8.0
   Increment on tard indicator:     0.0
   Value of tmax indicator:         8.0

Task for patient = 117 with skills = {4,-1} and cost = 994.3
   Vehicle #0 = 30, leaving at = 905.0
   Vehicle #1 = -1, leaving at = inf
   Increment on distance indicator: 2.0
   Increment on tard indicator:     0.0
   Value of tmax indicator:         2.0

Task for patient = 256 with skills = {1,-1} and cost = 993.7
   Vehicle #0 = 13, leaving at = 980.0
   Vehicle #1 = -1, leaving at = inf
   Increment on distance indicator: 2.0
   Increment on tard indicator:     0.0
   Value of tmax indicator:         2.0

Task for patient = 114 with skills = {1,-1} and cost = 1023.3
   Vehicle #0 = 18, leaving at = 780.0
   Vehicle #1 = -1, leaving at = inf
   Increment on distance indicator: 9.0
   Increment on tard indicator:     0.0
   Value of tmax indicator:         9.0

Task for patient = 125 with skills = {2,-1} and cost = 1163.7
   Vehicle #0 = 27, leaving at = 592.0
   Vehicle #1 = -1, leaving at = inf
   Increment on distance indicator: 27.0
   Increment on tard indicator:     0.0
   Value of tmax indicator:         27.0

Task for patient = 232 with skills = {1,3} and cost = 1154.7
   Vehicle #0 = 24, leaving at = 762.0
   Vehicle #1 = 56, leaving at = 784.0
   Increment on distance indicator: 51.0
   Increment on tard indicator:     0.0
   Value of tmax indicator:         51.0

Task for patient = 112 with skills = {2,4} and cost = 1137.7
   Vehicle #0 = 20, leaving at = 940.0
   Vehicle #1 = 40, leaving at = 942.0
   Increment on distance indicator: 10.0
   Increment on tard indicator:     0.0
   Value of tmax indicator:         10.0

Task for patient = 261 with skills = {2,5} and cost = 1134.3
   Vehicle #0 = 14, leaving at = 944.0
   Vehicle #1 = 34, leaving at = 963.0
   Increment on distance indicator: 8.0
   Increment on tard indicator:     0.0
   Value of tmax indicator:         8.0

Task for patient = 101 with skills = {3,-1} and cost = 1131.7
   Vehicle #0 = 50, leaving at = 806.0
   Vehicle #1 = -1, leaving at = inf
   Increment on distance indicator: 9.0
   Increment on tard indicator:     0.0
   Value of tmax indicator:         9.0

Task for patient = 231 with skills = {0,5} and cost = 1289.7
   Vehicle #0 = 23, leaving at = 873.0
   Vehicle #1 = 39, leaving at = 896.0
   Increment on distance indicator: 20.0
   Increment on tard indicator:     0.0
   Value of tmax indicator:         20.0

Task for patient = 245 with skills = {2,3} and cost = 1124.3
   Vehicle #0 = 2, leaving at = 805.0
   Vehicle #1 = 47, leaving at = 827.0
   Increment on distance indicator: 8.0
   Increment on tard indicator:     0.0
   Value of tmax indicator:         8.0

Task for patient = 29 with skills = {0,-1} and cost = 1067.0
   Vehicle #0 = 0, leaving at = 868.0
   Vehicle #1 = -1, leaving at = inf
   Increment on distance indicator: 9.0
   Increment on tard indicator:     0.0
   Value of tmax indicator:         9.0

Task for patient = 202 with skills = {1,-1} and cost = 1120.3
   Vehicle #0 = 25, leaving at = 692.0
   Vehicle #1 = -1, leaving at = inf
   Increment on distance indicator: 8.0
   Increment on tard indicator:     0.0
   Value of tmax indicator:         8.0

Task for patient = 43 with skills = {0,-1} and cost = 1105.7
   Vehicle #0 = 0, leaving at = 1001.0
   Vehicle #1 = -1, leaving at = inf
   Increment on distance indicator: 3.0
   Increment on tard indicator:     0.0
   Value of tmax indicator:         3.0

Task for patient = 137 with skills = {5,-1} and cost = 1104.7
   Vehicle #0 = 36, leaving at = 927.0
   Vehicle #1 = -1, leaving at = inf
   Increment on distance indicator: 3.0
   Increment on tard indicator:     0.0
   Value of tmax indicator:         3.0

Task for patient = 281 with skills = {2,5} and cost = 1103.7
   Vehicle #0 = 14, leaving at = 914.0
   Vehicle #1 = 34, leaving at = 936.0
   Increment on distance indicator: 12.0
   Increment on tard indicator:     0.0
   Value of tmax indicator:         12.0

Task for patient = 259 with skills = {1,-1} and cost = 1099.7
   Vehicle #0 = 16, leaving at = 800.0
   Vehicle #1 = -1, leaving at = inf
   Increment on distance indicator: 5.0
   Increment on tard indicator:     0.0
   Value of tmax indicator:         5.0

Task for patient = 56 with skills = {0,-1} and cost = 1093.3
   Vehicle #0 = 26, leaving at = 573.0
   Vehicle #1 = -1, leaving at = inf
   Increment on distance indicator: 11.0
   Increment on tard indicator:     0.0
   Value of tmax indicator:         11.0

Task for patient = 123 with skills = {1,-1} and cost = 1089.7
   Vehicle #0 = 10, leaving at = 849.0
   Vehicle #1 = -1, leaving at = inf
   Increment on distance indicator: 2.0
   Increment on tard indicator:     0.0
   Value of tmax indicator:         2.0

Task for patient = 162 with skills = {1,-1} and cost = 1071.0
   Vehicle #0 = 21, leaving at = 620.0
   Vehicle #1 = -1, leaving at = inf
   Increment on distance indicator: 12.0
   Increment on tard indicator:     0.0
   Value of tmax indicator:         12.0

Task for patient = 30 with skills = {4,-1} and cost = 1121.7
   Vehicle #0 = 41, leaving at = 909.0
   Vehicle #1 = -1, leaving at = inf
   Increment on distance indicator: 4.0
   Increment on tard indicator:     0.0
   Value of tmax indicator:         4.0

Task for patient = 279 with skills = {2,-1} and cost = 1446.7
   Vehicle #0 = 27, leaving at = 971.0
   Vehicle #1 = -1, leaving at = inf
   Increment on distance indicator: 3.0
   Increment on tard indicator:     0.0
   Value of tmax indicator:         3.0

Task for patient = 154 with skills = {5,-1} and cost = 1445.7
   Vehicle #0 = 32, leaving at = 972.0
   Vehicle #1 = -1, leaving at = inf
   Increment on distance indicator: 6.0
   Increment on tard indicator:     0.0
   Value of tmax indicator:         6.0

Task for patient = 92 with skills = {1,-1} and cost = 1443.7
   Vehicle #0 = 14, leaving at = 1038.0
   Vehicle #1 = -1, leaving at = inf
   Increment on distance indicator: 3.0
   Increment on tard indicator:     0.0
   Value of tmax indicator:         3.0

Task for patient = 46 with skills = {2,-1} and cost = 1442.7
   Vehicle #0 = 27, leaving at = 949.0
   Vehicle #1 = -1, leaving at = inf
   Increment on distance indicator: 3.0
   Increment on tard indicator:     0.0
   Value of tmax indicator:         3.0

Task for patient = 173 with skills = {5,-1} and cost = 1441.7
   Vehicle #0 = 50, leaving at = 1026.0
   Vehicle #1 = -1, leaving at = inf
   Increment on distance indicator: 5.0
   Increment on tard indicator:     0.0
   Value of tmax indicator:         5.0

Task for patient = 226 with skills = {0,-1} and cost = 1440.0
   Vehicle #0 = 22, leaving at = 1025.0
   Vehicle #1 = -1, leaving at = inf
   Increment on distance indicator: 8.0
   Increment on tard indicator:     0.0
   Value of tmax indicator:         8.0

Task for patient = 32 with skills = {3,-1} and cost = 1437.3
   Vehicle #0 = 55, leaving at = 959.0
   Vehicle #1 = -1, leaving at = inf
   Increment on distance indicator: 18.0
   Increment on tard indicator:     0.0
   Value of tmax indicator:         18.0

Task for patient = 15 with skills = {0,4} and cost = 1431.3
   Vehicle #0 = 1, leaving at = 1034.0
   Vehicle #1 = 33, leaving at = 1034.0
   Increment on distance indicator: 8.0
   Increment on tard indicator:     0.0
   Value of tmax indicator:         8.0

Task for patient = 91 with skills = {1,-1} and cost = 1298.3
   Vehicle #0 = 28, leaving at = 681.0
   Vehicle #1 = -1, leaving at = inf
   Increment on distance indicator: 11.0
   Increment on tard indicator:     0.0
   Value of tmax indicator:         11.0

Task for patient = 14 with skills = {2,-1} and cost = 1424.7
   Vehicle #0 = 27, leaving at = 927.0
   Vehicle #1 = -1, leaving at = inf
   Increment on distance indicator: 8.0
   Increment on tard indicator:     0.0
   Value of tmax indicator:         8.0

Task for patient = 172 with skills = {5,-1} and cost = 1422.0
   Vehicle #0 = 30, leaving at = 987.0
   Vehicle #1 = -1, leaving at = inf
   Increment on distance indicator: 4.0
   Increment on tard indicator:     0.0
   Value of tmax indicator:         4.0

Task for patient = 77 with skills = {0,5} and cost = 1420.7
   Vehicle #0 = 5, leaving at = 1044.0
   Vehicle #1 = 34, leaving at = 1067.0
   Increment on distance indicator: 11.0
   Increment on tard indicator:     0.0
   Value of tmax indicator:         11.0

Task for patient = 52 with skills = {2,3} and cost = 1417.0
   Vehicle #0 = 12, leaving at = 992.0
   Vehicle #1 = 41, leaving at = 1023.0
   Increment on distance indicator: 7.0
   Increment on tard indicator:     0.0
   Value of tmax indicator:         7.0

Task for patient = 73 with skills = {4,-1} and cost = 1414.7
   Vehicle #0 = 50, leaving at = 947.0
   Vehicle #1 = -1, leaving at = inf
   Increment on distance indicator: 6.0
   Increment on tard indicator:     0.0
   Value of tmax indicator:         6.0

Task for patient = 50 with skills = {0,5} and cost = 1412.7
   Vehicle #0 = 4, leaving at = 924.0
   Vehicle #1 = 48, leaving at = 967.0
   Increment on distance indicator: 16.0
   Increment on tard indicator:     0.0
   Value of tmax indicator:         16.0

Task for patient = 254 with skills = {2,5} and cost = 1407.3
   Vehicle #0 = 9, leaving at = 1015.0
   Vehicle #1 = 51, leaving at = 1046.0
   Increment on distance indicator: 9.0
   Increment on tard indicator:     0.0
   Value of tmax indicator:         9.0

Task for patient = 146 with skills = {3,-1} and cost = 1404.3
   Vehicle #0 = 41, leaving at = 986.0
   Vehicle #1 = -1, leaving at = inf
   Increment on distance indicator: 4.0
   Increment on tard indicator:     0.0
   Value of tmax indicator:         4.0

Task for patient = 264 with skills = {1,3} and cost = 1428.7
   Vehicle #0 = 22, leaving at = 978.0
   Vehicle #1 = 50, leaving at = 989.0
   Increment on distance indicator: 12.0
   Increment on tard indicator:     0.0
   Value of tmax indicator:         12.0

Task for patient = 69 with skills = {3,-1} and cost = 1548.3
   Vehicle #0 = 58, leaving at = 1074.0
   Vehicle #1 = -1, leaving at = inf
   Increment on distance indicator: 6.0
   Increment on tard indicator:     0.0
   Value of tmax indicator:         6.0

Task for patient = 288 with skills = {4,-1} and cost = 1546.3
   Vehicle #0 = 46, leaving at = 1039.0
   Vehicle #1 = -1, leaving at = inf
   Increment on distance indicator: 17.0
   Increment on tard indicator:     0.0
   Value of tmax indicator:         17.0

Task for patient = 37 with skills = {1,4} and cost = 1521.7
   Vehicle #0 = 15, leaving at = 957.0
   Vehicle #1 = 46, leaving at = 964.0
   Increment on distance indicator: 39.0
   Increment on tard indicator:     0.0
   Value of tmax indicator:         39.0

Task for patient = 55 with skills = {0,5} and cost = 1508.7
   Vehicle #0 = 28, leaving at = 922.0
   Vehicle #1 = 53, leaving at = 915.0
   Increment on distance indicator: 16.0
   Increment on tard indicator:     0.0
   Value of tmax indicator:         16.0

Task for patient = 28 with skills = {1,-1} and cost = 1503.3
   Vehicle #0 = 17, leaving at = 1042.0
   Vehicle #1 = -1, leaving at = inf
   Increment on distance indicator: 10.0
   Increment on tard indicator:     0.0
   Value of tmax indicator:         10.0

Task for patient = 148 with skills = {4,-1} and cost = 1500.0
   Vehicle #0 = 58, leaving at = 1034.0
   Vehicle #1 = -1, leaving at = inf
   Increment on distance indicator: 4.0
   Increment on tard indicator:     0.0
   Value of tmax indicator:         4.0

Task for patient = 35 with skills = {0,-1} and cost = 1498.7
   Vehicle #0 = 25, leaving at = 871.0
   Vehicle #1 = -1, leaving at = inf
   Increment on distance indicator: 8.0
   Increment on tard indicator:     0.0
   Value of tmax indicator:         8.0

Task for patient = 66 with skills = {4,-1} and cost = 1496.0
   Vehicle #0 = 44, leaving at = 1101.0
   Vehicle #1 = -1, leaving at = inf
   Increment on distance indicator: 5.0
   Increment on tard indicator:     0.0
   Value of tmax indicator:         5.0

Task for patient = 82 with skills = {1,-1} and cost = 1452.7
   Vehicle #0 = 17, leaving at = 986.0
   Vehicle #1 = -1, leaving at = inf
   Increment on distance indicator: 18.0
   Increment on tard indicator:     0.0
   Value of tmax indicator:         18.0

Task for patient = 78 with skills = {4,-1} and cost = 1490.7
   Vehicle #0 = 30, leaving at = 1010.0
   Vehicle #1 = -1, leaving at = inf
   Increment on distance indicator: 5.0
   Increment on tard indicator:     0.0
   Value of tmax indicator:         5.0

Task for patient = 1 with skills = {2,-1} and cost = 1489.0
   Vehicle #0 = 19, leaving at = 1004.0
   Vehicle #1 = -1, leaving at = inf
   Increment on distance indicator: 1.0
   Increment on tard indicator:     0.0
   Value of tmax indicator:         1.0

Task for patient = 33 with skills = {4,-1} and cost = 1488.7
   Vehicle #0 = 52, leaving at = 809.0
   Vehicle #1 = -1, leaving at = inf
   Increment on distance indicator: 14.0
   Increment on tard indicator:     0.0
   Value of tmax indicator:         14.0

Task for patient = 239 with skills = {2,5} and cost = 1484.0
   Vehicle #0 = 10, leaving at = 960.0
   Vehicle #1 = 58, leaving at = 1012.0
   Increment on distance indicator: 22.0
   Increment on tard indicator:     0.0
   Value of tmax indicator:         22.0

Task for patient = 296 with skills = {3,-1} and cost = 1476.7
   Vehicle #0 = 45, leaving at = 896.0
   Vehicle #1 = -1, leaving at = inf
   Increment on distance indicator: 13.0
   Increment on tard indicator:     0.0
   Value of tmax indicator:         13.0

Task for patient = 203 with skills = {3,-1} and cost = 1472.3
   Vehicle #0 = 42, leaving at = 1086.0
   Vehicle #1 = -1, leaving at = inf
   Increment on distance indicator: 2.0
   Increment on tard indicator:     0.0
   Value of tmax indicator:         2.0

Task for patient = 222 with skills = {4,-1} and cost = 1471.7
   Vehicle #0 = 58, leaving at = 928.0
   Vehicle #1 = -1, leaving at = inf
   Increment on distance indicator: 11.0
   Increment on tard indicator:     0.0
   Value of tmax indicator:         11.0

Task for patient = 60 with skills = {1,5} and cost = 1468.0
   Vehicle #0 = 16, leaving at = 975.0
   Vehicle #1 = 35, leaving at = 974.0
   Increment on distance indicator: 18.0
   Increment on tard indicator:     0.0
   Value of tmax indicator:         18.0

Task for patient = 224 with skills = {0,3} and cost = 1462.0
   Vehicle #0 = 11, leaving at = 1018.0
   Vehicle #1 = 55, leaving at = 1022.0
   Increment on distance indicator: 28.0
   Increment on tard indicator:     0.0
   Value of tmax indicator:         28.0

Task for patient = 96 with skills = {4,-1} and cost = 1494.3
   Vehicle #0 = 36, leaving at = 973.0
   Vehicle #1 = -1, leaving at = inf
   Increment on distance indicator: 11.0
   Increment on tard indicator:     0.0
   Value of tmax indicator:         11.0

Task for patient = 12 with skills = {4,-1} and cost = 1341.0
   Vehicle #0 = 55, leaving at = 898.0
   Vehicle #1 = -1, leaving at = inf
   Increment on distance indicator: 7.0
   Increment on tard indicator:     0.0
   Value of tmax indicator:         7.0

Task for patient = 7 with skills = {1,-1} and cost = 1338.7
   Vehicle #0 = 8, leaving at = 998.0
   Vehicle #1 = -1, leaving at = inf
   Increment on distance indicator: 16.0
   Increment on tard indicator:     0.0
   Value of tmax indicator:         16.0

Task for patient = 150 with skills = {4,-1} and cost = 1333.3
   Vehicle #0 = 32, leaving at = 926.0
   Vehicle #1 = -1, leaving at = inf
   Increment on distance indicator: 5.0
   Increment on tard indicator:     0.0
   Value of tmax indicator:         5.0

Task for patient = 81 with skills = {1,-1} and cost = 1331.7
   Vehicle #0 = 15, leaving at = 826.0
   Vehicle #1 = -1, leaving at = inf
   Increment on distance indicator: 23.0
   Increment on tard indicator:     0.0
   Value of tmax indicator:         23.0

Task for patient = 287 with skills = {1,4} and cost = 1324.0
   Vehicle #0 = 20, leaving at = 1026.0
   Vehicle #1 = 40, leaving at = 1049.0
   Increment on distance indicator: 9.0
   Increment on tard indicator:     0.0
   Value of tmax indicator:         9.0

Task for patient = 196 with skills = {2,-1} and cost = 1321.0
   Vehicle #0 = 29, leaving at = 888.0
   Vehicle #1 = -1, leaving at = inf
   Increment on distance indicator: 0.0
   Increment on tard indicator:     0.0
   Value of tmax indicator:         0.0

Task for patient = 41 with skills = {0,4} and cost = 1321.0
   Vehicle #0 = 27, leaving at = 894.0
   Vehicle #1 = 58, leaving at = 886.0
   Increment on distance indicator: 6.0
   Increment on tard indicator:     0.0
   Value of tmax indicator:         6.0

Task for patient = 292 with skills = {1,-1} and cost = 1319.0
   Vehicle #0 = 28, leaving at = 869.0
   Vehicle #1 = -1, leaving at = inf
   Increment on distance indicator: 5.0
   Increment on tard indicator:     0.0
   Value of tmax indicator:         5.0

Task for patient = 183 with skills = {2,-1} and cost = 1403.0
   Vehicle #0 = 6, leaving at = 1058.0
   Vehicle #1 = -1, leaving at = inf
   Increment on distance indicator: 1.0
   Increment on tard indicator:     0.0
   Value of tmax indicator:         1.0

Task for patient = 160 with skills = {4,-1} and cost = 1315.7
   Vehicle #0 = 44, leaving at = 987.0
   Vehicle #1 = -1, leaving at = inf
   Increment on distance indicator: 4.0
   Increment on tard indicator:     0.0
   Value of tmax indicator:         4.0

Task for patient = 26 with skills = {3,-1} and cost = 1314.3
   Vehicle #0 = 31, leaving at = 978.0
   Vehicle #1 = -1, leaving at = inf
   Increment on distance indicator: 10.0
   Increment on tard indicator:     0.0
   Value of tmax indicator:         10.0

Task for patient = 236 with skills = {5,-1} and cost = 1311.0
   Vehicle #0 = 51, leaving at = 892.0
   Vehicle #1 = -1, leaving at = inf
   Increment on distance indicator: 4.0
   Increment on tard indicator:     0.0
   Value of tmax indicator:         4.0

Task for patient = 36 with skills = {2,5} and cost = 1309.7
   Vehicle #0 = 20, leaving at = 987.0
   Vehicle #1 = 49, leaving at = 1042.0
   Increment on distance indicator: 8.0
   Increment on tard indicator:     0.0
   Value of tmax indicator:         8.0

Task for patient = 38 with skills = {0,-1} and cost = 1307.0
   Vehicle #0 = 23, leaving at = 911.0
   Vehicle #1 = -1, leaving at = inf
   Increment on distance indicator: 15.0
   Increment on tard indicator:     0.0
   Value of tmax indicator:         15.0

Task for patient = 129 with skills = {4,-1} and cost = 1302.0
   Vehicle #0 = 44, leaving at = 945.0
   Vehicle #1 = -1, leaving at = inf
   Increment on distance indicator: 4.0
   Increment on tard indicator:     0.0
   Value of tmax indicator:         4.0

Task for patient = 186 with skills = {0,-1} and cost = 1300.7
   Vehicle #0 = 26, leaving at = 647.0
   Vehicle #1 = -1, leaving at = inf
   Increment on distance indicator: 7.0
   Increment on tard indicator:     0.0
   Value of tmax indicator:         7.0

Task for patient = 86 with skills = {0,-1} and cost = 993.0
   Vehicle #0 = 0, leaving at = 816.0
   Vehicle #1 = -1, leaving at = inf
   Increment on distance indicator: 7.0
   Increment on tard indicator:     0.0
   Value of tmax indicator:         7.0

Task for patient = 99 with skills = {2,5} and cost = 1294.7
   Vehicle #0 = 9, leaving at = 873.0
   Vehicle #1 = 37, leaving at = 915.0
   Increment on distance indicator: 15.0
   Increment on tard indicator:     0.0
   Value of tmax indicator:         15.0

Task for patient = 140 with skills = {5,-1} and cost = 1317.3
   Vehicle #0 = 56, leaving at = 956.0
   Vehicle #1 = -1, leaving at = inf
   Increment on distance indicator: 5.0
   Increment on tard indicator:     0.0
   Value of tmax indicator:         5.0

Task for patient = 6 with skills = {1,3} and cost = 1402.7
   Vehicle #0 = 13, leaving at = 1045.0
   Vehicle #1 = 31, leaving at = 1057.0
   Increment on distance indicator: 13.0
   Increment on tard indicator:     0.0
   Value of tmax indicator:         13.0

Task for patient = 269 with skills = {1,-1} and cost = 1398.3
   Vehicle #0 = 25, leaving at = 803.0
   Vehicle #1 = -1, leaving at = inf
   Increment on distance indicator: 5.0
   Increment on tard indicator:     0.0
   Value of tmax indicator:         5.0

Task for patient = 298 with skills = {2,3} and cost = 1396.7
   Vehicle #0 = 3, leaving at = 953.0
   Vehicle #1 = 47, leaving at = 919.0
   Increment on distance indicator: 7.0
   Increment on tard indicator:     0.0
   Value of tmax indicator:         7.0

Task for patient = 223 with skills = {5,-1} and cost = 1394.3
   Vehicle #0 = 41, leaving at = 946.0
   Vehicle #1 = -1, leaving at = inf
   Increment on distance indicator: 1.0
   Increment on tard indicator:     0.0
   Value of tmax indicator:         1.0

Task for patient = 228 with skills = {0,5} and cost = 1394.0
   Vehicle #0 = 24, leaving at = 1089.0
   Vehicle #1 = 37, leaving at = 1095.0
   Increment on distance indicator: 17.0
   Increment on tard indicator:     0.0
   Value of tmax indicator:         17.0

Task for patient = 193 with skills = {0,3} and cost = 1383.7
   Vehicle #0 = 1, leaving at = 976.0
   Vehicle #1 = 43, leaving at = 972.0
   Increment on distance indicator: 6.0
   Increment on tard indicator:     0.0
   Value of tmax indicator:         6.0

Task for patient = 229 with skills = {0,-1} and cost = 1381.7
   Vehicle #0 = 1, leaving at = 947.0
   Vehicle #1 = -1, leaving at = inf
   Increment on distance indicator: 6.0
   Increment on tard indicator:     0.0
   Value of tmax indicator:         6.0

Task for patient = 13 with skills = {0,-1} and cost = 1379.7
   Vehicle #0 = 5, leaving at = 1019.0
   Vehicle #1 = -1, leaving at = inf
   Increment on distance indicator: 3.0
   Increment on tard indicator:     0.0
   Value of tmax indicator:         3.0

Task for patient = 116 with skills = {5,-1} and cost = 1342.3
   Vehicle #0 = 51, leaving at = 934.0
   Vehicle #1 = -1, leaving at = inf
   Increment on distance indicator: 4.0
   Increment on tard indicator:     0.0
   Value of tmax indicator:         4.0

Task for patient = 175 with skills = {2,-1} and cost = 1377.0
   Vehicle #0 = 2, leaving at = 1063.0
   Vehicle #1 = -1, leaving at = inf
   Increment on distance indicator: 8.0
   Increment on tard indicator:     0.0
   Value of tmax indicator:         8.0

Task for patient = 169 with skills = {1,-1} and cost = 1374.3
   Vehicle #0 = 14, leaving at = 1006.0
   Vehicle #1 = -1, leaving at = inf
   Increment on distance indicator: 4.0
   Increment on tard indicator:     0.0
   Value of tmax indicator:         4.0

Task for patient = 177 with skills = {5,-1} and cost = 1373.0
   Vehicle #0 = 48, leaving at = 748.0
   Vehicle #1 = -1, leaving at = inf
   Increment on distance indicator: 32.0
   Increment on tard indicator:     0.0
   Value of tmax indicator:         32.0

Task for patient = 247 with skills = {3,-1} and cost = 1362.3
   Vehicle #0 = 51, leaving at = 990.0
   Vehicle #1 = -1, leaving at = inf
   Increment on distance indicator: 7.0
   Increment on tard indicator:     0.0
   Value of tmax indicator:         7.0

Task for patient = 107 with skills = {5,-1} and cost = 1360.0
   Vehicle #0 = 37, leaving at = 1035.0
   Vehicle #1 = -1, leaving at = inf
   Increment on distance indicator: 7.0
   Increment on tard indicator:     0.0
   Value of tmax indicator:         7.0

Task for patient = 246 with skills = {2,5} and cost = 1357.7
   Vehicle #0 = 9, leaving at = 925.0
   Vehicle #1 = 37, leaving at = 980.0
   Increment on distance indicator: 18.0
   Increment on tard indicator:     0.0
   Value of tmax indicator:         18.0

Task for patient = 98 with skills = {0,-1} and cost = 1351.7
   Vehicle #0 = 23, leaving at = 980.0
   Vehicle #1 = -1, leaving at = inf
   Increment on distance indicator: 7.0
   Increment on tard indicator:     0.0
   Value of tmax indicator:         7.0

Task for patient = 208 with skills = {5,-1} and cost = 1349.3
   Vehicle #0 = 38, leaving at = 923.0
   Vehicle #1 = -1, leaving at = inf
   Increment on distance indicator: 3.0
   Increment on tard indicator:     0.0
   Value of tmax indicator:         3.0

Task for patient = 127 with skills = {2,5} and cost = 1348.3
   Vehicle #0 = 2, leaving at = 1005.0
   Vehicle #1 = 44, leaving at = 1046.0
   Increment on distance indicator: 18.0
   Increment on tard indicator:     0.0
   Value of tmax indicator:         18.0

Task for patient = 263 with skills = {2,-1} and cost = 1378.7
   Vehicle #0 = 19, leaving at = 953.0
   Vehicle #1 = -1, leaving at = inf
   Increment on distance indicator: 5.0
   Increment on tard indicator:     0.0
   Value of tmax indicator:         5.0

Task for patient = 147 with skills = {2,-1} and cost = 444.3
   Vehicle #0 = 9, leaving at = 547.0
   Vehicle #1 = -1, leaving at = inf
   Increment on distance indicator: 22.0
   Increment on tard indicator:     0.0
   Value of tmax indicator:         22.0

Task for patient = 286 with skills = {1,-1} and cost = 437.0
   Vehicle #0 = 11, leaving at = 645.0
   Vehicle #1 = -1, leaving at = inf
   Increment on distance indicator: 27.0
   Increment on tard indicator:     0.0
   Value of tmax indicator:         27.0

Task for patient = 171 with skills = {3,-1} and cost = 428.0
   Vehicle #0 = 42, leaving at = 578.0
   Vehicle #1 = -1, leaving at = inf
   Increment on distance indicator: 28.0
   Increment on tard indicator:     0.0
   Value of tmax indicator:         28.0

Task for patient = 105 with skills = {2,-1} and cost = 418.7
   Vehicle #0 = 10, leaving at = 729.0
   Vehicle #1 = -1, leaving at = inf
   Increment on distance indicator: 11.0
   Increment on tard indicator:     0.0
   Value of tmax indicator:         11.0

Task for patient = 205 with skills = {0,4} and cost = 415.0
   Vehicle #0 = 0, leaving at = 715.0
   Vehicle #1 = 41, leaving at = 714.0
   Increment on distance indicator: 33.0
   Increment on tard indicator:     0.0
   Value of tmax indicator:         33.0

Task for patient = 83 with skills = {2,-1} and cost = 404.0
   Vehicle #0 = 10, leaving at = 672.0
   Vehicle #1 = -1, leaving at = inf
   Increment on distance indicator: 15.0
   Increment on tard indicator:     0.0
   Value of tmax indicator:         15.0

Task for patient = 97 with skills = {1,5} and cost = 399.0
   Vehicle #0 = 10, leaving at = 635.0
   Vehicle #1 = 41, leaving at = 655.0
   Increment on distance indicator: 45.0
   Increment on tard indicator:     0.0
   Value of tmax indicator:         45.0

Task for patient = 49 with skills = {3,-1} and cost = 384.0
   Vehicle #0 = 41, leaving at = 604.0
   Vehicle #1 = -1, leaving at = inf
   Increment on distance indicator: 16.0
   Increment on tard indicator:     0.0
   Value of tmax indicator:         16.0

Task for patient = 87 with skills = {1,-1} and cost = 971.7
   Vehicle #0 = 4, leaving at = 855.0
   Vehicle #1 = -1, leaving at = inf
   Increment on distance indicator: 2.0
   Increment on tard indicator:     0.0
   Value of tmax indicator:         2.0

Task for patient = 233 with skills = {2,4} and cost = 375.3
   Vehicle #0 = 1, leaving at = 816.0
   Vehicle #1 = 33, leaving at = 842.0
   Increment on distance indicator: 10.0
   Increment on tard indicator:     0.0
   Value of tmax indicator:         10.0

Task for patient = 230 with skills = {1,3} and cost = 372.0
   Vehicle #0 = 8, leaving at = 755.0
   Vehicle #1 = 37, leaving at = 755.0
   Increment on distance indicator: 9.0
   Increment on tard indicator:     0.0
   Value of tmax indicator:         9.0

Task for patient = 106 with skills = {5,-1} and cost = 369.0
   Vehicle #0 = 37, leaving at = 710.0
   Vehicle #1 = -1, leaving at = inf
   Increment on distance indicator: 6.0
   Increment on tard indicator:     0.0
   Value of tmax indicator:         6.0

Task for patient = 251 with skills = {2,3} and cost = 367.0
   Vehicle #0 = 2, leaving at = 768.0
   Vehicle #1 = 36, leaving at = 777.0
   Increment on distance indicator: 10.0
   Increment on tard indicator:     0.0
   Value of tmax indicator:         10.0

Task for patient = 255 with skills = {4,-1} and cost = 363.7
   Vehicle #0 = 40, leaving at = 614.0
   Vehicle #1 = -1, leaving at = inf
   Increment on distance indicator: 13.0
   Increment on tard indicator:     0.0
   Value of tmax indicator:         13.0

Task for patient = 258 with skills = {3,-1} and cost = 359.3
   Vehicle #0 = 41, leaving at = 555.0
   Vehicle #1 = -1, leaving at = inf
   Increment on distance indicator: 44.0
   Increment on tard indicator:     0.0
   Value of tmax indicator:         44.0

Task for patient = 234 with skills = {4,-1} and cost = 344.7
   Vehicle #0 = 40, leaving at = 542.0
   Vehicle #1 = -1, leaving at = inf
   Increment on distance indicator: 36.0
   Increment on tard indicator:     0.0
   Value of tmax indicator:         36.0

Task for patient = 180 with skills = {3,-1} and cost = 332.7
   Vehicle #0 = 31, leaving at = 811.0
   Vehicle #1 = -1, leaving at = inf
   Increment on distance indicator: 11.0
   Increment on tard indicator:     0.0
   Value of tmax indicator:         11.0

Task for patient = 260 with skills = {1,-1} and cost = 378.7
   Vehicle #0 = 8, leaving at = 818.0
   Vehicle #1 = -1, leaving at = inf
   Increment on distance indicator: 10.0
   Increment on tard indicator:     0.0
   Value of tmax indicator:         10.0

Task for patient = 118 with skills = {3,-1} and cost = 616.3
   Vehicle #0 = 31, leaving at = 864.0
   Vehicle #1 = -1, leaving at = inf
   Increment on distance indicator: 6.0
   Increment on tard indicator:     0.0
   Value of tmax indicator:         6.0

Task for patient = 221 with skills = {2,4} and cost = 614.3
   Vehicle #0 = 16, leaving at = 507.0
   Vehicle #1 = 44, leaving at = 573.0
   Increment on distance indicator: 98.0
   Increment on tard indicator:     0.0
   Value of tmax indicator:         98.0

Task for patient = 192 with skills = {0,3} and cost = 581.7
   Vehicle #0 = 9, leaving at = 621.0
   Vehicle #1 = 43, leaving at = 653.0
   Increment on distance indicator: 67.0
   Increment on tard indicator:     0.0
   Value of tmax indicator:         67.0

Task for patient = 249 with skills = {5,-1} and cost = 559.3
   Vehicle #0 = 32, leaving at = 790.0
   Vehicle #1 = -1, leaving at = inf
   Increment on distance indicator: 10.0
   Increment on tard indicator:     0.0
   Value of tmax indicator:         10.0

Task for patient = 215 with skills = {0,-1} and cost = 556.0
   Vehicle #0 = 4, leaving at = 818.0
   Vehicle #1 = -1, leaving at = inf
   Increment on distance indicator: 11.0
   Increment on tard indicator:     0.0
   Value of tmax indicator:         11.0

Task for patient = 124 with skills = {1,-1} and cost = 552.3
   Vehicle #0 = 8, leaving at = 875.0
   Vehicle #1 = -1, leaving at = inf
   Increment on distance indicator: 6.0
   Increment on tard indicator:     0.0
   Value of tmax indicator:         6.0

Task for patient = 110 with skills = {1,5} and cost = 550.3
   Vehicle #0 = 14, leaving at = 667.0
   Vehicle #1 = 38, leaving at = 664.0
   Increment on distance indicator: 73.0
   Increment on tard indicator:     0.0
   Value of tmax indicator:         73.0

Task for patient = 130 with skills = {1,4} and cost = 526.0
   Vehicle #0 = 13, leaving at = 799.0
   Vehicle #1 = 42, leaving at = 772.0
   Increment on distance indicator: 69.0
   Increment on tard indicator:     0.0
   Value of tmax indicator:         69.0

Task for patient = 126 with skills = {0,4} and cost = 446.7
   Vehicle #0 = 11, leaving at = 762.0
   Vehicle #1 = 37, leaving at = 809.0
   Increment on distance indicator: 7.0
   Increment on tard indicator:     0.0
   Value of tmax indicator:         7.0

Task for patient = 71 with skills = {2,-1} and cost = 499.7
   Vehicle #0 = 11, leaving at = 795.0
   Vehicle #1 = -1, leaving at = inf
   Increment on distance indicator: 4.0
   Increment on tard indicator:     0.0
   Value of tmax indicator:         4.0

Task for patient = 270 with skills = {2,3} and cost = 498.3
   Vehicle #0 = 12, leaving at = 779.0
   Vehicle #1 = 41, leaving at = 775.0
   Increment on distance indicator: 35.0
   Increment on tard indicator:     0.0
   Value of tmax indicator:         35.0

Task for patient = 285 with skills = {3,-1} and cost = 486.7
   Vehicle #0 = 43, leaving at = 498.0
   Vehicle #1 = -1, leaving at = inf
   Increment on distance indicator: 13.0
   Increment on tard indicator:     0.0
   Value of tmax indicator:         13.0

Task for patient = 93 with skills = {5,-1} and cost = 482.3
   Vehicle #0 = 38, leaving at = 613.0
   Vehicle #1 = -1, leaving at = inf
   Increment on distance indicator: 26.0
   Increment on tard indicator:     0.0
   Value of tmax indicator:         26.0

Task for patient = 45 with skills = {0,3} and cost = 473.7
   Vehicle #0 = 10, leaving at = 766.0
   Vehicle #1 = 34, leaving at = 773.0
   Increment on distance indicator: 17.0
   Increment on tard indicator:     0.0
   Value of tmax indicator:         17.0

Task for patient = 88 with skills = {1,-1} and cost = 468.0
   Vehicle #0 = 12, leaving at = 588.0
   Vehicle #1 = -1, leaving at = inf
   Increment on distance indicator: 51.0
   Increment on tard indicator:     0.0
   Value of tmax indicator:         51.0

Task for patient = 18 with skills = {3,-1} and cost = 451.0
   Vehicle #0 = 42, leaving at = 718.0
   Vehicle #1 = -1, leaving at = inf
   Increment on distance indicator: 10.0
   Increment on tard indicator:     0.0
   Value of tmax indicator:         10.0

Task for patient = 141 with skills = {5,-1} and cost = 447.7
   Vehicle #0 = 35, leaving at = 798.0
   Vehicle #1 = -1, leaving at = inf
   Increment on distance indicator: 3.0
   Increment on tard indicator:     0.0
   Value of tmax indicator:         3.0

Task for patient = 72 with skills = {5,-1} and cost = 503.0
   Vehicle #0 = 39, leaving at = 690.0
   Vehicle #1 = -1, leaving at = inf
   Increment on distance indicator: 10.0
   Increment on tard indicator:     0.0
   Value of tmax indicator:         10.0

Task for patient = 181 with skills = {4,-1} and cost = 169.0
   Vehicle #0 = 30, leaving at = 737.0
   Vehicle #1 = -1, leaving at = inf
   Increment on distance indicator: 9.0
   Increment on tard indicator:     0.0
   Value of tmax indicator:         9.0

Task for patient = 238 with skills = {0,5} and cost = 166.0
   Vehicle #0 = 4, leaving at = 636.0
   Vehicle #1 = 34, leaving at = 641.0
   Increment on distance indicator: 41.0
   Increment on tard indicator:     0.0
   Value of tmax indicator:         41.0

Task for patient = 152 with skills = {5,-1} and cost = 152.3
   Vehicle #0 = 32, leaving at = 710.0
   Vehicle #1 = -1, leaving at = inf
   Increment on distance indicator: 16.0
   Increment on tard indicator:     0.0
   Value of tmax indicator:         16.0

Task for patient = 89 with skills = {1,-1} and cost = 147.0
   Vehicle #0 = 4, leaving at = 601.0
   Vehicle #1 = -1, leaving at = inf
   Increment on distance indicator: 31.0
   Increment on tard indicator:     0.0
   Value of tmax indicator:         31.0

Task for patient = 115 with skills = {0,5} and cost = 136.7
   Vehicle #0 = 0, leaving at = 634.0
   Vehicle #1 = 32, leaving at = 645.0
   Increment on distance indicator: 6.0
   Increment on tard indicator:     0.0
   Value of tmax indicator:         6.0

Task for patient = 24 with skills = {2,4} and cost = 134.7
   Vehicle #0 = 3, leaving at = 673.0
   Vehicle #1 = 30, leaving at = 670.0
   Increment on distance indicator: 28.0
   Increment on tard indicator:     0.0
   Value of tmax indicator:         28.0

Task for patient = 250 with skills = {2,-1} and cost = 125.3
   Vehicle #0 = 3, leaving at = 585.0
   Vehicle #1 = -1, leaving at = inf
   Increment on distance indicator: 34.0
   Increment on tard indicator:     0.0
   Value of tmax indicator:         34.0

Task for patient = 185 with skills = {3,-1} and cost = 114.0
   Vehicle #0 = 33, leaving at = 531.0
   Vehicle #1 = -1, leaving at = inf
   Increment on distance indicator: 33.0
   Increment on tard indicator:     0.0
   Value of tmax indicator:         33.0

Task for patient = 20 with skills = {1,-1} and cost = 329.0
   Vehicle #0 = 5, leaving at = 831.0
   Vehicle #1 = -1, leaving at = inf
   Increment on distance indicator: 5.0
   Increment on tard indicator:     0.0
   Value of tmax indicator:         5.0

Task for patient = 84 with skills = {0,3} and cost = 100.0
   Vehicle #0 = 1, leaving at = 705.0
   Vehicle #1 = 31, leaving at = 700.0
   Increment on distance indicator: 23.0
   Increment on tard indicator:     0.0
   Value of tmax indicator:         23.0

Task for patient = 282 with skills = {0,5} and cost = 92.3
   Vehicle #0 = 0, leaving at = 605.0
   Vehicle #1 = 32, leaving at = 606.0
   Increment on distance indicator: 42.0
   Increment on tard indicator:     0.0
   Value of tmax indicator:         42.0

Task for patient = 61 with skills = {1,5} and cost = 78.3
   Vehicle #0 = 2, leaving at = 622.0
   Vehicle #1 = 30, leaving at = 645.0
   Increment on distance indicator: 25.0
   Increment on tard indicator:     0.0
   Value of tmax indicator:         25.0

Task for patient = 109 with skills = {3,-1} and cost = 70.0
   Vehicle #0 = 31, leaving at = 657.0
   Vehicle #1 = -1, leaving at = inf
   Increment on distance indicator: 22.0
   Increment on tard indicator:     0.0
   Value of tmax indicator:         22.0

Task for patient = 62 with skills = {2,3} and cost = 62.7
   Vehicle #0 = 1, leaving at = 590.0
   Vehicle #1 = 31, leaving at = 599.0
   Increment on distance indicator: 26.0
   Increment on tard indicator:     0.0
   Value of tmax indicator:         26.0

Task for patient = 274 with skills = {5,-1} and cost = 54.0
   Vehicle #0 = 30, leaving at = 593.0
   Vehicle #1 = -1, leaving at = inf
   Increment on distance indicator: 43.0
   Increment on tard indicator:     0.0
   Value of tmax indicator:         43.0

Task for patient = 139 with skills = {1,3} and cost = 39.7
   Vehicle #0 = 2, leaving at = 541.0
   Vehicle #1 = 31, leaving at = 545.0
   Increment on distance indicator: 70.0
   Increment on tard indicator:     0.0
   Value of tmax indicator:         70.0

Task for patient = 122 with skills = {2,-1} and cost = 16.3
   Vehicle #0 = 1, leaving at = 556.0
   Vehicle #1 = -1, leaving at = inf
   Increment on distance indicator: 49.0
   Increment on tard indicator:     0.0
   Value of tmax indicator:         49.0

Task for patient = 200 with skills = {1,-1} and cost = 103.0
   Vehicle #0 = 2, leaving at = 685.0
   Vehicle #1 = -1, leaving at = inf
   Increment on distance indicator: 9.0
   Increment on tard indicator:     0.0
   Value of tmax indicator:         9.0

Task for patient = 64 with skills = {1,3} and cost = 327.3
   Vehicle #0 = 8, leaving at = 674.0
   Vehicle #1 = 37, leaving at = 659.0
   Increment on distance indicator: 48.0
   Increment on tard indicator:     0.0
   Value of tmax indicator:         48.0

Task for patient = 34 with skills = {0,-1} and cost = 311.3
   Vehicle #0 = 1, leaving at = 780.0
   Vehicle #1 = -1, leaving at = inf
   Increment on distance indicator: 17.0
   Increment on tard indicator:     0.0
   Value of tmax indicator:         17.0

Task for patient = 283 with skills = {0,-1} and cost = 305.7
   Vehicle #0 = 5, leaving at = 776.0
   Vehicle #1 = -1, leaving at = inf
   Increment on distance indicator: 8.0
   Increment on tard indicator:     0.0
   Value of tmax indicator:         8.0

Task for patient = 198 with skills = {5,-1} and cost = 303.0
   Vehicle #0 = 37, leaving at = 605.0
   Vehicle #1 = -1, leaving at = inf
   Increment on distance indicator: 30.0
   Increment on tard indicator:     0.0
   Value of tmax indicator:         30.0

Task for patient = 291 with skills = {1,4} and cost = 293.0
   Vehicle #0 = 2, leaving at = 729.0
   Vehicle #1 = 36, leaving at = 714.0
   Increment on distance indicator: 15.0
   Increment on tard indicator:     0.0
   Value of tmax indicator:         15.0

Task for patient = 272 with skills = {1,4} and cost = 288.0
   Vehicle #0 = 4, leaving at = 760.0
   Vehicle #1 = 32, leaving at = 747.0
   Increment on distance indicator: 15.0
   Increment on tard indicator:     0.0
   Value of tmax indicator:         15.0

Task for patient = 159 with skills = {1,-1} and cost = 275.7
   Vehicle #0 = 7, leaving at = 662.0
   Vehicle #1 = -1, leaving at = inf
   Increment on distance indicator: 8.0
   Increment on tard indicator:     0.0
   Value of tmax indicator:         8.0

Task for patient = 163 with skills = {2,5} and cost = 273.0
   Vehicle #0 = 6, leaving at = 619.0
   Vehicle #1 = 36, leaving at = 617.0
   Increment on distance indicator: 64.0
   Increment on tard indicator:     0.0
   Value of tmax indicator:         64.0

Task for patient = 94 with skills = {2,-1} and cost = 180.7
   Vehicle #0 = 5, leaving at = 585.0
   Vehicle #1 = -1, leaving at = inf
   Increment on distance indicator: 35.0
   Increment on tard indicator:     0.0
   Value of tmax indicator:         35.0

Task for patient = 39 with skills = {4,-1} and cost = 234.7
   Vehicle #0 = 35, leaving at = 723.0
   Vehicle #1 = -1, leaving at = inf
   Increment on distance indicator: 18.0
   Increment on tard indicator:     0.0
   Value of tmax indicator:         18.0

Task for patient = 214 with skills = {1,5} and cost = 228.7
   Vehicle #0 = 4, leaving at = 676.0
   Vehicle #1 = 35, leaving at = 684.0
   Increment on distance indicator: 51.0
   Increment on tard indicator:     0.0
   Value of tmax indicator:         51.0

Task for patient = 195 with skills = {1,4} and cost = 211.7
   Vehicle #0 = 3, leaving at = 767.0
   Vehicle #1 = 30, leaving at = 782.0
   Increment on distance indicator: 12.0
   Increment on tard indicator:     0.0
   Value of tmax indicator:         12.0

Task for patient = 111 with skills = {1,3} and cost = 207.7
   Vehicle #0 = 5, leaving at = 744.0
   Vehicle #1 = 33, leaving at = 737.0
   Increment on distance indicator: 12.0
   Increment on tard indicator:     0.0
   Value of tmax indicator:         12.0

Task for patient = 48 with skills = {3,-1} and cost = 203.7
   Vehicle #0 = 33, leaving at = 613.0
   Vehicle #1 = -1, leaving at = inf
   Increment on distance indicator: 22.0
   Increment on tard indicator:     0.0
   Value of tmax indicator:         22.0

Task for patient = 191 with skills = {2,3} and cost = 196.3
   Vehicle #0 = 1, leaving at = 748.0
   Vehicle #1 = 31, leaving at = 761.0
   Increment on distance indicator: 6.0
   Increment on tard indicator:     0.0
   Value of tmax indicator:         6.0

Task for patient = 178 with skills = {2,-1} and cost = 194.3
   Vehicle #0 = 5, leaving at = 699.0
   Vehicle #1 = -1, leaving at = inf
   Increment on distance indicator: 9.0
   Increment on tard indicator:     0.0
   Value of tmax indicator:         9.0

Task for patient = 145 with skills = {5,-1} and cost = 191.3
   Vehicle #0 = 34, leaving at = 708.0
   Vehicle #1 = -1, leaving at = inf
   Increment on distance indicator: 20.0
   Increment on tard indicator:     0.0
   Value of tmax indicator:         20.0

Task for patient = 294 with skills = {2,-1} and cost = 184.7
   Vehicle #0 = 5, leaving at = 639.0
   Vehicle #1 = -1, leaving at = inf
   Increment on distance indicator: 12.0
   Increment on tard indicator:     0.0
   Value of tmax indicator:         12.0

Task for patient = 240 with skills = {5,-1} and cost = 251.7
   Vehicle #0 = 36, leaving at = 566.0
   Vehicle #1 = -1, leaving at = inf
   Increment on distance indicator: 51.0
   Increment on tard indicator:     0.0
   Value of tmax indicator:         51.0

Task for patient = 276 with skills = {0,-1} and cost = 880.0
   Vehicle #0 = 22, leaving at = 601.0
   Vehicle #1 = -1, leaving at = inf
   Increment on distance indicator: 7.0
   Increment on tard indicator:     0.0
   Value of tmax indicator:         7.0

Task for patient = 290 with skills = {0,-1} and cost = 864.7
   Vehicle #0 = 5, leaving at = 906.0
   Vehicle #1 = -1, leaving at = inf
   Increment on distance indicator: 5.0
   Increment on tard indicator:     0.0
   Value of tmax indicator:         5.0

Task for patient = 58 with skills = {5,-1} and cost = 863.0
   Vehicle #0 = 36, leaving at = 859.0
   Vehicle #1 = -1, leaving at = inf
   Increment on distance indicator: 3.0
   Increment on tard indicator:     0.0
   Value of tmax indicator:         3.0

Task for patient = 138 with skills = {2,4} and cost = 862.0
   Vehicle #0 = 6, leaving at = 896.0
   Vehicle #1 = 35, leaving at = 915.0
   Increment on distance indicator: 7.0
   Increment on tard indicator:     0.0
   Value of tmax indicator:         7.0

Task for patient = 149 with skills = {1,5} and cost = 859.7
   Vehicle #0 = 13, leaving at = 877.0
   Vehicle #1 = 35, leaving at = 886.0
   Increment on distance indicator: 4.0
   Increment on tard indicator:     0.0
   Value of tmax indicator:         4.0

Task for patient = 158 with skills = {3,-1} and cost = 858.3
   Vehicle #0 = 36, leaving at = 835.0
   Vehicle #1 = -1, leaving at = inf
   Increment on distance indicator: 10.0
   Increment on tard indicator:     0.0
   Value of tmax indicator:         10.0

Task for patient = 187 with skills = {2,-1} and cost = 855.0
   Vehicle #0 = 9, leaving at = 831.0
   Vehicle #1 = -1, leaving at = inf
   Increment on distance indicator: 9.0
   Increment on tard indicator:     0.0
   Value of tmax indicator:         9.0

Task for patient = 161 with skills = {0,-1} and cost = 852.0
   Vehicle #0 = 22, leaving at = 555.0
   Vehicle #1 = -1, leaving at = inf
   Increment on distance indicator: 33.0
   Increment on tard indicator:     0.0
   Value of tmax indicator:         33.0

Task for patient = 17 with skills = {2,-1} and cost = 618.0
   Vehicle #0 = 16, leaving at = 605.0
   Vehicle #1 = -1, leaving at = inf
   Increment on distance indicator: 5.0
   Increment on tard indicator:     0.0
   Value of tmax indicator:         5.0

Task for patient = 300 with skills = {1,5} and cost = 839.3
   Vehicle #0 = 17, leaving at = 740.0
   Vehicle #1 = 46, leaving at = 765.0
   Increment on distance indicator: 30.0
   Increment on tard indicator:     0.0
   Value of tmax indicator:         30.0

Task for patient = 252 with skills = {2,-1} and cost = 829.3
   Vehicle #0 = 20, leaving at = 768.0
   Vehicle #1 = -1, leaving at = inf
   Increment on distance indicator: 6.0
   Increment on tard indicator:     0.0
   Value of tmax indicator:         6.0

Task for patient = 168 with skills = {4,-1} and cost = 824.7
   Vehicle #0 = 47, leaving at = 616.0
   Vehicle #1 = -1, leaving at = inf
   Increment on distance indicator: 18.0
   Increment on tard indicator:     0.0
   Value of tmax indicator:         18.0

Task for patient = 284 with skills = {0,-1} and cost = 818.7
   Vehicle #0 = 12, leaving at = 841.0
   Vehicle #1 = -1, leaving at = inf
   Increment on distance indicator: 3.0
   Increment on tard indicator:     0.0
   Value of tmax indicator:         3.0

Task for patient = 113 with skills = {2,-1} and cost = 817.7
   Vehicle #0 = 9, leaving at = 738.0
   Vehicle #1 = -1, leaving at = inf
   Increment on distance indicator: 13.0
   Increment on tard indicator:     0.0
   Value of tmax indicator:         13.0

Task for patient = 59 with skills = {3,-1} and cost = 813.3
   Vehicle #0 = 45, leaving at = 860.0
   Vehicle #1 = -1, leaving at = inf
   Increment on distance indicator: 14.0
   Increment on tard indicator:     0.0
   Value of tmax indicator:         14.0

Task for patient = 132 with skills = {3,-1} and cost = 808.7
   Vehicle #0 = 45, leaving at = 830.0
   Vehicle #1 = -1, leaving at = inf
   Increment on distance indicator: 5.0
   Increment on tard indicator:     0.0
   Value of tmax indicator:         5.0

Task for patient = 120 with skills = {4,-1} and cost = 807.0
   Vehicle #0 = 40, leaving at = 687.0
   Vehicle #1 = -1, leaving at = inf
   Increment on distance indicator: 6.0
   Increment on tard indicator:     0.0
   Value of tmax indicator:         6.0

Task for patient = 297 with skills = {4,-1} and cost = 841.0
   Vehicle #0 = 46, leaving at = 803.0
   Vehicle #1 = -1, leaving at = inf
   Increment on distance indicator: 5.0
   Increment on tard indicator:     0.0
   Value of tmax indicator:         5.0

Task for patient = 136 with skills = {2,4} and cost = 990.7
   Vehicle #0 = 6, leaving at = 1023.0
   Vehicle #1 = 42, leaving at = 1038.0
   Increment on distance indicator: 4.0
   Increment on tard indicator:     0.0
   Value of tmax indicator:         4.0

Task for patient = 220 with skills = {3,-1} and cost = 989.3
   Vehicle #0 = 51, leaving at = 556.0
   Vehicle #1 = -1, leaving at = inf
   Increment on distance indicator: 43.0
   Increment on tard indicator:     0.0
   Value of tmax indicator:         43.0

Task for patient = 90 with skills = {2,4} and cost = 975.0
   Vehicle #0 = 19, leaving at = 707.0
   Vehicle #1 = 50, leaving at = 707.0
   Increment on distance indicator: 10.0
   Increment on tard indicator:     0.0
   Value of tmax indicator:         10.0

Task for patient = 10 with skills = {3,-1} and cost = 1549.7
   Vehicle #0 = 43, leaving at = 1008.0
   Vehicle #1 = -1, leaving at = inf
   Increment on distance indicator: 4.0
   Increment on tard indicator:     0.0
   Value of tmax indicator:         4.0

Task for patient = 266 with skills = {5,-1} and cost = 971.0
   Vehicle #0 = 38, leaving at = 845.0
   Vehicle #1 = -1, leaving at = inf
   Increment on distance indicator: 2.0
   Increment on tard indicator:     0.0
   Value of tmax indicator:         2.0

Task for patient = 275 with skills = {1,-1} and cost = 970.3
   Vehicle #0 = 20, leaving at = 828.0
   Vehicle #1 = -1, leaving at = inf
   Increment on distance indicator: 8.0
   Increment on tard indicator:     0.0
   Value of tmax indicator:         8.0

Task for patient = 142 with skills = {5,-1} and cost = 967.7
   Vehicle #0 = 46, leaving at = 913.0
   Vehicle #1 = -1, leaving at = inf
   Increment on distance indicator: 17.0
   Increment on tard indicator:     0.0
   Value of tmax indicator:         17.0

Task for patient = 42 with skills = {5,-1} and cost = 962.0
   Vehicle #0 = 46, leaving at = 827.0
   Vehicle #1 = -1, leaving at = inf
   Increment on distance indicator: 9.0
   Increment on tard indicator:     0.0
   Value of tmax indicator:         9.0

Task for patient = 212 with skills = {1,-1} and cost = 882.7
   Vehicle #0 = 15, leaving at = 602.0
   Vehicle #1 = -1, leaving at = inf
   Increment on distance indicator: 8.0
   Increment on tard indicator:     0.0
   Value of tmax indicator:         8.0

Task for patient = 237 with skills = {1,4} and cost = 951.0
   Vehicle #0 = 10, leaving at = 824.0
   Vehicle #1 = 30, leaving at = 853.0
   Increment on distance indicator: 15.0
   Increment on tard indicator:     0.0
   Value of tmax indicator:         15.0

Task for patient = 95 with skills = {2,4} and cost = 946.0
   Vehicle #0 = 19, leaving at = 566.0
   Vehicle #1 = 50, leaving at = 596.0
   Increment on distance indicator: 62.0
   Increment on tard indicator:     0.0
   Value of tmax indicator:         62.0

Task for patient = 79 with skills = {0,4} and cost = 918.3
   Vehicle #0 = 23, leaving at = 660.0
   Vehicle #1 = 48, leaving at = 668.0
   Increment on distance indicator: 20.0
   Increment on tard indicator:     0.0
   Value of tmax indicator:         20.0

Task for patient = 207 with skills = {0,4} and cost = 911.7
   Vehicle #0 = 22, leaving at = 730.0
   Vehicle #1 = 40, leaving at = 738.0
   Increment on distance indicator: 20.0
   Increment on tard indicator:     0.0
   Value of tmax indicator:         20.0

Task for patient = 219 with skills = {2,-1} and cost = 905.0
   Vehicle #0 = 22, leaving at = 654.0
   Vehicle #1 = -1, leaving at = inf
   Increment on distance indicator: 8.0
   Increment on tard indicator:     0.0
   Value of tmax indicator:         8.0

Task for patient = 166 with skills = {0,-1} and cost = 902.3
   Vehicle #0 = 0, leaving at = 762.0
   Vehicle #1 = -1, leaving at = inf
   Increment on distance indicator: 5.0
   Increment on tard indicator:     0.0
   Value of tmax indicator:         5.0

Task for patient = 280 with skills = {0,-1} and cost = 891.7
   Vehicle #0 = 14, leaving at = 864.0
   Vehicle #1 = -1, leaving at = inf
   Increment on distance indicator: 6.0
   Increment on tard indicator:     0.0
   Value of tmax indicator:         6.0

Task for patient = 102 with skills = {4,-1} and cost = 889.7
   Vehicle #0 = 42, leaving at = 996.0
   Vehicle #1 = -1, leaving at = inf
   Increment on distance indicator: 2.0
   Increment on tard indicator:     0.0
   Value of tmax indicator:         2.0

Task for patient = 188 with skills = {1,5} and cost = 889.0
   Vehicle #0 = 18, leaving at = 750.0
   Vehicle #1 = 39, leaving at = 747.0
   Increment on distance indicator: 19.0
   Increment on tard indicator:     0.0
   Value of tmax indicator:         19.0

Task for patient = 131 with skills = {1,4} and cost = 959.0
   Vehicle #0 = 15, leaving at = 650.0
   Vehicle #1 = 50, leaving at = 664.0
   Increment on distance indicator: 24.0
   Increment on tard indicator:     0.0
   Value of tmax indicator:         24.0

Task for patient = 133 with skills = {4,-1} and cost = 714.7
   Vehicle #0 = 46, leaving at = 627.0
   Vehicle #1 = -1, leaving at = inf
   Increment on distance indicator: 13.0
   Increment on tard indicator:     0.0
   Value of tmax indicator:         13.0

Task for patient = 65 with skills = {5,-1} and cost = 710.3
   Vehicle #0 = 46, leaving at = 576.0
   Vehicle #1 = -1, leaving at = inf
   Increment on distance indicator: 41.0
   Increment on tard indicator:     0.0
   Value of tmax indicator:         41.0

Task for patient = 2 with skills = {4,-1} and cost = 696.7
   Vehicle #0 = 40, leaving at = 662.0
   Vehicle #1 = -1, leaving at = inf
   Increment on distance indicator: 23.0
   Increment on tard indicator:     0.0
   Value of tmax indicator:         23.0

Task for patient = 47 with skills = {2,4} and cost = 689.0
   Vehicle #0 = 12, leaving at = 812.0
   Vehicle #1 = 41, leaving at = 825.0
   Increment on distance indicator: 4.0
   Increment on tard indicator:     0.0
   Value of tmax indicator:         4.0

Task for patient = 299 with skills = {2,-1} and cost = 677.7
   Vehicle #0 = 1, leaving at = 847.0
   Vehicle #1 = -1, leaving at = inf
   Increment on distance indicator: 5.0
   Increment on tard indicator:     0.0
   Value of tmax indicator:         5.0

Task for patient = 75 with skills = {0,-1} and cost = 676.0
   Vehicle #0 = 16, leaving at = 739.0
   Vehicle #1 = -1, leaving at = inf
   Increment on distance indicator: 7.0
   Increment on tard indicator:     0.0
   Value of tmax indicator:         7.0

Task for patient = 156 with skills = {1,3} and cost = 673.7
   Vehicle #0 = 13, leaving at = 855.0
   Vehicle #1 = 42, leaving at = 847.0
   Increment on distance indicator: 4.0
   Increment on tard indicator:     0.0
   Value of tmax indicator:         4.0

Task for patient = 70 with skills = {1,3} and cost = 663.3
   Vehicle #0 = 14, leaving at = 730.0
   Vehicle #1 = 43, leaving at = 717.0
   Increment on distance indicator: 26.0
   Increment on tard indicator:     0.0
   Value of tmax indicator:         26.0

Task for patient = 209 with skills = {0,3} and cost = 805.0
   Vehicle #0 = 1, leaving at = 874.0
   Vehicle #1 = 33, leaving at = 877.0
   Increment on distance indicator: 7.0
   Increment on tard indicator:     0.0
   Value of tmax indicator:         7.0

Task for patient = 103 with skills = {5,-1} and cost = 653.0
   Vehicle #0 = 38, leaving at = 793.0
   Vehicle #1 = -1, leaving at = inf
   Increment on distance indicator: 1.0
   Increment on tard indicator:     0.0
   Value of tmax indicator:         1.0

Task for patient = 271 with skills = {5,-1} and cost = 652.7
   Vehicle #0 = 44, leaving at = 691.0
   Vehicle #1 = -1, leaving at = inf
   Increment on distance indicator: 10.0
   Increment on tard indicator:     0.0
   Value of tmax indicator:         10.0

Task for patient = 167 with skills = {5,-1} and cost = 649.3
   Vehicle #0 = 38, leaving at = 710.0
   Vehicle #1 = -1, leaving at = inf
   Increment on distance indicator: 1.0
   Increment on tard indicator:     0.0
   Value of tmax indicator:         1.0

Task for patient = 85 with skills = {1,-1} and cost = 649.0
   Vehicle #0 = 16, leaving at = 712.0
   Vehicle #1 = -1, leaving at = inf
   Increment on distance indicator: 4.0
   Increment on tard indicator:     0.0
   Value of tmax indicator:         4.0

Task for patient = 3 with skills = {2,4} and cost = 647.7
   Vehicle #0 = 17, leaving at = 534.0
   Vehicle #1 = 45, leaving at = 537.0
   Increment on distance indicator: 56.0
   Increment on tard indicator:     0.0
   Value of tmax indicator:         56.0

Task for patient = 174 with skills = {2,-1} and cost = 629.0
   Vehicle #0 = 9, leaving at = 698.0
   Vehicle #1 = -1, leaving at = inf
   Increment on distance indicator: 8.0
   Increment on tard indicator:     0.0
   Value of tmax indicator:         8.0

Task for patient = 68 with skills = {0,5} and cost = 626.3
   Vehicle #0 = 16, leaving at = 649.0
   Vehicle #1 = 44, leaving at = 630.0
   Increment on distance indicator: 10.0
   Increment on tard indicator:     0.0
   Value of tmax indicator:         10.0

Task for patient = 253 with skills = {0,-1} and cost = 623.0
   Vehicle #0 = 9, leaving at = 658.0
   Vehicle #1 = -1, leaving at = inf
   Increment on distance indicator: 15.0
   Increment on tard indicator:     0.0
   Value of tmax indicator:         15.0

Task for patient = 190 with skills = {3,-1} and cost = 654.7
   Vehicle #0 = 44, leaving at = 754.0
   Vehicle #1 = -1, leaving at = inf
   Increment on distance indicator: 5.0
   Increment on tard indicator:     0.0
   Value of tmax indicator:         5.0

Task for patient = 293 with skills = {5,-1} and cost = 802.7
   Vehicle #0 = 41, leaving at = 884.0
   Vehicle #1 = -1, leaving at = inf
   Increment on distance indicator: 3.0
   Increment on tard indicator:     0.0
   Value of tmax indicator:         3.0

Task for patient = 153 with skills = {1,-1} and cost = 801.7
   Vehicle #0 = 15, leaving at = 558.0
   Vehicle #1 = -1, leaving at = inf
   Increment on distance indicator: 52.0
   Increment on tard indicator:     0.0
   Value of tmax indicator:         52.0

Task for patient = 289 with skills = {1,-1} and cost = 784.3
   Vehicle #0 = 17, leaving at = 697.0
   Vehicle #1 = -1, leaving at = inf
   Increment on distance indicator: 14.0
   Increment on tard indicator:     0.0
   Value of tmax indicator:         14.0

Task for patient = 217 with skills = {0,5} and cost = 779.7
   Vehicle #0 = 20, leaving at = 685.0
   Vehicle #1 = 46, leaving at = 706.0
   Increment on distance indicator: 31.0
   Increment on tard indicator:     0.0
   Value of tmax indicator:         31.0

Task for patient = 225 with skills = {1,-1} and cost = 769.3
   Vehicle #0 = 3, leaving at = 822.0
   Vehicle #1 = -1, leaving at = inf
   Increment on distance indicator: 3.0
   Increment on tard indicator:     0.0
   Value of tmax indicator:         3.0

Task for patient = 235 with skills = {5,-1} and cost = 768.3
   Vehicle #0 = 44, leaving at = 910.0
   Vehicle #1 = -1, leaving at = inf
   Increment on distance indicator: 3.0
   Increment on tard indicator:     0.0
   Value of tmax indicator:         3.0

Task for patient = 176 with skills = {2,-1} and cost = 767.3
   Vehicle #0 = 20, leaving at = 635.0
   Vehicle #1 = -1, leaving at = inf
   Increment on distance indicator: 6.0
   Increment on tard indicator:     0.0
   Value of tmax indicator:         6.0

Task for patient = 242 with skills = {4,-1} and cost = 765.3
   Vehicle #0 = 32, leaving at = 830.0
   Vehicle #1 = -1, leaving at = inf
   Increment on distance indicator: 1.0
   Increment on tard indicator:     0.0
   Value of tmax indicator:         1.0

Task for patient = 8 with skills = {1,-1} and cost = 724.7
   Vehicle #0 = 17, leaving at = 590.0
   Vehicle #1 = -1, leaving at = inf
   Increment on distance indicator: 30.0
   Increment on tard indicator:     0.0
   Value of tmax indicator:         30.0

Task for patient = 57 with skills = {0,-1} and cost = 762.0
   Vehicle #0 = 20, leaving at = 513.0
   Vehicle #1 = -1, leaving at = inf
   Increment on distance indicator: 31.0
   Increment on tard indicator:     0.0
   Value of tmax indicator:         31.0

Task for patient = 16 with skills = {5,-1} and cost = 751.7
   Vehicle #0 = 44, leaving at = 874.0
   Vehicle #1 = -1, leaving at = inf
   Increment on distance indicator: 3.0
   Increment on tard indicator:     0.0
   Value of tmax indicator:         3.0

Task for patient = 268 with skills = {1,-1} and cost = 750.7
   Vehicle #0 = 5, leaving at = 867.0
   Vehicle #1 = -1, leaving at = inf
   Increment on distance indicator: 6.0
   Increment on tard indicator:     0.0
   Value of tmax indicator:         6.0

Task for patient = 295 with skills = {5,-1} and cost = 748.7
   Vehicle #0 = 44, leaving at = 824.0
   Vehicle #1 = -1, leaving at = inf
   Increment on distance indicator: 2.0
   Increment on tard indicator:     0.0
   Value of tmax indicator:         2.0

Task for patient = 206 with skills = {4,-1} and cost = 748.0
   Vehicle #0 = 45, leaving at = 683.0
   Vehicle #1 = -1, leaving at = inf
   Increment on distance indicator: 10.0
   Increment on tard indicator:     0.0
   Value of tmax indicator:         10.0

Task for patient = 53 with skills = {1,3} and cost = 744.7
   Vehicle #0 = 14, leaving at = 782.0
   Vehicle #1 = 34, leaving at = 824.0
   Increment on distance indicator: 12.0
   Increment on tard indicator:     0.0
   Value of tmax indicator:         12.0

Task for patient = 135 with skills = {0,-1} and cost = 740.7
   Vehicle #0 = 11, leaving at = 846.0
   Vehicle #1 = -1, leaving at = inf
   Increment on distance indicator: 4.0
   Increment on tard indicator:     0.0
   Value of tmax indicator:         4.0

Task for patient = 44 with skills = {3,-1} and cost = 739.3
   Vehicle #0 = 45, leaving at = 649.0
   Vehicle #1 = -1, leaving at = inf
   Increment on distance indicator: 25.0
   Increment on tard indicator:     0.0
   Value of tmax indicator:         25.0

Task for patient = 121 with skills = {1,-1} and cost = 731.0
   Vehicle #0 = 17, leaving at = 629.0
   Vehicle #1 = -1, leaving at = inf
   Increment on distance indicator: 19.0
   Increment on tard indicator:     0.0
   Value of tmax indicator:         19.0

Task for patient = 189 with skills = {1,-1} and cost = 765.0
   Vehicle #0 = 20, leaving at = 576.0
   Vehicle #1 = -1, leaving at = inf
   Increment on distance indicator: 9.0
   Increment on tard indicator:     0.0
   Value of tmax indicator:         9.0


Unused vehicle list: 54 57 59 (total = 3 out of 60)

---
Search finished.
Total of 448 generations in 21.4 seconds.
Exchange elite runs: 0
Implicit path relinking runs: 4
Reset attempts: 1

Best solution found:
   Cost: 1968.3
   Total travel time: 5844.0
   Total tardiness time: 48.0
   Largest tardiness: 13.0


1968.3
