--- BRKGA-MP-IPR for HHCRSP ---
Instance: new-instances/HHCRSP_300_60_36_0.8_R_RC.txt
Seed: 1

Reading data... Problem contains 300 patients  and 60 caregivers.

Summary of supply x demand for each service type:
Skill 0 has supply = 21 and demand = 62, ratio = 0.33871
Skill 1 has supply = 21 and demand = 68, ratio = 0.308824
Skill 2 has supply = 17 and demand = 64, ratio = 0.265625
Skill 3 has supply = 16 and demand = 63, ratio = 0.253968
Skill 4 has supply = 18 and demand = 68, ratio = 0.264706
Skill 5 has supply = 18 and demand = 65, ratio = 0.276923

Reading parameters...
Inferred distance function by PR type: kendall-tau
Building BRKGA data and initializing...
Evolving 448 generations...

  Gens  Rem    Local   ElDiv NoImpr             Best solution            Time  Op
                                       Cost     Dist    Tard    TMax 
*    0  448  7242.00  519.00      0  7242.00  6820.00 14499.0   407.0     0.0    
*    2  446  6694.00  462.19      0  6694.00  6965.00 12747.0   370.0     0.1    
*    5  443  6424.67  380.09      0  6424.67  6777.00 11798.0   354.0     0.2    
*    6  442  6309.67  286.77      0  6309.67  6777.00 11798.0   354.0     0.3    
*    8  440  5927.00  304.75      0  5927.00  6758.00  9542.0   382.0     0.4    
*    9  439  5560.67  288.86      0  5560.67  6953.00  9009.0   428.0     0.4    
*   10  438  5463.33  245.17      0  5463.33  6784.00  8654.0   303.0     0.4    
*   11  437  5247.00  261.69      0  5247.00  6480.00  8789.0   379.0     0.5    
*   12  436  5216.00  292.61      0  5216.00  6666.00  7465.0   332.0     0.5    
*   13  435  4821.00  256.71      0  4821.00  6910.00  6329.0   369.0     0.6    
*   14  434  4536.00  235.88      0  4536.00  6748.00  6536.0   316.0     0.6    
*   15  433  4533.33  241.41      0  4533.33  6610.00  5614.0   303.0     0.6    
*   16  432  4175.67  251.78      0  4175.67  6662.00  4888.0   364.0     0.7    
*   17  431  3971.33  258.84      0  3971.33  6662.00  4888.0   364.0     0.7    
*   19  429  3428.00  268.14      0  3428.00  6652.00  3313.0   319.0     0.8    

  Gens  Rem    Local   ElDiv NoImpr             Best solution            Time  Op
                                       Cost     Dist    Tard    TMax 
*   24  424  3414.00  180.40      0  3414.00  7068.00  2228.0   209.0     1.0    
*   25  423  3168.33  146.67      0  3168.33  7068.00  2228.0   209.0     1.0    
*   27  421  3072.00  196.48      0  3072.00  6523.00  1372.0   208.0     1.1    
*   28  420  2701.00  174.02      0  2701.00  6523.00  1372.0   208.0     1.1    
*   33  415  2572.67  110.02      0  2572.67  6313.00  1204.0   201.0     1.3    
*   35  413  2541.67  102.71      0  2541.67  6510.00   782.0   168.0     1.4    
*   36  412  2486.67   92.48      0  2486.67  6532.00   670.0   157.0     1.5    
*   37  411  2453.00   92.22      0  2453.00  6298.00   709.0   133.0     1.5    
*   38  410  2380.00   78.11      0  2380.00  6298.00   709.0   133.0     1.6    
*   41  407  2306.00   62.49      0  2306.00  6311.00   533.0    74.0     1.7    
*   43  405  2292.33   63.54      0  2292.33  6473.00   340.0    64.0     1.8    
*   45  403  2278.33   58.17      0  2278.33  6148.00   326.0    50.0     1.9    
*   46  402  2174.67   57.94      0  2174.67  6148.00   326.0    50.0     1.9    
    50  398  2174.67   41.63      4  2174.67  6148.00   326.0    50.0     2.0    
*   52  396  2153.00   45.13      0  2153.00  6075.00   301.0    83.0     2.1    
*   55  393  2123.67   38.71      0  2123.67  6152.00   171.0    48.0     2.2    

  Gens  Rem    Local   ElDiv NoImpr             Best solution            Time  Op
                                       Cost     Dist    Tard    TMax 
*   57  391  2099.33   40.82      0  2099.33  6000.00   151.0    34.0     2.3    
*   58  390  2061.67   39.72      0  2061.67  6000.00   151.0    34.0     2.4    
*   70  378  2043.33   24.94      0  2043.33  5937.00   148.0    45.0     2.9    
*   73  375  2025.33   23.39      0  2025.33  5995.00    72.0     9.0     3.0    
*   76  372  2006.67   22.75      0  2006.67  5930.00    78.0    12.0     3.1    
*   83  365  1991.67   22.01      0  1991.67  5832.00   129.0    14.0     3.4    
*   86  362  1982.33   22.48      0  1982.33  5856.00    71.0    20.0     3.6    
*   89  359  1973.67   22.28      0  1973.67  5853.00    55.0    13.0     3.7    
Path relinking result: too homogeneous.
    96  352  1956.67   15.11      0  1973.67  5853.00    55.0    13.0     4.0   P
*   97  351  1956.67   17.51      0  1956.67  5780.00    20.0     5.0     4.0    
*   98  350  1935.00   16.82      0  1935.00  5780.00    20.0     5.0     4.0    
   100  348  1935.00   15.95      2  1935.00  5780.00    20.0     5.0     4.1    
*  102  346  1933.33   16.33      0  1933.33  5773.00    20.0     7.0     4.2    
*  108  340  1930.67   14.80      0  1930.67  5660.00   114.0    18.0     4.4    
*  110  338  1920.33   14.67      0  1920.33  5685.00    61.0    15.0     4.5    
*  116  332  1919.33   11.81      0  1919.33  5667.00    57.0    13.0     4.7    

  Gens  Rem    Local   ElDiv NoImpr             Best solution            Time  Op
                                       Cost     Dist    Tard    TMax 
*  117  331  1912.33   12.06      0  1912.33  5667.00    57.0    13.0     4.8    
*  122  326  1900.00   12.86      0  1900.00  5624.00    47.0    11.0     5.0    
*  123  325  1894.00   13.21      0  1894.00  5624.00    47.0    11.0     5.0    
*  127  321  1889.00   13.89      0  1889.00  5554.00    42.0     9.0     5.1    
*  128  320  1868.33   13.31      0  1868.33  5554.00    42.0     9.0     5.2    
*  136  312  1846.33   11.05      0  1846.33  5539.00     0.0     0.0     5.5    
*  147  301  1834.67   12.19      0  1834.67  5464.00    31.0     9.0     6.0    
   150  298  1834.67   11.69      3  1834.67  5464.00    31.0     9.0     6.1    
*  153  295  1829.33   11.94      0  1829.33  5435.00    43.0     9.0     6.2    
*  154  294  1829.00   11.23      0  1829.00  5435.00    43.0     9.0     6.3    
*  157  291  1825.00   11.73      0  1825.00  5447.00    19.0     9.0     6.4    
*  162  286  1820.33   10.25      0  1820.33  5441.00    16.0     4.0     6.6    
*  165  283  1815.00   10.20      0  1815.00  5405.00    31.0     9.0     6.7    
*  170  278  1808.33   10.42      0  1808.33  5385.00    27.0    13.0     6.9    
*  172  276  1796.67   11.29      0  1796.67  5329.00    48.0    13.0     7.0    
*  187  261  1791.00    9.73      0  1791.00  5301.00    63.0     9.0     7.7    

  Gens  Rem    Local   ElDiv NoImpr             Best solution            Time  Op
                                       Cost     Dist    Tard    TMax 
*  190  258  1768.67   11.15      0  1768.67  5297.00     6.0     3.0     7.8    
Path relinking result: too homogeneous.
   192  256  1768.67   11.11      3  1768.67  5297.00     6.0     3.0     7.9   P
   200  248  1768.67   10.23     10  1768.67  5297.00     6.0     3.0     8.2    
*  203  245  1765.00   11.39      0  1765.00  5232.00    31.0    10.0     8.4    
*  204  244  1757.67   11.36      0  1757.67  5232.00    31.0    10.0     8.4    
*  213  235  1744.67    9.65      0  1744.67  5203.00    22.0     9.0     8.8    
*  224  224  1734.33    9.12      0  1734.33  5184.00    14.0     5.0     9.2    
*  238  210  1724.67    8.64      0  1724.67  5160.00     8.0     6.0     9.8    
*  248  200  1721.00    7.90      0  1721.00  5157.00     3.0     3.0    10.3    
   250  198  1721.00    9.28      2  1721.00  5157.00     3.0     3.0    10.4    
*  251  197  1706.33    9.14      0  1706.33  5116.00     2.0     1.0    10.4    
*  269  179  1700.00    9.17      0  1700.00  5096.00     2.0     2.0    11.1    
*  273  175  1695.33    8.94      0  1695.33  5077.00     0.0     0.0    11.3    
*  274  174  1692.33    8.67      0  1692.33  5077.00     0.0     0.0    11.3    
*  279  169  1688.67    9.61      0  1688.67  5066.00     0.0     0.0    11.5    
*  286  162  1686.33    7.54      0  1686.33  5007.00    31.0     9.0    11.8    

  Gens  Rem    Local   ElDiv NoImpr             Best solution            Time  Op
                                       Cost     Dist    Tard    TMax 
*  287  161  1682.33    6.95      0  1682.33  5007.00    31.0     9.0    11.8    
Path relinking result: too homogeneous.
   288  160  1682.33    6.66      2  1682.33  5007.00    31.0     9.0    11.9   P
*  292  156  1675.33    4.88      0  1675.33  4999.00    18.0     9.0    12.0    
*  294  154  1673.33    4.59      0  1673.33  4976.00    35.0     9.0    12.1    
*  299  149  1670.00    5.34      0  1670.00  4999.00     3.0     1.0    12.3    
*  300  148  1667.67    5.81      0  1667.67  4955.00    27.0     9.0    12.4    
*  301  147  1663.67    5.45      0  1663.67  4955.00    27.0     9.0    12.4    
*  307  141  1661.00    3.70      0  1661.00  4965.00     8.0     5.0    12.6    
*  308  140  1659.33    4.07      0  1659.33  4961.00     8.0     5.0    12.7    
*  309  139  1658.00    3.72      0  1658.00  4961.00     8.0     5.0    12.7    
*  311  137  1655.33    3.71      0  1655.33  4951.00     9.0     5.0    12.8    
*  312  136  1655.00    2.45      0  1655.00  4951.00     9.0     5.0    12.8    
*  317  131  1653.00    0.90      0  1653.00  4944.00     9.0     5.0    13.1    
*  318  130  1652.67    0.86      0  1652.67  4944.00     9.0     5.0    13.1    
*  320  128  1652.33    1.20      0  1652.33  4940.00     9.0     5.0    13.2    
*  321  127  1651.33    1.37      0  1651.33  4935.00     9.0     5.0    13.2    

  Gens  Rem    Local   ElDiv NoImpr             Best solution            Time  Op
                                       Cost     Dist    Tard    TMax 
*  322  126  1649.67    1.11      0  1649.67  4935.00     9.0     5.0    13.3    
*  324  124  1648.33    1.32      0  1648.33  4926.00     9.0     5.0    13.3    
*  325  123  1646.67    1.07      0  1646.67  4926.00     9.0     5.0    13.4    
*  329  119  1644.33    1.08      0  1644.33  4916.00    12.0     5.0    13.6    
   350   98  1644.33    0.00     21  1644.33  4916.00    12.0     5.0    14.4    
*  360   88  1643.33    0.17      0  1643.33  4913.00    12.0     5.0    14.9    
*  379   69  1641.67    0.29      0  1641.67  4908.00    12.0     5.0    15.6    
Path relinking result: too homogeneous.
   384   64  1641.67    0.00      6  1641.67  4908.00    12.0     5.0    15.8   P
*  400   48  1641.33    0.04      0  1641.33  4907.00    12.0     5.0    16.5    
*  411   37  1640.33    0.12      0  1640.33  4904.00    12.0     5.0    17.0    
*  413   35  1640.00    0.26      0  1640.00  4903.00    12.0     5.0    17.1    
*  441    7  1639.67    0.12      0  1639.67  4901.00    12.0     5.0    18.2    
*  442    6  1639.33    0.18      0  1639.33  4901.00    12.0     5.0    18.2    
   448    0  1639.33    0.00      6  1639.33  4901.00    12.0     5.0    18.4    
Evolutionary process finished.
Solution written to 'solution-12658.txt'.

Sorted sequence of worst to best tardiness value:
Task for patient = 288 with skills = {5,-1} and cost = 988.0
   Vehicle #0 = 42, leaving at = 869.0
   Vehicle #1 = -1, leaving at = inf
   Increment on distance indicator: 6.0
   Increment on tard indicator:     5.0
   Value of tmax indicator:         6.0

Task for patient = 15 with skills = {1,4} and cost = 1081.0
   Vehicle #0 = 14, leaving at = 1052.0
   Vehicle #1 = 46, leaving at = 1057.0
   Increment on distance indicator: 4.0
   Increment on tard indicator:     4.0
   Value of tmax indicator:         4.0

Task for patient = 137 with skills = {0,4} and cost = 1024.7
   Vehicle #0 = 18, leaving at = 1016.0
   Vehicle #1 = 45, leaving at = 1045.0
   Increment on distance indicator: 6.0
   Increment on tard indicator:     2.0
   Value of tmax indicator:         6.0

Task for patient = 42 with skills = {1,-1} and cost = 1174.0
   Vehicle #0 = 11, leaving at = 902.0
   Vehicle #1 = -1, leaving at = inf
   Increment on distance indicator: 23.0
   Increment on tard indicator:     1.0
   Value of tmax indicator:         23.0

Task for patient = 277 with skills = {1,5} and cost = 924.0
   Vehicle #0 = 3, leaving at = 949.0
   Vehicle #1 = 32, leaving at = 948.0
   Increment on distance indicator: 7.0
   Increment on tard indicator:     0.0
   Value of tmax indicator:         7.0

Task for patient = 114 with skills = {4,-1} and cost = 920.3
   Vehicle #0 = 47, leaving at = 988.0
   Vehicle #1 = -1, leaving at = inf
   Increment on distance indicator: 7.0
   Increment on tard indicator:     0.0
   Value of tmax indicator:         7.0

Task for patient = 189 with skills = {1,-1} and cost = 918.0
   Vehicle #0 = 15, leaving at = 879.0
   Vehicle #1 = -1, leaving at = inf
   Increment on distance indicator: 6.0
   Increment on tard indicator:     0.0
   Value of tmax indicator:         6.0

Task for patient = 24 with skills = {1,3} and cost = 916.0
   Vehicle #0 = 27, leaving at = 784.0
   Vehicle #1 = 55, leaving at = 832.0
   Increment on distance indicator: 10.0
   Increment on tard indicator:     0.0
   Value of tmax indicator:         10.0

Task for patient = 84 with skills = {5,-1} and cost = 912.7
   Vehicle #0 = 54, leaving at = 701.0
   Vehicle #1 = -1, leaving at = inf
   Increment on distance indicator: 12.0
   Increment on tard indicator:     0.0
   Value of tmax indicator:         12.0

Task for patient = 104 with skills = {0,-1} and cost = 908.7
   Vehicle #0 = 23, leaving at = 914.0
   Vehicle #1 = -1, leaving at = inf
   Increment on distance indicator: 6.0
   Increment on tard indicator:     0.0
   Value of tmax indicator:         6.0

Task for patient = 129 with skills = {2,3} and cost = 906.7
   Vehicle #0 = 0, leaving at = 918.0
   Vehicle #1 = 38, leaving at = 949.0
   Increment on distance indicator: 11.0
   Increment on tard indicator:     0.0
   Value of tmax indicator:         11.0

Task for patient = 13 with skills = {4,-1} and cost = 903.0
   Vehicle #0 = 52, leaving at = 666.0
   Vehicle #1 = -1, leaving at = inf
   Increment on distance indicator: 16.0
   Increment on tard indicator:     0.0
   Value of tmax indicator:         16.0

Task for patient = 136 with skills = {4,-1} and cost = 897.7
   Vehicle #0 = 34, leaving at = 966.0
   Vehicle #1 = -1, leaving at = inf
   Increment on distance indicator: 2.0
   Increment on tard indicator:     0.0
   Value of tmax indicator:         2.0

Task for patient = 128 with skills = {4,-1} and cost = 897.0
   Vehicle #0 = 33, leaving at = 893.0
   Vehicle #1 = -1, leaving at = inf
   Increment on distance indicator: 7.0
   Increment on tard indicator:     0.0
   Value of tmax indicator:         7.0

Task for patient = 293 with skills = {5,-1} and cost = 894.7
   Vehicle #0 = 54, leaving at = 547.0
   Vehicle #1 = -1, leaving at = inf
   Increment on distance indicator: 33.0
   Increment on tard indicator:     0.0
   Value of tmax indicator:         33.0

Task for patient = 96 with skills = {1,-1} and cost = 883.7
   Vehicle #0 = 8, leaving at = 974.0
   Vehicle #1 = -1, leaving at = inf
   Increment on distance indicator: 6.0
   Increment on tard indicator:     0.0
   Value of tmax indicator:         6.0

Task for patient = 256 with skills = {1,-1} and cost = 881.7
   Vehicle #0 = 13, leaving at = 901.0
   Vehicle #1 = -1, leaving at = inf
   Increment on distance indicator: 5.0
   Increment on tard indicator:     0.0
   Value of tmax indicator:         5.0

Task for patient = 234 with skills = {3,-1} and cost = 880.0
   Vehicle #0 = 36, leaving at = 964.0
   Vehicle #1 = -1, leaving at = inf
   Increment on distance indicator: 7.0
   Increment on tard indicator:     0.0
   Value of tmax indicator:         7.0

Task for patient = 236 with skills = {1,3} and cost = 877.7
   Vehicle #0 = 27, leaving at = 754.0
   Vehicle #1 = 55, leaving at = 768.0
   Increment on distance indicator: 17.0
   Increment on tard indicator:     0.0
   Value of tmax indicator:         17.0

Task for patient = 246 with skills = {1,-1} and cost = 921.7
   Vehicle #0 = 5, leaving at = 915.0
   Vehicle #1 = -1, leaving at = inf
   Increment on distance indicator: 4.0
   Increment on tard indicator:     0.0
   Value of tmax indicator:         4.0

Task for patient = 61 with skills = {4,-1} and cost = 958.0
   Vehicle #0 = 39, leaving at = 1009.0
   Vehicle #1 = -1, leaving at = inf
   Increment on distance indicator: 6.0
   Increment on tard indicator:     0.0
   Value of tmax indicator:         6.0

Task for patient = 126 with skills = {1,-1} and cost = 956.0
   Vehicle #0 = 24, leaving at = 994.0
   Vehicle #1 = -1, leaving at = inf
   Increment on distance indicator: 5.0
   Increment on tard indicator:     0.0
   Value of tmax indicator:         5.0

Task for patient = 188 with skills = {0,-1} and cost = 954.3
   Vehicle #0 = 15, leaving at = 904.0
   Vehicle #1 = -1, leaving at = inf
   Increment on distance indicator: 8.0
   Increment on tard indicator:     0.0
   Value of tmax indicator:         8.0

Task for patient = 208 with skills = {0,5} and cost = 951.7
   Vehicle #0 = 16, leaving at = 960.0
   Vehicle #1 = 39, leaving at = 960.0
   Increment on distance indicator: 6.0
   Increment on tard indicator:     0.0
   Value of tmax indicator:         6.0

Task for patient = 179 with skills = {3,-1} and cost = 949.7
   Vehicle #0 = 59, leaving at = 807.0
   Vehicle #1 = -1, leaving at = inf
   Increment on distance indicator: 4.0
   Increment on tard indicator:     0.0
   Value of tmax indicator:         4.0

Task for patient = 282 with skills = {1,-1} and cost = 948.3
   Vehicle #0 = 3, leaving at = 971.0
   Vehicle #1 = -1, leaving at = inf
   Increment on distance indicator: 2.0
   Increment on tard indicator:     0.0
   Value of tmax indicator:         2.0

Task for patient = 195 with skills = {4,-1} and cost = 947.7
   Vehicle #0 = 51, leaving at = 929.0
   Vehicle #1 = -1, leaving at = inf
   Increment on distance indicator: 3.0
   Increment on tard indicator:     0.0
   Value of tmax indicator:         3.0

Task for patient = 178 with skills = {2,-1} and cost = 946.7
   Vehicle #0 = 0, leaving at = 997.0
   Vehicle #1 = -1, leaving at = inf
   Increment on distance indicator: 4.0
   Increment on tard indicator:     0.0
   Value of tmax indicator:         4.0

Task for patient = 151 with skills = {3,-1} and cost = 927.3
   Vehicle #0 = 37, leaving at = 877.0
   Vehicle #1 = -1, leaving at = inf
   Increment on distance indicator: 10.0
   Increment on tard indicator:     0.0
   Value of tmax indicator:         10.0

Task for patient = 278 with skills = {3,-1} and cost = 944.3
   Vehicle #0 = 39, leaving at = 928.0
   Vehicle #1 = -1, leaving at = inf
   Increment on distance indicator: 2.0
   Increment on tard indicator:     0.0
   Value of tmax indicator:         2.0

Task for patient = 34 with skills = {2,3} and cost = 943.7
   Vehicle #0 = 0, leaving at = 956.0
   Vehicle #1 = 38, leaving at = 1011.0
   Increment on distance indicator: 8.0
   Increment on tard indicator:     0.0
   Value of tmax indicator:         8.0

Task for patient = 108 with skills = {3,-1} and cost = 941.0
   Vehicle #0 = 36, leaving at = 990.0
   Vehicle #1 = -1, leaving at = inf
   Increment on distance indicator: 5.0
   Increment on tard indicator:     0.0
   Value of tmax indicator:         5.0

Task for patient = 127 with skills = {5,-1} and cost = 939.3
   Vehicle #0 = 53, leaving at = 816.0
   Vehicle #1 = -1, leaving at = inf
   Increment on distance indicator: 6.0
   Increment on tard indicator:     0.0
   Value of tmax indicator:         6.0

Task for patient = 258 with skills = {5,-1} and cost = 937.3
   Vehicle #0 = 54, leaving at = 742.0
   Vehicle #1 = -1, leaving at = inf
   Increment on distance indicator: 17.0
   Increment on tard indicator:     0.0
   Value of tmax indicator:         17.0

Task for patient = 64 with skills = {1,-1} and cost = 931.7
   Vehicle #0 = 7, leaving at = 911.0
   Vehicle #1 = -1, leaving at = inf
   Increment on distance indicator: 5.0
   Increment on tard indicator:     0.0
   Value of tmax indicator:         5.0

Task for patient = 135 with skills = {1,-1} and cost = 930.0
   Vehicle #0 = 24, leaving at = 971.0
   Vehicle #1 = -1, leaving at = inf
   Increment on distance indicator: 3.0
   Increment on tard indicator:     0.0
   Value of tmax indicator:         3.0

Task for patient = 8 with skills = {4,-1} and cost = 929.0
   Vehicle #0 = 31, leaving at = 817.0
   Vehicle #1 = -1, leaving at = inf
   Increment on distance indicator: 5.0
   Increment on tard indicator:     0.0
   Value of tmax indicator:         5.0

Task for patient = 83 with skills = {3,-1} and cost = 872.0
   Vehicle #0 = 49, leaving at = 995.0
   Vehicle #1 = -1, leaving at = inf
   Increment on distance indicator: 2.0
   Increment on tard indicator:     0.0
   Value of tmax indicator:         2.0

Task for patient = 162 with skills = {0,-1} and cost = 945.3
   Vehicle #0 = 6, leaving at = 1014.0
   Vehicle #1 = -1, leaving at = inf
   Increment on distance indicator: 3.0
   Increment on tard indicator:     0.0
   Value of tmax indicator:         3.0

Task for patient = 286 with skills = {0,-1} and cost = 822.3
   Vehicle #0 = 21, leaving at = 737.0
   Vehicle #1 = -1, leaving at = inf
   Increment on distance indicator: 4.0
   Increment on tard indicator:     0.0
   Value of tmax indicator:         4.0

Task for patient = 20 with skills = {2,-1} and cost = 821.0
   Vehicle #0 = 17, leaving at = 946.0
   Vehicle #1 = -1, leaving at = inf
   Increment on distance indicator: 5.0
   Increment on tard indicator:     0.0
   Value of tmax indicator:         5.0

Task for patient = 115 with skills = {2,5} and cost = 819.3
   Vehicle #0 = 20, leaving at = 767.0
   Vehicle #1 = 53, leaving at = 756.0
   Increment on distance indicator: 17.0
   Increment on tard indicator:     0.0
   Value of tmax indicator:         17.0

Task for patient = 202 with skills = {1,-1} and cost = 813.7
   Vehicle #0 = 20, leaving at = 690.0
   Vehicle #1 = -1, leaving at = inf
   Increment on distance indicator: 16.0
   Increment on tard indicator:     0.0
   Value of tmax indicator:         16.0

Task for patient = 187 with skills = {4,-1} and cost = 808.3
   Vehicle #0 = 45, leaving at = 770.0
   Vehicle #1 = -1, leaving at = inf
   Increment on distance indicator: 9.0
   Increment on tard indicator:     0.0
   Value of tmax indicator:         9.0

Task for patient = 281 with skills = {4,-1} and cost = 805.3
   Vehicle #0 = 47, leaving at = 821.0
   Vehicle #1 = -1, leaving at = inf
   Increment on distance indicator: 3.0
   Increment on tard indicator:     0.0
   Value of tmax indicator:         3.0

Task for patient = 223 with skills = {0,-1} and cost = 804.3
   Vehicle #0 = 12, leaving at = 913.0
   Vehicle #1 = -1, leaving at = inf
   Increment on distance indicator: 3.0
   Increment on tard indicator:     0.0
   Value of tmax indicator:         3.0

Task for patient = 97 with skills = {4,-1} and cost = 803.3
   Vehicle #0 = 47, leaving at = 792.0
   Vehicle #1 = -1, leaving at = inf
   Increment on distance indicator: 4.0
   Increment on tard indicator:     0.0
   Value of tmax indicator:         4.0

Task for patient = 63 with skills = {0,4} and cost = 871.3
   Vehicle #0 = 21, leaving at = 780.0
   Vehicle #1 = 51, leaving at = 814.0
   Increment on distance indicator: 21.0
   Increment on tard indicator:     0.0
   Value of tmax indicator:         21.0

Task for patient = 6 with skills = {1,5} and cost = 799.7
   Vehicle #0 = 18, leaving at = 774.0
   Vehicle #1 = 49, leaving at = 804.0
   Increment on distance indicator: 8.0
   Increment on tard indicator:     0.0
   Value of tmax indicator:         8.0

Task for patient = 9 with skills = {1,-1} and cost = 797.0
   Vehicle #0 = 23, leaving at = 770.0
   Vehicle #1 = -1, leaving at = inf
   Increment on distance indicator: 9.0
   Increment on tard indicator:     0.0
   Value of tmax indicator:         9.0

Task for patient = 71 with skills = {0,4} and cost = 794.0
   Vehicle #0 = 14, leaving at = 890.0
   Vehicle #1 = 39, leaving at = 895.0
   Increment on distance indicator: 6.0
   Increment on tard indicator:     0.0
   Value of tmax indicator:         6.0

Task for patient = 239 with skills = {4,-1} and cost = 792.0
   Vehicle #0 = 47, leaving at = 756.0
   Vehicle #1 = -1, leaving at = inf
   Increment on distance indicator: 14.0
   Increment on tard indicator:     0.0
   Value of tmax indicator:         14.0

Task for patient = 103 with skills = {2,-1} and cost = 787.3
   Vehicle #0 = 27, leaving at = 595.0
   Vehicle #1 = -1, leaving at = inf
   Increment on distance indicator: 23.0
   Increment on tard indicator:     0.0
   Value of tmax indicator:         23.0

Task for patient = 207 with skills = {1,3} and cost = 779.7
   Vehicle #0 = 24, leaving at = 733.0
   Vehicle #1 = 55, leaving at = 721.0
   Increment on distance indicator: 11.0
   Increment on tard indicator:     0.0
   Value of tmax indicator:         11.0

Task for patient = 214 with skills = {4,-1} and cost = 776.0
   Vehicle #0 = 51, leaving at = 638.0
   Vehicle #1 = -1, leaving at = inf
   Increment on distance indicator: 10.0
   Increment on tard indicator:     0.0
   Value of tmax indicator:         10.0

Task for patient = 69 with skills = {2,-1} and cost = 772.7
   Vehicle #0 = 1, leaving at = 911.0
   Vehicle #1 = -1, leaving at = inf
   Increment on distance indicator: 4.0
   Increment on tard indicator:     0.0
   Value of tmax indicator:         4.0

Task for patient = 113 with skills = {2,4} and cost = 771.3
   Vehicle #0 = 19, leaving at = 816.0
   Vehicle #1 = 50, leaving at = 790.0
   Increment on distance indicator: 16.0
   Increment on tard indicator:     0.0
   Value of tmax indicator:         16.0

Task for patient = 152 with skills = {0,-1} and cost = 802.0
   Vehicle #0 = 10, leaving at = 788.0
   Vehicle #1 = -1, leaving at = inf
   Increment on distance indicator: 7.0
   Increment on tard indicator:     0.0
   Value of tmax indicator:         7.0

Task for patient = 219 with skills = {5,-1} and cost = 961.0
   Vehicle #0 = 50, leaving at = 859.0
   Vehicle #1 = -1, leaving at = inf
   Increment on distance indicator: 9.0
   Increment on tard indicator:     0.0
   Value of tmax indicator:         9.0

Task for patient = 58 with skills = {4,-1} and cost = 864.3
   Vehicle #0 = 49, leaving at = 949.0
   Vehicle #1 = -1, leaving at = inf
   Increment on distance indicator: 6.0
   Increment on tard indicator:     0.0
   Value of tmax indicator:         6.0

Task for patient = 105 with skills = {0,-1} and cost = 862.3
   Vehicle #0 = 16, leaving at = 798.0
   Vehicle #1 = -1, leaving at = inf
   Increment on distance indicator: 4.0
   Increment on tard indicator:     0.0
   Value of tmax indicator:         4.0

Task for patient = 132 with skills = {4,-1} and cost = 861.0
   Vehicle #0 = 44, leaving at = 784.0
   Vehicle #1 = -1, leaving at = inf
   Increment on distance indicator: 1.0
   Increment on tard indicator:     0.0
   Value of tmax indicator:         1.0

Task for patient = 222 with skills = {1,-1} and cost = 860.7
   Vehicle #0 = 27, leaving at = 652.0
   Vehicle #1 = -1, leaving at = inf
   Increment on distance indicator: 18.0
   Increment on tard indicator:     0.0
   Value of tmax indicator:         18.0

Task for patient = 237 with skills = {5,-1} and cost = 854.7
   Vehicle #0 = 43, leaving at = 810.0
   Vehicle #1 = -1, leaving at = inf
   Increment on distance indicator: 10.0
   Increment on tard indicator:     0.0
   Value of tmax indicator:         10.0

Task for patient = 88 with skills = {1,4} and cost = 851.3
   Vehicle #0 = 18, leaving at = 866.0
   Vehicle #1 = 49, leaving at = 888.0
   Increment on distance indicator: 4.0
   Increment on tard indicator:     0.0
   Value of tmax indicator:         4.0

Task for patient = 245 with skills = {3,-1} and cost = 850.0
   Vehicle #0 = 46, leaving at = 881.0
   Vehicle #1 = -1, leaving at = inf
   Increment on distance indicator: 6.0
   Increment on tard indicator:     0.0
   Value of tmax indicator:         6.0

Task for patient = 51 with skills = {2,-1} and cost = 824.0
   Vehicle #0 = 14, leaving at = 939.0
   Vehicle #1 = -1, leaving at = inf
   Increment on distance indicator: 5.0
   Increment on tard indicator:     0.0
   Value of tmax indicator:         5.0

Task for patient = 149 with skills = {0,-1} and cost = 845.7
   Vehicle #0 = 24, leaving at = 777.0
   Vehicle #1 = -1, leaving at = inf
   Increment on distance indicator: 11.0
   Increment on tard indicator:     0.0
   Value of tmax indicator:         11.0

Task for patient = 22 with skills = {0,-1} and cost = 842.0
   Vehicle #0 = 10, leaving at = 857.0
   Vehicle #1 = -1, leaving at = inf
   Increment on distance indicator: 9.0
   Increment on tard indicator:     0.0
   Value of tmax indicator:         9.0

Task for patient = 270 with skills = {2,-1} and cost = 839.0
   Vehicle #0 = 20, leaving at = 814.0
   Vehicle #1 = -1, leaving at = inf
   Increment on distance indicator: 3.0
   Increment on tard indicator:     0.0
   Value of tmax indicator:         3.0

Task for patient = 213 with skills = {0,-1} and cost = 838.0
   Vehicle #0 = 4, leaving at = 960.0
   Vehicle #1 = -1, leaving at = inf
   Increment on distance indicator: 4.0
   Increment on tard indicator:     0.0
   Value of tmax indicator:         4.0

Task for patient = 280 with skills = {0,4} and cost = 836.7
   Vehicle #0 = 4, leaving at = 902.0
   Vehicle #1 = 47, leaving at = 912.0
   Increment on distance indicator: 5.0
   Increment on tard indicator:     0.0
   Value of tmax indicator:         5.0

Task for patient = 48 with skills = {3,-1} and cost = 835.0
   Vehicle #0 = 40, leaving at = 940.0
   Vehicle #1 = -1, leaving at = inf
   Increment on distance indicator: 2.0
   Increment on tard indicator:     0.0
   Value of tmax indicator:         2.0

Task for patient = 267 with skills = {2,5} and cost = 834.3
   Vehicle #0 = 15, leaving at = 798.0
   Vehicle #1 = 42, leaving at = 818.0
   Increment on distance indicator: 12.0
   Increment on tard indicator:     0.0
   Value of tmax indicator:         12.0

Task for patient = 230 with skills = {1,3} and cost = 830.3
   Vehicle #0 = 8, leaving at = 912.0
   Vehicle #1 = 32, leaving at = 875.0
   Increment on distance indicator: 13.0
   Increment on tard indicator:     0.0
   Value of tmax indicator:         13.0

Task for patient = 220 with skills = {0,-1} and cost = 826.0
   Vehicle #0 = 16, leaving at = 739.0
   Vehicle #1 = -1, leaving at = inf
   Increment on distance indicator: 6.0
   Increment on tard indicator:     0.0
   Value of tmax indicator:         6.0

Task for patient = 176 with skills = {4,-1} and cost = 848.0
   Vehicle #0 = 51, leaving at = 660.0
   Vehicle #1 = -1, leaving at = inf
   Increment on distance indicator: 7.0
   Increment on tard indicator:     0.0
   Value of tmax indicator:         7.0

Task for patient = 262 with skills = {4,-1} and cost = 1114.7
   Vehicle #0 = 39, leaving at = 1092.0
   Vehicle #1 = -1, leaving at = inf
   Increment on distance indicator: 3.0
   Increment on tard indicator:     0.0
   Value of tmax indicator:         3.0

Task for patient = 112 with skills = {3,-1} and cost = 1113.7
   Vehicle #0 = 37, leaving at = 906.0
   Vehicle #1 = -1, leaving at = inf
   Increment on distance indicator: 5.0
   Increment on tard indicator:     0.0
   Value of tmax indicator:         5.0

Task for patient = 238 with skills = {5,-1} and cost = 1112.0
   Vehicle #0 = 54, leaving at = 971.0
   Vehicle #1 = -1, leaving at = inf
   Increment on distance indicator: 15.0
   Increment on tard indicator:     0.0
   Value of tmax indicator:         15.0

Task for patient = 266 with skills = {5,-1} and cost = 1107.0
   Vehicle #0 = 42, leaving at = 936.0
   Vehicle #1 = -1, leaving at = inf
   Increment on distance indicator: 7.0
   Increment on tard indicator:     0.0
   Value of tmax indicator:         7.0

Task for patient = 175 with skills = {2,-1} and cost = 1104.7
   Vehicle #0 = 9, leaving at = 976.0
   Vehicle #1 = -1, leaving at = inf
   Increment on distance indicator: 3.0
   Increment on tard indicator:     0.0
   Value of tmax indicator:         3.0

Task for patient = 235 with skills = {5,-1} and cost = 1103.7
   Vehicle #0 = 35, leaving at = 1016.0
   Vehicle #1 = -1, leaving at = inf
   Increment on distance indicator: 3.0
   Increment on tard indicator:     0.0
   Value of tmax indicator:         3.0

Task for patient = 65 with skills = {2,5} and cost = 1102.7
   Vehicle #0 = 19, leaving at = 957.0
   Vehicle #1 = 50, leaving at = 981.0
   Increment on distance indicator: 10.0
   Increment on tard indicator:     0.0
   Value of tmax indicator:         10.0

Task for patient = 145 with skills = {2,-1} and cost = 1099.3
   Vehicle #0 = 9, leaving at = 867.0
   Vehicle #1 = -1, leaving at = inf
   Increment on distance indicator: 5.0
   Increment on tard indicator:     0.0
   Value of tmax indicator:         5.0

Task for patient = 138 with skills = {4,-1} and cost = 967.0
   Vehicle #0 = 36, leaving at = 1036.0
   Vehicle #1 = -1, leaving at = inf
   Increment on distance indicator: 4.0
   Increment on tard indicator:     0.0
   Value of tmax indicator:         4.0

Task for patient = 57 with skills = {1,3} and cost = 1095.7
   Vehicle #0 = 27, leaving at = 1040.0
   Vehicle #1 = 41, leaving at = 1049.0
   Increment on distance indicator: 7.0
   Increment on tard indicator:     0.0
   Value of tmax indicator:         7.0

Task for patient = 191 with skills = {5,-1} and cost = 1093.3
   Vehicle #0 = 55, leaving at = 1038.0
   Vehicle #1 = -1, leaving at = inf
   Increment on distance indicator: 9.0
   Increment on tard indicator:     0.0
   Value of tmax indicator:         9.0

Task for patient = 76 with skills = {0,4} and cost = 1090.3
   Vehicle #0 = 19, leaving at = 904.0
   Vehicle #1 = 50, leaving at = 910.0
   Increment on distance indicator: 15.0
   Increment on tard indicator:     0.0
   Value of tmax indicator:         15.0

Task for patient = 146 with skills = {1,-1} and cost = 1085.3
   Vehicle #0 = 15, leaving at = 1006.0
   Vehicle #1 = -1, leaving at = inf
   Increment on distance indicator: 5.0
   Increment on tard indicator:     0.0
   Value of tmax indicator:         5.0

Task for patient = 50 with skills = {1,5} and cost = 1083.7
   Vehicle #0 = 20, leaving at = 989.0
   Vehicle #1 = 53, leaving at = 1029.0
   Increment on distance indicator: 8.0
   Increment on tard indicator:     0.0
   Value of tmax indicator:         8.0

Task for patient = 276 with skills = {0,-1} and cost = 1078.3
   Vehicle #0 = 10, leaving at = 901.0
   Vehicle #1 = -1, leaving at = inf
   Increment on distance indicator: 8.0
   Increment on tard indicator:     0.0
   Value of tmax indicator:         8.0

Task for patient = 75 with skills = {3,-1} and cost = 1075.7
   Vehicle #0 = 59, leaving at = 1009.0
   Vehicle #1 = -1, leaving at = inf
   Increment on distance indicator: 7.0
   Increment on tard indicator:     0.0
   Value of tmax indicator:         7.0

Task for patient = 10 with skills = {1,5} and cost = 1073.3
   Vehicle #0 = 27, leaving at = 1008.0
   Vehicle #1 = 38, leaving at = 1069.0
   Increment on distance indicator: 11.0
   Increment on tard indicator:     0.0
   Value of tmax indicator:         11.0

Task for patient = 154 with skills = {1,3} and cost = 1097.7
   Vehicle #0 = 27, leaving at = 1068.0
   Vehicle #1 = 41, leaving at = 1097.0
   Increment on distance indicator: 6.0
   Increment on tard indicator:     0.0
   Value of tmax indicator:         6.0

Task for patient = 40 with skills = {0,4} and cost = 1177.3
   Vehicle #0 = 4, leaving at = 1075.0
   Vehicle #1 = 53, leaving at = 1076.0
   Increment on distance indicator: 10.0
   Increment on tard indicator:     0.0
   Value of tmax indicator:         10.0

Task for patient = 275 with skills = {5,-1} and cost = 1166.0
   Vehicle #0 = 42, leaving at = 984.0
   Vehicle #1 = -1, leaving at = inf
   Increment on distance indicator: 12.0
   Increment on tard indicator:     0.0
   Value of tmax indicator:         12.0

Task for patient = 109 with skills = {0,3} and cost = 1162.0
   Vehicle #0 = 21, leaving at = 931.0
   Vehicle #1 = 37, leaving at = 979.0
   Increment on distance indicator: 43.0
   Increment on tard indicator:     0.0
   Value of tmax indicator:         43.0

Task for patient = 23 with skills = {4,-1} and cost = 1147.7
   Vehicle #0 = 51, leaving at = 1017.0
   Vehicle #1 = -1, leaving at = inf
   Increment on distance indicator: 3.0
   Increment on tard indicator:     0.0
   Value of tmax indicator:         3.0

Task for patient = 99 with skills = {2,-1} and cost = 1146.7
   Vehicle #0 = 2, leaving at = 1009.0
   Vehicle #1 = -1, leaving at = inf
   Increment on distance indicator: 4.0
   Increment on tard indicator:     0.0
   Value of tmax indicator:         4.0

Task for patient = 228 with skills = {1,-1} and cost = 1145.3
   Vehicle #0 = 23, leaving at = 988.0
   Vehicle #1 = -1, leaving at = inf
   Increment on distance indicator: 1.0
   Increment on tard indicator:     0.0
   Value of tmax indicator:         1.0

Task for patient = 130 with skills = {5,-1} and cost = 1145.0
   Vehicle #0 = 30, leaving at = 989.0
   Vehicle #1 = -1, leaving at = inf
   Increment on distance indicator: 1.0
   Increment on tard indicator:     0.0
   Value of tmax indicator:         1.0

Task for patient = 56 with skills = {2,5} and cost = 1144.7
   Vehicle #0 = 17, leaving at = 1036.0
   Vehicle #1 = 55, leaving at = 1085.0
   Increment on distance indicator: 8.0
   Increment on tard indicator:     0.0
   Value of tmax indicator:         8.0

Task for patient = 25 with skills = {1,-1} and cost = 1115.7
   Vehicle #0 = 24, leaving at = 1019.0
   Vehicle #1 = -1, leaving at = inf
   Increment on distance indicator: 3.0
   Increment on tard indicator:     0.0
   Value of tmax indicator:         3.0

Task for patient = 1 with skills = {2,-1} and cost = 1137.0
   Vehicle #0 = 20, leaving at = 1047.0
   Vehicle #1 = -1, leaving at = inf
   Increment on distance indicator: 5.0
   Increment on tard indicator:     0.0
   Value of tmax indicator:         5.0

Task for patient = 117 with skills = {0,5} and cost = 1135.3
   Vehicle #0 = 18, leaving at = 1082.0
   Vehicle #1 = 35, leaving at = 1058.0
   Increment on distance indicator: 12.0
   Increment on tard indicator:     0.0
   Value of tmax indicator:         12.0

Task for patient = 170 with skills = {1,-1} and cost = 1131.3
   Vehicle #0 = 13, leaving at = 963.0
   Vehicle #1 = -1, leaving at = inf
   Increment on distance indicator: 6.0
   Increment on tard indicator:     0.0
   Value of tmax indicator:         6.0

Task for patient = 91 with skills = {4,-1} and cost = 1129.3
   Vehicle #0 = 36, leaving at = 1096.0
   Vehicle #1 = -1, leaving at = inf
   Increment on distance indicator: 7.0
   Increment on tard indicator:     0.0
   Value of tmax indicator:         7.0

Task for patient = 16 with skills = {2,3} and cost = 1127.0
   Vehicle #0 = 7, leaving at = 1029.0
   Vehicle #1 = 50, leaving at = 1036.0
   Increment on distance indicator: 9.0
   Increment on tard indicator:     0.0
   Value of tmax indicator:         9.0

Task for patient = 43 with skills = {2,-1} and cost = 1124.0
   Vehicle #0 = 17, leaving at = 1003.0
   Vehicle #1 = -1, leaving at = inf
   Increment on distance indicator: 5.0
   Increment on tard indicator:     0.0
   Value of tmax indicator:         5.0

Task for patient = 194 with skills = {4,-1} and cost = 1122.3
   Vehicle #0 = 31, leaving at = 878.0
   Vehicle #1 = -1, leaving at = inf
   Increment on distance indicator: 10.0
   Increment on tard indicator:     0.0
   Value of tmax indicator:         10.0

Task for patient = 116 with skills = {3,-1} and cost = 1119.0
   Vehicle #0 = 33, leaving at = 1078.0
   Vehicle #1 = -1, leaving at = inf
   Increment on distance indicator: 10.0
   Increment on tard indicator:     0.0
   Value of tmax indicator:         10.0

Task for patient = 19 with skills = {0,4} and cost = 1142.0
   Vehicle #0 = 19, leaving at = 987.0
   Vehicle #1 = 31, leaving at = 1010.0
   Increment on distance indicator: 15.0
   Increment on tard indicator:     0.0
   Value of tmax indicator:         15.0

Task for patient = 45 with skills = {5,-1} and cost = 1008.7
   Vehicle #0 = 43, leaving at = 1032.0
   Vehicle #1 = -1, leaving at = inf
   Increment on distance indicator: 6.0
   Increment on tard indicator:     0.0
   Value of tmax indicator:         6.0

Task for patient = 36 with skills = {3,-1} and cost = 1006.7
   Vehicle #0 = 55, leaving at = 913.0
   Vehicle #1 = -1, leaving at = inf
   Increment on distance indicator: 11.0
   Increment on tard indicator:     0.0
   Value of tmax indicator:         11.0

Task for patient = 28 with skills = {0,-1} and cost = 1003.0
   Vehicle #0 = 3, leaving at = 1022.0
   Vehicle #1 = -1, leaving at = inf
   Increment on distance indicator: 3.0
   Increment on tard indicator:     0.0
   Value of tmax indicator:         3.0

Task for patient = 291 with skills = {2,5} and cost = 1002.0
   Vehicle #0 = 27, leaving at = 882.0
   Vehicle #1 = 55, leaving at = 863.0
   Increment on distance indicator: 6.0
   Increment on tard indicator:     0.0
   Value of tmax indicator:         6.0

Task for patient = 299 with skills = {1,-1} and cost = 1000.0
   Vehicle #0 = 7, leaving at = 947.0
   Vehicle #1 = -1, leaving at = inf
   Increment on distance indicator: 4.0
   Increment on tard indicator:     0.0
   Value of tmax indicator:         4.0

Task for patient = 142 with skills = {0,-1} and cost = 998.7
   Vehicle #0 = 15, leaving at = 949.0
   Vehicle #1 = -1, leaving at = inf
   Increment on distance indicator: 6.0
   Increment on tard indicator:     0.0
   Value of tmax indicator:         6.0

Task for patient = 227 with skills = {5,-1} and cost = 996.7
   Vehicle #0 = 54, leaving at = 912.0
   Vehicle #1 = -1, leaving at = inf
   Increment on distance indicator: 5.0
   Increment on tard indicator:     0.0
   Value of tmax indicator:         5.0

Task for patient = 182 with skills = {1,5} and cost = 995.0
   Vehicle #0 = 14, leaving at = 966.0
   Vehicle #1 = 43, leaving at = 1005.0
   Increment on distance indicator: 9.0
   Increment on tard indicator:     0.0
   Value of tmax indicator:         9.0

Task for patient = 90 with skills = {1,4} and cost = 1069.7
   Vehicle #0 = 20, leaving at = 961.0
   Vehicle #1 = 53, leaving at = 954.0
   Increment on distance indicator: 7.0
   Increment on tard indicator:     0.0
   Value of tmax indicator:         7.0

Task for patient = 3 with skills = {1,4} and cost = 982.7
   Vehicle #0 = 0, leaving at = 1069.0
   Vehicle #1 = 39, leaving at = 1053.0
   Increment on distance indicator: 13.0
   Increment on tard indicator:     0.0
   Value of tmax indicator:         13.0

Task for patient = 172 with skills = {0,-1} and cost = 978.3
   Vehicle #0 = 4, leaving at = 1014.0
   Vehicle #1 = -1, leaving at = inf
   Increment on distance indicator: 4.0
   Increment on tard indicator:     0.0
   Value of tmax indicator:         4.0

Task for patient = 107 with skills = {2,-1} and cost = 977.0
   Vehicle #0 = 12, leaving at = 984.0
   Vehicle #1 = -1, leaving at = inf
   Increment on distance indicator: 4.0
   Increment on tard indicator:     0.0
   Value of tmax indicator:         4.0

Task for patient = 285 with skills = {1,-1} and cost = 975.7
   Vehicle #0 = 5, leaving at = 977.0
   Vehicle #1 = -1, leaving at = inf
   Increment on distance indicator: 2.0
   Increment on tard indicator:     0.0
   Value of tmax indicator:         2.0

Task for patient = 193 with skills = {0,-1} and cost = 975.0
   Vehicle #0 = 18, leaving at = 937.0
   Vehicle #1 = -1, leaving at = inf
   Increment on distance indicator: 17.0
   Increment on tard indicator:     0.0
   Value of tmax indicator:         17.0

Task for patient = 300 with skills = {5,-1} and cost = 969.3
   Vehicle #0 = 43, leaving at = 867.0
   Vehicle #1 = -1, leaving at = inf
   Increment on distance indicator: 7.0
   Increment on tard indicator:     0.0
   Value of tmax indicator:         7.0

Task for patient = 217 with skills = {2,4} and cost = 1183.7
   Vehicle #0 = 24, leaving at = 1062.0
   Vehicle #1 = 34, leaving at = 1050.0
   Increment on distance indicator: 19.0
   Increment on tard indicator:     0.0
   Value of tmax indicator:         19.0

Task for patient = 265 with skills = {2,5} and cost = 965.7
   Vehicle #0 = 20, leaving at = 867.0
   Vehicle #1 = 54, leaving at = 868.0
   Increment on distance indicator: 14.0
   Increment on tard indicator:     0.0
   Value of tmax indicator:         14.0

Task for patient = 165 with skills = {1,3} and cost = 992.0
   Vehicle #0 = 12, leaving at = 1049.0
   Vehicle #1 = 49, leaving at = 1050.0
   Increment on distance indicator: 12.0
   Increment on tard indicator:     0.0
   Value of tmax indicator:         12.0

Task for patient = 5 with skills = {2,-1} and cost = 1067.3
   Vehicle #0 = 20, leaving at = 907.0
   Vehicle #1 = -1, leaving at = inf
   Increment on distance indicator: 8.0
   Increment on tard indicator:     0.0
   Value of tmax indicator:         8.0

Task for patient = 120 with skills = {1,3} and cost = 1064.7
   Vehicle #0 = 27, leaving at = 988.0
   Vehicle #1 = 41, leaving at = 955.0
   Increment on distance indicator: 13.0
   Increment on tard indicator:     0.0
   Value of tmax indicator:         13.0

Task for patient = 204 with skills = {4,-1} and cost = 1060.3
   Vehicle #0 = 51, leaving at = 977.0
   Vehicle #1 = -1, leaving at = inf
   Increment on distance indicator: 6.0
   Increment on tard indicator:     0.0
   Value of tmax indicator:         6.0

Task for patient = 67 with skills = {2,-1} and cost = 1058.3
   Vehicle #0 = 6, leaving at = 1058.0
   Vehicle #1 = -1, leaving at = inf
   Increment on distance indicator: 6.0
   Increment on tard indicator:     0.0
   Value of tmax indicator:         6.0

Task for patient = 173 with skills = {2,5} and cost = 1056.3
   Vehicle #0 = 29, leaving at = 987.0
   Vehicle #1 = 58, leaving at = 1015.0
   Increment on distance indicator: 9.0
   Increment on tard indicator:     0.0
   Value of tmax indicator:         9.0

Task for patient = 174 with skills = {1,5} and cost = 1053.3
   Vehicle #0 = 14, leaving at = 987.0
   Vehicle #1 = 46, leaving at = 1026.0
   Increment on distance indicator: 11.0
   Increment on tard indicator:     0.0
   Value of tmax indicator:         11.0

Task for patient = 271 with skills = {3,-1} and cost = 1049.7
   Vehicle #0 = 30, leaving at = 933.0
   Vehicle #1 = -1, leaving at = inf
   Increment on distance indicator: 7.0
   Increment on tard indicator:     0.0
   Value of tmax indicator:         7.0

Task for patient = 53 with skills = {0,4} and cost = 1047.3
   Vehicle #0 = 5, leaving at = 1037.0
   Vehicle #1 = 33, leaving at = 1008.0
   Increment on distance indicator: 23.0
   Increment on tard indicator:     0.0
   Value of tmax indicator:         23.0

Task for patient = 86 with skills = {4,-1} and cost = 1009.0
   Vehicle #0 = 34, leaving at = 1014.0
   Vehicle #1 = -1, leaving at = inf
   Increment on distance indicator: 1.0
   Increment on tard indicator:     0.0
   Value of tmax indicator:         1.0

Task for patient = 59 with skills = {4,-1} and cost = 1037.0
   Vehicle #0 = 53, leaving at = 871.0
   Vehicle #1 = -1, leaving at = inf
   Increment on distance indicator: 12.0
   Increment on tard indicator:     0.0
   Value of tmax indicator:         12.0

Task for patient = 79 with skills = {3,-1} and cost = 1033.0
   Vehicle #0 = 41, leaving at = 927.0
   Vehicle #1 = -1, leaving at = inf
   Increment on distance indicator: 5.0
   Increment on tard indicator:     0.0
   Value of tmax indicator:         5.0

Task for patient = 81 with skills = {0,-1} and cost = 1031.3
   Vehicle #0 = 1, leaving at = 966.0
   Vehicle #1 = -1, leaving at = inf
   Increment on distance indicator: 6.0
   Increment on tard indicator:     0.0
   Value of tmax indicator:         6.0

Task for patient = 158 with skills = {2,4} and cost = 1029.3
   Vehicle #0 = 29, leaving at = 951.0
   Vehicle #1 = 33, leaving at = 918.0
   Increment on distance indicator: 14.0
   Increment on tard indicator:     0.0
   Value of tmax indicator:         14.0

Task for patient = 93 with skills = {1,3} and cost = 1022.0
   Vehicle #0 = 26, leaving at = 970.0
   Vehicle #1 = 59, leaving at = 961.0
   Increment on distance indicator: 8.0
   Increment on tard indicator:     0.0
   Value of tmax indicator:         8.0

Task for patient = 140 with skills = {1,4} and cost = 1019.3
   Vehicle #0 = 18, leaving at = 990.0
   Vehicle #1 = 45, leaving at = 994.0
   Increment on distance indicator: 7.0
   Increment on tard indicator:     0.0
   Value of tmax indicator:         7.0

Task for patient = 269 with skills = {5,-1} and cost = 1017.0
   Vehicle #0 = 40, leaving at = 968.0
   Vehicle #1 = -1, leaving at = inf
   Increment on distance indicator: 7.0
   Increment on tard indicator:     0.0
   Value of tmax indicator:         7.0

Task for patient = 119 with skills = {0,-1} and cost = 1014.7
   Vehicle #0 = 16, leaving at = 1003.0
   Vehicle #1 = -1, leaving at = inf
   Increment on distance indicator: 9.0
   Increment on tard indicator:     0.0
   Value of tmax indicator:         9.0

Task for patient = 209 with skills = {2,3} and cost = 1011.7
   Vehicle #0 = 21, leaving at = 894.0
   Vehicle #1 = 46, leaving at = 926.0
   Increment on distance indicator: 8.0
   Increment on tard indicator:     0.0
   Value of tmax indicator:         8.0

Task for patient = 30 with skills = {3,-1} and cost = 1039.7
   Vehicle #0 = 55, leaving at = 974.0
   Vehicle #1 = -1, leaving at = inf
   Increment on distance indicator: 8.0
   Increment on tard indicator:     0.0
   Value of tmax indicator:         8.0

Task for patient = 181 with skills = {3,-1} and cost = 308.0
   Vehicle #0 = 40, leaving at = 743.0
   Vehicle #1 = -1, leaving at = inf
   Increment on distance indicator: 2.0
   Increment on tard indicator:     0.0
   Value of tmax indicator:         2.0

Task for patient = 198 with skills = {1,4} and cost = 307.3
   Vehicle #0 = 8, leaving at = 648.0
   Vehicle #1 = 45, leaving at = 605.0
   Increment on distance indicator: 10.0
   Increment on tard indicator:     0.0
   Value of tmax indicator:         10.0

Task for patient = 215 with skills = {5,-1} and cost = 304.0
   Vehicle #0 = 35, leaving at = 794.0
   Vehicle #1 = -1, leaving at = inf
   Increment on distance indicator: 5.0
   Increment on tard indicator:     0.0
   Value of tmax indicator:         5.0

Task for patient = 68 with skills = {0,-1} and cost = 302.3
   Vehicle #0 = 4, leaving at = 704.0
   Vehicle #1 = -1, leaving at = inf
   Increment on distance indicator: 5.0
   Increment on tard indicator:     0.0
   Value of tmax indicator:         5.0

Task for patient = 47 with skills = {1,-1} and cost = 300.7
   Vehicle #0 = 14, leaving at = 661.0
   Vehicle #1 = -1, leaving at = inf
   Increment on distance indicator: 5.0
   Increment on tard indicator:     0.0
   Value of tmax indicator:         5.0

Task for patient = 94 with skills = {4,-1} and cost = 299.0
   Vehicle #0 = 31, leaving at = 745.0
   Vehicle #1 = -1, leaving at = inf
   Increment on distance indicator: 5.0
   Increment on tard indicator:     0.0
   Value of tmax indicator:         5.0

Task for patient = 32 with skills = {2,-1} and cost = 297.3
   Vehicle #0 = 1, leaving at = 829.0
   Vehicle #1 = -1, leaving at = inf
   Increment on distance indicator: 14.0
   Increment on tard indicator:     0.0
   Value of tmax indicator:         14.0

Task for patient = 17 with skills = {1,5} and cost = 292.7
   Vehicle #0 = 0, leaving at = 845.0
   Vehicle #1 = 38, leaving at = 856.0
   Increment on distance indicator: 10.0
   Increment on tard indicator:     0.0
   Value of tmax indicator:         10.0

Task for patient = 203 with skills = {0,-1} and cost = 766.0
   Vehicle #0 = 24, leaving at = 574.0
   Vehicle #1 = -1, leaving at = inf
   Increment on distance indicator: 25.0
   Increment on tard indicator:     0.0
   Value of tmax indicator:         25.0

Task for patient = 186 with skills = {5,-1} and cost = 280.3
   Vehicle #0 = 40, leaving at = 698.0
   Vehicle #1 = -1, leaving at = inf
   Increment on distance indicator: 12.0
   Increment on tard indicator:     0.0
   Value of tmax indicator:         12.0

Task for patient = 131 with skills = {2,3} and cost = 276.3
   Vehicle #0 = 6, leaving at = 907.0
   Vehicle #1 = 36, leaving at = 913.0
   Increment on distance indicator: 18.0
   Increment on tard indicator:     0.0
   Value of tmax indicator:         18.0

Task for patient = 205 with skills = {5,-1} and cost = 270.3
   Vehicle #0 = 32, leaving at = 772.0
   Vehicle #1 = -1, leaving at = inf
   Increment on distance indicator: 5.0
   Increment on tard indicator:     0.0
   Value of tmax indicator:         5.0

Task for patient = 225 with skills = {1,-1} and cost = 268.7
   Vehicle #0 = 0, leaving at = 817.0
   Vehicle #1 = -1, leaving at = inf
   Increment on distance indicator: 3.0
   Increment on tard indicator:     0.0
   Value of tmax indicator:         3.0

Task for patient = 192 with skills = {1,5} and cost = 267.7
   Vehicle #0 = 14, leaving at = 618.0
   Vehicle #1 = 42, leaving at = 638.0
   Increment on distance indicator: 28.0
   Increment on tard indicator:     0.0
   Value of tmax indicator:         28.0

Task for patient = 298 with skills = {0,-1} and cost = 258.3
   Vehicle #0 = 4, leaving at = 624.0
   Vehicle #1 = -1, leaving at = inf
   Increment on distance indicator: 7.0
   Increment on tard indicator:     0.0
   Value of tmax indicator:         7.0

Task for patient = 279 with skills = {2,-1} and cost = 256.0
   Vehicle #0 = 14, leaving at = 544.0
   Vehicle #1 = -1, leaving at = inf
   Increment on distance indicator: 25.0
   Increment on tard indicator:     0.0
   Value of tmax indicator:         25.0

Task for patient = 231 with skills = {2,-1} and cost = 247.7
   Vehicle #0 = 2, leaving at = 810.0
   Vehicle #1 = -1, leaving at = inf
   Increment on distance indicator: 8.0
   Increment on tard indicator:     0.0
   Value of tmax indicator:         8.0

Task for patient = 92 with skills = {2,-1} and cost = 289.3
   Vehicle #0 = 15, leaving at = 526.0
   Vehicle #1 = -1, leaving at = inf
   Increment on distance indicator: 27.0
   Increment on tard indicator:     0.0
   Value of tmax indicator:         27.0

Task for patient = 21 with skills = {1,4} and cost = 415.3
   Vehicle #0 = 11, leaving at = 586.0
   Vehicle #1 = 46, leaving at = 568.0
   Increment on distance indicator: 55.0
   Increment on tard indicator:     0.0
   Value of tmax indicator:         55.0

Task for patient = 254 with skills = {0,3} and cost = 397.0
   Vehicle #0 = 14, leaving at = 748.0
   Vehicle #1 = 39, leaving at = 783.0
   Increment on distance indicator: 11.0
   Increment on tard indicator:     0.0
   Value of tmax indicator:         11.0

Task for patient = 150 with skills = {3,-1} and cost = 393.3
   Vehicle #0 = 41, leaving at = 557.0
   Vehicle #1 = -1, leaving at = inf
   Increment on distance indicator: 25.0
   Increment on tard indicator:     0.0
   Value of tmax indicator:         25.0

Task for patient = 26 with skills = {1,3} and cost = 385.0
   Vehicle #0 = 12, leaving at = 811.0
   Vehicle #1 = 37, leaving at = 819.0
   Increment on distance indicator: 6.0
   Increment on tard indicator:     0.0
   Value of tmax indicator:         6.0

Task for patient = 160 with skills = {0,-1} and cost = 383.0
   Vehicle #0 = 4, leaving at = 757.0
   Vehicle #1 = -1, leaving at = inf
   Increment on distance indicator: 4.0
   Increment on tard indicator:     0.0
   Value of tmax indicator:         4.0

Task for patient = 89 with skills = {4,-1} and cost = 381.7
   Vehicle #0 = 34, leaving at = 699.0
   Vehicle #1 = -1, leaving at = inf
   Increment on distance indicator: 4.0
   Increment on tard indicator:     0.0
   Value of tmax indicator:         4.0

Task for patient = 55 with skills = {1,-1} and cost = 380.3
   Vehicle #0 = 7, leaving at = 864.0
   Vehicle #1 = -1, leaving at = inf
   Increment on distance indicator: 4.0
   Increment on tard indicator:     0.0
   Value of tmax indicator:         4.0

Task for patient = 221 with skills = {1,-1} and cost = 379.0
   Vehicle #0 = 11, leaving at = 509.0
   Vehicle #1 = -1, leaving at = inf
   Increment on distance indicator: 46.0
   Increment on tard indicator:     0.0
   Value of tmax indicator:         46.0

Task for patient = 85 with skills = {0,3} and cost = 321.7
   Vehicle #0 = 15, leaving at = 565.0
   Vehicle #1 = 37, leaving at = 566.0
   Increment on distance indicator: 41.0
   Increment on tard indicator:     0.0
   Value of tmax indicator:         41.0

Task for patient = 200 with skills = {5,-1} and cost = 361.7
   Vehicle #0 = 43, leaving at = 547.0
   Vehicle #1 = -1, leaving at = inf
   Increment on distance indicator: 12.0
   Increment on tard indicator:     0.0
   Value of tmax indicator:         12.0

Task for patient = 206 with skills = {0,-1} and cost = 357.7
   Vehicle #0 = 8, leaving at = 670.0
   Vehicle #1 = -1, leaving at = inf
   Increment on distance indicator: 5.0
   Increment on tard indicator:     0.0
   Value of tmax indicator:         5.0

Task for patient = 49 with skills = {5,-1} and cost = 356.0
   Vehicle #0 = 32, leaving at = 799.0
   Vehicle #1 = -1, leaving at = inf
   Increment on distance indicator: 6.0
   Increment on tard indicator:     0.0
   Value of tmax indicator:         6.0

Task for patient = 14 with skills = {2,5} and cost = 354.0
   Vehicle #0 = 14, leaving at = 729.0
   Vehicle #1 = 42, leaving at = 694.0
   Increment on distance indicator: 27.0
   Increment on tard indicator:     0.0
   Value of tmax indicator:         27.0

Task for patient = 233 with skills = {1,3} and cost = 345.0
   Vehicle #0 = 12, leaving at = 749.0
   Vehicle #1 = 37, leaving at = 750.0
   Increment on distance indicator: 26.0
   Increment on tard indicator:     0.0
   Value of tmax indicator:         26.0

Task for patient = 196 with skills = {0,-1} and cost = 336.3
   Vehicle #0 = 15, leaving at = 682.0
   Vehicle #1 = -1, leaving at = inf
   Increment on distance indicator: 3.0
   Increment on tard indicator:     0.0
   Value of tmax indicator:         3.0

Task for patient = 134 with skills = {0,-1} and cost = 335.3
   Vehicle #0 = 15, leaving at = 628.0
   Vehicle #1 = -1, leaving at = inf
   Increment on distance indicator: 11.0
   Increment on tard indicator:     0.0
   Value of tmax indicator:         11.0

Task for patient = 157 with skills = {2,-1} and cost = 331.7
   Vehicle #0 = 2, leaving at = 830.0
   Vehicle #1 = -1, leaving at = inf
   Increment on distance indicator: 4.0
   Increment on tard indicator:     0.0
   Value of tmax indicator:         4.0

Task for patient = 159 with skills = {4,-1} and cost = 330.3
   Vehicle #0 = 45, leaving at = 661.0
   Vehicle #1 = -1, leaving at = inf
   Increment on distance indicator: 26.0
   Increment on tard indicator:     0.0
   Value of tmax indicator:         26.0

Task for patient = 98 with skills = {0,-1} and cost = 363.7
   Vehicle #0 = 3, leaving at = 924.0
   Vehicle #1 = -1, leaving at = inf
   Increment on distance indicator: 6.0
   Increment on tard indicator:     0.0
   Value of tmax indicator:         6.0

Task for patient = 37 with skills = {0,3} and cost = 124.7
   Vehicle #0 = 6, leaving at = 670.0
   Vehicle #1 = 36, leaving at = 676.0
   Increment on distance indicator: 27.0
   Increment on tard indicator:     0.0
   Value of tmax indicator:         27.0

Task for patient = 44 with skills = {2,3} and cost = 115.7
   Vehicle #0 = 6, leaving at = 630.0
   Vehicle #1 = 38, leaving at = 690.0
   Increment on distance indicator: 10.0
   Increment on tard indicator:     0.0
   Value of tmax indicator:         10.0

Task for patient = 54 with skills = {1,4} and cost = 112.3
   Vehicle #0 = 5, leaving at = 571.0
   Vehicle #1 = 34, leaving at = 556.0
   Increment on distance indicator: 34.0
   Increment on tard indicator:     0.0
   Value of tmax indicator:         34.0

Task for patient = 260 with skills = {1,-1} and cost = 101.0
   Vehicle #0 = 0, leaving at = 791.0
   Vehicle #1 = -1, leaving at = inf
   Increment on distance indicator: 12.0
   Increment on tard indicator:     0.0
   Value of tmax indicator:         12.0

Task for patient = 100 with skills = {1,5} and cost = 97.0
   Vehicle #0 = 0, leaving at = 717.0
   Vehicle #1 = 35, leaving at = 733.0
   Increment on distance indicator: 7.0
   Increment on tard indicator:     0.0
   Value of tmax indicator:         7.0

Task for patient = 4 with skills = {2,5} and cost = 94.7
   Vehicle #0 = 6, leaving at = 514.0
   Vehicle #1 = 38, leaving at = 524.0
   Increment on distance indicator: 64.0
   Increment on tard indicator:     0.0
   Value of tmax indicator:         64.0

Task for patient = 31 with skills = {5,-1} and cost = 73.3
   Vehicle #0 = 35, leaving at = 643.0
   Vehicle #1 = -1, leaving at = inf
   Increment on distance indicator: 19.0
   Increment on tard indicator:     0.0
   Value of tmax indicator:         19.0

Task for patient = 11 with skills = {3,-1} and cost = 67.0
   Vehicle #0 = 36, leaving at = 546.0
   Vehicle #1 = -1, leaving at = inf
   Increment on distance indicator: 45.0
   Increment on tard indicator:     0.0
   Value of tmax indicator:         45.0

Task for patient = 2 with skills = {2,3} and cost = 245.0
   Vehicle #0 = 6, leaving at = 852.0
   Vehicle #1 = 36, leaving at = 874.0
   Increment on distance indicator: 20.0
   Increment on tard indicator:     0.0
   Value of tmax indicator:         20.0

Task for patient = 60 with skills = {2,-1} and cost = 52.0
   Vehicle #0 = 1, leaving at = 799.0
   Vehicle #1 = -1, leaving at = inf
   Increment on distance indicator: 12.0
   Increment on tard indicator:     0.0
   Value of tmax indicator:         12.0

Task for patient = 273 with skills = {5,-1} and cost = 48.0
   Vehicle #0 = 30, leaving at = 704.0
   Vehicle #1 = -1, leaving at = inf
   Increment on distance indicator: 12.0
   Increment on tard indicator:     0.0
   Value of tmax indicator:         12.0

Task for patient = 255 with skills = {0,3} and cost = 44.0
   Vehicle #0 = 3, leaving at = 620.0
   Vehicle #1 = 32, leaving at = 633.0
   Increment on distance indicator: 16.0
   Increment on tard indicator:     0.0
   Value of tmax indicator:         16.0

Task for patient = 185 with skills = {1,4} and cost = 38.7
   Vehicle #0 = 1, leaving at = 674.0
   Vehicle #1 = 31, leaving at = 690.0
   Increment on distance indicator: 15.0
   Increment on tard indicator:     0.0
   Value of tmax indicator:         15.0

Task for patient = 52 with skills = {3,-1} and cost = 33.7
   Vehicle #0 = 30, leaving at = 634.0
   Vehicle #1 = -1, leaving at = inf
   Increment on distance indicator: 25.0
   Increment on tard indicator:     0.0
   Value of tmax indicator:         25.0

Task for patient = 70 with skills = {0,-1} and cost = 25.3
   Vehicle #0 = 3, leaving at = 586.0
   Vehicle #1 = -1, leaving at = inf
   Increment on distance indicator: 2.0
   Increment on tard indicator:     0.0
   Value of tmax indicator:         2.0

Task for patient = 95 with skills = {0,-1} and cost = 24.7
   Vehicle #0 = 1, leaving at = 536.0
   Vehicle #1 = -1, leaving at = inf
   Increment on distance indicator: 23.0
   Increment on tard indicator:     0.0
   Value of tmax indicator:         23.0

Task for patient = 259 with skills = {0,-1} and cost = 17.0
   Vehicle #0 = 0, leaving at = 645.0
   Vehicle #1 = -1, leaving at = inf
   Increment on distance indicator: 23.0
   Increment on tard indicator:     0.0
   Value of tmax indicator:         23.0

Task for patient = 111 with skills = {4,-1} and cost = 9.3
   Vehicle #0 = 31, leaving at = 625.0
   Vehicle #1 = -1, leaving at = inf
   Increment on distance indicator: 28.0
   Increment on tard indicator:     0.0
   Value of tmax indicator:         28.0

Task for patient = 294 with skills = {2,5} and cost = 52.0
   Vehicle #0 = 2, leaving at = 716.0
   Vehicle #1 = 33, leaving at = 713.0
   Increment on distance indicator: 0.0
   Increment on tard indicator:     0.0
   Value of tmax indicator:         0.0

Task for patient = 180 with skills = {4,-1} and cost = 238.3
   Vehicle #0 = 44, leaving at = 554.0
   Vehicle #1 = -1, leaving at = inf
   Increment on distance indicator: 13.0
   Increment on tard indicator:     0.0
   Value of tmax indicator:         13.0

Task for patient = 148 with skills = {1,3} and cost = 234.0
   Vehicle #0 = 7, leaving at = 806.0
   Vehicle #1 = 30, leaving at = 803.0
   Increment on distance indicator: 4.0
   Increment on tard indicator:     0.0
   Value of tmax indicator:         4.0

Task for patient = 248 with skills = {2,3} and cost = 232.7
   Vehicle #0 = 12, leaving at = 679.0
   Vehicle #1 = 40, leaving at = 640.0
   Increment on distance indicator: 49.0
   Increment on tard indicator:     0.0
   Value of tmax indicator:         49.0

Task for patient = 197 with skills = {0,5} and cost = 216.3
   Vehicle #0 = 4, leaving at = 594.0
   Vehicle #1 = 40, leaving at = 615.0
   Increment on distance indicator: 86.0
   Increment on tard indicator:     0.0
   Value of tmax indicator:         86.0

Task for patient = 106 with skills = {2,-1} and cost = 187.7
   Vehicle #0 = 9, leaving at = 701.0
   Vehicle #1 = -1, leaving at = inf
   Increment on distance indicator: 6.0
   Increment on tard indicator:     0.0
   Value of tmax indicator:         6.0

Task for patient = 190 with skills = {0,5} and cost = 185.7
   Vehicle #0 = 5, leaving at = 731.0
   Vehicle #1 = 39, leaving at = 716.0
   Increment on distance indicator: 12.0
   Increment on tard indicator:     0.0
   Value of tmax indicator:         12.0

Task for patient = 232 with skills = {0,-1} and cost = 181.7
   Vehicle #0 = 3, leaving at = 869.0
   Vehicle #1 = -1, leaving at = inf
   Increment on distance indicator: 2.0
   Increment on tard indicator:     0.0
   Value of tmax indicator:         2.0

Task for patient = 164 with skills = {1,-1} and cost = 181.0
   Vehicle #0 = 5, leaving at = 650.0
   Vehicle #1 = -1, leaving at = inf
   Increment on distance indicator: 5.0
   Increment on tard indicator:     0.0
   Value of tmax indicator:         5.0

Task for patient = 212 with skills = {2,5} and cost = 140.0
   Vehicle #0 = 7, leaving at = 589.0
   Vehicle #1 = 39, leaving at = 578.0
   Increment on distance indicator: 46.0
   Increment on tard indicator:     0.0
   Value of tmax indicator:         46.0

Task for patient = 292 with skills = {2,5} and cost = 170.0
   Vehicle #0 = 7, leaving at = 744.0
   Vehicle #1 = 30, leaving at = 757.0
   Increment on distance indicator: 14.0
   Increment on tard indicator:     0.0
   Value of tmax indicator:         14.0

Task for patient = 201 with skills = {0,-1} and cost = 165.3
   Vehicle #0 = 3, leaving at = 768.0
   Vehicle #1 = -1, leaving at = inf
   Increment on distance indicator: 3.0
   Increment on tard indicator:     0.0
   Value of tmax indicator:         3.0

Task for patient = 250 with skills = {2,-1} and cost = 164.3
   Vehicle #0 = 6, leaving at = 792.0
   Vehicle #1 = -1, leaving at = inf
   Increment on distance indicator: 8.0
   Increment on tard indicator:     0.0
   Value of tmax indicator:         8.0

Task for patient = 73 with skills = {3,-1} and cost = 161.7
   Vehicle #0 = 36, leaving at = 765.0
   Vehicle #1 = -1, leaving at = inf
   Increment on distance indicator: 9.0
   Increment on tard indicator:     0.0
   Value of tmax indicator:         9.0

Task for patient = 261 with skills = {1,5} and cost = 158.7
   Vehicle #0 = 3, leaving at = 716.0
   Vehicle #1 = 32, leaving at = 741.0
   Increment on distance indicator: 8.0
   Increment on tard indicator:     0.0
   Value of tmax indicator:         8.0

Task for patient = 287 with skills = {2,3} and cost = 156.0
   Vehicle #0 = 7, leaving at = 693.0
   Vehicle #1 = 38, leaving at = 710.0
   Increment on distance indicator: 10.0
   Increment on tard indicator:     0.0
   Value of tmax indicator:         10.0

Task for patient = 240 with skills = {2,3} and cost = 152.7
   Vehicle #0 = 7, leaving at = 645.0
   Vehicle #1 = 39, leaving at = 682.0
   Increment on distance indicator: 14.0
   Increment on tard indicator:     0.0
   Value of tmax indicator:         14.0

Task for patient = 244 with skills = {0,3} and cost = 148.0
   Vehicle #0 = 6, leaving at = 714.0
   Vehicle #1 = 36, leaving at = 714.0
   Increment on distance indicator: 16.0
   Increment on tard indicator:     0.0
   Value of tmax indicator:         16.0

Task for patient = 121 with skills = {4,-1} and cost = 142.7
   Vehicle #0 = 39, leaving at = 637.0
   Vehicle #1 = -1, leaving at = inf
   Increment on distance indicator: 8.0
   Increment on tard indicator:     0.0
   Value of tmax indicator:         8.0

Task for patient = 77 with skills = {2,4} and cost = 179.3
   Vehicle #0 = 9, leaving at = 610.0
   Vehicle #1 = 34, leaving at = 649.0
   Increment on distance indicator: 28.0
   Increment on tard indicator:     0.0
   Value of tmax indicator:         28.0

Task for patient = 218 with skills = {0,-1} and cost = 663.7
   Vehicle #0 = 10, leaving at = 698.0
   Vehicle #1 = -1, leaving at = inf
   Increment on distance indicator: 7.0
   Increment on tard indicator:     0.0
   Value of tmax indicator:         7.0

Task for patient = 253 with skills = {4,-1} and cost = 661.3
   Vehicle #0 = 46, leaving at = 856.0
   Vehicle #1 = -1, leaving at = inf
   Increment on distance indicator: 5.0
   Increment on tard indicator:     0.0
   Value of tmax indicator:         5.0

Task for patient = 7 with skills = {0,5} and cost = 659.7
   Vehicle #0 = 18, leaving at = 720.0
   Vehicle #1 = 43, leaving at = 744.0
   Increment on distance indicator: 7.0
   Increment on tard indicator:     0.0
   Value of tmax indicator:         7.0

Task for patient = 241 with skills = {2,-1} and cost = 657.3
   Vehicle #0 = 12, leaving at = 868.0
   Vehicle #1 = -1, leaving at = inf
   Increment on distance indicator: 8.0
   Increment on tard indicator:     0.0
   Value of tmax indicator:         8.0

Task for patient = 272 with skills = {3,-1} and cost = 654.7
   Vehicle #0 = 46, leaving at = 747.0
   Vehicle #1 = -1, leaving at = inf
   Increment on distance indicator: 4.0
   Increment on tard indicator:     0.0
   Value of tmax indicator:         4.0

Task for patient = 247 with skills = {5,-1} and cost = 653.3
   Vehicle #0 = 38, leaving at = 895.0
   Vehicle #1 = -1, leaving at = inf
   Increment on distance indicator: 3.0
   Increment on tard indicator:     0.0
   Value of tmax indicator:         3.0

Task for patient = 153 with skills = {2,-1} and cost = 652.3
   Vehicle #0 = 20, leaving at = 532.0
   Vehicle #1 = -1, leaving at = inf
   Increment on distance indicator: 38.0
   Increment on tard indicator:     0.0
   Value of tmax indicator:         38.0

Task for patient = 133 with skills = {3,-1} and cost = 639.7
   Vehicle #0 = 53, leaving at = 572.0
   Vehicle #1 = -1, leaving at = inf
   Increment on distance indicator: 26.0
   Increment on tard indicator:     0.0
   Value of tmax indicator:         26.0

Task for patient = 101 with skills = {0,5} and cost = 432.3
   Vehicle #0 = 10, leaving at = 572.0
   Vehicle #1 = 43, leaving at = 588.0
   Increment on distance indicator: 51.0
   Increment on tard indicator:     0.0
   Value of tmax indicator:         51.0

Task for patient = 268 with skills = {2,4} and cost = 629.3
   Vehicle #0 = 17, leaving at = 863.0
   Vehicle #1 = 34, leaving at = 893.0
   Increment on distance indicator: 11.0
   Increment on tard indicator:     0.0
   Value of tmax indicator:         11.0

Task for patient = 229 with skills = {2,-1} and cost = 625.7
   Vehicle #0 = 17, leaving at = 784.0
   Vehicle #1 = -1, leaving at = inf
   Increment on distance indicator: 5.0
   Increment on tard indicator:     0.0
   Value of tmax indicator:         5.0

Task for patient = 110 with skills = {5,-1} and cost = 624.0
   Vehicle #0 = 49, leaving at = 731.0
   Vehicle #1 = -1, leaving at = inf
   Increment on distance indicator: 6.0
   Increment on tard indicator:     0.0
   Value of tmax indicator:         6.0

Task for patient = 46 with skills = {2,4} and cost = 622.0
   Vehicle #0 = 19, leaving at = 737.0
   Vehicle #1 = 50, leaving at = 750.0
   Increment on distance indicator: 15.0
   Increment on tard indicator:     0.0
   Value of tmax indicator:         15.0

Task for patient = 123 with skills = {1,-1} and cost = 617.0
   Vehicle #0 = 18, leaving at = 565.0
   Vehicle #1 = -1, leaving at = inf
   Increment on distance indicator: 20.0
   Increment on tard indicator:     0.0
   Value of tmax indicator:         20.0

Task for patient = 33 with skills = {1,-1} and cost = 610.3
   Vehicle #0 = 18, leaving at = 516.0
   Vehicle #1 = -1, leaving at = inf
   Increment on distance indicator: 28.0
   Increment on tard indicator:     0.0
   Value of tmax indicator:         28.0

Task for patient = 27 with skills = {1,-1} and cost = 601.0
   Vehicle #0 = 5, leaving at = 759.0
   Vehicle #1 = -1, leaving at = inf
   Increment on distance indicator: 3.0
   Increment on tard indicator:     0.0
   Value of tmax indicator:         3.0

Task for patient = 38 with skills = {1,-1} and cost = 600.0
   Vehicle #0 = 11, leaving at = 838.0
   Vehicle #1 = -1, leaving at = inf
   Increment on distance indicator: 2.0
   Increment on tard indicator:     0.0
   Value of tmax indicator:         2.0

Task for patient = 139 with skills = {4,-1} and cost = 631.0
   Vehicle #0 = 35, leaving at = 836.0
   Vehicle #1 = -1, leaving at = inf
   Increment on distance indicator: 5.0
   Increment on tard indicator:     0.0
   Value of tmax indicator:         5.0

Task for patient = 210 with skills = {1,-1} and cost = 757.7
   Vehicle #0 = 22, leaving at = 846.0
   Vehicle #1 = -1, leaving at = inf
   Increment on distance indicator: 15.0
   Increment on tard indicator:     0.0
   Value of tmax indicator:         15.0

Task for patient = 144 with skills = {2,5} and cost = 752.7
   Vehicle #0 = 23, leaving at = 710.0
   Vehicle #1 = 44, leaving at = 761.0
   Increment on distance indicator: 43.0
   Increment on tard indicator:     0.0
   Value of tmax indicator:         43.0

Task for patient = 39 with skills = {2,-1} and cost = 738.3
   Vehicle #0 = 15, leaving at = 771.0
   Vehicle #1 = -1, leaving at = inf
   Increment on distance indicator: 13.0
   Increment on tard indicator:     0.0
   Value of tmax indicator:         13.0

Task for patient = 155 with skills = {3,-1} and cost = 734.0
   Vehicle #0 = 53, leaving at = 719.0
   Vehicle #1 = -1, leaving at = inf
   Increment on distance indicator: 20.0
   Increment on tard indicator:     0.0
   Value of tmax indicator:         20.0

Task for patient = 284 with skills = {4,-1} and cost = 727.3
   Vehicle #0 = 51, leaving at = 539.0
   Vehicle #1 = -1, leaving at = inf
   Increment on distance indicator: 31.0
   Increment on tard indicator:     0.0
   Value of tmax indicator:         31.0

Task for patient = 243 with skills = {0,-1} and cost = 717.0
   Vehicle #0 = 5, leaving at = 869.0
   Vehicle #1 = -1, leaving at = inf
   Increment on distance indicator: 4.0
   Increment on tard indicator:     0.0
   Value of tmax indicator:         4.0

Task for patient = 252 with skills = {0,-1} and cost = 715.7
   Vehicle #0 = 16, leaving at = 705.0
   Vehicle #1 = -1, leaving at = inf
   Increment on distance indicator: 2.0
   Increment on tard indicator:     0.0
   Value of tmax indicator:         2.0

Task for patient = 12 with skills = {1,4} and cost = 715.0
   Vehicle #0 = 22, leaving at = 787.0
   Vehicle #1 = 33, leaving at = 830.0
   Increment on distance indicator: 15.0
   Increment on tard indicator:     0.0
   Value of tmax indicator:         15.0

Task for patient = 211 with skills = {5,-1} and cost = 665.0
   Vehicle #0 = 32, leaving at = 849.0
   Vehicle #1 = -1, leaving at = inf
   Increment on distance indicator: 4.0
   Increment on tard indicator:     0.0
   Value of tmax indicator:         4.0

Task for patient = 171 with skills = {2,5} and cost = 709.0
   Vehicle #0 = 21, leaving at = 693.0
   Vehicle #1 = 55, leaving at = 688.0
   Increment on distance indicator: 30.0
   Increment on tard indicator:     0.0
   Value of tmax indicator:         30.0

Task for patient = 242 with skills = {2,-1} and cost = 699.0
   Vehicle #0 = 9, leaving at = 843.0
   Vehicle #1 = -1, leaving at = inf
   Increment on distance indicator: 4.0
   Increment on tard indicator:     0.0
   Value of tmax indicator:         4.0

Task for patient = 102 with skills = {2,-1} and cost = 697.7
   Vehicle #0 = 21, leaving at = 514.0
   Vehicle #1 = -1, leaving at = inf
   Increment on distance indicator: 11.0
   Increment on tard indicator:     0.0
   Value of tmax indicator:         11.0

Task for patient = 87 with skills = {3,-1} and cost = 694.0
   Vehicle #0 = 41, leaving at = 737.0
   Vehicle #1 = -1, leaving at = inf
   Increment on distance indicator: 8.0
   Increment on tard indicator:     0.0
   Value of tmax indicator:         8.0

Task for patient = 274 with skills = {0,-1} and cost = 691.3
   Vehicle #0 = 16, leaving at = 661.0
   Vehicle #1 = -1, leaving at = inf
   Increment on distance indicator: 13.0
   Increment on tard indicator:     0.0
   Value of tmax indicator:         13.0

Task for patient = 161 with skills = {3,-1} and cost = 687.0
   Vehicle #0 = 55, leaving at = 636.0
   Vehicle #1 = -1, leaving at = inf
   Increment on distance indicator: 9.0
   Increment on tard indicator:     0.0
   Value of tmax indicator:         9.0

Task for patient = 82 with skills = {3,-1} and cost = 684.0
   Vehicle #0 = 55, leaving at = 569.0
   Vehicle #1 = -1, leaving at = inf
   Increment on distance indicator: 13.0
   Increment on tard indicator:     0.0
   Value of tmax indicator:         13.0

Task for patient = 166 with skills = {2,3} and cost = 679.7
   Vehicle #0 = 20, leaving at = 618.0
   Vehicle #1 = 53, leaving at = 643.0
   Increment on distance indicator: 41.0
   Increment on tard indicator:     0.0
   Value of tmax indicator:         41.0

Task for patient = 41 with skills = {4,-1} and cost = 666.0
   Vehicle #0 = 34, leaving at = 923.0
   Vehicle #1 = -1, leaving at = inf
   Increment on distance indicator: 3.0
   Increment on tard indicator:     0.0
   Value of tmax indicator:         3.0

Task for patient = 125 with skills = {0,-1} and cost = 710.0
   Vehicle #0 = 22, leaving at = 675.0
   Vehicle #1 = -1, leaving at = inf
   Increment on distance indicator: 3.0
   Increment on tard indicator:     0.0
   Value of tmax indicator:         3.0

Task for patient = 18 with skills = {0,-1} and cost = 515.7
   Vehicle #0 = 4, leaving at = 863.0
   Vehicle #1 = -1, leaving at = inf
   Increment on distance indicator: 11.0
   Increment on tard indicator:     0.0
   Value of tmax indicator:         11.0

Task for patient = 80 with skills = {2,-1} and cost = 512.0
   Vehicle #0 = 19, leaving at = 574.0
   Vehicle #1 = -1, leaving at = inf
   Increment on distance indicator: 21.0
   Increment on tard indicator:     0.0
   Value of tmax indicator:         21.0

Task for patient = 147 with skills = {0,-1} and cost = 505.0
   Vehicle #0 = 4, leaving at = 804.0
   Vehicle #1 = -1, leaving at = inf
   Increment on distance indicator: 3.0
   Increment on tard indicator:     0.0
   Value of tmax indicator:         3.0

Task for patient = 143 with skills = {1,5} and cost = 504.0
   Vehicle #0 = 13, leaving at = 727.0
   Vehicle #1 = 42, leaving at = 731.0
   Increment on distance indicator: 48.0
   Increment on tard indicator:     0.0
   Value of tmax indicator:         48.0

Task for patient = 290 with skills = {4,-1} and cost = 488.0
   Vehicle #0 = 46, leaving at = 678.0
   Vehicle #1 = -1, leaving at = inf
   Increment on distance indicator: 4.0
   Increment on tard indicator:     0.0
   Value of tmax indicator:         4.0

Task for patient = 226 with skills = {2,4} and cost = 486.7
   Vehicle #0 = 17, leaving at = 704.0
   Vehicle #1 = 45, leaving at = 703.0
   Increment on distance indicator: 33.0
   Increment on tard indicator:     0.0
   Value of tmax indicator:         33.0

Task for patient = 78 with skills = {5,-1} and cost = 475.7
   Vehicle #0 = 40, leaving at = 777.0
   Vehicle #1 = -1, leaving at = inf
   Increment on distance indicator: 7.0
   Increment on tard indicator:     0.0
   Value of tmax indicator:         7.0

Task for patient = 177 with skills = {3,-1} and cost = 473.3
   Vehicle #0 = 41, leaving at = 642.0
   Vehicle #1 = -1, leaving at = inf
   Increment on distance indicator: 5.0
   Increment on tard indicator:     0.0
   Value of tmax indicator:         5.0

Task for patient = 72 with skills = {4,-1} and cost = 599.3
   Vehicle #0 = 46, leaving at = 722.0
   Vehicle #1 = -1, leaving at = inf
   Increment on distance indicator: 12.0
   Increment on tard indicator:     0.0
   Value of tmax indicator:         12.0

Task for patient = 74 with skills = {2,-1} and cost = 468.0
   Vehicle #0 = 15, leaving at = 741.0
   Vehicle #1 = -1, leaving at = inf
   Increment on distance indicator: 13.0
   Increment on tard indicator:     0.0
   Value of tmax indicator:         13.0

Task for patient = 296 with skills = {0,-1} and cost = 463.7
   Vehicle #0 = 16, leaving at = 607.0
   Vehicle #1 = -1, leaving at = inf
   Increment on distance indicator: 14.0
   Increment on tard indicator:     0.0
   Value of tmax indicator:         14.0

Task for patient = 124 with skills = {2,-1} and cost = 459.0
   Vehicle #0 = 9, leaving at = 742.0
   Vehicle #1 = -1, leaving at = inf
   Increment on distance indicator: 6.0
   Increment on tard indicator:     0.0
   Value of tmax indicator:         6.0

Task for patient = 118 with skills = {4,-1} and cost = 457.0
   Vehicle #0 = 31, leaving at = 792.0
   Vehicle #1 = -1, leaving at = inf
   Increment on distance indicator: 10.0
   Increment on tard indicator:     0.0
   Value of tmax indicator:         10.0

Task for patient = 35 with skills = {1,-1} and cost = 453.7
   Vehicle #0 = 14, leaving at = 794.0
   Vehicle #1 = -1, leaving at = inf
   Increment on distance indicator: 7.0
   Increment on tard indicator:     0.0
   Value of tmax indicator:         7.0

Task for patient = 29 with skills = {5,-1} and cost = 451.3
   Vehicle #0 = 43, leaving at = 634.0
   Vehicle #1 = -1, leaving at = inf
   Increment on distance indicator: 4.0
   Increment on tard indicator:     0.0
   Value of tmax indicator:         4.0

Task for patient = 224 with skills = {1,-1} and cost = 450.0
   Vehicle #0 = 11, leaving at = 739.0
   Vehicle #1 = -1, leaving at = inf
   Increment on distance indicator: 4.0
   Increment on tard indicator:     0.0
   Value of tmax indicator:         4.0

Task for patient = 289 with skills = {4,-1} and cost = 448.7
   Vehicle #0 = 47, leaving at = 535.0
   Vehicle #1 = -1, leaving at = inf
   Increment on distance indicator: 44.0
   Increment on tard indicator:     0.0
   Value of tmax indicator:         44.0

Task for patient = 168 with skills = {4,-1} and cost = 434.0
   Vehicle #0 = 46, leaving at = 630.0
   Vehicle #1 = -1, leaving at = inf
   Increment on distance indicator: 5.0
   Increment on tard indicator:     0.0
   Value of tmax indicator:         5.0

Task for patient = 167 with skills = {3,-1} and cost = 471.7
   Vehicle #0 = 33, leaving at = 767.0
   Vehicle #1 = -1, leaving at = inf
   Increment on distance indicator: 11.0
   Increment on tard indicator:     0.0
   Value of tmax indicator:         11.0

Task for patient = 251 with skills = {0,3} and cost = 595.3
   Vehicle #0 = 6, leaving at = 955.0
   Vehicle #1 = 36, leaving at = 934.0
   Increment on distance indicator: 6.0
   Increment on tard indicator:     0.0
   Value of tmax indicator:         6.0

Task for patient = 264 with skills = {5,-1} and cost = 593.3
   Vehicle #0 = 50, leaving at = 689.0
   Vehicle #1 = -1, leaving at = inf
   Increment on distance indicator: 11.0
   Increment on tard indicator:     0.0
   Value of tmax indicator:         11.0

Task for patient = 169 with skills = {1,-1} and cost = 589.7
   Vehicle #0 = 19, leaving at = 693.0
   Vehicle #1 = -1, leaving at = inf
   Increment on distance indicator: 6.0
   Increment on tard indicator:     0.0
   Value of tmax indicator:         6.0

Task for patient = 163 with skills = {1,5} and cost = 587.7
   Vehicle #0 = 13, leaving at = 864.0
   Vehicle #1 = 40, leaving at = 886.0
   Increment on distance indicator: 9.0
   Increment on tard indicator:     0.0
   Value of tmax indicator:         9.0

Task for patient = 257 with skills = {4,-1} and cost = 584.7
   Vehicle #0 = 49, leaving at = 656.0
   Vehicle #1 = -1, leaving at = inf
   Increment on distance indicator: 10.0
   Increment on tard indicator:     0.0
   Value of tmax indicator:         10.0

Task for patient = 183 with skills = {1,3} and cost = 581.3
   Vehicle #0 = 19, leaving at = 651.0
   Vehicle #1 = 50, leaving at = 652.0
   Increment on distance indicator: 49.0
   Increment on tard indicator:     0.0
   Value of tmax indicator:         49.0

Task for patient = 263 with skills = {5,-1} and cost = 565.0
   Vehicle #0 = 42, leaving at = 766.0
   Vehicle #1 = -1, leaving at = inf
   Increment on distance indicator: 6.0
   Increment on tard indicator:     0.0
   Value of tmax indicator:         6.0

Task for patient = 156 with skills = {3,-1} and cost = 563.0
   Vehicle #0 = 40, leaving at = 842.0
   Vehicle #1 = -1, leaving at = inf
   Increment on distance indicator: 7.0
   Increment on tard indicator:     0.0
   Value of tmax indicator:         7.0

Task for patient = 184 with skills = {4,-1} and cost = 518.0
   Vehicle #0 = 39, leaving at = 805.0
   Vehicle #1 = -1, leaving at = inf
   Increment on distance indicator: 7.0
   Increment on tard indicator:     0.0
   Value of tmax indicator:         7.0

Task for patient = 62 with skills = {3,-1} and cost = 554.3
   Vehicle #0 = 49, leaving at = 623.0
   Vehicle #1 = -1, leaving at = inf
   Increment on distance indicator: 5.0
   Increment on tard indicator:     0.0
   Value of tmax indicator:         5.0

Task for patient = 216 with skills = {0,-1} and cost = 552.7
   Vehicle #0 = 10, leaving at = 645.0
   Vehicle #1 = -1, leaving at = inf
   Increment on distance indicator: 27.0
   Increment on tard indicator:     0.0
   Value of tmax indicator:         27.0

Task for patient = 297 with skills = {4,-1} and cost = 543.7
   Vehicle #0 = 49, leaving at = 595.0
   Vehicle #1 = -1, leaving at = inf
   Increment on distance indicator: 26.0
   Increment on tard indicator:     0.0
   Value of tmax indicator:         26.0

Task for patient = 295 with skills = {2,-1} and cost = 535.0
   Vehicle #0 = 9, leaving at = 795.0
   Vehicle #1 = -1, leaving at = inf
   Increment on distance indicator: 4.0
   Increment on tard indicator:     0.0
   Value of tmax indicator:         4.0

Task for patient = 249 with skills = {3,-1} and cost = 533.7
   Vehicle #0 = 41, leaving at = 703.0
   Vehicle #1 = -1, leaving at = inf
   Increment on distance indicator: 3.0
   Increment on tard indicator:     0.0
   Value of tmax indicator:         3.0

Task for patient = 199 with skills = {4,-1} and cost = 532.7
   Vehicle #0 = 45, leaving at = 742.0
   Vehicle #1 = -1, leaving at = inf
   Increment on distance indicator: 6.0
   Increment on tard indicator:     0.0
   Value of tmax indicator:         6.0

Task for patient = 141 with skills = {0,3} and cost = 530.7
   Vehicle #0 = 8, leaving at = 713.0
   Vehicle #1 = 48, leaving at = 710.0
   Increment on distance indicator: 18.0
   Increment on tard indicator:     0.0
   Value of tmax indicator:         18.0

Task for patient = 66 with skills = {5,-1} and cost = 524.7
   Vehicle #0 = 43, leaving at = 679.0
   Vehicle #1 = -1, leaving at = inf
   Increment on distance indicator: 11.0
   Increment on tard indicator:     0.0
   Value of tmax indicator:         11.0

Task for patient = 283 with skills = {4,-1} and cost = 521.0
   Vehicle #0 = 47, leaving at = 690.0
   Vehicle #1 = -1, leaving at = inf
   Increment on distance indicator: 9.0
   Increment on tard indicator:     0.0
   Value of tmax indicator:         9.0

Task for patient = 122 with skills = {1,5} and cost = 560.7
   Vehicle #0 = 1, leaving at = 880.0
   Vehicle #1 = 30, leaving at = 866.0
   Increment on distance indicator: 19.0
   Increment on tard indicator:     0.0
   Value of tmax indicator:         19.0


Unused vehicle list: 25 28 56 57 (total = 4 out of 60)

---
Search finished.
Total of 448 generations in 18.4 seconds.
Exchange elite runs: 0
Implicit path relinking runs: 4
Reset attempts: 0

Best solution found:
   Cost: 1639.3
   Total travel time: 4901.0
   Total tardiness time: 12.0
   Largest tardiness: 5.0


1639.3
