--- BRKGA-MP-IPR for HHCRSP ---
Instance: new-instances/HHCRSP_300_60_47_0.8_R_C.txt
Seed: 1

Reading data... Problem contains 300 patients  and 60 caregivers.

Summary of supply x demand for each service type:
Skill 0 has supply = 20 and demand = 54, ratio = 0.37037
Skill 1 has supply = 18 and demand = 55, ratio = 0.327273
Skill 2 has supply = 21 and demand = 69, ratio = 0.304348
Skill 3 has supply = 24 and demand = 71, ratio = 0.338028
Skill 4 has supply = 21 and demand = 77, ratio = 0.272727
Skill 5 has supply = 24 and demand = 64, ratio = 0.375

Reading parameters...
Inferred distance function by PR type: kendall-tau
Building BRKGA data and initializing...
Evolving 448 generations...

  Gens  Rem    Local   ElDiv NoImpr             Best solution            Time  Op
                                       Cost     Dist    Tard    TMax 
*    0  448  6878.00  406.72      0  6878.00  5833.00 14429.0   372.0     0.1    
*    2  446  6263.33  441.91      0  6263.33  5939.00 10117.0   435.0     0.2    
*    3  445  5497.00  432.06      0  5497.00  5939.00 10117.0   435.0     0.2    
*    6  442  5271.33  340.30      0  5271.33  5699.00  8437.0   357.0     0.3    
*    7  441  4831.00  357.58      0  4831.00  5699.00  8437.0   357.0     0.4    
*    9  439  4498.33  297.03      0  4498.33  5632.00  7526.0   337.0     0.5    
*   12  436  4070.33  277.26      0  4070.33  5719.00  6168.0   324.0     0.6    
*   14  434  3784.00  284.84      0  3784.00  5800.00  4566.0   297.0     0.7    
*   15  433  3554.33  271.54      0  3554.33  5458.00  3633.0   322.0     0.8    
*   16  432  3137.67  294.14      0  3137.67  5630.00  3259.0   300.0     0.8    
*   17  431  3063.00  272.36      0  3063.00  5630.00  3259.0   300.0     0.9    
*   19  429  3015.67  223.96      0  3015.67  5642.00  2663.0   250.0     1.0    
*   20  428  2851.67  179.86      0  2851.67  5642.00  2663.0   250.0     1.0    
*   22  426  2835.67  160.83      0  2835.67  5876.00  2032.0   189.0     1.1    
*   23  425  2699.00  155.14      0  2699.00  5556.00  1942.0   279.0     1.2    

  Gens  Rem    Local   ElDiv NoImpr             Best solution            Time  Op
                                       Cost     Dist    Tard    TMax 
*   24  424  2592.33  133.48      0  2592.33  5556.00  1942.0   279.0     1.2    
*   27  421  2420.00  125.76      0  2420.00  5827.00   805.0   105.0     1.4    
*   28  420  2245.67  120.89      0  2245.67  5827.00   805.0   105.0     1.4    
*   31  417  2009.67  106.78      0  2009.67  5585.00   353.0    91.0     1.6    
*   34  414  1996.00  107.53      0  1996.00  5442.00   332.0    73.0     1.8    
*   35  413  1949.00   88.13      0  1949.00  5442.00   332.0    73.0     1.8    
*   37  411  1901.67   78.98      0  1901.67  5366.00   219.0    52.0     1.9    
*   38  410  1879.00   67.64      0  1879.00  5366.00   219.0    52.0     1.9    
*   41  407  1857.33   47.74      0  1857.33  5268.00   230.0    74.0     2.1    
*   43  405  1804.33   48.54      0  1804.33  5265.00    54.0    30.0     2.2    
*   44  404  1783.00   42.79      0  1783.00  5265.00    54.0    30.0     2.3    
    50  398  1783.00   25.08      6  1783.00  5265.00    54.0    30.0     2.6    
*   52  396  1746.67   25.05      0  1746.67  5189.00    40.0    11.0     2.7    
*   55  393  1742.33   23.69      0  1742.33  5183.00    35.0     9.0     2.8    
*   60  388  1739.33   19.18      0  1739.33  5140.00    55.0    14.0     3.0    
*   61  387  1736.33   19.52      0  1736.33  5140.00    55.0    14.0     3.1    

  Gens  Rem    Local   ElDiv NoImpr             Best solution            Time  Op
                                       Cost     Dist    Tard    TMax 
*   64  384  1733.67   15.50      0  1733.67  5158.00    37.0     6.0     3.3    
*   66  382  1693.33   17.86      0  1693.33  4969.00    85.0    26.0     3.4    
*   72  376  1692.33   17.39      0  1692.33  5028.00    42.0     7.0     3.7    
*   75  373  1681.33   15.95      0  1681.33  5004.00    33.0     7.0     3.9    
*   77  371  1671.00   15.05      0  1671.00  4916.00    82.0    15.0     4.0    
*   81  367  1670.00   13.55      0  1670.00  4948.00    13.0     3.0     4.2    
*   82  366  1654.67   13.59      0  1654.67  4948.00    13.0     3.0     4.2    
*   91  357  1653.33   11.20      0  1653.33  4924.00    28.0     8.0     4.7    
*   94  354  1651.00   10.86      0  1651.00  4881.00    61.0    11.0     4.8    
Path relinking result: too homogeneous.
    96  352  1651.00    9.99      3  1651.00  4881.00    61.0    11.0     4.9   P
*   98  350  1631.67   10.65      0  1631.67  4854.00    34.0     7.0     5.0    
*  100  348  1626.00   10.65      0  1626.00  4846.00    26.0     6.0     5.1    
*  106  342  1617.33    9.67      0  1617.33  4786.00    58.0     8.0     5.5    
*  112  336  1610.33   10.10      0  1610.33  4788.00    35.0     8.0     5.8    
*  115  333  1606.00   10.85      0  1606.00  4782.00    29.0     7.0     6.0    
*  118  330  1605.00    9.04      0  1605.00  4766.00    31.0     6.0     6.1    

  Gens  Rem    Local   ElDiv NoImpr             Best solution            Time  Op
                                       Cost     Dist    Tard    TMax 
*  119  329  1601.00    8.73      0  1601.00  4729.00    45.0    10.0     6.1    
*  120  328  1594.67    8.56      0  1594.67  4702.00    68.0    11.0     6.2    
*  121  327  1593.67    8.65      0  1593.67  4719.00    43.0     8.0     6.3    
*  122  326  1590.00    9.18      0  1590.00  4660.00    94.0    12.0     6.3    
*  123  325  1588.67   11.06      0  1588.67  4650.00    13.0     5.0     6.4    
*  124  324  1556.00   10.40      0  1556.00  4650.00    13.0     5.0     6.4    
*  131  317  1552.67   11.39      0  1552.67  4608.00    41.0     9.0     6.8    
*  136  312  1540.67   12.93      0  1540.67  4603.00    14.0     5.0     7.1    
*  138  310  1530.67   12.41      0  1530.67  4544.00    38.0    10.0     7.2    
*  148  300  1530.33   10.05      0  1530.33  4463.00    10.0     3.0     7.7    
*  149  299  1492.00   10.45      0  1492.00  4463.00    10.0     3.0     7.7    
   150  298  1492.00   10.48      1  1492.00  4463.00    10.0     3.0     7.8    
*  172  276  1476.00    8.47      0  1476.00  4399.00    25.0     4.0     8.9    
*  177  271  1472.67    9.54      0  1472.67  4379.00    31.0     8.0     9.2    
*  189  259  1471.00    8.69      0  1471.00  4405.00     6.0     2.0     9.8    
Path relinking result: too homogeneous.
   192  256  1466.00    7.96      0  1471.00  4405.00     6.0     2.0    10.0   P

  Gens  Rem    Local   ElDiv NoImpr             Best solution            Time  Op
                                       Cost     Dist    Tard    TMax 
*  193  255  1466.00    8.10      0  1466.00  4364.00    27.0     7.0    10.0    
*  199  249  1464.67    8.84      0  1464.67  4316.00    16.0     6.0    10.4    
*  200  248  1446.00    9.14      0  1446.00  4316.00    16.0     6.0    10.4    
*  207  241  1442.67    9.44      0  1442.67  4298.00    23.0     7.0    10.8    
*  212  236  1430.00   10.03      0  1430.00  4267.00    17.0     6.0    11.0    
*  221  227  1426.33    8.94      0  1426.33  4242.00    31.0     6.0    11.5    
*  240  208  1425.00    7.34      0  1425.00  4235.00    32.0     8.0    12.4    
*  247  201  1421.00    7.64      0  1421.00  4214.00    41.0     8.0    12.8    
   250  198  1421.00    6.74      3  1421.00  4214.00    41.0     8.0    13.0    
*  258  190  1420.33    6.40      0  1420.33  4209.00    42.0    10.0    13.4    
*  272  176  1417.33    5.90      0  1417.33  4196.00    48.0     8.0    14.1    
*  276  172  1408.67    5.69      0  1408.67  4182.00    36.0     8.0    14.3    
*  287  161  1402.00    6.03      0  1402.00  4193.00    10.0     3.0    14.9    
Path relinking result: too homogeneous.
   288  160  1402.00    6.03      2  1402.00  4193.00    10.0     3.0    15.0   P
*  297  151  1400.33    6.41      0  1400.33  4123.00    52.0     8.0    15.5    
*  298  150  1394.33    6.33      0  1394.33  4123.00    52.0     8.0    15.5    

  Gens  Rem    Local   ElDiv NoImpr             Best solution            Time  Op
                                       Cost     Dist    Tard    TMax 
   300  148  1394.33    6.19      2  1394.33  4123.00    52.0     8.0    15.6    
*  313  135  1393.00    4.84      0  1393.00  4144.00    26.0     5.0    16.3    
*  314  134  1391.67    4.68      0  1391.67  4144.00    26.0     5.0    16.4    
*  320  128  1387.00    3.87      0  1387.00  4147.00     8.0     6.0    16.7    
*  325  123  1385.33    3.45      0  1385.33  4142.00     8.0     6.0    16.9    
*  329  119  1384.33    3.10      0  1384.33  4124.00    21.0     8.0    17.1    
*  331  117  1380.33    3.39      0  1380.33  4097.00    36.0     8.0    17.2    
*  341  107  1377.00    3.04      0  1377.00  4127.00     3.0     1.0    17.7    
*  345  103  1370.33    3.91      0  1370.33  4101.00     6.0     4.0    17.9    
   350   98  1370.33    2.55      5  1370.33  4101.00     6.0     4.0    18.2    
*  352   96  1370.00    2.28      0  1370.00  4095.00     6.0     4.0    18.3    
*  353   95  1368.33    1.95      0  1368.33  4095.00     6.0     4.0    18.3    
*  357   91  1367.67    0.99      0  1367.67  4094.00     6.0     3.0    18.6    
*  361   87  1366.33    0.73      0  1366.33  4094.00     4.0     1.0    18.8    
*  364   84  1363.33    0.94      0  1363.33  4085.00     4.0     1.0    18.9    
*  367   81  1363.00    1.07      0  1363.00  4080.00     6.0     3.0    19.1    

  Gens  Rem    Local   ElDiv NoImpr             Best solution            Time  Op
                                       Cost     Dist    Tard    TMax 
*  369   79  1362.67    0.75      0  1362.67  4078.00     7.0     3.0    19.2    
*  371   77  1362.33    0.41      0  1362.33  4077.00     7.0     3.0    19.3    
*  374   74  1362.00    0.25      0  1362.00  4076.00     7.0     3.0    19.5    
*  380   68  1361.67    0.15      0  1361.67  4079.00     4.0     1.0    19.8    
*  381   67  1361.33    0.10      0  1361.33  4079.00     4.0     1.0    19.8    
Path relinking result: too homogeneous.
   384   64  1361.00    0.16      0  1361.33  4079.00     4.0     1.0    20.0   P
*  385   63  1361.00    0.24      0  1361.00  4073.00     7.0     3.0    20.0    
*  392   56  1360.67    0.07      0  1360.67  4072.00     7.0     3.0    20.4    
   400   48  1360.67    0.17      8  1360.67  4072.00     7.0     3.0    20.8    
*  409   39  1359.67    0.15      0  1359.67  4069.00     7.0     3.0    21.3    
*  413   35  1359.00    0.53      0  1359.00  4067.00     7.0     3.0    21.4    
*  423   25  1358.67    0.17      0  1358.67  4066.00     7.0     3.0    21.9    
*  439    9  1358.33    0.04      0  1358.33  4065.00     7.0     3.0    22.8    
*  446    2  1358.00    0.16      0  1358.00  4064.00     7.0     3.0    23.1    
   448    0  1358.00    0.07      2  1358.00  4064.00     7.0     3.0    23.2    
Evolutionary process finished.
Solution written to 'solution-16720.txt'.

Sorted sequence of worst to best tardiness value:
Task for patient = 170 with skills = {1,-1} and cost = 926.3
   Vehicle #0 = 13, leaving at = 1061.0
   Vehicle #1 = -1, leaving at = inf
   Increment on distance indicator: 3.0
   Increment on tard indicator:     3.0
   Value of tmax indicator:         3.0

Task for patient = 143 with skills = {2,3} and cost = 165.3
   Vehicle #0 = 3, leaving at = 744.0
   Vehicle #1 = 30, leaving at = 732.0
   Increment on distance indicator: 3.0
   Increment on tard indicator:     2.0
   Value of tmax indicator:         3.0

Task for patient = 223 with skills = {3,-1} and cost = 954.0
   Vehicle #0 = 51, leaving at = 1054.0
   Vehicle #1 = -1, leaving at = inf
   Increment on distance indicator: 1.0
   Increment on tard indicator:     1.0
   Value of tmax indicator:         1.0

Task for patient = 175 with skills = {3,-1} and cost = 812.3
   Vehicle #0 = 49, leaving at = 824.0
   Vehicle #1 = -1, leaving at = inf
   Increment on distance indicator: 8.0
   Increment on tard indicator:     1.0
   Value of tmax indicator:         8.0

Task for patient = 30 with skills = {2,3} and cost = 750.7
   Vehicle #0 = 22, leaving at = 798.0
   Vehicle #1 = 55, leaving at = 832.0
   Increment on distance indicator: 17.0
   Increment on tard indicator:     0.0
   Value of tmax indicator:         17.0

Task for patient = 53 with skills = {1,-1} and cost = 745.0
   Vehicle #0 = 25, leaving at = 701.0
   Vehicle #1 = -1, leaving at = inf
   Increment on distance indicator: 23.0
   Increment on tard indicator:     0.0
   Value of tmax indicator:         23.0

Task for patient = 215 with skills = {1,-1} and cost = 737.3
   Vehicle #0 = 12, leaving at = 976.0
   Vehicle #1 = -1, leaving at = inf
   Increment on distance indicator: 2.0
   Increment on tard indicator:     0.0
   Value of tmax indicator:         2.0

Task for patient = 251 with skills = {1,4} and cost = 736.7
   Vehicle #0 = 21, leaving at = 905.0
   Vehicle #1 = 44, leaving at = 901.0
   Increment on distance indicator: 12.0
   Increment on tard indicator:     0.0
   Value of tmax indicator:         12.0

Task for patient = 163 with skills = {0,-1} and cost = 732.7
   Vehicle #0 = 14, leaving at = 866.0
   Vehicle #1 = -1, leaving at = inf
   Increment on distance indicator: 4.0
   Increment on tard indicator:     0.0
   Value of tmax indicator:         4.0

Task for patient = 186 with skills = {2,-1} and cost = 731.3
   Vehicle #0 = 3, leaving at = 988.0
   Vehicle #1 = -1, leaving at = inf
   Increment on distance indicator: 2.0
   Increment on tard indicator:     0.0
   Value of tmax indicator:         2.0

Task for patient = 124 with skills = {2,-1} and cost = 752.0
   Vehicle #0 = 3, leaving at = 1049.0
   Vehicle #1 = -1, leaving at = inf
   Increment on distance indicator: 4.0
   Increment on tard indicator:     0.0
   Value of tmax indicator:         4.0

Task for patient = 35 with skills = {2,-1} and cost = 722.7
   Vehicle #0 = 3, leaving at = 930.0
   Vehicle #1 = -1, leaving at = inf
   Increment on distance indicator: 3.0
   Increment on tard indicator:     0.0
   Value of tmax indicator:         3.0

Task for patient = 27 with skills = {0,-1} and cost = 721.7
   Vehicle #0 = 0, leaving at = 806.0
   Vehicle #1 = -1, leaving at = inf
   Increment on distance indicator: 6.0
   Increment on tard indicator:     0.0
   Value of tmax indicator:         6.0

Task for patient = 264 with skills = {4,-1} and cost = 719.7
   Vehicle #0 = 53, leaving at = 865.0
   Vehicle #1 = -1, leaving at = inf
   Increment on distance indicator: 2.0
   Increment on tard indicator:     0.0
   Value of tmax indicator:         2.0

Task for patient = 291 with skills = {5,-1} and cost = 719.0
   Vehicle #0 = 31, leaving at = 951.0
   Vehicle #1 = -1, leaving at = inf
   Increment on distance indicator: 2.0
   Increment on tard indicator:     0.0
   Value of tmax indicator:         2.0

Task for patient = 296 with skills = {5,-1} and cost = 718.3
   Vehicle #0 = 57, leaving at = 704.0
   Vehicle #1 = -1, leaving at = inf
   Increment on distance indicator: 13.0
   Increment on tard indicator:     0.0
   Value of tmax indicator:         13.0

Task for patient = 294 with skills = {2,-1} and cost = 714.0
   Vehicle #0 = 17, leaving at = 870.0
   Vehicle #1 = -1, leaving at = inf
   Increment on distance indicator: 5.0
   Increment on tard indicator:     0.0
   Value of tmax indicator:         5.0

Task for patient = 286 with skills = {3,-1} and cost = 712.3
   Vehicle #0 = 42, leaving at = 976.0
   Vehicle #1 = -1, leaving at = inf
   Increment on distance indicator: 2.0
   Increment on tard indicator:     0.0
   Value of tmax indicator:         2.0

Task for patient = 82 with skills = {2,-1} and cost = 711.7
   Vehicle #0 = 13, leaving at = 926.0
   Vehicle #1 = -1, leaving at = inf
   Increment on distance indicator: 5.0
   Increment on tard indicator:     0.0
   Value of tmax indicator:         5.0

Task for patient = 134 with skills = {2,-1} and cost = 710.0
   Vehicle #0 = 19, leaving at = 722.0
   Vehicle #1 = -1, leaving at = inf
   Increment on distance indicator: 12.0
   Increment on tard indicator:     0.0
   Value of tmax indicator:         12.0

Task for patient = 222 with skills = {2,5} and cost = 730.7
   Vehicle #0 = 23, leaving at = 627.0
   Vehicle #1 = 58, leaving at = 654.0
   Increment on distance indicator: 24.0
   Increment on tard indicator:     0.0
   Value of tmax indicator:         24.0

Task for patient = 100 with skills = {1,3} and cost = 784.3
   Vehicle #0 = 20, leaving at = 891.0
   Vehicle #1 = 30, leaving at = 891.0
   Increment on distance indicator: 7.0
   Increment on tard indicator:     0.0
   Value of tmax indicator:         7.0

Task for patient = 290 with skills = {2,4} and cost = 782.0
   Vehicle #0 = 15, leaving at = 943.0
   Vehicle #1 = 50, leaving at = 996.0
   Increment on distance indicator: 11.0
   Increment on tard indicator:     0.0
   Value of tmax indicator:         11.0

Task for patient = 66 with skills = {2,5} and cost = 778.3
   Vehicle #0 = 5, leaving at = 1001.0
   Vehicle #1 = 48, leaving at = 1011.0
   Increment on distance indicator: 4.0
   Increment on tard indicator:     0.0
   Value of tmax indicator:         4.0

Task for patient = 249 with skills = {1,-1} and cost = 777.0
   Vehicle #0 = 4, leaving at = 958.0
   Vehicle #1 = -1, leaving at = inf
   Increment on distance indicator: 6.0
   Increment on tard indicator:     0.0
   Value of tmax indicator:         6.0

Task for patient = 225 with skills = {2,-1} and cost = 775.0
   Vehicle #0 = 2, leaving at = 1027.0
   Vehicle #1 = -1, leaving at = inf
   Increment on distance indicator: 5.0
   Increment on tard indicator:     0.0
   Value of tmax indicator:         5.0

Task for patient = 1 with skills = {4,-1} and cost = 773.3
   Vehicle #0 = 35, leaving at = 925.0
   Vehicle #1 = -1, leaving at = inf
   Increment on distance indicator: 5.0
   Increment on tard indicator:     0.0
   Value of tmax indicator:         5.0

Task for patient = 112 with skills = {1,-1} and cost = 771.7
   Vehicle #0 = 7, leaving at = 943.0
   Vehicle #1 = -1, leaving at = inf
   Increment on distance indicator: 3.0
   Increment on tard indicator:     0.0
   Value of tmax indicator:         3.0

Task for patient = 62 with skills = {2,4} and cost = 770.7
   Vehicle #0 = 5, leaving at = 942.0
   Vehicle #1 = 48, leaving at = 981.0
   Increment on distance indicator: 6.0
   Increment on tard indicator:     0.0
   Value of tmax indicator:         6.0

Task for patient = 107 with skills = {0,-1} and cost = 756.3
   Vehicle #0 = 14, leaving at = 908.0
   Vehicle #1 = -1, leaving at = inf
   Increment on distance indicator: 2.0
   Increment on tard indicator:     0.0
   Value of tmax indicator:         2.0

Task for patient = 201 with skills = {2,-1} and cost = 768.0
   Vehicle #0 = 22, leaving at = 833.0
   Vehicle #1 = -1, leaving at = inf
   Increment on distance indicator: 9.0
   Increment on tard indicator:     0.0
   Value of tmax indicator:         9.0

Task for patient = 197 with skills = {5,-1} and cost = 765.0
   Vehicle #0 = 33, leaving at = 989.0
   Vehicle #1 = -1, leaving at = inf
   Increment on distance indicator: 2.0
   Increment on tard indicator:     0.0
   Value of tmax indicator:         2.0

Task for patient = 125 with skills = {3,-1} and cost = 764.3
   Vehicle #0 = 40, leaving at = 992.0
   Vehicle #1 = -1, leaving at = inf
   Increment on distance indicator: 1.0
   Increment on tard indicator:     0.0
   Value of tmax indicator:         1.0

Task for patient = 76 with skills = {4,-1} and cost = 764.0
   Vehicle #0 = 56, leaving at = 894.0
   Vehicle #1 = -1, leaving at = inf
   Increment on distance indicator: 3.0
   Increment on tard indicator:     0.0
   Value of tmax indicator:         3.0

Task for patient = 141 with skills = {1,3} and cost = 763.0
   Vehicle #0 = 12, leaving at = 1029.0
   Vehicle #1 = 46, leaving at = 1034.0
   Increment on distance indicator: 4.0
   Increment on tard indicator:     0.0
   Value of tmax indicator:         4.0

Task for patient = 184 with skills = {5,-1} and cost = 761.7
   Vehicle #0 = 48, leaving at = 927.0
   Vehicle #1 = -1, leaving at = inf
   Increment on distance indicator: 1.0
   Increment on tard indicator:     0.0
   Value of tmax indicator:         1.0

Task for patient = 236 with skills = {2,4} and cost = 761.3
   Vehicle #0 = 15, leaving at = 918.0
   Vehicle #1 = 53, leaving at = 958.0
   Increment on distance indicator: 15.0
   Increment on tard indicator:     0.0
   Value of tmax indicator:         15.0

Task for patient = 5 with skills = {3,-1} and cost = 706.0
   Vehicle #0 = 51, leaving at = 886.0
   Vehicle #1 = -1, leaving at = inf
   Increment on distance indicator: 5.0
   Increment on tard indicator:     0.0
   Value of tmax indicator:         5.0

Task for patient = 232 with skills = {1,4} and cost = 755.7
   Vehicle #0 = 7, leaving at = 900.0
   Vehicle #1 = 48, leaving at = 895.0
   Increment on distance indicator: 11.0
   Increment on tard indicator:     0.0
   Value of tmax indicator:         11.0

Task for patient = 157 with skills = {0,-1} and cost = 768.7
   Vehicle #0 = 16, leaving at = 908.0
   Vehicle #1 = -1, leaving at = inf
   Increment on distance indicator: 2.0
   Increment on tard indicator:     0.0
   Value of tmax indicator:         2.0

Task for patient = 193 with skills = {3,-1} and cost = 673.7
   Vehicle #0 = 51, leaving at = 715.0
   Vehicle #1 = -1, leaving at = inf
   Increment on distance indicator: 12.0
   Increment on tard indicator:     0.0
   Value of tmax indicator:         12.0

Task for patient = 2 with skills = {2,5} and cost = 669.7
   Vehicle #0 = 17, leaving at = 759.0
   Vehicle #1 = 53, leaving at = 777.0
   Increment on distance indicator: 13.0
   Increment on tard indicator:     0.0
   Value of tmax indicator:         13.0

Task for patient = 103 with skills = {3,-1} and cost = 665.3
   Vehicle #0 = 38, leaving at = 808.0
   Vehicle #1 = -1, leaving at = inf
   Increment on distance indicator: 6.0
   Increment on tard indicator:     0.0
   Value of tmax indicator:         6.0

Task for patient = 259 with skills = {2,-1} and cost = 663.3
   Vehicle #0 = 17, leaving at = 682.0
   Vehicle #1 = -1, leaving at = inf
   Increment on distance indicator: 24.0
   Increment on tard indicator:     0.0
   Value of tmax indicator:         24.0

Task for patient = 58 with skills = {1,-1} and cost = 655.3
   Vehicle #0 = 2, leaving at = 928.0
   Vehicle #1 = -1, leaving at = inf
   Increment on distance indicator: 5.0
   Increment on tard indicator:     0.0
   Value of tmax indicator:         5.0

Task for patient = 44 with skills = {0,-1} and cost = 653.7
   Vehicle #0 = 16, leaving at = 777.0
   Vehicle #1 = -1, leaving at = inf
   Increment on distance indicator: 3.0
   Increment on tard indicator:     0.0
   Value of tmax indicator:         3.0

Task for patient = 295 with skills = {0,5} and cost = 652.7
   Vehicle #0 = 10, leaving at = 930.0
   Vehicle #1 = 46, leaving at = 911.0
   Increment on distance indicator: 6.0
   Increment on tard indicator:     0.0
   Value of tmax indicator:         6.0

Task for patient = 244 with skills = {3,-1} and cost = 650.7
   Vehicle #0 = 45, leaving at = 794.0
   Vehicle #1 = -1, leaving at = inf
   Increment on distance indicator: 4.0
   Increment on tard indicator:     0.0
   Value of tmax indicator:         4.0

Task for patient = 254 with skills = {2,-1} and cost = 704.3
   Vehicle #0 = 22, leaving at = 745.0
   Vehicle #1 = -1, leaving at = inf
   Increment on distance indicator: 5.0
   Increment on tard indicator:     0.0
   Value of tmax indicator:         5.0

Task for patient = 51 with skills = {2,-1} and cost = 649.0
   Vehicle #0 = 8, leaving at = 849.0
   Vehicle #1 = -1, leaving at = inf
   Increment on distance indicator: 5.0
   Increment on tard indicator:     0.0
   Value of tmax indicator:         5.0

Task for patient = 89 with skills = {2,-1} and cost = 647.3
   Vehicle #0 = 22, leaving at = 719.0
   Vehicle #1 = -1, leaving at = inf
   Increment on distance indicator: 3.0
   Increment on tard indicator:     0.0
   Value of tmax indicator:         3.0

Task for patient = 192 with skills = {5,-1} and cost = 646.3
   Vehicle #0 = 50, leaving at = 807.0
   Vehicle #1 = -1, leaving at = inf
   Increment on distance indicator: 8.0
   Increment on tard indicator:     0.0
   Value of tmax indicator:         8.0

Task for patient = 213 with skills = {3,-1} and cost = 643.7
   Vehicle #0 = 43, leaving at = 946.0
   Vehicle #1 = -1, leaving at = inf
   Increment on distance indicator: 3.0
   Increment on tard indicator:     0.0
   Value of tmax indicator:         3.0

Task for patient = 52 with skills = {0,-1} and cost = 642.7
   Vehicle #0 = 0, leaving at = 734.0
   Vehicle #1 = -1, leaving at = inf
   Increment on distance indicator: 9.0
   Increment on tard indicator:     0.0
   Value of tmax indicator:         9.0

Task for patient = 171 with skills = {0,-1} and cost = 639.7
   Vehicle #0 = 11, leaving at = 976.0
   Vehicle #1 = -1, leaving at = inf
   Increment on distance indicator: 6.0
   Increment on tard indicator:     0.0
   Value of tmax indicator:         6.0

Task for patient = 81 with skills = {5,-1} and cost = 637.7
   Vehicle #0 = 52, leaving at = 637.0
   Vehicle #1 = -1, leaving at = inf
   Increment on distance indicator: 5.0
   Increment on tard indicator:     0.0
   Value of tmax indicator:         5.0

Task for patient = 85 with skills = {2,-1} and cost = 636.0
   Vehicle #0 = 13, leaving at = 779.0
   Vehicle #1 = -1, leaving at = inf
   Increment on distance indicator: 6.0
   Increment on tard indicator:     0.0
   Value of tmax indicator:         6.0

Task for patient = 229 with skills = {2,-1} and cost = 649.3
   Vehicle #0 = 13, leaving at = 839.0
   Vehicle #1 = -1, leaving at = inf
   Increment on distance indicator: 1.0
   Increment on tard indicator:     0.0
   Value of tmax indicator:         1.0

Task for patient = 209 with skills = {4,-1} and cost = 785.0
   Vehicle #0 = 58, leaving at = 817.0
   Vehicle #1 = -1, leaving at = inf
   Increment on distance indicator: 2.0
   Increment on tard indicator:     0.0
   Value of tmax indicator:         2.0

Task for patient = 282 with skills = {0,-1} and cost = 702.7
   Vehicle #0 = 10, leaving at = 984.0
   Vehicle #1 = -1, leaving at = inf
   Increment on distance indicator: 2.0
   Increment on tard indicator:     0.0
   Value of tmax indicator:         2.0

Task for patient = 75 with skills = {1,4} and cost = 702.0
   Vehicle #0 = 8, leaving at = 902.0
   Vehicle #1 = 56, leaving at = 876.0
   Increment on distance indicator: 11.0
   Increment on tard indicator:     0.0
   Value of tmax indicator:         11.0

Task for patient = 260 with skills = {0,-1} and cost = 698.3
   Vehicle #0 = 0, leaving at = 783.0
   Vehicle #1 = -1, leaving at = inf
   Increment on distance indicator: 6.0
   Increment on tard indicator:     0.0
   Value of tmax indicator:         6.0

Task for patient = 300 with skills = {2,3} and cost = 696.3
   Vehicle #0 = 13, leaving at = 864.0
   Vehicle #1 = 40, leaving at = 918.0
   Increment on distance indicator: 6.0
   Increment on tard indicator:     0.0
   Value of tmax indicator:         6.0

Task for patient = 293 with skills = {2,3} and cost = 694.3
   Vehicle #0 = 2, leaving at = 976.0
   Vehicle #1 = 34, leaving at = 981.0
   Increment on distance indicator: 6.0
   Increment on tard indicator:     0.0
   Value of tmax indicator:         6.0

Task for patient = 123 with skills = {4,-1} and cost = 692.3
   Vehicle #0 = 48, leaving at = 852.0
   Vehicle #1 = -1, leaving at = inf
   Increment on distance indicator: 6.0
   Increment on tard indicator:     0.0
   Value of tmax indicator:         6.0

Task for patient = 3 with skills = {4,-1} and cost = 690.3
   Vehicle #0 = 46, leaving at = 973.0
   Vehicle #1 = -1, leaving at = inf
   Increment on distance indicator: 2.0
   Increment on tard indicator:     0.0
   Value of tmax indicator:         2.0

Task for patient = 122 with skills = {4,-1} and cost = 674.3
   Vehicle #0 = 32, leaving at = 964.0
   Vehicle #1 = -1, leaving at = inf
   Increment on distance indicator: 2.0
   Increment on tard indicator:     0.0
   Value of tmax indicator:         2.0

Task for patient = 128 with skills = {1,5} and cost = 688.0
   Vehicle #0 = 24, leaving at = 831.0
   Vehicle #1 = 54, leaving at = 839.0
   Increment on distance indicator: 2.0
   Increment on tard indicator:     0.0
   Value of tmax indicator:         2.0

Task for patient = 101 with skills = {3,-1} and cost = 687.3
   Vehicle #0 = 51, leaving at = 839.0
   Vehicle #1 = -1, leaving at = inf
   Increment on distance indicator: 4.0
   Increment on tard indicator:     0.0
   Value of tmax indicator:         4.0

Task for patient = 218 with skills = {1,-1} and cost = 686.0
   Vehicle #0 = 20, leaving at = 849.0
   Vehicle #1 = -1, leaving at = inf
   Increment on distance indicator: 5.0
   Increment on tard indicator:     0.0
   Value of tmax indicator:         5.0

Task for patient = 161 with skills = {2,3} and cost = 684.3
   Vehicle #0 = 17, leaving at = 815.0
   Vehicle #1 = 51, leaving at = 792.0
   Increment on distance indicator: 3.0
   Increment on tard indicator:     0.0
   Value of tmax indicator:         3.0

Task for patient = 173 with skills = {3,-1} and cost = 683.3
   Vehicle #0 = 41, leaving at = 807.0
   Vehicle #1 = -1, leaving at = inf
   Increment on distance indicator: 11.0
   Increment on tard indicator:     0.0
   Value of tmax indicator:         11.0

Task for patient = 212 with skills = {3,-1} and cost = 679.7
   Vehicle #0 = 30, leaving at = 808.0
   Vehicle #1 = -1, leaving at = inf
   Increment on distance indicator: 2.0
   Increment on tard indicator:     0.0
   Value of tmax indicator:         2.0

Task for patient = 32 with skills = {4,-1} and cost = 679.0
   Vehicle #0 = 55, leaving at = 766.0
   Vehicle #1 = -1, leaving at = inf
   Increment on distance indicator: 5.0
   Increment on tard indicator:     0.0
   Value of tmax indicator:         5.0

Task for patient = 211 with skills = {4,-1} and cost = 677.3
   Vehicle #0 = 53, leaving at = 820.0
   Vehicle #1 = -1, leaving at = inf
   Increment on distance indicator: 3.0
   Increment on tard indicator:     0.0
   Value of tmax indicator:         3.0

Task for patient = 168 with skills = {1,-1} and cost = 676.3
   Vehicle #0 = 20, leaving at = 756.0
   Vehicle #1 = -1, leaving at = inf
   Increment on distance indicator: 6.0
   Increment on tard indicator:     0.0
   Value of tmax indicator:         6.0

Task for patient = 119 with skills = {3,-1} and cost = 689.7
   Vehicle #0 = 40, leaving at = 738.0
   Vehicle #1 = -1, leaving at = inf
   Increment on distance indicator: 5.0
   Increment on tard indicator:     0.0
   Value of tmax indicator:         5.0

Task for patient = 158 with skills = {3,-1} and cost = 902.7
   Vehicle #0 = 34, leaving at = 1009.0
   Vehicle #1 = -1, leaving at = inf
   Increment on distance indicator: 3.0
   Increment on tard indicator:     0.0
   Value of tmax indicator:         3.0

Task for patient = 142 with skills = {3,-1} and cost = 901.7
   Vehicle #0 = 30, leaving at = 1022.0
   Vehicle #1 = -1, leaving at = inf
   Increment on distance indicator: 9.0
   Increment on tard indicator:     0.0
   Value of tmax indicator:         9.0

Task for patient = 132 with skills = {3,-1} and cost = 898.7
   Vehicle #0 = 51, leaving at = 1001.0
   Vehicle #1 = -1, leaving at = inf
   Increment on distance indicator: 11.0
   Increment on tard indicator:     0.0
   Value of tmax indicator:         11.0

Task for patient = 29 with skills = {5,-1} and cost = 895.0
   Vehicle #0 = 55, leaving at = 963.0
   Vehicle #1 = -1, leaving at = inf
   Increment on distance indicator: 9.0
   Increment on tard indicator:     0.0
   Value of tmax indicator:         9.0

Task for patient = 206 with skills = {2,4} and cost = 892.0
   Vehicle #0 = 22, leaving at = 1018.0
   Vehicle #1 = 39, leaving at = 1032.0
   Increment on distance indicator: 8.0
   Increment on tard indicator:     0.0
   Value of tmax indicator:         8.0

Task for patient = 26 with skills = {1,-1} and cost = 889.3
   Vehicle #0 = 8, leaving at = 940.0
   Vehicle #1 = -1, leaving at = inf
   Increment on distance indicator: 8.0
   Increment on tard indicator:     0.0
   Value of tmax indicator:         8.0

Task for patient = 191 with skills = {5,-1} and cost = 886.7
   Vehicle #0 = 49, leaving at = 982.0
   Vehicle #1 = -1, leaving at = inf
   Increment on distance indicator: 4.0
   Increment on tard indicator:     0.0
   Value of tmax indicator:         4.0

Task for patient = 70 with skills = {0,4} and cost = 885.3
   Vehicle #0 = 4, leaving at = 1058.0
   Vehicle #1 = 45, leaving at = 1084.0
   Increment on distance indicator: 9.0
   Increment on tard indicator:     0.0
   Value of tmax indicator:         9.0

Task for patient = 10 with skills = {1,5} and cost = 788.0
   Vehicle #0 = 7, leaving at = 1043.0
   Vehicle #1 = 48, leaving at = 1064.0
   Increment on distance indicator: 6.0
   Increment on tard indicator:     0.0
   Value of tmax indicator:         6.0

Task for patient = 7 with skills = {5,-1} and cost = 881.0
   Vehicle #0 = 39, leaving at = 994.0
   Vehicle #1 = -1, leaving at = inf
   Increment on distance indicator: 3.0
   Increment on tard indicator:     0.0
   Value of tmax indicator:         3.0

Task for patient = 36 with skills = {3,-1} and cost = 880.0
   Vehicle #0 = 49, leaving at = 944.0
   Vehicle #1 = -1, leaving at = inf
   Increment on distance indicator: 2.0
   Increment on tard indicator:     0.0
   Value of tmax indicator:         2.0

Task for patient = 38 with skills = {3,-1} and cost = 879.3
   Vehicle #0 = 35, leaving at = 977.0
   Vehicle #1 = -1, leaving at = inf
   Increment on distance indicator: 9.0
   Increment on tard indicator:     0.0
   Value of tmax indicator:         9.0

Task for patient = 92 with skills = {5,-1} and cost = 876.3
   Vehicle #0 = 42, leaving at = 1046.0
   Vehicle #1 = -1, leaving at = inf
   Increment on distance indicator: 2.0
   Increment on tard indicator:     0.0
   Value of tmax indicator:         2.0

Task for patient = 247 with skills = {2,3} and cost = 875.7
   Vehicle #0 = 23, leaving at = 929.0
   Vehicle #1 = 58, leaving at = 946.0
   Increment on distance indicator: 7.0
   Increment on tard indicator:     0.0
   Value of tmax indicator:         7.0

Task for patient = 147 with skills = {0,4} and cost = 873.3
   Vehicle #0 = 6, leaving at = 937.0
   Vehicle #1 = 55, leaving at = 923.0
   Increment on distance indicator: 8.0
   Increment on tard indicator:     0.0
   Value of tmax indicator:         8.0

Task for patient = 21 with skills = {4,-1} and cost = 870.7
   Vehicle #0 = 31, leaving at = 998.0
   Vehicle #1 = -1, leaving at = inf
   Increment on distance indicator: 10.0
   Increment on tard indicator:     0.0
   Value of tmax indicator:         10.0

Task for patient = 285 with skills = {3,-1} and cost = 867.3
   Vehicle #0 = 38, leaving at = 841.0
   Vehicle #1 = -1, leaving at = inf
   Increment on distance indicator: 4.0
   Increment on tard indicator:     0.0
   Value of tmax indicator:         4.0

Task for patient = 234 with skills = {3,-1} and cost = 882.3
   Vehicle #0 = 30, leaving at = 953.0
   Vehicle #1 = -1, leaving at = inf
   Increment on distance indicator: 4.0
   Increment on tard indicator:     0.0
   Value of tmax indicator:         4.0

Task for patient = 269 with skills = {0,3} and cost = 957.3
   Vehicle #0 = 6, leaving at = 1030.0
   Vehicle #1 = 49, leaving at = 1005.0
   Increment on distance indicator: 10.0
   Increment on tard indicator:     0.0
   Value of tmax indicator:         10.0

Task for patient = 115 with skills = {4,-1} and cost = 953.3
   Vehicle #0 = 56, leaving at = 1109.0
   Vehicle #1 = -1, leaving at = inf
   Increment on distance indicator: 3.0
   Increment on tard indicator:     0.0
   Value of tmax indicator:         3.0

Task for patient = 253 with skills = {0,4} and cost = 952.3
   Vehicle #0 = 16, leaving at = 1049.0
   Vehicle #1 = 56, leaving at = 1049.0
   Increment on distance indicator: 11.0
   Increment on tard indicator:     0.0
   Value of tmax indicator:         11.0

Task for patient = 80 with skills = {2,3} and cost = 948.7
   Vehicle #0 = 11, leaving at = 1081.0
   Vehicle #1 = 47, leaving at = 1060.0
   Increment on distance indicator: 20.0
   Increment on tard indicator:     0.0
   Value of tmax indicator:         20.0

Task for patient = 272 with skills = {2,3} and cost = 942.0
   Vehicle #0 = 8, leaving at = 1002.0
   Vehicle #1 = 41, leaving at = 1000.0
   Increment on distance indicator: 10.0
   Increment on tard indicator:     0.0
   Value of tmax indicator:         10.0

Task for patient = 277 with skills = {1,4} and cost = 938.7
   Vehicle #0 = 9, leaving at = 1078.0
   Vehicle #1 = 36, leaving at = 1077.0
   Increment on distance indicator: 8.0
   Increment on tard indicator:     0.0
   Value of tmax indicator:         8.0

Task for patient = 39 with skills = {0,5} and cost = 936.0
   Vehicle #0 = 15, leaving at = 1035.0
   Vehicle #1 = 50, leaving at = 1018.0
   Increment on distance indicator: 12.0
   Increment on tard indicator:     0.0
   Value of tmax indicator:         12.0

Task for patient = 274 with skills = {5,-1} and cost = 932.0
   Vehicle #0 = 55, leaving at = 1049.0
   Vehicle #1 = -1, leaving at = inf
   Increment on distance indicator: 2.0
   Increment on tard indicator:     0.0
   Value of tmax indicator:         2.0

Task for patient = 71 with skills = {1,4} and cost = 906.7
   Vehicle #0 = 9, leaving at = 1048.0
   Vehicle #1 = 36, leaving at = 1044.0
   Increment on distance indicator: 12.0
   Increment on tard indicator:     0.0
   Value of tmax indicator:         12.0

Task for patient = 159 with skills = {5,-1} and cost = 929.7
   Vehicle #0 = 33, leaving at = 1064.0
   Vehicle #1 = -1, leaving at = inf
   Increment on distance indicator: 7.0
   Increment on tard indicator:     0.0
   Value of tmax indicator:         7.0

Task for patient = 250 with skills = {5,-1} and cost = 927.3
   Vehicle #0 = 34, leaving at = 1039.0
   Vehicle #1 = -1, leaving at = inf
   Increment on distance indicator: 3.0
   Increment on tard indicator:     0.0
   Value of tmax indicator:         3.0

Task for patient = 129 with skills = {2,5} and cost = 923.7
   Vehicle #0 = 25, leaving at = 969.0
   Vehicle #1 = 52, leaving at = 970.0
   Increment on distance indicator: 9.0
   Increment on tard indicator:     0.0
   Value of tmax indicator:         9.0

Task for patient = 48 with skills = {1,-1} and cost = 920.7
   Vehicle #0 = 14, leaving at = 1066.0
   Vehicle #1 = -1, leaving at = inf
   Increment on distance indicator: 3.0
   Increment on tard indicator:     0.0
   Value of tmax indicator:         3.0

Task for patient = 185 with skills = {0,5} and cost = 919.7
   Vehicle #0 = 19, leaving at = 833.0
   Vehicle #1 = 57, leaving at = 837.0
   Increment on distance indicator: 26.0
   Increment on tard indicator:     0.0
   Value of tmax indicator:         26.0

Task for patient = 263 with skills = {3,-1} and cost = 911.0
   Vehicle #0 = 32, leaving at = 1113.0
   Vehicle #1 = -1, leaving at = inf
   Increment on distance indicator: 4.0
   Increment on tard indicator:     0.0
   Value of tmax indicator:         4.0

Task for patient = 140 with skills = {0,-1} and cost = 909.7
   Vehicle #0 = 25, leaving at = 933.0
   Vehicle #1 = -1, leaving at = inf
   Increment on distance indicator: 5.0
   Increment on tard indicator:     0.0
   Value of tmax indicator:         5.0

Task for patient = 28 with skills = {5,-1} and cost = 908.0
   Vehicle #0 = 55, leaving at = 1014.0
   Vehicle #1 = -1, leaving at = inf
   Increment on distance indicator: 4.0
   Increment on tard indicator:     0.0
   Value of tmax indicator:         4.0

Task for patient = 178 with skills = {0,-1} and cost = 931.3
   Vehicle #0 = 0, leaving at = 969.0
   Vehicle #1 = -1, leaving at = inf
   Increment on distance indicator: 5.0
   Increment on tard indicator:     0.0
   Value of tmax indicator:         5.0

Task for patient = 94 with skills = {1,-1} and cost = 825.0
   Vehicle #0 = 24, leaving at = 943.0
   Vehicle #1 = -1, leaving at = inf
   Increment on distance indicator: 2.0
   Increment on tard indicator:     0.0
   Value of tmax indicator:         2.0

Task for patient = 6 with skills = {2,4} and cost = 824.3
   Vehicle #0 = 17, leaving at = 1052.0
   Vehicle #1 = 33, leaving at = 1020.0
   Increment on distance indicator: 9.0
   Increment on tard indicator:     0.0
   Value of tmax indicator:         9.0

Task for patient = 194 with skills = {5,-1} and cost = 821.3
   Vehicle #0 = 52, leaving at = 901.0
   Vehicle #1 = -1, leaving at = inf
   Increment on distance indicator: 5.0
   Increment on tard indicator:     0.0
   Value of tmax indicator:         5.0

Task for patient = 49 with skills = {4,-1} and cost = 819.7
   Vehicle #0 = 45, leaving at = 875.0
   Vehicle #1 = -1, leaving at = inf
   Increment on distance indicator: 11.0
   Increment on tard indicator:     0.0
   Value of tmax indicator:         11.0

Task for patient = 256 with skills = {0,-1} and cost = 816.0
   Vehicle #0 = 6, leaving at = 826.0
   Vehicle #1 = -1, leaving at = inf
   Increment on distance indicator: 6.0
   Increment on tard indicator:     0.0
   Value of tmax indicator:         6.0

Task for patient = 41 with skills = {1,-1} and cost = 814.0
   Vehicle #0 = 13, leaving at = 1034.0
   Vehicle #1 = -1, leaving at = inf
   Increment on distance indicator: 5.0
   Increment on tard indicator:     0.0
   Value of tmax indicator:         5.0

Task for patient = 137 with skills = {3,-1} and cost = 809.3
   Vehicle #0 = 51, leaving at = 951.0
   Vehicle #1 = -1, leaving at = inf
   Increment on distance indicator: 9.0
   Increment on tard indicator:     0.0
   Value of tmax indicator:         9.0

Task for patient = 110 with skills = {5,-1} and cost = 806.3
   Vehicle #0 = 49, leaving at = 793.0
   Vehicle #1 = -1, leaving at = inf
   Increment on distance indicator: 3.0
   Increment on tard indicator:     0.0
   Value of tmax indicator:         3.0

Task for patient = 179 with skills = {1,-1} and cost = 866.0
   Vehicle #0 = 4, leaving at = 990.0
   Vehicle #1 = -1, leaving at = inf
   Increment on distance indicator: 9.0
   Increment on tard indicator:     0.0
   Value of tmax indicator:         9.0

Task for patient = 268 with skills = {4,-1} and cost = 805.0
   Vehicle #0 = 55, leaving at = 890.0
   Vehicle #1 = -1, leaving at = inf
   Increment on distance indicator: 6.0
   Increment on tard indicator:     0.0
   Value of tmax indicator:         6.0

Task for patient = 24 with skills = {1,4} and cost = 803.0
   Vehicle #0 = 20, leaving at = 1012.0
   Vehicle #1 = 32, leaving at = 1017.0
   Increment on distance indicator: 13.0
   Increment on tard indicator:     0.0
   Value of tmax indicator:         13.0

Task for patient = 102 with skills = {1,-1} and cost = 798.7
   Vehicle #0 = 13, leaving at = 973.0
   Vehicle #1 = -1, leaving at = inf
   Increment on distance indicator: 2.0
   Increment on tard indicator:     0.0
   Value of tmax indicator:         2.0

Task for patient = 202 with skills = {2,5} and cost = 798.0
   Vehicle #0 = 25, leaving at = 829.0
   Vehicle #1 = 45, leaving at = 817.0
   Increment on distance indicator: 9.0
   Increment on tard indicator:     0.0
   Value of tmax indicator:         9.0

Task for patient = 149 with skills = {5,-1} and cost = 795.0
   Vehicle #0 = 43, leaving at = 1013.0
   Vehicle #1 = -1, leaving at = inf
   Increment on distance indicator: 7.0
   Increment on tard indicator:     0.0
   Value of tmax indicator:         7.0

Task for patient = 15 with skills = {2,-1} and cost = 792.7
   Vehicle #0 = 25, leaving at = 782.0
   Vehicle #1 = -1, leaving at = inf
   Increment on distance indicator: 14.0
   Increment on tard indicator:     0.0
   Value of tmax indicator:         14.0

Task for patient = 19 with skills = {0,-1} and cost = 634.0
   Vehicle #0 = 3, leaving at = 877.0
   Vehicle #1 = -1, leaving at = inf
   Increment on distance indicator: 1.0
   Increment on tard indicator:     0.0
   Value of tmax indicator:         1.0

Task for patient = 57 with skills = {2,3} and cost = 786.0
   Vehicle #0 = 5, leaving at = 1033.0
   Vehicle #1 = 40, leaving at = 1028.0
   Increment on distance indicator: 3.0
   Increment on tard indicator:     0.0
   Value of tmax indicator:         3.0

Task for patient = 181 with skills = {4,-1} and cost = 805.3
   Vehicle #0 = 58, leaving at = 897.0
   Vehicle #1 = -1, leaving at = inf
   Increment on distance indicator: 1.0
   Increment on tard indicator:     0.0
   Value of tmax indicator:         1.0

Task for patient = 210 with skills = {4,-1} and cost = 863.0
   Vehicle #0 = 45, leaving at = 1021.0
   Vehicle #1 = -1, leaving at = inf
   Increment on distance indicator: 5.0
   Increment on tard indicator:     0.0
   Value of tmax indicator:         5.0

Task for patient = 289 with skills = {1,-1} and cost = 861.3
   Vehicle #0 = 11, leaving at = 1017.0
   Vehicle #1 = -1, leaving at = inf
   Increment on distance indicator: 3.0
   Increment on tard indicator:     0.0
   Value of tmax indicator:         3.0

Task for patient = 139 with skills = {3,-1} and cost = 860.3
   Vehicle #0 = 56, leaving at = 985.0
   Vehicle #1 = -1, leaving at = inf
   Increment on distance indicator: 5.0
   Increment on tard indicator:     0.0
   Value of tmax indicator:         5.0

Task for patient = 196 with skills = {0,-1} and cost = 858.7
   Vehicle #0 = 15, leaving at = 962.0
   Vehicle #1 = -1, leaving at = inf
   Increment on distance indicator: 4.0
   Increment on tard indicator:     0.0
   Value of tmax indicator:         4.0

Task for patient = 287 with skills = {0,4} and cost = 857.3
   Vehicle #0 = 16, leaving at = 954.0
   Vehicle #1 = 56, leaving at = 960.0
   Increment on distance indicator: 9.0
   Increment on tard indicator:     0.0
   Value of tmax indicator:         9.0

Task for patient = 187 with skills = {4,-1} and cost = 854.3
   Vehicle #0 = 36, leaving at = 1010.0
   Vehicle #1 = -1, leaving at = inf
   Increment on distance indicator: 4.0
   Increment on tard indicator:     0.0
   Value of tmax indicator:         4.0

Task for patient = 258 with skills = {5,-1} and cost = 853.0
   Vehicle #0 = 36, leaving at = 950.0
   Vehicle #1 = -1, leaving at = inf
   Increment on distance indicator: 3.0
   Increment on tard indicator:     0.0
   Value of tmax indicator:         3.0

Task for patient = 214 with skills = {0,4} and cost = 852.0
   Vehicle #0 = 14, leaving at = 1024.0
   Vehicle #1 = 42, leaving at = 1011.0
   Increment on distance indicator: 4.0
   Increment on tard indicator:     0.0
   Value of tmax indicator:         4.0

Task for patient = 86 with skills = {0,5} and cost = 828.7
   Vehicle #0 = 0, leaving at = 925.0
   Vehicle #1 = 45, leaving at = 930.0
   Increment on distance indicator: 11.0
   Increment on tard indicator:     0.0
   Value of tmax indicator:         11.0

Task for patient = 64 with skills = {4,-1} and cost = 846.3
   Vehicle #0 = 32, leaving at = 1073.0
   Vehicle #1 = -1, leaving at = inf
   Increment on distance indicator: 6.0
   Increment on tard indicator:     0.0
   Value of tmax indicator:         6.0

Task for patient = 145 with skills = {0,4} and cost = 844.3
   Vehicle #0 = 24, leaving at = 996.0
   Vehicle #1 = 59, leaving at = 1011.0
   Increment on distance indicator: 7.0
   Increment on tard indicator:     0.0
   Value of tmax indicator:         7.0

Task for patient = 60 with skills = {1,5} and cost = 842.0
   Vehicle #0 = 21, leaving at = 948.0
   Vehicle #1 = 44, leaving at = 967.0
   Increment on distance indicator: 20.0
   Increment on tard indicator:     0.0
   Value of tmax indicator:         20.0

Task for patient = 238 with skills = {5,-1} and cost = 835.3
   Vehicle #0 = 52, leaving at = 938.0
   Vehicle #1 = -1, leaving at = inf
   Increment on distance indicator: 5.0
   Increment on tard indicator:     0.0
   Value of tmax indicator:         5.0

Task for patient = 67 with skills = {5,-1} and cost = 833.7
   Vehicle #0 = 46, leaving at = 1065.0
   Vehicle #1 = -1, leaving at = inf
   Increment on distance indicator: 6.0
   Increment on tard indicator:     0.0
   Value of tmax indicator:         6.0

Task for patient = 283 with skills = {3,-1} and cost = 831.7
   Vehicle #0 = 59, leaving at = 835.0
   Vehicle #1 = -1, leaving at = inf
   Increment on distance indicator: 0.0
   Increment on tard indicator:     0.0
   Value of tmax indicator:         0.0

Task for patient = 98 with skills = {3,-1} and cost = 831.7
   Vehicle #0 = 49, leaving at = 850.0
   Vehicle #1 = -1, leaving at = inf
   Increment on distance indicator: 4.0
   Increment on tard indicator:     0.0
   Value of tmax indicator:         4.0

Task for patient = 219 with skills = {3,-1} and cost = 830.3
   Vehicle #0 = 30, leaving at = 924.0
   Vehicle #1 = -1, leaving at = inf
   Increment on distance indicator: 2.0
   Increment on tard indicator:     0.0
   Value of tmax indicator:         2.0

Task for patient = 83 with skills = {0,-1} and cost = 829.7
   Vehicle #0 = 12, leaving at = 1080.0
   Vehicle #1 = -1, leaving at = inf
   Increment on distance indicator: 3.0
   Increment on tard indicator:     0.0
   Value of tmax indicator:         3.0

Task for patient = 241 with skills = {2,3} and cost = 850.7
   Vehicle #0 = 1, leaving at = 992.0
   Vehicle #1 = 45, leaving at = 962.0
   Increment on distance indicator: 13.0
   Increment on tard indicator:     0.0
   Value of tmax indicator:         13.0

Task for patient = 174 with skills = {1,4} and cost = 301.7
   Vehicle #0 = 7, leaving at = 777.0
   Vehicle #1 = 39, leaving at = 791.0
   Increment on distance indicator: 8.0
   Increment on tard indicator:     0.0
   Value of tmax indicator:         8.0

Task for patient = 148 with skills = {0,-1} and cost = 299.0
   Vehicle #0 = 3, leaving at = 835.0
   Vehicle #1 = -1, leaving at = inf
   Increment on distance indicator: 2.0
   Increment on tard indicator:     0.0
   Value of tmax indicator:         2.0

Task for patient = 204 with skills = {3,-1} and cost = 298.3
   Vehicle #0 = 43, leaving at = 767.0
   Vehicle #1 = -1, leaving at = inf
   Increment on distance indicator: 5.0
   Increment on tard indicator:     0.0
   Value of tmax indicator:         5.0

Task for patient = 177 with skills = {5,-1} and cost = 296.7
   Vehicle #0 = 45, leaving at = 577.0
   Vehicle #1 = -1, leaving at = inf
   Increment on distance indicator: 26.0
   Increment on tard indicator:     0.0
   Value of tmax indicator:         26.0

Task for patient = 237 with skills = {0,-1} and cost = 288.0
   Vehicle #0 = 0, leaving at = 675.0
   Vehicle #1 = -1, leaving at = inf
   Increment on distance indicator: 13.0
   Increment on tard indicator:     0.0
   Value of tmax indicator:         13.0

Task for patient = 226 with skills = {1,4} and cost = 283.7
   Vehicle #0 = 9, leaving at = 782.0
   Vehicle #1 = 42, leaving at = 792.0
   Increment on distance indicator: 4.0
   Increment on tard indicator:     0.0
   Value of tmax indicator:         4.0

Task for patient = 116 with skills = {2,5} and cost = 282.3
   Vehicle #0 = 4, leaving at = 828.0
   Vehicle #1 = 35, leaving at = 828.0
   Increment on distance indicator: 4.0
   Increment on tard indicator:     0.0
   Value of tmax indicator:         4.0

Task for patient = 207 with skills = {5,-1} and cost = 281.0
   Vehicle #0 = 35, leaving at = 745.0
   Vehicle #1 = -1, leaving at = inf
   Increment on distance indicator: 4.0
   Increment on tard indicator:     0.0
   Value of tmax indicator:         4.0

Task for patient = 95 with skills = {5,-1} and cost = 633.7
   Vehicle #0 = 52, leaving at = 543.0
   Vehicle #1 = -1, leaving at = inf
   Increment on distance indicator: 29.0
   Increment on tard indicator:     0.0
   Value of tmax indicator:         29.0

Task for patient = 152 with skills = {3,-1} and cost = 269.7
   Vehicle #0 = 39, leaving at = 718.0
   Vehicle #1 = -1, leaving at = inf
   Increment on distance indicator: 6.0
   Increment on tard indicator:     0.0
   Value of tmax indicator:         6.0

Task for patient = 227 with skills = {4,-1} and cost = 267.7
   Vehicle #0 = 44, leaving at = 701.0
   Vehicle #1 = -1, leaving at = inf
   Increment on distance indicator: 3.0
   Increment on tard indicator:     0.0
   Value of tmax indicator:         3.0

Task for patient = 224 with skills = {0,5} and cost = 266.7
   Vehicle #0 = 0, leaving at = 579.0
   Vehicle #1 = 44, leaving at = 611.0
   Increment on distance indicator: 52.0
   Increment on tard indicator:     0.0
   Value of tmax indicator:         52.0

Task for patient = 77 with skills = {1,4} and cost = 249.3
   Vehicle #0 = 7, leaving at = 727.0
   Vehicle #1 = 43, leaving at = 705.0
   Increment on distance indicator: 17.0
   Increment on tard indicator:     0.0
   Value of tmax indicator:         17.0

Task for patient = 182 with skills = {2,-1} and cost = 243.7
   Vehicle #0 = 5, leaving at = 782.0
   Vehicle #1 = -1, leaving at = inf
   Increment on distance indicator: 4.0
   Increment on tard indicator:     0.0
   Value of tmax indicator:         4.0

Task for patient = 165 with skills = {3,-1} and cost = 242.3
   Vehicle #0 = 43, leaving at = 572.0
   Vehicle #1 = -1, leaving at = inf
   Increment on distance indicator: 2.0
   Increment on tard indicator:     0.0
   Value of tmax indicator:         2.0

Task for patient = 153 with skills = {5,-1} and cost = 241.7
   Vehicle #0 = 43, leaving at = 545.0
   Vehicle #1 = -1, leaving at = inf
   Increment on distance indicator: 28.0
   Increment on tard indicator:     0.0
   Value of tmax indicator:         28.0

Task for patient = 189 with skills = {2,3} and cost = 232.3
   Vehicle #0 = 9, leaving at = 688.0
   Vehicle #1 = 42, leaving at = 741.0
   Increment on distance indicator: 25.0
   Increment on tard indicator:     0.0
   Value of tmax indicator:         25.0

Task for patient = 261 with skills = {0,3} and cost = 279.7
   Vehicle #0 = 0, leaving at = 622.0
   Vehicle #1 = 40, leaving at = 629.0
   Increment on distance indicator: 30.0
   Increment on tard indicator:     0.0
   Value of tmax indicator:         30.0

Task for patient = 113 with skills = {4,-1} and cost = 357.3
   Vehicle #0 = 45, leaving at = 691.0
   Vehicle #1 = -1, leaving at = inf
   Increment on distance indicator: 2.0
   Increment on tard indicator:     0.0
   Value of tmax indicator:         2.0

Task for patient = 205 with skills = {0,-1} and cost = 356.7
   Vehicle #0 = 11, leaving at = 758.0
   Vehicle #1 = -1, leaving at = inf
   Increment on distance indicator: 2.0
   Increment on tard indicator:     0.0
   Value of tmax indicator:         2.0

Task for patient = 288 with skills = {3,-1} and cost = 356.0
   Vehicle #0 = 46, leaving at = 634.0
   Vehicle #1 = -1, leaving at = inf
   Increment on distance indicator: 19.0
   Increment on tard indicator:     0.0
   Value of tmax indicator:         19.0

Task for patient = 281 with skills = {1,-1} and cost = 349.7
   Vehicle #0 = 9, leaving at = 809.0
   Vehicle #1 = -1, leaving at = inf
   Increment on distance indicator: 1.0
   Increment on tard indicator:     0.0
   Value of tmax indicator:         1.0

Task for patient = 284 with skills = {1,-1} and cost = 349.3
   Vehicle #0 = 11, leaving at = 720.0
   Vehicle #1 = -1, leaving at = inf
   Increment on distance indicator: 11.0
   Increment on tard indicator:     0.0
   Value of tmax indicator:         11.0

Task for patient = 146 with skills = {3,-1} and cost = 345.7
   Vehicle #0 = 30, leaving at = 772.0
   Vehicle #1 = -1, leaving at = inf
   Increment on distance indicator: 3.0
   Increment on tard indicator:     0.0
   Value of tmax indicator:         3.0

Task for patient = 18 with skills = {5,-1} and cost = 344.7
   Vehicle #0 = 46, leaving at = 595.0
   Vehicle #1 = -1, leaving at = inf
   Increment on distance indicator: 13.0
   Increment on tard indicator:     0.0
   Value of tmax indicator:         13.0

Task for patient = 104 with skills = {4,-1} and cost = 340.3
   Vehicle #0 = 32, leaving at = 902.0
   Vehicle #1 = -1, leaving at = inf
   Increment on distance indicator: 4.0
   Increment on tard indicator:     0.0
   Value of tmax indicator:         4.0

Task for patient = 246 with skills = {4,-1} and cost = 303.0
   Vehicle #0 = 36, leaving at = 790.0
   Vehicle #1 = -1, leaving at = inf
   Increment on distance indicator: 4.0
   Increment on tard indicator:     0.0
   Value of tmax indicator:         4.0

Task for patient = 199 with skills = {1,3} and cost = 333.7
   Vehicle #0 = 4, leaving at = 859.0
   Vehicle #1 = 35, leaving at = 860.0
   Increment on distance indicator: 16.0
   Increment on tard indicator:     0.0
   Value of tmax indicator:         16.0

Task for patient = 233 with skills = {2,5} and cost = 328.3
   Vehicle #0 = 2, leaving at = 815.0
   Vehicle #1 = 34, leaving at = 846.0
   Increment on distance indicator: 4.0
   Increment on tard indicator:     0.0
   Value of tmax indicator:         4.0

Task for patient = 231 with skills = {1,5} and cost = 327.0
   Vehicle #0 = 11, leaving at = 594.0
   Vehicle #1 = 45, leaving at = 645.0
   Increment on distance indicator: 16.0
   Increment on tard indicator:     0.0
   Value of tmax indicator:         16.0

Task for patient = 245 with skills = {3,-1} and cost = 321.7
   Vehicle #0 = 40, leaving at = 648.0
   Vehicle #1 = -1, leaving at = inf
   Increment on distance indicator: 4.0
   Increment on tard indicator:     0.0
   Value of tmax indicator:         4.0

Task for patient = 12 with skills = {3,-1} and cost = 320.3
   Vehicle #0 = 43, leaving at = 828.0
   Vehicle #1 = -1, leaving at = inf
   Increment on distance indicator: 7.0
   Increment on tard indicator:     0.0
   Value of tmax indicator:         7.0

Task for patient = 298 with skills = {5,-1} and cost = 318.0
   Vehicle #0 = 36, leaving at = 810.0
   Vehicle #1 = -1, leaving at = inf
   Increment on distance indicator: 2.0
   Increment on tard indicator:     0.0
   Value of tmax indicator:         2.0

Task for patient = 33 with skills = {2,-1} and cost = 317.3
   Vehicle #0 = 5, leaving at = 889.0
   Vehicle #1 = -1, leaving at = inf
   Increment on distance indicator: 2.0
   Increment on tard indicator:     0.0
   Value of tmax indicator:         2.0

Task for patient = 131 with skills = {1,5} and cost = 316.7
   Vehicle #0 = 8, leaving at = 812.0
   Vehicle #1 = 37, leaving at = 826.0
   Increment on distance indicator: 12.0
   Increment on tard indicator:     0.0
   Value of tmax indicator:         12.0

Task for patient = 111 with skills = {2,-1} and cost = 312.7
   Vehicle #0 = 11, leaving at = 574.0
   Vehicle #1 = -1, leaving at = inf
   Increment on distance indicator: 29.0
   Increment on tard indicator:     0.0
   Value of tmax indicator:         29.0

Task for patient = 8 with skills = {2,-1} and cost = 339.0
   Vehicle #0 = 11, leaving at = 652.0
   Vehicle #1 = -1, leaving at = inf
   Increment on distance indicator: 16.0
   Increment on tard indicator:     0.0
   Value of tmax indicator:         16.0

Task for patient = 61 with skills = {0,-1} and cost = 132.3
   Vehicle #0 = 3, leaving at = 627.0
   Vehicle #1 = -1, leaving at = inf
   Increment on distance indicator: 9.0
   Increment on tard indicator:     0.0
   Value of tmax indicator:         9.0

Task for patient = 266 with skills = {1,5} and cost = 129.3
   Vehicle #0 = 7, leaving at = 557.0
   Vehicle #1 = 34, leaving at = 553.0
   Increment on distance indicator: 64.0
   Increment on tard indicator:     0.0
   Value of tmax indicator:         64.0

Task for patient = 276 with skills = {2,-1} and cost = 108.0
   Vehicle #0 = 3, leaving at = 567.0
   Vehicle #1 = -1, leaving at = inf
   Increment on distance indicator: 26.0
   Increment on tard indicator:     0.0
   Value of tmax indicator:         26.0

Task for patient = 235 with skills = {2,4} and cost = 99.3
   Vehicle #0 = 2, leaving at = 676.0
   Vehicle #1 = 36, leaving at = 681.0
   Increment on distance indicator: 32.0
   Increment on tard indicator:     0.0
   Value of tmax indicator:         32.0

Task for patient = 118 with skills = {0,-1} and cost = 88.7
   Vehicle #0 = 4, leaving at = 772.0
   Vehicle #1 = -1, leaving at = inf
   Increment on distance indicator: 4.0
   Increment on tard indicator:     0.0
   Value of tmax indicator:         4.0

Task for patient = 25 with skills = {0,4} and cost = 87.3
   Vehicle #0 = 4, leaving at = 684.0
   Vehicle #1 = 35, leaving at = 699.0
   Increment on distance indicator: 27.0
   Increment on tard indicator:     0.0
   Value of tmax indicator:         27.0

Task for patient = 117 with skills = {5,-1} and cost = 78.3
   Vehicle #0 = 31, leaving at = 736.0
   Vehicle #1 = -1, leaving at = inf
   Increment on distance indicator: 6.0
   Increment on tard indicator:     0.0
   Value of tmax indicator:         6.0

Task for patient = 136 with skills = {5,-1} and cost = 76.3
   Vehicle #0 = 33, leaving at = 807.0
   Vehicle #1 = -1, leaving at = inf
   Increment on distance indicator: 6.0
   Increment on tard indicator:     0.0
   Value of tmax indicator:         6.0

Task for patient = 54 with skills = {4,-1} and cost = 224.0
   Vehicle #0 = 42, leaving at = 684.0
   Vehicle #1 = -1, leaving at = inf
   Increment on distance indicator: 9.0
   Increment on tard indicator:     0.0
   Value of tmax indicator:         9.0

Task for patient = 221 with skills = {3,-1} and cost = 70.0
   Vehicle #0 = 33, leaving at = 570.0
   Vehicle #1 = -1, leaving at = inf
   Increment on distance indicator: 23.0
   Increment on tard indicator:     0.0
   Value of tmax indicator:         23.0

Task for patient = 56 with skills = {0,4} and cost = 62.3
   Vehicle #0 = 1, leaving at = 710.0
   Vehicle #1 = 32, leaving at = 702.0
   Increment on distance indicator: 18.0
   Increment on tard indicator:     0.0
   Value of tmax indicator:         18.0

Task for patient = 59 with skills = {1,3} and cost = 56.3
   Vehicle #0 = 4, leaving at = 586.0
   Vehicle #1 = 32, leaving at = 610.0
   Increment on distance indicator: 36.0
   Increment on tard indicator:     0.0
   Value of tmax indicator:         36.0

Task for patient = 151 with skills = {3,-1} and cost = 44.3
   Vehicle #0 = 30, leaving at = 627.0
   Vehicle #1 = -1, leaving at = inf
   Increment on distance indicator: 12.0
   Increment on tard indicator:     0.0
   Value of tmax indicator:         12.0

Task for patient = 195 with skills = {2,4} and cost = 40.3
   Vehicle #0 = 2, leaving at = 617.0
   Vehicle #1 = 31, leaving at = 616.0
   Increment on distance indicator: 12.0
   Increment on tard indicator:     0.0
   Value of tmax indicator:         12.0

Task for patient = 74 with skills = {1,-1} and cost = 36.3
   Vehicle #0 = 2, leaving at = 554.0
   Vehicle #1 = -1, leaving at = inf
   Increment on distance indicator: 29.0
   Increment on tard indicator:     0.0
   Value of tmax indicator:         29.0

Task for patient = 68 with skills = {2,-1} and cost = 26.7
   Vehicle #0 = 1, leaving at = 592.0
   Vehicle #1 = -1, leaving at = inf
   Increment on distance indicator: 29.0
   Increment on tard indicator:     0.0
   Value of tmax indicator:         29.0

Task for patient = 17 with skills = {5,-1} and cost = 17.0
   Vehicle #0 = 31, leaving at = 547.0
   Vehicle #1 = -1, leaving at = inf
   Increment on distance indicator: 29.0
   Increment on tard indicator:     0.0
   Value of tmax indicator:         29.0

Task for patient = 126 with skills = {3,-1} and cost = 7.3
   Vehicle #0 = 30, leaving at = 555.0
   Vehicle #1 = -1, leaving at = inf
   Increment on distance indicator: 22.0
   Increment on tard indicator:     0.0
   Value of tmax indicator:         22.0

Task for patient = 31 with skills = {2,4} and cost = 74.3
   Vehicle #0 = 4, leaving at = 645.0
   Vehicle #1 = 33, leaving at = 660.0
   Increment on distance indicator: 13.0
   Increment on tard indicator:     0.0
   Value of tmax indicator:         13.0

Task for patient = 78 with skills = {5,-1} and cost = 221.0
   Vehicle #0 = 42, leaving at = 638.0
   Vehicle #1 = -1, leaving at = inf
   Increment on distance indicator: 5.0
   Increment on tard indicator:     0.0
   Value of tmax indicator:         5.0

Task for patient = 114 with skills = {5,-1} and cost = 219.3
   Vehicle #0 = 42, leaving at = 522.0
   Vehicle #1 = -1, leaving at = inf
   Increment on distance indicator: 29.0
   Increment on tard indicator:     0.0
   Value of tmax indicator:         29.0

Task for patient = 135 with skills = {1,-1} and cost = 209.7
   Vehicle #0 = 2, leaving at = 771.0
   Vehicle #1 = -1, leaving at = inf
   Increment on distance indicator: 4.0
   Increment on tard indicator:     0.0
   Value of tmax indicator:         4.0

Task for patient = 208 with skills = {2,3} and cost = 208.3
   Vehicle #0 = 5, leaving at = 725.0
   Vehicle #1 = 38, leaving at = 752.0
   Increment on distance indicator: 8.0
   Increment on tard indicator:     0.0
   Value of tmax indicator:         8.0

Task for patient = 93 with skills = {0,4} and cost = 205.7
   Vehicle #0 = 1, leaving at = 884.0
   Vehicle #1 = 32, leaving at = 876.0
   Increment on distance indicator: 12.0
   Increment on tard indicator:     0.0
   Value of tmax indicator:         12.0

Task for patient = 99 with skills = {0,-1} and cost = 201.7
   Vehicle #0 = 1, leaving at = 796.0
   Vehicle #1 = -1, leaving at = inf
   Increment on distance indicator: 8.0
   Increment on tard indicator:     0.0
   Value of tmax indicator:         8.0

Task for patient = 183 with skills = {2,4} and cost = 199.0
   Vehicle #0 = 9, leaving at = 622.0
   Vehicle #1 = 41, leaving at = 627.0
   Increment on distance indicator: 22.0
   Increment on tard indicator:     0.0
   Value of tmax indicator:         22.0

Task for patient = 271 with skills = {1,3} and cost = 191.7
   Vehicle #0 = 7, leaving at = 667.0
   Vehicle #1 = 39, leaving at = 689.0
   Increment on distance indicator: 11.0
   Increment on tard indicator:     0.0
   Value of tmax indicator:         11.0

Task for patient = 120 with skills = {3,-1} and cost = 136.0
   Vehicle #0 = 37, leaving at = 684.0
   Vehicle #1 = -1, leaving at = inf
   Increment on distance indicator: 11.0
   Increment on tard indicator:     0.0
   Value of tmax indicator:         11.0

Task for patient = 154 with skills = {3,-1} and cost = 178.3
   Vehicle #0 = 39, leaving at = 623.0
   Vehicle #1 = -1, leaving at = inf
   Increment on distance indicator: 14.0
   Increment on tard indicator:     0.0
   Value of tmax indicator:         14.0

Task for patient = 63 with skills = {5,-1} and cost = 173.7
   Vehicle #0 = 34, leaving at = 750.0
   Vehicle #1 = -1, leaving at = inf
   Increment on distance indicator: 2.0
   Increment on tard indicator:     0.0
   Value of tmax indicator:         2.0

Task for patient = 133 with skills = {2,4} and cost = 173.0
   Vehicle #0 = 5, leaving at = 696.0
   Vehicle #1 = 36, leaving at = 728.0
   Increment on distance indicator: 16.0
   Increment on tard indicator:     0.0
   Value of tmax indicator:         16.0

Task for patient = 278 with skills = {4,-1} and cost = 167.7
   Vehicle #0 = 32, leaving at = 820.0
   Vehicle #1 = -1, leaving at = inf
   Increment on distance indicator: 7.0
   Increment on tard indicator:     0.0
   Value of tmax indicator:         7.0

Task for patient = 37 with skills = {1,5} and cost = 163.3
   Vehicle #0 = 8, leaving at = 745.0
   Vehicle #1 = 37, leaving at = 707.0
   Increment on distance indicator: 16.0
   Increment on tard indicator:     0.0
   Value of tmax indicator:         16.0

Task for patient = 50 with skills = {3,-1} and cost = 158.0
   Vehicle #0 = 30, leaving at = 705.0
   Vehicle #1 = -1, leaving at = inf
   Increment on distance indicator: 1.0
   Increment on tard indicator:     0.0
   Value of tmax indicator:         1.0

Task for patient = 239 with skills = {2,5} and cost = 157.7
   Vehicle #0 = 2, leaving at = 741.0
   Vehicle #1 = 34, leaving at = 725.0
   Increment on distance indicator: 9.0
   Increment on tard indicator:     0.0
   Value of tmax indicator:         9.0

Task for patient = 240 with skills = {2,4} and cost = 154.7
   Vehicle #0 = 5, leaving at = 556.0
   Vehicle #1 = 39, leaving at = 582.0
   Increment on distance indicator: 46.0
   Increment on tard indicator:     0.0
   Value of tmax indicator:         46.0

Task for patient = 22 with skills = {0,4} and cost = 139.3
   Vehicle #0 = 1, leaving at = 737.0
   Vehicle #1 = 32, leaving at = 760.0
   Increment on distance indicator: 10.0
   Increment on tard indicator:     0.0
   Value of tmax indicator:         10.0

Task for patient = 55 with skills = {3,-1} and cost = 188.0
   Vehicle #0 = 38, leaving at = 520.0
   Vehicle #1 = -1, leaving at = inf
   Increment on distance indicator: 29.0
   Increment on tard indicator:     0.0
   Value of tmax indicator:         29.0

Task for patient = 243 with skills = {4,-1} and cost = 568.7
   Vehicle #0 = 42, leaving at = 932.0
   Vehicle #1 = -1, leaving at = inf
   Increment on distance indicator: 4.0
   Increment on tard indicator:     0.0
   Value of tmax indicator:         4.0

Task for patient = 4 with skills = {1,3} and cost = 567.3
   Vehicle #0 = 20, leaving at = 622.0
   Vehicle #1 = 51, leaving at = 618.0
   Increment on distance indicator: 34.0
   Increment on tard indicator:     0.0
   Value of tmax indicator:         34.0

Task for patient = 9 with skills = {0,-1} and cost = 556.0
   Vehicle #0 = 12, leaving at = 953.0
   Vehicle #1 = -1, leaving at = inf
   Increment on distance indicator: 3.0
   Increment on tard indicator:     0.0
   Value of tmax indicator:         3.0

Task for patient = 164 with skills = {0,-1} and cost = 555.0
   Vehicle #0 = 10, leaving at = 632.0
   Vehicle #1 = -1, leaving at = inf
   Increment on distance indicator: 2.0
   Increment on tard indicator:     0.0
   Value of tmax indicator:         2.0

Task for patient = 72 with skills = {2,-1} and cost = 554.3
   Vehicle #0 = 13, leaving at = 735.0
   Vehicle #1 = -1, leaving at = inf
   Increment on distance indicator: 25.0
   Increment on tard indicator:     0.0
   Value of tmax indicator:         25.0

Task for patient = 280 with skills = {0,4} and cost = 546.0
   Vehicle #0 = 21, leaving at = 729.0
   Vehicle #1 = 53, leaving at = 727.0
   Increment on distance indicator: 6.0
   Increment on tard indicator:     0.0
   Value of tmax indicator:         6.0

Task for patient = 297 with skills = {1,-1} and cost = 544.0
   Vehicle #0 = 21, leaving at = 681.0
   Vehicle #1 = -1, leaving at = inf
   Increment on distance indicator: 17.0
   Increment on tard indicator:     0.0
   Value of tmax indicator:         17.0

Task for patient = 162 with skills = {4,-1} and cost = 538.3
   Vehicle #0 = 53, leaving at = 673.0
   Vehicle #1 = -1, leaving at = inf
   Increment on distance indicator: 5.0
   Increment on tard indicator:     0.0
   Value of tmax indicator:         5.0

Task for patient = 90 with skills = {2,4} and cost = 369.3
   Vehicle #0 = 13, leaving at = 673.0
   Vehicle #1 = 47, leaving at = 721.0
   Increment on distance indicator: 36.0
   Increment on tard indicator:     0.0
   Value of tmax indicator:         36.0

Task for patient = 84 with skills = {2,-1} and cost = 526.3
   Vehicle #0 = 15, leaving at = 876.0
   Vehicle #1 = -1, leaving at = inf
   Increment on distance indicator: 6.0
   Increment on tard indicator:     0.0
   Value of tmax indicator:         6.0

Task for patient = 20 with skills = {0,4} and cost = 524.3
   Vehicle #0 = 16, leaving at = 752.0
   Vehicle #1 = 41, leaving at = 771.0
   Increment on distance indicator: 17.0
   Increment on tard indicator:     0.0
   Value of tmax indicator:         17.0

Task for patient = 292 with skills = {4,-1} and cost = 518.7
   Vehicle #0 = 53, leaving at = 574.0
   Vehicle #1 = -1, leaving at = inf
   Increment on distance indicator: 17.0
   Increment on tard indicator:     0.0
   Value of tmax indicator:         17.0

Task for patient = 69 with skills = {0,-1} and cost = 513.0
   Vehicle #0 = 6, leaving at = 778.0
   Vehicle #1 = -1, leaving at = inf
   Increment on distance indicator: 4.0
   Increment on tard indicator:     0.0
   Value of tmax indicator:         4.0

Task for patient = 106 with skills = {4,-1} and cost = 511.7
   Vehicle #0 = 50, leaving at = 695.0
   Vehicle #1 = -1, leaving at = inf
   Increment on distance indicator: 2.0
   Increment on tard indicator:     0.0
   Value of tmax indicator:         2.0

Task for patient = 23 with skills = {2,-1} and cost = 511.0
   Vehicle #0 = 11, leaving at = 954.0
   Vehicle #1 = -1, leaving at = inf
   Increment on distance indicator: 2.0
   Increment on tard indicator:     0.0
   Value of tmax indicator:         2.0

Task for patient = 109 with skills = {0,4} and cost = 510.3
   Vehicle #0 = 10, leaving at = 558.0
   Vehicle #1 = 50, leaving at = 552.0
   Increment on distance indicator: 46.0
   Increment on tard indicator:     0.0
   Value of tmax indicator:         46.0

Task for patient = 217 with skills = {4,-1} and cost = 495.0
   Vehicle #0 = 45, leaving at = 741.0
   Vehicle #1 = -1, leaving at = inf
   Increment on distance indicator: 4.0
   Increment on tard indicator:     0.0
   Value of tmax indicator:         4.0

Task for patient = 46 with skills = {1,-1} and cost = 536.7
   Vehicle #0 = 20, leaving at = 593.0
   Vehicle #1 = -1, leaving at = inf
   Increment on distance indicator: 31.0
   Increment on tard indicator:     0.0
   Value of tmax indicator:         31.0

Task for patient = 144 with skills = {2,4} and cost = 961.3
   Vehicle #0 = 1, leaving at = 1054.0
   Vehicle #1 = 53, leaving at = 1060.0
   Increment on distance indicator: 12.0
   Increment on tard indicator:     0.0
   Value of tmax indicator:         12.0

Task for patient = 228 with skills = {2,4} and cost = 624.0
   Vehicle #0 = 22, leaving at = 695.0
   Vehicle #1 = 55, leaving at = 711.0
   Increment on distance indicator: 10.0
   Increment on tard indicator:     0.0
   Value of tmax indicator:         10.0

Task for patient = 121 with skills = {2,5} and cost = 620.7
   Vehicle #0 = 22, leaving at = 645.0
   Vehicle #1 = 55, leaving at = 682.0
   Increment on distance indicator: 27.0
   Increment on tard indicator:     0.0
   Value of tmax indicator:         27.0

Task for patient = 167 with skills = {3,-1} and cost = 611.7
   Vehicle #0 = 49, leaving at = 734.0
   Vehicle #1 = -1, leaving at = inf
   Increment on distance indicator: 2.0
   Increment on tard indicator:     0.0
   Value of tmax indicator:         2.0

Task for patient = 47 with skills = {1,-1} and cost = 611.0
   Vehicle #0 = 22, leaving at = 551.0
   Vehicle #1 = -1, leaving at = inf
   Increment on distance indicator: 30.0
   Increment on tard indicator:     0.0
   Value of tmax indicator:         30.0

Task for patient = 14 with skills = {4,-1} and cost = 601.0
   Vehicle #0 = 53, leaving at = 755.0
   Vehicle #1 = -1, leaving at = inf
   Increment on distance indicator: 3.0
   Increment on tard indicator:     0.0
   Value of tmax indicator:         3.0

Task for patient = 279 with skills = {3,-1} and cost = 600.0
   Vehicle #0 = 51, leaving at = 680.0
   Vehicle #1 = -1, leaving at = inf
   Increment on distance indicator: 9.0
   Increment on tard indicator:     0.0
   Value of tmax indicator:         9.0

Task for patient = 87 with skills = {5,-1} and cost = 597.0
   Vehicle #0 = 34, leaving at = 894.0
   Vehicle #1 = -1, leaving at = inf
   Increment on distance indicator: 5.0
   Increment on tard indicator:     0.0
   Value of tmax indicator:         5.0

Task for patient = 198 with skills = {2,-1} and cost = 574.0
   Vehicle #0 = 17, leaving at = 535.0
   Vehicle #1 = -1, leaving at = inf
   Increment on distance indicator: 16.0
   Increment on tard indicator:     0.0
   Value of tmax indicator:         16.0

Task for patient = 248 with skills = {0,-1} and cost = 591.3
   Vehicle #0 = 10, leaving at = 790.0
   Vehicle #1 = -1, leaving at = inf
   Increment on distance indicator: 8.0
   Increment on tard indicator:     0.0
   Value of tmax indicator:         8.0

Task for patient = 16 with skills = {0,4} and cost = 588.7
   Vehicle #0 = 10, leaving at = 731.0
   Vehicle #1 = 50, leaving at = 769.0
   Increment on distance indicator: 4.0
   Increment on tard indicator:     0.0
   Value of tmax indicator:         4.0

Task for patient = 88 with skills = {3,-1} and cost = 587.3
   Vehicle #0 = 55, leaving at = 555.0
   Vehicle #1 = -1, leaving at = inf
   Increment on distance indicator: 9.0
   Increment on tard indicator:     0.0
   Value of tmax indicator:         9.0

Task for patient = 79 with skills = {1,-1} and cost = 584.3
   Vehicle #0 = 20, leaving at = 662.0
   Vehicle #1 = -1, leaving at = inf
   Increment on distance indicator: 3.0
   Increment on tard indicator:     0.0
   Value of tmax indicator:         3.0

Task for patient = 11 with skills = {0,5} and cost = 583.3
   Vehicle #0 = 21, leaving at = 821.0
   Vehicle #1 = 44, leaving at = 840.0
   Increment on distance indicator: 12.0
   Increment on tard indicator:     0.0
   Value of tmax indicator:         12.0

Task for patient = 130 with skills = {2,-1} and cost = 579.3
   Vehicle #0 = 1, leaving at = 936.0
   Vehicle #1 = -1, leaving at = inf
   Increment on distance indicator: 5.0
   Increment on tard indicator:     0.0
   Value of tmax indicator:         5.0

Task for patient = 230 with skills = {2,-1} and cost = 577.7
   Vehicle #0 = 19, leaving at = 689.0
   Vehicle #1 = -1, leaving at = inf
   Increment on distance indicator: 4.0
   Increment on tard indicator:     0.0
   Value of tmax indicator:         4.0

Task for patient = 42 with skills = {4,-1} and cost = 576.3
   Vehicle #0 = 42, leaving at = 954.0
   Vehicle #1 = -1, leaving at = inf
   Increment on distance indicator: 4.0
   Increment on tard indicator:     0.0
   Value of tmax indicator:         4.0

Task for patient = 160 with skills = {0,-1} and cost = 575.0
   Vehicle #0 = 21, leaving at = 785.0
   Vehicle #1 = -1, leaving at = inf
   Increment on distance indicator: 3.0
   Increment on tard indicator:     0.0
   Value of tmax indicator:         3.0

Task for patient = 265 with skills = {2,4} and cost = 595.3
   Vehicle #0 = 17, leaving at = 591.0
   Vehicle #1 = 55, leaving at = 609.0
   Increment on distance indicator: 12.0
   Increment on tard indicator:     0.0
   Value of tmax indicator:         12.0

Task for patient = 257 with skills = {2,4} and cost = 440.7
   Vehicle #0 = 15, leaving at = 822.0
   Vehicle #1 = 33, leaving at = 838.0
   Increment on distance indicator: 7.0
   Increment on tard indicator:     0.0
   Value of tmax indicator:         7.0

Task for patient = 172 with skills = {1,-1} and cost = 438.3
   Vehicle #0 = 11, leaving at = 812.0
   Vehicle #1 = -1, leaving at = inf
   Increment on distance indicator: 5.0
   Increment on tard indicator:     0.0
   Value of tmax indicator:         5.0

Task for patient = 108 with skills = {4,-1} and cost = 436.7
   Vehicle #0 = 46, leaving at = 793.0
   Vehicle #1 = -1, leaving at = inf
   Increment on distance indicator: 3.0
   Increment on tard indicator:     0.0
   Value of tmax indicator:         3.0

Task for patient = 220 with skills = {4,-1} and cost = 435.7
   Vehicle #0 = 48, leaving at = 622.0
   Vehicle #1 = -1, leaving at = inf
   Increment on distance indicator: 31.0
   Increment on tard indicator:     0.0
   Value of tmax indicator:         31.0

Task for patient = 270 with skills = {4,-1} and cost = 425.3
   Vehicle #0 = 41, leaving at = 679.0
   Vehicle #1 = -1, leaving at = inf
   Increment on distance indicator: 4.0
   Increment on tard indicator:     0.0
   Value of tmax indicator:         4.0

Task for patient = 299 with skills = {2,4} and cost = 424.0
   Vehicle #0 = 15, leaving at = 723.0
   Vehicle #1 = 46, leaving at = 750.0
   Increment on distance indicator: 28.0
   Increment on tard indicator:     0.0
   Value of tmax indicator:         28.0

Task for patient = 155 with skills = {3,-1} and cost = 414.7
   Vehicle #0 = 32, leaving at = 926.0
   Vehicle #1 = -1, leaving at = inf
   Increment on distance indicator: 4.0
   Increment on tard indicator:     0.0
   Value of tmax indicator:         4.0

Task for patient = 91 with skills = {5,-1} and cost = 413.3
   Vehicle #0 = 31, leaving at = 863.0
   Vehicle #1 = -1, leaving at = inf
   Increment on distance indicator: 3.0
   Increment on tard indicator:     0.0
   Value of tmax indicator:         3.0

Task for patient = 200 with skills = {1,-1} and cost = 493.7
   Vehicle #0 = 11, leaving at = 871.0
   Vehicle #1 = -1, leaving at = inf
   Increment on distance indicator: 3.0
   Increment on tard indicator:     0.0
   Value of tmax indicator:         3.0

Task for patient = 252 with skills = {0,-1} and cost = 404.0
   Vehicle #0 = 11, leaving at = 789.0
   Vehicle #1 = -1, leaving at = inf
   Increment on distance indicator: 4.0
   Increment on tard indicator:     0.0
   Value of tmax indicator:         4.0

Task for patient = 65 with skills = {1,3} and cost = 402.7
   Vehicle #0 = 9, leaving at = 839.0
   Vehicle #1 = 42, leaving at = 870.0
   Increment on distance indicator: 3.0
   Increment on tard indicator:     0.0
   Value of tmax indicator:         3.0

Task for patient = 40 with skills = {0,4} and cost = 401.7
   Vehicle #0 = 14, leaving at = 821.0
   Vehicle #1 = 31, leaving at = 822.0
   Increment on distance indicator: 10.0
   Increment on tard indicator:     0.0
   Value of tmax indicator:         10.0

Task for patient = 105 with skills = {4,-1} and cost = 398.3
   Vehicle #0 = 46, leaving at = 695.0
   Vehicle #1 = -1, leaving at = inf
   Increment on distance indicator: 12.0
   Increment on tard indicator:     0.0
   Value of tmax indicator:         12.0

Task for patient = 34 with skills = {1,-1} and cost = 394.3
   Vehicle #0 = 14, leaving at = 764.0
   Vehicle #1 = -1, leaving at = inf
   Increment on distance indicator: 5.0
   Increment on tard indicator:     0.0
   Value of tmax indicator:         5.0

Task for patient = 96 with skills = {2,3} and cost = 392.7
   Vehicle #0 = 14, leaving at = 712.0
   Vehicle #1 = 40, leaving at = 702.0
   Increment on distance indicator: 22.0
   Increment on tard indicator:     0.0
   Value of tmax indicator:         22.0

Task for patient = 166 with skills = {1,-1} and cost = 385.3
   Vehicle #0 = 14, leaving at = 626.0
   Vehicle #1 = -1, leaving at = inf
   Increment on distance indicator: 20.0
   Increment on tard indicator:     0.0
   Value of tmax indicator:         20.0

Task for patient = 262 with skills = {0,5} and cost = 378.7
   Vehicle #0 = 2, leaving at = 899.0
   Vehicle #1 = 34, leaving at = 869.0
   Increment on distance indicator: 12.0
   Increment on tard indicator:     0.0
   Value of tmax indicator:         12.0

Task for patient = 273 with skills = {2,-1} and cost = 374.7
   Vehicle #0 = 14, leaving at = 550.0
   Vehicle #1 = -1, leaving at = inf
   Increment on distance indicator: 16.0
   Increment on tard indicator:     0.0
   Value of tmax indicator:         16.0

Task for patient = 216 with skills = {1,-1} and cost = 412.3
   Vehicle #0 = 12, leaving at = 626.0
   Vehicle #1 = -1, leaving at = inf
   Increment on distance indicator: 25.0
   Increment on tard indicator:     0.0
   Value of tmax indicator:         25.0

Task for patient = 13 with skills = {4,-1} and cost = 492.7
   Vehicle #0 = 33, leaving at = 947.0
   Vehicle #1 = -1, leaving at = inf
   Increment on distance indicator: 4.0
   Increment on tard indicator:     0.0
   Value of tmax indicator:         4.0

Task for patient = 267 with skills = {2,4} and cost = 491.3
   Vehicle #0 = 9, leaving at = 923.0
   Vehicle #1 = 36, leaving at = 917.0
   Increment on distance indicator: 13.0
   Increment on tard indicator:     0.0
   Value of tmax indicator:         13.0

Task for patient = 180 with skills = {1,-1} and cost = 487.0
   Vehicle #0 = 9, leaving at = 882.0
   Vehicle #1 = -1, leaving at = inf
   Increment on distance indicator: 4.0
   Increment on tard indicator:     0.0
   Value of tmax indicator:         4.0

Task for patient = 169 with skills = {3,-1} and cost = 485.7
   Vehicle #0 = 39, leaving at = 875.0
   Vehicle #1 = -1, leaving at = inf
   Increment on distance indicator: 7.0
   Increment on tard indicator:     0.0
   Value of tmax indicator:         7.0

Task for patient = 255 with skills = {5,-1} and cost = 483.3
   Vehicle #0 = 44, leaving at = 733.0
   Vehicle #1 = -1, leaving at = inf
   Increment on distance indicator: 10.0
   Increment on tard indicator:     0.0
   Value of tmax indicator:         10.0

Task for patient = 203 with skills = {3,-1} and cost = 480.0
   Vehicle #0 = 49, leaving at = 673.0
   Vehicle #1 = -1, leaving at = inf
   Increment on distance indicator: 3.0
   Increment on tard indicator:     0.0
   Value of tmax indicator:         3.0

Task for patient = 190 with skills = {1,5} and cost = 479.0
   Vehicle #0 = 7, leaving at = 838.0
   Vehicle #1 = 48, leaving at = 810.0
   Increment on distance indicator: 8.0
   Increment on tard indicator:     0.0
   Value of tmax indicator:         8.0

Task for patient = 188 with skills = {5,-1} and cost = 476.3
   Vehicle #0 = 39, leaving at = 850.0
   Vehicle #1 = -1, leaving at = inf
   Increment on distance indicator: 2.0
   Increment on tard indicator:     0.0
   Value of tmax indicator:         2.0

Task for patient = 156 with skills = {5,-1} and cost = 442.3
   Vehicle #0 = 37, leaving at = 862.0
   Vehicle #1 = -1, leaving at = inf
   Increment on distance indicator: 5.0
   Increment on tard indicator:     0.0
   Value of tmax indicator:         5.0

Task for patient = 45 with skills = {0,-1} and cost = 475.0
   Vehicle #0 = 6, leaving at = 656.0
   Vehicle #1 = -1, leaving at = inf
   Increment on distance indicator: 2.0
   Increment on tard indicator:     0.0
   Value of tmax indicator:         2.0

Task for patient = 138 with skills = {1,5} and cost = 474.3
   Vehicle #0 = 12, leaving at = 879.0
   Vehicle #1 = 46, leaving at = 886.0
   Increment on distance indicator: 11.0
   Increment on tard indicator:     0.0
   Value of tmax indicator:         11.0

Task for patient = 242 with skills = {0,-1} and cost = 470.7
   Vehicle #0 = 6, leaving at = 629.0
   Vehicle #1 = -1, leaving at = inf
   Increment on distance indicator: 6.0
   Increment on tard indicator:     0.0
   Value of tmax indicator:         6.0

Task for patient = 43 with skills = {5,-1} and cost = 468.7
   Vehicle #0 = 33, leaving at = 898.0
   Vehicle #1 = -1, leaving at = inf
   Increment on distance indicator: 7.0
   Increment on tard indicator:     0.0
   Value of tmax indicator:         7.0

Task for patient = 127 with skills = {3,-1} and cost = 466.3
   Vehicle #0 = 49, leaving at = 594.0
   Vehicle #1 = -1, leaving at = inf
   Increment on distance indicator: 6.0
   Increment on tard indicator:     0.0
   Value of tmax indicator:         6.0

Task for patient = 275 with skills = {0,3} and cost = 464.3
   Vehicle #0 = 6, leaving at = 570.0
   Vehicle #1 = 49, leaving at = 555.0
   Increment on distance indicator: 48.0
   Increment on tard indicator:     0.0
   Value of tmax indicator:         48.0

Task for patient = 97 with skills = {1,-1} and cost = 448.3
   Vehicle #0 = 12, leaving at = 733.0
   Vehicle #1 = -1, leaving at = inf
   Increment on distance indicator: 11.0
   Increment on tard indicator:     0.0
   Value of tmax indicator:         11.0

Task for patient = 150 with skills = {2,-1} and cost = 444.7
   Vehicle #0 = 11, leaving at = 847.0
   Vehicle #1 = -1, leaving at = inf
   Increment on distance indicator: 5.0
   Increment on tard indicator:     0.0
   Value of tmax indicator:         5.0

Task for patient = 176 with skills = {3,-1} and cost = 443.0
   Vehicle #0 = 33, leaving at = 870.0
   Vehicle #1 = -1, leaving at = inf
   Increment on distance indicator: 2.0
   Increment on tard indicator:     0.0
   Value of tmax indicator:         2.0

Task for patient = 73 with skills = {5,-1} and cost = 475.7
   Vehicle #0 = 49, leaving at = 652.0
   Vehicle #1 = -1, leaving at = inf
   Increment on distance indicator: 2.0
   Increment on tard indicator:     0.0
   Value of tmax indicator:         2.0


Unused vehicle list: 18 26 27 28 29 (total = 5 out of 60)

---
Search finished.
Total of 448 generations in 23.2 seconds.
Exchange elite runs: 0
Implicit path relinking runs: 4
Reset attempts: 0

Best solution found:
   Cost: 1358.0
   Total travel time: 4064.0
   Total tardiness time: 7.0
   Largest tardiness: 3.0


1358.0
