#######################################
### Exact MIP solver for the HHCRSP ###
#######################################
-- Instance file: new-instances/HHCRSP_300_60_83_1.0_R_C.txt
-- Max threads: 4
-- Time limit: 999999 seconds
-- Use initial solution: No
Trivial flow violations prevented generating 1191698 variables.
Version identifier: 20.1.0.0 | 2020-11-10 | 9bedb6d68
CPXPARAM_Threads                                 4
CPXPARAM_TimeLimit                               999999
Parallel mode: deterministic, using up to 4 threads for concurrent optimization:
 * Starting dual Simplex on 1 thread...
 * Starting Barrier on 3 threads...
Tried aggregator 1 time.
LP Presolve eliminated 49902 rows and 12414 columns.
Reduced LP has 1420652 rows, 1346600 columns, and 34340663 nonzeros.
Presolve time = 42.58 sec. (7450.86 ticks)
Symmetry aggregator did 2381493 additional substitutions.

Iteration log . . .
Iteration:     1   Dual objective     =             0.000000
Iteration:  1318   Dual objective     =           316.000000

Dual crossover.
  Dual:  Fixing 1807 variables.
     1806 DMoves:  Infeasibility  1.22912791e-12  Objective  3.17000000e+02
        0 DMoves:  Infeasibility  9.47882052e-13  Objective  3.17000000e+02
  Dual:  Pushed 50, exchanged 1757.
  Primal:  Fixing 1658 variables.
     1657 PMoves:  Infeasibility  0.00000000e+00  Objective  3.17000000e+02
        0 PMoves:  Infeasibility  0.00000000e+00  Objective  3.17000000e+02
  Primal:  Pushed 1512, exchanged 146.

Dual simplex solved model.


Solution status from MIP model:
-- Processing time: 69.918 sec.
-- Memory used: 1233.94 MB
-- Best bound: inf
-- Obj value: 317
-- Gap: inf%
-- Total distance: 951
-- Total tardiness: 0
-- Largest tardiness: 0
