#######################################
### Exact MIP solver for the HHCRSP ###
#######################################
-- Instance file: new-instances/HHCRSP_300_60_23_0.8_C_C.txt
-- Max threads: 4
-- Time limit: 999999 seconds
-- Use initial solution: No
Trivial flow violations prevented generating 1210515 variables.
Version identifier: 20.1.0.0 | 2020-11-10 | 9bedb6d68
CPXPARAM_Threads                                 4
CPXPARAM_TimeLimit                               999999
Parallel mode: deterministic, using up to 4 threads for concurrent optimization:
 * Starting dual Simplex on 1 thread...
 * Starting Barrier on 3 threads...
Tried aggregator 1 time.
LP Presolve eliminated 49416 rows and 11756 columns.
Reduced LP has 1373720 rows, 1303377 columns, and 32392038 nonzeros.
Presolve time = 37.68 sec. (7074.69 ticks)
Symmetry aggregator did 2269804 additional substitutions.

Iteration log . . .
Iteration:     1   Dual objective     =             0.000000

Dual crossover.
  Dual:  Fixing 1289 variables.
     1288 DMoves:  Infeasibility  1.42114098e-12  Objective  3.02000000e+02
        0 DMoves:  Infeasibility  6.88421542e-13  Objective  3.02000000e+02
  Dual:  Pushed 4, exchanged 1285.
  Primal:  Fixing 1578 variables.
     1577 PMoves:  Infeasibility  0.00000000e+00  Objective  3.02000000e+02
        0 PMoves:  Infeasibility  1.49880108e-15  Objective  3.02000000e+02
  Primal:  Pushed 1425, exchanged 153.

Dual simplex solved model.


Solution status from MIP model:
-- Processing time: 61.411 sec.
-- Memory used: 1153.71 MB
-- Best bound: inf
-- Obj value: 302
-- Gap: inf%
-- Total distance: 906
-- Total tardiness: 0
-- Largest tardiness: 0
