--- BRKGA-MP-IPR for HHCRSP ---
Instance: new-instances/HHCRSP_25_5_85_1.2_C_RC.txt
Seed: 1

Reading data... Problem contains 25 patients  and 5 caregivers.

Summary of supply x demand for each service type:
Skill 0 has supply = 1 and demand = 4, ratio = 0.25
Skill 1 has supply = 2 and demand = 4, ratio = 0.5
Skill 2 has supply = 1 and demand = 5, ratio = 0.2
Skill 3 has supply = 3 and demand = 4, ratio = 0.75
Skill 4 has supply = 3 and demand = 9, ratio = 0.333333
Skill 5 has supply = 2 and demand = 7, ratio = 0.285714

Reading parameters...
Inferred distance function by PR type: kendall-tau
Building BRKGA data and initializing...
Evolving 448 generations...

  Gens  Rem    Local   ElDiv NoImpr             Best solution            Time  Op
                                       Cost     Dist    Tard    TMax 
*    0  448  1048.00  171.75      0  1048.00   759.00  2074.0   311.0     0.0    
*    2  446   664.67  163.34      0   664.67   747.00   975.0   272.0     0.0    
*    5  443   631.00  124.83      0   631.00   699.00   764.0   189.0     0.0    
*    6  442   550.67  109.46      0   550.67   699.00   764.0   189.0     0.0    
*    8  440   501.67   81.82      0   501.67   750.00   639.0   116.0     0.0    
*   11  437   498.00   48.75      0   498.00   708.00   536.0   132.0     0.0    
*   12  436   458.67   42.52      0   458.67   775.00   221.0    79.0     0.0    
*   13  435   358.33   50.66      0   358.33   692.00   238.0    82.0     0.0    
*   14  434   337.33   44.02      0   337.33   692.00   238.0    82.0     0.0    
*   17  431   329.33   33.65      0   329.33   711.00   213.0    64.0     0.0    
*   19  429   328.00   20.53      0   328.00   697.00   145.0    74.0     0.0    
*   20  428   305.33   18.16      0   305.33   675.00   170.0    64.0     0.0    
*   21  427   303.00   16.06      0   303.00   675.00   170.0    64.0     0.0    
*   23  425   295.33   12.70      0   295.33   667.00   145.0    74.0     0.0    
*   26  422   279.33   11.95      0   279.33   700.00    96.0    42.0     0.0    

  Gens  Rem    Local   ElDiv NoImpr             Best solution            Time  Op
                                       Cost     Dist    Tard    TMax 
*   28  420   265.33   10.18      0   265.33   685.00    69.0    42.0     0.0    
*   30  418   264.33    9.08      0   264.33   685.00    67.0    41.0     0.0    
*   33  415   262.33    5.98      0   262.33   679.00    67.0    41.0     0.0    
*   36  412   260.67    1.62      0   260.67   672.00    69.0    41.0     0.0    
*   38  410   258.67    1.30      0   258.67   668.00    67.0    41.0     0.0    
*   43  405   247.67    1.85      0   247.67   632.00    69.0    42.0     0.0    
    50  398   247.67    1.91      7   247.67   632.00    69.0    42.0     0.0    
*   54  394   245.67    2.62      0   245.67   621.00    74.0    42.0     0.0    
*   58  390   244.33    3.83      0   244.33   622.00    69.0    42.0     0.0    
Path relinking result: too homogeneous.
    96  352   244.33    0.00     39   244.33   622.00    69.0    42.0     0.1   P
   100  348   244.33    0.00     42   244.33   622.00    69.0    42.0     0.1    
   125  323      inf  240.23      0   244.33   622.00    69.0    42.0     0.1   R
   126  322   970.00  176.64      0   244.33   622.00    69.0    42.0     0.1    
   150  298   272.67   10.47      0   244.33   622.00    69.0    42.0     0.1    
Path relinking result: too homogeneous.
   192  256   253.67    0.00     30   244.33   622.00    69.0    42.0     0.1   P
   200  248   253.67    0.00     37   244.33   622.00    69.0    42.0     0.1    

  Gens  Rem    Local   ElDiv NoImpr             Best solution            Time  Op
                                       Cost     Dist    Tard    TMax 
   230  218      inf  261.06      0   244.33   622.00    69.0    42.0     0.2   R
   231  217   741.67  202.74      0   244.33   622.00    69.0    42.0     0.2    
   250  198   312.00   24.92      1   244.33   622.00    69.0    42.0     0.2    
Path relinking result: too homogeneous.
   288  160   247.33    0.00      7   244.33   622.00    69.0    42.0     0.2   P
   300  148   247.33    0.00     18   244.33   622.00    69.0    42.0     0.2    
   349   99      inf  255.61      0   244.33   622.00    69.0    42.0     0.2   R
   350   98   968.33  219.17      0   244.33   622.00    69.0    42.0     0.2    
Path relinking result: too homogeneous.
   384   64   255.33    3.36      2   244.33   622.00    69.0    42.0     0.3   P
   400   48   254.67    1.11      4   244.33   622.00    69.0    42.0     0.3    
   448    0   251.67    0.00     22   244.33   622.00    69.0    42.0     0.3    
Evolutionary process finished.
Solution written to 'solution-9571.txt'.

Sorted sequence of worst to best tardiness value:
Task for patient = 2 with skills = {0,4} and cost = 219.3
   Vehicle #0 = 0, leaving at = 1067.0
   Vehicle #1 = 2, leaving at = 1104.0
   Increment on distance indicator: 47.0
   Increment on tard indicator:     69.0
   Value of tmax indicator:         47.0

Task for patient = 5 with skills = {5,-1} and cost = 166.7
   Vehicle #0 = 3, leaving at = 1059.0
   Vehicle #1 = -1, leaving at = inf
   Increment on distance indicator: 18.0
   Increment on tard indicator:     0.0
   Value of tmax indicator:         18.0

Task for patient = 8 with skills = {2,-1} and cost = 160.7
   Vehicle #0 = 1, leaving at = 1023.0
   Vehicle #1 = -1, leaving at = inf
   Increment on distance indicator: 32.0
   Increment on tard indicator:     0.0
   Value of tmax indicator:         32.0

Task for patient = 20 with skills = {1,-1} and cost = 150.0
   Vehicle #0 = 1, leaving at = 963.0
   Vehicle #1 = -1, leaving at = inf
   Increment on distance indicator: 22.0
   Increment on tard indicator:     0.0
   Value of tmax indicator:         22.0

Task for patient = 21 with skills = {0,3} and cost = 142.7
   Vehicle #0 = 0, leaving at = 1007.0
   Vehicle #1 = 3, leaving at = 1012.0
   Increment on distance indicator: 38.0
   Increment on tard indicator:     0.0
   Value of tmax indicator:         38.0

Task for patient = 24 with skills = {3,-1} and cost = 130.0
   Vehicle #0 = 3, leaving at = 941.0
   Vehicle #1 = -1, leaving at = inf
   Increment on distance indicator: 7.0
   Increment on tard indicator:     0.0
   Value of tmax indicator:         7.0

Task for patient = 10 with skills = {0,-1} and cost = 127.7
   Vehicle #0 = 0, leaving at = 936.0
   Vehicle #1 = -1, leaving at = inf
   Increment on distance indicator: 14.0
   Increment on tard indicator:     0.0
   Value of tmax indicator:         14.0

Task for patient = 11 with skills = {4,-1} and cost = 123.0
   Vehicle #0 = 4, leaving at = 1002.0
   Vehicle #1 = -1, leaving at = inf
   Increment on distance indicator: 7.0
   Increment on tard indicator:     0.0
   Value of tmax indicator:         7.0

Task for patient = 14 with skills = {4,-1} and cost = 120.7
   Vehicle #0 = 2, leaving at = 974.0
   Vehicle #1 = -1, leaving at = inf
   Increment on distance indicator: 7.0
   Increment on tard indicator:     0.0
   Value of tmax indicator:         7.0

Task for patient = 18 with skills = {4,-1} and cost = 118.3
   Vehicle #0 = 2, leaving at = 945.0
   Vehicle #1 = -1, leaving at = inf
   Increment on distance indicator: 17.0
   Increment on tard indicator:     0.0
   Value of tmax indicator:         17.0

Task for patient = 19 with skills = {1,4} and cost = 112.7
   Vehicle #0 = 1, leaving at = 926.0
   Vehicle #1 = 4, leaving at = 955.0
   Increment on distance indicator: 40.0
   Increment on tard indicator:     0.0
   Value of tmax indicator:         40.0

Task for patient = 13 with skills = {0,3} and cost = 99.3
   Vehicle #0 = 0, leaving at = 884.0
   Vehicle #1 = 3, leaving at = 909.0
   Increment on distance indicator: 64.0
   Increment on tard indicator:     0.0
   Value of tmax indicator:         64.0

Task for patient = 23 with skills = {5,-1} and cost = 77.3
   Vehicle #0 = 2, leaving at = 892.0
   Vehicle #1 = -1, leaving at = inf
   Increment on distance indicator: 4.0
   Increment on tard indicator:     0.0
   Value of tmax indicator:         4.0

Task for patient = 16 with skills = {2,5} and cost = 76.0
   Vehicle #0 = 1, leaving at = 848.0
   Vehicle #1 = 2, leaving at = 856.0
   Increment on distance indicator: 18.0
   Increment on tard indicator:     0.0
   Value of tmax indicator:         18.0

Task for patient = 17 with skills = {4,-1} and cost = 70.0
   Vehicle #0 = 4, leaving at = 645.0
   Vehicle #1 = -1, leaving at = inf
   Increment on distance indicator: 20.0
   Increment on tard indicator:     0.0
   Value of tmax indicator:         20.0

Task for patient = 6 with skills = {4,-1} and cost = 63.3
   Vehicle #0 = 2, leaving at = 799.0
   Vehicle #1 = -1, leaving at = inf
   Increment on distance indicator: 18.0
   Increment on tard indicator:     0.0
   Value of tmax indicator:         18.0

Task for patient = 15 with skills = {1,5} and cost = 57.3
   Vehicle #0 = 0, leaving at = 761.0
   Vehicle #1 = 2, leaving at = 766.0
   Increment on distance indicator: 30.0
   Increment on tard indicator:     0.0
   Value of tmax indicator:         30.0

Task for patient = 1 with skills = {5,-1} and cost = 47.3
   Vehicle #0 = 3, leaving at = 743.0
   Vehicle #1 = -1, leaving at = inf
   Increment on distance indicator: 18.0
   Increment on tard indicator:     0.0
   Value of tmax indicator:         18.0

Task for patient = 22 with skills = {4,-1} and cost = 41.3
   Vehicle #0 = 2, leaving at = 705.0
   Vehicle #1 = -1, leaving at = inf
   Increment on distance indicator: 3.0
   Increment on tard indicator:     0.0
   Value of tmax indicator:         3.0

Task for patient = 25 with skills = {5,-1} and cost = 40.3
   Vehicle #0 = 2, leaving at = 676.0
   Vehicle #1 = -1, leaving at = inf
   Increment on distance indicator: 9.0
   Increment on tard indicator:     0.0
   Value of tmax indicator:         9.0

Task for patient = 9 with skills = {2,-1} and cost = 37.3
   Vehicle #0 = 1, leaving at = 735.0
   Vehicle #1 = -1, leaving at = inf
   Increment on distance indicator: 11.0
   Increment on tard indicator:     0.0
   Value of tmax indicator:         11.0

Task for patient = 4 with skills = {2,-1} and cost = 33.7
   Vehicle #0 = 1, leaving at = 688.0
   Vehicle #1 = -1, leaving at = inf
   Increment on distance indicator: 8.0
   Increment on tard indicator:     0.0
   Value of tmax indicator:         8.0

Task for patient = 7 with skills = {2,3} and cost = 31.0
   Vehicle #0 = 1, leaving at = 627.0
   Vehicle #1 = 2, leaving at = 587.0
   Increment on distance indicator: 37.0
   Increment on tard indicator:     0.0
   Value of tmax indicator:         37.0

Task for patient = 12 with skills = {1,5} and cost = 18.7
   Vehicle #0 = 0, leaving at = 554.0
   Vehicle #1 = 2, leaving at = 561.0
   Increment on distance indicator: 56.0
   Increment on tard indicator:     0.0
   Value of tmax indicator:         56.0

Task for patient = 3 with skills = {4,-1} and cost = 78.0
   Vehicle #0 = 4, leaving at = 881.0
   Vehicle #1 = -1, leaving at = inf
   Increment on distance indicator: 2.0
   Increment on tard indicator:     0.0
   Value of tmax indicator:         2.0


Unused vehicle list: (total = 0 out of 5)

---
Search finished.
Total of 448 generations in 0.3 seconds.
Exchange elite runs: 0
Implicit path relinking runs: 4
Reset attempts: 3

Best solution found:
   Cost: 244.3
   Total travel time: 622.0
   Total tardiness time: 69.0
   Largest tardiness: 42.0


244.3
