--- BRKGA-MP-IPR for HHCRSP ---
Instance: new-instances/HHCRSP_25_5_67_1.2_C_C.txt
Seed: 1

Reading data... Problem contains 25 patients  and 5 caregivers.

Summary of supply x demand for each service type:
Skill 0 has supply = 1 and demand = 7, ratio = 0.142857
Skill 1 has supply = 1 and demand = 1, ratio = 1
Skill 2 has supply = 1 and demand = 6, ratio = 0.166667
Skill 3 has supply = 3 and demand = 7, ratio = 0.428571
Skill 4 has supply = 3 and demand = 7, ratio = 0.428571
Skill 5 has supply = 2 and demand = 5, ratio = 0.4

Reading parameters...
Inferred distance function by PR type: kendall-tau
Building BRKGA data and initializing...
Evolving 448 generations...

  Gens  Rem    Local   ElDiv NoImpr             Best solution            Time  Op
                                       Cost     Dist    Tard    TMax 
*    0  448  1501.00  260.27      0  1501.00   516.00  3450.0   537.0     0.0    
*    3  445  1176.00  183.73      0  1176.00   538.00  2431.0   468.0     0.0    
*    4  444  1145.67  188.66      0  1145.67   606.00  2116.0   279.0     0.0    
*    5  443  1000.33  189.62      0  1000.33   534.00  1679.0   249.0     0.0    
*    6  442   820.67  148.42      0   820.67   567.00  1408.0   322.0     0.0    
*    7  441   765.67  156.24      0   765.67   490.00   915.0   197.0     0.0    
*    8  440   534.00  142.72      0   534.00   513.00   727.0   238.0     0.0    
*    9  439   492.67  123.53      0   492.67   529.00   482.0   124.0     0.0    
*   10  438   378.33  108.66      0   378.33   529.00   482.0   124.0     0.0    
*   14  434   352.00   44.96      0   352.00   492.00   463.0   101.0     0.0    
*   16  432   318.33   35.66      0   318.33   519.00   338.0    98.0     0.0    
*   18  430   313.33   31.17      0   313.33   452.00   374.0   114.0     0.0    
*   21  427   312.67   21.98      0   312.67   502.00   354.0    81.0     0.0    
*   22  426   312.33   20.95      0   312.33   410.00   350.0    79.0     0.0    
*   23  425   279.67   20.85      0   279.67   468.00   250.0    73.0     0.0    

  Gens  Rem    Local   ElDiv NoImpr             Best solution            Time  Op
                                       Cost     Dist    Tard    TMax 
*   24  424   263.67   18.67      0   263.67   468.00   250.0    73.0     0.0    
*   27  421   248.00   16.68      0   248.00   520.00   165.0    59.0     0.0    
*   30  418   239.33   13.45      0   239.33   425.00   221.0    72.0     0.0    
*   35  413   231.67    9.52      0   231.67   488.00   152.0    55.0     0.0    
*   37  411   218.67   12.47      0   218.67   484.00   125.0    47.0     0.0    
*   42  406   214.67    9.61      0   214.67   477.00   120.0    47.0     0.0    
*   44  404   211.67    6.05      0   211.67   478.00   110.0    47.0     0.0    
*   49  399   211.33    1.64      0   211.33   477.00   110.0    47.0     0.0    
    50  398   211.33    1.50      1   211.33   477.00   110.0    47.0     0.0    
*   57  391   211.00    0.07      0   211.00   476.00   110.0    47.0     0.1    
*   84  364   210.00    0.17      0   210.00   473.00   110.0    47.0     0.1    
Path relinking result: too homogeneous.
    96  352   210.00    0.00     13   210.00   473.00   110.0    47.0     0.1   P
   100  348   210.00    0.00     16   210.00   473.00   110.0    47.0     0.1    
   150  298   210.00    0.00     66   210.00   473.00   110.0    47.0     0.1    
   151  297      inf  445.52      0   210.00   473.00   110.0    47.0     0.1   R
   152  296  1440.00  256.16      0   210.00   473.00   110.0    47.0     0.1    
Path relinking result: too homogeneous.

  Gens  Rem    Local   ElDiv NoImpr             Best solution            Time  Op
                                       Cost     Dist    Tard    TMax 
   192  256   213.33    5.94      3   210.00   473.00   110.0    47.0     0.2   P
   200  248   212.00    2.58      4   210.00   473.00   110.0    47.0     0.2    
   250  198   210.67    0.00     32   210.00   473.00   110.0    47.0     0.2    
   285  163      inf  445.51      0   210.00   473.00   110.0    47.0     0.2   R
   286  162  1093.33  354.82      0   210.00   473.00   110.0    47.0     0.2    
Path relinking result: too homogeneous.
   288  160   816.67  227.84      1   210.00   473.00   110.0    47.0     0.2   P
   300  148   377.33   48.16      1   210.00   473.00   110.0    47.0     0.2    
   350   98   210.33    0.00     19   210.00   473.00   110.0    47.0     0.3    
*  352   96   209.67    0.08      0   209.67   435.00   146.0    48.0     0.3    
Path relinking result: too homogeneous.
   384   64   209.67    0.00     33   209.67   435.00   146.0    48.0     0.3   P
   400   48   209.67    0.00     48   209.67   435.00   146.0    48.0     0.3    
   419   29      inf  395.58      0   209.67   435.00   146.0    48.0     0.3   R
   420   28  1432.33  306.86      0   209.67   435.00   146.0    48.0     0.3    
   448    0   230.33   13.75      4   209.67   435.00   146.0    48.0     0.3    
Evolutionary process finished.
Solution written to 'solution-4501.txt'.

Sorted sequence of worst to best tardiness value:
Task for patient = 1 with skills = {2,3} and cost = 134.3
   Vehicle #0 = 1, leaving at = 890.0
   Vehicle #1 = 4, leaving at = 862.0
   Increment on distance indicator: 49.0
   Increment on tard indicator:     92.0
   Value of tmax indicator:         49.0

Task for patient = 24 with skills = {0,-1} and cost = 203.0
   Vehicle #0 = 1, leaving at = 1151.0
   Vehicle #1 = -1, leaving at = inf
   Increment on distance indicator: 25.0
   Increment on tard indicator:     27.0
   Value of tmax indicator:         25.0

Task for patient = 9 with skills = {4,-1} and cost = 163.7
   Vehicle #0 = 3, leaving at = 876.0
   Vehicle #1 = -1, leaving at = inf
   Increment on distance indicator: 12.0
   Increment on tard indicator:     8.0
   Value of tmax indicator:         12.0

Task for patient = 18 with skills = {0,-1} and cost = 172.7
   Vehicle #0 = 1, leaving at = 1081.0
   Vehicle #1 = -1, leaving at = inf
   Increment on distance indicator: 20.0
   Increment on tard indicator:     7.0
   Value of tmax indicator:         20.0

Task for patient = 25 with skills = {4,-1} and cost = 65.0
   Vehicle #0 = 3, leaving at = 743.0
   Vehicle #1 = -1, leaving at = inf
   Increment on distance indicator: 8.0
   Increment on tard indicator:     3.0
   Value of tmax indicator:         8.0

Task for patient = 8 with skills = {2,3} and cost = 6.7
   Vehicle #0 = 1, leaving at = 551.0
   Vehicle #1 = 2, leaving at = 523.0
   Increment on distance indicator: 20.0
   Increment on tard indicator:     0.0
   Value of tmax indicator:         20.0

Task for patient = 2 with skills = {5,-1} and cost = 185.7
   Vehicle #0 = 3, leaving at = 990.0
   Vehicle #1 = -1, leaving at = inf
   Increment on distance indicator: 9.0
   Increment on tard indicator:     0.0
   Value of tmax indicator:         9.0

Task for patient = 12 with skills = {4,-1} and cost = 182.7
   Vehicle #0 = 3, leaving at = 940.0
   Vehicle #1 = -1, leaving at = inf
   Increment on distance indicator: 12.0
   Increment on tard indicator:     0.0
   Value of tmax indicator:         12.0

Task for patient = 21 with skills = {3,-1} and cost = 178.7
   Vehicle #0 = 4, leaving at = 1040.0
   Vehicle #1 = -1, leaving at = inf
   Increment on distance indicator: 18.0
   Increment on tard indicator:     0.0
   Value of tmax indicator:         18.0

Task for patient = 16 with skills = {2,-1} and cost = 8.3
   Vehicle #0 = 1, leaving at = 571.0
   Vehicle #1 = -1, leaving at = inf
   Increment on distance indicator: 5.0
   Increment on tard indicator:     0.0
   Value of tmax indicator:         5.0

Task for patient = 23 with skills = {0,5} and cost = 12.7
   Vehicle #0 = 1, leaving at = 607.0
   Vehicle #1 = 2, leaving at = 598.0
   Increment on distance indicator: 13.0
   Increment on tard indicator:     0.0
   Value of tmax indicator:         13.0

Task for patient = 5 with skills = {0,-1} and cost = 157.0
   Vehicle #0 = 1, leaving at = 1003.0
   Vehicle #1 = -1, leaving at = inf
   Increment on distance indicator: 33.0
   Increment on tard indicator:     0.0
   Value of tmax indicator:         33.0

Task for patient = 19 with skills = {2,3} and cost = 146.0
   Vehicle #0 = 1, leaving at = 930.0
   Vehicle #1 = 4, leaving at = 966.0
   Increment on distance indicator: 30.0
   Increment on tard indicator:     0.0
   Value of tmax indicator:         30.0

Task for patient = 10 with skills = {4,-1} and cost = 136.0
   Vehicle #0 = 4, leaving at = 897.0
   Vehicle #1 = -1, leaving at = inf
   Increment on distance indicator: 5.0
   Increment on tard indicator:     0.0
   Value of tmax indicator:         5.0

Task for patient = 20 with skills = {2,5} and cost = 71.3
   Vehicle #0 = 1, leaving at = 805.0
   Vehicle #1 = 3, leaving at = 823.0
   Increment on distance indicator: 19.0
   Increment on tard indicator:     0.0
   Value of tmax indicator:         19.0

Task for patient = 13 with skills = {4,-1} and cost = 206.7
   Vehicle #0 = 3, leaving at = 1061.0
   Vehicle #1 = -1, leaving at = inf
   Increment on distance indicator: 11.0
   Increment on tard indicator:     0.0
   Value of tmax indicator:         11.0

Task for patient = 4 with skills = {4,-1} and cost = 60.3
   Vehicle #0 = 3, leaving at = 695.0
   Vehicle #1 = -1, leaving at = inf
   Increment on distance indicator: 24.0
   Increment on tard indicator:     0.0
   Value of tmax indicator:         24.0

Task for patient = 22 with skills = {0,3} and cost = 52.3
   Vehicle #0 = 1, leaving at = 777.0
   Vehicle #1 = 4, leaving at = 816.0
   Increment on distance indicator: 17.0
   Increment on tard indicator:     0.0
   Value of tmax indicator:         17.0

Task for patient = 17 with skills = {0,-1} and cost = 46.7
   Vehicle #0 = 1, leaving at = 752.0
   Vehicle #1 = -1, leaving at = inf
   Increment on distance indicator: 11.0
   Increment on tard indicator:     0.0
   Value of tmax indicator:         11.0

Task for patient = 7 with skills = {1,3} and cost = 43.0
   Vehicle #0 = 0, leaving at = 626.0
   Vehicle #1 = 4, leaving at = 638.0
   Increment on distance indicator: 34.0
   Increment on tard indicator:     0.0
   Value of tmax indicator:         34.0

Task for patient = 3 with skills = {5,-1} and cost = 31.7
   Vehicle #0 = 2, leaving at = 850.0
   Vehicle #1 = -1, leaving at = inf
   Increment on distance indicator: 4.0
   Increment on tard indicator:     0.0
   Value of tmax indicator:         4.0

Task for patient = 11 with skills = {5,-1} and cost = 30.3
   Vehicle #0 = 2, leaving at = 791.0
   Vehicle #1 = -1, leaving at = inf
   Increment on distance indicator: 5.0
   Increment on tard indicator:     0.0
   Value of tmax indicator:         5.0

Task for patient = 14 with skills = {3,-1} and cost = 28.7
   Vehicle #0 = 3, leaving at = 638.0
   Vehicle #1 = -1, leaving at = inf
   Increment on distance indicator: 18.0
   Increment on tard indicator:     0.0
   Value of tmax indicator:         18.0

Task for patient = 6 with skills = {2,4} and cost = 22.7
   Vehicle #0 = 1, leaving at = 714.0
   Vehicle #1 = 2, leaving at = 740.0
   Increment on distance indicator: 26.0
   Increment on tard indicator:     0.0
   Value of tmax indicator:         26.0

Task for patient = 15 with skills = {0,-1} and cost = 14.0
   Vehicle #0 = 1, leaving at = 665.0
   Vehicle #1 = -1, leaving at = inf
   Increment on distance indicator: 4.0
   Increment on tard indicator:     0.0
   Value of tmax indicator:         4.0


Unused vehicle list: (total = 0 out of 5)

---
Search finished.
Total of 448 generations in 0.3 seconds.
Exchange elite runs: 0
Implicit path relinking runs: 4
Reset attempts: 3

Best solution found:
   Cost: 209.7
   Total travel time: 435.0
   Total tardiness time: 146.0
   Largest tardiness: 48.0


209.7
