--- BRKGA-MP-IPR for HHCRSP ---
Instance: new-instances/HHCRSP_25_5_84_1.2_R_C.txt
Seed: 1

Reading data... Problem contains 25 patients  and 5 caregivers.

Summary of supply x demand for each service type:
Skill 0 has supply = 1 and demand = 6, ratio = 0.166667
Skill 1 has supply = 1 and demand = 3, ratio = 0.333333
Skill 2 has supply = 2 and demand = 7, ratio = 0.285714
Skill 3 has supply = 2 and demand = 4, ratio = 0.5
Skill 4 has supply = 2 and demand = 6, ratio = 0.333333
Skill 5 has supply = 3 and demand = 7, ratio = 0.428571

Reading parameters...
Inferred distance function by PR type: kendall-tau
Building BRKGA data and initializing...
Evolving 448 generations...

  Gens  Rem    Local   ElDiv NoImpr             Best solution            Time  Op
                                       Cost     Dist    Tard    TMax 
*    0  448   967.00  187.11      0   967.00   586.00  1918.0   397.0     0.0    
*    2  446   963.67  154.29      0   963.67   590.00  1513.0   306.0     0.0    
*    3  445   803.00  166.35      0   803.00   598.00   943.0   176.0     0.0    
*    4  444   572.33  124.58      0   572.33   598.00   943.0   176.0     0.0    
*    6  442   441.00   88.13      0   441.00   528.00   676.0   119.0     0.0    
*    9  439   410.00   58.05      0   410.00   565.00   471.0   151.0     0.0    
*   10  438   395.67   55.21      0   395.67   526.00   426.0   136.0     0.0    
*   11  437   362.67   54.31      0   362.67   526.00   426.0   136.0     0.0    
*   14  434   325.67   36.53      0   325.67   540.00   284.0    86.0     0.0    
*   15  433   303.33   30.58      0   303.33   540.00   284.0    86.0     0.0    
*   17  431   281.33   23.34      0   281.33   529.00   198.0   117.0     0.0    
*   19  429   257.67   19.50      0   257.67   515.00   185.0    73.0     0.0    
*   26  422   252.00   11.76      0   252.00   521.00   153.0    73.0     0.0    
*   27  421   249.00   10.49      0   249.00   530.00   142.0    73.0     0.0    
*   28  420   248.33    9.73      0   248.33   511.00   151.0    73.0     0.0    

  Gens  Rem    Local   ElDiv NoImpr             Best solution            Time  Op
                                       Cost     Dist    Tard    TMax 
*   29  419   245.00    8.51      0   245.00   510.00   151.0    73.0     0.0    
*   30  418   244.67    8.31      0   244.67   499.00   151.0    73.0     0.0    
*   31  417   241.00    5.91      0   241.00   499.00   151.0    73.0     0.0    
*   38  410   240.00    1.06      0   240.00   496.00   151.0    73.0     0.0    
*   42  406   239.33    1.29      0   239.33   505.00   140.0    73.0     0.0    
    50  398   239.33    0.60      8   239.33   505.00   140.0    73.0     0.0    
*   51  397   239.00    0.62      0   239.00   489.00   130.0    98.0     0.0    
*   91  357   238.67    0.06      0   238.67   487.00   131.0    98.0     0.1    
Path relinking result: too homogeneous.
    96  352   238.67    0.00      6   238.67   487.00   131.0    98.0     0.1   P
   100  348   238.67    0.00      9   238.67   487.00   131.0    98.0     0.1    
*  124  324   232.67    1.07      0   232.67   468.00   131.0    98.0     0.1    
*  125  323   232.33    1.31      0   232.33   468.00   131.0    98.0     0.1    
*  133  315   229.67    0.33      0   229.67   460.00   131.0    98.0     0.1    
*  138  310   229.00    1.38      0   229.00   458.00   131.0    98.0     0.1    
   150  298   229.00    0.00     12   229.00   458.00   131.0    98.0     0.1    
*  158  290   225.00    0.49      0   225.00   446.00   131.0    98.0     0.1    

  Gens  Rem    Local   ElDiv NoImpr             Best solution            Time  Op
                                       Cost     Dist    Tard    TMax 
*  162  286   222.67    1.40      0   222.67   439.00   131.0    98.0     0.1    
*  170  278   219.33    0.64      0   219.33   430.00   130.0    98.0     0.1    
Path relinking result: too homogeneous.
   192  256   219.33    0.00     23   219.33   430.00   130.0    98.0     0.1   P
   200  248   219.33    0.00     30   219.33   430.00   130.0    98.0     0.1    
   237  211      inf  246.44      0   219.33   430.00   130.0    98.0     0.2   R
   238  210   838.33  204.85      0   219.33   430.00   130.0    98.0     0.2    
   250  198   351.00   45.46      2   219.33   430.00   130.0    98.0     0.2    
Path relinking result: too homogeneous.
   288  160   237.67    1.23     12   219.33   430.00   130.0    98.0     0.2   P
   300  148   236.33    0.00      8   219.33   430.00   130.0    98.0     0.2    
   350   98   236.33    0.00     58   219.33   430.00   130.0    98.0     0.3    
   359   89      inf  254.32      0   219.33   430.00   130.0    98.0     0.3   R
   360   88   734.67  211.16      0   219.33   430.00   130.0    98.0     0.3    
Path relinking result: too homogeneous.
   384   64   254.67    8.34      1   219.33   430.00   130.0    98.0     0.3   P
   400   48   245.00    1.15      4   219.33   430.00   130.0    98.0     0.3    
   448    0   220.00    0.00      9   219.33   430.00   130.0    98.0     0.3    
Evolutionary process finished.
Solution written to 'solution-9336.txt'.

Sorted sequence of worst to best tardiness value:
Task for patient = 13 with skills = {1,-1} and cost = 186.0
   Vehicle #0 = 1, leaving at = 1181.0
   Vehicle #1 = -1, leaving at = inf
   Increment on distance indicator: 12.0
   Increment on tard indicator:     73.0
   Value of tmax indicator:         12.0

Task for patient = 9 with skills = {0,-1} and cost = 155.7
   Vehicle #0 = 1, leaving at = 1141.0
   Vehicle #1 = -1, leaving at = inf
   Increment on distance indicator: 6.0
   Increment on tard indicator:     67.0
   Value of tmax indicator:         6.0

Task for patient = 15 with skills = {0,5} and cost = 109.0
   Vehicle #0 = 1, leaving at = 1090.0
   Vehicle #1 = 3, leaving at = 1103.0
   Increment on distance indicator: 12.0
   Increment on tard indicator:     0.0
   Value of tmax indicator:         12.0

Task for patient = 21 with skills = {0,5} and cost = 105.0
   Vehicle #0 = 1, leaving at = 1042.0
   Vehicle #1 = 3, leaving at = 1054.0
   Increment on distance indicator: 14.0
   Increment on tard indicator:     0.0
   Value of tmax indicator:         14.0

Task for patient = 7 with skills = {4,-1} and cost = 100.3
   Vehicle #0 = 4, leaving at = 1038.0
   Vehicle #1 = -1, leaving at = inf
   Increment on distance indicator: 3.0
   Increment on tard indicator:     0.0
   Value of tmax indicator:         3.0

Task for patient = 1 with skills = {0,4} and cost = 99.3
   Vehicle #0 = 1, leaving at = 977.0
   Vehicle #1 = 3, leaving at = 983.0
   Increment on distance indicator: 8.0
   Increment on tard indicator:     0.0
   Value of tmax indicator:         8.0

Task for patient = 17 with skills = {2,5} and cost = 96.7
   Vehicle #0 = 0, leaving at = 874.0
   Vehicle #1 = 3, leaving at = 929.0
   Increment on distance indicator: 11.0
   Increment on tard indicator:     0.0
   Value of tmax indicator:         11.0

Task for patient = 16 with skills = {2,-1} and cost = 93.0
   Vehicle #0 = 0, leaving at = 810.0
   Vehicle #1 = -1, leaving at = inf
   Increment on distance indicator: 38.0
   Increment on tard indicator:     0.0
   Value of tmax indicator:         38.0

Task for patient = 2 with skills = {5,-1} and cost = 80.3
   Vehicle #0 = 3, leaving at = 859.0
   Vehicle #1 = -1, leaving at = inf
   Increment on distance indicator: 5.0
   Increment on tard indicator:     0.0
   Value of tmax indicator:         5.0

Task for patient = 8 with skills = {4,-1} and cost = 78.7
   Vehicle #0 = 4, leaving at = 1006.0
   Vehicle #1 = -1, leaving at = inf
   Increment on distance indicator: 2.0
   Increment on tard indicator:     0.0
   Value of tmax indicator:         2.0

Task for patient = 5 with skills = {1,-1} and cost = 78.0
   Vehicle #0 = 1, leaving at = 929.0
   Vehicle #1 = -1, leaving at = inf
   Increment on distance indicator: 12.0
   Increment on tard indicator:     0.0
   Value of tmax indicator:         12.0

Task for patient = 11 with skills = {2,-1} and cost = 74.0
   Vehicle #0 = 0, leaving at = 754.0
   Vehicle #1 = -1, leaving at = inf
   Increment on distance indicator: 8.0
   Increment on tard indicator:     0.0
   Value of tmax indicator:         8.0

Task for patient = 23 with skills = {0,-1} and cost = 70.0
   Vehicle #0 = 1, leaving at = 886.0
   Vehicle #1 = -1, leaving at = inf
   Increment on distance indicator: 28.0
   Increment on tard indicator:     0.0
   Value of tmax indicator:         28.0

Task for patient = 19 with skills = {4,-1} and cost = 60.7
   Vehicle #0 = 4, leaving at = 957.0
   Vehicle #1 = -1, leaving at = inf
   Increment on distance indicator: 3.0
   Increment on tard indicator:     0.0
   Value of tmax indicator:         3.0

Task for patient = 6 with skills = {5,-1} and cost = 59.7
   Vehicle #0 = 3, leaving at = 725.0
   Vehicle #1 = -1, leaving at = inf
   Increment on distance indicator: 15.0
   Increment on tard indicator:     0.0
   Value of tmax indicator:         15.0

Task for patient = 24 with skills = {3,-1} and cost = 54.7
   Vehicle #0 = 4, leaving at = 910.0
   Vehicle #1 = -1, leaving at = inf
   Increment on distance indicator: 6.0
   Increment on tard indicator:     0.0
   Value of tmax indicator:         6.0

Task for patient = 20 with skills = {5,-1} and cost = 52.7
   Vehicle #0 = 4, leaving at = 823.0
   Vehicle #1 = -1, leaving at = inf
   Increment on distance indicator: 13.0
   Increment on tard indicator:     0.0
   Value of tmax indicator:         13.0

Task for patient = 10 with skills = {1,3} and cost = 48.3
   Vehicle #0 = 1, leaving at = 830.0
   Vehicle #1 = 2, leaving at = 808.0
   Increment on distance indicator: 29.0
   Increment on tard indicator:     0.0
   Value of tmax indicator:         29.0

Task for patient = 12 with skills = {2,-1} and cost = 38.7
   Vehicle #0 = 1, leaving at = 722.0
   Vehicle #1 = -1, leaving at = inf
   Increment on distance indicator: 18.0
   Increment on tard indicator:     0.0
   Value of tmax indicator:         18.0

Task for patient = 4 with skills = {0,4} and cost = 32.7
   Vehicle #0 = 1, leaving at = 650.0
   Vehicle #1 = 3, leaving at = 677.0
   Increment on distance indicator: 24.0
   Increment on tard indicator:     0.0
   Value of tmax indicator:         24.0

Task for patient = 3 with skills = {5,-1} and cost = 24.7
   Vehicle #0 = 3, leaving at = 618.0
   Vehicle #1 = -1, leaving at = inf
   Increment on distance indicator: 16.0
   Increment on tard indicator:     0.0
   Value of tmax indicator:         16.0

Task for patient = 14 with skills = {2,4} and cost = 19.3
   Vehicle #0 = 1, leaving at = 576.0
   Vehicle #1 = 3, leaving at = 556.0
   Increment on distance indicator: 34.0
   Increment on tard indicator:     0.0
   Value of tmax indicator:         34.0

Task for patient = 25 with skills = {2,3} and cost = 8.0
   Vehicle #0 = 0, leaving at = 678.0
   Vehicle #1 = 2, leaving at = 709.0
   Increment on distance indicator: 24.0
   Increment on tard indicator:     0.0
   Value of tmax indicator:         24.0

Task for patient = 22 with skills = {2,-1} and cost = 0.0
   Vehicle #0 = 0, leaving at = 619.0
   Vehicle #1 = -1, leaving at = inf
   Increment on distance indicator: 0.0
   Increment on tard indicator:     0.0
   Value of tmax indicator:         0.0

Task for patient = 18 with skills = {3,-1} and cost = 71.3
   Vehicle #0 = 2, leaving at = 860.0
   Vehicle #1 = -1, leaving at = inf
   Increment on distance indicator: 4.0
   Increment on tard indicator:     0.0
   Value of tmax indicator:         4.0


Unused vehicle list: (total = 0 out of 5)

---
Search finished.
Total of 448 generations in 0.3 seconds.
Exchange elite runs: 0
Implicit path relinking runs: 4
Reset attempts: 2

Best solution found:
   Cost: 219.3
   Total travel time: 430.0
   Total tardiness time: 130.0
   Largest tardiness: 98.0


219.3
