--- BRKGA-MP-IPR for HHCRSP ---
Instance: new-instances/HHCRSP_25_5_22_1.6_R_RC.txt
Seed: 1

Reading data... Problem contains 25 patients  and 5 caregivers.

Summary of supply x demand for each service type:
Skill 0 has supply = 2 and demand = 2, ratio = 1
Skill 1 has supply = 1 and demand = 10, ratio = 0.1
Skill 2 has supply = 1 and demand = 7, ratio = 0.142857
Skill 3 has supply = 1 and demand = 5, ratio = 0.2
Skill 4 has supply = 1 and demand = 3, ratio = 0.333333
Skill 5 has supply = 2 and demand = 6, ratio = 0.333333

Reading parameters...
Inferred distance function by PR type: kendall-tau
Building BRKGA data and initializing...
Evolving 448 generations...

  Gens  Rem    Local   ElDiv NoImpr             Best solution            Time  Op
                                       Cost     Dist    Tard    TMax 
*    0  448  2106.67  394.41      0  2106.67   704.00  4948.0   668.0     0.0    
*    2  446  1691.67  294.31      0  1691.67   726.00  3868.0   481.0     0.0    
*    5  443  1618.00  174.10      0  1618.00   696.00  3732.0   426.0     0.0    
*    7  441  1601.67  102.90      0  1601.67   694.00  3579.0   480.0     0.0    
*    8  440  1584.33   88.31      0  1584.33   672.00  3151.0   405.0     0.0    
*    9  439  1409.33   80.33      0  1409.33   722.00  3074.0   388.0     0.0    
*   10  438  1394.67   78.10      0  1394.67   722.00  2902.0   355.0     0.0    
*   11  437  1326.33   76.38      0  1326.33   688.00  2766.0   328.0     0.0    
*   12  436  1260.67   65.45      0  1260.67   688.00  2766.0   328.0     0.0    
*   14  434  1188.00   65.14      0  1188.00   633.00  2605.0   326.0     0.0    
*   17  431  1172.67   65.38      0  1172.67   656.00  2371.0   367.0     0.0    
*   18  430  1131.33   55.30      0  1131.33   656.00  2371.0   367.0     0.0    
*   24  424  1077.00   34.34      0  1077.00   596.00  2303.0   332.0     0.0    
*   28  420  1040.33   33.50      0  1040.33   636.00  2121.0   364.0     0.0    
*   33  415  1021.33   33.21      0  1021.33   577.00  2161.0   301.0     0.0    

  Gens  Rem    Local   ElDiv NoImpr             Best solution            Time  Op
                                       Cost     Dist    Tard    TMax 
*   34  414  1013.00   31.35      0  1013.00   577.00  2161.0   301.0     0.0    
*   36  412  1001.33   27.07      0  1001.33   624.00  2069.0   311.0     0.0    
*   39  409   982.67   22.14      0   982.67   606.00  1972.0   330.0     0.0    
*   40  408   969.33   21.44      0   969.33   593.00  1915.0   366.0     0.0    
*   41  407   958.00   18.81      0   958.00   598.00  1932.0   322.0     0.0    
*   42  406   950.67   17.90      0   950.67   598.00  1932.0   322.0     0.0    
*   44  404   934.00   17.95      0   934.00   604.00  1845.0   353.0     0.0    
    50  398   934.00    6.36      6   934.00   604.00  1845.0   353.0     0.0    
Path relinking result: too homogeneous.
    96  352   934.00    0.00     53   934.00   604.00  1845.0   353.0     0.1   P
   100  348   934.00    0.00     56   934.00   604.00  1845.0   353.0     0.1    
*  112  336   932.67    0.28      0   932.67   606.00  1838.0   354.0     0.1    
   150  298   932.67    0.00     38   932.67   606.00  1838.0   354.0     0.1    
   179  269      inf  460.60      0   932.67   606.00  1838.0   354.0     0.1   R
   180  268  1981.33  387.58      0   932.67   606.00  1838.0   354.0     0.1    
Path relinking result: too homogeneous.
   192  256  1296.00   66.13      1   932.67   606.00  1838.0   354.0     0.1   P
   200  248  1175.00   40.12      0   932.67   606.00  1838.0   354.0     0.1    

  Gens  Rem    Local   ElDiv NoImpr             Best solution            Time  Op
                                       Cost     Dist    Tard    TMax 
*  217  231   897.33   16.70      0   897.33   596.00  1723.0   373.0     0.1    
*  222  226   893.00   13.17      0   893.00   578.00  1732.0   368.0     0.2    
*  223  225   892.67   15.83      0   892.67   588.00  1675.0   366.0     0.2    
*  224  224   876.33   17.27      0   876.33   588.00  1675.0   366.0     0.2    
*  229  219   874.67    7.59      0   874.67   601.00  1707.0   316.0     0.2    
*  231  217   874.33    0.56      0   874.33   600.00  1707.0   316.0     0.2    
   250  198   874.33    0.00     19   874.33   600.00  1707.0   316.0     0.2    
Path relinking result: too homogeneous.
   288  160   874.33    0.00     58   874.33   600.00  1707.0   316.0     0.2   P
   298  150      inf  514.86      0   874.33   600.00  1707.0   316.0     0.2   R
   299  149  1837.33  445.05      0   874.33   600.00  1707.0   316.0     0.2    
   300  148  1837.33  306.64      1   874.33   600.00  1707.0   316.0     0.2    
   350   98   962.00    2.39      4   874.33   600.00  1707.0   316.0     0.2    
Path relinking result: too homogeneous.
   384   64   961.67    0.00     31   874.33   600.00  1707.0   316.0     0.3   P
   400   48   961.00    0.00      5   874.33   600.00  1707.0   316.0     0.3    
   448    0   954.33    0.00      9   874.33   600.00  1707.0   316.0     0.3    
Evolutionary process finished.
Solution written to 'solution-40912.txt'.

Sorted sequence of worst to best tardiness value:
Task for patient = 16 with skills = {2,3} and cost = 484.7
   Vehicle #0 = 0, leaving at = 1125.0
   Vehicle #1 = 4, leaving at = 1131.0
   Increment on distance indicator: 37.0
   Increment on tard indicator:     352.0
   Value of tmax indicator:         37.0

Task for patient = 8 with skills = {1,-1} and cost = 721.0
   Vehicle #0 = 0, leaving at = 1244.0
   Vehicle #1 = -1, leaving at = inf
   Increment on distance indicator: 22.0
   Increment on tard indicator:     329.0
   Value of tmax indicator:         22.0

Task for patient = 9 with skills = {1,-1} and cost = 929.7
   Vehicle #0 = 0, leaving at = 1340.0
   Vehicle #1 = -1, leaving at = inf
   Increment on distance indicator: 30.0
   Increment on tard indicator:     311.0
   Value of tmax indicator:         30.0

Task for patient = 10 with skills = {1,-1} and cost = 816.0
   Vehicle #0 = 0, leaving at = 1280.0
   Vehicle #1 = -1, leaving at = inf
   Increment on distance indicator: 9.0
   Increment on tard indicator:     276.0
   Value of tmax indicator:         9.0

Task for patient = 11 with skills = {2,-1} and cost = 321.0
   Vehicle #0 = 0, leaving at = 967.0
   Vehicle #1 = -1, leaving at = inf
   Increment on distance indicator: 6.0
   Increment on tard indicator:     154.0
   Value of tmax indicator:         6.0

Task for patient = 20 with skills = {2,-1} and cost = 536.7
   Vehicle #0 = 0, leaving at = 1164.0
   Vehicle #1 = -1, leaving at = inf
   Increment on distance indicator: 8.0
   Increment on tard indicator:     148.0
   Value of tmax indicator:         8.0

Task for patient = 1 with skills = {2,3} and cost = 241.7
   Vehicle #0 = 0, leaving at = 946.0
   Vehicle #1 = 4, leaving at = 953.0
   Increment on distance indicator: 18.0
   Increment on tard indicator:     140.0
   Value of tmax indicator:         18.0

Task for patient = 15 with skills = {2,4} and cost = 175.0
   Vehicle #0 = 0, leaving at = 817.0
   Vehicle #1 = 3, leaving at = 849.0
   Increment on distance indicator: 45.0
   Increment on tard indicator:     138.0
   Value of tmax indicator:         45.0

Task for patient = 12 with skills = {1,5} and cost = 46.0
   Vehicle #0 = 0, leaving at = 710.0
   Vehicle #1 = 2, leaving at = 711.0
   Increment on distance indicator: 27.0
   Increment on tard indicator:     26.0
   Value of tmax indicator:         27.0

Task for patient = 22 with skills = {1,5} and cost = 347.7
   Vehicle #0 = 0, leaving at = 1073.0
   Vehicle #1 = 3, leaving at = 1100.0
   Increment on distance indicator: 21.0
   Increment on tard indicator:     22.0
   Value of tmax indicator:         21.0

Task for patient = 17 with skills = {4,-1} and cost = 77.0
   Vehicle #0 = 3, leaving at = 702.0
   Vehicle #1 = -1, leaving at = inf
   Increment on distance indicator: 54.0
   Increment on tard indicator:     19.0
   Value of tmax indicator:         54.0

Task for patient = 7 with skills = {2,4} and cost = 17.3
   Vehicle #0 = 0, leaving at = 604.0
   Vehicle #1 = 3, leaving at = 588.0
   Increment on distance indicator: 52.0
   Increment on tard indicator:     0.0
   Value of tmax indicator:         52.0

Task for patient = 13 with skills = {1,-1} and cost = 24.0
   Vehicle #0 = 0, leaving at = 664.0
   Vehicle #1 = -1, leaving at = inf
   Increment on distance indicator: 20.0
   Increment on tard indicator:     0.0
   Value of tmax indicator:         20.0

Task for patient = 18 with skills = {0,-1} and cost = 553.0
   Vehicle #0 = 1, leaving at = 961.0
   Vehicle #1 = -1, leaving at = inf
   Increment on distance indicator: 9.0
   Increment on tard indicator:     0.0
   Value of tmax indicator:         9.0

Task for patient = 5 with skills = {0,5} and cost = 550.0
   Vehicle #0 = 1, leaving at = 903.0
   Vehicle #1 = 2, leaving at = 924.0
   Increment on distance indicator: 40.0
   Increment on tard indicator:     0.0
   Value of tmax indicator:         40.0

Task for patient = 6 with skills = {1,3} and cost = 50.7
   Vehicle #0 = 0, leaving at = 772.0
   Vehicle #1 = 4, leaving at = 746.0
   Increment on distance indicator: 14.0
   Increment on tard indicator:     0.0
   Value of tmax indicator:         14.0

Task for patient = 2 with skills = {2,-1} and cost = 333.3
   Vehicle #0 = 0, leaving at = 1041.0
   Vehicle #1 = -1, leaving at = inf
   Increment on distance indicator: 5.0
   Increment on tard indicator:     0.0
   Value of tmax indicator:         5.0

Task for patient = 14 with skills = {1,-1} and cost = 330.3
   Vehicle #0 = 0, leaving at = 1021.0
   Vehicle #1 = -1, leaving at = inf
   Increment on distance indicator: 28.0
   Increment on tard indicator:     0.0
   Value of tmax indicator:         28.0

Task for patient = 24 with skills = {3,-1} and cost = 78.0
   Vehicle #0 = 4, leaving at = 802.0
   Vehicle #1 = -1, leaving at = inf
   Increment on distance indicator: 3.0
   Increment on tard indicator:     0.0
   Value of tmax indicator:         3.0

Task for patient = 4 with skills = {1,-1} and cost = 189.0
   Vehicle #0 = 0, leaving at = 891.0
   Vehicle #1 = -1, leaving at = inf
   Increment on distance indicator: 19.0
   Increment on tard indicator:     0.0
   Value of tmax indicator:         19.0

Task for patient = 19 with skills = {5,-1} and cost = 182.7
   Vehicle #0 = 3, leaving at = 876.0
   Vehicle #1 = -1, leaving at = inf
   Increment on distance indicator: 3.0
   Increment on tard indicator:     0.0
   Value of tmax indicator:         3.0

Task for patient = 23 with skills = {1,-1} and cost = 181.7
   Vehicle #0 = 0, leaving at = 855.0
   Vehicle #1 = -1, leaving at = inf
   Increment on distance indicator: 20.0
   Increment on tard indicator:     0.0
   Value of tmax indicator:         20.0

Task for patient = 21 with skills = {3,-1} and cost = 95.0
   Vehicle #0 = 4, leaving at = 883.0
   Vehicle #1 = -1, leaving at = inf
   Increment on distance indicator: 30.0
   Increment on tard indicator:     0.0
   Value of tmax indicator:         30.0

Task for patient = 25 with skills = {5,-1} and cost = 85.0
   Vehicle #0 = 3, leaving at = 758.0
   Vehicle #1 = -1, leaving at = inf
   Increment on distance indicator: 21.0
   Increment on tard indicator:     0.0
   Value of tmax indicator:         21.0

Task for patient = 3 with skills = {5,-1} and cost = 331.7
   Vehicle #0 = 3, leaving at = 958.0
   Vehicle #1 = -1, leaving at = inf
   Increment on distance indicator: 4.0
   Increment on tard indicator:     0.0
   Value of tmax indicator:         4.0


Unused vehicle list: (total = 0 out of 5)

---
Search finished.
Total of 448 generations in 0.3 seconds.
Exchange elite runs: 0
Implicit path relinking runs: 4
Reset attempts: 2

Best solution found:
   Cost: 874.3
   Total travel time: 600.0
   Total tardiness time: 1707.0
   Largest tardiness: 316.0


874.3
