--- BRKGA-MP-IPR for HHCRSP ---
Instance: new-instances/HHCRSP_25_5_28_1.6_C_RC.txt
Seed: 1

Reading data... Problem contains 25 patients  and 5 caregivers.

Summary of supply x demand for each service type:
Skill 0 has supply = 2 and demand = 9, ratio = 0.222222
Skill 1 has supply = 1 and demand = 1, ratio = 1
Skill 2 has supply = 2 and demand = 5, ratio = 0.4
Skill 3 has supply = 3 and demand = 4, ratio = 0.75
Skill 4 has supply = 3 and demand = 9, ratio = 0.333333
Skill 5 has supply = 2 and demand = 5, ratio = 0.4

Reading parameters...
Inferred distance function by PR type: kendall-tau
Building BRKGA data and initializing...
Evolving 448 generations...

  Gens  Rem    Local   ElDiv NoImpr             Best solution            Time  Op
                                       Cost     Dist    Tard    TMax 
*    0  448   424.33  186.75      0   424.33   505.00   653.0   115.0     0.0    
*    4  444   318.33  107.37      0   318.33   483.00   347.0   125.0     0.0    
*    7  441   283.33   52.26      0   283.33   474.00   256.0    85.0     0.0    
*    8  440   271.67   45.36      0   271.67   543.00    79.0    75.0     0.0    
*    9  439   232.33   41.07      0   232.33   543.00    79.0    75.0     0.0    
*   11  437   157.67   40.13      0   157.67   446.00    15.0    12.0     0.0    
*   16  432   151.33   16.58      0   151.33   454.00     0.0     0.0     0.0    
*   19  429   143.00    7.43      0   143.00   429.00     0.0     0.0     0.0    
*   27  421   142.00    2.21      0   142.00   426.00     0.0     0.0     0.0    
*   30  418   141.67    1.40      0   141.67   425.00     0.0     0.0     0.0    
*   32  416   139.00    1.23      0   139.00   417.00     0.0     0.0     0.0    
*   46  402   138.67    0.75      0   138.67   416.00     0.0     0.0     0.0    
*   49  399   138.00    0.59      0   138.00   414.00     0.0     0.0     0.0    
    50  398   138.00    0.55      1   138.00   414.00     0.0     0.0     0.0    
*   53  395   137.67    0.39      0   137.67   412.00     0.0     0.0     0.0    

  Gens  Rem    Local   ElDiv NoImpr             Best solution            Time  Op
                                       Cost     Dist    Tard    TMax 
*   54  394   137.33    0.32      0   137.33   412.00     0.0     0.0     0.0    
Path relinking result: too homogeneous.
    96  352   137.33    0.00     43   137.33   412.00     0.0     0.0     0.1   P
   100  348   137.33    0.00     46   137.33   412.00     0.0     0.0     0.1    
   121  327      inf  194.93      0   137.33   412.00     0.0     0.0     0.1   R
   122  326   706.00  141.08      0   137.33   412.00     0.0     0.0     0.1    
   150  298   141.00    1.86      3   137.33   412.00     0.0     0.0     0.1    
*  160  288   137.00    1.04      0   137.00   411.00     0.0     0.0     0.1    
*  162  286   136.67    1.09      0   136.67   410.00     0.0     0.0     0.1    
*  165  283   136.33    0.85      0   136.33   408.00     0.0     0.0     0.1    
*  166  282   136.00    0.58      0   136.00   408.00     0.0     0.0     0.1    
Path relinking result: too homogeneous.
   192  256   136.00    0.00     27   136.00   408.00     0.0     0.0     0.1   P
   200  248   136.00    0.00     34   136.00   408.00     0.0     0.0     0.1    
   233  215      inf  201.26      0   136.00   408.00     0.0     0.0     0.2   R
   234  214   667.33  155.48      0   136.00   408.00     0.0     0.0     0.2    
   250  198   147.33   14.73      0   136.00   408.00     0.0     0.0     0.2    
Path relinking result: too homogeneous.
   288  160   136.33    0.62      2   136.00   408.00     0.0     0.0     0.2   P

  Gens  Rem    Local   ElDiv NoImpr             Best solution            Time  Op
                                       Cost     Dist    Tard    TMax 
   300  148   136.00    0.00      6   136.00   408.00     0.0     0.0     0.2    
*  325  123   135.67    0.04      0   135.67   407.00     0.0     0.0     0.2    
   350   98   135.67    0.00     25   135.67   407.00     0.0     0.0     0.2    
Path relinking result: too homogeneous.
   384   64   135.67    0.00     60   135.67   407.00     0.0     0.0     0.3   P
   392   56      inf  221.70      0   135.67   407.00     0.0     0.0     0.3   R
   393   55   659.67  205.71      0   135.67   407.00     0.0     0.0     0.3    
   400   48   229.67   55.33      3   135.67   407.00     0.0     0.0     0.3    
   448    0   138.00    0.00     15   135.67   407.00     0.0     0.0     0.3    
Evolutionary process finished.
Solution written to 'solution-42388.txt'.

Sorted sequence of worst to best tardiness value:
Task for patient = 1 with skills = {5,-1} and cost = 73.0
   Vehicle #0 = 3, leaving at = 771.0
   Vehicle #1 = -1, leaving at = inf
   Increment on distance indicator: 15.0
   Increment on tard indicator:     1.0
   Value of tmax indicator:         15.0

Task for patient = 3 with skills = {3,-1} and cost = 102.0
   Vehicle #0 = 2, leaving at = 1009.0
   Vehicle #1 = -1, leaving at = inf
   Increment on distance indicator: 7.0
   Increment on tard indicator:     0.0
   Value of tmax indicator:         7.0

Task for patient = 8 with skills = {2,-1} and cost = 99.7
   Vehicle #0 = 1, leaving at = 877.0
   Vehicle #1 = -1, leaving at = inf
   Increment on distance indicator: 14.0
   Increment on tard indicator:     0.0
   Value of tmax indicator:         14.0

Task for patient = 18 with skills = {4,-1} and cost = 95.0
   Vehicle #0 = 2, leaving at = 948.0
   Vehicle #1 = -1, leaving at = inf
   Increment on distance indicator: 7.0
   Increment on tard indicator:     0.0
   Value of tmax indicator:         7.0

Task for patient = 15 with skills = {5,-1} and cost = 92.7
   Vehicle #0 = 4, leaving at = 757.0
   Vehicle #1 = -1, leaving at = inf
   Increment on distance indicator: 15.0
   Increment on tard indicator:     0.0
   Value of tmax indicator:         15.0

Task for patient = 19 with skills = {4,-1} and cost = 87.7
   Vehicle #0 = 2, leaving at = 899.0
   Vehicle #1 = -1, leaving at = inf
   Increment on distance indicator: 7.0
   Increment on tard indicator:     0.0
   Value of tmax indicator:         7.0

Task for patient = 7 with skills = {2,-1} and cost = 85.3
   Vehicle #0 = 0, leaving at = 916.0
   Vehicle #1 = -1, leaving at = inf
   Increment on distance indicator: 2.0
   Increment on tard indicator:     0.0
   Value of tmax indicator:         2.0

Task for patient = 6 with skills = {0,4} and cost = 84.7
   Vehicle #0 = 0, leaving at = 863.0
   Vehicle #1 = 2, leaving at = 872.0
   Increment on distance indicator: 10.0
   Increment on tard indicator:     0.0
   Value of tmax indicator:         10.0

Task for patient = 4 with skills = {0,-1} and cost = 81.3
   Vehicle #0 = 1, leaving at = 806.0
   Vehicle #1 = -1, leaving at = inf
   Increment on distance indicator: 17.0
   Increment on tard indicator:     0.0
   Value of tmax indicator:         17.0

Task for patient = 9 with skills = {0,-1} and cost = 75.7
   Vehicle #0 = 0, leaving at = 834.0
   Vehicle #1 = -1, leaving at = inf
   Increment on distance indicator: 8.0
   Increment on tard indicator:     0.0
   Value of tmax indicator:         8.0

Task for patient = 21 with skills = {0,-1} and cost = 67.3
   Vehicle #0 = 1, leaving at = 765.0
   Vehicle #1 = -1, leaving at = inf
   Increment on distance indicator: 19.0
   Increment on tard indicator:     0.0
   Value of tmax indicator:         19.0

Task for patient = 24 with skills = {1,5} and cost = 113.0
   Vehicle #0 = 1, leaving at = 939.0
   Vehicle #1 = 4, leaving at = 934.0
   Increment on distance indicator: 33.0
   Increment on tard indicator:     0.0
   Value of tmax indicator:         33.0

Task for patient = 16 with skills = {0,4} and cost = 53.3
   Vehicle #0 = 0, leaving at = 709.0
   Vehicle #1 = 2, leaving at = 731.0
   Increment on distance indicator: 16.0
   Increment on tard indicator:     0.0
   Value of tmax indicator:         16.0

Task for patient = 10 with skills = {0,-1} and cost = 48.0
   Vehicle #0 = 1, leaving at = 709.0
   Vehicle #1 = -1, leaving at = inf
   Increment on distance indicator: 12.0
   Increment on tard indicator:     0.0
   Value of tmax indicator:         12.0

Task for patient = 20 with skills = {3,-1} and cost = 44.0
   Vehicle #0 = 3, leaving at = 704.0
   Vehicle #1 = -1, leaving at = inf
   Increment on distance indicator: 6.0
   Increment on tard indicator:     0.0
   Value of tmax indicator:         6.0

Task for patient = 5 with skills = {3,-1} and cost = 42.0
   Vehicle #0 = 3, leaving at = 661.0
   Vehicle #1 = -1, leaving at = inf
   Increment on distance indicator: 4.0
   Increment on tard indicator:     0.0
   Value of tmax indicator:         4.0

Task for patient = 11 with skills = {0,5} and cost = 40.7
   Vehicle #0 = 0, leaving at = 658.0
   Vehicle #1 = 3, leaving at = 641.0
   Increment on distance indicator: 9.0
   Increment on tard indicator:     0.0
   Value of tmax indicator:         9.0

Task for patient = 12 with skills = {0,4} and cost = 37.7
   Vehicle #0 = 1, leaving at = 640.0
   Vehicle #1 = 4, leaving at = 619.0
   Increment on distance indicator: 18.0
   Increment on tard indicator:     0.0
   Value of tmax indicator:         18.0

Task for patient = 14 with skills = {2,-1} and cost = 31.7
   Vehicle #0 = 0, leaving at = 610.0
   Vehicle #1 = -1, leaving at = inf
   Increment on distance indicator: 4.0
   Increment on tard indicator:     0.0
   Value of tmax indicator:         4.0

Task for patient = 22 with skills = {2,5} and cost = 30.3
   Vehicle #0 = 0, leaving at = 564.0
   Vehicle #1 = 3, leaving at = 591.0
   Increment on distance indicator: 13.0
   Increment on tard indicator:     0.0
   Value of tmax indicator:         13.0

Task for patient = 13 with skills = {0,4} and cost = 26.0
   Vehicle #0 = 1, leaving at = 570.0
   Vehicle #1 = 4, leaving at = 583.0
   Increment on distance indicator: 16.0
   Increment on tard indicator:     0.0
   Value of tmax indicator:         16.0

Task for patient = 2 with skills = {4,-1} and cost = 20.7
   Vehicle #0 = 3, leaving at = 557.0
   Vehicle #1 = -1, leaving at = inf
   Increment on distance indicator: 15.0
   Increment on tard indicator:     0.0
   Value of tmax indicator:         15.0

Task for patient = 25 with skills = {3,-1} and cost = 15.7
   Vehicle #0 = 2, leaving at = 584.0
   Vehicle #1 = -1, leaving at = inf
   Increment on distance indicator: 11.0
   Increment on tard indicator:     0.0
   Value of tmax indicator:         11.0

Task for patient = 23 with skills = {2,4} and cost = 12.0
   Vehicle #0 = 0, leaving at = 505.0
   Vehicle #1 = 2, leaving at = 538.0
   Increment on distance indicator: 36.0
   Increment on tard indicator:     0.0
   Value of tmax indicator:         36.0

Task for patient = 17 with skills = {4,-1} and cost = 61.0
   Vehicle #0 = 4, leaving at = 692.0
   Vehicle #1 = -1, leaving at = inf
   Increment on distance indicator: 23.0
   Increment on tard indicator:     0.0
   Value of tmax indicator:         23.0


Unused vehicle list: (total = 0 out of 5)

---
Search finished.
Total of 448 generations in 0.3 seconds.
Exchange elite runs: 0
Implicit path relinking runs: 4
Reset attempts: 3

Best solution found:
   Cost: 135.7
   Total travel time: 407.0
   Total tardiness time: 0.0
   Largest tardiness: 0.0


135.7
