#######################################
### Exact MIP solver for the HHCRSP ###
#######################################
-- Instance file: new-instances/HHCRSP_25_5_80_1.6_R_RC.txt
-- Max threads: 4
-- Time limit: 999999 seconds
-- Use initial solution: No
Trivial flow violations prevented generating 747 variables.
Model exported.
Version identifier: 20.1.0.0 | 2020-11-10 | 9bedb6d68
CPXPARAM_Threads                                 4
CPXPARAM_TimeLimit                               999999
Tried aggregator 1 time.
LP Presolve eliminated 286 rows and 77 columns.
Reduced LP has 734 rows, 717 columns, and 4362 nonzeros.
Presolve time = 0.00 sec. (1.49 ticks)
Symmetry aggregator did 449 additional substitutions.

Iteration log . . .
Iteration:     1   Dual objective     =            18.000000
Iteration:    77   Dual objective     =           102.003453

Dual crossover.
  Dual:  Fixing 19 variables.
       18 DMoves:  Infeasibility  6.43929947e-15  Objective  1.02014651e+02
        0 DMoves:  Infeasibility  4.66294009e-15  Objective  1.02014651e+02
  Dual:  Pushed 2, exchanged 17.
  Primal:  Fixing 8 variables.
        7 PMoves:  Infeasibility  1.11022302e-16  Objective  1.02014651e+02
        0 PMoves:  Infeasibility  1.11022302e-16  Objective  1.02014651e+02
  Primal:  Pushed 0, exchanged 8.

Solution status from MIP model:
-- Processing time: 0.005 sec.
-- Memory used: 14.5771 MB
-- Best bound: inf
-- Obj value: 102.015
-- Gap: inf%
-- Total distance: 306.044
-- Total tardiness: 0
-- Largest tardiness: 0
