#######################################
### Exact MIP solver for the HHCRSP ###
#######################################
-- Instance file: new-instances/HHCRSP_25_5_45_1.0_R_R.txt
-- Max threads: 4
-- Time limit: 999999 seconds
-- Use initial solution: No
Trivial flow violations prevented generating 829 variables.
Model exported.
Version identifier: 20.1.0.0 | 2020-11-10 | 9bedb6d68
CPXPARAM_Threads                                 4
CPXPARAM_TimeLimit                               999999
Tried aggregator 1 time.
LP Presolve eliminated 450 rows and 166 columns.
Reduced LP has 1464 rows, 1432 columns, and 9805 nonzeros.
Presolve time = 0.01 sec. (3.17 ticks)
Symmetry aggregator did 887 additional substitutions.

Iteration log . . .
Iteration:     1   Dual objective     =             0.000000
Iteration:   102   Dual objective     =            96.670013

Dual crossover.
  Dual:  Fixing 38 variables.
       37 DMoves:  Infeasibility  1.16573570e-14  Objective  9.66726333e+01
        0 DMoves:  Infeasibility  2.33148360e-15  Objective  9.66726333e+01
  Dual:  Pushed 2, exchanged 36.
  Primal:  Fixing 9 variables.
        8 PMoves:  Infeasibility  0.00000000e+00  Objective  9.66726333e+01
        0 PMoves:  Infeasibility  0.00000000e+00  Objective  9.66726333e+01
  Primal:  Pushed 2, exchanged 7.

Solution status from MIP model:
-- Processing time: 0.01 sec.
-- Memory used: 15.0889 MB
-- Best bound: inf
-- Obj value: 96.6726
-- Gap: inf%
-- Total distance: 290.018
-- Total tardiness: 0
-- Largest tardiness: 0
