#######################################
### Exact MIP solver for the HHCRSP ###
#######################################
-- Instance file: new-instances/HHCRSP_25_5_66_1.0_R_R.txt
-- Max threads: 4
-- Time limit: 999999 seconds
-- Use initial solution: No
Trivial flow violations prevented generating 916 variables.
Model exported.
Version identifier: 20.1.0.0 | 2020-11-10 | 9bedb6d68
CPXPARAM_Threads                                 4
CPXPARAM_TimeLimit                               999999
Tried aggregator 1 time.
LP Presolve eliminated 438 rows and 161 columns.
Reduced LP has 1326 rows, 1296 columns, and 8917 nonzeros.
Presolve time = 0.00 sec. (2.88 ticks)
Symmetry aggregator did 656 additional substitutions.

Iteration log . . .
Iteration:     1   Dual objective     =             0.000000
Iteration:   104   Dual objective     =            79.004913

Dual crossover.
  Dual:  Fixing 36 variables.
       35 DMoves:  Infeasibility  3.66374276e-15  Objective  7.90060400e+01
        0 DMoves:  Infeasibility  5.77316650e-15  Objective  7.90060400e+01
  Dual:  Pushed 3, exchanged 33.
  Primal:  Fixing 9 variables.
        8 PMoves:  Infeasibility  0.00000000e+00  Objective  7.90060400e+01
        0 PMoves:  Infeasibility  0.00000000e+00  Objective  7.90060400e+01
  Primal:  Pushed 1, exchanged 8.

Solution status from MIP model:
-- Processing time: 0.009 sec.
-- Memory used: 14.999 MB
-- Best bound: inf
-- Obj value: 79.006
-- Gap: inf%
-- Total distance: 237.018
-- Total tardiness: 0
-- Largest tardiness: 0
