--- BRKGA-MP-IPR for HHCRSP ---
Instance: new-instances/HHCRSP_200_40_33_1.2_C_RC.txt
Seed: 1

Reading data... Problem contains 200 patients  and 40 caregivers.

Summary of supply x demand for each service type:
Skill 0 has supply = 14 and demand = 40, ratio = 0.35
Skill 1 has supply = 14 and demand = 49, ratio = 0.285714
Skill 2 has supply = 12 and demand = 43, ratio = 0.27907
Skill 3 has supply = 15 and demand = 50, ratio = 0.3
Skill 4 has supply = 11 and demand = 30, ratio = 0.366667
Skill 5 has supply = 14 and demand = 48, ratio = 0.291667

Reading parameters...
Inferred distance function by PR type: kendall-tau
Building BRKGA data and initializing...
Evolving 448 generations...

  Gens  Rem    Local   ElDiv NoImpr             Best solution            Time  Op
                                       Cost     Dist    Tard    TMax 
*    0  448  5124.00  371.33      0  5124.00  4360.00 10586.0   426.0     0.0    
*    2  446  5057.67  260.06      0  5057.67  4462.00  9905.0   408.0     0.1    
*    3  445  4925.00  336.25      0  4925.00  4418.00  6942.0   368.0     0.1    
*    4  444  3909.33  294.54      0  3909.33  4418.00  6942.0   368.0     0.1    
*    6  442  3586.00  291.04      0  3586.00  4236.00  6152.0   370.0     0.1    
*    9  439  3241.00  236.73      0  3241.00  4368.00  4943.0   412.0     0.2    
*   11  437  3120.67  214.00      0  3120.67  4268.00  3972.0   339.0     0.2    
*   12  436  2859.67  204.51      0  2859.67  4149.00  3748.0   314.0     0.3    
*   13  435  2737.00  199.69      0  2737.00  4176.00  3590.0   318.0     0.3    
*   14  434  2694.67  169.14      0  2694.67  4120.00  3429.0   257.0     0.3    
*   15  433  2602.00  232.85      0  2602.00  4117.00  1862.0   389.0     0.3    
*   16  432  2122.67  203.75      0  2122.67  4117.00  1862.0   389.0     0.3    
*   18  430  2016.67  162.29      0  2016.67  4310.00  1474.0   266.0     0.4    
*   20  428  1974.00  153.83      0  1974.00  4150.00  1408.0   307.0     0.4    
*   21  427  1955.00  138.67      0  1955.00  4150.00  1408.0   307.0     0.4    

  Gens  Rem    Local   ElDiv NoImpr             Best solution            Time  Op
                                       Cost     Dist    Tard    TMax 
*   23  425  1860.67  108.35      0  1860.67  4211.00   846.0   138.0     0.5    
*   24  424  1731.67  103.14      0  1731.67  3913.00   914.0   222.0     0.5    
*   25  423  1683.00  112.74      0  1683.00  4058.00   439.0   169.0     0.5    
*   26  422  1555.33  108.00      0  1555.33  4058.00   439.0   169.0     0.5    
*   30  418  1540.00   81.97      0  1540.00  4134.00   393.0    93.0     0.6    
*   32  416  1493.33   68.58      0  1493.33  4092.00   273.0   115.0     0.7    
*   35  413  1416.33   55.50      0  1416.33  3983.00   197.0    46.0     0.7    
*   36  412  1408.67   45.65      0  1408.67  3983.00   197.0    46.0     0.7    
*   38  410  1389.33   40.64      0  1389.33  3934.00   143.0    91.0     0.8    
*   40  408  1341.67   39.85      0  1341.67  3953.00    43.0    29.0     0.8    
*   42  406  1339.33   33.71      0  1339.33  3907.00    87.0    24.0     0.9    
*   45  403  1277.00   27.97      0  1277.00  3785.00    36.0    10.0     0.9    
    50  398  1277.00   17.14      5  1277.00  3785.00    36.0    10.0     1.0    
*   54  394  1271.33   16.16      0  1271.33  3774.00    28.0    12.0     1.1    
*   56  392  1253.67   16.11      0  1253.67  3716.00    36.0     9.0     1.1    
*   59  389  1228.33   15.34      0  1228.33  3660.00    18.0     7.0     1.2    

  Gens  Rem    Local   ElDiv NoImpr             Best solution            Time  Op
                                       Cost     Dist    Tard    TMax 
*   65  383  1212.33   14.52      0  1212.33  3606.00    25.0     6.0     1.3    
*   67  381  1208.00   14.53      0  1208.00  3604.00    14.0     6.0     1.4    
*   76  372  1185.67   11.63      0  1185.67  3511.00    40.0     6.0     1.5    
*   78  370  1176.67   13.85      0  1176.67  3518.00     8.0     4.0     1.6    
*   89  359  1173.33    8.97      0  1173.33  3494.00    19.0     7.0     1.8    
*   92  356  1170.00    7.73      0  1170.00  3496.00    10.0     4.0     1.9    
*   94  354  1169.67    8.12      0  1169.67  3466.00     8.0     5.0     1.9    
*   95  353  1159.67    7.80      0  1159.67  3466.00     8.0     5.0     1.9    
Path relinking result: too homogeneous.
    96  352  1159.67    8.07      2  1159.67  3466.00     8.0     5.0     1.9   P
*   98  350  1153.00    8.31      0  1153.00  3459.00     0.0     0.0     2.0    
   100  348  1153.00    9.07      2  1153.00  3459.00     0.0     0.0     2.0    
*  101  347  1140.67   10.13      0  1140.67  3382.00    18.0     4.0     2.0    
*  102  346  1134.67    9.64      0  1134.67  3382.00    18.0     4.0     2.1    
*  106  342  1134.33    9.39      0  1134.33  3381.00    17.0     5.0     2.1    
*  109  339  1129.67    9.90      0  1129.67  3332.00    40.0    11.0     2.2    
*  110  338  1127.67    9.35      0  1127.67  3332.00    40.0    11.0     2.2    

  Gens  Rem    Local   ElDiv NoImpr             Best solution            Time  Op
                                       Cost     Dist    Tard    TMax 
*  112  336  1110.33    9.54      0  1110.33  3313.00    13.0     5.0     2.3    
*  126  322  1106.67    7.81      0  1106.67  3303.00    14.0     3.0     2.5    
*  137  311  1103.00    6.99      0  1103.00  3292.00    13.0     4.0     2.7    
*  141  307  1098.33    6.84      0  1098.33  3262.00    28.0     5.0     2.8    
*  148  300  1098.00    6.17      0  1098.00  3274.00    13.0     7.0     2.9    
*  150  298  1090.33    7.36      0  1090.33  3264.00     5.0     2.0     3.0    
*  152  296  1086.67    8.00      0  1086.67  3258.00     1.0     1.0     3.0    
*  156  292  1079.00    8.02      0  1079.00  3231.00     4.0     2.0     3.1    
*  167  281  1071.33    7.73      0  1071.33  3210.00     3.0     1.0     3.3    
*  177  271  1066.67    7.58      0  1066.67  3176.00     4.0     2.0     3.5    
*  178  270  1060.67    7.75      0  1060.67  3176.00     4.0     2.0     3.5    
*  184  264  1059.67    7.69      0  1059.67  3173.00     4.0     2.0     3.6    
Path relinking result: too homogeneous.
   192  256  1059.67    6.16      9  1059.67  3173.00     4.0     2.0     3.8   P
*  196  252  1050.33    5.98      0  1050.33  3137.00    10.0     4.0     3.8    
   200  248  1050.33    5.57      4  1050.33  3137.00    10.0     4.0     3.9    
*  205  243  1043.67    6.46      0  1043.67  3126.00     4.0     1.0     4.0    

  Gens  Rem    Local   ElDiv NoImpr             Best solution            Time  Op
                                       Cost     Dist    Tard    TMax 
*  220  228  1030.00    4.99      0  1030.00  3090.00     0.0     0.0     4.3    
*  224  224  1027.33    5.17      0  1027.33  3079.00     2.0     1.0     4.4    
*  245  203  1023.67    3.85      0  1023.67  3067.00     2.0     2.0     4.8    
*  250  198  1023.33    3.90      0  1023.33  3044.00    17.0     6.0     4.9    
*  251  197  1022.33    3.94      0  1022.33  3051.00     5.0     2.0     5.0    
*  252  196  1019.33    3.83      0  1019.33  3047.00     5.0     2.0     5.0    
*  253  195  1018.00    3.46      0  1018.00  3047.00     5.0     2.0     5.0    
*  255  193  1017.67    3.52      0  1017.67  3045.00     5.0     3.0     5.0    
*  257  191  1010.67    4.17      0  1010.67  3026.00     4.0     2.0     5.1    
*  259  189  1009.00    4.68      0  1009.00  3021.00     4.0     2.0     5.1    
*  269  179  1008.00    0.15      0  1008.00  3018.00     4.0     2.0     5.3    
*  277  171  1007.33    0.41      0  1007.33  3016.00     4.0     2.0     5.5    
Path relinking result: too homogeneous.
   288  160  1007.33    0.00     12  1007.33  3016.00     4.0     2.0     5.7   P
*  291  157  1006.67    0.12      0  1006.67  3014.00     4.0     2.0     5.7    
*  299  149  1006.33    0.16      0  1006.33  3013.00     4.0     2.0     5.8    
   300  148  1006.33    0.13      1  1006.33  3013.00     4.0     2.0     5.9    

  Gens  Rem    Local   ElDiv NoImpr             Best solution            Time  Op
                                       Cost     Dist    Tard    TMax 
*  316  132  1005.67    0.09      0  1005.67  3011.00     4.0     2.0     6.2    
*  324  124  1005.33    0.17      0  1005.33  3010.00     4.0     2.0     6.3    
*  348  100  1005.00    0.07      0  1005.00  3009.00     4.0     2.0     6.8    
   350   98  1005.00    0.13      2  1005.00  3009.00     4.0     2.0     6.8    
Path relinking result: too homogeneous.
   384   64  1005.00    0.00     37  1005.00  3009.00     4.0     2.0     7.5   P
   400   48  1005.00    0.00     52  1005.00  3009.00     4.0     2.0     7.8    
*  412   36  1004.33    0.08      0  1004.33  3006.00     5.0     2.0     8.1    
   448    0  1004.33    0.00     36  1004.33  3006.00     5.0     2.0     8.7    
Evolutionary process finished.
Solution written to 'solution-11393.txt'.

Sorted sequence of worst to best tardiness value:
Task for patient = 30 with skills = {5,-1} and cost = 731.0
   Vehicle #0 = 36, leaving at = 978.0
   Vehicle #1 = -1, leaving at = inf
   Increment on distance indicator: 7.0
   Increment on tard indicator:     2.0
   Value of tmax indicator:         7.0

Task for patient = 31 with skills = {0,-1} and cost = 677.7
   Vehicle #0 = 4, leaving at = 1065.0
   Vehicle #1 = -1, leaving at = inf
   Increment on distance indicator: 3.0
   Increment on tard indicator:     2.0
   Value of tmax indicator:         3.0

Task for patient = 71 with skills = {5,-1} and cost = 573.3
   Vehicle #0 = 32, leaving at = 821.0
   Vehicle #1 = -1, leaving at = inf
   Increment on distance indicator: 11.0
   Increment on tard indicator:     1.0
   Value of tmax indicator:         11.0

Task for patient = 96 with skills = {1,-1} and cost = 532.7
   Vehicle #0 = 0, leaving at = 966.0
   Vehicle #1 = -1, leaving at = inf
   Increment on distance indicator: 5.0
   Increment on tard indicator:     0.0
   Value of tmax indicator:         5.0

Task for patient = 25 with skills = {3,-1} and cost = 535.0
   Vehicle #0 = 24, leaving at = 935.0
   Vehicle #1 = -1, leaving at = inf
   Increment on distance indicator: 7.0
   Increment on tard indicator:     0.0
   Value of tmax indicator:         7.0

Task for patient = 53 with skills = {0,3} and cost = 538.0
   Vehicle #0 = 11, leaving at = 932.0
   Vehicle #1 = 25, leaving at = 941.0
   Increment on distance indicator: 9.0
   Increment on tard indicator:     0.0
   Value of tmax indicator:         9.0

Task for patient = 127 with skills = {1,3} and cost = 542.0
   Vehicle #0 = 8, leaving at = 991.0
   Vehicle #1 = 25, leaving at = 981.0
   Increment on distance indicator: 12.0
   Increment on tard indicator:     0.0
   Value of tmax indicator:         12.0

Task for patient = 163 with skills = {3,-1} and cost = 544.0
   Vehicle #0 = 31, leaving at = 947.0
   Vehicle #1 = -1, leaving at = inf
   Increment on distance indicator: 6.0
   Increment on tard indicator:     0.0
   Value of tmax indicator:         6.0

Task for patient = 58 with skills = {2,-1} and cost = 546.7
   Vehicle #0 = 17, leaving at = 777.0
   Vehicle #1 = -1, leaving at = inf
   Increment on distance indicator: 8.0
   Increment on tard indicator:     0.0
   Value of tmax indicator:         8.0

Task for patient = 136 with skills = {1,5} and cost = 555.7
   Vehicle #0 = 6, leaving at = 822.0
   Vehicle #1 = 36, leaving at = 880.0
   Increment on distance indicator: 27.0
   Increment on tard indicator:     0.0
   Value of tmax indicator:         27.0

Task for patient = 200 with skills = {0,-1} and cost = 557.0
   Vehicle #0 = 10, leaving at = 951.0
   Vehicle #1 = -1, leaving at = inf
   Increment on distance indicator: 4.0
   Increment on tard indicator:     0.0
   Value of tmax indicator:         4.0

Task for patient = 57 with skills = {0,5} and cost = 558.3
   Vehicle #0 = 4, leaving at = 900.0
   Vehicle #1 = 21, leaving at = 946.0
   Increment on distance indicator: 4.0
   Increment on tard indicator:     0.0
   Value of tmax indicator:         4.0

Task for patient = 93 with skills = {2,-1} and cost = 560.3
   Vehicle #0 = 8, leaving at = 1038.0
   Vehicle #1 = -1, leaving at = inf
   Increment on distance indicator: 6.0
   Increment on tard indicator:     0.0
   Value of tmax indicator:         6.0

Task for patient = 105 with skills = {5,-1} and cost = 562.0
   Vehicle #0 = 32, leaving at = 794.0
   Vehicle #1 = -1, leaving at = inf
   Increment on distance indicator: 5.0
   Increment on tard indicator:     0.0
   Value of tmax indicator:         5.0

Task for patient = 43 with skills = {2,5} and cost = 531.0
   Vehicle #0 = 8, leaving at = 936.0
   Vehicle #1 = 25, leaving at = 904.0
   Increment on distance indicator: 11.0
   Increment on tard indicator:     0.0
   Value of tmax indicator:         11.0

Task for patient = 125 with skills = {0,3} and cost = 569.0
   Vehicle #0 = 5, leaving at = 931.0
   Vehicle #1 = 34, leaving at = 950.0
   Increment on distance indicator: 16.0
   Increment on tard indicator:     0.0
   Value of tmax indicator:         16.0

Task for patient = 23 with skills = {1,-1} and cost = 574.0
   Vehicle #0 = 7, leaving at = 824.0
   Vehicle #1 = -1, leaving at = inf
   Increment on distance indicator: 2.0
   Increment on tard indicator:     0.0
   Value of tmax indicator:         2.0

Task for patient = 120 with skills = {2,5} and cost = 576.7
   Vehicle #0 = 17, leaving at = 838.0
   Vehicle #1 = 30, leaving at = 854.0
   Increment on distance indicator: 8.0
   Increment on tard indicator:     0.0
   Value of tmax indicator:         8.0

Task for patient = 49 with skills = {5,-1} and cost = 578.3
   Vehicle #0 = 21, leaving at = 970.0
   Vehicle #1 = -1, leaving at = inf
   Increment on distance indicator: 5.0
   Increment on tard indicator:     0.0
   Value of tmax indicator:         5.0

Task for patient = 79 with skills = {2,-1} and cost = 579.0
   Vehicle #0 = 13, leaving at = 975.0
   Vehicle #1 = -1, leaving at = inf
   Increment on distance indicator: 2.0
   Increment on tard indicator:     0.0
   Value of tmax indicator:         2.0

Task for patient = 83 with skills = {2,5} and cost = 585.7
   Vehicle #0 = 19, leaving at = 772.0
   Vehicle #1 = 23, leaving at = 767.0
   Increment on distance indicator: 20.0
   Increment on tard indicator:     0.0
   Value of tmax indicator:         20.0

Task for patient = 101 with skills = {0,-1} and cost = 587.7
   Vehicle #0 = 17, leaving at = 900.0
   Vehicle #1 = -1, leaving at = inf
   Increment on distance indicator: 6.0
   Increment on tard indicator:     0.0
   Value of tmax indicator:         6.0

Task for patient = 138 with skills = {3,-1} and cost = 590.3
   Vehicle #0 = 28, leaving at = 902.0
   Vehicle #1 = -1, leaving at = inf
   Increment on distance indicator: 8.0
   Increment on tard indicator:     0.0
   Value of tmax indicator:         8.0

Task for patient = 126 with skills = {3,-1} and cost = 591.0
   Vehicle #0 = 22, leaving at = 926.0
   Vehicle #1 = -1, leaving at = inf
   Increment on distance indicator: 2.0
   Increment on tard indicator:     0.0
   Value of tmax indicator:         2.0

Task for patient = 72 with skills = {0,-1} and cost = 592.0
   Vehicle #0 = 11, leaving at = 975.0
   Vehicle #1 = -1, leaving at = inf
   Increment on distance indicator: 3.0
   Increment on tard indicator:     0.0
   Value of tmax indicator:         3.0

Task for patient = 145 with skills = {1,-1} and cost = 563.7
   Vehicle #0 = 6, leaving at = 872.0
   Vehicle #1 = -1, leaving at = inf
   Increment on distance indicator: 5.0
   Increment on tard indicator:     0.0
   Value of tmax indicator:         5.0

Task for patient = 6 with skills = {0,-1} and cost = 451.0
   Vehicle #0 = 9, leaving at = 740.0
   Vehicle #1 = -1, leaving at = inf
   Increment on distance indicator: 1.0
   Increment on tard indicator:     0.0
   Value of tmax indicator:         1.0

Task for patient = 41 with skills = {4,-1} and cost = 453.7
   Vehicle #0 = 36, leaving at = 732.0
   Vehicle #1 = -1, leaving at = inf
   Increment on distance indicator: 8.0
   Increment on tard indicator:     0.0
   Value of tmax indicator:         8.0

Task for patient = 40 with skills = {1,3} and cost = 467.0
   Vehicle #0 = 14, leaving at = 710.0
   Vehicle #1 = 29, leaving at = 710.0
   Increment on distance indicator: 40.0
   Increment on tard indicator:     0.0
   Value of tmax indicator:         40.0

Task for patient = 109 with skills = {4,-1} and cost = 471.3
   Vehicle #0 = 31, leaving at = 913.0
   Vehicle #1 = -1, leaving at = inf
   Increment on distance indicator: 13.0
   Increment on tard indicator:     0.0
   Value of tmax indicator:         13.0

Task for patient = 115 with skills = {2,-1} and cost = 477.0
   Vehicle #0 = 17, leaving at = 659.0
   Vehicle #1 = -1, leaving at = inf
   Increment on distance indicator: 17.0
   Increment on tard indicator:     0.0
   Value of tmax indicator:         17.0

Task for patient = 190 with skills = {1,-1} and cost = 479.3
   Vehicle #0 = 13, leaving at = 922.0
   Vehicle #1 = -1, leaving at = inf
   Increment on distance indicator: 7.0
   Increment on tard indicator:     0.0
   Value of tmax indicator:         7.0

Task for patient = 7 with skills = {5,-1} and cost = 480.3
   Vehicle #0 = 36, leaving at = 776.0
   Vehicle #1 = -1, leaving at = inf
   Increment on distance indicator: 3.0
   Increment on tard indicator:     0.0
   Value of tmax indicator:         3.0

Task for patient = 33 with skills = {1,-1} and cost = 481.7
   Vehicle #0 = 10, leaving at = 762.0
   Vehicle #1 = -1, leaving at = inf
   Increment on distance indicator: 4.0
   Increment on tard indicator:     0.0
   Value of tmax indicator:         4.0

Task for patient = 3 with skills = {1,-1} and cost = 483.0
   Vehicle #0 = 0, leaving at = 939.0
   Vehicle #1 = -1, leaving at = inf
   Increment on distance indicator: 4.0
   Increment on tard indicator:     0.0
   Value of tmax indicator:         4.0

Task for patient = 157 with skills = {4,-1} and cost = 485.3
   Vehicle #0 = 34, leaving at = 835.0
   Vehicle #1 = -1, leaving at = inf
   Increment on distance indicator: 7.0
   Increment on tard indicator:     0.0
   Value of tmax indicator:         7.0

Task for patient = 141 with skills = {0,-1} and cost = 488.3
   Vehicle #0 = 17, leaving at = 712.0
   Vehicle #1 = -1, leaving at = inf
   Increment on distance indicator: 9.0
   Increment on tard indicator:     0.0
   Value of tmax indicator:         9.0

Task for patient = 48 with skills = {2,-1} and cost = 527.3
   Vehicle #0 = 11, leaving at = 867.0
   Vehicle #1 = -1, leaving at = inf
   Increment on distance indicator: 4.0
   Increment on tard indicator:     0.0
   Value of tmax indicator:         4.0

Task for patient = 68 with skills = {0,5} and cost = 496.0
   Vehicle #0 = 9, leaving at = 795.0
   Vehicle #1 = 25, leaving at = 806.0
   Increment on distance indicator: 17.0
   Increment on tard indicator:     0.0
   Value of tmax indicator:         17.0

Task for patient = 186 with skills = {0,-1} and cost = 498.0
   Vehicle #0 = 10, leaving at = 823.0
   Vehicle #1 = -1, leaving at = inf
   Increment on distance indicator: 6.0
   Increment on tard indicator:     0.0
   Value of tmax indicator:         6.0

Task for patient = 147 with skills = {2,-1} and cost = 501.7
   Vehicle #0 = 3, leaving at = 805.0
   Vehicle #1 = -1, leaving at = inf
   Increment on distance indicator: 11.0
   Increment on tard indicator:     0.0
   Value of tmax indicator:         11.0

Task for patient = 10 with skills = {4,-1} and cost = 503.3
   Vehicle #0 = 25, leaving at = 841.0
   Vehicle #1 = -1, leaving at = inf
   Increment on distance indicator: 5.0
   Increment on tard indicator:     0.0
   Value of tmax indicator:         5.0

Task for patient = 132 with skills = {0,-1} and cost = 506.0
   Vehicle #0 = 17, leaving at = 746.0
   Vehicle #1 = -1, leaving at = inf
   Increment on distance indicator: 8.0
   Increment on tard indicator:     0.0
   Value of tmax indicator:         8.0

Task for patient = 82 with skills = {5,-1} and cost = 508.7
   Vehicle #0 = 33, leaving at = 784.0
   Vehicle #1 = -1, leaving at = inf
   Increment on distance indicator: 8.0
   Increment on tard indicator:     0.0
   Value of tmax indicator:         8.0

Task for patient = 59 with skills = {1,-1} and cost = 510.7
   Vehicle #0 = 5, leaving at = 883.0
   Vehicle #1 = -1, leaving at = inf
   Increment on distance indicator: 6.0
   Increment on tard indicator:     0.0
   Value of tmax indicator:         6.0

Task for patient = 122 with skills = {3,-1} and cost = 516.7
   Vehicle #0 = 29, leaving at = 755.0
   Vehicle #1 = -1, leaving at = inf
   Increment on distance indicator: 18.0
   Increment on tard indicator:     0.0
   Value of tmax indicator:         18.0

Task for patient = 52 with skills = {0,-1} and cost = 518.0
   Vehicle #0 = 9, leaving at = 821.0
   Vehicle #1 = -1, leaving at = inf
   Increment on distance indicator: 4.0
   Increment on tard indicator:     0.0
   Value of tmax indicator:         4.0

Task for patient = 34 with skills = {2,-1} and cost = 522.7
   Vehicle #0 = 19, leaving at = 666.0
   Vehicle #1 = -1, leaving at = inf
   Increment on distance indicator: 14.0
   Increment on tard indicator:     0.0
   Value of tmax indicator:         14.0

Task for patient = 18 with skills = {1,3} and cost = 526.0
   Vehicle #0 = 2, leaving at = 837.0
   Vehicle #1 = 28, leaving at = 860.0
   Increment on distance indicator: 10.0
   Increment on tard indicator:     0.0
   Value of tmax indicator:         10.0

Task for patient = 189 with skills = {1,-1} and cost = 593.0
   Vehicle #0 = 11, leaving at = 1030.0
   Vehicle #1 = -1, leaving at = inf
   Increment on distance indicator: 3.0
   Increment on tard indicator:     0.0
   Value of tmax indicator:         3.0

Task for patient = 44 with skills = {3,-1} and cost = 490.3
   Vehicle #0 = 30, leaving at = 775.0
   Vehicle #1 = -1, leaving at = inf
   Increment on distance indicator: 6.0
   Increment on tard indicator:     0.0
   Value of tmax indicator:         6.0

Task for patient = 121 with skills = {2,3} and cost = 656.7
   Vehicle #0 = 2, leaving at = 937.0
   Vehicle #1 = 28, leaving at = 938.0
   Increment on distance indicator: 11.0
   Increment on tard indicator:     0.0
   Value of tmax indicator:         11.0

Task for patient = 128 with skills = {5,-1} and cost = 656.7
   Vehicle #0 = 37, leaving at = 801.0
   Vehicle #1 = -1, leaving at = inf
   Increment on distance indicator: 0.0
   Increment on tard indicator:     0.0
   Value of tmax indicator:         0.0

Task for patient = 176 with skills = {2,3} and cost = 660.7
   Vehicle #0 = 6, leaving at = 966.0
   Vehicle #1 = 29, leaving at = 969.0
   Increment on distance indicator: 12.0
   Increment on tard indicator:     0.0
   Value of tmax indicator:         12.0

Task for patient = 5 with skills = {4,-1} and cost = 662.7
   Vehicle #0 = 27, leaving at = 919.0
   Vehicle #1 = -1, leaving at = inf
   Increment on distance indicator: 6.0
   Increment on tard indicator:     0.0
   Value of tmax indicator:         6.0

Task for patient = 86 with skills = {3,-1} and cost = 664.7
   Vehicle #0 = 20, leaving at = 1019.0
   Vehicle #1 = -1, leaving at = inf
   Increment on distance indicator: 6.0
   Increment on tard indicator:     0.0
   Value of tmax indicator:         6.0

Task for patient = 16 with skills = {4,-1} and cost = 670.7
   Vehicle #0 = 36, leaving at = 922.0
   Vehicle #1 = -1, leaving at = inf
   Increment on distance indicator: 18.0
   Increment on tard indicator:     0.0
   Value of tmax indicator:         18.0

Task for patient = 102 with skills = {0,-1} and cost = 674.0
   Vehicle #0 = 4, leaving at = 1004.0
   Vehicle #1 = -1, leaving at = inf
   Increment on distance indicator: 10.0
   Increment on tard indicator:     0.0
   Value of tmax indicator:         10.0

Task for patient = 4 with skills = {5,-1} and cost = 675.7
   Vehicle #0 = 24, leaving at = 974.0
   Vehicle #1 = -1, leaving at = inf
   Increment on distance indicator: 5.0
   Increment on tard indicator:     0.0
   Value of tmax indicator:         5.0

Task for patient = 195 with skills = {3,-1} and cost = 681.7
   Vehicle #0 = 27, leaving at = 963.0
   Vehicle #1 = -1, leaving at = inf
   Increment on distance indicator: 12.0
   Increment on tard indicator:     0.0
   Value of tmax indicator:         12.0

Task for patient = 154 with skills = {5,-1} and cost = 683.0
   Vehicle #0 = 32, leaving at = 1075.0
   Vehicle #1 = -1, leaving at = inf
   Increment on distance indicator: 4.0
   Increment on tard indicator:     0.0
   Value of tmax indicator:         4.0

Task for patient = 94 with skills = {1,3} and cost = 688.3
   Vehicle #0 = 8, leaving at = 1094.0
   Vehicle #1 = 22, leaving at = 1080.0
   Increment on distance indicator: 16.0
   Increment on tard indicator:     0.0
   Value of tmax indicator:         16.0

Task for patient = 29 with skills = {2,-1} and cost = 595.3
   Vehicle #0 = 12, leaving at = 845.0
   Vehicle #1 = -1, leaving at = inf
   Increment on distance indicator: 7.0
   Increment on tard indicator:     0.0
   Value of tmax indicator:         7.0

Task for patient = 149 with skills = {0,-1} and cost = 698.0
   Vehicle #0 = 6, leaving at = 1018.0
   Vehicle #1 = -1, leaving at = inf
   Increment on distance indicator: 19.0
   Increment on tard indicator:     0.0
   Value of tmax indicator:         19.0

Task for patient = 193 with skills = {0,-1} and cost = 699.3
   Vehicle #0 = 9, leaving at = 991.0
   Vehicle #1 = -1, leaving at = inf
   Increment on distance indicator: 4.0
   Increment on tard indicator:     0.0
   Value of tmax indicator:         4.0

Task for patient = 183 with skills = {0,3} and cost = 707.3
   Vehicle #0 = 14, leaving at = 1000.0
   Vehicle #1 = 29, leaving at = 1032.0
   Increment on distance indicator: 24.0
   Increment on tard indicator:     0.0
   Value of tmax indicator:         24.0

Task for patient = 146 with skills = {3,-1} and cost = 710.0
   Vehicle #0 = 30, leaving at = 1071.0
   Vehicle #1 = -1, leaving at = inf
   Increment on distance indicator: 8.0
   Increment on tard indicator:     0.0
   Value of tmax indicator:         8.0

Task for patient = 191 with skills = {2,5} and cost = 714.7
   Vehicle #0 = 3, leaving at = 1029.0
   Vehicle #1 = 24, leaving at = 1063.0
   Increment on distance indicator: 14.0
   Increment on tard indicator:     0.0
   Value of tmax indicator:         14.0

Task for patient = 51 with skills = {5,-1} and cost = 718.7
   Vehicle #0 = 23, leaving at = 870.0
   Vehicle #1 = -1, leaving at = inf
   Increment on distance indicator: 12.0
   Increment on tard indicator:     0.0
   Value of tmax indicator:         12.0

Task for patient = 172 with skills = {1,-1} and cost = 721.3
   Vehicle #0 = 0, leaving at = 1055.0
   Vehicle #1 = -1, leaving at = inf
   Increment on distance indicator: 8.0
   Increment on tard indicator:     0.0
   Value of tmax indicator:         8.0

Task for patient = 177 with skills = {2,3} and cost = 724.0
   Vehicle #0 = 2, leaving at = 979.0
   Vehicle #1 = 28, leaving at = 994.0
   Increment on distance indicator: 8.0
   Increment on tard indicator:     0.0
   Value of tmax indicator:         8.0

Task for patient = 24 with skills = {4,-1} and cost = 724.7
   Vehicle #0 = 25, leaving at = 1011.0
   Vehicle #1 = -1, leaving at = inf
   Increment on distance indicator: 2.0
   Increment on tard indicator:     0.0
   Value of tmax indicator:         2.0

Task for patient = 14 with skills = {0,4} and cost = 728.0
   Vehicle #0 = 6, leaving at = 1052.0
   Vehicle #1 = 21, leaving at = 1091.0
   Increment on distance indicator: 10.0
   Increment on tard indicator:     0.0
   Value of tmax indicator:         10.0

Task for patient = 70 with skills = {0,3} and cost = 733.0
   Vehicle #0 = 3, leaving at = 1049.0
   Vehicle #1 = 20, leaving at = 1074.0
   Increment on distance indicator: 6.0
   Increment on tard indicator:     0.0
   Value of tmax indicator:         6.0

Task for patient = 192 with skills = {0,3} and cost = 691.7
   Vehicle #0 = 7, leaving at = 1036.0
   Vehicle #1 = 33, leaving at = 998.0
   Increment on distance indicator: 10.0
   Increment on tard indicator:     0.0
   Value of tmax indicator:         10.0

Task for patient = 17 with skills = {1,3} and cost = 737.7
   Vehicle #0 = 14, leaving at = 1071.0
   Vehicle #1 = 29, leaving at = 1056.0
   Increment on distance indicator: 14.0
   Increment on tard indicator:     0.0
   Value of tmax indicator:         14.0

Task for patient = 107 with skills = {1,3} and cost = 599.0
   Vehicle #0 = 13, leaving at = 1035.0
   Vehicle #1 = 21, leaving at = 1032.0
   Increment on distance indicator: 11.0
   Increment on tard indicator:     0.0
   Value of tmax indicator:         11.0

Task for patient = 55 with skills = {2,-1} and cost = 600.7
   Vehicle #0 = 2, leaving at = 860.0
   Vehicle #1 = -1, leaving at = inf
   Increment on distance indicator: 5.0
   Increment on tard indicator:     0.0
   Value of tmax indicator:         5.0

Task for patient = 92 with skills = {0,4} and cost = 605.3
   Vehicle #0 = 7, leaving at = 969.0
   Vehicle #1 = 31, leaving at = 1001.0
   Increment on distance indicator: 14.0
   Increment on tard indicator:     0.0
   Value of tmax indicator:         14.0

Task for patient = 42 with skills = {1,-1} and cost = 606.3
   Vehicle #0 = 4, leaving at = 959.0
   Vehicle #1 = -1, leaving at = inf
   Increment on distance indicator: 3.0
   Increment on tard indicator:     0.0
   Value of tmax indicator:         3.0

Task for patient = 89 with skills = {5,-1} and cost = 608.0
   Vehicle #0 = 23, leaving at = 809.0
   Vehicle #1 = -1, leaving at = inf
   Increment on distance indicator: 5.0
   Increment on tard indicator:     0.0
   Value of tmax indicator:         5.0

Task for patient = 61 with skills = {3,-1} and cost = 610.3
   Vehicle #0 = 30, leaving at = 893.0
   Vehicle #1 = -1, leaving at = inf
   Increment on distance indicator: 7.0
   Increment on tard indicator:     0.0
   Value of tmax indicator:         7.0

Task for patient = 161 with skills = {1,-1} and cost = 611.7
   Vehicle #0 = 1, leaving at = 812.0
   Vehicle #1 = -1, leaving at = inf
   Increment on distance indicator: 4.0
   Increment on tard indicator:     0.0
   Value of tmax indicator:         4.0

Task for patient = 54 with skills = {1,3} and cost = 613.7
   Vehicle #0 = 10, leaving at = 975.0
   Vehicle #1 = 30, leaving at = 1003.0
   Increment on distance indicator: 6.0
   Increment on tard indicator:     0.0
   Value of tmax indicator:         6.0

Task for patient = 165 with skills = {2,-1} and cost = 615.3
   Vehicle #0 = 3, leaving at = 905.0
   Vehicle #1 = -1, leaving at = inf
   Increment on distance indicator: 5.0
   Increment on tard indicator:     0.0
   Value of tmax indicator:         5.0

Task for patient = 66 with skills = {2,5} and cost = 619.0
   Vehicle #0 = 17, leaving at = 937.0
   Vehicle #1 = 26, leaving at = 952.0
   Increment on distance indicator: 11.0
   Increment on tard indicator:     0.0
   Value of tmax indicator:         11.0

Task for patient = 103 with skills = {0,5} and cost = 653.0
   Vehicle #0 = 3, leaving at = 1004.0
   Vehicle #1 = 32, leaving at = 1026.0
   Increment on distance indicator: 5.0
   Increment on tard indicator:     0.0
   Value of tmax indicator:         5.0

Task for patient = 117 with skills = {3,-1} and cost = 623.7
   Vehicle #0 = 22, leaving at = 971.0
   Vehicle #1 = -1, leaving at = inf
   Increment on distance indicator: 6.0
   Increment on tard indicator:     0.0
   Value of tmax indicator:         6.0

Task for patient = 1 with skills = {1,5} and cost = 625.0
   Vehicle #0 = 1, leaving at = 830.0
   Vehicle #1 = 32, leaving at = 880.0
   Increment on distance indicator: 4.0
   Increment on tard indicator:     0.0
   Value of tmax indicator:         4.0

Task for patient = 74 with skills = {4,-1} and cost = 627.0
   Vehicle #0 = 31, leaving at = 1056.0
   Vehicle #1 = -1, leaving at = inf
   Increment on distance indicator: 6.0
   Increment on tard indicator:     0.0
   Value of tmax indicator:         6.0

Task for patient = 185 with skills = {1,-1} and cost = 629.0
   Vehicle #0 = 0, leaving at = 999.0
   Vehicle #1 = -1, leaving at = inf
   Increment on distance indicator: 6.0
   Increment on tard indicator:     0.0
   Value of tmax indicator:         6.0

Task for patient = 150 with skills = {2,4} and cost = 632.3
   Vehicle #0 = 3, leaving at = 968.0
   Vehicle #1 = 20, leaving at = 955.0
   Increment on distance indicator: 10.0
   Increment on tard indicator:     0.0
   Value of tmax indicator:         10.0

Task for patient = 135 with skills = {1,-1} and cost = 636.0
   Vehicle #0 = 17, leaving at = 974.0
   Vehicle #1 = -1, leaving at = inf
   Increment on distance indicator: 11.0
   Increment on tard indicator:     0.0
   Value of tmax indicator:         11.0

Task for patient = 77 with skills = {1,5} and cost = 637.3
   Vehicle #0 = 1, leaving at = 879.0
   Vehicle #1 = 32, leaving at = 942.0
   Increment on distance indicator: 4.0
   Increment on tard indicator:     0.0
   Value of tmax indicator:         4.0

Task for patient = 47 with skills = {0,4} and cost = 640.7
   Vehicle #0 = 5, leaving at = 975.0
   Vehicle #1 = 34, leaving at = 990.0
   Increment on distance indicator: 10.0
   Increment on tard indicator:     0.0
   Value of tmax indicator:         10.0

Task for patient = 151 with skills = {2,3} and cost = 645.0
   Vehicle #0 = 6, leaving at = 926.0
   Vehicle #1 = 29, leaving at = 930.0
   Increment on distance indicator: 13.0
   Increment on tard indicator:     0.0
   Value of tmax indicator:         13.0

Task for patient = 80 with skills = {2,-1} and cost = 647.3
   Vehicle #0 = 17, leaving at = 1022.0
   Vehicle #1 = -1, leaving at = inf
   Increment on distance indicator: 7.0
   Increment on tard indicator:     0.0
   Value of tmax indicator:         7.0

Task for patient = 90 with skills = {2,3} and cost = 649.7
   Vehicle #0 = 11, leaving at = 1084.0
   Vehicle #1 = 31, leaving at = 1097.0
   Increment on distance indicator: 7.0
   Increment on tard indicator:     0.0
   Value of tmax indicator:         7.0

Task for patient = 133 with skills = {0,-1} and cost = 651.3
   Vehicle #0 = 14, leaving at = 822.0
   Vehicle #1 = -1, leaving at = inf
   Increment on distance indicator: 5.0
   Increment on tard indicator:     0.0
   Value of tmax indicator:         5.0

Task for patient = 170 with skills = {3,-1} and cost = 621.7
   Vehicle #0 = 20, leaving at = 901.0
   Vehicle #1 = -1, leaving at = inf
   Increment on distance indicator: 8.0
   Increment on tard indicator:     0.0
   Value of tmax indicator:         8.0

Task for patient = 162 with skills = {0,-1} and cost = 175.0
   Vehicle #0 = 4, leaving at = 653.0
   Vehicle #1 = -1, leaving at = inf
   Increment on distance indicator: 18.0
   Increment on tard indicator:     0.0
   Value of tmax indicator:         18.0

Task for patient = 73 with skills = {5,-1} and cost = 176.7
   Vehicle #0 = 24, leaving at = 700.0
   Vehicle #1 = -1, leaving at = inf
   Increment on distance indicator: 5.0
   Increment on tard indicator:     0.0
   Value of tmax indicator:         5.0

Task for patient = 184 with skills = {3,-1} and cost = 181.0
   Vehicle #0 = 27, leaving at = 756.0
   Vehicle #1 = -1, leaving at = inf
   Increment on distance indicator: 13.0
   Increment on tard indicator:     0.0
   Value of tmax indicator:         13.0

Task for patient = 64 with skills = {3,-1} and cost = 181.3
   Vehicle #0 = 24, leaving at = 758.0
   Vehicle #1 = -1, leaving at = inf
   Increment on distance indicator: 1.0
   Increment on tard indicator:     0.0
   Value of tmax indicator:         1.0

Task for patient = 46 with skills = {5,-1} and cost = 181.7
   Vehicle #0 = 26, leaving at = 773.0
   Vehicle #1 = -1, leaving at = inf
   Increment on distance indicator: 1.0
   Increment on tard indicator:     0.0
   Value of tmax indicator:         1.0

Task for patient = 139 with skills = {1,-1} and cost = 182.7
   Vehicle #0 = 6, leaving at = 683.0
   Vehicle #1 = -1, leaving at = inf
   Increment on distance indicator: 3.0
   Increment on tard indicator:     0.0
   Value of tmax indicator:         3.0

Task for patient = 155 with skills = {3,-1} and cost = 186.0
   Vehicle #0 = 22, leaving at = 867.0
   Vehicle #1 = -1, leaving at = inf
   Increment on distance indicator: 10.0
   Increment on tard indicator:     0.0
   Value of tmax indicator:         10.0

Task for patient = 26 with skills = {4,-1} and cost = 196.0
   Vehicle #0 = 28, leaving at = 554.0
   Vehicle #1 = -1, leaving at = inf
   Increment on distance indicator: 30.0
   Increment on tard indicator:     0.0
   Value of tmax indicator:         30.0

Task for patient = 124 with skills = {5,-1} and cost = 201.0
   Vehicle #0 = 23, leaving at = 687.0
   Vehicle #1 = -1, leaving at = inf
   Increment on distance indicator: 15.0
   Increment on tard indicator:     0.0
   Value of tmax indicator:         15.0

Task for patient = 152 with skills = {5,-1} and cost = 206.7
   Vehicle #0 = 30, leaving at = 560.0
   Vehicle #1 = -1, leaving at = inf
   Increment on distance indicator: 17.0
   Increment on tard indicator:     0.0
   Value of tmax indicator:         17.0

Task for patient = 75 with skills = {0,-1} and cost = 208.0
   Vehicle #0 = 6, leaving at = 744.0
   Vehicle #1 = -1, leaving at = inf
   Increment on distance indicator: 4.0
   Increment on tard indicator:     0.0
   Value of tmax indicator:         4.0

Task for patient = 130 with skills = {5,-1} and cost = 450.7
   Vehicle #0 = 26, leaving at = 874.0
   Vehicle #1 = -1, leaving at = inf
   Increment on distance indicator: 3.0
   Increment on tard indicator:     0.0
   Value of tmax indicator:         3.0

Task for patient = 174 with skills = {1,4} and cost = 219.0
   Vehicle #0 = 7, leaving at = 722.0
   Vehicle #1 = 25, leaving at = 722.0
   Increment on distance indicator: 26.0
   Increment on tard indicator:     0.0
   Value of tmax indicator:         26.0

Task for patient = 36 with skills = {1,-1} and cost = 221.0
   Vehicle #0 = 6, leaving at = 784.0
   Vehicle #1 = -1, leaving at = inf
   Increment on distance indicator: 6.0
   Increment on tard indicator:     0.0
   Value of tmax indicator:         6.0

Task for patient = 194 with skills = {2,-1} and cost = 223.7
   Vehicle #0 = 0, leaving at = 761.0
   Vehicle #1 = -1, leaving at = inf
   Increment on distance indicator: 8.0
   Increment on tard indicator:     0.0
   Value of tmax indicator:         8.0

Task for patient = 104 with skills = {1,4} and cost = 228.0
   Vehicle #0 = 1, leaving at = 717.0
   Vehicle #1 = 20, leaving at = 780.0
   Increment on distance indicator: 13.0
   Increment on tard indicator:     0.0
   Value of tmax indicator:         13.0

Task for patient = 181 with skills = {3,-1} and cost = 231.7
   Vehicle #0 = 30, leaving at = 588.0
   Vehicle #1 = -1, leaving at = inf
   Increment on distance indicator: 11.0
   Increment on tard indicator:     0.0
   Value of tmax indicator:         11.0

Task for patient = 21 with skills = {0,-1} and cost = 236.3
   Vehicle #0 = 10, leaving at = 557.0
   Vehicle #1 = -1, leaving at = inf
   Increment on distance indicator: 14.0
   Increment on tard indicator:     0.0
   Value of tmax indicator:         14.0

Task for patient = 167 with skills = {1,5} and cost = 244.7
   Vehicle #0 = 10, leaving at = 636.0
   Vehicle #1 = 30, leaving at = 621.0
   Increment on distance indicator: 25.0
   Increment on tard indicator:     0.0
   Value of tmax indicator:         25.0

Task for patient = 168 with skills = {1,3} and cost = 250.0
   Vehicle #0 = 7, leaving at = 782.0
   Vehicle #1 = 25, leaving at = 749.0
   Increment on distance indicator: 16.0
   Increment on tard indicator:     0.0
   Value of tmax indicator:         16.0

Task for patient = 173 with skills = {0,4} and cost = 261.3
   Vehicle #0 = 4, leaving at = 724.0
   Vehicle #1 = 28, leaving at = 717.0
   Increment on distance indicator: 34.0
   Increment on tard indicator:     0.0
   Value of tmax indicator:         34.0

Task for patient = 13 with skills = {1,-1} and cost = 263.0
   Vehicle #0 = 1, leaving at = 773.0
   Vehicle #1 = -1, leaving at = inf
   Increment on distance indicator: 5.0
   Increment on tard indicator:     0.0
   Value of tmax indicator:         5.0

Task for patient = 158 with skills = {2,-1} and cost = 264.7
   Vehicle #0 = 2, leaving at = 769.0
   Vehicle #1 = -1, leaving at = inf
   Increment on distance indicator: 5.0
   Increment on tard indicator:     0.0
   Value of tmax indicator:         5.0

Task for patient = 111 with skills = {2,-1} and cost = 266.3
   Vehicle #0 = 10, leaving at = 693.0
   Vehicle #1 = -1, leaving at = inf
   Increment on distance indicator: 5.0
   Increment on tard indicator:     0.0
   Value of tmax indicator:         5.0

Task for patient = 180 with skills = {4,-1} and cost = 210.3
   Vehicle #0 = 28, leaving at = 584.0
   Vehicle #1 = -1, leaving at = inf
   Increment on distance indicator: 7.0
   Increment on tard indicator:     0.0
   Value of tmax indicator:         7.0

Task for patient = 144 with skills = {1,3} and cost = 7.3
   Vehicle #0 = 0, leaving at = 705.0
   Vehicle #1 = 20, leaving at = 682.0
   Increment on distance indicator: 22.0
   Increment on tard indicator:     0.0
   Value of tmax indicator:         22.0

Task for patient = 156 with skills = {2,-1} and cost = 18.0
   Vehicle #0 = 2, leaving at = 608.0
   Vehicle #1 = -1, leaving at = inf
   Increment on distance indicator: 32.0
   Increment on tard indicator:     0.0
   Value of tmax indicator:         32.0

Task for patient = 119 with skills = {2,3} and cost = 28.7
   Vehicle #0 = 3, leaving at = 527.0
   Vehicle #1 = 21, leaving at = 532.0
   Increment on distance indicator: 32.0
   Increment on tard indicator:     0.0
   Value of tmax indicator:         32.0

Task for patient = 65 with skills = {4,-1} and cost = 34.0
   Vehicle #0 = 21, leaving at = 611.0
   Vehicle #1 = -1, leaving at = inf
   Increment on distance indicator: 16.0
   Increment on tard indicator:     0.0
   Value of tmax indicator:         16.0

Task for patient = 178 with skills = {0,3} and cost = 39.7
   Vehicle #0 = 3, leaving at = 709.0
   Vehicle #1 = 20, leaving at = 714.0
   Increment on distance indicator: 17.0
   Increment on tard indicator:     0.0
   Value of tmax indicator:         17.0

Task for patient = 166 with skills = {0,5} and cost = 55.3
   Vehicle #0 = 4, leaving at = 620.0
   Vehicle #1 = 21, leaving at = 660.0
   Increment on distance indicator: 47.0
   Increment on tard indicator:     0.0
   Value of tmax indicator:         47.0

Task for patient = 188 with skills = {3,-1} and cost = 58.7
   Vehicle #0 = 22, leaving at = 811.0
   Vehicle #1 = -1, leaving at = inf
   Increment on distance indicator: 10.0
   Increment on tard indicator:     0.0
   Value of tmax indicator:         10.0

Task for patient = 19 with skills = {1,5} and cost = 68.7
   Vehicle #0 = 1, leaving at = 634.0
   Vehicle #1 = 23, leaving at = 627.0
   Increment on distance indicator: 30.0
   Increment on tard indicator:     0.0
   Value of tmax indicator:         30.0

Task for patient = 35 with skills = {2,4} and cost = 87.3
   Vehicle #0 = 5, leaving at = 524.0
   Vehicle #1 = 25, leaving at = 530.0
   Increment on distance indicator: 56.0
   Increment on tard indicator:     0.0
   Value of tmax indicator:         56.0

Task for patient = 160 with skills = {1,5} and cost = 94.7
   Vehicle #0 = 5, leaving at = 674.0
   Vehicle #1 = 25, leaving at = 672.0
   Increment on distance indicator: 22.0
   Increment on tard indicator:     0.0
   Value of tmax indicator:         22.0

Task for patient = 76 with skills = {0,-1} and cost = 100.7
   Vehicle #0 = 6, leaving at = 569.0
   Vehicle #1 = -1, leaving at = inf
   Increment on distance indicator: 18.0
   Increment on tard indicator:     0.0
   Value of tmax indicator:         18.0

Task for patient = 97 with skills = {0,-1} and cost = 169.0
   Vehicle #0 = 9, leaving at = 568.0
   Vehicle #1 = -1, leaving at = inf
   Increment on distance indicator: 21.0
   Increment on tard indicator:     0.0
   Value of tmax indicator:         21.0

Task for patient = 12 with skills = {4,-1} and cost = 108.0
   Vehicle #0 = 26, leaving at = 545.0
   Vehicle #1 = -1, leaving at = inf
   Increment on distance indicator: 19.0
   Increment on tard indicator:     0.0
   Value of tmax indicator:         19.0

Task for patient = 9 with skills = {2,3} and cost = 118.0
   Vehicle #0 = 6, leaving at = 596.0
   Vehicle #1 = 24, leaving at = 613.0
   Increment on distance indicator: 30.0
   Increment on tard indicator:     0.0
   Value of tmax indicator:         30.0

Task for patient = 143 with skills = {1,-1} and cost = 119.7
   Vehicle #0 = 6, leaving at = 653.0
   Vehicle #1 = -1, leaving at = inf
   Increment on distance indicator: 5.0
   Increment on tard indicator:     0.0
   Value of tmax indicator:         5.0

Task for patient = 196 with skills = {5,-1} and cost = 122.7
   Vehicle #0 = 21, leaving at = 703.0
   Vehicle #1 = -1, leaving at = inf
   Increment on distance indicator: 9.0
   Increment on tard indicator:     0.0
   Value of tmax indicator:         9.0

Task for patient = 28 with skills = {1,-1} and cost = 131.7
   Vehicle #0 = 7, leaving at = 562.0
   Vehicle #1 = -1, leaving at = inf
   Increment on distance indicator: 27.0
   Increment on tard indicator:     0.0
   Value of tmax indicator:         27.0

Task for patient = 140 with skills = {1,-1} and cost = 132.3
   Vehicle #0 = 5, leaving at = 714.0
   Vehicle #1 = -1, leaving at = inf
   Increment on distance indicator: 2.0
   Increment on tard indicator:     0.0
   Value of tmax indicator:         2.0

Task for patient = 11 with skills = {0,3} and cost = 143.3
   Vehicle #0 = 7, leaving at = 624.0
   Vehicle #1 = 27, leaving at = 621.0
   Increment on distance indicator: 33.0
   Increment on tard indicator:     0.0
   Value of tmax indicator:         33.0

Task for patient = 27 with skills = {1,5} and cost = 147.0
   Vehicle #0 = 2, leaving at = 737.0
   Vehicle #1 = 21, leaving at = 740.0
   Increment on distance indicator: 11.0
   Increment on tard indicator:     0.0
   Value of tmax indicator:         11.0

Task for patient = 159 with skills = {4,-1} and cost = 153.7
   Vehicle #0 = 27, leaving at = 697.0
   Vehicle #1 = -1, leaving at = inf
   Increment on distance indicator: 20.0
   Increment on tard indicator:     0.0
   Value of tmax indicator:         20.0

Task for patient = 134 with skills = {4,-1} and cost = 159.3
   Vehicle #0 = 26, leaving at = 577.0
   Vehicle #1 = -1, leaving at = inf
   Increment on distance indicator: 17.0
   Increment on tard indicator:     0.0
   Value of tmax indicator:         17.0

Task for patient = 106 with skills = {0,-1} and cost = 159.7
   Vehicle #0 = 7, leaving at = 671.0
   Vehicle #1 = -1, leaving at = inf
   Increment on distance indicator: 1.0
   Increment on tard indicator:     0.0
   Value of tmax indicator:         1.0

Task for patient = 84 with skills = {3,-1} and cost = 162.0
   Vehicle #0 = 24, leaving at = 647.0
   Vehicle #1 = -1, leaving at = inf
   Increment on distance indicator: 7.0
   Increment on tard indicator:     0.0
   Value of tmax indicator:         7.0

Task for patient = 153 with skills = {2,-1} and cost = 101.7
   Vehicle #0 = 2, leaving at = 670.0
   Vehicle #1 = -1, leaving at = inf
   Increment on distance indicator: 3.0
   Increment on tard indicator:     0.0
   Value of tmax indicator:         3.0

Task for patient = 69 with skills = {3,-1} and cost = 372.3
   Vehicle #0 = 29, leaving at = 638.0
   Vehicle #1 = -1, leaving at = inf
   Increment on distance indicator: 7.0
   Increment on tard indicator:     0.0
   Value of tmax indicator:         7.0

Task for patient = 81 with skills = {0,-1} and cost = 373.3
   Vehicle #0 = 11, leaving at = 793.0
   Vehicle #1 = -1, leaving at = inf
   Increment on distance indicator: 3.0
   Increment on tard indicator:     0.0
   Value of tmax indicator:         3.0

Task for patient = 63 with skills = {0,5} and cost = 378.0
   Vehicle #0 = 9, leaving at = 637.0
   Vehicle #1 = 32, leaving at = 671.0
   Increment on distance indicator: 14.0
   Increment on tard indicator:     0.0
   Value of tmax indicator:         14.0

Task for patient = 123 with skills = {2,-1} and cost = 379.3
   Vehicle #0 = 12, leaving at = 726.0
   Vehicle #1 = -1, leaving at = inf
   Increment on distance indicator: 4.0
   Increment on tard indicator:     0.0
   Value of tmax indicator:         4.0

Task for patient = 38 with skills = {2,3} and cost = 383.0
   Vehicle #0 = 2, leaving at = 807.0
   Vehicle #1 = 21, leaving at = 833.0
   Increment on distance indicator: 11.0
   Increment on tard indicator:     0.0
   Value of tmax indicator:         11.0

Task for patient = 142 with skills = {4,-1} and cost = 386.3
   Vehicle #0 = 27, leaving at = 825.0
   Vehicle #1 = -1, leaving at = inf
   Increment on distance indicator: 10.0
   Increment on tard indicator:     0.0
   Value of tmax indicator:         10.0

Task for patient = 187 with skills = {1,-1} and cost = 390.7
   Vehicle #0 = 13, leaving at = 668.0
   Vehicle #1 = -1, leaving at = inf
   Increment on distance indicator: 13.0
   Increment on tard indicator:     0.0
   Value of tmax indicator:         13.0

Task for patient = 56 with skills = {2,-1} and cost = 393.7
   Vehicle #0 = 3, leaving at = 771.0
   Vehicle #1 = -1, leaving at = inf
   Increment on distance indicator: 9.0
   Increment on tard indicator:     0.0
   Value of tmax indicator:         9.0

Task for patient = 175 with skills = {2,3} and cost = 398.7
   Vehicle #0 = 8, leaving at = 780.0
   Vehicle #1 = 25, leaving at = 781.0
   Increment on distance indicator: 15.0
   Increment on tard indicator:     0.0
   Value of tmax indicator:         15.0

Task for patient = 15 with skills = {1,-1} and cost = 403.7
   Vehicle #0 = 14, leaving at = 558.0
   Vehicle #1 = -1, leaving at = inf
   Increment on distance indicator: 15.0
   Increment on tard indicator:     0.0
   Value of tmax indicator:         15.0

Task for patient = 179 with skills = {0,4} and cost = 411.3
   Vehicle #0 = 9, leaving at = 689.0
   Vehicle #1 = 34, leaving at = 702.0
   Increment on distance indicator: 23.0
   Increment on tard indicator:     0.0
   Value of tmax indicator:         23.0

Task for patient = 62 with skills = {1,-1} and cost = 273.3
   Vehicle #0 = 8, leaving at = 538.0
   Vehicle #1 = -1, leaving at = inf
   Increment on distance indicator: 21.0
   Increment on tard indicator:     0.0
   Value of tmax indicator:         21.0

Task for patient = 182 with skills = {1,-1} and cost = 414.0
   Vehicle #0 = 14, leaving at = 629.0
   Vehicle #1 = -1, leaving at = inf
   Increment on distance indicator: 2.0
   Increment on tard indicator:     0.0
   Value of tmax indicator:         2.0

Task for patient = 85 with skills = {4,-1} and cost = 416.7
   Vehicle #0 = 34, leaving at = 738.0
   Vehicle #1 = -1, leaving at = inf
   Increment on distance indicator: 8.0
   Increment on tard indicator:     0.0
   Value of tmax indicator:         8.0

Task for patient = 88 with skills = {4,-1} and cost = 423.3
   Vehicle #0 = 36, leaving at = 561.0
   Vehicle #1 = -1, leaving at = inf
   Increment on distance indicator: 20.0
   Increment on tard indicator:     0.0
   Value of tmax indicator:         20.0

Task for patient = 118 with skills = {0,4} and cost = 427.3
   Vehicle #0 = 4, leaving at = 880.0
   Vehicle #1 = 21, leaving at = 857.0
   Increment on distance indicator: 12.0
   Increment on tard indicator:     0.0
   Value of tmax indicator:         12.0

Task for patient = 78 with skills = {0,5} and cost = 429.3
   Vehicle #0 = 11, leaving at = 840.0
   Vehicle #1 = 31, leaving at = 842.0
   Increment on distance indicator: 6.0
   Increment on tard indicator:     0.0
   Value of tmax indicator:         6.0

Task for patient = 87 with skills = {3,-1} and cost = 432.0
   Vehicle #0 = 28, leaving at = 768.0
   Vehicle #1 = -1, leaving at = inf
   Increment on distance indicator: 8.0
   Increment on tard indicator:     0.0
   Value of tmax indicator:         8.0

Task for patient = 2 with skills = {2,-1} and cost = 435.3
   Vehicle #0 = 13, leaving at = 693.0
   Vehicle #1 = -1, leaving at = inf
   Increment on distance indicator: 10.0
   Increment on tard indicator:     0.0
   Value of tmax indicator:         10.0

Task for patient = 20 with skills = {4,-1} and cost = 436.7
   Vehicle #0 = 36, leaving at = 675.0
   Vehicle #1 = -1, leaving at = inf
   Increment on distance indicator: 4.0
   Increment on tard indicator:     0.0
   Value of tmax indicator:         4.0

Task for patient = 129 with skills = {2,-1} and cost = 437.7
   Vehicle #0 = 5, leaving at = 824.0
   Vehicle #1 = -1, leaving at = inf
   Increment on distance indicator: 3.0
   Increment on tard indicator:     0.0
   Value of tmax indicator:         3.0

Task for patient = 108 with skills = {2,-1} and cost = 443.0
   Vehicle #0 = 13, leaving at = 746.0
   Vehicle #1 = -1, leaving at = inf
   Increment on distance indicator: 16.0
   Increment on tard indicator:     0.0
   Value of tmax indicator:         16.0

Task for patient = 100 with skills = {1,3} and cost = 447.3
   Vehicle #0 = 13, leaving at = 851.0
   Vehicle #1 = 27, leaving at = 870.0
   Increment on distance indicator: 13.0
   Increment on tard indicator:     0.0
   Value of tmax indicator:         13.0

Task for patient = 112 with skills = {2,-1} and cost = 449.7
   Vehicle #0 = 10, leaving at = 741.0
   Vehicle #1 = -1, leaving at = inf
   Increment on distance indicator: 7.0
   Increment on tard indicator:     0.0
   Value of tmax indicator:         7.0

Task for patient = 110 with skills = {5,-1} and cost = 413.3
   Vehicle #0 = 24, leaving at = 885.0
   Vehicle #1 = -1, leaving at = inf
   Increment on distance indicator: 6.0
   Increment on tard indicator:     0.0
   Value of tmax indicator:         6.0

Task for patient = 91 with skills = {5,-1} and cost = 279.0
   Vehicle #0 = 31, leaving at = 522.0
   Vehicle #1 = -1, leaving at = inf
   Increment on distance indicator: 17.0
   Increment on tard indicator:     0.0
   Value of tmax indicator:         17.0

Task for patient = 39 with skills = {5,-1} and cost = 281.0
   Vehicle #0 = 21, leaving at = 789.0
   Vehicle #1 = -1, leaving at = inf
   Increment on distance indicator: 6.0
   Increment on tard indicator:     0.0
   Value of tmax indicator:         6.0

Task for patient = 95 with skills = {5,-1} and cost = 284.3
   Vehicle #0 = 24, leaving at = 794.0
   Vehicle #1 = -1, leaving at = inf
   Increment on distance indicator: 10.0
   Increment on tard indicator:     0.0
   Value of tmax indicator:         10.0

Task for patient = 148 with skills = {3,-1} and cost = 286.3
   Vehicle #0 = 20, leaving at = 865.0
   Vehicle #1 = -1, leaving at = inf
   Increment on distance indicator: 6.0
   Increment on tard indicator:     0.0
   Value of tmax indicator:         6.0

Task for patient = 22 with skills = {1,5} and cost = 289.7
   Vehicle #0 = 8, leaving at = 625.0
   Vehicle #1 = 30, leaving at = 669.0
   Increment on distance indicator: 10.0
   Increment on tard indicator:     0.0
   Value of tmax indicator:         10.0

Task for patient = 198 with skills = {2,4} and cost = 298.7
   Vehicle #0 = 11, leaving at = 535.0
   Vehicle #1 = 31, leaving at = 549.0
   Increment on distance indicator: 27.0
   Increment on tard indicator:     0.0
   Value of tmax indicator:         27.0

Task for patient = 199 with skills = {1,-1} and cost = 301.7
   Vehicle #0 = 5, leaving at = 784.0
   Vehicle #1 = -1, leaving at = inf
   Increment on distance indicator: 9.0
   Increment on tard indicator:     0.0
   Value of tmax indicator:         9.0

Task for patient = 113 with skills = {1,-1} and cost = 306.3
   Vehicle #0 = 8, leaving at = 655.0
   Vehicle #1 = -1, leaving at = inf
   Increment on distance indicator: 14.0
   Increment on tard indicator:     0.0
   Value of tmax indicator:         14.0

Task for patient = 131 with skills = {5,-1} and cost = 306.7
   Vehicle #0 = 31, leaving at = 600.0
   Vehicle #1 = -1, leaving at = inf
   Increment on distance indicator: 1.0
   Increment on tard indicator:     0.0
   Value of tmax indicator:         1.0

Task for patient = 37 with skills = {3,-1} and cost = 317.3
   Vehicle #0 = 29, leaving at = 554.0
   Vehicle #1 = -1, leaving at = inf
   Increment on distance indicator: 32.0
   Increment on tard indicator:     0.0
   Value of tmax indicator:         32.0

Task for patient = 197 with skills = {0,-1} and cost = 318.3
   Vehicle #0 = 9, leaving at = 607.0
   Vehicle #1 = -1, leaving at = inf
   Increment on distance indicator: 3.0
   Increment on tard indicator:     0.0
   Value of tmax indicator:         3.0

Task for patient = 99 with skills = {1,-1} and cost = 370.0
   Vehicle #0 = 13, leaving at = 551.0
   Vehicle #1 = -1, leaving at = inf
   Increment on distance indicator: 22.0
   Increment on tard indicator:     0.0
   Value of tmax indicator:         22.0

Task for patient = 67 with skills = {2,5} and cost = 322.3
   Vehicle #0 = 11, leaving at = 696.0
   Vehicle #1 = 31, leaving at = 699.0
   Increment on distance indicator: 6.0
   Increment on tard indicator:     0.0
   Value of tmax indicator:         6.0

Task for patient = 164 with skills = {1,5} and cost = 324.3
   Vehicle #0 = 11, leaving at = 732.0
   Vehicle #1 = 31, leaving at = 731.0
   Increment on distance indicator: 6.0
   Increment on tard indicator:     0.0
   Value of tmax indicator:         6.0

Task for patient = 137 with skills = {5,-1} and cost = 330.0
   Vehicle #0 = 32, leaving at = 507.0
   Vehicle #1 = -1, leaving at = inf
   Increment on distance indicator: 17.0
   Increment on tard indicator:     0.0
   Value of tmax indicator:         17.0

Task for patient = 50 with skills = {1,-1} and cost = 331.3
   Vehicle #0 = 5, leaving at = 804.0
   Vehicle #1 = -1, leaving at = inf
   Increment on distance indicator: 4.0
   Increment on tard indicator:     0.0
   Value of tmax indicator:         4.0

Task for patient = 45 with skills = {5,-1} and cost = 333.3
   Vehicle #0 = 32, leaving at = 555.0
   Vehicle #1 = -1, leaving at = inf
   Increment on distance indicator: 6.0
   Increment on tard indicator:     0.0
   Value of tmax indicator:         6.0

Task for patient = 98 with skills = {1,5} and cost = 335.3
   Vehicle #0 = 11, leaving at = 761.0
   Vehicle #1 = 31, leaving at = 809.0
   Increment on distance indicator: 6.0
   Increment on tard indicator:     0.0
   Value of tmax indicator:         6.0

Task for patient = 32 with skills = {5,-1} and cost = 337.3
   Vehicle #0 = 30, leaving at = 707.0
   Vehicle #1 = -1, leaving at = inf
   Increment on distance indicator: 6.0
   Increment on tard indicator:     0.0
   Value of tmax indicator:         6.0

Task for patient = 114 with skills = {3,-1} and cost = 346.7
   Vehicle #0 = 33, leaving at = 506.0
   Vehicle #1 = -1, leaving at = inf
   Increment on distance indicator: 28.0
   Increment on tard indicator:     0.0
   Value of tmax indicator:         28.0

Task for patient = 171 with skills = {3,-1} and cost = 348.3
   Vehicle #0 = 33, leaving at = 717.0
   Vehicle #1 = -1, leaving at = inf
   Increment on distance indicator: 5.0
   Increment on tard indicator:     0.0
   Value of tmax indicator:         5.0

Task for patient = 60 with skills = {2,-1} and cost = 350.0
   Vehicle #0 = 0, leaving at = 884.0
   Vehicle #1 = -1, leaving at = inf
   Increment on distance indicator: 5.0
   Increment on tard indicator:     0.0
   Value of tmax indicator:         5.0

Task for patient = 116 with skills = {5,-1} and cost = 353.3
   Vehicle #0 = 26, leaving at = 816.0
   Vehicle #1 = -1, leaving at = inf
   Increment on distance indicator: 10.0
   Increment on tard indicator:     0.0
   Value of tmax indicator:         10.0

Task for patient = 169 with skills = {2,-1} and cost = 362.7
   Vehicle #0 = 12, leaving at = 578.0
   Vehicle #1 = -1, leaving at = inf
   Increment on distance indicator: 28.0
   Increment on tard indicator:     0.0
   Value of tmax indicator:         28.0

Task for patient = 8 with skills = {2,4} and cost = 320.3
   Vehicle #0 = 11, leaving at = 653.0
   Vehicle #1 = 31, leaving at = 619.0
   Increment on distance indicator: 6.0
   Increment on tard indicator:     0.0
   Value of tmax indicator:         6.0


Unused vehicle list: 15 16 18 35 38 39 (total = 6 out of 40)

---
Search finished.
Total of 448 generations in 8.7 seconds.
Exchange elite runs: 0
Implicit path relinking runs: 4
Reset attempts: 0

Best solution found:
   Cost: 1004.3
   Total travel time: 3006.0
   Total tardiness time: 5.0
   Largest tardiness: 2.0


1004.3
