--- BRKGA-MP-IPR for HHCRSP ---
Instance: new-instances/HHCRSP_200_40_25_1.2_C_C.txt
Seed: 1

Reading data... Problem contains 200 patients  and 40 caregivers.

Summary of supply x demand for each service type:
Skill 0 has supply = 12 and demand = 46, ratio = 0.26087
Skill 1 has supply = 14 and demand = 48, ratio = 0.291667
Skill 2 has supply = 12 and demand = 49, ratio = 0.244898
Skill 3 has supply = 8 and demand = 35, ratio = 0.228571
Skill 4 has supply = 12 and demand = 48, ratio = 0.25
Skill 5 has supply = 11 and demand = 34, ratio = 0.323529

Reading parameters...
Inferred distance function by PR type: kendall-tau
Building BRKGA data and initializing...
Evolving 448 generations...

  Gens  Rem    Local   ElDiv NoImpr             Best solution            Time  Op
                                       Cost     Dist    Tard    TMax 
*    0  448  4120.00  380.65      0  4120.00  3322.00  8607.0   431.0     0.0    
*    3  445  3969.67  319.52      0  3969.67  3256.00  7196.0   393.0     0.1    
*    4  444  3615.00  271.21      0  3615.00  3256.00  7196.0   393.0     0.1    
*    6  442  3073.33  306.16      0  3073.33  3512.00  5384.0   324.0     0.1    
*    9  439  2525.67  216.48      0  2525.67  3236.00  4020.0   321.0     0.2    
*   12  436  2317.33  213.94      0  2317.33  3160.00  3576.0   216.0     0.2    
*   15  433  1862.67  204.48      0  1862.67  2973.00  2366.0   249.0     0.3    
*   22  426  1822.33  114.76      0  1822.33  3224.00  1998.0   144.0     0.4    
*   23  425  1788.67  121.56      0  1788.67  3277.00  1374.0   224.0     0.4    
*   24  424  1625.00  107.74      0  1625.00  3079.00  1615.0   176.0     0.4    
*   25  423  1623.33   99.91      0  1623.33  3041.00  1544.0   201.0     0.4    
*   26  422  1595.33   94.32      0  1595.33  3073.00  1551.0   145.0     0.5    
*   27  421  1589.67   83.60      0  1589.67  3102.00  1446.0   144.0     0.5    
*   28  420  1564.00   75.13      0  1564.00  3085.00  1372.0   154.0     0.5    
*   29  419  1537.00   74.72      0  1537.00  2926.00   894.0   193.0     0.5    

  Gens  Rem    Local   ElDiv NoImpr             Best solution            Time  Op
                                       Cost     Dist    Tard    TMax 
*   30  418  1337.67   86.95      0  1337.67  3057.00   777.0    93.0     0.5    
*   31  417  1309.00   95.99      0  1309.00  3036.00   611.0   132.0     0.6    
*   32  416  1259.67   87.54      0  1259.67  3036.00   611.0   132.0     0.6    
*   34  414  1253.33   77.86      0  1253.33  2985.00   664.0   111.0     0.6    
*   36  412  1181.67   64.71      0  1181.67  2947.00   418.0    95.0     0.6    
*   37  411  1153.33   66.99      0  1153.33  2960.00   313.0    60.0     0.6    
*   38  410  1111.00   63.03      0  1111.00  3012.00    89.0    53.0     0.7    
*   39  409  1051.33   61.36      0  1051.33  3012.00    89.0    53.0     0.7    
*   44  404  1044.00   45.09      0  1044.00  2962.00   116.0    54.0     0.7    
*   47  401  1032.33   39.26      0  1032.33  2852.00    24.0    12.0     0.8    
*   48  400   962.67   39.17      0   962.67  2852.00    24.0    12.0     0.8    
    50  398   962.67   29.60      2   962.67  2852.00    24.0    12.0     0.8    
*   55  393   954.00   20.70      0   954.00  2831.00    22.0     9.0     0.9    
*   57  391   950.00   19.45      0   950.00  2765.00    44.0     9.0     0.9    
*   58  390   939.33   18.52      0   939.33  2802.00    10.0     4.0     1.0    
*   59  389   938.67   18.24      0   938.67  2802.00    10.0     4.0     1.0    

  Gens  Rem    Local   ElDiv NoImpr             Best solution            Time  Op
                                       Cost     Dist    Tard    TMax 
*   62  386   935.67   16.01      0   935.67  2718.00    56.0    17.0     1.0    
*   63  385   930.33   15.58      0   930.33  2718.00    56.0    17.0     1.0    
*   65  383   928.33   14.47      0   928.33  2727.00    39.0    14.0     1.1    
*   66  382   926.67   12.14      0   926.67  2727.00    39.0    14.0     1.1    
*   68  380   898.00   13.01      0   898.00  2681.00     9.0     4.0     1.1    
*   79  369   893.67   10.94      0   893.67  2674.00     5.0     2.0     1.3    
*   86  362   875.33    8.35      0   875.33  2599.00    19.0     8.0     1.4    
*   94  354   871.67    7.14      0   871.67  2607.00     5.0     3.0     1.5    
Path relinking result: too homogeneous.
    96  352   871.67    7.15      3   871.67  2607.00     5.0     3.0     1.5   P
   100  348   871.67    6.87      6   871.67  2607.00     5.0     3.0     1.6    
*  109  339   861.33    5.42      0   861.33  2549.00    19.0    16.0     1.8    
*  116  332   858.00    5.51      0   858.00  2519.00    46.0     9.0     1.9    
*  119  329   849.33    5.73      0   849.33  2546.00     1.0     1.0     1.9    
*  127  321   842.67    6.50      0   842.67  2525.00     2.0     1.0     2.0    
*  138  310   838.33    5.69      0   838.33  2496.00    11.0     8.0     2.1    
*  145  303   834.00    5.01      0   834.00  2484.00    14.0     4.0     2.2    

  Gens  Rem    Local   ElDiv NoImpr             Best solution            Time  Op
                                       Cost     Dist    Tard    TMax 
   150  298   834.00    5.03      5   834.00  2484.00    14.0     4.0     2.3    
*  157  291   829.67    4.72      0   829.67  2489.00     0.0     0.0     2.5    
*  163  285   828.33    4.78      0   828.33  2483.00     1.0     1.0     2.6    
*  173  275   827.67    4.23      0   827.67  2466.00    10.0     7.0     2.7    
*  182  266   826.00    4.28      0   826.00  2457.00     5.0     2.0     2.8    
*  183  265   821.33    4.10      0   821.33  2457.00     5.0     2.0     2.9    
*  189  259   812.67    4.40      0   812.67  2425.00    10.0     3.0     3.0    
Path relinking result: too homogeneous.
   192  256   812.67    4.19      4   812.67  2425.00    10.0     3.0     3.0   P
   200  248   812.67    3.74     11   812.67  2425.00    10.0     3.0     3.1    
*  206  242   805.67    3.57      0   805.67  2404.00    10.0     3.0     3.2    
*  224  224   803.67    3.16      0   803.67  2396.00    12.0     3.0     3.5    
*  231  217   801.33    3.51      0   801.33  2389.00    12.0     3.0     3.7    
*  241  207   800.33    3.40      0   800.33  2395.00     3.0     3.0     3.8    
   250  198   800.33    3.12      9   800.33  2395.00     3.0     3.0     4.0    
*  254  194   799.67    3.34      0   799.67  2391.00     1.0     1.0     4.1    
*  255  193   797.67    3.25      0   797.67  2391.00     1.0     1.0     4.1    

  Gens  Rem    Local   ElDiv NoImpr             Best solution            Time  Op
                                       Cost     Dist    Tard    TMax 
*  260  188   797.33    3.26      0   797.33  2374.00     8.0     4.0     4.2    
*  261  187   795.33    3.34      0   795.33  2374.00     8.0     4.0     4.2    
*  271  177   793.67    2.50      0   793.67  2374.00     4.0     3.0     4.4    
*  273  175   790.33    2.73      0   790.33  2361.00     7.0     3.0     4.4    
*  280  168   788.00    2.35      0   788.00  2355.00     6.0     3.0     4.5    
*  282  166   786.00    2.46      0   786.00  2350.00     5.0     3.0     4.5    
*  286  162   783.00    2.37      0   783.00  2342.00     4.0     3.0     4.6    
*  288  160   782.33    2.34      0   782.33  2338.00     6.0     3.0     4.7    
Path relinking result: too homogeneous.
   288  160   782.33    2.34      1   782.33  2338.00     6.0     3.0     4.7   P
*  292  156   780.33    1.66      0   780.33  2331.00     7.0     3.0     4.7    
*  295  153   778.67    1.48      0   778.67  2325.00     8.0     3.0     4.8    
   300  148   778.67    1.21      5   778.67  2325.00     8.0     3.0     4.9    
*  302  146   778.33    0.58      0   778.33  2323.00     8.0     3.0     4.9    
*  303  145   778.00    0.45      0   778.00  2323.00     8.0     3.0     4.9    
*  306  142   777.33    0.33      0   777.33  2321.00     8.0     3.0     5.0    
*  310  138   776.67    0.37      0   776.67  2320.00     7.0     3.0     5.0    

  Gens  Rem    Local   ElDiv NoImpr             Best solution            Time  Op
                                       Cost     Dist    Tard    TMax 
   350   98   776.67    0.00     40   776.67  2320.00     7.0     3.0     5.7    
*  353   95   776.33    0.04      0   776.33  2322.00     4.0     3.0     5.7    
*  384   64   775.00    0.26      0   775.00  2318.00     4.0     3.0     6.3    
Path relinking result: too homogeneous.
   384   64   775.00    0.26      1   775.00  2318.00     4.0     3.0     6.3   P
*  394   54   774.00    0.17      0   774.00  2312.00     7.0     3.0     6.4    
   400   48   774.00    0.42      6   774.00  2312.00     7.0     3.0     6.5    
*  436   12   773.67    0.06      0   773.67  2311.00     7.0     3.0     7.0    
*  441    7   773.33    0.11      0   773.33  2309.00     7.0     3.0     7.1    
*  442    6   773.00    0.12      0   773.00  2309.00     7.0     3.0     7.1    
   448    0   773.00    0.00      6   773.00  2309.00     7.0     3.0     7.2    
Evolutionary process finished.
Solution written to 'solution-8859.txt'.

Sorted sequence of worst to best tardiness value:
Task for patient = 120 with skills = {2,-1} and cost = 381.3
   Vehicle #0 = 16, leaving at = 827.0
   Vehicle #1 = -1, leaving at = inf
   Increment on distance indicator: 7.0
   Increment on tard indicator:     3.0
   Value of tmax indicator:         7.0

Task for patient = 51 with skills = {0,4} and cost = 500.0
   Vehicle #0 = 16, leaving at = 968.0
   Vehicle #1 = 32, leaving at = 989.0
   Increment on distance indicator: 4.0
   Increment on tard indicator:     2.0
   Value of tmax indicator:         4.0

Task for patient = 69 with skills = {2,4} and cost = 429.7
   Vehicle #0 = 15, leaving at = 930.0
   Vehicle #1 = 25, leaving at = 955.0
   Increment on distance indicator: 4.0
   Increment on tard indicator:     2.0
   Value of tmax indicator:         4.0

Task for patient = 191 with skills = {1,-1} and cost = 385.0
   Vehicle #0 = 10, leaving at = 964.0
   Vehicle #1 = -1, leaving at = inf
   Increment on distance indicator: 1.0
   Increment on tard indicator:     0.0
   Value of tmax indicator:         1.0

Task for patient = 167 with skills = {3,-1} and cost = 386.7
   Vehicle #0 = 36, leaving at = 844.0
   Vehicle #1 = -1, leaving at = inf
   Increment on distance indicator: 5.0
   Increment on tard indicator:     0.0
   Value of tmax indicator:         5.0

Task for patient = 101 with skills = {0,-1} and cost = 387.0
   Vehicle #0 = 15, leaving at = 864.0
   Vehicle #1 = -1, leaving at = inf
   Increment on distance indicator: 1.0
   Increment on tard indicator:     0.0
   Value of tmax indicator:         1.0

Task for patient = 30 with skills = {4,-1} and cost = 389.0
   Vehicle #0 = 37, leaving at = 789.0
   Vehicle #1 = -1, leaving at = inf
   Increment on distance indicator: 6.0
   Increment on tard indicator:     0.0
   Value of tmax indicator:         6.0

Task for patient = 35 with skills = {2,4} and cost = 392.7
   Vehicle #0 = 12, leaving at = 891.0
   Vehicle #1 = 26, leaving at = 889.0
   Increment on distance indicator: 11.0
   Increment on tard indicator:     0.0
   Value of tmax indicator:         11.0

Task for patient = 135 with skills = {5,-1} and cost = 394.0
   Vehicle #0 = 34, leaving at = 871.0
   Vehicle #1 = -1, leaving at = inf
   Increment on distance indicator: 4.0
   Increment on tard indicator:     0.0
   Value of tmax indicator:         4.0

Task for patient = 183 with skills = {2,3} and cost = 398.0
   Vehicle #0 = 19, leaving at = 831.0
   Vehicle #1 = 27, leaving at = 885.0
   Increment on distance indicator: 12.0
   Increment on tard indicator:     0.0
   Value of tmax indicator:         12.0

Task for patient = 115 with skills = {4,-1} and cost = 400.3
   Vehicle #0 = 32, leaving at = 850.0
   Vehicle #1 = -1, leaving at = inf
   Increment on distance indicator: 7.0
   Increment on tard indicator:     0.0
   Value of tmax indicator:         7.0

Task for patient = 70 with skills = {0,4} and cost = 405.0
   Vehicle #0 = 6, leaving at = 815.0
   Vehicle #1 = 33, leaving at = 840.0
   Increment on distance indicator: 14.0
   Increment on tard indicator:     0.0
   Value of tmax indicator:         14.0

Task for patient = 161 with skills = {1,-1} and cost = 407.3
   Vehicle #0 = 9, leaving at = 835.0
   Vehicle #1 = -1, leaving at = inf
   Increment on distance indicator: 7.0
   Increment on tard indicator:     0.0
   Value of tmax indicator:         7.0

Task for patient = 113 with skills = {1,-1} and cost = 384.7
   Vehicle #0 = 11, leaving at = 862.0
   Vehicle #1 = -1, leaving at = inf
   Increment on distance indicator: 10.0
   Increment on tard indicator:     0.0
   Value of tmax indicator:         10.0

Task for patient = 134 with skills = {1,-1} and cost = 409.0
   Vehicle #0 = 15, leaving at = 895.0
   Vehicle #1 = -1, leaving at = inf
   Increment on distance indicator: 2.0
   Increment on tard indicator:     0.0
   Value of tmax indicator:         2.0

Task for patient = 23 with skills = {2,5} and cost = 417.0
   Vehicle #0 = 18, leaving at = 745.0
   Vehicle #1 = 35, leaving at = 776.0
   Increment on distance indicator: 24.0
   Increment on tard indicator:     0.0
   Value of tmax indicator:         24.0

Task for patient = 56 with skills = {5,-1} and cost = 420.3
   Vehicle #0 = 35, leaving at = 834.0
   Vehicle #1 = -1, leaving at = inf
   Increment on distance indicator: 10.0
   Increment on tard indicator:     0.0
   Value of tmax indicator:         10.0

Task for patient = 182 with skills = {3,-1} and cost = 421.3
   Vehicle #0 = 23, leaving at = 959.0
   Vehicle #1 = -1, leaving at = inf
   Increment on distance indicator: 3.0
   Increment on tard indicator:     0.0
   Value of tmax indicator:         3.0

Task for patient = 54 with skills = {5,-1} and cost = 424.3
   Vehicle #0 = 28, leaving at = 932.0
   Vehicle #1 = -1, leaving at = inf
   Increment on distance indicator: 9.0
   Increment on tard indicator:     0.0
   Value of tmax indicator:         9.0

Task for patient = 154 with skills = {5,-1} and cost = 427.7
   Vehicle #0 = 30, leaving at = 845.0
   Vehicle #1 = -1, leaving at = inf
   Increment on distance indicator: 10.0
   Increment on tard indicator:     0.0
   Value of tmax indicator:         10.0

Task for patient = 27 with skills = {2,4} and cost = 432.3
   Vehicle #0 = 16, leaving at = 879.0
   Vehicle #1 = 21, leaving at = 922.0
   Increment on distance indicator: 8.0
   Increment on tard indicator:     0.0
   Value of tmax indicator:         8.0

Task for patient = 33 with skills = {2,3} and cost = 433.0
   Vehicle #0 = 19, leaving at = 893.0
   Vehicle #1 = 27, leaving at = 944.0
   Increment on distance indicator: 2.0
   Increment on tard indicator:     0.0
   Value of tmax indicator:         2.0

Task for patient = 11 with skills = {2,5} and cost = 436.0
   Vehicle #0 = 1, leaving at = 922.0
   Vehicle #1 = 34, leaving at = 968.0
   Increment on distance indicator: 9.0
   Increment on tard indicator:     0.0
   Value of tmax indicator:         9.0

Task for patient = 177 with skills = {2,4} and cost = 438.0
   Vehicle #0 = 4, leaving at = 943.0
   Vehicle #1 = 22, leaving at = 964.0
   Increment on distance indicator: 6.0
   Increment on tard indicator:     0.0
   Value of tmax indicator:         6.0

Task for patient = 73 with skills = {0,4} and cost = 446.0
   Vehicle #0 = 11, leaving at = 928.0
   Vehicle #1 = 26, leaving at = 930.0
   Increment on distance indicator: 14.0
   Increment on tard indicator:     0.0
   Value of tmax indicator:         14.0

Task for patient = 12 with skills = {2,-1} and cost = 408.3
   Vehicle #0 = 10, leaving at = 986.0
   Vehicle #1 = -1, leaving at = inf
   Increment on distance indicator: 3.0
   Increment on tard indicator:     0.0
   Value of tmax indicator:         3.0

Task for patient = 148 with skills = {1,-1} and cost = 336.3
   Vehicle #0 = 2, leaving at = 914.0
   Vehicle #1 = -1, leaving at = inf
   Increment on distance indicator: 6.0
   Increment on tard indicator:     0.0
   Value of tmax indicator:         6.0

Task for patient = 125 with skills = {1,-1} and cost = 338.7
   Vehicle #0 = 9, leaving at = 731.0
   Vehicle #1 = -1, leaving at = inf
   Increment on distance indicator: 7.0
   Increment on tard indicator:     0.0
   Value of tmax indicator:         7.0

Task for patient = 92 with skills = {5,-1} and cost = 339.3
   Vehicle #0 = 34, leaving at = 785.0
   Vehicle #1 = -1, leaving at = inf
   Increment on distance indicator: 2.0
   Increment on tard indicator:     0.0
   Value of tmax indicator:         2.0

Task for patient = 141 with skills = {2,-1} and cost = 341.0
   Vehicle #0 = 14, leaving at = 897.0
   Vehicle #1 = -1, leaving at = inf
   Increment on distance indicator: 5.0
   Increment on tard indicator:     0.0
   Value of tmax indicator:         5.0

Task for patient = 112 with skills = {2,-1} and cost = 345.0
   Vehicle #0 = 19, leaving at = 552.0
   Vehicle #1 = -1, leaving at = inf
   Increment on distance indicator: 12.0
   Increment on tard indicator:     0.0
   Value of tmax indicator:         12.0

Task for patient = 87 with skills = {3,-1} and cost = 345.7
   Vehicle #0 = 29, leaving at = 791.0
   Vehicle #1 = -1, leaving at = inf
   Increment on distance indicator: 2.0
   Increment on tard indicator:     0.0
   Value of tmax indicator:         2.0

Task for patient = 106 with skills = {3,-1} and cost = 348.0
   Vehicle #0 = 30, leaving at = 775.0
   Vehicle #1 = -1, leaving at = inf
   Increment on distance indicator: 7.0
   Increment on tard indicator:     0.0
   Value of tmax indicator:         7.0

Task for patient = 59 with skills = {4,-1} and cost = 349.0
   Vehicle #0 = 25, leaving at = 909.0
   Vehicle #1 = -1, leaving at = inf
   Increment on distance indicator: 3.0
   Increment on tard indicator:     0.0
   Value of tmax indicator:         3.0

Task for patient = 127 with skills = {1,4} and cost = 351.0
   Vehicle #0 = 17, leaving at = 748.0
   Vehicle #1 = 32, leaving at = 791.0
   Increment on distance indicator: 6.0
   Increment on tard indicator:     0.0
   Value of tmax indicator:         6.0

Task for patient = 197 with skills = {4,-1} and cost = 356.3
   Vehicle #0 = 33, leaving at = 666.0
   Vehicle #1 = -1, leaving at = inf
   Increment on distance indicator: 16.0
   Increment on tard indicator:     0.0
   Value of tmax indicator:         16.0

Task for patient = 13 with skills = {2,-1} and cost = 356.7
   Vehicle #0 = 10, leaving at = 834.0
   Vehicle #1 = -1, leaving at = inf
   Increment on distance indicator: 1.0
   Increment on tard indicator:     0.0
   Value of tmax indicator:         1.0

Task for patient = 45 with skills = {1,3} and cost = 441.3
   Vehicle #0 = 6, leaving at = 842.0
   Vehicle #1 = 29, leaving at = 878.0
   Increment on distance indicator: 10.0
   Increment on tard indicator:     0.0
   Value of tmax indicator:         10.0

Task for patient = 50 with skills = {0,-1} and cost = 361.7
   Vehicle #0 = 5, leaving at = 833.0
   Vehicle #1 = -1, leaving at = inf
   Increment on distance indicator: 1.0
   Increment on tard indicator:     0.0
   Value of tmax indicator:         1.0

Task for patient = 152 with skills = {5,-1} and cost = 362.0
   Vehicle #0 = 34, leaving at = 832.0
   Vehicle #1 = -1, leaving at = inf
   Increment on distance indicator: 1.0
   Increment on tard indicator:     0.0
   Value of tmax indicator:         1.0

Task for patient = 67 with skills = {0,-1} and cost = 362.7
   Vehicle #0 = 17, leaving at = 903.0
   Vehicle #1 = -1, leaving at = inf
   Increment on distance indicator: 2.0
   Increment on tard indicator:     0.0
   Value of tmax indicator:         2.0

Task for patient = 156 with skills = {0,-1} and cost = 363.7
   Vehicle #0 = 17, leaving at = 943.0
   Vehicle #1 = -1, leaving at = inf
   Increment on distance indicator: 3.0
   Increment on tard indicator:     0.0
   Value of tmax indicator:         3.0

Task for patient = 168 with skills = {1,3} and cost = 367.3
   Vehicle #0 = 9, leaving at = 778.0
   Vehicle #1 = 36, leaving at = 808.0
   Increment on distance indicator: 11.0
   Increment on tard indicator:     0.0
   Value of tmax indicator:         11.0

Task for patient = 121 with skills = {4,-1} and cost = 368.0
   Vehicle #0 = 21, leaving at = 866.0
   Vehicle #1 = -1, leaving at = inf
   Increment on distance indicator: 2.0
   Increment on tard indicator:     0.0
   Value of tmax indicator:         2.0

Task for patient = 166 with skills = {0,-1} and cost = 369.3
   Vehicle #0 = 16, leaving at = 768.0
   Vehicle #1 = -1, leaving at = inf
   Increment on distance indicator: 4.0
   Increment on tard indicator:     0.0
   Value of tmax indicator:         4.0

Task for patient = 189 with skills = {2,-1} and cost = 370.7
   Vehicle #0 = 5, leaving at = 895.0
   Vehicle #1 = -1, leaving at = inf
   Increment on distance indicator: 4.0
   Increment on tard indicator:     0.0
   Value of tmax indicator:         4.0

Task for patient = 16 with skills = {1,-1} and cost = 372.0
   Vehicle #0 = 12, leaving at = 802.0
   Vehicle #1 = -1, leaving at = inf
   Increment on distance indicator: 4.0
   Increment on tard indicator:     0.0
   Value of tmax indicator:         4.0

Task for patient = 20 with skills = {5,-1} and cost = 375.7
   Vehicle #0 = 35, leaving at = 714.0
   Vehicle #1 = -1, leaving at = inf
   Increment on distance indicator: 11.0
   Increment on tard indicator:     0.0
   Value of tmax indicator:         11.0

Task for patient = 128 with skills = {1,-1} and cost = 377.0
   Vehicle #0 = 12, leaving at = 830.0
   Vehicle #1 = -1, leaving at = inf
   Increment on distance indicator: 4.0
   Increment on tard indicator:     0.0
   Value of tmax indicator:         4.0

Task for patient = 107 with skills = {3,-1} and cost = 361.3
   Vehicle #0 = 36, leaving at = 710.0
   Vehicle #1 = -1, leaving at = inf
   Increment on distance indicator: 14.0
   Increment on tard indicator:     0.0
   Value of tmax indicator:         14.0

Task for patient = 28 with skills = {2,3} and cost = 494.3
   Vehicle #0 = 14, leaving at = 957.0
   Vehicle #1 = 30, leaving at = 979.0
   Increment on distance indicator: 8.0
   Increment on tard indicator:     0.0
   Value of tmax indicator:         8.0

Task for patient = 93 with skills = {3,-1} and cost = 497.3
   Vehicle #0 = 36, leaving at = 913.0
   Vehicle #1 = -1, leaving at = inf
   Increment on distance indicator: 9.0
   Increment on tard indicator:     0.0
   Value of tmax indicator:         9.0

Task for patient = 194 with skills = {1,-1} and cost = 498.0
   Vehicle #0 = 0, leaving at = 941.0
   Vehicle #1 = -1, leaving at = inf
   Increment on distance indicator: 2.0
   Increment on tard indicator:     0.0
   Value of tmax indicator:         2.0

Task for patient = 136 with skills = {4,-1} and cost = 501.0
   Vehicle #0 = 25, leaving at = 1005.0
   Vehicle #1 = -1, leaving at = inf
   Increment on distance indicator: 3.0
   Increment on tard indicator:     0.0
   Value of tmax indicator:         3.0

Task for patient = 78 with skills = {5,-1} and cost = 503.3
   Vehicle #0 = 34, leaving at = 1016.0
   Vehicle #1 = -1, leaving at = inf
   Increment on distance indicator: 7.0
   Increment on tard indicator:     0.0
   Value of tmax indicator:         7.0

Task for patient = 151 with skills = {0,-1} and cost = 503.7
   Vehicle #0 = 4, leaving at = 1020.0
   Vehicle #1 = -1, leaving at = inf
   Increment on distance indicator: 1.0
   Increment on tard indicator:     0.0
   Value of tmax indicator:         1.0

Task for patient = 105 with skills = {0,-1} and cost = 507.0
   Vehicle #0 = 19, leaving at = 1072.0
   Vehicle #1 = -1, leaving at = inf
   Increment on distance indicator: 10.0
   Increment on tard indicator:     0.0
   Value of tmax indicator:         10.0

Task for patient = 62 with skills = {0,-1} and cost = 507.3
   Vehicle #0 = 10, leaving at = 1065.0
   Vehicle #1 = -1, leaving at = inf
   Increment on distance indicator: 1.0
   Increment on tard indicator:     0.0
   Value of tmax indicator:         1.0

Task for patient = 79 with skills = {2,3} and cost = 509.3
   Vehicle #0 = 1, leaving at = 1010.0
   Vehicle #1 = 21, leaving at = 1029.0
   Increment on distance indicator: 6.0
   Increment on tard indicator:     0.0
   Value of tmax indicator:         6.0

Task for patient = 52 with skills = {1,5} and cost = 511.0
   Vehicle #0 = 17, leaving at = 1080.0
   Vehicle #1 = 35, leaving at = 1081.0
   Increment on distance indicator: 5.0
   Increment on tard indicator:     0.0
   Value of tmax indicator:         5.0

Task for patient = 21 with skills = {2,5} and cost = 515.0
   Vehicle #0 = 14, leaving at = 1027.0
   Vehicle #1 = 30, leaving at = 1006.0
   Increment on distance indicator: 12.0
   Increment on tard indicator:     0.0
   Value of tmax indicator:         12.0

Task for patient = 142 with skills = {0,5} and cost = 447.3
   Vehicle #0 = 15, leaving at = 991.0
   Vehicle #1 = 25, leaving at = 986.0
   Increment on distance indicator: 4.0
   Increment on tard indicator:     0.0
   Value of tmax indicator:         4.0

Task for patient = 71 with skills = {4,-1} and cost = 518.7
   Vehicle #0 = 32, leaving at = 1023.0
   Vehicle #1 = -1, leaving at = inf
   Increment on distance indicator: 5.0
   Increment on tard indicator:     0.0
   Value of tmax indicator:         5.0

Task for patient = 91 with skills = {5,-1} and cost = 520.3
   Vehicle #0 = 34, leaving at = 1080.0
   Vehicle #1 = -1, leaving at = inf
   Increment on distance indicator: 5.0
   Increment on tard indicator:     0.0
   Value of tmax indicator:         5.0

Task for patient = 169 with skills = {0,-1} and cost = 522.0
   Vehicle #0 = 18, leaving at = 962.0
   Vehicle #1 = -1, leaving at = inf
   Increment on distance indicator: 5.0
   Increment on tard indicator:     0.0
   Value of tmax indicator:         5.0

Task for patient = 188 with skills = {2,5} and cost = 525.3
   Vehicle #0 = 14, leaving at = 1088.0
   Vehicle #1 = 37, leaving at = 1069.0
   Increment on distance indicator: 10.0
   Increment on tard indicator:     0.0
   Value of tmax indicator:         10.0

Task for patient = 173 with skills = {0,-1} and cost = 526.3
   Vehicle #0 = 5, leaving at = 1027.0
   Vehicle #1 = -1, leaving at = inf
   Increment on distance indicator: 3.0
   Increment on tard indicator:     0.0
   Value of tmax indicator:         3.0

Task for patient = 29 with skills = {0,-1} and cost = 528.0
   Vehicle #0 = 6, leaving at = 992.0
   Vehicle #1 = -1, leaving at = inf
   Increment on distance indicator: 5.0
   Increment on tard indicator:     0.0
   Value of tmax indicator:         5.0

Task for patient = 187 with skills = {1,-1} and cost = 529.7
   Vehicle #0 = 3, leaving at = 823.0
   Vehicle #1 = -1, leaving at = inf
   Increment on distance indicator: 5.0
   Increment on tard indicator:     0.0
   Value of tmax indicator:         5.0

Task for patient = 17 with skills = {5,-1} and cost = 532.7
   Vehicle #0 = 25, leaving at = 1059.0
   Vehicle #1 = -1, leaving at = inf
   Increment on distance indicator: 9.0
   Increment on tard indicator:     0.0
   Value of tmax indicator:         9.0

Task for patient = 155 with skills = {0,-1} and cost = 533.7
   Vehicle #0 = 6, leaving at = 1043.0
   Vehicle #1 = -1, leaving at = inf
   Increment on distance indicator: 3.0
   Increment on tard indicator:     0.0
   Value of tmax indicator:         3.0

Task for patient = 47 with skills = {2,-1} and cost = 534.3
   Vehicle #0 = 15, leaving at = 1038.0
   Vehicle #1 = -1, leaving at = inf
   Increment on distance indicator: 2.0
   Increment on tard indicator:     0.0
   Value of tmax indicator:         2.0

Task for patient = 34 with skills = {1,-1} and cost = 535.7
   Vehicle #0 = 12, leaving at = 968.0
   Vehicle #1 = -1, leaving at = inf
   Increment on distance indicator: 4.0
   Increment on tard indicator:     0.0
   Value of tmax indicator:         4.0

Task for patient = 157 with skills = {5,-1} and cost = 537.3
   Vehicle #0 = 28, leaving at = 1071.0
   Vehicle #1 = -1, leaving at = inf
   Increment on distance indicator: 5.0
   Increment on tard indicator:     0.0
   Value of tmax indicator:         5.0

Task for patient = 10 with skills = {3,-1} and cost = 517.0
   Vehicle #0 = 29, leaving at = 971.0
   Vehicle #1 = -1, leaving at = inf
   Increment on distance indicator: 6.0
   Increment on tard indicator:     0.0
   Value of tmax indicator:         6.0

Task for patient = 164 with skills = {4,-1} and cost = 540.3
   Vehicle #0 = 26, leaving at = 1031.0
   Vehicle #1 = -1, leaving at = inf
   Increment on distance indicator: 9.0
   Increment on tard indicator:     0.0
   Value of tmax indicator:         9.0

Task for patient = 196 with skills = {0,3} and cost = 448.7
   Vehicle #0 = 8, leaving at = 988.0
   Vehicle #1 = 27, leaving at = 969.0
   Increment on distance indicator: 4.0
   Increment on tard indicator:     0.0
   Value of tmax indicator:         4.0

Task for patient = 158 with skills = {2,4} and cost = 451.3
   Vehicle #0 = 18, leaving at = 857.0
   Vehicle #1 = 32, leaving at = 875.0
   Increment on distance indicator: 8.0
   Increment on tard indicator:     0.0
   Value of tmax indicator:         8.0

Task for patient = 184 with skills = {4,-1} and cost = 452.7
   Vehicle #0 = 22, leaving at = 1026.0
   Vehicle #1 = -1, leaving at = inf
   Increment on distance indicator: 4.0
   Increment on tard indicator:     0.0
   Value of tmax indicator:         4.0

Task for patient = 15 with skills = {2,-1} and cost = 454.0
   Vehicle #0 = 16, leaving at = 927.0
   Vehicle #1 = -1, leaving at = inf
   Increment on distance indicator: 4.0
   Increment on tard indicator:     0.0
   Value of tmax indicator:         4.0

Task for patient = 170 with skills = {1,4} and cost = 458.0
   Vehicle #0 = 11, leaving at = 961.0
   Vehicle #1 = 26, leaving at = 957.0
   Increment on distance indicator: 12.0
   Increment on tard indicator:     0.0
   Value of tmax indicator:         12.0

Task for patient = 109 with skills = {1,-1} and cost = 459.0
   Vehicle #0 = 17, leaving at = 979.0
   Vehicle #1 = -1, leaving at = inf
   Increment on distance indicator: 3.0
   Increment on tard indicator:     0.0
   Value of tmax indicator:         3.0

Task for patient = 104 with skills = {3,-1} and cost = 460.7
   Vehicle #0 = 29, leaving at = 942.0
   Vehicle #1 = -1, leaving at = inf
   Increment on distance indicator: 5.0
   Increment on tard indicator:     0.0
   Value of tmax indicator:         5.0

Task for patient = 95 with skills = {0,4} and cost = 464.0
   Vehicle #0 = 19, leaving at = 932.0
   Vehicle #1 = 28, leaving at = 994.0
   Increment on distance indicator: 10.0
   Increment on tard indicator:     0.0
   Value of tmax indicator:         10.0

Task for patient = 144 with skills = {5,-1} and cost = 466.0
   Vehicle #0 = 35, leaving at = 873.0
   Vehicle #1 = -1, leaving at = inf
   Increment on distance indicator: 6.0
   Increment on tard indicator:     0.0
   Value of tmax indicator:         6.0

Task for patient = 81 with skills = {2,4} and cost = 469.3
   Vehicle #0 = 1, leaving at = 950.0
   Vehicle #1 = 21, leaving at = 970.0
   Increment on distance indicator: 10.0
   Increment on tard indicator:     0.0
   Value of tmax indicator:         10.0

Task for patient = 138 with skills = {0,-1} and cost = 491.7
   Vehicle #0 = 8, leaving at = 1051.0
   Vehicle #1 = -1, leaving at = inf
   Increment on distance indicator: 3.0
   Increment on tard indicator:     0.0
   Value of tmax indicator:         3.0

Task for patient = 190 with skills = {3,-1} and cost = 471.7
   Vehicle #0 = 30, leaving at = 915.0
   Vehicle #1 = -1, leaving at = inf
   Increment on distance indicator: 5.0
   Increment on tard indicator:     0.0
   Value of tmax indicator:         5.0

Task for patient = 178 with skills = {2,-1} and cost = 472.3
   Vehicle #0 = 16, leaving at = 946.0
   Vehicle #1 = -1, leaving at = inf
   Increment on distance indicator: 2.0
   Increment on tard indicator:     0.0
   Value of tmax indicator:         2.0

Task for patient = 130 with skills = {0,4} and cost = 475.7
   Vehicle #0 = 5, leaving at = 933.0
   Vehicle #1 = 33, leaving at = 945.0
   Increment on distance indicator: 10.0
   Increment on tard indicator:     0.0
   Value of tmax indicator:         10.0

Task for patient = 174 with skills = {4,-1} and cost = 478.0
   Vehicle #0 = 26, leaving at = 995.0
   Vehicle #1 = -1, leaving at = inf
   Increment on distance indicator: 7.0
   Increment on tard indicator:     0.0
   Value of tmax indicator:         7.0

Task for patient = 163 with skills = {0,4} and cost = 481.0
   Vehicle #0 = 17, leaving at = 1039.0
   Vehicle #1 = 33, leaving at = 1051.0
   Increment on distance indicator: 9.0
   Increment on tard indicator:     0.0
   Value of tmax indicator:         9.0

Task for patient = 48 with skills = {0,-1} and cost = 482.3
   Vehicle #0 = 5, leaving at = 983.0
   Vehicle #1 = -1, leaving at = inf
   Increment on distance indicator: 4.0
   Increment on tard indicator:     0.0
   Value of tmax indicator:         4.0

Task for patient = 124 with skills = {1,-1} and cost = 483.0
   Vehicle #0 = 10, leaving at = 1031.0
   Vehicle #1 = -1, leaving at = inf
   Increment on distance indicator: 2.0
   Increment on tard indicator:     0.0
   Value of tmax indicator:         2.0

Task for patient = 185 with skills = {0,-1} and cost = 484.3
   Vehicle #0 = 19, leaving at = 979.0
   Vehicle #1 = -1, leaving at = inf
   Increment on distance indicator: 4.0
   Increment on tard indicator:     0.0
   Value of tmax indicator:         4.0

Task for patient = 200 with skills = {3,-1} and cost = 484.7
   Vehicle #0 = 27, leaving at = 1005.0
   Vehicle #1 = -1, leaving at = inf
   Increment on distance indicator: 1.0
   Increment on tard indicator:     0.0
   Value of tmax indicator:         1.0

Task for patient = 86 with skills = {2,4} and cost = 487.0
   Vehicle #0 = 19, leaving at = 1018.0
   Vehicle #1 = 28, leaving at = 1021.0
   Increment on distance indicator: 7.0
   Increment on tard indicator:     0.0
   Value of tmax indicator:         7.0

Task for patient = 102 with skills = {1,-1} and cost = 488.0
   Vehicle #0 = 4, leaving at = 962.0
   Vehicle #1 = -1, leaving at = inf
   Increment on distance indicator: 3.0
   Increment on tard indicator:     0.0
   Value of tmax indicator:         3.0

Task for patient = 98 with skills = {1,5} and cost = 490.7
   Vehicle #0 = 6, leaving at = 928.0
   Vehicle #1 = 32, leaving at = 915.0
   Increment on distance indicator: 8.0
   Increment on tard indicator:     0.0
   Value of tmax indicator:         8.0

Task for patient = 46 with skills = {0,-1} and cost = 470.0
   Vehicle #0 = 10, leaving at = 1004.0
   Vehicle #1 = -1, leaving at = inf
   Increment on distance indicator: 2.0
   Increment on tard indicator:     0.0
   Value of tmax indicator:         2.0

Task for patient = 110 with skills = {3,-1} and cost = 120.0
   Vehicle #0 = 21, leaving at = 776.0
   Vehicle #1 = -1, leaving at = inf
   Increment on distance indicator: 3.0
   Increment on tard indicator:     0.0
   Value of tmax indicator:         3.0

Task for patient = 72 with skills = {2,5} and cost = 130.0
   Vehicle #0 = 8, leaving at = 630.0
   Vehicle #1 = 28, leaving at = 640.0
   Increment on distance indicator: 30.0
   Increment on tard indicator:     0.0
   Value of tmax indicator:         30.0

Task for patient = 77 with skills = {5,-1} and cost = 130.7
   Vehicle #0 = 26, leaving at = 756.0
   Vehicle #1 = -1, leaving at = inf
   Increment on distance indicator: 2.0
   Increment on tard indicator:     0.0
   Value of tmax indicator:         2.0

Task for patient = 181 with skills = {2,-1} and cost = 133.7
   Vehicle #0 = 8, leaving at = 713.0
   Vehicle #1 = -1, leaving at = inf
   Increment on distance indicator: 9.0
   Increment on tard indicator:     0.0
   Value of tmax indicator:         9.0

Task for patient = 31 with skills = {1,-1} and cost = 135.0
   Vehicle #0 = 2, leaving at = 684.0
   Vehicle #1 = -1, leaving at = inf
   Increment on distance indicator: 4.0
   Increment on tard indicator:     0.0
   Value of tmax indicator:         4.0

Task for patient = 180 with skills = {0,4} and cost = 138.7
   Vehicle #0 = 8, leaving at = 790.0
   Vehicle #1 = 20, leaving at = 781.0
   Increment on distance indicator: 11.0
   Increment on tard indicator:     0.0
   Value of tmax indicator:         11.0

Task for patient = 179 with skills = {2,-1} and cost = 139.7
   Vehicle #0 = 4, leaving at = 764.0
   Vehicle #1 = -1, leaving at = inf
   Increment on distance indicator: 3.0
   Increment on tard indicator:     0.0
   Value of tmax indicator:         3.0

Task for patient = 159 with skills = {2,4} and cost = 158.3
   Vehicle #0 = 10, leaving at = 563.0
   Vehicle #1 = 24, leaving at = 578.0
   Increment on distance indicator: 56.0
   Increment on tard indicator:     0.0
   Value of tmax indicator:         56.0

Task for patient = 176 with skills = {4,-1} and cost = 160.3
   Vehicle #0 = 20, leaving at = 825.0
   Vehicle #1 = -1, leaving at = inf
   Increment on distance indicator: 6.0
   Increment on tard indicator:     0.0
   Value of tmax indicator:         6.0

Task for patient = 49 with skills = {0,-1} and cost = 161.3
   Vehicle #0 = 8, leaving at = 836.0
   Vehicle #1 = -1, leaving at = inf
   Increment on distance indicator: 3.0
   Increment on tard indicator:     0.0
   Value of tmax indicator:         3.0

Task for patient = 123 with skills = {0,4} and cost = 162.0
   Vehicle #0 = 10, leaving at = 650.0
   Vehicle #1 = 24, leaving at = 617.0
   Increment on distance indicator: 2.0
   Increment on tard indicator:     0.0
   Value of tmax indicator:         2.0

Task for patient = 39 with skills = {0,4} and cost = 334.3
   Vehicle #0 = 17, leaving at = 705.0
   Vehicle #1 = 32, leaving at = 736.0
   Increment on distance indicator: 6.0
   Increment on tard indicator:     0.0
   Value of tmax indicator:         6.0

Task for patient = 42 with skills = {1,5} and cost = 166.7
   Vehicle #0 = 7, leaving at = 753.0
   Vehicle #1 = 30, leaving at = 744.0
   Increment on distance indicator: 0.0
   Increment on tard indicator:     0.0
   Value of tmax indicator:         0.0

Task for patient = 146 with skills = {5,-1} and cost = 174.3
   Vehicle #0 = 31, leaving at = 553.0
   Vehicle #1 = -1, leaving at = inf
   Increment on distance indicator: 23.0
   Increment on tard indicator:     0.0
   Value of tmax indicator:         23.0

Task for patient = 122 with skills = {1,3} and cost = 176.7
   Vehicle #0 = 1, leaving at = 835.0
   Vehicle #1 = 21, leaving at = 814.0
   Increment on distance indicator: 7.0
   Increment on tard indicator:     0.0
   Value of tmax indicator:         7.0

Task for patient = 3 with skills = {0,-1} and cost = 177.7
   Vehicle #0 = 5, leaving at = 775.0
   Vehicle #1 = -1, leaving at = inf
   Increment on distance indicator: 3.0
   Increment on tard indicator:     0.0
   Value of tmax indicator:         3.0

Task for patient = 75 with skills = {1,4} and cost = 180.3
   Vehicle #0 = 6, leaving at = 676.0
   Vehicle #1 = 22, leaving at = 685.0
   Increment on distance indicator: 8.0
   Increment on tard indicator:     0.0
   Value of tmax indicator:         8.0

Task for patient = 4 with skills = {2,-1} and cost = 186.7
   Vehicle #0 = 12, leaving at = 599.0
   Vehicle #1 = -1, leaving at = inf
   Increment on distance indicator: 19.0
   Increment on tard indicator:     0.0
   Value of tmax indicator:         19.0

Task for patient = 118 with skills = {3,-1} and cost = 195.0
   Vehicle #0 = 29, leaving at = 523.0
   Vehicle #1 = -1, leaving at = inf
   Increment on distance indicator: 25.0
   Increment on tard indicator:     0.0
   Value of tmax indicator:         25.0

Task for patient = 43 with skills = {0,-1} and cost = 196.0
   Vehicle #0 = 6, leaving at = 702.0
   Vehicle #1 = -1, leaving at = inf
   Increment on distance indicator: 3.0
   Increment on tard indicator:     0.0
   Value of tmax indicator:         3.0

Task for patient = 137 with skills = {1,3} and cost = 199.7
   Vehicle #0 = 2, leaving at = 739.0
   Vehicle #1 = 27, leaving at = 748.0
   Increment on distance indicator: 11.0
   Increment on tard indicator:     0.0
   Value of tmax indicator:         11.0

Task for patient = 83 with skills = {2,-1} and cost = 204.3
   Vehicle #0 = 14, leaving at = 742.0
   Vehicle #1 = -1, leaving at = inf
   Increment on distance indicator: 14.0
   Increment on tard indicator:     0.0
   Value of tmax indicator:         14.0

Task for patient = 90 with skills = {0,-1} and cost = 210.3
   Vehicle #0 = 11, leaving at = 601.0
   Vehicle #1 = -1, leaving at = inf
   Increment on distance indicator: 18.0
   Increment on tard indicator:     0.0
   Value of tmax indicator:         18.0

Task for patient = 7 with skills = {5,-1} and cost = 214.3
   Vehicle #0 = 26, leaving at = 787.0
   Vehicle #1 = -1, leaving at = inf
   Increment on distance indicator: 12.0
   Increment on tard indicator:     0.0
   Value of tmax indicator:         12.0

Task for patient = 76 with skills = {3,-1} and cost = 166.7
   Vehicle #0 = 27, leaving at = 695.0
   Vehicle #1 = -1, leaving at = inf
   Increment on distance indicator: 14.0
   Increment on tard indicator:     0.0
   Value of tmax indicator:         14.0

Task for patient = 53 with skills = {2,3} and cost = 12.0
   Vehicle #0 = 1, leaving at = 600.0
   Vehicle #1 = 21, leaving at = 580.0
   Increment on distance indicator: 36.0
   Increment on tard indicator:     0.0
   Value of tmax indicator:         36.0

Task for patient = 160 with skills = {0,-1} and cost = 18.3
   Vehicle #0 = 3, leaving at = 720.0
   Vehicle #1 = -1, leaving at = inf
   Increment on distance indicator: 19.0
   Increment on tard indicator:     0.0
   Value of tmax indicator:         19.0

Task for patient = 97 with skills = {0,-1} and cost = 19.7
   Vehicle #0 = 3, leaving at = 757.0
   Vehicle #1 = -1, leaving at = inf
   Increment on distance indicator: 4.0
   Increment on tard indicator:     0.0
   Value of tmax indicator:         4.0

Task for patient = 171 with skills = {0,5} and cost = 35.0
   Vehicle #0 = 4, leaving at = 636.0
   Vehicle #1 = 25, leaving at = 621.0
   Increment on distance indicator: 46.0
   Increment on tard indicator:     0.0
   Value of tmax indicator:         46.0

Task for patient = 32 with skills = {0,-1} and cost = 37.7
   Vehicle #0 = 4, leaving at = 668.0
   Vehicle #1 = -1, leaving at = inf
   Increment on distance indicator: 8.0
   Increment on tard indicator:     0.0
   Value of tmax indicator:         8.0

Task for patient = 199 with skills = {2,3} and cost = 41.7
   Vehicle #0 = 1, leaving at = 649.0
   Vehicle #1 = 21, leaving at = 628.0
   Increment on distance indicator: 12.0
   Increment on tard indicator:     0.0
   Value of tmax indicator:         12.0

Task for patient = 65 with skills = {2,-1} and cost = 43.0
   Vehicle #0 = 4, leaving at = 693.0
   Vehicle #1 = -1, leaving at = inf
   Increment on distance indicator: 4.0
   Increment on tard indicator:     0.0
   Value of tmax indicator:         4.0

Task for patient = 143 with skills = {1,3} and cost = 44.3
   Vehicle #0 = 1, leaving at = 686.0
   Vehicle #1 = 21, leaving at = 679.0
   Increment on distance indicator: 4.0
   Increment on tard indicator:     0.0
   Value of tmax indicator:         4.0

Task for patient = 108 with skills = {2,5} and cost = 53.0
   Vehicle #0 = 5, leaving at = 650.0
   Vehicle #1 = 25, leaving at = 683.0
   Increment on distance indicator: 26.0
   Increment on tard indicator:     0.0
   Value of tmax indicator:         26.0

Task for patient = 133 with skills = {5,-1} and cost = 55.0
   Vehicle #0 = 25, leaving at = 714.0
   Vehicle #1 = -1, leaving at = inf
   Increment on distance indicator: 6.0
   Increment on tard indicator:     0.0
   Value of tmax indicator:         6.0

Task for patient = 44 with skills = {4,-1} and cost = 55.3
   Vehicle #0 = 25, leaving at = 762.0
   Vehicle #1 = -1, leaving at = inf
   Increment on distance indicator: 1.0
   Increment on tard indicator:     0.0
   Value of tmax indicator:         1.0

Task for patient = 19 with skills = {3,-1} and cost = 119.0
   Vehicle #0 = 23, leaving at = 773.0
   Vehicle #1 = -1, leaving at = inf
   Increment on distance indicator: 3.0
   Increment on tard indicator:     0.0
   Value of tmax indicator:         3.0

Task for patient = 55 with skills = {1,-1} and cost = 64.3
   Vehicle #0 = 6, leaving at = 579.0
   Vehicle #1 = -1, leaving at = inf
   Increment on distance indicator: 2.0
   Increment on tard indicator:     0.0
   Value of tmax indicator:         2.0

Task for patient = 129 with skills = {2,-1} and cost = 65.3
   Vehicle #0 = 5, leaving at = 678.0
   Vehicle #1 = -1, leaving at = inf
   Increment on distance indicator: 3.0
   Increment on tard indicator:     0.0
   Value of tmax indicator:         3.0

Task for patient = 85 with skills = {0,3} and cost = 68.0
   Vehicle #0 = 5, leaving at = 723.0
   Vehicle #1 = 21, leaving at = 731.0
   Increment on distance indicator: 8.0
   Increment on tard indicator:     0.0
   Value of tmax indicator:         8.0

Task for patient = 193 with skills = {2,-1} and cost = 68.7
   Vehicle #0 = 1, leaving at = 731.0
   Vehicle #1 = -1, leaving at = inf
   Increment on distance indicator: 2.0
   Increment on tard indicator:     0.0
   Value of tmax indicator:         2.0

Task for patient = 24 with skills = {1,-1} and cost = 69.3
   Vehicle #0 = 6, leaving at = 600.0
   Vehicle #1 = -1, leaving at = inf
   Increment on distance indicator: 2.0
   Increment on tard indicator:     0.0
   Value of tmax indicator:         2.0

Task for patient = 57 with skills = {1,-1} and cost = 78.7
   Vehicle #0 = 0, leaving at = 669.0
   Vehicle #1 = -1, leaving at = inf
   Increment on distance indicator: 28.0
   Increment on tard indicator:     0.0
   Value of tmax indicator:         28.0

Task for patient = 22 with skills = {1,4} and cost = 87.3
   Vehicle #0 = 2, leaving at = 645.0
   Vehicle #1 = 20, leaving at = 683.0
   Increment on distance indicator: 26.0
   Increment on tard indicator:     0.0
   Value of tmax indicator:         26.0

Task for patient = 132 with skills = {1,4} and cost = 96.3
   Vehicle #0 = 6, leaving at = 649.0
   Vehicle #1 = 22, leaving at = 654.0
   Increment on distance indicator: 27.0
   Increment on tard indicator:     0.0
   Value of tmax indicator:         27.0

Task for patient = 80 with skills = {1,5} and cost = 105.3
   Vehicle #0 = 4, leaving at = 726.0
   Vehicle #1 = 26, leaving at = 726.0
   Increment on distance indicator: 27.0
   Increment on tard indicator:     0.0
   Value of tmax indicator:         27.0

Task for patient = 58 with skills = {1,4} and cost = 106.3
   Vehicle #0 = 1, leaving at = 767.0
   Vehicle #1 = 21, leaving at = 758.0
   Increment on distance indicator: 3.0
   Increment on tard indicator:     0.0
   Value of tmax indicator:         3.0

Task for patient = 68 with skills = {1,3} and cost = 117.3
   Vehicle #0 = 0, leaving at = 722.0
   Vehicle #1 = 23, leaving at = 734.0
   Increment on distance indicator: 33.0
   Increment on tard indicator:     0.0
   Value of tmax indicator:         33.0

Task for patient = 162 with skills = {5,-1} and cost = 118.0
   Vehicle #0 = 25, leaving at = 818.0
   Vehicle #1 = -1, leaving at = inf
   Increment on distance indicator: 2.0
   Increment on tard indicator:     0.0
   Value of tmax indicator:         2.0

Task for patient = 89 with skills = {0,-1} and cost = 63.7
   Vehicle #0 = 6, leaving at = 534.0
   Vehicle #1 = -1, leaving at = inf
   Increment on distance indicator: 25.0
   Increment on tard indicator:     0.0
   Value of tmax indicator:         25.0

Task for patient = 40 with skills = {0,5} and cost = 289.0
   Vehicle #0 = 16, leaving at = 682.0
   Vehicle #1 = 34, leaving at = 673.0
   Increment on distance indicator: 9.0
   Increment on tard indicator:     0.0
   Value of tmax indicator:         9.0

Task for patient = 61 with skills = {4,-1} and cost = 290.3
   Vehicle #0 = 20, leaving at = 863.0
   Vehicle #1 = -1, leaving at = inf
   Increment on distance indicator: 4.0
   Increment on tard indicator:     0.0
   Value of tmax indicator:         4.0

Task for patient = 9 with skills = {2,-1} and cost = 291.0
   Vehicle #0 = 4, leaving at = 815.0
   Vehicle #1 = -1, leaving at = inf
   Increment on distance indicator: 2.0
   Increment on tard indicator:     0.0
   Value of tmax indicator:         2.0

Task for patient = 5 with skills = {5,-1} and cost = 295.0
   Vehicle #0 = 31, leaving at = 609.0
   Vehicle #1 = -1, leaving at = inf
   Increment on distance indicator: 12.0
   Increment on tard indicator:     0.0
   Value of tmax indicator:         12.0

Task for patient = 165 with skills = {4,-1} and cost = 296.0
   Vehicle #0 = 32, leaving at = 649.0
   Vehicle #1 = -1, leaving at = inf
   Increment on distance indicator: 3.0
   Increment on tard indicator:     0.0
   Value of tmax indicator:         3.0

Task for patient = 84 with skills = {1,5} and cost = 302.0
   Vehicle #0 = 9, leaving at = 635.0
   Vehicle #1 = 35, leaving at = 645.0
   Increment on distance indicator: 18.0
   Increment on tard indicator:     0.0
   Value of tmax indicator:         18.0

Task for patient = 63 with skills = {1,-1} and cost = 304.0
   Vehicle #0 = 2, leaving at = 860.0
   Vehicle #1 = -1, leaving at = inf
   Increment on distance indicator: 6.0
   Increment on tard indicator:     0.0
   Value of tmax indicator:         6.0

Task for patient = 94 with skills = {1,-1} and cost = 304.3
   Vehicle #0 = 15, leaving at = 771.0
   Vehicle #1 = -1, leaving at = inf
   Increment on distance indicator: 1.0
   Increment on tard indicator:     0.0
   Value of tmax indicator:         1.0

Task for patient = 116 with skills = {2,-1} and cost = 305.0
   Vehicle #0 = 16, leaving at = 729.0
   Vehicle #1 = -1, leaving at = inf
   Increment on distance indicator: 2.0
   Increment on tard indicator:     0.0
   Value of tmax indicator:         2.0

Task for patient = 99 with skills = {2,-1} and cost = 306.3
   Vehicle #0 = 1, leaving at = 895.0
   Vehicle #1 = -1, leaving at = inf
   Increment on distance indicator: 4.0
   Increment on tard indicator:     0.0
   Value of tmax indicator:         4.0

Task for patient = 88 with skills = {2,-1} and cost = 307.0
   Vehicle #0 = 4, leaving at = 847.0
   Vehicle #1 = -1, leaving at = inf
   Increment on distance indicator: 2.0
   Increment on tard indicator:     0.0
   Value of tmax indicator:         2.0

Task for patient = 103 with skills = {0,-1} and cost = 215.7
   Vehicle #0 = 4, leaving at = 796.0
   Vehicle #1 = -1, leaving at = inf
   Increment on distance indicator: 4.0
   Increment on tard indicator:     0.0
   Value of tmax indicator:         4.0

Task for patient = 140 with skills = {4,-1} and cost = 308.3
   Vehicle #0 = 24, leaving at = 836.0
   Vehicle #1 = -1, leaving at = inf
   Increment on distance indicator: 2.0
   Increment on tard indicator:     0.0
   Value of tmax indicator:         2.0

Task for patient = 8 with skills = {1,-1} and cost = 313.3
   Vehicle #0 = 9, leaving at = 670.0
   Vehicle #1 = -1, leaving at = inf
   Increment on distance indicator: 15.0
   Increment on tard indicator:     0.0
   Value of tmax indicator:         15.0

Task for patient = 41 with skills = {2,4} and cost = 322.0
   Vehicle #0 = 17, leaving at = 664.0
   Vehicle #1 = 32, leaving at = 685.0
   Increment on distance indicator: 26.0
   Increment on tard indicator:     0.0
   Value of tmax indicator:         26.0

Task for patient = 117 with skills = {2,-1} and cost = 322.3
   Vehicle #0 = 4, leaving at = 886.0
   Vehicle #1 = -1, leaving at = inf
   Increment on distance indicator: 1.0
   Increment on tard indicator:     0.0
   Value of tmax indicator:         1.0

Task for patient = 14 with skills = {1,-1} and cost = 323.0
   Vehicle #0 = 15, leaving at = 829.0
   Vehicle #1 = -1, leaving at = inf
   Increment on distance indicator: 2.0
   Increment on tard indicator:     0.0
   Value of tmax indicator:         2.0

Task for patient = 82 with skills = {4,-1} and cost = 323.7
   Vehicle #0 = 22, leaving at = 790.0
   Vehicle #1 = -1, leaving at = inf
   Increment on distance indicator: 2.0
   Increment on tard indicator:     0.0
   Value of tmax indicator:         2.0

Task for patient = 195 with skills = {0,-1} and cost = 327.0
   Vehicle #0 = 18, leaving at = 671.0
   Vehicle #1 = -1, leaving at = inf
   Increment on distance indicator: 10.0
   Increment on tard indicator:     0.0
   Value of tmax indicator:         10.0

Task for patient = 96 with skills = {5,-1} and cost = 327.7
   Vehicle #0 = 31, leaving at = 697.0
   Vehicle #1 = -1, leaving at = inf
   Increment on distance indicator: 2.0
   Increment on tard indicator:     0.0
   Value of tmax indicator:         2.0

Task for patient = 36 with skills = {0,-1} and cost = 329.0
   Vehicle #0 = 8, leaving at = 939.0
   Vehicle #1 = -1, leaving at = inf
   Increment on distance indicator: 4.0
   Increment on tard indicator:     0.0
   Value of tmax indicator:         4.0

Task for patient = 37 with skills = {3,-1} and cost = 329.7
   Vehicle #0 = 34, leaving at = 713.0
   Vehicle #1 = -1, leaving at = inf
   Increment on distance indicator: 2.0
   Increment on tard indicator:     0.0
   Value of tmax indicator:         2.0

Task for patient = 38 with skills = {4,-1} and cost = 330.7
   Vehicle #0 = 25, leaving at = 846.0
   Vehicle #1 = -1, leaving at = inf
   Increment on distance indicator: 3.0
   Increment on tard indicator:     0.0
   Value of tmax indicator:         3.0

Task for patient = 100 with skills = {0,4} and cost = 332.3
   Vehicle #0 = 4, leaving at = 917.0
   Vehicle #1 = 22, leaving at = 931.0
   Increment on distance indicator: 5.0
   Increment on tard indicator:     0.0
   Value of tmax indicator:         5.0

Task for patient = 114 with skills = {2,-1} and cost = 307.7
   Vehicle #0 = 5, leaving at = 812.0
   Vehicle #1 = -1, leaving at = inf
   Increment on distance indicator: 2.0
   Increment on tard indicator:     0.0
   Value of tmax indicator:         2.0

Task for patient = 111 with skills = {3,-1} and cost = 218.3
   Vehicle #0 = 29, leaving at = 583.0
   Vehicle #1 = -1, leaving at = inf
   Increment on distance indicator: 8.0
   Increment on tard indicator:     0.0
   Value of tmax indicator:         8.0

Task for patient = 18 with skills = {0,-1} and cost = 226.7
   Vehicle #0 = 15, leaving at = 523.0
   Vehicle #1 = -1, leaving at = inf
   Increment on distance indicator: 25.0
   Increment on tard indicator:     0.0
   Value of tmax indicator:         25.0

Task for patient = 139 with skills = {2,-1} and cost = 227.7
   Vehicle #0 = 10, leaving at = 672.0
   Vehicle #1 = -1, leaving at = inf
   Increment on distance indicator: 3.0
   Increment on tard indicator:     0.0
   Value of tmax indicator:         3.0

Task for patient = 131 with skills = {0,-1} and cost = 229.7
   Vehicle #0 = 15, leaving at = 602.0
   Vehicle #1 = -1, leaving at = inf
   Increment on distance indicator: 6.0
   Increment on tard indicator:     0.0
   Value of tmax indicator:         6.0

Task for patient = 147 with skills = {1,-1} and cost = 230.7
   Vehicle #0 = 15, leaving at = 661.0
   Vehicle #1 = -1, leaving at = inf
   Increment on distance indicator: 3.0
   Increment on tard indicator:     0.0
   Value of tmax indicator:         3.0

Task for patient = 198 with skills = {1,4} and cost = 234.0
   Vehicle #0 = 15, leaving at = 692.0
   Vehicle #1 = 22, leaving at = 737.0
   Increment on distance indicator: 10.0
   Increment on tard indicator:     0.0
   Value of tmax indicator:         10.0

Task for patient = 192 with skills = {2,3} and cost = 236.7
   Vehicle #0 = 14, leaving at = 810.0
   Vehicle #1 = 27, leaving at = 790.0
   Increment on distance indicator: 8.0
   Increment on tard indicator:     0.0
   Value of tmax indicator:         8.0

Task for patient = 153 with skills = {1,-1} and cost = 237.3
   Vehicle #0 = 12, leaving at = 643.0
   Vehicle #1 = -1, leaving at = inf
   Increment on distance indicator: 2.0
   Increment on tard indicator:     0.0
   Value of tmax indicator:         2.0

Task for patient = 175 with skills = {2,3} and cost = 241.7
   Vehicle #0 = 15, leaving at = 747.0
   Vehicle #1 = 29, leaving at = 758.0
   Increment on distance indicator: 13.0
   Increment on tard indicator:     0.0
   Value of tmax indicator:         13.0

Task for patient = 186 with skills = {0,-1} and cost = 243.7
   Vehicle #0 = 8, leaving at = 889.0
   Vehicle #1 = -1, leaving at = inf
   Increment on distance indicator: 6.0
   Increment on tard indicator:     0.0
   Value of tmax indicator:         6.0

Task for patient = 25 with skills = {3,-1} and cost = 250.3
   Vehicle #0 = 34, leaving at = 541.0
   Vehicle #1 = -1, leaving at = inf
   Increment on distance indicator: 20.0
   Increment on tard indicator:     0.0
   Value of tmax indicator:         20.0

Task for patient = 64 with skills = {2,-1} and cost = 286.0
   Vehicle #0 = 16, leaving at = 635.0
   Vehicle #1 = -1, leaving at = inf
   Increment on distance indicator: 5.0
   Increment on tard indicator:     0.0
   Value of tmax indicator:         5.0

Task for patient = 1 with skills = {0,4} and cost = 254.3
   Vehicle #0 = 6, leaving at = 775.0
   Vehicle #1 = 22, leaving at = 767.0
   Increment on distance indicator: 9.0
   Increment on tard indicator:     0.0
   Value of tmax indicator:         9.0

Task for patient = 150 with skills = {1,4} and cost = 257.7
   Vehicle #0 = 11, leaving at = 830.0
   Vehicle #1 = 26, leaving at = 827.0
   Increment on distance indicator: 10.0
   Increment on tard indicator:     0.0
   Value of tmax indicator:         10.0

Task for patient = 74 with skills = {2,4} and cost = 258.7
   Vehicle #0 = 14, leaving at = 850.0
   Vehicle #1 = 28, leaving at = 840.0
   Increment on distance indicator: 3.0
   Increment on tard indicator:     0.0
   Value of tmax indicator:         3.0

Task for patient = 172 with skills = {1,-1} and cost = 259.3
   Vehicle #0 = 10, leaving at = 757.0
   Vehicle #1 = -1, leaving at = inf
   Increment on distance indicator: 2.0
   Increment on tard indicator:     0.0
   Value of tmax indicator:         2.0

Task for patient = 2 with skills = {5,-1} and cost = 260.3
   Vehicle #0 = 28, leaving at = 899.0
   Vehicle #1 = -1, leaving at = inf
   Increment on distance indicator: 3.0
   Increment on tard indicator:     0.0
   Value of tmax indicator:         3.0

Task for patient = 60 with skills = {1,-1} and cost = 261.3
   Vehicle #0 = 12, leaving at = 725.0
   Vehicle #1 = -1, leaving at = inf
   Increment on distance indicator: 3.0
   Increment on tard indicator:     0.0
   Value of tmax indicator:         3.0

Task for patient = 145 with skills = {2,-1} and cost = 269.3
   Vehicle #0 = 16, leaving at = 511.0
   Vehicle #1 = -1, leaving at = inf
   Increment on distance indicator: 24.0
   Increment on tard indicator:     0.0
   Value of tmax indicator:         24.0

Task for patient = 126 with skills = {3,-1} and cost = 272.7
   Vehicle #0 = 27, leaving at = 832.0
   Vehicle #1 = -1, leaving at = inf
   Increment on distance indicator: 10.0
   Increment on tard indicator:     0.0
   Value of tmax indicator:         10.0

Task for patient = 26 with skills = {4,-1} and cost = 280.3
   Vehicle #0 = 32, leaving at = 624.0
   Vehicle #1 = -1, leaving at = inf
   Increment on distance indicator: 23.0
   Increment on tard indicator:     0.0
   Value of tmax indicator:         23.0

Task for patient = 119 with skills = {1,4} and cost = 281.7
   Vehicle #0 = 10, leaving at = 789.0
   Vehicle #1 = 24, leaving at = 796.0
   Increment on distance indicator: 4.0
   Increment on tard indicator:     0.0
   Value of tmax indicator:         4.0

Task for patient = 149 with skills = {1,-1} and cost = 282.3
   Vehicle #0 = 0, leaving at = 769.0
   Vehicle #1 = -1, leaving at = inf
   Increment on distance indicator: 2.0
   Increment on tard indicator:     0.0
   Value of tmax indicator:         2.0

Task for patient = 6 with skills = {3,-1} and cost = 284.3
   Vehicle #0 = 34, leaving at = 618.0
   Vehicle #1 = -1, leaving at = inf
   Increment on distance indicator: 6.0
   Increment on tard indicator:     0.0
   Value of tmax indicator:         6.0

Task for patient = 66 with skills = {1,-1} and cost = 251.3
   Vehicle #0 = 2, leaving at = 779.0
   Vehicle #1 = -1, leaving at = inf
   Increment on distance indicator: 3.0
   Increment on tard indicator:     0.0
   Value of tmax indicator:         3.0


Unused vehicle list: 13 38 39 (total = 3 out of 40)

---
Search finished.
Total of 448 generations in 7.2 seconds.
Exchange elite runs: 0
Implicit path relinking runs: 4
Reset attempts: 0

Best solution found:
   Cost: 773.0
   Total travel time: 2309.0
   Total tardiness time: 7.0
   Largest tardiness: 3.0


773.0
