--- BRKGA-MP-IPR for HHCRSP ---
Instance: new-instances/HHCRSP_200_40_90_1.0_R_R.txt
Seed: 1

Reading data... Problem contains 200 patients  and 40 caregivers.

Summary of supply x demand for each service type:
Skill 0 has supply = 13 and demand = 47, ratio = 0.276596
Skill 1 has supply = 12 and demand = 34, ratio = 0.352941
Skill 2 has supply = 12 and demand = 38, ratio = 0.315789
Skill 3 has supply = 14 and demand = 40, ratio = 0.35
Skill 4 has supply = 12 and demand = 55, ratio = 0.218182
Skill 5 has supply = 12 and demand = 46, ratio = 0.26087

Reading parameters...
Inferred distance function by PR type: kendall-tau
Building BRKGA data and initializing...
Evolving 448 generations...

  Gens  Rem    Local   ElDiv NoImpr             Best solution            Time  Op
                                       Cost     Dist    Tard    TMax 
*    0  448  6344.67  333.75      0  6344.67  4502.00 14078.0   454.0     0.0    
*    3  445  5511.67  393.48      0  5511.67  4216.00 11904.0   415.0     0.1    
*    5  443  5146.33  422.46      0  5146.33  4202.00  7691.0   321.0     0.1    
*    6  442  4071.33  393.46      0  4071.33  4202.00  7691.0   321.0     0.1    
*   12  436  3934.33  224.77      0  3934.33  4217.00  6547.0   342.0     0.2    
*   13  435  3702.00  262.91      0  3702.00  4404.00  4936.0   310.0     0.2    
*   14  434  3216.67  211.74      0  3216.67  4404.00  4936.0   310.0     0.3    
*   16  432  3020.67  200.83      0  3020.67  4152.00  4591.0   319.0     0.3    
*   20  428  2562.33  177.81      0  2562.33  4105.00  3049.0   322.0     0.4    
*   21  427  2492.00  200.69      0  2492.00  4157.00  2475.0   246.0     0.4    
*   22  426  2292.67  200.52      0  2292.67  4224.00  2016.0   238.0     0.4    
*   23  425  2159.33  210.28      0  2159.33  4224.00  2016.0   238.0     0.4    
*   28  420  2046.67  117.56      0  2046.67  4149.00  1816.0   175.0     0.6    
*   30  418  1848.00  100.49      0  1848.00  3828.00  1268.0   218.0     0.6    
*   31  417  1771.33  100.61      0  1771.33  3911.00  1173.0   172.0     0.6    

  Gens  Rem    Local   ElDiv NoImpr             Best solution            Time  Op
                                       Cost     Dist    Tard    TMax 
*   32  416  1752.00  100.79      0  1752.00  3911.00  1173.0   172.0     0.6    
*   34  414  1718.00   92.45      0  1718.00  3896.00   879.0   144.0     0.6    
*   35  413  1639.67   86.27      0  1639.67  3978.00   709.0   109.0     0.7    
*   36  412  1598.67   74.86      0  1598.67  3967.00   611.0   162.0     0.7    
*   37  411  1580.00   67.28      0  1580.00  3967.00   611.0   162.0     0.7    
*   40  408  1456.33   67.76      0  1456.33  3855.00   454.0    60.0     0.7    
*   42  406  1350.33   65.10      0  1350.33  3840.00   180.0    31.0     0.8    
    50  398  1350.33   26.26      8  1350.33  3840.00   180.0    31.0     0.9    
*   53  395  1313.00   31.52      0  1313.00  3785.00    34.0     8.0     0.9    
*   54  394  1275.67   28.66      0  1275.67  3785.00    34.0     8.0     0.9    
*   59  389  1263.67   24.94      0  1263.67  3681.00    57.0    20.0     1.0    
*   60  388  1252.67   25.36      0  1252.67  3681.00    57.0    20.0     1.1    
*   70  378  1234.33   14.36      0  1234.33  3512.00   130.0    61.0     1.2    
*   73  375  1219.67   15.42      0  1219.67  3632.00    22.0     5.0     1.2    
*   77  371  1219.33   16.47      0  1219.33  3587.00    21.0     7.0     1.3    
*   78  370  1205.00   15.93      0  1205.00  3587.00    21.0     7.0     1.3    

  Gens  Rem    Local   ElDiv NoImpr             Best solution            Time  Op
                                       Cost     Dist    Tard    TMax 
*   83  365  1201.67   12.76      0  1201.67  3561.00    28.0    11.0     1.4    
*   84  364  1200.00   11.94      0  1200.00  3561.00    28.0    11.0     1.4    
*   88  360  1172.00   12.85      0  1172.00  3484.00    13.0     4.0     1.5    
*   89  359  1167.00   12.18      0  1167.00  3484.00    13.0     4.0     1.5    
*   96  352  1128.33   14.36      0  1128.33  3375.00     7.0     3.0     1.6    
Path relinking result: too homogeneous.
    96  352  1128.33   14.36      1  1128.33  3375.00     7.0     3.0     1.6   P
   100  348  1128.33   15.09      4  1128.33  3375.00     7.0     3.0     1.7    
*  115  333  1127.00   11.66      0  1127.00  3359.00    15.0     7.0     2.0    
*  120  328  1124.33   10.32      0  1124.33  3356.00    13.0     4.0     2.1    
*  123  325  1117.67    9.75      0  1117.67  3318.00    30.0     5.0     2.1    
*  129  319  1098.00    9.59      0  1098.00  3285.00     6.0     3.0     2.2    
*  146  302  1097.00    7.20      0  1097.00  3262.00     7.0     3.0     2.5    
*  147  301  1090.67    7.94      0  1090.67  3250.00    14.0     4.0     2.6    
*  148  300  1089.33    7.98      0  1089.33  3250.00    14.0     4.0     2.6    
   150  298  1089.33    7.60      2  1089.33  3250.00    14.0     4.0     2.6    
*  152  296  1088.67    7.62      0  1088.67  3221.00    27.0    18.0     2.6    

  Gens  Rem    Local   ElDiv NoImpr             Best solution            Time  Op
                                       Cost     Dist    Tard    TMax 
*  154  294  1088.00    7.35      0  1088.00  3227.00    25.0     6.0     2.7    
*  155  293  1086.00    6.92      0  1086.00  3227.00    25.0     6.0     2.7    
*  159  289  1070.00    7.03      0  1070.00  3204.00     3.0     3.0     2.8    
*  161  287  1062.33    7.89      0  1062.33  3177.00     6.0     4.0     2.8    
*  177  271  1054.67    6.41      0  1054.67  3158.00     4.0     2.0     3.0    
*  184  264  1050.00    6.02      0  1050.00  3147.00     2.0     1.0     3.0    
Path relinking result: too homogeneous.
   192  256  1050.00    4.81      9  1050.00  3147.00     2.0     1.0     3.2   P
*  198  250  1042.33    4.63      0  1042.33  3120.00     4.0     3.0     3.3    
   200  248  1042.33    5.38      2  1042.33  3120.00     4.0     3.0     3.3    
*  202  246  1041.33    5.67      0  1041.33  3116.00     5.0     3.0     3.3    
*  204  244  1041.00    5.54      0  1041.00  3116.00     4.0     3.0     3.4    
*  208  240  1031.00    5.08      0  1031.00  3086.00     4.0     3.0     3.5    
*  219  229  1028.33    5.15      0  1028.33  3060.00     4.0     3.0     3.6    
*  220  228  1022.33    4.74      0  1022.33  3060.00     4.0     3.0     3.6    
*  225  223  1022.00    2.95      0  1022.00  3053.00     5.0     3.0     3.7    
*  226  222  1020.33    2.82      0  1020.33  3047.00     2.0     1.0     3.7    

  Gens  Rem    Local   ElDiv NoImpr             Best solution            Time  Op
                                       Cost     Dist    Tard    TMax 
*  227  221  1016.67    2.62      0  1016.67  3047.00     2.0     1.0     3.7    
*  231  217  1014.33    2.01      0  1014.33  3036.00     4.0     3.0     3.8    
*  234  214  1012.33    1.44      0  1012.33  3030.00     4.0     3.0     3.9    
*  240  208  1012.00    0.46      0  1012.00  3030.00     3.0     2.0     3.9    
*  241  207  1011.67    0.29      0  1011.67  3030.00     3.0     2.0     4.0    
*  249  199  1011.33    0.06      0  1011.33  3032.00     1.0     1.0     4.1    
   250  198  1011.33    0.11      1  1011.33  3032.00     1.0     1.0     4.1    
*  251  197  1011.00    0.14      0  1011.00  3028.00     3.0     2.0     4.1    
*  255  193  1010.00    0.20      0  1010.00  3028.00     1.0     1.0     4.2    
*  257  191  1009.67    0.36      0  1009.67  3027.00     1.0     1.0     4.2    
*  261  187  1007.00    0.82      0  1007.00  3019.00     1.0     1.0     4.3    
*  267  181  1003.00    1.27      0  1003.00  3007.00     1.0     1.0     4.4    
*  270  178  1002.33    2.10      0  1002.33  3005.00     1.0     1.0     4.5    
Path relinking result: too homogeneous.
   288  160  1002.33    0.00     19  1002.33  3005.00     1.0     1.0     4.8   P
*  291  157  1001.00    0.32      0  1001.00  3000.00     2.0     1.0     4.9    
*  295  153   999.67    0.69      0   999.67  2996.00     2.0     1.0     5.0    

  Gens  Rem    Local   ElDiv NoImpr             Best solution            Time  Op
                                       Cost     Dist    Tard    TMax 
   300  148   999.67    0.16      5   999.67  2996.00     2.0     1.0     5.0    
*  304  144   998.67    0.17      0   998.67  2993.00     2.0     1.0     5.1    
*  314  134   998.00    0.08      0   998.00  2991.00     2.0     1.0     5.3    
*  320  128   997.67    0.25      0   997.67  2990.00     2.0     1.0     5.4    
*  324  124   997.33    0.41      0   997.33  2989.00     2.0     1.0     5.5    
*  326  122   997.00    0.15      0   997.00  2988.00     2.0     1.0     5.5    
*  335  113   996.00    0.29      0   996.00  2984.00     2.0     1.0     5.7    
*  336  112   995.67    0.39      0   995.67  2984.00     2.0     1.0     5.7    
*  339  109   995.00    0.32      0   995.00  2982.00     2.0     1.0     5.8    
   350   98   995.00    0.12     11   995.00  2982.00     2.0     1.0     6.0    
*  351   97   994.00    0.12      0   994.00  2979.00     2.0     1.0     6.0    
*  362   86   992.67    0.28      0   992.67  2975.00     2.0     1.0     6.2    
*  373   75   991.67    0.12      0   991.67  2972.00     2.0     1.0     6.4    
*  381   67   991.00    0.18      0   991.00  2965.00     5.0     3.0     6.5    
*  384   64   985.67    0.77      0   985.67  2955.00     1.0     1.0     6.6    
Path relinking result: too homogeneous.
   384   64   985.67    0.77      1   985.67  2955.00     1.0     1.0     6.6   P

  Gens  Rem    Local   ElDiv NoImpr             Best solution            Time  Op
                                       Cost     Dist    Tard    TMax 
   400   48   985.67    0.00     16   985.67  2955.00     1.0     1.0     6.9    
*  435   13   984.00    0.21      0   984.00  2950.00     1.0     1.0     7.4    
*  443    5   983.00    0.31      0   983.00  2947.00     1.0     1.0     7.6    
   448    0   983.00    0.00      5   983.00  2947.00     1.0     1.0     7.7    
Evolutionary process finished.
Solution written to 'solution-28861.txt'.

Sorted sequence of worst to best tardiness value:
Task for patient = 84 with skills = {0,4} and cost = 382.0
   Vehicle #0 = 0, leaving at = 814.0
   Vehicle #1 = 21, leaving at = 848.0
   Increment on distance indicator: 8.0
   Increment on tard indicator:     1.0
   Value of tmax indicator:         8.0

Task for patient = 79 with skills = {5,-1} and cost = 542.0
   Vehicle #0 = 33, leaving at = 988.0
   Vehicle #1 = -1, leaving at = inf
   Increment on distance indicator: 4.0
   Increment on tard indicator:     0.0
   Value of tmax indicator:         4.0

Task for patient = 169 with skills = {3,-1} and cost = 544.7
   Vehicle #0 = 36, leaving at = 800.0
   Vehicle #1 = -1, leaving at = inf
   Increment on distance indicator: 8.0
   Increment on tard indicator:     0.0
   Value of tmax indicator:         8.0

Task for patient = 193 with skills = {0,5} and cost = 550.0
   Vehicle #0 = 4, leaving at = 890.0
   Vehicle #1 = 22, leaving at = 921.0
   Increment on distance indicator: 16.0
   Increment on tard indicator:     0.0
   Value of tmax indicator:         16.0

Task for patient = 5 with skills = {4,-1} and cost = 553.7
   Vehicle #0 = 29, leaving at = 806.0
   Vehicle #1 = -1, leaving at = inf
   Increment on distance indicator: 11.0
   Increment on tard indicator:     0.0
   Value of tmax indicator:         11.0

Task for patient = 107 with skills = {0,5} and cost = 557.0
   Vehicle #0 = 8, leaving at = 872.0
   Vehicle #1 = 34, leaving at = 849.0
   Increment on distance indicator: 10.0
   Increment on tard indicator:     0.0
   Value of tmax indicator:         10.0

Task for patient = 170 with skills = {0,-1} and cost = 558.7
   Vehicle #0 = 18, leaving at = 829.0
   Vehicle #1 = -1, leaving at = inf
   Increment on distance indicator: 5.0
   Increment on tard indicator:     0.0
   Value of tmax indicator:         5.0

Task for patient = 155 with skills = {4,-1} and cost = 560.3
   Vehicle #0 = 34, leaving at = 869.0
   Vehicle #1 = -1, leaving at = inf
   Increment on distance indicator: 5.0
   Increment on tard indicator:     0.0
   Value of tmax indicator:         5.0

Task for patient = 46 with skills = {2,-1} and cost = 563.3
   Vehicle #0 = 11, leaving at = 781.0
   Vehicle #1 = -1, leaving at = inf
   Increment on distance indicator: 9.0
   Increment on tard indicator:     0.0
   Value of tmax indicator:         9.0

Task for patient = 93 with skills = {4,-1} and cost = 565.0
   Vehicle #0 = 34, leaving at = 929.0
   Vehicle #1 = -1, leaving at = inf
   Increment on distance indicator: 5.0
   Increment on tard indicator:     0.0
   Value of tmax indicator:         5.0

Task for patient = 131 with skills = {0,5} and cost = 567.3
   Vehicle #0 = 12, leaving at = 890.0
   Vehicle #1 = 32, leaving at = 899.0
   Increment on distance indicator: 7.0
   Increment on tard indicator:     0.0
   Value of tmax indicator:         7.0

Task for patient = 143 with skills = {0,5} and cost = 540.7
   Vehicle #0 = 17, leaving at = 810.0
   Vehicle #1 = 20, leaving at = 833.0
   Increment on distance indicator: 14.0
   Increment on tard indicator:     0.0
   Value of tmax indicator:         14.0

Task for patient = 89 with skills = {0,-1} and cost = 570.0
   Vehicle #0 = 17, leaving at = 854.0
   Vehicle #1 = -1, leaving at = inf
   Increment on distance indicator: 6.0
   Increment on tard indicator:     0.0
   Value of tmax indicator:         6.0

Task for patient = 171 with skills = {0,4} and cost = 575.3
   Vehicle #0 = 14, leaving at = 922.0
   Vehicle #1 = 28, leaving at = 930.0
   Increment on distance indicator: 16.0
   Increment on tard indicator:     0.0
   Value of tmax indicator:         16.0

Task for patient = 35 with skills = {3,-1} and cost = 577.7
   Vehicle #0 = 36, leaving at = 866.0
   Vehicle #1 = -1, leaving at = inf
   Increment on distance indicator: 7.0
   Increment on tard indicator:     0.0
   Value of tmax indicator:         7.0

Task for patient = 135 with skills = {4,-1} and cost = 579.0
   Vehicle #0 = 28, leaving at = 959.0
   Vehicle #1 = -1, leaving at = inf
   Increment on distance indicator: 4.0
   Increment on tard indicator:     0.0
   Value of tmax indicator:         4.0

Task for patient = 10 with skills = {2,-1} and cost = 583.0
   Vehicle #0 = 11, leaving at = 841.0
   Vehicle #1 = -1, leaving at = inf
   Increment on distance indicator: 12.0
   Increment on tard indicator:     0.0
   Value of tmax indicator:         12.0

Task for patient = 173 with skills = {1,5} and cost = 584.3
   Vehicle #0 = 9, leaving at = 833.0
   Vehicle #1 = 30, leaving at = 862.0
   Increment on distance indicator: 4.0
   Increment on tard indicator:     0.0
   Value of tmax indicator:         4.0

Task for patient = 191 with skills = {1,4} and cost = 586.7
   Vehicle #0 = 16, leaving at = 961.0
   Vehicle #1 = 34, leaving at = 949.0
   Increment on distance indicator: 7.0
   Increment on tard indicator:     0.0
   Value of tmax indicator:         7.0

Task for patient = 113 with skills = {5,-1} and cost = 588.7
   Vehicle #0 = 32, leaving at = 942.0
   Vehicle #1 = -1, leaving at = inf
   Increment on distance indicator: 6.0
   Increment on tard indicator:     0.0
   Value of tmax indicator:         6.0

Task for patient = 16 with skills = {3,-1} and cost = 589.7
   Vehicle #0 = 36, leaving at = 919.0
   Vehicle #1 = -1, leaving at = inf
   Increment on distance indicator: 3.0
   Increment on tard indicator:     0.0
   Value of tmax indicator:         3.0

Task for patient = 58 with skills = {2,3} and cost = 593.3
   Vehicle #0 = 14, leaving at = 967.0
   Vehicle #1 = 34, leaving at = 976.0
   Increment on distance indicator: 11.0
   Increment on tard indicator:     0.0
   Value of tmax indicator:         11.0

Task for patient = 27 with skills = {0,-1} and cost = 595.7
   Vehicle #0 = 8, leaving at = 925.0
   Vehicle #1 = -1, leaving at = inf
   Increment on distance indicator: 7.0
   Increment on tard indicator:     0.0
   Value of tmax indicator:         7.0

Task for patient = 65 with skills = {0,4} and cost = 596.3
   Vehicle #0 = 13, leaving at = 841.0
   Vehicle #1 = 31, leaving at = 822.0
   Increment on distance indicator: 2.0
   Increment on tard indicator:     0.0
   Value of tmax indicator:         2.0

Task for patient = 164 with skills = {0,-1} and cost = 568.0
   Vehicle #0 = 7, leaving at = 931.0
   Vehicle #1 = -1, leaving at = inf
   Increment on distance indicator: 2.0
   Increment on tard indicator:     0.0
   Value of tmax indicator:         2.0

Task for patient = 142 with skills = {2,-1} and cost = 461.0
   Vehicle #0 = 3, leaving at = 829.0
   Vehicle #1 = -1, leaving at = inf
   Increment on distance indicator: 6.0
   Increment on tard indicator:     0.0
   Value of tmax indicator:         6.0

Task for patient = 71 with skills = {2,4} and cost = 461.0
   Vehicle #0 = 17, leaving at = 701.0
   Vehicle #1 = 38, leaving at = 715.0
   Increment on distance indicator: 0.0
   Increment on tard indicator:     0.0
   Value of tmax indicator:         0.0

Task for patient = 49 with skills = {3,-1} and cost = 461.7
   Vehicle #0 = 30, leaving at = 721.0
   Vehicle #1 = -1, leaving at = inf
   Increment on distance indicator: 2.0
   Increment on tard indicator:     0.0
   Value of tmax indicator:         2.0

Task for patient = 70 with skills = {2,-1} and cost = 463.0
   Vehicle #0 = 1, leaving at = 819.0
   Vehicle #1 = -1, leaving at = inf
   Increment on distance indicator: 4.0
   Increment on tard indicator:     0.0
   Value of tmax indicator:         4.0

Task for patient = 52 with skills = {0,3} and cost = 469.0
   Vehicle #0 = 13, leaving at = 750.0
   Vehicle #1 = 31, leaving at = 774.0
   Increment on distance indicator: 18.0
   Increment on tard indicator:     0.0
   Value of tmax indicator:         18.0

Task for patient = 6 with skills = {1,-1} and cost = 471.3
   Vehicle #0 = 5, leaving at = 826.0
   Vehicle #1 = -1, leaving at = inf
   Increment on distance indicator: 7.0
   Increment on tard indicator:     0.0
   Value of tmax indicator:         7.0

Task for patient = 40 with skills = {0,3} and cost = 478.0
   Vehicle #0 = 17, leaving at = 732.0
   Vehicle #1 = 36, leaving at = 738.0
   Increment on distance indicator: 20.0
   Increment on tard indicator:     0.0
   Value of tmax indicator:         20.0

Task for patient = 174 with skills = {0,-1} and cost = 483.7
   Vehicle #0 = 8, leaving at = 787.0
   Vehicle #1 = -1, leaving at = inf
   Increment on distance indicator: 17.0
   Increment on tard indicator:     0.0
   Value of tmax indicator:         17.0

Task for patient = 74 with skills = {4,-1} and cost = 484.3
   Vehicle #0 = 39, leaving at = 867.0
   Vehicle #1 = -1, leaving at = inf
   Increment on distance indicator: 2.0
   Increment on tard indicator:     0.0
   Value of tmax indicator:         2.0

Task for patient = 36 with skills = {4,-1} and cost = 486.7
   Vehicle #0 = 38, leaving at = 782.0
   Vehicle #1 = -1, leaving at = inf
   Increment on distance indicator: 7.0
   Increment on tard indicator:     0.0
   Value of tmax indicator:         7.0

Task for patient = 129 with skills = {0,4} and cost = 491.0
   Vehicle #0 = 7, leaving at = 864.0
   Vehicle #1 = 28, leaving at = 876.0
   Increment on distance indicator: 13.0
   Increment on tard indicator:     0.0
   Value of tmax indicator:         13.0

Task for patient = 82 with skills = {5,-1} and cost = 536.0
   Vehicle #0 = 23, leaving at = 795.0
   Vehicle #1 = -1, leaving at = inf
   Increment on distance indicator: 6.0
   Increment on tard indicator:     0.0
   Value of tmax indicator:         6.0

Task for patient = 114 with skills = {5,-1} and cost = 495.3
   Vehicle #0 = 33, leaving at = 733.0
   Vehicle #1 = -1, leaving at = inf
   Increment on distance indicator: 6.0
   Increment on tard indicator:     0.0
   Value of tmax indicator:         6.0

Task for patient = 14 with skills = {1,3} and cost = 498.7
   Vehicle #0 = 7, leaving at = 910.0
   Vehicle #1 = 25, leaving at = 925.0
   Increment on distance indicator: 10.0
   Increment on tard indicator:     0.0
   Value of tmax indicator:         10.0

Task for patient = 56 with skills = {1,-1} and cost = 499.3
   Vehicle #0 = 15, leaving at = 876.0
   Vehicle #1 = -1, leaving at = inf
   Increment on distance indicator: 2.0
   Increment on tard indicator:     0.0
   Value of tmax indicator:         2.0

Task for patient = 178 with skills = {0,-1} and cost = 504.7
   Vehicle #0 = 4, leaving at = 798.0
   Vehicle #1 = -1, leaving at = inf
   Increment on distance indicator: 16.0
   Increment on tard indicator:     0.0
   Value of tmax indicator:         16.0

Task for patient = 92 with skills = {0,-1} and cost = 506.0
   Vehicle #0 = 8, leaving at = 812.0
   Vehicle #1 = -1, leaving at = inf
   Increment on distance indicator: 4.0
   Increment on tard indicator:     0.0
   Value of tmax indicator:         4.0

Task for patient = 145 with skills = {1,-1} and cost = 512.3
   Vehicle #0 = 17, leaving at = 785.0
   Vehicle #1 = -1, leaving at = inf
   Increment on distance indicator: 19.0
   Increment on tard indicator:     0.0
   Value of tmax indicator:         19.0

Task for patient = 3 with skills = {2,3} and cost = 523.3
   Vehicle #0 = 9, leaving at = 769.0
   Vehicle #1 = 30, leaving at = 808.0
   Increment on distance indicator: 33.0
   Increment on tard indicator:     0.0
   Value of tmax indicator:         33.0

Task for patient = 182 with skills = {3,-1} and cost = 525.3
   Vehicle #0 = 26, leaving at = 828.0
   Vehicle #1 = -1, leaving at = inf
   Increment on distance indicator: 6.0
   Increment on tard indicator:     0.0
   Value of tmax indicator:         6.0

Task for patient = 130 with skills = {2,-1} and cost = 526.7
   Vehicle #0 = 18, leaving at = 777.0
   Vehicle #1 = -1, leaving at = inf
   Increment on distance indicator: 4.0
   Increment on tard indicator:     0.0
   Value of tmax indicator:         4.0

Task for patient = 26 with skills = {5,-1} and cost = 531.0
   Vehicle #0 = 33, leaving at = 934.0
   Vehicle #1 = -1, leaving at = inf
   Increment on distance indicator: 13.0
   Increment on tard indicator:     0.0
   Value of tmax indicator:         13.0

Task for patient = 154 with skills = {5,-1} and cost = 534.0
   Vehicle #0 = 23, leaving at = 768.0
   Vehicle #1 = -1, leaving at = inf
   Increment on distance indicator: 9.0
   Increment on tard indicator:     0.0
   Value of tmax indicator:         9.0

Task for patient = 181 with skills = {2,-1} and cost = 459.0
   Vehicle #0 = 14, leaving at = 858.0
   Vehicle #1 = -1, leaving at = inf
   Increment on distance indicator: 3.0
   Increment on tard indicator:     0.0
   Value of tmax indicator:         3.0

Task for patient = 179 with skills = {0,-1} and cost = 493.3
   Vehicle #0 = 15, leaving at = 831.0
   Vehicle #1 = -1, leaving at = inf
   Increment on distance indicator: 7.0
   Increment on tard indicator:     0.0
   Value of tmax indicator:         7.0

Task for patient = 94 with skills = {0,-1} and cost = 667.3
   Vehicle #0 = 4, leaving at = 934.0
   Vehicle #1 = -1, leaving at = inf
   Increment on distance indicator: 4.0
   Increment on tard indicator:     0.0
   Value of tmax indicator:         4.0

Task for patient = 88 with skills = {1,-1} and cost = 673.3
   Vehicle #0 = 4, leaving at = 989.0
   Vehicle #1 = -1, leaving at = inf
   Increment on distance indicator: 18.0
   Increment on tard indicator:     0.0
   Value of tmax indicator:         18.0

Task for patient = 37 with skills = {0,-1} and cost = 675.0
   Vehicle #0 = 12, leaving at = 978.0
   Vehicle #1 = -1, leaving at = inf
   Increment on distance indicator: 5.0
   Increment on tard indicator:     0.0
   Value of tmax indicator:         5.0

Task for patient = 51 with skills = {4,-1} and cost = 676.7
   Vehicle #0 = 21, leaving at = 976.0
   Vehicle #1 = -1, leaving at = inf
   Increment on distance indicator: 5.0
   Increment on tard indicator:     0.0
   Value of tmax indicator:         5.0

Task for patient = 152 with skills = {5,-1} and cost = 679.7
   Vehicle #0 = 39, leaving at = 1030.0
   Vehicle #1 = -1, leaving at = inf
   Increment on distance indicator: 9.0
   Increment on tard indicator:     0.0
   Value of tmax indicator:         9.0

Task for patient = 150 with skills = {5,-1} and cost = 685.3
   Vehicle #0 = 30, leaving at = 970.0
   Vehicle #1 = -1, leaving at = inf
   Increment on distance indicator: 17.0
   Increment on tard indicator:     0.0
   Value of tmax indicator:         17.0

Task for patient = 39 with skills = {2,-1} and cost = 687.7
   Vehicle #0 = 13, leaving at = 875.0
   Vehicle #1 = -1, leaving at = inf
   Increment on distance indicator: 7.0
   Increment on tard indicator:     0.0
   Value of tmax indicator:         7.0

Task for patient = 104 with skills = {0,-1} and cost = 689.0
   Vehicle #0 = 17, leaving at = 963.0
   Vehicle #1 = -1, leaving at = inf
   Increment on distance indicator: 4.0
   Increment on tard indicator:     0.0
   Value of tmax indicator:         4.0

Task for patient = 87 with skills = {3,-1} and cost = 691.0
   Vehicle #0 = 29, leaving at = 851.0
   Vehicle #1 = -1, leaving at = inf
   Increment on distance indicator: 6.0
   Increment on tard indicator:     0.0
   Value of tmax indicator:         6.0

Task for patient = 12 with skills = {5,-1} and cost = 693.3
   Vehicle #0 = 22, leaving at = 1043.0
   Vehicle #1 = -1, leaving at = inf
   Increment on distance indicator: 7.0
   Increment on tard indicator:     0.0
   Value of tmax indicator:         7.0

Task for patient = 68 with skills = {4,-1} and cost = 694.3
   Vehicle #0 = 34, leaving at = 1041.0
   Vehicle #1 = -1, leaving at = inf
   Increment on distance indicator: 3.0
   Increment on tard indicator:     0.0
   Value of tmax indicator:         3.0

Task for patient = 22 with skills = {0,-1} and cost = 598.0
   Vehicle #0 = 8, leaving at = 971.0
   Vehicle #1 = -1, leaving at = inf
   Increment on distance indicator: 5.0
   Increment on tard indicator:     0.0
   Value of tmax indicator:         5.0

Task for patient = 66 with skills = {2,5} and cost = 703.0
   Vehicle #0 = 18, leaving at = 987.0
   Vehicle #1 = 23, leaving at = 980.0
   Increment on distance indicator: 12.0
   Increment on tard indicator:     0.0
   Value of tmax indicator:         12.0

Task for patient = 136 with skills = {0,4} and cost = 705.7
   Vehicle #0 = 14, leaving at = 1076.0
   Vehicle #1 = 21, leaving at = 1054.0
   Increment on distance indicator: 8.0
   Increment on tard indicator:     0.0
   Value of tmax indicator:         8.0

Task for patient = 132 with skills = {2,-1} and cost = 708.0
   Vehicle #0 = 3, leaving at = 991.0
   Vehicle #1 = -1, leaving at = inf
   Increment on distance indicator: 7.0
   Increment on tard indicator:     0.0
   Value of tmax indicator:         7.0

Task for patient = 86 with skills = {0,-1} and cost = 711.7
   Vehicle #0 = 4, leaving at = 1019.0
   Vehicle #1 = -1, leaving at = inf
   Increment on distance indicator: 11.0
   Increment on tard indicator:     0.0
   Value of tmax indicator:         11.0

Task for patient = 34 with skills = {1,-1} and cost = 714.3
   Vehicle #0 = 15, leaving at = 939.0
   Vehicle #1 = -1, leaving at = inf
   Increment on distance indicator: 8.0
   Increment on tard indicator:     0.0
   Value of tmax indicator:         8.0

Task for patient = 198 with skills = {2,3} and cost = 717.0
   Vehicle #0 = 6, leaving at = 885.0
   Vehicle #1 = 38, leaving at = 864.0
   Increment on distance indicator: 8.0
   Increment on tard indicator:     0.0
   Value of tmax indicator:         8.0

Task for patient = 1 with skills = {5,-1} and cost = 721.3
   Vehicle #0 = 32, leaving at = 978.0
   Vehicle #1 = -1, leaving at = inf
   Increment on distance indicator: 13.0
   Increment on tard indicator:     0.0
   Value of tmax indicator:         13.0

Task for patient = 190 with skills = {5,-1} and cost = 722.3
   Vehicle #0 = 35, leaving at = 965.0
   Vehicle #1 = -1, leaving at = inf
   Increment on distance indicator: 3.0
   Increment on tard indicator:     0.0
   Value of tmax indicator:         3.0

Task for patient = 156 with skills = {3,-1} and cost = 723.7
   Vehicle #0 = 37, leaving at = 838.0
   Vehicle #1 = -1, leaving at = inf
   Increment on distance indicator: 4.0
   Increment on tard indicator:     0.0
   Value of tmax indicator:         4.0

Task for patient = 195 with skills = {2,4} and cost = 729.7
   Vehicle #0 = 6, leaving at = 913.0
   Vehicle #1 = 31, leaving at = 929.0
   Increment on distance indicator: 18.0
   Increment on tard indicator:     0.0
   Value of tmax indicator:         18.0

Task for patient = 67 with skills = {0,4} and cost = 735.7
   Vehicle #0 = 0, leaving at = 1080.0
   Vehicle #1 = 28, leaving at = 1049.0
   Increment on distance indicator: 18.0
   Increment on tard indicator:     0.0
   Value of tmax indicator:         18.0

Task for patient = 11 with skills = {4,-1} and cost = 737.3
   Vehicle #0 = 31, leaving at = 1007.0
   Vehicle #1 = -1, leaving at = inf
   Increment on distance indicator: 5.0
   Increment on tard indicator:     0.0
   Value of tmax indicator:         5.0

Task for patient = 128 with skills = {1,4} and cost = 699.0
   Vehicle #0 = 7, leaving at = 1010.0
   Vehicle #1 = 25, leaving at = 1031.0
   Increment on distance indicator: 14.0
   Increment on tard indicator:     0.0
   Value of tmax indicator:         14.0

Task for patient = 120 with skills = {0,-1} and cost = 600.0
   Vehicle #0 = 12, leaving at = 926.0
   Vehicle #1 = -1, leaving at = inf
   Increment on distance indicator: 6.0
   Increment on tard indicator:     0.0
   Value of tmax indicator:         6.0

Task for patient = 81 with skills = {1,5} and cost = 604.3
   Vehicle #0 = 5, leaving at = 880.0
   Vehicle #1 = 23, leaving at = 851.0
   Increment on distance indicator: 13.0
   Increment on tard indicator:     0.0
   Value of tmax indicator:         13.0

Task for patient = 110 with skills = {2,-1} and cost = 609.3
   Vehicle #0 = 9, leaving at = 908.0
   Vehicle #1 = -1, leaving at = inf
   Increment on distance indicator: 15.0
   Increment on tard indicator:     0.0
   Value of tmax indicator:         15.0

Task for patient = 102 with skills = {1,-1} and cost = 611.0
   Vehicle #0 = 5, leaving at = 943.0
   Vehicle #1 = -1, leaving at = inf
   Increment on distance indicator: 5.0
   Increment on tard indicator:     0.0
   Value of tmax indicator:         5.0

Task for patient = 119 with skills = {2,3} and cost = 614.0
   Vehicle #0 = 17, leaving at = 907.0
   Vehicle #1 = 20, leaving at = 904.0
   Increment on distance indicator: 9.0
   Increment on tard indicator:     0.0
   Value of tmax indicator:         9.0

Task for patient = 199 with skills = {2,5} and cost = 616.3
   Vehicle #0 = 1, leaving at = 877.0
   Vehicle #1 = 35, leaving at = 924.0
   Increment on distance indicator: 7.0
   Increment on tard indicator:     0.0
   Value of tmax indicator:         7.0

Task for patient = 158 with skills = {4,-1} and cost = 618.0
   Vehicle #0 = 28, leaving at = 1012.0
   Vehicle #1 = -1, leaving at = inf
   Increment on distance indicator: 5.0
   Increment on tard indicator:     0.0
   Value of tmax indicator:         5.0

Task for patient = 116 with skills = {1,4} and cost = 621.3
   Vehicle #0 = 7, leaving at = 975.0
   Vehicle #1 = 25, leaving at = 956.0
   Increment on distance indicator: 10.0
   Increment on tard indicator:     0.0
   Value of tmax indicator:         10.0

Task for patient = 153 with skills = {4,-1} and cost = 623.3
   Vehicle #0 = 39, leaving at = 992.0
   Vehicle #1 = -1, leaving at = inf
   Increment on distance indicator: 6.0
   Increment on tard indicator:     0.0
   Value of tmax indicator:         6.0

Task for patient = 192 with skills = {3,-1} and cost = 625.7
   Vehicle #0 = 26, leaving at = 888.0
   Vehicle #1 = -1, leaving at = inf
   Increment on distance indicator: 7.0
   Increment on tard indicator:     0.0
   Value of tmax indicator:         7.0

Task for patient = 63 with skills = {1,3} and cost = 629.0
   Vehicle #0 = 14, leaving at = 1016.0
   Vehicle #1 = 34, leaving at = 1011.0
   Increment on distance indicator: 10.0
   Increment on tard indicator:     0.0
   Value of tmax indicator:         10.0

Task for patient = 140 with skills = {4,-1} and cost = 666.0
   Vehicle #0 = 25, leaving at = 992.0
   Vehicle #1 = -1, leaving at = inf
   Increment on distance indicator: 4.0
   Increment on tard indicator:     0.0
   Value of tmax indicator:         4.0

Task for patient = 149 with skills = {1,3} and cost = 636.3
   Vehicle #0 = 17, leaving at = 931.0
   Vehicle #1 = 20, leaving at = 957.0
   Increment on distance indicator: 8.0
   Increment on tard indicator:     0.0
   Value of tmax indicator:         8.0

Task for patient = 166 with skills = {1,-1} and cost = 638.3
   Vehicle #0 = 5, leaving at = 987.0
   Vehicle #1 = -1, leaving at = inf
   Increment on distance indicator: 6.0
   Increment on tard indicator:     0.0
   Value of tmax indicator:         6.0

Task for patient = 7 with skills = {5,-1} and cost = 642.0
   Vehicle #0 = 27, leaving at = 846.0
   Vehicle #1 = -1, leaving at = inf
   Increment on distance indicator: 11.0
   Increment on tard indicator:     0.0
   Value of tmax indicator:         11.0

Task for patient = 151 with skills = {2,5} and cost = 644.3
   Vehicle #0 = 19, leaving at = 902.0
   Vehicle #1 = 23, leaving at = 911.0
   Increment on distance indicator: 7.0
   Increment on tard indicator:     0.0
   Value of tmax indicator:         7.0

Task for patient = 111 with skills = {3,-1} and cost = 647.0
   Vehicle #0 = 26, leaving at = 920.0
   Vehicle #1 = -1, leaving at = inf
   Increment on distance indicator: 8.0
   Increment on tard indicator:     0.0
   Value of tmax indicator:         8.0

Task for patient = 176 with skills = {3,-1} and cost = 648.0
   Vehicle #0 = 20, leaving at = 1002.0
   Vehicle #1 = -1, leaving at = inf
   Increment on distance indicator: 3.0
   Increment on tard indicator:     0.0
   Value of tmax indicator:         3.0

Task for patient = 194 with skills = {5,-1} and cost = 649.3
   Vehicle #0 = 23, leaving at = 947.0
   Vehicle #1 = -1, leaving at = inf
   Increment on distance indicator: 4.0
   Increment on tard indicator:     0.0
   Value of tmax indicator:         4.0

Task for patient = 55 with skills = {4,-1} and cost = 652.0
   Vehicle #0 = 21, leaving at = 939.0
   Vehicle #1 = -1, leaving at = inf
   Increment on distance indicator: 8.0
   Increment on tard indicator:     0.0
   Value of tmax indicator:         8.0

Task for patient = 148 with skills = {3,-1} and cost = 655.0
   Vehicle #0 = 27, leaving at = 898.0
   Vehicle #1 = -1, leaving at = inf
   Increment on distance indicator: 9.0
   Increment on tard indicator:     0.0
   Value of tmax indicator:         9.0

Task for patient = 54 with skills = {4,-1} and cost = 658.0
   Vehicle #0 = 22, leaving at = 978.0
   Vehicle #1 = -1, leaving at = inf
   Increment on distance indicator: 9.0
   Increment on tard indicator:     0.0
   Value of tmax indicator:         9.0

Task for patient = 75 with skills = {0,-1} and cost = 661.3
   Vehicle #0 = 16, leaving at = 1019.0
   Vehicle #1 = -1, leaving at = inf
   Increment on distance indicator: 10.0
   Increment on tard indicator:     0.0
   Value of tmax indicator:         10.0

Task for patient = 38 with skills = {2,3} and cost = 664.7
   Vehicle #0 = 3, leaving at = 932.0
   Vehicle #1 = 27, leaving at = 936.0
   Increment on distance indicator: 10.0
   Increment on tard indicator:     0.0
   Value of tmax indicator:         10.0

Task for patient = 144 with skills = {0,5} and cost = 633.7
   Vehicle #0 = 18, leaving at = 865.0
   Vehicle #1 = 23, leaving at = 878.0
   Increment on distance indicator: 14.0
   Increment on tard indicator:     0.0
   Value of tmax indicator:         14.0

Task for patient = 30 with skills = {4,-1} and cost = 144.3
   Vehicle #0 = 29, leaving at = 538.0
   Vehicle #1 = -1, leaving at = inf
   Increment on distance indicator: 18.0
   Increment on tard indicator:     0.0
   Value of tmax indicator:         18.0

Task for patient = 161 with skills = {2,4} and cost = 162.3
   Vehicle #0 = 9, leaving at = 543.0
   Vehicle #1 = 30, leaving at = 569.0
   Increment on distance indicator: 54.0
   Increment on tard indicator:     0.0
   Value of tmax indicator:         54.0

Task for patient = 19 with skills = {1,-1} and cost = 163.0
   Vehicle #0 = 2, leaving at = 789.0
   Vehicle #1 = -1, leaving at = inf
   Increment on distance indicator: 2.0
   Increment on tard indicator:     0.0
   Value of tmax indicator:         2.0

Task for patient = 80 with skills = {0,-1} and cost = 164.3
   Vehicle #0 = 4, leaving at = 707.0
   Vehicle #1 = -1, leaving at = inf
   Increment on distance indicator: 4.0
   Increment on tard indicator:     0.0
   Value of tmax indicator:         4.0

Task for patient = 31 with skills = {1,5} and cost = 171.0
   Vehicle #0 = 5, leaving at = 626.0
   Vehicle #1 = 23, leaving at = 621.0
   Increment on distance indicator: 20.0
   Increment on tard indicator:     0.0
   Value of tmax indicator:         20.0

Task for patient = 165 with skills = {5,-1} and cost = 173.3
   Vehicle #0 = 20, leaving at = 806.0
   Vehicle #1 = -1, leaving at = inf
   Increment on distance indicator: 7.0
   Increment on tard indicator:     0.0
   Value of tmax indicator:         7.0

Task for patient = 60 with skills = {0,4} and cost = 178.3
   Vehicle #0 = 10, leaving at = 700.0
   Vehicle #1 = 24, leaving at = 717.0
   Increment on distance indicator: 15.0
   Increment on tard indicator:     0.0
   Value of tmax indicator:         15.0

Task for patient = 45 with skills = {3,-1} and cost = 182.3
   Vehicle #0 = 29, leaving at = 603.0
   Vehicle #1 = -1, leaving at = inf
   Increment on distance indicator: 12.0
   Increment on tard indicator:     0.0
   Value of tmax indicator:         12.0

Task for patient = 180 with skills = {5,-1} and cost = 184.7
   Vehicle #0 = 23, leaving at = 687.0
   Vehicle #1 = -1, leaving at = inf
   Increment on distance indicator: 7.0
   Increment on tard indicator:     0.0
   Value of tmax indicator:         7.0

Task for patient = 77 with skills = {4,-1} and cost = 192.3
   Vehicle #0 = 30, leaving at = 641.0
   Vehicle #1 = -1, leaving at = inf
   Increment on distance indicator: 23.0
   Increment on tard indicator:     0.0
   Value of tmax indicator:         23.0

Task for patient = 186 with skills = {1,3} and cost = 199.7
   Vehicle #0 = 13, leaving at = 604.0
   Vehicle #1 = 31, leaving at = 637.0
   Increment on distance indicator: 22.0
   Increment on tard indicator:     0.0
   Value of tmax indicator:         22.0

Task for patient = 168 with skills = {3,-1} and cost = 458.0
   Vehicle #0 = 34, leaving at = 796.0
   Vehicle #1 = -1, leaving at = inf
   Increment on distance indicator: 8.0
   Increment on tard indicator:     0.0
   Value of tmax indicator:         8.0

Task for patient = 189 with skills = {0,5} and cost = 221.7
   Vehicle #0 = 12, leaving at = 511.0
   Vehicle #1 = 32, leaving at = 539.0
   Increment on distance indicator: 46.0
   Increment on tard indicator:     0.0
   Value of tmax indicator:         46.0

Task for patient = 50 with skills = {2,-1} and cost = 224.0
   Vehicle #0 = 1, leaving at = 728.0
   Vehicle #1 = -1, leaving at = inf
   Increment on distance indicator: 7.0
   Increment on tard indicator:     0.0
   Value of tmax indicator:         7.0

Task for patient = 141 with skills = {1,-1} and cost = 228.0
   Vehicle #0 = 9, leaving at = 590.0
   Vehicle #1 = -1, leaving at = inf
   Increment on distance indicator: 12.0
   Increment on tard indicator:     0.0
   Value of tmax indicator:         12.0

Task for patient = 62 with skills = {2,5} and cost = 239.0
   Vehicle #0 = 11, leaving at = 643.0
   Vehicle #1 = 25, leaving at = 645.0
   Increment on distance indicator: 33.0
   Increment on tard indicator:     0.0
   Value of tmax indicator:         33.0

Task for patient = 91 with skills = {0,4} and cost = 247.7
   Vehicle #0 = 14, leaving at = 536.0
   Vehicle #1 = 34, leaving at = 555.0
   Increment on distance indicator: 26.0
   Increment on tard indicator:     0.0
   Value of tmax indicator:         26.0

Task for patient = 42 with skills = {1,4} and cost = 252.3
   Vehicle #0 = 8, leaving at = 690.0
   Vehicle #1 = 29, leaving at = 696.0
   Increment on distance indicator: 14.0
   Increment on tard indicator:     0.0
   Value of tmax indicator:         14.0

Task for patient = 72 with skills = {2,-1} and cost = 255.7
   Vehicle #0 = 9, leaving at = 624.0
   Vehicle #1 = -1, leaving at = inf
   Increment on distance indicator: 10.0
   Increment on tard indicator:     0.0
   Value of tmax indicator:         10.0

Task for patient = 138 with skills = {0,-1} and cost = 258.0
   Vehicle #0 = 0, leaving at = 636.0
   Vehicle #1 = -1, leaving at = inf
   Increment on distance indicator: 7.0
   Increment on tard indicator:     0.0
   Value of tmax indicator:         7.0

Task for patient = 183 with skills = {3,-1} and cost = 260.7
   Vehicle #0 = 25, leaving at = 682.0
   Vehicle #1 = -1, leaving at = inf
   Increment on distance indicator: 8.0
   Increment on tard indicator:     0.0
   Value of tmax indicator:         8.0

Task for patient = 200 with skills = {4,-1} and cost = 262.0
   Vehicle #0 = 28, leaving at = 682.0
   Vehicle #1 = -1, leaving at = inf
   Increment on distance indicator: 4.0
   Increment on tard indicator:     0.0
   Value of tmax indicator:         4.0

Task for patient = 127 with skills = {5,-1} and cost = 264.3
   Vehicle #0 = 23, leaving at = 723.0
   Vehicle #1 = -1, leaving at = inf
   Increment on distance indicator: 7.0
   Increment on tard indicator:     0.0
   Value of tmax indicator:         7.0

Task for patient = 122 with skills = {2,-1} and cost = 266.7
   Vehicle #0 = 3, leaving at = 648.0
   Vehicle #1 = -1, leaving at = inf
   Increment on distance indicator: 7.0
   Increment on tard indicator:     0.0
   Value of tmax indicator:         7.0

Task for patient = 134 with skills = {0,4} and cost = 206.3
   Vehicle #0 = 8, leaving at = 632.0
   Vehicle #1 = 29, leaving at = 644.0
   Increment on distance indicator: 20.0
   Increment on tard indicator:     0.0
   Value of tmax indicator:         20.0

Task for patient = 48 with skills = {4,-1} and cost = 10.0
   Vehicle #0 = 21, leaving at = 531.0
   Vehicle #1 = -1, leaving at = inf
   Increment on distance indicator: 30.0
   Increment on tard indicator:     0.0
   Value of tmax indicator:         30.0

Task for patient = 29 with skills = {0,4} and cost = 23.3
   Vehicle #0 = 0, leaving at = 596.0
   Vehicle #1 = 21, leaving at = 597.0
   Increment on distance indicator: 40.0
   Increment on tard indicator:     0.0
   Value of tmax indicator:         40.0

Task for patient = 115 with skills = {3,-1} and cost = 27.0
   Vehicle #0 = 20, leaving at = 589.0
   Vehicle #1 = -1, leaving at = inf
   Increment on distance indicator: 11.0
   Increment on tard indicator:     0.0
   Value of tmax indicator:         11.0

Task for patient = 32 with skills = {4,-1} and cost = 34.3
   Vehicle #0 = 22, leaving at = 597.0
   Vehicle #1 = -1, leaving at = inf
   Increment on distance indicator: 22.0
   Increment on tard indicator:     0.0
   Value of tmax indicator:         22.0

Task for patient = 112 with skills = {4,-1} and cost = 35.7
   Vehicle #0 = 24, leaving at = 674.0
   Vehicle #1 = -1, leaving at = inf
   Increment on distance indicator: 4.0
   Increment on tard indicator:     0.0
   Value of tmax indicator:         4.0

Task for patient = 187 with skills = {2,-1} and cost = 42.7
   Vehicle #0 = 1, leaving at = 579.0
   Vehicle #1 = -1, leaving at = inf
   Increment on distance indicator: 21.0
   Increment on tard indicator:     0.0
   Value of tmax indicator:         21.0

Task for patient = 9 with skills = {0,-1} and cost = 51.3
   Vehicle #0 = 4, leaving at = 634.0
   Vehicle #1 = -1, leaving at = inf
   Increment on distance indicator: 26.0
   Increment on tard indicator:     0.0
   Value of tmax indicator:         26.0

Task for patient = 8 with skills = {0,3} and cost = 57.3
   Vehicle #0 = 7, leaving at = 679.0
   Vehicle #1 = 20, leaving at = 684.0
   Increment on distance indicator: 18.0
   Increment on tard indicator:     0.0
   Value of tmax indicator:         18.0

Task for patient = 13 with skills = {2,5} and cost = 64.7
   Vehicle #0 = 1, leaving at = 666.0
   Vehicle #1 = 21, leaving at = 668.0
   Increment on distance indicator: 22.0
   Increment on tard indicator:     0.0
   Value of tmax indicator:         22.0

Task for patient = 125 with skills = {1,3} and cost = 68.7
   Vehicle #0 = 4, leaving at = 662.0
   Vehicle #1 = 22, leaving at = 671.0
   Increment on distance indicator: 12.0
   Increment on tard indicator:     0.0
   Value of tmax indicator:         12.0

Task for patient = 43 with skills = {5,-1} and cost = 71.7
   Vehicle #0 = 20, leaving at = 753.0
   Vehicle #1 = -1, leaving at = inf
   Increment on distance indicator: 9.0
   Increment on tard indicator:     0.0
   Value of tmax indicator:         9.0

Task for patient = 117 with skills = {2,-1} and cost = 138.3
   Vehicle #0 = 6, leaving at = 616.0
   Vehicle #1 = -1, leaving at = inf
   Increment on distance indicator: 11.0
   Increment on tard indicator:     0.0
   Value of tmax indicator:         11.0

Task for patient = 83 with skills = {3,-1} and cost = 89.7
   Vehicle #0 = 25, leaving at = 578.0
   Vehicle #1 = -1, leaving at = inf
   Increment on distance indicator: 26.0
   Increment on tard indicator:     0.0
   Value of tmax indicator:         26.0

Task for patient = 21 with skills = {5,-1} and cost = 90.7
   Vehicle #0 = 22, leaving at = 719.0
   Vehicle #1 = -1, leaving at = inf
   Increment on distance indicator: 3.0
   Increment on tard indicator:     0.0
   Value of tmax indicator:         3.0

Task for patient = 25 with skills = {4,-1} and cost = 93.0
   Vehicle #0 = 25, leaving at = 622.0
   Vehicle #1 = -1, leaving at = inf
   Increment on distance indicator: 7.0
   Increment on tard indicator:     0.0
   Value of tmax indicator:         7.0

Task for patient = 184 with skills = {3,-1} and cost = 94.7
   Vehicle #0 = 26, leaving at = 672.0
   Vehicle #1 = -1, leaving at = inf
   Increment on distance indicator: 5.0
   Increment on tard indicator:     0.0
   Value of tmax indicator:         5.0

Task for patient = 78 with skills = {1,-1} and cost = 97.7
   Vehicle #0 = 7, leaving at = 712.0
   Vehicle #1 = -1, leaving at = inf
   Increment on distance indicator: 9.0
   Increment on tard indicator:     0.0
   Value of tmax indicator:         9.0

Task for patient = 95 with skills = {2,-1} and cost = 105.0
   Vehicle #0 = 3, leaving at = 560.0
   Vehicle #1 = -1, leaving at = inf
   Increment on distance indicator: 22.0
   Increment on tard indicator:     0.0
   Value of tmax indicator:         22.0

Task for patient = 24 with skills = {1,3} and cost = 112.3
   Vehicle #0 = 2, leaving at = 544.0
   Vehicle #1 = 27, leaving at = 550.0
   Increment on distance indicator: 22.0
   Increment on tard indicator:     0.0
   Value of tmax indicator:         22.0

Task for patient = 121 with skills = {5,-1} and cost = 119.3
   Vehicle #0 = 27, leaving at = 591.0
   Vehicle #1 = -1, leaving at = inf
   Increment on distance indicator: 21.0
   Increment on tard indicator:     0.0
   Value of tmax indicator:         21.0

Task for patient = 126 with skills = {1,-1} and cost = 121.7
   Vehicle #0 = 7, leaving at = 745.0
   Vehicle #1 = -1, leaving at = inf
   Increment on distance indicator: 7.0
   Increment on tard indicator:     0.0
   Value of tmax indicator:         7.0

Task for patient = 20 with skills = {3,-1} and cost = 123.7
   Vehicle #0 = 27, leaving at = 648.0
   Vehicle #1 = -1, leaving at = inf
   Increment on distance indicator: 6.0
   Increment on tard indicator:     0.0
   Value of tmax indicator:         6.0

Task for patient = 160 with skills = {3,-1} and cost = 125.3
   Vehicle #0 = 21, leaving at = 689.0
   Vehicle #1 = -1, leaving at = inf
   Increment on distance indicator: 5.0
   Increment on tard indicator:     0.0
   Value of tmax indicator:         5.0

Task for patient = 47 with skills = {2,4} and cost = 134.7
   Vehicle #0 = 3, leaving at = 625.0
   Vehicle #1 = 28, leaving at = 647.0
   Increment on distance indicator: 28.0
   Increment on tard indicator:     0.0
   Value of tmax indicator:         28.0

Task for patient = 196 with skills = {0,-1} and cost = 81.0
   Vehicle #0 = 8, leaving at = 524.0
   Vehicle #1 = -1, leaving at = inf
   Increment on distance indicator: 28.0
   Increment on tard indicator:     0.0
   Value of tmax indicator:         28.0

Task for patient = 185 with skills = {3,-1} and cost = 362.7
   Vehicle #0 = 26, leaving at = 724.0
   Vehicle #1 = -1, leaving at = inf
   Increment on distance indicator: 9.0
   Increment on tard indicator:     0.0
   Value of tmax indicator:         9.0

Task for patient = 53 with skills = {5,-1} and cost = 365.3
   Vehicle #0 = 39, leaving at = 723.0
   Vehicle #1 = -1, leaving at = inf
   Increment on distance indicator: 8.0
   Increment on tard indicator:     0.0
   Value of tmax indicator:         8.0

Task for patient = 69 with skills = {4,-1} and cost = 369.7
   Vehicle #0 = 28, leaving at = 728.0
   Vehicle #1 = -1, leaving at = inf
   Increment on distance indicator: 13.0
   Increment on tard indicator:     0.0
   Value of tmax indicator:         13.0

Task for patient = 188 with skills = {0,-1} and cost = 374.3
   Vehicle #0 = 9, leaving at = 655.0
   Vehicle #1 = -1, leaving at = inf
   Increment on distance indicator: 14.0
   Increment on tard indicator:     0.0
   Value of tmax indicator:         14.0

Task for patient = 177 with skills = {0,3} and cost = 378.7
   Vehicle #0 = 16, leaving at = 822.0
   Vehicle #1 = 25, leaving at = 813.0
   Increment on distance indicator: 13.0
   Increment on tard indicator:     0.0
   Value of tmax indicator:         13.0

Task for patient = 28 with skills = {1,4} and cost = 389.0
   Vehicle #0 = 15, leaving at = 743.0
   Vehicle #1 = 34, leaving at = 741.0
   Increment on distance indicator: 21.0
   Increment on tard indicator:     0.0
   Value of tmax indicator:         21.0

Task for patient = 101 with skills = {2,3} and cost = 391.7
   Vehicle #0 = 3, leaving at = 781.0
   Vehicle #1 = 26, leaving at = 783.0
   Increment on distance indicator: 8.0
   Increment on tard indicator:     0.0
   Value of tmax indicator:         8.0

Task for patient = 76 with skills = {1,3} and cost = 398.3
   Vehicle #0 = 14, leaving at = 755.0
   Vehicle #1 = 35, leaving at = 748.0
   Increment on distance indicator: 20.0
   Increment on tard indicator:     0.0
   Value of tmax indicator:         20.0

Task for patient = 146 with skills = {1,3} and cost = 404.3
   Vehicle #0 = 0, leaving at = 898.0
   Vehicle #1 = 21, leaving at = 881.0
   Increment on distance indicator: 18.0
   Increment on tard indicator:     0.0
   Value of tmax indicator:         18.0

Task for patient = 124 with skills = {5,-1} and cost = 407.7
   Vehicle #0 = 22, leaving at = 818.0
   Vehicle #1 = -1, leaving at = inf
   Increment on distance indicator: 10.0
   Increment on tard indicator:     0.0
   Value of tmax indicator:         10.0

Task for patient = 73 with skills = {4,-1} and cost = 409.0
   Vehicle #0 = 35, leaving at = 878.0
   Vehicle #1 = -1, leaving at = inf
   Increment on distance indicator: 4.0
   Increment on tard indicator:     0.0
   Value of tmax indicator:         4.0

Task for patient = 109 with skills = {3,-1} and cost = 267.7
   Vehicle #0 = 34, leaving at = 669.0
   Vehicle #1 = -1, leaving at = inf
   Increment on distance indicator: 3.0
   Increment on tard indicator:     0.0
   Value of tmax indicator:         3.0

Task for patient = 99 with skills = {1,-1} and cost = 420.0
   Vehicle #0 = 9, leaving at = 716.0
   Vehicle #1 = -1, leaving at = inf
   Increment on distance indicator: 27.0
   Increment on tard indicator:     0.0
   Value of tmax indicator:         27.0

Task for patient = 90 with skills = {1,-1} and cost = 421.7
   Vehicle #0 = 15, leaving at = 800.0
   Vehicle #1 = -1, leaving at = inf
   Increment on distance indicator: 5.0
   Increment on tard indicator:     0.0
   Value of tmax indicator:         5.0

Task for patient = 61 with skills = {4,-1} and cost = 425.7
   Vehicle #0 = 31, leaving at = 741.0
   Vehicle #1 = -1, leaving at = inf
   Increment on distance indicator: 12.0
   Increment on tard indicator:     0.0
   Value of tmax indicator:         12.0

Task for patient = 118 with skills = {4,-1} and cost = 429.0
   Vehicle #0 = 28, leaving at = 775.0
   Vehicle #1 = -1, leaving at = inf
   Increment on distance indicator: 10.0
   Increment on tard indicator:     0.0
   Value of tmax indicator:         10.0

Task for patient = 23 with skills = {0,-1} and cost = 433.7
   Vehicle #0 = 16, leaving at = 885.0
   Vehicle #1 = -1, leaving at = inf
   Increment on distance indicator: 14.0
   Increment on tard indicator:     0.0
   Value of tmax indicator:         14.0

Task for patient = 96 with skills = {2,-1} and cost = 436.0
   Vehicle #0 = 11, leaving at = 752.0
   Vehicle #1 = -1, leaving at = inf
   Increment on distance indicator: 7.0
   Increment on tard indicator:     0.0
   Value of tmax indicator:         7.0

Task for patient = 85 with skills = {2,-1} and cost = 438.0
   Vehicle #0 = 10, leaving at = 758.0
   Vehicle #1 = -1, leaving at = inf
   Increment on distance indicator: 6.0
   Increment on tard indicator:     0.0
   Value of tmax indicator:         6.0

Task for patient = 175 with skills = {1,-1} and cost = 440.3
   Vehicle #0 = 7, leaving at = 833.0
   Vehicle #1 = -1, leaving at = inf
   Increment on distance indicator: 7.0
   Increment on tard indicator:     0.0
   Value of tmax indicator:         7.0

Task for patient = 167 with skills = {0,4} and cost = 444.0
   Vehicle #0 = 10, leaving at = 816.0
   Vehicle #1 = 24, leaving at = 804.0
   Increment on distance indicator: 11.0
   Increment on tard indicator:     0.0
   Value of tmax indicator:         11.0

Task for patient = 4 with skills = {0,4} and cost = 451.0
   Vehicle #0 = 12, leaving at = 835.0
   Vehicle #1 = 28, leaving at = 828.0
   Increment on distance indicator: 21.0
   Increment on tard indicator:     0.0
   Value of tmax indicator:         21.0

Task for patient = 147 with skills = {0,-1} and cost = 455.3
   Vehicle #0 = 14, leaving at = 803.0
   Vehicle #1 = -1, leaving at = inf
   Increment on distance indicator: 13.0
   Increment on tard indicator:     0.0
   Value of tmax indicator:         13.0

Task for patient = 59 with skills = {4,-1} and cost = 740.3
   Vehicle #0 = 35, leaving at = 1032.0
   Vehicle #1 = -1, leaving at = inf
   Increment on distance indicator: 9.0
   Increment on tard indicator:     0.0
   Value of tmax indicator:         9.0

Task for patient = 44 with skills = {5,-1} and cost = 411.0
   Vehicle #0 = 25, leaving at = 848.0
   Vehicle #1 = -1, leaving at = inf
   Increment on distance indicator: 6.0
   Increment on tard indicator:     0.0
   Value of tmax indicator:         6.0

Task for patient = 15 with skills = {5,-1} and cost = 270.7
   Vehicle #0 = 33, leaving at = 571.0
   Vehicle #1 = -1, leaving at = inf
   Increment on distance indicator: 9.0
   Increment on tard indicator:     0.0
   Value of tmax indicator:         9.0

Task for patient = 98 with skills = {4,-1} and cost = 271.3
   Vehicle #0 = 31, leaving at = 673.0
   Vehicle #1 = -1, leaving at = inf
   Increment on distance indicator: 2.0
   Increment on tard indicator:     0.0
   Value of tmax indicator:         2.0

Task for patient = 137 with skills = {2,-1} and cost = 272.0
   Vehicle #0 = 14, leaving at = 590.0
   Vehicle #1 = -1, leaving at = inf
   Increment on distance indicator: 2.0
   Increment on tard indicator:     0.0
   Value of tmax indicator:         2.0

Task for patient = 157 with skills = {2,3} and cost = 274.7
   Vehicle #0 = 1, leaving at = 781.0
   Vehicle #1 = 25, leaving at = 781.0
   Increment on distance indicator: 8.0
   Increment on tard indicator:     0.0
   Value of tmax indicator:         8.0

Task for patient = 18 with skills = {1,-1} and cost = 278.3
   Vehicle #0 = 0, leaving at = 690.0
   Vehicle #1 = -1, leaving at = inf
   Increment on distance indicator: 11.0
   Increment on tard indicator:     0.0
   Value of tmax indicator:         11.0

Task for patient = 139 with skills = {0,4} and cost = 293.7
   Vehicle #0 = 12, leaving at = 541.0
   Vehicle #1 = 35, leaving at = 545.0
   Increment on distance indicator: 46.0
   Increment on tard indicator:     0.0
   Value of tmax indicator:         46.0

Task for patient = 172 with skills = {5,-1} and cost = 298.0
   Vehicle #0 = 32, leaving at = 591.0
   Vehicle #1 = -1, leaving at = inf
   Increment on distance indicator: 13.0
   Increment on tard indicator:     0.0
   Value of tmax indicator:         13.0

Task for patient = 64 with skills = {5,-1} and cost = 299.0
   Vehicle #0 = 35, leaving at = 567.0
   Vehicle #1 = -1, leaving at = inf
   Increment on distance indicator: 3.0
   Increment on tard indicator:     0.0
   Value of tmax indicator:         3.0

Task for patient = 163 with skills = {4,-1} and cost = 302.0
   Vehicle #0 = 29, leaving at = 745.0
   Vehicle #1 = -1, leaving at = inf
   Increment on distance indicator: 9.0
   Increment on tard indicator:     0.0
   Value of tmax indicator:         9.0

Task for patient = 97 with skills = {5,-1} and cost = 304.7
   Vehicle #0 = 33, leaving at = 623.0
   Vehicle #1 = -1, leaving at = inf
   Increment on distance indicator: 8.0
   Increment on tard indicator:     0.0
   Value of tmax indicator:         8.0

Task for patient = 133 with skills = {0,4} and cost = 314.3
   Vehicle #0 = 4, leaving at = 764.0
   Vehicle #1 = 22, leaving at = 762.0
   Increment on distance indicator: 29.0
   Increment on tard indicator:     0.0
   Value of tmax indicator:         29.0

Task for patient = 197 with skills = {0,-1} and cost = 359.7
   Vehicle #0 = 12, leaving at = 601.0
   Vehicle #1 = -1, leaving at = inf
   Increment on distance indicator: 5.0
   Increment on tard indicator:     0.0
   Value of tmax indicator:         5.0

Task for patient = 108 with skills = {2,5} and cost = 324.7
   Vehicle #0 = 14, leaving at = 651.0
   Vehicle #1 = 35, leaving at = 641.0
   Increment on distance indicator: 26.0
   Increment on tard indicator:     0.0
   Value of tmax indicator:         26.0

Task for patient = 2 with skills = {5,-1} and cost = 326.0
   Vehicle #0 = 39, leaving at = 683.0
   Vehicle #1 = -1, leaving at = inf
   Increment on distance indicator: 4.0
   Increment on tard indicator:     0.0
   Value of tmax indicator:         4.0

Task for patient = 57 with skills = {2,5} and cost = 329.7
   Vehicle #0 = 11, leaving at = 697.0
   Vehicle #1 = 32, leaving at = 706.0
   Increment on distance indicator: 11.0
   Increment on tard indicator:     0.0
   Value of tmax indicator:         11.0

Task for patient = 41 with skills = {5,-1} and cost = 331.3
   Vehicle #0 = 21, leaving at = 742.0
   Vehicle #1 = -1, leaving at = inf
   Increment on distance indicator: 5.0
   Increment on tard indicator:     0.0
   Value of tmax indicator:         5.0

Task for patient = 105 with skills = {4,-1} and cost = 333.0
   Vehicle #0 = 24, leaving at = 763.0
   Vehicle #1 = -1, leaving at = inf
   Increment on distance indicator: 5.0
   Increment on tard indicator:     0.0
   Value of tmax indicator:         5.0

Task for patient = 17 with skills = {4,-1} and cost = 337.7
   Vehicle #0 = 35, leaving at = 713.0
   Vehicle #1 = -1, leaving at = inf
   Increment on distance indicator: 14.0
   Increment on tard indicator:     0.0
   Value of tmax indicator:         14.0

Task for patient = 33 with skills = {1,5} and cost = 340.3
   Vehicle #0 = 0, leaving at = 773.0
   Vehicle #1 = 21, leaving at = 771.0
   Increment on distance indicator: 8.0
   Increment on tard indicator:     0.0
   Value of tmax indicator:         8.0

Task for patient = 100 with skills = {2,-1} and cost = 348.0
   Vehicle #0 = 16, leaving at = 550.0
   Vehicle #1 = -1, leaving at = inf
   Increment on distance indicator: 23.0
   Increment on tard indicator:     0.0
   Value of tmax indicator:         23.0

Task for patient = 162 with skills = {2,5} and cost = 350.3
   Vehicle #0 = 16, leaving at = 708.0
   Vehicle #1 = 32, leaving at = 744.0
   Increment on distance indicator: 7.0
   Increment on tard indicator:     0.0
   Value of tmax indicator:         7.0

Task for patient = 103 with skills = {1,-1} and cost = 353.3
   Vehicle #0 = 8, leaving at = 714.0
   Vehicle #1 = -1, leaving at = inf
   Increment on distance indicator: 9.0
   Increment on tard indicator:     0.0
   Value of tmax indicator:         9.0

Task for patient = 159 with skills = {1,-1} and cost = 354.7
   Vehicle #0 = 5, leaving at = 763.0
   Vehicle #1 = -1, leaving at = inf
   Increment on distance indicator: 4.0
   Increment on tard indicator:     0.0
   Value of tmax indicator:         4.0

Task for patient = 123 with skills = {4,-1} and cost = 358.0
   Vehicle #0 = 34, leaving at = 718.0
   Vehicle #1 = -1, leaving at = inf
   Increment on distance indicator: 10.0
   Increment on tard indicator:     0.0
   Value of tmax indicator:         10.0

Task for patient = 106 with skills = {4,-1} and cost = 316.0
   Vehicle #0 = 29, leaving at = 771.0
   Vehicle #1 = -1, leaving at = inf
   Increment on distance indicator: 5.0
   Increment on tard indicator:     0.0
   Value of tmax indicator:         5.0


Unused vehicle list: (total = 0 out of 40)

---
Search finished.
Total of 448 generations in 7.7 seconds.
Exchange elite runs: 0
Implicit path relinking runs: 4
Reset attempts: 0

Best solution found:
   Cost: 983.0
   Total travel time: 2947.0
   Total tardiness time: 1.0
   Largest tardiness: 1.0


983.0
