--- BRKGA-MP-IPR for HHCRSP ---
Instance: new-instances/HHCRSP_200_40_37_1.0_C_C.txt
Seed: 1

Reading data... Problem contains 200 patients  and 40 caregivers.

Summary of supply x demand for each service type:
Skill 0 has supply = 13 and demand = 38, ratio = 0.342105
Skill 1 has supply = 10 and demand = 47, ratio = 0.212766
Skill 2 has supply = 14 and demand = 50, ratio = 0.28
Skill 3 has supply = 12 and demand = 48, ratio = 0.25
Skill 4 has supply = 11 and demand = 38, ratio = 0.289474
Skill 5 has supply = 11 and demand = 39, ratio = 0.282051

Reading parameters...
Inferred distance function by PR type: kendall-tau
Building BRKGA data and initializing...
Evolving 448 generations...

  Gens  Rem    Local   ElDiv NoImpr             Best solution            Time  Op
                                       Cost     Dist    Tard    TMax 
*    0  448  4695.67  520.82      0  4695.67  4617.00  9021.0   449.0     0.0    
*    7  441  4369.00  274.09      0  4369.00  4281.00  8310.0   343.0     0.1    
*    8  440  4311.33  269.41      0  4311.33  4493.00  6982.0   369.0     0.2    
*    9  439  3948.00  229.34      0  3948.00  4493.00  6982.0   369.0     0.2    
*   11  437  3733.00  195.03      0  3733.00  4456.00  6448.0   295.0     0.2    
*   13  435  3081.67  210.29      0  3081.67  4469.00  4441.0   335.0     0.2    
*   17  431  2698.67  206.49      0  2698.67  4231.00  3490.0   323.0     0.3    
*   18  430  2681.33  180.76      0  2681.33  4231.00  3490.0   323.0     0.3    
*   22  426  2544.00  145.36      0  2544.00  4027.00  3168.0   200.0     0.4    
*   23  425  2465.00  136.58      0  2465.00  4246.00  2723.0   248.0     0.4    
*   24  424  2405.67  136.61      0  2405.67  3937.00  2544.0   268.0     0.4    
*   25  423  2249.67  130.72      0  2249.67  4392.00  1636.0   278.0     0.4    
*   26  422  2102.00  122.34      0  2102.00  4392.00  1636.0   278.0     0.4    
*   28  420  2031.67  106.73      0  2031.67  4183.00  1650.0   262.0     0.5    
*   30  418  2018.67   96.50      0  2018.67  4043.00  1441.0   240.0     0.5    

  Gens  Rem    Local   ElDiv NoImpr             Best solution            Time  Op
                                       Cost     Dist    Tard    TMax 
*   31  417  1908.00  128.27      0  1908.00  4312.00   564.0   138.0     0.5    
*   32  416  1671.33  120.49      0  1671.33  4312.00   564.0   138.0     0.5    
*   35  413  1630.67  102.78      0  1630.67  3970.00   810.0   112.0     0.6    
*   37  411  1535.33   95.90      0  1535.33  3974.00   540.0    92.0     0.6    
*   42  406  1438.67   60.54      0  1438.67  3897.00   253.0    44.0     0.7    
*   43  405  1398.00   61.43      0  1398.00  3897.00   253.0    44.0     0.7    
*   48  400  1383.00   43.88      0  1383.00  3904.00   188.0    57.0     0.8    
    50  398  1383.00   36.71      2  1383.00  3904.00   188.0    57.0     0.8    
*   51  397  1378.00   35.63      0  1378.00  3625.00   248.0    54.0     0.8    
*   52  396  1309.00   32.83      0  1309.00  3625.00   248.0    54.0     0.8    
*   59  389  1302.33   27.01      0  1302.33  3726.00    95.0    20.0     1.0    
*   60  388  1280.33   24.59      0  1280.33  3726.00    95.0    20.0     1.0    
*   62  386  1268.00   22.70      0  1268.00  3708.00    79.0    17.0     1.0    
*   67  381  1267.00   18.56      0  1267.00  3750.00    36.0    15.0     1.1    
*   69  379  1265.67   17.98      0  1265.67  3636.00   112.0    49.0     1.1    
*   71  377  1225.67   21.14      0  1225.67  3609.00    53.0    15.0     1.2    

  Gens  Rem    Local   ElDiv NoImpr             Best solution            Time  Op
                                       Cost     Dist    Tard    TMax 
*   74  374  1223.00   21.54      0  1223.00  3592.00    64.0    13.0     1.2    
*   82  366  1196.33   18.89      0  1196.33  3572.00    13.0     4.0     1.3    
*   92  356  1194.00   14.96      0  1194.00  3515.00    22.0     4.0     1.5    
*   93  355  1180.33   14.01      0  1180.33  3515.00    22.0     4.0     1.5    
Path relinking result: too homogeneous.
    96  352  1180.33   13.29      4  1180.33  3515.00    22.0     4.0     1.5   P
   100  348  1180.33   11.35      7  1180.33  3515.00    22.0     4.0     1.6    
*  103  345  1169.00   11.42      0  1169.00  3457.00    32.0     8.0     1.6    
*  104  344  1165.67   12.24      0  1165.67  3425.00    13.0     7.0     1.6    
*  105  343  1148.33   12.43      0  1148.33  3425.00    13.0     7.0     1.6    
*  113  335  1147.67   11.01      0  1147.67  3385.00    25.0     9.0     1.8    
*  114  334  1139.67   10.73      0  1139.67  3385.00    25.0     9.0     1.8    
*  118  330  1130.33   10.34      0  1130.33  3349.00    30.0    12.0     1.9    
*  128  320  1119.33    7.89      0  1119.33  3358.00     0.0     0.0     2.0    
*  132  316  1110.33    9.59      0  1110.33  3295.00    26.0    10.0     2.1    
*  140  308  1107.00   10.41      0  1107.00  3310.00     0.0     0.0     2.2    
*  141  307  1103.33   10.63      0  1103.33  3310.00     0.0     0.0     2.2    

  Gens  Rem    Local   ElDiv NoImpr             Best solution            Time  Op
                                       Cost     Dist    Tard    TMax 
*  148  300  1099.00    7.90      0  1099.00  3212.00    52.0    16.0     2.3    
*  149  299  1093.33    8.04      0  1093.33  3214.00    20.0     7.0     2.4    
*  150  298  1080.33    9.27      0  1080.33  3201.00    19.0     7.0     2.4    
*  151  297  1075.67    9.20      0  1075.67  3201.00    19.0     7.0     2.4    
*  154  294  1065.67    9.44      0  1065.67  3140.00    46.0    11.0     2.5    
*  162  286  1056.00    9.81      0  1056.00  3138.00    19.0    11.0     2.6    
*  165  283  1028.67   10.69      0  1028.67  3072.00     9.0     5.0     2.6    
*  174  274  1021.67    7.98      0  1021.67  3051.00     9.0     5.0     2.8    
*  181  267  1018.67    6.39      0  1018.67  3042.00     9.0     5.0     2.9    
*  187  261  1015.33    4.26      0  1015.33  3025.00    15.0     6.0     3.0    
*  189  259  1011.00    3.00      0  1011.00  3020.00     8.0     5.0     3.0    
*  191  257  1008.33    2.98      0  1008.33  3006.00    14.0     5.0     3.0    
Path relinking result: too homogeneous.
   192  256  1006.67    2.96      0  1008.33  3006.00    14.0     5.0     3.1   P
*  193  255  1006.67    2.66      0  1006.67  3001.00    14.0     5.0     3.1    
*  195  253  1005.33    2.67      0  1005.33  2993.00    14.0     5.0     3.1    
*  196  252  1004.00    2.40      0  1004.00  2993.00    14.0     5.0     3.1    

  Gens  Rem    Local   ElDiv NoImpr             Best solution            Time  Op
                                       Cost     Dist    Tard    TMax 
*  199  249  1003.67    2.98      0  1003.67  2951.00     9.0     5.0     3.2    
*  200  248   988.33    2.92      0   988.33  2951.00     9.0     5.0     3.2    
*  219  229   986.00    0.70      0   986.00  2944.00     9.0     5.0     3.5    
*  223  225   984.67    0.83      0   984.67  2940.00     9.0     5.0     3.6    
*  227  221   984.33    1.13      0   984.33  2939.00     9.0     5.0     3.6    
*  232  216   982.33    0.70      0   982.33  2930.00    12.0     5.0     3.7    
*  236  212   981.67    0.88      0   981.67  2931.00     9.0     5.0     3.8    
*  241  207   981.33    0.04      0   981.33  2930.00     9.0     5.0     3.8    
*  244  204   981.00    0.13      0   981.00  2929.00     9.0     5.0     3.9    
   250  198   981.00    0.09      6   981.00  2929.00     9.0     5.0     4.0    
*  251  197   980.33    0.09      0   980.33  2927.00     9.0     5.0     4.0    
*  258  190   980.00    0.26      0   980.00  2925.00     9.0     5.0     4.1    
*  259  189   979.67    0.22      0   979.67  2925.00     9.0     5.0     4.1    
*  266  182   979.33    0.11      0   979.33  2924.00     9.0     5.0     4.2    
*  270  178   979.00    0.32      0   979.00  2923.00     9.0     5.0     4.3    
*  274  174   978.33    0.30      0   978.33  2920.00     9.0     5.0     4.4    

  Gens  Rem    Local   ElDiv NoImpr             Best solution            Time  Op
                                       Cost     Dist    Tard    TMax 
*  275  173   978.00    0.35      0   978.00  2920.00     9.0     5.0     4.4    
Path relinking result: too homogeneous.
   288  160   978.00    0.00     14   978.00  2920.00     9.0     5.0     4.6   P
*  290  158   977.00    0.21      0   977.00  2918.00     8.0     5.0     4.6    
*  297  151   976.67    0.04      0   976.67  2917.00     8.0     5.0     4.7    
*  299  149   976.33    0.23      0   976.33  2916.00     8.0     5.0     4.7    
   300  148   976.33    0.31      1   976.33  2916.00     8.0     5.0     4.8    
*  304  144   974.00    0.40      0   974.00  2909.00     8.0     5.0     4.8    
*  334  114   973.33    0.16      0   973.33  2907.00     8.0     5.0     5.3    
*  340  108   972.67    0.08      0   972.67  2905.00     8.0     5.0     5.4    
   350   98   972.67    0.00     10   972.67  2905.00     8.0     5.0     5.6    
*  352   96   971.00    0.29      0   971.00  2900.00     8.0     5.0     5.6    
*  359   89   970.00    0.55      0   970.00  2897.00     8.0     5.0     5.7    
*  378   70   969.67    0.06      0   969.67  2896.00     8.0     5.0     6.0    
Path relinking result: too homogeneous.
   384   64   969.67    0.00      7   969.67  2896.00     8.0     5.0     6.1   P
   400   48   969.67    0.00     22   969.67  2896.00     8.0     5.0     6.4    
*  438   10   968.67    0.12      0   968.67  2893.00     8.0     5.0     7.1    

  Gens  Rem    Local   ElDiv NoImpr             Best solution            Time  Op
                                       Cost     Dist    Tard    TMax 
*  440    8   968.33    0.45      0   968.33  2892.00     8.0     5.0     7.1    
*  444    4   967.33    0.34      0   967.33  2889.00     8.0     5.0     7.2    
   448    0   967.33    0.00      4   967.33  2889.00     8.0     5.0     7.2    
Evolutionary process finished.
Solution written to 'solution-12425.txt'.

Sorted sequence of worst to best tardiness value:
Task for patient = 172 with skills = {1,-1} and cost = 326.3
   Vehicle #0 = 12, leaving at = 779.0
   Vehicle #1 = -1, leaving at = inf
   Increment on distance indicator: 3.0
   Increment on tard indicator:     5.0
   Value of tmax indicator:         3.0

Task for patient = 4 with skills = {1,-1} and cost = 525.7
   Vehicle #0 = 12, leaving at = 983.0
   Vehicle #1 = -1, leaving at = inf
   Increment on distance indicator: 4.0
   Increment on tard indicator:     3.0
   Value of tmax indicator:         4.0

Task for patient = 181 with skills = {0,-1} and cost = 507.7
   Vehicle #0 = 13, leaving at = 788.0
   Vehicle #1 = -1, leaving at = inf
   Increment on distance indicator: 2.0
   Increment on tard indicator:     0.0
   Value of tmax indicator:         2.0

Task for patient = 126 with skills = {3,-1} and cost = 508.3
   Vehicle #0 = 22, leaving at = 888.0
   Vehicle #1 = -1, leaving at = inf
   Increment on distance indicator: 2.0
   Increment on tard indicator:     0.0
   Value of tmax indicator:         2.0

Task for patient = 37 with skills = {1,-1} and cost = 509.0
   Vehicle #0 = 14, leaving at = 897.0
   Vehicle #1 = -1, leaving at = inf
   Increment on distance indicator: 2.0
   Increment on tard indicator:     0.0
   Value of tmax indicator:         2.0

Task for patient = 120 with skills = {1,-1} and cost = 510.7
   Vehicle #0 = 14, leaving at = 954.0
   Vehicle #1 = -1, leaving at = inf
   Increment on distance indicator: 5.0
   Increment on tard indicator:     0.0
   Value of tmax indicator:         5.0

Task for patient = 94 with skills = {2,5} and cost = 513.7
   Vehicle #0 = 11, leaving at = 874.0
   Vehicle #1 = 35, leaving at = 879.0
   Increment on distance indicator: 9.0
   Increment on tard indicator:     0.0
   Value of tmax indicator:         9.0

Task for patient = 58 with skills = {5,-1} and cost = 515.7
   Vehicle #0 = 31, leaving at = 793.0
   Vehicle #1 = -1, leaving at = inf
   Increment on distance indicator: 6.0
   Increment on tard indicator:     0.0
   Value of tmax indicator:         6.0

Task for patient = 194 with skills = {1,-1} and cost = 518.3
   Vehicle #0 = 15, leaving at = 817.0
   Vehicle #1 = -1, leaving at = inf
   Increment on distance indicator: 8.0
   Increment on tard indicator:     0.0
   Value of tmax indicator:         8.0

Task for patient = 118 with skills = {1,-1} and cost = 520.3
   Vehicle #0 = 3, leaving at = 898.0
   Vehicle #1 = -1, leaving at = inf
   Increment on distance indicator: 6.0
   Increment on tard indicator:     0.0
   Value of tmax indicator:         6.0

Task for patient = 89 with skills = {1,3} and cost = 523.3
   Vehicle #0 = 5, leaving at = 954.0
   Vehicle #1 = 29, leaving at = 952.0
   Increment on distance indicator: 9.0
   Increment on tard indicator:     0.0
   Value of tmax indicator:         9.0

Task for patient = 182 with skills = {0,5} and cost = 528.0
   Vehicle #0 = 13, leaving at = 812.0
   Vehicle #1 = 31, leaving at = 876.0
   Increment on distance indicator: 7.0
   Increment on tard indicator:     0.0
   Value of tmax indicator:         7.0

Task for patient = 1 with skills = {3,-1} and cost = 453.3
   Vehicle #0 = 36, leaving at = 711.0
   Vehicle #1 = -1, leaving at = inf
   Increment on distance indicator: 6.0
   Increment on tard indicator:     0.0
   Value of tmax indicator:         6.0

Task for patient = 174 with skills = {2,4} and cost = 533.3
   Vehicle #0 = 16, leaving at = 857.0
   Vehicle #1 = 34, leaving at = 864.0
   Increment on distance indicator: 9.0
   Increment on tard indicator:     0.0
   Value of tmax indicator:         9.0

Task for patient = 100 with skills = {5,-1} and cost = 535.3
   Vehicle #0 = 31, leaving at = 912.0
   Vehicle #1 = -1, leaving at = inf
   Increment on distance indicator: 6.0
   Increment on tard indicator:     0.0
   Value of tmax indicator:         6.0

Task for patient = 10 with skills = {5,-1} and cost = 536.7
   Vehicle #0 = 33, leaving at = 775.0
   Vehicle #1 = -1, leaving at = inf
   Increment on distance indicator: 4.0
   Increment on tard indicator:     0.0
   Value of tmax indicator:         4.0

Task for patient = 105 with skills = {2,-1} and cost = 539.3
   Vehicle #0 = 7, leaving at = 896.0
   Vehicle #1 = -1, leaving at = inf
   Increment on distance indicator: 8.0
   Increment on tard indicator:     0.0
   Value of tmax indicator:         8.0

Task for patient = 138 with skills = {3,-1} and cost = 540.0
   Vehicle #0 = 22, leaving at = 945.0
   Vehicle #1 = -1, leaving at = inf
   Increment on distance indicator: 2.0
   Increment on tard indicator:     0.0
   Value of tmax indicator:         2.0

Task for patient = 47 with skills = {4,-1} and cost = 542.7
   Vehicle #0 = 25, leaving at = 775.0
   Vehicle #1 = -1, leaving at = inf
   Increment on distance indicator: 8.0
   Increment on tard indicator:     0.0
   Value of tmax indicator:         8.0

Task for patient = 15 with skills = {4,-1} and cost = 544.3
   Vehicle #0 = 34, leaving at = 916.0
   Vehicle #1 = -1, leaving at = inf
   Increment on distance indicator: 5.0
   Increment on tard indicator:     0.0
   Value of tmax indicator:         5.0

Task for patient = 23 with skills = {3,-1} and cost = 545.7
   Vehicle #0 = 29, leaving at = 1001.0
   Vehicle #1 = -1, leaving at = inf
   Increment on distance indicator: 4.0
   Increment on tard indicator:     0.0
   Value of tmax indicator:         4.0

Task for patient = 121 with skills = {1,-1} and cost = 546.3
   Vehicle #0 = 8, leaving at = 893.0
   Vehicle #1 = -1, leaving at = inf
   Increment on distance indicator: 2.0
   Increment on tard indicator:     0.0
   Value of tmax indicator:         2.0

Task for patient = 43 with skills = {2,-1} and cost = 546.7
   Vehicle #0 = 9, leaving at = 931.0
   Vehicle #1 = -1, leaving at = inf
   Increment on distance indicator: 1.0
   Increment on tard indicator:     0.0
   Value of tmax indicator:         1.0

Task for patient = 84 with skills = {2,3} and cost = 549.0
   Vehicle #0 = 2, leaving at = 939.0
   Vehicle #1 = 32, leaving at = 941.0
   Increment on distance indicator: 7.0
   Increment on tard indicator:     0.0
   Value of tmax indicator:         7.0

Task for patient = 131 with skills = {2,-1} and cost = 530.3
   Vehicle #0 = 11, leaving at = 926.0
   Vehicle #1 = -1, leaving at = inf
   Increment on distance indicator: 7.0
   Increment on tard indicator:     0.0
   Value of tmax indicator:         7.0

Task for patient = 38 with skills = {2,4} and cost = 454.7
   Vehicle #0 = 2, leaving at = 814.0
   Vehicle #1 = 27, leaving at = 839.0
   Increment on distance indicator: 4.0
   Increment on tard indicator:     0.0
   Value of tmax indicator:         4.0

Task for patient = 166 with skills = {2,-1} and cost = 460.3
   Vehicle #0 = 1, leaving at = 863.0
   Vehicle #1 = -1, leaving at = inf
   Increment on distance indicator: 17.0
   Increment on tard indicator:     0.0
   Value of tmax indicator:         17.0

Task for patient = 82 with skills = {0,4} and cost = 463.0
   Vehicle #0 = 8, leaving at = 867.0
   Vehicle #1 = 20, leaving at = 885.0
   Increment on distance indicator: 8.0
   Increment on tard indicator:     0.0
   Value of tmax indicator:         8.0

Task for patient = 116 with skills = {4,-1} and cost = 468.3
   Vehicle #0 = 30, leaving at = 625.0
   Vehicle #1 = -1, leaving at = inf
   Increment on distance indicator: 16.0
   Increment on tard indicator:     0.0
   Value of tmax indicator:         16.0

Task for patient = 149 with skills = {0,-1} and cost = 470.0
   Vehicle #0 = 0, leaving at = 839.0
   Vehicle #1 = -1, leaving at = inf
   Increment on distance indicator: 5.0
   Increment on tard indicator:     0.0
   Value of tmax indicator:         5.0

Task for patient = 135 with skills = {1,3} and cost = 472.3
   Vehicle #0 = 9, leaving at = 882.0
   Vehicle #1 = 26, leaving at = 887.0
   Increment on distance indicator: 7.0
   Increment on tard indicator:     0.0
   Value of tmax indicator:         7.0

Task for patient = 169 with skills = {3,-1} and cost = 477.3
   Vehicle #0 = 24, leaving at = 786.0
   Vehicle #1 = -1, leaving at = inf
   Increment on distance indicator: 15.0
   Increment on tard indicator:     0.0
   Value of tmax indicator:         15.0

Task for patient = 56 with skills = {1,5} and cost = 478.7
   Vehicle #0 = 9, leaving at = 910.0
   Vehicle #1 = 26, leaving at = 909.0
   Increment on distance indicator: 4.0
   Increment on tard indicator:     0.0
   Value of tmax indicator:         4.0

Task for patient = 167 with skills = {1,5} and cost = 480.7
   Vehicle #0 = 12, leaving at = 851.0
   Vehicle #1 = 32, leaving at = 827.0
   Increment on distance indicator: 6.0
   Increment on tard indicator:     0.0
   Value of tmax indicator:         6.0

Task for patient = 69 with skills = {1,-1} and cost = 482.3
   Vehicle #0 = 5, leaving at = 892.0
   Vehicle #1 = -1, leaving at = inf
   Increment on distance indicator: 5.0
   Increment on tard indicator:     0.0
   Value of tmax indicator:         5.0

Task for patient = 179 with skills = {5,-1} and cost = 484.7
   Vehicle #0 = 35, leaving at = 800.0
   Vehicle #1 = -1, leaving at = inf
   Increment on distance indicator: 7.0
   Increment on tard indicator:     0.0
   Value of tmax indicator:         7.0

Task for patient = 26 with skills = {3,-1} and cost = 507.0
   Vehicle #0 = 36, leaving at = 796.0
   Vehicle #1 = -1, leaving at = inf
   Increment on distance indicator: 15.0
   Increment on tard indicator:     0.0
   Value of tmax indicator:         15.0

Task for patient = 191 with skills = {4,-1} and cost = 487.0
   Vehicle #0 = 34, leaving at = 765.0
   Vehicle #1 = -1, leaving at = inf
   Increment on distance indicator: 3.0
   Increment on tard indicator:     0.0
   Value of tmax indicator:         3.0

Task for patient = 200 with skills = {1,4} and cost = 489.3
   Vehicle #0 = 12, leaving at = 872.0
   Vehicle #1 = 27, leaving at = 904.0
   Increment on distance indicator: 7.0
   Increment on tard indicator:     0.0
   Value of tmax indicator:         7.0

Task for patient = 33 with skills = {0,-1} and cost = 490.3
   Vehicle #0 = 0, leaving at = 907.0
   Vehicle #1 = -1, leaving at = inf
   Increment on distance indicator: 3.0
   Increment on tard indicator:     0.0
   Value of tmax indicator:         3.0

Task for patient = 20 with skills = {3,-1} and cost = 491.7
   Vehicle #0 = 36, leaving at = 758.0
   Vehicle #1 = -1, leaving at = inf
   Increment on distance indicator: 4.0
   Increment on tard indicator:     0.0
   Value of tmax indicator:         4.0

Task for patient = 6 with skills = {2,-1} and cost = 493.0
   Vehicle #0 = 16, leaving at = 809.0
   Vehicle #1 = -1, leaving at = inf
   Increment on distance indicator: 4.0
   Increment on tard indicator:     0.0
   Value of tmax indicator:         4.0

Task for patient = 52 with skills = {3,-1} and cost = 494.0
   Vehicle #0 = 29, leaving at = 897.0
   Vehicle #1 = -1, leaving at = inf
   Increment on distance indicator: 3.0
   Increment on tard indicator:     0.0
   Value of tmax indicator:         3.0

Task for patient = 190 with skills = {4,-1} and cost = 495.0
   Vehicle #0 = 21, leaving at = 748.0
   Vehicle #1 = -1, leaving at = inf
   Increment on distance indicator: 3.0
   Increment on tard indicator:     0.0
   Value of tmax indicator:         3.0

Task for patient = 49 with skills = {4,-1} and cost = 495.3
   Vehicle #0 = 30, leaving at = 743.0
   Vehicle #1 = -1, leaving at = inf
   Increment on distance indicator: 1.0
   Increment on tard indicator:     0.0
   Value of tmax indicator:         1.0

Task for patient = 18 with skills = {4,-1} and cost = 497.0
   Vehicle #0 = 28, leaving at = 844.0
   Vehicle #1 = -1, leaving at = inf
   Increment on distance indicator: 5.0
   Increment on tard indicator:     0.0
   Value of tmax indicator:         5.0

Task for patient = 31 with skills = {5,-1} and cost = 498.0
   Vehicle #0 = 26, leaving at = 932.0
   Vehicle #1 = -1, leaving at = inf
   Increment on distance indicator: 3.0
   Increment on tard indicator:     0.0
   Value of tmax indicator:         3.0

Task for patient = 176 with skills = {1,-1} and cost = 500.0
   Vehicle #0 = 3, leaving at = 857.0
   Vehicle #1 = -1, leaving at = inf
   Increment on distance indicator: 6.0
   Increment on tard indicator:     0.0
   Value of tmax indicator:         6.0

Task for patient = 195 with skills = {1,-1} and cost = 502.0
   Vehicle #0 = 12, leaving at = 935.0
   Vehicle #1 = -1, leaving at = inf
   Increment on distance indicator: 6.0
   Increment on tard indicator:     0.0
   Value of tmax indicator:         6.0

Task for patient = 187 with skills = {5,-1} and cost = 486.0
   Vehicle #0 = 35, leaving at = 836.0
   Vehicle #1 = -1, leaving at = inf
   Increment on distance indicator: 4.0
   Increment on tard indicator:     0.0
   Value of tmax indicator:         4.0

Task for patient = 36 with skills = {2,-1} and cost = 622.7
   Vehicle #0 = 1, leaving at = 947.0
   Vehicle #1 = -1, leaving at = inf
   Increment on distance indicator: 11.0
   Increment on tard indicator:     0.0
   Value of tmax indicator:         11.0

Task for patient = 157 with skills = {1,-1} and cost = 624.0
   Vehicle #0 = 3, leaving at = 943.0
   Vehicle #1 = -1, leaving at = inf
   Increment on distance indicator: 4.0
   Increment on tard indicator:     0.0
   Value of tmax indicator:         4.0

Task for patient = 91 with skills = {2,3} and cost = 629.7
   Vehicle #0 = 8, leaving at = 1083.0
   Vehicle #1 = 27, leaving at = 1093.0
   Increment on distance indicator: 17.0
   Increment on tard indicator:     0.0
   Value of tmax indicator:         17.0

Task for patient = 163 with skills = {0,4} and cost = 634.0
   Vehicle #0 = 0, leaving at = 1016.0
   Vehicle #1 = 30, leaving at = 1027.0
   Increment on distance indicator: 13.0
   Increment on tard indicator:     0.0
   Value of tmax indicator:         13.0

Task for patient = 101 with skills = {2,-1} and cost = 636.0
   Vehicle #0 = 17, leaving at = 971.0
   Vehicle #1 = -1, leaving at = inf
   Increment on distance indicator: 6.0
   Increment on tard indicator:     0.0
   Value of tmax indicator:         6.0

Task for patient = 12 with skills = {4,-1} and cost = 644.0
   Vehicle #0 = 21, leaving at = 819.0
   Vehicle #1 = -1, leaving at = inf
   Increment on distance indicator: 24.0
   Increment on tard indicator:     0.0
   Value of tmax indicator:         24.0

Task for patient = 81 with skills = {2,5} and cost = 648.7
   Vehicle #0 = 1, leaving at = 988.0
   Vehicle #1 = 33, leaving at = 1012.0
   Increment on distance indicator: 14.0
   Increment on tard indicator:     0.0
   Value of tmax indicator:         14.0

Task for patient = 128 with skills = {1,-1} and cost = 650.0
   Vehicle #0 = 3, leaving at = 990.0
   Vehicle #1 = -1, leaving at = inf
   Increment on distance indicator: 4.0
   Increment on tard indicator:     0.0
   Value of tmax indicator:         4.0

Task for patient = 125 with skills = {0,3} and cost = 653.0
   Vehicle #0 = 16, leaving at = 973.0
   Vehicle #1 = 21, leaving at = 989.0
   Increment on distance indicator: 9.0
   Increment on tard indicator:     0.0
   Value of tmax indicator:         9.0

Task for patient = 73 with skills = {0,-1} and cost = 653.7
   Vehicle #0 = 3, leaving at = 1018.0
   Vehicle #1 = -1, leaving at = inf
   Increment on distance indicator: 2.0
   Increment on tard indicator:     0.0
   Value of tmax indicator:         2.0

Task for patient = 85 with skills = {3,-1} and cost = 655.7
   Vehicle #0 = 31, leaving at = 938.0
   Vehicle #1 = -1, leaving at = inf
   Increment on distance indicator: 6.0
   Increment on tard indicator:     0.0
   Value of tmax indicator:         6.0

Task for patient = 65 with skills = {2,5} and cost = 551.0
   Vehicle #0 = 2, leaving at = 976.0
   Vehicle #1 = 32, leaving at = 1013.0
   Increment on distance indicator: 6.0
   Increment on tard indicator:     0.0
   Value of tmax indicator:         6.0

Task for patient = 41 with skills = {3,-1} and cost = 657.3
   Vehicle #0 = 22, leaving at = 1025.0
   Vehicle #1 = -1, leaving at = inf
   Increment on distance indicator: 1.0
   Increment on tard indicator:     0.0
   Value of tmax indicator:         1.0

Task for patient = 188 with skills = {3,-1} and cost = 660.3
   Vehicle #0 = 22, leaving at = 1057.0
   Vehicle #1 = -1, leaving at = inf
   Increment on distance indicator: 9.0
   Increment on tard indicator:     0.0
   Value of tmax indicator:         9.0

Task for patient = 130 with skills = {2,4} and cost = 663.0
   Vehicle #0 = 3, leaving at = 1060.0
   Vehicle #1 = 31, leaving at = 1038.0
   Increment on distance indicator: 8.0
   Increment on tard indicator:     0.0
   Value of tmax indicator:         8.0

Task for patient = 30 with skills = {2,-1} and cost = 664.3
   Vehicle #0 = 7, leaving at = 955.0
   Vehicle #1 = -1, leaving at = inf
   Increment on distance indicator: 4.0
   Increment on tard indicator:     0.0
   Value of tmax indicator:         4.0

Task for patient = 2 with skills = {2,-1} and cost = 665.7
   Vehicle #0 = 13, leaving at = 937.0
   Vehicle #1 = -1, leaving at = inf
   Increment on distance indicator: 4.0
   Increment on tard indicator:     0.0
   Value of tmax indicator:         4.0

Task for patient = 129 with skills = {4,-1} and cost = 666.0
   Vehicle #0 = 30, leaving at = 1087.0
   Vehicle #1 = -1, leaving at = inf
   Increment on distance indicator: 1.0
   Increment on tard indicator:     0.0
   Value of tmax indicator:         1.0

Task for patient = 98 with skills = {2,-1} and cost = 667.3
   Vehicle #0 = 7, leaving at = 988.0
   Vehicle #1 = -1, leaving at = inf
   Increment on distance indicator: 4.0
   Increment on tard indicator:     0.0
   Value of tmax indicator:         4.0

Task for patient = 159 with skills = {2,5} and cost = 669.3
   Vehicle #0 = 2, leaving at = 1027.0
   Vehicle #1 = 32, leaving at = 1060.0
   Increment on distance indicator: 6.0
   Increment on tard indicator:     0.0
   Value of tmax indicator:         6.0

Task for patient = 86 with skills = {3,-1} and cost = 671.7
   Vehicle #0 = 26, leaving at = 1088.0
   Vehicle #1 = -1, leaving at = inf
   Increment on distance indicator: 7.0
   Increment on tard indicator:     0.0
   Value of tmax indicator:         7.0

Task for patient = 134 with skills = {1,-1} and cost = 673.0
   Vehicle #0 = 7, leaving at = 1015.0
   Vehicle #1 = -1, leaving at = inf
   Increment on distance indicator: 4.0
   Increment on tard indicator:     0.0
   Value of tmax indicator:         4.0

Task for patient = 45 with skills = {2,-1} and cost = 674.7
   Vehicle #0 = 10, leaving at = 853.0
   Vehicle #1 = -1, leaving at = inf
   Increment on distance indicator: 5.0
   Increment on tard indicator:     0.0
   Value of tmax indicator:         5.0

Task for patient = 168 with skills = {2,3} and cost = 680.7
   Vehicle #0 = 13, leaving at = 995.0
   Vehicle #1 = 23, leaving at = 1005.0
   Increment on distance indicator: 18.0
   Increment on tard indicator:     0.0
   Value of tmax indicator:         18.0

Task for patient = 124 with skills = {3,-1} and cost = 657.0
   Vehicle #0 = 31, leaving at = 1001.0
   Vehicle #1 = -1, leaving at = inf
   Increment on distance indicator: 4.0
   Increment on tard indicator:     0.0
   Value of tmax indicator:         4.0

Task for patient = 141 with skills = {1,-1} and cost = 551.7
   Vehicle #0 = 9, leaving at = 974.0
   Vehicle #1 = -1, leaving at = inf
   Increment on distance indicator: 2.0
   Increment on tard indicator:     0.0
   Value of tmax indicator:         2.0

Task for patient = 175 with skills = {1,4} and cost = 558.0
   Vehicle #0 = 17, leaving at = 939.0
   Vehicle #1 = 20, leaving at = 937.0
   Increment on distance indicator: 19.0
   Increment on tard indicator:     0.0
   Value of tmax indicator:         19.0

Task for patient = 108 with skills = {1,5} and cost = 562.0
   Vehicle #0 = 15, leaving at = 911.0
   Vehicle #1 = 35, leaving at = 913.0
   Increment on distance indicator: 12.0
   Increment on tard indicator:     0.0
   Value of tmax indicator:         12.0

Task for patient = 115 with skills = {5,-1} and cost = 567.0
   Vehicle #0 = 27, leaving at = 946.0
   Vehicle #1 = -1, leaving at = inf
   Increment on distance indicator: 15.0
   Increment on tard indicator:     0.0
   Value of tmax indicator:         15.0

Task for patient = 7 with skills = {0,3} and cost = 569.3
   Vehicle #0 = 15, leaving at = 934.0
   Vehicle #1 = 26, leaving at = 982.0
   Increment on distance indicator: 7.0
   Increment on tard indicator:     0.0
   Value of tmax indicator:         7.0

Task for patient = 70 with skills = {3,-1} and cost = 571.0
   Vehicle #0 = 23, leaving at = 935.0
   Vehicle #1 = -1, leaving at = inf
   Increment on distance indicator: 5.0
   Increment on tard indicator:     0.0
   Value of tmax indicator:         5.0

Task for patient = 90 with skills = {2,-1} and cost = 572.3
   Vehicle #0 = 16, leaving at = 886.0
   Vehicle #1 = -1, leaving at = inf
   Increment on distance indicator: 4.0
   Increment on tard indicator:     0.0
   Value of tmax indicator:         4.0

Task for patient = 34 with skills = {2,-1} and cost = 580.7
   Vehicle #0 = 4, leaving at = 727.0
   Vehicle #1 = -1, leaving at = inf
   Increment on distance indicator: 25.0
   Increment on tard indicator:     0.0
   Value of tmax indicator:         25.0

Task for patient = 198 with skills = {5,-1} and cost = 583.3
   Vehicle #0 = 28, leaving at = 878.0
   Vehicle #1 = -1, leaving at = inf
   Increment on distance indicator: 8.0
   Increment on tard indicator:     0.0
   Value of tmax indicator:         8.0

Task for patient = 111 with skills = {0,5} and cost = 586.7
   Vehicle #0 = 0, leaving at = 962.0
   Vehicle #1 = 33, leaving at = 942.0
   Increment on distance indicator: 10.0
   Increment on tard indicator:     0.0
   Value of tmax indicator:         10.0

Task for patient = 103 with skills = {2,-1} and cost = 588.0
   Vehicle #0 = 4, leaving at = 912.0
   Vehicle #1 = -1, leaving at = inf
   Increment on distance indicator: 4.0
   Increment on tard indicator:     0.0
   Value of tmax indicator:         4.0

Task for patient = 39 with skills = {0,3} and cost = 619.0
   Vehicle #0 = 13, leaving at = 916.0
   Vehicle #1 = 24, leaving at = 894.0
   Increment on distance indicator: 19.0
   Increment on tard indicator:     0.0
   Value of tmax indicator:         19.0

Task for patient = 197 with skills = {3,-1} and cost = 590.0
   Vehicle #0 = 26, leaving at = 1046.0
   Vehicle #1 = -1, leaving at = inf
   Increment on distance indicator: 1.0
   Increment on tard indicator:     0.0
   Value of tmax indicator:         1.0

Task for patient = 199 with skills = {3,-1} and cost = 591.3
   Vehicle #0 = 29, leaving at = 1050.0
   Vehicle #1 = -1, leaving at = inf
   Increment on distance indicator: 4.0
   Increment on tard indicator:     0.0
   Value of tmax indicator:         4.0

Task for patient = 139 with skills = {2,-1} and cost = 592.3
   Vehicle #0 = 16, leaving at = 939.0
   Vehicle #1 = -1, leaving at = inf
   Increment on distance indicator: 3.0
   Increment on tard indicator:     0.0
   Value of tmax indicator:         3.0

Task for patient = 106 with skills = {1,5} and cost = 594.3
   Vehicle #0 = 15, leaving at = 970.0
   Vehicle #1 = 35, leaving at = 991.0
   Increment on distance indicator: 6.0
   Increment on tard indicator:     0.0
   Value of tmax indicator:         6.0

Task for patient = 123 with skills = {2,5} and cost = 597.3
   Vehicle #0 = 11, leaving at = 1036.0
   Vehicle #1 = 35, leaving at = 1020.0
   Increment on distance indicator: 9.0
   Increment on tard indicator:     0.0
   Value of tmax indicator:         9.0

Task for patient = 40 with skills = {2,-1} and cost = 599.0
   Vehicle #0 = 4, leaving at = 966.0
   Vehicle #1 = -1, leaving at = inf
   Increment on distance indicator: 5.0
   Increment on tard indicator:     0.0
   Value of tmax indicator:         5.0

Task for patient = 9 with skills = {1,3} and cost = 601.0
   Vehicle #0 = 8, leaving at = 988.0
   Vehicle #1 = 22, leaving at = 974.0
   Increment on distance indicator: 6.0
   Increment on tard indicator:     0.0
   Value of tmax indicator:         6.0

Task for patient = 151 with skills = {0,4} and cost = 603.7
   Vehicle #0 = 12, leaving at = 1028.0
   Vehicle #1 = 34, leaving at = 1041.0
   Increment on distance indicator: 8.0
   Increment on tard indicator:     0.0
   Value of tmax indicator:         8.0

Task for patient = 99 with skills = {2,-1} and cost = 606.3
   Vehicle #0 = 8, leaving at = 1038.0
   Vehicle #1 = -1, leaving at = inf
   Increment on distance indicator: 8.0
   Increment on tard indicator:     0.0
   Value of tmax indicator:         8.0

Task for patient = 3 with skills = {2,-1} and cost = 609.0
   Vehicle #0 = 1, leaving at = 896.0
   Vehicle #1 = -1, leaving at = inf
   Increment on distance indicator: 8.0
   Increment on tard indicator:     0.0
   Value of tmax indicator:         8.0

Task for patient = 79 with skills = {3,-1} and cost = 611.3
   Vehicle #0 = 24, leaving at = 843.0
   Vehicle #1 = -1, leaving at = inf
   Increment on distance indicator: 7.0
   Increment on tard indicator:     0.0
   Value of tmax indicator:         7.0

Task for patient = 185 with skills = {2,-1} and cost = 612.7
   Vehicle #0 = 4, leaving at = 1024.0
   Vehicle #1 = -1, leaving at = inf
   Increment on distance indicator: 4.0
   Increment on tard indicator:     0.0
   Value of tmax indicator:         4.0

Task for patient = 75 with skills = {2,5} and cost = 589.7
   Vehicle #0 = 9, leaving at = 1043.0
   Vehicle #1 = 26, leaving at = 1024.0
   Increment on distance indicator: 5.0
   Increment on tard indicator:     0.0
   Value of tmax indicator:         5.0

Task for patient = 183 with skills = {3,-1} and cost = 176.7
   Vehicle #0 = 23, leaving at = 759.0
   Vehicle #1 = -1, leaving at = inf
   Increment on distance indicator: 6.0
   Increment on tard indicator:     0.0
   Value of tmax indicator:         6.0

Task for patient = 158 with skills = {4,-1} and cost = 177.7
   Vehicle #0 = 25, leaving at = 627.0
   Vehicle #1 = -1, leaving at = inf
   Increment on distance indicator: 3.0
   Increment on tard indicator:     0.0
   Value of tmax indicator:         3.0

Task for patient = 145 with skills = {4,-1} and cost = 178.3
   Vehicle #0 = 20, leaving at = 697.0
   Vehicle #1 = -1, leaving at = inf
   Increment on distance indicator: 2.0
   Increment on tard indicator:     0.0
   Value of tmax indicator:         2.0

Task for patient = 68 with skills = {1,-1} and cost = 189.0
   Vehicle #0 = 9, leaving at = 565.0
   Vehicle #1 = -1, leaving at = inf
   Increment on distance indicator: 32.0
   Increment on tard indicator:     0.0
   Value of tmax indicator:         32.0

Task for patient = 63 with skills = {0,4} and cost = 194.0
   Vehicle #0 = 11, leaving at = 669.0
   Vehicle #1 = 25, leaving at = 670.0
   Increment on distance indicator: 15.0
   Increment on tard indicator:     0.0
   Value of tmax indicator:         15.0

Task for patient = 93 with skills = {0,-1} and cost = 201.3
   Vehicle #0 = 6, leaving at = 686.0
   Vehicle #1 = -1, leaving at = inf
   Increment on distance indicator: 22.0
   Increment on tard indicator:     0.0
   Value of tmax indicator:         22.0

Task for patient = 173 with skills = {1,3} and cost = 207.3
   Vehicle #0 = 12, leaving at = 551.0
   Vehicle #1 = 27, leaving at = 563.0
   Increment on distance indicator: 18.0
   Increment on tard indicator:     0.0
   Value of tmax indicator:         18.0

Task for patient = 154 with skills = {2,5} and cost = 209.7
   Vehicle #0 = 9, leaving at = 611.0
   Vehicle #1 = 26, leaving at = 592.0
   Increment on distance indicator: 7.0
   Increment on tard indicator:     0.0
   Value of tmax indicator:         7.0

Task for patient = 46 with skills = {3,-1} and cost = 210.7
   Vehicle #0 = 26, leaving at = 617.0
   Vehicle #1 = -1, leaving at = inf
   Increment on distance indicator: 3.0
   Increment on tard indicator:     0.0
   Value of tmax indicator:         3.0

Task for patient = 35 with skills = {0,-1} and cost = 212.0
   Vehicle #0 = 0, leaving at = 724.0
   Vehicle #1 = -1, leaving at = inf
   Increment on distance indicator: 4.0
   Increment on tard indicator:     0.0
   Value of tmax indicator:         4.0

Task for patient = 147 with skills = {2,3} and cost = 213.3
   Vehicle #0 = 9, leaving at = 639.0
   Vehicle #1 = 26, leaving at = 650.0
   Increment on distance indicator: 4.0
   Increment on tard indicator:     0.0
   Value of tmax indicator:         4.0

Task for patient = 178 with skills = {1,-1} and cost = 451.3
   Vehicle #0 = 9, leaving at = 820.0
   Vehicle #1 = -1, leaving at = inf
   Increment on distance indicator: 3.0
   Increment on tard indicator:     0.0
   Value of tmax indicator:         3.0

Task for patient = 59 with skills = {0,3} and cost = 217.3
   Vehicle #0 = 12, leaving at = 675.0
   Vehicle #1 = 27, leaving at = 649.0
   Increment on distance indicator: 10.0
   Increment on tard indicator:     0.0
   Value of tmax indicator:         10.0

Task for patient = 162 with skills = {3,-1} and cost = 227.0
   Vehicle #0 = 24, leaving at = 532.0
   Vehicle #1 = -1, leaving at = inf
   Increment on distance indicator: 29.0
   Increment on tard indicator:     0.0
   Value of tmax indicator:         29.0

Task for patient = 53 with skills = {2,3} and cost = 230.3
   Vehicle #0 = 2, leaving at = 691.0
   Vehicle #1 = 27, leaving at = 686.0
   Increment on distance indicator: 10.0
   Increment on tard indicator:     0.0
   Value of tmax indicator:         10.0

Task for patient = 113 with skills = {1,5} and cost = 233.0
   Vehicle #0 = 12, leaving at = 743.0
   Vehicle #1 = 27, leaving at = 743.0
   Increment on distance indicator: 8.0
   Increment on tard indicator:     0.0
   Value of tmax indicator:         8.0

Task for patient = 78 with skills = {5,-1} and cost = 244.7
   Vehicle #0 = 31, leaving at = 559.0
   Vehicle #1 = -1, leaving at = inf
   Increment on distance indicator: 35.0
   Increment on tard indicator:     0.0
   Value of tmax indicator:         35.0

Task for patient = 122 with skills = {5,-1} and cost = 246.7
   Vehicle #0 = 23, leaving at = 801.0
   Vehicle #1 = -1, leaving at = inf
   Increment on distance indicator: 6.0
   Increment on tard indicator:     0.0
   Value of tmax indicator:         6.0

Task for patient = 21 with skills = {4,-1} and cost = 249.3
   Vehicle #0 = 28, leaving at = 767.0
   Vehicle #1 = -1, leaving at = inf
   Increment on distance indicator: 8.0
   Increment on tard indicator:     0.0
   Value of tmax indicator:         8.0

Task for patient = 184 with skills = {1,-1} and cost = 258.0
   Vehicle #0 = 14, leaving at = 522.0
   Vehicle #1 = -1, leaving at = inf
   Increment on distance indicator: 26.0
   Increment on tard indicator:     0.0
   Value of tmax indicator:         26.0

Task for patient = 95 with skills = {1,-1} and cost = 259.3
   Vehicle #0 = 14, leaving at = 619.0
   Vehicle #1 = -1, leaving at = inf
   Increment on distance indicator: 4.0
   Increment on tard indicator:     0.0
   Value of tmax indicator:         4.0

Task for patient = 155 with skills = {4,-1} and cost = 260.7
   Vehicle #0 = 25, leaving at = 696.0
   Vehicle #1 = -1, leaving at = inf
   Increment on distance indicator: 4.0
   Increment on tard indicator:     0.0
   Value of tmax indicator:         4.0

Task for patient = 32 with skills = {4,-1} and cost = 269.7
   Vehicle #0 = 29, leaving at = 637.0
   Vehicle #1 = -1, leaving at = inf
   Increment on distance indicator: 27.0
   Increment on tard indicator:     0.0
   Value of tmax indicator:         27.0

Task for patient = 140 with skills = {0,-1} and cost = 281.3
   Vehicle #0 = 13, leaving at = 558.0
   Vehicle #1 = -1, leaving at = inf
   Increment on distance indicator: 35.0
   Increment on tard indicator:     0.0
   Value of tmax indicator:         35.0

Task for patient = 60 with skills = {0,-1} and cost = 214.0
   Vehicle #0 = 12, leaving at = 611.0
   Vehicle #1 = -1, leaving at = inf
   Increment on distance indicator: 2.0
   Increment on tard indicator:     0.0
   Value of tmax indicator:         2.0

Task for patient = 150 with skills = {0,-1} and cost = 8.0
   Vehicle #0 = 0, leaving at = 625.0
   Vehicle #1 = -1, leaving at = inf
   Increment on distance indicator: 24.0
   Increment on tard indicator:     0.0
   Value of tmax indicator:         24.0

Task for patient = 156 with skills = {2,4} and cost = 18.7
   Vehicle #0 = 1, leaving at = 631.0
   Vehicle #1 = 20, leaving at = 593.0
   Increment on distance indicator: 32.0
   Increment on tard indicator:     0.0
   Value of tmax indicator:         32.0

Task for patient = 17 with skills = {3,-1} and cost = 24.7
   Vehicle #0 = 21, leaving at = 529.0
   Vehicle #1 = -1, leaving at = inf
   Increment on distance indicator: 18.0
   Increment on tard indicator:     0.0
   Value of tmax indicator:         18.0

Task for patient = 137 with skills = {2,-1} and cost = 31.0
   Vehicle #0 = 1, leaving at = 707.0
   Vehicle #1 = -1, leaving at = inf
   Increment on distance indicator: 19.0
   Increment on tard indicator:     0.0
   Value of tmax indicator:         19.0

Task for patient = 57 with skills = {2,4} and cost = 38.7
   Vehicle #0 = 2, leaving at = 580.0
   Vehicle #1 = 21, leaving at = 609.0
   Increment on distance indicator: 23.0
   Increment on tard indicator:     0.0
   Value of tmax indicator:         23.0

Task for patient = 42 with skills = {0,4} and cost = 48.0
   Vehicle #0 = 3, leaving at = 592.0
   Vehicle #1 = 20, leaving at = 650.0
   Increment on distance indicator: 28.0
   Increment on tard indicator:     0.0
   Value of tmax indicator:         28.0

Task for patient = 186 with skills = {1,-1} and cost = 58.7
   Vehicle #0 = 3, leaving at = 676.0
   Vehicle #1 = -1, leaving at = inf
   Increment on distance indicator: 32.0
   Increment on tard indicator:     0.0
   Value of tmax indicator:         32.0

Task for patient = 171 with skills = {5,-1} and cost = 67.3
   Vehicle #0 = 23, leaving at = 626.0
   Vehicle #1 = -1, leaving at = inf
   Increment on distance indicator: 26.0
   Increment on tard indicator:     0.0
   Value of tmax indicator:         26.0

Task for patient = 133 with skills = {3,-1} and cost = 68.7
   Vehicle #0 = 23, leaving at = 675.0
   Vehicle #1 = -1, leaving at = inf
   Increment on distance indicator: 4.0
   Increment on tard indicator:     0.0
   Value of tmax indicator:         4.0

Task for patient = 142 with skills = {1,-1} and cost = 78.7
   Vehicle #0 = 5, leaving at = 600.0
   Vehicle #1 = -1, leaving at = inf
   Increment on distance indicator: 30.0
   Increment on tard indicator:     0.0
   Value of tmax indicator:         30.0

Task for patient = 192 with skills = {1,5} and cost = 86.0
   Vehicle #0 = 5, leaving at = 714.0
   Vehicle #1 = 23, leaving at = 710.0
   Increment on distance indicator: 22.0
   Increment on tard indicator:     0.0
   Value of tmax indicator:         22.0

Task for patient = 102 with skills = {2,-1} and cost = 174.7
   Vehicle #0 = 2, leaving at = 634.0
   Vehicle #1 = -1, leaving at = inf
   Increment on distance indicator: 4.0
   Increment on tard indicator:     0.0
   Value of tmax indicator:         4.0

Task for patient = 96 with skills = {0,3} and cost = 101.3
   Vehicle #0 = 6, leaving at = 626.0
   Vehicle #1 = 21, leaving at = 671.0
   Increment on distance indicator: 26.0
   Increment on tard indicator:     0.0
   Value of tmax indicator:         26.0

Task for patient = 144 with skills = {0,-1} and cost = 103.3
   Vehicle #0 = 5, leaving at = 740.0
   Vehicle #1 = -1, leaving at = inf
   Increment on distance indicator: 6.0
   Increment on tard indicator:     0.0
   Value of tmax indicator:         6.0

Task for patient = 71 with skills = {5,-1} and cost = 115.0
   Vehicle #0 = 26, leaving at = 562.0
   Vehicle #1 = -1, leaving at = inf
   Increment on distance indicator: 35.0
   Increment on tard indicator:     0.0
   Value of tmax indicator:         35.0

Task for patient = 74 with skills = {4,-1} and cost = 118.3
   Vehicle #0 = 25, leaving at = 525.0
   Vehicle #1 = -1, leaving at = inf
   Increment on distance indicator: 10.0
   Increment on tard indicator:     0.0
   Value of tmax indicator:         10.0

Task for patient = 193 with skills = {4,-1} and cost = 127.3
   Vehicle #0 = 25, leaving at = 573.0
   Vehicle #1 = -1, leaving at = inf
   Increment on distance indicator: 27.0
   Increment on tard indicator:     0.0
   Value of tmax indicator:         27.0

Task for patient = 67 with skills = {2,-1} and cost = 129.3
   Vehicle #0 = 1, leaving at = 771.0
   Vehicle #1 = -1, leaving at = inf
   Increment on distance indicator: 6.0
   Increment on tard indicator:     0.0
   Value of tmax indicator:         6.0

Task for patient = 146 with skills = {5,-1} and cost = 135.3
   Vehicle #0 = 27, leaving at = 545.0
   Vehicle #1 = -1, leaving at = inf
   Increment on distance indicator: 18.0
   Increment on tard indicator:     0.0
   Value of tmax indicator:         18.0

Task for patient = 77 with skills = {0,-1} and cost = 137.0
   Vehicle #0 = 3, leaving at = 733.0
   Vehicle #1 = -1, leaving at = inf
   Increment on distance indicator: 5.0
   Increment on tard indicator:     0.0
   Value of tmax indicator:         5.0

Task for patient = 87 with skills = {1,5} and cost = 150.0
   Vehicle #0 = 7, leaving at = 715.0
   Vehicle #1 = 28, leaving at = 719.0
   Increment on distance indicator: 39.0
   Increment on tard indicator:     0.0
   Value of tmax indicator:         39.0

Task for patient = 13 with skills = {0,3} and cost = 157.0
   Vehicle #0 = 8, leaving at = 677.0
   Vehicle #1 = 22, leaving at = 690.0
   Increment on distance indicator: 21.0
   Increment on tard indicator:     0.0
   Value of tmax indicator:         21.0

Task for patient = 196 with skills = {0,-1} and cost = 165.7
   Vehicle #0 = 11, leaving at = 519.0
   Vehicle #1 = -1, leaving at = inf
   Increment on distance indicator: 26.0
   Increment on tard indicator:     0.0
   Value of tmax indicator:         26.0

Task for patient = 132 with skills = {3,-1} and cost = 173.3
   Vehicle #0 = 21, leaving at = 728.0
   Vehicle #1 = -1, leaving at = inf
   Increment on distance indicator: 23.0
   Increment on tard indicator:     0.0
   Value of tmax indicator:         23.0

Task for patient = 25 with skills = {1,3} and cost = 92.7
   Vehicle #0 = 7, leaving at = 646.0
   Vehicle #1 = 22, leaving at = 653.0
   Increment on distance indicator: 20.0
   Increment on tard indicator:     0.0
   Value of tmax indicator:         20.0

Task for patient = 136 with skills = {1,-1} and cost = 383.0
   Vehicle #0 = 7, leaving at = 765.0
   Vehicle #1 = -1, leaving at = inf
   Increment on distance indicator: 7.0
   Increment on tard indicator:     0.0
   Value of tmax indicator:         7.0

Task for patient = 153 with skills = {2,-1} and cost = 386.0
   Vehicle #0 = 7, leaving at = 845.0
   Vehicle #1 = -1, leaving at = inf
   Increment on distance indicator: 9.0
   Increment on tard indicator:     0.0
   Value of tmax indicator:         9.0

Task for patient = 28 with skills = {1,-1} and cost = 387.7
   Vehicle #0 = 9, leaving at = 773.0
   Vehicle #1 = -1, leaving at = inf
   Increment on distance indicator: 5.0
   Increment on tard indicator:     0.0
   Value of tmax indicator:         5.0

Task for patient = 14 with skills = {0,-1} and cost = 389.0
   Vehicle #0 = 13, leaving at = 733.0
   Vehicle #1 = -1, leaving at = inf
   Increment on distance indicator: 4.0
   Increment on tard indicator:     0.0
   Value of tmax indicator:         4.0

Task for patient = 107 with skills = {4,-1} and cost = 394.0
   Vehicle #0 = 34, leaving at = 632.0
   Vehicle #1 = -1, leaving at = inf
   Increment on distance indicator: 15.0
   Increment on tard indicator:     0.0
   Value of tmax indicator:         15.0

Task for patient = 97 with skills = {1,5} and cost = 399.7
   Vehicle #0 = 5, leaving at = 843.0
   Vehicle #1 = 23, leaving at = 870.0
   Increment on distance indicator: 17.0
   Increment on tard indicator:     0.0
   Value of tmax indicator:         17.0

Task for patient = 29 with skills = {5,-1} and cost = 403.3
   Vehicle #0 = 31, leaving at = 762.0
   Vehicle #1 = -1, leaving at = inf
   Increment on distance indicator: 11.0
   Increment on tard indicator:     0.0
   Value of tmax indicator:         11.0

Task for patient = 51 with skills = {3,-1} and cost = 404.3
   Vehicle #0 = 29, leaving at = 861.0
   Vehicle #1 = -1, leaving at = inf
   Increment on distance indicator: 3.0
   Increment on tard indicator:     0.0
   Value of tmax indicator:         3.0

Task for patient = 114 with skills = {4,-1} and cost = 405.0
   Vehicle #0 = 36, leaving at = 657.0
   Vehicle #1 = -1, leaving at = inf
   Increment on distance indicator: 2.0
   Increment on tard indicator:     0.0
   Value of tmax indicator:         2.0

Task for patient = 92 with skills = {0,-1} and cost = 408.0
   Vehicle #0 = 15, leaving at = 668.0
   Vehicle #1 = -1, leaving at = inf
   Increment on distance indicator: 9.0
   Increment on tard indicator:     0.0
   Value of tmax indicator:         9.0

Task for patient = 112 with skills = {5,-1} and cost = 409.7
   Vehicle #0 = 26, leaving at = 834.0
   Vehicle #1 = -1, leaving at = inf
   Increment on distance indicator: 5.0
   Increment on tard indicator:     0.0
   Value of tmax indicator:         5.0

Task for patient = 54 with skills = {0,-1} and cost = 282.7
   Vehicle #0 = 0, leaving at = 809.0
   Vehicle #1 = -1, leaving at = inf
   Increment on distance indicator: 4.0
   Increment on tard indicator:     0.0
   Value of tmax indicator:         4.0

Task for patient = 117 with skills = {2,5} and cost = 423.0
   Vehicle #0 = 4, leaving at = 647.0
   Vehicle #1 = 35, leaving at = 679.0
   Increment on distance indicator: 39.0
   Increment on tard indicator:     0.0
   Value of tmax indicator:         39.0

Task for patient = 148 with skills = {1,-1} and cost = 425.7
   Vehicle #0 = 9, leaving at = 798.0
   Vehicle #1 = -1, leaving at = inf
   Increment on distance indicator: 8.0
   Increment on tard indicator:     0.0
   Value of tmax indicator:         8.0

Task for patient = 152 with skills = {0,5} and cost = 433.0
   Vehicle #0 = 16, leaving at = 722.0
   Vehicle #1 = 32, leaving at = 744.0
   Increment on distance indicator: 22.0
   Increment on tard indicator:     0.0
   Value of tmax indicator:         22.0

Task for patient = 80 with skills = {4,-1} and cost = 434.7
   Vehicle #0 = 34, leaving at = 718.0
   Vehicle #1 = -1, leaving at = inf
   Increment on distance indicator: 5.0
   Increment on tard indicator:     0.0
   Value of tmax indicator:         5.0

Task for patient = 180 with skills = {0,-1} and cost = 436.0
   Vehicle #0 = 16, leaving at = 754.0
   Vehicle #1 = -1, leaving at = inf
   Increment on distance indicator: 4.0
   Increment on tard indicator:     0.0
   Value of tmax indicator:         4.0

Task for patient = 83 with skills = {2,-1} and cost = 437.7
   Vehicle #0 = 2, leaving at = 783.0
   Vehicle #1 = -1, leaving at = inf
   Increment on distance indicator: 5.0
   Increment on tard indicator:     0.0
   Value of tmax indicator:         5.0

Task for patient = 22 with skills = {0,5} and cost = 439.7
   Vehicle #0 = 14, leaving at = 776.0
   Vehicle #1 = 28, leaving at = 785.0
   Increment on distance indicator: 6.0
   Increment on tard indicator:     0.0
   Value of tmax indicator:         6.0

Task for patient = 127 with skills = {0,-1} and cost = 444.3
   Vehicle #0 = 15, leaving at = 711.0
   Vehicle #1 = -1, leaving at = inf
   Increment on distance indicator: 14.0
   Increment on tard indicator:     0.0
   Value of tmax indicator:         14.0

Task for patient = 160 with skills = {0,5} and cost = 447.3
   Vehicle #0 = 15, leaving at = 755.0
   Vehicle #1 = 35, leaving at = 774.0
   Increment on distance indicator: 9.0
   Increment on tard indicator:     0.0
   Value of tmax indicator:         9.0

Task for patient = 55 with skills = {2,-1} and cost = 449.0
   Vehicle #0 = 1, leaving at = 810.0
   Vehicle #1 = -1, leaving at = inf
   Increment on distance indicator: 5.0
   Increment on tard indicator:     0.0
   Value of tmax indicator:         5.0

Task for patient = 16 with skills = {1,-1} and cost = 450.3
   Vehicle #0 = 14, leaving at = 840.0
   Vehicle #1 = -1, leaving at = inf
   Increment on distance indicator: 4.0
   Increment on tard indicator:     0.0
   Value of tmax indicator:         4.0

Task for patient = 119 with skills = {0,3} and cost = 684.0
   Vehicle #0 = 13, leaving at = 1053.0
   Vehicle #1 = 23, leaving at = 1034.0
   Increment on distance indicator: 10.0
   Increment on tard indicator:     0.0
   Value of tmax indicator:         10.0

Task for patient = 27 with skills = {5,-1} and cost = 410.0
   Vehicle #0 = 33, leaving at = 728.0
   Vehicle #1 = -1, leaving at = inf
   Increment on distance indicator: 1.0
   Increment on tard indicator:     0.0
   Value of tmax indicator:         1.0

Task for patient = 64 with skills = {0,3} and cost = 289.3
   Vehicle #0 = 8, leaving at = 791.0
   Vehicle #1 = 22, leaving at = 781.0
   Increment on distance indicator: 20.0
   Increment on tard indicator:     0.0
   Value of tmax indicator:         20.0

Task for patient = 44 with skills = {1,3} and cost = 293.3
   Vehicle #0 = 9, leaving at = 684.0
   Vehicle #1 = 31, leaving at = 683.0
   Increment on distance indicator: 12.0
   Increment on tard indicator:     0.0
   Value of tmax indicator:         12.0

Task for patient = 8 with skills = {4,-1} and cost = 298.0
   Vehicle #0 = 30, leaving at = 549.0
   Vehicle #1 = -1, leaving at = inf
   Increment on distance indicator: 14.0
   Increment on tard indicator:     0.0
   Value of tmax indicator:         14.0

Task for patient = 76 with skills = {2,3} and cost = 303.3
   Vehicle #0 = 13, leaving at = 581.0
   Vehicle #1 = 24, leaving at = 619.0
   Increment on distance indicator: 16.0
   Increment on tard indicator:     0.0
   Value of tmax indicator:         16.0

Task for patient = 165 with skills = {2,3} and cost = 308.0
   Vehicle #0 = 11, leaving at = 714.0
   Vehicle #1 = 24, leaving at = 707.0
   Increment on distance indicator: 14.0
   Increment on tard indicator:     0.0
   Value of tmax indicator:         14.0

Task for patient = 161 with skills = {1,-1} and cost = 317.7
   Vehicle #0 = 15, leaving at = 522.0
   Vehicle #1 = -1, leaving at = inf
   Increment on distance indicator: 29.0
   Increment on tard indicator:     0.0
   Value of tmax indicator:         29.0

Task for patient = 50 with skills = {1,3} and cost = 317.7
   Vehicle #0 = 17, leaving at = 694.0
   Vehicle #1 = 32, leaving at = 684.0
   Increment on distance indicator: 0.0
   Increment on tard indicator:     0.0
   Value of tmax indicator:         0.0

Task for patient = 72 with skills = {0,-1} and cost = 318.3
   Vehicle #0 = 13, leaving at = 635.0
   Vehicle #1 = -1, leaving at = inf
   Increment on distance indicator: 2.0
   Increment on tard indicator:     0.0
   Value of tmax indicator:         2.0

Task for patient = 104 with skills = {1,5} and cost = 320.7
   Vehicle #0 = 3, leaving at = 781.0
   Vehicle #1 = 26, leaving at = 799.0
   Increment on distance indicator: 7.0
   Increment on tard indicator:     0.0
   Value of tmax indicator:         7.0

Task for patient = 88 with skills = {2,-1} and cost = 322.0
   Vehicle #0 = 2, leaving at = 728.0
   Vehicle #1 = -1, leaving at = inf
   Increment on distance indicator: 4.0
   Increment on tard indicator:     0.0
   Value of tmax indicator:         4.0

Task for patient = 164 with skills = {2,-1} and cost = 327.7
   Vehicle #0 = 13, leaving at = 685.0
   Vehicle #1 = -1, leaving at = inf
   Increment on distance indicator: 4.0
   Increment on tard indicator:     0.0
   Value of tmax indicator:         4.0

Task for patient = 11 with skills = {4,-1} and cost = 380.7
   Vehicle #0 = 29, leaving at = 746.0
   Vehicle #1 = -1, leaving at = inf
   Increment on distance indicator: 2.0
   Increment on tard indicator:     0.0
   Value of tmax indicator:         2.0

Task for patient = 5 with skills = {1,4} and cost = 340.3
   Vehicle #0 = 14, leaving at = 670.0
   Vehicle #1 = 29, leaving at = 692.0
   Increment on distance indicator: 10.0
   Increment on tard indicator:     0.0
   Value of tmax indicator:         10.0

Task for patient = 177 with skills = {3,-1} and cost = 349.0
   Vehicle #0 = 36, leaving at = 589.0
   Vehicle #1 = -1, leaving at = inf
   Increment on distance indicator: 26.0
   Increment on tard indicator:     0.0
   Value of tmax indicator:         26.0

Task for patient = 66 with skills = {1,-1} and cost = 350.0
   Vehicle #0 = 3, leaving at = 803.0
   Vehicle #1 = -1, leaving at = inf
   Increment on distance indicator: 3.0
   Increment on tard indicator:     0.0
   Value of tmax indicator:         3.0

Task for patient = 109 with skills = {2,4} and cost = 353.3
   Vehicle #0 = 9, leaving at = 746.0
   Vehicle #1 = 31, leaving at = 732.0
   Increment on distance indicator: 10.0
   Increment on tard indicator:     0.0
   Value of tmax indicator:         10.0

Task for patient = 170 with skills = {1,-1} and cost = 355.0
   Vehicle #0 = 14, leaving at = 752.0
   Vehicle #1 = -1, leaving at = inf
   Increment on distance indicator: 5.0
   Increment on tard indicator:     0.0
   Value of tmax indicator:         5.0

Task for patient = 61 with skills = {1,4} and cost = 357.7
   Vehicle #0 = 8, leaving at = 827.0
   Vehicle #1 = 20, leaving at = 818.0
   Increment on distance indicator: 8.0
   Increment on tard indicator:     0.0
   Value of tmax indicator:         8.0

Task for patient = 62 with skills = {2,-1} and cost = 365.7
   Vehicle #0 = 4, leaving at = 527.0
   Vehicle #1 = -1, leaving at = inf
   Increment on distance indicator: 24.0
   Increment on tard indicator:     0.0
   Value of tmax indicator:         24.0

Task for patient = 143 with skills = {3,-1} and cost = 366.7
   Vehicle #0 = 23, leaving at = 840.0
   Vehicle #1 = -1, leaving at = inf
   Increment on distance indicator: 3.0
   Increment on tard indicator:     0.0
   Value of tmax indicator:         3.0

Task for patient = 19 with skills = {4,-1} and cost = 368.3
   Vehicle #0 = 27, leaving at = 790.0
   Vehicle #1 = -1, leaving at = inf
   Increment on distance indicator: 5.0
   Increment on tard indicator:     0.0
   Value of tmax indicator:         5.0

Task for patient = 48 with skills = {0,-1} and cost = 373.3
   Vehicle #0 = 16, leaving at = 665.0
   Vehicle #1 = -1, leaving at = inf
   Increment on distance indicator: 15.0
   Increment on tard indicator:     0.0
   Value of tmax indicator:         15.0

Task for patient = 189 with skills = {2,-1} and cost = 378.7
   Vehicle #0 = 4, leaving at = 602.0
   Vehicle #1 = -1, leaving at = inf
   Increment on distance indicator: 16.0
   Increment on tard indicator:     0.0
   Value of tmax indicator:         16.0

Task for patient = 110 with skills = {4,-1} and cost = 380.0
   Vehicle #0 = 36, leaving at = 609.0
   Vehicle #1 = -1, leaving at = inf
   Increment on distance indicator: 4.0
   Increment on tard indicator:     0.0
   Value of tmax indicator:         4.0

Task for patient = 24 with skills = {0,5} and cost = 337.0
   Vehicle #0 = 14, leaving at = 638.0
   Vehicle #1 = 33, leaving at = 674.0
   Increment on distance indicator: 28.0
   Increment on tard indicator:     0.0
   Value of tmax indicator:         28.0


Unused vehicle list: 18 19 37 38 39 (total = 5 out of 40)

---
Search finished.
Total of 448 generations in 7.2 seconds.
Exchange elite runs: 0
Implicit path relinking runs: 4
Reset attempts: 0

Best solution found:
   Cost: 967.3
   Total travel time: 2889.0
   Total tardiness time: 8.0
   Largest tardiness: 5.0


967.3
