--- BRKGA-MP-IPR for HHCRSP ---
Instance: new-instances/HHCRSP_200_40_72_1.2_C_RC.txt
Seed: 1

Reading data... Problem contains 200 patients  and 40 caregivers.

Summary of supply x demand for each service type:
Skill 0 has supply = 14 and demand = 55, ratio = 0.254545
Skill 1 has supply = 17 and demand = 49, ratio = 0.346939
Skill 2 has supply = 11 and demand = 30, ratio = 0.366667
Skill 3 has supply = 13 and demand = 39, ratio = 0.333333
Skill 4 has supply = 12 and demand = 47, ratio = 0.255319
Skill 5 has supply = 12 and demand = 40, ratio = 0.3

Reading parameters...
Inferred distance function by PR type: kendall-tau
Building BRKGA data and initializing...
Evolving 448 generations...

  Gens  Rem    Local   ElDiv NoImpr             Best solution            Time  Op
                                       Cost     Dist    Tard    TMax 
*    0  448  5155.33  402.86      0  5155.33  4306.00 10761.0   399.0     0.0    
*    2  446  4683.33  343.03      0  4683.33  4203.00  9431.0   416.0     0.1    
*    4  444  4407.33  348.90      0  4407.33  4156.00  8704.0   362.0     0.1    
*    6  442  3992.67  310.33      0  3992.67  4159.00  6514.0   377.0     0.1    
*    7  441  3683.33  306.96      0  3683.33  3999.00  6601.0   395.0     0.2    
*    8  440  3665.00  290.03      0  3665.00  4353.00  4855.0   295.0     0.2    
*    9  439  3167.67  270.16      0  3167.67  4034.00  4853.0   328.0     0.2    
*   10  438  3071.67  249.99      0  3071.67  4034.00  4853.0   328.0     0.2    
*   13  435  2911.67  175.71      0  2911.67  4028.00  4366.0   341.0     0.3    
*   15  433  2669.00  179.27      0  2669.00  4094.00  3563.0   350.0     0.3    
*   17  431  2550.33  162.54      0  2550.33  4028.00  3197.0   227.0     0.3    
*   18  430  2484.00  170.76      0  2484.00  4170.00  1877.0   178.0     0.4    
*   19  429  2075.00  168.88      0  2075.00  4170.00  1877.0   178.0     0.4    
*   21  427  1877.33  161.22      0  1877.33  4048.00  1427.0   157.0     0.4    
*   23  425  1690.67  150.41      0  1690.67  3797.00  1088.0   187.0     0.4    

  Gens  Rem    Local   ElDiv NoImpr             Best solution            Time  Op
                                       Cost     Dist    Tard    TMax 
*   28  420  1681.67   97.46      0  1681.67  4015.00   857.0   173.0     0.5    
*   30  418  1620.00   66.57      0  1620.00  3785.00   930.0   145.0     0.6    
*   32  416  1609.33   49.00      0  1609.33  3874.00   801.0   122.0     0.6    
*   33  415  1599.00   47.41      0  1599.00  3978.00   592.0   134.0     0.6    
*   34  414  1568.00   65.40      0  1568.00  3908.00   378.0    80.0     0.6    
*   35  413  1455.33   58.56      0  1455.33  3908.00   378.0    80.0     0.7    
*   38  410  1353.00   49.43      0  1353.00  3677.00   236.0   146.0     0.7    
*   43  405  1336.67   37.17      0  1336.67  3719.00   117.0    53.0     0.8    
*   44  404  1296.33   35.45      0  1296.33  3719.00   117.0    53.0     0.8    
*   48  400  1259.33   24.94      0  1259.33  3607.00    89.0    48.0     0.9    
*   49  399  1248.00   22.93      0  1248.00  3607.00    89.0    48.0     0.9    
    50  398  1248.00   20.03      1  1248.00  3607.00    89.0    48.0     0.9    
*   52  396  1235.00   17.71      0  1235.00  3604.00    74.0    27.0     1.0    
*   58  390  1229.33   13.10      0  1229.33  3633.00    30.0    11.0     1.1    
*   59  389  1224.67   14.04      0  1224.67  3627.00     6.0     3.0     1.1    
*   60  388  1212.00   15.62      0  1212.00  3537.00    46.0     9.0     1.1    

  Gens  Rem    Local   ElDiv NoImpr             Best solution            Time  Op
                                       Cost     Dist    Tard    TMax 
*   61  387  1197.33   15.45      0  1197.33  3537.00    46.0     9.0     1.1    
*   67  381  1183.00   14.09      0  1183.00  3534.00    11.0     4.0     1.3    
*   75  373  1181.67   10.22      0  1181.67  3488.00    48.0     9.0     1.4    
*   78  370  1179.33   10.26      0  1179.33  3468.00    27.0     9.0     1.5    
*   79  369  1168.00   10.46      0  1168.00  3468.00    27.0     9.0     1.5    
*   82  366  1162.33    9.26      0  1162.33  3483.00     2.0     2.0     1.5    
*   84  364  1143.33   10.07      0  1143.33  3417.00    10.0     3.0     1.6    
*   90  358  1130.00    9.82      0  1130.00  3362.00    22.0     6.0     1.7    
Path relinking result: too homogeneous.
    96  352  1130.00    9.71      7  1130.00  3362.00    22.0     6.0     1.8   P
*  100  348  1127.67    9.83      0  1127.67  3370.00     9.0     4.0     1.9    
*  103  345  1119.33    9.94      0  1119.33  3295.00    49.0    14.0     1.9    
*  108  340  1119.00    8.68      0  1119.00  3319.00    29.0     9.0     2.0    
*  114  334  1113.33    8.10      0  1113.33  3249.00    75.0    16.0     2.2    
*  118  330  1108.67    8.36      0  1108.67  3320.00     3.0     3.0     2.2    
*  123  325  1108.33    7.03      0  1108.33  3261.00    48.0    16.0     2.3    
*  125  323  1104.33    7.05      0  1104.33  3309.00     2.0     2.0     2.3    

  Gens  Rem    Local   ElDiv NoImpr             Best solution            Time  Op
                                       Cost     Dist    Tard    TMax 
*  130  318  1089.00    7.03      0  1089.00  3241.00    20.0     6.0     2.4    
*  135  313  1084.67    7.08      0  1084.67  3243.00     6.0     5.0     2.5    
*  147  301  1077.33    7.64      0  1077.33  3224.00     4.0     4.0     2.8    
   150  298  1077.33    7.78      3  1077.33  3224.00     4.0     4.0     2.8    
*  159  289  1072.33    7.75      0  1072.33  3207.00     7.0     3.0     3.0    
*  186  262  1059.67    7.20      0  1059.67  3168.00     8.0     3.0     3.5    
Path relinking result: too homogeneous.
   192  256  1059.67    7.34      7  1059.67  3168.00     8.0     3.0     3.6   P
   200  248  1059.67    7.64     14  1059.67  3168.00     8.0     3.0     3.8    
   250  198  1059.67    5.73     64  1059.67  3168.00     8.0     3.0     4.7    
*  252  196  1053.33    5.96      0  1053.33  3143.00    12.0     5.0     4.8    
*  270  178  1043.33    6.28      0  1043.33  3101.00    20.0     9.0     5.1    
Path relinking result: too homogeneous.
   288  160  1043.33    6.06     19  1043.33  3101.00    20.0     9.0     5.4   P
   300  148  1043.33    5.48     30  1043.33  3101.00    20.0     9.0     5.6    
*  313  135  1038.67    6.39      0  1038.67  3084.00    23.0     9.0     5.8    
*  329  119  1037.67    4.81      0  1037.67  3103.00     6.0     4.0     6.1    
*  331  117  1029.67    5.65      0  1029.67  3071.00    12.0     6.0     6.1    

  Gens  Rem    Local   ElDiv NoImpr             Best solution            Time  Op
                                       Cost     Dist    Tard    TMax 
*  335  113  1028.67    5.38      0  1028.67  3065.00    15.0     6.0     6.2    
*  341  107  1027.67    4.25      0  1027.67  3064.00    14.0     5.0     6.3    
*  343  105  1023.67    4.37      0  1023.67  3053.00     9.0     6.0     6.3    
*  344  104  1022.67    3.98      0  1022.67  3053.00     9.0     6.0     6.4    
*  349   99  1021.33    2.97      0  1021.33  3048.00     8.0     6.0     6.5    
*  350   98  1020.67    2.76      0  1020.67  3048.00     8.0     6.0     6.5    
*  353   95  1018.33    2.45      0  1018.33  3034.00    15.0     6.0     6.5    
*  355   93  1018.00    2.74      0  1018.00  3038.00     8.0     6.0     6.6    
*  356   92  1017.33    2.63      0  1017.33  3037.00     8.0     6.0     6.6    
*  357   91  1017.00    2.45      0  1017.00  3037.00     8.0     6.0     6.6    
*  359   89  1016.00    2.08      0  1016.00  3034.00     8.0     6.0     6.7    
*  361   87  1007.67    2.05      0  1007.67  3009.00     8.0     6.0     6.7    
*  371   77  1003.00    2.61      0  1003.00  2990.00     2.0     2.0     6.9    
*  372   76   998.00    2.88      0   998.00  2990.00     2.0     2.0     6.9    
*  378   70   997.33    1.83      0   997.33  2988.00     2.0     2.0     7.0    
*  382   66   996.67    0.92      0   996.67  2982.00     2.0     2.0     7.1    

  Gens  Rem    Local   ElDiv NoImpr             Best solution            Time  Op
                                       Cost     Dist    Tard    TMax 
*  383   65   995.33    0.99      0   995.33  2976.00     2.0     2.0     7.1    
*  384   64   993.33    1.26      0   993.33  2975.00     2.0     2.0     7.2    
Path relinking result: too homogeneous.
   384   64   993.00    1.26      0   993.33  2975.00     2.0     2.0     7.2   P
*  385   63   993.00    1.36      0   993.00  2971.00     2.0     2.0     7.2    
*  386   62   991.67    1.41      0   991.67  2971.00     2.0     2.0     7.2    
   400   48   991.67    0.00     14   991.67  2971.00     2.0     2.0     7.4    
*  403   45   989.67    0.35      0   989.67  2965.00     2.0     2.0     7.5    
*  410   38   985.67    0.85      0   985.67  2948.00     2.0     2.0     7.6    
*  411   37   984.00    0.87      0   984.00  2948.00     2.0     2.0     7.6    
*  416   32   983.33    2.03      0   983.33  2946.00     2.0     2.0     7.7    
*  420   28   981.67    1.03      0   981.67  2941.00     2.0     2.0     7.8    
*  433   15   981.33    0.04      0   981.33  2940.00     2.0     2.0     8.1    
   448    0   981.33    0.00     15   981.33  2940.00     2.0     2.0     8.3    
Evolutionary process finished.
Solution written to 'solution-23457.txt'.

Sorted sequence of worst to best tardiness value:
Task for patient = 94 with skills = {2,3} and cost = 245.3
   Vehicle #0 = 13, leaving at = 645.0
   Vehicle #1 = 22, leaving at = 675.0
   Increment on distance indicator: 27.0
   Increment on tard indicator:     2.0
   Value of tmax indicator:         27.0

Task for patient = 133 with skills = {4,-1} and cost = 520.7
   Vehicle #0 = 29, leaving at = 969.0
   Vehicle #1 = -1, leaving at = inf
   Increment on distance indicator: 4.0
   Increment on tard indicator:     0.0
   Value of tmax indicator:         4.0

Task for patient = 19 with skills = {3,-1} and cost = 522.3
   Vehicle #0 = 26, leaving at = 859.0
   Vehicle #1 = -1, leaving at = inf
   Increment on distance indicator: 5.0
   Increment on tard indicator:     0.0
   Value of tmax indicator:         5.0

Task for patient = 11 with skills = {3,-1} and cost = 525.3
   Vehicle #0 = 33, leaving at = 826.0
   Vehicle #1 = -1, leaving at = inf
   Increment on distance indicator: 9.0
   Increment on tard indicator:     0.0
   Value of tmax indicator:         9.0

Task for patient = 185 with skills = {5,-1} and cost = 525.7
   Vehicle #0 = 33, leaving at = 849.0
   Vehicle #1 = -1, leaving at = inf
   Increment on distance indicator: 1.0
   Increment on tard indicator:     0.0
   Value of tmax indicator:         1.0

Task for patient = 56 with skills = {0,5} and cost = 529.7
   Vehicle #0 = 5, leaving at = 881.0
   Vehicle #1 = 25, leaving at = 879.0
   Increment on distance indicator: 12.0
   Increment on tard indicator:     0.0
   Value of tmax indicator:         12.0

Task for patient = 25 with skills = {1,3} and cost = 533.0
   Vehicle #0 = 15, leaving at = 866.0
   Vehicle #1 = 35, leaving at = 876.0
   Increment on distance indicator: 10.0
   Increment on tard indicator:     0.0
   Value of tmax indicator:         10.0

Task for patient = 200 with skills = {1,-1} and cost = 534.0
   Vehicle #0 = 10, leaving at = 960.0
   Vehicle #1 = -1, leaving at = inf
   Increment on distance indicator: 3.0
   Increment on tard indicator:     0.0
   Value of tmax indicator:         3.0

Task for patient = 86 with skills = {4,-1} and cost = 543.3
   Vehicle #0 = 38, leaving at = 752.0
   Vehicle #1 = -1, leaving at = inf
   Increment on distance indicator: 28.0
   Increment on tard indicator:     0.0
   Value of tmax indicator:         28.0

Task for patient = 4 with skills = {5,-1} and cost = 545.7
   Vehicle #0 = 32, leaving at = 693.0
   Vehicle #1 = -1, leaving at = inf
   Increment on distance indicator: 7.0
   Increment on tard indicator:     0.0
   Value of tmax indicator:         7.0

Task for patient = 92 with skills = {5,-1} and cost = 546.7
   Vehicle #0 = 25, leaving at = 935.0
   Vehicle #1 = -1, leaving at = inf
   Increment on distance indicator: 3.0
   Increment on tard indicator:     0.0
   Value of tmax indicator:         3.0

Task for patient = 2 with skills = {2,-1} and cost = 547.3
   Vehicle #0 = 16, leaving at = 892.0
   Vehicle #1 = -1, leaving at = inf
   Increment on distance indicator: 2.0
   Increment on tard indicator:     0.0
   Value of tmax indicator:         2.0

Task for patient = 139 with skills = {4,-1} and cost = 581.0
   Vehicle #0 = 21, leaving at = 856.0
   Vehicle #1 = -1, leaving at = inf
   Increment on distance indicator: 3.0
   Increment on tard indicator:     0.0
   Value of tmax indicator:         3.0

Task for patient = 89 with skills = {1,-1} and cost = 550.3
   Vehicle #0 = 8, leaving at = 790.0
   Vehicle #1 = -1, leaving at = inf
   Increment on distance indicator: 5.0
   Increment on tard indicator:     0.0
   Value of tmax indicator:         5.0

Task for patient = 182 with skills = {0,3} and cost = 554.7
   Vehicle #0 = 9, leaving at = 996.0
   Vehicle #1 = 23, leaving at = 1011.0
   Increment on distance indicator: 13.0
   Increment on tard indicator:     0.0
   Value of tmax indicator:         13.0

Task for patient = 21 with skills = {0,4} and cost = 558.3
   Vehicle #0 = 5, leaving at = 942.0
   Vehicle #1 = 20, leaving at = 908.0
   Increment on distance indicator: 11.0
   Increment on tard indicator:     0.0
   Value of tmax indicator:         11.0

Task for patient = 29 with skills = {0,4} and cost = 559.7
   Vehicle #0 = 5, leaving at = 982.0
   Vehicle #1 = 20, leaving at = 994.0
   Increment on distance indicator: 4.0
   Increment on tard indicator:     0.0
   Value of tmax indicator:         4.0

Task for patient = 12 with skills = {0,-1} and cost = 562.3
   Vehicle #0 = 7, leaving at = 788.0
   Vehicle #1 = -1, leaving at = inf
   Increment on distance indicator: 8.0
   Increment on tard indicator:     0.0
   Value of tmax indicator:         8.0

Task for patient = 93 with skills = {1,-1} and cost = 564.3
   Vehicle #0 = 12, leaving at = 932.0
   Vehicle #1 = -1, leaving at = inf
   Increment on distance indicator: 6.0
   Increment on tard indicator:     0.0
   Value of tmax indicator:         6.0

Task for patient = 120 with skills = {0,-1} and cost = 565.7
   Vehicle #0 = 13, leaving at = 858.0
   Vehicle #1 = -1, leaving at = inf
   Increment on distance indicator: 4.0
   Increment on tard indicator:     0.0
   Value of tmax indicator:         4.0

Task for patient = 180 with skills = {4,-1} and cost = 567.3
   Vehicle #0 = 31, leaving at = 852.0
   Vehicle #1 = -1, leaving at = inf
   Increment on distance indicator: 5.0
   Increment on tard indicator:     0.0
   Value of tmax indicator:         5.0

Task for patient = 96 with skills = {0,4} and cost = 571.0
   Vehicle #0 = 7, leaving at = 879.0
   Vehicle #1 = 28, leaving at = 863.0
   Increment on distance indicator: 11.0
   Increment on tard indicator:     0.0
   Value of tmax indicator:         11.0

Task for patient = 151 with skills = {0,5} and cost = 579.0
   Vehicle #0 = 11, leaving at = 830.0
   Vehicle #1 = 32, leaving at = 803.0
   Increment on distance indicator: 24.0
   Increment on tard indicator:     0.0
   Value of tmax indicator:         24.0

Task for patient = 7 with skills = {3,-1} and cost = 580.0
   Vehicle #0 = 27, leaving at = 843.0
   Vehicle #1 = -1, leaving at = inf
   Increment on distance indicator: 3.0
   Increment on tard indicator:     0.0
   Value of tmax indicator:         3.0

Task for patient = 129 with skills = {5,-1} and cost = 548.7
   Vehicle #0 = 30, leaving at = 836.0
   Vehicle #1 = -1, leaving at = inf
   Increment on distance indicator: 4.0
   Increment on tard indicator:     0.0
   Value of tmax indicator:         4.0

Task for patient = 146 with skills = {1,-1} and cost = 460.3
   Vehicle #0 = 10, leaving at = 876.0
   Vehicle #1 = -1, leaving at = inf
   Increment on distance indicator: 3.0
   Increment on tard indicator:     0.0
   Value of tmax indicator:         3.0

Task for patient = 24 with skills = {2,5} and cost = 464.3
   Vehicle #0 = 16, leaving at = 875.0
   Vehicle #1 = 29, leaving at = 899.0
   Increment on distance indicator: 12.0
   Increment on tard indicator:     0.0
   Value of tmax indicator:         12.0

Task for patient = 171 with skills = {3,-1} and cost = 465.0
   Vehicle #0 = 26, leaving at = 837.0
   Vehicle #1 = -1, leaving at = inf
   Increment on distance indicator: 2.0
   Increment on tard indicator:     0.0
   Value of tmax indicator:         2.0

Task for patient = 64 with skills = {2,3} and cost = 472.0
   Vehicle #0 = 13, leaving at = 757.0
   Vehicle #1 = 20, leaving at = 783.0
   Increment on distance indicator: 21.0
   Increment on tard indicator:     0.0
   Value of tmax indicator:         21.0

Task for patient = 110 with skills = {2,-1} and cost = 473.7
   Vehicle #0 = 10, leaving at = 910.0
   Vehicle #1 = -1, leaving at = inf
   Increment on distance indicator: 5.0
   Increment on tard indicator:     0.0
   Value of tmax indicator:         5.0

Task for patient = 71 with skills = {0,3} and cost = 477.0
   Vehicle #0 = 15, leaving at = 780.0
   Vehicle #1 = 35, leaving at = 776.0
   Increment on distance indicator: 10.0
   Increment on tard indicator:     0.0
   Value of tmax indicator:         10.0

Task for patient = 128 with skills = {0,-1} and cost = 478.7
   Vehicle #0 = 6, leaving at = 910.0
   Vehicle #1 = -1, leaving at = inf
   Increment on distance indicator: 5.0
   Increment on tard indicator:     0.0
   Value of tmax indicator:         5.0

Task for patient = 51 with skills = {0,-1} and cost = 480.7
   Vehicle #0 = 9, leaving at = 757.0
   Vehicle #1 = -1, leaving at = inf
   Increment on distance indicator: 6.0
   Increment on tard indicator:     0.0
   Value of tmax indicator:         6.0

Task for patient = 40 with skills = {5,-1} and cost = 481.3
   Vehicle #0 = 29, leaving at = 937.0
   Vehicle #1 = -1, leaving at = inf
   Increment on distance indicator: 2.0
   Increment on tard indicator:     0.0
   Value of tmax indicator:         2.0

Task for patient = 87 with skills = {0,5} and cost = 485.3
   Vehicle #0 = 9, leaving at = 798.0
   Vehicle #1 = 31, leaving at = 811.0
   Increment on distance indicator: 12.0
   Increment on tard indicator:     0.0
   Value of tmax indicator:         12.0

Task for patient = 134 with skills = {5,-1} and cost = 487.0
   Vehicle #0 = 30, leaving at = 803.0
   Vehicle #1 = -1, leaving at = inf
   Increment on distance indicator: 5.0
   Increment on tard indicator:     0.0
   Value of tmax indicator:         5.0

Task for patient = 37 with skills = {0,4} and cost = 519.3
   Vehicle #0 = 5, leaving at = 847.0
   Vehicle #1 = 20, leaving at = 844.0
   Increment on distance indicator: 16.0
   Increment on tard indicator:     0.0
   Value of tmax indicator:         16.0

Task for patient = 6 with skills = {4,-1} and cost = 494.0
   Vehicle #0 = 36, leaving at = 891.0
   Vehicle #1 = -1, leaving at = inf
   Increment on distance indicator: 9.0
   Increment on tard indicator:     0.0
   Value of tmax indicator:         9.0

Task for patient = 95 with skills = {0,5} and cost = 498.7
   Vehicle #0 = 15, leaving at = 822.0
   Vehicle #1 = 35, leaving at = 837.0
   Increment on distance indicator: 14.0
   Increment on tard indicator:     0.0
   Value of tmax indicator:         14.0

Task for patient = 147 with skills = {4,-1} and cost = 500.7
   Vehicle #0 = 36, leaving at = 946.0
   Vehicle #1 = -1, leaving at = inf
   Increment on distance indicator: 6.0
   Increment on tard indicator:     0.0
   Value of tmax indicator:         6.0

Task for patient = 123 with skills = {4,-1} and cost = 502.7
   Vehicle #0 = 37, leaving at = 762.0
   Vehicle #1 = -1, leaving at = inf
   Increment on distance indicator: 6.0
   Increment on tard indicator:     0.0
   Value of tmax indicator:         6.0

Task for patient = 30 with skills = {4,-1} and cost = 503.3
   Vehicle #0 = 37, leaving at = 804.0
   Vehicle #1 = -1, leaving at = inf
   Increment on distance indicator: 2.0
   Increment on tard indicator:     0.0
   Value of tmax indicator:         2.0

Task for patient = 107 with skills = {0,-1} and cost = 504.7
   Vehicle #0 = 12, leaving at = 882.0
   Vehicle #1 = -1, leaving at = inf
   Increment on distance indicator: 4.0
   Increment on tard indicator:     0.0
   Value of tmax indicator:         4.0

Task for patient = 143 with skills = {1,-1} and cost = 505.7
   Vehicle #0 = 3, leaving at = 850.0
   Vehicle #1 = -1, leaving at = inf
   Increment on distance indicator: 3.0
   Increment on tard indicator:     0.0
   Value of tmax indicator:         3.0

Task for patient = 173 with skills = {3,-1} and cost = 508.0
   Vehicle #0 = 23, leaving at = 967.0
   Vehicle #1 = -1, leaving at = inf
   Increment on distance indicator: 7.0
   Increment on tard indicator:     0.0
   Value of tmax indicator:         7.0

Task for patient = 126 with skills = {1,-1} and cost = 510.3
   Vehicle #0 = 0, leaving at = 889.0
   Vehicle #1 = -1, leaving at = inf
   Increment on distance indicator: 7.0
   Increment on tard indicator:     0.0
   Value of tmax indicator:         7.0

Task for patient = 70 with skills = {5,-1} and cost = 512.0
   Vehicle #0 = 33, leaving at = 766.0
   Vehicle #1 = -1, leaving at = inf
   Increment on distance indicator: 5.0
   Increment on tard indicator:     0.0
   Value of tmax indicator:         5.0

Task for patient = 152 with skills = {2,-1} and cost = 513.0
   Vehicle #0 = 13, leaving at = 829.0
   Vehicle #1 = -1, leaving at = inf
   Increment on distance indicator: 3.0
   Increment on tard indicator:     0.0
   Value of tmax indicator:         3.0

Task for patient = 142 with skills = {1,-1} and cost = 514.0
   Vehicle #0 = 3, leaving at = 906.0
   Vehicle #1 = -1, leaving at = inf
   Increment on distance indicator: 3.0
   Increment on tard indicator:     0.0
   Value of tmax indicator:         3.0

Task for patient = 138 with skills = {4,-1} and cost = 491.0
   Vehicle #0 = 21, leaving at = 765.0
   Vehicle #1 = -1, leaving at = inf
   Increment on distance indicator: 12.0
   Increment on tard indicator:     0.0
   Value of tmax indicator:         12.0

Task for patient = 189 with skills = {1,-1} and cost = 656.7
   Vehicle #0 = 1, leaving at = 918.0
   Vehicle #1 = -1, leaving at = inf
   Increment on distance indicator: 6.0
   Increment on tard indicator:     0.0
   Value of tmax indicator:         6.0

Task for patient = 91 with skills = {2,-1} and cost = 661.3
   Vehicle #0 = 1, leaving at = 949.0
   Vehicle #1 = -1, leaving at = inf
   Increment on distance indicator: 14.0
   Increment on tard indicator:     0.0
   Value of tmax indicator:         14.0

Task for patient = 169 with skills = {0,-1} and cost = 664.0
   Vehicle #0 = 11, leaving at = 940.0
   Vehicle #1 = -1, leaving at = inf
   Increment on distance indicator: 8.0
   Increment on tard indicator:     0.0
   Value of tmax indicator:         8.0

Task for patient = 23 with skills = {0,-1} and cost = 666.0
   Vehicle #0 = 15, leaving at = 958.0
   Vehicle #1 = -1, leaving at = inf
   Increment on distance indicator: 6.0
   Increment on tard indicator:     0.0
   Value of tmax indicator:         6.0

Task for patient = 31 with skills = {5,-1} and cost = 668.3
   Vehicle #0 = 25, leaving at = 1001.0
   Vehicle #1 = -1, leaving at = inf
   Increment on distance indicator: 7.0
   Increment on tard indicator:     0.0
   Value of tmax indicator:         7.0

Task for patient = 148 with skills = {2,-1} and cost = 669.3
   Vehicle #0 = 10, leaving at = 1008.0
   Vehicle #1 = -1, leaving at = inf
   Increment on distance indicator: 3.0
   Increment on tard indicator:     0.0
   Value of tmax indicator:         3.0

Task for patient = 188 with skills = {5,-1} and cost = 670.0
   Vehicle #0 = 32, leaving at = 904.0
   Vehicle #1 = -1, leaving at = inf
   Increment on distance indicator: 2.0
   Increment on tard indicator:     0.0
   Value of tmax indicator:         2.0

Task for patient = 41 with skills = {2,3} and cost = 672.7
   Vehicle #0 = 5, leaving at = 1003.0
   Vehicle #1 = 20, leaving at = 1063.0
   Increment on distance indicator: 8.0
   Increment on tard indicator:     0.0
   Value of tmax indicator:         8.0

Task for patient = 47 with skills = {0,-1} and cost = 677.0
   Vehicle #0 = 6, leaving at = 940.0
   Vehicle #1 = -1, leaving at = inf
   Increment on distance indicator: 13.0
   Increment on tard indicator:     0.0
   Value of tmax indicator:         13.0

Task for patient = 141 with skills = {5,-1} and cost = 679.3
   Vehicle #0 = 29, leaving at = 1009.0
   Vehicle #1 = -1, leaving at = inf
   Increment on distance indicator: 7.0
   Increment on tard indicator:     0.0
   Value of tmax indicator:         7.0

Task for patient = 97 with skills = {1,5} and cost = 684.3
   Vehicle #0 = 15, leaving at = 1024.0
   Vehicle #1 = 32, leaving at = 1023.0
   Increment on distance indicator: 15.0
   Increment on tard indicator:     0.0
   Value of tmax indicator:         15.0

Task for patient = 183 with skills = {1,4} and cost = 583.0
   Vehicle #0 = 16, leaving at = 955.0
   Vehicle #1 = 26, leaving at = 962.0
   Increment on distance indicator: 6.0
   Increment on tard indicator:     0.0
   Value of tmax indicator:         6.0

Task for patient = 101 with skills = {0,-1} and cost = 685.7
   Vehicle #0 = 6, leaving at = 967.0
   Vehicle #1 = -1, leaving at = inf
   Increment on distance indicator: 2.0
   Increment on tard indicator:     0.0
   Value of tmax indicator:         2.0

Task for patient = 18 with skills = {5,-1} and cost = 687.0
   Vehicle #0 = 35, leaving at = 1009.0
   Vehicle #1 = -1, leaving at = inf
   Increment on distance indicator: 4.0
   Increment on tard indicator:     0.0
   Value of tmax indicator:         4.0

Task for patient = 168 with skills = {5,-1} and cost = 691.0
   Vehicle #0 = 34, leaving at = 944.0
   Vehicle #1 = -1, leaving at = inf
   Increment on distance indicator: 12.0
   Increment on tard indicator:     0.0
   Value of tmax indicator:         12.0

Task for patient = 184 with skills = {1,4} and cost = 697.7
   Vehicle #0 = 1, leaving at = 1013.0
   Vehicle #1 = 24, leaving at = 978.0
   Increment on distance indicator: 20.0
   Increment on tard indicator:     0.0
   Value of tmax indicator:         20.0

Task for patient = 73 with skills = {1,3} and cost = 700.3
   Vehicle #0 = 6, leaving at = 1027.0
   Vehicle #1 = 22, leaving at = 997.0
   Increment on distance indicator: 8.0
   Increment on tard indicator:     0.0
   Value of tmax indicator:         8.0

Task for patient = 124 with skills = {1,-1} and cost = 702.0
   Vehicle #0 = 8, leaving at = 979.0
   Vehicle #1 = -1, leaving at = inf
   Increment on distance indicator: 5.0
   Increment on tard indicator:     0.0
   Value of tmax indicator:         5.0

Task for patient = 135 with skills = {0,3} and cost = 706.7
   Vehicle #0 = 5, leaving at = 1030.0
   Vehicle #1 = 22, leaving at = 1045.0
   Increment on distance indicator: 14.0
   Increment on tard indicator:     0.0
   Value of tmax indicator:         14.0

Task for patient = 26 with skills = {4,-1} and cost = 709.3
   Vehicle #0 = 25, leaving at = 1060.0
   Vehicle #1 = -1, leaving at = inf
   Increment on distance indicator: 8.0
   Increment on tard indicator:     0.0
   Value of tmax indicator:         8.0

Task for patient = 113 with skills = {0,-1} and cost = 711.0
   Vehicle #0 = 12, leaving at = 1055.0
   Vehicle #1 = -1, leaving at = inf
   Increment on distance indicator: 5.0
   Increment on tard indicator:     0.0
   Value of tmax indicator:         5.0

Task for patient = 119 with skills = {0,3} and cost = 715.0
   Vehicle #0 = 13, leaving at = 984.0
   Vehicle #1 = 37, leaving at = 1012.0
   Increment on distance indicator: 12.0
   Increment on tard indicator:     0.0
   Value of tmax indicator:         12.0

Task for patient = 154 with skills = {4,-1} and cost = 719.3
   Vehicle #0 = 37, leaving at = 1054.0
   Vehicle #1 = -1, leaving at = inf
   Increment on distance indicator: 13.0
   Increment on tard indicator:     0.0
   Value of tmax indicator:         13.0

Task for patient = 179 with skills = {2,5} and cost = 720.7
   Vehicle #0 = 10, leaving at = 1057.0
   Vehicle #1 = 30, leaving at = 1067.0
   Increment on distance indicator: 4.0
   Increment on tard indicator:     0.0
   Value of tmax indicator:         4.0

Task for patient = 62 with skills = {5,-1} and cost = 685.0
   Vehicle #0 = 31, leaving at = 918.0
   Vehicle #1 = -1, leaving at = inf
   Increment on distance indicator: 2.0
   Increment on tard indicator:     0.0
   Value of tmax indicator:         2.0

Task for patient = 199 with skills = {0,-1} and cost = 459.3
   Vehicle #0 = 12, leaving at = 825.0
   Vehicle #1 = -1, leaving at = inf
   Increment on distance indicator: 5.0
   Increment on tard indicator:     0.0
   Value of tmax indicator:         5.0

Task for patient = 155 with skills = {0,-1} and cost = 584.7
   Vehicle #0 = 13, leaving at = 910.0
   Vehicle #1 = -1, leaving at = inf
   Increment on distance indicator: 5.0
   Increment on tard indicator:     0.0
   Value of tmax indicator:         5.0

Task for patient = 177 with skills = {1,-1} and cost = 586.7
   Vehicle #0 = 8, leaving at = 834.0
   Vehicle #1 = -1, leaving at = inf
   Increment on distance indicator: 6.0
   Increment on tard indicator:     0.0
   Value of tmax indicator:         6.0

Task for patient = 121 with skills = {1,-1} and cost = 587.3
   Vehicle #0 = 3, leaving at = 980.0
   Vehicle #1 = -1, leaving at = inf
   Increment on distance indicator: 2.0
   Increment on tard indicator:     0.0
   Value of tmax indicator:         2.0

Task for patient = 34 with skills = {1,-1} and cost = 589.3
   Vehicle #0 = 4, leaving at = 852.0
   Vehicle #1 = -1, leaving at = inf
   Increment on distance indicator: 6.0
   Increment on tard indicator:     0.0
   Value of tmax indicator:         6.0

Task for patient = 158 with skills = {2,5} and cost = 594.3
   Vehicle #0 = 8, leaving at = 875.0
   Vehicle #1 = 27, leaving at = 912.0
   Increment on distance indicator: 15.0
   Increment on tard indicator:     0.0
   Value of tmax indicator:         15.0

Task for patient = 78 with skills = {3,-1} and cost = 597.7
   Vehicle #0 = 23, leaving at = 1053.0
   Vehicle #1 = -1, leaving at = inf
   Increment on distance indicator: 10.0
   Increment on tard indicator:     0.0
   Value of tmax indicator:         10.0

Task for patient = 105 with skills = {0,3} and cost = 602.7
   Vehicle #0 = 7, leaving at = 938.0
   Vehicle #1 = 27, leaving at = 937.0
   Increment on distance indicator: 15.0
   Increment on tard indicator:     0.0
   Value of tmax indicator:         15.0

Task for patient = 82 with skills = {0,-1} and cost = 603.7
   Vehicle #0 = 3, leaving at = 1021.0
   Vehicle #1 = -1, leaving at = inf
   Increment on distance indicator: 3.0
   Increment on tard indicator:     0.0
   Value of tmax indicator:         3.0

Task for patient = 17 with skills = {2,4} and cost = 607.0
   Vehicle #0 = 16, leaving at = 1018.0
   Vehicle #1 = 26, leaving at = 1002.0
   Increment on distance indicator: 10.0
   Increment on tard indicator:     0.0
   Value of tmax indicator:         10.0

Task for patient = 161 with skills = {2,-1} and cost = 608.0
   Vehicle #0 = 8, leaving at = 935.0
   Vehicle #1 = -1, leaving at = inf
   Increment on distance indicator: 3.0
   Increment on tard indicator:     0.0
   Value of tmax indicator:         3.0

Task for patient = 42 with skills = {2,-1} and cost = 654.7
   Vehicle #0 = 17, leaving at = 861.0
   Vehicle #1 = -1, leaving at = inf
   Increment on distance indicator: 13.0
   Increment on tard indicator:     0.0
   Value of tmax indicator:         13.0

Task for patient = 33 with skills = {2,-1} and cost = 615.7
   Vehicle #0 = 14, leaving at = 926.0
   Vehicle #1 = -1, leaving at = inf
   Increment on distance indicator: 5.0
   Increment on tard indicator:     0.0
   Value of tmax indicator:         5.0

Task for patient = 156 with skills = {4,-1} and cost = 618.7
   Vehicle #0 = 37, leaving at = 891.0
   Vehicle #1 = -1, leaving at = inf
   Increment on distance indicator: 9.0
   Increment on tard indicator:     0.0
   Value of tmax indicator:         9.0

Task for patient = 67 with skills = {2,3} and cost = 622.0
   Vehicle #0 = 13, leaving at = 957.0
   Vehicle #1 = 37, leaving at = 961.0
   Increment on distance indicator: 10.0
   Increment on tard indicator:     0.0
   Value of tmax indicator:         10.0

Task for patient = 140 with skills = {0,-1} and cost = 623.7
   Vehicle #0 = 3, leaving at = 1062.0
   Vehicle #1 = -1, leaving at = inf
   Increment on distance indicator: 5.0
   Increment on tard indicator:     0.0
   Value of tmax indicator:         5.0

Task for patient = 106 with skills = {0,-1} and cost = 627.3
   Vehicle #0 = 2, leaving at = 924.0
   Vehicle #1 = -1, leaving at = inf
   Increment on distance indicator: 11.0
   Increment on tard indicator:     0.0
   Value of tmax indicator:         11.0

Task for patient = 108 with skills = {1,4} and cost = 636.3
   Vehicle #0 = 11, leaving at = 896.0
   Vehicle #1 = 38, leaving at = 907.0
   Increment on distance indicator: 27.0
   Increment on tard indicator:     0.0
   Value of tmax indicator:         27.0

Task for patient = 136 with skills = {1,-1} and cost = 639.7
   Vehicle #0 = 14, leaving at = 962.0
   Vehicle #1 = -1, leaving at = inf
   Increment on distance indicator: 10.0
   Increment on tard indicator:     0.0
   Value of tmax indicator:         10.0

Task for patient = 181 with skills = {5,-1} and cost = 642.0
   Vehicle #0 = 33, leaving at = 910.0
   Vehicle #1 = -1, leaving at = inf
   Increment on distance indicator: 7.0
   Increment on tard indicator:     0.0
   Value of tmax indicator:         7.0

Task for patient = 53 with skills = {1,3} and cost = 644.0
   Vehicle #0 = 12, leaving at = 1014.0
   Vehicle #1 = 26, leaving at = 1028.0
   Increment on distance indicator: 6.0
   Increment on tard indicator:     0.0
   Value of tmax indicator:         6.0

Task for patient = 45 with skills = {5,-1} and cost = 645.0
   Vehicle #0 = 31, leaving at = 881.0
   Vehicle #1 = -1, leaving at = inf
   Increment on distance indicator: 3.0
   Increment on tard indicator:     0.0
   Value of tmax indicator:         3.0

Task for patient = 65 with skills = {0,-1} and cost = 649.0
   Vehicle #0 = 14, leaving at = 1017.0
   Vehicle #1 = -1, leaving at = inf
   Increment on distance indicator: 12.0
   Increment on tard indicator:     0.0
   Value of tmax indicator:         12.0

Task for patient = 63 with skills = {3,-1} and cost = 650.3
   Vehicle #0 = 36, leaving at = 1005.0
   Vehicle #1 = -1, leaving at = inf
   Increment on distance indicator: 4.0
   Increment on tard indicator:     0.0
   Value of tmax indicator:         4.0

Task for patient = 61 with skills = {1,3} and cost = 614.0
   Vehicle #0 = 15, leaving at = 909.0
   Vehicle #1 = 35, leaving at = 906.0
   Increment on distance indicator: 18.0
   Increment on tard indicator:     0.0
   Value of tmax indicator:         18.0

Task for patient = 116 with skills = {2,4} and cost = 180.3
   Vehicle #0 = 13, leaving at = 571.0
   Vehicle #1 = 26, leaving at = 587.0
   Increment on distance indicator: 66.0
   Increment on tard indicator:     0.0
   Value of tmax indicator:         66.0

Task for patient = 88 with skills = {0,3} and cost = 183.0
   Vehicle #0 = 2, leaving at = 603.0
   Vehicle #1 = 24, leaving at = 625.0
   Increment on distance indicator: 8.0
   Increment on tard indicator:     0.0
   Value of tmax indicator:         8.0

Task for patient = 153 with skills = {4,-1} and cost = 186.7
   Vehicle #0 = 28, leaving at = 561.0
   Vehicle #1 = -1, leaving at = inf
   Increment on distance indicator: 11.0
   Increment on tard indicator:     0.0
   Value of tmax indicator:         11.0

Task for patient = 27 with skills = {0,-1} and cost = 187.7
   Vehicle #0 = 7, leaving at = 746.0
   Vehicle #1 = -1, leaving at = inf
   Increment on distance indicator: 3.0
   Increment on tard indicator:     0.0
   Value of tmax indicator:         3.0

Task for patient = 98 with skills = {4,-1} and cost = 189.7
   Vehicle #0 = 25, leaving at = 767.0
   Vehicle #1 = -1, leaving at = inf
   Increment on distance indicator: 6.0
   Increment on tard indicator:     0.0
   Value of tmax indicator:         6.0

Task for patient = 176 with skills = {3,-1} and cost = 196.3
   Vehicle #0 = 23, leaving at = 776.0
   Vehicle #1 = -1, leaving at = inf
   Increment on distance indicator: 20.0
   Increment on tard indicator:     0.0
   Value of tmax indicator:         20.0

Task for patient = 36 with skills = {4,-1} and cost = 198.3
   Vehicle #0 = 26, leaving at = 622.0
   Vehicle #1 = -1, leaving at = inf
   Increment on distance indicator: 6.0
   Increment on tard indicator:     0.0
   Value of tmax indicator:         6.0

Task for patient = 84 with skills = {1,4} and cost = 201.7
   Vehicle #0 = 10, leaving at = 759.0
   Vehicle #1 = 28, leaving at = 759.0
   Increment on distance indicator: 10.0
   Increment on tard indicator:     0.0
   Value of tmax indicator:         10.0

Task for patient = 50 with skills = {1,3} and cost = 203.0
   Vehicle #0 = 3, leaving at = 618.0
   Vehicle #1 = 22, leaving at = 638.0
   Increment on distance indicator: 4.0
   Increment on tard indicator:     0.0
   Value of tmax indicator:         4.0

Task for patient = 178 with skills = {4,-1} and cost = 204.0
   Vehicle #0 = 31, leaving at = 574.0
   Vehicle #1 = -1, leaving at = inf
   Increment on distance indicator: 3.0
   Increment on tard indicator:     0.0
   Value of tmax indicator:         3.0

Task for patient = 54 with skills = {4,-1} and cost = 208.7
   Vehicle #0 = 36, leaving at = 571.0
   Vehicle #1 = -1, leaving at = inf
   Increment on distance indicator: 14.0
   Increment on tard indicator:     0.0
   Value of tmax indicator:         14.0

Task for patient = 8 with skills = {0,4} and cost = 457.7
   Vehicle #0 = 10, leaving at = 822.0
   Vehicle #1 = 36, leaving at = 851.0
   Increment on distance indicator: 12.0
   Increment on tard indicator:     0.0
   Value of tmax indicator:         12.0

Task for patient = 115 with skills = {0,4} and cost = 221.7
   Vehicle #0 = 9, leaving at = 637.0
   Vehicle #1 = 31, leaving at = 595.0
   Increment on distance indicator: 27.0
   Increment on tard indicator:     0.0
   Value of tmax indicator:         27.0

Task for patient = 10 with skills = {4,-1} and cost = 224.7
   Vehicle #0 = 20, leaving at = 722.0
   Vehicle #1 = -1, leaving at = inf
   Increment on distance indicator: 9.0
   Increment on tard indicator:     0.0
   Value of tmax indicator:         9.0

Task for patient = 164 with skills = {0,5} and cost = 229.3
   Vehicle #0 = 6, leaving at = 779.0
   Vehicle #1 = 25, leaving at = 789.0
   Increment on distance indicator: 14.0
   Increment on tard indicator:     0.0
   Value of tmax indicator:         14.0

Task for patient = 52 with skills = {5,-1} and cost = 234.0
   Vehicle #0 = 27, leaving at = 780.0
   Vehicle #1 = -1, leaving at = inf
   Increment on distance indicator: 14.0
   Increment on tard indicator:     0.0
   Value of tmax indicator:         14.0

Task for patient = 170 with skills = {5,-1} and cost = 235.0
   Vehicle #0 = 31, leaving at = 659.0
   Vehicle #1 = -1, leaving at = inf
   Increment on distance indicator: 3.0
   Increment on tard indicator:     0.0
   Value of tmax indicator:         3.0

Task for patient = 145 with skills = {3,-1} and cost = 250.3
   Vehicle #0 = 33, leaving at = 600.0
   Vehicle #1 = -1, leaving at = inf
   Increment on distance indicator: 15.0
   Increment on tard indicator:     0.0
   Value of tmax indicator:         15.0

Task for patient = 32 with skills = {1,-1} and cost = 250.3
   Vehicle #0 = 4, leaving at = 772.0
   Vehicle #1 = -1, leaving at = inf
   Increment on distance indicator: 0.0
   Increment on tard indicator:     0.0
   Value of tmax indicator:         0.0

Task for patient = 72 with skills = {1,4} and cost = 253.3
   Vehicle #0 = 3, leaving at = 715.0
   Vehicle #1 = 26, leaving at = 728.0
   Increment on distance indicator: 9.0
   Increment on tard indicator:     0.0
   Value of tmax indicator:         9.0

Task for patient = 75 with skills = {1,-1} and cost = 255.0
   Vehicle #0 = 3, leaving at = 765.0
   Vehicle #1 = -1, leaving at = inf
   Increment on distance indicator: 5.0
   Increment on tard indicator:     0.0
   Value of tmax indicator:         5.0

Task for patient = 125 with skills = {0,4} and cost = 263.0
   Vehicle #0 = 11, leaving at = 646.0
   Vehicle #1 = 37, leaving at = 631.0
   Increment on distance indicator: 24.0
   Increment on tard indicator:     0.0
   Value of tmax indicator:         24.0

Task for patient = 103 with skills = {2,-1} and cost = 269.0
   Vehicle #0 = 14, leaving at = 541.0
   Vehicle #1 = -1, leaving at = inf
   Increment on distance indicator: 18.0
   Increment on tard indicator:     0.0
   Value of tmax indicator:         18.0

Task for patient = 163 with skills = {3,-1} and cost = 272.0
   Vehicle #0 = 26, leaving at = 754.0
   Vehicle #1 = -1, leaving at = inf
   Increment on distance indicator: 9.0
   Increment on tard indicator:     0.0
   Value of tmax indicator:         9.0

Task for patient = 76 with skills = {0,-1} and cost = 212.7
   Vehicle #0 = 3, leaving at = 668.0
   Vehicle #1 = -1, leaving at = inf
   Increment on distance indicator: 12.0
   Increment on tard indicator:     0.0
   Value of tmax indicator:         12.0

Task for patient = 144 with skills = {5,-1} and cost = 4.3
   Vehicle #0 = 21, leaving at = 611.0
   Vehicle #1 = -1, leaving at = inf
   Increment on distance indicator: 13.0
   Increment on tard indicator:     0.0
   Value of tmax indicator:         13.0

Task for patient = 14 with skills = {0,-1} and cost = 12.7
   Vehicle #0 = 0, leaving at = 593.0
   Vehicle #1 = -1, leaving at = inf
   Increment on distance indicator: 25.0
   Increment on tard indicator:     0.0
   Value of tmax indicator:         25.0

Task for patient = 186 with skills = {2,-1} and cost = 18.0
   Vehicle #0 = 1, leaving at = 713.0
   Vehicle #1 = -1, leaving at = inf
   Increment on distance indicator: 16.0
   Increment on tard indicator:     0.0
   Value of tmax indicator:         16.0

Task for patient = 114 with skills = {1,-1} and cost = 22.0
   Vehicle #0 = 0, leaving at = 650.0
   Vehicle #1 = -1, leaving at = inf
   Increment on distance indicator: 12.0
   Increment on tard indicator:     0.0
   Value of tmax indicator:         12.0

Task for patient = 44 with skills = {2,5} and cost = 37.3
   Vehicle #0 = 2, leaving at = 536.0
   Vehicle #1 = 24, leaving at = 568.0
   Increment on distance indicator: 46.0
   Increment on tard indicator:     0.0
   Value of tmax indicator:         46.0

Task for patient = 16 with skills = {5,-1} and cost = 45.3
   Vehicle #0 = 25, leaving at = 530.0
   Vehicle #1 = -1, leaving at = inf
   Increment on distance indicator: 24.0
   Increment on tard indicator:     0.0
   Value of tmax indicator:         24.0

Task for patient = 20 with skills = {2,-1} and cost = 51.0
   Vehicle #0 = 5, leaving at = 609.0
   Vehicle #1 = -1, leaving at = inf
   Increment on distance indicator: 17.0
   Increment on tard indicator:     0.0
   Value of tmax indicator:         17.0

Task for patient = 69 with skills = {2,5} and cost = 60.3
   Vehicle #0 = 6, leaving at = 572.0
   Vehicle #1 = 27, leaving at = 571.0
   Increment on distance indicator: 28.0
   Increment on tard indicator:     0.0
   Value of tmax indicator:         28.0

Task for patient = 111 with skills = {2,3} and cost = 66.7
   Vehicle #0 = 5, leaving at = 648.0
   Vehicle #1 = 25, leaving at = 670.0
   Increment on distance indicator: 19.0
   Increment on tard indicator:     0.0
   Value of tmax indicator:         19.0

Task for patient = 160 with skills = {1,-1} and cost = 70.7
   Vehicle #0 = 1, leaving at = 770.0
   Vehicle #1 = -1, leaving at = inf
   Increment on distance indicator: 12.0
   Increment on tard indicator:     0.0
   Value of tmax indicator:         12.0

Task for patient = 149 with skills = {1,5} and cost = 79.3
   Vehicle #0 = 6, leaving at = 614.0
   Vehicle #1 = 27, leaving at = 609.0
   Increment on distance indicator: 26.0
   Increment on tard indicator:     0.0
   Value of tmax indicator:         26.0

Task for patient = 137 with skills = {1,3} and cost = 158.3
   Vehicle #0 = 3, leaving at = 587.0
   Vehicle #1 = 22, leaving at = 563.0
   Increment on distance indicator: 37.0
   Increment on tard indicator:     0.0
   Value of tmax indicator:         37.0

Task for patient = 100 with skills = {0,4} and cost = 89.3
   Vehicle #0 = 0, leaving at = 730.0
   Vehicle #1 = 27, leaving at = 751.0
   Increment on distance indicator: 18.0
   Increment on tard indicator:     0.0
   Value of tmax indicator:         18.0

Task for patient = 122 with skills = {5,-1} and cost = 93.3
   Vehicle #0 = 29, leaving at = 509.0
   Vehicle #1 = -1, leaving at = inf
   Increment on distance indicator: 12.0
   Increment on tard indicator:     0.0
   Value of tmax indicator:         12.0

Task for patient = 150 with skills = {4,-1} and cost = 97.3
   Vehicle #0 = 25, leaving at = 720.0
   Vehicle #1 = -1, leaving at = inf
   Increment on distance indicator: 12.0
   Increment on tard indicator:     0.0
   Value of tmax indicator:         12.0

Task for patient = 102 with skills = {2,4} and cost = 106.7
   Vehicle #0 = 8, leaving at = 648.0
   Vehicle #1 = 29, leaving at = 642.0
   Increment on distance indicator: 28.0
   Increment on tard indicator:     0.0
   Value of tmax indicator:         28.0

Task for patient = 59 with skills = {0,-1} and cost = 109.7
   Vehicle #0 = 6, leaving at = 712.0
   Vehicle #1 = -1, leaving at = inf
   Increment on distance indicator: 9.0
   Increment on tard indicator:     0.0
   Value of tmax indicator:         9.0

Task for patient = 48 with skills = {4,-1} and cost = 115.7
   Vehicle #0 = 29, leaving at = 708.0
   Vehicle #1 = -1, leaving at = inf
   Increment on distance indicator: 18.0
   Increment on tard indicator:     0.0
   Value of tmax indicator:         18.0

Task for patient = 132 with skills = {1,3} and cost = 126.3
   Vehicle #0 = 3, leaving at = 526.0
   Vehicle #1 = 20, leaving at = 566.0
   Increment on distance indicator: 32.0
   Increment on tard indicator:     0.0
   Value of tmax indicator:         32.0

Task for patient = 13 with skills = {4,-1} and cost = 131.0
   Vehicle #0 = 20, leaving at = 639.0
   Vehicle #1 = -1, leaving at = inf
   Increment on distance indicator: 14.0
   Increment on tard indicator:     0.0
   Value of tmax indicator:         14.0

Task for patient = 5 with skills = {2,5} and cost = 137.7
   Vehicle #0 = 10, leaving at = 663.0
   Vehicle #1 = 30, leaving at = 683.0
   Increment on distance indicator: 20.0
   Increment on tard indicator:     0.0
   Value of tmax indicator:         20.0

Task for patient = 196 with skills = {5,-1} and cost = 143.7
   Vehicle #0 = 31, leaving at = 534.0
   Vehicle #1 = -1, leaving at = inf
   Increment on distance indicator: 18.0
   Increment on tard indicator:     0.0
   Value of tmax indicator:         18.0

Task for patient = 79 with skills = {1,5} and cost = 145.0
   Vehicle #0 = 10, leaving at = 701.0
   Vehicle #1 = 30, leaving at = 715.0
   Increment on distance indicator: 4.0
   Increment on tard indicator:     0.0
   Value of tmax indicator:         4.0

Task for patient = 43 with skills = {3,-1} and cost = 146.0
   Vehicle #0 = 20, leaving at = 667.0
   Vehicle #1 = -1, leaving at = inf
   Increment on distance indicator: 3.0
   Increment on tard indicator:     0.0
   Value of tmax indicator:         3.0

Task for patient = 80 with skills = {2,-1} and cost = 83.3
   Vehicle #0 = 8, leaving at = 571.0
   Vehicle #1 = -1, leaving at = inf
   Increment on distance indicator: 12.0
   Increment on tard indicator:     0.0
   Value of tmax indicator:         12.0

Task for patient = 38 with skills = {1,-1} and cost = 356.7
   Vehicle #0 = 15, leaving at = 604.0
   Vehicle #1 = -1, leaving at = inf
   Increment on distance indicator: 7.0
   Increment on tard indicator:     0.0
   Value of tmax indicator:         7.0

Task for patient = 191 with skills = {1,-1} and cost = 362.0
   Vehicle #0 = 5, leaving at = 684.0
   Vehicle #1 = -1, leaving at = inf
   Increment on distance indicator: 16.0
   Increment on tard indicator:     0.0
   Value of tmax indicator:         16.0

Task for patient = 57 with skills = {1,-1} and cost = 362.7
   Vehicle #0 = 5, leaving at = 728.0
   Vehicle #1 = -1, leaving at = inf
   Increment on distance indicator: 2.0
   Increment on tard indicator:     0.0
   Value of tmax indicator:         2.0

Task for patient = 68 with skills = {3,-1} and cost = 364.7
   Vehicle #0 = 22, leaving at = 782.0
   Vehicle #1 = -1, leaving at = inf
   Increment on distance indicator: 6.0
   Increment on tard indicator:     0.0
   Value of tmax indicator:         6.0

Task for patient = 165 with skills = {0,-1} and cost = 365.3
   Vehicle #0 = 15, leaving at = 629.0
   Vehicle #1 = -1, leaving at = inf
   Increment on distance indicator: 2.0
   Increment on tard indicator:     0.0
   Value of tmax indicator:         2.0

Task for patient = 112 with skills = {1,3} and cost = 382.0
   Vehicle #0 = 16, leaving at = 567.0
   Vehicle #1 = 35, leaving at = 583.0
   Increment on distance indicator: 50.0
   Increment on tard indicator:     0.0
   Value of tmax indicator:         50.0

Task for patient = 192 with skills = {1,-1} and cost = 388.0
   Vehicle #0 = 17, leaving at = 625.0
   Vehicle #1 = -1, leaving at = inf
   Increment on distance indicator: 18.0
   Increment on tard indicator:     0.0
   Value of tmax indicator:         18.0

Task for patient = 28 with skills = {1,-1} and cost = 389.0
   Vehicle #0 = 12, leaving at = 790.0
   Vehicle #1 = -1, leaving at = inf
   Increment on distance indicator: 3.0
   Increment on tard indicator:     0.0
   Value of tmax indicator:         3.0

Task for patient = 194 with skills = {0,5} and cost = 394.0
   Vehicle #0 = 9, leaving at = 731.0
   Vehicle #1 = 33, leaving at = 719.0
   Increment on distance indicator: 15.0
   Increment on tard indicator:     0.0
   Value of tmax indicator:         15.0

Task for patient = 60 with skills = {0,-1} and cost = 395.7
   Vehicle #0 = 13, leaving at = 681.0
   Vehicle #1 = -1, leaving at = inf
   Increment on distance indicator: 5.0
   Increment on tard indicator:     0.0
   Value of tmax indicator:         5.0

Task for patient = 46 with skills = {1,5} and cost = 407.0
   Vehicle #0 = 17, leaving at = 717.0
   Vehicle #1 = 21, leaving at = 721.0
   Increment on distance indicator: 34.0
   Increment on tard indicator:     0.0
   Value of tmax indicator:         34.0

Task for patient = 167 with skills = {0,4} and cost = 280.3
   Vehicle #0 = 12, leaving at = 577.0
   Vehicle #1 = 36, leaving at = 623.0
   Increment on distance indicator: 25.0
   Increment on tard indicator:     0.0
   Value of tmax indicator:         25.0

Task for patient = 15 with skills = {2,3} and cost = 410.0
   Vehicle #0 = 5, leaving at = 808.0
   Vehicle #1 = 22, leaving at = 830.0
   Increment on distance indicator: 5.0
   Increment on tard indicator:     0.0
   Value of tmax indicator:         5.0

Task for patient = 49 with skills = {3,-1} and cost = 411.3
   Vehicle #0 = 22, leaving at = 862.0
   Vehicle #1 = -1, leaving at = inf
   Increment on distance indicator: 4.0
   Increment on tard indicator:     0.0
   Value of tmax indicator:         4.0

Task for patient = 190 with skills = {2,-1} and cost = 413.3
   Vehicle #0 = 0, leaving at = 760.0
   Vehicle #1 = -1, leaving at = inf
   Increment on distance indicator: 6.0
   Increment on tard indicator:     0.0
   Value of tmax indicator:         6.0

Task for patient = 85 with skills = {3,-1} and cost = 416.3
   Vehicle #0 = 24, leaving at = 786.0
   Vehicle #1 = -1, leaving at = inf
   Increment on distance indicator: 9.0
   Increment on tard indicator:     0.0
   Value of tmax indicator:         9.0

Task for patient = 166 with skills = {1,4} and cost = 431.3
   Vehicle #0 = 16, leaving at = 667.0
   Vehicle #1 = 37, leaving at = 682.0
   Increment on distance indicator: 45.0
   Increment on tard indicator:     0.0
   Value of tmax indicator:         45.0

Task for patient = 66 with skills = {1,4} and cost = 437.3
   Vehicle #0 = 16, leaving at = 734.0
   Vehicle #1 = 37, leaving at = 738.0
   Increment on distance indicator: 18.0
   Increment on tard indicator:     0.0
   Value of tmax indicator:         18.0

Task for patient = 77 with skills = {2,-1} and cost = 440.3
   Vehicle #0 = 16, leaving at = 848.0
   Vehicle #1 = -1, leaving at = inf
   Increment on distance indicator: 9.0
   Increment on tard indicator:     0.0
   Value of tmax indicator:         9.0

Task for patient = 55 with skills = {1,4} and cost = 444.0
   Vehicle #0 = 0, leaving at = 804.0
   Vehicle #1 = 28, leaving at = 830.0
   Increment on distance indicator: 11.0
   Increment on tard indicator:     0.0
   Value of tmax indicator:         11.0

Task for patient = 81 with skills = {0,-1} and cost = 445.7
   Vehicle #0 = 0, leaving at = 865.0
   Vehicle #1 = -1, leaving at = inf
   Increment on distance indicator: 5.0
   Increment on tard indicator:     0.0
   Value of tmax indicator:         5.0

Task for patient = 9 with skills = {0,-1} and cost = 448.0
   Vehicle #0 = 14, leaving at = 742.0
   Vehicle #1 = -1, leaving at = inf
   Increment on distance indicator: 7.0
   Increment on tard indicator:     0.0
   Value of tmax indicator:         7.0

Task for patient = 117 with skills = {5,-1} and cost = 453.7
   Vehicle #0 = 32, leaving at = 578.0
   Vehicle #1 = -1, leaving at = inf
   Increment on distance indicator: 17.0
   Increment on tard indicator:     0.0
   Value of tmax indicator:         17.0

Task for patient = 58 with skills = {0,3} and cost = 723.3
   Vehicle #0 = 7, leaving at = 986.0
   Vehicle #1 = 27, leaving at = 964.0
   Increment on distance indicator: 8.0
   Increment on tard indicator:     0.0
   Value of tmax indicator:         8.0

Task for patient = 157 with skills = {1,-1} and cost = 408.3
   Vehicle #0 = 14, leaving at = 686.0
   Vehicle #1 = -1, leaving at = inf
   Increment on distance indicator: 4.0
   Increment on tard indicator:     0.0
   Value of tmax indicator:         4.0

Task for patient = 162 with skills = {3,-1} and cost = 283.0
   Vehicle #0 = 22, leaving at = 722.0
   Vehicle #1 = -1, leaving at = inf
   Increment on distance indicator: 8.0
   Increment on tard indicator:     0.0
   Value of tmax indicator:         8.0

Task for patient = 195 with skills = {4,-1} and cost = 285.0
   Vehicle #0 = 29, leaving at = 756.0
   Vehicle #1 = -1, leaving at = inf
   Increment on distance indicator: 6.0
   Increment on tard indicator:     0.0
   Value of tmax indicator:         6.0

Task for patient = 127 with skills = {4,-1} and cost = 287.3
   Vehicle #0 = 36, leaving at = 649.0
   Vehicle #1 = -1, leaving at = inf
   Increment on distance indicator: 7.0
   Increment on tard indicator:     0.0
   Value of tmax indicator:         7.0

Task for patient = 74 with skills = {1,-1} and cost = 291.7
   Vehicle #0 = 4, leaving at = 821.0
   Vehicle #1 = -1, leaving at = inf
   Increment on distance indicator: 13.0
   Increment on tard indicator:     0.0
   Value of tmax indicator:         13.0

Task for patient = 83 with skills = {0,4} and cost = 293.0
   Vehicle #0 = 10, leaving at = 803.0
   Vehicle #1 = 28, leaving at = 776.0
   Increment on distance indicator: 4.0
   Increment on tard indicator:     0.0
   Value of tmax indicator:         4.0

Task for patient = 39 with skills = {2,-1} and cost = 294.3
   Vehicle #0 = 14, leaving at = 585.0
   Vehicle #1 = -1, leaving at = inf
   Increment on distance indicator: 4.0
   Increment on tard indicator:     0.0
   Value of tmax indicator:         4.0

Task for patient = 104 with skills = {1,-1} and cost = 301.0
   Vehicle #0 = 12, leaving at = 630.0
   Vehicle #1 = -1, leaving at = inf
   Increment on distance indicator: 20.0
   Increment on tard indicator:     0.0
   Value of tmax indicator:         20.0

Task for patient = 197 with skills = {1,-1} and cost = 303.0
   Vehicle #0 = 14, leaving at = 629.0
   Vehicle #1 = -1, leaving at = inf
   Increment on distance indicator: 6.0
   Increment on tard indicator:     0.0
   Value of tmax indicator:         6.0

Task for patient = 118 with skills = {5,-1} and cost = 305.3
   Vehicle #0 = 29, leaving at = 795.0
   Vehicle #1 = -1, leaving at = inf
   Increment on distance indicator: 7.0
   Increment on tard indicator:     0.0
   Value of tmax indicator:         7.0

Task for patient = 159 with skills = {0,-1} and cost = 306.0
   Vehicle #0 = 12, leaving at = 655.0
   Vehicle #1 = -1, leaving at = inf
   Increment on distance indicator: 2.0
   Increment on tard indicator:     0.0
   Value of tmax indicator:         2.0

Task for patient = 22 with skills = {0,-1} and cost = 308.0
   Vehicle #0 = 9, leaving at = 673.0
   Vehicle #1 = -1, leaving at = inf
   Increment on distance indicator: 6.0
   Increment on tard indicator:     0.0
   Value of tmax indicator:         6.0

Task for patient = 193 with skills = {0,-1} and cost = 354.3
   Vehicle #0 = 15, leaving at = 543.0
   Vehicle #1 = -1, leaving at = inf
   Increment on distance indicator: 19.0
   Increment on tard indicator:     0.0
   Value of tmax indicator:         19.0

Task for patient = 90 with skills = {1,-1} and cost = 312.0
   Vehicle #0 = 12, leaving at = 696.0
   Vehicle #1 = -1, leaving at = inf
   Increment on distance indicator: 2.0
   Increment on tard indicator:     0.0
   Value of tmax indicator:         2.0

Task for patient = 175 with skills = {0,-1} and cost = 313.7
   Vehicle #0 = 6, leaving at = 882.0
   Vehicle #1 = -1, leaving at = inf
   Increment on distance indicator: 5.0
   Increment on tard indicator:     0.0
   Value of tmax indicator:         5.0

Task for patient = 130 with skills = {0,-1} and cost = 317.3
   Vehicle #0 = 12, leaving at = 723.0
   Vehicle #1 = -1, leaving at = inf
   Increment on distance indicator: 11.0
   Increment on tard indicator:     0.0
   Value of tmax indicator:         11.0

Task for patient = 172 with skills = {1,-1} and cost = 318.3
   Vehicle #0 = 11, leaving at = 756.0
   Vehicle #1 = -1, leaving at = inf
   Increment on distance indicator: 3.0
   Increment on tard indicator:     0.0
   Value of tmax indicator:         3.0

Task for patient = 187 with skills = {0,-1} and cost = 319.0
   Vehicle #0 = 12, leaving at = 763.0
   Vehicle #1 = -1, leaving at = inf
   Increment on distance indicator: 2.0
   Increment on tard indicator:     0.0
   Value of tmax indicator:         2.0

Task for patient = 109 with skills = {5,-1} and cost = 320.7
   Vehicle #0 = 29, leaving at = 825.0
   Vehicle #1 = -1, leaving at = inf
   Increment on distance indicator: 5.0
   Increment on tard indicator:     0.0
   Value of tmax indicator:         5.0

Task for patient = 131 with skills = {4,-1} and cost = 327.0
   Vehicle #0 = 38, leaving at = 536.0
   Vehicle #1 = -1, leaving at = inf
   Increment on distance indicator: 19.0
   Increment on tard indicator:     0.0
   Value of tmax indicator:         19.0

Task for patient = 198 with skills = {3,-1} and cost = 329.3
   Vehicle #0 = 36, leaving at = 681.0
   Vehicle #1 = -1, leaving at = inf
   Increment on distance indicator: 7.0
   Increment on tard indicator:     0.0
   Value of tmax indicator:         7.0

Task for patient = 174 with skills = {0,3} and cost = 335.3
   Vehicle #0 = 2, leaving at = 634.0
   Vehicle #1 = 24, leaving at = 685.0
   Increment on distance indicator: 18.0
   Increment on tard indicator:     0.0
   Value of tmax indicator:         18.0

Task for patient = 1 with skills = {4,-1} and cost = 343.0
   Vehicle #0 = 38, leaving at = 664.0
   Vehicle #1 = -1, leaving at = inf
   Increment on distance indicator: 23.0
   Increment on tard indicator:     0.0
   Value of tmax indicator:         23.0

Task for patient = 35 with skills = {3,-1} and cost = 346.7
   Vehicle #0 = 36, leaving at = 736.0
   Vehicle #1 = -1, leaving at = inf
   Increment on distance indicator: 11.0
   Increment on tard indicator:     0.0
   Value of tmax indicator:         11.0

Task for patient = 3 with skills = {1,-1} and cost = 348.0
   Vehicle #0 = 2, leaving at = 706.0
   Vehicle #1 = -1, leaving at = inf
   Increment on distance indicator: 4.0
   Increment on tard indicator:     0.0
   Value of tmax indicator:         4.0

Task for patient = 99 with skills = {0,4} and cost = 311.3
   Vehicle #0 = 6, leaving at = 808.0
   Vehicle #1 = 25, leaving at = 835.0
   Increment on distance indicator: 10.0
   Increment on tard indicator:     0.0
   Value of tmax indicator:         10.0


Unused vehicle list: 18 19 39 (total = 3 out of 40)

---
Search finished.
Total of 448 generations in 8.3 seconds.
Exchange elite runs: 0
Implicit path relinking runs: 4
Reset attempts: 0

Best solution found:
   Cost: 981.3
   Total travel time: 2940.0
   Total tardiness time: 2.0
   Largest tardiness: 2.0


981.3
