--- BRKGA-MP-IPR for HHCRSP ---
Instance: new-instances/HHCRSP_200_40_14_1.6_C_C.txt
Seed: 1

Reading data... Problem contains 200 patients  and 40 caregivers.

Summary of supply x demand for each service type:
Skill 0 has supply = 15 and demand = 47, ratio = 0.319149
Skill 1 has supply = 16 and demand = 52, ratio = 0.307692
Skill 2 has supply = 13 and demand = 30, ratio = 0.433333
Skill 3 has supply = 15 and demand = 45, ratio = 0.333333
Skill 4 has supply = 16 and demand = 49, ratio = 0.326531
Skill 5 has supply = 14 and demand = 37, ratio = 0.378378

Reading parameters...
Inferred distance function by PR type: kendall-tau
Building BRKGA data and initializing...
Evolving 448 generations...

  Gens  Rem    Local   ElDiv NoImpr             Best solution            Time  Op
                                       Cost     Dist    Tard    TMax 
*    0  448  3810.67  417.76      0  3810.67  4000.00  7105.0   327.0     0.0    
*    4  444  3445.00  300.78      0  3445.00  3915.00  5301.0   345.0     0.1    
*    5  443  3187.00  293.72      0  3187.00  3915.00  5301.0   345.0     0.1    
*    7  441  2996.33  231.42      0  2996.33  3917.00  4815.0   257.0     0.2    
*    9  439  2529.33  221.83      0  2529.33  3872.00  3456.0   260.0     0.2    
*   11  437  2474.33  238.22      0  2474.33  3735.00  2530.0   335.0     0.3    
*   12  436  2200.00  190.41      0  2200.00  3735.00  2530.0   335.0     0.3    
*   14  434  1942.67  175.06      0  1942.67  3761.00  1821.0   246.0     0.3    
*   19  429  1783.33  115.56      0  1783.33  3501.00  1564.0   285.0     0.4    
*   22  426  1716.00  116.11      0  1716.00  3704.00   904.0   155.0     0.5    
*   23  425  1587.67  110.01      0  1587.67  3704.00   904.0   155.0     0.5    
*   26  422  1547.00   86.47      0  1547.00  3655.00   720.0   149.0     0.6    
*   27  421  1508.00   79.14      0  1508.00  3655.00   720.0   149.0     0.6    
*   29  419  1418.00   76.19      0  1418.00  3568.00   418.0   151.0     0.6    
*   30  418  1379.00   67.56      0  1379.00  3568.00   418.0   151.0     0.7    

  Gens  Rem    Local   ElDiv NoImpr             Best solution            Time  Op
                                       Cost     Dist    Tard    TMax 
*   32  416  1303.00   69.13      0  1303.00  3629.00   240.0    40.0     0.7    
*   34  414  1259.67   60.28      0  1259.67  3428.00   138.0    55.0     0.7    
*   35  413  1207.00   52.31      0  1207.00  3428.00   138.0    55.0     0.8    
*   39  409  1205.67   30.12      0  1205.67  3383.00   140.0    40.0     0.8    
*   40  408  1187.67   28.40      0  1187.67  3383.00   140.0    40.0     0.9    
*   43  405  1172.00   24.15      0  1172.00  3407.00    80.0    29.0     0.9    
*   45  403  1123.67   23.56      0  1123.67  3346.00    17.0     8.0     1.0    
*   47  401  1116.67   24.11      0  1116.67  3231.00   103.0    16.0     1.0    
    50  398  1116.67   19.38      3  1116.67  3231.00   103.0    16.0     1.1    
*   51  397  1107.33   18.22      0  1107.33  3297.00    20.0     5.0     1.1    
*   53  395  1091.67   16.27      0  1091.67  3181.00    76.0    18.0     1.1    
*   57  391  1059.33   14.82      0  1059.33  3120.00    49.0     9.0     1.2    
*   66  382  1053.33   11.97      0  1053.33  3117.00    34.0     9.0     1.4    
*   68  380  1035.67   16.16      0  1035.67  3054.00    30.0     7.0     1.4    
*   69  379  1030.33   17.43      0  1030.33  2984.00    47.0    13.0     1.4    
*   70  378  1014.67   16.42      0  1014.67  2984.00    47.0    13.0     1.5    

  Gens  Rem    Local   ElDiv NoImpr             Best solution            Time  Op
                                       Cost     Dist    Tard    TMax 
*   87  361  1004.67   11.61      0  1004.67  2941.00    48.0    11.0     1.8    
*   88  360  1000.00   11.37      0  1000.00  2941.00    48.0    11.0     1.8    
Path relinking result: too homogeneous.
    96  352  1000.00    8.14      9  1000.00  2941.00    48.0    11.0     2.0   P
*   99  349   998.67    7.32      0   998.67  2922.00    49.0    11.0     2.0    
*  100  348   994.00    8.03      0   994.00  2893.00    40.0     8.0     2.0    
*  101  347   980.33    8.61      0   980.33  2893.00    40.0     8.0     2.1    
*  104  344   970.67   10.46      0   970.67  2871.00     9.0     5.0     2.1    
*  105  343   961.67   10.23      0   961.67  2871.00     9.0     5.0     2.2    
*  111  337   953.33   11.23      0   953.33  2848.00     9.0     3.0     2.3    
*  119  329   946.00    9.93      0   946.00  2813.00    17.0     8.0     2.4    
*  128  320   938.67    8.25      0   938.67  2801.00    11.0     4.0     2.6    
*  132  316   924.33    9.26      0   924.33  2753.00    16.0     4.0     2.7    
*  135  313   924.00    9.12      0   924.00  2746.00    21.0     5.0     2.7    
*  138  310   923.00    9.20      0   923.00  2743.00    20.0     6.0     2.8    
*  140  308   911.33   10.50      0   911.33  2720.00     3.0     3.0     2.8    
*  141  307   908.67    9.80      0   908.67  2720.00     3.0     3.0     2.8    

  Gens  Rem    Local   ElDiv NoImpr             Best solution            Time  Op
                                       Cost     Dist    Tard    TMax 
*  149  299   904.00    7.68      0   904.00  2687.00    17.0     8.0     3.0    
   150  298   904.00    7.56      1   904.00  2687.00    17.0     8.0     3.0    
*  159  289   900.67    5.44      0   900.67  2702.00     0.0     0.0     3.2    
*  161  287   898.00    5.39      0   898.00  2676.00    11.0     7.0     3.2    
*  163  285   875.00    6.82      0   875.00  2572.00    43.0    10.0     3.3    
*  190  258   864.33    5.66      0   864.33  2562.00    23.0     8.0     3.8    
Path relinking result: too homogeneous.
   192  256   864.33    6.08      3   864.33  2562.00    23.0     8.0     3.9   P
   200  248   864.33    5.08     10   864.33  2562.00    23.0     8.0     4.1    
*  205  243   863.33    4.49      0   863.33  2560.00    22.0     8.0     4.2    
*  207  241   857.67    3.93      0   857.67  2547.00    18.0     8.0     4.2    
*  215  233   850.33    3.70      0   850.33  2527.00    15.0     9.0     4.4    
*  221  227   844.67    3.38      0   844.67  2514.00    12.0     8.0     4.5    
*  224  224   843.00    2.94      0   843.00  2522.00     4.0     3.0     4.5    
*  229  219   841.00    2.68      0   841.00  2512.00     7.0     4.0     4.6    
*  231  217   840.00    2.79      0   840.00  2507.00     4.0     3.0     4.7    
*  232  216   838.00    2.61      0   838.00  2507.00     4.0     3.0     4.7    

  Gens  Rem    Local   ElDiv NoImpr             Best solution            Time  Op
                                       Cost     Dist    Tard    TMax 
*  236  212   837.33    1.10      0   837.33  2505.00     4.0     3.0     4.8    
*  239  209   837.00    0.61      0   837.00  2501.00     4.0     3.0     4.9    
*  240  208   836.00    0.67      0   836.00  2500.00     4.0     3.0     4.9    
*  241  207   835.67    0.67      0   835.67  2499.00     4.0     3.0     4.9    
*  242  206   835.33    0.66      0   835.33  2498.00     4.0     3.0     4.9    
*  243  205   835.00    0.59      0   835.00  2498.00     4.0     3.0     5.0    
*  245  203   834.33    0.50      0   834.33  2493.00     4.0     3.0     5.0    
*  246  202   833.33    0.46      0   833.33  2493.00     4.0     3.0     5.0    
*  248  200   833.00    0.39      0   833.00  2492.00     4.0     3.0     5.1    
*  250  198   832.00    0.37      0   832.00  2489.00     4.0     3.0     5.1    
*  258  190   831.33    0.09      0   831.33  2487.00     4.0     3.0     5.2    
*  260  188   830.67    0.32      0   830.67  2485.00     4.0     3.0     5.3    
*  265  183   830.33    0.07      0   830.33  2484.00     4.0     3.0     5.4    
*  270  178   830.00    0.07      0   830.00  2482.00     5.0     3.0     5.5    
*  278  170   828.00    0.25      0   828.00  2476.00     5.0     3.0     5.6    
Path relinking result: too homogeneous.
   288  160   828.00    0.00     11   828.00  2476.00     5.0     3.0     5.8   P

  Gens  Rem    Local   ElDiv NoImpr             Best solution            Time  Op
                                       Cost     Dist    Tard    TMax 
   300  148   828.00    0.00     22   828.00  2476.00     5.0     3.0     6.1    
*  306  142   827.33    0.08      0   827.33  2474.00     5.0     3.0     6.2    
*  308  140   826.67    0.37      0   826.67  2472.00     5.0     3.0     6.3    
*  313  135   826.00    0.22      0   826.00  2470.00     5.0     3.0     6.4    
*  330  118   824.67    0.24      0   824.67  2466.00     5.0     3.0     6.7    
*  336  112   824.33    0.13      0   824.33  2465.00     5.0     3.0     6.8    
*  338  110   823.33    0.21      0   823.33  2462.00     5.0     3.0     6.9    
*  343  105   823.00    0.21      0   823.00  2461.00     5.0     3.0     7.0    
*  349   99   821.67    0.16      0   821.67  2458.00     4.0     3.0     7.1    
   350   98   821.67    0.16      1   821.67  2458.00     4.0     3.0     7.1    
*  376   72   821.33    0.06      0   821.33  2457.00     4.0     3.0     7.7    
*  384   64   821.00    0.08      0   821.00  2456.00     4.0     3.0     7.8    
Path relinking result: too homogeneous.
   384   64   821.00    0.08      1   821.00  2456.00     4.0     3.0     7.8   P
*  392   56   820.67    0.08      0   820.67  2455.00     4.0     3.0     8.0    
*  395   53   820.33    0.17      0   820.33  2454.00     4.0     3.0     8.1    
*  400   48   820.00    0.21      0   820.00  2452.00     5.0     3.0     8.2    

  Gens  Rem    Local   ElDiv NoImpr             Best solution            Time  Op
                                       Cost     Dist    Tard    TMax 
*  424   24   819.67    0.06      0   819.67  2451.00     5.0     3.0     8.7    
*  439    9   818.33    0.16      0   818.33  2447.00     5.0     3.0     9.0    
*  445    3   817.67    0.43      0   817.67  2445.00     5.0     3.0     9.2    
   448    0   817.67    0.27      3   817.67  2445.00     5.0     3.0     9.2    
Evolutionary process finished.
Solution written to 'solution-5377.txt'.

Sorted sequence of worst to best tardiness value:
Task for patient = 125 with skills = {4,-1} and cost = 166.0
   Vehicle #0 = 26, leaving at = 676.0
   Vehicle #1 = -1, leaving at = inf
   Increment on distance indicator: 15.0
   Increment on tard indicator:     3.0
   Value of tmax indicator:         15.0

Task for patient = 113 with skills = {4,-1} and cost = 379.3
   Vehicle #0 = 34, leaving at = 775.0
   Vehicle #1 = -1, leaving at = inf
   Increment on distance indicator: 4.0
   Increment on tard indicator:     1.0
   Value of tmax indicator:         4.0

Task for patient = 134 with skills = {3,-1} and cost = 556.0
   Vehicle #0 = 24, leaving at = 1072.0
   Vehicle #1 = -1, leaving at = inf
   Increment on distance indicator: 2.0
   Increment on tard indicator:     1.0
   Value of tmax indicator:         2.0

Task for patient = 62 with skills = {3,-1} and cost = 483.3
   Vehicle #0 = 26, leaving at = 1015.0
   Vehicle #1 = -1, leaving at = inf
   Increment on distance indicator: 3.0
   Increment on tard indicator:     0.0
   Value of tmax indicator:         3.0

Task for patient = 21 with skills = {0,-1} and cost = 434.3
   Vehicle #0 = 6, leaving at = 776.0
   Vehicle #1 = -1, leaving at = inf
   Increment on distance indicator: 2.0
   Increment on tard indicator:     0.0
   Value of tmax indicator:         2.0

Task for patient = 87 with skills = {5,-1} and cost = 435.7
   Vehicle #0 = 28, leaving at = 914.0
   Vehicle #1 = -1, leaving at = inf
   Increment on distance indicator: 4.0
   Increment on tard indicator:     0.0
   Value of tmax indicator:         4.0

Task for patient = 192 with skills = {1,5} and cost = 439.0
   Vehicle #0 = 7, leaving at = 922.0
   Vehicle #1 = 32, leaving at = 884.0
   Increment on distance indicator: 10.0
   Increment on tard indicator:     0.0
   Value of tmax indicator:         10.0

Task for patient = 59 with skills = {1,-1} and cost = 440.3
   Vehicle #0 = 7, leaving at = 954.0
   Vehicle #1 = -1, leaving at = inf
   Increment on distance indicator: 4.0
   Increment on tard indicator:     0.0
   Value of tmax indicator:         4.0

Task for patient = 199 with skills = {5,-1} and cost = 442.0
   Vehicle #0 = 30, leaving at = 803.0
   Vehicle #1 = -1, leaving at = inf
   Increment on distance indicator: 5.0
   Increment on tard indicator:     0.0
   Value of tmax indicator:         5.0

Task for patient = 24 with skills = {4,-1} and cost = 442.7
   Vehicle #0 = 26, leaving at = 958.0
   Vehicle #1 = -1, leaving at = inf
   Increment on distance indicator: 2.0
   Increment on tard indicator:     0.0
   Value of tmax indicator:         2.0

Task for patient = 172 with skills = {0,3} and cost = 446.3
   Vehicle #0 = 5, leaving at = 953.0
   Vehicle #1 = 20, leaving at = 968.0
   Increment on distance indicator: 11.0
   Increment on tard indicator:     0.0
   Value of tmax indicator:         11.0

Task for patient = 6 with skills = {0,3} and cost = 452.3
   Vehicle #0 = 14, leaving at = 838.0
   Vehicle #1 = 21, leaving at = 826.0
   Increment on distance indicator: 18.0
   Increment on tard indicator:     0.0
   Value of tmax indicator:         18.0

Task for patient = 68 with skills = {5,-1} and cost = 453.0
   Vehicle #0 = 24, leaving at = 992.0
   Vehicle #1 = -1, leaving at = inf
   Increment on distance indicator: 2.0
   Increment on tard indicator:     0.0
   Value of tmax indicator:         2.0

Task for patient = 34 with skills = {4,-1} and cost = 453.7
   Vehicle #0 = 29, leaving at = 928.0
   Vehicle #1 = -1, leaving at = inf
   Increment on distance indicator: 2.0
   Increment on tard indicator:     0.0
   Value of tmax indicator:         2.0

Task for patient = 148 with skills = {1,-1} and cost = 433.7
   Vehicle #0 = 0, leaving at = 934.0
   Vehicle #1 = -1, leaving at = inf
   Increment on distance indicator: 5.0
   Increment on tard indicator:     0.0
   Value of tmax indicator:         5.0

Task for patient = 25 with skills = {0,3} and cost = 466.3
   Vehicle #0 = 14, leaving at = 895.0
   Vehicle #1 = 21, leaving at = 869.0
   Increment on distance indicator: 30.0
   Increment on tard indicator:     0.0
   Value of tmax indicator:         30.0

Task for patient = 193 with skills = {2,-1} and cost = 467.7
   Vehicle #0 = 15, leaving at = 901.0
   Vehicle #1 = -1, leaving at = inf
   Increment on distance indicator: 4.0
   Increment on tard indicator:     0.0
   Value of tmax indicator:         4.0

Task for patient = 135 with skills = {1,-1} and cost = 470.7
   Vehicle #0 = 10, leaving at = 694.0
   Vehicle #1 = -1, leaving at = inf
   Increment on distance indicator: 9.0
   Increment on tard indicator:     0.0
   Value of tmax indicator:         9.0

Task for patient = 92 with skills = {3,-1} and cost = 471.3
   Vehicle #0 = 29, leaving at = 948.0
   Vehicle #1 = -1, leaving at = inf
   Increment on distance indicator: 2.0
   Increment on tard indicator:     0.0
   Value of tmax indicator:         2.0

Task for patient = 57 with skills = {0,4} and cost = 473.0
   Vehicle #0 = 6, leaving at = 820.0
   Vehicle #1 = 35, leaving at = 821.0
   Increment on distance indicator: 5.0
   Increment on tard indicator:     0.0
   Value of tmax indicator:         5.0

Task for patient = 146 with skills = {0,-1} and cost = 475.7
   Vehicle #0 = 4, leaving at = 848.0
   Vehicle #1 = -1, leaving at = inf
   Increment on distance indicator: 8.0
   Increment on tard indicator:     0.0
   Value of tmax indicator:         8.0

Task for patient = 198 with skills = {2,4} and cost = 477.0
   Vehicle #0 = 3, leaving at = 944.0
   Vehicle #1 = 25, leaving at = 972.0
   Increment on distance indicator: 4.0
   Increment on tard indicator:     0.0
   Value of tmax indicator:         4.0

Task for patient = 112 with skills = {0,-1} and cost = 477.7
   Vehicle #0 = 6, leaving at = 965.0
   Vehicle #1 = -1, leaving at = inf
   Increment on distance indicator: 2.0
   Increment on tard indicator:     0.0
   Value of tmax indicator:         2.0

Task for patient = 18 with skills = {5,-1} and cost = 478.3
   Vehicle #0 = 29, leaving at = 995.0
   Vehicle #1 = -1, leaving at = inf
   Increment on distance indicator: 2.0
   Increment on tard indicator:     0.0
   Value of tmax indicator:         2.0

Task for patient = 164 with skills = {1,5} and cost = 482.3
   Vehicle #0 = 12, leaving at = 923.0
   Vehicle #1 = 32, leaving at = 930.0
   Increment on distance indicator: 12.0
   Increment on tard indicator:     0.0
   Value of tmax indicator:         12.0

Task for patient = 58 with skills = {1,5} and cost = 456.3
   Vehicle #0 = 8, leaving at = 849.0
   Vehicle #1 = 30, leaving at = 857.0
   Increment on distance indicator: 8.0
   Increment on tard indicator:     0.0
   Value of tmax indicator:         8.0

Task for patient = 107 with skills = {2,-1} and cost = 385.3
   Vehicle #0 = 15, leaving at = 764.0
   Vehicle #1 = -1, leaving at = inf
   Increment on distance indicator: 5.0
   Increment on tard indicator:     0.0
   Value of tmax indicator:         5.0

Task for patient = 123 with skills = {3,-1} and cost = 393.7
   Vehicle #0 = 35, leaving at = 681.0
   Vehicle #1 = -1, leaving at = inf
   Increment on distance indicator: 25.0
   Increment on tard indicator:     0.0
   Value of tmax indicator:         25.0

Task for patient = 20 with skills = {0,-1} and cost = 394.7
   Vehicle #0 = 7, leaving at = 860.0
   Vehicle #1 = -1, leaving at = inf
   Increment on distance indicator: 3.0
   Increment on tard indicator:     0.0
   Value of tmax indicator:         3.0

Task for patient = 13 with skills = {4,-1} and cost = 395.0
   Vehicle #0 = 35, leaving at = 731.0
   Vehicle #1 = -1, leaving at = inf
   Increment on distance indicator: 1.0
   Increment on tard indicator:     0.0
   Value of tmax indicator:         1.0

Task for patient = 187 with skills = {0,-1} and cost = 396.3
   Vehicle #0 = 5, leaving at = 858.0
   Vehicle #1 = -1, leaving at = inf
   Increment on distance indicator: 4.0
   Increment on tard indicator:     0.0
   Value of tmax indicator:         4.0

Task for patient = 166 with skills = {4,-1} and cost = 397.3
   Vehicle #0 = 28, leaving at = 849.0
   Vehicle #1 = -1, leaving at = inf
   Increment on distance indicator: 3.0
   Increment on tard indicator:     0.0
   Value of tmax indicator:         3.0

Task for patient = 115 with skills = {0,-1} and cost = 398.3
   Vehicle #0 = 5, leaving at = 893.0
   Vehicle #1 = -1, leaving at = inf
   Increment on distance indicator: 3.0
   Increment on tard indicator:     0.0
   Value of tmax indicator:         3.0

Task for patient = 111 with skills = {2,-1} and cost = 399.3
   Vehicle #0 = 11, leaving at = 843.0
   Vehicle #1 = -1, leaving at = inf
   Increment on distance indicator: 3.0
   Increment on tard indicator:     0.0
   Value of tmax indicator:         3.0

Task for patient = 110 with skills = {2,3} and cost = 402.7
   Vehicle #0 = 12, leaving at = 858.0
   Vehicle #1 = 27, leaving at = 887.0
   Increment on distance indicator: 10.0
   Increment on tard indicator:     0.0
   Value of tmax indicator:         10.0

Task for patient = 14 with skills = {2,-1} and cost = 403.7
   Vehicle #0 = 15, leaving at = 818.0
   Vehicle #1 = -1, leaving at = inf
   Increment on distance indicator: 3.0
   Increment on tard indicator:     0.0
   Value of tmax indicator:         3.0

Task for patient = 119 with skills = {3,-1} and cost = 404.0
   Vehicle #0 = 35, leaving at = 764.0
   Vehicle #1 = -1, leaving at = inf
   Increment on distance indicator: 1.0
   Increment on tard indicator:     0.0
   Value of tmax indicator:         1.0

Task for patient = 194 with skills = {0,-1} and cost = 432.0
   Vehicle #0 = 4, leaving at = 824.0
   Vehicle #1 = -1, leaving at = inf
   Increment on distance indicator: 4.0
   Increment on tard indicator:     0.0
   Value of tmax indicator:         4.0

Task for patient = 181 with skills = {1,-1} and cost = 412.7
   Vehicle #0 = 9, leaving at = 581.0
   Vehicle #1 = -1, leaving at = inf
   Increment on distance indicator: 24.0
   Increment on tard indicator:     0.0
   Value of tmax indicator:         24.0

Task for patient = 29 with skills = {3,-1} and cost = 414.3
   Vehicle #0 = 30, leaving at = 749.0
   Vehicle #1 = -1, leaving at = inf
   Increment on distance indicator: 5.0
   Increment on tard indicator:     0.0
   Value of tmax indicator:         5.0

Task for patient = 109 with skills = {4,-1} and cost = 416.0
   Vehicle #0 = 29, leaving at = 892.0
   Vehicle #1 = -1, leaving at = inf
   Increment on distance indicator: 5.0
   Increment on tard indicator:     0.0
   Value of tmax indicator:         5.0

Task for patient = 4 with skills = {4,-1} and cost = 417.3
   Vehicle #0 = 25, leaving at = 883.0
   Vehicle #1 = -1, leaving at = inf
   Increment on distance indicator: 4.0
   Increment on tard indicator:     0.0
   Value of tmax indicator:         4.0

Task for patient = 8 with skills = {1,5} and cost = 419.3
   Vehicle #0 = 3, leaving at = 907.0
   Vehicle #1 = 25, leaving at = 923.0
   Increment on distance indicator: 6.0
   Increment on tard indicator:     0.0
   Value of tmax indicator:         6.0

Task for patient = 69 with skills = {3,-1} and cost = 420.3
   Vehicle #0 = 28, leaving at = 879.0
   Vehicle #1 = -1, leaving at = inf
   Increment on distance indicator: 3.0
   Increment on tard indicator:     0.0
   Value of tmax indicator:         3.0

Task for patient = 186 with skills = {1,-1} and cost = 421.0
   Vehicle #0 = 8, leaving at = 716.0
   Vehicle #1 = -1, leaving at = inf
   Increment on distance indicator: 2.0
   Increment on tard indicator:     0.0
   Value of tmax indicator:         2.0

Task for patient = 37 with skills = {0,-1} and cost = 428.0
   Vehicle #0 = 10, leaving at = 665.0
   Vehicle #1 = -1, leaving at = inf
   Increment on distance indicator: 21.0
   Increment on tard indicator:     0.0
   Value of tmax indicator:         21.0

Task for patient = 9 with skills = {3,-1} and cost = 429.0
   Vehicle #0 = 23, leaving at = 968.0
   Vehicle #1 = -1, leaving at = inf
   Increment on distance indicator: 3.0
   Increment on tard indicator:     0.0
   Value of tmax indicator:         3.0

Task for patient = 160 with skills = {1,-1} and cost = 430.0
   Vehicle #0 = 1, leaving at = 899.0
   Vehicle #1 = -1, leaving at = inf
   Increment on distance indicator: 3.0
   Increment on tard indicator:     0.0
   Value of tmax indicator:         3.0

Task for patient = 190 with skills = {1,-1} and cost = 430.7
   Vehicle #0 = 2, leaving at = 961.0
   Vehicle #1 = -1, leaving at = inf
   Increment on distance indicator: 2.0
   Increment on tard indicator:     0.0
   Value of tmax indicator:         2.0

Task for patient = 126 with skills = {1,3} and cost = 486.0
   Vehicle #0 = 12, leaving at = 948.0
   Vehicle #1 = 27, leaving at = 963.0
   Increment on distance indicator: 8.0
   Increment on tard indicator:     0.0
   Value of tmax indicator:         8.0

Task for patient = 188 with skills = {0,-1} and cost = 404.7
   Vehicle #0 = 15, leaving at = 842.0
   Vehicle #1 = -1, leaving at = inf
   Increment on distance indicator: 2.0
   Increment on tard indicator:     0.0
   Value of tmax indicator:         2.0

Task for patient = 133 with skills = {4,-1} and cost = 533.0
   Vehicle #0 = 34, leaving at = 947.0
   Vehicle #1 = -1, leaving at = inf
   Increment on distance indicator: 1.0
   Increment on tard indicator:     0.0
   Value of tmax indicator:         1.0

Task for patient = 31 with skills = {1,4} and cost = 534.7
   Vehicle #0 = 9, leaving at = 1007.0
   Vehicle #1 = 28, leaving at = 1024.0
   Increment on distance indicator: 5.0
   Increment on tard indicator:     0.0
   Value of tmax indicator:         5.0

Task for patient = 174 with skills = {2,-1} and cost = 537.3
   Vehicle #0 = 12, leaving at = 978.0
   Vehicle #1 = -1, leaving at = inf
   Increment on distance indicator: 8.0
   Increment on tard indicator:     0.0
   Value of tmax indicator:         8.0

Task for patient = 124 with skills = {0,4} and cost = 539.0
   Vehicle #0 = 6, leaving at = 1041.0
   Vehicle #1 = 28, leaving at = 1052.0
   Increment on distance indicator: 5.0
   Increment on tard indicator:     0.0
   Value of tmax indicator:         5.0

Task for patient = 51 with skills = {0,5} and cost = 544.0
   Vehicle #0 = 4, leaving at = 910.0
   Vehicle #1 = 22, leaving at = 909.0
   Increment on distance indicator: 15.0
   Increment on tard indicator:     0.0
   Value of tmax indicator:         15.0

Task for patient = 152 with skills = {2,-1} and cost = 545.0
   Vehicle #0 = 2, leaving at = 991.0
   Vehicle #1 = -1, leaving at = inf
   Increment on distance indicator: 3.0
   Increment on tard indicator:     0.0
   Value of tmax indicator:         3.0

Task for patient = 3 with skills = {4,-1} and cost = 546.0
   Vehicle #0 = 29, leaving at = 1080.0
   Vehicle #1 = -1, leaving at = inf
   Increment on distance indicator: 3.0
   Increment on tard indicator:     0.0
   Value of tmax indicator:         3.0

Task for patient = 176 with skills = {2,4} and cost = 546.7
   Vehicle #0 = 11, leaving at = 1031.0
   Vehicle #1 = 32, leaving at = 1046.0
   Increment on distance indicator: 2.0
   Increment on tard indicator:     0.0
   Value of tmax indicator:         2.0

Task for patient = 77 with skills = {3,-1} and cost = 547.0
   Vehicle #0 = 21, leaving at = 1011.0
   Vehicle #1 = -1, leaving at = inf
   Increment on distance indicator: 1.0
   Increment on tard indicator:     0.0
   Value of tmax indicator:         1.0

Task for patient = 12 with skills = {0,4} and cost = 551.0
   Vehicle #0 = 5, leaving at = 1015.0
   Vehicle #1 = 34, leaving at = 990.0
   Increment on distance indicator: 12.0
   Increment on tard indicator:     0.0
   Value of tmax indicator:         12.0

Task for patient = 28 with skills = {1,5} and cost = 552.3
   Vehicle #0 = 2, leaving at = 1082.0
   Vehicle #1 = 28, leaving at = 1103.0
   Increment on distance indicator: 4.0
   Increment on tard indicator:     0.0
   Value of tmax indicator:         4.0

Task for patient = 191 with skills = {0,-1} and cost = 486.7
   Vehicle #0 = 7, leaving at = 1016.0
   Vehicle #1 = -1, leaving at = inf
   Increment on distance indicator: 2.0
   Increment on tard indicator:     0.0
   Value of tmax indicator:         2.0

Task for patient = 32 with skills = {1,-1} and cost = 557.3
   Vehicle #0 = 7, leaving at = 1074.0
   Vehicle #1 = -1, leaving at = inf
   Increment on distance indicator: 4.0
   Increment on tard indicator:     0.0
   Value of tmax indicator:         4.0

Task for patient = 73 with skills = {3,-1} and cost = 558.0
   Vehicle #0 = 21, leaving at = 1067.0
   Vehicle #1 = -1, leaving at = inf
   Increment on distance indicator: 2.0
   Increment on tard indicator:     0.0
   Value of tmax indicator:         2.0

Task for patient = 129 with skills = {0,4} and cost = 559.3
   Vehicle #0 = 5, leaving at = 1046.0
   Vehicle #1 = 34, leaving at = 1079.0
   Increment on distance indicator: 4.0
   Increment on tard indicator:     0.0
   Value of tmax indicator:         4.0

Task for patient = 89 with skills = {2,5} and cost = 562.0
   Vehicle #0 = 4, leaving at = 953.0
   Vehicle #1 = 22, leaving at = 973.0
   Increment on distance indicator: 8.0
   Increment on tard indicator:     0.0
   Value of tmax indicator:         8.0

Task for patient = 64 with skills = {2,-1} and cost = 563.0
   Vehicle #0 = 6, leaving at = 1094.0
   Vehicle #1 = -1, leaving at = inf
   Increment on distance indicator: 3.0
   Increment on tard indicator:     0.0
   Value of tmax indicator:         3.0

Task for patient = 86 with skills = {4,-1} and cost = 563.3
   Vehicle #0 = 23, leaving at = 1029.0
   Vehicle #1 = -1, leaving at = inf
   Increment on distance indicator: 1.0
   Increment on tard indicator:     0.0
   Value of tmax indicator:         1.0

Task for patient = 155 with skills = {0,-1} and cost = 564.0
   Vehicle #0 = 14, leaving at = 963.0
   Vehicle #1 = -1, leaving at = inf
   Increment on distance indicator: 2.0
   Increment on tard indicator:     0.0
   Value of tmax indicator:         2.0

Task for patient = 49 with skills = {2,-1} and cost = 566.0
   Vehicle #0 = 0, leaving at = 975.0
   Vehicle #1 = -1, leaving at = inf
   Increment on distance indicator: 6.0
   Increment on tard indicator:     0.0
   Value of tmax indicator:         6.0

Task for patient = 45 with skills = {0,-1} and cost = 567.0
   Vehicle #0 = 4, leaving at = 973.0
   Vehicle #1 = -1, leaving at = inf
   Increment on distance indicator: 3.0
   Increment on tard indicator:     0.0
   Value of tmax indicator:         3.0

Task for patient = 85 with skills = {3,-1} and cost = 567.7
   Vehicle #0 = 25, leaving at = 1013.0
   Vehicle #1 = -1, leaving at = inf
   Increment on distance indicator: 2.0
   Increment on tard indicator:     0.0
   Value of tmax indicator:         2.0

Task for patient = 120 with skills = {0,-1} and cost = 570.3
   Vehicle #0 = 14, leaving at = 1011.0
   Vehicle #1 = -1, leaving at = inf
   Increment on distance indicator: 8.0
   Increment on tard indicator:     0.0
   Value of tmax indicator:         8.0

Task for patient = 114 with skills = {0,-1} and cost = 572.0
   Vehicle #0 = 14, leaving at = 1075.0
   Vehicle #1 = -1, leaving at = inf
   Increment on distance indicator: 5.0
   Increment on tard indicator:     0.0
   Value of tmax indicator:         5.0

Task for patient = 173 with skills = {0,3} and cost = 555.0
   Vehicle #0 = 15, leaving at = 1073.0
   Vehicle #1 = 27, leaving at = 1058.0
   Increment on distance indicator: 8.0
   Increment on tard indicator:     0.0
   Value of tmax indicator:         8.0

Task for patient = 1 with skills = {5,-1} and cost = 383.7
   Vehicle #0 = 30, leaving at = 698.0
   Vehicle #1 = -1, leaving at = inf
   Increment on distance indicator: 2.0
   Increment on tard indicator:     0.0
   Value of tmax indicator:         2.0

Task for patient = 175 with skills = {0,3} and cost = 488.0
   Vehicle #0 = 15, leaving at = 1020.0
   Vehicle #1 = 29, leaving at = 1049.0
   Increment on distance indicator: 4.0
   Increment on tard indicator:     0.0
   Value of tmax indicator:         4.0

Task for patient = 90 with skills = {3,-1} and cost = 489.3
   Vehicle #0 = 34, leaving at = 833.0
   Vehicle #1 = -1, leaving at = inf
   Increment on distance indicator: 4.0
   Increment on tard indicator:     0.0
   Value of tmax indicator:         4.0

Task for patient = 10 with skills = {1,-1} and cost = 491.3
   Vehicle #0 = 11, leaving at = 889.0
   Vehicle #1 = -1, leaving at = inf
   Increment on distance indicator: 6.0
   Increment on tard indicator:     0.0
   Value of tmax indicator:         6.0

Task for patient = 108 with skills = {5,-1} and cost = 492.3
   Vehicle #0 = 30, leaving at = 908.0
   Vehicle #1 = -1, leaving at = inf
   Increment on distance indicator: 3.0
   Increment on tard indicator:     0.0
   Value of tmax indicator:         3.0

Task for patient = 19 with skills = {1,-1} and cost = 492.3
   Vehicle #0 = 16, leaving at = 919.0
   Vehicle #1 = -1, leaving at = inf
   Increment on distance indicator: 0.0
   Increment on tard indicator:     0.0
   Value of tmax indicator:         0.0

Task for patient = 154 with skills = {2,3} and cost = 497.7
   Vehicle #0 = 1, leaving at = 1029.0
   Vehicle #1 = 20, leaving at = 1019.0
   Increment on distance indicator: 16.0
   Increment on tard indicator:     0.0
   Value of tmax indicator:         16.0

Task for patient = 128 with skills = {0,4} and cost = 502.0
   Vehicle #0 = 10, leaving at = 872.0
   Vehicle #1 = 34, leaving at = 905.0
   Increment on distance indicator: 13.0
   Increment on tard indicator:     0.0
   Value of tmax indicator:         13.0

Task for patient = 35 with skills = {0,-1} and cost = 503.7
   Vehicle #0 = 10, leaving at = 930.0
   Vehicle #1 = -1, leaving at = inf
   Increment on distance indicator: 5.0
   Increment on tard indicator:     0.0
   Value of tmax indicator:         5.0

Task for patient = 38 with skills = {3,-1} and cost = 505.7
   Vehicle #0 = 35, leaving at = 865.0
   Vehicle #1 = -1, leaving at = inf
   Increment on distance indicator: 6.0
   Increment on tard indicator:     0.0
   Value of tmax indicator:         6.0

Task for patient = 11 with skills = {1,-1} and cost = 506.3
   Vehicle #0 = 3, leaving at = 986.0
   Vehicle #1 = -1, leaving at = inf
   Increment on distance indicator: 2.0
   Increment on tard indicator:     0.0
   Value of tmax indicator:         2.0

Task for patient = 66 with skills = {1,4} and cost = 532.7
   Vehicle #0 = 14, leaving at = 941.0
   Vehicle #1 = 21, leaving at = 960.0
   Increment on distance indicator: 12.0
   Increment on tard indicator:     0.0
   Value of tmax indicator:         12.0

Task for patient = 162 with skills = {4,-1} and cost = 510.0
   Vehicle #0 = 35, leaving at = 964.0
   Vehicle #1 = -1, leaving at = inf
   Increment on distance indicator: 4.0
   Increment on tard indicator:     0.0
   Value of tmax indicator:         4.0

Task for patient = 145 with skills = {4,-1} and cost = 513.0
   Vehicle #0 = 21, leaving at = 918.0
   Vehicle #1 = -1, leaving at = inf
   Increment on distance indicator: 9.0
   Increment on tard indicator:     0.0
   Value of tmax indicator:         9.0

Task for patient = 200 with skills = {1,-1} and cost = 514.0
   Vehicle #0 = 10, leaving at = 963.0
   Vehicle #1 = -1, leaving at = inf
   Increment on distance indicator: 3.0
   Increment on tard indicator:     0.0
   Value of tmax indicator:         3.0

Task for patient = 48 with skills = {3,-1} and cost = 514.7
   Vehicle #0 = 28, leaving at = 989.0
   Vehicle #1 = -1, leaving at = inf
   Increment on distance indicator: 2.0
   Increment on tard indicator:     0.0
   Value of tmax indicator:         2.0

Task for patient = 67 with skills = {0,4} and cost = 516.0
   Vehicle #0 = 10, leaving at = 1023.0
   Vehicle #1 = 24, leaving at = 1024.0
   Increment on distance indicator: 4.0
   Increment on tard indicator:     0.0
   Value of tmax indicator:         4.0

Task for patient = 179 with skills = {1,-1} and cost = 518.0
   Vehicle #0 = 8, leaving at = 910.0
   Vehicle #1 = -1, leaving at = inf
   Increment on distance indicator: 6.0
   Increment on tard indicator:     0.0
   Value of tmax indicator:         6.0

Task for patient = 93 with skills = {3,-1} and cost = 519.3
   Vehicle #0 = 26, leaving at = 1054.0
   Vehicle #1 = -1, leaving at = inf
   Increment on distance indicator: 4.0
   Increment on tard indicator:     0.0
   Value of tmax indicator:         4.0

Task for patient = 161 with skills = {5,-1} and cost = 521.3
   Vehicle #0 = 20, leaving at = 1051.0
   Vehicle #1 = -1, leaving at = inf
   Increment on distance indicator: 6.0
   Increment on tard indicator:     0.0
   Value of tmax indicator:         6.0

Task for patient = 139 with skills = {1,3} and cost = 523.3
   Vehicle #0 = 9, leaving at = 979.0
   Vehicle #1 = 35, leaving at = 1002.0
   Increment on distance indicator: 6.0
   Increment on tard indicator:     0.0
   Value of tmax indicator:         6.0

Task for patient = 70 with skills = {4,-1} and cost = 524.7
   Vehicle #0 = 30, leaving at = 952.0
   Vehicle #1 = -1, leaving at = inf
   Increment on distance indicator: 4.0
   Increment on tard indicator:     0.0
   Value of tmax indicator:         4.0

Task for patient = 122 with skills = {4,-1} and cost = 526.3
   Vehicle #0 = 23, leaving at = 994.0
   Vehicle #1 = -1, leaving at = inf
   Increment on distance indicator: 5.0
   Increment on tard indicator:     0.0
   Value of tmax indicator:         5.0

Task for patient = 80 with skills = {1,5} and cost = 528.7
   Vehicle #0 = 11, leaving at = 987.0
   Vehicle #1 = 32, leaving at = 955.0
   Increment on distance indicator: 7.0
   Increment on tard indicator:     0.0
   Value of tmax indicator:         7.0

Task for patient = 117 with skills = {5,-1} and cost = 508.7
   Vehicle #0 = 22, leaving at = 695.0
   Vehicle #1 = -1, leaving at = inf
   Increment on distance indicator: 7.0
   Increment on tard indicator:     0.0
   Value of tmax indicator:         7.0

Task for patient = 75 with skills = {5,-1} and cost = 151.7
   Vehicle #0 = 22, leaving at = 662.0
   Vehicle #1 = -1, leaving at = inf
   Increment on distance indicator: 5.0
   Increment on tard indicator:     0.0
   Value of tmax indicator:         5.0

Task for patient = 53 with skills = {1,3} and cost = 159.0
   Vehicle #0 = 5, leaving at = 721.0
   Vehicle #1 = 21, leaving at = 746.0
   Increment on distance indicator: 22.0
   Increment on tard indicator:     0.0
   Value of tmax indicator:         22.0

Task for patient = 55 with skills = {5,-1} and cost = 167.7
   Vehicle #0 = 20, leaving at = 872.0
   Vehicle #1 = -1, leaving at = inf
   Increment on distance indicator: 5.0
   Increment on tard indicator:     0.0
   Value of tmax indicator:         5.0

Task for patient = 81 with skills = {2,-1} and cost = 168.7
   Vehicle #0 = 2, leaving at = 787.0
   Vehicle #1 = -1, leaving at = inf
   Increment on distance indicator: 3.0
   Increment on tard indicator:     0.0
   Value of tmax indicator:         3.0

Task for patient = 40 with skills = {3,-1} and cost = 177.7
   Vehicle #0 = 27, leaving at = 541.0
   Vehicle #1 = -1, leaving at = inf
   Increment on distance indicator: 27.0
   Increment on tard indicator:     0.0
   Value of tmax indicator:         27.0

Task for patient = 72 with skills = {4,-1} and cost = 178.7
   Vehicle #0 = 20, leaving at = 893.0
   Vehicle #1 = -1, leaving at = inf
   Increment on distance indicator: 3.0
   Increment on tard indicator:     0.0
   Value of tmax indicator:         3.0

Task for patient = 197 with skills = {0,-1} and cost = 186.3
   Vehicle #0 = 6, leaving at = 515.0
   Vehicle #1 = -1, leaving at = inf
   Increment on distance indicator: 23.0
   Increment on tard indicator:     0.0
   Value of tmax indicator:         23.0

Task for patient = 147 with skills = {1,-1} and cost = 195.3
   Vehicle #0 = 7, leaving at = 495.0
   Vehicle #1 = -1, leaving at = inf
   Increment on distance indicator: 27.0
   Increment on tard indicator:     0.0
   Value of tmax indicator:         27.0

Task for patient = 169 with skills = {5,-1} and cost = 204.7
   Vehicle #0 = 28, leaving at = 536.0
   Vehicle #1 = -1, leaving at = inf
   Increment on distance indicator: 28.0
   Increment on tard indicator:     0.0
   Value of tmax indicator:         28.0

Task for patient = 50 with skills = {1,-1} and cost = 207.3
   Vehicle #0 = 7, leaving at = 567.0
   Vehicle #1 = -1, leaving at = inf
   Increment on distance indicator: 8.0
   Increment on tard indicator:     0.0
   Value of tmax indicator:         8.0

Task for patient = 151 with skills = {2,5} and cost = 220.0
   Vehicle #0 = 11, leaving at = 522.0
   Vehicle #1 = 29, leaving at = 537.0
   Increment on distance indicator: 38.0
   Increment on tard indicator:     0.0
   Value of tmax indicator:         38.0

Task for patient = 91 with skills = {1,4} and cost = 383.0
   Vehicle #0 = 0, leaving at = 891.0
   Vehicle #1 = 24, leaving at = 908.0
   Increment on distance indicator: 6.0
   Increment on tard indicator:     0.0
   Value of tmax indicator:         6.0

Task for patient = 153 with skills = {0,3} and cost = 228.0
   Vehicle #0 = 11, leaving at = 633.0
   Vehicle #1 = 29, leaving at = 657.0
   Increment on distance indicator: 12.0
   Increment on tard indicator:     0.0
   Value of tmax indicator:         12.0

Task for patient = 105 with skills = {1,3} and cost = 232.0
   Vehicle #0 = 11, leaving at = 663.0
   Vehicle #1 = 29, leaving at = 707.0
   Increment on distance indicator: 12.0
   Increment on tard indicator:     0.0
   Value of tmax indicator:         12.0

Task for patient = 88 with skills = {4,-1} and cost = 233.0
   Vehicle #0 = 23, leaving at = 755.0
   Vehicle #1 = -1, leaving at = inf
   Increment on distance indicator: 3.0
   Increment on tard indicator:     0.0
   Value of tmax indicator:         3.0

Task for patient = 15 with skills = {3,-1} and cost = 234.3
   Vehicle #0 = 25, leaving at = 610.0
   Vehicle #1 = -1, leaving at = inf
   Increment on distance indicator: 4.0
   Increment on tard indicator:     0.0
   Value of tmax indicator:         4.0

Task for patient = 84 with skills = {2,4} and cost = 235.7
   Vehicle #0 = 5, leaving at = 789.0
   Vehicle #1 = 21, leaving at = 788.0
   Increment on distance indicator: 4.0
   Increment on tard indicator:     0.0
   Value of tmax indicator:         4.0

Task for patient = 74 with skills = {1,5} and cost = 237.0
   Vehicle #0 = 2, leaving at = 814.0
   Vehicle #1 = 23, leaving at = 825.0
   Increment on distance indicator: 4.0
   Increment on tard indicator:     0.0
   Value of tmax indicator:         4.0

Task for patient = 44 with skills = {5,-1} and cost = 238.3
   Vehicle #0 = 25, leaving at = 644.0
   Vehicle #1 = -1, leaving at = inf
   Increment on distance indicator: 4.0
   Increment on tard indicator:     0.0
   Value of tmax indicator:         4.0

Task for patient = 94 with skills = {4,-1} and cost = 239.3
   Vehicle #0 = 29, leaving at = 747.0
   Vehicle #1 = -1, leaving at = inf
   Increment on distance indicator: 3.0
   Increment on tard indicator:     0.0
   Value of tmax indicator:         3.0

Task for patient = 76 with skills = {1,-1} and cost = 240.3
   Vehicle #0 = 0, leaving at = 785.0
   Vehicle #1 = -1, leaving at = inf
   Increment on distance indicator: 3.0
   Increment on tard indicator:     0.0
   Value of tmax indicator:         3.0

Task for patient = 78 with skills = {0,-1} and cost = 241.3
   Vehicle #0 = 11, leaving at = 754.0
   Vehicle #1 = -1, leaving at = inf
   Increment on distance indicator: 3.0
   Increment on tard indicator:     0.0
   Value of tmax indicator:         3.0

Task for patient = 5 with skills = {4,-1} and cost = 242.3
   Vehicle #0 = 25, leaving at = 685.0
   Vehicle #1 = -1, leaving at = inf
   Increment on distance indicator: 3.0
   Increment on tard indicator:     0.0
   Value of tmax indicator:         3.0

Task for patient = 127 with skills = {1,5} and cost = 224.0
   Vehicle #0 = 11, leaving at = 589.0
   Vehicle #1 = 29, leaving at = 600.0
   Increment on distance indicator: 12.0
   Increment on tard indicator:     0.0
   Value of tmax indicator:         12.0

Task for patient = 65 with skills = {3,-1} and cost = 10.7
   Vehicle #0 = 20, leaving at = 619.0
   Vehicle #1 = -1, leaving at = inf
   Increment on distance indicator: 32.0
   Increment on tard indicator:     0.0
   Value of tmax indicator:         32.0

Task for patient = 82 with skills = {2,5} and cost = 25.7
   Vehicle #0 = 0, leaving at = 664.0
   Vehicle #1 = 20, leaving at = 659.0
   Increment on distance indicator: 45.0
   Increment on tard indicator:     0.0
   Value of tmax indicator:         45.0

Task for patient = 132 with skills = {1,4} and cost = 27.7
   Vehicle #0 = 0, leaving at = 705.0
   Vehicle #1 = 20, leaving at = 703.0
   Increment on distance indicator: 6.0
   Increment on tard indicator:     0.0
   Value of tmax indicator:         6.0

Task for patient = 30 with skills = {4,-1} and cost = 35.0
   Vehicle #0 = 21, leaving at = 603.0
   Vehicle #1 = -1, leaving at = inf
   Increment on distance indicator: 22.0
   Increment on tard indicator:     0.0
   Value of tmax indicator:         22.0

Task for patient = 99 with skills = {0,-1} and cost = 46.0
   Vehicle #0 = 1, leaving at = 590.0
   Vehicle #1 = -1, leaving at = inf
   Increment on distance indicator: 33.0
   Increment on tard indicator:     0.0
   Value of tmax indicator:         33.0

Task for patient = 95 with skills = {0,-1} and cost = 54.0
   Vehicle #0 = 2, leaving at = 576.0
   Vehicle #1 = -1, leaving at = inf
   Increment on distance indicator: 24.0
   Increment on tard indicator:     0.0
   Value of tmax indicator:         24.0

Task for patient = 7 with skills = {1,5} and cost = 64.0
   Vehicle #0 = 2, leaving at = 617.0
   Vehicle #1 = 22, leaving at = 604.0
   Increment on distance indicator: 30.0
   Increment on tard indicator:     0.0
   Value of tmax indicator:         30.0

Task for patient = 17 with skills = {1,4} and cost = 70.0
   Vehicle #0 = 1, leaving at = 639.0
   Vehicle #1 = 21, leaving at = 669.0
   Increment on distance indicator: 18.0
   Increment on tard indicator:     0.0
   Value of tmax indicator:         18.0

Task for patient = 178 with skills = {1,3} and cost = 81.0
   Vehicle #0 = 2, leaving at = 731.0
   Vehicle #1 = 23, leaving at = 729.0
   Increment on distance indicator: 33.0
   Increment on tard indicator:     0.0
   Value of tmax indicator:         33.0

Task for patient = 121 with skills = {2,4} and cost = 83.7
   Vehicle #0 = 1, leaving at = 667.0
   Vehicle #1 = 21, leaving at = 691.0
   Increment on distance indicator: 8.0
   Increment on tard indicator:     0.0
   Value of tmax indicator:         8.0

Task for patient = 100 with skills = {5,-1} and cost = 94.3
   Vehicle #0 = 24, leaving at = 572.0
   Vehicle #1 = -1, leaving at = inf
   Increment on distance indicator: 32.0
   Increment on tard indicator:     0.0
   Value of tmax indicator:         32.0

Task for patient = 170 with skills = {0,-1} and cost = 150.0
   Vehicle #0 = 4, leaving at = 693.0
   Vehicle #1 = -1, leaving at = inf
   Increment on distance indicator: 2.0
   Increment on tard indicator:     0.0
   Value of tmax indicator:         2.0

Task for patient = 97 with skills = {0,4} and cost = 113.0
   Vehicle #0 = 3, leaving at = 589.0
   Vehicle #1 = 25, leaving at = 572.0
   Increment on distance indicator: 54.0
   Increment on tard indicator:     0.0
   Value of tmax indicator:         54.0

Task for patient = 143 with skills = {2,-1} and cost = 121.3
   Vehicle #0 = 4, leaving at = 519.0
   Vehicle #1 = -1, leaving at = inf
   Increment on distance indicator: 25.0
   Increment on tard indicator:     0.0
   Value of tmax indicator:         25.0

Task for patient = 167 with skills = {5,-1} and cost = 122.3
   Vehicle #0 = 24, leaving at = 627.0
   Vehicle #1 = -1, leaving at = inf
   Increment on distance indicator: 3.0
   Increment on tard indicator:     0.0
   Value of tmax indicator:         3.0

Task for patient = 16 with skills = {5,-1} and cost = 130.0
   Vehicle #0 = 26, leaving at = 505.0
   Vehicle #1 = -1, leaving at = inf
   Increment on distance indicator: 23.0
   Increment on tard indicator:     0.0
   Value of tmax indicator:         23.0

Task for patient = 96 with skills = {4,-1} and cost = 131.7
   Vehicle #0 = 20, leaving at = 743.0
   Vehicle #1 = -1, leaving at = inf
   Increment on distance indicator: 5.0
   Increment on tard indicator:     0.0
   Value of tmax indicator:         5.0

Task for patient = 130 with skills = {2,-1} and cost = 140.0
   Vehicle #0 = 5, leaving at = 523.0
   Vehicle #1 = -1, leaving at = inf
   Increment on distance indicator: 25.0
   Increment on tard indicator:     0.0
   Value of tmax indicator:         25.0

Task for patient = 118 with skills = {2,3} and cost = 141.3
   Vehicle #0 = 1, leaving at = 690.0
   Vehicle #1 = 24, leaving at = 746.0
   Increment on distance indicator: 4.0
   Increment on tard indicator:     0.0
   Value of tmax indicator:         4.0

Task for patient = 52 with skills = {0,-1} and cost = 142.0
   Vehicle #0 = 3, leaving at = 659.0
   Vehicle #1 = -1, leaving at = inf
   Increment on distance indicator: 2.0
   Increment on tard indicator:     0.0
   Value of tmax indicator:         2.0

Task for patient = 39 with skills = {2,3} and cost = 144.7
   Vehicle #0 = 5, leaving at = 593.0
   Vehicle #1 = 26, leaving at = 618.0
   Increment on distance indicator: 8.0
   Increment on tard indicator:     0.0
   Value of tmax indicator:         8.0

Task for patient = 138 with skills = {5,-1} and cost = 146.3
   Vehicle #0 = 24, leaving at = 829.0
   Vehicle #1 = -1, leaving at = inf
   Increment on distance indicator: 5.0
   Increment on tard indicator:     0.0
   Value of tmax indicator:         5.0

Task for patient = 150 with skills = {0,3} and cost = 148.3
   Vehicle #0 = 5, leaving at = 626.0
   Vehicle #1 = 26, leaving at = 641.0
   Increment on distance indicator: 6.0
   Increment on tard indicator:     0.0
   Value of tmax indicator:         6.0

Task for patient = 27 with skills = {1,-1} and cost = 149.3
   Vehicle #0 = 5, leaving at = 672.0
   Vehicle #1 = -1, leaving at = inf
   Increment on distance indicator: 3.0
   Increment on tard indicator:     0.0
   Value of tmax indicator:         3.0

Task for patient = 106 with skills = {2,-1} and cost = 95.0
   Vehicle #0 = 2, leaving at = 760.0
   Vehicle #1 = -1, leaving at = inf
   Increment on distance indicator: 2.0
   Increment on tard indicator:     0.0
   Value of tmax indicator:         2.0

Task for patient = 183 with skills = {4,-1} and cost = 316.3
   Vehicle #0 = 32, leaving at = 656.0
   Vehicle #1 = -1, leaving at = inf
   Increment on distance indicator: 3.0
   Increment on tard indicator:     0.0
   Value of tmax indicator:         3.0

Task for patient = 165 with skills = {4,-1} and cost = 317.7
   Vehicle #0 = 32, leaving at = 718.0
   Vehicle #1 = -1, leaving at = inf
   Increment on distance indicator: 4.0
   Increment on tard indicator:     0.0
   Value of tmax indicator:         4.0

Task for patient = 168 with skills = {1,3} and cost = 324.0
   Vehicle #0 = 7, leaving at = 714.0
   Vehicle #1 = 27, leaving at = 742.0
   Increment on distance indicator: 19.0
   Increment on tard indicator:     0.0
   Value of tmax indicator:         19.0

Task for patient = 36 with skills = {0,3} and cost = 324.7
   Vehicle #0 = 7, leaving at = 761.0
   Vehicle #1 = 27, leaving at = 794.0
   Increment on distance indicator: 2.0
   Increment on tard indicator:     0.0
   Value of tmax indicator:         2.0

Task for patient = 184 with skills = {1,-1} and cost = 326.0
   Vehicle #0 = 8, leaving at = 605.0
   Vehicle #1 = -1, leaving at = inf
   Increment on distance indicator: 4.0
   Increment on tard indicator:     0.0
   Value of tmax indicator:         4.0

Task for patient = 180 with skills = {0,3} and cost = 326.7
   Vehicle #0 = 3, leaving at = 859.0
   Vehicle #1 = 25, leaving at = 842.0
   Increment on distance indicator: 2.0
   Increment on tard indicator:     0.0
   Value of tmax indicator:         2.0

Task for patient = 98 with skills = {2,4} and cost = 331.7
   Vehicle #0 = 12, leaving at = 761.0
   Vehicle #1 = 32, leaving at = 761.0
   Increment on distance indicator: 15.0
   Increment on tard indicator:     0.0
   Value of tmax indicator:         15.0

Task for patient = 22 with skills = {3,-1} and cost = 332.7
   Vehicle #0 = 27, leaving at = 815.0
   Vehicle #1 = -1, leaving at = inf
   Increment on distance indicator: 3.0
   Increment on tard indicator:     0.0
   Value of tmax indicator:         3.0

Task for patient = 47 with skills = {1,-1} and cost = 333.7
   Vehicle #0 = 7, leaving at = 802.0
   Vehicle #1 = -1, leaving at = inf
   Increment on distance indicator: 3.0
   Increment on tard indicator:     0.0
   Value of tmax indicator:         3.0

Task for patient = 23 with skills = {0,4} and cost = 335.0
   Vehicle #0 = 12, leaving at = 814.0
   Vehicle #1 = 32, leaving at = 788.0
   Increment on distance indicator: 4.0
   Increment on tard indicator:     0.0
   Value of tmax indicator:         4.0

Task for patient = 140 with skills = {5,-1} and cost = 335.3
   Vehicle #0 = 30, leaving at = 598.0
   Vehicle #1 = -1, leaving at = inf
   Increment on distance indicator: 1.0
   Increment on tard indicator:     0.0
   Value of tmax indicator:         1.0

Task for patient = 41 with skills = {5,-1} and cost = 243.3
   Vehicle #0 = 26, leaving at = 736.0
   Vehicle #1 = -1, leaving at = inf
   Increment on distance indicator: 3.0
   Increment on tard indicator:     0.0
   Value of tmax indicator:         3.0

Task for patient = 71 with skills = {5,-1} and cost = 346.0
   Vehicle #0 = 26, leaving at = 910.0
   Vehicle #1 = -1, leaving at = inf
   Increment on distance indicator: 4.0
   Increment on tard indicator:     0.0
   Value of tmax indicator:         4.0

Task for patient = 2 with skills = {2,-1} and cost = 356.3
   Vehicle #0 = 14, leaving at = 601.0
   Vehicle #1 = -1, leaving at = inf
   Increment on distance indicator: 31.0
   Increment on tard indicator:     0.0
   Value of tmax indicator:         31.0

Task for patient = 83 with skills = {4,-1} and cost = 360.7
   Vehicle #0 = 34, leaving at = 691.0
   Vehicle #1 = -1, leaving at = inf
   Increment on distance indicator: 13.0
   Increment on tard indicator:     0.0
   Value of tmax indicator:         13.0

Task for patient = 136 with skills = {4,-1} and cost = 361.0
   Vehicle #0 = 28, leaving at = 826.0
   Vehicle #1 = -1, leaving at = inf
   Increment on distance indicator: 1.0
   Increment on tard indicator:     0.0
   Value of tmax indicator:         1.0

Task for patient = 144 with skills = {0,-1} and cost = 362.0
   Vehicle #0 = 14, leaving at = 686.0
   Vehicle #1 = -1, leaving at = inf
   Increment on distance indicator: 3.0
   Increment on tard indicator:     0.0
   Value of tmax indicator:         3.0

Task for patient = 185 with skills = {1,5} and cost = 364.3
   Vehicle #0 = 8, leaving at = 658.0
   Vehicle #1 = 30, leaving at = 663.0
   Increment on distance indicator: 7.0
   Increment on tard indicator:     0.0
   Value of tmax indicator:         7.0

Task for patient = 60 with skills = {2,-1} and cost = 365.0
   Vehicle #0 = 14, leaving at = 745.0
   Vehicle #1 = -1, leaving at = inf
   Increment on distance indicator: 2.0
   Increment on tard indicator:     0.0
   Value of tmax indicator:         2.0

Task for patient = 79 with skills = {2,-1} and cost = 373.0
   Vehicle #0 = 15, leaving at = 608.0
   Vehicle #1 = -1, leaving at = inf
   Increment on distance indicator: 24.0
   Increment on tard indicator:     0.0
   Value of tmax indicator:         24.0

Task for patient = 33 with skills = {1,3} and cost = 376.3
   Vehicle #0 = 15, leaving at = 722.0
   Vehicle #1 = 34, leaving at = 729.0
   Increment on distance indicator: 10.0
   Increment on tard indicator:     0.0
   Value of tmax indicator:         10.0

Task for patient = 157 with skills = {1,-1} and cost = 377.7
   Vehicle #0 = 14, leaving at = 788.0
   Vehicle #1 = -1, leaving at = inf
   Increment on distance indicator: 4.0
   Increment on tard indicator:     0.0
   Value of tmax indicator:         4.0

Task for patient = 56 with skills = {1,5} and cost = 381.0
   Vehicle #0 = 2, leaving at = 924.0
   Vehicle #1 = 23, leaving at = 919.0
   Increment on distance indicator: 5.0
   Increment on tard indicator:     0.0
   Value of tmax indicator:         5.0

Task for patient = 43 with skills = {0,-1} and cost = 573.7
   Vehicle #0 = 11, leaving at = 1064.0
   Vehicle #1 = -1, leaving at = inf
   Increment on distance indicator: 5.0
   Increment on tard indicator:     0.0
   Value of tmax indicator:         5.0

Task for patient = 61 with skills = {3,-1} and cost = 344.7
   Vehicle #0 = 34, leaving at = 598.0
   Vehicle #1 = -1, leaving at = inf
   Increment on distance indicator: 28.0
   Increment on tard indicator:     0.0
   Value of tmax indicator:         28.0

Task for patient = 141 with skills = {0,-1} and cost = 244.0
   Vehicle #0 = 1, leaving at = 721.0
   Vehicle #1 = -1, leaving at = inf
   Increment on distance indicator: 2.0
   Increment on tard indicator:     0.0
   Value of tmax indicator:         2.0

Task for patient = 182 with skills = {3,-1} and cost = 245.0
   Vehicle #0 = 27, leaving at = 559.0
   Vehicle #1 = -1, leaving at = inf
   Increment on distance indicator: 3.0
   Increment on tard indicator:     0.0
   Value of tmax indicator:         3.0

Task for patient = 42 with skills = {1,-1} and cost = 246.3
   Vehicle #0 = 2, leaving at = 838.0
   Vehicle #1 = -1, leaving at = inf
   Increment on distance indicator: 4.0
   Increment on tard indicator:     0.0
   Value of tmax indicator:         4.0

Task for patient = 63 with skills = {1,4} and cost = 248.0
   Vehicle #0 = 1, leaving at = 801.0
   Vehicle #1 = 26, leaving at = 822.0
   Increment on distance indicator: 5.0
   Increment on tard indicator:     0.0
   Value of tmax indicator:         5.0

Task for patient = 171 with skills = {1,-1} and cost = 248.3
   Vehicle #0 = 2, leaving at = 865.0
   Vehicle #1 = -1, leaving at = inf
   Increment on distance indicator: 1.0
   Increment on tard indicator:     0.0
   Value of tmax indicator:         1.0

Task for patient = 195 with skills = {2,-1} and cost = 255.3
   Vehicle #0 = 12, leaving at = 539.0
   Vehicle #1 = -1, leaving at = inf
   Increment on distance indicator: 21.0
   Increment on tard indicator:     0.0
   Value of tmax indicator:         21.0

Task for patient = 158 with skills = {0,-1} and cost = 256.7
   Vehicle #0 = 7, leaving at = 620.0
   Vehicle #1 = -1, leaving at = inf
   Increment on distance indicator: 4.0
   Increment on tard indicator:     0.0
   Value of tmax indicator:         4.0

Task for patient = 163 with skills = {1,-1} and cost = 258.3
   Vehicle #0 = 5, leaving at = 817.0
   Vehicle #1 = -1, leaving at = inf
   Increment on distance indicator: 5.0
   Increment on tard indicator:     0.0
   Value of tmax indicator:         5.0

Task for patient = 159 with skills = {0,-1} and cost = 259.7
   Vehicle #0 = 4, leaving at = 738.0
   Vehicle #1 = -1, leaving at = inf
   Increment on distance indicator: 4.0
   Increment on tard indicator:     0.0
   Value of tmax indicator:         4.0

Task for patient = 156 with skills = {1,4} and cost = 262.0
   Vehicle #0 = 3, leaving at = 811.0
   Vehicle #1 = 25, leaving at = 815.0
   Increment on distance indicator: 7.0
   Increment on tard indicator:     0.0
   Value of tmax indicator:         7.0

Task for patient = 177 with skills = {4,-1} and cost = 263.0
   Vehicle #0 = 28, leaving at = 562.0
   Vehicle #1 = -1, leaving at = inf
   Increment on distance indicator: 3.0
   Increment on tard indicator:     0.0
   Value of tmax indicator:         3.0

Task for patient = 103 with skills = {1,-1} and cost = 315.3
   Vehicle #0 = 12, leaving at = 729.0
   Vehicle #1 = -1, leaving at = inf
   Increment on distance indicator: 4.0
   Increment on tard indicator:     0.0
   Value of tmax indicator:         4.0

Task for patient = 131 with skills = {0,3} and cost = 270.0
   Vehicle #0 = 11, leaving at = 807.0
   Vehicle #1 = 29, leaving at = 807.0
   Increment on distance indicator: 13.0
   Increment on tard indicator:     0.0
   Value of tmax indicator:         13.0

Task for patient = 101 with skills = {2,4} and cost = 273.7
   Vehicle #0 = 6, leaving at = 596.0
   Vehicle #1 = 28, leaving at = 587.0
   Increment on distance indicator: 11.0
   Increment on tard indicator:     0.0
   Value of tmax indicator:         11.0

Task for patient = 196 with skills = {3,-1} and cost = 274.7
   Vehicle #0 = 28, leaving at = 718.0
   Vehicle #1 = -1, leaving at = inf
   Increment on distance indicator: 3.0
   Increment on tard indicator:     0.0
   Value of tmax indicator:         3.0

Task for patient = 116 with skills = {0,-1} and cost = 277.3
   Vehicle #0 = 7, leaving at = 679.0
   Vehicle #1 = -1, leaving at = inf
   Increment on distance indicator: 8.0
   Increment on tard indicator:     0.0
   Value of tmax indicator:         8.0

Task for patient = 102 with skills = {5,-1} and cost = 278.3
   Vehicle #0 = 28, leaving at = 775.0
   Vehicle #1 = -1, leaving at = inf
   Increment on distance indicator: 3.0
   Increment on tard indicator:     0.0
   Value of tmax indicator:         3.0

Task for patient = 104 with skills = {1,3} and cost = 296.3
   Vehicle #0 = 8, leaving at = 551.0
   Vehicle #1 = 30, leaving at = 532.0
   Increment on distance indicator: 54.0
   Increment on tard indicator:     0.0
   Value of tmax indicator:         54.0

Task for patient = 149 with skills = {0,3} and cost = 297.7
   Vehicle #0 = 1, leaving at = 833.0
   Vehicle #1 = 26, leaving at = 845.0
   Increment on distance indicator: 4.0
   Increment on tard indicator:     0.0
   Value of tmax indicator:         4.0

Task for patient = 26 with skills = {2,-1} and cost = 299.7
   Vehicle #0 = 4, leaving at = 778.0
   Vehicle #1 = -1, leaving at = inf
   Increment on distance indicator: 6.0
   Increment on tard indicator:     0.0
   Value of tmax indicator:         6.0

Task for patient = 54 with skills = {4,-1} and cost = 302.3
   Vehicle #0 = 29, leaving at = 834.0
   Vehicle #1 = -1, leaving at = inf
   Increment on distance indicator: 8.0
   Increment on tard indicator:     0.0
   Value of tmax indicator:         8.0

Task for patient = 46 with skills = {4,-1} and cost = 309.7
   Vehicle #0 = 32, leaving at = 551.0
   Vehicle #1 = -1, leaving at = inf
   Increment on distance indicator: 22.0
   Increment on tard indicator:     0.0
   Value of tmax indicator:         22.0

Task for patient = 142 with skills = {1,5} and cost = 311.7
   Vehicle #0 = 1, leaving at = 865.0
   Vehicle #1 = 26, leaving at = 878.0
   Increment on distance indicator: 6.0
   Increment on tard indicator:     0.0
   Value of tmax indicator:         6.0

Task for patient = 189 with skills = {1,-1} and cost = 314.0
   Vehicle #0 = 12, leaving at = 704.0
   Vehicle #1 = -1, leaving at = inf
   Increment on distance indicator: 7.0
   Increment on tard indicator:     0.0
   Value of tmax indicator:         7.0

Task for patient = 137 with skills = {5,-1} and cost = 265.7
   Vehicle #0 = 24, leaving at = 875.0
   Vehicle #1 = -1, leaving at = inf
   Increment on distance indicator: 8.0
   Increment on tard indicator:     0.0
   Value of tmax indicator:         8.0


Unused vehicle list: 13 17 18 19 31 33 36 37 38 39 (total = 10 out of 40)

---
Search finished.
Total of 448 generations in 9.2 seconds.
Exchange elite runs: 0
Implicit path relinking runs: 4
Reset attempts: 0

Best solution found:
   Cost: 817.7
   Total travel time: 2445.0
   Total tardiness time: 5.0
   Largest tardiness: 3.0


817.7
