--- BRKGA-MP-IPR for HHCRSP ---
Instance: new-instances/HHCRSP_200_40_49_0.4_R_RC.txt
Seed: 1

Reading data... Problem contains 200 patients  and 40 caregivers.

Summary of supply x demand for each service type:
Skill 0 has supply = 12 and demand = 41, ratio = 0.292683
Skill 1 has supply = 15 and demand = 42, ratio = 0.357143
Skill 2 has supply = 12 and demand = 46, ratio = 0.26087
Skill 3 has supply = 13 and demand = 45, ratio = 0.288889
Skill 4 has supply = 12 and demand = 37, ratio = 0.324324
Skill 5 has supply = 17 and demand = 49, ratio = 0.346939

Reading parameters...
Inferred distance function by PR type: kendall-tau
Building BRKGA data and initializing...
Evolving 448 generations...

  Gens  Rem    Local   ElDiv NoImpr             Best solution            Time  Op
                                       Cost     Dist    Tard    TMax 
*    0  448  4948.00  412.28      0  4948.00  4237.00 10205.0   402.0     0.0    
*    2  446  4469.00  502.62      0  4469.00  4277.00  8832.0   298.0     0.1    
*    5  443  4443.33  307.67      0  4443.33  4312.00  8502.0   382.0     0.1    
*    6  442  4398.67  258.18      0  4398.67  4312.00  8502.0   382.0     0.1    
*    9  439  3706.33  273.75      0  3706.33  4095.00  5088.0   335.0     0.2    
*   10  438  3172.67  293.70      0  3172.67  4095.00  5088.0   335.0     0.2    
*   12  436  2927.67  312.38      0  2927.67  4051.00  4141.0   358.0     0.2    
*   13  435  2850.00  249.16      0  2850.00  4051.00  4141.0   358.0     0.3    
*   15  433  2845.67  222.95      0  2845.67  4209.00  2808.0   311.0     0.3    
*   16  432  2442.67  186.15      0  2442.67  4209.00  2808.0   311.0     0.3    
*   19  429  2382.33  148.09      0  2382.33  4071.00  2197.0   233.0     0.4    
*   20  428  2167.00  129.47      0  2167.00  4071.00  2197.0   233.0     0.4    
*   22  426  2026.33  123.22      0  2026.33  4025.00  1485.0   219.0     0.4    
*   23  425  1909.67  102.56      0  1909.67  4025.00  1485.0   219.0     0.4    
*   25  423  1853.00  105.07      0  1853.00  4087.00  1265.0   207.0     0.5    

  Gens  Rem    Local   ElDiv NoImpr             Best solution            Time  Op
                                       Cost     Dist    Tard    TMax 
*   27  421  1782.00   97.40      0  1782.00  3960.00   913.0   252.0     0.5    
*   28  420  1708.33   87.61      0  1708.33  3918.00   908.0   138.0     0.5    
*   29  419  1654.67   86.64      0  1654.67  3994.00   621.0   115.0     0.6    
*   30  418  1576.67   88.11      0  1576.67  3994.00   621.0   115.0     0.6    
*   34  414  1563.33   57.82      0  1563.33  3789.00   539.0    96.0     0.7    
*   35  413  1474.67   63.76      0  1474.67  3800.00   296.0    95.0     0.7    
*   36  412  1397.00   62.24      0  1397.00  3800.00   296.0    95.0     0.7    
*   40  408  1346.33   43.94      0  1346.33  3766.00   237.0    36.0     0.8    
*   42  406  1342.67   37.72      0  1342.67  3817.00   154.0    57.0     0.8    
*   45  403  1297.33   33.00      0  1297.33  3805.00    51.0    36.0     0.9    
    50  398  1297.33   23.20      5  1297.33  3805.00    51.0    36.0     0.9    
*   51  397  1279.33   19.73      0  1279.33  3787.00    36.0    15.0     1.0    
*   53  395  1254.00   19.71      0  1254.00  3727.00    27.0     8.0     1.0    
*   62  386  1243.67   12.90      0  1243.67  3720.00     7.0     4.0     1.1    
*   64  384  1211.00   15.14      0  1211.00  3600.00    21.0    12.0     1.2    
*   72  376  1206.00   14.29      0  1206.00  3560.00    32.0    26.0     1.3    

  Gens  Rem    Local   ElDiv NoImpr             Best solution            Time  Op
                                       Cost     Dist    Tard    TMax 
*   75  373  1188.33   15.89      0  1188.33  3494.00    25.0     5.0     1.4    
*   76  372  1174.67   15.90      0  1174.67  3494.00    25.0     5.0     1.4    
*   88  360  1164.33   11.33      0  1164.33  3412.00    55.0    26.0     1.7    
*   93  355  1160.00   10.34      0  1160.00  3419.00    50.0    11.0     1.7    
Path relinking result: too homogeneous.
    96  352  1160.00   10.00      4  1160.00  3419.00    50.0    11.0     1.8   P
*   99  349  1157.00    9.66      0  1157.00  3417.00    42.0    12.0     1.9    
   100  348  1157.00    9.47      1  1157.00  3417.00    42.0    12.0     1.9    
*  104  344  1133.67   10.01      0  1133.67  3384.00    13.0     4.0     1.9    
*  129  319  1102.67    9.66      0  1102.67  3294.00    11.0     3.0     2.3    
   150  298  1102.67    8.05     21  1102.67  3294.00    11.0     3.0     2.6    
*  186  262  1100.00    5.99      0  1100.00  3288.00     9.0     3.0     3.3    
*  188  260  1088.00    7.06      0  1088.00  3251.00     9.0     4.0     3.4    
Path relinking result: too homogeneous.
   192  256  1088.00    7.21      5  1088.00  3251.00     9.0     4.0     3.5   P
*  198  250  1077.33    8.55      0  1077.33  3226.00     5.0     1.0     3.6    
   200  248  1077.33    7.93      2  1077.33  3226.00     5.0     1.0     3.6    
*  237  211  1070.33    6.21      0  1070.33  3189.00    16.0     6.0     4.3    

  Gens  Rem    Local   ElDiv NoImpr             Best solution            Time  Op
                                       Cost     Dist    Tard    TMax 
*  243  205  1067.33    6.07      0  1067.33  3185.00    13.0     4.0     4.4    
*  248  200  1065.67    6.45      0  1065.67  3182.00    12.0     3.0     4.5    
   250  198  1065.67    6.49      2  1065.67  3182.00    12.0     3.0     4.5    
*  251  197  1058.67    6.02      0  1058.67  3168.00     6.0     2.0     4.6    
*  255  193  1056.67    5.26      0  1056.67  3147.00    17.0     6.0     4.6    
*  257  191  1050.67    5.21      0  1050.67  3134.00    12.0     6.0     4.7    
*  259  189  1049.00    5.81      0  1049.00  3139.00     5.0     3.0     4.7    
*  267  181  1039.33    5.74      0  1039.33  3097.00    11.0     5.0     4.9    
*  268  180  1037.67    5.45      0  1037.67  3097.00    11.0     5.0     4.9    
*  272  176  1036.00    4.82      0  1036.00  3100.00     5.0     3.0     5.0    
*  274  174  1033.33    4.58      0  1033.33  3085.00    11.0     4.0     5.0    
*  288  160  1029.33    2.75      0  1029.33  3076.00     9.0     3.0     5.3    
Path relinking result: too homogeneous.
   288  160  1029.33    2.75      1  1029.33  3076.00     9.0     3.0     5.3   P
*  292  156  1025.00    2.56      0  1025.00  3063.00     8.0     4.0     5.4    
   300  148  1025.00    1.64      8  1025.00  3063.00     8.0     4.0     5.5    
*  304  144  1023.67    1.88      0  1023.67  3050.00    10.0     4.0     5.6    

  Gens  Rem    Local   ElDiv NoImpr             Best solution            Time  Op
                                       Cost     Dist    Tard    TMax 
*  305  143  1021.33    2.21      0  1021.33  3050.00    10.0     4.0     5.6    
*  312  136  1021.00    0.39      0  1021.00  3049.00    10.0     4.0     5.8    
*  315  133  1020.67    0.45      0  1020.67  3053.00     6.0     3.0     5.8    
*  319  129  1018.33    0.46      0  1018.33  3045.00     7.0     3.0     5.9    
*  329  119  1017.67    1.13      0  1017.67  3043.00     7.0     3.0     6.1    
*  334  114  1017.00    0.38      0  1017.00  3041.00     7.0     3.0     6.1    
*  339  109  1016.33    0.39      0  1016.33  3039.00     7.0     3.0     6.2    
*  342  106  1016.00    0.17      0  1016.00  3037.00     7.0     3.0     6.3    
*  343  105  1015.67    0.43      0  1015.67  3033.00     7.0     3.0     6.3    
*  344  104  1014.33    0.55      0  1014.33  3033.00     7.0     3.0     6.3    
*  346  102  1014.00    0.86      0  1014.00  3032.00     7.0     3.0     6.4    
   350   98  1014.00    0.00      4  1014.00  3032.00     7.0     3.0     6.5    
*  362   86  1011.33    0.33      0  1011.33  3024.00     7.0     3.0     6.7    
*  381   67  1011.00    0.07      0  1011.00  3023.00     7.0     3.0     7.1    
Path relinking result: too homogeneous.
   384   64  1011.00    0.16      4  1011.00  3023.00     7.0     3.0     7.1   P
*  387   61  1010.67    0.04      0  1010.67  3022.00     7.0     3.0     7.2    

  Gens  Rem    Local   ElDiv NoImpr             Best solution            Time  Op
                                       Cost     Dist    Tard    TMax 
*  390   58  1010.00    0.19      0  1010.00  3023.00     4.0     3.0     7.2    
*  395   53  1005.00    0.76      0  1005.00  3008.00     4.0     3.0     7.3    
   400   48  1005.00    1.52      5  1005.00  3008.00     4.0     3.0     7.4    
*  411   37  1002.33    0.77      0  1002.33  3000.00     4.0     3.0     7.6    
*  417   31   998.33    0.54      0   998.33  2988.00     4.0     3.0     7.7    
*  423   25   997.00    1.56      0   997.00  2984.00     4.0     3.0     7.8    
*  428   20   996.67    0.06      0   996.67  2983.00     4.0     3.0     7.9    
   448    0   996.67    0.00     20   996.67  2983.00     4.0     3.0     8.3    
Evolutionary process finished.
Solution written to 'solution-16002.txt'.

Sorted sequence of worst to best tardiness value:
Task for patient = 53 with skills = {3,-1} and cost = 278.7
   Vehicle #0 = 31, leaving at = 664.0
   Vehicle #1 = -1, leaving at = inf
   Increment on distance indicator: 8.0
   Increment on tard indicator:     3.0
   Value of tmax indicator:         8.0

Task for patient = 160 with skills = {0,3} and cost = 607.3
   Vehicle #0 = 12, leaving at = 970.0
   Vehicle #1 = 32, leaving at = 982.0
   Increment on distance indicator: 19.0
   Increment on tard indicator:     1.0
   Value of tmax indicator:         19.0

Task for patient = 42 with skills = {1,4} and cost = 579.7
   Vehicle #0 = 6, leaving at = 876.0
   Vehicle #1 = 31, leaving at = 875.0
   Increment on distance indicator: 13.0
   Increment on tard indicator:     0.0
   Value of tmax indicator:         13.0

Task for patient = 62 with skills = {3,-1} and cost = 506.0
   Vehicle #0 = 26, leaving at = 843.0
   Vehicle #1 = -1, leaving at = inf
   Increment on distance indicator: 12.0
   Increment on tard indicator:     0.0
   Value of tmax indicator:         12.0

Task for patient = 69 with skills = {0,3} and cost = 510.0
   Vehicle #0 = 14, leaving at = 874.0
   Vehicle #1 = 28, leaving at = 875.0
   Increment on distance indicator: 12.0
   Increment on tard indicator:     0.0
   Value of tmax indicator:         12.0

Task for patient = 147 with skills = {5,-1} and cost = 517.3
   Vehicle #0 = 35, leaving at = 784.0
   Vehicle #1 = -1, leaving at = inf
   Increment on distance indicator: 22.0
   Increment on tard indicator:     0.0
   Value of tmax indicator:         22.0

Task for patient = 168 with skills = {3,-1} and cost = 519.3
   Vehicle #0 = 29, leaving at = 834.0
   Vehicle #1 = -1, leaving at = inf
   Increment on distance indicator: 6.0
   Increment on tard indicator:     0.0
   Value of tmax indicator:         6.0

Task for patient = 145 with skills = {1,-1} and cost = 521.3
   Vehicle #0 = 5, leaving at = 849.0
   Vehicle #1 = -1, leaving at = inf
   Increment on distance indicator: 6.0
   Increment on tard indicator:     0.0
   Value of tmax indicator:         6.0

Task for patient = 119 with skills = {2,-1} and cost = 524.0
   Vehicle #0 = 9, leaving at = 791.0
   Vehicle #1 = -1, leaving at = inf
   Increment on distance indicator: 8.0
   Increment on tard indicator:     0.0
   Value of tmax indicator:         8.0

Task for patient = 81 with skills = {3,-1} and cost = 526.7
   Vehicle #0 = 25, leaving at = 814.0
   Vehicle #1 = -1, leaving at = inf
   Increment on distance indicator: 8.0
   Increment on tard indicator:     0.0
   Value of tmax indicator:         8.0

Task for patient = 25 with skills = {0,-1} and cost = 527.3
   Vehicle #0 = 0, leaving at = 795.0
   Vehicle #1 = -1, leaving at = inf
   Increment on distance indicator: 2.0
   Increment on tard indicator:     0.0
   Value of tmax indicator:         2.0

Task for patient = 183 with skills = {4,-1} and cost = 531.0
   Vehicle #0 = 32, leaving at = 835.0
   Vehicle #1 = -1, leaving at = inf
   Increment on distance indicator: 11.0
   Increment on tard indicator:     0.0
   Value of tmax indicator:         11.0

Task for patient = 41 with skills = {2,-1} and cost = 538.0
   Vehicle #0 = 15, leaving at = 798.0
   Vehicle #1 = -1, leaving at = inf
   Increment on distance indicator: 21.0
   Increment on tard indicator:     0.0
   Value of tmax indicator:         21.0

Task for patient = 27 with skills = {1,-1} and cost = 541.0
   Vehicle #0 = 9, leaving at = 823.0
   Vehicle #1 = -1, leaving at = inf
   Increment on distance indicator: 9.0
   Increment on tard indicator:     0.0
   Value of tmax indicator:         9.0

Task for patient = 92 with skills = {2,5} and cost = 544.3
   Vehicle #0 = 10, leaving at = 852.0
   Vehicle #1 = 37, leaving at = 913.0
   Increment on distance indicator: 10.0
   Increment on tard indicator:     0.0
   Value of tmax indicator:         10.0

Task for patient = 193 with skills = {0,5} and cost = 545.7
   Vehicle #0 = 17, leaving at = 829.0
   Vehicle #1 = 33, leaving at = 841.0
   Increment on distance indicator: 4.0
   Increment on tard indicator:     0.0
   Value of tmax indicator:         4.0

Task for patient = 155 with skills = {3,-1} and cost = 547.0
   Vehicle #0 = 28, leaving at = 921.0
   Vehicle #1 = -1, leaving at = inf
   Increment on distance indicator: 4.0
   Increment on tard indicator:     0.0
   Value of tmax indicator:         4.0

Task for patient = 57 with skills = {2,4} and cost = 553.3
   Vehicle #0 = 9, leaving at = 878.0
   Vehicle #1 = 32, leaving at = 907.0
   Increment on distance indicator: 19.0
   Increment on tard indicator:     0.0
   Value of tmax indicator:         19.0

Task for patient = 106 with skills = {4,-1} and cost = 555.0
   Vehicle #0 = 33, leaving at = 887.0
   Vehicle #1 = -1, leaving at = inf
   Increment on distance indicator: 5.0
   Increment on tard indicator:     0.0
   Value of tmax indicator:         5.0

Task for patient = 1 with skills = {5,-1} and cost = 556.3
   Vehicle #0 = 23, leaving at = 911.0
   Vehicle #1 = -1, leaving at = inf
   Increment on distance indicator: 4.0
   Increment on tard indicator:     0.0
   Value of tmax indicator:         4.0

Task for patient = 29 with skills = {0,3} and cost = 564.3
   Vehicle #0 = 8, leaving at = 952.0
   Vehicle #1 = 32, leaving at = 945.0
   Increment on distance indicator: 24.0
   Increment on tard indicator:     0.0
   Value of tmax indicator:         24.0

Task for patient = 138 with skills = {4,-1} and cost = 566.0
   Vehicle #0 = 34, leaving at = 845.0
   Vehicle #1 = -1, leaving at = inf
   Increment on distance indicator: 5.0
   Increment on tard indicator:     0.0
   Value of tmax indicator:         5.0

Task for patient = 83 with skills = {3,-1} and cost = 568.0
   Vehicle #0 = 25, leaving at = 864.0
   Vehicle #1 = -1, leaving at = inf
   Increment on distance indicator: 6.0
   Increment on tard indicator:     0.0
   Value of tmax indicator:         6.0

Task for patient = 112 with skills = {0,4} and cost = 575.3
   Vehicle #0 = 0, leaving at = 846.0
   Vehicle #1 = 35, leaving at = 854.0
   Increment on distance indicator: 22.0
   Increment on tard indicator:     0.0
   Value of tmax indicator:         22.0

Task for patient = 75 with skills = {2,4} and cost = 502.0
   Vehicle #0 = 16, leaving at = 884.0
   Vehicle #1 = 21, leaving at = 845.0
   Increment on distance indicator: 15.0
   Increment on tard indicator:     0.0
   Value of tmax indicator:         15.0

Task for patient = 22 with skills = {3,-1} and cost = 428.0
   Vehicle #0 = 25, leaving at = 776.0
   Vehicle #1 = -1, leaving at = inf
   Increment on distance indicator: 3.0
   Increment on tard indicator:     0.0
   Value of tmax indicator:         3.0

Task for patient = 82 with skills = {5,-1} and cost = 428.3
   Vehicle #0 = 30, leaving at = 1072.0
   Vehicle #1 = -1, leaving at = inf
   Increment on distance indicator: 1.0
   Increment on tard indicator:     0.0
   Value of tmax indicator:         1.0

Task for patient = 126 with skills = {4,-1} and cost = 430.0
   Vehicle #0 = 32, leaving at = 742.0
   Vehicle #1 = -1, leaving at = inf
   Increment on distance indicator: 5.0
   Increment on tard indicator:     0.0
   Value of tmax indicator:         5.0

Task for patient = 192 with skills = {2,5} and cost = 436.0
   Vehicle #0 = 13, leaving at = 707.0
   Vehicle #1 = 35, leaving at = 723.0
   Increment on distance indicator: 18.0
   Increment on tard indicator:     0.0
   Value of tmax indicator:         18.0

Task for patient = 143 with skills = {0,5} and cost = 442.7
   Vehicle #0 = 5, leaving at = 764.0
   Vehicle #1 = 24, leaving at = 781.0
   Increment on distance indicator: 20.0
   Increment on tard indicator:     0.0
   Value of tmax indicator:         20.0

Task for patient = 88 with skills = {1,-1} and cost = 444.0
   Vehicle #0 = 3, leaving at = 899.0
   Vehicle #1 = -1, leaving at = inf
   Increment on distance indicator: 4.0
   Increment on tard indicator:     0.0
   Value of tmax indicator:         4.0

Task for patient = 32 with skills = {5,-1} and cost = 445.0
   Vehicle #0 = 33, leaving at = 684.0
   Vehicle #1 = -1, leaving at = inf
   Increment on distance indicator: 3.0
   Increment on tard indicator:     0.0
   Value of tmax indicator:         3.0

Task for patient = 60 with skills = {2,-1} and cost = 449.0
   Vehicle #0 = 15, leaving at = 696.0
   Vehicle #1 = -1, leaving at = inf
   Increment on distance indicator: 12.0
   Increment on tard indicator:     0.0
   Value of tmax indicator:         12.0

Task for patient = 166 with skills = {2,5} and cost = 452.7
   Vehicle #0 = 7, leaving at = 773.0
   Vehicle #1 = 37, leaving at = 811.0
   Increment on distance indicator: 11.0
   Increment on tard indicator:     0.0
   Value of tmax indicator:         11.0

Task for patient = 94 with skills = {3,-1} and cost = 453.7
   Vehicle #0 = 22, leaving at = 810.0
   Vehicle #1 = -1, leaving at = inf
   Increment on distance indicator: 3.0
   Increment on tard indicator:     0.0
   Value of tmax indicator:         3.0

Task for patient = 89 with skills = {2,-1} and cost = 456.7
   Vehicle #0 = 13, leaving at = 781.0
   Vehicle #1 = -1, leaving at = inf
   Increment on distance indicator: 9.0
   Increment on tard indicator:     0.0
   Value of tmax indicator:         9.0

Task for patient = 129 with skills = {4,-1} and cost = 497.0
   Vehicle #0 = 20, leaving at = 951.0
   Vehicle #1 = -1, leaving at = inf
   Increment on distance indicator: 2.0
   Increment on tard indicator:     0.0
   Value of tmax indicator:         2.0

Task for patient = 194 with skills = {3,-1} and cost = 463.0
   Vehicle #0 = 34, leaving at = 711.0
   Vehicle #1 = -1, leaving at = inf
   Increment on distance indicator: 4.0
   Increment on tard indicator:     0.0
   Value of tmax indicator:         4.0

Task for patient = 79 with skills = {2,-1} and cost = 463.7
   Vehicle #0 = 16, leaving at = 802.0
   Vehicle #1 = -1, leaving at = inf
   Increment on distance indicator: 2.0
   Increment on tard indicator:     0.0
   Value of tmax indicator:         2.0

Task for patient = 108 with skills = {3,-1} and cost = 466.3
   Vehicle #0 = 32, leaving at = 768.0
   Vehicle #1 = -1, leaving at = inf
   Increment on distance indicator: 8.0
   Increment on tard indicator:     0.0
   Value of tmax indicator:         8.0

Task for patient = 74 with skills = {2,5} and cost = 473.0
   Vehicle #0 = 2, leaving at = 834.0
   Vehicle #1 = 29, leaving at = 810.0
   Increment on distance indicator: 20.0
   Increment on tard indicator:     0.0
   Value of tmax indicator:         20.0

Task for patient = 54 with skills = {1,-1} and cost = 474.0
   Vehicle #0 = 1, leaving at = 1032.0
   Vehicle #1 = -1, leaving at = inf
   Increment on distance indicator: 3.0
   Increment on tard indicator:     0.0
   Value of tmax indicator:         3.0

Task for patient = 164 with skills = {3,-1} and cost = 475.7
   Vehicle #0 = 32, leaving at = 803.0
   Vehicle #1 = -1, leaving at = inf
   Increment on distance indicator: 5.0
   Increment on tard indicator:     0.0
   Value of tmax indicator:         5.0

Task for patient = 146 with skills = {5,-1} and cost = 480.7
   Vehicle #0 = 33, leaving at = 750.0
   Vehicle #1 = -1, leaving at = inf
   Increment on distance indicator: 15.0
   Increment on tard indicator:     0.0
   Value of tmax indicator:         15.0

Task for patient = 123 with skills = {0,4} and cost = 484.3
   Vehicle #0 = 10, leaving at = 826.0
   Vehicle #1 = 37, leaving at = 858.0
   Increment on distance indicator: 11.0
   Increment on tard indicator:     0.0
   Value of tmax indicator:         11.0

Task for patient = 86 with skills = {1,-1} and cost = 487.3
   Vehicle #0 = 8, leaving at = 892.0
   Vehicle #1 = -1, leaving at = inf
   Increment on distance indicator: 9.0
   Increment on tard indicator:     0.0
   Value of tmax indicator:         9.0

Task for patient = 132 with skills = {0,4} and cost = 491.3
   Vehicle #0 = 17, leaving at = 747.0
   Vehicle #1 = 33, leaving at = 803.0
   Increment on distance indicator: 12.0
   Increment on tard indicator:     0.0
   Value of tmax indicator:         12.0

Task for patient = 177 with skills = {2,-1} and cost = 494.7
   Vehicle #0 = 15, leaving at = 748.0
   Vehicle #1 = -1, leaving at = inf
   Increment on distance indicator: 10.0
   Increment on tard indicator:     0.0
   Value of tmax indicator:         10.0

Task for patient = 135 with skills = {1,-1} and cost = 496.3
   Vehicle #0 = 6, leaving at = 747.0
   Vehicle #1 = -1, leaving at = inf
   Increment on distance indicator: 5.0
   Increment on tard indicator:     0.0
   Value of tmax indicator:         5.0

Task for patient = 158 with skills = {2,4} and cost = 461.7
   Vehicle #0 = 14, leaving at = 809.0
   Vehicle #1 = 28, leaving at = 831.0
   Increment on distance indicator: 15.0
   Increment on tard indicator:     0.0
   Value of tmax indicator:         15.0

Task for patient = 103 with skills = {2,5} and cost = 663.7
   Vehicle #0 = 14, leaving at = 1057.0
   Vehicle #1 = 23, leaving at = 1050.0
   Increment on distance indicator: 23.0
   Increment on tard indicator:     0.0
   Value of tmax indicator:         23.0

Task for patient = 134 with skills = {2,-1} and cost = 668.0
   Vehicle #0 = 2, leaving at = 881.0
   Vehicle #1 = -1, leaving at = inf
   Increment on distance indicator: 13.0
   Increment on tard indicator:     0.0
   Value of tmax indicator:         13.0

Task for patient = 190 with skills = {5,-1} and cost = 669.3
   Vehicle #0 = 36, leaving at = 951.0
   Vehicle #1 = -1, leaving at = inf
   Increment on distance indicator: 4.0
   Increment on tard indicator:     0.0
   Value of tmax indicator:         4.0

Task for patient = 2 with skills = {3,-1} and cost = 676.3
   Vehicle #0 = 35, leaving at = 902.0
   Vehicle #1 = -1, leaving at = inf
   Increment on distance indicator: 21.0
   Increment on tard indicator:     0.0
   Value of tmax indicator:         21.0

Task for patient = 150 with skills = {5,-1} and cost = 679.3
   Vehicle #0 = 28, leaving at = 1004.0
   Vehicle #1 = -1, leaving at = inf
   Increment on distance indicator: 9.0
   Increment on tard indicator:     0.0
   Value of tmax indicator:         9.0

Task for patient = 12 with skills = {2,4} and cost = 686.0
   Vehicle #0 = 13, leaving at = 913.0
   Vehicle #1 = 21, leaving at = 889.0
   Increment on distance indicator: 20.0
   Increment on tard indicator:     0.0
   Value of tmax indicator:         20.0

Task for patient = 102 with skills = {0,-1} and cost = 688.3
   Vehicle #0 = 17, leaving at = 1006.0
   Vehicle #1 = -1, leaving at = inf
   Increment on distance indicator: 7.0
   Increment on tard indicator:     0.0
   Value of tmax indicator:         7.0

Task for patient = 198 with skills = {3,-1} and cost = 690.7
   Vehicle #0 = 20, leaving at = 1038.0
   Vehicle #1 = -1, leaving at = inf
   Increment on distance indicator: 7.0
   Increment on tard indicator:     0.0
   Value of tmax indicator:         7.0

Task for patient = 67 with skills = {2,-1} and cost = 693.0
   Vehicle #0 = 7, leaving at = 998.0
   Vehicle #1 = -1, leaving at = inf
   Increment on distance indicator: 7.0
   Increment on tard indicator:     0.0
   Value of tmax indicator:         7.0

Task for patient = 162 with skills = {1,-1} and cost = 693.0
   Vehicle #0 = 18, leaving at = 983.0
   Vehicle #1 = -1, leaving at = inf
   Increment on distance indicator: 0.0
   Increment on tard indicator:     0.0
   Value of tmax indicator:         0.0

Task for patient = 124 with skills = {2,-1} and cost = 694.3
   Vehicle #0 = 7, leaving at = 1044.0
   Vehicle #1 = -1, leaving at = inf
   Increment on distance indicator: 4.0
   Increment on tard indicator:     0.0
   Value of tmax indicator:         4.0

Task for patient = 128 with skills = {2,4} and cost = 586.7
   Vehicle #0 = 15, leaving at = 976.0
   Vehicle #1 = 31, leaving at = 989.0
   Increment on distance indicator: 21.0
   Increment on tard indicator:     0.0
   Value of tmax indicator:         21.0

Task for patient = 50 with skills = {3,-1} and cost = 701.7
   Vehicle #0 = 34, leaving at = 1016.0
   Vehicle #1 = -1, leaving at = inf
   Increment on distance indicator: 8.0
   Increment on tard indicator:     0.0
   Value of tmax indicator:         8.0

Task for patient = 66 with skills = {4,-1} and cost = 703.0
   Vehicle #0 = 35, leaving at = 934.0
   Vehicle #1 = -1, leaving at = inf
   Increment on distance indicator: 4.0
   Increment on tard indicator:     0.0
   Value of tmax indicator:         4.0

Task for patient = 31 with skills = {2,-1} and cost = 706.0
   Vehicle #0 = 9, leaving at = 942.0
   Vehicle #1 = -1, leaving at = inf
   Increment on distance indicator: 9.0
   Increment on tard indicator:     0.0
   Value of tmax indicator:         9.0

Task for patient = 19 with skills = {2,5} and cost = 711.0
   Vehicle #0 = 2, leaving at = 920.0
   Vehicle #1 = 24, leaving at = 950.0
   Increment on distance indicator: 15.0
   Increment on tard indicator:     0.0
   Value of tmax indicator:         15.0

Task for patient = 21 with skills = {4,-1} and cost = 713.7
   Vehicle #0 = 32, leaving at = 1019.0
   Vehicle #1 = -1, leaving at = inf
   Increment on distance indicator: 8.0
   Increment on tard indicator:     0.0
   Value of tmax indicator:         8.0

Task for patient = 58 with skills = {5,-1} and cost = 716.3
   Vehicle #0 = 37, leaving at = 1026.0
   Vehicle #1 = -1, leaving at = inf
   Increment on distance indicator: 8.0
   Increment on tard indicator:     0.0
   Value of tmax indicator:         8.0

Task for patient = 7 with skills = {1,5} and cost = 721.7
   Vehicle #0 = 9, leaving at = 999.0
   Vehicle #1 = 33, leaving at = 1005.0
   Increment on distance indicator: 16.0
   Increment on tard indicator:     0.0
   Value of tmax indicator:         16.0

Task for patient = 30 with skills = {0,4} and cost = 727.7
   Vehicle #0 = 12, leaving at = 1018.0
   Vehicle #1 = 33, leaving at = 1044.0
   Increment on distance indicator: 18.0
   Increment on tard indicator:     0.0
   Value of tmax indicator:         18.0

Task for patient = 14 with skills = {0,-1} and cost = 730.7
   Vehicle #0 = 3, leaving at = 1007.0
   Vehicle #1 = -1, leaving at = inf
   Increment on distance indicator: 9.0
   Increment on tard indicator:     0.0
   Value of tmax indicator:         9.0

Task for patient = 130 with skills = {0,-1} and cost = 733.3
   Vehicle #0 = 5, leaving at = 973.0
   Vehicle #1 = -1, leaving at = inf
   Increment on distance indicator: 8.0
   Increment on tard indicator:     0.0
   Value of tmax indicator:         8.0

Task for patient = 44 with skills = {2,-1} and cost = 735.0
   Vehicle #0 = 2, leaving at = 971.0
   Vehicle #1 = -1, leaving at = inf
   Increment on distance indicator: 5.0
   Increment on tard indicator:     0.0
   Value of tmax indicator:         5.0

Task for patient = 117 with skills = {0,-1} and cost = 741.7
   Vehicle #0 = 5, leaving at = 1024.0
   Vehicle #1 = -1, leaving at = inf
   Increment on distance indicator: 20.0
   Increment on tard indicator:     0.0
   Value of tmax indicator:         20.0

Task for patient = 76 with skills = {5,-1} and cost = 699.0
   Vehicle #0 = 34, leaving at = 949.0
   Vehicle #1 = -1, leaving at = inf
   Increment on distance indicator: 14.0
   Increment on tard indicator:     0.0
   Value of tmax indicator:         14.0

Task for patient = 59 with skills = {2,-1} and cost = 427.0
   Vehicle #0 = 15, leaving at = 663.0
   Vehicle #1 = -1, leaving at = inf
   Increment on distance indicator: 7.0
   Increment on tard indicator:     0.0
   Value of tmax indicator:         7.0

Task for patient = 148 with skills = {2,-1} and cost = 588.7
   Vehicle #0 = 7, leaving at = 831.0
   Vehicle #1 = -1, leaving at = inf
   Increment on distance indicator: 6.0
   Increment on tard indicator:     0.0
   Value of tmax indicator:         6.0

Task for patient = 170 with skills = {0,3} and cost = 592.7
   Vehicle #0 = 17, leaving at = 897.0
   Vehicle #1 = 25, leaving at = 931.0
   Increment on distance indicator: 12.0
   Increment on tard indicator:     0.0
   Value of tmax indicator:         12.0

Task for patient = 186 with skills = {2,-1} and cost = 594.3
   Vehicle #0 = 4, leaving at = 832.0
   Vehicle #1 = -1, leaving at = inf
   Increment on distance indicator: 5.0
   Increment on tard indicator:     0.0
   Value of tmax indicator:         5.0

Task for patient = 56 with skills = {1,-1} and cost = 597.7
   Vehicle #0 = 5, leaving at = 930.0
   Vehicle #1 = -1, leaving at = inf
   Increment on distance indicator: 10.0
   Increment on tard indicator:     0.0
   Value of tmax indicator:         10.0

Task for patient = 178 with skills = {4,-1} and cost = 600.7
   Vehicle #0 = 37, leaving at = 964.0
   Vehicle #1 = -1, leaving at = inf
   Increment on distance indicator: 9.0
   Increment on tard indicator:     0.0
   Value of tmax indicator:         9.0

Task for patient = 197 with skills = {3,-1} and cost = 609.3
   Vehicle #0 = 25, leaving at = 997.0
   Vehicle #1 = -1, leaving at = inf
   Increment on distance indicator: 6.0
   Increment on tard indicator:     0.0
   Value of tmax indicator:         6.0

Task for patient = 28 with skills = {0,5} and cost = 611.7
   Vehicle #0 = 3, leaving at = 961.0
   Vehicle #1 = 23, leaving at = 945.0
   Increment on distance indicator: 7.0
   Increment on tard indicator:     0.0
   Value of tmax indicator:         7.0

Task for patient = 172 with skills = {1,5} and cost = 614.3
   Vehicle #0 = 3, leaving at = 982.0
   Vehicle #1 = 23, leaving at = 1007.0
   Increment on distance indicator: 8.0
   Increment on tard indicator:     0.0
   Value of tmax indicator:         8.0

Task for patient = 185 with skills = {1,5} and cost = 616.3
   Vehicle #0 = 7, leaving at = 936.0
   Vehicle #1 = 33, leaving at = 946.0
   Increment on distance indicator: 6.0
   Increment on tard indicator:     0.0
   Value of tmax indicator:         6.0

Task for patient = 125 with skills = {0,-1} and cost = 618.3
   Vehicle #0 = 17, leaving at = 962.0
   Vehicle #1 = -1, leaving at = inf
   Increment on distance indicator: 6.0
   Increment on tard indicator:     0.0
   Value of tmax indicator:         6.0

Task for patient = 35 with skills = {0,-1} and cost = 656.0
   Vehicle #0 = 10, leaving at = 1049.0
   Vehicle #1 = -1, leaving at = inf
   Increment on distance indicator: 6.0
   Increment on tard indicator:     0.0
   Value of tmax indicator:         6.0

Task for patient = 200 with skills = {0,3} and cost = 624.0
   Vehicle #0 = 16, leaving at = 945.0
   Vehicle #1 = 26, leaving at = 932.0
   Increment on distance indicator: 8.0
   Increment on tard indicator:     0.0
   Value of tmax indicator:         8.0

Task for patient = 120 with skills = {3,-1} and cost = 625.3
   Vehicle #0 = 25, leaving at = 1040.0
   Vehicle #1 = -1, leaving at = inf
   Increment on distance indicator: 4.0
   Increment on tard indicator:     0.0
   Value of tmax indicator:         4.0

Task for patient = 111 with skills = {3,-1} and cost = 628.3
   Vehicle #0 = 26, leaving at = 976.0
   Vehicle #1 = -1, leaving at = inf
   Increment on distance indicator: 9.0
   Increment on tard indicator:     0.0
   Value of tmax indicator:         9.0

Task for patient = 47 with skills = {1,-1} and cost = 629.7
   Vehicle #0 = 11, leaving at = 828.0
   Vehicle #1 = -1, leaving at = inf
   Increment on distance indicator: 4.0
   Increment on tard indicator:     0.0
   Value of tmax indicator:         4.0

Task for patient = 17 with skills = {2,3} and cost = 636.0
   Vehicle #0 = 11, leaving at = 969.0
   Vehicle #1 = 28, leaving at = 953.0
   Increment on distance indicator: 19.0
   Increment on tard indicator:     0.0
   Value of tmax indicator:         19.0

Task for patient = 97 with skills = {5,-1} and cost = 639.3
   Vehicle #0 = 29, leaving at = 871.0
   Vehicle #1 = -1, leaving at = inf
   Increment on distance indicator: 10.0
   Increment on tard indicator:     0.0
   Value of tmax indicator:         10.0

Task for patient = 15 with skills = {5,-1} and cost = 641.0
   Vehicle #0 = 27, leaving at = 797.0
   Vehicle #1 = -1, leaving at = inf
   Increment on distance indicator: 5.0
   Increment on tard indicator:     0.0
   Value of tmax indicator:         5.0

Task for patient = 127 with skills = {4,-1} and cost = 643.0
   Vehicle #0 = 33, leaving at = 974.0
   Vehicle #1 = -1, leaving at = inf
   Increment on distance indicator: 6.0
   Increment on tard indicator:     0.0
   Value of tmax indicator:         6.0

Task for patient = 144 with skills = {1,-1} and cost = 646.3
   Vehicle #0 = 4, leaving at = 890.0
   Vehicle #1 = -1, leaving at = inf
   Increment on distance indicator: 10.0
   Increment on tard indicator:     0.0
   Value of tmax indicator:         10.0

Task for patient = 152 with skills = {3,-1} and cost = 647.7
   Vehicle #0 = 31, leaving at = 1031.0
   Vehicle #1 = -1, leaving at = inf
   Increment on distance indicator: 4.0
   Increment on tard indicator:     0.0
   Value of tmax indicator:         4.0

Task for patient = 8 with skills = {4,-1} and cost = 653.0
   Vehicle #0 = 34, leaving at = 889.0
   Vehicle #1 = -1, leaving at = inf
   Increment on distance indicator: 16.0
   Increment on tard indicator:     0.0
   Value of tmax indicator:         16.0

Task for patient = 118 with skills = {2,-1} and cost = 654.0
   Vehicle #0 = 8, leaving at = 976.0
   Vehicle #1 = -1, leaving at = inf
   Increment on distance indicator: 3.0
   Increment on tard indicator:     0.0
   Value of tmax indicator:         3.0

Task for patient = 49 with skills = {2,3} and cost = 621.3
   Vehicle #0 = 10, leaving at = 1008.0
   Vehicle #1 = 20, leaving at = 997.0
   Increment on distance indicator: 9.0
   Increment on tard indicator:     0.0
   Value of tmax indicator:         9.0

Task for patient = 149 with skills = {1,5} and cost = 161.0
   Vehicle #0 = 3, leaving at = 728.0
   Vehicle #1 = 23, leaving at = 739.0
   Increment on distance indicator: 13.0
   Increment on tard indicator:     0.0
   Value of tmax indicator:         13.0

Task for patient = 137 with skills = {5,-1} and cost = 165.0
   Vehicle #0 = 21, leaving at = 753.0
   Vehicle #1 = -1, leaving at = inf
   Increment on distance indicator: 12.0
   Increment on tard indicator:     0.0
   Value of tmax indicator:         12.0

Task for patient = 96 with skills = {1,3} and cost = 169.7
   Vehicle #0 = 5, leaving at = 666.0
   Vehicle #1 = 24, leaving at = 670.0
   Increment on distance indicator: 14.0
   Increment on tard indicator:     0.0
   Value of tmax indicator:         14.0

Task for patient = 115 with skills = {5,-1} and cost = 178.3
   Vehicle #0 = 29, leaving at = 620.0
   Vehicle #1 = -1, leaving at = inf
   Increment on distance indicator: 26.0
   Increment on tard indicator:     0.0
   Value of tmax indicator:         26.0

Task for patient = 90 with skills = {3,-1} and cost = 181.3
   Vehicle #0 = 26, leaving at = 594.0
   Vehicle #1 = -1, leaving at = inf
   Increment on distance indicator: 9.0
   Increment on tard indicator:     0.0
   Value of tmax indicator:         9.0

Task for patient = 37 with skills = {1,-1} and cost = 183.7
   Vehicle #0 = 8, leaving at = 614.0
   Vehicle #1 = -1, leaving at = inf
   Increment on distance indicator: 7.0
   Increment on tard indicator:     0.0
   Value of tmax indicator:         7.0

Task for patient = 161 with skills = {4,-1} and cost = 187.7
   Vehicle #0 = 31, leaving at = 566.0
   Vehicle #1 = -1, leaving at = inf
   Increment on distance indicator: 12.0
   Increment on tard indicator:     0.0
   Value of tmax indicator:         12.0

Task for patient = 154 with skills = {0,3} and cost = 199.3
   Vehicle #0 = 10, leaving at = 583.0
   Vehicle #1 = 31, leaving at = 630.0
   Increment on distance indicator: 35.0
   Increment on tard indicator:     0.0
   Value of tmax indicator:         35.0

Task for patient = 13 with skills = {1,-1} and cost = 200.0
   Vehicle #0 = 7, leaving at = 682.0
   Vehicle #1 = -1, leaving at = inf
   Increment on distance indicator: 2.0
   Increment on tard indicator:     0.0
   Value of tmax indicator:         2.0

Task for patient = 187 with skills = {5,-1} and cost = 201.3
   Vehicle #0 = 23, leaving at = 794.0
   Vehicle #1 = -1, leaving at = inf
   Increment on distance indicator: 4.0
   Increment on tard indicator:     0.0
   Value of tmax indicator:         4.0

Task for patient = 175 with skills = {0,5} and cost = 205.0
   Vehicle #0 = 10, leaving at = 734.0
   Vehicle #1 = 25, leaving at = 734.0
   Increment on distance indicator: 11.0
   Increment on tard indicator:     0.0
   Value of tmax indicator:         11.0

Task for patient = 10 with skills = {2,4} and cost = 424.7
   Vehicle #0 = 11, leaving at = 764.0
   Vehicle #1 = 31, leaving at = 805.0
   Increment on distance indicator: 20.0
   Increment on tard indicator:     0.0
   Value of tmax indicator:         20.0

Task for patient = 101 with skills = {4,-1} and cost = 212.0
   Vehicle #0 = 30, leaving at = 704.0
   Vehicle #1 = -1, leaving at = inf
   Increment on distance indicator: 8.0
   Increment on tard indicator:     0.0
   Value of tmax indicator:         8.0

Task for patient = 121 with skills = {0,-1} and cost = 214.3
   Vehicle #0 = 3, leaving at = 774.0
   Vehicle #1 = -1, leaving at = inf
   Increment on distance indicator: 7.0
   Increment on tard indicator:     0.0
   Value of tmax indicator:         7.0

Task for patient = 199 with skills = {2,4} and cost = 220.0
   Vehicle #0 = 8, leaving at = 748.0
   Vehicle #1 = 30, leaving at = 766.0
   Increment on distance indicator: 17.0
   Increment on tard indicator:     0.0
   Value of tmax indicator:         17.0

Task for patient = 26 with skills = {5,-1} and cost = 222.7
   Vehicle #0 = 27, leaving at = 704.0
   Vehicle #1 = -1, leaving at = inf
   Increment on distance indicator: 8.0
   Increment on tard indicator:     0.0
   Value of tmax indicator:         8.0

Task for patient = 157 with skills = {3,-1} and cost = 227.3
   Vehicle #0 = 32, leaving at = 557.0
   Vehicle #1 = -1, leaving at = inf
   Increment on distance indicator: 14.0
   Increment on tard indicator:     0.0
   Value of tmax indicator:         14.0

Task for patient = 171 with skills = {3,-1} and cost = 228.0
   Vehicle #0 = 29, leaving at = 654.0
   Vehicle #1 = -1, leaving at = inf
   Increment on distance indicator: 2.0
   Increment on tard indicator:     0.0
   Value of tmax indicator:         2.0

Task for patient = 173 with skills = {5,-1} and cost = 229.3
   Vehicle #0 = 29, leaving at = 692.0
   Vehicle #1 = -1, leaving at = inf
   Increment on distance indicator: 4.0
   Increment on tard indicator:     0.0
   Value of tmax indicator:         4.0

Task for patient = 6 with skills = {0,5} and cost = 232.0
   Vehicle #0 = 8, leaving at = 789.0
   Vehicle #1 = 30, leaving at = 813.0
   Increment on distance indicator: 8.0
   Increment on tard indicator:     0.0
   Value of tmax indicator:         8.0

Task for patient = 18 with skills = {0,5} and cost = 242.3
   Vehicle #0 = 12, leaving at = 611.0
   Vehicle #1 = 32, leaving at = 595.0
   Increment on distance indicator: 31.0
   Increment on tard indicator:     0.0
   Value of tmax indicator:         31.0

Task for patient = 100 with skills = {2,5} and cost = 257.0
   Vehicle #0 = 9, leaving at = 648.0
   Vehicle #1 = 32, leaving at = 651.0
   Increment on distance indicator: 44.0
   Increment on tard indicator:     0.0
   Value of tmax indicator:         44.0

Task for patient = 153 with skills = {1,-1} and cost = 259.7
   Vehicle #0 = 0, leaving at = 592.0
   Vehicle #1 = -1, leaving at = inf
   Increment on distance indicator: 8.0
   Increment on tard indicator:     0.0
   Value of tmax indicator:         8.0

Task for patient = 87 with skills = {0,5} and cost = 267.7
   Vehicle #0 = 14, leaving at = 640.0
   Vehicle #1 = 33, leaving at = 664.0
   Increment on distance indicator: 24.0
   Increment on tard indicator:     0.0
   Value of tmax indicator:         24.0

Task for patient = 95 with skills = {3,-1} and cost = 209.3
   Vehicle #0 = 30, leaving at = 638.0
   Vehicle #1 = -1, leaving at = inf
   Increment on distance indicator: 13.0
   Increment on tard indicator:     0.0
   Value of tmax indicator:         13.0

Task for patient = 104 with skills = {2,3} and cost = 14.7
   Vehicle #0 = 2, leaving at = 585.0
   Vehicle #1 = 20, leaving at = 585.0
   Increment on distance indicator: 44.0
   Increment on tard indicator:     0.0
   Value of tmax indicator:         44.0

Task for patient = 64 with skills = {1,5} and cost = 18.7
   Vehicle #0 = 0, leaving at = 506.0
   Vehicle #1 = 21, leaving at = 546.0
   Increment on distance indicator: 12.0
   Increment on tard indicator:     0.0
   Value of tmax indicator:         12.0

Task for patient = 105 with skills = {0,4} and cost = 28.0
   Vehicle #0 = 1, leaving at = 612.0
   Vehicle #1 = 20, leaving at = 614.0
   Increment on distance indicator: 28.0
   Increment on tard indicator:     0.0
   Value of tmax indicator:         28.0

Task for patient = 189 with skills = {1,4} and cost = 34.0
   Vehicle #0 = 1, leaving at = 673.0
   Vehicle #1 = 20, leaving at = 683.0
   Increment on distance indicator: 18.0
   Increment on tard indicator:     0.0
   Value of tmax indicator:         18.0

Task for patient = 167 with skills = {0,-1} and cost = 41.0
   Vehicle #0 = 3, leaving at = 568.0
   Vehicle #1 = -1, leaving at = inf
   Increment on distance indicator: 21.0
   Increment on tard indicator:     0.0
   Value of tmax indicator:         21.0

Task for patient = 70 with skills = {1,5} and cost = 49.7
   Vehicle #0 = 1, leaving at = 743.0
   Vehicle #1 = 20, leaving at = 742.0
   Increment on distance indicator: 26.0
   Increment on tard indicator:     0.0
   Value of tmax indicator:         26.0

Task for patient = 72 with skills = {2,-1} and cost = 57.0
   Vehicle #0 = 2, leaving at = 645.0
   Vehicle #1 = -1, leaving at = inf
   Increment on distance indicator: 22.0
   Increment on tard indicator:     0.0
   Value of tmax indicator:         22.0

Task for patient = 39 with skills = {0,-1} and cost = 57.7
   Vehicle #0 = 1, leaving at = 889.0
   Vehicle #1 = -1, leaving at = inf
   Increment on distance indicator: 2.0
   Increment on tard indicator:     0.0
   Value of tmax indicator:         2.0

Task for patient = 45 with skills = {4,-1} and cost = 59.3
   Vehicle #0 = 20, leaving at = 771.0
   Vehicle #1 = -1, leaving at = inf
   Increment on distance indicator: 5.0
   Increment on tard indicator:     0.0
   Value of tmax indicator:         5.0

Task for patient = 179 with skills = {2,3} and cost = 60.7
   Vehicle #0 = 4, leaving at = 782.0
   Vehicle #1 = 22, leaving at = 779.0
   Increment on distance indicator: 4.0
   Increment on tard indicator:     0.0
   Value of tmax indicator:         4.0

Task for patient = 122 with skills = {1,3} and cost = 69.3
   Vehicle #0 = 3, leaving at = 660.0
   Vehicle #1 = 23, leaving at = 643.0
   Increment on distance indicator: 26.0
   Increment on tard indicator:     0.0
   Value of tmax indicator:         26.0

Task for patient = 195 with skills = {0,-1} and cost = 156.7
   Vehicle #0 = 8, leaving at = 588.0
   Vehicle #1 = -1, leaving at = inf
   Increment on distance indicator: 7.0
   Increment on tard indicator:     0.0
   Value of tmax indicator:         7.0

Task for patient = 165 with skills = {2,3} and cost = 95.3
   Vehicle #0 = 7, leaving at = 546.0
   Vehicle #1 = 25, leaving at = 548.0
   Increment on distance indicator: 40.0
   Increment on tard indicator:     0.0
   Value of tmax indicator:         40.0

Task for patient = 33 with skills = {2,3} and cost = 103.3
   Vehicle #0 = 7, leaving at = 610.0
   Vehicle #1 = 25, leaving at = 605.0
   Increment on distance indicator: 24.0
   Increment on tard indicator:     0.0
   Value of tmax indicator:         24.0

Task for patient = 61 with skills = {1,-1} and cost = 106.0
   Vehicle #0 = 0, leaving at = 542.0
   Vehicle #1 = -1, leaving at = inf
   Increment on distance indicator: 8.0
   Increment on tard indicator:     0.0
   Value of tmax indicator:         8.0

Task for patient = 4 with skills = {1,5} and cost = 109.3
   Vehicle #0 = 7, leaving at = 645.0
   Vehicle #1 = 25, leaving at = 658.0
   Increment on distance indicator: 10.0
   Increment on tard indicator:     0.0
   Value of tmax indicator:         10.0

Task for patient = 141 with skills = {1,-1} and cost = 111.0
   Vehicle #0 = 3, leaving at = 686.0
   Vehicle #1 = -1, leaving at = inf
   Increment on distance indicator: 5.0
   Increment on tard indicator:     0.0
   Value of tmax indicator:         5.0

Task for patient = 114 with skills = {5,-1} and cost = 112.3
   Vehicle #0 = 23, leaving at = 700.0
   Vehicle #1 = -1, leaving at = inf
   Increment on distance indicator: 4.0
   Increment on tard indicator:     0.0
   Value of tmax indicator:         4.0

Task for patient = 99 with skills = {4,-1} and cost = 114.0
   Vehicle #0 = 21, leaving at = 698.0
   Vehicle #1 = -1, leaving at = inf
   Increment on distance indicator: 5.0
   Increment on tard indicator:     0.0
   Value of tmax indicator:         5.0

Task for patient = 63 with skills = {1,5} and cost = 120.0
   Vehicle #0 = 0, leaving at = 563.0
   Vehicle #1 = 27, leaving at = 620.0
   Increment on distance indicator: 18.0
   Increment on tard indicator:     0.0
   Value of tmax indicator:         18.0

Task for patient = 139 with skills = {4,-1} and cost = 125.7
   Vehicle #0 = 28, leaving at = 761.0
   Vehicle #1 = -1, leaving at = inf
   Increment on distance indicator: 17.0
   Increment on tard indicator:     0.0
   Value of tmax indicator:         17.0

Task for patient = 23 with skills = {5,-1} and cost = 129.7
   Vehicle #0 = 29, leaving at = 578.0
   Vehicle #1 = -1, leaving at = inf
   Increment on distance indicator: 12.0
   Increment on tard indicator:     0.0
   Value of tmax indicator:         12.0

Task for patient = 181 with skills = {1,5} and cost = 133.7
   Vehicle #0 = 6, leaving at = 584.0
   Vehicle #1 = 30, leaving at = 587.0
   Increment on distance indicator: 12.0
   Increment on tard indicator:     0.0
   Value of tmax indicator:         12.0

Task for patient = 46 with skills = {2,4} and cost = 154.3
   Vehicle #0 = 8, leaving at = 520.0
   Vehicle #1 = 31, leaving at = 510.0
   Increment on distance indicator: 62.0
   Increment on tard indicator:     0.0
   Value of tmax indicator:         62.0

Task for patient = 131 with skills = {0,3} and cost = 82.0
   Vehicle #0 = 5, leaving at = 528.0
   Vehicle #1 = 24, leaving at = 521.0
   Increment on distance indicator: 38.0
   Increment on tard indicator:     0.0
   Value of tmax indicator:         38.0

Task for patient = 133 with skills = {4,-1} and cost = 353.0
   Vehicle #0 = 21, leaving at = 822.0
   Vehicle #1 = -1, leaving at = inf
   Increment on distance indicator: 2.0
   Increment on tard indicator:     0.0
   Value of tmax indicator:         2.0

Task for patient = 191 with skills = {1,5} and cost = 356.7
   Vehicle #0 = 16, leaving at = 721.0
   Vehicle #1 = 36, leaving at = 684.0
   Increment on distance indicator: 11.0
   Increment on tard indicator:     0.0
   Value of tmax indicator:         11.0

Task for patient = 180 with skills = {1,-1} and cost = 357.7
   Vehicle #0 = 1, leaving at = 981.0
   Vehicle #1 = -1, leaving at = inf
   Increment on distance indicator: 3.0
   Increment on tard indicator:     0.0
   Value of tmax indicator:         3.0

Task for patient = 11 with skills = {0,-1} and cost = 364.3
   Vehicle #0 = 17, leaving at = 514.0
   Vehicle #1 = -1, leaving at = inf
   Increment on distance indicator: 20.0
   Increment on tard indicator:     0.0
   Value of tmax indicator:         20.0

Task for patient = 140 with skills = {1,-1} and cost = 368.3
   Vehicle #0 = 2, leaving at = 786.0
   Vehicle #1 = -1, leaving at = inf
   Increment on distance indicator: 12.0
   Increment on tard indicator:     0.0
   Value of tmax indicator:         12.0

Task for patient = 93 with skills = {2,-1} and cost = 370.7
   Vehicle #0 = 8, leaving at = 859.0
   Vehicle #1 = -1, leaving at = inf
   Increment on distance indicator: 7.0
   Increment on tard indicator:     0.0
   Value of tmax indicator:         7.0

Task for patient = 110 with skills = {2,-1} and cost = 373.3
   Vehicle #0 = 15, leaving at = 537.0
   Vehicle #1 = -1, leaving at = inf
   Increment on distance indicator: 8.0
   Increment on tard indicator:     0.0
   Value of tmax indicator:         8.0

Task for patient = 182 with skills = {0,-1} and cost = 377.0
   Vehicle #0 = 0, leaving at = 652.0
   Vehicle #1 = -1, leaving at = inf
   Increment on distance indicator: 11.0
   Increment on tard indicator:     0.0
   Value of tmax indicator:         11.0

Task for patient = 51 with skills = {5,-1} and cost = 378.7
   Vehicle #0 = 27, leaving at = 751.0
   Vehicle #1 = -1, leaving at = inf
   Increment on distance indicator: 5.0
   Increment on tard indicator:     0.0
   Value of tmax indicator:         5.0

Task for patient = 71 with skills = {2,-1} and cost = 381.3
   Vehicle #0 = 15, leaving at = 565.0
   Vehicle #1 = -1, leaving at = inf
   Increment on distance indicator: 8.0
   Increment on tard indicator:     0.0
   Value of tmax indicator:         8.0

Task for patient = 85 with skills = {0,5} and cost = 388.7
   Vehicle #0 = 17, leaving at = 559.0
   Vehicle #1 = 37, leaving at = 574.0
   Increment on distance indicator: 22.0
   Increment on tard indicator:     0.0
   Value of tmax indicator:         22.0

Task for patient = 80 with skills = {5,-1} and cost = 270.0
   Vehicle #0 = 20, leaving at = 812.0
   Vehicle #1 = -1, leaving at = inf
   Increment on distance indicator: 7.0
   Increment on tard indicator:     0.0
   Value of tmax indicator:         7.0

Task for patient = 77 with skills = {1,-1} and cost = 396.3
   Vehicle #0 = 6, leaving at = 642.0
   Vehicle #1 = -1, leaving at = inf
   Increment on distance indicator: 16.0
   Increment on tard indicator:     0.0
   Value of tmax indicator:         16.0

Task for patient = 116 with skills = {4,-1} and cost = 397.7
   Vehicle #0 = 37, leaving at = 643.0
   Vehicle #1 = -1, leaving at = inf
   Increment on distance indicator: 4.0
   Increment on tard indicator:     0.0
   Value of tmax indicator:         4.0

Task for patient = 196 with skills = {1,5} and cost = 399.7
   Vehicle #0 = 3, leaving at = 857.0
   Vehicle #1 = 23, leaving at = 854.0
   Increment on distance indicator: 6.0
   Increment on tard indicator:     0.0
   Value of tmax indicator:         6.0

Task for patient = 20 with skills = {1,-1} and cost = 401.0
   Vehicle #0 = 0, leaving at = 703.0
   Vehicle #1 = -1, leaving at = inf
   Increment on distance indicator: 4.0
   Increment on tard indicator:     0.0
   Value of tmax indicator:         4.0

Task for patient = 5 with skills = {0,-1} and cost = 405.0
   Vehicle #0 = 17, leaving at = 700.0
   Vehicle #1 = -1, leaving at = inf
   Increment on distance indicator: 12.0
   Increment on tard indicator:     0.0
   Value of tmax indicator:         12.0

Task for patient = 188 with skills = {0,-1} and cost = 409.0
   Vehicle #0 = 5, leaving at = 733.0
   Vehicle #1 = -1, leaving at = inf
   Increment on distance indicator: 12.0
   Increment on tard indicator:     0.0
   Value of tmax indicator:         12.0

Task for patient = 43 with skills = {3,-1} and cost = 411.7
   Vehicle #0 = 31, leaving at = 702.0
   Vehicle #1 = -1, leaving at = inf
   Increment on distance indicator: 8.0
   Increment on tard indicator:     0.0
   Value of tmax indicator:         8.0

Task for patient = 151 with skills = {0,-1} and cost = 414.0
   Vehicle #0 = 14, leaving at = 728.0
   Vehicle #1 = -1, leaving at = inf
   Increment on distance indicator: 7.0
   Increment on tard indicator:     0.0
   Value of tmax indicator:         7.0

Task for patient = 38 with skills = {3,-1} and cost = 415.0
   Vehicle #0 = 31, leaving at = 737.0
   Vehicle #1 = -1, leaving at = inf
   Increment on distance indicator: 3.0
   Increment on tard indicator:     0.0
   Value of tmax indicator:         3.0

Task for patient = 36 with skills = {0,-1} and cost = 416.3
   Vehicle #0 = 12, leaving at = 919.0
   Vehicle #1 = -1, leaving at = inf
   Increment on distance indicator: 4.0
   Increment on tard indicator:     0.0
   Value of tmax indicator:         4.0

Task for patient = 34 with skills = {1,-1} and cost = 418.0
   Vehicle #0 = 0, leaving at = 769.0
   Vehicle #1 = -1, leaving at = inf
   Increment on distance indicator: 5.0
   Increment on tard indicator:     0.0
   Value of tmax indicator:         5.0

Task for patient = 9 with skills = {1,5} and cost = 746.7
   Vehicle #0 = 6, leaving at = 958.0
   Vehicle #1 = 24, leaving at = 999.0
   Increment on distance indicator: 15.0
   Increment on tard indicator:     0.0
   Value of tmax indicator:         15.0

Task for patient = 136 with skills = {4,-1} and cost = 391.0
   Vehicle #0 = 37, leaving at = 619.0
   Vehicle #1 = -1, leaving at = inf
   Increment on distance indicator: 7.0
   Increment on tard indicator:     0.0
   Value of tmax indicator:         7.0

Task for patient = 84 with skills = {2,3} and cost = 274.0
   Vehicle #0 = 8, leaving at = 836.0
   Vehicle #1 = 30, leaving at = 841.0
   Increment on distance indicator: 12.0
   Increment on tard indicator:     0.0
   Value of tmax indicator:         12.0

Task for patient = 52 with skills = {1,3} and cost = 281.3
   Vehicle #0 = 2, leaving at = 738.0
   Vehicle #1 = 29, leaving at = 730.0
   Increment on distance indicator: 8.0
   Increment on tard indicator:     0.0
   Value of tmax indicator:         8.0

Task for patient = 184 with skills = {1,-1} and cost = 283.3
   Vehicle #0 = 9, leaving at = 690.0
   Vehicle #1 = -1, leaving at = inf
   Increment on distance indicator: 6.0
   Increment on tard indicator:     0.0
   Value of tmax indicator:         6.0

Task for patient = 48 with skills = {2,-1} and cost = 286.7
   Vehicle #0 = 11, leaving at = 535.0
   Vehicle #1 = -1, leaving at = inf
   Increment on distance indicator: 10.0
   Increment on tard indicator:     0.0
   Value of tmax indicator:         10.0

Task for patient = 24 with skills = {0,-1} and cost = 288.3
   Vehicle #0 = 12, leaving at = 814.0
   Vehicle #1 = -1, leaving at = inf
   Increment on distance indicator: 5.0
   Increment on tard indicator:     0.0
   Value of tmax indicator:         5.0

Task for patient = 91 with skills = {3,-1} and cost = 290.7
   Vehicle #0 = 30, leaving at = 891.0
   Vehicle #1 = -1, leaving at = inf
   Increment on distance indicator: 7.0
   Increment on tard indicator:     0.0
   Value of tmax indicator:         7.0

Task for patient = 55 with skills = {1,-1} and cost = 291.7
   Vehicle #0 = 7, leaving at = 741.0
   Vehicle #1 = -1, leaving at = inf
   Increment on distance indicator: 3.0
   Increment on tard indicator:     0.0
   Value of tmax indicator:         3.0

Task for patient = 3 with skills = {3,-1} and cost = 294.0
   Vehicle #0 = 30, leaving at = 943.0
   Vehicle #1 = -1, leaving at = inf
   Increment on distance indicator: 7.0
   Increment on tard indicator:     0.0
   Value of tmax indicator:         7.0

Task for patient = 163 with skills = {2,-1} and cost = 297.3
   Vehicle #0 = 9, leaving at = 749.0
   Vehicle #1 = -1, leaving at = inf
   Increment on distance indicator: 10.0
   Increment on tard indicator:     0.0
   Value of tmax indicator:         10.0

Task for patient = 65 with skills = {0,5} and cost = 302.0
   Vehicle #0 = 16, leaving at = 631.0
   Vehicle #1 = 34, leaving at = 641.0
   Increment on distance indicator: 14.0
   Increment on tard indicator:     0.0
   Value of tmax indicator:         14.0

Task for patient = 169 with skills = {0,-1} and cost = 304.7
   Vehicle #0 = 12, leaving at = 870.0
   Vehicle #1 = -1, leaving at = inf
   Increment on distance indicator: 8.0
   Increment on tard indicator:     0.0
   Value of tmax indicator:         8.0

Task for patient = 176 with skills = {3,-1} and cost = 352.3
   Vehicle #0 = 32, leaving at = 717.0
   Vehicle #1 = -1, leaving at = inf
   Increment on distance indicator: 10.0
   Increment on tard indicator:     0.0
   Value of tmax indicator:         10.0

Task for patient = 113 with skills = {4,-1} and cost = 308.3
   Vehicle #0 = 30, leaving at = 1007.0
   Vehicle #1 = -1, leaving at = inf
   Increment on distance indicator: 4.0
   Increment on tard indicator:     0.0
   Value of tmax indicator:         4.0

Task for patient = 78 with skills = {0,-1} and cost = 311.0
   Vehicle #0 = 1, leaving at = 938.0
   Vehicle #1 = -1, leaving at = inf
   Increment on distance indicator: 8.0
   Increment on tard indicator:     0.0
   Value of tmax indicator:         8.0

Task for patient = 174 with skills = {2,-1} and cost = 316.3
   Vehicle #0 = 11, leaving at = 587.0
   Vehicle #1 = -1, leaving at = inf
   Increment on distance indicator: 16.0
   Increment on tard indicator:     0.0
   Value of tmax indicator:         16.0

Task for patient = 16 with skills = {4,-1} and cost = 320.0
   Vehicle #0 = 35, leaving at = 600.0
   Vehicle #1 = -1, leaving at = inf
   Increment on distance indicator: 11.0
   Increment on tard indicator:     0.0
   Value of tmax indicator:         11.0

Task for patient = 98 with skills = {1,-1} and cost = 323.7
   Vehicle #0 = 11, leaving at = 658.0
   Vehicle #1 = -1, leaving at = inf
   Increment on distance indicator: 11.0
   Increment on tard indicator:     0.0
   Value of tmax indicator:         11.0

Task for patient = 68 with skills = {2,-1} and cost = 326.0
   Vehicle #0 = 13, leaving at = 510.0
   Vehicle #1 = -1, leaving at = inf
   Increment on distance indicator: 7.0
   Increment on tard indicator:     0.0
   Value of tmax indicator:         7.0

Task for patient = 73 with skills = {4,-1} and cost = 329.3
   Vehicle #0 = 20, leaving at = 907.0
   Vehicle #1 = -1, leaving at = inf
   Increment on distance indicator: 10.0
   Increment on tard indicator:     0.0
   Value of tmax indicator:         10.0

Task for patient = 156 with skills = {3,-1} and cost = 331.3
   Vehicle #0 = 30, leaving at = 1037.0
   Vehicle #1 = -1, leaving at = inf
   Increment on distance indicator: 6.0
   Increment on tard indicator:     0.0
   Value of tmax indicator:         6.0

Task for patient = 107 with skills = {4,-1} and cost = 338.7
   Vehicle #0 = 37, leaving at = 549.0
   Vehicle #1 = -1, leaving at = inf
   Increment on distance indicator: 22.0
   Increment on tard indicator:     0.0
   Value of tmax indicator:         22.0

Task for patient = 159 with skills = {2,-1} and cost = 344.7
   Vehicle #0 = 13, leaving at = 609.0
   Vehicle #1 = -1, leaving at = inf
   Increment on distance indicator: 18.0
   Increment on tard indicator:     0.0
   Value of tmax indicator:         18.0

Task for patient = 40 with skills = {5,-1} and cost = 346.7
   Vehicle #0 = 28, leaving at = 795.0
   Vehicle #1 = -1, leaving at = inf
   Increment on distance indicator: 6.0
   Increment on tard indicator:     0.0
   Value of tmax indicator:         6.0

Task for patient = 109 with skills = {1,-1} and cost = 349.0
   Vehicle #0 = 11, leaving at = 705.0
   Vehicle #1 = -1, leaving at = inf
   Increment on distance indicator: 7.0
   Increment on tard indicator:     0.0
   Value of tmax indicator:         7.0

Task for patient = 142 with skills = {1,-1} and cost = 307.0
   Vehicle #0 = 16, leaving at = 659.0
   Vehicle #1 = -1, leaving at = inf
   Increment on distance indicator: 7.0
   Increment on tard indicator:     0.0
   Value of tmax indicator:         7.0


Unused vehicle list: 19 38 39 (total = 3 out of 40)

---
Search finished.
Total of 448 generations in 8.3 seconds.
Exchange elite runs: 0
Implicit path relinking runs: 4
Reset attempts: 0

Best solution found:
   Cost: 996.7
   Total travel time: 2983.0
   Total tardiness time: 4.0
   Largest tardiness: 3.0


996.7
