--- BRKGA-MP-IPR for HHCRSP ---
Instance: new-instances/HHCRSP_200_40_33_0.4_R_C.txt
Seed: 1

Reading data... Problem contains 200 patients  and 40 caregivers.

Summary of supply x demand for each service type:
Skill 0 has supply = 14 and demand = 47, ratio = 0.297872
Skill 1 has supply = 14 and demand = 40, ratio = 0.35
Skill 2 has supply = 12 and demand = 45, ratio = 0.266667
Skill 3 has supply = 15 and demand = 51, ratio = 0.294118
Skill 4 has supply = 11 and demand = 31, ratio = 0.354839
Skill 5 has supply = 14 and demand = 46, ratio = 0.304348

Reading parameters...
Inferred distance function by PR type: kendall-tau
Building BRKGA data and initializing...
Evolving 448 generations...

  Gens  Rem    Local   ElDiv NoImpr             Best solution            Time  Op
                                       Cost     Dist    Tard    TMax 
*    0  448  5123.67  418.87      0  5123.67  4697.00 10261.0   413.0     0.0    
*    2  446  4492.33  422.40      0  4492.33  4562.00  8509.0   406.0     0.0    
*    6  442  4342.67  263.25      0  4342.67  4295.00  7371.0   331.0     0.1    
*    7  441  3999.00  249.87      0  3999.00  4312.00  6912.0   324.0     0.2    
*    8  440  3849.33  238.50      0  3849.33  4473.00  6105.0   333.0     0.2    
*    9  439  3637.00  248.39      0  3637.00  4448.00  6056.0   321.0     0.2    
*   10  438  3608.33  266.73      0  3608.33  4351.00  4831.0   298.0     0.2    
*   11  437  3160.00  255.46      0  3160.00  4351.00  4831.0   298.0     0.2    
*   13  435  2899.00  235.49      0  2899.00  4365.00  3999.0   333.0     0.3    
*   16  432  2428.33  200.23      0  2428.33  4279.00  2792.0   214.0     0.3    
*   20  428  2306.00  144.78      0  2306.00  4203.00  2416.0   299.0     0.4    
*   22  426  2273.00  129.72      0  2273.00  4192.00  2247.0   202.0     0.4    
*   23  425  2213.67  127.07      0  2213.67  4289.00  1520.0   250.0     0.5    
*   24  424  2019.67  124.16      0  2019.67  4212.00  1512.0   247.0     0.5    
*   25  423  1990.33  123.09      0  1990.33  4073.00  1250.0   197.0     0.5    

  Gens  Rem    Local   ElDiv NoImpr             Best solution            Time  Op
                                       Cost     Dist    Tard    TMax 
*   26  422  1840.00  107.27      0  1840.00  4073.00  1250.0   197.0     0.5    
*   28  420  1796.67   96.00      0  1796.67  4141.00   649.0   143.0     0.5    
*   29  419  1644.33   86.24      0  1644.33  4141.00   649.0   143.0     0.6    
*   34  414  1590.33   48.53      0  1590.33  4213.00   461.0    97.0     0.7    
*   36  412  1558.00   61.89      0  1558.00  4112.00   446.0   116.0     0.7    
*   38  410  1474.67   54.63      0  1474.67  4036.00   253.0   135.0     0.7    
*   41  407  1437.00   49.49      0  1437.00  4024.00   127.0    66.0     0.8    
*   42  406  1405.67   45.11      0  1405.67  4024.00   127.0    66.0     0.8    
*   45  403  1388.00   42.26      0  1388.00  3973.00   106.0    14.0     0.9    
*   46  402  1364.33   38.98      0  1364.33  3973.00   106.0    14.0     0.9    
*   49  399  1357.67   32.48      0  1357.67  3905.00   149.0    19.0     1.0    
    50  398  1357.67   32.07      1  1357.67  3905.00   149.0    19.0     1.0    
*   51  397  1348.67   30.66      0  1348.67  4032.00    11.0     3.0     1.0    
*   54  394  1316.33   25.16      0  1316.33  3900.00    39.0    10.0     1.1    
*   57  391  1311.00   19.46      0  1311.00  3862.00    55.0    16.0     1.1    
*   64  384  1300.33   15.58      0  1300.33  3877.00    18.0     6.0     1.3    

  Gens  Rem    Local   ElDiv NoImpr             Best solution            Time  Op
                                       Cost     Dist    Tard    TMax 
*   68  380  1296.33   16.28      0  1296.33  3808.00    11.0     5.0     1.4    
*   69  379  1274.67   16.97      0  1274.67  3812.00     6.0     2.0     1.4    
*   70  378  1273.33   16.31      0  1273.33  3812.00     6.0     2.0     1.4    
*   81  367  1271.33   13.23      0  1271.33  3662.00   122.0    30.0     1.6    
*   83  365  1268.67   13.83      0  1268.67  3748.00    46.0    12.0     1.6    
*   85  363  1255.00   13.22      0  1255.00  3707.00    49.0     9.0     1.7    
*   88  360  1250.33   13.47      0  1250.33  3687.00    51.0    13.0     1.7    
*   95  353  1229.00   13.66      0  1229.00  3585.00    79.0    23.0     1.9    
Path relinking result: too homogeneous.
    96  352  1229.00   13.85      2  1229.00  3585.00    79.0    23.0     1.9   P
*  100  348  1227.33   13.79      0  1227.33  3625.00    41.0    16.0     2.0    
*  124  324  1209.00    9.65      0  1209.00  3616.00     6.0     5.0     2.5    
*  131  317  1202.33   10.45      0  1202.33  3457.00   111.0    39.0     2.6    
   150  298  1202.33   10.50     19  1202.33  3457.00   111.0    39.0     2.9    
*  151  297  1178.33   10.37      0  1178.33  3524.00     6.0     5.0     2.9    
*  178  270  1163.33    6.74      0  1163.33  3470.00    11.0     9.0     3.5    
*  180  268  1145.33    9.45      0  1145.33  3417.00    15.0     4.0     3.5    
Path relinking result: too homogeneous.

  Gens  Rem    Local   ElDiv NoImpr             Best solution            Time  Op
                                       Cost     Dist    Tard    TMax 
   192  256  1145.33    8.30     13  1145.33  3417.00    15.0     4.0     3.7   P
*  197  251  1125.00    8.22      0  1125.00  3366.00     6.0     3.0     3.9    
   200  248  1125.00    7.68      3  1125.00  3366.00     6.0     3.0     3.9    
*  217  231  1123.67    6.37      0  1123.67  3357.00    10.0     4.0     4.2    
*  219  229  1111.33    7.36      0  1111.33  3282.00    39.0    13.0     4.3    
*  226  222  1111.00    8.01      0  1111.00  3290.00    30.0    13.0     4.4    
*  233  215  1101.33    7.12      0  1101.33  3302.00     1.0     1.0     4.6    
*  238  210  1091.67    6.85      0  1091.67  3241.00    20.0    14.0     4.6    
*  244  204  1086.00    5.85      0  1086.00  3238.00    17.0     3.0     4.8    
*  248  200  1080.00    4.59      0  1080.00  3225.00     9.0     6.0     4.8    
*  250  198  1078.33    5.11      0  1078.33  3214.00    15.0     6.0     4.9    
*  255  193  1077.00    4.42      0  1077.00  3210.00    15.0     6.0     5.0    
*  257  191  1070.33    4.49      0  1070.33  3193.00    12.0     6.0     5.0    
*  266  182  1068.00    1.50      0  1068.00  3186.00    12.0     6.0     5.2    
*  268  180  1067.67    1.53      0  1067.67  3185.00    12.0     6.0     5.2    
Path relinking result: too homogeneous.
   288  160  1067.67    0.00     21  1067.67  3185.00    12.0     6.0     5.7   P

  Gens  Rem    Local   ElDiv NoImpr             Best solution            Time  Op
                                       Cost     Dist    Tard    TMax 
*  298  150  1062.33    0.96      0  1062.33  3169.00    12.0     6.0     5.8    
   300  148  1062.33    2.05      2  1062.33  3169.00    12.0     6.0     5.9    
*  304  144  1060.00    0.49      0  1060.00  3162.00    12.0     6.0     5.9    
*  312  136  1057.67    0.84      0  1057.67  3155.00    12.0     6.0     6.1    
*  320  128  1055.33    0.40      0  1055.33  3148.00    12.0     6.0     6.2    
*  330  118  1055.00    0.06      0  1055.00  3148.00    11.0     6.0     6.4    
*  339  109  1054.33    0.08      0  1054.33  3146.00    11.0     6.0     6.6    
*  343  105  1053.33    0.39      0  1053.33  3143.00    11.0     6.0     6.7    
   350   98  1053.33    0.00      7  1053.33  3143.00    11.0     6.0     6.8    
*  353   95  1053.00    0.04      0  1053.00  3142.00    11.0     6.0     6.9    
*  368   80  1051.33    0.35      0  1051.33  3137.00    11.0     6.0     7.2    
*  378   70  1049.67    0.21      0  1049.67  3132.00    11.0     6.0     7.4    
*  384   64  1048.00    0.35      0  1048.00  3127.00    11.0     6.0     7.5    
Path relinking result: too homogeneous.
   384   64  1048.00    0.35      1  1048.00  3127.00    11.0     6.0     7.5   P
   400   48  1048.00    0.00     16  1048.00  3127.00    11.0     6.0     7.8    
*  430   18  1047.67    0.04      0  1047.67  3126.00    11.0     6.0     8.4    

  Gens  Rem    Local   ElDiv NoImpr             Best solution            Time  Op
                                       Cost     Dist    Tard    TMax 
*  442    6  1047.33    0.04      0  1047.33  3125.00    11.0     6.0     8.6    
   448    0  1047.33    0.16      6  1047.33  3125.00    11.0     6.0     8.7    
Evolutionary process finished.
Solution written to 'solution-11226.txt'.

Sorted sequence of worst to best tardiness value:
Task for patient = 94 with skills = {1,3} and cost = 751.3
   Vehicle #0 = 7, leaving at = 981.0
   Vehicle #1 = 31, leaving at = 958.0
   Increment on distance indicator: 37.0
   Increment on tard indicator:     6.0
   Value of tmax indicator:         37.0

Task for patient = 178 with skills = {0,4} and cost = 631.3
   Vehicle #0 = 6, leaving at = 962.0
   Vehicle #1 = 28, leaving at = 948.0
   Increment on distance indicator: 9.0
   Increment on tard indicator:     3.0
   Value of tmax indicator:         9.0

Task for patient = 60 with skills = {2,3} and cost = 423.7
   Vehicle #0 = 12, leaving at = 699.0
   Vehicle #1 = 31, leaving at = 730.0
   Increment on distance indicator: 53.0
   Increment on tard indicator:     1.0
   Value of tmax indicator:         53.0

Task for patient = 155 with skills = {0,4} and cost = 582.3
   Vehicle #0 = 4, leaving at = 909.0
   Vehicle #1 = 34, leaving at = 902.0
   Increment on distance indicator: 9.0
   Increment on tard indicator:     1.0
   Value of tmax indicator:         9.0

Task for patient = 17 with skills = {2,4} and cost = 556.0
   Vehicle #0 = 17, leaving at = 788.0
   Vehicle #1 = 34, leaving at = 839.0
   Increment on distance indicator: 11.0
   Increment on tard indicator:     0.0
   Value of tmax indicator:         11.0

Task for patient = 38 with skills = {3,-1} and cost = 556.3
   Vehicle #0 = 27, leaving at = 886.0
   Vehicle #1 = -1, leaving at = inf
   Increment on distance indicator: 1.0
   Increment on tard indicator:     0.0
   Value of tmax indicator:         1.0

Task for patient = 176 with skills = {3,-1} and cost = 557.7
   Vehicle #0 = 27, leaving at = 964.0
   Vehicle #1 = -1, leaving at = inf
   Increment on distance indicator: 4.0
   Increment on tard indicator:     0.0
   Value of tmax indicator:         4.0

Task for patient = 52 with skills = {5,-1} and cost = 559.7
   Vehicle #0 = 30, leaving at = 927.0
   Vehicle #1 = -1, leaving at = inf
   Increment on distance indicator: 6.0
   Increment on tard indicator:     0.0
   Value of tmax indicator:         6.0

Task for patient = 99 with skills = {0,5} and cost = 562.3
   Vehicle #0 = 18, leaving at = 868.0
   Vehicle #1 = 23, leaving at = 890.0
   Increment on distance indicator: 8.0
   Increment on tard indicator:     0.0
   Value of tmax indicator:         8.0

Task for patient = 187 with skills = {1,-1} and cost = 565.7
   Vehicle #0 = 14, leaving at = 754.0
   Vehicle #1 = -1, leaving at = inf
   Increment on distance indicator: 10.0
   Increment on tard indicator:     0.0
   Value of tmax indicator:         10.0

Task for patient = 191 with skills = {0,-1} and cost = 566.7
   Vehicle #0 = 0, leaving at = 848.0
   Vehicle #1 = -1, leaving at = inf
   Increment on distance indicator: 3.0
   Increment on tard indicator:     0.0
   Value of tmax indicator:         3.0

Task for patient = 137 with skills = {5,-1} and cost = 569.3
   Vehicle #0 = 23, leaving at = 924.0
   Vehicle #1 = -1, leaving at = inf
   Increment on distance indicator: 8.0
   Increment on tard indicator:     0.0
   Value of tmax indicator:         8.0

Task for patient = 149 with skills = {0,5} and cost = 573.3
   Vehicle #0 = 11, leaving at = 846.0
   Vehicle #1 = 24, leaving at = 859.0
   Increment on distance indicator: 12.0
   Increment on tard indicator:     0.0
   Value of tmax indicator:         12.0

Task for patient = 82 with skills = {3,-1} and cost = 576.7
   Vehicle #0 = 24, leaving at = 887.0
   Vehicle #1 = -1, leaving at = inf
   Increment on distance indicator: 10.0
   Increment on tard indicator:     0.0
   Value of tmax indicator:         10.0

Task for patient = 27 with skills = {2,-1} and cost = 577.7
   Vehicle #0 = 11, leaving at = 894.0
   Vehicle #1 = -1, leaving at = inf
   Increment on distance indicator: 3.0
   Increment on tard indicator:     0.0
   Value of tmax indicator:         3.0

Task for patient = 43 with skills = {0,-1} and cost = 552.3
   Vehicle #0 = 4, leaving at = 851.0
   Vehicle #1 = -1, leaving at = inf
   Increment on distance indicator: 5.0
   Increment on tard indicator:     0.0
   Value of tmax indicator:         5.0

Task for patient = 59 with skills = {5,-1} and cost = 585.3
   Vehicle #0 = 36, leaving at = 868.0
   Vehicle #1 = -1, leaving at = inf
   Increment on distance indicator: 9.0
   Increment on tard indicator:     0.0
   Value of tmax indicator:         9.0

Task for patient = 1 with skills = {1,4} and cost = 592.0
   Vehicle #0 = 1, leaving at = 765.0
   Vehicle #1 = 28, leaving at = 742.0
   Increment on distance indicator: 20.0
   Increment on tard indicator:     0.0
   Value of tmax indicator:         20.0

Task for patient = 147 with skills = {0,-1} and cost = 595.3
   Vehicle #0 = 5, leaving at = 821.0
   Vehicle #1 = -1, leaving at = inf
   Increment on distance indicator: 10.0
   Increment on tard indicator:     0.0
   Value of tmax indicator:         10.0

Task for patient = 88 with skills = {4,-1} and cost = 598.0
   Vehicle #0 = 28, leaving at = 809.0
   Vehicle #1 = -1, leaving at = inf
   Increment on distance indicator: 8.0
   Increment on tard indicator:     0.0
   Value of tmax indicator:         8.0

Task for patient = 174 with skills = {5,-1} and cost = 600.3
   Vehicle #0 = 37, leaving at = 763.0
   Vehicle #1 = -1, leaving at = inf
   Increment on distance indicator: 7.0
   Increment on tard indicator:     0.0
   Value of tmax indicator:         7.0

Task for patient = 133 with skills = {1,4} and cost = 603.0
   Vehicle #0 = 18, leaving at = 928.0
   Vehicle #1 = 21, leaving at = 952.0
   Increment on distance indicator: 8.0
   Increment on tard indicator:     0.0
   Value of tmax indicator:         8.0

Task for patient = 161 with skills = {2,-1} and cost = 605.3
   Vehicle #0 = 5, leaving at = 859.0
   Vehicle #1 = -1, leaving at = inf
   Increment on distance indicator: 7.0
   Increment on tard indicator:     0.0
   Value of tmax indicator:         7.0

Task for patient = 120 with skills = {5,-1} and cost = 606.7
   Vehicle #0 = 33, leaving at = 955.0
   Vehicle #1 = -1, leaving at = inf
   Increment on distance indicator: 4.0
   Increment on tard indicator:     0.0
   Value of tmax indicator:         4.0

Task for patient = 40 with skills = {2,3} and cost = 613.0
   Vehicle #0 = 12, leaving at = 797.0
   Vehicle #1 = 31, leaving at = 798.0
   Increment on distance indicator: 19.0
   Increment on tard indicator:     0.0
   Value of tmax indicator:         19.0

Task for patient = 112 with skills = {2,-1} and cost = 579.0
   Vehicle #0 = 3, leaving at = 900.0
   Vehicle #1 = -1, leaving at = inf
   Increment on distance indicator: 4.0
   Increment on tard indicator:     0.0
   Value of tmax indicator:         4.0

Task for patient = 9 with skills = {1,3} and cost = 484.0
   Vehicle #0 = 18, leaving at = 694.0
   Vehicle #1 = 29, leaving at = 743.0
   Increment on distance indicator: 26.0
   Increment on tard indicator:     0.0
   Value of tmax indicator:         26.0

Task for patient = 6 with skills = {3,-1} and cost = 486.3
   Vehicle #0 = 24, leaving at = 764.0
   Vehicle #1 = -1, leaving at = inf
   Increment on distance indicator: 7.0
   Increment on tard indicator:     0.0
   Value of tmax indicator:         7.0

Task for patient = 119 with skills = {2,-1} and cost = 489.3
   Vehicle #0 = 12, leaving at = 733.0
   Vehicle #1 = -1, leaving at = inf
   Increment on distance indicator: 9.0
   Increment on tard indicator:     0.0
   Value of tmax indicator:         9.0

Task for patient = 30 with skills = {1,-1} and cost = 493.7
   Vehicle #0 = 18, leaving at = 766.0
   Vehicle #1 = -1, leaving at = inf
   Increment on distance indicator: 13.0
   Increment on tard indicator:     0.0
   Value of tmax indicator:         13.0

Task for patient = 150 with skills = {5,-1} and cost = 497.0
   Vehicle #0 = 23, leaving at = 745.0
   Vehicle #1 = -1, leaving at = inf
   Increment on distance indicator: 10.0
   Increment on tard indicator:     0.0
   Value of tmax indicator:         10.0

Task for patient = 16 with skills = {4,-1} and cost = 498.7
   Vehicle #0 = 37, leaving at = 659.0
   Vehicle #1 = -1, leaving at = inf
   Increment on distance indicator: 5.0
   Increment on tard indicator:     0.0
   Value of tmax indicator:         5.0

Task for patient = 11 with skills = {0,3} and cost = 501.7
   Vehicle #0 = 9, leaving at = 888.0
   Vehicle #1 = 20, leaving at = 862.0
   Increment on distance indicator: 9.0
   Increment on tard indicator:     0.0
   Value of tmax indicator:         9.0

Task for patient = 65 with skills = {4,-1} and cost = 503.0
   Vehicle #0 = 20, leaving at = 883.0
   Vehicle #1 = -1, leaving at = inf
   Increment on distance indicator: 4.0
   Increment on tard indicator:     0.0
   Value of tmax indicator:         4.0

Task for patient = 28 with skills = {0,4} and cost = 508.3
   Vehicle #0 = 4, leaving at = 779.0
   Vehicle #1 = 34, leaving at = 785.0
   Increment on distance indicator: 16.0
   Increment on tard indicator:     0.0
   Value of tmax indicator:         16.0

Task for patient = 76 with skills = {0,5} and cost = 513.3
   Vehicle #0 = 16, leaving at = 743.0
   Vehicle #1 = 38, leaving at = 753.0
   Increment on distance indicator: 15.0
   Increment on tard indicator:     0.0
   Value of tmax indicator:         15.0

Task for patient = 114 with skills = {1,5} and cost = 519.3
   Vehicle #0 = 18, leaving at = 795.0
   Vehicle #1 = 23, leaving at = 828.0
   Increment on distance indicator: 18.0
   Increment on tard indicator:     0.0
   Value of tmax indicator:         18.0

Task for patient = 146 with skills = {0,-1} and cost = 550.7
   Vehicle #0 = 7, leaving at = 908.0
   Vehicle #1 = -1, leaving at = inf
   Increment on distance indicator: 8.0
   Increment on tard indicator:     0.0
   Value of tmax indicator:         8.0

Task for patient = 113 with skills = {0,-1} and cost = 522.3
   Vehicle #0 = 16, leaving at = 792.0
   Vehicle #1 = -1, leaving at = inf
   Increment on distance indicator: 6.0
   Increment on tard indicator:     0.0
   Value of tmax indicator:         6.0

Task for patient = 109 with skills = {0,-1} and cost = 525.0
   Vehicle #0 = 0, leaving at = 828.0
   Vehicle #1 = -1, leaving at = inf
   Increment on distance indicator: 8.0
   Increment on tard indicator:     0.0
   Value of tmax indicator:         8.0

Task for patient = 81 with skills = {5,-1} and cost = 529.7
   Vehicle #0 = 36, leaving at = 837.0
   Vehicle #1 = -1, leaving at = inf
   Increment on distance indicator: 14.0
   Increment on tard indicator:     0.0
   Value of tmax indicator:         14.0

Task for patient = 61 with skills = {3,-1} and cost = 530.0
   Vehicle #0 = 30, leaving at = 893.0
   Vehicle #1 = -1, leaving at = inf
   Increment on distance indicator: 1.0
   Increment on tard indicator:     0.0
   Value of tmax indicator:         1.0

Task for patient = 53 with skills = {3,-1} and cost = 532.7
   Vehicle #0 = 20, leaving at = 925.0
   Vehicle #1 = -1, leaving at = inf
   Increment on distance indicator: 8.0
   Increment on tard indicator:     0.0
   Value of tmax indicator:         8.0

Task for patient = 87 with skills = {4,-1} and cost = 536.7
   Vehicle #0 = 25, leaving at = 821.0
   Vehicle #1 = -1, leaving at = inf
   Increment on distance indicator: 12.0
   Increment on tard indicator:     0.0
   Value of tmax indicator:         12.0

Task for patient = 153 with skills = {0,-1} and cost = 541.0
   Vehicle #0 = 3, leaving at = 829.0
   Vehicle #1 = -1, leaving at = inf
   Increment on distance indicator: 13.0
   Increment on tard indicator:     0.0
   Value of tmax indicator:         13.0

Task for patient = 154 with skills = {5,-1} and cost = 543.3
   Vehicle #0 = 37, leaving at = 717.0
   Vehicle #1 = -1, leaving at = inf
   Increment on distance indicator: 7.0
   Increment on tard indicator:     0.0
   Value of tmax indicator:         7.0

Task for patient = 12 with skills = {2,-1} and cost = 547.0
   Vehicle #0 = 6, leaving at = 899.0
   Vehicle #1 = -1, leaving at = inf
   Increment on distance indicator: 11.0
   Increment on tard indicator:     0.0
   Value of tmax indicator:         11.0

Task for patient = 123 with skills = {1,-1} and cost = 547.7
   Vehicle #0 = 2, leaving at = 899.0
   Vehicle #1 = -1, leaving at = inf
   Increment on distance indicator: 2.0
   Increment on tard indicator:     0.0
   Value of tmax indicator:         2.0

Task for patient = 194 with skills = {0,-1} and cost = 548.0
   Vehicle #0 = 4, leaving at = 795.0
   Vehicle #1 = -1, leaving at = inf
   Increment on distance indicator: 1.0
   Increment on tard indicator:     0.0
   Value of tmax indicator:         1.0

Task for patient = 159 with skills = {0,-1} and cost = 618.0
   Vehicle #0 = 10, leaving at = 837.0
   Vehicle #1 = -1, leaving at = inf
   Increment on distance indicator: 15.0
   Increment on tard indicator:     0.0
   Value of tmax indicator:         15.0

Task for patient = 131 with skills = {3,-1} and cost = 520.3
   Vehicle #0 = 29, leaving at = 803.0
   Vehicle #1 = -1, leaving at = inf
   Increment on distance indicator: 3.0
   Increment on tard indicator:     0.0
   Value of tmax indicator:         3.0

Task for patient = 103 with skills = {2,4} and cost = 693.3
   Vehicle #0 = 5, leaving at = 889.0
   Vehicle #1 = 26, leaving at = 916.0
   Increment on distance indicator: 16.0
   Increment on tard indicator:     0.0
   Value of tmax indicator:         16.0

Task for patient = 29 with skills = {1,-1} and cost = 695.7
   Vehicle #0 = 10, leaving at = 982.0
   Vehicle #1 = -1, leaving at = inf
   Increment on distance indicator: 7.0
   Increment on tard indicator:     0.0
   Value of tmax indicator:         7.0

Task for patient = 177 with skills = {0,5} and cost = 697.7
   Vehicle #0 = 15, leaving at = 938.0
   Vehicle #1 = 39, leaving at = 965.0
   Increment on distance indicator: 6.0
   Increment on tard indicator:     0.0
   Value of tmax indicator:         6.0

Task for patient = 8 with skills = {2,3} and cost = 698.3
   Vehicle #0 = 12, leaving at = 955.0
   Vehicle #1 = 25, leaving at = 988.0
   Increment on distance indicator: 2.0
   Increment on tard indicator:     0.0
   Value of tmax indicator:         2.0

Task for patient = 100 with skills = {2,-1} and cost = 699.7
   Vehicle #0 = 13, leaving at = 1015.0
   Vehicle #1 = -1, leaving at = inf
   Increment on distance indicator: 4.0
   Increment on tard indicator:     0.0
   Value of tmax indicator:         4.0

Task for patient = 122 with skills = {3,-1} and cost = 702.7
   Vehicle #0 = 28, leaving at = 1016.0
   Vehicle #1 = -1, leaving at = inf
   Increment on distance indicator: 9.0
   Increment on tard indicator:     0.0
   Value of tmax indicator:         9.0

Task for patient = 129 with skills = {5,-1} and cost = 704.0
   Vehicle #0 = 26, leaving at = 939.0
   Vehicle #1 = -1, leaving at = inf
   Increment on distance indicator: 4.0
   Increment on tard indicator:     0.0
   Value of tmax indicator:         4.0

Task for patient = 134 with skills = {3,-1} and cost = 705.3
   Vehicle #0 = 24, leaving at = 992.0
   Vehicle #1 = -1, leaving at = inf
   Increment on distance indicator: 4.0
   Increment on tard indicator:     0.0
   Value of tmax indicator:         4.0

Task for patient = 181 with skills = {0,3} and cost = 707.0
   Vehicle #0 = 4, leaving at = 991.0
   Vehicle #1 = 22, leaving at = 1001.0
   Increment on distance indicator: 5.0
   Increment on tard indicator:     0.0
   Value of tmax indicator:         5.0

Task for patient = 175 with skills = {1,4} and cost = 711.3
   Vehicle #0 = 10, leaving at = 1042.0
   Vehicle #1 = 20, leaving at = 1033.0
   Increment on distance indicator: 13.0
   Increment on tard indicator:     0.0
   Value of tmax indicator:         13.0

Task for patient = 143 with skills = {2,-1} and cost = 714.0
   Vehicle #0 = 0, leaving at = 967.0
   Vehicle #1 = -1, leaving at = inf
   Increment on distance indicator: 8.0
   Increment on tard indicator:     0.0
   Value of tmax indicator:         8.0

Task for patient = 127 with skills = {0,-1} and cost = 622.3
   Vehicle #0 = 17, leaving at = 824.0
   Vehicle #1 = -1, leaving at = inf
   Increment on distance indicator: 13.0
   Increment on tard indicator:     0.0
   Value of tmax indicator:         13.0

Task for patient = 140 with skills = {2,-1} and cost = 716.0
   Vehicle #0 = 6, leaving at = 993.0
   Vehicle #1 = -1, leaving at = inf
   Increment on distance indicator: 2.0
   Increment on tard indicator:     0.0
   Value of tmax indicator:         2.0

Task for patient = 15 with skills = {4,-1} and cost = 717.3
   Vehicle #0 = 38, leaving at = 981.0
   Vehicle #1 = -1, leaving at = inf
   Increment on distance indicator: 4.0
   Increment on tard indicator:     0.0
   Value of tmax indicator:         4.0

Task for patient = 96 with skills = {1,3} and cost = 721.0
   Vehicle #0 = 0, leaving at = 1057.0
   Vehicle #1 = 24, leaving at = 1056.0
   Increment on distance indicator: 11.0
   Increment on tard indicator:     0.0
   Value of tmax indicator:         11.0

Task for patient = 182 with skills = {2,-1} and cost = 722.7
   Vehicle #0 = 11, leaving at = 1040.0
   Vehicle #1 = -1, leaving at = inf
   Increment on distance indicator: 5.0
   Increment on tard indicator:     0.0
   Value of tmax indicator:         5.0

Task for patient = 32 with skills = {0,5} and cost = 730.3
   Vehicle #0 = 9, leaving at = 945.0
   Vehicle #1 = 23, leaving at = 955.0
   Increment on distance indicator: 23.0
   Increment on tard indicator:     0.0
   Value of tmax indicator:         23.0

Task for patient = 192 with skills = {2,3} and cost = 732.0
   Vehicle #0 = 8, leaving at = 983.0
   Vehicle #1 = 34, leaving at = 981.0
   Increment on distance indicator: 5.0
   Increment on tard indicator:     0.0
   Value of tmax indicator:         5.0

Task for patient = 198 with skills = {5,-1} and cost = 736.0
   Vehicle #0 = 36, leaving at = 1032.0
   Vehicle #1 = -1, leaving at = inf
   Increment on distance indicator: 12.0
   Increment on tard indicator:     0.0
   Value of tmax indicator:         12.0

Task for patient = 57 with skills = {2,-1} and cost = 751.3
   Vehicle #0 = 19, leaving at = 845.0
   Vehicle #1 = -1, leaving at = inf
   Increment on distance indicator: 0.0
   Increment on tard indicator:     0.0
   Value of tmax indicator:         0.0

Task for patient = 116 with skills = {0,-1} and cost = 754.0
   Vehicle #0 = 3, leaving at = 1065.0
   Vehicle #1 = -1, leaving at = inf
   Increment on distance indicator: 8.0
   Increment on tard indicator:     0.0
   Value of tmax indicator:         8.0

Task for patient = 10 with skills = {1,-1} and cost = 755.7
   Vehicle #0 = 8, leaving at = 1041.0
   Vehicle #1 = -1, leaving at = inf
   Increment on distance indicator: 5.0
   Increment on tard indicator:     0.0
   Value of tmax indicator:         5.0

Task for patient = 95 with skills = {1,3} and cost = 761.7
   Vehicle #0 = 5, leaving at = 1064.0
   Vehicle #1 = 27, leaving at = 1061.0
   Increment on distance indicator: 18.0
   Increment on tard indicator:     0.0
   Value of tmax indicator:         18.0

Task for patient = 49 with skills = {0,-1} and cost = 715.3
   Vehicle #0 = 11, leaving at = 984.0
   Vehicle #1 = -1, leaving at = inf
   Increment on distance indicator: 4.0
   Increment on tard indicator:     0.0
   Value of tmax indicator:         4.0

Task for patient = 200 with skills = {5,-1} and cost = 475.3
   Vehicle #0 = 37, leaving at = 630.0
   Vehicle #1 = -1, leaving at = inf
   Increment on distance indicator: 10.0
   Increment on tard indicator:     0.0
   Value of tmax indicator:         10.0

Task for patient = 25 with skills = {0,4} and cost = 626.7
   Vehicle #0 = 11, leaving at = 922.0
   Vehicle #1 = 36, leaving at = 921.0
   Increment on distance indicator: 13.0
   Increment on tard indicator:     0.0
   Value of tmax indicator:         13.0

Task for patient = 83 with skills = {0,-1} and cost = 632.3
   Vehicle #0 = 15, leaving at = 841.0
   Vehicle #1 = -1, leaving at = inf
   Increment on distance indicator: 3.0
   Increment on tard indicator:     0.0
   Value of tmax indicator:         3.0

Task for patient = 24 with skills = {5,-1} and cost = 634.0
   Vehicle #0 = 31, leaving at = 895.0
   Vehicle #1 = -1, leaving at = inf
   Increment on distance indicator: 5.0
   Increment on tard indicator:     0.0
   Value of tmax indicator:         5.0

Task for patient = 126 with skills = {1,-1} and cost = 638.7
   Vehicle #0 = 13, leaving at = 869.0
   Vehicle #1 = -1, leaving at = inf
   Increment on distance indicator: 14.0
   Increment on tard indicator:     0.0
   Value of tmax indicator:         14.0

Task for patient = 138 with skills = {2,-1} and cost = 642.0
   Vehicle #0 = 12, leaving at = 843.0
   Vehicle #1 = -1, leaving at = inf
   Increment on distance indicator: 10.0
   Increment on tard indicator:     0.0
   Value of tmax indicator:         10.0

Task for patient = 98 with skills = {5,-1} and cost = 643.7
   Vehicle #0 = 37, leaving at = 812.0
   Vehicle #1 = -1, leaving at = inf
   Increment on distance indicator: 5.0
   Increment on tard indicator:     0.0
   Value of tmax indicator:         5.0

Task for patient = 56 with skills = {3,-1} and cost = 648.0
   Vehicle #0 = 29, leaving at = 844.0
   Vehicle #1 = -1, leaving at = inf
   Increment on distance indicator: 13.0
   Increment on tard indicator:     0.0
   Value of tmax indicator:         13.0

Task for patient = 144 with skills = {2,-1} and cost = 648.7
   Vehicle #0 = 3, leaving at = 931.0
   Vehicle #1 = -1, leaving at = inf
   Increment on distance indicator: 2.0
   Increment on tard indicator:     0.0
   Value of tmax indicator:         2.0

Task for patient = 89 with skills = {3,-1} and cost = 651.3
   Vehicle #0 = 21, leaving at = 982.0
   Vehicle #1 = -1, leaving at = inf
   Increment on distance indicator: 8.0
   Increment on tard indicator:     0.0
   Value of tmax indicator:         8.0

Task for patient = 91 with skills = {1,-1} and cost = 653.3
   Vehicle #0 = 10, leaving at = 898.0
   Vehicle #1 = -1, leaving at = inf
   Increment on distance indicator: 6.0
   Increment on tard indicator:     0.0
   Value of tmax indicator:         6.0

Task for patient = 41 with skills = {0,3} and cost = 688.0
   Vehicle #0 = 10, leaving at = 947.0
   Vehicle #1 = 31, leaving at = 925.0
   Increment on distance indicator: 7.0
   Increment on tard indicator:     0.0
   Value of tmax indicator:         7.0

Task for patient = 63 with skills = {4,-1} and cost = 658.0
   Vehicle #0 = 38, leaving at = 827.0
   Vehicle #1 = -1, leaving at = inf
   Increment on distance indicator: 4.0
   Increment on tard indicator:     0.0
   Value of tmax indicator:         4.0

Task for patient = 107 with skills = {2,-1} and cost = 658.3
   Vehicle #0 = 17, leaving at = 917.0
   Vehicle #1 = -1, leaving at = inf
   Increment on distance indicator: 1.0
   Increment on tard indicator:     0.0
   Value of tmax indicator:         1.0

Task for patient = 156 with skills = {0,-1} and cost = 659.7
   Vehicle #0 = 3, leaving at = 972.0
   Vehicle #1 = -1, leaving at = inf
   Increment on distance indicator: 4.0
   Increment on tard indicator:     0.0
   Value of tmax indicator:         4.0

Task for patient = 3 with skills = {1,5} and cost = 664.3
   Vehicle #0 = 4, leaving at = 971.0
   Vehicle #1 = 38, leaving at = 944.0
   Increment on distance indicator: 14.0
   Increment on tard indicator:     0.0
   Value of tmax indicator:         14.0

Task for patient = 168 with skills = {2,5} and cost = 665.3
   Vehicle #0 = 12, leaving at = 892.0
   Vehicle #1 = 25, leaving at = 896.0
   Increment on distance indicator: 3.0
   Increment on tard indicator:     0.0
   Value of tmax indicator:         3.0

Task for patient = 179 with skills = {2,3} and cost = 669.0
   Vehicle #0 = 8, leaving at = 941.0
   Vehicle #1 = 30, leaving at = 975.0
   Increment on distance indicator: 11.0
   Increment on tard indicator:     0.0
   Value of tmax indicator:         11.0

Task for patient = 42 with skills = {1,4} and cost = 674.7
   Vehicle #0 = 2, leaving at = 998.0
   Vehicle #1 = 20, leaving at = 991.0
   Increment on distance indicator: 17.0
   Increment on tard indicator:     0.0
   Value of tmax indicator:         17.0

Task for patient = 36 with skills = {3,-1} and cost = 676.7
   Vehicle #0 = 27, leaving at = 1022.0
   Vehicle #1 = -1, leaving at = inf
   Increment on distance indicator: 6.0
   Increment on tard indicator:     0.0
   Value of tmax indicator:         6.0

Task for patient = 128 with skills = {1,-1} and cost = 678.0
   Vehicle #0 = 2, leaving at = 1044.0
   Vehicle #1 = -1, leaving at = inf
   Increment on distance indicator: 4.0
   Increment on tard indicator:     0.0
   Value of tmax indicator:         4.0

Task for patient = 102 with skills = {0,5} and cost = 681.3
   Vehicle #0 = 0, leaving at = 911.0
   Vehicle #1 = 24, leaving at = 936.0
   Increment on distance indicator: 10.0
   Increment on tard indicator:     0.0
   Value of tmax indicator:         10.0

Task for patient = 7 with skills = {5,-1} and cost = 683.7
   Vehicle #0 = 36, leaving at = 975.0
   Vehicle #1 = -1, leaving at = inf
   Increment on distance indicator: 7.0
   Increment on tard indicator:     0.0
   Value of tmax indicator:         7.0

Task for patient = 77 with skills = {0,5} and cost = 685.7
   Vehicle #0 = 3, leaving at = 1025.0
   Vehicle #1 = 37, leaving at = 1040.0
   Increment on distance indicator: 6.0
   Increment on tard indicator:     0.0
   Value of tmax indicator:         6.0

Task for patient = 148 with skills = {1,5} and cost = 656.7
   Vehicle #0 = 18, leaving at = 1043.0
   Vehicle #1 = 21, leaving at = 1004.0
   Increment on distance indicator: 10.0
   Increment on tard indicator:     0.0
   Value of tmax indicator:         10.0

Task for patient = 193 with skills = {1,5} and cost = 179.0
   Vehicle #0 = 1, leaving at = 546.0
   Vehicle #1 = 31, leaving at = 565.0
   Increment on distance indicator: 24.0
   Increment on tard indicator:     0.0
   Value of tmax indicator:         24.0

Task for patient = 66 with skills = {5,-1} and cost = 180.7
   Vehicle #0 = 23, leaving at = 573.0
   Vehicle #1 = -1, leaving at = inf
   Increment on distance indicator: 5.0
   Increment on tard indicator:     0.0
   Value of tmax indicator:         5.0

Task for patient = 157 with skills = {1,-1} and cost = 182.0
   Vehicle #0 = 5, leaving at = 696.0
   Vehicle #1 = -1, leaving at = inf
   Increment on distance indicator: 4.0
   Increment on tard indicator:     0.0
   Value of tmax indicator:         4.0

Task for patient = 164 with skills = {1,5} and cost = 190.7
   Vehicle #0 = 7, leaving at = 618.0
   Vehicle #1 = 26, leaving at = 628.0
   Increment on distance indicator: 26.0
   Increment on tard indicator:     0.0
   Value of tmax indicator:         26.0

Task for patient = 64 with skills = {1,-1} and cost = 196.3
   Vehicle #0 = 7, leaving at = 665.0
   Vehicle #1 = -1, leaving at = inf
   Increment on distance indicator: 17.0
   Increment on tard indicator:     0.0
   Value of tmax indicator:         17.0

Task for patient = 33 with skills = {2,5} and cost = 199.7
   Vehicle #0 = 2, leaving at = 765.0
   Vehicle #1 = 21, leaving at = 770.0
   Increment on distance indicator: 10.0
   Increment on tard indicator:     0.0
   Value of tmax indicator:         10.0

Task for patient = 101 with skills = {1,-1} and cost = 203.3
   Vehicle #0 = 1, leaving at = 678.0
   Vehicle #1 = -1, leaving at = inf
   Increment on distance indicator: 11.0
   Increment on tard indicator:     0.0
   Value of tmax indicator:         11.0

Task for patient = 105 with skills = {5,-1} and cost = 205.0
   Vehicle #0 = 24, leaving at = 634.0
   Vehicle #1 = -1, leaving at = inf
   Increment on distance indicator: 5.0
   Increment on tard indicator:     0.0
   Value of tmax indicator:         5.0

Task for patient = 14 with skills = {2,4} and cost = 209.0
   Vehicle #0 = 8, leaving at = 640.0
   Vehicle #1 = 34, leaving at = 693.0
   Increment on distance indicator: 12.0
   Increment on tard indicator:     0.0
   Value of tmax indicator:         12.0

Task for patient = 165 with skills = {4,-1} and cost = 210.0
   Vehicle #0 = 34, leaving at = 746.0
   Vehicle #1 = -1, leaving at = inf
   Increment on distance indicator: 3.0
   Increment on tard indicator:     0.0
   Value of tmax indicator:         3.0

Task for patient = 22 with skills = {2,3} and cost = 228.7
   Vehicle #0 = 10, leaving at = 647.0
   Vehicle #1 = 31, leaving at = 617.0
   Increment on distance indicator: 56.0
   Increment on tard indicator:     0.0
   Value of tmax indicator:         56.0

Task for patient = 151 with skills = {3,-1} and cost = 472.0
   Vehicle #0 = 22, leaving at = 868.0
   Vehicle #1 = -1, leaving at = inf
   Increment on distance indicator: 4.0
   Increment on tard indicator:     0.0
   Value of tmax indicator:         4.0

Task for patient = 75 with skills = {0,-1} and cost = 234.0
   Vehicle #0 = 6, leaving at = 767.0
   Vehicle #1 = -1, leaving at = inf
   Increment on distance indicator: 6.0
   Increment on tard indicator:     0.0
   Value of tmax indicator:         6.0

Task for patient = 172 with skills = {1,-1} and cost = 241.0
   Vehicle #0 = 11, leaving at = 588.0
   Vehicle #1 = -1, leaving at = inf
   Increment on distance indicator: 21.0
   Increment on tard indicator:     0.0
   Value of tmax indicator:         21.0

Task for patient = 196 with skills = {4,-1} and cost = 252.0
   Vehicle #0 = 36, leaving at = 526.0
   Vehicle #1 = -1, leaving at = inf
   Increment on distance indicator: 33.0
   Increment on tard indicator:     0.0
   Value of tmax indicator:         33.0

Task for patient = 55 with skills = {5,-1} and cost = 254.0
   Vehicle #0 = 32, leaving at = 608.0
   Vehicle #1 = -1, leaving at = inf
   Increment on distance indicator: 6.0
   Increment on tard indicator:     0.0
   Value of tmax indicator:         6.0

Task for patient = 68 with skills = {1,5} and cost = 259.3
   Vehicle #0 = 7, leaving at = 702.0
   Vehicle #1 = 24, leaving at = 708.0
   Increment on distance indicator: 16.0
   Increment on tard indicator:     0.0
   Value of tmax indicator:         16.0

Task for patient = 48 with skills = {1,3} and cost = 262.0
   Vehicle #0 = 4, leaving at = 726.0
   Vehicle #1 = 27, leaving at = 737.0
   Increment on distance indicator: 8.0
   Increment on tard indicator:     0.0
   Value of tmax indicator:         8.0

Task for patient = 80 with skills = {2,5} and cost = 267.7
   Vehicle #0 = 8, leaving at = 697.0
   Vehicle #1 = 32, leaving at = 690.0
   Increment on distance indicator: 17.0
   Increment on tard indicator:     0.0
   Value of tmax indicator:         17.0

Task for patient = 184 with skills = {2,4} and cost = 273.7
   Vehicle #0 = 5, leaving at = 721.0
   Vehicle #1 = 26, leaving at = 776.0
   Increment on distance indicator: 18.0
   Increment on tard indicator:     0.0
   Value of tmax indicator:         18.0

Task for patient = 62 with skills = {2,-1} and cost = 276.3
   Vehicle #0 = 3, leaving at = 714.0
   Vehicle #1 = -1, leaving at = inf
   Increment on distance indicator: 8.0
   Increment on tard indicator:     0.0
   Value of tmax indicator:         8.0

Task for patient = 166 with skills = {4,-1} and cost = 280.3
   Vehicle #0 = 26, leaving at = 828.0
   Vehicle #1 = -1, leaving at = inf
   Increment on distance indicator: 12.0
   Increment on tard indicator:     0.0
   Value of tmax indicator:         12.0

Task for patient = 142 with skills = {5,-1} and cost = 282.0
   Vehicle #0 = 31, leaving at = 652.0
   Vehicle #1 = -1, leaving at = inf
   Increment on distance indicator: 5.0
   Increment on tard indicator:     0.0
   Value of tmax indicator:         5.0

Task for patient = 124 with skills = {1,-1} and cost = 284.0
   Vehicle #0 = 10, leaving at = 770.0
   Vehicle #1 = -1, leaving at = inf
   Increment on distance indicator: 6.0
   Increment on tard indicator:     0.0
   Value of tmax indicator:         6.0

Task for patient = 47 with skills = {0,-1} and cost = 232.0
   Vehicle #0 = 3, leaving at = 666.0
   Vehicle #1 = -1, leaving at = inf
   Increment on distance indicator: 10.0
   Increment on tard indicator:     0.0
   Value of tmax indicator:         10.0

Task for patient = 45 with skills = {3,-1} and cost = 13.3
   Vehicle #0 = 20, leaving at = 642.0
   Vehicle #1 = -1, leaving at = inf
   Increment on distance indicator: 40.0
   Increment on tard indicator:     0.0
   Value of tmax indicator:         40.0

Task for patient = 118 with skills = {0,5} and cost = 22.0
   Vehicle #0 = 0, leaving at = 587.0
   Vehicle #1 = 21, leaving at = 583.0
   Increment on distance indicator: 26.0
   Increment on tard indicator:     0.0
   Value of tmax indicator:         26.0

Task for patient = 186 with skills = {4,-1} and cost = 29.7
   Vehicle #0 = 25, leaving at = 607.0
   Vehicle #1 = -1, leaving at = inf
   Increment on distance indicator: 23.0
   Increment on tard indicator:     0.0
   Value of tmax indicator:         23.0

Task for patient = 188 with skills = {2,-1} and cost = 40.3
   Vehicle #0 = 0, leaving at = 677.0
   Vehicle #1 = -1, leaving at = inf
   Increment on distance indicator: 32.0
   Increment on tard indicator:     0.0
   Value of tmax indicator:         32.0

Task for patient = 121 with skills = {0,-1} and cost = 54.0
   Vehicle #0 = 3, leaving at = 582.0
   Vehicle #1 = -1, leaving at = inf
   Increment on distance indicator: 41.0
   Increment on tard indicator:     0.0
   Value of tmax indicator:         41.0

Task for patient = 50 with skills = {2,3} and cost = 66.3
   Vehicle #0 = 2, leaving at = 621.0
   Vehicle #1 = 21, leaving at = 646.0
   Increment on distance indicator: 37.0
   Increment on tard indicator:     0.0
   Value of tmax indicator:         37.0

Task for patient = 2 with skills = {3,-1} and cost = 67.7
   Vehicle #0 = 21, leaving at = 672.0
   Vehicle #1 = -1, leaving at = inf
   Increment on distance indicator: 4.0
   Increment on tard indicator:     0.0
   Value of tmax indicator:         4.0

Task for patient = 84 with skills = {3,-1} and cost = 70.0
   Vehicle #0 = 22, leaving at = 808.0
   Vehicle #1 = -1, leaving at = inf
   Increment on distance indicator: 7.0
   Increment on tard indicator:     0.0
   Value of tmax indicator:         7.0

Task for patient = 111 with skills = {0,3} and cost = 73.3
   Vehicle #0 = 0, leaving at = 738.0
   Vehicle #1 = 20, leaving at = 712.0
   Increment on distance indicator: 10.0
   Increment on tard indicator:     0.0
   Value of tmax indicator:         10.0

Task for patient = 5 with skills = {2,3} and cost = 76.0
   Vehicle #0 = 2, leaving at = 721.0
   Vehicle #1 = 21, leaving at = 724.0
   Increment on distance indicator: 8.0
   Increment on tard indicator:     0.0
   Value of tmax indicator:         8.0

Task for patient = 169 with skills = {2,-1} and cost = 83.0
   Vehicle #0 = 5, leaving at = 613.0
   Vehicle #1 = -1, leaving at = inf
   Increment on distance indicator: 21.0
   Increment on tard indicator:     0.0
   Value of tmax indicator:         21.0

Task for patient = 197 with skills = {5,-1} and cost = 171.0
   Vehicle #0 = 30, leaving at = 639.0
   Vehicle #1 = -1, leaving at = inf
   Increment on distance indicator: 14.0
   Increment on tard indicator:     0.0
   Value of tmax indicator:         14.0

Task for patient = 34 with skills = {2,3} and cost = 102.7
   Vehicle #0 = 3, leaving at = 620.0
   Vehicle #1 = 24, leaving at = 604.0
   Increment on distance indicator: 46.0
   Increment on tard indicator:     0.0
   Value of tmax indicator:         46.0

Task for patient = 180 with skills = {2,-1} and cost = 111.0
   Vehicle #0 = 6, leaving at = 513.0
   Vehicle #1 = -1, leaving at = inf
   Increment on distance indicator: 25.0
   Increment on tard indicator:     0.0
   Value of tmax indicator:         25.0

Task for patient = 13 with skills = {2,-1} and cost = 114.7
   Vehicle #0 = 6, leaving at = 616.0
   Vehicle #1 = -1, leaving at = inf
   Increment on distance indicator: 11.0
   Increment on tard indicator:     0.0
   Value of tmax indicator:         11.0

Task for patient = 152 with skills = {0,3} and cost = 124.0
   Vehicle #0 = 4, leaving at = 623.0
   Vehicle #1 = 27, leaving at = 601.0
   Increment on distance indicator: 28.0
   Increment on tard indicator:     0.0
   Value of tmax indicator:         28.0

Task for patient = 46 with skills = {5,-1} and cost = 132.7
   Vehicle #0 = 23, leaving at = 519.0
   Vehicle #1 = -1, leaving at = inf
   Increment on distance indicator: 26.0
   Increment on tard indicator:     0.0
   Value of tmax indicator:         26.0

Task for patient = 92 with skills = {4,-1} and cost = 143.3
   Vehicle #0 = 26, leaving at = 589.0
   Vehicle #1 = -1, leaving at = inf
   Increment on distance indicator: 32.0
   Increment on tard indicator:     0.0
   Value of tmax indicator:         32.0

Task for patient = 104 with skills = {4,-1} and cost = 144.7
   Vehicle #0 = 27, leaving at = 662.0
   Vehicle #1 = -1, leaving at = inf
   Increment on distance indicator: 4.0
   Increment on tard indicator:     0.0
   Value of tmax indicator:         4.0

Task for patient = 90 with skills = {2,-1} and cost = 145.3
   Vehicle #0 = 0, leaving at = 797.0
   Vehicle #1 = -1, leaving at = inf
   Increment on distance indicator: 2.0
   Increment on tard indicator:     0.0
   Value of tmax indicator:         2.0

Task for patient = 72 with skills = {2,4} and cost = 149.0
   Vehicle #0 = 6, leaving at = 732.0
   Vehicle #1 = 25, leaving at = 739.0
   Increment on distance indicator: 11.0
   Increment on tard indicator:     0.0
   Value of tmax indicator:         11.0

Task for patient = 132 with skills = {0,-1} and cost = 157.0
   Vehicle #0 = 7, leaving at = 523.0
   Vehicle #1 = -1, leaving at = inf
   Increment on distance indicator: 24.0
   Increment on tard indicator:     0.0
   Value of tmax indicator:         24.0

Task for patient = 51 with skills = {0,3} and cost = 160.7
   Vehicle #0 = 4, leaving at = 687.0
   Vehicle #1 = 27, leaving at = 718.0
   Increment on distance indicator: 11.0
   Increment on tard indicator:     0.0
   Value of tmax indicator:         11.0

Task for patient = 97 with skills = {3,-1} and cost = 166.3
   Vehicle #0 = 28, leaving at = 645.0
   Vehicle #1 = -1, leaving at = inf
   Increment on distance indicator: 17.0
   Increment on tard indicator:     0.0
   Value of tmax indicator:         17.0

Task for patient = 185 with skills = {3,-1} and cost = 87.3
   Vehicle #0 = 25, leaving at = 678.0
   Vehicle #1 = -1, leaving at = inf
   Increment on distance indicator: 13.0
   Increment on tard indicator:     0.0
   Value of tmax indicator:         13.0

Task for patient = 44 with skills = {1,-1} and cost = 387.7
   Vehicle #0 = 14, leaving at = 594.0
   Vehicle #1 = -1, leaving at = inf
   Increment on distance indicator: 3.0
   Increment on tard indicator:     0.0
   Value of tmax indicator:         3.0

Task for patient = 171 with skills = {3,-1} and cost = 389.3
   Vehicle #0 = 36, leaving at = 705.0
   Vehicle #1 = -1, leaving at = inf
   Increment on distance indicator: 5.0
   Increment on tard indicator:     0.0
   Value of tmax indicator:         5.0

Task for patient = 130 with skills = {3,-1} and cost = 391.7
   Vehicle #0 = 30, leaving at = 664.0
   Vehicle #1 = -1, leaving at = inf
   Increment on distance indicator: 7.0
   Increment on tard indicator:     0.0
   Value of tmax indicator:         7.0

Task for patient = 79 with skills = {3,-1} and cost = 393.0
   Vehicle #0 = 36, leaving at = 730.0
   Vehicle #1 = -1, leaving at = inf
   Increment on distance indicator: 4.0
   Increment on tard indicator:     0.0
   Value of tmax indicator:         4.0

Task for patient = 93 with skills = {4,-1} and cost = 395.7
   Vehicle #0 = 37, leaving at = 581.0
   Vehicle #1 = -1, leaving at = inf
   Increment on distance indicator: 8.0
   Increment on tard indicator:     0.0
   Value of tmax indicator:         8.0

Task for patient = 4 with skills = {0,-1} and cost = 400.0
   Vehicle #0 = 14, leaving at = 644.0
   Vehicle #1 = -1, leaving at = inf
   Increment on distance indicator: 13.0
   Increment on tard indicator:     0.0
   Value of tmax indicator:         13.0

Task for patient = 141 with skills = {1,4} and cost = 402.7
   Vehicle #0 = 7, leaving at = 797.0
   Vehicle #1 = 20, leaving at = 786.0
   Increment on distance indicator: 8.0
   Increment on tard indicator:     0.0
   Value of tmax indicator:         8.0

Task for patient = 199 with skills = {1,4} and cost = 405.3
   Vehicle #0 = 7, leaving at = 831.0
   Vehicle #1 = 20, leaving at = 837.0
   Increment on distance indicator: 8.0
   Increment on tard indicator:     0.0
   Value of tmax indicator:         8.0

Task for patient = 37 with skills = {2,-1} and cost = 428.7
   Vehicle #0 = 17, leaving at = 555.0
   Vehicle #1 = -1, leaving at = inf
   Increment on distance indicator: 15.0
   Increment on tard indicator:     0.0
   Value of tmax indicator:         15.0

Task for patient = 31 with skills = {2,-1} and cost = 431.0
   Vehicle #0 = 2, leaving at = 845.0
   Vehicle #1 = -1, leaving at = inf
   Increment on distance indicator: 7.0
   Increment on tard indicator:     0.0
   Value of tmax indicator:         7.0

Task for patient = 23 with skills = {1,-1} and cost = 437.0
   Vehicle #0 = 18, leaving at = 545.0
   Vehicle #1 = -1, leaving at = inf
   Increment on distance indicator: 18.0
   Increment on tard indicator:     0.0
   Value of tmax indicator:         18.0

Task for patient = 74 with skills = {2,-1} and cost = 287.0
   Vehicle #0 = 6, leaving at = 796.0
   Vehicle #1 = -1, leaving at = inf
   Increment on distance indicator: 9.0
   Increment on tard indicator:     0.0
   Value of tmax indicator:         9.0

Task for patient = 71 with skills = {0,-1} and cost = 441.3
   Vehicle #0 = 7, leaving at = 866.0
   Vehicle #1 = -1, leaving at = inf
   Increment on distance indicator: 5.0
   Increment on tard indicator:     0.0
   Value of tmax indicator:         5.0

Task for patient = 170 with skills = {5,-1} and cost = 443.3
   Vehicle #0 = 28, leaving at = 705.0
   Vehicle #1 = -1, leaving at = inf
   Increment on distance indicator: 6.0
   Increment on tard indicator:     0.0
   Value of tmax indicator:         6.0

Task for patient = 167 with skills = {2,-1} and cost = 445.7
   Vehicle #0 = 17, leaving at = 598.0
   Vehicle #1 = -1, leaving at = inf
   Increment on distance indicator: 7.0
   Increment on tard indicator:     0.0
   Value of tmax indicator:         7.0

Task for patient = 162 with skills = {2,5} and cost = 449.3
   Vehicle #0 = 11, leaving at = 807.0
   Vehicle #1 = 36, leaving at = 795.0
   Increment on distance indicator: 11.0
   Increment on tard indicator:     0.0
   Value of tmax indicator:         11.0

Task for patient = 139 with skills = {3,-1} and cost = 452.3
   Vehicle #0 = 29, leaving at = 645.0
   Vehicle #1 = -1, leaving at = inf
   Increment on distance indicator: 9.0
   Increment on tard indicator:     0.0
   Value of tmax indicator:         9.0

Task for patient = 135 with skills = {2,3} and cost = 460.0
   Vehicle #0 = 3, leaving at = 782.0
   Vehicle #1 = 31, leaving at = 762.0
   Increment on distance indicator: 23.0
   Increment on tard indicator:     0.0
   Value of tmax indicator:         23.0

Task for patient = 163 with skills = {1,-1} and cost = 461.7
   Vehicle #0 = 4, leaving at = 750.0
   Vehicle #1 = -1, leaving at = inf
   Increment on distance indicator: 5.0
   Increment on tard indicator:     0.0
   Value of tmax indicator:         5.0

Task for patient = 78 with skills = {1,-1} and cost = 463.0
   Vehicle #0 = 18, leaving at = 671.0
   Vehicle #1 = -1, leaving at = inf
   Increment on distance indicator: 4.0
   Increment on tard indicator:     0.0
   Value of tmax indicator:         4.0

Task for patient = 190 with skills = {3,-1} and cost = 466.7
   Vehicle #0 = 27, leaving at = 860.0
   Vehicle #1 = -1, leaving at = inf
   Increment on distance indicator: 11.0
   Increment on tard indicator:     0.0
   Value of tmax indicator:         11.0

Task for patient = 173 with skills = {0,-1} and cost = 468.0
   Vehicle #0 = 9, leaving at = 757.0
   Vehicle #1 = -1, leaving at = inf
   Increment on distance indicator: 4.0
   Increment on tard indicator:     0.0
   Value of tmax indicator:         4.0

Task for patient = 70 with skills = {0,5} and cost = 470.7
   Vehicle #0 = 15, leaving at = 603.0
   Vehicle #1 = 39, leaving at = 628.0
   Increment on distance indicator: 8.0
   Increment on tard indicator:     0.0
   Value of tmax indicator:         8.0

Task for patient = 158 with skills = {0,-1} and cost = 767.3
   Vehicle #0 = 7, leaving at = 1044.0
   Vehicle #1 = -1, leaving at = inf
   Increment on distance indicator: 17.0
   Increment on tard indicator:     0.0
   Value of tmax indicator:         17.0

Task for patient = 110 with skills = {3,-1} and cost = 439.7
   Vehicle #0 = 29, leaving at = 618.0
   Vehicle #1 = -1, leaving at = inf
   Increment on distance indicator: 8.0
   Increment on tard indicator:     0.0
   Value of tmax indicator:         8.0

Task for patient = 136 with skills = {4,-1} and cost = 291.3
   Vehicle #0 = 36, leaving at = 598.0
   Vehicle #1 = -1, leaving at = inf
   Increment on distance indicator: 13.0
   Increment on tard indicator:     0.0
   Value of tmax indicator:         13.0

Task for patient = 160 with skills = {2,5} and cost = 302.0
   Vehicle #0 = 11, leaving at = 642.0
   Vehicle #1 = 36, leaving at = 668.0
   Increment on distance indicator: 32.0
   Increment on tard indicator:     0.0
   Value of tmax indicator:         32.0

Task for patient = 115 with skills = {5,-1} and cost = 304.7
   Vehicle #0 = 23, leaving at = 695.0
   Vehicle #1 = -1, leaving at = inf
   Increment on distance indicator: 8.0
   Increment on tard indicator:     0.0
   Value of tmax indicator:         8.0

Task for patient = 35 with skills = {0,3} and cost = 310.3
   Vehicle #0 = 6, leaving at = 840.0
   Vehicle #1 = 21, leaving at = 852.0
   Increment on distance indicator: 17.0
   Increment on tard indicator:     0.0
   Value of tmax indicator:         17.0

Task for patient = 19 with skills = {0,-1} and cost = 319.3
   Vehicle #0 = 9, leaving at = 547.0
   Vehicle #1 = -1, leaving at = inf
   Increment on distance indicator: 27.0
   Increment on tard indicator:     0.0
   Value of tmax indicator:         27.0

Task for patient = 86 with skills = {2,5} and cost = 322.0
   Vehicle #0 = 8, leaving at = 742.0
   Vehicle #1 = 32, leaving at = 746.0
   Increment on distance indicator: 8.0
   Increment on tard indicator:     0.0
   Value of tmax indicator:         8.0

Task for patient = 85 with skills = {1,5} and cost = 326.0
   Vehicle #0 = 13, leaving at = 729.0
   Vehicle #1 = 33, leaving at = 761.0
   Increment on distance indicator: 12.0
   Increment on tard indicator:     0.0
   Value of tmax indicator:         12.0

Task for patient = 67 with skills = {3,-1} and cost = 328.3
   Vehicle #0 = 29, leaving at = 551.0
   Vehicle #1 = -1, leaving at = inf
   Increment on distance indicator: 7.0
   Increment on tard indicator:     0.0
   Value of tmax indicator:         7.0

Task for patient = 106 with skills = {5,-1} and cost = 338.3
   Vehicle #0 = 37, leaving at = 543.0
   Vehicle #1 = -1, leaving at = inf
   Increment on distance indicator: 30.0
   Increment on tard indicator:     0.0
   Value of tmax indicator:         30.0

Task for patient = 125 with skills = {0,-1} and cost = 340.3
   Vehicle #0 = 6, leaving at = 863.0
   Vehicle #1 = -1, leaving at = inf
   Increment on distance indicator: 6.0
   Increment on tard indicator:     0.0
   Value of tmax indicator:         6.0

Task for patient = 18 with skills = {4,-1} and cost = 341.7
   Vehicle #0 = 21, leaving at = 901.0
   Vehicle #1 = -1, leaving at = inf
   Increment on distance indicator: 4.0
   Increment on tard indicator:     0.0
   Value of tmax indicator:         4.0

Task for patient = 108 with skills = {4,-1} and cost = 386.7
   Vehicle #0 = 38, leaving at = 721.0
   Vehicle #1 = -1, leaving at = inf
   Increment on distance indicator: 5.0
   Increment on tard indicator:     0.0
   Value of tmax indicator:         5.0

Task for patient = 73 with skills = {3,-1} and cost = 347.0
   Vehicle #0 = 21, leaving at = 921.0
   Vehicle #1 = -1, leaving at = inf
   Increment on distance indicator: 4.0
   Increment on tard indicator:     0.0
   Value of tmax indicator:         4.0

Task for patient = 69 with skills = {1,-1} and cost = 350.7
   Vehicle #0 = 2, leaving at = 806.0
   Vehicle #1 = -1, leaving at = inf
   Increment on distance indicator: 11.0
   Increment on tard indicator:     0.0
   Value of tmax indicator:         11.0

Task for patient = 26 with skills = {0,-1} and cost = 356.3
   Vehicle #0 = 9, leaving at = 588.0
   Vehicle #1 = -1, leaving at = inf
   Increment on distance indicator: 17.0
   Increment on tard indicator:     0.0
   Value of tmax indicator:         17.0

Task for patient = 39 with skills = {1,-1} and cost = 360.0
   Vehicle #0 = 11, leaving at = 695.0
   Vehicle #1 = -1, leaving at = inf
   Increment on distance indicator: 11.0
   Increment on tard indicator:     0.0
   Value of tmax indicator:         11.0

Task for patient = 145 with skills = {1,-1} and cost = 362.7
   Vehicle #0 = 7, leaving at = 767.0
   Vehicle #1 = -1, leaving at = inf
   Increment on distance indicator: 8.0
   Increment on tard indicator:     0.0
   Value of tmax indicator:         8.0

Task for patient = 189 with skills = {0,-1} and cost = 365.3
   Vehicle #0 = 9, leaving at = 656.0
   Vehicle #1 = -1, leaving at = inf
   Increment on distance indicator: 8.0
   Increment on tard indicator:     0.0
   Value of tmax indicator:         8.0

Task for patient = 21 with skills = {2,-1} and cost = 371.3
   Vehicle #0 = 13, leaving at = 797.0
   Vehicle #1 = -1, leaving at = inf
   Increment on distance indicator: 18.0
   Increment on tard indicator:     0.0
   Value of tmax indicator:         18.0

Task for patient = 117 with skills = {1,-1} and cost = 371.7
   Vehicle #0 = 8, leaving at = 800.0
   Vehicle #1 = -1, leaving at = inf
   Increment on distance indicator: 1.0
   Increment on tard indicator:     0.0
   Value of tmax indicator:         1.0

Task for patient = 58 with skills = {3,-1} and cost = 373.7
   Vehicle #0 = 25, leaving at = 777.0
   Vehicle #1 = -1, leaving at = inf
   Increment on distance indicator: 6.0
   Increment on tard indicator:     0.0
   Value of tmax indicator:         6.0

Task for patient = 183 with skills = {1,3} and cost = 384.0
   Vehicle #0 = 5, leaving at = 764.0
   Vehicle #1 = 27, leaving at = 793.0
   Increment on distance indicator: 31.0
   Increment on tard indicator:     0.0
   Value of tmax indicator:         31.0

Task for patient = 20 with skills = {5,-1} and cost = 384.7
   Vehicle #0 = 33, leaving at = 912.0
   Vehicle #1 = -1, leaving at = inf
   Increment on distance indicator: 2.0
   Increment on tard indicator:     0.0
   Value of tmax indicator:         2.0

Task for patient = 195 with skills = {3,-1} and cost = 385.0
   Vehicle #0 = 29, leaving at = 583.0
   Vehicle #1 = -1, leaving at = inf
   Increment on distance indicator: 1.0
   Increment on tard indicator:     0.0
   Value of tmax indicator:         1.0

Task for patient = 54 with skills = {0,-1} and cost = 345.7
   Vehicle #0 = 14, leaving at = 553.0
   Vehicle #1 = -1, leaving at = inf
   Increment on distance indicator: 12.0
   Increment on tard indicator:     0.0
   Value of tmax indicator:         12.0


Unused vehicle list: 35 (total = 1 out of 40)

---
Search finished.
Total of 448 generations in 8.7 seconds.
Exchange elite runs: 0
Implicit path relinking runs: 4
Reset attempts: 0

Best solution found:
   Cost: 1047.3
   Total travel time: 3125.0
   Total tardiness time: 11.0
   Largest tardiness: 6.0


1047.3
