#######################################
### Exact MIP solver for the HHCRSP ###
#######################################
-- Instance file: new-instances/HHCRSP_200_40_34_0.4_R_C.txt
-- Max threads: 4
-- Time limit: 999999 seconds
-- Use initial solution: No
Trivial flow violations prevented generating 357711 variables.
Version identifier: 20.1.0.0 | 2020-11-10 | 9bedb6d68
CPXPARAM_Threads                                 4
CPXPARAM_TimeLimit                               999999
Parallel mode: deterministic, using up to 4 threads for concurrent optimization:
 * Starting dual Simplex on 1 thread...
 * Starting Barrier on 3 threads...
Tried aggregator 1 time.
LP Presolve eliminated 20940 rows and 4815 columns.
Reduced LP has 377372 rows, 359035 columns, and 6457112 nonzeros.
Presolve time = 14.15 sec. (1497.20 ticks)
Symmetry aggregator did 553311 additional substitutions.

Iteration log . . .
Iteration:     1   Dual objective     =             0.000000

Dual crossover.
  Dual:  Fixing 950 variables.
      949 DMoves:  Infeasibility  5.07760500e-13  Objective  2.94333333e+02
        0 DMoves:  Infeasibility  3.09141601e-13  Objective  2.94333333e+02
  Dual:  Pushed 11, exchanged 939.
  Primal:  Fixing 506 variables.
      505 PMoves:  Infeasibility  5.55111512e-17  Objective  2.94333333e+02
        0 PMoves:  Infeasibility  5.55111512e-16  Objective  2.94333333e+02
  Primal:  Pushed 402, exchanged 104.

Dual simplex solved model.


Solution status from MIP model:
-- Processing time: 21.927 sec.
-- Memory used: 418.245 MB
-- Best bound: inf
-- Obj value: 294.333
-- Gap: inf%
-- Total distance: 883
-- Total tardiness: 0
-- Largest tardiness: 0
