#######################################
### Exact MIP solver for the HHCRSP ###
#######################################
-- Instance file: new-instances/HHCRSP_200_40_31_1.0_C_C.txt
-- Max threads: 4
-- Time limit: 999999 seconds
-- Use initial solution: No
Trivial flow violations prevented generating 366372 variables.
Version identifier: 20.1.0.0 | 2020-11-10 | 9bedb6d68
CPXPARAM_Threads                                 4
CPXPARAM_TimeLimit                               999999
Parallel mode: deterministic, using up to 4 threads for concurrent optimization:
 * Starting dual Simplex on 1 thread...
 * Starting Barrier on 3 threads...
Tried aggregator 1 time.
LP Presolve eliminated 21630 rows and 4874 columns.
Reduced LP has 392922 rows, 373746 columns, and 6754355 nonzeros.
Presolve time = 14.92 sec. (1565.06 ticks)
Symmetry aggregator did 583328 additional substitutions.

Iteration log . . .
Iteration:     1   Dual objective     =             0.000000
Iteration:   914   Dual objective     =           203.000000

Dual crossover.
  Dual:  Fixing 802 variables.
      801 DMoves:  Infeasibility  6.88504810e-13  Objective  2.04333333e+02
        0 DMoves:  Infeasibility  4.76785280e-13  Objective  2.04333333e+02
  Dual:  Pushed 21, exchanged 781.
  Primal:  Fixing 446 variables.
      445 PMoves:  Infeasibility  0.00000000e+00  Objective  2.04333333e+02
        0 PMoves:  Infeasibility  2.77555756e-17  Objective  2.04333333e+02
  Primal:  Pushed 358, exchanged 88.

Dual simplex solved model.


Solution status from MIP model:
-- Processing time: 22.295 sec.
-- Memory used: 438.479 MB
-- Best bound: inf
-- Obj value: 204.333
-- Gap: inf%
-- Total distance: 613
-- Total tardiness: 0
-- Largest tardiness: 0
