#######################################
### Exact MIP solver for the HHCRSP ###
#######################################
-- Instance file: new-instances/HHCRSP_200_40_11_1.6_C_C.txt
-- Max threads: 4
-- Time limit: 999999 seconds
-- Use initial solution: No
Trivial flow violations prevented generating 359230 variables.
Version identifier: 20.1.0.0 | 2020-11-10 | 9bedb6d68
CPXPARAM_Threads                                 4
CPXPARAM_TimeLimit                               999999
Parallel mode: deterministic, using up to 4 threads for concurrent optimization:
 * Starting dual Simplex on 1 thread...
 * Starting Barrier on 3 threads...
Tried aggregator 1 time.
LP Presolve eliminated 20958 rows and 4805 columns.
Reduced LP has 376376 rows, 358132 columns, and 6453121 nonzeros.
Presolve time = 13.33 sec. (1492.31 ticks)
Symmetry aggregator did 547309 additional substitutions.
Initializing dual steep norms . . .

Iteration log . . .
Iteration:     1   Dual objective     =             0.333333
Iteration:   953   Dual objective     =           187.666667

Dual crossover.
  Dual:  Fixing 574 variables.
      573 DMoves:  Infeasibility  4.15803802e-12  Objective  1.87666667e+02
        0 DMoves:  Infeasibility  1.64243917e-12  Objective  1.87666667e+02
  Dual:  Pushed 10, exchanged 564.
  Primal:  Fixing 443 variables.
      442 PMoves:  Infeasibility  2.22044605e-16  Objective  1.87666667e+02
        0 PMoves:  Infeasibility  1.05471187e-15  Objective  1.87666667e+02
  Primal:  Pushed 345, exchanged 98.

Dual simplex solved model.


Solution status from MIP model:
-- Processing time: 24.949 sec.
-- Memory used: 476.071 MB
-- Best bound: inf
-- Obj value: 187.667
-- Gap: inf%
-- Total distance: 563
-- Total tardiness: 0
-- Largest tardiness: 0
