#######################################
### Exact MIP solver for the HHCRSP ###
#######################################
-- Instance file: new-instances/HHCRSP_200_40_60_0.8_R_RC.txt
-- Max threads: 4
-- Time limit: 999999 seconds
-- Use initial solution: No
Trivial flow violations prevented generating 341661 variables.
Version identifier: 20.1.0.0 | 2020-11-10 | 9bedb6d68
CPXPARAM_Threads                                 4
CPXPARAM_TimeLimit                               999999
Parallel mode: deterministic, using up to 4 threads for concurrent optimization:
 * Starting dual Simplex on 1 thread...
 * Starting Barrier on 3 threads...
Tried aggregator 1 time.
LP Presolve eliminated 18582 rows and 3749 columns.
Reduced LP has 309126 rows, 294956 columns, and 4896937 nonzeros.
Presolve time = 11.26 sec. (1154.34 ticks)
Symmetry aggregator did 416331 additional substitutions.

Iteration log . . .
Iteration:     1   Dual objective     =             0.000000
Iteration:   971   Dual objective     =           308.500000

Dual crossover.
  Dual:  Fixing 790 variables.
      789 DMoves:  Infeasibility  3.21964711e-13  Objective  3.10002660e+02
        0 DMoves:  Infeasibility  1.56624747e-13  Objective  3.10002660e+02
  Dual:  Pushed 54, exchanged 736.
  Primal:  Fixing 432 variables.
      431 PMoves:  Infeasibility  0.00000000e+00  Objective  3.10002660e+02
        0 PMoves:  Infeasibility  0.00000000e+00  Objective  3.10002660e+02
  Primal:  Pushed 339, exchanged 93.

Dual simplex solved model.


Solution status from MIP model:
-- Processing time: 16.703 sec.
-- Memory used: 352.83 MB
-- Best bound: inf
-- Obj value: 310.003
-- Gap: inf%
-- Total distance: 930.008
-- Total tardiness: 0
-- Largest tardiness: 0
