#######################################
### Exact MIP solver for the HHCRSP ###
#######################################
-- Instance file: new-instances/HHCRSP_200_40_37_0.8_C_RC.txt
-- Max threads: 4
-- Time limit: 999999 seconds
-- Use initial solution: No
Trivial flow violations prevented generating 342244 variables.
Version identifier: 20.1.0.0 | 2020-11-10 | 9bedb6d68
CPXPARAM_Threads                                 4
CPXPARAM_TimeLimit                               999999
Parallel mode: deterministic, using up to 4 threads for concurrent optimization:
 * Starting dual Simplex on 1 thread...
 * Starting Barrier on 3 threads...
Tried aggregator 1 time.
LP Presolve eliminated 18564 rows and 3743 columns.
Reduced LP has 308008 rows, 293773 columns, and 4920130 nonzeros.
Presolve time = 10.04 sec. (1164.98 ticks)
Symmetry aggregator did 418261 additional substitutions.

Iteration log . . .
Iteration:     1   Dual objective     =             0.000000
Iteration:   925   Dual objective     =           299.333333

Dual crossover.
  Dual:  Fixing 926 variables.
      925 DMoves:  Infeasibility  5.72208947e-13  Objective  3.01666667e+02
        0 DMoves:  Infeasibility  4.33708625e-13  Objective  3.01666667e+02
  Dual:  Pushed 41, exchanged 885.
  Primal:  Fixing 395 variables.
      394 PMoves:  Infeasibility  0.00000000e+00  Objective  3.01666667e+02
        0 PMoves:  Infeasibility  1.16573418e-15  Objective  3.01666667e+02
  Primal:  Pushed 295, exchanged 100.

Dual simplex solved model.


Solution status from MIP model:
-- Processing time: 16.281 sec.
-- Memory used: 351.394 MB
-- Best bound: inf
-- Obj value: 301.667
-- Gap: inf%
-- Total distance: 905
-- Total tardiness: 0
-- Largest tardiness: 0
