#######################################
### Exact MIP solver for the HHCRSP ###
#######################################
-- Instance file: new-instances/HHCRSP_200_40_77_1.0_R_RC.txt
-- Max threads: 4
-- Time limit: 999999 seconds
-- Use initial solution: No
Trivial flow violations prevented generating 362355 variables.
Version identifier: 20.1.0.0 | 2020-11-10 | 9bedb6d68
CPXPARAM_Threads                                 4
CPXPARAM_TimeLimit                               999999
Parallel mode: deterministic, using up to 4 threads for concurrent optimization:
 * Starting dual Simplex on 1 thread...
 * Starting Barrier on 3 threads...
Tried aggregator 1 time.
LP Presolve eliminated 22422 rows and 5599 columns.
Reduced LP has 425054 rows, 404506 columns, and 7563321 nonzeros.
Presolve time = 12.98 sec. (1738.19 ticks)
Symmetry aggregator did 646647 additional substitutions.

Iteration log . . .
Iteration:     1   Dual objective     =             0.000000
Iteration:   948   Dual objective     =           292.666667

Dual crossover.
  Dual:  Fixing 1143 variables.
     1142 DMoves:  Infeasibility  6.38711324e-13  Objective  2.96666667e+02
        0 DMoves:  Infeasibility  3.16274802e-13  Objective  2.96666667e+02
  Dual:  Pushed 30, exchanged 1113.
  Primal:  Fixing 682 variables.
      681 PMoves:  Infeasibility  2.77555756e-17  Objective  2.96666667e+02
        0 PMoves:  Infeasibility  2.77555756e-17  Objective  2.96666667e+02
  Primal:  Pushed 579, exchanged 103.

Dual simplex solved model.


Solution status from MIP model:
-- Processing time: 23.538 sec.
-- Memory used: 482.93 MB
-- Best bound: inf
-- Obj value: 296.667
-- Gap: inf%
-- Total distance: 890
-- Total tardiness: 0
-- Largest tardiness: 0
