#######################################
### Exact MIP solver for the HHCRSP ###
#######################################
-- Instance file: new-instances/HHCRSP_200_40_65_0.4_R_RC.txt
-- Max threads: 4
-- Time limit: 999999 seconds
-- Use initial solution: No
Trivial flow violations prevented generating 364829 variables.
Version identifier: 20.1.0.0 | 2020-11-10 | 9bedb6d68
CPXPARAM_Threads                                 4
CPXPARAM_TimeLimit                               999999
Parallel mode: deterministic, using up to 4 threads for concurrent optimization:
 * Starting dual Simplex on 1 thread...
 * Starting Barrier on 3 threads...
Tried aggregator 1 time.
LP Presolve eliminated 22884 rows and 5790 columns.
Reduced LP has 440024 rows, 417797 columns, and 8060604 nonzeros.
Presolve time = 15.23 sec. (1836.60 ticks)
Symmetry aggregator did 689068 additional substitutions.

Iteration log . . .
Iteration:     1   Dual objective     =             0.000000

Dual crossover.
  Dual:  Fixing 931 variables.
      930 DMoves:  Infeasibility  4.00568467e-13  Objective  3.06000000e+02
        0 DMoves:  Infeasibility  2.05002681e-13  Objective  3.06000000e+02
  Dual:  Pushed 18, exchanged 913.
  Primal:  Fixing 803 variables.
      802 PMoves:  Infeasibility  0.00000000e+00  Objective  3.06000000e+02
        0 PMoves:  Infeasibility  0.00000000e+00  Objective  3.06000000e+02
  Primal:  Pushed 676, exchanged 127.

Dual simplex solved model.


Solution status from MIP model:
-- Processing time: 24.991 sec.
-- Memory used: 485.338 MB
-- Best bound: inf
-- Obj value: 306
-- Gap: inf%
-- Total distance: 918
-- Total tardiness: 0
-- Largest tardiness: 0
