#######################################
### Exact MIP solver for the HHCRSP ###
#######################################
-- Instance file: new-instances/HHCRSP_200_40_11_0.4_C_RC.txt
-- Max threads: 4
-- Time limit: 999999 seconds
-- Use initial solution: No
Trivial flow violations prevented generating 358696 variables.
Version identifier: 20.1.0.0 | 2020-11-10 | 9bedb6d68
CPXPARAM_Threads                                 4
CPXPARAM_TimeLimit                               999999
Parallel mode: deterministic, using up to 4 threads for concurrent optimization:
 * Starting dual Simplex on 1 thread...
 * Starting Barrier on 3 threads...
Tried aggregator 1 time.
LP Presolve eliminated 21006 rows and 4825 columns.
Reduced LP has 378516 rows, 360262 columns, and 6479349 nonzeros.
Presolve time = 13.74 sec. (1502.32 ticks)
Symmetry aggregator did 551795 additional substitutions.
Initializing dual steep norms . . .

Iteration log . . .
Iteration:     1   Dual objective     =             0.666667
Iteration:   949   Dual objective     =           322.000000

Dual crossover.
  Dual:  Fixing 966 variables.
      965 DMoves:  Infeasibility  5.75040027e-13  Objective  3.22333333e+02
        0 DMoves:  Infeasibility  3.15802951e-13  Objective  3.22333333e+02
  Dual:  Pushed 28, exchanged 938.
  Primal:  Fixing 492 variables.
      491 PMoves:  Infeasibility  1.66533454e-16  Objective  3.22333333e+02
        0 PMoves:  Infeasibility  7.21644966e-16  Objective  3.22333333e+02
  Primal:  Pushed 394, exchanged 98.

Dual simplex solved model.


Solution status from MIP model:
-- Processing time: 25.695 sec.
-- Memory used: 443.627 MB
-- Best bound: inf
-- Obj value: 322.333
-- Gap: inf%
-- Total distance: 967
-- Total tardiness: 0
-- Largest tardiness: 0
