#######################################
### Exact MIP solver for the HHCRSP ###
#######################################
-- Instance file: new-instances/HHCRSP_200_40_37_0.8_R_C.txt
-- Max threads: 4
-- Time limit: 999999 seconds
-- Use initial solution: No
Trivial flow violations prevented generating 344167 variables.
Version identifier: 20.1.0.0 | 2020-11-10 | 9bedb6d68
CPXPARAM_Threads                                 4
CPXPARAM_TimeLimit                               999999
Parallel mode: deterministic, using up to 4 threads for concurrent optimization:
 * Starting dual Simplex on 1 thread...
 * Starting Barrier on 3 threads...
Tried aggregator 1 time.
LP Presolve eliminated 18654 rows and 3715 columns.
Reduced LP has 309768 rows, 294908 columns, and 5041487 nonzeros.
Presolve time = 10.19 sec. (1187.82 ticks)
Symmetry aggregator did 418582 additional substitutions.

Iteration log . . .
Iteration:     1   Dual objective     =             0.000000
Iteration:   944   Dual objective     =           231.000000

Dual crossover.
  Dual:  Fixing 680 variables.
      679 DMoves:  Infeasibility  6.53699323e-13  Objective  2.32333333e+02
        0 DMoves:  Infeasibility  2.32230907e-13  Objective  2.32333333e+02
  Dual:  Pushed 28, exchanged 652.
  Primal:  Fixing 366 variables.
      365 PMoves:  Infeasibility  2.49800181e-16  Objective  2.32333333e+02
        0 PMoves:  Infeasibility  7.49400542e-16  Objective  2.32333333e+02
  Primal:  Pushed 274, exchanged 92.

Dual simplex solved model.


Solution status from MIP model:
-- Processing time: 16.639 sec.
-- Memory used: 369.488 MB
-- Best bound: inf
-- Obj value: 232.333
-- Gap: inf%
-- Total distance: 697
-- Total tardiness: 0
-- Largest tardiness: 0
