--- BRKGA-MP-IPR for HHCRSP ---
Instance: new-instances/HHCRSP_50_10_86_1.2_R_C.txt
Seed: 1

Reading data... Problem contains 50 patients  and 10 caregivers.

Summary of supply x demand for each service type:
Skill 0 has supply = 2 and demand = 10, ratio = 0.2
Skill 1 has supply = 4 and demand = 11, ratio = 0.363636
Skill 2 has supply = 2 and demand = 6, ratio = 0.333333
Skill 3 has supply = 5 and demand = 11, ratio = 0.454545
Skill 4 has supply = 4 and demand = 16, ratio = 0.25
Skill 5 has supply = 3 and demand = 12, ratio = 0.25

Reading parameters...
Inferred distance function by PR type: kendall-tau
Building BRKGA data and initializing...
Evolving 448 generations...

  Gens  Rem    Local   ElDiv NoImpr             Best solution            Time  Op
                                       Cost     Dist    Tard    TMax 
*    0  448  1747.00  288.07      0  1747.00  1334.00  3573.0   334.0     0.0    
*    2  446  1452.33  223.86      0  1452.33  1215.00  2329.0   257.0     0.0    
*    3  445  1267.00  159.51      0  1267.00  1215.00  2329.0   257.0     0.0    
*    5  443   993.00  153.30      0   993.00  1238.00  1410.0   331.0     0.0    
*    9  439   703.00  125.61      0   703.00  1291.00   698.0   120.0     0.0    
*   12  436   604.33   93.88      0   604.33  1029.00   243.0    57.0     0.0    
*   13  435   443.00   80.52      0   443.00  1029.00   243.0    57.0     0.0    
*   18  430   410.67   42.16      0   410.67  1095.00    43.0    21.0     0.0    
*   19  429   386.33   37.70      0   386.33  1095.00    43.0    21.0     0.0    
*   23  425   361.00   19.69      0   361.00  1041.00    28.0    14.0     0.0    
*   30  418   358.00   11.56      0   358.00  1062.00     7.0     5.0     0.0    
*   32  416   341.67    9.87      0   341.67  1021.00     3.0     1.0     0.0    
*   36  412   335.67    9.53      0   335.67   975.00    17.0    15.0     0.0    
*   45  403   330.00    6.22      0   330.00   917.00    25.0     8.0     0.0    
*   46  402   316.67    7.08      0   316.67   917.00    25.0     8.0     0.0    

  Gens  Rem    Local   ElDiv NoImpr             Best solution            Time  Op
                                       Cost     Dist    Tard    TMax 
    50  398   316.67    6.10      4   316.67   917.00    25.0     8.0     0.1    
*   58  390   316.33    3.56      0   316.33   941.00     4.0     4.0     0.1    
*   60  388   315.33    2.69      0   315.33   945.00     0.0     0.0     0.1    
*   61  387   315.00    2.28      0   315.00   941.00     0.0     0.0     0.1    
*   62  386   313.67    2.21      0   313.67   939.00     0.0     0.0     0.1    
*   63  385   313.00    2.34      0   313.00   930.00     0.0     0.0     0.1    
*   64  384   310.00    1.80      0   310.00   930.00     0.0     0.0     0.1    
*   81  367   309.67    0.11      0   309.67   929.00     0.0     0.0     0.1    
*   83  365   309.33    0.18      0   309.33   928.00     0.0     0.0     0.1    
*   86  362   308.67    0.24      0   308.67   926.00     0.0     0.0     0.1    
*   88  360   308.33    0.29      0   308.33   925.00     0.0     0.0     0.1    
*   95  353   307.33    0.16      0   307.33   922.00     0.0     0.0     0.1    
Path relinking result: too homogeneous.
    96  352   307.33    0.18      2   307.33   922.00     0.0     0.0     0.1   P
*   99  349   307.00    0.26      0   307.00   921.00     0.0     0.0     0.1    
   100  348   307.00    0.31      1   307.00   921.00     0.0     0.0     0.1    
*  121  327   306.33    0.08      0   306.33   919.00     0.0     0.0     0.1    

  Gens  Rem    Local   ElDiv NoImpr             Best solution            Time  Op
                                       Cost     Dist    Tard    TMax 
   150  298   306.33    0.00     29   306.33   919.00     0.0     0.0     0.1    
   188  260      inf  371.62      0   306.33   919.00     0.0     0.0     0.2   R
   189  259  1576.67  264.36      0   306.33   919.00     0.0     0.0     0.2    
Path relinking result: too homogeneous.
   192  256  1287.33  183.02      0   306.33   919.00     0.0     0.0     0.2   P
   200  248   602.67  106.30      0   306.33   919.00     0.0     0.0     0.2    
*  236  212   305.67    9.96      0   305.67   917.00     0.0     0.0     0.2    
*  245  203   302.33    6.32      0   302.33   907.00     0.0     0.0     0.2    
*  248  200   301.33    4.82      0   301.33   894.00     0.0     0.0     0.2    
*  249  199   298.00    4.40      0   298.00   894.00     0.0     0.0     0.2    
   250  198   298.00    3.82      1   298.00   894.00     0.0     0.0     0.2    
*  251  197   297.67    3.53      0   297.67   861.00     5.0     5.0     0.2    
*  252  196   290.33    2.99      0   290.33   861.00     5.0     5.0     0.2    
*  258  190   286.33    2.33      0   286.33   859.00     0.0     0.0     0.3    
*  261  187   284.67    2.91      0   284.67   854.00     0.0     0.0     0.3    
*  265  183   283.67    3.29      0   283.67   851.00     0.0     0.0     0.3    
*  268  180   283.00    1.39      0   283.00   847.00     0.0     0.0     0.3    

  Gens  Rem    Local   ElDiv NoImpr             Best solution            Time  Op
                                       Cost     Dist    Tard    TMax 
*  269  179   282.33    1.11      0   282.33   847.00     0.0     0.0     0.3    
*  272  176   282.00    0.56      0   282.00   846.00     0.0     0.0     0.3    
*  274  174   281.67    0.34      0   281.67   845.00     0.0     0.0     0.3    
*  276  172   281.33    0.25      0   281.33   844.00     0.0     0.0     0.3    
Path relinking result: too homogeneous.
   288  160   281.33    0.00     13   281.33   844.00     0.0     0.0     0.3   P
   300  148   281.33    0.00     24   281.33   844.00     0.0     0.0     0.3    
   343  105      inf  294.80      0   281.33   844.00     0.0     0.0     0.3   R
   344  104  1704.00  216.47      0   281.33   844.00     0.0     0.0     0.3    
   350   98  1114.00  153.44      0   281.33   844.00     0.0     0.0     0.3    
Path relinking result: too homogeneous.
   384   64   334.33    9.42      1   281.33   844.00     0.0     0.0     0.4   P
   400   48   304.00    4.36      3   281.33   844.00     0.0     0.0     0.4    
   448    0   299.00    0.00     34   281.33   844.00     0.0     0.0     0.4    
Evolutionary process finished.
Solution written to 'solution-13270.txt'.

Sorted sequence of worst to best tardiness value:
Task for patient = 5 with skills = {1,-1} and cost = 142.3
   Vehicle #0 = 0, leaving at = 821.0
   Vehicle #1 = -1, leaving at = inf
   Increment on distance indicator: 9.0
   Increment on tard indicator:     0.0
   Value of tmax indicator:         9.0

Task for patient = 37 with skills = {5,-1} and cost = 143.7
   Vehicle #0 = 7, leaving at = 744.0
   Vehicle #1 = -1, leaving at = inf
   Increment on distance indicator: 4.0
   Increment on tard indicator:     0.0
   Value of tmax indicator:         4.0

Task for patient = 29 with skills = {5,-1} and cost = 144.3
   Vehicle #0 = 9, leaving at = 771.0
   Vehicle #1 = -1, leaving at = inf
   Increment on distance indicator: 2.0
   Increment on tard indicator:     0.0
   Value of tmax indicator:         2.0

Task for patient = 41 with skills = {0,4} and cost = 150.0
   Vehicle #0 = 2, leaving at = 843.0
   Vehicle #1 = 9, leaving at = 901.0
   Increment on distance indicator: 17.0
   Increment on tard indicator:     0.0
   Value of tmax indicator:         17.0

Task for patient = 15 with skills = {5,-1} and cost = 157.3
   Vehicle #0 = 7, leaving at = 781.0
   Vehicle #1 = -1, leaving at = inf
   Increment on distance indicator: 22.0
   Increment on tard indicator:     0.0
   Value of tmax indicator:         22.0

Task for patient = 43 with skills = {3,-1} and cost = 158.7
   Vehicle #0 = 6, leaving at = 914.0
   Vehicle #1 = -1, leaving at = inf
   Increment on distance indicator: 4.0
   Increment on tard indicator:     0.0
   Value of tmax indicator:         4.0

Task for patient = 18 with skills = {0,-1} and cost = 160.0
   Vehicle #0 = 1, leaving at = 814.0
   Vehicle #1 = -1, leaving at = inf
   Increment on distance indicator: 4.0
   Increment on tard indicator:     0.0
   Value of tmax indicator:         4.0

Task for patient = 21 with skills = {4,-1} and cost = 162.0
   Vehicle #0 = 8, leaving at = 882.0
   Vehicle #1 = -1, leaving at = inf
   Increment on distance indicator: 6.0
   Increment on tard indicator:     0.0
   Value of tmax indicator:         6.0

Task for patient = 50 with skills = {1,-1} and cost = 162.7
   Vehicle #0 = 1, leaving at = 856.0
   Vehicle #1 = -1, leaving at = inf
   Increment on distance indicator: 2.0
   Increment on tard indicator:     0.0
   Value of tmax indicator:         2.0

Task for patient = 19 with skills = {2,4} and cost = 169.3
   Vehicle #0 = 2, leaving at = 932.0
   Vehicle #1 = 8, leaving at = 932.0
   Increment on distance indicator: 20.0
   Increment on tard indicator:     0.0
   Value of tmax indicator:         20.0

Task for patient = 8 with skills = {0,4} and cost = 173.7
   Vehicle #0 = 1, leaving at = 945.0
   Vehicle #1 = 5, leaving at = 935.0
   Increment on distance indicator: 13.0
   Increment on tard indicator:     0.0
   Value of tmax indicator:         13.0

Task for patient = 38 with skills = {1,3} and cost = 221.0
   Vehicle #0 = 0, leaving at = 1059.0
   Vehicle #1 = 7, leaving at = 1036.0
   Increment on distance indicator: 5.0
   Increment on tard indicator:     0.0
   Value of tmax indicator:         5.0

Task for patient = 32 with skills = {4,-1} and cost = 178.0
   Vehicle #0 = 8, leaving at = 963.0
   Vehicle #1 = -1, leaving at = inf
   Increment on distance indicator: 7.0
   Increment on tard indicator:     0.0
   Value of tmax indicator:         7.0

Task for patient = 42 with skills = {5,-1} and cost = 179.7
   Vehicle #0 = 7, leaving at = 899.0
   Vehicle #1 = -1, leaving at = inf
   Increment on distance indicator: 5.0
   Increment on tard indicator:     0.0
   Value of tmax indicator:         5.0

Task for patient = 7 with skills = {2,4} and cost = 184.0
   Vehicle #0 = 2, leaving at = 983.0
   Vehicle #1 = 8, leaving at = 985.0
   Increment on distance indicator: 13.0
   Increment on tard indicator:     0.0
   Value of tmax indicator:         13.0

Task for patient = 9 with skills = {5,-1} and cost = 186.3
   Vehicle #0 = 7, leaving at = 955.0
   Vehicle #1 = -1, leaving at = inf
   Increment on distance indicator: 7.0
   Increment on tard indicator:     0.0
   Value of tmax indicator:         7.0

Task for patient = 23 with skills = {5,-1} and cost = 188.7
   Vehicle #0 = 7, leaving at = 981.0
   Vehicle #1 = -1, leaving at = inf
   Increment on distance indicator: 7.0
   Increment on tard indicator:     0.0
   Value of tmax indicator:         7.0

Task for patient = 4 with skills = {4,-1} and cost = 190.0
   Vehicle #0 = 6, leaving at = 955.0
   Vehicle #1 = -1, leaving at = inf
   Increment on distance indicator: 4.0
   Increment on tard indicator:     0.0
   Value of tmax indicator:         4.0

Task for patient = 49 with skills = {3,-1} and cost = 191.7
   Vehicle #0 = 9, leaving at = 986.0
   Vehicle #1 = -1, leaving at = inf
   Increment on distance indicator: 5.0
   Increment on tard indicator:     0.0
   Value of tmax indicator:         5.0

Task for patient = 6 with skills = {1,4} and cost = 198.7
   Vehicle #0 = 0, leaving at = 1018.0
   Vehicle #1 = 8, leaving at = 1005.0
   Increment on distance indicator: 21.0
   Increment on tard indicator:     0.0
   Value of tmax indicator:         21.0

Task for patient = 25 with skills = {3,-1} and cost = 201.0
   Vehicle #0 = 8, leaving at = 1029.0
   Vehicle #1 = -1, leaving at = inf
   Increment on distance indicator: 7.0
   Increment on tard indicator:     0.0
   Value of tmax indicator:         7.0

Task for patient = 30 with skills = {2,3} and cost = 207.3
   Vehicle #0 = 3, leaving at = 974.0
   Vehicle #1 = 5, leaving at = 972.0
   Increment on distance indicator: 19.0
   Increment on tard indicator:     0.0
   Value of tmax indicator:         19.0

Task for patient = 39 with skills = {0,4} and cost = 209.7
   Vehicle #0 = 1, leaving at = 1003.0
   Vehicle #1 = 5, leaving at = 1019.0
   Increment on distance indicator: 7.0
   Increment on tard indicator:     0.0
   Value of tmax indicator:         7.0

Task for patient = 14 with skills = {0,3} and cost = 219.3
   Vehicle #0 = 1, leaving at = 1074.0
   Vehicle #1 = 6, leaving at = 1045.0
   Increment on distance indicator: 29.0
   Increment on tard indicator:     0.0
   Value of tmax indicator:         29.0

Task for patient = 44 with skills = {1,-1} and cost = 175.7
   Vehicle #0 = 1, leaving at = 975.0
   Vehicle #1 = -1, leaving at = inf
   Increment on distance indicator: 6.0
   Increment on tard indicator:     0.0
   Value of tmax indicator:         6.0

Task for patient = 22 with skills = {4,-1} and cost = 15.0
   Vehicle #0 = 5, leaving at = 553.0
   Vehicle #1 = -1, leaving at = inf
   Increment on distance indicator: 45.0
   Increment on tard indicator:     0.0
   Value of tmax indicator:         45.0

Task for patient = 24 with skills = {0,4} and cost = 21.7
   Vehicle #0 = 1, leaving at = 597.0
   Vehicle #1 = 6, leaving at = 591.0
   Increment on distance indicator: 20.0
   Increment on tard indicator:     0.0
   Value of tmax indicator:         20.0

Task for patient = 12 with skills = {1,3} and cost = 32.3
   Vehicle #0 = 1, leaving at = 654.0
   Vehicle #1 = 6, leaving at = 629.0
   Increment on distance indicator: 32.0
   Increment on tard indicator:     0.0
   Value of tmax indicator:         32.0

Task for patient = 36 with skills = {0,-1} and cost = 34.0
   Vehicle #0 = 1, leaving at = 680.0
   Vehicle #1 = -1, leaving at = inf
   Increment on distance indicator: 5.0
   Increment on tard indicator:     0.0
   Value of tmax indicator:         5.0

Task for patient = 16 with skills = {5,-1} and cost = 37.3
   Vehicle #0 = 7, leaving at = 506.0
   Vehicle #1 = -1, leaving at = inf
   Increment on distance indicator: 10.0
   Increment on tard indicator:     0.0
   Value of tmax indicator:         10.0

Task for patient = 3 with skills = {2,3} and cost = 53.3
   Vehicle #0 = 2, leaving at = 574.0
   Vehicle #1 = 5, leaving at = 596.0
   Increment on distance indicator: 48.0
   Increment on tard indicator:     0.0
   Value of tmax indicator:         48.0

Task for patient = 35 with skills = {1,-1} and cost = 58.0
   Vehicle #0 = 0, leaving at = 613.0
   Vehicle #1 = -1, leaving at = inf
   Increment on distance indicator: 14.0
   Increment on tard indicator:     0.0
   Value of tmax indicator:         14.0

Task for patient = 26 with skills = {5,-1} and cost = 58.3
   Vehicle #0 = 5, leaving at = 624.0
   Vehicle #1 = -1, leaving at = inf
   Increment on distance indicator: 1.0
   Increment on tard indicator:     0.0
   Value of tmax indicator:         1.0

Task for patient = 17 with skills = {1,4} and cost = 66.7
   Vehicle #0 = 1, leaving at = 758.0
   Vehicle #1 = 5, leaving at = 754.0
   Increment on distance indicator: 25.0
   Increment on tard indicator:     0.0
   Value of tmax indicator:         25.0

Task for patient = 47 with skills = {5,-1} and cost = 73.0
   Vehicle #0 = 7, leaving at = 641.0
   Vehicle #1 = -1, leaving at = inf
   Increment on distance indicator: 19.0
   Increment on tard indicator:     0.0
   Value of tmax indicator:         19.0

Task for patient = 34 with skills = {3,-1} and cost = 78.0
   Vehicle #0 = 8, leaving at = 758.0
   Vehicle #1 = -1, leaving at = inf
   Increment on distance indicator: 15.0
   Increment on tard indicator:     0.0
   Value of tmax indicator:         15.0

Task for patient = 48 with skills = {5,-1} and cost = 139.3
   Vehicle #0 = 5, leaving at = 809.0
   Vehicle #1 = -1, leaving at = inf
   Increment on distance indicator: 1.0
   Increment on tard indicator:     0.0
   Value of tmax indicator:         1.0

Task for patient = 20 with skills = {2,-1} and cost = 91.7
   Vehicle #0 = 3, leaving at = 628.0
   Vehicle #1 = -1, leaving at = inf
   Increment on distance indicator: 11.0
   Increment on tard indicator:     0.0
   Value of tmax indicator:         11.0

Task for patient = 1 with skills = {4,-1} and cost = 94.3
   Vehicle #0 = 6, leaving at = 654.0
   Vehicle #1 = -1, leaving at = inf
   Increment on distance indicator: 8.0
   Increment on tard indicator:     0.0
   Value of tmax indicator:         8.0

Task for patient = 46 with skills = {3,-1} and cost = 98.3
   Vehicle #0 = 9, leaving at = 676.0
   Vehicle #1 = -1, leaving at = inf
   Increment on distance indicator: 12.0
   Increment on tard indicator:     0.0
   Value of tmax indicator:         12.0

Task for patient = 33 with skills = {0,4} and cost = 110.0
   Vehicle #0 = 2, leaving at = 778.0
   Vehicle #1 = 8, leaving at = 782.0
   Increment on distance indicator: 35.0
   Increment on tard indicator:     0.0
   Value of tmax indicator:         35.0

Task for patient = 13 with skills = {1,4} and cost = 113.0
   Vehicle #0 = 0, leaving at = 723.0
   Vehicle #1 = 6, leaving at = 711.0
   Increment on distance indicator: 9.0
   Increment on tard indicator:     0.0
   Value of tmax indicator:         9.0

Task for patient = 28 with skills = {3,-1} and cost = 116.3
   Vehicle #0 = 6, leaving at = 761.0
   Vehicle #1 = -1, leaving at = inf
   Increment on distance indicator: 10.0
   Increment on tard indicator:     0.0
   Value of tmax indicator:         10.0

Task for patient = 31 with skills = {1,-1} and cost = 120.3
   Vehicle #0 = 3, leaving at = 690.0
   Vehicle #1 = -1, leaving at = inf
   Increment on distance indicator: 12.0
   Increment on tard indicator:     0.0
   Value of tmax indicator:         12.0

Task for patient = 2 with skills = {0,-1} and cost = 124.7
   Vehicle #0 = 2, leaving at = 820.0
   Vehicle #1 = -1, leaving at = inf
   Increment on distance indicator: 13.0
   Increment on tard indicator:     0.0
   Value of tmax indicator:         13.0

Task for patient = 45 with skills = {0,-1} and cost = 125.3
   Vehicle #0 = 1, leaving at = 775.0
   Vehicle #1 = -1, leaving at = inf
   Increment on distance indicator: 2.0
   Increment on tard indicator:     0.0
   Value of tmax indicator:         2.0

Task for patient = 11 with skills = {5,-1} and cost = 126.0
   Vehicle #0 = 5, leaving at = 775.0
   Vehicle #1 = -1, leaving at = inf
   Increment on distance indicator: 2.0
   Increment on tard indicator:     0.0
   Value of tmax indicator:         2.0

Task for patient = 10 with skills = {2,-1} and cost = 137.0
   Vehicle #0 = 3, leaving at = 748.0
   Vehicle #1 = -1, leaving at = inf
   Increment on distance indicator: 33.0
   Increment on tard indicator:     0.0
   Value of tmax indicator:         33.0

Task for patient = 40 with skills = {4,-1} and cost = 139.0
   Vehicle #0 = 9, leaving at = 754.0
   Vehicle #1 = -1, leaving at = inf
   Increment on distance indicator: 6.0
   Increment on tard indicator:     0.0
   Value of tmax indicator:         6.0

Task for patient = 27 with skills = {1,5} and cost = 88.0
   Vehicle #0 = 0, leaving at = 691.0
   Vehicle #1 = 7, leaving at = 701.0
   Increment on distance indicator: 30.0
   Increment on tard indicator:     0.0
   Value of tmax indicator:         30.0


Unused vehicle list: 4 (total = 1 out of 10)

---
Search finished.
Total of 448 generations in 0.4 seconds.
Exchange elite runs: 0
Implicit path relinking runs: 4
Reset attempts: 2

Best solution found:
   Cost: 281.3
   Total travel time: 844.0
   Total tardiness time: 0.0
   Largest tardiness: 0.0


281.3
