--- BRKGA-MP-IPR for HHCRSP ---
Instance: new-instances/HHCRSP_50_10_62_0.4_C_C.txt
Seed: 1

Reading data... Problem contains 50 patients  and 10 caregivers.

Summary of supply x demand for each service type:
Skill 0 has supply = 4 and demand = 16, ratio = 0.25
Skill 1 has supply = 1 and demand = 2, ratio = 0.5
Skill 2 has supply = 4 and demand = 12, ratio = 0.333333
Skill 3 has supply = 5 and demand = 12, ratio = 0.416667
Skill 4 has supply = 3 and demand = 8, ratio = 0.375
Skill 5 has supply = 5 and demand = 16, ratio = 0.3125

Reading parameters...
Inferred distance function by PR type: kendall-tau
Building BRKGA data and initializing...
Evolving 448 generations...

  Gens  Rem    Local   ElDiv NoImpr             Best solution            Time  Op
                                       Cost     Dist    Tard    TMax 
*    0  448  1252.67  246.39      0  1252.67   838.00  2599.0   321.0     0.0    
*    5  443  1197.67  167.16      0  1197.67   789.00  1680.0   353.0     0.0    
*    6  442   940.67  133.41      0   940.67   857.00  1588.0   241.0     0.0    
*    7  441   895.33  129.69      0   895.33   821.00   950.0   162.0     0.0    
*    8  440   644.33  124.94      0   644.33   821.00   950.0   162.0     0.0    
*   11  437   513.67   87.15      0   513.67   847.00   571.0   123.0     0.0    
*   13  435   419.33   76.48      0   419.33   753.00   320.0   114.0     0.0    
*   14  434   395.67   64.07      0   395.67   769.00   311.0    76.0     0.0    
*   15  433   385.33   53.08      0   385.33   745.00   193.0    41.0     0.0    
*   16  432   326.33   48.98      0   326.33   785.00   134.0    47.0     0.0    
*   17  431   322.00   37.00      0   322.00   785.00   134.0    47.0     0.0    
*   19  429   264.00   33.61      0   264.00   761.00     3.0     3.0     0.0    
*   20  428   255.67   28.21      0   255.67   761.00     3.0     3.0     0.0    
*   25  423   249.33   16.63      0   249.33   748.00     0.0     0.0     0.0    
*   29  419   239.67    9.03      0   239.67   695.00     0.0     0.0     0.0    

  Gens  Rem    Local   ElDiv NoImpr             Best solution            Time  Op
                                       Cost     Dist    Tard    TMax 
*   30  418   231.67    8.09      0   231.67   695.00     0.0     0.0     0.0    
*   35  413   219.33    5.85      0   219.33   658.00     0.0     0.0     0.0    
*   50  398   219.00    3.13      0   219.00   657.00     0.0     0.0     0.1    
*   52  396   217.67    3.44      0   217.67   650.00     0.0     0.0     0.1    
*   53  395   216.67    3.37      0   216.67   640.00     4.0     4.0     0.1    
*   54  394   216.00    3.47      0   216.00   645.00     0.0     0.0     0.1    
*   55  393   215.00    3.49      0   215.00   634.00     4.0     4.0     0.1    
*   56  392   214.00    3.04      0   214.00   634.00     4.0     4.0     0.1    
*   62  386   213.33    2.17      0   213.33   632.00     0.0     0.0     0.1    
*   63  385   210.67    2.03      0   210.67   632.00     0.0     0.0     0.1    
*   67  381   208.00    1.98      0   208.00   624.00     0.0     0.0     0.1    
*   71  377   206.00    1.36      0   206.00   618.00     0.0     0.0     0.1    
*   73  375   205.67    0.97      0   205.67   617.00     0.0     0.0     0.1    
*   75  373   205.33    0.69      0   205.33   616.00     0.0     0.0     0.1    
*   77  371   204.33    0.62      0   204.33   613.00     0.0     0.0     0.1    
*   80  368   204.00    0.54      0   204.00   609.00     2.0     1.0     0.1    

  Gens  Rem    Local   ElDiv NoImpr             Best solution            Time  Op
                                       Cost     Dist    Tard    TMax 
*   84  364   202.67    0.32      0   202.67   608.00     0.0     0.0     0.1    
*   87  361   202.33    0.34      0   202.33   607.00     0.0     0.0     0.1    
Path relinking result: too homogeneous.
    96  352   202.33    0.00     10   202.33   607.00     0.0     0.0     0.1   P
   100  348   202.33    0.00     13   202.33   607.00     0.0     0.0     0.1    
*  109  339   202.00    0.07      0   202.00   606.00     0.0     0.0     0.1    
*  120  328   201.67    0.07      0   201.67   605.00     0.0     0.0     0.1    
*  140  308   201.00    0.08      0   201.00   603.00     0.0     0.0     0.1    
   150  298   201.00    0.12     10   201.00   603.00     0.0     0.0     0.2    
*  151  297   200.00    0.12      0   200.00   600.00     0.0     0.0     0.2    
*  163  285   199.00    0.30      0   199.00   597.00     0.0     0.0     0.2    
Path relinking result: too homogeneous.
   192  256   199.00    0.00     30   199.00   597.00     0.0     0.0     0.2   P
   200  248   199.00    0.00     37   199.00   597.00     0.0     0.0     0.2    
   230  218      inf  280.03      0   199.00   597.00     0.0     0.0     0.2   R
   231  217  1695.00  228.57      0   199.00   597.00     0.0     0.0     0.2    
   250  198   363.33   37.73      1   199.00   597.00     0.0     0.0     0.3    
Path relinking result: too homogeneous.
   288  160   216.67    2.97      0   199.00   597.00     0.0     0.0     0.3   P

  Gens  Rem    Local   ElDiv NoImpr             Best solution            Time  Op
                                       Cost     Dist    Tard    TMax 
   300  148   215.00    1.53      4   199.00   597.00     0.0     0.0     0.3    
   350   98   213.33    0.00     23   199.00   597.00     0.0     0.0     0.4    
Path relinking result: too homogeneous.
   384   64   211.33    0.23      4   199.00   597.00     0.0     0.0     0.4   P
   400   48   211.33    0.00     19   199.00   597.00     0.0     0.0     0.4    
   448    0   211.33    0.00     67   199.00   597.00     0.0     0.0     0.5    
Evolutionary process finished.
Solution written to 'solution-6494.txt'.

Sorted sequence of worst to best tardiness value:
Task for patient = 40 with skills = {2,5} and cost = 100.0
   Vehicle #0 = 0, leaving at = 808.0
   Vehicle #1 = 6, leaving at = 801.0
   Increment on distance indicator: 17.0
   Increment on tard indicator:     0.0
   Value of tmax indicator:         17.0

Task for patient = 18 with skills = {3,-1} and cost = 102.3
   Vehicle #0 = 5, leaving at = 706.0
   Vehicle #1 = -1, leaving at = inf
   Increment on distance indicator: 7.0
   Increment on tard indicator:     0.0
   Value of tmax indicator:         7.0

Task for patient = 41 with skills = {5,-1} and cost = 103.0
   Vehicle #0 = 6, leaving at = 838.0
   Vehicle #1 = -1, leaving at = inf
   Increment on distance indicator: 2.0
   Increment on tard indicator:     0.0
   Value of tmax indicator:         2.0

Task for patient = 46 with skills = {2,3} and cost = 111.7
   Vehicle #0 = 4, leaving at = 800.0
   Vehicle #1 = 7, leaving at = 806.0
   Increment on distance indicator: 26.0
   Increment on tard indicator:     0.0
   Value of tmax indicator:         26.0

Task for patient = 47 with skills = {1,5} and cost = 121.3
   Vehicle #0 = 2, leaving at = 838.0
   Vehicle #1 = 7, leaving at = 872.0
   Increment on distance indicator: 29.0
   Increment on tard indicator:     0.0
   Value of tmax indicator:         29.0

Task for patient = 21 with skills = {0,5} and cost = 128.0
   Vehicle #0 = 3, leaving at = 757.0
   Vehicle #1 = 5, leaving at = 765.0
   Increment on distance indicator: 20.0
   Increment on tard indicator:     0.0
   Value of tmax indicator:         20.0

Task for patient = 39 with skills = {0,-1} and cost = 129.0
   Vehicle #0 = 1, leaving at = 913.0
   Vehicle #1 = -1, leaving at = inf
   Increment on distance indicator: 3.0
   Increment on tard indicator:     0.0
   Value of tmax indicator:         3.0

Task for patient = 42 with skills = {0,-1} and cost = 131.0
   Vehicle #0 = 3, leaving at = 794.0
   Vehicle #1 = -1, leaving at = inf
   Increment on distance indicator: 6.0
   Increment on tard indicator:     0.0
   Value of tmax indicator:         6.0

Task for patient = 25 with skills = {2,-1} and cost = 134.0
   Vehicle #0 = 4, leaving at = 940.0
   Vehicle #1 = -1, leaving at = inf
   Increment on distance indicator: 9.0
   Increment on tard indicator:     0.0
   Value of tmax indicator:         9.0

Task for patient = 35 with skills = {0,-1} and cost = 135.0
   Vehicle #0 = 3, leaving at = 830.0
   Vehicle #1 = -1, leaving at = inf
   Increment on distance indicator: 3.0
   Increment on tard indicator:     0.0
   Value of tmax indicator:         3.0

Task for patient = 50 with skills = {0,4} and cost = 139.0
   Vehicle #0 = 1, leaving at = 946.0
   Vehicle #1 = 6, leaving at = 973.0
   Increment on distance indicator: 12.0
   Increment on tard indicator:     0.0
   Value of tmax indicator:         12.0

Task for patient = 38 with skills = {0,-1} and cost = 183.0
   Vehicle #0 = 1, leaving at = 977.0
   Vehicle #1 = -1, leaving at = inf
   Increment on distance indicator: 4.0
   Increment on tard indicator:     0.0
   Value of tmax indicator:         4.0

Task for patient = 22 with skills = {3,-1} and cost = 144.0
   Vehicle #0 = 7, leaving at = 936.0
   Vehicle #1 = -1, leaving at = inf
   Increment on distance indicator: 5.0
   Increment on tard indicator:     0.0
   Value of tmax indicator:         5.0

Task for patient = 9 with skills = {0,-1} and cost = 148.0
   Vehicle #0 = 2, leaving at = 882.0
   Vehicle #1 = -1, leaving at = inf
   Increment on distance indicator: 12.0
   Increment on tard indicator:     0.0
   Value of tmax indicator:         12.0

Task for patient = 43 with skills = {2,3} and cost = 152.0
   Vehicle #0 = 3, leaving at = 945.0
   Vehicle #1 = 7, leaving at = 989.0
   Increment on distance indicator: 12.0
   Increment on tard indicator:     0.0
   Value of tmax indicator:         12.0

Task for patient = 15 with skills = {0,-1} and cost = 152.7
   Vehicle #0 = 4, leaving at = 1014.0
   Vehicle #1 = -1, leaving at = inf
   Increment on distance indicator: 2.0
   Increment on tard indicator:     0.0
   Value of tmax indicator:         2.0

Task for patient = 1 with skills = {4,-1} and cost = 156.0
   Vehicle #0 = 7, leaving at = 1046.0
   Vehicle #1 = -1, leaving at = inf
   Increment on distance indicator: 10.0
   Increment on tard indicator:     0.0
   Value of tmax indicator:         10.0

Task for patient = 4 with skills = {3,-1} and cost = 161.7
   Vehicle #0 = 9, leaving at = 940.0
   Vehicle #1 = -1, leaving at = inf
   Increment on distance indicator: 17.0
   Increment on tard indicator:     0.0
   Value of tmax indicator:         17.0

Task for patient = 36 with skills = {5,-1} and cost = 162.3
   Vehicle #0 = 8, leaving at = 908.0
   Vehicle #1 = -1, leaving at = inf
   Increment on distance indicator: 2.0
   Increment on tard indicator:     0.0
   Value of tmax indicator:         2.0

Task for patient = 12 with skills = {4,-1} and cost = 166.0
   Vehicle #0 = 7, leaving at = 1090.0
   Vehicle #1 = -1, leaving at = inf
   Increment on distance indicator: 11.0
   Increment on tard indicator:     0.0
   Value of tmax indicator:         11.0

Task for patient = 45 with skills = {0,3} and cost = 170.7
   Vehicle #0 = 2, leaving at = 921.0
   Vehicle #1 = 5, leaving at = 956.0
   Increment on distance indicator: 14.0
   Increment on tard indicator:     0.0
   Value of tmax indicator:         14.0

Task for patient = 5 with skills = {5,-1} and cost = 173.0
   Vehicle #0 = 8, leaving at = 962.0
   Vehicle #1 = -1, leaving at = inf
   Increment on distance indicator: 7.0
   Increment on tard indicator:     0.0
   Value of tmax indicator:         7.0

Task for patient = 6 with skills = {5,-1} and cost = 177.7
   Vehicle #0 = 9, leaving at = 992.0
   Vehicle #1 = -1, leaving at = inf
   Increment on distance indicator: 14.0
   Increment on tard indicator:     0.0
   Value of tmax indicator:         14.0

Task for patient = 31 with skills = {0,-1} and cost = 181.7
   Vehicle #0 = 2, leaving at = 959.0
   Vehicle #1 = -1, leaving at = inf
   Increment on distance indicator: 12.0
   Increment on tard indicator:     0.0
   Value of tmax indicator:         12.0

Task for patient = 2 with skills = {4,-1} and cost = 142.3
   Vehicle #0 = 6, leaving at = 1007.0
   Vehicle #1 = -1, leaving at = inf
   Increment on distance indicator: 10.0
   Increment on tard indicator:     0.0
   Value of tmax indicator:         10.0

Task for patient = 16 with skills = {0,-1} and cost = 2.7
   Vehicle #0 = 1, leaving at = 547.0
   Vehicle #1 = -1, leaving at = inf
   Increment on distance indicator: 8.0
   Increment on tard indicator:     0.0
   Value of tmax indicator:         8.0

Task for patient = 14 with skills = {3,-1} and cost = 6.7
   Vehicle #0 = 5, leaving at = 515.0
   Vehicle #1 = -1, leaving at = inf
   Increment on distance indicator: 12.0
   Increment on tard indicator:     0.0
   Value of tmax indicator:         12.0

Task for patient = 34 with skills = {0,4} and cost = 10.7
   Vehicle #0 = 2, leaving at = 591.0
   Vehicle #1 = 6, leaving at = 581.0
   Increment on distance indicator: 12.0
   Increment on tard indicator:     0.0
   Value of tmax indicator:         12.0

Task for patient = 26 with skills = {0,5} and cost = 16.3
   Vehicle #0 = 3, leaving at = 567.0
   Vehicle #1 = 5, leaving at = 589.0
   Increment on distance indicator: 17.0
   Increment on tard indicator:     0.0
   Value of tmax indicator:         17.0

Task for patient = 24 with skills = {5,-1} and cost = 19.3
   Vehicle #0 = 7, leaving at = 578.0
   Vehicle #1 = -1, leaving at = inf
   Increment on distance indicator: 9.0
   Increment on tard indicator:     0.0
   Value of tmax indicator:         9.0

Task for patient = 27 with skills = {2,4} and cost = 26.3
   Vehicle #0 = 0, leaving at = 612.0
   Vehicle #1 = 7, leaving at = 642.0
   Increment on distance indicator: 21.0
   Increment on tard indicator:     0.0
   Value of tmax indicator:         21.0

Task for patient = 23 with skills = {5,-1} and cost = 27.7
   Vehicle #0 = 6, leaving at = 604.0
   Vehicle #1 = -1, leaving at = inf
   Increment on distance indicator: 4.0
   Increment on tard indicator:     0.0
   Value of tmax indicator:         4.0

Task for patient = 19 with skills = {2,-1} and cost = 35.3
   Vehicle #0 = 4, leaving at = 615.0
   Vehicle #1 = -1, leaving at = inf
   Increment on distance indicator: 23.0
   Increment on tard indicator:     0.0
   Value of tmax indicator:         23.0

Task for patient = 11 with skills = {5,-1} and cost = 37.3
   Vehicle #0 = 8, leaving at = 604.0
   Vehicle #1 = -1, leaving at = inf
   Increment on distance indicator: 6.0
   Increment on tard indicator:     0.0
   Value of tmax indicator:         6.0

Task for patient = 3 with skills = {2,-1} and cost = 41.0
   Vehicle #0 = 3, leaving at = 598.0
   Vehicle #1 = -1, leaving at = inf
   Increment on distance indicator: 11.0
   Increment on tard indicator:     0.0
   Value of tmax indicator:         11.0

Task for patient = 48 with skills = {4,-1} and cost = 44.3
   Vehicle #0 = 6, leaving at = 666.0
   Vehicle #1 = -1, leaving at = inf
   Increment on distance indicator: 10.0
   Increment on tard indicator:     0.0
   Value of tmax indicator:         10.0

Task for patient = 49 with skills = {2,-1} and cost = 94.3
   Vehicle #0 = 0, leaving at = 754.0
   Vehicle #1 = -1, leaving at = inf
   Increment on distance indicator: 8.0
   Increment on tard indicator:     0.0
   Value of tmax indicator:         8.0

Task for patient = 10 with skills = {5,-1} and cost = 50.7
   Vehicle #0 = 8, leaving at = 644.0
   Vehicle #1 = -1, leaving at = inf
   Increment on distance indicator: 8.0
   Increment on tard indicator:     0.0
   Value of tmax indicator:         8.0

Task for patient = 37 with skills = {2,-1} and cost = 51.7
   Vehicle #0 = 0, leaving at = 669.0
   Vehicle #1 = -1, leaving at = inf
   Increment on distance indicator: 3.0
   Increment on tard indicator:     0.0
   Value of tmax indicator:         3.0

Task for patient = 7 with skills = {3,-1} and cost = 53.0
   Vehicle #0 = 5, leaving at = 657.0
   Vehicle #1 = -1, leaving at = inf
   Increment on distance indicator: 4.0
   Increment on tard indicator:     0.0
   Value of tmax indicator:         4.0

Task for patient = 32 with skills = {5,-1} and cost = 58.3
   Vehicle #0 = 9, leaving at = 664.0
   Vehicle #1 = -1, leaving at = inf
   Increment on distance indicator: 16.0
   Increment on tard indicator:     0.0
   Value of tmax indicator:         16.0

Task for patient = 28 with skills = {0,3} and cost = 62.0
   Vehicle #0 = 1, leaving at = 671.0
   Vehicle #1 = 8, leaving at = 686.0
   Increment on distance indicator: 11.0
   Increment on tard indicator:     0.0
   Value of tmax indicator:         11.0

Task for patient = 8 with skills = {5,-1} and cost = 64.0
   Vehicle #0 = 7, leaving at = 764.0
   Vehicle #1 = -1, leaving at = inf
   Increment on distance indicator: 6.0
   Increment on tard indicator:     0.0
   Value of tmax indicator:         6.0

Task for patient = 13 with skills = {2,3} and cost = 70.3
   Vehicle #0 = 4, leaving at = 725.0
   Vehicle #1 = 9, leaving at = 689.0
   Increment on distance indicator: 19.0
   Increment on tard indicator:     0.0
   Value of tmax indicator:         19.0

Task for patient = 44 with skills = {0,-1} and cost = 74.3
   Vehicle #0 = 2, leaving at = 701.0
   Vehicle #1 = -1, leaving at = inf
   Increment on distance indicator: 12.0
   Increment on tard indicator:     0.0
   Value of tmax indicator:         12.0

Task for patient = 20 with skills = {0,4} and cost = 77.7
   Vehicle #0 = 1, leaving at = 737.0
   Vehicle #1 = 8, leaving at = 737.0
   Increment on distance indicator: 10.0
   Increment on tard indicator:     0.0
   Value of tmax indicator:         10.0

Task for patient = 17 with skills = {2,3} and cost = 85.7
   Vehicle #0 = 0, leaving at = 731.0
   Vehicle #1 = 6, leaving at = 731.0
   Increment on distance indicator: 24.0
   Increment on tard indicator:     0.0
   Value of tmax indicator:         24.0

Task for patient = 33 with skills = {1,5} and cost = 89.7
   Vehicle #0 = 2, leaving at = 796.0
   Vehicle #1 = 9, leaving at = 855.0
   Increment on distance indicator: 12.0
   Increment on tard indicator:     0.0
   Value of tmax indicator:         12.0

Task for patient = 30 with skills = {3,-1} and cost = 91.7
   Vehicle #0 = 9, leaving at = 878.0
   Vehicle #1 = -1, leaving at = inf
   Increment on distance indicator: 6.0
   Increment on tard indicator:     0.0
   Value of tmax indicator:         6.0

Task for patient = 29 with skills = {2,5} and cost = 48.0
   Vehicle #0 = 2, leaving at = 653.0
   Vehicle #1 = 9, leaving at = 619.0
   Increment on distance indicator: 11.0
   Increment on tard indicator:     0.0
   Value of tmax indicator:         11.0


Unused vehicle list: (total = 0 out of 10)

---
Search finished.
Total of 448 generations in 0.5 seconds.
Exchange elite runs: 0
Implicit path relinking runs: 4
Reset attempts: 1

Best solution found:
   Cost: 199.0
   Total travel time: 597.0
   Total tardiness time: 0.0
   Largest tardiness: 0.0


199.0
