--- BRKGA-MP-IPR for HHCRSP ---
Instance: new-instances/HHCRSP_50_10_62_0.4_R_RC.txt
Seed: 1

Reading data... Problem contains 50 patients  and 10 caregivers.

Summary of supply x demand for each service type:
Skill 0 has supply = 4 and demand = 11, ratio = 0.363636
Skill 1 has supply = 1 and demand = 10, ratio = 0.1
Skill 2 has supply = 4 and demand = 12, ratio = 0.333333
Skill 3 has supply = 5 and demand = 10, ratio = 0.5
Skill 4 has supply = 3 and demand = 4, ratio = 0.75
Skill 5 has supply = 5 and demand = 19, ratio = 0.263158

Reading parameters...
Inferred distance function by PR type: kendall-tau
Building BRKGA data and initializing...
Evolving 448 generations...

  Gens  Rem    Local   ElDiv NoImpr             Best solution            Time  Op
                                       Cost     Dist    Tard    TMax 
*    0  448  2283.67  243.34      0  2283.67  1294.00  5022.0   535.0     0.0    
*    2  446  1701.00  189.54      0  1701.00  1365.00  3390.0   348.0     0.0    
*    5  443  1535.33  234.18      0  1535.33  1301.00  2590.0   293.0     0.0    
*    6  442  1394.67  219.25      0  1394.67  1315.00  2320.0   320.0     0.0    
*    7  441  1318.33  172.43      0  1318.33  1300.00  2006.0   285.0     0.0    
*    8  440  1197.00  141.87      0  1197.00  1300.00  2006.0   285.0     0.0    
*   10  438  1061.33  129.86      0  1061.33  1257.00  1501.0   173.0     0.0    
*   11  437   977.00  145.84      0   977.00  1261.00  1307.0   206.0     0.0    
*   12  436   924.67  109.20      0   924.67  1261.00  1307.0   206.0     0.0    
*   14  434   897.33   86.74      0   897.33  1425.00  1013.0   254.0     0.0    
*   16  432   848.33   63.09      0   848.33  1329.00   828.0   149.0     0.0    
*   17  431   768.67   52.88      0   768.67  1329.00   828.0   149.0     0.0    
*   19  429   674.67   67.11      0   674.67  1286.00   594.0    76.0     0.0    
*   20  428   652.00   63.60      0   652.00  1286.00   594.0    76.0     0.0    
*   24  424   629.33   38.51      0   629.33  1308.00   361.0   183.0     0.0    

  Gens  Rem    Local   ElDiv NoImpr             Best solution            Time  Op
                                       Cost     Dist    Tard    TMax 
*   25  423   617.33   35.48      0   617.33  1265.00   383.0   143.0     0.0    
*   26  422   597.00   28.85      0   597.00  1265.00   383.0   143.0     0.0    
*   28  420   581.00   30.04      0   581.00  1344.00   272.0   124.0     0.0    
*   29  419   580.00   26.07      0   580.00  1344.00   272.0   124.0     0.0    
*   31  417   566.67   22.26      0   566.67  1235.00   310.0    81.0     0.0    
*   32  416   542.00   22.23      0   542.00  1235.00   310.0    81.0     0.0    
*   34  414   534.33   20.25      0   534.33  1212.00   310.0    81.0     0.0    
*   36  412   530.67   16.36      0   530.67  1226.00   243.0   123.0     0.0    
*   38  410   518.67   14.62      0   518.67  1204.00   288.0    64.0     0.0    
*   42  406   512.00   10.07      0   512.00  1224.00   209.0   103.0     0.0    
*   45  403   507.67    7.70      0   507.67  1201.00   199.0   102.0     0.0    
*   46  402   500.67    7.14      0   500.67  1201.00   199.0   102.0     0.1    
*   48  400   498.67    7.31      0   498.67  1183.00   209.0   102.0     0.1    
*   49  399   498.00    6.77      0   498.00  1183.00   209.0   102.0     0.1    
    50  398   498.00    5.95      1   498.00  1183.00   209.0   102.0     0.1    
*   52  396   496.33    5.56      0   496.33  1144.00   218.0   102.0     0.1    

  Gens  Rem    Local   ElDiv NoImpr             Best solution            Time  Op
                                       Cost     Dist    Tard    TMax 
*   53  395   488.00    5.87      0   488.00  1147.00   203.0   103.0     0.1    
*   54  394   484.33    5.79      0   484.33  1147.00   203.0   103.0     0.1    
*   60  388   482.33    3.90      0   482.33  1124.00   215.0   102.0     0.1    
*   61  387   480.33    3.44      0   480.33  1134.00   201.0   103.0     0.1    
*   62  386   479.33    2.77      0   479.33  1134.00   201.0   103.0     0.1    
*   65  383   474.33    2.20      0   474.33  1112.00   209.0   102.0     0.1    
*   70  378   473.67    1.67      0   473.67  1109.00   209.0   102.0     0.1    
*   71  377   473.33    1.35      0   473.33  1109.00   209.0   102.0     0.1    
*   73  375   472.67    0.86      0   472.67  1107.00   209.0   102.0     0.1    
*   81  367   472.00    0.33      0   472.00  1115.00   199.0   102.0     0.1    
*   85  363   470.67    0.44      0   470.67  1100.00   170.0   142.0     0.1    
*   89  359   470.00    0.93      0   470.00  1098.00   170.0   142.0     0.1    
Path relinking result: too homogeneous.
    96  352   470.00    0.00      8   470.00  1098.00   170.0   142.0     0.1   P
   100  348   470.00    0.00     11   470.00  1098.00   170.0   142.0     0.1    
*  102  346   464.67    1.28      0   464.67  1078.00   174.0   142.0     0.1    
*  116  332   459.33    0.66      0   459.33  1076.00   160.0   142.0     0.1    

  Gens  Rem    Local   ElDiv NoImpr             Best solution            Time  Op
                                       Cost     Dist    Tard    TMax 
*  131  317   458.00    0.36      0   458.00  1072.00   160.0   142.0     0.1    
*  150  298   457.67    0.04      0   457.67  1071.00   160.0   142.0     0.2    
*  155  293   456.67    0.22      0   456.67  1068.00   160.0   142.0     0.2    
*  158  290   456.33    0.33      0   456.33  1067.00   160.0   142.0     0.2    
Path relinking result: too homogeneous.
   192  256   456.33    0.00     35   456.33  1067.00   160.0   142.0     0.2   P
   200  248   456.33    0.00     42   456.33  1067.00   160.0   142.0     0.2    
   225  223      inf  338.32      0   456.33  1067.00   160.0   142.0     0.2   R
   226  222  2141.67  273.16      0   456.33  1067.00   160.0   142.0     0.2    
   250  198   649.67   41.98      0   456.33  1067.00   160.0   142.0     0.3    
Path relinking result: too homogeneous.
   288  160   476.00    5.36      0   456.33  1067.00   160.0   142.0     0.3   P
   300  148   465.33    4.94      3   456.33  1067.00   160.0   142.0     0.3    
*  336  112   451.33    0.78      0   451.33  1058.00   156.0   140.0     0.3    
*  338  110   451.00    1.29      0   451.00  1057.00   156.0   140.0     0.3    
   350   98   451.00    0.00     12   451.00  1057.00   156.0   140.0     0.3    
Path relinking result: too homogeneous.
   384   64   451.00    0.00     47   451.00  1057.00   156.0   140.0     0.4   P
*  392   56   449.67    0.16      0   449.67  1053.00   156.0   140.0     0.4    

  Gens  Rem    Local   ElDiv NoImpr             Best solution            Time  Op
                                       Cost     Dist    Tard    TMax 
   400   48   449.67    0.00      8   449.67  1053.00   156.0   140.0     0.4    
   448    0   449.67    0.00     56   449.67  1053.00   156.0   140.0     0.4    
Evolutionary process finished.
Solution written to 'solution-6527.txt'.

Sorted sequence of worst to best tardiness value:
Task for patient = 17 with skills = {1,-1} and cost = 339.3
   Vehicle #0 = 2, leaving at = 1091.0
   Vehicle #1 = -1, leaving at = inf
   Increment on distance indicator: 24.0
   Increment on tard indicator:     140.0
   Value of tmax indicator:         24.0

Task for patient = 50 with skills = {1,-1} and cost = 225.7
   Vehicle #0 = 2, leaving at = 1016.0
   Vehicle #1 = -1, leaving at = inf
   Increment on distance indicator: 28.0
   Increment on tard indicator:     16.0
   Value of tmax indicator:         28.0

Task for patient = 44 with skills = {5,-1} and cost = 159.3
   Vehicle #0 = 9, leaving at = 777.0
   Vehicle #1 = -1, leaving at = inf
   Increment on distance indicator: 0.0
   Increment on tard indicator:     0.0
   Value of tmax indicator:         0.0

Task for patient = 14 with skills = {3,-1} and cost = 163.0
   Vehicle #0 = 8, leaving at = 876.0
   Vehicle #1 = -1, leaving at = inf
   Increment on distance indicator: 11.0
   Increment on tard indicator:     0.0
   Value of tmax indicator:         11.0

Task for patient = 11 with skills = {1,3} and cost = 168.0
   Vehicle #0 = 2, leaving at = 895.0
   Vehicle #1 = 5, leaving at = 910.0
   Increment on distance indicator: 15.0
   Increment on tard indicator:     0.0
   Value of tmax indicator:         15.0

Task for patient = 15 with skills = {2,5} and cost = 173.0
   Vehicle #0 = 3, leaving at = 890.0
   Vehicle #1 = 8, leaving at = 905.0
   Increment on distance indicator: 15.0
   Increment on tard indicator:     0.0
   Value of tmax indicator:         15.0

Task for patient = 39 with skills = {1,5} and cost = 176.7
   Vehicle #0 = 2, leaving at = 920.0
   Vehicle #1 = 6, leaving at = 963.0
   Increment on distance indicator: 11.0
   Increment on tard indicator:     0.0
   Value of tmax indicator:         11.0

Task for patient = 4 with skills = {2,-1} and cost = 182.0
   Vehicle #0 = 4, leaving at = 870.0
   Vehicle #1 = -1, leaving at = inf
   Increment on distance indicator: 16.0
   Increment on tard indicator:     0.0
   Value of tmax indicator:         16.0

Task for patient = 40 with skills = {2,-1} and cost = 184.7
   Vehicle #0 = 4, leaving at = 914.0
   Vehicle #1 = -1, leaving at = inf
   Increment on distance indicator: 8.0
   Increment on tard indicator:     0.0
   Value of tmax indicator:         8.0

Task for patient = 49 with skills = {1,5} and cost = 193.3
   Vehicle #0 = 2, leaving at = 968.0
   Vehicle #1 = 8, leaving at = 957.0
   Increment on distance indicator: 26.0
   Increment on tard indicator:     0.0
   Value of tmax indicator:         26.0

Task for patient = 21 with skills = {2,-1} and cost = 195.3
   Vehicle #0 = 0, leaving at = 841.0
   Vehicle #1 = -1, leaving at = inf
   Increment on distance indicator: 6.0
   Increment on tard indicator:     0.0
   Value of tmax indicator:         6.0

Task for patient = 31 with skills = {2,3} and cost = 205.7
   Vehicle #0 = 0, leaving at = 901.0
   Vehicle #1 = 7, leaving at = 881.0
   Increment on distance indicator: 31.0
   Increment on tard indicator:     0.0
   Value of tmax indicator:         31.0

Task for patient = 36 with skills = {2,5} and cost = 370.7
   Vehicle #0 = 3, leaving at = 992.0
   Vehicle #1 = 8, leaving at = 988.0
   Increment on distance indicator: 22.0
   Increment on tard indicator:     0.0
   Value of tmax indicator:         22.0

Task for patient = 9 with skills = {3,-1} and cost = 232.7
   Vehicle #0 = 9, leaving at = 893.0
   Vehicle #1 = -1, leaving at = inf
   Increment on distance indicator: 9.0
   Increment on tard indicator:     0.0
   Value of tmax indicator:         9.0

Task for patient = 5 with skills = {5,-1} and cost = 235.3
   Vehicle #0 = 6, leaving at = 1005.0
   Vehicle #1 = -1, leaving at = inf
   Increment on distance indicator: 8.0
   Increment on tard indicator:     0.0
   Value of tmax indicator:         8.0

Task for patient = 28 with skills = {5,-1} and cost = 239.3
   Vehicle #0 = 7, leaving at = 1011.0
   Vehicle #1 = -1, leaving at = inf
   Increment on distance indicator: 12.0
   Increment on tard indicator:     0.0
   Value of tmax indicator:         12.0

Task for patient = 38 with skills = {0,3} and cost = 243.3
   Vehicle #0 = 3, leaving at = 945.0
   Vehicle #1 = 9, leaving at = 944.0
   Increment on distance indicator: 12.0
   Increment on tard indicator:     0.0
   Value of tmax indicator:         12.0

Task for patient = 18 with skills = {2,-1} and cost = 343.7
   Vehicle #0 = 0, leaving at = 969.0
   Vehicle #1 = -1, leaving at = inf
   Increment on distance indicator: 13.0
   Increment on tard indicator:     0.0
   Value of tmax indicator:         13.0

Task for patient = 43 with skills = {0,-1} and cost = 348.0
   Vehicle #0 = 4, leaving at = 943.0
   Vehicle #1 = -1, leaving at = inf
   Increment on distance indicator: 13.0
   Increment on tard indicator:     0.0
   Value of tmax indicator:         13.0

Task for patient = 7 with skills = {5,-1} and cost = 349.7
   Vehicle #0 = 9, leaving at = 972.0
   Vehicle #1 = -1, leaving at = inf
   Increment on distance indicator: 5.0
   Increment on tard indicator:     0.0
   Value of tmax indicator:         5.0

Task for patient = 47 with skills = {2,3} and cost = 356.3
   Vehicle #0 = 0, leaving at = 1011.0
   Vehicle #1 = 9, leaving at = 1041.0
   Increment on distance indicator: 20.0
   Increment on tard indicator:     0.0
   Value of tmax indicator:         20.0

Task for patient = 24 with skills = {3,-1} and cost = 357.0
   Vehicle #0 = 9, leaving at = 1063.0
   Vehicle #1 = -1, leaving at = inf
   Increment on distance indicator: 2.0
   Increment on tard indicator:     0.0
   Value of tmax indicator:         2.0

Task for patient = 27 with skills = {5,-1} and cost = 360.7
   Vehicle #0 = 5, leaving at = 971.0
   Vehicle #1 = -1, leaving at = inf
   Increment on distance indicator: 11.0
   Increment on tard indicator:     0.0
   Value of tmax indicator:         11.0

Task for patient = 3 with skills = {4,-1} and cost = 363.3
   Vehicle #0 = 7, leaving at = 1047.0
   Vehicle #1 = -1, leaving at = inf
   Increment on distance indicator: 8.0
   Increment on tard indicator:     0.0
   Value of tmax indicator:         8.0

Task for patient = 1 with skills = {3,-1} and cost = 229.7
   Vehicle #0 = 9, leaving at = 837.0
   Vehicle #1 = -1, leaving at = inf
   Increment on distance indicator: 12.0
   Increment on tard indicator:     0.0
   Value of tmax indicator:         12.0

Task for patient = 12 with skills = {3,-1} and cost = 5.7
   Vehicle #0 = 5, leaving at = 712.0
   Vehicle #1 = -1, leaving at = inf
   Increment on distance indicator: 17.0
   Increment on tard indicator:     0.0
   Value of tmax indicator:         17.0

Task for patient = 2 with skills = {0,5} and cost = 17.7
   Vehicle #0 = 1, leaving at = 558.0
   Vehicle #1 = 6, leaving at = 540.0
   Increment on distance indicator: 36.0
   Increment on tard indicator:     0.0
   Value of tmax indicator:         36.0

Task for patient = 25 with skills = {1,-1} and cost = 23.3
   Vehicle #0 = 2, leaving at = 649.0
   Vehicle #1 = -1, leaving at = inf
   Increment on distance indicator: 17.0
   Increment on tard indicator:     0.0
   Value of tmax indicator:         17.0

Task for patient = 23 with skills = {2,5} and cost = 44.0
   Vehicle #0 = 0, leaving at = 606.0
   Vehicle #1 = 7, leaving at = 611.0
   Increment on distance indicator: 62.0
   Increment on tard indicator:     0.0
   Value of tmax indicator:         62.0

Task for patient = 32 with skills = {5,-1} and cost = 50.3
   Vehicle #0 = 8, leaving at = 556.0
   Vehicle #1 = -1, leaving at = inf
   Increment on distance indicator: 19.0
   Increment on tard indicator:     0.0
   Value of tmax indicator:         19.0

Task for patient = 19 with skills = {2,5} and cost = 59.0
   Vehicle #0 = 3, leaving at = 579.0
   Vehicle #1 = 6, leaving at = 563.0
   Increment on distance indicator: 26.0
   Increment on tard indicator:     0.0
   Value of tmax indicator:         26.0

Task for patient = 13 with skills = {5,-1} and cost = 60.7
   Vehicle #0 = 6, leaving at = 588.0
   Vehicle #1 = -1, leaving at = inf
   Increment on distance indicator: 5.0
   Increment on tard indicator:     0.0
   Value of tmax indicator:         5.0

Task for patient = 26 with skills = {2,3} and cost = 62.7
   Vehicle #0 = 3, leaving at = 640.0
   Vehicle #1 = 6, leaving at = 638.0
   Increment on distance indicator: 6.0
   Increment on tard indicator:     0.0
   Value of tmax indicator:         6.0

Task for patient = 8 with skills = {0,-1} and cost = 65.3
   Vehicle #0 = 3, leaving at = 702.0
   Vehicle #1 = -1, leaving at = inf
   Increment on distance indicator: 8.0
   Increment on tard indicator:     0.0
   Value of tmax indicator:         8.0

Task for patient = 20 with skills = {0,5} and cost = 70.7
   Vehicle #0 = 3, leaving at = 755.0
   Vehicle #1 = 8, leaving at = 754.0
   Increment on distance indicator: 16.0
   Increment on tard indicator:     0.0
   Value of tmax indicator:         16.0

Task for patient = 10 with skills = {1,-1} and cost = 77.3
   Vehicle #0 = 2, leaving at = 721.0
   Vehicle #1 = -1, leaving at = inf
   Increment on distance indicator: 20.0
   Increment on tard indicator:     0.0
   Value of tmax indicator:         20.0

Task for patient = 29 with skills = {0,-1} and cost = 159.3
   Vehicle #0 = 3, leaving at = 833.0
   Vehicle #1 = -1, leaving at = inf
   Increment on distance indicator: 10.0
   Increment on tard indicator:     0.0
   Value of tmax indicator:         10.0

Task for patient = 45 with skills = {1,5} and cost = 99.3
   Vehicle #0 = 2, leaving at = 776.0
   Vehicle #1 = 7, leaving at = 806.0
   Increment on distance indicator: 43.0
   Increment on tard indicator:     0.0
   Value of tmax indicator:         43.0

Task for patient = 41 with skills = {4,-1} and cost = 103.3
   Vehicle #0 = 8, leaving at = 784.0
   Vehicle #1 = -1, leaving at = inf
   Increment on distance indicator: 12.0
   Increment on tard indicator:     0.0
   Value of tmax indicator:         12.0

Task for patient = 30 with skills = {5,-1} and cost = 107.7
   Vehicle #0 = 6, leaving at = 695.0
   Vehicle #1 = -1, leaving at = inf
   Increment on distance indicator: 13.0
   Increment on tard indicator:     0.0
   Value of tmax indicator:         13.0

Task for patient = 34 with skills = {0,-1} and cost = 115.0
   Vehicle #0 = 4, leaving at = 520.0
   Vehicle #1 = -1, leaving at = inf
   Increment on distance indicator: 22.0
   Increment on tard indicator:     0.0
   Value of tmax indicator:         22.0

Task for patient = 46 with skills = {1,4} and cost = 125.7
   Vehicle #0 = 2, leaving at = 820.0
   Vehicle #1 = 8, leaving at = 841.0
   Increment on distance indicator: 32.0
   Increment on tard indicator:     0.0
   Value of tmax indicator:         32.0

Task for patient = 6 with skills = {1,-1} and cost = 132.3
   Vehicle #0 = 2, leaving at = 858.0
   Vehicle #1 = -1, leaving at = inf
   Increment on distance indicator: 20.0
   Increment on tard indicator:     0.0
   Value of tmax indicator:         20.0

Task for patient = 37 with skills = {5,-1} and cost = 136.0
   Vehicle #0 = 6, leaving at = 765.0
   Vehicle #1 = -1, leaving at = inf
   Increment on distance indicator: 11.0
   Increment on tard indicator:     0.0
   Value of tmax indicator:         11.0

Task for patient = 35 with skills = {2,-1} and cost = 140.0
   Vehicle #0 = 4, leaving at = 650.0
   Vehicle #1 = -1, leaving at = inf
   Increment on distance indicator: 12.0
   Increment on tard indicator:     0.0
   Value of tmax indicator:         12.0

Task for patient = 42 with skills = {0,5} and cost = 143.0
   Vehicle #0 = 1, leaving at = 813.0
   Vehicle #1 = 6, leaving at = 826.0
   Increment on distance indicator: 9.0
   Increment on tard indicator:     0.0
   Value of tmax indicator:         9.0

Task for patient = 16 with skills = {0,-1} and cost = 147.0
   Vehicle #0 = 3, leaving at = 791.0
   Vehicle #1 = -1, leaving at = inf
   Increment on distance indicator: 12.0
   Increment on tard indicator:     0.0
   Value of tmax indicator:         12.0

Task for patient = 22 with skills = {0,-1} and cost = 149.3
   Vehicle #0 = 4, leaving at = 693.0
   Vehicle #1 = -1, leaving at = inf
   Increment on distance indicator: 7.0
   Increment on tard indicator:     0.0
   Value of tmax indicator:         7.0

Task for patient = 48 with skills = {0,-1} and cost = 156.0
   Vehicle #0 = 4, leaving at = 731.0
   Vehicle #1 = -1, leaving at = inf
   Increment on distance indicator: 20.0
   Increment on tard indicator:     0.0
   Value of tmax indicator:         20.0

Task for patient = 33 with skills = {4,-1} and cost = 85.0
   Vehicle #0 = 7, leaving at = 711.0
   Vehicle #1 = -1, leaving at = inf
   Increment on distance indicator: 23.0
   Increment on tard indicator:     0.0
   Value of tmax indicator:         23.0


Unused vehicle list: (total = 0 out of 10)

---
Search finished.
Total of 448 generations in 0.4 seconds.
Exchange elite runs: 0
Implicit path relinking runs: 4
Reset attempts: 1

Best solution found:
   Cost: 449.7
   Total travel time: 1053.0
   Total tardiness time: 156.0
   Largest tardiness: 140.0


449.7
