#######################################
### Exact MIP solver for the HHCRSP ###
#######################################
-- Instance file: new-instances/HHCRSP_50_10_22_1.6_C_C.txt
-- Max threads: 4
-- Time limit: 999999 seconds
-- Use initial solution: No
Trivial flow violations prevented generating 5812 variables.
Model exported.
Version identifier: 20.1.0.0 | 2020-11-10 | 9bedb6d68
CPXPARAM_Threads                                 4
CPXPARAM_TimeLimit                               999999
Parallel mode: deterministic, using up to 4 threads for concurrent optimization:
 * Starting dual Simplex on 1 thread...
 * Starting Barrier on 3 threads...
Tried aggregator 1 time.
LP Presolve eliminated 1308 rows and 368 columns.
Reduced LP has 6532 rows, 6303 columns, and 54522 nonzeros.
Presolve time = 0.03 sec. (15.93 ticks)
Symmetry aggregator did 5602 additional substitutions.
Initializing dual steep norms . . .

Iteration log . . .
Iteration:     1   Dual objective     =             0.333333

Dual crossover.
  Dual:  Fixing 63 variables.
       62 DMoves:  Infeasibility  1.54933710e-14  Objective  6.43365600e+01
        0 DMoves:  Infeasibility  1.30451341e-14  Objective  6.43365600e+01
  Dual:  Pushed 3, exchanged 60.
  Primal:  Fixing 35 variables.
       34 PMoves:  Infeasibility  0.00000000e+00  Objective  6.43365600e+01
        0 PMoves:  Infeasibility  0.00000000e+00  Objective  6.43365600e+01
  Primal:  Pushed 17, exchanged 18.

Dual simplex solved model.


Solution status from MIP model:
-- Processing time: 0.053 sec.
-- Memory used: 72.4551 MB
-- Best bound: inf
-- Obj value: 64.3366
-- Gap: inf%
-- Total distance: 193.01
-- Total tardiness: 0
-- Largest tardiness: 0
