#######################################
### Exact MIP solver for the HHCRSP ###
#######################################
-- Instance file: new-instances/HHCRSP_50_10_99_0.4_R_C.txt
-- Max threads: 4
-- Time limit: 999999 seconds
-- Use initial solution: No
Trivial flow violations prevented generating 5702 variables.
Model exported.
Version identifier: 20.1.0.0 | 2020-11-10 | 9bedb6d68
CPXPARAM_Threads                                 4
CPXPARAM_TimeLimit                               999999
Parallel mode: deterministic, using up to 4 threads for concurrent optimization:
 * Starting dual Simplex on 1 thread...
 * Starting Barrier on 3 threads...
Tried aggregator 1 time.
LP Presolve eliminated 1242 rows and 336 columns.
Reduced LP has 6020 rows, 5822 columns, and 49755 nonzeros.
Presolve time = 0.03 sec. (14.54 ticks)
Symmetry aggregator did 2243 additional substitutions.

Iteration log . . .
Iteration:     1   Dual objective     =             0.000000
Iteration:   225   Dual objective     =           130.004920

Dual crossover.
  Dual:  Fixing 71 variables.
       70 DMoves:  Infeasibility  2.17603980e-14  Objective  1.30014287e+02
        0 DMoves:  Infeasibility  1.50990598e-14  Objective  1.30014287e+02
  Dual:  Pushed 5, exchanged 66.
  Primal:  Fixing 17 variables.
       16 PMoves:  Infeasibility  1.11022302e-16  Objective  1.30014287e+02
        0 PMoves:  Infeasibility  1.11022302e-16  Objective  1.30014287e+02
  Primal:  Pushed 5, exchanged 12.

Dual simplex solved model.


Solution status from MIP model:
-- Processing time: 0.052 sec.
-- Memory used: 72.5703 MB
-- Best bound: inf
-- Obj value: 130.014
-- Gap: inf%
-- Total distance: 390.043
-- Total tardiness: 0
-- Largest tardiness: 0
