#######################################
### Exact MIP solver for the HHCRSP ###
#######################################
-- Instance file: new-instances/HHCRSP_50_10_4_0.4_R_RC.txt
-- Max threads: 4
-- Time limit: 999999 seconds
-- Use initial solution: No
Trivial flow violations prevented generating 6297 variables.
Model exported.
Version identifier: 20.1.0.0 | 2020-11-10 | 9bedb6d68
CPXPARAM_Threads                                 4
CPXPARAM_TimeLimit                               999999
Parallel mode: deterministic, using up to 4 threads for concurrent optimization:
 * Starting dual Simplex on 1 thread...
 * Starting Barrier on 3 threads...
Tried aggregator 1 time.
LP Presolve eliminated 1698 rows and 574 columns.
Reduced LP has 9714 rows, 9298 columns, and 91023 nonzeros.
Presolve time = 0.05 sec. (25.18 ticks)
Symmetry aggregator did 11479 additional substitutions.

Iteration log . . .
Iteration:     1   Dual objective     =             0.000000

Dual crossover.
  Dual:  Fixing 86 variables.
       85 DMoves:  Infeasibility  1.22124567e-14  Objective  1.26333333e+02
        0 DMoves:  Infeasibility  9.54792140e-15  Objective  1.26333333e+02
  Dual:  Pushed 4, exchanged 82.
  Primal:  Fixing 74 variables.
       73 PMoves:  Infeasibility  0.00000000e+00  Objective  1.26333333e+02
        0 PMoves:  Infeasibility  0.00000000e+00  Objective  1.26333333e+02
  Primal:  Pushed 49, exchanged 25.

Dual simplex solved model.


Solution status from MIP model:
-- Processing time: 0.084 sec.
-- Memory used: 74.5312 MB
-- Best bound: inf
-- Obj value: 126.333
-- Gap: inf%
-- Total distance: 379
-- Total tardiness: 0
-- Largest tardiness: 0
