#######################################
### Exact MIP solver for the HHCRSP ###
#######################################
-- Instance file: new-instances/HHCRSP_50_10_67_0.4_C_C.txt
-- Max threads: 4
-- Time limit: 999999 seconds
-- Use initial solution: No
Trivial flow violations prevented generating 6508 variables.
Model exported.
Version identifier: 20.1.0.0 | 2020-11-10 | 9bedb6d68
CPXPARAM_Threads                                 4
CPXPARAM_TimeLimit                               999999
Parallel mode: deterministic, using up to 4 threads for concurrent optimization:
 * Starting dual Simplex on 1 thread...
 * Starting Barrier on 3 threads...
Tried aggregator 1 time.
LP Presolve eliminated 1704 rows and 510 columns.
Reduced LP has 9460 rows, 9101 columns, and 85716 nonzeros.
Presolve time = 0.05 sec. (24.35 ticks)
Symmetry aggregator did 9193 additional substitutions.

Iteration log . . .
Iteration:     1   Dual objective     =             0.000000

Dual crossover.
  Dual:  Fixing 83 variables.
       82 DMoves:  Infeasibility  2.72004726e-14  Objective  1.26333333e+02
        0 DMoves:  Infeasibility  1.45439301e-14  Objective  1.26333333e+02
  Dual:  Pushed 5, exchanged 78.
  Primal:  Fixing 38 variables.
       37 PMoves:  Infeasibility  2.22044605e-16  Objective  1.26333333e+02
        0 PMoves:  Infeasibility  2.77555756e-16  Objective  1.26333333e+02
  Primal:  Pushed 17, exchanged 21.

Dual simplex solved model.


Solution status from MIP model:
-- Processing time: 0.084 sec.
-- Memory used: 75.082 MB
-- Best bound: inf
-- Obj value: 126.333
-- Gap: inf%
-- Total distance: 379
-- Total tardiness: 0
-- Largest tardiness: 0
