#######################################
### Exact MIP solver for the HHCRSP ###
#######################################
-- Instance file: new-instances/HHCRSP_50_10_77_0.4_C_RC.txt
-- Max threads: 4
-- Time limit: 999999 seconds
-- Use initial solution: No
Trivial flow violations prevented generating 6427 variables.
Model exported.
Version identifier: 20.1.0.0 | 2020-11-10 | 9bedb6d68
CPXPARAM_Threads                                 4
CPXPARAM_TimeLimit                               999999
Parallel mode: deterministic, using up to 4 threads for concurrent optimization:
 * Starting dual Simplex on 1 thread...
 * Starting Barrier on 3 threads...
Tried aggregator 1 time.
LP Presolve eliminated 1692 rows and 507 columns.
Reduced LP has 9456 rows, 9081 columns, and 87154 nonzeros.
Presolve time = 0.04 sec. (24.23 ticks)
Symmetry aggregator did 10076 additional substitutions.

Iteration log . . .
Iteration:     1   Dual objective     =             0.000000
Iteration:   214   Dual objective     =           130.666667

Dual crossover.
  Dual:  Fixing 101 variables.
      100 DMoves:  Infeasibility  3.69149505e-14  Objective  1.30667647e+02
        0 DMoves:  Infeasibility  3.00315678e-14  Objective  1.30667647e+02
  Dual:  Pushed 1, exchanged 100.
  Primal:  Fixing 68 variables.
       67 PMoves:  Infeasibility  0.00000000e+00  Objective  1.30667647e+02
        0 PMoves:  Infeasibility  0.00000000e+00  Objective  1.30667647e+02
  Primal:  Pushed 46, exchanged 22.

Dual simplex solved model.


Solution status from MIP model:
-- Processing time: 0.085 sec.
-- Memory used: 74.6123 MB
-- Best bound: inf
-- Obj value: 130.668
-- Gap: inf%
-- Total distance: 392.003
-- Total tardiness: 0
-- Largest tardiness: 0
