--- BRKGA-MP-IPR for HHCRSP ---
Instance: new-instances/HHCRSP_25_5_56_1.6_C_C.txt
Seed: 1

Reading data... Problem contains 25 patients  and 5 caregivers.

Summary of supply x demand for each service type:
Skill 0 has supply = 2 and demand = 2, ratio = 1
Skill 1 has supply = 1 and demand = 5, ratio = 0.2
Skill 2 has supply = 2 and demand = 8, ratio = 0.25
Skill 3 has supply = 3 and demand = 7, ratio = 0.428571
Skill 4 has supply = 2 and demand = 5, ratio = 0.4
Skill 5 has supply = 2 and demand = 6, ratio = 0.333333

Reading parameters...
Inferred distance function by PR type: kendall-tau
Building BRKGA data and initializing...
Evolving 448 generations...

  Gens  Rem    Local   ElDiv NoImpr             Best solution            Time  Op
                                       Cost     Dist    Tard    TMax 
*    0  448   596.00  171.54      0   596.00   348.00  1180.0   260.0     0.0    
*    2  446   533.67  159.82      0   533.67   307.00   694.0   202.0     0.0    
*    3  445   401.00  120.58      0   401.00   307.00   694.0   202.0     0.0    
*    7  441   327.00   68.81      0   327.00   298.00   503.0   180.0     0.0    
*    9  439   230.67   50.40      0   230.67   349.00   220.0   123.0     0.0    
*   12  436   220.00   41.76      0   220.00   309.00   257.0    94.0     0.0    
*   14  434   119.33   43.24      0   119.33   324.00    17.0    17.0     0.0    
*   18  430   108.67   30.67      0   108.67   303.00    14.0     9.0     0.0    
*   21  427   100.67   23.29      0   100.67   277.00    16.0     9.0     0.0    
*   27  421    94.67   11.39      0    94.67   284.00     0.0     0.0     0.0    
*   45  403    94.00    1.65      0    94.00   282.00     0.0     0.0     0.0    
*   47  401    93.67    1.52      0    93.67   281.00     0.0     0.0     0.0    
    50  398    93.67    1.17      3    93.67   281.00     0.0     0.0     0.0    
*   51  397    93.33    1.06      0    93.33   280.00     0.0     0.0     0.0    
*   53  395    91.67    0.84      0    91.67   275.00     0.0     0.0     0.1    
Path relinking result: too homogeneous.

  Gens  Rem    Local   ElDiv NoImpr             Best solution            Time  Op
                                       Cost     Dist    Tard    TMax 
    96  352    91.67    0.19     44    91.67   275.00     0.0     0.0     0.1   P
   100  348    91.67    0.21     47    91.67   275.00     0.0     0.0     0.1    
   120  328      inf  222.10      0    91.67   275.00     0.0     0.0     0.1   R
   121  327   654.33  183.83      0    91.67   275.00     0.0     0.0     0.1    
   150  298    97.33    3.93      0    91.67   275.00     0.0     0.0     0.1    
Path relinking result: too homogeneous.
   192  256    95.33    0.07      2    91.67   275.00     0.0     0.0     0.2   P
   200  248    95.33    0.00      9    91.67   275.00     0.0     0.0     0.2    
   250  198    95.33    0.00     59    91.67   275.00     0.0     0.0     0.2    
   258  190      inf  183.04      0    91.67   275.00     0.0     0.0     0.2   R
   259  189   621.33  186.62      0    91.67   275.00     0.0     0.0     0.2    
Path relinking result: too homogeneous.
   288  160    99.67    5.08      1    91.67   275.00     0.0     0.0     0.2   P
   300  148    96.33    0.65      0    91.67   275.00     0.0     0.0     0.2    
   350   98    95.33    0.00     48    91.67   275.00     0.0     0.0     0.3    
   369   79      inf  215.69      0    91.67   275.00     0.0     0.0     0.3   R
   370   78   785.00  177.66      0    91.67   275.00     0.0     0.0     0.3    
Path relinking result: too homogeneous.
   384   64   181.33   33.48      3    91.67   275.00     0.0     0.0     0.3   P

  Gens  Rem    Local   ElDiv NoImpr             Best solution            Time  Op
                                       Cost     Dist    Tard    TMax 
   400   48    97.67    7.41      0    91.67   275.00     0.0     0.0     0.3    
*  416   32    91.33    0.26      0    91.33   274.00     0.0     0.0     0.3    
   448    0    91.33    0.00     32    91.33   274.00     0.0     0.0     0.3    
Evolutionary process finished.
Solution written to 'solution-1473.txt'.

Sorted sequence of worst to best tardiness value:
Task for patient = 21 with skills = {1,-1} and cost = 68.7
   Vehicle #0 = 0, leaving at = 922.0
   Vehicle #1 = -1, leaving at = inf
   Increment on distance indicator: 4.0
   Increment on tard indicator:     0.0
   Value of tmax indicator:         4.0

Task for patient = 5 with skills = {5,-1} and cost = 67.3
   Vehicle #0 = 3, leaving at = 988.0
   Vehicle #1 = -1, leaving at = inf
   Increment on distance indicator: 2.0
   Increment on tard indicator:     0.0
   Value of tmax indicator:         2.0

Task for patient = 6 with skills = {3,-1} and cost = 66.7
   Vehicle #0 = 4, leaving at = 942.0
   Vehicle #1 = -1, leaving at = inf
   Increment on distance indicator: 7.0
   Increment on tard indicator:     0.0
   Value of tmax indicator:         7.0

Task for patient = 7 with skills = {3,-1} and cost = 64.3
   Vehicle #0 = 2, leaving at = 1013.0
   Vehicle #1 = -1, leaving at = inf
   Increment on distance indicator: 5.0
   Increment on tard indicator:     0.0
   Value of tmax indicator:         5.0

Task for patient = 19 with skills = {5,-1} and cost = 62.7
   Vehicle #0 = 2, leaving at = 960.0
   Vehicle #1 = -1, leaving at = inf
   Increment on distance indicator: 15.0
   Increment on tard indicator:     0.0
   Value of tmax indicator:         15.0

Task for patient = 11 with skills = {5,-1} and cost = 57.7
   Vehicle #0 = 3, leaving at = 898.0
   Vehicle #1 = -1, leaving at = inf
   Increment on distance indicator: 1.0
   Increment on tard indicator:     0.0
   Value of tmax indicator:         1.0

Task for patient = 17 with skills = {3,-1} and cost = 57.3
   Vehicle #0 = 4, leaving at = 886.0
   Vehicle #1 = -1, leaving at = inf
   Increment on distance indicator: 5.0
   Increment on tard indicator:     0.0
   Value of tmax indicator:         5.0

Task for patient = 12 with skills = {0,4} and cost = 55.7
   Vehicle #0 = 0, leaving at = 875.0
   Vehicle #1 = 2, leaving at = 885.0
   Increment on distance indicator: 29.0
   Increment on tard indicator:     0.0
   Value of tmax indicator:         29.0

Task for patient = 23 with skills = {2,-1} and cost = 46.0
   Vehicle #0 = 1, leaving at = 881.0
   Vehicle #1 = -1, leaving at = inf
   Increment on distance indicator: 2.0
   Increment on tard indicator:     0.0
   Value of tmax indicator:         2.0

Task for patient = 4 with skills = {2,5} and cost = 45.3
   Vehicle #0 = 1, leaving at = 845.0
   Vehicle #1 = 3, leaving at = 860.0
   Increment on distance indicator: 2.0
   Increment on tard indicator:     0.0
   Value of tmax indicator:         2.0

Task for patient = 24 with skills = {1,3} and cost = 44.7
   Vehicle #0 = 0, leaving at = 817.0
   Vehicle #1 = 4, leaving at = 823.0
   Increment on distance indicator: 18.0
   Increment on tard indicator:     0.0
   Value of tmax indicator:         18.0

Task for patient = 25 with skills = {4,-1} and cost = 72.0
   Vehicle #0 = 2, leaving at = 1046.0
   Vehicle #1 = -1, leaving at = inf
   Increment on distance indicator: 10.0
   Increment on tard indicator:     0.0
   Value of tmax indicator:         10.0

Task for patient = 13 with skills = {4,-1} and cost = 36.7
   Vehicle #0 = 3, leaving at = 780.0
   Vehicle #1 = -1, leaving at = inf
   Increment on distance indicator: 3.0
   Increment on tard indicator:     0.0
   Value of tmax indicator:         3.0

Task for patient = 2 with skills = {2,3} and cost = 35.7
   Vehicle #0 = 0, leaving at = 765.0
   Vehicle #1 = 4, leaving at = 783.0
   Increment on distance indicator: 9.0
   Increment on tard indicator:     0.0
   Value of tmax indicator:         9.0

Task for patient = 20 with skills = {4,-1} and cost = 32.7
   Vehicle #0 = 3, leaving at = 747.0
   Vehicle #1 = -1, leaving at = inf
   Increment on distance indicator: 2.0
   Increment on tard indicator:     0.0
   Value of tmax indicator:         2.0

Task for patient = 22 with skills = {1,-1} and cost = 32.0
   Vehicle #0 = 0, leaving at = 727.0
   Vehicle #1 = -1, leaving at = inf
   Increment on distance indicator: 19.0
   Increment on tard indicator:     0.0
   Value of tmax indicator:         19.0

Task for patient = 15 with skills = {2,5} and cost = 25.7
   Vehicle #0 = 1, leaving at = 697.0
   Vehicle #1 = 3, leaving at = 685.0
   Increment on distance indicator: 4.0
   Increment on tard indicator:     0.0
   Value of tmax indicator:         4.0

Task for patient = 9 with skills = {2,-1} and cost = 24.3
   Vehicle #0 = 1, leaving at = 634.0
   Vehicle #1 = -1, leaving at = inf
   Increment on distance indicator: 15.0
   Increment on tard indicator:     0.0
   Value of tmax indicator:         15.0

Task for patient = 3 with skills = {1,-1} and cost = 19.3
   Vehicle #0 = 0, leaving at = 691.0
   Vehicle #1 = -1, leaving at = inf
   Increment on distance indicator: 2.0
   Increment on tard indicator:     0.0
   Value of tmax indicator:         2.0

Task for patient = 1 with skills = {2,-1} and cost = 18.7
   Vehicle #0 = 1, leaving at = 559.0
   Vehicle #1 = -1, leaving at = inf
   Increment on distance indicator: 10.0
   Increment on tard indicator:     0.0
   Value of tmax indicator:         10.0

Task for patient = 14 with skills = {1,-1} and cost = 15.3
   Vehicle #0 = 0, leaving at = 646.0
   Vehicle #1 = -1, leaving at = inf
   Increment on distance indicator: 2.0
   Increment on tard indicator:     0.0
   Value of tmax indicator:         2.0

Task for patient = 10 with skills = {0,5} and cost = 14.7
   Vehicle #0 = 0, leaving at = 601.0
   Vehicle #1 = 3, leaving at = 631.0
   Increment on distance indicator: 4.0
   Increment on tard indicator:     0.0
   Value of tmax indicator:         4.0

Task for patient = 18 with skills = {2,3} and cost = 13.3
   Vehicle #0 = 0, leaving at = 580.0
   Vehicle #1 = 3, leaving at = 577.0
   Increment on distance indicator: 28.0
   Increment on tard indicator:     0.0
   Value of tmax indicator:         28.0

Task for patient = 8 with skills = {3,-1} and cost = 4.0
   Vehicle #0 = 2, leaving at = 559.0
   Vehicle #1 = -1, leaving at = inf
   Increment on distance indicator: 12.0
   Increment on tard indicator:     0.0
   Value of tmax indicator:         12.0

Task for patient = 16 with skills = {2,4} and cost = 38.7
   Vehicle #0 = 1, leaving at = 785.0
   Vehicle #1 = 3, leaving at = 817.0
   Increment on distance indicator: 6.0
   Increment on tard indicator:     0.0
   Value of tmax indicator:         6.0


Unused vehicle list: (total = 0 out of 5)

---
Search finished.
Total of 448 generations in 0.3 seconds.
Exchange elite runs: 0
Implicit path relinking runs: 4
Reset attempts: 3

Best solution found:
   Cost: 91.3
   Total travel time: 274.0
   Total tardiness time: 0.0
   Largest tardiness: 0.0


91.3
