--- BRKGA-MP-IPR for HHCRSP ---
Instance: new-instances/HHCRSP_25_5_21_1.2_C_RC.txt
Seed: 1

Reading data... Problem contains 25 patients  and 5 caregivers.

Summary of supply x demand for each service type:
Skill 0 has supply = 2 and demand = 8, ratio = 0.25
Skill 1 has supply = 2 and demand = 5, ratio = 0.4
Skill 2 has supply = 2 and demand = 2, ratio = 1
Skill 3 has supply = 3 and demand = 5, ratio = 0.6
Skill 4 has supply = 2 and demand = 7, ratio = 0.285714
Skill 5 has supply = 3 and demand = 6, ratio = 0.5

Reading parameters...
Inferred distance function by PR type: kendall-tau
Building BRKGA data and initializing...
Evolving 448 generations...

  Gens  Rem    Local   ElDiv NoImpr             Best solution            Time  Op
                                       Cost     Dist    Tard    TMax 
*    0  448   738.67  218.44      0   738.67   589.00  1280.0   347.0     0.0    
*    3  445   676.67  120.72      0   676.67   620.00   486.0   224.0     0.0    
*    4  444   443.33  124.07      0   443.33   590.00   481.0   137.0     0.0    
*    5  443   402.67  120.38      0   402.67   590.00   481.0   137.0     0.0    
*    8  440   274.33   54.27      0   274.33   560.00   148.0   115.0     0.0    
*   10  438   223.67   57.58      0   223.67   559.00    76.0    28.0     0.0    
*   11  437   221.00   46.23      0   221.00   559.00    76.0    28.0     0.0    
*   13  435   195.33   28.14      0   195.33   539.00    25.0    22.0     0.0    
*   15  433   191.67   22.64      0   191.67   516.00    37.0    22.0     0.0    
*   17  431   185.00   12.37      0   185.00   531.00    12.0    12.0     0.0    
*   20  428   179.33    6.95      0   179.33   480.00    40.0    18.0     0.0    
*   23  425   176.67    3.83      0   176.67   515.00     0.0     0.0     0.0    
*   24  424   171.67    3.91      0   171.67   507.00     0.0     0.0     0.0    
*   25  423   169.00    4.10      0   169.00   507.00     0.0     0.0     0.0    
*   28  420   164.00    3.73      0   164.00   492.00     0.0     0.0     0.0    

  Gens  Rem    Local   ElDiv NoImpr             Best solution            Time  Op
                                       Cost     Dist    Tard    TMax 
*   34  414   161.67    1.42      0   161.67   485.00     0.0     0.0     0.0    
    50  398   161.67    0.08     16   161.67   485.00     0.0     0.0     0.0    
Path relinking result: too homogeneous.
    96  352   161.67    0.00     63   161.67   485.00     0.0     0.0     0.1   P
   100  348   161.67    0.00     66   161.67   485.00     0.0     0.0     0.1    
   101  347      inf  224.57      0   161.67   485.00     0.0     0.0     0.1   R
   102  346   858.33  209.32      0   161.67   485.00     0.0     0.0     0.1    
*  147  301   161.33    0.20      0   161.33   459.00    13.0    12.0     0.1    
   150  298   161.33    0.17      3   161.33   459.00    13.0    12.0     0.1    
Path relinking result: too homogeneous.
   192  256   161.33    0.00     46   161.33   459.00    13.0    12.0     0.1   P
   200  248   161.33    0.00     53   161.33   459.00    13.0    12.0     0.1    
   214  234      inf  261.78      0   161.33   459.00    13.0    12.0     0.2   R
   215  233   871.33  207.35      0   161.33   459.00    13.0    12.0     0.2    
   250  198   166.67    0.99      2   161.33   459.00    13.0    12.0     0.2    
Path relinking result: too homogeneous.
   288  160   166.67    0.00     41   161.33   459.00    13.0    12.0     0.2   P
   300  148   166.67    0.00     52   161.33   459.00    13.0    12.0     0.2    
   315  133      inf  232.54      0   161.33   459.00    13.0    12.0     0.2   R

  Gens  Rem    Local   ElDiv NoImpr             Best solution            Time  Op
                                       Cost     Dist    Tard    TMax 
   316  132   898.00  189.04      0   161.33   459.00    13.0    12.0     0.2    
   350   98   173.33    2.57      0   161.33   459.00    13.0    12.0     0.3    
Path relinking result: too homogeneous.
   384   64   165.00    0.00     10   161.33   459.00    13.0    12.0     0.3   P
   400   48   165.00    0.00     25   161.33   459.00    13.0    12.0     0.3    
   442    6      inf  206.73      0   161.33   459.00    13.0    12.0     0.3   R
   443    5   678.67  168.97      0   161.33   459.00    13.0    12.0     0.3    
   448    0   603.33  116.59      0   161.33   459.00    13.0    12.0     0.3    
Evolutionary process finished.
Solution written to 'solution-40504.txt'.

Sorted sequence of worst to best tardiness value:
Task for patient = 7 with skills = {0,-1} and cost = 586.3
   Vehicle #0 = 1, leaving at = 1175.0
   Vehicle #1 = -1, leaving at = inf
   Increment on distance indicator: 32.0
   Increment on tard indicator:     342.0
   Value of tmax indicator:         32.0

Task for patient = 2 with skills = {4,-1} and cost = 375.3
   Vehicle #0 = 3, leaving at = 1056.0
   Vehicle #1 = -1, leaving at = inf
   Increment on distance indicator: 12.0
   Increment on tard indicator:     244.0
   Value of tmax indicator:         12.0

Task for patient = 21 with skills = {0,4} and cost = 231.7
   Vehicle #0 = 0, leaving at = 1080.0
   Vehicle #1 = 2, leaving at = 1085.0
   Increment on distance indicator: 30.0
   Increment on tard indicator:     125.0
   Value of tmax indicator:         30.0

Task for patient = 4 with skills = {0,5} and cost = 424.0
   Vehicle #0 = 0, leaving at = 1156.0
   Vehicle #1 = 3, leaving at = 1156.0
   Increment on distance indicator: 31.0
   Increment on tard indicator:     115.0
   Value of tmax indicator:         31.0

Task for patient = 24 with skills = {1,3} and cost = 158.7
   Vehicle #0 = 0, leaving at = 1004.0
   Vehicle #1 = 4, leaving at = 984.0
   Increment on distance indicator: 21.0
   Increment on tard indicator:     84.0
   Value of tmax indicator:         21.0

Task for patient = 20 with skills = {2,-1} and cost = 171.0
   Vehicle #0 = 1, leaving at = 1096.0
   Vehicle #1 = -1, leaving at = inf
   Increment on distance indicator: 14.0
   Increment on tard indicator:     11.0
   Value of tmax indicator:         14.0

Task for patient = 17 with skills = {3,-1} and cost = 429.0
   Vehicle #0 = 4, leaving at = 1027.0
   Vehicle #1 = -1, leaving at = inf
   Increment on distance indicator: 14.0
   Increment on tard indicator:     1.0
   Value of tmax indicator:         14.0

Task for patient = 16 with skills = {0,-1} and cost = 162.7
   Vehicle #0 = 1, leaving at = 1023.0
   Vehicle #1 = -1, leaving at = inf
   Increment on distance indicator: 11.0
   Increment on tard indicator:     1.0
   Value of tmax indicator:         11.0

Task for patient = 1 with skills = {1,-1} and cost = 109.7
   Vehicle #0 = 0, leaving at = 945.0
   Vehicle #1 = -1, leaving at = inf
   Increment on distance indicator: 10.0
   Increment on tard indicator:     0.0
   Value of tmax indicator:         10.0

Task for patient = 12 with skills = {1,-1} and cost = 106.3
   Vehicle #0 = 0, leaving at = 910.0
   Vehicle #1 = -1, leaving at = inf
   Increment on distance indicator: 21.0
   Increment on tard indicator:     0.0
   Value of tmax indicator:         21.0

Task for patient = 9 with skills = {1,5} and cost = 99.3
   Vehicle #0 = 0, leaving at = 837.0
   Vehicle #1 = 4, leaving at = 881.0
   Increment on distance indicator: 32.0
   Increment on tard indicator:     0.0
   Value of tmax indicator:         32.0

Task for patient = 10 with skills = {0,-1} and cost = 88.7
   Vehicle #0 = 1, leaving at = 997.0
   Vehicle #1 = -1, leaving at = inf
   Increment on distance indicator: 8.0
   Increment on tard indicator:     0.0
   Value of tmax indicator:         8.0

Task for patient = 6 with skills = {5,-1} and cost = 83.0
   Vehicle #0 = 4, leaving at = 710.0
   Vehicle #1 = -1, leaving at = inf
   Increment on distance indicator: 40.0
   Increment on tard indicator:     0.0
   Value of tmax indicator:         40.0

Task for patient = 3 with skills = {3,-1} and cost = 69.7
   Vehicle #0 = 3, leaving at = 948.0
   Vehicle #1 = -1, leaving at = inf
   Increment on distance indicator: 1.0
   Increment on tard indicator:     0.0
   Value of tmax indicator:         1.0

Task for patient = 22 with skills = {5,-1} and cost = 69.3
   Vehicle #0 = 3, leaving at = 879.0
   Vehicle #1 = -1, leaving at = inf
   Increment on distance indicator: 5.0
   Increment on tard indicator:     0.0
   Value of tmax indicator:         5.0

Task for patient = 19 with skills = {5,-1} and cost = 67.7
   Vehicle #0 = 2, leaving at = 995.0
   Vehicle #1 = -1, leaving at = inf
   Increment on distance indicator: 14.0
   Increment on tard indicator:     0.0
   Value of tmax indicator:         14.0

Task for patient = 14 with skills = {5,-1} and cost = 63.0
   Vehicle #0 = 4, leaving at = 652.0
   Vehicle #1 = -1, leaving at = inf
   Increment on distance indicator: 31.0
   Increment on tard indicator:     0.0
   Value of tmax indicator:         31.0

Task for patient = 18 with skills = {1,4} and cost = 52.7
   Vehicle #0 = 1, leaving at = 728.0
   Vehicle #1 = 3, leaving at = 708.0
   Increment on distance indicator: 10.0
   Increment on tard indicator:     0.0
   Value of tmax indicator:         10.0

Task for patient = 25 with skills = {4,-1} and cost = 49.3
   Vehicle #0 = 2, leaving at = 800.0
   Vehicle #1 = -1, leaving at = inf
   Increment on distance indicator: 10.0
   Increment on tard indicator:     0.0
   Value of tmax indicator:         10.0

Task for patient = 23 with skills = {2,4} and cost = 46.0
   Vehicle #0 = 1, leaving at = 561.0
   Vehicle #1 = 3, leaving at = 597.0
   Increment on distance indicator: 48.0
   Increment on tard indicator:     0.0
   Value of tmax indicator:         48.0

Task for patient = 8 with skills = {0,-1} and cost = 30.0
   Vehicle #0 = 1, leaving at = 513.0
   Vehicle #1 = -1, leaving at = inf
   Increment on distance indicator: 20.0
   Increment on tard indicator:     0.0
   Value of tmax indicator:         20.0

Task for patient = 13 with skills = {4,-1} and cost = 23.3
   Vehicle #0 = 2, leaving at = 734.0
   Vehicle #1 = -1, leaving at = inf
   Increment on distance indicator: 9.0
   Increment on tard indicator:     0.0
   Value of tmax indicator:         9.0

Task for patient = 15 with skills = {3,-1} and cost = 20.3
   Vehicle #0 = 2, leaving at = 678.0
   Vehicle #1 = -1, leaving at = inf
   Increment on distance indicator: 15.0
   Increment on tard indicator:     0.0
   Value of tmax indicator:         15.0

Task for patient = 11 with skills = {0,3} and cost = 15.3
   Vehicle #0 = 0, leaving at = 608.0
   Vehicle #1 = 2, leaving at = 613.0
   Increment on distance indicator: 46.0
   Increment on tard indicator:     0.0
   Value of tmax indicator:         46.0

Task for patient = 5 with skills = {0,4} and cost = 86.0
   Vehicle #0 = 1, leaving at = 947.0
   Vehicle #1 = 3, leaving at = 994.0
   Increment on distance indicator: 9.0
   Increment on tard indicator:     0.0
   Value of tmax indicator:         9.0


Unused vehicle list: (total = 0 out of 5)

---
Search finished.
Total of 448 generations in 0.3 seconds.
Exchange elite runs: 0
Implicit path relinking runs: 4
Reset attempts: 4

Best solution found:
   Cost: 161.3
   Total travel time: 459.0
   Total tardiness time: 13.0
   Largest tardiness: 12.0


161.3
