--- BRKGA-MP-IPR for HHCRSP ---
Instance: new-instances/HHCRSP_25_5_35_1.2_R_RC.txt
Seed: 1

Reading data... Problem contains 25 patients  and 5 caregivers.

Summary of supply x demand for each service type:
Skill 0 has supply = 1 and demand = 2, ratio = 0.5
Skill 1 has supply = 2 and demand = 7, ratio = 0.285714
Skill 2 has supply = 2 and demand = 3, ratio = 0.666667
Skill 3 has supply = 2 and demand = 10, ratio = 0.2
Skill 4 has supply = 1 and demand = 5, ratio = 0.2
Skill 5 has supply = 2 and demand = 6, ratio = 0.333333

Reading parameters...
Inferred distance function by PR type: kendall-tau
Building BRKGA data and initializing...
Evolving 448 generations...

  Gens  Rem    Local   ElDiv NoImpr             Best solution            Time  Op
                                       Cost     Dist    Tard    TMax 
*    0  448   941.00  231.29      0   941.00   737.00  1787.0   299.0     0.0    
*    2  446   767.67  173.62      0   767.67   801.00  1169.0   333.0     0.0    
*    4  444   752.67  112.07      0   752.67   725.00   757.0   280.0     0.0    
*    5  443   587.33   85.22      0   587.33   725.00   757.0   280.0     0.0    
*    7  441   458.00   83.51      0   458.00   711.00   550.0   113.0     0.0    
*    9  439   391.67   66.98      0   391.67   768.00   230.0   118.0     0.0    
*   10  438   372.00   54.89      0   372.00   768.00   230.0   118.0     0.0    
*   12  436   342.00   50.20      0   342.00   674.00   156.0    50.0     0.0    
*   13  435   293.33   39.61      0   293.33   674.00   156.0    50.0     0.0    
*   17  431   229.33   29.23      0   229.33   656.00    24.0     8.0     0.0    
*   24  424   221.33   13.81      0   221.33   656.00     0.0     0.0     0.0    
*   25  423   218.67   12.34      0   218.67   656.00     0.0     0.0     0.0    
*   28  420   216.00   10.38      0   216.00   648.00     0.0     0.0     0.0    
*   32  416   213.33    6.16      0   213.33   627.00     0.0     0.0     0.0    
*   33  415   209.00    5.60      0   209.00   618.00     0.0     0.0     0.0    

  Gens  Rem    Local   ElDiv NoImpr             Best solution            Time  Op
                                       Cost     Dist    Tard    TMax 
*   34  414   206.00    5.19      0   206.00   618.00     0.0     0.0     0.0    
*   47  401   196.67    1.15      0   196.67   590.00     0.0     0.0     0.0    
    50  398   196.67    3.01      3   196.67   590.00     0.0     0.0     0.0    
*   73  375   196.33    0.04      0   196.33   589.00     0.0     0.0     0.1    
Path relinking result: too homogeneous.
    96  352   196.33    0.00     24   196.33   589.00     0.0     0.0     0.1   P
   100  348   196.33    0.00     27   196.33   589.00     0.0     0.0     0.1    
*  136  312   194.67    0.21      0   194.67   584.00     0.0     0.0     0.1    
   150  298   194.67    0.00     14   194.67   584.00     0.0     0.0     0.1    
Path relinking result: too homogeneous.
   192  256   194.67    0.00     57   194.67   584.00     0.0     0.0     0.2   P
   200  248   194.67    0.00     64   194.67   584.00     0.0     0.0     0.2    
   203  245      inf  300.57      0   194.67   584.00     0.0     0.0     0.2   R
   204  244  1103.67  231.56      0   194.67   584.00     0.0     0.0     0.2    
   250  198   197.67    0.20      3   194.67   584.00     0.0     0.0     0.2    
Path relinking result: too homogeneous.
   288  160   197.67    0.00     42   194.67   584.00     0.0     0.0     0.2   P
*  291  157   194.00    0.45      0   194.00   582.00     0.0     0.0     0.2    
   300  148   194.00    1.08      9   194.00   582.00     0.0     0.0     0.2    

  Gens  Rem    Local   ElDiv NoImpr             Best solution            Time  Op
                                       Cost     Dist    Tard    TMax 
*  306  142   191.00    1.37      0   191.00   573.00     0.0     0.0     0.2    
   350   98   191.00    0.00     44   191.00   573.00     0.0     0.0     0.3    
   373   75      inf  280.12      0   191.00   573.00     0.0     0.0     0.3   R
   374   74   923.33  211.97      0   191.00   573.00     0.0     0.0     0.3    
Path relinking result: too homogeneous.
   384   64   292.00   58.89      1   191.00   573.00     0.0     0.0     0.3   P
   400   48   219.00    6.90      1   191.00   573.00     0.0     0.0     0.3    
   448    0   199.67    0.00     15   191.00   573.00     0.0     0.0     0.3    
Evolutionary process finished.
Solution written to 'solution-44383.txt'.

Sorted sequence of worst to best tardiness value:
Task for patient = 21 with skills = {1,-1} and cost = 185.3
   Vehicle #0 = 0, leaving at = 989.0
   Vehicle #1 = -1, leaving at = inf
   Increment on distance indicator: 14.0
   Increment on tard indicator:     0.0
   Value of tmax indicator:         14.0

Task for patient = 2 with skills = {1,3} and cost = 180.7
   Vehicle #0 = 1, leaving at = 1059.0
   Vehicle #1 = 3, leaving at = 1055.0
   Increment on distance indicator: 28.0
   Increment on tard indicator:     0.0
   Value of tmax indicator:         28.0

Task for patient = 5 with skills = {2,5} and cost = 171.3
   Vehicle #0 = 1, leaving at = 985.0
   Vehicle #1 = 3, leaving at = 1024.0
   Increment on distance indicator: 21.0
   Increment on tard indicator:     0.0
   Value of tmax indicator:         21.0

Task for patient = 23 with skills = {1,3} and cost = 164.3
   Vehicle #0 = 0, leaving at = 925.0
   Vehicle #1 = 2, leaving at = 940.0
   Increment on distance indicator: 28.0
   Increment on tard indicator:     0.0
   Value of tmax indicator:         28.0

Task for patient = 20 with skills = {1,-1} and cost = 155.0
   Vehicle #0 = 1, leaving at = 939.0
   Vehicle #1 = -1, leaving at = inf
   Increment on distance indicator: 16.0
   Increment on tard indicator:     0.0
   Value of tmax indicator:         16.0

Task for patient = 8 with skills = {5,-1} and cost = 149.7
   Vehicle #0 = 3, leaving at = 956.0
   Vehicle #1 = -1, leaving at = inf
   Increment on distance indicator: 9.0
   Increment on tard indicator:     0.0
   Value of tmax indicator:         9.0

Task for patient = 18 with skills = {3,-1} and cost = 146.7
   Vehicle #0 = 3, leaving at = 921.0
   Vehicle #1 = -1, leaving at = inf
   Increment on distance indicator: 5.0
   Increment on tard indicator:     0.0
   Value of tmax indicator:         5.0

Task for patient = 16 with skills = {0,3} and cost = 145.0
   Vehicle #0 = 1, leaving at = 860.0
   Vehicle #1 = 3, leaving at = 869.0
   Increment on distance indicator: 22.0
   Increment on tard indicator:     0.0
   Value of tmax indicator:         22.0

Task for patient = 22 with skills = {3,-1} and cost = 137.7
   Vehicle #0 = 3, leaving at = 822.0
   Vehicle #1 = -1, leaving at = inf
   Increment on distance indicator: 5.0
   Increment on tard indicator:     0.0
   Value of tmax indicator:         5.0

Task for patient = 17 with skills = {0,-1} and cost = 136.0
   Vehicle #0 = 1, leaving at = 789.0
   Vehicle #1 = -1, leaving at = inf
   Increment on distance indicator: 10.0
   Increment on tard indicator:     0.0
   Value of tmax indicator:         10.0

Task for patient = 19 with skills = {3,-1} and cost = 132.7
   Vehicle #0 = 2, leaving at = 859.0
   Vehicle #1 = -1, leaving at = inf
   Increment on distance indicator: 37.0
   Increment on tard indicator:     0.0
   Value of tmax indicator:         37.0

Task for patient = 1 with skills = {4,-1} and cost = 186.7
   Vehicle #0 = 4, leaving at = 1016.0
   Vehicle #1 = -1, leaving at = inf
   Increment on distance indicator: 4.0
   Increment on tard indicator:     0.0
   Value of tmax indicator:         4.0

Task for patient = 12 with skills = {1,3} and cost = 115.0
   Vehicle #0 = 1, leaving at = 734.0
   Vehicle #1 = 3, leaving at = 733.0
   Increment on distance indicator: 47.0
   Increment on tard indicator:     0.0
   Value of tmax indicator:         47.0

Task for patient = 6 with skills = {5,-1} and cost = 99.3
   Vehicle #0 = 3, leaving at = 700.0
   Vehicle #1 = -1, leaving at = inf
   Increment on distance indicator: 32.0
   Increment on tard indicator:     0.0
   Value of tmax indicator:         32.0

Task for patient = 14 with skills = {5,-1} and cost = 88.7
   Vehicle #0 = 4, leaving at = 865.0
   Vehicle #1 = -1, leaving at = inf
   Increment on distance indicator: 26.0
   Increment on tard indicator:     0.0
   Value of tmax indicator:         26.0

Task for patient = 3 with skills = {1,-1} and cost = 80.0
   Vehicle #0 = 0, leaving at = 811.0
   Vehicle #1 = -1, leaving at = inf
   Increment on distance indicator: 17.0
   Increment on tard indicator:     0.0
   Value of tmax indicator:         17.0

Task for patient = 11 with skills = {4,-1} and cost = 74.3
   Vehicle #0 = 4, leaving at = 780.0
   Vehicle #1 = -1, leaving at = inf
   Increment on distance indicator: 21.0
   Increment on tard indicator:     0.0
   Value of tmax indicator:         21.0

Task for patient = 15 with skills = {3,-1} and cost = 67.3
   Vehicle #0 = 2, leaving at = 700.0
   Vehicle #1 = -1, leaving at = inf
   Increment on distance indicator: 24.0
   Increment on tard indicator:     0.0
   Value of tmax indicator:         24.0

Task for patient = 4 with skills = {4,-1} and cost = 59.3
   Vehicle #0 = 4, leaving at = 715.0
   Vehicle #1 = -1, leaving at = inf
   Increment on distance indicator: 16.0
   Increment on tard indicator:     0.0
   Value of tmax indicator:         16.0

Task for patient = 7 with skills = {2,4} and cost = 54.0
   Vehicle #0 = 1, leaving at = 683.0
   Vehicle #1 = 4, leaving at = 672.0
   Increment on distance indicator: 54.0
   Increment on tard indicator:     0.0
   Value of tmax indicator:         54.0

Task for patient = 24 with skills = {5,-1} and cost = 36.0
   Vehicle #0 = 3, leaving at = 632.0
   Vehicle #1 = -1, leaving at = inf
   Increment on distance indicator: 3.0
   Increment on tard indicator:     0.0
   Value of tmax indicator:         3.0

Task for patient = 13 with skills = {2,3} and cost = 35.0
   Vehicle #0 = 1, leaving at = 513.0
   Vehicle #1 = 3, leaving at = 529.0
   Increment on distance indicator: 48.0
   Increment on tard indicator:     0.0
   Value of tmax indicator:         48.0

Task for patient = 25 with skills = {3,-1} and cost = 19.0
   Vehicle #0 = 2, leaving at = 659.0
   Vehicle #1 = -1, leaving at = inf
   Increment on distance indicator: 23.0
   Increment on tard indicator:     0.0
   Value of tmax indicator:         23.0

Task for patient = 10 with skills = {1,4} and cost = 11.3
   Vehicle #0 = 0, leaving at = 603.0
   Vehicle #1 = 4, leaving at = 613.0
   Increment on distance indicator: 34.0
   Increment on tard indicator:     0.0
   Value of tmax indicator:         34.0

Task for patient = 9 with skills = {5,-1} and cost = 120.3
   Vehicle #0 = 3, leaving at = 784.0
   Vehicle #1 = -1, leaving at = inf
   Increment on distance indicator: 16.0
   Increment on tard indicator:     0.0
   Value of tmax indicator:         16.0


Unused vehicle list: (total = 0 out of 5)

---
Search finished.
Total of 448 generations in 0.3 seconds.
Exchange elite runs: 0
Implicit path relinking runs: 4
Reset attempts: 2

Best solution found:
   Cost: 191.0
   Total travel time: 573.0
   Total tardiness time: 0.0
   Largest tardiness: 0.0


191.0
