--- BRKGA-MP-IPR for HHCRSP ---
Instance: new-instances/HHCRSP_25_5_24_1.6_R_C.txt
Seed: 1

Reading data... Problem contains 25 patients  and 5 caregivers.

Summary of supply x demand for each service type:
Skill 0 has supply = 1 and demand = 6, ratio = 0.166667
Skill 1 has supply = 2 and demand = 7, ratio = 0.285714
Skill 2 has supply = 1 and demand = 5, ratio = 0.2
Skill 3 has supply = 3 and demand = 3, ratio = 1
Skill 4 has supply = 2 and demand = 5, ratio = 0.4
Skill 5 has supply = 3 and demand = 7, ratio = 0.428571

Reading parameters...
Inferred distance function by PR type: kendall-tau
Building BRKGA data and initializing...
Evolving 448 generations...

  Gens  Rem    Local   ElDiv NoImpr             Best solution            Time  Op
                                       Cost     Dist    Tard    TMax 
*    0  448  1400.67  196.76      0  1400.67   844.00  2855.0   503.0     0.0    
*    2  446  1270.33  175.92      0  1270.33   731.00  1634.0   320.0     0.0    
*    3  445   895.00  174.77      0   895.00   693.00  1307.0   238.0     0.0    
*    4  444   746.00  170.99      0   746.00   693.00  1307.0   238.0     0.0    
*    6  442   710.00  103.90      0   710.00   636.00  1269.0   225.0     0.0    
*    8  440   539.33   97.13      0   539.33   736.00   719.0   163.0     0.0    
*   10  438   460.00   75.86      0   460.00   720.00   488.0   126.0     0.0    
*   11  437   444.67   53.67      0   444.67   568.00   416.0   273.0     0.0    
*   12  436   419.00   48.31      0   419.00   694.00   409.0    89.0     0.0    
*   13  435   397.33   46.65      0   397.33   683.00   352.0    72.0     0.0    
*   14  434   369.00   48.03      0   369.00   724.00   240.0    55.0     0.0    
*   15  433   339.67   43.68      0   339.67   724.00   240.0    55.0     0.0    
*   17  431   315.67   33.19      0   315.67   724.00   134.0    35.0     0.0    
*   18  430   297.67   36.73      0   297.67   709.00    33.0    29.0     0.0    
*   19  429   257.00   35.30      0   257.00   635.00    39.0    31.0     0.0    

  Gens  Rem    Local   ElDiv NoImpr             Best solution            Time  Op
                                       Cost     Dist    Tard    TMax 
*   20  428   235.00   26.93      0   235.00   635.00    39.0    31.0     0.0    
*   22  426   230.33   22.01      0   230.33   595.00    68.0    28.0     0.0    
*   24  424   230.00   19.86      0   230.00   616.00    45.0    29.0     0.0    
*   28  420   228.00   12.38      0   228.00   559.00    56.0    29.0     0.0    
*   29  419   214.67   11.13      0   214.67   562.00    35.0    31.0     0.0    
*   30  418   209.33   10.68      0   209.33   555.00    48.0    19.0     0.0    
*   31  417   207.33    8.65      0   207.33   555.00    48.0    19.0     0.0    
*   42  406   200.67    2.39      0   200.67   492.00    74.0    29.0     0.0    
*   43  405   198.33    2.42      0   198.33   492.00    74.0    29.0     0.0    
*   46  402   191.67    2.97      0   191.67   504.00    42.0    29.0     0.0    
    50  398   191.67    3.44      4   191.67   504.00    42.0    29.0     0.0    
*   51  397   191.33    4.05      0   191.33   506.00    37.0    29.0     0.0    
*   52  396   190.67    4.18      0   190.67   507.00    35.0    29.0     0.0    
*   53  395   190.33    2.58      0   190.33   507.00    35.0    29.0     0.0    
*   55  393   189.33    2.69      0   189.33   504.00    35.0    29.0     0.0    
*   66  382   185.67    0.77      0   185.67   553.00     2.0     2.0     0.0    

  Gens  Rem    Local   ElDiv NoImpr             Best solution            Time  Op
                                       Cost     Dist    Tard    TMax 
*   83  365   182.00    0.70      0   182.00   542.00     2.0     2.0     0.1    
Path relinking result: too homogeneous.
    96  352   182.00    0.00     14   182.00   542.00     2.0     2.0     0.1   P
   100  348   182.00    0.00     17   182.00   542.00     2.0     2.0     0.1    
   150  298   182.00    0.00     67   182.00   542.00     2.0     2.0     0.1    
   150  298      inf  304.42      0   182.00   542.00     2.0     2.0     0.1   R
   151  297  1080.33  219.00      0   182.00   542.00     2.0     2.0     0.1    
Path relinking result: too homogeneous.
   192  256   190.00    0.63      5   182.00   542.00     2.0     2.0     0.1   P
   200  248   190.00    0.00     12   182.00   542.00     2.0     2.0     0.1    
   250  198   190.00    0.00     62   182.00   542.00     2.0     2.0     0.2    
   255  193      inf  318.61      0   182.00   542.00     2.0     2.0     0.2   R
   256  192  1247.33  244.24      0   182.00   542.00     2.0     2.0     0.2    
Path relinking result: too homogeneous.
   288  160   194.00    6.13      1   182.00   542.00     2.0     2.0     0.2   P
   300  148   187.33    1.22      2   182.00   542.00     2.0     2.0     0.2    
   350   98   187.00    0.00     48   182.00   542.00     2.0     2.0     0.2    
   369   79      inf  248.49      0   182.00   542.00     2.0     2.0     0.3   R
   370   78  1273.00  184.97      0   182.00   542.00     2.0     2.0     0.3    
Path relinking result: too homogeneous.

  Gens  Rem    Local   ElDiv NoImpr             Best solution            Time  Op
                                       Cost     Dist    Tard    TMax 
   384   64   245.00   47.98      2   182.00   542.00     2.0     2.0     0.3   P
   400   48   201.67    7.38      1   182.00   542.00     2.0     2.0     0.3    
   448    0   187.00    0.00     33   182.00   542.00     2.0     2.0     0.3    
Evolutionary process finished.
Solution written to 'solution-41398.txt'.

Sorted sequence of worst to best tardiness value:
Task for patient = 12 with skills = {2,4} and cost = 113.3
   Vehicle #0 = 1, leaving at = 878.0
   Vehicle #1 = 4, leaving at = 909.0
   Increment on distance indicator: 49.0
   Increment on tard indicator:     33.0
   Value of tmax indicator:         49.0

Task for patient = 11 with skills = {0,-1} and cost = 55.0
   Vehicle #0 = 0, leaving at = 673.0
   Vehicle #1 = -1, leaving at = inf
   Increment on distance indicator: 8.0
   Increment on tard indicator:     7.0
   Value of tmax indicator:         8.0

Task for patient = 8 with skills = {0,4} and cost = 134.7
   Vehicle #0 = 0, leaving at = 1023.0
   Vehicle #1 = 3, leaving at = 1009.0
   Increment on distance indicator: 21.0
   Increment on tard indicator:     0.0
   Value of tmax indicator:         21.0

Task for patient = 7 with skills = {2,-1} and cost = 127.7
   Vehicle #0 = 1, leaving at = 1022.0
   Vehicle #1 = -1, leaving at = inf
   Increment on distance indicator: 4.0
   Increment on tard indicator:     0.0
   Value of tmax indicator:         4.0

Task for patient = 10 with skills = {5,-1} and cost = 126.3
   Vehicle #0 = 4, leaving at = 938.0
   Vehicle #1 = -1, leaving at = inf
   Increment on distance indicator: 12.0
   Increment on tard indicator:     0.0
   Value of tmax indicator:         12.0

Task for patient = 14 with skills = {1,-1} and cost = 122.3
   Vehicle #0 = 0, leaving at = 962.0
   Vehicle #1 = -1, leaving at = inf
   Increment on distance indicator: 5.0
   Increment on tard indicator:     0.0
   Value of tmax indicator:         5.0

Task for patient = 22 with skills = {2,-1} and cost = 120.7
   Vehicle #0 = 1, leaving at = 980.0
   Vehicle #1 = -1, leaving at = inf
   Increment on distance indicator: 2.0
   Increment on tard indicator:     0.0
   Value of tmax indicator:         2.0

Task for patient = 3 with skills = {1,4} and cost = 120.0
   Vehicle #0 = 1, leaving at = 940.0
   Vehicle #1 = 3, leaving at = 930.0
   Increment on distance indicator: 12.0
   Increment on tard indicator:     0.0
   Value of tmax indicator:         12.0

Task for patient = 25 with skills = {5,-1} and cost = 116.0
   Vehicle #0 = 3, leaving at = 866.0
   Vehicle #1 = -1, leaving at = inf
   Increment on distance indicator: 8.0
   Increment on tard indicator:     0.0
   Value of tmax indicator:         8.0

Task for patient = 5 with skills = {1,-1} and cost = 78.7
   Vehicle #0 = 1, leaving at = 812.0
   Vehicle #1 = -1, leaving at = inf
   Increment on distance indicator: 3.0
   Increment on tard indicator:     0.0
   Value of tmax indicator:         3.0

Task for patient = 18 with skills = {1,-1} and cost = 77.7
   Vehicle #0 = 0, leaving at = 828.0
   Vehicle #1 = -1, leaving at = inf
   Increment on distance indicator: 17.0
   Increment on tard indicator:     0.0
   Value of tmax indicator:         17.0

Task for patient = 21 with skills = {2,5} and cost = 72.0
   Vehicle #0 = 1, leaving at = 760.0
   Vehicle #1 = 2, leaving at = 811.0
   Increment on distance indicator: 6.0
   Increment on tard indicator:     0.0
   Value of tmax indicator:         6.0

Task for patient = 23 with skills = {0,-1} and cost = 136.0
   Vehicle #0 = 0, leaving at = 1043.0
   Vehicle #1 = -1, leaving at = inf
   Increment on distance indicator: 4.0
   Increment on tard indicator:     0.0
   Value of tmax indicator:         4.0

Task for patient = 20 with skills = {4,-1} and cost = 68.3
   Vehicle #0 = 3, leaving at = 769.0
   Vehicle #1 = -1, leaving at = inf
   Increment on distance indicator: 15.0
   Increment on tard indicator:     0.0
   Value of tmax indicator:         15.0

Task for patient = 16 with skills = {1,-1} and cost = 63.3
   Vehicle #0 = 0, leaving at = 754.0
   Vehicle #1 = -1, leaving at = inf
   Increment on distance indicator: 2.0
   Increment on tard indicator:     0.0
   Value of tmax indicator:         2.0

Task for patient = 9 with skills = {5,-1} and cost = 62.7
   Vehicle #0 = 4, leaving at = 725.0
   Vehicle #1 = -1, leaving at = inf
   Increment on distance indicator: 14.0
   Increment on tard indicator:     0.0
   Value of tmax indicator:         14.0

Task for patient = 15 with skills = {0,5} and cost = 58.0
   Vehicle #0 = 0, leaving at = 733.0
   Vehicle #1 = 3, leaving at = 706.0
   Increment on distance indicator: 5.0
   Increment on tard indicator:     0.0
   Value of tmax indicator:         5.0

Task for patient = 17 with skills = {5,-1} and cost = 56.3
   Vehicle #0 = 2, leaving at = 715.0
   Vehicle #1 = -1, leaving at = inf
   Increment on distance indicator: 4.0
   Increment on tard indicator:     0.0
   Value of tmax indicator:         4.0

Task for patient = 13 with skills = {1,3} and cost = 47.7
   Vehicle #0 = 0, leaving at = 638.0
   Vehicle #1 = 4, leaving at = 654.0
   Increment on distance indicator: 17.0
   Increment on tard indicator:     0.0
   Value of tmax indicator:         17.0

Task for patient = 2 with skills = {3,-1} and cost = 42.0
   Vehicle #0 = 4, leaving at = 589.0
   Vehicle #1 = -1, leaving at = inf
   Increment on distance indicator: 42.0
   Increment on tard indicator:     0.0
   Value of tmax indicator:         42.0

Task for patient = 6 with skills = {1,3} and cost = 28.0
   Vehicle #0 = 1, leaving at = 680.0
   Vehicle #1 = 2, leaving at = 682.0
   Increment on distance indicator: 5.0
   Increment on tard indicator:     0.0
   Value of tmax indicator:         5.0

Task for patient = 19 with skills = {2,-1} and cost = 26.3
   Vehicle #0 = 1, leaving at = 577.0
   Vehicle #1 = -1, leaving at = inf
   Increment on distance indicator: 5.0
   Increment on tard indicator:     0.0
   Value of tmax indicator:         5.0

Task for patient = 4 with skills = {0,4} and cost = 24.7
   Vehicle #0 = 0, leaving at = 603.0
   Vehicle #1 = 3, leaving at = 659.0
   Increment on distance indicator: 70.0
   Increment on tard indicator:     0.0
   Value of tmax indicator:         70.0

Task for patient = 24 with skills = {0,-1} and cost = 1.3
   Vehicle #0 = 0, leaving at = 546.0
   Vehicle #1 = -1, leaving at = inf
   Increment on distance indicator: 4.0
   Increment on tard indicator:     0.0
   Value of tmax indicator:         4.0

Task for patient = 1 with skills = {5,-1} and cost = 70.0
   Vehicle #0 = 4, leaving at = 859.0
   Vehicle #1 = -1, leaving at = inf
   Increment on distance indicator: 5.0
   Increment on tard indicator:     0.0
   Value of tmax indicator:         5.0


Unused vehicle list: (total = 0 out of 5)

---
Search finished.
Total of 448 generations in 0.3 seconds.
Exchange elite runs: 0
Implicit path relinking runs: 4
Reset attempts: 3

Best solution found:
   Cost: 182.0
   Total travel time: 542.0
   Total tardiness time: 2.0
   Largest tardiness: 2.0


182.0
