--- BRKGA-MP-IPR for HHCRSP ---
Instance: new-instances/HHCRSP_25_5_37_1.0_C_RC.txt
Seed: 1

Reading data... Problem contains 25 patients  and 5 caregivers.

Summary of supply x demand for each service type:
Skill 0 has supply = 1 and demand = 2, ratio = 0.5
Skill 1 has supply = 1 and demand = 4, ratio = 0.25
Skill 2 has supply = 1 and demand = 5, ratio = 0.2
Skill 3 has supply = 2 and demand = 8, ratio = 0.25
Skill 4 has supply = 2 and demand = 4, ratio = 0.5
Skill 5 has supply = 2 and demand = 10, ratio = 0.2

Reading parameters...
Inferred distance function by PR type: kendall-tau
Building BRKGA data and initializing...
Evolving 448 generations...

  Gens  Rem    Local   ElDiv NoImpr             Best solution            Time  Op
                                       Cost     Dist    Tard    TMax 
*    0  448  1179.00  252.40      0  1179.00   813.00  2339.0   385.0     0.0    
*    3  445   949.67  144.81      0   949.67   816.00  1702.0   270.0     0.0    
*    4  444   929.33  126.94      0   929.33   757.00  1672.0   327.0     0.0    
*    5  443   918.67  149.57      0   918.67   667.00  1144.0   136.0     0.0    
*    6  442   649.00  139.37      0   649.00   667.00  1144.0   136.0     0.0    
*    9  439   430.00   92.76      0   430.00   659.00   549.0    82.0     0.0    
*   13  435   349.33   59.37      0   349.33   737.00   262.0    49.0     0.0    
*   16  432   324.67   48.26      0   324.67   768.00   160.0    46.0     0.0    
*   20  428   313.33   25.45      0   313.33   794.00   102.0    44.0     0.0    
*   23  425   306.33   17.16      0   306.33   713.00   112.0    36.0     0.0    
*   24  424   287.00   14.02      0   287.00   713.00   112.0    36.0     0.0    
*   27  421   282.00   10.81      0   282.00   716.00   106.0    24.0     0.0    
*   30  418   272.67   11.39      0   272.67   740.00    56.0    22.0     0.0    
*   32  416   268.00   10.77      0   268.00   674.00   106.0    24.0     0.0    
*   38  410   257.67    8.68      0   257.67   716.00    41.0    16.0     0.0    

  Gens  Rem    Local   ElDiv NoImpr             Best solution            Time  Op
                                       Cost     Dist    Tard    TMax 
*   45  403   253.67    6.64      0   253.67   663.00    73.0    25.0     0.0    
*   48  400   247.00    7.19      0   247.00   701.00    28.0    10.0     0.0    
*   49  399   246.33    7.35      0   246.33   701.00    28.0    10.0     0.0    
    50  398   246.33    7.72      1   246.33   701.00    28.0    10.0     0.0    
*   51  397   246.00    7.28      0   246.00   700.00    28.0    10.0     0.0    
*   54  394   240.00    5.43      0   240.00   677.00    33.0    10.0     0.0    
*   58  390   239.33    3.78      0   239.33   680.00    28.0    10.0     0.0    
Path relinking result: too homogeneous.
    96  352   239.33    0.00     39   239.33   680.00    28.0    10.0     0.1   P
   100  348   239.33    0.00     42   239.33   680.00    28.0    10.0     0.1    
*  113  335   238.33    0.17      0   238.33   673.00    32.0    10.0     0.1    
   150  298   238.33    0.00     37   238.33   673.00    32.0    10.0     0.1    
   180  268      inf  283.04      0   238.33   673.00    32.0    10.0     0.1   R
   181  267  1379.67  203.28      0   238.33   673.00    32.0    10.0     0.1    
Path relinking result: too homogeneous.
   192  256   448.33   76.19      0   238.33   673.00    32.0    10.0     0.1   P
   200  248   347.33   30.25      0   238.33   673.00    32.0    10.0     0.1    
   250  198   299.00    0.00     32   238.33   673.00    32.0    10.0     0.2    

  Gens  Rem    Local   ElDiv NoImpr             Best solution            Time  Op
                                       Cost     Dist    Tard    TMax 
   285  163      inf  288.32      0   238.33   673.00    32.0    10.0     0.2   R
   286  162  1273.00  225.09      0   238.33   673.00    32.0    10.0     0.2    
Path relinking result: too homogeneous.
   288  160   824.67  198.04      0   238.33   673.00    32.0    10.0     0.2   P
   300  148   379.33   62.16      0   238.33   673.00    32.0    10.0     0.2    
   350   98   240.33    3.36      5   238.33   673.00    32.0    10.0     0.2    
*  355   93   237.00    0.58      0   237.00   669.00    32.0    10.0     0.2    
Path relinking result: too homogeneous.
   384   64   237.00    0.00     30   237.00   669.00    32.0    10.0     0.3   P
*  395   53   224.00    1.60      0   224.00   626.00    36.0    10.0     0.3    
   400   48   224.00    6.50      5   224.00   626.00    36.0    10.0     0.3    
   448    0   224.00    0.00     53   224.00   626.00    36.0    10.0     0.3    
Evolutionary process finished.
Solution written to 'solution-44797.txt'.

Sorted sequence of worst to best tardiness value:
Task for patient = 6 with skills = {5,-1} and cost = 111.3
   Vehicle #0 = 3, leaving at = 843.0
   Vehicle #1 = -1, leaving at = inf
   Increment on distance indicator: 9.0
   Increment on tard indicator:     10.0
   Value of tmax indicator:         9.0

Task for patient = 18 with skills = {1,-1} and cost = 189.0
   Vehicle #0 = 1, leaving at = 1057.0
   Vehicle #1 = -1, leaving at = inf
   Increment on distance indicator: 44.0
   Increment on tard indicator:     8.0
   Value of tmax indicator:         44.0

Task for patient = 4 with skills = {5,-1} and cost = 104.3
   Vehicle #0 = 4, leaving at = 832.0
   Vehicle #1 = -1, leaving at = inf
   Increment on distance indicator: 19.0
   Increment on tard indicator:     8.0
   Value of tmax indicator:         19.0

Task for patient = 17 with skills = {1,4} and cost = 202.3
   Vehicle #0 = 1, leaving at = 1129.0
   Vehicle #1 = 3, leaving at = 1126.0
   Increment on distance indicator: 34.0
   Increment on tard indicator:     6.0
   Value of tmax indicator:         34.0

Task for patient = 9 with skills = {3,-1} and cost = 93.7
   Vehicle #0 = 3, leaving at = 800.0
   Vehicle #1 = -1, leaving at = inf
   Increment on distance indicator: 23.0
   Increment on tard indicator:     3.0
   Value of tmax indicator:         23.0

Task for patient = 23 with skills = {4,-1} and cost = 171.7
   Vehicle #0 = 3, leaving at = 1057.0
   Vehicle #1 = -1, leaving at = inf
   Increment on distance indicator: 13.0
   Increment on tard indicator:     1.0
   Value of tmax indicator:         13.0

Task for patient = 13 with skills = {5,-1} and cost = 11.7
   Vehicle #0 = 3, leaving at = 548.0
   Vehicle #1 = -1, leaving at = inf
   Increment on distance indicator: 35.0
   Increment on tard indicator:     0.0
   Value of tmax indicator:         35.0

Task for patient = 21 with skills = {3,-1} and cost = 167.0
   Vehicle #0 = 3, leaving at = 1024.0
   Vehicle #1 = -1, leaving at = inf
   Increment on distance indicator: 16.0
   Increment on tard indicator:     0.0
   Value of tmax indicator:         16.0

Task for patient = 20 with skills = {3,-1} and cost = 161.7
   Vehicle #0 = 2, leaving at = 961.0
   Vehicle #1 = -1, leaving at = inf
   Increment on distance indicator: 11.0
   Increment on tard indicator:     0.0
   Value of tmax indicator:         11.0

Task for patient = 24 with skills = {1,3} and cost = 158.0
   Vehicle #0 = 1, leaving at = 990.0
   Vehicle #1 = 3, leaving at = 984.0
   Increment on distance indicator: 42.0
   Increment on tard indicator:     0.0
   Value of tmax indicator:         42.0

Task for patient = 15 with skills = {1,3} and cost = 144.0
   Vehicle #0 = 1, leaving at = 902.0
   Vehicle #1 = 2, leaving at = 910.0
   Increment on distance indicator: 20.0
   Increment on tard indicator:     0.0
   Value of tmax indicator:         20.0

Task for patient = 19 with skills = {2,5} and cost = 137.3
   Vehicle #0 = 1, leaving at = 862.0
   Vehicle #1 = 4, leaving at = 887.0
   Increment on distance indicator: 25.0
   Increment on tard indicator:     0.0
   Value of tmax indicator:         25.0

Task for patient = 12 with skills = {0,-1} and cost = 129.0
   Vehicle #0 = 0, leaving at = 775.0
   Vehicle #1 = -1, leaving at = inf
   Increment on distance indicator: 2.0
   Increment on tard indicator:     0.0
   Value of tmax indicator:         2.0

Task for patient = 10 with skills = {2,3} and cost = 128.3
   Vehicle #0 = 1, leaving at = 794.0
   Vehicle #1 = 2, leaving at = 835.0
   Increment on distance indicator: 51.0
   Increment on tard indicator:     0.0
   Value of tmax indicator:         51.0

Task for patient = 3 with skills = {2,-1} and cost = 30.0
   Vehicle #0 = 1, leaving at = 590.0
   Vehicle #1 = -1, leaving at = inf
   Increment on distance indicator: 26.0
   Increment on tard indicator:     0.0
   Value of tmax indicator:         26.0

Task for patient = 25 with skills = {3,-1} and cost = 35.7
   Vehicle #0 = 3, leaving at = 608.0
   Vehicle #1 = -1, leaving at = inf
   Increment on distance indicator: 17.0
   Increment on tard indicator:     0.0
   Value of tmax indicator:         17.0

Task for patient = 16 with skills = {0,5} and cost = 84.0
   Vehicle #0 = 0, leaving at = 745.0
   Vehicle #1 = 3, leaving at = 746.0
   Increment on distance indicator: 12.0
   Increment on tard indicator:     0.0
   Value of tmax indicator:         12.0

Task for patient = 14 with skills = {4,-1} and cost = 80.0
   Vehicle #0 = 2, leaving at = 770.0
   Vehicle #1 = -1, leaving at = inf
   Increment on distance indicator: 19.0
   Increment on tard indicator:     0.0
   Value of tmax indicator:         19.0

Task for patient = 5 with skills = {5,-1} and cost = 73.7
   Vehicle #0 = 4, leaving at = 793.0
   Vehicle #1 = -1, leaving at = inf
   Increment on distance indicator: 3.0
   Increment on tard indicator:     0.0
   Value of tmax indicator:         3.0

Task for patient = 1 with skills = {2,5} and cost = 72.7
   Vehicle #0 = 1, leaving at = 726.0
   Vehicle #1 = 4, leaving at = 759.0
   Increment on distance indicator: 31.0
   Increment on tard indicator:     0.0
   Value of tmax indicator:         31.0

Task for patient = 2 with skills = {2,5} and cost = 62.3
   Vehicle #0 = 1, leaving at = 689.0
   Vehicle #1 = 3, leaving at = 702.0
   Increment on distance indicator: 32.0
   Increment on tard indicator:     0.0
   Value of tmax indicator:         32.0

Task for patient = 11 with skills = {5,-1} and cost = 51.7
   Vehicle #0 = 3, leaving at = 652.0
   Vehicle #1 = -1, leaving at = inf
   Increment on distance indicator: 21.0
   Increment on tard indicator:     0.0
   Value of tmax indicator:         21.0

Task for patient = 7 with skills = {3,-1} and cost = 44.7
   Vehicle #0 = 2, leaving at = 695.0
   Vehicle #1 = -1, leaving at = inf
   Increment on distance indicator: 22.0
   Increment on tard indicator:     0.0
   Value of tmax indicator:         22.0

Task for patient = 22 with skills = {4,-1} and cost = 37.3
   Vehicle #0 = 2, leaving at = 628.0
   Vehicle #1 = -1, leaving at = inf
   Increment on distance indicator: 5.0
   Increment on tard indicator:     0.0
   Value of tmax indicator:         5.0

Task for patient = 8 with skills = {5,-1} and cost = 21.3
   Vehicle #0 = 4, leaving at = 626.0
   Vehicle #1 = -1, leaving at = inf
   Increment on distance indicator: 29.0
   Increment on tard indicator:     0.0
   Value of tmax indicator:         29.0


Unused vehicle list: (total = 0 out of 5)

---
Search finished.
Total of 448 generations in 0.3 seconds.
Exchange elite runs: 0
Implicit path relinking runs: 4
Reset attempts: 2

Best solution found:
   Cost: 224.0
   Total travel time: 626.0
   Total tardiness time: 36.0
   Largest tardiness: 10.0


224.0
