--- BRKGA-MP-IPR for HHCRSP ---
Instance: new-instances/HHCRSP_25_5_2_1.2_C_C.txt
Seed: 1

Reading data... Problem contains 25 patients  and 5 caregivers.

Summary of supply x demand for each service type:
Skill 0 has supply = 1 and demand = 5, ratio = 0.2
Skill 1 has supply = 1 and demand = 5, ratio = 0.2
Skill 2 has supply = 2 and demand = 4, ratio = 0.5
Skill 3 has supply = 3 and demand = 4, ratio = 0.75
Skill 4 has supply = 3 and demand = 6, ratio = 0.5
Skill 5 has supply = 2 and demand = 9, ratio = 0.222222

Reading parameters...
Inferred distance function by PR type: kendall-tau
Building BRKGA data and initializing...
Evolving 448 generations...

  Gens  Rem    Local   ElDiv NoImpr             Best solution            Time  Op
                                       Cost     Dist    Tard    TMax 
*    0  448   896.67  177.03      0   896.67   333.00  1926.0   431.0     0.0    
*    2  446   683.00  148.81      0   683.00   343.00  1096.0   261.0     0.0    
*    3  445   566.67  147.16      0   566.67   369.00   554.0   288.0     0.0    
*    4  444   403.67  128.03      0   403.67   369.00   554.0   288.0     0.0    
*    6  442   311.67   98.09      0   311.67   328.00   491.0   116.0     0.0    
*    9  439   271.33   60.12      0   271.33   303.00   420.0    91.0     0.0    
*   11  437   197.00   55.70      0   197.00   316.00   126.0    62.0     0.0    
*   12  436   168.00   47.76      0   168.00   316.00   126.0    62.0     0.0    
*   14  434   164.67   40.90      0   164.67   321.00    45.0    39.0     0.0    
*   15  433   135.00   36.03      0   135.00   321.00    45.0    39.0     0.0    
*   17  431   130.33   29.04      0   130.33   331.00     0.0     0.0     0.0    
*   18  430   110.33   24.68      0   110.33   331.00     0.0     0.0     0.0    
*   20  428   109.00   15.09      0   109.00   312.00     7.0     7.0     0.0    
*   21  427   108.67   11.50      0   108.67   312.00     7.0     7.0     0.0    
*   23  425   104.67    6.72      0   104.67   274.00     5.0     3.0     0.0    

  Gens  Rem    Local   ElDiv NoImpr             Best solution            Time  Op
                                       Cost     Dist    Tard    TMax 
*   24  424    94.00    6.55      0    94.00   274.00     5.0     3.0     0.0    
*   29  419    92.33    4.70      0    92.33   275.00     0.0     0.0     0.0    
*   30  418    91.67    4.21      0    91.67   275.00     0.0     0.0     0.0    
*   33  415    90.67    1.90      0    90.67   272.00     0.0     0.0     0.0    
*   36  412    88.33    1.41      0    88.33   265.00     0.0     0.0     0.0    
    50  398    88.33    0.00     14    88.33   265.00     0.0     0.0     0.0    
Path relinking result: too homogeneous.
    96  352    88.33    0.00     61    88.33   265.00     0.0     0.0     0.1   P
   100  348    88.33    0.00     64    88.33   265.00     0.0     0.0     0.1    
   103  345      inf  237.97      0    88.33   265.00     0.0     0.0     0.1   R
   104  344   720.33  171.50      0    88.33   265.00     0.0     0.0     0.1    
   150  298    89.33    0.34      3    88.33   265.00     0.0     0.0     0.1    
Path relinking result: too homogeneous.
   192  256    89.00    0.00     39    88.33   265.00     0.0     0.0     0.1   P
   200  248    89.00    0.00     46    88.33   265.00     0.0     0.0     0.1    
   221  227      inf  217.30      0    88.33   265.00     0.0     0.0     0.2   R
   222  226   826.67  159.19      0    88.33   265.00     0.0     0.0     0.2    
   250  198    91.00    1.93      1    88.33   265.00     0.0     0.0     0.2    

  Gens  Rem    Local   ElDiv NoImpr             Best solution            Time  Op
                                       Cost     Dist    Tard    TMax 
*  259  189    88.00    0.67      0    88.00   264.00     0.0     0.0     0.2    
*  283  165    87.67    0.07      0    87.67   263.00     0.0     0.0     0.2    
Path relinking result: too homogeneous.
   288  160    87.67    0.00      6    87.67   263.00     0.0     0.0     0.2   P
   300  148    87.67    0.00     17    87.67   263.00     0.0     0.0     0.2    
   350   98    87.67    0.00     67    87.67   263.00     0.0     0.0     0.2    
   350   98      inf  221.68      0    87.67   263.00     0.0     0.0     0.2   R
   351   97   792.67  213.68      0    87.67   263.00     0.0     0.0     0.2    
Path relinking result: too homogeneous.
   384   64    91.00    0.73      0    87.67   263.00     0.0     0.0     0.3   P
   400   48    89.00    0.18      2    87.67   263.00     0.0     0.0     0.3    
   448    0    89.00    0.00     50    87.67   263.00     0.0     0.0     0.3    
Evolutionary process finished.
Solution written to 'solution-40583.txt'.

Sorted sequence of worst to best tardiness value:
Task for patient = 7 with skills = {1,4} and cost = 71.7
   Vehicle #0 = 1, leaving at = 938.0
   Vehicle #1 = 4, leaving at = 932.0
   Increment on distance indicator: 4.0
   Increment on tard indicator:     0.0
   Value of tmax indicator:         4.0

Task for patient = 14 with skills = {5,-1} and cost = 70.3
   Vehicle #0 = 2, leaving at = 1026.0
   Vehicle #1 = -1, leaving at = inf
   Increment on distance indicator: 5.0
   Increment on tard indicator:     0.0
   Value of tmax indicator:         5.0

Task for patient = 20 with skills = {5,-1} and cost = 68.7
   Vehicle #0 = 2, leaving at = 991.0
   Vehicle #1 = -1, leaving at = inf
   Increment on distance indicator: 2.0
   Increment on tard indicator:     0.0
   Value of tmax indicator:         2.0

Task for patient = 10 with skills = {2,-1} and cost = 68.0
   Vehicle #0 = 0, leaving at = 803.0
   Vehicle #1 = -1, leaving at = inf
   Increment on distance indicator: 10.0
   Increment on tard indicator:     0.0
   Value of tmax indicator:         10.0

Task for patient = 15 with skills = {4,-1} and cost = 64.7
   Vehicle #0 = 3, leaving at = 951.0
   Vehicle #1 = -1, leaving at = inf
   Increment on distance indicator: 5.0
   Increment on tard indicator:     0.0
   Value of tmax indicator:         5.0

Task for patient = 16 with skills = {3,-1} and cost = 63.0
   Vehicle #0 = 2, leaving at = 973.0
   Vehicle #1 = -1, leaving at = inf
   Increment on distance indicator: 4.0
   Increment on tard indicator:     0.0
   Value of tmax indicator:         4.0

Task for patient = 24 with skills = {5,-1} and cost = 61.7
   Vehicle #0 = 3, leaving at = 912.0
   Vehicle #1 = -1, leaving at = inf
   Increment on distance indicator: 5.0
   Increment on tard indicator:     0.0
   Value of tmax indicator:         5.0

Task for patient = 18 with skills = {1,4} and cost = 60.0
   Vehicle #0 = 1, leaving at = 889.0
   Vehicle #1 = 4, leaving at = 887.0
   Increment on distance indicator: 13.0
   Increment on tard indicator:     0.0
   Value of tmax indicator:         13.0

Task for patient = 3 with skills = {4,-1} and cost = 55.7
   Vehicle #0 = 4, leaving at = 765.0
   Vehicle #1 = -1, leaving at = inf
   Increment on distance indicator: 10.0
   Increment on tard indicator:     0.0
   Value of tmax indicator:         10.0

Task for patient = 12 with skills = {2,-1} and cost = 52.3
   Vehicle #0 = 0, leaving at = 708.0
   Vehicle #1 = -1, leaving at = inf
   Increment on distance indicator: 13.0
   Increment on tard indicator:     0.0
   Value of tmax indicator:         13.0

Task for patient = 19 with skills = {0,5} and cost = 48.0
   Vehicle #0 = 1, leaving at = 863.0
   Vehicle #1 = 2, leaving at = 884.0
   Increment on distance indicator: 9.0
   Increment on tard indicator:     0.0
   Value of tmax indicator:         9.0

Task for patient = 23 with skills = {2,5} and cost = 76.0
   Vehicle #0 = 0, leaving at = 983.0
   Vehicle #1 = 3, leaving at = 982.0
   Increment on distance indicator: 13.0
   Increment on tard indicator:     0.0
   Value of tmax indicator:         13.0

Task for patient = 17 with skills = {5,-1} and cost = 41.7
   Vehicle #0 = 3, leaving at = 828.0
   Vehicle #1 = -1, leaving at = inf
   Increment on distance indicator: 10.0
   Increment on tard indicator:     0.0
   Value of tmax indicator:         10.0

Task for patient = 11 with skills = {3,-1} and cost = 38.3
   Vehicle #0 = 2, leaving at = 824.0
   Vehicle #1 = -1, leaving at = inf
   Increment on distance indicator: 4.0
   Increment on tard indicator:     0.0
   Value of tmax indicator:         4.0

Task for patient = 6 with skills = {1,4} and cost = 37.0
   Vehicle #0 = 1, leaving at = 761.0
   Vehicle #1 = 2, leaving at = 761.0
   Increment on distance indicator: 10.0
   Increment on tard indicator:     0.0
   Value of tmax indicator:         10.0

Task for patient = 4 with skills = {2,5} and cost = 33.7
   Vehicle #0 = 0, leaving at = 667.0
   Vehicle #1 = 2, leaving at = 711.0
   Increment on distance indicator: 20.0
   Increment on tard indicator:     0.0
   Value of tmax indicator:         20.0

Task for patient = 22 with skills = {0,-1} and cost = 27.0
   Vehicle #0 = 1, leaving at = 738.0
   Vehicle #1 = -1, leaving at = inf
   Increment on distance indicator: 2.0
   Increment on tard indicator:     0.0
   Value of tmax indicator:         2.0

Task for patient = 5 with skills = {3,-1} and cost = 26.3
   Vehicle #0 = 3, leaving at = 736.0
   Vehicle #1 = -1, leaving at = inf
   Increment on distance indicator: 6.0
   Increment on tard indicator:     0.0
   Value of tmax indicator:         6.0

Task for patient = 13 with skills = {0,-1} and cost = 24.3
   Vehicle #0 = 1, leaving at = 676.0
   Vehicle #1 = -1, leaving at = inf
   Increment on distance indicator: 3.0
   Increment on tard indicator:     0.0
   Value of tmax indicator:         3.0

Task for patient = 21 with skills = {1,5} and cost = 23.3
   Vehicle #0 = 1, leaving at = 653.0
   Vehicle #1 = 2, leaving at = 652.0
   Increment on distance indicator: 16.0
   Increment on tard indicator:     0.0
   Value of tmax indicator:         16.0

Task for patient = 1 with skills = {5,-1} and cost = 18.0
   Vehicle #0 = 2, leaving at = 614.0
   Vehicle #1 = -1, leaving at = inf
   Increment on distance indicator: 8.0
   Increment on tard indicator:     0.0
   Value of tmax indicator:         8.0

Task for patient = 25 with skills = {0,-1} and cost = 15.3
   Vehicle #0 = 1, leaving at = 625.0
   Vehicle #1 = -1, leaving at = inf
   Increment on distance indicator: 9.0
   Increment on tard indicator:     0.0
   Value of tmax indicator:         9.0

Task for patient = 2 with skills = {1,4} and cost = 12.3
   Vehicle #0 = 1, leaving at = 578.0
   Vehicle #1 = 2, leaving at = 584.0
   Increment on distance indicator: 19.0
   Increment on tard indicator:     0.0
   Value of tmax indicator:         19.0

Task for patient = 8 with skills = {0,-1} and cost = 6.0
   Vehicle #0 = 1, leaving at = 519.0
   Vehicle #1 = -1, leaving at = inf
   Increment on distance indicator: 18.0
   Increment on tard indicator:     0.0
   Value of tmax indicator:         18.0

Task for patient = 9 with skills = {3,-1} and cost = 45.0
   Vehicle #0 = 3, leaving at = 853.0
   Vehicle #1 = -1, leaving at = inf
   Increment on distance indicator: 10.0
   Increment on tard indicator:     0.0
   Value of tmax indicator:         10.0


Unused vehicle list: (total = 0 out of 5)

---
Search finished.
Total of 448 generations in 0.3 seconds.
Exchange elite runs: 0
Implicit path relinking runs: 4
Reset attempts: 3

Best solution found:
   Cost: 87.7
   Total travel time: 263.0
   Total tardiness time: 0.0
   Largest tardiness: 0.0


87.7
