#######################################
### Exact MIP solver for the HHCRSP ###
#######################################
-- Instance file: new-instances/HHCRSP_25_5_6_0.8_C_C.txt
-- Max threads: 4
-- Time limit: 999999 seconds
-- Use initial solution: No
Trivial flow violations prevented generating 875 variables.
Model exported.
Version identifier: 20.1.0.0 | 2020-11-10 | 9bedb6d68
CPXPARAM_Threads                                 4
CPXPARAM_TimeLimit                               999999
Tried aggregator 1 time.
LP Presolve eliminated 413 rows and 130 columns.
Reduced LP has 1197 rows, 1181 columns, and 7633 nonzeros.
Presolve time = 0.00 sec. (2.86 ticks)

Iteration log . . .
Iteration:     1   Dual objective     =             0.000000
Iteration:   118   Dual objective     =            67.378800

Solution status from MIP model:
-- Processing time: 0.008 sec.
-- Memory used: 14.918 MB
-- Best bound: inf
-- Obj value: 67.3853
-- Gap: inf%
-- Total distance: 202.156
-- Total tardiness: 0
-- Largest tardiness: 0
