#######################################
### Exact MIP solver for the HHCRSP ###
#######################################
-- Instance file: new-instances/HHCRSP_25_5_11_1.6_R_C.txt
-- Max threads: 4
-- Time limit: 999999 seconds
-- Use initial solution: No
Trivial flow violations prevented generating 792 variables.
Model exported.
Version identifier: 20.1.0.0 | 2020-11-10 | 9bedb6d68
CPXPARAM_Threads                                 4
CPXPARAM_TimeLimit                               999999
Tried aggregator 1 time.
LP Presolve eliminated 402 rows and 137 columns.
Reduced LP has 1258 rows, 1230 columns, and 8229 nonzeros.
Presolve time = 0.00 sec. (2.69 ticks)
Symmetry aggregator did 887 additional substitutions.

Iteration log . . .
Iteration:     1   Dual objective     =             0.000000

Dual crossover.
  Dual:  Fixing 21 variables.
       20 DMoves:  Infeasibility  5.88418460e-15  Objective  4.06709767e+01
        0 DMoves:  Infeasibility  5.55111769e-15  Objective  4.06709767e+01
  Dual:  Pushed 3, exchanged 18.
  Primal:  Fixing 11 variables.
       10 PMoves:  Infeasibility  0.00000000e+00  Objective  4.06709767e+01
        0 PMoves:  Infeasibility  0.00000000e+00  Objective  4.06709767e+01
  Primal:  Pushed 1, exchanged 10.

Solution status from MIP model:
-- Processing time: 0.008 sec.
-- Memory used: 14.9453 MB
-- Best bound: inf
-- Obj value: 40.671
-- Gap: inf%
-- Total distance: 122.013
-- Total tardiness: 0
-- Largest tardiness: 0
