#######################################
### Exact MIP solver for the HHCRSP ###
#######################################
-- Instance file: new-instances/HHCRSP_25_5_18_1.6_R_RC.txt
-- Max threads: 4
-- Time limit: 999999 seconds
-- Use initial solution: No
Trivial flow violations prevented generating 871 variables.
Model exported.
Version identifier: 20.1.0.0 | 2020-11-10 | 9bedb6d68
CPXPARAM_Threads                                 4
CPXPARAM_TimeLimit                               999999
Tried aggregator 1 time.
LP Presolve eliminated 366 rows and 110 columns.
Reduced LP has 1010 rows, 990 columns, and 6195 nonzeros.
Presolve time = 0.00 sec. (2.08 ticks)
Symmetry aggregator did 648 additional substitutions.

Iteration log . . .
Iteration:     1   Dual objective     =             0.000000
Iteration:    92   Dual objective     =            72.762047

Dual crossover.
  Dual:  Fixing 32 variables.
       31 DMoves:  Infeasibility  3.49720507e-15  Objective  7.27662533e+01
        0 DMoves:  Infeasibility  2.15344490e-15  Objective  7.27662533e+01
  Dual:  Pushed 8, exchanged 24.
  Primal:  Fixing 8 variables.
        7 PMoves:  Infeasibility  0.00000000e+00  Objective  7.27662533e+01
        0 PMoves:  Infeasibility  0.00000000e+00  Objective  7.27662533e+01
  Primal:  Pushed 2, exchanged 6.

Solution status from MIP model:
-- Processing time: 0.007 sec.
-- Memory used: 14.7598 MB
-- Best bound: inf
-- Obj value: 72.7663
-- Gap: inf%
-- Total distance: 218.299
-- Total tardiness: 0
-- Largest tardiness: 0
